00:51:33 CRIMSON_ISLE
00:55:53 NONE
00:55:54 HUB
00:58:50 NONE
00:58:50 PRIVATE_ISLAND
01:02:33 DUNGEON_HUB
01:13:28 HUB
01:13:29 NONE
01:13:29 DUNGEON_HUB
01:13:39 CATACOMBS
01:28:39 NONE
01:28:40 DUNGEON_HUB
01:34:03 DUNGEON_HUB
01:37:41 NONE
01:37:42 CATACOMBS
01:51:29 NONE
01:51:31 HUB
01:51:33 NONE
01:51:33 DUNGEON_HUB
01:56:26 NONE
01:56:26 PRIVATE_ISLAND
01:56:50 NONE
01:56:50 DUNGEON_HUB
01:56:55 NONE
01:56:56 HUB
01:57:29 NONE
01:57:29 DUNGEON_HUB
02:12:58 NONE
02:12:59 HUB
02:13:31 NONE
02:13:31 DUNGEON_HUB
02:28:38 NONE
02:28:39 CATACOMBS
02:29:00 NONE
02:29:00 DUNGEON_HUB
02:30:14 NONE
02:30:14 CATACOMBS
02:40:03 NONE
02:40:03 DUNGEON_HUB
02:41:41 NONE
02:41:42 CATACOMBS
02:54:22 DUNGEON_HUB
02:55:51 NONE
