01:49:06 §f                                  §6§lBESTIARY
01:49:06 §f                    §b§lCrypt Dreadlord §7§8XVIII §8➡§b §bXIX
01:49:06 
01:49:06 §f                                  §r§6§lREWARDS
01:49:06 §f                    §r§8+§r§a5 Crypt Dreadlord §r§b✯ Magic Find
01:49:06 §f                    §r§8+§r§a5 Crypt Dreadlord §r§c❁ Strength
01:49:06 §f                        §r§8+§r§62% §r§aCrypt Dreadlord §r§7coins
01:49:06 §f                    §r§8+§r§a50% §r§7chance for extra XP orbs
01:49:06 §f                               §r§8+§r§b1 SkyBlock XP
01:49:06 
01:49:06 §3§l▬▬▬▬▬▬▬▬▬▬▬▬▬▬▬▬▬▬▬▬▬▬▬▬▬▬▬▬▬▬▬▬▬▬▬▬▬▬▬▬▬▬▬▬▬▬▬▬▬▬▬▬▬▬▬▬▬▬▬▬▬▬▬▬
02:22:28 §f                                  §6§lBESTIARY
02:22:28 §f                      §b§lWithermancer §7§8XVII §8➡§b §bXVIII
02:22:28 
02:22:28 §f                                  §r§6§lREWARDS
02:22:28 §f                      §r§8+§r§a5 Withermancer §r§b✯ Magic Find
02:22:28 §f                      §r§8+§r§a5 Withermancer §r§c❁ Strength
02:22:28 §f                          §r§8+§r§62% §r§aWithermancer §r§7coins
02:22:28 §f                    §r§8+§r§a50% §r§7chance for extra XP orbs
02:22:28 §f                               §r§8+§r§b1 SkyBlock XP
02:22:28 
02:22:28 §3§l▬▬▬▬▬▬▬▬▬▬▬▬▬▬▬▬▬▬▬▬▬▬▬▬▬▬▬▬▬▬▬▬▬▬▬▬▬▬▬▬▬▬▬▬▬▬▬▬▬▬▬▬▬▬▬▬▬▬▬▬▬▬▬▬
05:54:16 §f                                  §6§lBESTIARY
05:54:16 §f                          §b§lZombie Lord §7§8XI §8➡§b §bXII
05:54:16 
05:54:16 §f                                  §r§6§lREWARDS
05:54:16 §f                      §r§8+§r§a4 Zombie Lord §r§b✯ Magic Find
05:54:16 §f                       §r§8+§r§a4 Zombie Lord §r§c❁ Strength
05:54:16 §f                          §r§8+§r§62% §r§aZombie Lord §r§7coins
05:54:16 §f                    §r§8+§r§a50% §r§7chance for extra XP orbs
05:54:16 §f                               §r§8+§r§b1 SkyBlock XP
05:54:16 
05:54:16   §r§f                         §6§lBESTIARY MILESTONE
05:54:16   §r§f                                 §8XCVIII➡§eXCIX
05:54:16 
05:54:16 §3§l▬▬▬▬▬▬▬▬▬▬▬▬▬▬▬▬▬▬▬▬▬▬▬▬▬▬▬▬▬▬▬▬▬▬▬▬▬▬▬▬▬▬▬▬▬▬▬▬▬▬▬▬▬▬▬▬▬▬▬▬▬▬▬▬
05:58:00 §f                                  §6§lBESTIARY
05:58:00 §f                      §b§lSuper Archer §7§8XVII §8➡§b §bXVIII
05:58:00 
05:58:00 §f                                  §r§6§lREWARDS
05:58:00 §f                     §r§8+§r§a5 Super Archer §r§b✯ Magic Find
05:58:00 §f                      §r§8+§r§a5 Super Archer §r§c❁ Strength
05:58:00 §f                         §r§8+§r§62% §r§aSuper Archer §r§7coins
05:58:00 §f                    §r§8+§r§a50% §r§7chance for extra XP orbs
05:58:00 §f                               §r§8+§r§b1 SkyBlock XP
05:58:00 
05:58:00 §3§l▬▬▬▬▬▬▬▬▬▬▬▬▬▬▬▬▬▬▬▬▬▬▬▬▬▬▬▬▬▬▬▬▬▬▬▬▬▬▬▬▬▬▬▬▬▬▬▬▬▬▬▬▬▬▬▬▬▬▬▬▬▬▬▬
06:12:04 §f                                  §6§lBESTIARY
06:12:04 §f                        §b§lSkeleton Lord §7§8XI §8➡§b §bXII
06:12:04 
06:12:04 §f                                  §r§6§lREWARDS
06:12:04 §f                     §r§8+§r§a4 Skeleton Lord §r§b✯ Magic Find
06:12:04 §f                      §r§8+§r§a4 Skeleton Lord §r§c❁ Strength
06:12:04 §f                         §r§8+§r§62% §r§aSkeleton Lord §r§7coins
06:12:04 §f                    §r§8+§r§a50% §r§7chance for extra XP orbs
06:12:04 §f                               §r§8+§r§b1 SkyBlock XP
06:12:04 
06:12:04 §3§l▬▬▬▬▬▬▬▬▬▬▬▬▬▬▬▬▬▬▬▬▬▬▬▬▬▬▬▬▬▬▬▬▬▬▬▬▬▬▬▬▬▬▬▬▬▬▬▬▬▬▬▬▬▬▬▬▬▬▬▬▬▬▬▬
06:26:11 §f                                  §6§lBESTIARY
06:26:11 §f                     §b§lCrypt Souleater §7§8XVI §8➡§b §bXVII
06:26:11 
06:26:11 §f                                  §r§6§lREWARDS
06:26:11 §f                    §r§8+§r§a5 Crypt Souleater §r§b✯ Magic Find
06:26:11 §f                     §r§8+§r§a5 Crypt Souleater §r§c❁ Strength
06:26:11 §f                        §r§8+§r§62% §r§aCrypt Souleater §r§7coins
06:26:11 §f                    §r§8+§r§a50% §r§7chance for extra XP orbs
06:26:11 §f                               §r§8+§r§b1 SkyBlock XP
06:26:11 
06:26:11 §3§l▬▬▬▬▬▬▬▬▬▬▬▬▬▬▬▬▬▬▬▬▬▬▬▬▬▬▬▬▬▬▬▬▬▬▬▬▬▬▬▬▬▬▬▬▬▬▬▬▬▬▬▬▬▬▬▬▬▬▬▬▬▬▬▬
06:28:46 §f                                  §6§lBESTIARY
06:28:46 §f                   §b§lSuper Tank Zombie §7§8XVI §8➡§b §bXVII
06:28:46 
06:28:46 §f                                  §r§6§lREWARDS
06:28:46 §f                  §r§8+§r§a5 Super Tank Zombie §r§b✯ Magic Find
06:28:46 §f                   §r§8+§r§a5 Super Tank Zombie §r§c❁ Strength
06:28:46 §f                      §r§8+§r§62% §r§aSuper Tank Zombie §r§7coins
06:28:46 §f                    §r§8+§r§a50% §r§7chance for extra XP orbs
06:28:46 §f                               §r§8+§r§b1 SkyBlock XP
06:28:46 
06:28:46 §3§l▬▬▬▬▬▬▬▬▬▬▬▬▬▬▬▬▬▬▬▬▬▬▬▬▬▬▬▬▬▬▬▬▬▬▬▬▬▬▬▬▬▬▬▬▬▬▬▬▬▬▬▬▬▬▬▬▬▬▬▬▬▬▬▬
07:11:27 §f                                  §6§lBESTIARY
07:11:27 §f                             §b§lSniper §7§8VIII §8➡§b §bIX
07:11:27 
07:11:27 §f                                  §r§6§lREWARDS
07:11:27 §f                          §r§8+§r§a3 Sniper §r§b✯ Magic Find
07:11:27 §f                           §r§8+§r§a3 Sniper §r§c❁ Strength
07:11:27 §f                              §r§8+§r§62% §r§aSniper §r§7coins
07:11:27 §f                    §r§8+§r§a50% §r§7chance for extra XP orbs
07:11:27 §f                               §r§8+§r§b1 SkyBlock XP
07:11:27 
07:11:27 §3§l▬▬▬▬▬▬▬▬▬▬▬▬▬▬▬▬▬▬▬▬▬▬▬▬▬▬▬▬▬▬▬▬▬▬▬▬▬▬▬▬▬▬▬▬▬▬▬▬▬▬▬▬▬▬▬▬▬▬▬▬▬▬▬▬
09:11:37 §f                                  §6§lBESTIARY
09:11:37 §f                      §b§lUndead Skeleton §7§8XIX §8➡§b §bXX
09:11:37 
09:11:37 §f                                  §r§6§lREWARDS
09:11:37 §f                    §r§8+§r§a5 Undead Skeleton §r§b✯ Magic Find
09:11:37 §f                    §r§8+§r§a5 Undead Skeleton §r§c❁ Strength
09:11:37 §f                        §r§8+§r§62% §r§aUndead Skeleton §r§7coins
09:11:37 §f                    §r§8+§r§a50% §r§7chance for extra XP orbs
09:11:37 §f                               §r§8+§r§b1 SkyBlock XP
09:11:37 
09:11:37 §3§l▬▬▬▬▬▬▬▬▬▬▬▬▬▬▬▬▬▬▬▬▬▬▬▬▬▬▬▬▬▬▬▬▬▬▬▬▬▬▬▬▬▬▬▬▬▬▬▬▬▬▬▬▬▬▬▬▬▬▬▬▬▬▬▬
