00:19:44 §a§lBUFF! §fYou have gained §r§4Regeneration IV§r§f! Press TAB or type /effects to view your active effects!
00:19:44 §a§lBUFF! §fYou have gained §r§4Strength V§r§f! Press TAB or type /effects to view your active effects!
00:19:44 §a§lBUFF! §fYou have gained §r§4Critical III§r§f! Press TAB or type /effects to view your active effects!
00:19:44 §a§lBUFF! §fYou have gained §r§9Speed III§r§f! Press TAB or type /effects to view your active effects!
00:19:44 §a§lBUFF! §fYou have gained §r§aResistance V§r§f! Press TAB or type /effects to view your active effects!
00:19:44 §a§lBUFF! §fYou have gained §r§bArchery III§r§f! Press TAB or type /effects to view your active effects!
00:25:11 §a§lBUFF! §fYou have gained §r§4Regeneration IV§r§f! Press TAB or type /effects to view your active effects!
00:25:11 §a§lBUFF! §fYou have gained §r§4Strength V§r§f! Press TAB or type /effects to view your active effects!
00:25:11 §a§lBUFF! §fYou have gained §r§4Critical III§r§f! Press TAB or type /effects to view your active effects!
00:25:11 §a§lBUFF! §fYou have gained §r§9Speed III§r§f! Press TAB or type /effects to view your active effects!
00:25:11 §a§lBUFF! §fYou have gained §r§aResistance V§r§f! Press TAB or type /effects to view your active effects!
00:25:11 §a§lBUFF! §fYou have gained §r§bArchery III§r§f! Press TAB or type /effects to view your active effects!
00:33:11 §a§lBUFF! §fYou have gained §r§4Regeneration IV§r§f! Press TAB or type /effects to view your active effects!
00:33:11 §a§lBUFF! §fYou have gained §r§4Strength V§r§f! Press TAB or type /effects to view your active effects!
00:33:11 §a§lBUFF! §fYou have gained §r§4Critical III§r§f! Press TAB or type /effects to view your active effects!
00:33:11 §a§lBUFF! §fYou have gained §r§9Speed III§r§f! Press TAB or type /effects to view your active effects!
00:33:11 §a§lBUFF! §fYou have gained §r§aResistance V§r§f! Press TAB or type /effects to view your active effects!
00:33:11 §a§lBUFF! §fYou have gained §r§bArchery III§r§f! Press TAB or type /effects to view your active effects!
00:40:20 §a§lBUFF! §fYou have gained §r§4Regeneration IV§r§f! Press TAB or type /effects to view your active effects!
00:40:20 §a§lBUFF! §fYou have gained §r§4Strength V§r§f! Press TAB or type /effects to view your active effects!
00:40:20 §a§lBUFF! §fYou have gained §r§4Critical III§r§f! Press TAB or type /effects to view your active effects!
00:40:20 §a§lBUFF! §fYou have gained §r§9Speed III§r§f! Press TAB or type /effects to view your active effects!
00:40:20 §a§lBUFF! §fYou have gained §r§aResistance V§r§f! Press TAB or type /effects to view your active effects!
00:40:20 §a§lBUFF! §fYou have gained §r§bArchery III§r§f! Press TAB or type /effects to view your active effects!
01:33:45 §a§lBUFF! §fYou have gained §r§4Regeneration IV§r§f! Press TAB or type /effects to view your active effects!
01:33:45 §a§lBUFF! §fYou have gained §r§4Strength V§r§f! Press TAB or type /effects to view your active effects!
01:33:45 §a§lBUFF! §fYou have gained §r§4Critical III§r§f! Press TAB or type /effects to view your active effects!
01:33:45 §a§lBUFF! §fYou have gained §r§9Speed III§r§f! Press TAB or type /effects to view your active effects!
01:33:45 §a§lBUFF! §fYou have gained §r§aResistance V§r§f! Press TAB or type /effects to view your active effects!
01:33:45 §a§lBUFF! §fYou have gained §r§bArchery III§r§f! Press TAB or type /effects to view your active effects!
01:35:32 §a§lBUFF! §fYou have gained §r§4Regeneration IV§r§f! Press TAB or type /effects to view your active effects!
01:35:32 §a§lBUFF! §fYou have gained §r§4Strength V§r§f! Press TAB or type /effects to view your active effects!
01:35:32 §a§lBUFF! §fYou have gained §r§4Critical III§r§f! Press TAB or type /effects to view your active effects!
01:35:32 §a§lBUFF! §fYou have gained §r§9Speed III§r§f! Press TAB or type /effects to view your active effects!
01:35:32 §a§lBUFF! §fYou have gained §r§aResistance V§r§f! Press TAB or type /effects to view your active effects!
01:35:32 §a§lBUFF! §fYou have gained §r§bArchery III§r§f! Press TAB or type /effects to view your active effects!
01:47:38 §a§lBUFF! §fYou have gained §r§4Regeneration IV§r§f! Press TAB or type /effects to view your active effects!
01:47:38 §a§lBUFF! §fYou have gained §r§4Strength V§r§f! Press TAB or type /effects to view your active effects!
01:47:38 §a§lBUFF! §fYou have gained §r§4Critical III§r§f! Press TAB or type /effects to view your active effects!
01:47:38 §a§lBUFF! §fYou have gained §r§9Speed III§r§f! Press TAB or type /effects to view your active effects!
01:47:38 §a§lBUFF! §fYou have gained §r§aResistance V§r§f! Press TAB or type /effects to view your active effects!
01:47:38 §a§lBUFF! §fYou have gained §r§bArchery III§r§f! Press TAB or type /effects to view your active effects!
02:12:45 §a§lBUFF! §fYou have gained §r§4Regeneration IV§r§f! Press TAB or type /effects to view your active effects!
02:12:45 §a§lBUFF! §fYou have gained §r§4Strength V§r§f! Press TAB or type /effects to view your active effects!
02:12:45 §a§lBUFF! §fYou have gained §r§4Critical III§r§f! Press TAB or type /effects to view your active effects!
02:12:45 §a§lBUFF! §fYou have gained §r§9Speed III§r§f! Press TAB or type /effects to view your active effects!
02:12:45 §a§lBUFF! §fYou have gained §r§aResistance V§r§f! Press TAB or type /effects to view your active effects!
02:12:45 §a§lBUFF! §fYou have gained §r§bArchery III§r§f! Press TAB or type /effects to view your active effects!
03:03:36 §a§lBUFF! §fYou have gained §r§4Regeneration IV§r§f! Press TAB or type /effects to view your active effects!
03:03:36 §a§lBUFF! §fYou have gained §r§4Strength V§r§f! Press TAB or type /effects to view your active effects!
03:03:36 §a§lBUFF! §fYou have gained §r§4Critical III§r§f! Press TAB or type /effects to view your active effects!
03:03:36 §a§lBUFF! §fYou have gained §r§9Speed III§r§f! Press TAB or type /effects to view your active effects!
03:03:36 §a§lBUFF! §fYou have gained §r§aResistance V§r§f! Press TAB or type /effects to view your active effects!
03:03:36 §a§lBUFF! §fYou have gained §r§bArchery III§r§f! Press TAB or type /effects to view your active effects!
05:25:54 §a§lBUFF! §fYou have gained §r§4Regeneration IV§r§f! Press TAB or type /effects to view your active effects!
05:25:54 §a§lBUFF! §fYou have gained §r§4Strength V§r§f! Press TAB or type /effects to view your active effects!
05:25:54 §a§lBUFF! §fYou have gained §r§4Critical III§r§f! Press TAB or type /effects to view your active effects!
05:25:54 §a§lBUFF! §fYou have gained §r§9Speed III§r§f! Press TAB or type /effects to view your active effects!
05:25:54 §a§lBUFF! §fYou have gained §r§aResistance V§r§f! Press TAB or type /effects to view your active effects!
05:25:54 §a§lBUFF! §fYou have gained §r§bArchery III§r§f! Press TAB or type /effects to view your active effects!
05:40:22 §a§lBUFF! §fYou have gained §r§4Regeneration IV§r§f! Press TAB or type /effects to view your active effects!
05:40:22 §a§lBUFF! §fYou have gained §r§4Strength V§r§f! Press TAB or type /effects to view your active effects!
05:40:22 §a§lBUFF! §fYou have gained §r§4Critical III§r§f! Press TAB or type /effects to view your active effects!
05:40:22 §a§lBUFF! §fYou have gained §r§9Speed III§r§f! Press TAB or type /effects to view your active effects!
05:40:22 §a§lBUFF! §fYou have gained §r§aResistance V§r§f! Press TAB or type /effects to view your active effects!
05:40:22 §a§lBUFF! §fYou have gained §r§bArchery III§r§f! Press TAB or type /effects to view your active effects!
05:54:09 §a§lBUFF! §fYou have gained §r§4Regeneration IV§r§f! Press TAB or type /effects to view your active effects!
05:54:09 §a§lBUFF! §fYou have gained §r§4Strength V§r§f! Press TAB or type /effects to view your active effects!
05:54:09 §a§lBUFF! §fYou have gained §r§4Critical III§r§f! Press TAB or type /effects to view your active effects!
05:54:09 §a§lBUFF! §fYou have gained §r§9Speed III§r§f! Press TAB or type /effects to view your active effects!
05:54:09 §a§lBUFF! §fYou have gained §r§aResistance V§r§f! Press TAB or type /effects to view your active effects!
05:54:09 §a§lBUFF! §fYou have gained §r§bArchery III§r§f! Press TAB or type /effects to view your active effects!
06:07:59 §a§lBUFF! §fYou have gained §r§4Regeneration IV§r§f! Press TAB or type /effects to view your active effects!
06:07:59 §a§lBUFF! §fYou have gained §r§4Strength V§r§f! Press TAB or type /effects to view your active effects!
06:07:59 §a§lBUFF! §fYou have gained §r§4Critical III§r§f! Press TAB or type /effects to view your active effects!
06:07:59 §a§lBUFF! §fYou have gained §r§9Speed III§r§f! Press TAB or type /effects to view your active effects!
06:07:59 §a§lBUFF! §fYou have gained §r§aResistance V§r§f! Press TAB or type /effects to view your active effects!
06:07:59 §a§lBUFF! §fYou have gained §r§bArchery III§r§f! Press TAB or type /effects to view your active effects!
06:24:29 §a§lBUFF! §fYou have gained §r§4Regeneration IV§r§f! Press TAB or type /effects to view your active effects!
06:24:29 §a§lBUFF! §fYou have gained §r§4Strength V§r§f! Press TAB or type /effects to view your active effects!
06:24:29 §a§lBUFF! §fYou have gained §r§4Critical III§r§f! Press TAB or type /effects to view your active effects!
06:24:29 §a§lBUFF! §fYou have gained §r§9Speed III§r§f! Press TAB or type /effects to view your active effects!
06:24:29 §a§lBUFF! §fYou have gained §r§aResistance V§r§f! Press TAB or type /effects to view your active effects!
06:24:29 §a§lBUFF! §fYou have gained §r§bArchery III§r§f! Press TAB or type /effects to view your active effects!
06:37:41 §a§lBUFF! §fYou have gained §r§4Regeneration IV§r§f! Press TAB or type /effects to view your active effects!
06:37:41 §a§lBUFF! §fYou have gained §r§4Strength V§r§f! Press TAB or type /effects to view your active effects!
06:37:41 §a§lBUFF! §fYou have gained §r§4Critical III§r§f! Press TAB or type /effects to view your active effects!
06:37:41 §a§lBUFF! §fYou have gained §r§9Speed III§r§f! Press TAB or type /effects to view your active effects!
06:37:41 §a§lBUFF! §fYou have gained §r§aResistance V§r§f! Press TAB or type /effects to view your active effects!
06:37:41 §a§lBUFF! §fYou have gained §r§bArchery III§r§f! Press TAB or type /effects to view your active effects!
07:36:35 §a§lBUFF! §fYou have gained §r§4Regeneration IV§r§f! Press TAB or type /effects to view your active effects!
07:36:35 §a§lBUFF! §fYou have gained §r§4Strength V§r§f! Press TAB or type /effects to view your active effects!
07:36:35 §a§lBUFF! §fYou have gained §r§4Critical III§r§f! Press TAB or type /effects to view your active effects!
07:36:35 §a§lBUFF! §fYou have gained §r§9Speed III§r§f! Press TAB or type /effects to view your active effects!
07:36:35 §a§lBUFF! §fYou have gained §r§aResistance V§r§f! Press TAB or type /effects to view your active effects!
07:36:35 §a§lBUFF! §fYou have gained §r§bArchery III§r§f! Press TAB or type /effects to view your active effects!
07:57:05 §a§lBUFF! §fYou have gained §r§4Regeneration IV§r§f! Press TAB or type /effects to view your active effects!
07:57:05 §a§lBUFF! §fYou have gained §r§4Strength V§r§f! Press TAB or type /effects to view your active effects!
07:57:05 §a§lBUFF! §fYou have gained §r§4Critical III§r§f! Press TAB or type /effects to view your active effects!
07:57:05 §a§lBUFF! §fYou have gained §r§9Speed III§r§f! Press TAB or type /effects to view your active effects!
07:57:05 §a§lBUFF! §fYou have gained §r§aResistance V§r§f! Press TAB or type /effects to view your active effects!
07:57:05 §a§lBUFF! §fYou have gained §r§bArchery III§r§f! Press TAB or type /effects to view your active effects!
07:58:15 §a§lBUFF! §fYou have gained §r§4Regeneration IV§r§f! Press TAB or type /effects to view your active effects!
07:58:15 §a§lBUFF! §fYou have gained §r§4Strength V§r§f! Press TAB or type /effects to view your active effects!
07:58:15 §a§lBUFF! §fYou have gained §r§4Critical III§r§f! Press TAB or type /effects to view your active effects!
07:58:15 §a§lBUFF! §fYou have gained §r§9Speed III§r§f! Press TAB or type /effects to view your active effects!
07:58:15 §a§lBUFF! §fYou have gained §r§aResistance V§r§f! Press TAB or type /effects to view your active effects!
07:58:15 §a§lBUFF! §fYou have gained §r§bArchery III§r§f! Press TAB or type /effects to view your active effects!
08:09:24 §a§lBUFF! §fYou have gained §r§4Regeneration IV§r§f! Press TAB or type /effects to view your active effects!
08:09:24 §a§lBUFF! §fYou have gained §r§4Strength V§r§f! Press TAB or type /effects to view your active effects!
08:09:24 §a§lBUFF! §fYou have gained §r§4Critical III§r§f! Press TAB or type /effects to view your active effects!
08:09:24 §a§lBUFF! §fYou have gained §r§9Speed III§r§f! Press TAB or type /effects to view your active effects!
08:09:24 §a§lBUFF! §fYou have gained §r§aResistance V§r§f! Press TAB or type /effects to view your active effects!
08:09:24 §a§lBUFF! §fYou have gained §r§bArchery III§r§f! Press TAB or type /effects to view your active effects!
08:27:11 §a§lBUFF! §fYou have gained §r§4Regeneration IV§r§f! Press TAB or type /effects to view your active effects!
08:27:11 §a§lBUFF! §fYou have gained §r§4Strength V§r§f! Press TAB or type /effects to view your active effects!
08:27:11 §a§lBUFF! §fYou have gained §r§4Critical III§r§f! Press TAB or type /effects to view your active effects!
08:27:11 §a§lBUFF! §fYou have gained §r§9Speed III§r§f! Press TAB or type /effects to view your active effects!
08:27:11 §a§lBUFF! §fYou have gained §r§aResistance V§r§f! Press TAB or type /effects to view your active effects!
08:27:11 §a§lBUFF! §fYou have gained §r§bArchery III§r§f! Press TAB or type /effects to view your active effects!
08:30:47 §a§lBUFF! §fYou have gained §r§4Regeneration IV§r§f! Press TAB or type /effects to view your active effects!
08:30:47 §a§lBUFF! §fYou have gained §r§4Strength V§r§f! Press TAB or type /effects to view your active effects!
08:30:47 §a§lBUFF! §fYou have gained §r§4Critical III§r§f! Press TAB or type /effects to view your active effects!
08:30:47 §a§lBUFF! §fYou have gained §r§9Speed III§r§f! Press TAB or type /effects to view your active effects!
08:30:47 §a§lBUFF! §fYou have gained §r§aResistance V§r§f! Press TAB or type /effects to view your active effects!
08:30:47 §a§lBUFF! §fYou have gained §r§bArchery III§r§f! Press TAB or type /effects to view your active effects!
08:50:44 §a§lBUFF! §fYou have gained §r§4Regeneration IV§r§f! Press TAB or type /effects to view your active effects!
08:50:44 §a§lBUFF! §fYou have gained §r§4Strength V§r§f! Press TAB or type /effects to view your active effects!
08:50:44 §a§lBUFF! §fYou have gained §r§4Critical III§r§f! Press TAB or type /effects to view your active effects!
08:50:44 §a§lBUFF! §fYou have gained §r§9Speed III§r§f! Press TAB or type /effects to view your active effects!
08:50:44 §a§lBUFF! §fYou have gained §r§aResistance V§r§f! Press TAB or type /effects to view your active effects!
08:50:44 §a§lBUFF! §fYou have gained §r§bArchery III§r§f! Press TAB or type /effects to view your active effects!
09:06:27 §a§lBUFF! §fYou have gained §r§4Regeneration IV§r§f! Press TAB or type /effects to view your active effects!
09:06:27 §a§lBUFF! §fYou have gained §r§4Strength V§r§f! Press TAB or type /effects to view your active effects!
09:06:27 §a§lBUFF! §fYou have gained §r§4Critical III§r§f! Press TAB or type /effects to view your active effects!
09:06:27 §a§lBUFF! §fYou have gained §r§9Speed III§r§f! Press TAB or type /effects to view your active effects!
09:06:27 §a§lBUFF! §fYou have gained §r§aResistance V§r§f! Press TAB or type /effects to view your active effects!
09:06:27 §a§lBUFF! §fYou have gained §r§bArchery III§r§f! Press TAB or type /effects to view your active effects!
