23:05:07 §f                                  §6§lBESTIARY
23:05:07 §f                         §b§lWither Guard §7§8XX §8➡§b §bXXI
23:05:07 
23:05:07 §f                                  §r§6§lREWARDS
23:05:07 §f                      §r§8+§r§a6 Wither Guard §r§b✯ Magic Find
23:05:07 §f                       §r§8+§r§a6 Wither Guard §r§c❁ Strength
23:05:07 §f                          §r§8+§r§62% §r§aWither Guard §r§7coins
23:05:07 §f                    §r§8+§r§a50% §r§7chance for extra XP orbs
23:05:07 §f                               §r§8+§r§b1 SkyBlock XP
23:05:07 
23:05:07 §3§l▬▬▬▬▬▬▬▬▬▬▬▬▬▬▬▬▬▬▬▬▬▬▬▬▬▬▬▬▬▬▬▬▬▬▬▬▬▬▬▬▬▬▬▬▬▬▬▬▬▬▬▬▬▬▬▬▬▬▬▬▬▬▬▬
00:45:52 §f                                  §6§lBESTIARY
00:45:52 §f                       §b§lZombie Knight §7§8XVIII §8➡§b §bXIX
00:45:52 
00:45:52 §f                                  §r§6§lREWARDS
00:45:52 §f                      §r§8+§r§a5 Zombie Knight §r§b✯ Magic Find
00:45:52 §f                      §r§8+§r§a5 Zombie Knight §r§c❁ Strength
00:45:52 §f                          §r§8+§r§62% §r§aZombie Knight §r§7coins
00:45:52 §f                    §r§8+§r§a50% §r§7chance for extra XP orbs
00:45:52 §f                               §r§8+§r§b1 SkyBlock XP
00:45:52 
00:45:52 §3§l▬▬▬▬▬▬▬▬▬▬▬▬▬▬▬▬▬▬▬▬▬▬▬▬▬▬▬▬▬▬▬▬▬▬▬▬▬▬▬▬▬▬▬▬▬▬▬▬▬▬▬▬▬▬▬▬▬▬▬▬▬▬▬▬
02:31:06 §f                                  §6§lBESTIARY
02:31:06 §f                              §b§lUndead §7§8X §8➡§b §bXI
02:31:06 
02:31:06 §f                                  §r§6§lREWARDS
02:31:06 §f                         §r§8+§r§a4 §r§4§lUndead §r§b✯ Magic Find
02:31:06 §f                         §r§8+§r§a4 §r§4§lUndead §r§c❁ Strength
02:31:06 §f                             §r§8+§r§62% §r§a§r§4§lUndead §r§7coins
02:31:06 §f                    §r§8+§r§a50% §r§7chance for extra XP orbs
02:31:06 §f                               §r§8+§r§b1 SkyBlock XP
02:31:06 
02:31:06 §3§l▬▬▬▬▬▬▬▬▬▬▬▬▬▬▬▬▬▬▬▬▬▬▬▬▬▬▬▬▬▬▬▬▬▬▬▬▬▬▬▬▬▬▬▬▬▬▬▬▬▬▬▬▬▬▬▬▬▬▬▬▬▬▬▬
04:03:56 §f                                  §6§lBESTIARY
04:03:56 §f                        §b§lWithermancer §7§8XV §8➡§b §bXVI
04:03:56 
04:03:56 §f                                  §r§6§lREWARDS
04:03:56 §f                      §r§8+§r§a5 Withermancer §r§b✯ Magic Find
04:03:56 §f                      §r§8+§r§a5 Withermancer §r§c❁ Strength
04:03:56 §f                          §r§8+§r§62% §r§aWithermancer §r§7coins
04:03:56 §f                    §r§8+§r§a50% §r§7chance for extra XP orbs
04:03:56 §f                               §r§8+§r§b1 SkyBlock XP
04:03:56 
04:03:56 §3§l▬▬▬▬▬▬▬▬▬▬▬▬▬▬▬▬▬▬▬▬▬▬▬▬▬▬▬▬▬▬▬▬▬▬▬▬▬▬▬▬▬▬▬▬▬▬▬▬▬▬▬▬▬▬▬▬▬▬▬▬▬▬▬▬
04:05:24 §f                                  §6§lBESTIARY
04:05:24 §f                     §b§lZombie Commander §7§8XI §8➡§b §bXII
04:05:24 
04:05:24 §f                                  §r§6§lREWARDS
04:05:24 §f                   §r§8+§r§a4 Zombie Commander §r§b✯ Magic Find
04:05:24 §f                   §r§8+§r§a4 Zombie Commander §r§c❁ Strength
04:05:24 §f                       §r§8+§r§62% §r§aZombie Commander §r§7coins
04:05:24 §f                    §r§8+§r§a50% §r§7chance for extra XP orbs
04:05:24 §f                               §r§8+§r§b1 SkyBlock XP
04:05:24 
04:05:24 §3§l▬▬▬▬▬▬▬▬▬▬▬▬▬▬▬▬▬▬▬▬▬▬▬▬▬▬▬▬▬▬▬▬▬▬▬▬▬▬▬▬▬▬▬▬▬▬▬▬▬▬▬▬▬▬▬▬▬▬▬▬▬▬▬▬
04:20:47 §f                                  §6§lBESTIARY
04:20:47 §f                       §b§lSuper Archer §7§8XVI §8➡§b §bXVII
04:20:47 
04:20:47 §f                                  §r§6§lREWARDS
04:20:47 §f                     §r§8+§r§a5 Super Archer §r§b✯ Magic Find
04:20:47 §f                      §r§8+§r§a5 Super Archer §r§c❁ Strength
04:20:47 §f                         §r§8+§r§62% §r§aSuper Archer §r§7coins
04:20:47 §f                    §r§8+§r§a50% §r§7chance for extra XP orbs
04:20:47 §f                               §r§8+§r§b1 SkyBlock XP
04:20:47 
04:20:47   §r§f                         §6§lBESTIARY MILESTONE
04:20:47   §r§f                                 §8LXXX➡§eLXXXI
04:20:47 
04:20:47 §3§l▬▬▬▬▬▬▬▬▬▬▬▬▬▬▬▬▬▬▬▬▬▬▬▬▬▬▬▬▬▬▬▬▬▬▬▬▬▬▬▬▬▬▬▬▬▬▬▬▬▬▬▬▬▬▬▬▬▬▬▬▬▬▬▬
