23:34:19 [allowed] §f §r§r§r§f §r§r§r§1 §r§r§r§0 §r§r§r§2 §r§r§r§f §r§r§r§f §r§r§r§2 §r§r§r§0 §r§r§r§4 §r§r§r§3 §r§r§r§9 §r§r§r§2 §r§r§r§0 §r§r§r§0 §r§r§r§3 §r§r§r§9 §r§r§r§2 §r§r§r§0 §r§r§r§0 §r§r§r§3 §r§r§r§9 §r§r§r§2 §r§r§r§0 §r§r§r§0 
23:34:21 [allowed] §aYou have §b1 §aunclaimed leveling reward!
23:34:21 [allowed] §eClick here to view it!
23:34:21 [allowed] §aYou have §62 §aunclaimed achievement rewards!
23:34:21 [allowed] §eClick here to view them!
23:34:21 [allowed] §b[MVP§3+§b] rngKimchi§f §6joined the lobby!
23:34:21 [allowed]   §r§f§l➤ §r§6You have reached your Hype limit! Add Hype to Prototype Lobby minigames by right-clicking with the Hype Diamond!
23:34:24 [allowed] §b[MVP§d+§b] Scholiboi§f §6joined the lobby!
23:34:24 [allowed] §b[MVP§6+§b] Dogemaker12§f §6joined the lobby!
23:34:27 [allowed] §7Sending to server mini89V...
23:34:28 [allowed] §8 §r§8 §r§1 §r§3 §r§3 §r§7 §r§8 
23:34:45 [allowed] 
23:34:45 [allowed] §eWelcome to §r§aHypixel SkyBlock§r§e!
23:34:45 [allowed] 
23:34:45 [allowed] §eLatest update: §bSkyBlock v0.23.2 §e§lCLICK
23:34:46 [allowed] §aYou are playing on profile: §ePear§b (Co-op)
23:34:46 [allowed] §8Profile ID: da202b41-03b4-4acb-b131-26b3b789ffbc
23:35:02 [allowed] §cYou're already in this channel!
23:35:12 [allowed] §7Finding player...
23:35:14 [allowed] §7Sending a visit request...
23:35:14 [allowed] §7Sending to server mini151BH...
23:35:15 [allowed] §8 §r§8 §r§1 §r§3 §r§3 §r§7 §r§8 
23:35:16 [allowed] §f§m-----------------------------------------------------
§r§cYou should NEVER enter your Microsoft account details anywhere but on official Microsoft services!

§r§cExternal links from untrusted sources should be avoided.
§r§f§m-----------------------------------------------------
23:35:25 [allowed] §aYou are playing on profile: §ePear§b (Co-op)
23:35:25 [allowed] §8Profile ID: da202b41-03b4-4acb-b131-26b3b789ffbc
23:35:25 [allowed] §aYou are now in the §r§6ALL§r§a channel
23:35:29 [allowed] §9§m-----------------------------------------------------§r§9
§r§7lumivic §r§ehas invited you to join their party!
§r§eYou have §r§c60 §r§eseconds to accept. §r§6Click here to join!§r§9
§r§9§m-----------------------------------------------------
23:35:32 [allowed] §9§m-----------------------------------------------------
23:35:32 [allowed] §eYou have joined §r§7lumivic's §r§eparty!
23:35:32 [allowed] §f
23:35:32 [allowed] §eYou'll be partying with: §r§a[VIP§r§6+§r§a] longfenownsheat
23:35:32 [allowed] §9§m-----------------------------------------------------
23:35:37 [allowed] §aYou are now in the §r§6PARTY§r§a channel
23:35:37 [allowed] §9Party §8> §7lumivic§f: §rhi rando
23:35:47 [allowed] §9Party §8> §7NotBars§f: §ri heard that longfen1760 needs to lock in true?
23:35:52 [allowed] §9§m-----------------------------------------------------
23:35:52 [allowed] §a[VIP§r§6+§r§a] longfenownsheat §r§ehas left the party.
23:35:52 [allowed] §9§m-----------------------------------------------------
23:35:54 [allowed] §9Party §8> §7lumivic§f: §rLMAO
23:36:08 [allowed] §9§m-----------------------------------------------------
23:36:08 [allowed] §7lumivic §r§einvited §r§a[VIP§r§6+§r§a] longfenownsheat §r§eto the party! They have §r§c60 §r§eseconds to accept.
23:36:08 [allowed] §9§m-----------------------------------------------------
23:36:10 [allowed] §9§m-----------------------------------------------------
23:36:10 [allowed] §a[VIP§r§6+§r§a] longfenownsheat §r§ejoined the party.
23:36:10 [allowed] §9§m-----------------------------------------------------
23:36:12 [allowed] §9Party §8> §7lumivic§f: §rits true tho
23:36:14 [allowed] §9Party §8> §7NotBars§f: §ri heard that longfen1760 needs to lock in true?
23:36:15 [allowed] §9§m-----------------------------------------------------
23:36:15 [allowed] §a[VIP§r§6+§r§a] longfenownsheat §r§ehas left the party.
23:36:15 [allowed] §9§m-----------------------------------------------------
23:36:18 [allowed] §9Party §8> §7lumivic§f: §rHAHAHA
23:36:23 [allowed] §9Party §8> §7lumivic§f: §rBRO REMOVED ME FROM FRIENDS
23:36:23 [allowed] §9Party §8> §7lumivic§f: §rNA
23:36:24 [allowed] §9§m-----------------------------------------------------
§r§a[VIP§r§6+§r§a] longfenownsheat§r§e removed you from their friends list!§r§9§m
-----------------------------------------------------
23:36:27 [allowed] §9Party §8> §7lumivic§f: §rTHE PERFECT RAGE BAIT
23:36:36 [allowed] §9§m-----------------------------------------------------§r§9
§r§eFriend request from §r§a[VIP§r§6+§r§a] longfenownsheat§r§9
§r§a§l[ACCEPT]§r§8 - §r§c§l[DENY]§r§8 - §r§7§l[BLOCK]§r§9
§r§9§m-----------------------------------------------------
23:36:39 [allowed] §9§m-----------------------------------------------------
23:36:39 [allowed] §aYou are now friends with §r§a[VIP§r§6+§r§a] longfenownsheat
23:36:39 [allowed] §9§m-----------------------------------------------------
23:36:41 [allowed] §9§m-----------------------------------------------------
23:36:41 [allowed] §7lumivic §r§einvited §r§a[VIP§r§6+§r§a] longfenownsheat §r§eto the party! They have §r§c60 §r§eseconds to accept.
23:36:41 [allowed] §9§m-----------------------------------------------------
23:36:46 [allowed] §9§m-----------------------------------------------------
23:36:46 [allowed] §a[VIP§r§6+§r§a] longfenownsheat §r§ejoined the party.
23:36:46 [allowed] §9§m-----------------------------------------------------
23:36:47 [allowed] §9Party §8> §7lumivic§f: §rlock in gang
23:37:44 [allowed] §9Party §8> §7NotBars§f: §rlongfen needs to lock in
23:38:53 [allowed] §9Party §8> §7lumivic§f: §rnthn
23:40:51 [allowed] §9Party §8> §7lumivic§f: §rheatbars
23:41:00 [allowed] §9Party §8> §7lumivic§f: §rr u gonna grind everything
23:41:00 [allowed] §9Party §8> §7lumivic§f: §ragain
23:41:25 [allowed] §7lumivic §ahas sent you a trade request. §bClick here §ato accept!
23:41:35 [allowed] §cThe /trade request from §r§7lumivic§r§7 §r§cexpired!
23:41:47 [allowed] §7lumivic §ahas sent you a trade request. §bClick here §ato accept!
23:42:02 [allowed] §6Trade completed with §r§7lumivic§r§7§r§6!
23:42:02 [allowed] §e§ka§a>>   §aAchievement Unlocked: §6§r§6Businessman§r§a   <<§e§ka
23:42:02 [allowed]  §r§a§l+ §r§61 coins
23:42:05 [allowed] §9Party §8> §7lumivic§f: §renjoy
23:42:22 [allowed] §9Party §8> §7lumivic§f: §rhe earned 1 coin
23:43:19 [allowed] §7lumivic §ahas sent you a trade request. §bClick here §ato accept!
23:43:30 [allowed] §cThe /trade request from §r§7lumivic§r§7 §r§cexpired!
23:43:36 [allowed] §7lumivic §ahas sent you a trade request. §bClick here §ato accept!
23:43:52 [allowed] §6Trade completed with §r§7lumivic§r§7§r§6!
23:43:52 [allowed]  §r§a§l+ §r§69 coins
23:43:58 [allowed] §9Party §8> §7lumivic§f: §rIKR
23:45:17 [allowed] §aYou earned §r§e178 Event EXP §r§afrom playing SkyBlock!
23:45:35 [allowed] §9Party §8> §7lumivic§f: §ryo gang
23:45:40 [allowed] §9Party §8> §7lumivic§f: §rhow many trans we got in the gc
23:45:48 [allowed] §9Party §8> §7lumivic§f: §reve
23:45:50 [allowed] §9Party §8> §7lumivic§f: §rthis
23:45:53 [allowed] §9Party §8> §7lumivic§f: §rmadeli
23:45:57 [allowed] §9Party §8> §7lumivic§f: §rwho else
23:46:30 [allowed] §9Party §8> §7lumivic§f: §ru needa work on tht aim gang
23:46:33 [allowed] §9Party §8> §7NotBars§f: §r?
23:46:36 [allowed] §9Party §8> §7lumivic§f: §rLM AO
23:46:38 [allowed] §9Party §8> §7NotBars§f: §rlmk
23:46:57 [allowed] §aYou have sent a trade request to §r§7lumivic§r§a.
23:46:58 [allowed] §9Party §8> §7lumivic§f: §rfortnite sucks ***
23:47:04 [allowed] §c§r§eYou need the §r§dCookie Buff §r§eto use this feature!
23:47:04 [allowed] §eObtain a §r§6Booster Cookie §r§efrom the community shop in the hub!
23:47:31 [allowed] §7lumivic§r§7 §r§ccancelled the trade!
23:47:33 [allowed] §9Party §8> §7lumivic§f: §rbid wars
23:47:37 [allowed] §7Warping...
23:47:37 [allowed] §7Sending to server mini147CT...
23:47:38 [allowed] §8 §r§8 §r§1 §r§3 §r§3 §r§7 §r§8 
23:47:41 [allowed] §aYou are playing on profile: §ePear§b (Co-op)
23:47:41 [allowed] §8Profile ID: da202b41-03b4-4acb-b131-26b3b789ffbc
23:47:51 [allowed] §e[NPC] Blacksmith§f: §r§fI'm the town Blacksmith! I can §areforge §fitems for you, for a price.
23:47:53 [allowed] §e[NPC] Blacksmith§f: §r§fReforging usually costs Coins, but since I'm feeling friendly I can reforge your first item for §fCoal §8x10§f.
23:47:55 [allowed] §e[NPC] Blacksmith§f: §r§fGo into the Mine to collect Coal, then come back to learn how to reforge items!
23:47:58 [allowed] §e[NPC] Blacksmith§f: §r§fI will teach you how to reforge items once you mine some more Coal!
23:47:59 [allowed] §e[NPC] Blacksmith§f: §r§fMine some more Coal in the Mine!
23:48:03 [allowed] §e[NPC] Mine Merchant§f: §r§fMy specialites are ores, stone, and mining equipment!
23:48:07 [allowed] §cYou don't have the required items!
23:48:23 [allowed] 
23:48:23 [allowed]   §r§6§lOBJECTIVE COMPLETE
23:48:23 [allowed] 
23:48:23 [allowed]     §r§a§lREWARDS
23:48:23 [allowed]     §r§7§8+§3100 §7Mining Experience
23:48:23 [allowed]     §r§7§8+§b5 SkyBlock XP
23:48:23 [allowed] 
23:48:35 [allowed] §e[NPC] Blacksmith§f: §r§fAhh, excellent!
23:48:36 [allowed] §e[NPC] Blacksmith§f: §r§fReforging items allows you to get the most out of your weapons, armor, and other items by applying stat modifiers to them!
23:48:38 [allowed] §e[NPC] Blacksmith§f: §r§fTo reforge an item, place an item in my inventory. Reforging costs Coins - the more prestigious items cost more to reforge!
23:48:40 [allowed] §e[NPC] Blacksmith§f: §r§fHowever, this time I will reforge any item for the low price of §fCoal §8x10§f!
23:49:10 [allowed] §e[NPC] Lumber Merchant§f: §r§fBuy and sell Wooden Axes with me!
23:49:15 [allowed] §aYou bought §r§fOak Log§r§8 x64 §r§afor §r§6320 Coins§r§a!
23:49:29 [allowed] §e⚠ §aYour drops can't be seen by other players in §bSkyBlock§a!
§aOnly you and your §bco-op partners §acan pickup your drops!
§eClick here to disable this alert forever!
23:49:47 [allowed] §aYou earned §r§e168 Event EXP §r§afrom playing SkyBlock!
23:49:52 [allowed] §aYou reforged your §r§fWooden Hoe §r§ainto a §r§fZooming Wooden Hoe§r§a!
23:49:52 [allowed] 
23:49:52 [allowed]   §r§6§lQUEST COMPLETE
23:49:52 [allowed] 
23:49:52 [allowed]     §r§a§lREWARD
23:49:52 [allowed]     §r§7§8+§3150 §7Mining Experience
23:49:52 [allowed] 
23:49:54 [allowed] §aYou reforged your §r§fZooming Wooden Hoe §r§ainto a §r§fRobust Wooden Hoe§r§a!
23:49:55 [allowed] §aYou reforged your §r§fRobust Wooden Hoe §r§ainto a §r§fZooming Wooden Hoe§r§a!
23:49:55 [allowed] §aYou reforged your §r§fZooming Wooden Hoe §r§ainto a §r§fGreen Thumb Wooden Hoe§r§a!
23:49:58 [allowed] §aYou reforged your §r§fGreen Thumb Wooden Hoe §r§ainto a §r§fZooming Wooden Hoe§r§a!
23:49:59 [allowed] §aYou reforged your §r§fZooming Wooden Hoe §r§ainto a §r§fPeasant's Wooden Hoe§r§a!
23:50:07 [allowed] §7Finding player...
23:50:08 [allowed] §7Sending a visit request...
23:50:08 [allowed] §7Sending to server mini151BH...
23:50:09 [allowed] §8 §r§8 §r§1 §r§3 §r§3 §r§7 §r§8 
23:50:10 [allowed] §f§m-----------------------------------------------------
§r§cYou should NEVER enter your Microsoft account details anywhere but on official Microsoft services!

§r§cExternal links from untrusted sources should be avoided.
§r§f§m-----------------------------------------------------
23:50:12 [allowed] §aYou are playing on profile: §ePear§b (Co-op)
23:50:12 [allowed] §8Profile ID: da202b41-03b4-4acb-b131-26b3b789ffbc
23:50:18 [allowed] §aYou earned §r§e271 Event EXP §r§afrom playing SkyBlock!
23:50:31 [allowed] §9§m-----------------------------------------------------
23:50:31 [allowed] §6Party Members (3)
23:50:31 [allowed] §f
23:50:31 [allowed] §eParty Leader: §r§7lumivic §r§a●
23:50:31 [allowed] §eParty Members: §r§7NotBars§r§a ● §r§a[VIP§r§6+§r§a] longfenownsheat§r§a ● 
23:50:31 [allowed] §9§m-----------------------------------------------------
23:50:50 [allowed] §aYou have sent a trade request to §r§7lumivic§r§a.
23:50:59 [allowed] §6Trade completed with §r§7lumivic§r§7§r§6!
23:50:59 [allowed]  §r§c§l- §r§81x §r§fPeasant's Wooden Hoe
23:51:01 [allowed] §9Party §8> §7lumivic§f: §rlong
23:51:04 [allowed] §9Party §8> §7lumivic§f: §rcan i warp u
23:51:06 [allowed] §9Party §8> §7lumivic§f: §rfor once
23:51:07 [allowed] §9§m-----------------------------
23:51:07 [allowed] §eParty Leader, §r§7lumivic§r§e, summoned you to their server.
23:51:07 [allowed] §9§m-----------------------------
23:51:15 [allowed] §9§m-----------------------------------------------------
23:51:15 [allowed] §a[VIP§r§6+§r§a] longfenownsheat §r§ehas left the party.
23:51:15 [allowed] §9§m-----------------------------------------------------
23:51:17 [allowed] §9Party §8> §7lumivic§f: §r..
23:51:22 [allowed] §9Party §8> §7lumivic§f: §rill give him
23:51:42 [allowed] §9Party §8> §7lumivic§f: §rtell him its just made for some ppl
23:52:55 [allowed] §9Party §8> §7lumivic§f: §rah
23:52:56 [allowed] §9Party §8> §7lumivic§f: §rnpc
23:53:46 [allowed] §9Party §8> §7lumivic§f: §ri be doin dungeons only typ shi
23:55:19 [allowed] §aYou earned §r§e573 Event EXP §r§afrom playing SkyBlock!
23:58:06 [allowed] §9Party §8> §7lumivic§f: §rhes a npc
23:59:11 [allowed] §9Party §8> §7lumivic§f: §rheatbars
23:59:15 [allowed] §9Party §8> §7lumivic§f: §rwhts a inactive accessory
23:59:24 [allowed] §9Party §8> §7lumivic§f: §ri got 7
00:05:21 [allowed] §aYou earned §r§e346 Event EXP §r§afrom playing SkyBlock!
00:06:54 [allowed] §9Party §8> §7lumivic§f: §roh
00:06:56 [allowed] §9Party §8> §7lumivic§f: §rshould i do
00:06:58 [allowed] §9Party §8> §7lumivic§f: §rfairy souls
00:07:09 [allowed] §9Party §8> §7NotBars§f: §rur choice ngl
00:08:12 [allowed] §9Party §8> §7lumivic§f: §rdude
00:08:15 [allowed] §9Party §8> §7lumivic§f: §rmy mod stops workin
00:08:16 [allowed] §9Party §8> §7NotBars§f: §r?
00:08:21 [allowed] §9Party §8> §7lumivic§f: §ras i get to the fairy souls in the park area
00:08:26 [allowed] §9Party §8> §7NotBars§f: §rbadlion T_T
00:10:22 [allowed] §aYou earned §r§e401 Event EXP §r§afrom playing SkyBlock!
00:11:38 [allowed] §9Party §8> §7lumivic§f: §rwow
00:11:39 [allowed] §9Party §8> §7lumivic§f: §rguess what
00:11:48 [allowed] §9Party §8> §7lumivic§f: §ri didnt even know book of progression was a accessory
00:11:53 [allowed] §9Party §8> §7lumivic§f: §ri kept tht in my echest for so long
00:13:10 [allowed] §9Party §8> §7NotBars§f: §rlol
00:15:21 [allowed] §9§m-----------------------------------------------------
00:15:21 [allowed] §7lumivic §r§einvited §r§a[VIP§r§6+§r§a] longfenownsheat §r§eto the party! They have §r§c60 §r§eseconds to accept.
00:15:21 [allowed] §9§m-----------------------------------------------------
00:15:23 [allowed] §9§m-----------------------------------------------------
00:15:23 [allowed] §7lumivic §r§einvited §r§a[VIP] mistyxxx §r§eto the party! They have §r§c60 §r§eseconds to accept.
00:15:23 [allowed] §9§m-----------------------------------------------------
00:15:29 [allowed] §9§m-----------------------------------------------------
00:15:29 [allowed] §a[VIP] mistyxxx §r§ejoined the party.
00:15:29 [allowed] §9§m-----------------------------------------------------
00:15:32 [allowed] §9Party §8> §7lumivic§f: §rwsg npc
00:15:41 [allowed] §9§m-----------------------------------------------------
00:15:41 [allowed] §6Party Members (3)
00:15:41 [allowed] §f
00:15:41 [allowed] §eParty Leader: §r§7lumivic §r§a●
00:15:41 [allowed] §eParty Members: §r§7NotBars§r§a ● §r§a[VIP] mistyxxx§r§a ● 
00:15:41 [allowed] §9§m-----------------------------------------------------
00:15:42 [allowed] §9Party §8> §a[VIP] mistyxxx§f: §rshut
00:15:44 [allowed] §9Party §8> §a[VIP] mistyxxx§f: §rthe
00:15:47 [allowed] §9Party §8> §a[VIP] mistyxxx§f: §rfak
00:15:48 [allowed] §9Party §8> §a[VIP] mistyxxx§f: §rup
00:15:49 [allowed] §9Party §8> §7NotBars§f: §rwhat the helly
00:15:51 [allowed] §9Party §8> §7NotBars§f: §rlock in
00:15:58 [allowed] §9Party §8> §a[VIP] mistyxxx§f: §rdoing eman
00:15:59 [allowed] §9Party §8> §a[VIP] mistyxxx§f: §re
00:16:05 [allowed] §9Party §8> §7lumivic§f: §rW
00:16:07 [allowed] §9Party §8> §7lumivic§f: §ri just wasted
00:16:13 [allowed] §9Party §8> §7lumivic§f: §r6 more mil
00:16:17 [allowed] §9Party §8> §7lumivic§f: §ron 3 talismans
00:16:22 [allowed] §9Party §8> §a[VIP] mistyxxx§f: §rwyd?
00:16:26 [allowed] §9Party §8> §7lumivic§f: §ruh
00:16:31 [allowed]  §9§l» §amistyxxx §eis traveling to §aHub §e§lFOLLOW
00:16:34 [allowed] §9Party §8> §7lumivic§f: §ri was removing my inactive talismans
00:16:40 [allowed] §9Party §8> §7lumivic§f: §rand buying the other ones
00:16:44 [allowed] §9Party §8> §a[VIP] mistyxxx§f: §r[Bazaar] Sold 551x Null Sphere for 86,121 coins!
00:16:44 [allowed] §9Party §8> §7lumivic§f: §r330 mp now
00:16:53 [allowed] §9Party §8> §a[VIP] mistyxxx§f: §r:<
00:16:58 [allowed] §9Party §8> §a[VIP] mistyxxx§f: §rwoman has more power than me
00:17:01 [allowed]  §9§l» §amistyxxx §eis traveling to §aPrivate Island §e§lFOLLOW
00:17:06 [allowed] §9Party §8> §7lumivic§f: §ri mean ofc
00:17:39 [allowed] §9Party §8> §a[VIP] mistyxxx§f: §rwtf do yu mean ofc
00:17:46 [allowed]  §9§l» §amistyxxx §eis traveling to §aThe End §e§lFOLLOW
00:18:38 [allowed] §9Party §8> §a[VIP] mistyxxx§f: §rRARE DROP! (3x Twilight Arrow Poison) (+90% ✯ Magic Find)
00:18:41 [allowed] §9Party §8> §a[VIP] mistyxxx§f: §rignore my mf
00:19:38 [allowed] §9Party §8> §7lumivic§f: §rdo u want wolf talisman
00:19:44 [allowed] §9Party §8> §7lumivic§f: §ridk i cant sell it or anything
00:19:46 [allowed] §9Party §8> §7lumivic§f: §ridek how i got it
00:20:47 [allowed] §9Party §8> §a[VIP] mistyxxx§f: §rty for the help bro
00:20:51 [allowed] §9Party §8> §a[VIP] mistyxxx§f: §rwrong chat
00:20:52 [allowed] §9Party §8> §a[VIP] mistyxxx§f: §rf
00:20:57 [allowed] §9Party §8> §7lumivic§f: §rhmm
00:21:22 [allowed] §9Party §8> §7lumivic§f: §ruh
00:21:24 [allowed] §9Party §8> §7lumivic§f: §rmisty
00:21:27 [allowed] §9Party §8> §a[VIP] mistyxxx§f: §ryes
00:21:28 [allowed] §9Party §8> §7lumivic§f: §rdo u have
00:21:34 [allowed] §9Party §8> §7lumivic§f: §rsmooth chocolate bar
00:21:38 [allowed] §9Party §8> §7lumivic§f: §rand wolf talisman
00:21:43 [allowed] §9Party §8> §7lumivic§f: §rif not take these
00:21:43 [allowed] §9Party §8> §a[VIP] mistyxxx§f: §rnah
00:21:45 [allowed] §9Party §8> §7lumivic§f: §ri got extra
00:21:54 [allowed]  §9§l» §7lumivic §eis traveling to §aPrivate Island §e§lFOLLOW
00:21:56 [allowed] §9Party §8> §a[VIP] mistyxxx§f: §ri gib u one coin
00:22:00 [allowed] §9Party §8> §7lumivic§f: §ridc
00:22:01 [allowed] §9Party §8> §7lumivic§f: §rtake it
00:22:13 [allowed] §9Party §8> §a[VIP] mistyxxx§f: §rwarp
00:22:17 [allowed] §9§m-----------------------------
00:22:17 [allowed] §eParty Leader, §r§7lumivic§r§e, summoned you to their server.
00:22:17 [allowed] §9§m-----------------------------
00:22:20 [allowed] §9Party §8> §a[VIP] mistyxxx§f: §rgg
00:22:26 [allowed] §9Party §8> §7NotBars§f: §rsay ggs
00:22:27 [allowed] §9Party §8> §7lumivic§f: §rheatbars
00:22:31 [allowed] §9Party §8> §7lumivic§f: §rleave island for a sec
00:22:32 [allowed] §9Party §8> §a[VIP] mistyxxx§f: §rgtfo heat
00:22:34 [allowed] §7Warping you to your SkyBlock island...
00:22:34 [allowed] §7Sending to server mini210J...
00:22:35 [allowed] §8 §r§8 §r§1 §r§3 §r§3 §r§7 §r§8 
00:22:36 [allowed] §9Party §8> §7NotBars§f: §rno u
00:22:37 [allowed] §9Party §8> §7lumivic§f: §rvisit
00:22:38 [allowed] §aYou are playing on profile: §ePear§b (Co-op)
00:22:38 [allowed] §8Profile ID: da202b41-03b4-4acb-b131-26b3b789ffbc
00:22:44 [allowed] §9Party §8> §a[VIP] mistyxxx§f: §rjust warp
00:22:45 [allowed] §9Party §8> §a[VIP] mistyxxx§f: §r!w
00:22:46 [allowed] §9Party §8> §7lumivic§f: §rhow do i increase my visitors
00:22:47 [allowed] §9§m-----------------------------
00:22:47 [allowed] §eParty Leader, §r§7lumivic§r§e, summoned you to their server.
00:22:47 [allowed] §9§m-----------------------------
00:22:47 [allowed] §7Sending to server mini151BH...
00:22:48 [allowed] §8 §r§8 §r§1 §r§3 §r§3 §r§7 §r§8 
00:22:49 [allowed] §f§m-----------------------------------------------------
§r§cYou should NEVER enter your Microsoft account details anywhere but on official Microsoft services!

§r§cExternal links from untrusted sources should be avoided.
§r§f§m-----------------------------------------------------
00:22:51 [allowed] §aYou are playing on profile: §ePear§b (Co-op)
00:22:51 [allowed] §8Profile ID: da202b41-03b4-4acb-b131-26b3b789ffbc
00:22:53 [allowed] §9Party §8> §a[VIP] mistyxxx§f: §rsocial skill
00:22:54 [allowed] §9Party §8> §a[VIP] mistyxxx§f: §rexp
00:23:42 [allowed] §9Party §8> §7lumivic§f: §rkeep it
00:23:51 [allowed] §9Party §8> §a[VIP] mistyxxx§f: §rnot of my use
00:23:58 [allowed] §9Party §8> §7lumivic§f: §rthrow it away idk
00:24:04 [allowed] §9Party §8> §a[VIP] mistyxxx§f: §rbruh
00:24:07 [allowed] §9Party §8> §a[VIP] mistyxxx§f: §rkeep it
00:24:17 [allowed] §9Party §8> §a[VIP] mistyxxx§f: §rWOMAN
00:24:20 [allowed] §9Party §8> §a[VIP] mistyxxx§f: §rDONT ANGY E
00:24:21 [allowed] §9Party §8> §a[VIP] mistyxxx§f: §rME
00:24:31 [allowed] §9Party §8> §a[VIP] mistyxxx§f: §rHEAT
00:24:34 [allowed] §9Party §8> §7lumivic§f: §rthrow it gangies
00:24:36 [allowed] §9Party §8> §7lumivic§f: §romg npc
00:24:51 [allowed]  §9§l» §amistyxxx §eis traveling to §aHub §e§lFOLLOW
00:24:53 [allowed] §9§m-----------------------------------------------------
00:24:53 [allowed] §a[VIP] mistyxxx §r§ehas disconnected, they have §r§c5 §r§eminutes to rejoin before they are removed from the party.
00:24:53 [allowed] §9§m-----------------------------------------------------
00:24:59 [allowed] §9§m-----------------------------------------------------
00:24:59 [allowed] §a[VIP] mistyxxx §r§ehas rejoined.
00:24:59 [allowed] §9§m-----------------------------------------------------
00:25:08 [allowed] §9Party §8> §a[VIP] mistyxxx§f: §rstupid game
00:25:12 [allowed] §9Party §8> §7NotBars§f: §rsay ggs to ur connection
00:25:18 [allowed] §9Party §8> §7lumivic§f: §rseems like a skill issue
00:25:18 [allowed] §9Party §8> §7lumivic§f: §ricl
00:25:26 [allowed] §aYou earned §r§e45 Event EXP §r§afrom playing SkyBlock!
00:25:40 [allowed] §9Party §8> §a[VIP] mistyxxx§f: §rim spending more money
00:25:48 [allowed] §9Party §8> §a[VIP] mistyxxx§f: §ron accessories
00:26:26 [allowed] §9Party §8> §7lumivic§f: §rwhy do i have a
00:26:31 [allowed] §9Party §8> §7lumivic§f: §rrandom 1 mil fishing rod
00:26:32 [allowed] §9Party §8> §7lumivic§f: §rlying arounhd
00:26:52 [allowed] §9Party §8> §a[VIP] mistyxxx§f: §rwhere is the stupid hoppity guy
00:27:26 [allowed] §3§l▬▬▬▬▬▬▬▬▬▬▬▬▬▬▬▬▬▬▬▬▬▬▬▬▬▬▬▬▬▬▬▬▬▬▬▬▬▬▬▬▬▬▬▬▬▬▬▬▬▬▬▬▬▬▬▬▬▬▬▬▬▬▬▬
00:27:26 [allowed]   §r§b§lSKILL LEVEL UP §3Social §3I
00:27:26 [allowed] 
00:27:26 [allowed]   §r§a§lREWARDS
00:27:26 [allowed]    §r§7§fAbility to purchase §dParkour Blocks §ffrom Amelia
00:27:26 [allowed]    §r§7§8+§6100 §7Coins
00:27:26 [allowed] §3§l▬▬▬▬▬▬▬▬▬▬▬▬▬▬▬▬▬▬▬▬▬▬▬▬▬▬▬▬▬▬▬▬▬▬▬▬▬▬▬▬▬▬▬▬▬▬▬▬▬▬▬▬▬▬▬▬▬▬▬▬▬▬▬▬
00:27:53 [allowed]  §9§l» §7lumivic §eis traveling to §aHub §e§lFOLLOW
00:27:56 [allowed] §9Party §8> §7lumivic§f: §rimma do
00:27:57 [allowed] §9Party §8> §7lumivic§f: §rfs
00:28:11 [allowed] §9Party §8> §7lumivic§f: §rheatbars
00:28:12 [allowed] §9Party §8> §7lumivic§f: §ru there
00:28:15 [allowed] §9Party §8> §7NotBars§f: §ryea?
00:28:19 [allowed] §9Party §8> §7lumivic§f: §ru can speak dumah
00:28:29 [allowed] §9Party §8> §7lumivic§f: §ram sayin
00:28:34 [allowed] §9Party §8> §7lumivic§f: §rwhich islands does
00:28:37 [allowed] §9Party §8> §7lumivic§f: §rhave
00:28:38 [allowed] §9Party §8> §7lumivic§f: §rfairy
00:28:39 [allowed] §9Party §8> §7lumivic§f: §rsouls
00:28:40 [allowed]  §9§l» §amistyxxx §eis traveling to §aPrivate Island §e§lFOLLOW
00:28:46 [allowed] §7Warping you to your SkyBlock island...
00:28:47 [allowed] §7Sending to server mini154CJ...
00:28:47 [allowed] §8 §r§8 §r§1 §r§3 §r§3 §r§7 §r§8 
00:28:50 [allowed] §aYou are playing on profile: §ePear§b (Co-op)
00:28:50 [allowed] §8Profile ID: da202b41-03b4-4acb-b131-26b3b789ffbc
00:29:42 [allowed]  §9§l» §amistyxxx §eis traveling to §aHub §e§lFOLLOW
00:29:44 [allowed] §9§m-----------------------------------------------------
00:29:44 [allowed] §a[VIP] mistyxxx §r§ehas disconnected, they have §r§c5 §r§eminutes to rejoin before they are removed from the party.
00:29:44 [allowed] §9§m-----------------------------------------------------
00:29:49 [allowed] §9§m-----------------------------------------------------
00:29:49 [allowed] §a[VIP] mistyxxx §r§ehas rejoined.
00:29:49 [allowed] §9§m-----------------------------------------------------
00:29:50 [allowed] §9§m-----------------------------------------------------
00:29:50 [allowed] §a[VIP] mistyxxx §r§ehas disconnected, they have §r§c5 §r§eminutes to rejoin before they are removed from the party.
00:29:50 [allowed] §9§m-----------------------------------------------------
00:29:51 [allowed] §9§m-----------------------------------------------------
00:29:51 [allowed] §a[VIP] mistyxxx §r§ehas rejoined.
00:29:51 [allowed] §9§m-----------------------------------------------------
00:29:56 [allowed] §9Party §8> §7NotBars§f: §rsay ggs
00:29:57 [allowed]  §9§l» §7lumivic §eis traveling to §aThe Farming Islands §e§lFOLLOW
00:29:59 [allowed] §9Party §8> §a[VIP] mistyxxx§f: §rstupid peace of garbage
00:30:00 [allowed] §9Party §8> §7lumivic§f: §rskill issue
00:30:04 [allowed] §9Party §8> §a[VIP] mistyxxx§f: §r*piece
00:30:15 [allowed] §9Party §8> §a[VIP] mistyxxx§f: §rokay level 65
00:34:25 [allowed]  §9§l» §amistyxxx §eis traveling to §aPrivate Island §e§lFOLLOW
00:35:54 [allowed]  §9§l» §amistyxxx §eis traveling to §aHub §e§lFOLLOW
00:36:39 [allowed] §9§m-----------------------------------------------------
00:36:39 [allowed] §6Party Members (3)
00:36:39 [allowed] §f
00:36:39 [allowed] §eParty Leader: §r§7lumivic §r§a●
00:36:39 [allowed] §eParty Members: §r§7NotBars§r§a ● §r§a[VIP] mistyxxx§r§a ● 
00:36:39 [allowed] §9§m-----------------------------------------------------
00:37:08 [allowed]  §9§l» §7lumivic §eis traveling to §aHub §e§lFOLLOW
00:37:52 [allowed]  §9§l» §7lumivic §eis traveling to §aGold Mine §e§lFOLLOW
00:38:15 [allowed] §aFriend > §r§alongfenownsheat §r§eleft.
00:40:35 [allowed]  §9§l» §7lumivic §eis traveling to §aHub §e§lFOLLOW
00:41:01 [allowed]  §9§l» §7lumivic §eis traveling to §aPrivate Island §e§lFOLLOW
00:41:12 [allowed]  §9§l» §7lumivic §eis traveling to §aDeep Caverns §e§lFOLLOW
