01:41:40 `Bat`150546 missed {
 is already Found: false).
 Position: LorenzVec(x=-119.5, y=64.28125, z=-72.5)
 DistanceC: 14.941016688285202
Relative Position: LorenzVec(x=11.990554536214574, y=-7.508894010210426, z=-14.941016688285202)
 }
01:41:40 `Bat`150548 missed {
 is already Found: false).
 Position: LorenzVec(x=-119.5, y=64.28125, z=-71.5)
 DistanceC: 13.941016688285202
Relative Position: LorenzVec(x=11.990554536214574, y=-7.508894010210426, z=-13.941016688285202)
 }
01:41:40 `Bat`150552 missed {
 is already Found: false).
 Position: LorenzVec(x=-119.5, y=65.28125, z=-72.5)
 DistanceC: 14.941016688285202
Relative Position: LorenzVec(x=11.990554536214574, y=-6.508894010210426, z=-14.941016688285202)
 }
01:41:40 `Bat`150554 missed {
 is already Found: false).
 Position: LorenzVec(x=-119.5, y=65.28125, z=-71.5)
 DistanceC: 13.941016688285202
Relative Position: LorenzVec(x=11.990554536214574, y=-6.508894010210426, z=-13.941016688285202)
 }
01:41:40 `Bat`150558 missed {
 is already Found: false).
 Position: LorenzVec(x=-119.5, y=66.28125, z=-72.5)
 DistanceC: 14.941016688285202
Relative Position: LorenzVec(x=11.990554536214574, y=-5.508894010210426, z=-14.941016688285202)
 }
01:41:40 `Bat`150560 missed {
 is already Found: false).
 Position: LorenzVec(x=-119.5, y=66.28125, z=-71.5)
 DistanceC: 13.941016688285202
Relative Position: LorenzVec(x=11.990554536214574, y=-5.508894010210426, z=-13.941016688285202)
 }
01:41:40 `Bat`150564 missed {
 is already Found: false).
 Position: LorenzVec(x=-119.5, y=67.28125, z=-72.5)
 DistanceC: 14.941016688285202
Relative Position: LorenzVec(x=11.990554536214574, y=-4.508894010210426, z=-14.941016688285202)
 }
01:41:40 `Bat`150566 missed {
 is already Found: false).
 Position: LorenzVec(x=-119.5, y=67.28125, z=-71.5)
 DistanceC: 13.941016688285202
Relative Position: LorenzVec(x=11.990554536214574, y=-4.508894010210426, z=-13.941016688285202)
 }
01:41:41 `Bat`150522 missed {
 is already Found: false).
 Position: LorenzVec(x=-120.5, y=64.28125, z=-72.5)
 DistanceC: 13.64836554992462
Relative Position: LorenzVec(x=13.64836554992462, y=-7.508894010210426, z=-13.629728821083603)
 }
01:41:41 `Bat`150524 missed {
 is already Found: false).
 Position: LorenzVec(x=-120.5, y=64.28125, z=-71.5)
 DistanceC: 13.64836554992462
Relative Position: LorenzVec(x=13.64836554992462, y=-7.508894010210426, z=-12.629728821083603)
 }
01:41:41 `Bat`150528 missed {
 is already Found: false).
 Position: LorenzVec(x=-120.5, y=65.28125, z=-72.5)
 DistanceC: 13.64836554992462
Relative Position: LorenzVec(x=13.64836554992462, y=-6.508894010210426, z=-13.629728821083603)
 }
01:41:41 `Bat`150530 missed {
 is already Found: false).
 Position: LorenzVec(x=-120.5, y=65.28125, z=-71.5)
 DistanceC: 13.64836554992462
Relative Position: LorenzVec(x=13.64836554992462, y=-6.508894010210426, z=-12.629728821083603)
 }
01:41:41 `Bat`150534 missed {
 is already Found: false).
 Position: LorenzVec(x=-120.5, y=66.28125, z=-72.5)
 DistanceC: 13.64836554992462
Relative Position: LorenzVec(x=13.64836554992462, y=-5.508894010210426, z=-13.629728821083603)
 }
01:41:41 `Bat`150536 missed {
 is already Found: false).
 Position: LorenzVec(x=-120.5, y=66.28125, z=-71.5)
 DistanceC: 13.64836554992462
Relative Position: LorenzVec(x=13.64836554992462, y=-5.508894010210426, z=-12.629728821083603)
 }
01:41:41 `Bat`150540 missed {
 is already Found: false).
 Position: LorenzVec(x=-120.5, y=67.28125, z=-72.5)
 DistanceC: 13.64836554992462
Relative Position: LorenzVec(x=13.64836554992462, y=-4.508894010210426, z=-13.629728821083603)
 }
01:41:41 `Bat`150542 missed {
 is already Found: false).
 Position: LorenzVec(x=-120.5, y=67.28125, z=-71.5)
 DistanceC: 13.64836554992462
Relative Position: LorenzVec(x=13.64836554992462, y=-4.508894010210426, z=-12.629728821083603)
 }
01:41:41 `Bat`150498 missed {
 is already Found: false).
 Position: LorenzVec(x=-121.5, y=64.28125, z=-72.5)
 DistanceC: 14.777375173472194
Relative Position: LorenzVec(x=14.777375173472194, y=-6.824893983030705, z=-12.348788640974739)
 }
01:41:41 `Bat`150500 missed {
 is already Found: false).
 Position: LorenzVec(x=-121.5, y=64.28125, z=-71.5)
 DistanceC: 14.777375173472194
Relative Position: LorenzVec(x=14.777375173472194, y=-6.824893983030705, z=-11.348788640974739)
 }
01:41:41 `Bat`150504 missed {
 is already Found: false).
 Position: LorenzVec(x=-121.5, y=65.28125, z=-72.5)
 DistanceC: 14.777375173472194
Relative Position: LorenzVec(x=14.777375173472194, y=-5.824893983030705, z=-12.348788640974739)
 }
01:41:41 `Bat`150506 missed {
 is already Found: false).
 Position: LorenzVec(x=-121.5, y=65.28125, z=-71.5)
 DistanceC: 14.777375173472194
Relative Position: LorenzVec(x=14.777375173472194, y=-5.824893983030705, z=-11.348788640974739)
 }
01:41:41 `Bat`150510 missed {
 is already Found: false).
 Position: LorenzVec(x=-121.5, y=66.28125, z=-72.5)
 DistanceC: 14.777375173472194
Relative Position: LorenzVec(x=14.777375173472194, y=-4.824893983030705, z=-12.348788640974739)
 }
01:41:41 `Bat`150512 missed {
 is already Found: false).
 Position: LorenzVec(x=-121.5, y=66.28125, z=-71.5)
 DistanceC: 14.777375173472194
Relative Position: LorenzVec(x=14.777375173472194, y=-4.824893983030705, z=-11.348788640974739)
 }
01:41:41 `Bat`150516 missed {
 is already Found: false).
 Position: LorenzVec(x=-121.5, y=67.28125, z=-72.5)
 DistanceC: 14.777375173472194
Relative Position: LorenzVec(x=14.777375173472194, y=-3.824893983030705, z=-12.348788640974739)
 }
01:41:41 `Bat`150518 missed {
 is already Found: false).
 Position: LorenzVec(x=-121.5, y=67.28125, z=-71.5)
 DistanceC: 14.777375173472194
Relative Position: LorenzVec(x=14.777375173472194, y=-3.824893983030705, z=-11.348788640974739)
 }
01:41:42 `Bat`150496 missed {
 is already Found: false).
 Position: LorenzVec(x=-121.5, y=64.28125, z=-73.5)
 DistanceC: 5.964931644305196
Relative Position: LorenzVec(x=3.8533387060104474, y=-5.008654833035422, z=-5.964931644305196)
 }
01:41:42 `Bat`150502 missed {
 is already Found: false).
 Position: LorenzVec(x=-121.5, y=65.28125, z=-73.5)
 DistanceC: 5.964931644305196
Relative Position: LorenzVec(x=3.8533387060104474, y=-4.008654833035422, z=-5.964931644305196)
 }
01:41:42 `Bat`150508 missed {
 is already Found: false).
 Position: LorenzVec(x=-121.5, y=66.28125, z=-73.5)
 DistanceC: 5.964931644305196
Relative Position: LorenzVec(x=3.8533387060104474, y=-3.008654833035422, z=-5.964931644305196)
 }
01:41:42 `Bat`150514 missed {
 is already Found: false).
 Position: LorenzVec(x=-121.5, y=67.28125, z=-73.5)
 DistanceC: 5.964931644305196
Relative Position: LorenzVec(x=3.8533387060104474, y=-2.008654833035422, z=-5.964931644305196)
 }
01:41:42 `Bat`150520 missed {
 is already Found: false).
 Position: LorenzVec(x=-120.5, y=64.28125, z=-73.5)
 DistanceC: 5.964931644305196
Relative Position: LorenzVec(x=4.853338706010447, y=-5.008654833035422, z=-5.964931644305196)
 }
01:41:42 `Bat`150526 missed {
 is already Found: false).
 Position: LorenzVec(x=-120.5, y=65.28125, z=-73.5)
 DistanceC: 5.964931644305196
Relative Position: LorenzVec(x=4.853338706010447, y=-4.008654833035422, z=-5.964931644305196)
 }
01:41:42 `Bat`150532 missed {
 is already Found: false).
 Position: LorenzVec(x=-120.5, y=66.28125, z=-73.5)
 DistanceC: 5.964931644305196
Relative Position: LorenzVec(x=4.853338706010447, y=-3.008654833035422, z=-5.964931644305196)
 }
01:41:42 `Bat`150538 missed {
 is already Found: false).
 Position: LorenzVec(x=-120.5, y=67.28125, z=-73.5)
 DistanceC: 5.964931644305196
Relative Position: LorenzVec(x=4.853338706010447, y=-2.008654833035422, z=-5.964931644305196)
 }
01:41:42 `Bat`150544 missed {
 is already Found: false).
 Position: LorenzVec(x=-119.5, y=64.28125, z=-73.5)
 DistanceC: 5.964931644305196
Relative Position: LorenzVec(x=5.853338706010447, y=-5.008654833035422, z=-5.964931644305196)
 }
01:41:42 `Bat`150550 missed {
 is already Found: false).
 Position: LorenzVec(x=-119.5, y=65.28125, z=-73.5)
 DistanceC: 5.964931644305196
Relative Position: LorenzVec(x=5.853338706010447, y=-4.008654833035422, z=-5.964931644305196)
 }
01:41:42 `Bat`150556 missed {
 is already Found: false).
 Position: LorenzVec(x=-119.5, y=66.28125, z=-73.5)
 DistanceC: 5.964931644305196
Relative Position: LorenzVec(x=5.853338706010447, y=-3.008654833035422, z=-5.964931644305196)
 }
01:41:42 `Bat`150562 missed {
 is already Found: false).
 Position: LorenzVec(x=-119.5, y=67.28125, z=-73.5)
 DistanceC: 5.964931644305196
Relative Position: LorenzVec(x=5.853338706010447, y=-2.008654833035422, z=-5.964931644305196)
 }
01:41:46 `Bat`151242 missed {
 is already Found: false).
 Position: LorenzVec(x=-104.5, y=64.28125, z=-87.5)
 DistanceC: 19.00407430519755
Relative Position: LorenzVec(x=19.00407430519755, y=-5.884859260938214, z=2.193099923324098)
 }
01:41:46 `Bat`151248 missed {
 is already Found: false).
 Position: LorenzVec(x=-104.5, y=65.28125, z=-87.5)
 DistanceC: 19.00407430519755
Relative Position: LorenzVec(x=19.00407430519755, y=-4.884859260938214, z=2.193099923324098)
 }
01:41:46 `Bat`151254 missed {
 is already Found: false).
 Position: LorenzVec(x=-104.5, y=66.28125, z=-87.5)
 DistanceC: 19.00407430519755
Relative Position: LorenzVec(x=19.00407430519755, y=-3.8848592609382138, z=2.193099923324098)
 }
01:41:46 `Bat`151260 missed {
 is already Found: false).
 Position: LorenzVec(x=-104.5, y=67.28125, z=-87.5)
 DistanceC: 19.00407430519755
Relative Position: LorenzVec(x=19.00407430519755, y=-2.8848592609382138, z=2.193099923324098)
 }
01:41:46 `Bat`151266 missed {
 is already Found: false).
 Position: LorenzVec(x=-103.5, y=64.28125, z=-87.5)
 DistanceC: 20.00407430519755
Relative Position: LorenzVec(x=20.00407430519755, y=-5.884859260938214, z=2.193099923324098)
 }
01:41:46 `Bat`151272 missed {
 is already Found: false).
 Position: LorenzVec(x=-103.5, y=65.28125, z=-87.5)
 DistanceC: 20.00407430519755
Relative Position: LorenzVec(x=20.00407430519755, y=-4.884859260938214, z=2.193099923324098)
 }
01:41:46 `Bat`151278 missed {
 is already Found: false).
 Position: LorenzVec(x=-103.5, y=66.28125, z=-87.5)
 DistanceC: 20.00407430519755
Relative Position: LorenzVec(x=20.00407430519755, y=-3.8848592609382138, z=2.193099923324098)
 }
01:41:46 `Bat`151284 missed {
 is already Found: false).
 Position: LorenzVec(x=-103.5, y=67.28125, z=-87.5)
 DistanceC: 20.00407430519755
Relative Position: LorenzVec(x=20.00407430519755, y=-2.8848592609382138, z=2.193099923324098)
 }
01:41:46 `Bat`151218 missed {
 is already Found: false).
 Position: LorenzVec(x=-105.5, y=64.28125, z=-87.5)
 DistanceC: 18.12495588657802
Relative Position: LorenzVec(x=18.12495588657802, y=-5.967937078744683, z=2.8027183583001687)
 }
01:41:46 `Bat`151224 missed {
 is already Found: false).
 Position: LorenzVec(x=-105.5, y=65.28125, z=-87.5)
 DistanceC: 18.12495588657802
Relative Position: LorenzVec(x=18.12495588657802, y=-4.967937078744683, z=2.8027183583001687)
 }
01:41:46 `Bat`151230 missed {
 is already Found: false).
 Position: LorenzVec(x=-105.5, y=66.28125, z=-87.5)
 DistanceC: 18.12495588657802
Relative Position: LorenzVec(x=18.12495588657802, y=-3.967937078744683, z=2.8027183583001687)
 }
01:41:46 `Bat`151236 missed {
 is already Found: false).
 Position: LorenzVec(x=-105.5, y=67.28125, z=-87.5)
 DistanceC: 18.12495588657802
Relative Position: LorenzVec(x=18.12495588657802, y=-2.967937078744683, z=2.8027183583001687)
 }
01:41:47 `Bat`151216 missed {
 is already Found: false).
 Position: LorenzVec(x=-105.5, y=64.28125, z=-88.5)
 DistanceC: 18.653094911647827
Relative Position: LorenzVec(x=18.653094911647827, y=-4.71875, z=5.920364949377898)
 }
01:41:47 `Bat`151222 missed {
 is already Found: false).
 Position: LorenzVec(x=-105.5, y=65.28125, z=-88.5)
 DistanceC: 18.653094911647827
Relative Position: LorenzVec(x=18.653094911647827, y=-3.71875, z=5.920364949377898)
 }
01:41:47 `Bat`151228 missed {
 is already Found: false).
 Position: LorenzVec(x=-105.5, y=66.28125, z=-88.5)
 DistanceC: 18.653094911647827
Relative Position: LorenzVec(x=18.653094911647827, y=-2.71875, z=5.920364949377898)
 }
01:41:47 `Bat`151234 missed {
 is already Found: false).
 Position: LorenzVec(x=-105.5, y=67.28125, z=-88.5)
 DistanceC: 18.653094911647827
Relative Position: LorenzVec(x=18.653094911647827, y=-1.71875, z=5.920364949377898)
 }
01:41:47 `Bat`151240 missed {
 is already Found: false).
 Position: LorenzVec(x=-104.5, y=64.28125, z=-88.5)
 DistanceC: 19.889906143275226
Relative Position: LorenzVec(x=19.889906143275226, y=-4.71875, z=6.310295920368816)
 }
01:41:47 `Bat`151246 missed {
 is already Found: false).
 Position: LorenzVec(x=-104.5, y=65.28125, z=-88.5)
 DistanceC: 19.889906143275226
Relative Position: LorenzVec(x=19.889906143275226, y=-3.71875, z=6.310295920368816)
 }
01:41:47 `Bat`151252 missed {
 is already Found: false).
 Position: LorenzVec(x=-104.5, y=66.28125, z=-88.5)
 DistanceC: 19.889906143275226
Relative Position: LorenzVec(x=19.889906143275226, y=-2.71875, z=6.310295920368816)
 }
01:41:47 `Bat`151258 missed {
 is already Found: false).
 Position: LorenzVec(x=-104.5, y=67.28125, z=-88.5)
 DistanceC: 19.889906143275226
Relative Position: LorenzVec(x=19.889906143275226, y=-1.71875, z=6.310295920368816)
 }
01:41:47 `Bat`151214 missed {
 is already Found: false).
 Position: LorenzVec(x=-105.5, y=64.28125, z=-89.5)
 DistanceC: 19.20529463494313
Relative Position: LorenzVec(x=19.20529463494313, y=-4.71875, z=5.626707198919831)
 }
01:41:47 `Bat`151220 missed {
 is already Found: false).
 Position: LorenzVec(x=-105.5, y=65.28125, z=-89.5)
 DistanceC: 19.20529463494313
Relative Position: LorenzVec(x=19.20529463494313, y=-3.71875, z=5.626707198919831)
 }
01:41:47 `Bat`151226 missed {
 is already Found: false).
 Position: LorenzVec(x=-105.5, y=66.28125, z=-89.5)
 DistanceC: 19.20529463494313
Relative Position: LorenzVec(x=19.20529463494313, y=-2.71875, z=5.626707198919831)
 }
01:41:47 `Bat`151232 missed {
 is already Found: false).
 Position: LorenzVec(x=-105.5, y=67.28125, z=-89.5)
 DistanceC: 19.20529463494313
Relative Position: LorenzVec(x=19.20529463494313, y=-1.71875, z=5.626707198919831)
 }
01:41:47 `Bat`151238 missed {
 is already Found: false).
 Position: LorenzVec(x=-104.5, y=64.28125, z=-89.5)
 DistanceC: 20.20529463494313
Relative Position: LorenzVec(x=20.20529463494313, y=-4.71875, z=5.626707198919831)
 }
01:41:47 `Bat`151244 missed {
 is already Found: false).
 Position: LorenzVec(x=-104.5, y=65.28125, z=-89.5)
 DistanceC: 20.20529463494313
Relative Position: LorenzVec(x=20.20529463494313, y=-3.71875, z=5.626707198919831)
 }
01:41:47 `Bat`151250 missed {
 is already Found: false).
 Position: LorenzVec(x=-104.5, y=66.28125, z=-89.5)
 DistanceC: 20.20529463494313
Relative Position: LorenzVec(x=20.20529463494313, y=-2.71875, z=5.626707198919831)
 }
01:41:47 `Bat`151256 missed {
 is already Found: false).
 Position: LorenzVec(x=-104.5, y=67.28125, z=-89.5)
 DistanceC: 20.20529463494313
Relative Position: LorenzVec(x=20.20529463494313, y=-1.71875, z=5.626707198919831)
 }
01:41:47 `Bat`151262 missed {
 is already Found: false).
 Position: LorenzVec(x=-103.5, y=64.28125, z=-89.5)
 DistanceC: 21.20529463494313
Relative Position: LorenzVec(x=21.20529463494313, y=-4.71875, z=5.626707198919831)
 }
01:41:47 `Bat`151264 missed {
 is already Found: false).
 Position: LorenzVec(x=-103.5, y=64.28125, z=-88.5)
 DistanceC: 21.20529463494313
Relative Position: LorenzVec(x=21.20529463494313, y=-4.71875, z=6.626707198919831)
 }
01:41:47 `Bat`151268 missed {
 is already Found: false).
 Position: LorenzVec(x=-103.5, y=65.28125, z=-89.5)
 DistanceC: 21.20529463494313
Relative Position: LorenzVec(x=21.20529463494313, y=-3.71875, z=5.626707198919831)
 }
01:41:47 `Bat`151270 missed {
 is already Found: false).
 Position: LorenzVec(x=-103.5, y=65.28125, z=-88.5)
 DistanceC: 21.20529463494313
Relative Position: LorenzVec(x=21.20529463494313, y=-3.71875, z=6.626707198919831)
 }
01:41:47 `Bat`151274 missed {
 is already Found: false).
 Position: LorenzVec(x=-103.5, y=66.28125, z=-89.5)
 DistanceC: 21.20529463494313
Relative Position: LorenzVec(x=21.20529463494313, y=-2.71875, z=5.626707198919831)
 }
01:41:47 `Bat`151276 missed {
 is already Found: false).
 Position: LorenzVec(x=-103.5, y=66.28125, z=-88.5)
 DistanceC: 21.20529463494313
Relative Position: LorenzVec(x=21.20529463494313, y=-2.71875, z=6.626707198919831)
 }
01:41:47 `Bat`151280 missed {
 is already Found: false).
 Position: LorenzVec(x=-103.5, y=67.28125, z=-89.5)
 DistanceC: 21.20529463494313
Relative Position: LorenzVec(x=21.20529463494313, y=-1.71875, z=5.626707198919831)
 }
01:41:47 `Bat`151282 missed {
 is already Found: false).
 Position: LorenzVec(x=-103.5, y=67.28125, z=-88.5)
 DistanceC: 21.20529463494313
Relative Position: LorenzVec(x=21.20529463494313, y=-1.71875, z=6.626707198919831)
 }
01:42:25 `Bat`151863 missed {
 is already Found: false).
 Position: LorenzVec(x=-89.5, y=64.28125, z=-105.5)
 DistanceC: 16.748979624852325
Relative Position: LorenzVec(x=-3.567813644328922, y=-6.822830378093045, z=-16.748979624852325)
 }
01:42:25 `Bat`151865 missed {
 is already Found: false).
 Position: LorenzVec(x=-89.5, y=64.28125, z=-104.5)
 DistanceC: 15.748979624852325
Relative Position: LorenzVec(x=-3.567813644328922, y=-6.822830378093045, z=-15.748979624852325)
 }
01:42:25 `Bat`151867 missed {
 is already Found: false).
 Position: LorenzVec(x=-89.5, y=64.28125, z=-103.5)
 DistanceC: 14.748979624852325
Relative Position: LorenzVec(x=-3.567813644328922, y=-6.822830378093045, z=-14.748979624852325)
 }
01:42:25 `Bat`151869 missed {
 is already Found: false).
 Position: LorenzVec(x=-89.5, y=65.28125, z=-105.5)
 DistanceC: 16.748979624852325
Relative Position: LorenzVec(x=-3.567813644328922, y=-5.822830378093045, z=-16.748979624852325)
 }
01:42:25 `Bat`151871 missed {
 is already Found: false).
 Position: LorenzVec(x=-89.5, y=65.28125, z=-104.5)
 DistanceC: 15.748979624852325
Relative Position: LorenzVec(x=-3.567813644328922, y=-5.822830378093045, z=-15.748979624852325)
 }
01:42:25 `Bat`151873 missed {
 is already Found: false).
 Position: LorenzVec(x=-89.5, y=65.28125, z=-103.5)
 DistanceC: 14.748979624852325
Relative Position: LorenzVec(x=-3.567813644328922, y=-5.822830378093045, z=-14.748979624852325)
 }
01:42:25 `Bat`151875 missed {
 is already Found: false).
 Position: LorenzVec(x=-89.5, y=66.28125, z=-105.5)
 DistanceC: 16.748979624852325
Relative Position: LorenzVec(x=-3.567813644328922, y=-4.822830378093045, z=-16.748979624852325)
 }
01:42:25 `Bat`151877 missed {
 is already Found: false).
 Position: LorenzVec(x=-89.5, y=66.28125, z=-104.5)
 DistanceC: 15.748979624852325
Relative Position: LorenzVec(x=-3.567813644328922, y=-4.822830378093045, z=-15.748979624852325)
 }
01:42:25 `Bat`151879 missed {
 is already Found: false).
 Position: LorenzVec(x=-89.5, y=66.28125, z=-103.5)
 DistanceC: 14.748979624852325
Relative Position: LorenzVec(x=-3.567813644328922, y=-4.822830378093045, z=-14.748979624852325)
 }
01:42:25 `Bat`151881 missed {
 is already Found: false).
 Position: LorenzVec(x=-89.5, y=67.28125, z=-105.5)
 DistanceC: 16.748979624852325
Relative Position: LorenzVec(x=-3.567813644328922, y=-3.8228303780930446, z=-16.748979624852325)
 }
01:42:25 `Bat`151883 missed {
 is already Found: false).
 Position: LorenzVec(x=-89.5, y=67.28125, z=-104.5)
 DistanceC: 15.748979624852325
Relative Position: LorenzVec(x=-3.567813644328922, y=-3.8228303780930446, z=-15.748979624852325)
 }
01:42:25 `Bat`151885 missed {
 is already Found: false).
 Position: LorenzVec(x=-89.5, y=67.28125, z=-103.5)
 DistanceC: 14.748979624852325
Relative Position: LorenzVec(x=-3.567813644328922, y=-3.8228303780930446, z=-14.748979624852325)
 }
01:42:25 `Bat`151887 missed {
 is already Found: false).
 Position: LorenzVec(x=-88.5, y=64.28125, z=-105.5)
 DistanceC: 16.771494246811386
Relative Position: LorenzVec(x=-7.8590125331784435, y=-4.71875, z=-16.771494246811386)
 }
01:42:25 `Bat`151889 missed {
 is already Found: false).
 Position: LorenzVec(x=-88.5, y=64.28125, z=-104.5)
 DistanceC: 15.771494246811386
Relative Position: LorenzVec(x=-7.8590125331784435, y=-4.71875, z=-15.771494246811386)
 }
01:42:25 `Bat`151891 missed {
 is already Found: false).
 Position: LorenzVec(x=-88.5, y=64.28125, z=-103.5)
 DistanceC: 14.771494246811386
Relative Position: LorenzVec(x=-7.8590125331784435, y=-4.71875, z=-14.771494246811386)
 }
01:42:25 `Bat`151893 missed {
 is already Found: false).
 Position: LorenzVec(x=-88.5, y=65.28125, z=-105.5)
 DistanceC: 16.771494246811386
Relative Position: LorenzVec(x=-7.8590125331784435, y=-3.71875, z=-16.771494246811386)
 }
01:42:25 `Bat`151895 missed {
 is already Found: false).
 Position: LorenzVec(x=-88.5, y=65.28125, z=-104.5)
 DistanceC: 15.771494246811386
Relative Position: LorenzVec(x=-7.8590125331784435, y=-3.71875, z=-15.771494246811386)
 }
01:42:25 `Bat`151897 missed {
 is already Found: false).
 Position: LorenzVec(x=-88.5, y=65.28125, z=-103.5)
 DistanceC: 14.771494246811386
Relative Position: LorenzVec(x=-7.8590125331784435, y=-3.71875, z=-14.771494246811386)
 }
01:42:25 `Bat`151899 missed {
 is already Found: false).
 Position: LorenzVec(x=-88.5, y=66.28125, z=-105.5)
 DistanceC: 16.771494246811386
Relative Position: LorenzVec(x=-7.8590125331784435, y=-2.71875, z=-16.771494246811386)
 }
01:42:25 `Bat`151901 missed {
 is already Found: false).
 Position: LorenzVec(x=-88.5, y=66.28125, z=-104.5)
 DistanceC: 15.771494246811386
Relative Position: LorenzVec(x=-7.8590125331784435, y=-2.71875, z=-15.771494246811386)
 }
01:42:25 `Bat`151903 missed {
 is already Found: false).
 Position: LorenzVec(x=-88.5, y=66.28125, z=-103.5)
 DistanceC: 14.771494246811386
Relative Position: LorenzVec(x=-7.8590125331784435, y=-2.71875, z=-14.771494246811386)
 }
01:42:25 `Bat`151905 missed {
 is already Found: false).
 Position: LorenzVec(x=-88.5, y=67.28125, z=-105.5)
 DistanceC: 16.771494246811386
Relative Position: LorenzVec(x=-7.8590125331784435, y=-1.71875, z=-16.771494246811386)
 }
01:42:25 `Bat`151907 missed {
 is already Found: false).
 Position: LorenzVec(x=-88.5, y=67.28125, z=-104.5)
 DistanceC: 15.771494246811386
Relative Position: LorenzVec(x=-7.8590125331784435, y=-1.71875, z=-15.771494246811386)
 }
01:42:25 `Bat`151909 missed {
 is already Found: false).
 Position: LorenzVec(x=-88.5, y=67.28125, z=-103.5)
 DistanceC: 14.771494246811386
Relative Position: LorenzVec(x=-7.8590125331784435, y=-1.71875, z=-14.771494246811386)
 }
01:42:26 `Bat`151911 missed {
 is already Found: false).
 Position: LorenzVec(x=-87.5, y=64.28125, z=-105.5)
 DistanceC: 16.775226232387837
Relative Position: LorenzVec(x=-9.71589100743968, y=-5.734305072702199, z=-16.775226232387837)
 }
01:42:26 `Bat`151913 missed {
 is already Found: false).
 Position: LorenzVec(x=-87.5, y=64.28125, z=-104.5)
 DistanceC: 15.775226232387837
Relative Position: LorenzVec(x=-9.71589100743968, y=-5.734305072702199, z=-15.775226232387837)
 }
01:42:26 `Bat`151915 missed {
 is already Found: false).
 Position: LorenzVec(x=-87.5, y=64.28125, z=-103.5)
 DistanceC: 14.775226232387837
Relative Position: LorenzVec(x=-9.71589100743968, y=-5.734305072702199, z=-14.775226232387837)
 }
01:42:26 `Bat`151917 missed {
 is already Found: false).
 Position: LorenzVec(x=-87.5, y=65.28125, z=-105.5)
 DistanceC: 16.775226232387837
Relative Position: LorenzVec(x=-9.71589100743968, y=-4.734305072702199, z=-16.775226232387837)
 }
01:42:26 `Bat`151919 missed {
 is already Found: false).
 Position: LorenzVec(x=-87.5, y=65.28125, z=-104.5)
 DistanceC: 15.775226232387837
Relative Position: LorenzVec(x=-9.71589100743968, y=-4.734305072702199, z=-15.775226232387837)
 }
01:42:26 `Bat`151921 missed {
 is already Found: false).
 Position: LorenzVec(x=-87.5, y=65.28125, z=-103.5)
 DistanceC: 14.775226232387837
Relative Position: LorenzVec(x=-9.71589100743968, y=-4.734305072702199, z=-14.775226232387837)
 }
01:42:26 `Bat`151923 missed {
 is already Found: false).
 Position: LorenzVec(x=-87.5, y=66.28125, z=-105.5)
 DistanceC: 16.775226232387837
Relative Position: LorenzVec(x=-9.71589100743968, y=-3.734305072702199, z=-16.775226232387837)
 }
01:42:26 `Bat`151925 missed {
 is already Found: false).
 Position: LorenzVec(x=-87.5, y=66.28125, z=-104.5)
 DistanceC: 15.775226232387837
Relative Position: LorenzVec(x=-9.71589100743968, y=-3.734305072702199, z=-15.775226232387837)
 }
01:42:26 `Bat`151927 missed {
 is already Found: false).
 Position: LorenzVec(x=-87.5, y=66.28125, z=-103.5)
 DistanceC: 14.775226232387837
Relative Position: LorenzVec(x=-9.71589100743968, y=-3.734305072702199, z=-14.775226232387837)
 }
01:42:26 `Bat`151929 missed {
 is already Found: false).
 Position: LorenzVec(x=-87.5, y=67.28125, z=-105.5)
 DistanceC: 16.775226232387837
Relative Position: LorenzVec(x=-9.71589100743968, y=-2.734305072702199, z=-16.775226232387837)
 }
01:42:26 `Bat`151931 missed {
 is already Found: false).
 Position: LorenzVec(x=-87.5, y=67.28125, z=-104.5)
 DistanceC: 15.775226232387837
Relative Position: LorenzVec(x=-9.71589100743968, y=-2.734305072702199, z=-15.775226232387837)
 }
01:42:26 `Bat`151933 missed {
 is already Found: false).
 Position: LorenzVec(x=-87.5, y=67.28125, z=-103.5)
 DistanceC: 14.775226232387837
Relative Position: LorenzVec(x=-9.71589100743968, y=-2.734305072702199, z=-14.775226232387837)
 }
01:47:51 `6fb1e7i2p8`167519 missed {
 is already Found: false).
 Position: LorenzVec(x=-7.71875, y=69.0, z=67.125)
 DistanceC: 12.76657638119596
Relative Position: LorenzVec(x=-3.0548859396197727, y=0.0, z=12.76657638119596)
 }
01:48:26 `Bat`169832 missed {
 is already Found: false).
 Position: LorenzVec(x=-30.53125, y=79.57407407407408, z=82.86689814814815)
 DistanceC: 17.20401664306016
Relative Position: LorenzVec(x=-17.20401664306016, y=10.574074074074076, z=15.30179005753989)
 }
01:48:26 `Bat`169834 missed {
 is already Found: false).
 Position: LorenzVec(x=-29.53125, y=79.57407407407408, z=81.86689814814815)
 DistanceC: 16.20401664306016
Relative Position: LorenzVec(x=-16.20401664306016, y=10.574074074074076, z=14.30179005753989)
 }
01:48:26 `Bat`169836 missed {
 is already Found: false).
 Position: LorenzVec(x=-29.53125, y=79.57407407407408, z=82.86689814814815)
 DistanceC: 16.20401664306016
Relative Position: LorenzVec(x=-16.20401664306016, y=10.574074074074076, z=15.30179005753989)
 }
01:48:26 `Bat`169838 missed {
 is already Found: false).
 Position: LorenzVec(x=-29.53125, y=79.57407407407408, z=83.86689814814815)
 DistanceC: 16.30179005753989
Relative Position: LorenzVec(x=-16.20401664306016, y=10.574074074074076, z=16.30179005753989)
 }
01:48:26 `Bat`169840 missed {
 is already Found: false).
 Position: LorenzVec(x=-29.53125, y=78.57407407407408, z=82.86689814814815)
 DistanceC: 16.20401664306016
Relative Position: LorenzVec(x=-16.20401664306016, y=9.574074074074076, z=15.30179005753989)
 }
01:48:26 `Bat`169842 missed {
 is already Found: false).
 Position: LorenzVec(x=-28.53125, y=78.57407407407408, z=81.86689814814815)
 DistanceC: 15.20401664306016
Relative Position: LorenzVec(x=-15.20401664306016, y=9.574074074074076, z=14.30179005753989)
 }
01:48:26 `Bat`169844 missed {
 is already Found: false).
 Position: LorenzVec(x=-28.53125, y=78.57407407407408, z=82.86689814814815)
 DistanceC: 15.30179005753989
Relative Position: LorenzVec(x=-15.20401664306016, y=9.574074074074076, z=15.30179005753989)
 }
01:48:26 `Bat`169846 missed {
 is already Found: false).
 Position: LorenzVec(x=-28.53125, y=78.57407407407408, z=83.86689814814815)
 DistanceC: 16.30179005753989
Relative Position: LorenzVec(x=-15.20401664306016, y=9.574074074074076, z=16.30179005753989)
 }
01:48:26 `Bat`169848 missed {
 is already Found: false).
 Position: LorenzVec(x=-27.53125, y=78.57407407407408, z=82.86689814814815)
 DistanceC: 15.30179005753989
Relative Position: LorenzVec(x=-14.20401664306016, y=9.574074074074076, z=15.30179005753989)
 }
01:49:57 `Bat`169955 missed {
 is already Found: false).
 Position: LorenzVec(x=-9.5, y=61.125, z=102.5)
 DistanceC: 9.313055486575465
Relative Position: LorenzVec(x=2.347294514157902, y=-7.875, z=9.313055486575465)
 }
01:49:57 `Bat`169961 missed {
 is already Found: false).
 Position: LorenzVec(x=-9.5, y=62.125, z=102.5)
 DistanceC: 9.313055486575465
Relative Position: LorenzVec(x=2.347294514157902, y=-6.875, z=9.313055486575465)
 }
01:49:57 `Bat`169967 missed {
 is already Found: false).
 Position: LorenzVec(x=-9.5, y=63.125, z=102.5)
 DistanceC: 9.313055486575465
Relative Position: LorenzVec(x=2.347294514157902, y=-5.875, z=9.313055486575465)
 }
01:49:57 `Bat`169973 missed {
 is already Found: false).
 Position: LorenzVec(x=-9.5, y=64.125, z=102.5)
 DistanceC: 9.313055486575465
Relative Position: LorenzVec(x=2.347294514157902, y=-4.875, z=9.313055486575465)
 }
01:49:57 `Bat`169979 missed {
 is already Found: false).
 Position: LorenzVec(x=-8.5, y=61.125, z=102.5)
 DistanceC: 9.313055486575465
Relative Position: LorenzVec(x=3.347294514157902, y=-7.875, z=9.313055486575465)
 }
01:49:57 `Bat`169985 missed {
 is already Found: false).
 Position: LorenzVec(x=-8.5, y=62.125, z=102.5)
 DistanceC: 9.313055486575465
Relative Position: LorenzVec(x=3.347294514157902, y=-6.875, z=9.313055486575465)
 }
01:49:57 `Bat`169991 missed {
 is already Found: false).
 Position: LorenzVec(x=-8.5, y=63.125, z=102.5)
 DistanceC: 9.599368519163889
Relative Position: LorenzVec(x=3.237886224268932, y=-5.875, z=9.599368519163889)
 }
01:49:57 `Bat`169997 missed {
 is already Found: false).
 Position: LorenzVec(x=-8.5, y=64.125, z=102.5)
 DistanceC: 9.599368519163889
Relative Position: LorenzVec(x=3.237886224268932, y=-4.875, z=9.599368519163889)
 }
01:49:57 `Bat`170003 missed {
 is already Found: false).
 Position: LorenzVec(x=-7.5, y=61.125, z=102.5)
 DistanceC: 9.599368519163889
Relative Position: LorenzVec(x=4.237886224268932, y=-7.875, z=9.599368519163889)
 }
01:49:57 `Bat`170009 missed {
 is already Found: false).
 Position: LorenzVec(x=-7.5, y=62.125, z=102.5)
 DistanceC: 10.016286229916062
Relative Position: LorenzVec(x=3.947279148471873, y=-7.294999986886978, z=10.016286229916062)
 }
01:49:57 `Bat`170015 missed {
 is already Found: false).
 Position: LorenzVec(x=-7.5, y=63.125, z=102.5)
 DistanceC: 10.016286229916062
Relative Position: LorenzVec(x=3.947279148471873, y=-6.294999986886978, z=10.016286229916062)
 }
01:49:57 `Bat`170021 missed {
 is already Found: false).
 Position: LorenzVec(x=-7.5, y=64.125, z=102.5)
 DistanceC: 10.016286229916062
Relative Position: LorenzVec(x=3.947279148471873, y=-5.294999986886978, z=10.016286229916062)
 }
01:49:57 `Bat`169957 missed {
 is already Found: false).
 Position: LorenzVec(x=-9.5, y=61.125, z=103.5)
 DistanceC: 14.432296407097354
Relative Position: LorenzVec(x=-0.5441321585091288, y=-8.690699980521202, z=14.432296407097354)
 }
01:49:57 `Bat`169963 missed {
 is already Found: false).
 Position: LorenzVec(x=-9.5, y=62.125, z=103.5)
 DistanceC: 14.432296407097354
Relative Position: LorenzVec(x=-0.5441321585091288, y=-7.690699980521202, z=14.432296407097354)
 }
01:49:57 `Bat`169969 missed {
 is already Found: false).
 Position: LorenzVec(x=-9.5, y=63.125, z=103.5)
 DistanceC: 14.432296407097354
Relative Position: LorenzVec(x=-0.5441321585091288, y=-6.690699980521202, z=14.432296407097354)
 }
01:49:57 `Bat`169975 missed {
 is already Found: false).
 Position: LorenzVec(x=-9.5, y=64.125, z=103.5)
 DistanceC: 14.432296407097354
Relative Position: LorenzVec(x=-0.5441321585091288, y=-5.690699980521202, z=14.432296407097354)
 }
01:49:57 `Bat`169981 missed {
 is already Found: false).
 Position: LorenzVec(x=-8.5, y=61.125, z=103.5)
 DistanceC: 14.432296407097354
Relative Position: LorenzVec(x=0.45586784149087123, y=-8.690699980521202, z=14.432296407097354)
 }
01:49:57 `Bat`169987 missed {
 is already Found: false).
 Position: LorenzVec(x=-8.5, y=62.125, z=103.5)
 DistanceC: 14.432296407097354
Relative Position: LorenzVec(x=0.45586784149087123, y=-7.690699980521202, z=14.432296407097354)
 }
01:49:57 `Bat`169993 missed {
 is already Found: false).
 Position: LorenzVec(x=-8.5, y=63.125, z=103.5)
 DistanceC: 14.720618492811951
Relative Position: LorenzVec(x=0.27217081680518973, y=-6.938835979112142, z=14.720618492811951)
 }
01:49:57 `Bat`169999 missed {
 is already Found: false).
 Position: LorenzVec(x=-8.5, y=64.125, z=103.5)
 DistanceC: 14.720618492811951
Relative Position: LorenzVec(x=0.27217081680518973, y=-5.938835979112142, z=14.720618492811951)
 }
01:49:57 `Bat`170005 missed {
 is already Found: false).
 Position: LorenzVec(x=-7.5, y=61.125, z=103.5)
 DistanceC: 15.004607036537067
Relative Position: LorenzVec(x=1.119455490079833, y=-9.103609260938214, z=15.004607036537067)
 }
01:49:57 `Bat`170011 missed {
 is already Found: false).
 Position: LorenzVec(x=-7.5, y=62.125, z=103.5)
 DistanceC: 15.004607036537067
Relative Position: LorenzVec(x=1.119455490079833, y=-8.103609260938214, z=15.004607036537067)
 }
01:49:57 `Bat`170017 missed {
 is already Found: false).
 Position: LorenzVec(x=-7.5, y=63.125, z=103.5)
 DistanceC: 15.004607036537067
Relative Position: LorenzVec(x=1.119455490079833, y=-7.103609260938214, z=15.004607036537067)
 }
01:49:57 `Bat`170023 missed {
 is already Found: false).
 Position: LorenzVec(x=-7.5, y=64.125, z=103.5)
 DistanceC: 15.004607036537067
Relative Position: LorenzVec(x=1.119455490079833, y=-6.103609260938214, z=15.004607036537067)
 }
01:49:58 `Bat`169959 missed {
 is already Found: false).
 Position: LorenzVec(x=-9.5, y=61.125, z=104.5)
 DistanceC: 19.502970826580977
Relative Position: LorenzVec(x=-1.6700534885013658, y=-8.938835979112142, z=19.502970826580977)
 }
01:49:58 `Bat`169965 missed {
 is already Found: false).
 Position: LorenzVec(x=-9.5, y=62.125, z=104.5)
 DistanceC: 19.502970826580977
Relative Position: LorenzVec(x=-1.6700534885013658, y=-7.938835979112142, z=19.502970826580977)
 }
01:49:58 `Bat`169971 missed {
 is already Found: false).
 Position: LorenzVec(x=-9.5, y=63.125, z=104.5)
 DistanceC: 19.502970826580977
Relative Position: LorenzVec(x=-1.6700534885013658, y=-6.938835979112142, z=19.502970826580977)
 }
01:49:58 `Bat`169977 missed {
 is already Found: false).
 Position: LorenzVec(x=-9.5, y=64.125, z=104.5)
 DistanceC: 19.502970826580977
Relative Position: LorenzVec(x=-1.6700534885013658, y=-5.938835979112142, z=19.502970826580977)
 }
01:49:58 `Bat`169983 missed {
 is already Found: false).
 Position: LorenzVec(x=-8.5, y=61.125, z=104.5)
 DistanceC: 19.502970826580977
Relative Position: LorenzVec(x=-0.6700534885013658, y=-8.938835979112142, z=19.502970826580977)
 }
01:49:58 `Bat`169989 missed {
 is already Found: false).
 Position: LorenzVec(x=-8.5, y=62.125, z=104.5)
 DistanceC: 19.502970826580977
Relative Position: LorenzVec(x=-0.6700534885013658, y=-7.938835979112142, z=19.502970826580977)
 }
01:49:58 `Bat`169995 missed {
 is already Found: false).
 Position: LorenzVec(x=-8.5, y=63.125, z=104.5)
 DistanceC: 19.818287908522805
Relative Position: LorenzVec(x=-0.7036595862308594, y=-7.103609260938214, z=19.818287908522805)
 }
01:49:58 `Bat`170001 missed {
 is already Found: false).
 Position: LorenzVec(x=-8.5, y=64.125, z=104.5)
 DistanceC: 19.818287908522805
Relative Position: LorenzVec(x=-0.7036595862308594, y=-6.103609260938214, z=19.818287908522805)
 }
01:49:58 `Bat`170007 missed {
 is already Found: false).
 Position: LorenzVec(x=-7.5, y=61.125, z=104.5)
 DistanceC: 20.105226461359393
Relative Position: LorenzVec(x=0.26575886395394654, y=-9.186687078744683, z=20.105226461359393)
 }
01:49:58 `Bat`170013 missed {
 is already Found: false).
 Position: LorenzVec(x=-7.5, y=62.125, z=104.5)
 DistanceC: 20.105226461359393
Relative Position: LorenzVec(x=0.26575886395394654, y=-8.186687078744683, z=20.105226461359393)
 }
01:49:58 `Bat`170019 missed {
 is already Found: false).
 Position: LorenzVec(x=-7.5, y=63.125, z=104.5)
 DistanceC: 20.105226461359393
Relative Position: LorenzVec(x=0.26575886395394654, y=-7.186687078744683, z=20.105226461359393)
 }
01:49:58 `Bat`170025 missed {
 is already Found: false).
 Position: LorenzVec(x=-7.5, y=64.125, z=104.5)
 DistanceC: 20.105226461359393
Relative Position: LorenzVec(x=0.26575886395394654, y=-6.186687078744683, z=20.105226461359393)
 }
01:53:45 `Cave Spider`302738 missed {
 is already Found: false).
 Position: LorenzVec(x=-166.5, y=81.0, z=-118.5)
 DistanceC: 18.05131894320212
Relative Position: LorenzVec(x=18.05131894320212, y=12.580000013113022, z=2.46495302917063)
 }
01:53:45 `Cave Spider`302849 missed {
 is already Found: false).
 Position: LorenzVec(x=-166.5, y=80.0, z=-118.5)
 DistanceC: 18.05131894320212
Relative Position: LorenzVec(x=18.05131894320212, y=11.580000013113022, z=2.46495302917063)
 }
01:53:46 `Cave Spider`302737 missed {
 is already Found: false).
 Position: LorenzVec(x=-164.5, y=80.0, z=-118.5)
 DistanceC: 18.14465448066278
Relative Position: LorenzVec(x=18.14465448066278, y=10.984444927297801, z=3.616379894319408)
 }
01:53:46 `Cave Spider`302848 missed {
 is already Found: false).
 Position: LorenzVec(x=-164.5, y=81.0, z=-117.5)
 DistanceC: 18.14465448066278
Relative Position: LorenzVec(x=18.14465448066278, y=11.984444927297801, z=4.616379894319408)
 }
01:53:46 `Cave Spider`302736 missed {
 is already Found: false).
 Position: LorenzVec(x=-165.5, y=81.0, z=-116.5)
 DistanceC: 18.0
Relative Position: LorenzVec(x=15.0, y=11.078400001525878, z=18.0)
 }
01:53:46 `Cave Spider`302847 missed {
 is already Found: false).
 Position: LorenzVec(x=-164.5, y=81.0, z=-116.5)
 DistanceC: 17.856277432070982
Relative Position: LorenzVec(x=16.08292197771135, y=12.0, z=17.856277432070982)
 }
01:53:48 `Cave Spider`302705 missed {
 is already Found: false).
 Position: LorenzVec(x=-171.5, y=80.0, z=-154.5)
 DistanceC: 21.823179878141758
Relative Position: LorenzVec(x=4.657945247480228, y=13.0, z=-21.823179878141758)
 }
01:53:48 `Cave Spider`302735 missed {
 is already Found: false).
 Position: LorenzVec(x=-173.5, y=81.0, z=-154.5)
 DistanceC: 21.823179878141758
Relative Position: LorenzVec(x=2.657945247480228, y=14.0, z=-21.823179878141758)
 }
01:53:48 `Cave Spider`302806 missed {
 is already Found: false).
 Position: LorenzVec(x=-171.5, y=79.0, z=-154.5)
 DistanceC: 21.823179878141758
Relative Position: LorenzVec(x=4.657945247480228, y=12.0, z=-21.823179878141758)
 }
01:53:48 `Cave Spider`302846 missed {
 is already Found: false).
 Position: LorenzVec(x=-172.5, y=81.0, z=-154.5)
 DistanceC: 21.823179878141758
Relative Position: LorenzVec(x=3.657945247480228, y=14.0, z=-21.823179878141758)
 }
01:53:49 `Cave Spider`302820 missed {
 is already Found: false).
 Position: LorenzVec(x=-173.5, y=81.0, z=-155.5)
 DistanceC: 2.8196536382804425
Relative Position: LorenzVec(x=-0.8992659622649626, y=11.768476202412984, z=-2.8196536382804425)
 }
01:53:49 `Cave Spider`302894 missed {
 is already Found: false).
 Position: LorenzVec(x=-171.5, y=81.0, z=-155.5)
 DistanceC: 2.8196536382804425
Relative Position: LorenzVec(x=1.1007340377350374, y=11.768476202412984, z=-2.8196536382804425)
 }
01:55:09 `Guardian`315269 missed {
 is already Found: false).
 Position: LorenzVec(x=-177.5, y=80.0, z=-191.5)
 DistanceC: 17.597606935615573
Relative Position: LorenzVec(x=-17.597606935615573, y=8.0, z=-13.5290490731241)
 }
01:57:10 `Skeleton`313478 missed {
 is already Found: false).
 Position: LorenzVec(x=-25.21875, y=69.0, z=-16.78125)
 DistanceC: 20.542828897967716
Relative Position: LorenzVec(x=20.542828897967716, y=0.0, z=1.8674765225984586)
 }
01:57:12 `Skeleton`313484 missed {
 is already Found: false).
 Position: LorenzVec(x=-21.5625, y=69.0, z=-20.5625)
 DistanceC: 8.151380389351345
Relative Position: LorenzVec(x=8.151380389351345, y=-1.0, z=-6.930536831852006)
 }
01:57:13 `Bat`325229 missed {
 is already Found: false).
 Position: LorenzVec(x=-22.5, y=71.125, z=-14.5)
 DistanceC: 8.078830545774192
Relative Position: LorenzVec(x=8.078830545774192, y=1.3718000194787976, z=0.4540017983538185)
 }
01:57:13 `Bat`325231 missed {
 is already Found: false).
 Position: LorenzVec(x=-22.5, y=71.125, z=-13.5)
 DistanceC: 8.078830545774192
Relative Position: LorenzVec(x=8.078830545774192, y=1.3718000194787976, z=1.4540017983538185)
 }
01:57:13 `Bat`325233 missed {
 is already Found: false).
 Position: LorenzVec(x=-22.5, y=71.125, z=-12.5)
 DistanceC: 8.078830545774192
Relative Position: LorenzVec(x=8.078830545774192, y=1.3718000194787976, z=2.4540017983538185)
 }
01:57:13 `Bat`325235 missed {
 is already Found: false).
 Position: LorenzVec(x=-22.5, y=72.125, z=-14.5)
 DistanceC: 8.078830545774192
Relative Position: LorenzVec(x=8.078830545774192, y=2.3718000194787976, z=0.4540017983538185)
 }
01:57:13 `Bat`325237 missed {
 is already Found: false).
 Position: LorenzVec(x=-22.5, y=72.125, z=-13.5)
 DistanceC: 8.078830545774192
Relative Position: LorenzVec(x=8.078830545774192, y=2.3718000194787976, z=1.4540017983538185)
 }
01:57:13 `Bat`325239 missed {
 is already Found: false).
 Position: LorenzVec(x=-22.5, y=72.125, z=-12.5)
 DistanceC: 8.078830545774192
Relative Position: LorenzVec(x=8.078830545774192, y=2.3718000194787976, z=2.4540017983538185)
 }
01:57:13 `Bat`325241 missed {
 is already Found: false).
 Position: LorenzVec(x=-22.5, y=73.125, z=-14.5)
 DistanceC: 8.078830545774192
Relative Position: LorenzVec(x=8.078830545774192, y=3.3718000194787976, z=0.4540017983538185)
 }
01:57:13 `Bat`325243 missed {
 is already Found: false).
 Position: LorenzVec(x=-22.5, y=73.125, z=-13.5)
 DistanceC: 8.078830545774192
Relative Position: LorenzVec(x=8.078830545774192, y=3.3718000194787976, z=1.4540017983538185)
 }
01:57:13 `Bat`325245 missed {
 is already Found: false).
 Position: LorenzVec(x=-22.5, y=73.125, z=-12.5)
 DistanceC: 8.078830545774192
Relative Position: LorenzVec(x=8.078830545774192, y=3.3718000194787976, z=2.4540017983538185)
 }
01:57:13 `Bat`325247 missed {
 is already Found: false).
 Position: LorenzVec(x=-22.5, y=74.125, z=-14.5)
 DistanceC: 8.078830545774192
Relative Position: LorenzVec(x=8.078830545774192, y=4.371800019478798, z=0.4540017983538185)
 }
01:57:13 `Bat`325249 missed {
 is already Found: false).
 Position: LorenzVec(x=-22.5, y=74.125, z=-13.5)
 DistanceC: 8.078830545774192
Relative Position: LorenzVec(x=8.078830545774192, y=4.371800019478798, z=1.4540017983538185)
 }
01:57:13 `Bat`325251 missed {
 is already Found: false).
 Position: LorenzVec(x=-22.5, y=74.125, z=-12.5)
 DistanceC: 8.078830545774192
Relative Position: LorenzVec(x=8.078830545774192, y=4.371800019478798, z=2.4540017983538185)
 }
01:57:13 `Bat`325253 missed {
 is already Found: false).
 Position: LorenzVec(x=-22.5, y=75.125, z=-14.5)
 DistanceC: 8.078830545774192
Relative Position: LorenzVec(x=8.078830545774192, y=5.371800019478798, z=0.4540017983538185)
 }
01:57:13 `Bat`325255 missed {
 is already Found: false).
 Position: LorenzVec(x=-22.5, y=75.125, z=-13.5)
 DistanceC: 8.078830545774192
Relative Position: LorenzVec(x=8.078830545774192, y=5.371800019478798, z=1.4540017983538185)
 }
01:57:13 `Bat`325257 missed {
 is already Found: false).
 Position: LorenzVec(x=-22.5, y=75.125, z=-12.5)
 DistanceC: 8.078830545774192
Relative Position: LorenzVec(x=8.078830545774192, y=5.371800019478798, z=2.4540017983538185)
 }
01:57:13 `Bat`325259 missed {
 is already Found: false).
 Position: LorenzVec(x=-22.5, y=76.125, z=-14.5)
 DistanceC: 8.078830545774192
Relative Position: LorenzVec(x=8.078830545774192, y=6.371800019478798, z=0.4540017983538185)
 }
01:57:13 `Bat`325261 missed {
 is already Found: false).
 Position: LorenzVec(x=-22.5, y=76.125, z=-13.5)
 DistanceC: 8.078830545774192
Relative Position: LorenzVec(x=8.078830545774192, y=6.371800019478798, z=1.4540017983538185)
 }
01:57:13 `Bat`325263 missed {
 is already Found: false).
 Position: LorenzVec(x=-22.5, y=76.125, z=-12.5)
 DistanceC: 8.078830545774192
Relative Position: LorenzVec(x=8.078830545774192, y=6.371800019478798, z=2.4540017983538185)
 }
01:57:13 `Bat`325265 missed {
 is already Found: false).
 Position: LorenzVec(x=-22.5, y=77.125, z=-14.5)
 DistanceC: 8.078830545774192
Relative Position: LorenzVec(x=8.078830545774192, y=7.371800019478798, z=0.4540017983538185)
 }
01:57:13 `Bat`325267 missed {
 is already Found: false).
 Position: LorenzVec(x=-22.5, y=77.125, z=-13.5)
 DistanceC: 8.078830545774192
Relative Position: LorenzVec(x=8.078830545774192, y=7.371800019478798, z=1.4540017983538185)
 }
01:57:13 `Bat`325269 missed {
 is already Found: false).
 Position: LorenzVec(x=-22.5, y=77.125, z=-12.5)
 DistanceC: 8.078830545774192
Relative Position: LorenzVec(x=8.078830545774192, y=7.371800019478798, z=2.4540017983538185)
 }
01:57:15 `Zombie`313482 missed {
 is already Found: false).
 Position: LorenzVec(x=-19.4375, y=69.0, z=-18.59375)
 DistanceC: 9.862500011920929
Relative Position: LorenzVec(x=9.862500011920929, y=-0.41999998688697815, z=-5.893750011920925)
 }
01:57:39 `Bat`331555 missed {
 is already Found: false).
 Position: LorenzVec(x=-64.5, y=83.125, z=-53.5)
 DistanceC: 9.550000011920929
Relative Position: LorenzVec(x=-9.550000011920929, y=27.109444927297794, z=-5.33174972088738)
 }
01:57:39 `Bat`331557 missed {
 is already Found: false).
 Position: LorenzVec(x=-64.5, y=84.125, z=-53.5)
 DistanceC: 9.550000011920929
Relative Position: LorenzVec(x=-9.550000011920929, y=28.109444927297794, z=-5.33174972088738)
 }
01:57:39 `Bat`331559 missed {
 is already Found: false).
 Position: LorenzVec(x=-64.5, y=85.125, z=-53.5)
 DistanceC: 9.550000011920929
Relative Position: LorenzVec(x=-9.550000011920929, y=29.109444927297794, z=-5.33174972088738)
 }
01:57:39 `Bat`331561 missed {
 is already Found: false).
 Position: LorenzVec(x=-64.5, y=86.125, z=-53.5)
 DistanceC: 9.550000011920929
Relative Position: LorenzVec(x=-9.550000011920929, y=30.109444927297794, z=-5.33174972088738)
 }
01:57:39 `Bat`331563 missed {
 is already Found: false).
 Position: LorenzVec(x=-64.5, y=87.125, z=-53.5)
 DistanceC: 9.550000011920929
Relative Position: LorenzVec(x=-9.550000011920929, y=31.109444927297794, z=-5.33174972088738)
 }
01:57:39 `Bat`331565 missed {
 is already Found: false).
 Position: LorenzVec(x=-64.5, y=88.125, z=-53.5)
 DistanceC: 9.550000011920929
Relative Position: LorenzVec(x=-9.550000011920929, y=32.109444927297794, z=-5.33174972088738)
 }
01:57:40 `Bat`331543 missed {
 is already Found: false).
 Position: LorenzVec(x=-65.5, y=83.125, z=-53.5)
 DistanceC: 9.83142108769043
Relative Position: LorenzVec(x=-9.83142108769043, y=26.205000013113022, z=-6.002198876324762)
 }
01:57:40 `Bat`331545 missed {
 is already Found: false).
 Position: LorenzVec(x=-65.5, y=84.125, z=-53.5)
 DistanceC: 9.83142108769043
Relative Position: LorenzVec(x=-9.83142108769043, y=27.205000013113022, z=-6.002198876324762)
 }
01:57:40 `Bat`331547 missed {
 is already Found: false).
 Position: LorenzVec(x=-65.5, y=85.125, z=-53.5)
 DistanceC: 9.83142108769043
Relative Position: LorenzVec(x=-9.83142108769043, y=28.205000013113022, z=-6.002198876324762)
 }
01:57:40 `Bat`331549 missed {
 is already Found: false).
 Position: LorenzVec(x=-65.5, y=86.125, z=-53.5)
 DistanceC: 9.83142108769043
Relative Position: LorenzVec(x=-9.83142108769043, y=29.205000013113022, z=-6.002198876324762)
 }
01:57:40 `Bat`331551 missed {
 is already Found: false).
 Position: LorenzVec(x=-65.5, y=87.125, z=-53.5)
 DistanceC: 9.83142108769043
Relative Position: LorenzVec(x=-9.83142108769043, y=30.205000013113022, z=-6.002198876324762)
 }
01:57:40 `Bat`331553 missed {
 is already Found: false).
 Position: LorenzVec(x=-65.5, y=88.125, z=-53.5)
 DistanceC: 9.83142108769043
Relative Position: LorenzVec(x=-9.83142108769043, y=31.205000013113022, z=-6.002198876324762)
 }
01:57:40 `Bat`331531 missed {
 is already Found: false).
 Position: LorenzVec(x=-66.5, y=83.125, z=-53.5)
 DistanceC: 9.963270830119328
Relative Position: LorenzVec(x=-9.963270830119328, y=25.458890739061786, z=-6.503740228462057)
 }
01:57:40 `Bat`331533 missed {
 is already Found: false).
 Position: LorenzVec(x=-66.5, y=84.125, z=-53.5)
 DistanceC: 9.963270830119328
Relative Position: LorenzVec(x=-9.963270830119328, y=26.458890739061786, z=-6.503740228462057)
 }
01:57:40 `Bat`331535 missed {
 is already Found: false).
 Position: LorenzVec(x=-66.5, y=85.125, z=-53.5)
 DistanceC: 9.963270830119328
Relative Position: LorenzVec(x=-9.963270830119328, y=27.458890739061786, z=-6.503740228462057)
 }
01:57:40 `Bat`331537 missed {
 is already Found: false).
 Position: LorenzVec(x=-66.5, y=86.125, z=-53.5)
 DistanceC: 9.963270830119328
Relative Position: LorenzVec(x=-9.963270830119328, y=28.458890739061786, z=-6.503740228462057)
 }
01:57:40 `Bat`331539 missed {
 is already Found: false).
 Position: LorenzVec(x=-66.5, y=87.125, z=-53.5)
 DistanceC: 9.963270830119328
Relative Position: LorenzVec(x=-9.963270830119328, y=29.458890739061786, z=-6.503740228462057)
 }
01:57:40 `Bat`331541 missed {
 is already Found: false).
 Position: LorenzVec(x=-66.5, y=88.125, z=-53.5)
 DistanceC: 9.963270830119328
Relative Position: LorenzVec(x=-9.963270830119328, y=30.458890739061786, z=-6.503740228462057)
 }
01:57:40 `Bat`331519 missed {
 is already Found: false).
 Position: LorenzVec(x=-67.5, y=83.125, z=-53.5)
 DistanceC: 10.111168595558084
Relative Position: LorenzVec(x=-10.111168595558084, y=25.454212922781196, z=-6.949851119732443)
 }
01:57:40 `Bat`331521 missed {
 is already Found: false).
 Position: LorenzVec(x=-67.5, y=84.125, z=-53.5)
 DistanceC: 10.111168595558084
Relative Position: LorenzVec(x=-10.111168595558084, y=26.454212922781196, z=-6.949851119732443)
 }
01:57:40 `Bat`331523 missed {
 is already Found: false).
 Position: LorenzVec(x=-67.5, y=85.125, z=-53.5)
 DistanceC: 10.111168595558084
Relative Position: LorenzVec(x=-10.111168595558084, y=27.454212922781196, z=-6.949851119732443)
 }
01:57:40 `Bat`331525 missed {
 is already Found: false).
 Position: LorenzVec(x=-67.5, y=86.125, z=-53.5)
 DistanceC: 10.111168595558084
Relative Position: LorenzVec(x=-10.111168595558084, y=28.454212922781196, z=-6.949851119732443)
 }
01:57:40 `Bat`331527 missed {
 is already Found: false).
 Position: LorenzVec(x=-67.5, y=87.125, z=-53.5)
 DistanceC: 10.111168595558084
Relative Position: LorenzVec(x=-10.111168595558084, y=29.454212922781196, z=-6.949851119732443)
 }
01:57:40 `Bat`331529 missed {
 is already Found: false).
 Position: LorenzVec(x=-67.5, y=88.125, z=-53.5)
 DistanceC: 10.111168595558084
Relative Position: LorenzVec(x=-10.111168595558084, y=30.454212922781196, z=-6.949851119732443)
 }
01:57:40 `Bat`331507 missed {
 is already Found: false).
 Position: LorenzVec(x=-68.5, y=83.125, z=-53.5)
 DistanceC: 10.551039871201233
Relative Position: LorenzVec(x=-10.551039871201233, y=25.83997229621076, z=-7.2261130277364245)
 }
01:57:40 `Bat`331509 missed {
 is already Found: false).
 Position: LorenzVec(x=-68.5, y=84.125, z=-53.5)
 DistanceC: 10.551039871201233
Relative Position: LorenzVec(x=-10.551039871201233, y=26.83997229621076, z=-7.2261130277364245)
 }
01:57:40 `Bat`331511 missed {
 is already Found: false).
 Position: LorenzVec(x=-68.5, y=85.125, z=-53.5)
 DistanceC: 10.551039871201233
Relative Position: LorenzVec(x=-10.551039871201233, y=27.83997229621076, z=-7.2261130277364245)
 }
01:57:40 `Bat`331513 missed {
 is already Found: false).
 Position: LorenzVec(x=-68.5, y=86.125, z=-53.5)
 DistanceC: 10.551039871201233
Relative Position: LorenzVec(x=-10.551039871201233, y=28.83997229621076, z=-7.2261130277364245)
 }
01:57:40 `Bat`331515 missed {
 is already Found: false).
 Position: LorenzVec(x=-68.5, y=87.125, z=-53.5)
 DistanceC: 10.551039871201233
Relative Position: LorenzVec(x=-10.551039871201233, y=29.83997229621076, z=-7.2261130277364245)
 }
01:57:40 `Bat`331517 missed {
 is already Found: false).
 Position: LorenzVec(x=-68.5, y=88.125, z=-53.5)
 DistanceC: 10.551039871201233
Relative Position: LorenzVec(x=-10.551039871201233, y=30.83997229621076, z=-7.2261130277364245)
 }
01:58:20 `Bat`313941 missed {
 is already Found: false).
 Position: LorenzVec(x=-163.5, y=62.125, z=-119.5)
 DistanceC: 7.488729171349121
Relative Position: LorenzVec(x=-7.488729171349121, y=-6.875, z=2.416182063867069)
 }
01:58:20 `Bat`313943 missed {
 is already Found: false).
 Position: LorenzVec(x=-163.5, y=63.125, z=-119.5)
 DistanceC: 7.488729171349121
Relative Position: LorenzVec(x=-7.488729171349121, y=-5.875, z=2.416182063867069)
 }
01:58:20 `Bat`313945 missed {
 is already Found: false).
 Position: LorenzVec(x=-163.5, y=64.125, z=-119.5)
 DistanceC: 7.488729171349121
Relative Position: LorenzVec(x=-7.488729171349121, y=-4.875, z=2.416182063867069)
 }
01:58:20 `Bat`313947 missed {
 is already Found: false).
 Position: LorenzVec(x=-163.5, y=65.125, z=-119.5)
 DistanceC: 7.488729171349121
Relative Position: LorenzVec(x=-7.488729171349121, y=-3.875, z=2.416182063867069)
 }
01:58:20 `Bat`313949 missed {
 is already Found: false).
 Position: LorenzVec(x=-163.5, y=66.125, z=-119.5)
 DistanceC: 7.488729171349121
Relative Position: LorenzVec(x=-7.488729171349121, y=-2.875, z=2.416182063867069)
 }
01:58:20 `Bat`313951 missed {
 is already Found: false).
 Position: LorenzVec(x=-163.5, y=67.125, z=-119.5)
 DistanceC: 7.488729171349121
Relative Position: LorenzVec(x=-7.488729171349121, y=-1.875, z=2.416182063867069)
 }
01:58:20 `Bat`314071 missed {
 is already Found: false).
 Position: LorenzVec(x=-163.5, y=63.125, z=-118.5)
 DistanceC: 7.488729171349121
Relative Position: LorenzVec(x=-7.488729171349121, y=-5.875, z=3.416182063867069)
 }
01:58:20 `Bat`314073 missed {
 is already Found: false).
 Position: LorenzVec(x=-163.5, y=64.125, z=-118.5)
 DistanceC: 7.488729171349121
Relative Position: LorenzVec(x=-7.488729171349121, y=-4.875, z=3.416182063867069)
 }
01:58:20 `Bat`314075 missed {
 is already Found: false).
 Position: LorenzVec(x=-163.5, y=65.125, z=-118.5)
 DistanceC: 7.488729171349121
Relative Position: LorenzVec(x=-7.488729171349121, y=-3.875, z=3.416182063867069)
 }
01:58:20 `Bat`314077 missed {
 is already Found: false).
 Position: LorenzVec(x=-163.5, y=66.125, z=-118.5)
 DistanceC: 7.488729171349121
Relative Position: LorenzVec(x=-7.488729171349121, y=-2.875, z=3.416182063867069)
 }
01:58:20 `Bat`314079 missed {
 is already Found: false).
 Position: LorenzVec(x=-163.5, y=67.125, z=-118.5)
 DistanceC: 7.488729171349121
Relative Position: LorenzVec(x=-7.488729171349121, y=-1.875, z=3.416182063867069)
 }
01:58:20 `Cave Spider`302737 missed {
 is already Found: false).
 Position: LorenzVec(x=-164.5, y=80.0, z=-118.5)
 DistanceC: 7.415638505224678
Relative Position: LorenzVec(x=-7.415638505224678, y=11.0, z=4.3246153700813466)
 }
01:58:20 `Cave Spider`302847 missed {
 is already Found: false).
 Position: LorenzVec(x=-164.5, y=81.0, z=-116.5)
 DistanceC: 7.415638505224678
Relative Position: LorenzVec(x=-7.415638505224678, y=12.0, z=6.3246153700813466)
 }
01:58:20 `Cave Spider`302848 missed {
 is already Found: false).
 Position: LorenzVec(x=-164.5, y=81.0, z=-117.5)
 DistanceC: 7.415638505224678
Relative Position: LorenzVec(x=-7.415638505224678, y=12.0, z=5.3246153700813466)
 }
01:58:20 `Bat`313929 missed {
 is already Found: false).
 Position: LorenzVec(x=-164.5, y=62.125, z=-119.5)
 DistanceC: 7.415638505224678
Relative Position: LorenzVec(x=-7.415638505224678, y=-6.875, z=3.3246153700813466)
 }
01:58:20 `Bat`313931 missed {
 is already Found: false).
 Position: LorenzVec(x=-164.5, y=63.125, z=-119.5)
 DistanceC: 7.415638505224678
Relative Position: LorenzVec(x=-7.415638505224678, y=-5.875, z=3.3246153700813466)
 }
01:58:20 `Bat`313933 missed {
 is already Found: false).
 Position: LorenzVec(x=-164.5, y=64.125, z=-119.5)
 DistanceC: 7.415638505224678
Relative Position: LorenzVec(x=-7.415638505224678, y=-4.875, z=3.3246153700813466)
 }
01:58:20 `Bat`313935 missed {
 is already Found: false).
 Position: LorenzVec(x=-164.5, y=65.125, z=-119.5)
 DistanceC: 7.415638505224678
Relative Position: LorenzVec(x=-7.415638505224678, y=-3.875, z=3.3246153700813466)
 }
01:58:20 `Bat`313937 missed {
 is already Found: false).
 Position: LorenzVec(x=-164.5, y=66.125, z=-119.5)
 DistanceC: 7.415638505224678
Relative Position: LorenzVec(x=-7.415638505224678, y=-2.875, z=3.3246153700813466)
 }
01:58:20 `Bat`313939 missed {
 is already Found: false).
 Position: LorenzVec(x=-164.5, y=67.125, z=-119.5)
 DistanceC: 7.415638505224678
Relative Position: LorenzVec(x=-7.415638505224678, y=-1.875, z=3.3246153700813466)
 }
01:58:20 `Bat`314061 missed {
 is already Found: false).
 Position: LorenzVec(x=-164.5, y=63.125, z=-118.5)
 DistanceC: 7.415638505224678
Relative Position: LorenzVec(x=-7.415638505224678, y=-5.875, z=4.3246153700813466)
 }
01:58:20 `Bat`314063 missed {
 is already Found: false).
 Position: LorenzVec(x=-164.5, y=64.125, z=-118.5)
 DistanceC: 7.415638505224678
Relative Position: LorenzVec(x=-7.415638505224678, y=-4.875, z=4.3246153700813466)
 }
01:58:20 `Bat`314065 missed {
 is already Found: false).
 Position: LorenzVec(x=-164.5, y=65.125, z=-118.5)
 DistanceC: 7.415638505224678
Relative Position: LorenzVec(x=-7.415638505224678, y=-3.875, z=4.3246153700813466)
 }
01:58:20 `Bat`314067 missed {
 is already Found: false).
 Position: LorenzVec(x=-164.5, y=66.125, z=-118.5)
 DistanceC: 7.415638505224678
Relative Position: LorenzVec(x=-7.415638505224678, y=-2.875, z=4.3246153700813466)
 }
01:58:20 `Bat`314069 missed {
 is already Found: false).
 Position: LorenzVec(x=-164.5, y=67.125, z=-118.5)
 DistanceC: 7.415638505224678
Relative Position: LorenzVec(x=-7.415638505224678, y=-1.875, z=4.3246153700813466)
 }
01:58:21 `Cave Spider`302736 missed {
 is already Found: false).
 Position: LorenzVec(x=-165.5, y=81.0, z=-116.5)
 DistanceC: 7.42742071998984
Relative Position: LorenzVec(x=-7.42742071998984, y=12.0, z=7.348312481255235)
 }
01:58:21 `Bat`313917 missed {
 is already Found: false).
 Position: LorenzVec(x=-165.5, y=62.125, z=-119.5)
 DistanceC: 7.42742071998984
Relative Position: LorenzVec(x=-7.42742071998984, y=-6.875, z=4.348312481255235)
 }
01:58:21 `Bat`313919 missed {
 is already Found: false).
 Position: LorenzVec(x=-165.5, y=63.125, z=-119.5)
 DistanceC: 7.42742071998984
Relative Position: LorenzVec(x=-7.42742071998984, y=-5.875, z=4.348312481255235)
 }
01:58:21 `Bat`313921 missed {
 is already Found: false).
 Position: LorenzVec(x=-165.5, y=64.125, z=-119.5)
 DistanceC: 7.42742071998984
Relative Position: LorenzVec(x=-7.42742071998984, y=-4.875, z=4.348312481255235)
 }
01:58:21 `Bat`313923 missed {
 is already Found: false).
 Position: LorenzVec(x=-165.5, y=65.125, z=-119.5)
 DistanceC: 7.42742071998984
Relative Position: LorenzVec(x=-7.42742071998984, y=-3.875, z=4.348312481255235)
 }
01:58:21 `Bat`313925 missed {
 is already Found: false).
 Position: LorenzVec(x=-165.5, y=66.125, z=-119.5)
 DistanceC: 7.42742071998984
Relative Position: LorenzVec(x=-7.42742071998984, y=-2.875, z=4.348312481255235)
 }
01:58:21 `Bat`313927 missed {
 is already Found: false).
 Position: LorenzVec(x=-165.5, y=67.125, z=-119.5)
 DistanceC: 7.42742071998984
Relative Position: LorenzVec(x=-7.42742071998984, y=-1.875, z=4.348312481255235)
 }
01:58:21 `Bat`314051 missed {
 is already Found: false).
 Position: LorenzVec(x=-165.5, y=63.125, z=-118.5)
 DistanceC: 7.42742071998984
Relative Position: LorenzVec(x=-7.42742071998984, y=-5.875, z=5.348312481255235)
 }
01:58:21 `Bat`314053 missed {
 is already Found: false).
 Position: LorenzVec(x=-165.5, y=64.125, z=-118.5)
 DistanceC: 7.42742071998984
Relative Position: LorenzVec(x=-7.42742071998984, y=-4.875, z=5.348312481255235)
 }
01:58:21 `Bat`314055 missed {
 is already Found: false).
 Position: LorenzVec(x=-165.5, y=65.125, z=-118.5)
 DistanceC: 7.42742071998984
Relative Position: LorenzVec(x=-7.42742071998984, y=-3.875, z=5.348312481255235)
 }
01:58:21 `Bat`314057 missed {
 is already Found: false).
 Position: LorenzVec(x=-165.5, y=66.125, z=-118.5)
 DistanceC: 7.42742071998984
Relative Position: LorenzVec(x=-7.42742071998984, y=-2.875, z=5.348312481255235)
 }
01:58:21 `Bat`314059 missed {
 is already Found: false).
 Position: LorenzVec(x=-165.5, y=67.125, z=-118.5)
 DistanceC: 7.42742071998984
Relative Position: LorenzVec(x=-7.42742071998984, y=-1.875, z=5.348312481255235)
 }
01:58:21 `Cave Spider`302738 missed {
 is already Found: false).
 Position: LorenzVec(x=-166.5, y=81.0, z=-118.5)
 DistanceC: 7.454825078040187
Relative Position: LorenzVec(x=-7.454825078040187, y=12.0, z=6.392470893961274)
 }
01:58:21 `Cave Spider`302849 missed {
 is already Found: false).
 Position: LorenzVec(x=-166.5, y=80.0, z=-118.5)
 DistanceC: 7.454825078040187
Relative Position: LorenzVec(x=-7.454825078040187, y=11.0, z=6.392470893961274)
 }
01:58:21 `Bat`313905 missed {
 is already Found: false).
 Position: LorenzVec(x=-166.5, y=62.125, z=-119.5)
 DistanceC: 7.454825078040187
Relative Position: LorenzVec(x=-7.454825078040187, y=-6.875, z=5.392470893961274)
 }
01:58:21 `Bat`313907 missed {
 is already Found: false).
 Position: LorenzVec(x=-166.5, y=63.125, z=-119.5)
 DistanceC: 7.454825078040187
Relative Position: LorenzVec(x=-7.454825078040187, y=-5.875, z=5.392470893961274)
 }
01:58:21 `Bat`313909 missed {
 is already Found: false).
 Position: LorenzVec(x=-166.5, y=64.125, z=-119.5)
 DistanceC: 7.454825078040187
Relative Position: LorenzVec(x=-7.454825078040187, y=-4.875, z=5.392470893961274)
 }
01:58:21 `Bat`313911 missed {
 is already Found: false).
 Position: LorenzVec(x=-166.5, y=65.125, z=-119.5)
 DistanceC: 7.454825078040187
Relative Position: LorenzVec(x=-7.454825078040187, y=-3.875, z=5.392470893961274)
 }
01:58:21 `Bat`313913 missed {
 is already Found: false).
 Position: LorenzVec(x=-166.5, y=66.125, z=-119.5)
 DistanceC: 7.454825078040187
Relative Position: LorenzVec(x=-7.454825078040187, y=-2.875, z=5.392470893961274)
 }
01:58:21 `Bat`313915 missed {
 is already Found: false).
 Position: LorenzVec(x=-166.5, y=67.125, z=-119.5)
 DistanceC: 7.454825078040187
Relative Position: LorenzVec(x=-7.454825078040187, y=-1.875, z=5.392470893961274)
 }
01:58:21 `Bat`314041 missed {
 is already Found: false).
 Position: LorenzVec(x=-166.5, y=63.125, z=-118.5)
 DistanceC: 7.454825078040187
Relative Position: LorenzVec(x=-7.454825078040187, y=-5.875, z=6.392470893961274)
 }
01:58:21 `Bat`314043 missed {
 is already Found: false).
 Position: LorenzVec(x=-166.5, y=64.125, z=-118.5)
 DistanceC: 7.454825078040187
Relative Position: LorenzVec(x=-7.454825078040187, y=-4.875, z=6.392470893961274)
 }
01:58:21 `Bat`314045 missed {
 is already Found: false).
 Position: LorenzVec(x=-166.5, y=65.125, z=-118.5)
 DistanceC: 7.454825078040187
Relative Position: LorenzVec(x=-7.454825078040187, y=-3.875, z=6.392470893961274)
 }
01:58:21 `Bat`314047 missed {
 is already Found: false).
 Position: LorenzVec(x=-166.5, y=66.125, z=-118.5)
 DistanceC: 7.454825078040187
Relative Position: LorenzVec(x=-7.454825078040187, y=-2.875, z=6.392470893961274)
 }
01:58:21 `Bat`314049 missed {
 is already Found: false).
 Position: LorenzVec(x=-166.5, y=67.125, z=-118.5)
 DistanceC: 7.454825078040187
Relative Position: LorenzVec(x=-7.454825078040187, y=-1.875, z=6.392470893961274)
 }
01:58:23 `Dinnerbone`302800 missed {
 is already Found: false).
 Position: LorenzVec(x=-171.5, y=96.0, z=-127.5)
 DistanceC: 6.199999988079071
Relative Position: LorenzVec(x=-4.516118633090002, y=29.0, z=6.199999988079071)
 }
01:58:23 `Crypt Souleater`302708 missed {
 is already Found: false).
 Position: LorenzVec(x=-171.90625, y=96.0, z=-116.03125)
 DistanceC: 17.66874998807907
Relative Position: LorenzVec(x=-4.922368633090002, y=29.0, z=17.66874998807907)
 }
01:58:23 `Skeleton`302890 missed {
 is already Found: false).
 Position: LorenzVec(x=-171.59375, y=96.0, z=-135.21875)
 DistanceC: 4.609868633090002
Relative Position: LorenzVec(x=-4.609868633090002, y=29.0, z=-1.518750011920929)
 }
01:58:23 `Zombie`302798 missed {
 is already Found: false).
 Position: LorenzVec(x=-172.46875, y=96.0, z=-131.5)
 DistanceC: 5.651303770481093
Relative Position: LorenzVec(x=-5.651303770481093, y=29.0, z=2.199999988079071)
 }
01:58:23 `Dinnerbone`302796 missed {
 is already Found: false).
 Position: LorenzVec(x=-173.5, y=96.0, z=-131.5)
 DistanceC: 7.173409332762191
Relative Position: LorenzVec(x=-7.173409332762191, y=29.0, z=2.199999988079071)
 }
01:58:23 `Dinnerbone`302802 missed {
 is already Found: false).
 Position: LorenzVec(x=-173.5, y=96.0, z=-132.5)
 DistanceC: 7.173409332762191
Relative Position: LorenzVec(x=-7.173409332762191, y=29.0, z=1.199999988079071)
 }
01:58:23 `Crypt Souleater`302706 missed {
 is already Found: false).
 Position: LorenzVec(x=-173.6875, y=96.0, z=-117.6875)
 DistanceC: 16.01249998807907
Relative Position: LorenzVec(x=-7.652209483380034, y=29.0, z=16.01249998807907)
 }
01:58:25 `Zombie Commander`302888 missed {
 is already Found: false).
 Position: LorenzVec(x=-175.4375, y=96.0, z=-134.78125)
 DistanceC: 16.13749998807907
Relative Position: LorenzVec(x=-16.13749998807907, y=28.15247229621076, z=-8.481249988079057)
 }
01:58:25 `Crypt Dreadlord`302886 missed {
 is already Found: false).
 Position: LorenzVec(x=-176.1875, y=96.0, z=-133.90625)
 DistanceC: 16.88749998807907
Relative Position: LorenzVec(x=-16.88749998807907, y=28.833419621906955, z=-7.606249988079057)
 }
01:58:25 `Zombie Commander`302804 missed {
 is already Found: false).
 Position: LorenzVec(x=-176.53125, y=96.0, z=-128.90625)
 DistanceC: 17.23124998807907
Relative Position: LorenzVec(x=-17.23124998807907, y=28.9375, z=-2.606249988079057)
 }
01:58:33 `Cave Spider`302393 missed {
 is already Found: false).
 Position: LorenzVec(x=-113.5, y=76.90625, z=-101.5)
 DistanceC: 13.84330303176155
Relative Position: LorenzVec(x=-12.789233761414962, y=2.40625, z=13.84330303176155)
 }
01:58:33 `Cave Spider`302396 missed {
 is already Found: false).
 Position: LorenzVec(x=-113.5, y=76.90625, z=-100.5)
 DistanceC: 15.008192197630237
Relative Position: LorenzVec(x=-13.240082023922795, y=1.90625, z=15.008192197630237)
 }
01:58:33 `Cave Spider`302394 missed {
 is already Found: false).
 Position: LorenzVec(x=-111.5, y=76.90625, z=-100.5)
 DistanceC: 15.137926238984065
Relative Position: LorenzVec(x=-11.703115198842553, y=1.90625, z=15.137926238984065)
 }
01:58:34 `Cave Spider`302397 missed {
 is already Found: false).
 Position: LorenzVec(x=-113.5, y=76.90625, z=-99.5)
 DistanceC: 16.24049017780021
Relative Position: LorenzVec(x=-16.24049017780021, y=0.90625, z=15.179798226901667)
 }
01:58:34 `Cave Spider`302395 missed {
 is already Found: false).
 Position: LorenzVec(x=-111.5, y=76.90625, z=-99.5)
 DistanceC: 14.881619929159058
Relative Position: LorenzVec(x=-14.603234300060592, y=0.90625, z=14.881619929159058)
 }
01:59:05 `Bat`302061 missed {
 is already Found: false).
 Position: LorenzVec(x=-41.5, y=64.07291666666666, z=-121.5)
 DistanceC: 9.704773246993483
Relative Position: LorenzVec(x=9.704773246993483, y=-4.989583333333343, z=-0.2919083093361792)
 }
01:59:05 `Bat`302063 missed {
 is already Found: false).
 Position: LorenzVec(x=-41.5, y=64.07291666666666, z=-120.5)
 DistanceC: 9.704773246993483
Relative Position: LorenzVec(x=9.704773246993483, y=-4.989583333333343, z=0.7080916906638208)
 }
01:59:05 `Bat`302065 missed {
 is already Found: false).
 Position: LorenzVec(x=-41.5, y=64.07291666666666, z=-119.5)
 DistanceC: 9.229913994990056
Relative Position: LorenzVec(x=9.229913994990056, y=-4.989583333333343, z=1.6766468694742542)
 }
01:59:05 `Bat`302067 missed {
 is already Found: false).
 Position: LorenzVec(x=-41.5, y=65.07291666666666, z=-121.5)
 DistanceC: 9.229913994990056
Relative Position: LorenzVec(x=9.229913994990056, y=-3.989583333333343, z=-0.32335313052574577)
 }
01:59:05 `Bat`302069 missed {
 is already Found: false).
 Position: LorenzVec(x=-41.5, y=65.07291666666666, z=-120.5)
 DistanceC: 9.229913994990056
Relative Position: LorenzVec(x=9.229913994990056, y=-3.989583333333343, z=0.6766468694742542)
 }
01:59:05 `Bat`302071 missed {
 is already Found: false).
 Position: LorenzVec(x=-41.5, y=65.07291666666666, z=-119.5)
 DistanceC: 9.229913994990056
Relative Position: LorenzVec(x=9.229913994990056, y=-3.989583333333343, z=1.6766468694742542)
 }
01:59:05 `Bat`302073 missed {
 is already Found: false).
 Position: LorenzVec(x=-41.5, y=66.07291666666666, z=-121.5)
 DistanceC: 9.229913994990056
Relative Position: LorenzVec(x=9.229913994990056, y=-2.989583333333343, z=-0.32335313052574577)
 }
01:59:05 `Bat`302075 missed {
 is already Found: false).
 Position: LorenzVec(x=-41.5, y=66.07291666666666, z=-120.5)
 DistanceC: 9.229913994990056
Relative Position: LorenzVec(x=9.229913994990056, y=-2.989583333333343, z=0.6766468694742542)
 }
01:59:05 `Bat`302077 missed {
 is already Found: false).
 Position: LorenzVec(x=-41.5, y=66.07291666666666, z=-119.5)
 DistanceC: 9.229913994990056
Relative Position: LorenzVec(x=9.229913994990056, y=-2.989583333333343, z=1.6766468694742542)
 }
01:59:05 `Bat`302079 missed {
 is already Found: false).
 Position: LorenzVec(x=-41.5, y=67.07291666666666, z=-121.5)
 DistanceC: 9.229913994990056
Relative Position: LorenzVec(x=9.229913994990056, y=-1.9895833333333428, z=-0.32335313052574577)
 }
01:59:05 `Bat`302081 missed {
 is already Found: false).
 Position: LorenzVec(x=-41.5, y=67.07291666666666, z=-120.5)
 DistanceC: 9.229913994990056
Relative Position: LorenzVec(x=9.229913994990056, y=-1.9895833333333428, z=0.6766468694742542)
 }
01:59:05 `Bat`302083 missed {
 is already Found: false).
 Position: LorenzVec(x=-41.5, y=67.07291666666666, z=-119.5)
 DistanceC: 9.229913994990056
Relative Position: LorenzVec(x=9.229913994990056, y=-1.9895833333333428, z=1.6766468694742542)
 }
01:59:06 `Bat`302085 missed {
 is already Found: false).
 Position: LorenzVec(x=-40.5, y=64.07291666666666, z=-121.5)
 DistanceC: 7.262615413756848
Relative Position: LorenzVec(x=7.262615413756848, y=-5.742783313854545, z=-0.5254922129767152)
 }
01:59:06 `Bat`302087 missed {
 is already Found: false).
 Position: LorenzVec(x=-40.5, y=64.07291666666666, z=-120.5)
 DistanceC: 7.262615413756848
Relative Position: LorenzVec(x=7.262615413756848, y=-5.742783313854545, z=0.4745077870232848)
 }
01:59:06 `Bat`302089 missed {
 is already Found: false).
 Position: LorenzVec(x=-40.5, y=64.07291666666666, z=-119.5)
 DistanceC: 7.262615413756848
Relative Position: LorenzVec(x=7.262615413756848, y=-5.742783313854545, z=1.4745077870232848)
 }
01:59:06 `Bat`302091 missed {
 is already Found: false).
 Position: LorenzVec(x=-40.5, y=65.07291666666666, z=-121.5)
 DistanceC: 7.262615413756848
Relative Position: LorenzVec(x=7.262615413756848, y=-4.742783313854545, z=-0.5254922129767152)
 }
01:59:06 `Bat`302093 missed {
 is already Found: false).
 Position: LorenzVec(x=-40.5, y=65.07291666666666, z=-120.5)
 DistanceC: 7.262615413756848
Relative Position: LorenzVec(x=7.262615413756848, y=-4.742783313854545, z=0.4745077870232848)
 }
01:59:06 `Bat`302095 missed {
 is already Found: false).
 Position: LorenzVec(x=-40.5, y=65.07291666666666, z=-119.5)
 DistanceC: 7.262615413756848
Relative Position: LorenzVec(x=7.262615413756848, y=-4.742783313854545, z=1.4745077870232848)
 }
01:59:06 `Bat`302097 missed {
 is already Found: false).
 Position: LorenzVec(x=-40.5, y=66.07291666666666, z=-121.5)
 DistanceC: 7.262615413756848
Relative Position: LorenzVec(x=7.262615413756848, y=-3.742783313854545, z=-0.5254922129767152)
 }
01:59:06 `Bat`302099 missed {
 is already Found: false).
 Position: LorenzVec(x=-40.5, y=66.07291666666666, z=-120.5)
 DistanceC: 7.262615413756848
Relative Position: LorenzVec(x=7.262615413756848, y=-3.742783313854545, z=0.4745077870232848)
 }
01:59:06 `Bat`302101 missed {
 is already Found: false).
 Position: LorenzVec(x=-40.5, y=66.07291666666666, z=-119.5)
 DistanceC: 7.262615413756848
Relative Position: LorenzVec(x=7.262615413756848, y=-3.742783313854545, z=1.4745077870232848)
 }
01:59:06 `Bat`302103 missed {
 is already Found: false).
 Position: LorenzVec(x=-40.5, y=67.07291666666666, z=-121.5)
 DistanceC: 7.262615413756848
Relative Position: LorenzVec(x=7.262615413756848, y=-2.742783313854545, z=-0.5254922129767152)
 }
01:59:06 `Bat`302105 missed {
 is already Found: false).
 Position: LorenzVec(x=-40.5, y=67.07291666666666, z=-120.5)
 DistanceC: 7.262615413756848
Relative Position: LorenzVec(x=7.262615413756848, y=-2.742783313854545, z=0.4745077870232848)
 }
01:59:06 `Bat`302107 missed {
 is already Found: false).
 Position: LorenzVec(x=-40.5, y=67.07291666666666, z=-119.5)
 DistanceC: 7.262615413756848
Relative Position: LorenzVec(x=7.262615413756848, y=-2.742783313854545, z=1.4745077870232848)
 }
01:59:06 `Bat`302109 missed {
 is already Found: false).
 Position: LorenzVec(x=-39.5, y=64.07291666666666, z=-121.5)
 DistanceC: 6.0821899329397695
Relative Position: LorenzVec(x=6.0821899329397695, y=-6.005138406035542, z=-0.6748556671846728)
 }
01:59:06 `Bat`302111 missed {
 is already Found: false).
 Position: LorenzVec(x=-39.5, y=64.07291666666666, z=-120.5)
 DistanceC: 6.0821899329397695
Relative Position: LorenzVec(x=6.0821899329397695, y=-6.005138406035542, z=0.3251443328153272)
 }
01:59:06 `Bat`302113 missed {
 is already Found: false).
 Position: LorenzVec(x=-39.5, y=64.07291666666666, z=-119.5)
 DistanceC: 6.0821899329397695
Relative Position: LorenzVec(x=6.0821899329397695, y=-6.005138406035542, z=1.3251443328153272)
 }
01:59:06 `Bat`302115 missed {
 is already Found: false).
 Position: LorenzVec(x=-39.5, y=65.07291666666666, z=-121.5)
 DistanceC: 6.0821899329397695
Relative Position: LorenzVec(x=6.0821899329397695, y=-5.005138406035542, z=-0.6748556671846728)
 }
01:59:06 `Bat`302117 missed {
 is already Found: false).
 Position: LorenzVec(x=-39.5, y=65.07291666666666, z=-120.5)
 DistanceC: 6.0821899329397695
Relative Position: LorenzVec(x=6.0821899329397695, y=-5.005138406035542, z=0.3251443328153272)
 }
01:59:06 `Bat`302119 missed {
 is already Found: false).
 Position: LorenzVec(x=-39.5, y=65.07291666666666, z=-119.5)
 DistanceC: 6.0821899329397695
Relative Position: LorenzVec(x=6.0821899329397695, y=-5.005138406035542, z=1.3251443328153272)
 }
01:59:06 `Bat`302121 missed {
 is already Found: false).
 Position: LorenzVec(x=-39.5, y=66.07291666666666, z=-121.5)
 DistanceC: 6.0821899329397695
Relative Position: LorenzVec(x=6.0821899329397695, y=-4.005138406035542, z=-0.6748556671846728)
 }
01:59:06 `Bat`302123 missed {
 is already Found: false).
 Position: LorenzVec(x=-39.5, y=66.07291666666666, z=-120.5)
 DistanceC: 6.0821899329397695
Relative Position: LorenzVec(x=6.0821899329397695, y=-4.005138406035542, z=0.3251443328153272)
 }
01:59:06 `Bat`302125 missed {
 is already Found: false).
 Position: LorenzVec(x=-39.5, y=66.07291666666666, z=-119.5)
 DistanceC: 6.0821899329397695
Relative Position: LorenzVec(x=6.0821899329397695, y=-4.005138406035542, z=1.3251443328153272)
 }
01:59:06 `Bat`302127 missed {
 is already Found: false).
 Position: LorenzVec(x=-39.5, y=67.07291666666666, z=-121.5)
 DistanceC: 6.0821899329397695
Relative Position: LorenzVec(x=6.0821899329397695, y=-3.0051384060355417, z=-0.6748556671846728)
 }
01:59:06 `Bat`302129 missed {
 is already Found: false).
 Position: LorenzVec(x=-39.5, y=67.07291666666666, z=-120.5)
 DistanceC: 6.0821899329397695
Relative Position: LorenzVec(x=6.0821899329397695, y=-3.0051384060355417, z=0.3251443328153272)
 }
01:59:06 `Bat`302131 missed {
 is already Found: false).
 Position: LorenzVec(x=-39.5, y=67.07291666666666, z=-119.5)
 DistanceC: 5.750680499070526
Relative Position: LorenzVec(x=5.750680499070526, y=-2.7746110371225825, z=1.283955359844967)
 }
02:01:55 `Skeleton`350772 missed {
 is already Found: false).
 Position: LorenzVec(x=69.90625, y=221.0, z=35.65625)
 DistanceC: 6.86214515606305
Relative Position: LorenzVec(x=-6.86214515606305, y=0.0, z=0.5119097934035608)
 }
02:01:55 `Skeleton`350788 missed {
 is already Found: false).
 Position: LorenzVec(x=69.84375, y=221.0, z=36.9375)
 DistanceC: 6.92464515606305
Relative Position: LorenzVec(x=-6.92464515606305, y=0.0, z=1.7931597934035608)
 }
02:01:57 `Skeleton`350841 missed {
 is already Found: false).
 Position: LorenzVec(x=56.34375, y=222.0, z=40.59375)
 DistanceC: 21.31042471100409
Relative Position: LorenzVec(x=-21.31042471100409, y=1.0, z=-0.41195428428407155)
 }
02:01:58 `Skeleton`350845 missed {
 is already Found: false).
 Position: LorenzVec(x=58.40277777777777, y=221.0, z=38.545138888888886)
 DistanceC: 19.04108298945485
Relative Position: LorenzVec(x=-19.04108298945485, y=0.0, z=-7.28026122906504)
 }
02:01:58 `Skeleton`350849 missed {
 is already Found: false).
 Position: LorenzVec(x=58.10185185185185, y=221.27083333333331, z=43.34375)
 DistanceC: 19.19703871465056
Relative Position: LorenzVec(x=-19.19703871465056, y=0.2708333333333144, z=-4.611931634159525)
 }
02:01:58 `Skeleton`350869 missed {
 is already Found: false).
 Position: LorenzVec(x=59.12847222222222, y=222.0, z=40.270833333333336)
 DistanceC: 18.11237810234865
Relative Position: LorenzVec(x=-18.11237810234865, y=1.0, z=-8.537416211083837)
 }
02:02:02 `Skeleton`350865 missed {
 is already Found: false).
 Position: LorenzVec(x=51.625, y=221.0, z=45.59375)
 DistanceC: 21.73521660992631
Relative Position: LorenzVec(x=-21.73521660992631, y=-3.0, z=-19.47075523206628)
 }
02:02:02 `Skeleton`350861 missed {
 is already Found: false).
 Position: LorenzVec(x=51.34375, y=221.0, z=44.34375)
 DistanceC: 21.33897282301362
Relative Position: LorenzVec(x=-21.33897282301362, y=-2.0, z=-18.61583419510191)
 }
02:02:03 `Skeleton`350857 missed {
 is already Found: false).
 Position: LorenzVec(x=50.34375, y=221.0, z=46.21875)
 DistanceC: 21.870953086693547
Relative Position: LorenzVec(x=-21.870953086693547, y=0.0, z=-12.519477594468768)
 }
02:02:03 `Skeleton`350915 missed {
 is already Found: false).
 Position: LorenzVec(x=85.28125, y=221.0, z=69.625)
 DistanceC: 13.066546913306453
Relative Position: LorenzVec(x=13.066546913306453, y=0.0, z=10.886772405531232)
 }
02:02:03 `Skeleton`350891 missed {
 is already Found: false).
 Position: LorenzVec(x=73.27297668038409, y=225.0, z=76.86496913580247)
 DistanceC: 16.66037183712728
Relative Position: LorenzVec(x=1.0171770878476707, y=3.5, z=16.66037183712728)
 }
02:02:03 `Skeleton`350883 missed {
 is already Found: false).
 Position: LorenzVec(x=73.4375, y=224.90625, z=78.25)
 DistanceC: 15.613829992306478
Relative Position: LorenzVec(x=1.8776160021564436, y=2.40625, z=15.613829992306478)
 }
02:02:04 `Skeleton`350895 missed {
 is already Found: false).
 Position: LorenzVec(x=74.65625, y=225.0, z=76.375)
 DistanceC: 12.14561078289475
Relative Position: LorenzVec(x=2.649202157288741, y=1.5, z=12.14561078289475)
 }
02:02:04 `Skeleton`350927 missed {
 is already Found: false).
 Position: LorenzVec(x=72.33054962827481, y=222.16404278649935, z=77.52693261105185)
 DistanceC: 13.297543393946597
Relative Position: LorenzVec(x=0.32350178556355047, y=-1.3359572135006488, z=13.297543393946597)
 }
02:02:20 `Skeleton`350853 missed {
 is already Found: false).
 Position: LorenzVec(x=57.5, y=221.0, z=44.572916666666664)
 DistanceC: 12.229055442810065
Relative Position: LorenzVec(x=-12.229055442810065, y=0.0, z=-3.2378555449584425)
 }
02:02:57 `Skeleton`354876 missed {
 is already Found: false).
 Position: LorenzVec(x=75.40625, y=221.0, z=68.84375)
 DistanceC: 16.433325069994275
Relative Position: LorenzVec(x=-4.066074155797878, y=-10.48158898882403, z=16.433325069994275)
 }
02:05:06 `b4rm74x6y9`361718 missed {
 is already Found: false).
 Position: LorenzVec(x=87.375, y=239.0, z=31.34375)
 DistanceC: 1.9142467660841973
Relative Position: LorenzVec(x=-0.6680356556710763, y=19.54726350856876, z=-1.9142467660841973)
 }
02:05:10 `Creeper`361905 missed {
 is already Found: true).
 Position: LorenzVec(x=87.97722336534065, y=239.6024662780064, z=33.17291095107453)
 DistanceC: 1.9000960735105892
Relative Position: LorenzVec(x=-0.6848212912247789, y=-10.597533769677312, z=1.9000960735105892)
 }
02:05:18 `Skeleton`360745 missed {
 is already Found: false).
 Position: LorenzVec(x=73.5, y=221.0, z=68.84375)
 DistanceC: 20.872548424671358
Relative Position: LorenzVec(x=-16.426836964605087, y=-2.015555072702199, z=20.872548424671358)
 }
02:05:23 `Skeleton`361593 missed {
 is already Found: false).
 Position: LorenzVec(x=73.76552735863436, y=222.32021604938274, z=69.61931774881879)
 DistanceC: 13.517988893854401
Relative Position: LorenzVec(x=-2.0034348323616484, y=0.8395051730510374, z=13.517988893854401)
 }
02:05:33 `Skeleton`350821 missed {
 is already Found: false).
 Position: LorenzVec(x=47.75, y=221.0, z=69.3125)
 DistanceC: 18.706683901443192
Relative Position: LorenzVec(x=-15.363269493597002, y=56.0, z=18.706683901443192)
 }
02:05:37 `Skeleton`365096 missed {
 is already Found: false).
 Position: LorenzVec(x=71.97646604938272, y=165.0, z=59.50733024691358)
 DistanceC: 8.121396572033056
Relative Position: LorenzVec(x=6.296673517134494, y=0.0, z=8.121396572033056)
 }
02:05:38 `Skeleton`365280 missed {
 is already Found: false).
 Position: LorenzVec(x=68.19560185185185, y=165.0, z=61.25115740740741)
 DistanceC: 9.508531226283665
Relative Position: LorenzVec(x=0.9155498507365394, y=0.0, z=9.508531226283665)
 }
02:05:38 `Skeleton`365288 missed {
 is already Found: false).
 Position: LorenzVec(x=67.14120370370371, y=165.0, z=64.73842592592592)
 DistanceC: 12.995799744802177
Relative Position: LorenzVec(x=-0.13884829741159876, y=0.0, z=12.995799744802177)
 }
02:05:38 `Skeleton`365304 missed {
 is already Found: false).
 Position: LorenzVec(x=66.87152777777777, y=165.0, z=62.776620370370374)
 DistanceC: 11.033994189246627
Relative Position: LorenzVec(x=-0.4085242233375368, y=0.0, z=11.033994189246627)
 }
02:05:39 `Skeleton`365530 missed {
 is already Found: false).
 Position: LorenzVec(x=69.1875, y=165.0, z=45.3125)
 DistanceC: 7.930217579021445
Relative Position: LorenzVec(x=-1.0995234994836096, y=0.0, z=-7.930217579021445)
 }
02:05:39 `Skeleton`365550 missed {
 is already Found: false).
 Position: LorenzVec(x=79.20491826703245, y=165.0, z=58.44030064014632)
 DistanceC: 8.917894767548844
Relative Position: LorenzVec(x=8.917894767548844, y=0.0, z=5.197583061124874)
 }
02:05:44 `Skeleton`358923 missed {
 is already Found: false).
 Position: LorenzVec(x=74.6875, y=221.0, z=77.34375)
 DistanceC: 20.832232221926475
Relative Position: LorenzVec(x=20.832232221926475, y=52.0, z=17.852450423497835)
 }
02:05:44 `Skeleton`361559 missed {
 is already Found: false).
 Position: LorenzVec(x=70.625, y=221.0, z=77.34375)
 DistanceC: 17.852450423497835
Relative Position: LorenzVec(x=16.769732221926475, y=52.0, z=17.852450423497835)
 }
02:05:44 `Skeleton`362315 missed {
 is already Found: false).
 Position: LorenzVec(x=71.6875, y=221.0, z=77.34375)
 DistanceC: 17.852450423497835
Relative Position: LorenzVec(x=17.832232221926475, y=52.0, z=17.852450423497835)
 }
02:05:44 `Skeleton`357322 missed {
 is already Found: false).
 Position: LorenzVec(x=73.625, y=221.0, z=77.34375)
 DistanceC: 20.149596078238048
Relative Position: LorenzVec(x=20.149596078238048, y=52.0, z=19.4044211014796)
 }
02:05:44 `Skeleton`357361 missed {
 is already Found: false).
 Position: LorenzVec(x=69.6875, y=221.0, z=77.34375)
 DistanceC: 19.4044211014796
Relative Position: LorenzVec(x=16.212096078238048, y=52.0, z=19.4044211014796)
 }
02:05:44 `Skeleton`361553 missed {
 is already Found: false).
 Position: LorenzVec(x=72.65625, y=221.0, z=77.34375)
 DistanceC: 19.4044211014796
Relative Position: LorenzVec(x=19.180846078238048, y=52.0, z=19.4044211014796)
 }
02:05:44 `Skeleton`361565 missed {
 is already Found: false).
 Position: LorenzVec(x=72.34375, y=221.0, z=78.3125)
 DistanceC: 21.24291114308241
Relative Position: LorenzVec(x=20.437894609539924, y=52.0, z=21.24291114308241)
 }
02:05:45 `Skeleton`359508 missed {
 is already Found: false).
 Position: LorenzVec(x=71.40625, y=221.0, z=78.40625)
 DistanceC: 21.47752539700383
Relative Position: LorenzVec(x=21.47752539700383, y=52.0, z=20.567012307835434)
 }
02:05:45 `Skeleton`355932 missed {
 is already Found: false).
 Position: LorenzVec(x=68.125, y=221.0, z=78.9375)
 DistanceC: 20.886227518566677
Relative Position: LorenzVec(x=20.011893836118958, y=52.0, z=20.886227518566677)
 }
02:06:13 `Skeleton`365708 missed {
 is already Found: false).
 Position: LorenzVec(x=34.90625, y=162.375, z=84.46875)
 DistanceC: 8.473534815807582
Relative Position: LorenzVec(x=-4.168533901783135, y=-7.625, z=-8.473534815807582)
 }
02:06:48 `ao44u4hx2q`378141 missed {
 is already Found: false).
 Position: LorenzVec(x=44.84375, y=169.0, z=66.5625)
 DistanceC: 5.71966126594144
Relative Position: LorenzVec(x=3.9473177634980274, y=-0.3645024144840363, z=5.71966126594144)
 }
02:06:48 `2tsu1kt49l`378146 missed {
 is already Found: false).
 Position: LorenzVec(x=44.15625, y=169.0, z=62.25)
 DistanceC: 3.232319198950968
Relative Position: LorenzVec(x=3.232319198950968, y=-0.3645024144840363, z=1.3965136403385827)
 }
02:06:50 `714it0eb8n`378469 missed {
 is already Found: false).
 Position: LorenzVec(x=56.59375, y=169.0, z=54.78125)
 DistanceC: 15.592921428071485
Relative Position: LorenzVec(x=15.592921428071485, y=-0.3645024144840363, z=-6.361703689702914)
 }
02:07:24 `500i968l2h`381491 missed {
 is already Found: false).
 Position: LorenzVec(x=44.6875, y=169.0, z=41.84375)
 DistanceC: 3.013735160391562
Relative Position: LorenzVec(x=0.5591795822078183, y=0.0, z=-3.013735160391562)
 }
02:07:29 `Skeleton`381979 missed {
 is already Found: false).
 Position: LorenzVec(x=43.39583333333333, y=169.0, z=55.46875)
 DistanceC: 7.721443105204919
Relative Position: LorenzVec(x=7.721443105204919, y=0.0, z=-3.797904142880064)
 }
02:07:29 `Skeleton`381995 missed {
 is already Found: false).
 Position: LorenzVec(x=45.125, y=169.0, z=54.8125)
 DistanceC: 9.45060977187159
Relative Position: LorenzVec(x=9.45060977187159, y=0.0, z=-4.454154142880064)
 }
02:07:33 `Skeleton`365196 missed {
 is already Found: false).
 Position: LorenzVec(x=39.46875, y=162.1875, z=27.5)
 DistanceC: 21.530114874989856
Relative Position: LorenzVec(x=-7.900532075832437, y=-6.8125, z=-21.530114874989856)
 }
02:07:36 `Skeleton`359503 missed {
 is already Found: false).
 Position: LorenzVec(x=69.65625, y=221.0, z=79.53125)
 DistanceC: 21.523298885400912
Relative Position: LorenzVec(x=14.54524273358171, y=52.0, z=21.523298885400912)
 }
02:07:38 `Skeleton`358923 missed {
 is already Found: false).
 Position: LorenzVec(x=74.84375, y=221.0, z=77.34375)
 DistanceC: 19.73274273358171
Relative Position: LorenzVec(x=19.73274273358171, y=52.0, z=19.335798885400912)
 }
02:07:38 `Skeleton`359495 missed {
 is already Found: false).
 Position: LorenzVec(x=75.875, y=221.0, z=77.34375)
 DistanceC: 20.76399273358171
Relative Position: LorenzVec(x=20.76399273358171, y=52.0, z=19.335798885400912)
 }
02:07:39 `Skeleton`355922 missed {
 is already Found: false).
 Position: LorenzVec(x=75.59375, y=221.0, z=78.3125)
 DistanceC: 20.48274273358171
Relative Position: LorenzVec(x=20.48274273358171, y=52.0, z=20.304548885400912)
 }
02:07:39 `Skeleton`357361 missed {
 is already Found: false).
 Position: LorenzVec(x=76.875, y=221.0, z=78.3125)
 DistanceC: 21.76399273358171
Relative Position: LorenzVec(x=21.76399273358171, y=52.0, z=20.304548885400912)
 }
02:07:45 `Skeleton`383059 missed {
 is already Found: false).
 Position: LorenzVec(x=37.5, y=169.0, z=66.19791666666667)
 DistanceC: 17.61100726641829
Relative Position: LorenzVec(x=-17.61100726641829, y=0.0, z=8.189965552067584)
 }
02:07:45 `Skeleton`383070 missed {
 is already Found: false).
 Position: LorenzVec(x=44.800140580829606, y=169.0, z=66.78631672084849)
 DistanceC: 10.310866685588685
Relative Position: LorenzVec(x=-10.310866685588685, y=0.0, z=8.778365606249402)
 }
02:07:45 `Skeleton`383082 missed {
 is already Found: false).
 Position: LorenzVec(x=46.28472222222222, y=169.0, z=65.96527777777777)
 DistanceC: 8.82628504419607
Relative Position: LorenzVec(x=-8.82628504419607, y=0.0, z=7.957326663178684)
 }
02:08:00 `Skeleton`384557 missed {
 is already Found: false).
 Position: LorenzVec(x=44.135416666666664, y=169.0, z=70.04166666666667)
 DistanceC: 3.352117676428392
Relative Position: LorenzVec(x=2.605611042851997, y=0.0, z=3.352117676428392)
 }
02:08:00 `Skeleton`384561 missed {
 is already Found: false).
 Position: LorenzVec(x=42.364583333333336, y=169.0, z=69.94791666666667)
 DistanceC: 3.258367676428392
Relative Position: LorenzVec(x=0.8347777095186686, y=0.0, z=3.258367676428392)
 }
02:08:15 `Skeleton`385893 missed {
 is already Found: false).
 Position: LorenzVec(x=42.90625, y=169.0, z=55.8125)
 DistanceC: 6.373563472946387
Relative Position: LorenzVec(x=6.373563472946387, y=0.0, z=-3.891607037633875)
 }
02:08:15 `Skeleton`385913 missed {
 is already Found: false).
 Position: LorenzVec(x=43.0625, y=169.0, z=65.09375)
 DistanceC: 6.328525529351154
Relative Position: LorenzVec(x=6.328525529351154, y=0.0, z=5.256407145627165)
 }
02:08:15 `Skeleton`385924 missed {
 is already Found: false).
 Position: LorenzVec(x=43.09375, y=169.0, z=64.0)
 DistanceC: 6.359775529351154
Relative Position: LorenzVec(x=6.359775529351154, y=0.0, z=4.162657145627165)
 }
02:08:15 `Skeleton`385928 missed {
 is already Found: false).
 Position: LorenzVec(x=44.21875, y=169.0, z=65.0)
 DistanceC: 7.484775529351154
Relative Position: LorenzVec(x=7.484775529351154, y=0.0, z=5.162657145627165)
 }
02:08:31 `Skeleton`387334 missed {
 is already Found: false).
 Position: LorenzVec(x=63.99652777777777, y=165.0, z=51.5)
 DistanceC: 1.773361577561623
Relative Position: LorenzVec(x=1.1625174196773642, y=-5.621019056955873, z=-1.773361577561623)
 }
02:08:37 `Skeleton`364584 missed {
 is already Found: false).
 Position: LorenzVec(x=113.34375, y=165.0625, z=58.34375)
 DistanceC: 12.76682600268606
Relative Position: LorenzVec(x=3.0358055161226787, y=-3.9375, z=-12.76682600268606)
 }
02:08:42 `Skeleton`358928 missed {
 is already Found: false).
 Position: LorenzVec(x=80.46875, y=221.0, z=78.34375)
 DistanceC: 16.283529727326254
Relative Position: LorenzVec(x=-16.283529727326254, y=49.119356750892194, z=8.856802100539142)
 }
02:08:43 `Skeleton`355960 missed {
 is already Found: false).
 Position: LorenzVec(x=75.71875, y=221.0, z=78.875)
 DistanceC: 10.915391010363066
Relative Position: LorenzVec(x=-10.915391010363066, y=41.086854832505566, z=9.690055592796426)
 }
02:08:44 `Skeleton`361565 missed {
 is already Found: false).
 Position: LorenzVec(x=77.0625, y=221.0, z=77.34375)
 DistanceC: 8.825535261923903
Relative Position: LorenzVec(x=-8.825535261923903, y=40.89380418942568, z=7.968142203788773)
 }
02:08:44 `Skeleton`362358 missed {
 is already Found: false).
 Position: LorenzVec(x=79.375, y=221.0, z=78.84375)
 DistanceC: 9.334347248595236
Relative Position: LorenzVec(x=-6.7996533206300995, y=40.89380418942568, z=9.334347248595236)
 }
02:08:45 `Skeleton`361577 missed {
 is already Found: false).
 Position: LorenzVec(x=78.15625, y=221.0, z=79.375)
 DistanceC: 9.651599750355643
Relative Position: LorenzVec(x=-8.476832769070057, y=40.89380418942568, z=9.651599750355643)
 }
02:08:45 `Skeleton`362347 missed {
 is already Found: false).
 Position: LorenzVec(x=76.625, y=221.0, z=79.5)
 DistanceC: 11.477911713887238
Relative Position: LorenzVec(x=-11.477911713887238, y=40.20980416224597, z=9.787652823387134)
 }
02:08:46 `Skeleton`357322 missed {
 is already Found: false).
 Position: LorenzVec(x=76.84375, y=221.0, z=80.65625)
 DistanceC: 16.20726369526774
Relative Position: LorenzVec(x=-16.20726369526774, y=51.52554933243536, z=10.660415209877556)
 }
02:08:47 `Skeleton`362327 missed {
 is already Found: false).
 Position: LorenzVec(x=75.59375, y=221.0, z=82.125)
 DistanceC: 17.77441252648677
Relative Position: LorenzVec(x=-17.77441252648677, y=52.0, z=12.155872772728344)
 }
02:09:10 `Skeleton`364877 missed {
 is already Found: false).
 Position: LorenzVec(x=103.42708333333333, y=162.26041666666666, z=88.46875)
 DistanceC: 20.614419170281337
Relative Position: LorenzVec(x=-4.924297169742843, y=-6.739583333333343, z=20.614419170281337)
 }
02:10:05 `Wither`394372 missed {
 is already Found: false).
 Position: LorenzVec(x=99.34375, y=119.0, z=71.44791666666667)
 DistanceC: 12.955616452251178
Relative Position: LorenzVec(x=3.138526303966401, y=-1.0, z=-12.955616452251178)
 }
02:10:05 `Giant`396888 missed {
 is already Found: false).
 Position: LorenzVec(x=98.90625, y=111.0, z=69.375)
 DistanceC: 20.35277785652714
Relative Position: LorenzVec(x=4.8976481089992205, y=-10.249187078744683, z=-20.35277785652714)
 }
02:10:18 `Giant`399531 missed {
 is already Found: false).
 Position: LorenzVec(x=100.57291666666667, y=111.0, z=115.4375)
 DistanceC: 15.156043223772087
Relative Position: LorenzVec(x=13.272916654745742, y=-1.8904474532599664, z=-15.156043223772087)
 }
02:10:23 `Giant`400736 missed {
 is already Found: false).
 Position: LorenzVec(x=89.78125, y=112.6875, z=130.4375)
 DistanceC: 6.290004799334255
Relative Position: LorenzVec(x=6.290004799334255, y=-4.478609260938214, z=2.538544618476834)
 }
02:11:07 `Giant`405374 missed {
 is already Found: false).
 Position: LorenzVec(x=47.4375, y=110.375, z=125.3125)
 DistanceC: 12.805459264964227
Relative Position: LorenzVec(x=12.805459264964227, y=-13.091368041641203, z=-2.7519083137524376)
 }
02:11:10 `Giant`405622 missed {
 is already Found: false).
 Position: LorenzVec(x=42.15625, y=110.34375, z=126.3125)
 DistanceC: 7.541182937009992
Relative Position: LorenzVec(x=7.541182937009992, y=-12.65625, z=-1.7519083137524376)
 }
02:11:26 `Giant`406912 missed {
 is already Found: false).
 Position: LorenzVec(x=23.1875, y=110.15625, z=126.66666666666666)
 DistanceC: 8.650451415134313
Relative Position: LorenzVec(x=-8.292211061989164, y=-9.488400389409492, z=-8.650451415134313)
 }
02:11:29 `q3vw7q5ga3`407094 missed {
 is already Found: false).
 Position: LorenzVec(x=23.9375, y=109.0, z=131.75)
 DistanceC: 8.80006523408968
Relative Position: LorenzVec(x=-8.80006523408968, y=-10.644650389409492, z=-0.9720567872047354)
 }
02:11:29 `l337otd89e`407100 missed {
 is already Found: false).
 Position: LorenzVec(x=20.09375, y=107.0, z=129.71875)
 DistanceC: 12.64381523408968
Relative Position: LorenzVec(x=-12.64381523408968, y=-12.644650389409492, z=-3.0033067872047354)
 }
02:11:30 `9gw2623658`407213 missed {
 is already Found: false).
 Position: LorenzVec(x=19.28125, y=107.0, z=136.6875)
 DistanceC: 7.147330937806842
Relative Position: LorenzVec(x=-7.147330937806842, y=-12.644650389409492, z=5.513557235891653)
 }
02:11:47 `Giant`407964 missed {
 is already Found: false).
 Position: LorenzVec(x=12.885416666666668, y=110.0, z=126.73958333333334)
 DistanceC: 15.86784166550278
Relative Position: LorenzVec(x=-15.86784166550278, y=-52.0, z=2.528934428753928)
 }
02:11:52 `Giant`408660 missed {
 is already Found: false).
 Position: LorenzVec(x=13.8125, y=110.0, z=125.9375)
 DistanceC: 15.647057096032405
Relative Position: LorenzVec(x=-15.647057096032405, y=-52.0, z=-4.502277834315237)
 }
