16:42:23 `Bat`2407355 missed {
 is already Found: false).
 Position: LorenzVec(x=-591.4895833333334, y=38.0, z=-260.1145833333333)
 DistanceC: 21.618012623281743
Relative Position: LorenzVec(x=21.618012623281743, y=31.0, z=3.7120534793810975)
 }
16:42:23 `Bat`2407365 missed {
 is already Found: false).
 Position: LorenzVec(x=-591.4895833333334, y=40.0, z=-260.1145833333333)
 DistanceC: 21.618012623281743
Relative Position: LorenzVec(x=21.618012623281743, y=33.0, z=3.7120534793810975)
 }
16:42:23 `Bat`2407171 missed {
 is already Found: false).
 Position: LorenzVec(x=-592.0, y=26.0, z=-276.0)
 DistanceC: 21.107595956615114
Relative Position: LorenzVec(x=21.107595956615114, y=19.0, z=-12.173363187285588)
 }
16:42:23 `Bat`2407175 missed {
 is already Found: false).
 Position: LorenzVec(x=-592.0, y=28.0, z=-276.0)
 DistanceC: 21.107595956615114
Relative Position: LorenzVec(x=21.107595956615114, y=21.0, z=-12.173363187285588)
 }
16:42:23 `Bat`2407199 missed {
 is already Found: false).
 Position: LorenzVec(x=-592.0, y=34.0, z=-276.0)
 DistanceC: 21.107595956615114
Relative Position: LorenzVec(x=21.107595956615114, y=27.0, z=-12.173363187285588)
 }
16:42:23 `Bat`2407209 missed {
 is already Found: false).
 Position: LorenzVec(x=-592.0, y=36.0, z=-276.0)
 DistanceC: 21.107595956615114
Relative Position: LorenzVec(x=21.107595956615114, y=29.0, z=-12.173363187285588)
 }
16:42:23 `Bat`2407217 missed {
 is already Found: false).
 Position: LorenzVec(x=-592.0, y=37.0, z=-276.0)
 DistanceC: 21.107595956615114
Relative Position: LorenzVec(x=21.107595956615114, y=30.0, z=-12.173363187285588)
 }
16:42:23 `Bat`2407237 missed {
 is already Found: false).
 Position: LorenzVec(x=-592.0, y=41.0, z=-276.0)
 DistanceC: 21.107595956615114
Relative Position: LorenzVec(x=21.107595956615114, y=34.0, z=-12.173363187285588)
 }
16:42:23 `Bat`2407251 missed {
 is already Found: false).
 Position: LorenzVec(x=-592.0, y=44.0, z=-276.0)
 DistanceC: 21.107595956615114
Relative Position: LorenzVec(x=21.107595956615114, y=37.0, z=-12.173363187285588)
 }
16:42:23 `Bat`2407261 missed {
 is already Found: false).
 Position: LorenzVec(x=-592.0, y=47.0, z=-276.0)
 DistanceC: 21.107595956615114
Relative Position: LorenzVec(x=21.107595956615114, y=40.0, z=-12.173363187285588)
 }
16:42:23 `Bat`2406925 missed {
 is already Found: false).
 Position: LorenzVec(x=-594.0, y=28.0, z=-276.0)
 DistanceC: 19.107595956615114
Relative Position: LorenzVec(x=19.107595956615114, y=21.0, z=-12.173363187285588)
 }
16:42:23 `Bat`2406931 missed {
 is already Found: false).
 Position: LorenzVec(x=-594.0, y=29.0, z=-276.0)
 DistanceC: 19.107595956615114
Relative Position: LorenzVec(x=19.107595956615114, y=22.0, z=-12.173363187285588)
 }
16:42:23 `Bat`2406945 missed {
 is already Found: false).
 Position: LorenzVec(x=-594.0, y=31.0, z=-276.0)
 DistanceC: 19.107595956615114
Relative Position: LorenzVec(x=19.107595956615114, y=24.0, z=-12.173363187285588)
 }
16:42:23 `Bat`2406953 missed {
 is already Found: false).
 Position: LorenzVec(x=-594.0, y=32.0, z=-276.0)
 DistanceC: 19.107595956615114
Relative Position: LorenzVec(x=19.107595956615114, y=25.0, z=-12.173363187285588)
 }
16:42:23 `Bat`2406961 missed {
 is already Found: false).
 Position: LorenzVec(x=-594.0, y=33.0, z=-276.0)
 DistanceC: 19.107595956615114
Relative Position: LorenzVec(x=19.107595956615114, y=26.0, z=-12.173363187285588)
 }
16:42:23 `Bat`2406981 missed {
 is already Found: false).
 Position: LorenzVec(x=-594.0, y=36.0, z=-276.0)
 DistanceC: 19.107595956615114
Relative Position: LorenzVec(x=19.107595956615114, y=29.0, z=-12.173363187285588)
 }
16:42:23 `Bat`2407037 missed {
 is already Found: false).
 Position: LorenzVec(x=-594.0, y=46.0, z=-276.0)
 DistanceC: 19.107595956615114
Relative Position: LorenzVec(x=19.107595956615114, y=39.0, z=-12.173363187285588)
 }
16:42:23 `Bat`2407273 missed {
 is already Found: false).
 Position: LorenzVec(x=-593.28125, y=31.0, z=-256.5729166666667)
 DistanceC: 19.826345956615114
Relative Position: LorenzVec(x=19.826345956615114, y=24.0, z=7.253720146047726)
 }
16:42:23 `Bat`2407303 missed {
 is already Found: false).
 Position: LorenzVec(x=-593.28125, y=39.0, z=-256.5729166666667)
 DistanceC: 19.826345956615114
Relative Position: LorenzVec(x=19.826345956615114, y=32.0, z=7.253720146047726)
 }
16:42:23 `Bat`2407319 missed {
 is already Found: false).
 Position: LorenzVec(x=-593.28125, y=42.0, z=-256.5729166666667)
 DistanceC: 19.826345956615114
Relative Position: LorenzVec(x=19.826345956615114, y=35.0, z=7.253720146047726)
 }
16:42:23 `Bat`2407325 missed {
 is already Found: false).
 Position: LorenzVec(x=-593.28125, y=43.0, z=-256.5729166666667)
 DistanceC: 19.826345956615114
Relative Position: LorenzVec(x=19.826345956615114, y=36.0, z=7.253720146047726)
 }
16:42:23 `Bat`2407327 missed {
 is already Found: false).
 Position: LorenzVec(x=-593.28125, y=44.0, z=-256.5729166666667)
 DistanceC: 19.826345956615114
Relative Position: LorenzVec(x=19.826345956615114, y=37.0, z=7.253720146047726)
 }
16:42:23 `Bat`2407065 missed {
 is already Found: false).
 Position: LorenzVec(x=-593.0, y=25.0, z=-276.0)
 DistanceC: 20.107595956615114
Relative Position: LorenzVec(x=20.107595956615114, y=18.0, z=-12.173363187285588)
 }
16:42:23 `Bat`2407067 missed {
 is already Found: false).
 Position: LorenzVec(x=-593.0, y=26.0, z=-276.0)
 DistanceC: 20.107595956615114
Relative Position: LorenzVec(x=20.107595956615114, y=19.0, z=-12.173363187285588)
 }
16:42:23 `Bat`2407073 missed {
 is already Found: false).
 Position: LorenzVec(x=-593.0, y=27.0, z=-276.0)
 DistanceC: 20.107595956615114
Relative Position: LorenzVec(x=20.107595956615114, y=20.0, z=-12.173363187285588)
 }
16:42:23 `Bat`2407079 missed {
 is already Found: false).
 Position: LorenzVec(x=-593.0, y=29.0, z=-276.0)
 DistanceC: 20.107595956615114
Relative Position: LorenzVec(x=20.107595956615114, y=22.0, z=-12.173363187285588)
 }
16:42:23 `Bat`2407095 missed {
 is already Found: false).
 Position: LorenzVec(x=-593.0, y=32.0, z=-276.0)
 DistanceC: 20.107595956615114
Relative Position: LorenzVec(x=20.107595956615114, y=25.0, z=-12.173363187285588)
 }
16:42:23 `Bat`2407155 missed {
 is already Found: false).
 Position: LorenzVec(x=-593.0, y=46.0, z=-276.0)
 DistanceC: 20.107595956615114
Relative Position: LorenzVec(x=20.107595956615114, y=39.0, z=-12.173363187285588)
 }
16:42:26 `Bat`2407173 missed {
 is already Found: false).
 Position: LorenzVec(x=-595.9270833333334, y=26.0, z=-250.98958333333334)
 DistanceC: 17.180512623281743
Relative Position: LorenzVec(x=17.180512623281743, y=19.0, z=12.837053479381069)
 }
16:42:26 `Bat`2407181 missed {
 is already Found: false).
 Position: LorenzVec(x=-595.9270833333334, y=29.0, z=-250.98958333333334)
 DistanceC: 17.180512623281743
Relative Position: LorenzVec(x=17.180512623281743, y=22.0, z=12.837053479381069)
 }
16:42:26 `Bat`2407219 missed {
 is already Found: false).
 Position: LorenzVec(x=-595.9270833333334, y=37.0, z=-250.98958333333334)
 DistanceC: 17.180512623281743
Relative Position: LorenzVec(x=17.180512623281743, y=30.0, z=12.837053479381069)
 }
16:42:26 `Bat`2407255 missed {
 is already Found: false).
 Position: LorenzVec(x=-595.9270833333334, y=45.0, z=-250.98958333333334)
 DistanceC: 17.180512623281743
Relative Position: LorenzVec(x=17.180512623281743, y=38.0, z=12.837053479381069)
 }
16:42:26 `Bat`2407263 missed {
 is already Found: false).
 Position: LorenzVec(x=-595.9270833333334, y=47.0, z=-250.98958333333334)
 DistanceC: 17.180512623281743
Relative Position: LorenzVec(x=17.180512623281743, y=40.0, z=12.837053479381069)
 }
16:42:26 `Bat`2407333 missed {
 is already Found: false).
 Position: LorenzVec(x=-595.4479166666666, y=34.0, z=-245.79166666666666)
 DistanceC: 18.034970146047755
Relative Position: LorenzVec(x=17.659679289948485, y=27.0, z=18.034970146047755)
 }
16:42:34 `Bat`2407197 missed {
 is already Found: false).
 Position: LorenzVec(x=-622.40625, y=33.0, z=-211.20833333333334)
 DistanceC: 18.84235324316103
Relative Position: LorenzVec(x=-18.84235324316103, y=-48.5, z=-18.176186205037595)
 }
16:42:34 `Bat`2407201 missed {
 is already Found: false).
 Position: LorenzVec(x=-622.40625, y=34.0, z=-211.20833333333334)
 DistanceC: 18.84235324316103
Relative Position: LorenzVec(x=-18.84235324316103, y=-47.5, z=-18.176186205037595)
 }
16:42:34 `Bat`2407205 missed {
 is already Found: false).
 Position: LorenzVec(x=-622.40625, y=35.0, z=-211.20833333333334)
 DistanceC: 18.84235324316103
Relative Position: LorenzVec(x=-18.84235324316103, y=-46.5, z=-18.176186205037595)
 }
16:42:34 `Bat`2407215 missed {
 is already Found: false).
 Position: LorenzVec(x=-622.40625, y=36.0, z=-211.20833333333334)
 DistanceC: 18.84235324316103
Relative Position: LorenzVec(x=-18.84235324316103, y=-45.5, z=-18.176186205037595)
 }
16:42:34 `Bat`2407231 missed {
 is already Found: false).
 Position: LorenzVec(x=-622.40625, y=40.0, z=-211.20833333333334)
 DistanceC: 18.84235324316103
Relative Position: LorenzVec(x=-18.84235324316103, y=-41.5, z=-18.176186205037595)
 }
16:42:34 `Bat`2407247 missed {
 is already Found: false).
 Position: LorenzVec(x=-622.40625, y=43.0, z=-211.20833333333334)
 DistanceC: 18.84235324316103
Relative Position: LorenzVec(x=-18.84235324316103, y=-38.5, z=-18.176186205037595)
 }
16:42:34 `Bat`2407283 missed {
 is already Found: false).
 Position: LorenzVec(x=-624.125, y=32.333333333333336, z=-205.66666666666666)
 DistanceC: 20.56110324316103
Relative Position: LorenzVec(x=-20.56110324316103, y=-49.166666666666664, z=-12.63451953837091)
 }
16:42:34 `Bat`2407289 missed {
 is already Found: false).
 Position: LorenzVec(x=-619.53125, y=34.0, z=-211.65625)
 DistanceC: 18.624102871704252
Relative Position: LorenzVec(x=-15.967353243161028, y=-47.5, z=-18.624102871704252)
 }
16:42:34 `Bat`2407295 missed {
 is already Found: false).
 Position: LorenzVec(x=-619.53125, y=36.0, z=-211.65625)
 DistanceC: 18.624102871704252
Relative Position: LorenzVec(x=-15.967353243161028, y=-45.5, z=-18.624102871704252)
 }
16:43:40 `Bat`2407339 missed {
 is already Found: false).
 Position: LorenzVec(x=-606.65625, y=35.0, z=-224.53125)
 DistanceC: 19.838447215051588
Relative Position: LorenzVec(x=-19.838447215051588, y=-19.39083949463008, z=3.9119261819867575)
 }
16:43:40 `Bat`2407361 missed {
 is already Found: false).
 Position: LorenzVec(x=-606.65625, y=39.0, z=-224.53125)
 DistanceC: 19.838447215051588
Relative Position: LorenzVec(x=-19.838447215051588, y=-15.390839494630079, z=3.9119261819867575)
 }
16:43:40 `Bat`2407335 missed {
 is already Found: false).
 Position: LorenzVec(x=-600.8541666666666, y=34.0, z=-233.91666666666666)
 DistanceC: 13.647631897300585
Relative Position: LorenzVec(x=-13.647631897300585, y=-18.0, z=-6.15744829615457)
 }
16:43:40 `Bat`2407347 missed {
 is already Found: false).
 Position: LorenzVec(x=-600.8541666666666, y=36.0, z=-233.91666666666666)
 DistanceC: 13.647631897300585
Relative Position: LorenzVec(x=-13.647631897300585, y=-16.0, z=-6.15744829615457)
 }
16:43:40 `Bat`2407357 missed {
 is already Found: false).
 Position: LorenzVec(x=-600.8541666666666, y=38.0, z=-233.91666666666666)
 DistanceC: 13.647631897300585
Relative Position: LorenzVec(x=-13.647631897300585, y=-14.0, z=-6.15744829615457)
 }
16:43:40 `Bat`2407367 missed {
 is already Found: false).
 Position: LorenzVec(x=-600.8541666666666, y=40.0, z=-233.91666666666666)
 DistanceC: 13.647631897300585
Relative Position: LorenzVec(x=-13.647631897300585, y=-12.0, z=-6.15744829615457)
 }
16:43:40 `Bat`2407379 missed {
 is already Found: false).
 Position: LorenzVec(x=-601.7916666666666, y=39.0, z=-229.85416666666666)
 DistanceC: 14.585131897300585
Relative Position: LorenzVec(x=-14.585131897300585, y=-13.0, z=-2.09494829615457)
 }
16:43:41 `Bat`2407377 missed {
 is already Found: false).
 Position: LorenzVec(x=-597.0416666666666, y=39.0, z=-239.02083333333334)
 DistanceC: 11.975372125705093
Relative Position: LorenzVec(x=-10.797203681583255, y=-13.0, z=-11.975372125705093)
 }
16:43:41 `Bat`2407271 missed {
 is already Found: false).
 Position: LorenzVec(x=-599.0416666666666, y=30.0, z=-240.02083333333334)
 DistanceC: 8.529326433936717
Relative Position: LorenzVec(x=-8.529326433936717, y=-22.0, z=-6.720833321412414)
 }
16:43:41 `Bat`2407279 missed {
 is already Found: false).
 Position: LorenzVec(x=-599.0416666666666, y=33.0, z=-240.02083333333334)
 DistanceC: 8.529326433936717
Relative Position: LorenzVec(x=-8.529326433936717, y=-19.0, z=-6.720833321412414)
 }
16:43:41 `Bat`2407291 missed {
 is already Found: false).
 Position: LorenzVec(x=-599.0416666666666, y=35.0, z=-240.02083333333334)
 DistanceC: 8.529326433936717
Relative Position: LorenzVec(x=-8.529326433936717, y=-17.0, z=-6.720833321412414)
 }
16:43:41 `Bat`2407297 missed {
 is already Found: false).
 Position: LorenzVec(x=-599.0416666666666, y=38.0, z=-240.02083333333334)
 DistanceC: 8.529326433936717
Relative Position: LorenzVec(x=-8.529326433936717, y=-14.0, z=-6.720833321412414)
 }
16:43:41 `Bat`2407329 missed {
 is already Found: false).
 Position: LorenzVec(x=-599.0416666666666, y=46.0, z=-240.02083333333334)
 DistanceC: 8.529326433936717
Relative Position: LorenzVec(x=-8.529326433936717, y=-6.0, z=-6.720833321412414)
 }
16:43:42 `Bat`2407177 missed {
 is already Found: false).
 Position: LorenzVec(x=-604.7916666666666, y=28.0, z=-231.85416666666666)
 DistanceC: 16.795408637250944
Relative Position: LorenzVec(x=-16.795408637250944, y=-26.76557608309126, z=-3.4943493683644533)
 }
16:43:42 `Bat`2407189 missed {
 is already Found: false).
 Position: LorenzVec(x=-604.7916666666666, y=32.0, z=-231.85416666666666)
 DistanceC: 16.795408637250944
Relative Position: LorenzVec(x=-16.795408637250944, y=-22.76557608309126, z=-3.4943493683644533)
 }
16:43:42 `Bat`2407195 missed {
 is already Found: false).
 Position: LorenzVec(x=-604.7916666666666, y=33.0, z=-231.85416666666666)
 DistanceC: 16.795408637250944
Relative Position: LorenzVec(x=-16.795408637250944, y=-21.76557608309126, z=-3.4943493683644533)
 }
16:43:42 `Bat`2407211 missed {
 is already Found: false).
 Position: LorenzVec(x=-604.7916666666666, y=36.0, z=-231.85416666666666)
 DistanceC: 16.795408637250944
Relative Position: LorenzVec(x=-16.795408637250944, y=-18.76557608309126, z=-3.4943493683644533)
 }
16:43:42 `Bat`2407069 missed {
 is already Found: false).
 Position: LorenzVec(x=-601.0416666666666, y=26.0, z=-241.02083333333334)
 DistanceC: 15.144097463775296
Relative Position: LorenzVec(x=-13.191073768579486, y=-31.132993659646502, z=-15.144097463775296)
 }
16:43:42 `Bat`2407087 missed {
 is already Found: false).
 Position: LorenzVec(x=-601.0416666666666, y=31.0, z=-241.02083333333334)
 DistanceC: 15.144097463775296
Relative Position: LorenzVec(x=-13.191073768579486, y=-26.132993659646502, z=-15.144097463775296)
 }
16:43:42 `Bat`2407121 missed {
 is already Found: false).
 Position: LorenzVec(x=-601.0416666666666, y=37.0, z=-241.02083333333334)
 DistanceC: 15.144097463775296
Relative Position: LorenzVec(x=-13.191073768579486, y=-20.132993659646502, z=-15.144097463775296)
 }
16:43:42 `Bat`2407143 missed {
 is already Found: false).
 Position: LorenzVec(x=-601.0416666666666, y=41.0, z=-241.02083333333334)
 DistanceC: 15.144097463775296
Relative Position: LorenzVec(x=-13.191073768579486, y=-16.132993659646502, z=-15.144097463775296)
 }
16:43:42 `Bat`2407151 missed {
 is already Found: false).
 Position: LorenzVec(x=-601.0416666666666, y=45.0, z=-241.02083333333334)
 DistanceC: 15.144097463775296
Relative Position: LorenzVec(x=-13.191073768579486, y=-12.132993659646502, z=-15.144097463775296)
 }
16:43:42 `Bat`2407163 missed {
 is already Found: false).
 Position: LorenzVec(x=-601.0416666666666, y=47.0, z=-241.02083333333334)
 DistanceC: 15.144097463775296
Relative Position: LorenzVec(x=-13.191073768579486, y=-10.132993659646502, z=-15.144097463775296)
 }
16:43:42 `Bat`2407167 missed {
 is already Found: false).
 Position: LorenzVec(x=-601.0416666666666, y=49.0, z=-241.02083333333334)
 DistanceC: 15.144097463775296
Relative Position: LorenzVec(x=-13.191073768579486, y=-8.132993659646502, z=-15.144097463775296)
 }
16:43:42 `Bat`2407281 missed {
 is already Found: false).
 Position: LorenzVec(x=-606.2291666666666, y=33.0, z=-227.40625)
 DistanceC: 18.378573768579486
Relative Position: LorenzVec(x=-18.378573768579486, y=-24.132993659646502, z=-1.529514130441953)
 }
16:43:42 `Bat`2407287 missed {
 is already Found: false).
 Position: LorenzVec(x=-606.2291666666666, y=34.0, z=-227.40625)
 DistanceC: 18.378573768579486
Relative Position: LorenzVec(x=-18.378573768579486, y=-23.132993659646502, z=-1.529514130441953)
 }
16:43:42 `Bat`2407293 missed {
 is already Found: false).
 Position: LorenzVec(x=-606.2291666666666, y=35.0, z=-227.40625)
 DistanceC: 18.378573768579486
Relative Position: LorenzVec(x=-18.378573768579486, y=-22.132993659646502, z=-1.529514130441953)
 }
16:43:42 `Bat`2407299 missed {
 is already Found: false).
 Position: LorenzVec(x=-606.2291666666666, y=38.0, z=-227.40625)
 DistanceC: 18.378573768579486
Relative Position: LorenzVec(x=-18.378573768579486, y=-19.132993659646502, z=-1.529514130441953)
 }
16:43:46 `Bat`2407187 missed {
 is already Found: false).
 Position: LorenzVec(x=-614.2708333333334, y=31.0, z=-219.27083333333334)
 DistanceC: 17.00773974027348
Relative Position: LorenzVec(x=-14.667742615702082, y=-24.0, z=-17.00773974027348)
 }
16:43:46 `Bat`2407203 missed {
 is already Found: false).
 Position: LorenzVec(x=-614.2708333333334, y=35.0, z=-219.27083333333334)
 DistanceC: 17.00773974027348
Relative Position: LorenzVec(x=-14.667742615702082, y=-20.0, z=-17.00773974027348)
 }
16:43:46 `Bat`2407213 missed {
 is already Found: false).
 Position: LorenzVec(x=-614.2708333333334, y=36.0, z=-219.27083333333334)
 DistanceC: 17.00773974027348
Relative Position: LorenzVec(x=-14.667742615702082, y=-19.0, z=-17.00773974027348)
 }
16:43:46 `Bat`2407221 missed {
 is already Found: false).
 Position: LorenzVec(x=-614.2708333333334, y=37.0, z=-219.27083333333334)
 DistanceC: 17.00773974027348
Relative Position: LorenzVec(x=-14.667742615702082, y=-18.0, z=-17.00773974027348)
 }
16:43:46 `Bat`2407225 missed {
 is already Found: false).
 Position: LorenzVec(x=-614.2708333333334, y=39.0, z=-219.27083333333334)
 DistanceC: 17.00773974027348
Relative Position: LorenzVec(x=-14.667742615702082, y=-16.0, z=-17.00773974027348)
 }
16:43:46 `Bat`2407245 missed {
 is already Found: false).
 Position: LorenzVec(x=-614.2708333333334, y=43.0, z=-219.27083333333334)
 DistanceC: 17.00773974027348
Relative Position: LorenzVec(x=-14.667742615702082, y=-12.0, z=-17.00773974027348)
 }
16:44:18 `Bat`2407075 missed {
 is already Found: false).
 Position: LorenzVec(x=-615.2708333333334, y=28.0, z=-220.27083333333334)
 DistanceC: 14.831325368330369
Relative Position: LorenzVec(x=-1.6402509766234061, y=-60.766367993957516, z=-14.831325368330369)
 }
16:44:18 `Bat`2407081 missed {
 is already Found: false).
 Position: LorenzVec(x=-615.2708333333334, y=30.0, z=-220.27083333333334)
 DistanceC: 14.831325368330369
Relative Position: LorenzVec(x=-1.6402509766234061, y=-58.766367993957516, z=-14.831325368330369)
 }
16:44:18 `Bat`2407089 missed {
 is already Found: false).
 Position: LorenzVec(x=-615.2708333333334, y=31.0, z=-220.27083333333334)
 DistanceC: 14.831325368330369
Relative Position: LorenzVec(x=-1.6402509766234061, y=-57.766367993957516, z=-14.831325368330369)
 }
16:44:18 `Bat`2407097 missed {
 is already Found: false).
 Position: LorenzVec(x=-615.2708333333334, y=32.0, z=-220.27083333333334)
 DistanceC: 14.831325368330369
Relative Position: LorenzVec(x=-1.6402509766234061, y=-56.766367993957516, z=-14.831325368330369)
 }
16:44:18 `Bat`2407115 missed {
 is already Found: false).
 Position: LorenzVec(x=-615.2708333333334, y=36.0, z=-220.27083333333334)
 DistanceC: 14.831325368330369
Relative Position: LorenzVec(x=-1.6402509766234061, y=-52.766367993957516, z=-14.831325368330369)
 }
16:44:18 `Bat`2407123 missed {
 is already Found: false).
 Position: LorenzVec(x=-615.2708333333334, y=37.0, z=-220.27083333333334)
 DistanceC: 14.831325368330369
Relative Position: LorenzVec(x=-1.6402509766234061, y=-51.766367993957516, z=-14.831325368330369)
 }
16:44:18 `Bat`2407129 missed {
 is already Found: false).
 Position: LorenzVec(x=-615.2708333333334, y=38.0, z=-220.27083333333334)
 DistanceC: 14.831325368330369
Relative Position: LorenzVec(x=-1.6402509766234061, y=-50.766367993957516, z=-14.831325368330369)
 }
16:44:18 `Bat`2407145 missed {
 is already Found: false).
 Position: LorenzVec(x=-615.2708333333334, y=43.0, z=-220.27083333333334)
 DistanceC: 14.831325368330369
Relative Position: LorenzVec(x=-1.6402509766234061, y=-45.766367993957516, z=-14.831325368330369)
 }
16:44:19 `Bat`2406903 missed {
 is already Found: false).
 Position: LorenzVec(x=-616.2708333333334, y=23.0, z=-221.27083333333334)
 DistanceC: 17.970833321412414
Relative Position: LorenzVec(x=4.4291666547457, y=-62.0, z=-17.970833321412414)
 }
16:44:19 `Bat`2406907 missed {
 is already Found: false).
 Position: LorenzVec(x=-616.2708333333334, y=24.0, z=-221.27083333333334)
 DistanceC: 17.970833321412414
Relative Position: LorenzVec(x=4.4291666547457, y=-61.0, z=-17.970833321412414)
 }
16:44:19 `Bat`2406927 missed {
 is already Found: false).
 Position: LorenzVec(x=-616.2708333333334, y=28.0, z=-221.27083333333334)
 DistanceC: 17.970833321412414
Relative Position: LorenzVec(x=4.4291666547457, y=-57.0, z=-17.970833321412414)
 }
16:44:19 `Bat`2406933 missed {
 is already Found: false).
 Position: LorenzVec(x=-616.2708333333334, y=29.0, z=-221.27083333333334)
 DistanceC: 17.970833321412414
Relative Position: LorenzVec(x=4.4291666547457, y=-56.0, z=-17.970833321412414)
 }
16:44:19 `Bat`2406963 missed {
 is already Found: false).
 Position: LorenzVec(x=-616.2708333333334, y=33.0, z=-221.27083333333334)
 DistanceC: 17.970833321412414
Relative Position: LorenzVec(x=4.4291666547457, y=-52.0, z=-17.970833321412414)
 }
16:44:19 `Bat`2406965 missed {
 is already Found: false).
 Position: LorenzVec(x=-616.2708333333334, y=34.0, z=-221.27083333333334)
 DistanceC: 17.970833321412414
Relative Position: LorenzVec(x=4.4291666547457, y=-51.0, z=-17.970833321412414)
 }
16:44:19 `Bat`2406991 missed {
 is already Found: false).
 Position: LorenzVec(x=-616.2708333333334, y=37.0, z=-221.27083333333334)
 DistanceC: 17.970833321412414
Relative Position: LorenzVec(x=4.4291666547457, y=-48.0, z=-17.970833321412414)
 }
16:44:19 `Bat`2407013 missed {
 is already Found: false).
 Position: LorenzVec(x=-616.2708333333334, y=41.0, z=-221.27083333333334)
 DistanceC: 17.970833321412414
Relative Position: LorenzVec(x=4.4291666547457, y=-44.0, z=-17.970833321412414)
 }
16:44:19 `Bat`2407021 missed {
 is already Found: false).
 Position: LorenzVec(x=-616.2708333333334, y=42.0, z=-221.27083333333334)
 DistanceC: 17.970833321412414
Relative Position: LorenzVec(x=4.4291666547457, y=-43.0, z=-17.970833321412414)
 }
16:44:19 `Bat`2407033 missed {
 is already Found: false).
 Position: LorenzVec(x=-616.2708333333334, y=44.0, z=-221.27083333333334)
 DistanceC: 17.970833321412414
Relative Position: LorenzVec(x=4.4291666547457, y=-41.0, z=-17.970833321412414)
 }
16:44:19 `Bat`2407039 missed {
 is already Found: false).
 Position: LorenzVec(x=-616.2708333333334, y=46.0, z=-221.27083333333334)
 DistanceC: 17.970833321412414
Relative Position: LorenzVec(x=4.4291666547457, y=-39.0, z=-17.970833321412414)
 }
16:44:19 `Bat`2407045 missed {
 is already Found: false).
 Position: LorenzVec(x=-616.2708333333334, y=47.0, z=-221.27083333333334)
 DistanceC: 17.970833321412414
Relative Position: LorenzVec(x=4.4291666547457, y=-38.0, z=-17.970833321412414)
 }
16:44:19 `Bat`2407055 missed {
 is already Found: false).
 Position: LorenzVec(x=-616.2708333333334, y=49.0, z=-221.27083333333334)
 DistanceC: 17.970833321412414
Relative Position: LorenzVec(x=4.4291666547457, y=-36.0, z=-17.970833321412414)
 }
16:44:21 `Bat`2407277 missed {
 is already Found: false).
 Position: LorenzVec(x=-591.0, y=32.0, z=-276.0)
 DistanceC: 13.997443495838866
Relative Position: LorenzVec(x=13.997443495838866, y=27.0, z=-1.699999988079071)
 }
16:44:21 `Bat`2407309 missed {
 is already Found: false).
 Position: LorenzVec(x=-591.0, y=40.0, z=-276.0)
 DistanceC: 13.997443495838866
Relative Position: LorenzVec(x=13.997443495838866, y=35.0, z=-1.699999988079071)
 }
16:44:21 `Bat`2407331 missed {
 is already Found: false).
 Position: LorenzVec(x=-590.0, y=34.0, z=-276.0)
 DistanceC: 19.479110301038872
Relative Position: LorenzVec(x=19.479110301038872, y=29.0, z=-3.879398246972187)
 }
16:44:21 `Bat`2407345 missed {
 is already Found: false).
 Position: LorenzVec(x=-590.0, y=36.0, z=-276.0)
 DistanceC: 19.479110301038872
Relative Position: LorenzVec(x=19.479110301038872, y=31.0, z=-3.879398246972187)
 }
16:44:21 `Bat`2407349 missed {
 is already Found: false).
 Position: LorenzVec(x=-590.0, y=37.0, z=-276.0)
 DistanceC: 19.479110301038872
Relative Position: LorenzVec(x=19.479110301038872, y=32.0, z=-3.879398246972187)
 }
16:44:21 `Bat`2407359 missed {
 is already Found: false).
 Position: LorenzVec(x=-590.0, y=39.0, z=-276.0)
 DistanceC: 19.479110301038872
Relative Position: LorenzVec(x=19.479110301038872, y=34.0, z=-3.879398246972187)
 }
16:44:21 `Bat`2407363 missed {
 is already Found: false).
 Position: LorenzVec(x=-590.0, y=40.0, z=-276.0)
 DistanceC: 19.479110301038872
Relative Position: LorenzVec(x=19.479110301038872, y=35.0, z=-3.879398246972187)
 }
16:44:21 `Bat`2407375 missed {
 is already Found: false).
 Position: LorenzVec(x=-590.0416666666666, y=36.0, z=-289.5104166666667)
 DistanceC: 19.437443634372244
Relative Position: LorenzVec(x=19.437443634372244, y=31.0, z=-17.389814913638872)
 }
16:44:22 `Bat`2407337 missed {
 is already Found: false).
 Position: LorenzVec(x=-591.4895833333334, y=35.0, z=-291.9166666666667)
 DistanceC: 21.05269428498474
Relative Position: LorenzVec(x=18.69237976602801, y=30.0, z=-21.05269428498474)
 }
16:44:22 `Bat`2407343 missed {
 is already Found: false).
 Position: LorenzVec(x=-591.4895833333334, y=36.0, z=-291.9166666666667)
 DistanceC: 21.05269428498474
Relative Position: LorenzVec(x=18.69237976602801, y=31.0, z=-21.05269428498474)
 }
16:45:17 `Bat`2423662 missed {
 is already Found: false).
 Position: LorenzVec(x=-605.4270833333333, y=34.5, z=-226.8125)
 DistanceC: 17.94615422016267
Relative Position: LorenzVec(x=10.589884086129587, y=25.5, z=17.94615422016267)
 }
16:45:17 `Bat`2423666 missed {
 is already Found: false).
 Position: LorenzVec(x=-605.4270833333333, y=35.5, z=-226.8125)
 DistanceC: 17.94615422016267
Relative Position: LorenzVec(x=10.589884086129587, y=26.5, z=17.94615422016267)
 }
16:45:17 `Bat`2423676 missed {
 is already Found: false).
 Position: LorenzVec(x=-605.4270833333333, y=37.5, z=-226.8125)
 DistanceC: 17.94615422016267
Relative Position: LorenzVec(x=10.589884086129587, y=28.5, z=17.94615422016267)
 }
16:45:17 `Bat`2423694 missed {
 is already Found: false).
 Position: LorenzVec(x=-605.4270833333333, y=40.5, z=-226.8125)
 DistanceC: 18.332532942096208
Relative Position: LorenzVec(x=10.271012995838305, y=31.5, z=18.332532942096208)
 }
16:45:17 `Bat`2423510 missed {
 is already Found: false).
 Position: LorenzVec(x=-603.9583333333333, y=28.5, z=-231.30208333333331)
 DistanceC: 15.497016896107624
Relative Position: LorenzVec(x=9.422463957762261, y=19.5, z=15.497016896107624)
 }
16:45:17 `Bat`2423516 missed {
 is already Found: false).
 Position: LorenzVec(x=-603.9583333333333, y=30.5, z=-231.30208333333331)
 DistanceC: 15.497016896107624
Relative Position: LorenzVec(x=9.422463957762261, y=21.5, z=15.497016896107624)
 }
16:45:17 `Bat`2423524 missed {
 is already Found: false).
 Position: LorenzVec(x=-603.9583333333333, y=31.5, z=-231.30208333333331)
 DistanceC: 15.497016896107624
Relative Position: LorenzVec(x=9.422463957762261, y=22.5, z=15.497016896107624)
 }
16:45:17 `Bat`2423554 missed {
 is already Found: false).
 Position: LorenzVec(x=-603.9583333333333, y=35.5, z=-231.30208333333331)
 DistanceC: 15.497016896107624
Relative Position: LorenzVec(x=9.422463957762261, y=26.5, z=15.497016896107624)
 }
16:45:17 `Bat`2423562 missed {
 is already Found: false).
 Position: LorenzVec(x=-603.9583333333333, y=36.5, z=-231.30208333333331)
 DistanceC: 15.497016896107624
Relative Position: LorenzVec(x=9.422463957762261, y=27.5, z=15.497016896107624)
 }
16:45:17 `Bat`2423572 missed {
 is already Found: false).
 Position: LorenzVec(x=-603.9583333333333, y=37.5, z=-231.30208333333331)
 DistanceC: 15.497016896107624
Relative Position: LorenzVec(x=9.422463957762261, y=28.5, z=15.497016896107624)
 }
16:45:17 `Bat`2423580 missed {
 is already Found: false).
 Position: LorenzVec(x=-603.9583333333333, y=38.5, z=-231.30208333333331)
 DistanceC: 15.497016896107624
Relative Position: LorenzVec(x=9.422463957762261, y=29.5, z=15.497016896107624)
 }
16:45:17 `Bat`2423588 missed {
 is already Found: false).
 Position: LorenzVec(x=-603.9583333333333, y=39.5, z=-231.30208333333331)
 DistanceC: 15.497016896107624
Relative Position: LorenzVec(x=9.422463957762261, y=30.5, z=15.497016896107624)
 }
16:45:17 `Bat`2423594 missed {
 is already Found: false).
 Position: LorenzVec(x=-603.9583333333333, y=40.5, z=-231.30208333333331)
 DistanceC: 15.497016896107624
Relative Position: LorenzVec(x=9.422463957762261, y=31.5, z=15.497016896107624)
 }
16:45:17 `Bat`2423616 missed {
 is already Found: false).
 Position: LorenzVec(x=-603.9583333333333, y=43.5, z=-231.30208333333331)
 DistanceC: 15.497016896107624
Relative Position: LorenzVec(x=9.422463957762261, y=34.5, z=15.497016896107624)
 }
16:45:18 `Bat`2423360 missed {
 is already Found: false).
 Position: LorenzVec(x=-600.1458333333333, y=26.5, z=-240.57291666666669)
 DistanceC: 16.181070190546393
Relative Position: LorenzVec(x=16.181070190546393, y=18.5, z=12.140686889489473)
 }
16:45:18 `Bat`2423366 missed {
 is already Found: false).
 Position: LorenzVec(x=-600.1458333333333, y=27.5, z=-240.57291666666669)
 DistanceC: 16.181070190546393
Relative Position: LorenzVec(x=16.181070190546393, y=19.5, z=12.140686889489473)
 }
16:45:18 `Bat`2423368 missed {
 is already Found: false).
 Position: LorenzVec(x=-600.1458333333333, y=28.5, z=-240.57291666666669)
 DistanceC: 16.181070190546393
Relative Position: LorenzVec(x=16.181070190546393, y=20.5, z=12.140686889489473)
 }
16:45:18 `Bat`2423376 missed {
 is already Found: false).
 Position: LorenzVec(x=-600.1458333333333, y=29.5, z=-240.57291666666669)
 DistanceC: 16.181070190546393
Relative Position: LorenzVec(x=16.181070190546393, y=21.5, z=12.140686889489473)
 }
16:45:18 `Bat`2423460 missed {
 is already Found: false).
 Position: LorenzVec(x=-600.1458333333333, y=42.5, z=-240.57291666666669)
 DistanceC: 16.181070190546393
Relative Position: LorenzVec(x=16.181070190546393, y=34.5, z=12.140686889489473)
 }
16:45:18 `Bat`2423494 missed {
 is already Found: false).
 Position: LorenzVec(x=-600.1458333333333, y=47.5, z=-240.57291666666669)
 DistanceC: 16.554166654745814
Relative Position: LorenzVec(x=16.554166654745814, y=39.5, z=12.340122784841498)
 }
16:45:18 `Bat`2423712 missed {
 is already Found: false).
 Position: LorenzVec(x=-599.9895833333333, y=32.5, z=-233.39583333333331)
 DistanceC: 19.87166809503799
Relative Position: LorenzVec(x=16.45175612061439, y=24.5, z=19.87166809503799)
 }
16:45:19 `Bat`2423650 missed {
 is already Found: false).
 Position: LorenzVec(x=-598.1458333333333, y=33.5, z=-239.57291666666669)
 DistanceC: 20.655190076268013
Relative Position: LorenzVec(x=20.655190076268013, y=25.5, z=13.078193699062467)
 }
16:45:19 `Bat`2423660 missed {
 is already Found: false).
 Position: LorenzVec(x=-598.1458333333333, y=34.5, z=-239.57291666666669)
 DistanceC: 20.655190076268013
Relative Position: LorenzVec(x=20.655190076268013, y=26.5, z=13.078193699062467)
 }
16:45:19 `Bat`2423664 missed {
 is already Found: false).
 Position: LorenzVec(x=-598.1458333333333, y=35.5, z=-239.57291666666669)
 DistanceC: 20.655190076268013
Relative Position: LorenzVec(x=20.655190076268013, y=27.5, z=13.078193699062467)
 }
16:46:10 `Villager`373 missed {
 is already Found: false).
 Position: LorenzVec(x=-36.0, y=68.0, z=-39.0)
 DistanceC: 22.213169936084626
Relative Position: LorenzVec(x=-22.213169936084626, y=-3.0, z=19.086931399906966)
 }
16:47:54 `Villager`255 missed {
 is already Found: false).
 Position: LorenzVec(x=-35.5, y=69.0, z=-112.5)
 DistanceC: 22.19912876058902
Relative Position: LorenzVec(x=11.73780539390625, y=13.0, z=22.19912876058902)
 }
16:48:45 `jwjqx96ovi`326 missed {
 is already Found: false).
 Position: LorenzVec(x=-88.5, y=55.0, z=-128.5)
 DistanceC: 22.76431519613348
Relative Position: LorenzVec(x=-9.919571489638756, y=8.0, z=-22.76431519613348)
 }
16:57:59 `slrsn121f7`376 missed {
 is already Found: false).
 Position: LorenzVec(x=-59.5, y=89.0, z=-16.5)
 DistanceC: 23.272505660239
Relative Position: LorenzVec(x=11.670983594925758, y=19.0, z=23.272505660239)
 }
17:05:30 `8clp63nw5i`340 missed {
 is already Found: false).
 Position: LorenzVec(x=-49.5, y=70.0, z=-67.5)
 DistanceC: 23.7526818815695
Relative Position: LorenzVec(x=-19.34441585836102, y=-8.501533884405319, z=-23.7526818815695)
 }
17:05:33 `79u8nae9p5`245 missed {
 is already Found: false).
 Position: LorenzVec(x=-51.0, y=72.0, z=-60.5)
 DistanceC: 21.502119550948386
Relative Position: LorenzVec(x=-21.502119550948386, y=-2.020000010728836, z=-16.6750609663789)
 }
17:05:33 `8014qo13t0`256 missed {
 is already Found: false).
 Position: LorenzVec(x=-51.0, y=71.0, z=-27.5)
 DistanceC: 21.502119550948386
Relative Position: LorenzVec(x=-21.502119550948386, y=-3.020000010728836, z=16.3249390336211)
 }
17:05:34 `02d61m468i`258 missed {
 is already Found: false).
 Position: LorenzVec(x=-52.0, y=65.0, z=-29.0)
 DistanceC: 22.072837399107147
Relative Position: LorenzVec(x=-22.072837399107147, y=-13.501964197431263, z=14.32445577340252)
 }
17:06:26 `62l19kmj9a`325 missed {
 is already Found: false).
 Position: LorenzVec(x=-85.5, y=55.0, z=-139.5)
 DistanceC: 23.503392765375864
Relative Position: LorenzVec(x=16.208914946371337, y=6.0, z=-23.503392765375864)
 }
17:08:19 `290082a19z`523 missed {
 is already Found: false).
 Position: LorenzVec(x=-29.5, y=57.0, z=-90.5)
 DistanceC: 22.273775167094655
Relative Position: LorenzVec(x=-20.743059405440345, y=-13.0, z=-22.273775167094655)
 }
17:08:19 `1m63hn9kk9`421 missed {
 is already Found: false).
 Position: LorenzVec(x=-31.0, y=73.0, z=-85.5)
 DistanceC: 22.243059405440345
Relative Position: LorenzVec(x=-22.243059405440345, y=3.0, z=-17.273775167094655)
 }
17:08:19 `2d8x87u5zw`531 missed {
 is already Found: false).
 Position: LorenzVec(x=-32.5, y=71.0, z=-76.5)
 DistanceC: 23.743059405440345
Relative Position: LorenzVec(x=-23.743059405440345, y=1.0, z=-8.273775167094655)
 }
17:08:55 `62l19kmj9a`325 missed {
 is already Found: false).
 Position: LorenzVec(x=-85.5, y=55.0, z=-139.5)
 DistanceC: 18.72759962875375
Relative Position: LorenzVec(x=18.72759962875375, y=7.0, z=-15.910819969300974)
 }
17:13:21 `62l19kmj9a`325 missed {
 is already Found: false).
 Position: LorenzVec(x=-85.5, y=55.0, z=-139.5)
 DistanceC: 19.959606133171462
Relative Position: LorenzVec(x=19.959606133171462, y=7.578400001525878, z=-11.31165476837964)
 }
17:24:20 `62l19kmj9a`325 missed {
 is already Found: false).
 Position: LorenzVec(x=-85.5, y=55.0, z=-139.5)
 DistanceC: 23.265389561549085
Relative Position: LorenzVec(x=19.651889494028097, y=5.0, z=-23.265389561549085)
 }
17:46:09 `cag8eo0558`257 missed {
 is already Found: false).
 Position: LorenzVec(x=-47.0, y=74.0, z=-30.5)
 DistanceC: 23.053169862404047
Relative Position: LorenzVec(x=-23.053169862404047, y=0.7444568302495895, z=19.5364634144234)
 }
17:46:21 `mqtqk99638`532 missed {
 is already Found: false).
 Position: LorenzVec(x=-39.5, y=70.0, z=-78.90625)
 DistanceC: 23.454119628762214
Relative Position: LorenzVec(x=-14.382299374066335, y=-15.0, z=-23.454119628762214)
 }
17:46:42 `lkv8qx5a9u`228 missed {
 is already Found: false).
 Position: LorenzVec(x=22.0, y=71.0, z=-45.5)
 DistanceC: 20.657347585026635
Relative Position: LorenzVec(x=20.657347585026635, y=1.0, z=2.666342471155957)
 }
