05:31:54 [allowed] §f §r§r§r§f §r§r§r§1 §r§r§r§0 §r§r§r§2 §r§r§r§f §r§r§r§f §r§r§r§2 §r§r§r§0 §r§r§r§4 §r§r§r§3 §r§r§r§9 §r§r§r§2 §r§r§r§0 §r§r§r§0 §r§r§r§3 §r§r§r§9 §r§r§r§2 §r§r§r§0 §r§r§r§0 §r§r§r§3 §r§r§r§9 §r§r§r§2 §r§r§r§0 §r§r§r§0 
05:31:54 [allowed] §aYou have §b1 §aunclaimed leveling reward!
05:31:54 [allowed] §eClick here to view it!
05:31:54 [allowed] §aYou have §62 §aunclaimed achievement rewards!
05:31:54 [allowed] §eClick here to view them!
05:31:55 [allowed] §b[MVP§5+§b] DeepFriedTowel§f§r§f: gc
05:32:00 [allowed] §b[MVP§f+§b] keinWalross§f §6joined the lobby!
05:32:00 [allowed] §b[MVP§6+§b] ironpastry77§f §6joined the lobby!
05:32:00 [allowed] §7Sending to server mini67CW...
05:32:01 [allowed] §8 §r§8 §r§1 §r§3 §r§3 §r§7 §r§8 
05:32:02 [allowed] 
05:32:02 [allowed] §eWelcome to §r§aHypixel SkyBlock§r§e!
05:32:02 [allowed] 
05:32:02 [allowed] §eLatest update: §bSkyBlock v0.23.1 §e§lCLICK
05:32:04 [allowed] §aYou are playing on profile: §ePear§b (Co-op)
05:32:04 [allowed] §8Profile ID: da202b41-03b4-4acb-b131-26b3b789ffbc
05:32:06 [allowed] §7Warping...
05:32:06 [allowed] §7Sending to server mini252R...
05:32:06 [allowed] §8 §r§8 §r§1 §r§3 §r§3 §r§7 §r§8 
05:32:11 [allowed] §aYou are playing on profile: §ePear§b (Co-op)
05:32:11 [allowed] §8Profile ID: da202b41-03b4-4acb-b131-26b3b789ffbc
05:32:12 [allowed] §eYou need the §r§dCookie Buff §r§eto use this command!
05:32:12 [allowed] §eObtain a §r§6Booster Cookie §r§efrom the community shop in the hub!
05:32:14 [allowed] 
05:32:14 [allowed]  §r§6§lNEW AREA DISCOVERED!
05:32:14 [allowed] §7  ⏣ §r§b§r§6Auction House
05:32:14 [allowed] 
05:32:14 [allowed] §7   ■ §r§f§r§7§r§fAuction off your special items.
05:32:14 [allowed] §7   ■ §r§f§r§7§r§fBid on other players' items.
05:32:14 [allowed] 
05:32:32 [allowed] §d§lHOPPITY'S HUNT §r§dA §r§aChocolate Supper Egg §r§dhas appeared!
05:33:31 [allowed] §aYou earned §r§e38 Event EXP §r§afrom playing SkyBlock!
05:37:13 [allowed]  §b§l» §alongfenownsheat §eis traveling to §aPrivate Island §e§lFOLLOW
05:37:15 [allowed] §8[§r§e113§r§8] §r§7❂ §r§b[MVP§c+§b] mihaicalin32 §7♲§f§r§f: where do i check my soulflow
05:37:25 [allowed] §8[§r§e117§r§8] §r§a[VIP] hwrp§f§r§f: someone buy my ah like a good boy
05:37:35 [allowed] §8[§r§72§r§8] §r§7Waterfire54§7§r§7: ok
05:37:48 [allowed]  §b§l» §alongfenownsheat §eis traveling to §aDwarven Mines §e§lFOLLOW
05:38:42 [allowed] §aYou earned §r§e125 Event EXP §r§afrom playing SkyBlock!
05:38:43 [allowed] §8[§r§a120§r§8] §r§a[VIP] JoannaRender§f§r§f: lowballing 448m
05:40:51 [allowed] §d§lHOPPITY'S HUNT §r§dA §r§6Chocolate Breakfast Egg §r§dhas appeared!
05:43:46 [allowed] §c ☠ §r§7§r§ajuicetin2002§r§7 was killed by Revenant Horror§r§7§r§7.
05:44:22 [allowed] §8[§r§733§r§8] §r§b[MVP§a+§b] Gamer727§f§r§f: does anyone have any armour I can have
05:44:28 [allowed] §8[§r§6433§r§8] §r§7§l℻ §r§b[MVP§8+§b] Sjippi§f§r§f: Selling t11 vampire minion for 20m - visit me
05:44:29 [allowed] §8[§r§733§r§8] §r§b[MVP§a+§b] Gamer727§f§r§f: im only combat 12
05:45:07 [allowed] §b-----------------------------------------------------
05:45:07 [allowed] §a[VIP§r§6+§r§a] longfenownsheat§r§f §r§ecreated a BIN auction for §r§b◆ Music Rune I §r§eat §r§63,999,999 coins!
05:45:07 [allowed] §b-----------------------------------------------------
05:45:32 [allowed]  §b§l» §alongfenownsheat §eis traveling to §aGarden §e§lFOLLOW
05:46:19 [allowed] §8[§r§e96§r§8] §r§a[VIP§6+§a] Brezy904YT§f§r§f: how do i turn off item drop was canceled because the item is rare
05:46:38 [allowed] §6[Auction] §6Shurahashi §ebought §f◆ Music Rune I §efor §63,999,999 coins §lCLICK
05:46:41 [allowed] §d§lHOPPITY'S HUNT §r§dA §r§9Chocolate Lunch Egg §r§dhas appeared!
05:48:14 [allowed] 
05:48:14 [allowed] §6§k§lA§r §c§lFIRE SALE §r§6§k§lA
§r§c♨ §eSelling an item for a limited time!
§r§c   ♨ §aFrog Dye §e(§e46,209 left§e)§c§r
§r§c♨ §a§l[WARP] §eTo Elizabeth in the next §c1d 19h 11m §eto grab yours!
05:48:14 [allowed] 
05:49:24 [allowed] §eYou are being transferred to the §r§aPrototype Lobby §r§efor being §r§cAFK§r§e!
05:49:24 [allowed] §f §r§r§r§f §r§r§r§1 §r§r§r§0 §r§r§r§2 §r§r§r§f §r§r§r§f §r§r§r§2 §r§r§r§0 §r§r§r§4 §r§r§r§3 §r§r§r§9 §r§r§r§2 §r§r§r§0 §r§r§r§0 §r§r§r§3 §r§r§r§9 §r§r§r§2 §r§r§r§0 §r§r§r§0 §r§r§r§3 §r§r§r§9 §r§r§r§2 §r§r§r§0 §r§r§r§0 
05:49:24 [allowed] §b✦ §r§7You earned §r§b12 §r§7Mystery Dust!
05:49:25 [allowed] §aYou have §b1 §aunclaimed leveling reward!
05:49:25 [allowed] §eClick here to view it!
05:49:25 [allowed] §aYou have §62 §aunclaimed achievement rewards!
05:49:25 [allowed] §eClick here to view them!
05:49:26 [allowed] §b[MVP§9+§b] EndLock§f §6joined the lobby!
05:49:28 [allowed] §b[MVP§c+§b] Chief_Isma§f §6joined the lobby!
05:49:28 [allowed] §b[MVP§c+§b] Villekoira§f §6joined the lobby!
05:49:32 [allowed] §b[MVP§c+§b] BXREIGN§f §6joined the lobby!
05:49:33 [allowed] 
§r§f§l➔ §r§6§lWelcome to the Prototype Lobby§r
§r§aAll games in this lobby are currently in development.§r
§r§eClick here to leave feedback!§r§f ➤ §r§b§nhttps://hypixel.net/PTL

05:49:34 [allowed] §7Sending to server mini252R...
05:49:35 [allowed] §8 §r§8 §r§1 §r§3 §r§3 §r§7 §r§8 
05:49:39 [allowed] 
05:49:39 [allowed] §eWelcome to §r§aHypixel SkyBlock§r§e!
05:49:39 [allowed] 
05:49:39 [allowed] §eLatest update: §bSkyBlock v0.23.1 §e§lCLICK
05:49:39 [allowed] §aYou are playing on profile: §ePear§b (Co-op)
05:49:39 [allowed] §8Profile ID: da202b41-03b4-4acb-b131-26b3b789ffbc
05:49:46 [allowed] 
05:49:46 [allowed] §6§k§lA§r §c§lFIRE SALE §r§6§k§lA
§r§c♨ §eSelling an item for a limited time!
§r§c   ♨ §aFrog Dye §e(§e46,209 left§e)§c§r
§r§c♨ §a§l[WARP] §eTo Elizabeth in the next §c1d 19h 10m §eto grab yours!
05:49:46 [allowed] 
05:50:21 [allowed] §bGVspeed §r§elaunched a §r§9Bat Firework §r§ein the Village. It's dropping candies for everyone!
05:50:30 [allowed] §b§m-----------------------------------------------------
§r§a[VIP] StinkyBreadBoy §r§ahas invited you to join their guild, §r§6CarrierHub§r§a!
§r§bClick here §r§ato accept or type §r§b/guild accept eriz0o0§r§a!
§r§b§m-----------------------------------------------------

05:52:31 [allowed] §d§lHOPPITY'S HUNT §r§dA §r§aChocolate Dinner Egg §r§dhas appeared!
05:55:31 [allowed] §b§m-----------------------------------------------------
05:55:31 [allowed] §eThe guild invite from §r§6CarrierHub §r§ehas expired.
05:55:31 [allowed] §b§m-----------------------------------------------------
05:58:23 [allowed] §8[§r§f45§r§8] §r§b[MVP§c+§b] Jakecats5§f§r§f: DUDE
05:58:24 [allowed] §8[§r§f45§r§8] §r§b[MVP§c+§b] Jakecats5§f§r§f: WTF
05:58:26 [allowed] §8[§r§f45§r§8] §r§b[MVP§c+§b] Jakecats5§f§r§f: DSONT
05:58:40 [allowed] §8[§r§a134§r§8] §r§a[VIP] Mayaze§f§r§f: why?
05:58:59 [allowed] §8[§r§f45§r§8] §r§b[MVP§c+§b] Jakecats5§f§r§f: im doing it for tests youll ruin the testsd
05:59:06 [allowed] §8[§r§a134§r§8] §r§a[VIP] Mayaze§f§r§f: ohh sorry
05:59:15 [allowed] §aYou earned §r§e225 Event EXP §r§afrom playing SkyBlock!
06:00:52 [allowed] §d§lHOPPITY'S HUNT §r§dA §r§6Chocolate Brunch Egg §r§dhas appeared!
06:03:20 [allowed] §8[§r§e80§r§8] §r§7✧ §r§7Discolobster§7§r§7: rngmeter
06:06:41 [allowed] §d§lHOPPITY'S HUNT §r§dA §r§9Chocolate Déjeuner Egg §r§dhas appeared!
06:08:23 [allowed] §8[§r§77§r§8] §r§a[VIP] CaosLord44§f§r§f: trtghr
06:08:41 [allowed] 
06:08:41 [allowed] §6§k§lA§r §c§lFIRE SALE §r§6§k§lA
§r§c♨ §eSelling an item for a limited time!
§r§c   ♨ §aFrog Dye §e(§e46,193 left§e)§c§r
§r§c♨ §a§l[WARP] §eTo Elizabeth in the next §c1d 18h 51m §eto grab yours!
06:08:41 [allowed] 
