17:32:51 Trying to load config from config\skyhanni\config.json
17:32:51 load-config-now
17:32:52 Loaded config from file
17:32:52 Trying to load sacks from config\skyhanni\sacks.json
17:32:52 load-sacks-now
17:32:52 Loaded sacks from file
17:32:52 Trying to load friends from config\skyhanni\friends.json
17:32:52 load-friends-now
17:32:52 Loaded friends from file
17:32:52 Trying to load known_features from config\skyhanni\known_features.json
17:32:52 load-known_features-now
17:32:52 Loaded known_features from file
17:32:52 Trying to load jacob_contests from config\skyhanni\jacob_contests.json
17:32:52 Setting jacob_contests to be blank as it did not exist. It will be saved once something is written to it
17:32:52 Trying to load visual_words from config\skyhanni\visual_words.json
17:32:52 Setting visual_words to be blank as it did not exist. It will be saved once something is written to it
17:32:52 Trying to load pets from config\skyhanni\pets.json
17:32:52 load-pets-now
17:32:52 Loaded pets from file
17:33:52 saveConfig: auto-save-60s
17:33:52 Saving config file
17:33:52 Saved config file successfully
17:33:52 saveConfig: auto-save-60s
17:33:52 Saving config file
17:33:52 Saved config file successfully
17:34:52 saveConfig: auto-save-60s
17:34:52 Saving config file
17:34:52 Saved config file successfully
17:34:52 saveConfig: auto-save-60s
17:34:52 Saving config file
17:34:52 Saved config file successfully
17:35:08 saveConfig: Updated known feature flags
17:35:08 Saving known_features file
17:35:08 Saved known_features file successfully
17:35:08 saveConfig: Updated known feature flags
17:35:08 Saving known_features file
17:35:08 Saved known_features file successfully
17:35:23 saveConfig: saving-data
17:35:23 Saving pets file
17:35:23 Saved pets file successfully
17:35:23 saveConfig: saving-data
17:35:23 Saving pets file
17:35:23 Saved pets file successfully
17:35:25 saveConfig: Save file
17:35:25 Saving friends file
17:35:25 Saved friends file successfully
17:35:25 saveConfig: Save file
17:35:25 Saving friends file
17:35:25 Saved friends file successfully
17:35:52 saveConfig: auto-save-60s
17:35:52 Saving config file
17:35:52 Saved config file successfully
17:35:52 saveConfig: auto-save-60s
17:35:52 Saving config file
17:35:52 Saved config file successfully
17:35:54 saveConfig: saving-data
17:35:54 Saving pets file
17:35:54 Saved pets file successfully
17:35:54 saveConfig: saving-data
17:35:54 Saving pets file
17:35:54 Saved pets file successfully
17:36:52 saveConfig: auto-save-60s
17:36:52 Saving config file
17:36:52 Saved config file successfully
17:36:52 saveConfig: auto-save-60s
17:36:52 Saving config file
17:36:52 Saved config file successfully
17:37:52 saveConfig: auto-save-60s
17:37:52 Saving config file
17:37:52 Saved config file successfully
17:37:52 saveConfig: auto-save-60s
17:37:52 Saving config file
17:37:52 Saved config file successfully
17:37:54 saveConfig: saving-data
17:37:54 Saving pets file
17:37:54 Saved pets file successfully
17:37:54 saveConfig: saving-data
17:37:54 Saving pets file
17:37:54 Saved pets file successfully
17:38:25 saveConfig: saving-data
17:38:25 Saving pets file
17:38:25 Saved pets file successfully
17:38:25 saveConfig: saving-data
17:38:25 Saving pets file
17:38:25 Saved pets file successfully
17:38:52 saveConfig: auto-save-60s
17:38:52 Saving config file
17:38:52 Saved config file successfully
17:38:52 saveConfig: auto-save-60s
17:38:52 Saving config file
17:38:52 Saved config file successfully
17:39:52 saveConfig: auto-save-60s
17:39:52 Saving config file
17:39:52 Saved config file successfully
17:39:52 saveConfig: auto-save-60s
17:39:52 Saving config file
17:39:52 Saved config file successfully
17:40:42 saveConfig: saving-data
17:40:42 Saving sacks file
17:40:42 Saved sacks file successfully
17:40:42 saveConfig: saving-data
17:40:42 Saving sacks file
17:40:42 Saved sacks file successfully
17:40:52 saveConfig: auto-save-60s
17:40:52 Saving config file
17:40:52 Saved config file successfully
17:40:52 saveConfig: auto-save-60s
17:40:52 Saving config file
17:40:52 Saved config file successfully
17:41:11 saveConfig: saving-data
17:41:11 Saving pets file
17:41:11 Saved pets file successfully
17:41:11 saveConfig: saving-data
17:41:11 Saving pets file
17:41:11 Saved pets file successfully
17:41:42 saveConfig: saving-data
17:41:42 Saving pets file
17:41:42 Saved pets file successfully
17:41:42 saveConfig: saving-data
17:41:42 Saving pets file
17:41:42 Saved pets file successfully
17:41:52 saveConfig: auto-save-60s
17:41:52 Saving config file
17:41:52 Saved config file successfully
17:41:52 saveConfig: auto-save-60s
17:41:52 Saving config file
17:41:52 Saved config file successfully
17:42:52 saveConfig: auto-save-60s
17:42:52 Saving config file
17:42:52 Saved config file successfully
17:42:52 saveConfig: auto-save-60s
17:42:52 Saving config file
17:42:52 Saved config file successfully
17:43:52 saveConfig: auto-save-60s
17:43:52 Saving config file
17:43:52 Saved config file successfully
17:43:52 saveConfig: auto-save-60s
17:43:52 Saving config file
17:43:52 Saved config file successfully
17:44:52 saveConfig: auto-save-60s
17:44:52 Saving config file
17:44:52 Saved config file successfully
17:44:52 saveConfig: auto-save-60s
17:44:52 Saving config file
17:44:52 Saved config file successfully
17:45:52 saveConfig: auto-save-60s
17:45:52 Saving config file
17:45:52 Saved config file successfully
17:45:52 saveConfig: auto-save-60s
17:45:52 Saving config file
17:45:52 Saved config file successfully
17:46:25 saveConfig: saving-data
17:46:25 Saving pets file
17:46:25 Saved pets file successfully
17:46:25 saveConfig: saving-data
17:46:25 Saving pets file
17:46:25 Saved pets file successfully
17:46:52 saveConfig: auto-save-60s
17:46:52 Saving config file
17:46:52 Saved config file successfully
17:46:52 saveConfig: auto-save-60s
17:46:52 Saving config file
17:46:52 Saved config file successfully
17:46:56 saveConfig: saving-data
17:46:56 Saving pets file
17:46:56 Saved pets file successfully
17:46:56 saveConfig: saving-data
17:46:56 Saving pets file
17:46:56 Saved pets file successfully
17:47:52 saveConfig: auto-save-60s
17:47:52 Saving config file
17:47:52 Saved config file successfully
17:47:52 saveConfig: auto-save-60s
17:47:52 Saving config file
17:47:52 Saved config file successfully
17:48:13 saveConfig: saving-data
17:48:13 Saving sacks file
17:48:13 Saved sacks file successfully
17:48:13 saveConfig: saving-data
17:48:13 Saving sacks file
17:48:13 Saved sacks file successfully
17:48:52 saveConfig: auto-save-60s
17:48:52 Saving config file
17:48:52 Saved config file successfully
17:48:52 saveConfig: auto-save-60s
17:48:52 Saving config file
17:48:52 Saved config file successfully
17:48:52 saveConfig: saving-data
17:48:52 Saving pets file
17:48:52 Saved pets file successfully
17:48:52 saveConfig: saving-data
17:48:52 Saving pets file
17:48:52 Saved pets file successfully
17:49:36 saveConfig: saving-data
17:49:36 Saving pets file
17:49:36 Saved pets file successfully
17:49:36 saveConfig: saving-data
17:49:36 Saving pets file
17:49:36 Saved pets file successfully
17:49:52 saveConfig: auto-save-60s
17:49:52 Saving config file
17:49:52 Saved config file successfully
17:49:52 saveConfig: auto-save-60s
17:49:52 Saving config file
17:49:52 Saved config file successfully
17:50:12 saveConfig: saving-data
17:50:12 Saving pets file
17:50:12 Saved pets file successfully
17:50:12 saveConfig: saving-data
17:50:12 Saving pets file
17:50:12 Saved pets file successfully
17:50:52 saveConfig: auto-save-60s
17:50:52 Saving config file
17:50:52 Saved config file successfully
17:50:52 saveConfig: auto-save-60s
17:50:52 Saving config file
17:50:52 Saved config file successfully
17:51:52 saveConfig: auto-save-60s
17:51:52 Saving config file
17:51:52 Saved config file successfully
17:51:52 saveConfig: auto-save-60s
17:51:52 Saving config file
17:51:52 Saved config file successfully
17:52:52 saveConfig: auto-save-60s
17:52:52 Saving config file
17:52:52 Saved config file successfully
17:52:52 saveConfig: auto-save-60s
17:52:52 Saving config file
17:52:52 Saved config file successfully
17:53:52 saveConfig: auto-save-60s
17:53:52 Saving config file
17:53:52 Saved config file successfully
17:53:52 saveConfig: auto-save-60s
17:53:52 Saving config file
17:53:52 Saved config file successfully
17:54:05 saveConfig: saving-data
17:54:05 Saving pets file
17:54:05 Saved pets file successfully
17:54:05 saveConfig: saving-data
17:54:05 Saving pets file
17:54:05 Saved pets file successfully
17:54:36 saveConfig: saving-data
17:54:36 Saving pets file
17:54:36 Saved pets file successfully
17:54:36 saveConfig: saving-data
17:54:36 Saving pets file
17:54:36 Saved pets file successfully
17:54:52 saveConfig: auto-save-60s
17:54:52 Saving config file
17:54:52 Saved config file successfully
17:54:52 saveConfig: auto-save-60s
17:54:52 Saving config file
17:54:52 Saved config file successfully
17:55:52 saveConfig: auto-save-60s
17:55:52 Saving config file
17:55:52 Saved config file successfully
17:55:52 saveConfig: auto-save-60s
17:55:52 Saving config file
17:55:52 Saved config file successfully
17:56:52 saveConfig: auto-save-60s
17:56:52 Saving config file
17:56:52 Saved config file successfully
17:56:52 saveConfig: auto-save-60s
17:56:52 Saving config file
17:56:52 Saved config file successfully
17:57:52 saveConfig: auto-save-60s
17:57:52 Saving config file
17:57:52 Saved config file successfully
17:57:52 saveConfig: auto-save-60s
17:57:52 Saving config file
17:57:52 Saved config file successfully
17:58:52 saveConfig: auto-save-60s
17:58:52 Saving config file
17:58:52 Saved config file successfully
17:58:52 saveConfig: auto-save-60s
17:58:52 Saving config file
17:58:52 Saved config file successfully
17:59:16 saveConfig: saving-data
17:59:16 Saving pets file
17:59:16 Saved pets file successfully
17:59:16 saveConfig: saving-data
17:59:16 Saving pets file
17:59:16 Saved pets file successfully
17:59:46 saveConfig: saving-data
17:59:46 Saving pets file
17:59:46 Saved pets file successfully
17:59:46 saveConfig: saving-data
17:59:46 Saving pets file
17:59:47 Saved pets file successfully
17:59:52 saveConfig: auto-save-60s
17:59:52 Saving config file
17:59:52 Saved config file successfully
17:59:52 saveConfig: auto-save-60s
17:59:52 Saving config file
17:59:52 Saved config file successfully
18:00:52 saveConfig: auto-save-60s
18:00:52 Saving config file
18:00:52 Saved config file successfully
18:00:52 saveConfig: auto-save-60s
18:00:52 Saving config file
18:00:52 Saved config file successfully
18:01:52 saveConfig: auto-save-60s
18:01:52 Saving config file
18:01:52 Saved config file successfully
18:01:52 saveConfig: auto-save-60s
18:01:52 Saving config file
18:01:52 Saved config file successfully
18:02:52 saveConfig: auto-save-60s
18:02:52 Saving config file
18:02:52 Saved config file successfully
18:02:52 saveConfig: auto-save-60s
18:02:52 Saving config file
18:02:52 Saved config file successfully
18:03:52 saveConfig: auto-save-60s
18:03:52 Saving config file
18:03:52 Saved config file successfully
18:03:52 saveConfig: auto-save-60s
18:03:52 Saving config file
18:03:52 Saved config file successfully
18:04:52 saveConfig: auto-save-60s
18:04:52 Saving config file
18:04:52 Saved config file successfully
18:04:52 saveConfig: auto-save-60s
18:04:52 Saving config file
18:04:52 Saved config file successfully
18:05:52 saveConfig: auto-save-60s
18:05:52 Saving config file
18:05:52 Saved config file successfully
18:05:52 saveConfig: auto-save-60s
18:05:52 Saving config file
18:05:52 Saved config file successfully
18:06:52 saveConfig: auto-save-60s
18:06:52 Saving config file
18:06:52 Saved config file successfully
18:06:52 saveConfig: auto-save-60s
18:06:52 Saving config file
18:06:52 Saved config file successfully
18:07:52 saveConfig: auto-save-60s
18:07:52 Saving config file
18:07:52 Saved config file successfully
18:07:52 saveConfig: auto-save-60s
18:07:52 Saving config file
18:07:52 Saved config file successfully
18:08:52 saveConfig: auto-save-60s
18:08:52 Saving config file
18:08:52 Saved config file successfully
18:08:52 saveConfig: auto-save-60s
18:08:52 Saving config file
18:08:52 Saved config file successfully
18:09:52 saveConfig: auto-save-60s
18:09:52 Saving config file
18:09:52 Saved config file successfully
18:09:52 saveConfig: auto-save-60s
18:09:52 Saving config file
18:09:52 Saved config file successfully
18:10:52 saveConfig: auto-save-60s
18:10:52 Saving config file
18:10:52 Saved config file successfully
18:10:52 saveConfig: auto-save-60s
18:10:52 Saving config file
18:10:52 Saved config file successfully
18:11:52 saveConfig: auto-save-60s
18:11:52 Saving config file
18:11:52 Saved config file successfully
18:11:52 saveConfig: auto-save-60s
18:11:52 Saving config file
18:11:52 Saved config file successfully
18:12:52 saveConfig: auto-save-60s
18:12:52 Saving config file
18:12:52 Saved config file successfully
18:12:52 saveConfig: auto-save-60s
18:12:52 Saving config file
18:12:52 Saved config file successfully
18:13:52 saveConfig: auto-save-60s
18:13:52 Saving config file
18:13:52 Saved config file successfully
18:13:52 saveConfig: auto-save-60s
18:13:52 Saving config file
18:13:52 Saved config file successfully
18:14:52 saveConfig: auto-save-60s
18:14:52 Saving config file
18:14:52 Saved config file successfully
18:14:52 saveConfig: auto-save-60s
18:14:52 Saving config file
18:14:52 Saved config file successfully
18:15:52 saveConfig: auto-save-60s
18:15:52 Saving config file
18:15:52 Saved config file successfully
18:15:52 saveConfig: auto-save-60s
18:15:52 Saving config file
18:15:52 Saved config file successfully
18:16:52 saveConfig: auto-save-60s
18:16:52 Saving config file
18:16:52 Saved config file successfully
18:16:52 saveConfig: auto-save-60s
18:16:52 Saving config file
18:16:52 Saved config file successfully
18:17:52 saveConfig: auto-save-60s
18:17:52 Saving config file
18:17:52 Saved config file successfully
18:17:52 saveConfig: auto-save-60s
18:17:52 Saving config file
18:17:52 Saved config file successfully
18:18:52 saveConfig: auto-save-60s
18:18:52 Saving config file
18:18:52 Saved config file successfully
18:18:52 saveConfig: auto-save-60s
18:18:52 Saving config file
18:18:52 Saved config file successfully
18:19:52 saveConfig: auto-save-60s
18:19:52 Saving config file
18:19:52 Saved config file successfully
18:19:52 saveConfig: auto-save-60s
18:19:52 Saving config file
18:19:52 Saved config file successfully
18:20:52 saveConfig: auto-save-60s
18:20:52 Saving config file
18:20:52 Saved config file successfully
18:20:52 saveConfig: auto-save-60s
18:20:52 Saving config file
18:20:52 Saved config file successfully
18:21:52 saveConfig: auto-save-60s
18:21:52 Saving config file
18:21:52 Saved config file successfully
18:21:52 saveConfig: auto-save-60s
18:21:52 Saving config file
18:21:52 Saved config file successfully
18:22:52 saveConfig: auto-save-60s
18:22:52 Saving config file
18:22:52 Saved config file successfully
18:22:52 saveConfig: auto-save-60s
18:22:52 Saving config file
18:22:52 Saved config file successfully
18:23:52 saveConfig: auto-save-60s
18:23:52 Saving config file
18:23:52 Saved config file successfully
18:23:52 saveConfig: auto-save-60s
18:23:52 Saving config file
18:23:52 Saved config file successfully
18:24:52 saveConfig: auto-save-60s
18:24:52 Saving config file
18:24:52 Saved config file successfully
18:24:52 saveConfig: auto-save-60s
18:24:52 Saving config file
18:24:52 Saved config file successfully
18:25:52 saveConfig: auto-save-60s
18:25:52 Saving config file
18:25:52 Saved config file successfully
18:25:52 saveConfig: auto-save-60s
18:25:52 Saving config file
18:25:52 Saved config file successfully
18:26:52 saveConfig: auto-save-60s
18:26:52 Saving config file
18:26:52 Saved config file successfully
18:26:52 saveConfig: auto-save-60s
18:26:52 Saving config file
18:26:52 Saved config file successfully
18:27:52 saveConfig: auto-save-60s
18:27:52 Saving config file
18:27:52 Saved config file successfully
18:27:52 saveConfig: auto-save-60s
18:27:52 Saving config file
18:27:52 Saved config file successfully
18:28:52 saveConfig: auto-save-60s
18:28:52 Saving config file
18:28:52 Saved config file successfully
18:28:52 saveConfig: auto-save-60s
18:28:52 Saving config file
18:28:52 Saved config file successfully
18:29:52 saveConfig: auto-save-60s
18:29:52 Saving config file
18:29:52 Saved config file successfully
18:29:52 saveConfig: auto-save-60s
18:29:52 Saving config file
18:29:52 Saved config file successfully
18:30:52 saveConfig: auto-save-60s
18:30:52 Saving config file
18:30:52 Saved config file successfully
18:30:52 saveConfig: auto-save-60s
18:30:52 Saving config file
18:30:52 Saved config file successfully
18:31:52 saveConfig: auto-save-60s
18:31:52 Saving config file
18:31:52 Saved config file successfully
18:31:52 saveConfig: auto-save-60s
18:31:52 Saving config file
18:31:52 Saved config file successfully
18:32:52 saveConfig: auto-save-60s
18:32:52 Saving config file
18:32:52 Saved config file successfully
18:32:52 saveConfig: auto-save-60s
18:32:52 Saving config file
18:32:52 Saved config file successfully
18:33:52 saveConfig: auto-save-60s
18:33:52 Saving config file
18:33:52 Saved config file successfully
18:33:52 saveConfig: auto-save-60s
18:33:52 Saving config file
18:33:52 Saved config file successfully
18:34:52 saveConfig: auto-save-60s
18:34:52 Saving config file
18:34:52 Saved config file successfully
18:34:52 saveConfig: auto-save-60s
18:34:52 Saving config file
18:34:52 Saved config file successfully
18:35:52 saveConfig: auto-save-60s
18:35:52 Saving config file
18:35:52 Saved config file successfully
18:35:52 saveConfig: auto-save-60s
18:35:52 Saving config file
18:35:52 Saved config file successfully
18:36:52 saveConfig: auto-save-60s
18:36:52 Saving config file
18:36:52 Saved config file successfully
18:36:52 saveConfig: auto-save-60s
18:36:52 Saving config file
18:36:52 Saved config file successfully
18:37:52 saveConfig: auto-save-60s
18:37:52 Saving config file
18:37:52 Saved config file successfully
18:37:52 saveConfig: auto-save-60s
18:37:52 Saving config file
18:37:52 Saved config file successfully
18:38:52 saveConfig: auto-save-60s
18:38:52 Saving config file
18:38:52 Saved config file successfully
18:38:52 saveConfig: auto-save-60s
18:38:52 Saving config file
18:38:52 Saved config file successfully
18:39:52 saveConfig: auto-save-60s
18:39:52 Saving config file
18:39:52 Saved config file successfully
18:39:52 saveConfig: auto-save-60s
18:39:52 Saving config file
18:39:52 Saved config file successfully
18:40:52 saveConfig: auto-save-60s
18:40:52 Saving config file
18:40:52 Saved config file successfully
18:40:52 saveConfig: auto-save-60s
18:40:52 Saving config file
18:40:52 Saved config file successfully
18:41:52 saveConfig: auto-save-60s
18:41:52 Saving config file
18:41:52 Saved config file successfully
18:41:52 saveConfig: auto-save-60s
18:41:52 Saving config file
18:41:52 Saved config file successfully
18:42:52 saveConfig: auto-save-60s
18:42:52 Saving config file
18:42:52 Saved config file successfully
18:42:52 saveConfig: auto-save-60s
18:42:52 Saving config file
18:42:52 Saved config file successfully
18:43:52 saveConfig: auto-save-60s
18:43:52 Saving config file
18:43:52 Saved config file successfully
18:43:52 saveConfig: auto-save-60s
18:43:52 Saving config file
18:43:52 Saved config file successfully
18:44:52 saveConfig: auto-save-60s
18:44:52 Saving config file
18:44:52 Saved config file successfully
18:44:52 saveConfig: auto-save-60s
18:44:52 Saving config file
18:44:52 Saved config file successfully
18:45:52 saveConfig: auto-save-60s
18:45:52 Saving config file
18:45:52 Saved config file successfully
18:45:52 saveConfig: auto-save-60s
18:45:52 Saving config file
18:45:52 Saved config file successfully
18:46:52 saveConfig: auto-save-60s
18:46:52 Saving config file
18:46:52 Saved config file successfully
18:46:52 saveConfig: auto-save-60s
18:46:52 Saving config file
18:46:52 Saved config file successfully
18:47:52 saveConfig: auto-save-60s
18:47:52 Saving config file
18:47:52 Saved config file successfully
18:47:52 saveConfig: auto-save-60s
18:47:52 Saving config file
18:47:52 Saved config file successfully
18:48:52 saveConfig: auto-save-60s
18:48:52 Saving config file
18:48:52 Saved config file successfully
18:48:52 saveConfig: auto-save-60s
18:48:52 Saving config file
18:48:52 Saved config file successfully
18:49:52 saveConfig: auto-save-60s
18:49:52 Saving config file
18:49:52 Saved config file successfully
18:49:52 saveConfig: auto-save-60s
18:49:52 Saving config file
18:49:52 Saved config file successfully
18:50:52 saveConfig: auto-save-60s
18:50:52 Saving config file
18:50:52 Saved config file successfully
18:50:52 saveConfig: auto-save-60s
18:50:52 Saving config file
18:50:52 Saved config file successfully
18:51:52 saveConfig: auto-save-60s
18:51:52 Saving config file
18:51:52 Saved config file successfully
18:51:52 saveConfig: auto-save-60s
18:51:52 Saving config file
18:51:52 Saved config file successfully
18:52:52 saveConfig: auto-save-60s
18:52:52 Saving config file
18:52:52 Saved config file successfully
18:52:52 saveConfig: auto-save-60s
18:52:52 Saving config file
18:52:52 Saved config file successfully
18:53:52 saveConfig: auto-save-60s
18:53:52 Saving config file
18:53:52 Saved config file successfully
18:53:52 saveConfig: auto-save-60s
18:53:52 Saving config file
18:53:52 Saved config file successfully
18:54:29 saveConfig: saving-data
18:54:29 Saving pets file
18:54:29 Saved pets file successfully
18:54:29 saveConfig: saving-data
18:54:29 Saving pets file
18:54:29 Saved pets file successfully
18:54:52 saveConfig: auto-save-60s
18:54:52 Saving config file
18:54:52 Saved config file successfully
18:54:52 saveConfig: auto-save-60s
18:54:52 Saving config file
18:54:52 Saved config file successfully
18:55:00 saveConfig: saving-data
18:55:00 Saving pets file
18:55:00 Saved pets file successfully
18:55:00 saveConfig: saving-data
18:55:00 Saving pets file
18:55:00 Saved pets file successfully
18:55:46 saveConfig: saving-data
18:55:46 Saving pets file
18:55:46 Saved pets file successfully
18:55:46 saveConfig: saving-data
18:55:46 Saving pets file
18:55:46 Saved pets file successfully
18:55:52 saveConfig: auto-save-60s
18:55:52 Saving config file
18:55:52 Saved config file successfully
18:55:52 saveConfig: auto-save-60s
18:55:52 Saving config file
18:55:52 Saved config file successfully
18:56:52 saveConfig: auto-save-60s
18:56:52 Saving config file
18:56:52 Saved config file successfully
18:56:52 saveConfig: auto-save-60s
18:56:52 Saving config file
18:56:52 Saved config file successfully
18:57:18 saveConfig: saving-data
18:57:18 Saving pets file
18:57:18 Saved pets file successfully
18:57:18 saveConfig: saving-data
18:57:18 Saving pets file
18:57:18 Saved pets file successfully
18:57:49 saveConfig: saving-data
18:57:49 Saving pets file
18:57:49 Saved pets file successfully
18:57:49 saveConfig: saving-data
18:57:49 Saving pets file
18:57:49 Saved pets file successfully
18:57:52 saveConfig: auto-save-60s
18:57:52 Saving config file
18:57:52 Saved config file successfully
18:57:52 saveConfig: auto-save-60s
18:57:52 Saving config file
18:57:52 Saved config file successfully
18:58:20 saveConfig: saving-data
18:58:20 Saving pets file
18:58:20 Saved pets file successfully
18:58:20 saveConfig: saving-data
18:58:20 Saving pets file
18:58:20 Saved pets file successfully
18:58:52 saveConfig: auto-save-60s
18:58:52 Saving config file
18:58:52 Saved config file successfully
18:58:52 saveConfig: auto-save-60s
18:58:52 Saving config file
18:58:52 Saved config file successfully
18:59:52 saveConfig: auto-save-60s
18:59:52 Saving config file
18:59:52 Saved config file successfully
18:59:52 saveConfig: auto-save-60s
18:59:52 Saving config file
18:59:52 Saved config file successfully
19:00:52 saveConfig: auto-save-60s
19:00:52 Saving config file
19:00:52 Saved config file successfully
19:00:52 saveConfig: auto-save-60s
19:00:52 Saving config file
19:00:52 Saved config file successfully
19:01:42 saveConfig: saving-data
19:01:42 Saving pets file
19:01:42 Saved pets file successfully
19:01:42 saveConfig: saving-data
19:01:42 Saving pets file
19:01:42 Saved pets file successfully
19:01:52 saveConfig: auto-save-60s
19:01:52 Saving config file
19:01:52 Saved config file successfully
19:01:52 saveConfig: auto-save-60s
19:01:52 Saving config file
19:01:52 Saved config file successfully
19:02:13 saveConfig: saving-data
19:02:13 Saving pets file
19:02:13 Saved pets file successfully
19:02:13 saveConfig: saving-data
19:02:13 Saving pets file
19:02:13 Saved pets file successfully
19:02:52 saveConfig: auto-save-60s
19:02:52 Saving config file
19:02:52 Saved config file successfully
19:02:52 saveConfig: auto-save-60s
19:02:52 Saving config file
19:02:52 Saved config file successfully
19:03:19 saveConfig: saving-data
19:03:19 Saving pets file
19:03:19 Saved pets file successfully
19:03:19 saveConfig: saving-data
19:03:19 Saving pets file
19:03:19 Saved pets file successfully
19:03:50 saveConfig: saving-data
19:03:50 Saving pets file
19:03:50 Saved pets file successfully
19:03:50 saveConfig: saving-data
19:03:50 Saving pets file
19:03:50 Saved pets file successfully
19:03:52 saveConfig: auto-save-60s
19:03:52 Saving config file
19:03:52 Saved config file successfully
19:03:52 saveConfig: auto-save-60s
19:03:52 Saving config file
19:03:52 Saved config file successfully
19:04:25 saveConfig: saving-data
19:04:25 Saving pets file
19:04:25 Saved pets file successfully
19:04:25 saveConfig: saving-data
19:04:25 Saving pets file
19:04:25 Saved pets file successfully
19:04:52 saveConfig: auto-save-60s
19:04:52 Saving config file
19:04:52 Saved config file successfully
19:04:52 saveConfig: auto-save-60s
19:04:52 Saving config file
19:04:52 Saved config file successfully
19:04:56 saveConfig: saving-data
19:04:56 Saving pets file
19:04:56 Saved pets file successfully
19:04:56 saveConfig: saving-data
19:04:56 Saving pets file
19:04:56 Saved pets file successfully
19:05:27 saveConfig: saving-data
19:05:27 Saving pets file
19:05:27 Saved pets file successfully
19:05:27 saveConfig: saving-data
19:05:27 Saving pets file
19:05:27 Saved pets file successfully
19:05:52 saveConfig: auto-save-60s
19:05:52 Saving config file
19:05:52 Saved config file successfully
19:05:52 saveConfig: auto-save-60s
19:05:52 Saving config file
19:05:52 Saved config file successfully
19:05:58 saveConfig: saving-data
19:05:58 Saving pets file
19:05:58 Saved pets file successfully
19:05:58 saveConfig: saving-data
19:05:58 Saving pets file
19:05:58 Saved pets file successfully
19:06:29 saveConfig: saving-data
19:06:29 Saving pets file
19:06:29 Saved pets file successfully
19:06:29 saveConfig: saving-data
19:06:29 Saving pets file
19:06:29 Saved pets file successfully
19:06:52 saveConfig: auto-save-60s
19:06:52 Saving config file
19:06:52 Saved config file successfully
19:06:52 saveConfig: auto-save-60s
19:06:52 Saving config file
19:06:52 Saved config file successfully
19:07:52 saveConfig: auto-save-60s
19:07:52 Saving config file
19:07:52 Saved config file successfully
19:07:52 saveConfig: auto-save-60s
19:07:52 Saving config file
19:07:52 Saved config file successfully
19:08:02 saveConfig: saving-data
19:08:02 Saving pets file
19:08:02 Saved pets file successfully
19:08:02 saveConfig: saving-data
19:08:02 Saving pets file
19:08:02 Saved pets file successfully
19:08:33 saveConfig: saving-data
19:08:33 Saving pets file
19:08:33 Saved pets file successfully
19:08:33 saveConfig: saving-data
19:08:33 Saving pets file
19:08:33 Saved pets file successfully
19:08:52 saveConfig: auto-save-60s
19:08:52 Saving config file
19:08:52 Saved config file successfully
19:08:52 saveConfig: auto-save-60s
19:08:52 Saving config file
19:08:52 Saved config file successfully
19:09:17 saveConfig: saving-data
19:09:17 Saving pets file
19:09:17 Saved pets file successfully
19:09:17 saveConfig: saving-data
19:09:17 Saving pets file
19:09:17 Saved pets file successfully
19:09:48 saveConfig: saving-data
19:09:48 Saving pets file
19:09:48 Saved pets file successfully
19:09:48 saveConfig: saving-data
19:09:48 Saving pets file
19:09:48 Saved pets file successfully
19:09:52 saveConfig: auto-save-60s
19:09:52 Saving config file
19:09:52 Saved config file successfully
19:09:52 saveConfig: auto-save-60s
19:09:52 Saving config file
19:09:52 Saved config file successfully
19:10:52 saveConfig: auto-save-60s
19:10:52 Saving config file
19:10:52 Saved config file successfully
19:10:52 saveConfig: auto-save-60s
19:10:52 Saving config file
19:10:52 Saved config file successfully
19:11:52 saveConfig: auto-save-60s
19:11:52 Saving config file
19:11:52 Saved config file successfully
19:11:52 saveConfig: auto-save-60s
19:11:52 Saving config file
19:11:52 Saved config file successfully
19:11:53 saveConfig: saving-data
19:11:53 Saving pets file
19:11:53 Saved pets file successfully
19:11:53 saveConfig: saving-data
19:11:53 Saving pets file
19:11:53 Saved pets file successfully
19:12:38 saveConfig: saving-data
19:12:38 Saving pets file
19:12:38 Saved pets file successfully
19:12:38 saveConfig: saving-data
19:12:38 Saving pets file
19:12:38 Saved pets file successfully
19:12:52 saveConfig: auto-save-60s
19:12:52 Saving config file
19:12:52 Saved config file successfully
19:12:52 saveConfig: auto-save-60s
19:12:52 Saving config file
19:12:52 Saved config file successfully
19:13:09 saveConfig: saving-data
19:13:09 Saving pets file
19:13:09 Saved pets file successfully
19:13:09 saveConfig: saving-data
19:13:09 Saving pets file
19:13:09 Saved pets file successfully
19:13:52 saveConfig: auto-save-60s
19:13:52 Saving config file
19:13:52 Saved config file successfully
19:13:52 saveConfig: auto-save-60s
19:13:52 Saving config file
19:13:52 Saved config file successfully
19:14:52 saveConfig: auto-save-60s
19:14:52 Saving config file
19:14:52 Saved config file successfully
19:14:52 saveConfig: auto-save-60s
19:14:52 Saving config file
19:14:52 Saved config file successfully
19:15:52 saveConfig: auto-save-60s
19:15:52 Saving config file
19:15:52 Saved config file successfully
19:15:52 saveConfig: auto-save-60s
19:15:52 Saving config file
19:15:52 Saved config file successfully
19:16:52 saveConfig: auto-save-60s
19:16:52 Saving config file
19:16:52 Saved config file successfully
19:16:52 saveConfig: auto-save-60s
19:16:52 Saving config file
19:16:52 Saved config file successfully
19:17:52 saveConfig: auto-save-60s
19:17:52 Saving config file
19:17:52 Saved config file successfully
19:17:52 saveConfig: auto-save-60s
19:17:52 Saving config file
19:17:52 Saved config file successfully
19:18:52 saveConfig: auto-save-60s
19:18:52 Saving config file
19:18:52 Saved config file successfully
19:18:52 saveConfig: auto-save-60s
19:18:52 Saving config file
19:18:52 Saved config file successfully
19:19:52 saveConfig: auto-save-60s
19:19:52 Saving config file
19:19:52 Saved config file successfully
19:19:52 saveConfig: auto-save-60s
19:19:52 Saving config file
19:19:52 Saved config file successfully
19:20:52 saveConfig: auto-save-60s
19:20:52 Saving config file
19:20:52 Saved config file successfully
19:20:52 saveConfig: auto-save-60s
19:20:52 Saving config file
19:20:52 Saved config file successfully
19:21:52 saveConfig: auto-save-60s
19:21:52 Saving config file
19:21:52 Saved config file successfully
19:21:52 saveConfig: auto-save-60s
19:21:52 Saving config file
19:21:52 Saved config file successfully
19:22:52 saveConfig: auto-save-60s
19:22:52 Saving config file
19:22:52 Saved config file successfully
19:22:52 saveConfig: auto-save-60s
19:22:52 Saving config file
19:22:52 Saved config file successfully
19:23:52 saveConfig: auto-save-60s
19:23:52 Saving config file
19:23:52 Saved config file successfully
19:23:52 saveConfig: auto-save-60s
19:23:52 Saving config file
19:23:52 Saved config file successfully
19:24:52 saveConfig: auto-save-60s
19:24:52 Saving config file
19:24:52 Saved config file successfully
19:24:52 saveConfig: auto-save-60s
19:24:52 Saving config file
19:24:52 Saved config file successfully
19:25:52 saveConfig: auto-save-60s
19:25:52 Saving config file
19:25:52 Saved config file successfully
19:25:52 saveConfig: auto-save-60s
19:25:52 Saving config file
19:25:52 Saved config file successfully
19:26:52 saveConfig: auto-save-60s
19:26:52 Saving config file
19:26:52 Saved config file successfully
19:26:52 saveConfig: auto-save-60s
19:26:52 Saving config file
19:26:52 Saved config file successfully
19:27:52 saveConfig: auto-save-60s
19:27:52 Saving config file
19:27:52 Saved config file successfully
19:27:52 saveConfig: auto-save-60s
19:27:52 Saving config file
19:27:52 Saved config file successfully
19:28:52 saveConfig: auto-save-60s
19:28:52 Saving config file
19:28:52 Saved config file successfully
19:28:52 saveConfig: auto-save-60s
19:28:52 Saving config file
19:28:52 Saved config file successfully
19:29:52 saveConfig: auto-save-60s
19:29:52 Saving config file
19:29:52 Saved config file successfully
19:29:52 saveConfig: auto-save-60s
19:29:52 Saving config file
19:29:52 Saved config file successfully
19:30:52 saveConfig: auto-save-60s
19:30:52 Saving config file
19:30:52 Saved config file successfully
19:30:52 saveConfig: auto-save-60s
19:30:52 Saving config file
19:30:52 Saved config file successfully
19:31:52 saveConfig: auto-save-60s
19:31:52 Saving config file
19:31:52 Saved config file successfully
19:31:52 saveConfig: auto-save-60s
19:31:52 Saving config file
19:31:52 Saved config file successfully
19:32:52 saveConfig: auto-save-60s
19:32:52 Saving config file
19:32:52 Saved config file successfully
19:32:52 saveConfig: auto-save-60s
19:32:52 Saving config file
19:32:52 Saved config file successfully
19:33:52 saveConfig: auto-save-60s
19:33:52 Saving config file
19:33:52 Saved config file successfully
19:33:52 saveConfig: auto-save-60s
19:33:52 Saving config file
19:33:52 Saved config file successfully
19:34:52 saveConfig: auto-save-60s
19:34:52 Saving config file
19:34:52 Saved config file successfully
19:34:52 saveConfig: auto-save-60s
19:34:52 Saving config file
19:34:52 Saved config file successfully
19:35:52 saveConfig: auto-save-60s
19:35:52 Saving config file
19:35:52 Saved config file successfully
19:35:52 saveConfig: auto-save-60s
19:35:52 Saving config file
19:35:52 Saved config file successfully
19:36:52 saveConfig: auto-save-60s
19:36:52 Saving config file
19:36:52 Saved config file successfully
19:36:52 saveConfig: auto-save-60s
19:36:52 Saving config file
19:36:52 Saved config file successfully
19:37:52 saveConfig: auto-save-60s
19:37:52 Saving config file
19:37:52 Saved config file successfully
19:37:52 saveConfig: auto-save-60s
19:37:52 Saving config file
19:37:52 Saved config file successfully
19:38:52 saveConfig: auto-save-60s
19:38:52 Saving config file
19:38:52 Saved config file successfully
19:38:52 saveConfig: auto-save-60s
19:38:52 Saving config file
19:38:52 Saved config file successfully
19:39:52 saveConfig: auto-save-60s
19:39:52 Saving config file
19:39:52 Saved config file successfully
19:39:52 saveConfig: auto-save-60s
19:39:52 Saving config file
19:39:52 Saved config file successfully
19:40:52 saveConfig: auto-save-60s
19:40:52 Saving config file
19:40:52 Saved config file successfully
19:40:52 saveConfig: auto-save-60s
19:40:52 Saving config file
19:40:52 Saved config file successfully
19:41:52 saveConfig: auto-save-60s
19:41:52 Saving config file
19:41:52 Saved config file successfully
19:41:52 saveConfig: auto-save-60s
19:41:52 Saving config file
19:41:52 Saved config file successfully
19:42:52 saveConfig: auto-save-60s
19:42:52 Saving config file
19:42:52 Saved config file successfully
19:42:52 saveConfig: auto-save-60s
19:42:52 Saving config file
19:42:52 Saved config file successfully
19:43:52 saveConfig: auto-save-60s
19:43:52 Saving config file
19:43:52 Saved config file successfully
19:43:52 saveConfig: auto-save-60s
19:43:52 Saving config file
19:43:52 Saved config file successfully
19:44:52 saveConfig: auto-save-60s
19:44:52 Saving config file
19:44:52 Saved config file successfully
19:44:52 saveConfig: auto-save-60s
19:44:52 Saving config file
19:44:52 Saved config file successfully
19:45:52 saveConfig: auto-save-60s
19:45:52 Saving config file
19:45:52 Saved config file successfully
19:45:52 saveConfig: auto-save-60s
19:45:52 Saving config file
19:45:52 Saved config file successfully
19:46:52 saveConfig: auto-save-60s
19:46:52 Saving config file
19:46:52 Saved config file successfully
19:46:52 saveConfig: auto-save-60s
19:46:52 Saving config file
19:46:52 Saved config file successfully
19:47:52 saveConfig: auto-save-60s
19:47:52 Saving config file
19:47:52 Saved config file successfully
19:47:52 saveConfig: auto-save-60s
19:47:52 Saving config file
19:47:52 Saved config file successfully
19:48:52 saveConfig: auto-save-60s
19:48:52 Saving config file
19:48:52 Saved config file successfully
19:48:52 saveConfig: auto-save-60s
19:48:52 Saving config file
19:48:52 Saved config file successfully
19:49:52 saveConfig: auto-save-60s
19:49:52 Saving config file
19:49:52 Saved config file successfully
19:49:52 saveConfig: auto-save-60s
19:49:52 Saving config file
19:49:52 Saved config file successfully
19:50:52 saveConfig: auto-save-60s
19:50:52 Saving config file
19:50:52 Saved config file successfully
19:50:52 saveConfig: auto-save-60s
19:50:52 Saving config file
19:50:52 Saved config file successfully
19:51:52 saveConfig: auto-save-60s
19:51:52 Saving config file
19:51:52 Saved config file successfully
19:51:52 saveConfig: auto-save-60s
19:51:52 Saving config file
19:51:52 Saved config file successfully
19:52:52 saveConfig: auto-save-60s
19:52:52 Saving config file
19:52:52 Saved config file successfully
19:52:52 saveConfig: auto-save-60s
19:52:52 Saving config file
19:52:52 Saved config file successfully
19:53:52 saveConfig: auto-save-60s
19:53:52 Saving config file
19:53:52 Saved config file successfully
19:53:52 saveConfig: auto-save-60s
19:53:52 Saving config file
19:53:52 Saved config file successfully
19:54:52 saveConfig: auto-save-60s
19:54:52 Saving config file
19:54:52 Saved config file successfully
19:54:52 saveConfig: auto-save-60s
19:54:52 Saving config file
19:54:52 Saved config file successfully
19:55:52 saveConfig: auto-save-60s
19:55:52 Saving config file
19:55:52 Saved config file successfully
19:55:52 saveConfig: auto-save-60s
19:55:52 Saving config file
19:55:52 Saved config file successfully
19:56:52 saveConfig: auto-save-60s
19:56:52 Saving config file
19:56:52 Saved config file successfully
19:56:52 saveConfig: auto-save-60s
19:56:52 Saving config file
19:56:52 Saved config file successfully
19:57:52 saveConfig: auto-save-60s
19:57:52 Saving config file
19:57:52 Saved config file successfully
19:57:52 saveConfig: auto-save-60s
19:57:52 Saving config file
19:57:52 Saved config file successfully
19:58:52 saveConfig: auto-save-60s
19:58:52 Saving config file
19:58:52 Saved config file successfully
19:58:52 saveConfig: auto-save-60s
19:58:52 Saving config file
19:58:52 Saved config file successfully
19:59:52 saveConfig: auto-save-60s
19:59:52 Saving config file
19:59:52 Saved config file successfully
19:59:52 saveConfig: auto-save-60s
19:59:52 Saving config file
19:59:52 Saved config file successfully
20:00:52 saveConfig: auto-save-60s
20:00:52 Saving config file
20:00:52 Saved config file successfully
20:00:52 saveConfig: auto-save-60s
20:00:52 Saving config file
20:00:52 Saved config file successfully
20:01:52 saveConfig: auto-save-60s
20:01:52 Saving config file
20:01:52 Saved config file successfully
20:01:52 saveConfig: auto-save-60s
20:01:52 Saving config file
20:01:52 Saved config file successfully
20:02:52 saveConfig: auto-save-60s
20:02:52 Saving config file
20:02:52 Saved config file successfully
20:02:52 saveConfig: auto-save-60s
20:02:52 Saving config file
20:02:52 Saved config file successfully
20:03:52 saveConfig: auto-save-60s
20:03:52 Saving config file
20:03:52 Saved config file successfully
20:03:52 saveConfig: auto-save-60s
20:03:52 Saving config file
20:03:52 Saved config file successfully
20:04:52 saveConfig: auto-save-60s
20:04:52 Saving config file
20:04:52 Saved config file successfully
20:04:52 saveConfig: auto-save-60s
20:04:52 Saving config file
20:04:52 Saved config file successfully
20:05:52 saveConfig: auto-save-60s
20:05:52 Saving config file
20:05:52 Saved config file successfully
20:05:52 saveConfig: auto-save-60s
20:05:52 Saving config file
20:05:52 Saved config file successfully
20:06:52 saveConfig: auto-save-60s
20:06:52 Saving config file
20:06:52 Saved config file successfully
20:06:52 saveConfig: auto-save-60s
20:06:52 Saving config file
20:06:52 Saved config file successfully
20:07:52 saveConfig: auto-save-60s
20:07:52 Saving config file
20:07:52 Saved config file successfully
20:07:52 saveConfig: auto-save-60s
20:07:52 Saving config file
20:07:52 Saved config file successfully
20:08:52 saveConfig: auto-save-60s
20:08:52 Saving config file
20:08:52 Saved config file successfully
20:08:52 saveConfig: auto-save-60s
20:08:52 Saving config file
20:08:52 Saved config file successfully
20:09:52 saveConfig: auto-save-60s
20:09:52 Saving config file
20:09:52 Saved config file successfully
20:09:52 saveConfig: auto-save-60s
20:09:52 Saving config file
20:09:52 Saved config file successfully
20:10:52 saveConfig: auto-save-60s
20:10:52 Saving config file
20:10:52 Saved config file successfully
20:10:52 saveConfig: auto-save-60s
20:10:52 Saving config file
20:10:52 Saved config file successfully
20:11:52 saveConfig: auto-save-60s
20:11:52 Saving config file
20:11:52 Saved config file successfully
20:11:52 saveConfig: auto-save-60s
20:11:52 Saving config file
20:11:52 Saved config file successfully
20:12:52 saveConfig: auto-save-60s
20:12:52 Saving config file
20:12:52 Saved config file successfully
20:12:52 saveConfig: auto-save-60s
20:12:52 Saving config file
20:12:52 Saved config file successfully
20:13:52 saveConfig: auto-save-60s
20:13:52 Saving config file
20:13:52 Saved config file successfully
20:13:52 saveConfig: auto-save-60s
20:13:52 Saving config file
20:13:52 Saved config file successfully
20:14:52 saveConfig: auto-save-60s
20:14:52 Saving config file
20:14:52 Saved config file successfully
20:14:52 saveConfig: auto-save-60s
20:14:52 Saving config file
20:14:52 Saved config file successfully
20:15:52 saveConfig: auto-save-60s
20:15:52 Saving config file
20:15:52 Saved config file successfully
20:15:52 saveConfig: auto-save-60s
20:15:52 Saving config file
20:15:52 Saved config file successfully
20:16:52 saveConfig: auto-save-60s
20:16:52 Saving config file
20:16:52 Saved config file successfully
20:16:52 saveConfig: auto-save-60s
20:16:52 Saving config file
20:16:52 Saved config file successfully
20:17:52 saveConfig: auto-save-60s
20:17:52 Saving config file
20:17:52 Saved config file successfully
20:17:52 saveConfig: auto-save-60s
20:17:52 Saving config file
20:17:52 Saved config file successfully
20:18:52 saveConfig: auto-save-60s
20:18:52 Saving config file
20:18:52 Saved config file successfully
20:18:52 saveConfig: auto-save-60s
20:18:52 Saving config file
20:18:52 Saved config file successfully
20:19:52 saveConfig: auto-save-60s
20:19:52 Saving config file
20:19:52 Saved config file successfully
20:19:52 saveConfig: auto-save-60s
20:19:52 Saving config file
20:19:52 Saved config file successfully
20:20:52 saveConfig: auto-save-60s
20:20:52 Saving config file
20:20:52 Saved config file successfully
20:20:52 saveConfig: auto-save-60s
20:20:52 Saving config file
20:20:52 Saved config file successfully
20:21:52 saveConfig: auto-save-60s
20:21:52 Saving config file
20:21:52 Saved config file successfully
20:21:52 saveConfig: auto-save-60s
20:21:52 Saving config file
20:21:52 Saved config file successfully
20:22:52 saveConfig: auto-save-60s
20:22:52 Saving config file
20:22:52 Saved config file successfully
20:22:52 saveConfig: auto-save-60s
20:22:52 Saving config file
20:22:52 Saved config file successfully
20:23:52 saveConfig: auto-save-60s
20:23:52 Saving config file
20:23:52 Saved config file successfully
20:23:52 saveConfig: auto-save-60s
20:23:52 Saving config file
20:23:52 Saved config file successfully
20:24:52 saveConfig: auto-save-60s
20:24:52 Saving config file
20:24:52 Saved config file successfully
20:24:52 saveConfig: auto-save-60s
20:24:52 Saving config file
20:24:52 Saved config file successfully
20:25:52 saveConfig: auto-save-60s
20:25:52 Saving config file
20:25:52 Saved config file successfully
20:25:52 saveConfig: auto-save-60s
20:25:52 Saving config file
20:25:52 Saved config file successfully
20:26:52 saveConfig: auto-save-60s
20:26:52 Saving config file
20:26:52 Saved config file successfully
20:26:52 saveConfig: auto-save-60s
20:26:52 Saving config file
20:26:52 Saved config file successfully
20:27:52 saveConfig: auto-save-60s
20:27:52 Saving config file
20:27:52 Saved config file successfully
20:27:52 saveConfig: auto-save-60s
20:27:52 Saving config file
20:27:52 Saved config file successfully
20:28:52 saveConfig: auto-save-60s
20:28:52 Saving config file
20:28:52 Saved config file successfully
20:28:52 saveConfig: auto-save-60s
20:28:52 Saving config file
20:28:52 Saved config file successfully
20:29:52 saveConfig: auto-save-60s
20:29:52 Saving config file
20:29:52 Saved config file successfully
20:29:52 saveConfig: auto-save-60s
20:29:52 Saving config file
20:29:52 Saved config file successfully
20:30:52 saveConfig: auto-save-60s
20:30:52 Saving config file
20:30:52 Saved config file successfully
20:30:52 saveConfig: auto-save-60s
20:30:52 Saving config file
20:30:52 Saved config file successfully
20:31:52 saveConfig: auto-save-60s
20:31:52 Saving config file
20:31:52 Saved config file successfully
20:31:52 saveConfig: auto-save-60s
20:31:52 Saving config file
20:31:52 Saved config file successfully
20:32:52 saveConfig: auto-save-60s
20:32:52 Saving config file
20:32:52 Saved config file successfully
20:32:52 saveConfig: auto-save-60s
20:32:52 Saving config file
20:32:52 Saved config file successfully
20:33:52 saveConfig: auto-save-60s
20:33:52 Saving config file
20:33:52 Saved config file successfully
20:33:52 saveConfig: auto-save-60s
20:33:52 Saving config file
20:33:52 Saved config file successfully
20:34:52 saveConfig: auto-save-60s
20:34:52 Saving config file
20:34:52 Saved config file successfully
20:34:52 saveConfig: auto-save-60s
20:34:52 Saving config file
20:34:52 Saved config file successfully
20:35:52 saveConfig: auto-save-60s
20:35:52 Saving config file
20:35:52 Saved config file successfully
20:35:52 saveConfig: auto-save-60s
20:35:52 Saving config file
20:35:52 Saved config file successfully
20:36:52 saveConfig: auto-save-60s
20:36:52 Saving config file
20:36:52 Saved config file successfully
20:36:52 saveConfig: auto-save-60s
20:36:52 Saving config file
20:36:52 Saved config file successfully
20:37:52 saveConfig: auto-save-60s
20:37:52 Saving config file
20:37:52 Saved config file successfully
20:37:52 saveConfig: auto-save-60s
20:37:52 Saving config file
20:37:52 Saved config file successfully
20:38:52 saveConfig: auto-save-60s
20:38:52 Saving config file
20:38:52 Saved config file successfully
20:38:52 saveConfig: auto-save-60s
20:38:52 Saving config file
20:38:52 Saved config file successfully
20:39:52 saveConfig: auto-save-60s
20:39:52 Saving config file
20:39:52 Saved config file successfully
20:39:52 saveConfig: auto-save-60s
20:39:52 Saving config file
20:39:52 Saved config file successfully
20:40:52 saveConfig: auto-save-60s
20:40:52 Saving config file
20:40:52 Saved config file successfully
20:40:52 saveConfig: auto-save-60s
20:40:52 Saving config file
20:40:52 Saved config file successfully
20:41:52 saveConfig: auto-save-60s
20:41:52 Saving config file
20:41:52 Saved config file successfully
20:41:52 saveConfig: auto-save-60s
20:41:52 Saving config file
20:41:52 Saved config file successfully
20:42:52 saveConfig: auto-save-60s
20:42:52 Saving config file
20:42:52 Saved config file successfully
20:42:52 saveConfig: auto-save-60s
20:42:52 Saving config file
20:42:52 Saved config file successfully
20:43:52 saveConfig: auto-save-60s
20:43:52 Saving config file
20:43:52 Saved config file successfully
20:43:52 saveConfig: auto-save-60s
20:43:52 Saving config file
20:43:52 Saved config file successfully
20:44:52 saveConfig: auto-save-60s
20:44:52 Saving config file
20:44:52 Saved config file successfully
20:44:52 saveConfig: auto-save-60s
20:44:52 Saving config file
20:44:52 Saved config file successfully
20:45:52 saveConfig: auto-save-60s
20:45:52 Saving config file
20:45:52 Saved config file successfully
20:45:52 saveConfig: auto-save-60s
20:45:52 Saving config file
20:45:52 Saved config file successfully
20:46:52 saveConfig: auto-save-60s
20:46:52 Saving config file
20:46:52 Saved config file successfully
20:46:52 saveConfig: auto-save-60s
20:46:52 Saving config file
20:46:52 Saved config file successfully
20:47:52 saveConfig: auto-save-60s
20:47:52 Saving config file
20:47:52 Saved config file successfully
20:47:52 saveConfig: auto-save-60s
20:47:52 Saving config file
20:47:52 Saved config file successfully
20:48:52 saveConfig: auto-save-60s
20:48:52 Saving config file
20:48:52 Saved config file successfully
20:48:52 saveConfig: auto-save-60s
20:48:52 Saving config file
20:48:52 Saved config file successfully
20:49:52 saveConfig: auto-save-60s
20:49:52 Saving config file
20:49:52 Saved config file successfully
20:49:52 saveConfig: auto-save-60s
20:49:52 Saving config file
20:49:52 Saved config file successfully
20:50:52 saveConfig: auto-save-60s
20:50:52 Saving config file
20:50:52 Saved config file successfully
20:50:52 saveConfig: auto-save-60s
20:50:52 Saving config file
20:50:52 Saved config file successfully
20:51:52 saveConfig: auto-save-60s
20:51:52 Saving config file
20:51:52 Saved config file successfully
20:51:52 saveConfig: auto-save-60s
20:51:52 Saving config file
20:51:52 Saved config file successfully
20:52:52 saveConfig: auto-save-60s
20:52:52 Saving config file
20:52:52 Saved config file successfully
20:52:52 saveConfig: auto-save-60s
20:52:52 Saving config file
20:52:52 Saved config file successfully
20:53:52 saveConfig: auto-save-60s
20:53:52 Saving config file
20:53:52 Saved config file successfully
20:53:52 saveConfig: auto-save-60s
20:53:52 Saving config file
20:53:52 Saved config file successfully
20:54:52 saveConfig: auto-save-60s
20:54:52 Saving config file
20:54:52 Saved config file successfully
20:54:52 saveConfig: auto-save-60s
20:54:52 Saving config file
20:54:52 Saved config file successfully
20:55:52 saveConfig: auto-save-60s
20:55:52 Saving config file
20:55:52 Saved config file successfully
20:55:52 saveConfig: auto-save-60s
20:55:52 Saving config file
20:55:52 Saved config file successfully
20:56:52 saveConfig: auto-save-60s
20:56:52 Saving config file
20:56:52 Saved config file successfully
20:56:52 saveConfig: auto-save-60s
20:56:52 Saving config file
20:56:52 Saved config file successfully
20:57:52 saveConfig: auto-save-60s
20:57:52 Saving config file
20:57:52 Saved config file successfully
20:57:52 saveConfig: auto-save-60s
20:57:52 Saving config file
20:57:52 Saved config file successfully
20:58:52 saveConfig: auto-save-60s
20:58:52 Saving config file
20:58:52 Saved config file successfully
20:58:52 saveConfig: auto-save-60s
20:58:52 Saving config file
20:58:52 Saved config file successfully
20:59:52 saveConfig: auto-save-60s
20:59:52 Saving config file
20:59:52 Saved config file successfully
20:59:52 saveConfig: auto-save-60s
20:59:52 Saving config file
20:59:52 Saved config file successfully
21:00:52 saveConfig: auto-save-60s
21:00:52 Saving config file
21:00:52 Saved config file successfully
21:00:52 saveConfig: auto-save-60s
21:00:52 Saving config file
21:00:52 Saved config file successfully
21:01:52 saveConfig: auto-save-60s
21:01:52 Saving config file
21:01:52 Saved config file successfully
21:01:52 saveConfig: auto-save-60s
21:01:52 Saving config file
21:01:52 Saved config file successfully
21:02:52 saveConfig: auto-save-60s
21:02:52 Saving config file
21:02:52 Saved config file successfully
21:02:52 saveConfig: auto-save-60s
21:02:52 Saving config file
21:02:52 Saved config file successfully
21:03:52 saveConfig: auto-save-60s
21:03:52 Saving config file
21:03:52 Saved config file successfully
21:03:52 saveConfig: auto-save-60s
21:03:52 Saving config file
21:03:52 Saved config file successfully
21:04:52 saveConfig: auto-save-60s
21:04:52 Saving config file
21:04:52 Saved config file successfully
21:04:52 saveConfig: auto-save-60s
21:04:52 Saving config file
21:04:52 Saved config file successfully
21:05:52 saveConfig: auto-save-60s
21:05:52 Saving config file
21:05:52 Saved config file successfully
21:05:52 saveConfig: auto-save-60s
21:05:52 Saving config file
21:05:52 Saved config file successfully
21:06:52 saveConfig: auto-save-60s
21:06:52 Saving config file
21:06:52 Saved config file successfully
21:06:52 saveConfig: auto-save-60s
21:06:52 Saving config file
21:06:52 Saved config file successfully
21:07:52 saveConfig: auto-save-60s
21:07:52 Saving config file
21:07:52 Saved config file successfully
21:07:52 saveConfig: auto-save-60s
21:07:52 Saving config file
21:07:52 Saved config file successfully
21:08:52 saveConfig: auto-save-60s
21:08:52 Saving config file
21:08:52 Saved config file successfully
21:08:52 saveConfig: auto-save-60s
21:08:52 Saving config file
21:08:52 Saved config file successfully
21:09:52 saveConfig: auto-save-60s
21:09:52 Saving config file
21:09:52 Saved config file successfully
21:09:52 saveConfig: auto-save-60s
21:09:52 Saving config file
21:09:52 Saved config file successfully
21:10:52 saveConfig: auto-save-60s
21:10:52 Saving config file
21:10:52 Saved config file successfully
21:10:52 saveConfig: auto-save-60s
21:10:52 Saving config file
21:10:52 Saved config file successfully
21:11:52 saveConfig: auto-save-60s
21:11:52 Saving config file
21:11:52 Saved config file successfully
21:11:52 saveConfig: auto-save-60s
21:11:52 Saving config file
21:11:52 Saved config file successfully
21:12:52 saveConfig: auto-save-60s
21:12:52 Saving config file
21:12:52 Saved config file successfully
21:12:52 saveConfig: auto-save-60s
21:12:52 Saving config file
21:12:52 Saved config file successfully
21:13:52 saveConfig: auto-save-60s
21:13:52 Saving config file
21:13:52 Saved config file successfully
21:13:52 saveConfig: auto-save-60s
21:13:52 Saving config file
21:13:52 Saved config file successfully
21:14:52 saveConfig: auto-save-60s
21:14:52 Saving config file
21:14:52 Saved config file successfully
21:14:52 saveConfig: auto-save-60s
21:14:52 Saving config file
21:14:52 Saved config file successfully
21:15:52 saveConfig: auto-save-60s
21:15:52 Saving config file
21:15:52 Saved config file successfully
21:15:52 saveConfig: auto-save-60s
21:15:52 Saving config file
21:15:52 Saved config file successfully
21:16:52 saveConfig: auto-save-60s
21:16:52 Saving config file
21:16:52 Saved config file successfully
21:16:52 saveConfig: auto-save-60s
21:16:52 Saving config file
21:16:52 Saved config file successfully
21:17:52 saveConfig: auto-save-60s
21:17:52 Saving config file
21:17:52 Saved config file successfully
21:17:52 saveConfig: auto-save-60s
21:17:52 Saving config file
21:17:52 Saved config file successfully
21:18:52 saveConfig: auto-save-60s
21:18:52 Saving config file
21:18:52 Saved config file successfully
21:18:52 saveConfig: auto-save-60s
21:18:52 Saving config file
21:18:52 Saved config file successfully
21:19:52 saveConfig: auto-save-60s
21:19:52 Saving config file
21:19:52 Saved config file successfully
21:19:52 saveConfig: auto-save-60s
21:19:52 Saving config file
21:19:52 Saved config file successfully
21:20:52 saveConfig: auto-save-60s
21:20:52 Saving config file
21:20:52 Saved config file successfully
21:20:52 saveConfig: auto-save-60s
21:20:52 Saving config file
21:20:52 Saved config file successfully
21:21:52 saveConfig: auto-save-60s
21:21:52 Saving config file
21:21:52 Saved config file successfully
21:21:52 saveConfig: auto-save-60s
21:21:52 Saving config file
21:21:52 Saved config file successfully
21:22:52 saveConfig: auto-save-60s
21:22:52 Saving config file
21:22:52 Saved config file successfully
21:22:52 saveConfig: auto-save-60s
21:22:52 Saving config file
21:22:52 Saved config file successfully
21:23:52 saveConfig: auto-save-60s
21:23:52 Saving config file
21:23:52 Saved config file successfully
21:23:52 saveConfig: auto-save-60s
21:23:52 Saving config file
21:23:52 Saved config file successfully
21:24:52 saveConfig: auto-save-60s
21:24:52 Saving config file
21:24:52 Saved config file successfully
21:24:52 saveConfig: auto-save-60s
21:24:52 Saving config file
21:24:52 Saved config file successfully
21:25:52 saveConfig: auto-save-60s
21:25:52 Saving config file
21:25:52 Saved config file successfully
21:25:52 saveConfig: auto-save-60s
21:25:52 Saving config file
21:25:52 Saved config file successfully
21:26:52 saveConfig: auto-save-60s
21:26:52 Saving config file
21:26:52 Saved config file successfully
21:26:52 saveConfig: auto-save-60s
21:26:52 Saving config file
21:26:52 Saved config file successfully
21:27:52 saveConfig: auto-save-60s
21:27:52 Saving config file
21:27:52 Saved config file successfully
21:27:52 saveConfig: auto-save-60s
21:27:52 Saving config file
21:27:52 Saved config file successfully
21:28:52 saveConfig: auto-save-60s
21:28:52 Saving config file
21:28:52 Saved config file successfully
21:28:52 saveConfig: auto-save-60s
21:28:52 Saving config file
21:28:52 Saved config file successfully
21:29:52 saveConfig: auto-save-60s
21:29:52 Saving config file
21:29:52 Saved config file successfully
21:29:52 saveConfig: auto-save-60s
21:29:52 Saving config file
21:29:52 Saved config file successfully
21:30:52 saveConfig: auto-save-60s
21:30:52 Saving config file
21:30:52 Saved config file successfully
21:30:52 saveConfig: auto-save-60s
21:30:52 Saving config file
21:30:52 Saved config file successfully
21:31:52 saveConfig: auto-save-60s
21:31:52 Saving config file
21:31:52 Saved config file successfully
21:31:52 saveConfig: auto-save-60s
21:31:52 Saving config file
21:31:52 Saved config file successfully
21:32:52 saveConfig: auto-save-60s
21:32:52 Saving config file
21:32:52 Saved config file successfully
21:32:52 saveConfig: auto-save-60s
21:32:52 Saving config file
21:32:52 Saved config file successfully
21:33:52 saveConfig: auto-save-60s
21:33:52 Saving config file
21:33:52 Saved config file successfully
21:33:52 saveConfig: auto-save-60s
21:33:52 Saving config file
21:33:52 Saved config file successfully
21:34:52 saveConfig: auto-save-60s
21:34:52 Saving config file
21:34:52 Saved config file successfully
21:34:52 saveConfig: auto-save-60s
21:34:52 Saving config file
21:34:52 Saved config file successfully
21:35:52 saveConfig: auto-save-60s
21:35:52 Saving config file
21:35:52 Saved config file successfully
21:35:52 saveConfig: auto-save-60s
21:35:52 Saving config file
21:35:52 Saved config file successfully
21:36:52 saveConfig: auto-save-60s
21:36:52 Saving config file
21:36:52 Saved config file successfully
21:36:52 saveConfig: auto-save-60s
21:36:52 Saving config file
21:36:52 Saved config file successfully
21:37:52 saveConfig: auto-save-60s
21:37:52 Saving config file
21:37:52 Saved config file successfully
21:37:52 saveConfig: auto-save-60s
21:37:52 Saving config file
21:37:52 Saved config file successfully
21:38:52 saveConfig: auto-save-60s
21:38:52 Saving config file
21:38:52 Saved config file successfully
21:38:52 saveConfig: auto-save-60s
21:38:52 Saving config file
21:38:52 Saved config file successfully
21:39:52 saveConfig: auto-save-60s
21:39:52 Saving config file
21:39:52 Saved config file successfully
21:39:52 saveConfig: auto-save-60s
21:39:52 Saving config file
21:39:52 Saved config file successfully
21:40:52 saveConfig: auto-save-60s
21:40:52 Saving config file
21:40:52 Saved config file successfully
21:40:52 saveConfig: auto-save-60s
21:40:52 Saving config file
21:40:52 Saved config file successfully
21:41:52 saveConfig: auto-save-60s
21:41:52 Saving config file
21:41:52 Saved config file successfully
21:41:52 saveConfig: auto-save-60s
21:41:52 Saving config file
21:41:52 Saved config file successfully
21:42:52 saveConfig: auto-save-60s
21:42:52 Saving config file
21:42:52 Saved config file successfully
21:42:52 saveConfig: auto-save-60s
21:42:52 Saving config file
21:42:52 Saved config file successfully
21:43:52 saveConfig: auto-save-60s
21:43:52 Saving config file
21:43:52 Saved config file successfully
21:43:52 saveConfig: auto-save-60s
21:43:52 Saving config file
21:43:52 Saved config file successfully
21:44:52 saveConfig: auto-save-60s
21:44:52 Saving config file
21:44:52 Saved config file successfully
21:44:52 saveConfig: auto-save-60s
21:44:52 Saving config file
21:44:52 Saved config file successfully
21:45:52 saveConfig: auto-save-60s
21:45:52 Saving config file
21:45:52 Saved config file successfully
21:45:52 saveConfig: auto-save-60s
21:45:52 Saving config file
21:45:52 Saved config file successfully
21:46:52 saveConfig: auto-save-60s
21:46:52 Saving config file
21:46:52 Saved config file successfully
21:46:52 saveConfig: auto-save-60s
21:46:52 Saving config file
21:46:52 Saved config file successfully
21:47:52 saveConfig: auto-save-60s
21:47:52 Saving config file
21:47:52 Saved config file successfully
21:47:52 saveConfig: auto-save-60s
21:47:52 Saving config file
21:47:52 Saved config file successfully
21:48:52 saveConfig: auto-save-60s
21:48:52 Saving config file
21:48:52 Saved config file successfully
21:48:52 saveConfig: auto-save-60s
21:48:52 Saving config file
21:48:52 Saved config file successfully
21:49:52 saveConfig: auto-save-60s
21:49:52 Saving config file
21:49:52 Saved config file successfully
21:49:52 saveConfig: auto-save-60s
21:49:52 Saving config file
21:49:52 Saved config file successfully
21:50:52 saveConfig: auto-save-60s
21:50:52 Saving config file
21:50:52 Saved config file successfully
21:50:52 saveConfig: auto-save-60s
21:50:52 Saving config file
21:50:52 Saved config file successfully
21:51:52 saveConfig: auto-save-60s
21:51:52 Saving config file
21:51:52 Saved config file successfully
21:51:52 saveConfig: auto-save-60s
21:51:52 Saving config file
21:51:52 Saved config file successfully
21:52:52 saveConfig: auto-save-60s
21:52:52 Saving config file
21:52:52 Saved config file successfully
21:52:52 saveConfig: auto-save-60s
21:52:52 Saving config file
21:52:52 Saved config file successfully
21:53:52 saveConfig: auto-save-60s
21:53:52 Saving config file
21:53:52 Saved config file successfully
21:53:52 saveConfig: auto-save-60s
21:53:52 Saving config file
21:53:52 Saved config file successfully
21:54:52 saveConfig: auto-save-60s
21:54:52 Saving config file
21:54:52 Saved config file successfully
21:54:52 saveConfig: auto-save-60s
21:54:52 Saving config file
21:54:52 Saved config file successfully
21:55:52 saveConfig: auto-save-60s
21:55:52 Saving config file
21:55:52 Saved config file successfully
21:55:52 saveConfig: auto-save-60s
21:55:52 Saving config file
21:55:52 Saved config file successfully
21:56:52 saveConfig: auto-save-60s
21:56:52 Saving config file
21:56:52 Saved config file successfully
21:56:52 saveConfig: auto-save-60s
21:56:52 Saving config file
21:56:52 Saved config file successfully
21:57:52 saveConfig: auto-save-60s
21:57:52 Saving config file
21:57:52 Saved config file successfully
21:57:52 saveConfig: auto-save-60s
21:57:52 Saving config file
21:57:52 Saved config file successfully
21:58:52 saveConfig: auto-save-60s
21:58:52 Saving config file
21:58:52 Saved config file successfully
21:58:52 saveConfig: auto-save-60s
21:58:52 Saving config file
21:58:52 Saved config file successfully
21:59:52 saveConfig: auto-save-60s
21:59:52 Saving config file
21:59:52 Saved config file successfully
21:59:52 saveConfig: auto-save-60s
21:59:52 Saving config file
21:59:52 Saved config file successfully
22:00:52 saveConfig: auto-save-60s
22:00:52 Saving config file
22:00:52 Saved config file successfully
22:00:52 saveConfig: auto-save-60s
22:00:52 Saving config file
22:00:52 Saved config file successfully
22:01:52 saveConfig: auto-save-60s
22:01:52 Saving config file
22:01:52 Saved config file successfully
22:01:52 saveConfig: auto-save-60s
22:01:52 Saving config file
22:01:52 Saved config file successfully
22:02:52 saveConfig: auto-save-60s
22:02:52 Saving config file
22:02:52 Saved config file successfully
22:02:52 saveConfig: auto-save-60s
22:02:52 Saving config file
22:02:52 Saved config file successfully
22:03:52 saveConfig: auto-save-60s
22:03:52 Saving config file
22:03:52 Saved config file successfully
22:03:52 saveConfig: auto-save-60s
22:03:52 Saving config file
22:03:52 Saved config file successfully
22:04:52 saveConfig: auto-save-60s
22:04:52 Saving config file
22:04:52 Saved config file successfully
22:04:52 saveConfig: auto-save-60s
22:04:52 Saving config file
22:04:52 Saved config file successfully
22:05:52 saveConfig: auto-save-60s
22:05:52 Saving config file
22:05:52 Saved config file successfully
22:05:52 saveConfig: auto-save-60s
22:05:52 Saving config file
22:05:52 Saved config file successfully
22:06:52 saveConfig: auto-save-60s
22:06:52 Saving config file
22:06:52 Saved config file successfully
22:06:52 saveConfig: auto-save-60s
22:06:52 Saving config file
22:06:52 Saved config file successfully
22:07:52 saveConfig: auto-save-60s
22:07:52 Saving config file
22:07:52 Saved config file successfully
22:07:52 saveConfig: auto-save-60s
22:07:52 Saving config file
22:07:52 Saved config file successfully
22:08:52 saveConfig: auto-save-60s
22:08:52 Saving config file
22:08:52 Saved config file successfully
22:08:52 saveConfig: auto-save-60s
22:08:52 Saving config file
22:08:52 Saved config file successfully
22:09:52 saveConfig: auto-save-60s
22:09:52 Saving config file
22:09:52 Saved config file successfully
22:09:52 saveConfig: auto-save-60s
22:09:52 Saving config file
22:09:52 Saved config file successfully
22:10:52 saveConfig: auto-save-60s
22:10:52 Saving config file
22:10:52 Saved config file successfully
22:10:52 saveConfig: auto-save-60s
22:10:52 Saving config file
22:10:52 Saved config file successfully
22:11:52 saveConfig: auto-save-60s
22:11:52 Saving config file
22:11:52 Saved config file successfully
22:11:52 saveConfig: auto-save-60s
22:11:52 Saving config file
22:11:52 Saved config file successfully
22:12:52 saveConfig: auto-save-60s
22:12:52 Saving config file
22:12:52 Saved config file successfully
22:12:52 saveConfig: auto-save-60s
22:12:52 Saving config file
22:12:52 Saved config file successfully
22:13:52 saveConfig: auto-save-60s
22:13:52 Saving config file
22:13:52 Saved config file successfully
22:13:52 saveConfig: auto-save-60s
22:13:52 Saving config file
22:13:52 Saved config file successfully
22:14:52 saveConfig: auto-save-60s
22:14:52 Saving config file
22:14:52 Saved config file successfully
22:14:52 saveConfig: auto-save-60s
22:14:52 Saving config file
22:14:52 Saved config file successfully
22:15:52 saveConfig: auto-save-60s
22:15:52 Saving config file
22:15:52 Saved config file successfully
22:15:52 saveConfig: auto-save-60s
22:15:52 Saving config file
22:15:52 Saved config file successfully
22:16:52 saveConfig: auto-save-60s
22:16:52 Saving config file
22:16:52 Saved config file successfully
22:16:52 saveConfig: auto-save-60s
22:16:52 Saving config file
22:16:52 Saved config file successfully
22:17:52 saveConfig: auto-save-60s
22:17:52 Saving config file
22:17:52 Saved config file successfully
22:17:52 saveConfig: auto-save-60s
22:17:52 Saving config file
22:17:52 Saved config file successfully
22:18:52 saveConfig: auto-save-60s
22:18:52 Saving config file
22:18:52 Saved config file successfully
22:18:52 saveConfig: auto-save-60s
22:18:52 Saving config file
22:18:52 Saved config file successfully
22:19:52 saveConfig: auto-save-60s
22:19:52 Saving config file
22:19:52 Saved config file successfully
22:19:52 saveConfig: auto-save-60s
22:19:52 Saving config file
22:19:52 Saved config file successfully
22:20:52 saveConfig: auto-save-60s
22:20:52 Saving config file
22:20:52 Saved config file successfully
22:20:52 saveConfig: auto-save-60s
22:20:52 Saving config file
22:20:52 Saved config file successfully
22:21:52 saveConfig: auto-save-60s
22:21:52 Saving config file
22:21:52 Saved config file successfully
22:21:52 saveConfig: auto-save-60s
22:21:52 Saving config file
22:21:52 Saved config file successfully
22:22:52 saveConfig: auto-save-60s
22:22:52 Saving config file
22:22:52 Saved config file successfully
22:22:52 saveConfig: auto-save-60s
22:22:52 Saving config file
22:22:52 Saved config file successfully
22:23:52 saveConfig: auto-save-60s
22:23:52 Saving config file
22:23:52 Saved config file successfully
22:23:52 saveConfig: auto-save-60s
22:23:52 Saving config file
22:23:52 Saved config file successfully
22:24:52 saveConfig: auto-save-60s
22:24:52 Saving config file
22:24:52 Saved config file successfully
22:24:52 saveConfig: auto-save-60s
22:24:52 Saving config file
22:24:52 Saved config file successfully
22:25:52 saveConfig: auto-save-60s
22:25:52 Saving config file
22:25:52 Saved config file successfully
22:25:52 saveConfig: auto-save-60s
22:25:52 Saving config file
22:25:52 Saved config file successfully
22:26:52 saveConfig: auto-save-60s
22:26:52 Saving config file
22:26:52 Saved config file successfully
22:26:52 saveConfig: auto-save-60s
22:26:52 Saving config file
22:26:52 Saved config file successfully
22:27:52 saveConfig: auto-save-60s
22:27:52 Saving config file
22:27:52 Saved config file successfully
22:27:52 saveConfig: auto-save-60s
22:27:52 Saving config file
22:27:52 Saved config file successfully
22:28:52 saveConfig: auto-save-60s
22:28:52 Saving config file
22:28:52 Saved config file successfully
22:28:52 saveConfig: auto-save-60s
22:28:52 Saving config file
22:28:52 Saved config file successfully
22:29:52 saveConfig: auto-save-60s
22:29:52 Saving config file
22:29:52 Saved config file successfully
22:29:52 saveConfig: auto-save-60s
22:29:52 Saving config file
22:29:52 Saved config file successfully
22:30:52 saveConfig: auto-save-60s
22:30:52 Saving config file
22:30:52 Saved config file successfully
22:30:52 saveConfig: auto-save-60s
22:30:52 Saving config file
22:30:52 Saved config file successfully
22:31:52 saveConfig: auto-save-60s
22:31:52 Saving config file
22:31:52 Saved config file successfully
22:31:52 saveConfig: auto-save-60s
22:31:52 Saving config file
22:31:52 Saved config file successfully
22:32:52 saveConfig: auto-save-60s
22:32:52 Saving config file
22:32:52 Saved config file successfully
22:32:52 saveConfig: auto-save-60s
22:32:52 Saving config file
22:32:52 Saved config file successfully
22:33:52 saveConfig: auto-save-60s
22:33:52 Saving config file
22:33:52 Saved config file successfully
22:33:52 saveConfig: auto-save-60s
22:33:52 Saving config file
22:33:52 Saved config file successfully
22:34:52 saveConfig: auto-save-60s
22:34:52 Saving config file
22:34:52 Saved config file successfully
22:34:52 saveConfig: auto-save-60s
22:34:52 Saving config file
22:34:52 Saved config file successfully
22:35:52 saveConfig: auto-save-60s
22:35:52 Saving config file
22:35:52 Saved config file successfully
22:35:52 saveConfig: auto-save-60s
22:35:52 Saving config file
22:35:52 Saved config file successfully
22:36:52 saveConfig: auto-save-60s
22:36:52 Saving config file
22:36:52 Saved config file successfully
22:36:52 saveConfig: auto-save-60s
22:36:52 Saving config file
22:36:52 Saved config file successfully
22:37:52 saveConfig: auto-save-60s
22:37:52 Saving config file
22:37:52 Saved config file successfully
22:37:52 saveConfig: auto-save-60s
22:37:52 Saving config file
22:37:52 Saved config file successfully
22:38:52 saveConfig: auto-save-60s
22:38:52 Saving config file
22:38:52 Saved config file successfully
22:38:52 saveConfig: auto-save-60s
22:38:52 Saving config file
22:38:52 Saved config file successfully
22:39:52 saveConfig: auto-save-60s
22:39:52 Saving config file
22:39:52 Saved config file successfully
22:39:52 saveConfig: auto-save-60s
22:39:52 Saving config file
22:39:52 Saved config file successfully
22:40:52 saveConfig: auto-save-60s
22:40:52 Saving config file
22:40:52 Saved config file successfully
22:40:52 saveConfig: auto-save-60s
22:40:52 Saving config file
22:40:52 Saved config file successfully
22:41:52 saveConfig: auto-save-60s
22:41:52 Saving config file
22:41:52 Saved config file successfully
22:41:52 saveConfig: auto-save-60s
22:41:52 Saving config file
22:41:52 Saved config file successfully
22:42:52 saveConfig: auto-save-60s
22:42:52 Saving config file
22:42:52 Saved config file successfully
22:42:52 saveConfig: auto-save-60s
22:42:52 Saving config file
22:42:52 Saved config file successfully
22:43:52 saveConfig: auto-save-60s
22:43:52 Saving config file
22:43:52 Saved config file successfully
22:43:52 saveConfig: auto-save-60s
22:43:52 Saving config file
22:43:52 Saved config file successfully
22:44:52 saveConfig: auto-save-60s
22:44:52 Saving config file
22:44:52 Saved config file successfully
22:44:52 saveConfig: auto-save-60s
22:44:52 Saving config file
22:44:52 Saved config file successfully
22:45:52 saveConfig: auto-save-60s
22:45:52 Saving config file
22:45:52 Saved config file successfully
22:45:52 saveConfig: auto-save-60s
22:45:52 Saving config file
22:45:52 Saved config file successfully
22:46:52 saveConfig: auto-save-60s
22:46:52 Saving config file
22:46:52 Saved config file successfully
22:46:52 saveConfig: auto-save-60s
22:46:52 Saving config file
22:46:52 Saved config file successfully
22:47:52 saveConfig: auto-save-60s
22:47:52 Saving config file
22:47:52 Saved config file successfully
22:47:52 saveConfig: auto-save-60s
22:47:52 Saving config file
22:47:52 Saved config file successfully
22:48:52 saveConfig: auto-save-60s
22:48:52 Saving config file
22:48:52 Saved config file successfully
22:48:52 saveConfig: auto-save-60s
22:48:52 Saving config file
22:48:52 Saved config file successfully
22:49:52 saveConfig: auto-save-60s
22:49:52 Saving config file
22:49:52 Saved config file successfully
22:49:52 saveConfig: auto-save-60s
22:49:52 Saving config file
22:49:52 Saved config file successfully
22:50:52 saveConfig: auto-save-60s
22:50:52 Saving config file
22:50:52 Saved config file successfully
22:50:52 saveConfig: auto-save-60s
22:50:52 Saving config file
22:50:52 Saved config file successfully
22:51:52 saveConfig: auto-save-60s
22:51:52 Saving config file
22:51:52 Saved config file successfully
22:51:52 saveConfig: auto-save-60s
22:51:52 Saving config file
22:51:52 Saved config file successfully
22:52:52 saveConfig: auto-save-60s
22:52:52 Saving config file
22:52:52 Saved config file successfully
22:52:52 saveConfig: auto-save-60s
22:52:52 Saving config file
22:52:52 Saved config file successfully
22:53:52 saveConfig: auto-save-60s
22:53:52 Saving config file
22:53:52 Saved config file successfully
22:53:52 saveConfig: auto-save-60s
22:53:52 Saving config file
22:53:52 Saved config file successfully
22:54:52 saveConfig: auto-save-60s
22:54:52 Saving config file
22:54:52 Saved config file successfully
22:54:52 saveConfig: auto-save-60s
22:54:52 Saving config file
22:54:52 Saved config file successfully
22:55:52 saveConfig: auto-save-60s
22:55:52 Saving config file
22:55:52 Saved config file successfully
22:55:52 saveConfig: auto-save-60s
22:55:52 Saving config file
22:55:52 Saved config file successfully
22:56:52 saveConfig: auto-save-60s
22:56:52 Saving config file
22:56:52 Saved config file successfully
22:56:52 saveConfig: auto-save-60s
22:56:52 Saving config file
22:56:52 Saved config file successfully
22:57:52 saveConfig: auto-save-60s
22:57:52 Saving config file
22:57:52 Saved config file successfully
22:57:52 saveConfig: auto-save-60s
22:57:52 Saving config file
22:57:52 Saved config file successfully
22:58:52 saveConfig: auto-save-60s
22:58:52 Saving config file
22:58:52 Saved config file successfully
22:58:52 saveConfig: auto-save-60s
22:58:52 Saving config file
22:58:52 Saved config file successfully
22:59:52 saveConfig: auto-save-60s
22:59:52 Saving config file
22:59:52 Saved config file successfully
22:59:52 saveConfig: auto-save-60s
22:59:52 Saving config file
22:59:52 Saved config file successfully
23:00:07 saveConfig: shutdown-hook
23:00:07 Saving config file
