21:21:20 Trying to load config from config\skyhanni\config.json
21:21:20 load-config-now
21:21:20 Loaded config from file
21:21:20 Trying to load sacks from config\skyhanni\sacks.json
21:21:20 Setting sacks to be blank as it did not exist. It will be saved once something is written to it
21:21:20 Trying to load friends from config\skyhanni\friends.json
21:21:20 load-friends-now
21:21:20 Loaded friends from file
21:21:20 Trying to load known_features from config\skyhanni\known_features.json
21:21:20 load-known_features-now
21:21:20 Loaded known_features from file
21:21:20 Trying to load jacob_contests from config\skyhanni\jacob_contests.json
21:21:20 Setting jacob_contests to be blank as it did not exist. It will be saved once something is written to it
21:21:20 Trying to load visual_words from config\skyhanni\visual_words.json
21:21:20 Setting visual_words to be blank as it did not exist. It will be saved once something is written to it
21:21:20 Trying to load pets from config\skyhanni\pets.json
21:21:20 load-pets-now
21:21:20 Loaded pets from file
21:22:20 saveConfig: auto-save-60s
21:22:20 Saving config file
21:22:21 Saved config file successfully
21:22:21 saveConfig: auto-save-60s
21:22:21 Saving config file
21:22:21 Saved config file successfully
21:23:20 saveConfig: auto-save-60s
21:23:20 Saving config file
21:23:20 Saved config file successfully
21:23:20 saveConfig: auto-save-60s
21:23:20 Saving config file
21:23:21 Saved config file successfully
21:24:01 saveConfig: Updated known feature flags
21:24:01 Saving known_features file
21:24:01 Saved known_features file successfully
21:24:01 saveConfig: Updated known feature flags
21:24:01 Saving known_features file
21:24:01 Saved known_features file successfully
21:24:20 saveConfig: auto-save-60s
21:24:20 Saving config file
21:24:21 Saved config file successfully
21:24:21 saveConfig: auto-save-60s
21:24:21 Saving config file
21:24:21 Saved config file successfully
21:24:24 saveConfig: saving-data
21:24:24 Saving pets file
21:24:24 Saved pets file successfully
21:24:24 saveConfig: saving-data
21:24:24 Saving pets file
21:24:24 Saved pets file successfully
21:24:55 saveConfig: saving-data
21:24:55 Saving pets file
21:24:55 Saved pets file successfully
21:24:55 saveConfig: saving-data
21:24:55 Saving pets file
21:24:55 Saved pets file successfully
21:25:20 saveConfig: auto-save-60s
21:25:20 Saving config file
21:25:21 Saved config file successfully
21:25:21 saveConfig: auto-save-60s
21:25:21 Saving config file
21:25:21 Saved config file successfully
21:25:26 saveConfig: shutdown-hook
21:25:26 Saving config file
21:25:26 Saved config file successfully
21:25:26 saveConfig: shutdown-hook
21:25:26 Saving config file
