15:03:09 Trying to load config from config\skyhanni\config.json
15:03:09 load-config-now
15:03:09 Loaded config from file
15:03:09 Trying to load sacks from config\skyhanni\sacks.json
15:03:09 load-sacks-now
15:03:09 Loaded sacks from file
15:03:09 Trying to load friends from config\skyhanni\friends.json
15:03:09 load-friends-now
15:03:09 Loaded friends from file
15:03:09 Trying to load known_features from config\skyhanni\known_features.json
15:03:09 load-known_features-now
15:03:09 Loaded known_features from file
15:03:09 Trying to load jacob_contests from config\skyhanni\jacob_contests.json
15:03:09 Setting jacob_contests to be blank as it did not exist. It will be saved once something is written to it
15:03:09 Trying to load visual_words from config\skyhanni\visual_words.json
15:03:09 Setting visual_words to be blank as it did not exist. It will be saved once something is written to it
15:03:09 Trying to load pets from config\skyhanni\pets.json
15:03:09 load-pets-now
15:03:09 Loaded pets from file
15:04:09 saveConfig: auto-save-60s
15:04:09 Saving config file
15:04:10 Saved config file successfully
15:04:10 saveConfig: auto-save-60s
15:04:10 Saving config file
15:04:10 Saved config file successfully
15:05:09 saveConfig: auto-save-60s
15:05:09 Saving config file
15:05:09 Saved config file successfully
15:05:09 saveConfig: auto-save-60s
15:05:09 Saving config file
15:05:10 Saved config file successfully
15:06:09 saveConfig: auto-save-60s
15:06:09 Saving config file
15:06:09 Saved config file successfully
15:06:09 saveConfig: auto-save-60s
15:06:09 Saving config file
15:06:10 Saved config file successfully
15:06:31 saveConfig: shutdown-hook
15:06:31 Saving config file
