00:49:32 §f                                  §6§lBESTIARY
00:49:32 §f                    §b§lZombie Commander §7§8XII §8➡§b §bXIII
00:49:32 
00:49:32 §f                                  §r§6§lREWARDS
00:49:32 §f                   §r§8+§r§a4 Zombie Commander §r§b✯ Magic Find
00:49:32 §f                   §r§8+§r§a4 Zombie Commander §r§c❁ Strength
00:49:32 §f                       §r§8+§r§62% §r§aZombie Commander §r§7coins
00:49:32 §f                    §r§8+§r§a50% §r§7chance for extra XP orbs
00:49:32 §f                               §r§8+§r§b1 SkyBlock XP
00:49:32 
00:49:32 §3§l▬▬▬▬▬▬▬▬▬▬▬▬▬▬▬▬▬▬▬▬▬▬▬▬▬▬▬▬▬▬▬▬▬▬▬▬▬▬▬▬▬▬▬▬▬▬▬▬▬▬▬▬▬▬▬▬▬▬▬▬▬▬▬▬
00:50:48 §f                                  §6§lBESTIARY
00:50:48 §f                       §b§lSkeleton Soldier §7§8IX §8➡§b §bX
00:50:48 
00:50:48 §f                                  §r§6§lREWARDS
00:50:48 §f                    §r§8+§r§a3 Skeleton Soldier §r§b✯ Magic Find
00:50:48 §f                     §r§8+§r§a3 Skeleton Soldier §r§c❁ Strength
00:50:48 §f                        §r§8+§r§62% §r§aSkeleton Soldier §r§7coins
00:50:48 §f                    §r§8+§r§a50% §r§7chance for extra XP orbs
00:50:48 §f                               §r§8+§r§b1 SkyBlock XP
00:50:48 
00:50:48 §3§l▬▬▬▬▬▬▬▬▬▬▬▬▬▬▬▬▬▬▬▬▬▬▬▬▬▬▬▬▬▬▬▬▬▬▬▬▬▬▬▬▬▬▬▬▬▬▬▬▬▬▬▬▬▬▬▬▬▬▬▬▬▬▬▬
01:47:50 §f                                  §6§lBESTIARY
01:47:50 §f                                §b§lBat §7§8XI §8➡§b §bXII
01:47:50 
01:47:50 §f                                  §r§6§lREWARDS
01:47:50 §f                            §r§8+§r§a4 Bat §r§b✯ Magic Find
01:47:50 §f                             §r§8+§r§a4 Bat §r§c❁ Strength
01:47:50 §f                                §r§8+§r§62% §r§aBat §r§7coins
01:47:50 §f                    §r§8+§r§a50% §r§7chance for extra XP orbs
01:47:50 §f                               §r§8+§r§b1 SkyBlock XP
01:47:50 
01:47:50 §3§l▬▬▬▬▬▬▬▬▬▬▬▬▬▬▬▬▬▬▬▬▬▬▬▬▬▬▬▬▬▬▬▬▬▬▬▬▬▬▬▬▬▬▬▬▬▬▬▬▬▬▬▬▬▬▬▬▬▬▬▬▬▬▬▬
03:30:54 §f                                  §6§lBESTIARY
03:30:54 §f                       §b§lWither Guard §7§8XXII §8➡§b §bXXIII
03:30:54 
03:30:54 §f                                  §r§6§lREWARDS
03:30:54 §f                      §r§8+§r§a6 Wither Guard §r§b✯ Magic Find
03:30:54 §f                       §r§8+§r§a6 Wither Guard §r§c❁ Strength
03:30:54 §f                          §r§8+§r§62% §r§aWither Guard §r§7coins
03:30:54 §f                    §r§8+§r§a50% §r§7chance for extra XP orbs
03:30:54 §f                               §r§8+§r§b1 SkyBlock XP
03:30:54 
03:30:54 §3§l▬▬▬▬▬▬▬▬▬▬▬▬▬▬▬▬▬▬▬▬▬▬▬▬▬▬▬▬▬▬▬▬▬▬▬▬▬▬▬▬▬▬▬▬▬▬▬▬▬▬▬▬▬▬▬▬▬▬▬▬▬▬▬▬
03:59:34 §f                                  §6§lBESTIARY
03:59:34 §f                      §b§lSuper Archer §7§8XVIII §8➡§b §bXIX
03:59:34 
03:59:34 §f                                  §r§6§lREWARDS
03:59:34 §f                     §r§8+§r§a5 Super Archer §r§b✯ Magic Find
03:59:34 §f                      §r§8+§r§a5 Super Archer §r§c❁ Strength
03:59:34 §f                         §r§8+§r§62% §r§aSuper Archer §r§7coins
03:59:34 §f                    §r§8+§r§a50% §r§7chance for extra XP orbs
03:59:34 §f                               §r§8+§r§b1 SkyBlock XP
03:59:34 
03:59:34 §3§l▬▬▬▬▬▬▬▬▬▬▬▬▬▬▬▬▬▬▬▬▬▬▬▬▬▬▬▬▬▬▬▬▬▬▬▬▬▬▬▬▬▬▬▬▬▬▬▬▬▬▬▬▬▬▬▬▬▬▬▬▬▬▬▬
05:03:32 §f                                  §6§lBESTIARY
05:03:32 §f                                §b§lMimic §7§8X §8➡§b §bXI
05:03:32 
05:03:32 §f                                  §r§6§lREWARDS
05:03:32 §f                           §r§8+§r§a4 Mimic §r§b✯ Magic Find
05:03:32 §f                            §r§8+§r§a4 Mimic §r§c❁ Strength
05:03:32 §f                               §r§8+§r§62% §r§aMimic §r§7coins
05:03:32 §f                    §r§8+§r§a50% §r§7chance for extra XP orbs
05:03:32 §f                               §r§8+§r§b1 SkyBlock XP
05:03:32 
05:03:32   §r§f                         §6§lBESTIARY MILESTONE
05:03:32   §r§f                                    §8CI➡§eCII
05:03:32 
05:03:32 §3§l▬▬▬▬▬▬▬▬▬▬▬▬▬▬▬▬▬▬▬▬▬▬▬▬▬▬▬▬▬▬▬▬▬▬▬▬▬▬▬▬▬▬▬▬▬▬▬▬▬▬▬▬▬▬▬▬▬▬▬▬▬▬▬▬
05:19:19 §f                                  §6§lBESTIARY
05:19:19 §f                       §b§lWithermancer §7§8XVIII §8➡§b §bXIX
05:19:19 
05:19:19 §f                                  §r§6§lREWARDS
05:19:19 §f                      §r§8+§r§a5 Withermancer §r§b✯ Magic Find
05:19:19 §f                      §r§8+§r§a5 Withermancer §r§c❁ Strength
05:19:19 §f                          §r§8+§r§62% §r§aWithermancer §r§7coins
05:19:19 §f                    §r§8+§r§a50% §r§7chance for extra XP orbs
05:19:19 §f                               §r§8+§r§b1 SkyBlock XP
05:19:19 
05:19:19 §3§l▬▬▬▬▬▬▬▬▬▬▬▬▬▬▬▬▬▬▬▬▬▬▬▬▬▬▬▬▬▬▬▬▬▬▬▬▬▬▬▬▬▬▬▬▬▬▬▬▬▬▬▬▬▬▬▬▬▬▬▬▬▬▬▬
