00:26:54 §f               §7You have §353,640 §7materials stashed away!
00:26:54 §f              §8(This totals 6 types of materials stashed!)
00:26:54 §f                §3§l>>> §3§lCLICK HERE§b to pick them up! §3§l<<<
00:26:54   
00:27:54 §f               §7You have §353,640 §7materials stashed away!
00:27:54 §f              §8(This totals 6 types of materials stashed!)
00:27:54 §f                §3§l>>> §3§lCLICK HERE§b to pick them up! §3§l<<<
00:27:54   
00:29:03 §f               §7You have §353,640 §7materials stashed away!
00:29:03 §f              §8(This totals 6 types of materials stashed!)
00:29:03 §f                §3§l>>> §3§lCLICK HERE§b to pick them up! §3§l<<<
00:29:03   
00:30:04 §f               §7You have §353,640 §7materials stashed away!
00:30:04 §f              §8(This totals 6 types of materials stashed!)
00:30:04 §f                §3§l>>> §3§lCLICK HERE§b to pick them up! §3§l<<<
00:30:04   
00:31:04 §f               §7You have §353,640 §7materials stashed away!
00:31:04 §f              §8(This totals 6 types of materials stashed!)
00:31:04 §f                §3§l>>> §3§lCLICK HERE§b to pick them up! §3§l<<<
00:31:04   
00:31:34 §f               §7You have §353,640 §7materials stashed away!
00:31:34 §f              §8(This totals 6 types of materials stashed!)
00:31:34 §f                §3§l>>> §3§lCLICK HERE§b to pick them up! §3§l<<<
00:31:34   
00:32:18 §f               §7You have §353,640 §7materials stashed away!
00:32:18 §f              §8(This totals 6 types of materials stashed!)
00:32:18 §f                §3§l>>> §3§lCLICK HERE§b to pick them up! §3§l<<<
00:32:18   
00:33:19 §f               §7You have §353,640 §7materials stashed away!
00:33:19 §f              §8(This totals 6 types of materials stashed!)
00:33:19 §f                §3§l>>> §3§lCLICK HERE§b to pick them up! §3§l<<<
00:33:19   
00:34:19 §f               §7You have §353,640 §7materials stashed away!
00:34:19 §f              §8(This totals 6 types of materials stashed!)
00:34:19 §f                §3§l>>> §3§lCLICK HERE§b to pick them up! §3§l<<<
00:34:19   
00:35:20 §f               §7You have §353,640 §7materials stashed away!
00:35:20 §f              §8(This totals 6 types of materials stashed!)
00:35:20 §f                §3§l>>> §3§lCLICK HERE§b to pick them up! §3§l<<<
00:35:20   
00:36:20 §f               §7You have §353,640 §7materials stashed away!
00:36:20 §f              §8(This totals 6 types of materials stashed!)
00:36:20 §f                §3§l>>> §3§lCLICK HERE§b to pick them up! §3§l<<<
00:36:20   
00:37:20 §f               §7You have §353,640 §7materials stashed away!
00:37:20 §f              §8(This totals 6 types of materials stashed!)
00:37:20 §f                §3§l>>> §3§lCLICK HERE§b to pick them up! §3§l<<<
00:37:20   
00:38:21 §f               §7You have §353,640 §7materials stashed away!
00:38:21 §f              §8(This totals 6 types of materials stashed!)
00:38:21 §f                §3§l>>> §3§lCLICK HERE§b to pick them up! §3§l<<<
00:38:21   
00:39:21 §f               §7You have §353,640 §7materials stashed away!
00:39:21 §f              §8(This totals 6 types of materials stashed!)
00:39:21 §f                §3§l>>> §3§lCLICK HERE§b to pick them up! §3§l<<<
00:39:21   
00:40:21 §f               §7You have §353,640 §7materials stashed away!
00:40:21 §f              §8(This totals 6 types of materials stashed!)
00:40:21 §f                §3§l>>> §3§lCLICK HERE§b to pick them up! §3§l<<<
00:40:21   
00:40:27 §f               §7You have §353,640 §7materials stashed away!
00:40:27 §f              §8(This totals 6 types of materials stashed!)
00:40:27 §f                §3§l>>> §3§lCLICK HERE§b to pick them up! §3§l<<<
00:40:27   
00:41:28 §f               §7You have §353,640 §7materials stashed away!
00:41:28 §f              §8(This totals 6 types of materials stashed!)
00:41:28 §f                §3§l>>> §3§lCLICK HERE§b to pick them up! §3§l<<<
00:41:28   
00:42:43 §f               §7You have §353,640 §7materials stashed away!
00:42:43 §f              §8(This totals 6 types of materials stashed!)
00:42:43 §f                §3§l>>> §3§lCLICK HERE§b to pick them up! §3§l<<<
00:42:43   
00:43:01 §f               §7You have §353,640 §7materials stashed away!
00:43:01 §f              §8(This totals 6 types of materials stashed!)
00:43:01 §f                §3§l>>> §3§lCLICK HERE§b to pick them up! §3§l<<<
00:43:01   
00:44:02 §f               §7You have §353,640 §7materials stashed away!
00:44:02 §f              §8(This totals 6 types of materials stashed!)
00:44:02 §f                §3§l>>> §3§lCLICK HERE§b to pick them up! §3§l<<<
00:44:02   
00:45:04 §f               §7You have §353,640 §7materials stashed away!
00:45:04 §f              §8(This totals 6 types of materials stashed!)
00:45:04 §f                §3§l>>> §3§lCLICK HERE§b to pick them up! §3§l<<<
00:45:04   
00:46:04 §f               §7You have §353,640 §7materials stashed away!
00:46:04 §f              §8(This totals 6 types of materials stashed!)
00:46:04 §f                §3§l>>> §3§lCLICK HERE§b to pick them up! §3§l<<<
00:46:04   
00:47:04 §f               §7You have §353,640 §7materials stashed away!
00:47:04 §f              §8(This totals 6 types of materials stashed!)
00:47:04 §f                §3§l>>> §3§lCLICK HERE§b to pick them up! §3§l<<<
00:47:04   
00:48:06 §f               §7You have §353,640 §7materials stashed away!
00:48:06 §f              §8(This totals 6 types of materials stashed!)
00:48:06 §f                §3§l>>> §3§lCLICK HERE§b to pick them up! §3§l<<<
00:48:06   
00:49:02 §f               §7You have §353,640 §7materials stashed away!
00:49:02 §f              §8(This totals 6 types of materials stashed!)
00:49:02 §f                §3§l>>> §3§lCLICK HERE§b to pick them up! §3§l<<<
00:49:02   
00:49:18 §f               §7You have §353,640 §7materials stashed away!
00:49:18 §f              §8(This totals 6 types of materials stashed!)
00:49:18 §f                §3§l>>> §3§lCLICK HERE§b to pick them up! §3§l<<<
00:49:18   
00:50:21 §f               §7You have §353,640 §7materials stashed away!
00:50:21 §f              §8(This totals 6 types of materials stashed!)
00:50:21 §f                §3§l>>> §3§lCLICK HERE§b to pick them up! §3§l<<<
00:50:21   
00:51:22 §f               §7You have §353,640 §7materials stashed away!
00:51:22 §f              §8(This totals 6 types of materials stashed!)
00:51:22 §f                §3§l>>> §3§lCLICK HERE§b to pick them up! §3§l<<<
00:51:22   
00:52:24 §f               §7You have §353,640 §7materials stashed away!
00:52:24 §f              §8(This totals 6 types of materials stashed!)
00:52:24 §f                §3§l>>> §3§lCLICK HERE§b to pick them up! §3§l<<<
00:52:24   
00:53:36 §f               §7You have §353,640 §7materials stashed away!
00:53:36 §f              §8(This totals 6 types of materials stashed!)
00:53:36 §f                §3§l>>> §3§lCLICK HERE§b to pick them up! §3§l<<<
00:53:36   
00:54:24 §f               §7You have §353,640 §7materials stashed away!
00:54:24 §f              §8(This totals 6 types of materials stashed!)
00:54:24 §f                §3§l>>> §3§lCLICK HERE§b to pick them up! §3§l<<<
00:54:24   
00:55:26 §f               §7You have §353,640 §7materials stashed away!
00:55:26 §f              §8(This totals 6 types of materials stashed!)
00:55:26 §f                §3§l>>> §3§lCLICK HERE§b to pick them up! §3§l<<<
00:55:26   
00:56:27 §f               §7You have §353,640 §7materials stashed away!
00:56:27 §f              §8(This totals 6 types of materials stashed!)
00:56:27 §f                §3§l>>> §3§lCLICK HERE§b to pick them up! §3§l<<<
00:56:27   
00:57:27 §f               §7You have §353,640 §7materials stashed away!
00:57:27 §f              §8(This totals 6 types of materials stashed!)
00:57:27 §f                §3§l>>> §3§lCLICK HERE§b to pick them up! §3§l<<<
00:57:27   
00:58:27 §f               §7You have §353,640 §7materials stashed away!
00:58:27 §f              §8(This totals 6 types of materials stashed!)
00:58:27 §f                §3§l>>> §3§lCLICK HERE§b to pick them up! §3§l<<<
00:58:27   
00:59:41 §f               §7You have §353,640 §7materials stashed away!
00:59:41 §f              §8(This totals 6 types of materials stashed!)
00:59:41 §f                §3§l>>> §3§lCLICK HERE§b to pick them up! §3§l<<<
00:59:41   
01:00:41 §f               §7You have §353,640 §7materials stashed away!
01:00:41 §f              §8(This totals 6 types of materials stashed!)
01:00:41 §f                §3§l>>> §3§lCLICK HERE§b to pick them up! §3§l<<<
01:00:41   
01:01:44 §f               §7You have §353,640 §7materials stashed away!
01:01:44 §f              §8(This totals 6 types of materials stashed!)
01:01:44 §f                §3§l>>> §3§lCLICK HERE§b to pick them up! §3§l<<<
01:01:44   
01:02:44 §f               §7You have §353,640 §7materials stashed away!
01:02:44 §f              §8(This totals 6 types of materials stashed!)
01:02:44 §f                §3§l>>> §3§lCLICK HERE§b to pick them up! §3§l<<<
01:02:44   
01:03:44 §f               §7You have §353,640 §7materials stashed away!
01:03:44 §f              §8(This totals 6 types of materials stashed!)
01:03:44 §f                §3§l>>> §3§lCLICK HERE§b to pick them up! §3§l<<<
01:03:44   
01:04:45 §f               §7You have §353,640 §7materials stashed away!
01:04:45 §f              §8(This totals 6 types of materials stashed!)
01:04:45 §f                §3§l>>> §3§lCLICK HERE§b to pick them up! §3§l<<<
01:04:45   
01:05:45 §f               §7You have §353,640 §7materials stashed away!
01:05:45 §f              §8(This totals 6 types of materials stashed!)
01:05:45 §f                §3§l>>> §3§lCLICK HERE§b to pick them up! §3§l<<<
01:05:45   
01:06:45 §f               §7You have §353,640 §7materials stashed away!
01:06:45 §f              §8(This totals 6 types of materials stashed!)
01:06:45 §f                §3§l>>> §3§lCLICK HERE§b to pick them up! §3§l<<<
01:06:45   
01:07:20 §f               §7You have §353,640 §7materials stashed away!
01:07:20 §f              §8(This totals 6 types of materials stashed!)
01:07:20 §f                §3§l>>> §3§lCLICK HERE§b to pick them up! §3§l<<<
01:07:20   
01:08:21 §f               §7You have §353,640 §7materials stashed away!
01:08:21 §f              §8(This totals 6 types of materials stashed!)
01:08:21 §f                §3§l>>> §3§lCLICK HERE§b to pick them up! §3§l<<<
01:08:21   
01:09:22 §f               §7You have §353,640 §7materials stashed away!
01:09:22 §f              §8(This totals 6 types of materials stashed!)
01:09:22 §f                §3§l>>> §3§lCLICK HERE§b to pick them up! §3§l<<<
01:09:22   
01:10:23 §f               §7You have §353,640 §7materials stashed away!
01:10:23 §f              §8(This totals 6 types of materials stashed!)
01:10:23 §f                §3§l>>> §3§lCLICK HERE§b to pick them up! §3§l<<<
01:10:23   
01:11:23 §f               §7You have §353,640 §7materials stashed away!
01:11:23 §f              §8(This totals 6 types of materials stashed!)
01:11:23 §f                §3§l>>> §3§lCLICK HERE§b to pick them up! §3§l<<<
01:11:23   
01:11:29 §f               §7You have §353,640 §7materials stashed away!
01:11:29 §f              §8(This totals 6 types of materials stashed!)
01:11:29 §f                §3§l>>> §3§lCLICK HERE§b to pick them up! §3§l<<<
01:11:29   
01:12:29 §f               §7You have §353,640 §7materials stashed away!
01:12:29 §f              §8(This totals 6 types of materials stashed!)
01:12:29 §f                §3§l>>> §3§lCLICK HERE§b to pick them up! §3§l<<<
01:12:29   
01:13:29 §f               §7You have §353,640 §7materials stashed away!
01:13:29 §f              §8(This totals 6 types of materials stashed!)
01:13:29 §f                §3§l>>> §3§lCLICK HERE§b to pick them up! §3§l<<<
01:13:29   
01:14:30 §f               §7You have §353,640 §7materials stashed away!
01:14:30 §f              §8(This totals 6 types of materials stashed!)
01:14:30 §f                §3§l>>> §3§lCLICK HERE§b to pick them up! §3§l<<<
01:14:30   
01:15:30 §f               §7You have §353,640 §7materials stashed away!
01:15:30 §f              §8(This totals 6 types of materials stashed!)
01:15:30 §f                §3§l>>> §3§lCLICK HERE§b to pick them up! §3§l<<<
01:15:30   
01:16:30 §f               §7You have §353,640 §7materials stashed away!
01:16:30 §f              §8(This totals 6 types of materials stashed!)
01:16:30 §f                §3§l>>> §3§lCLICK HERE§b to pick them up! §3§l<<<
01:16:30   
01:17:26 §f               §7You have §353,640 §7materials stashed away!
01:17:26 §f              §8(This totals 6 types of materials stashed!)
01:17:26 §f                §3§l>>> §3§lCLICK HERE§b to pick them up! §3§l<<<
01:17:26   
01:18:26 §f               §7You have §353,640 §7materials stashed away!
01:18:26 §f              §8(This totals 6 types of materials stashed!)
01:18:26 §f                §3§l>>> §3§lCLICK HERE§b to pick them up! §3§l<<<
01:18:26   
01:19:26 §f               §7You have §353,640 §7materials stashed away!
01:19:26 §f              §8(This totals 6 types of materials stashed!)
01:19:26 §f                §3§l>>> §3§lCLICK HERE§b to pick them up! §3§l<<<
01:19:26   
01:20:27 §f               §7You have §353,640 §7materials stashed away!
01:20:27 §f              §8(This totals 6 types of materials stashed!)
01:20:27 §f                §3§l>>> §3§lCLICK HERE§b to pick them up! §3§l<<<
01:20:27   
01:21:27 §f               §7You have §353,640 §7materials stashed away!
01:21:27 §f              §8(This totals 6 types of materials stashed!)
01:21:27 §f                §3§l>>> §3§lCLICK HERE§b to pick them up! §3§l<<<
01:21:27   
01:22:27 §f               §7You have §353,640 §7materials stashed away!
01:22:27 §f              §8(This totals 6 types of materials stashed!)
01:22:27 §f                §3§l>>> §3§lCLICK HERE§b to pick them up! §3§l<<<
01:22:27   
01:23:27 §f               §7You have §353,640 §7materials stashed away!
01:23:27 §f              §8(This totals 6 types of materials stashed!)
01:23:27 §f                §3§l>>> §3§lCLICK HERE§b to pick them up! §3§l<<<
01:23:27   
01:24:37 §f               §7You have §353,640 §7materials stashed away!
01:24:37 §f              §8(This totals 6 types of materials stashed!)
01:24:37 §f                §3§l>>> §3§lCLICK HERE§b to pick them up! §3§l<<<
01:24:37   
01:25:37 §f               §7You have §353,640 §7materials stashed away!
01:25:37 §f              §8(This totals 6 types of materials stashed!)
01:25:37 §f                §3§l>>> §3§lCLICK HERE§b to pick them up! §3§l<<<
01:25:37   
01:26:37 §f               §7You have §353,640 §7materials stashed away!
01:26:37 §f              §8(This totals 6 types of materials stashed!)
01:26:37 §f                §3§l>>> §3§lCLICK HERE§b to pick them up! §3§l<<<
01:26:37   
01:27:38 §f               §7You have §353,640 §7materials stashed away!
01:27:38 §f              §8(This totals 6 types of materials stashed!)
01:27:38 §f                §3§l>>> §3§lCLICK HERE§b to pick them up! §3§l<<<
01:27:38   
01:28:39 §f               §7You have §353,640 §7materials stashed away!
01:28:39 §f              §8(This totals 6 types of materials stashed!)
01:28:39 §f                §3§l>>> §3§lCLICK HERE§b to pick them up! §3§l<<<
01:28:39   
01:29:40 §f               §7You have §353,640 §7materials stashed away!
01:29:40 §f              §8(This totals 6 types of materials stashed!)
01:29:40 §f                §3§l>>> §3§lCLICK HERE§b to pick them up! §3§l<<<
01:29:40   
01:30:41 §f               §7You have §353,640 §7materials stashed away!
01:30:41 §f              §8(This totals 6 types of materials stashed!)
01:30:41 §f                §3§l>>> §3§lCLICK HERE§b to pick them up! §3§l<<<
01:30:41   
01:31:42 §f               §7You have §353,640 §7materials stashed away!
01:31:42 §f              §8(This totals 6 types of materials stashed!)
01:31:42 §f                §3§l>>> §3§lCLICK HERE§b to pick them up! §3§l<<<
01:31:42   
01:32:42 §f               §7You have §353,640 §7materials stashed away!
01:32:42 §f              §8(This totals 6 types of materials stashed!)
01:32:42 §f                §3§l>>> §3§lCLICK HERE§b to pick them up! §3§l<<<
01:32:42   
01:33:43 §f               §7You have §353,640 §7materials stashed away!
01:33:43 §f              §8(This totals 6 types of materials stashed!)
01:33:43 §f                §3§l>>> §3§lCLICK HERE§b to pick them up! §3§l<<<
01:33:43   
01:34:44 §f               §7You have §353,640 §7materials stashed away!
01:34:44 §f              §8(This totals 6 types of materials stashed!)
01:34:44 §f                §3§l>>> §3§lCLICK HERE§b to pick them up! §3§l<<<
01:34:44   
01:35:45 §f               §7You have §353,640 §7materials stashed away!
01:35:45 §f              §8(This totals 6 types of materials stashed!)
01:35:45 §f                §3§l>>> §3§lCLICK HERE§b to pick them up! §3§l<<<
01:35:45   
01:36:45 §f               §7You have §353,640 §7materials stashed away!
01:36:45 §f              §8(This totals 6 types of materials stashed!)
01:36:45 §f                §3§l>>> §3§lCLICK HERE§b to pick them up! §3§l<<<
01:36:45   
01:37:46 §f               §7You have §353,640 §7materials stashed away!
01:37:46 §f              §8(This totals 6 types of materials stashed!)
01:37:46 §f                §3§l>>> §3§lCLICK HERE§b to pick them up! §3§l<<<
01:37:46   
01:38:47 §f               §7You have §353,640 §7materials stashed away!
01:38:47 §f              §8(This totals 6 types of materials stashed!)
01:38:47 §f                §3§l>>> §3§lCLICK HERE§b to pick them up! §3§l<<<
01:38:47   
01:39:48 §f               §7You have §353,640 §7materials stashed away!
01:39:48 §f              §8(This totals 6 types of materials stashed!)
01:39:48 §f                §3§l>>> §3§lCLICK HERE§b to pick them up! §3§l<<<
01:39:48   
01:40:48 §f               §7You have §353,640 §7materials stashed away!
01:40:48 §f              §8(This totals 6 types of materials stashed!)
01:40:48 §f                §3§l>>> §3§lCLICK HERE§b to pick them up! §3§l<<<
01:40:48   
01:41:49 §f               §7You have §353,640 §7materials stashed away!
01:41:49 §f              §8(This totals 6 types of materials stashed!)
01:41:49 §f                §3§l>>> §3§lCLICK HERE§b to pick them up! §3§l<<<
01:41:49   
01:43:54 §f               §7You have §353,640 §7materials stashed away!
01:43:54 §f              §8(This totals 6 types of materials stashed!)
01:43:54 §f                §3§l>>> §3§lCLICK HERE§b to pick them up! §3§l<<<
01:43:54   
01:44:34 §f               §7You have §353,640 §7materials stashed away!
01:44:34 §f              §8(This totals 6 types of materials stashed!)
01:44:34 §f                §3§l>>> §3§lCLICK HERE§b to pick them up! §3§l<<<
01:44:34   
01:45:34 §f               §7You have §353,640 §7materials stashed away!
01:45:34 §f              §8(This totals 6 types of materials stashed!)
01:45:34 §f                §3§l>>> §3§lCLICK HERE§b to pick them up! §3§l<<<
01:45:34   
01:46:35 §f               §7You have §353,640 §7materials stashed away!
01:46:35 §f              §8(This totals 6 types of materials stashed!)
01:46:35 §f                §3§l>>> §3§lCLICK HERE§b to pick them up! §3§l<<<
01:46:35   
01:47:37 §f               §7You have §353,640 §7materials stashed away!
01:47:37 §f              §8(This totals 6 types of materials stashed!)
01:47:37 §f                §3§l>>> §3§lCLICK HERE§b to pick them up! §3§l<<<
01:47:37   
01:48:37 §f               §7You have §353,640 §7materials stashed away!
01:48:37 §f              §8(This totals 6 types of materials stashed!)
01:48:37 §f                §3§l>>> §3§lCLICK HERE§b to pick them up! §3§l<<<
01:48:37   
01:49:38 §f               §7You have §353,640 §7materials stashed away!
01:49:38 §f              §8(This totals 6 types of materials stashed!)
01:49:38 §f                §3§l>>> §3§lCLICK HERE§b to pick them up! §3§l<<<
01:49:38   
01:50:39 §f               §7You have §353,640 §7materials stashed away!
01:50:39 §f              §8(This totals 6 types of materials stashed!)
01:50:39 §f                §3§l>>> §3§lCLICK HERE§b to pick them up! §3§l<<<
01:50:39   
01:51:39 §f               §7You have §353,640 §7materials stashed away!
01:51:39 §f              §8(This totals 6 types of materials stashed!)
01:51:39 §f                §3§l>>> §3§lCLICK HERE§b to pick them up! §3§l<<<
01:51:39   
01:52:39 §f               §7You have §353,640 §7materials stashed away!
01:52:39 §f              §8(This totals 6 types of materials stashed!)
01:52:39 §f                §3§l>>> §3§lCLICK HERE§b to pick them up! §3§l<<<
01:52:39   
01:54:29 §f               §7You have §353,640 §7materials stashed away!
01:54:29 §f              §8(This totals 6 types of materials stashed!)
01:54:29 §f                §3§l>>> §3§lCLICK HERE§b to pick them up! §3§l<<<
01:54:29   
01:55:01 §f               §7You have §353,640 §7materials stashed away!
01:55:01 §f              §8(This totals 6 types of materials stashed!)
01:55:01 §f                §3§l>>> §3§lCLICK HERE§b to pick them up! §3§l<<<
01:55:01   
01:56:02 §f               §7You have §353,640 §7materials stashed away!
01:56:02 §f              §8(This totals 6 types of materials stashed!)
01:56:02 §f                §3§l>>> §3§lCLICK HERE§b to pick them up! §3§l<<<
01:56:02   
01:57:03 §f               §7You have §353,640 §7materials stashed away!
01:57:03 §f              §8(This totals 6 types of materials stashed!)
01:57:03 §f                §3§l>>> §3§lCLICK HERE§b to pick them up! §3§l<<<
01:57:03   
01:58:04 §f               §7You have §353,640 §7materials stashed away!
01:58:04 §f              §8(This totals 6 types of materials stashed!)
01:58:04 §f                §3§l>>> §3§lCLICK HERE§b to pick them up! §3§l<<<
01:58:04   
01:59:05 §f               §7You have §353,640 §7materials stashed away!
01:59:05 §f              §8(This totals 6 types of materials stashed!)
01:59:05 §f                §3§l>>> §3§lCLICK HERE§b to pick them up! §3§l<<<
01:59:05   
02:00:05 §f               §7You have §353,640 §7materials stashed away!
02:00:05 §f              §8(This totals 6 types of materials stashed!)
02:00:05 §f                §3§l>>> §3§lCLICK HERE§b to pick them up! §3§l<<<
02:00:05   
02:03:08 §f               §7You have §353,640 §7materials stashed away!
02:03:08 §f              §8(This totals 6 types of materials stashed!)
02:03:08 §f                §3§l>>> §3§lCLICK HERE§b to pick them up! §3§l<<<
02:03:08   
02:04:09 §f               §7You have §353,640 §7materials stashed away!
02:04:09 §f              §8(This totals 6 types of materials stashed!)
02:04:09 §f                §3§l>>> §3§lCLICK HERE§b to pick them up! §3§l<<<
02:04:09   
02:04:52 §f               §7You have §353,640 §7materials stashed away!
02:04:52 §f              §8(This totals 6 types of materials stashed!)
02:04:52 §f                §3§l>>> §3§lCLICK HERE§b to pick them up! §3§l<<<
02:04:52   
02:05:41 §f               §7You have §353,640 §7materials stashed away!
02:05:41 §f              §8(This totals 6 types of materials stashed!)
02:05:41 §f                §3§l>>> §3§lCLICK HERE§b to pick them up! §3§l<<<
02:05:41   
02:06:45 §f               §7You have §353,640 §7materials stashed away!
02:06:45 §f              §8(This totals 6 types of materials stashed!)
02:06:45 §f                §3§l>>> §3§lCLICK HERE§b to pick them up! §3§l<<<
02:06:45   
02:07:45 §f               §7You have §353,640 §7materials stashed away!
02:07:45 §f              §8(This totals 6 types of materials stashed!)
02:07:45 §f                §3§l>>> §3§lCLICK HERE§b to pick them up! §3§l<<<
02:07:45   
02:08:46 §f               §7You have §353,640 §7materials stashed away!
02:08:46 §f              §8(This totals 6 types of materials stashed!)
02:08:46 §f                §3§l>>> §3§lCLICK HERE§b to pick them up! §3§l<<<
02:08:46   
02:09:47 §f               §7You have §353,640 §7materials stashed away!
02:09:47 §f              §8(This totals 6 types of materials stashed!)
02:09:47 §f                §3§l>>> §3§lCLICK HERE§b to pick them up! §3§l<<<
02:09:47   
02:10:47 §f               §7You have §353,640 §7materials stashed away!
02:10:47 §f              §8(This totals 6 types of materials stashed!)
02:10:47 §f                §3§l>>> §3§lCLICK HERE§b to pick them up! §3§l<<<
02:10:47   
02:11:47 §f               §7You have §353,640 §7materials stashed away!
02:11:47 §f              §8(This totals 6 types of materials stashed!)
02:11:47 §f                §3§l>>> §3§lCLICK HERE§b to pick them up! §3§l<<<
02:11:47   
02:12:48 §f               §7You have §353,640 §7materials stashed away!
02:12:48 §f              §8(This totals 6 types of materials stashed!)
02:12:48 §f                §3§l>>> §3§lCLICK HERE§b to pick them up! §3§l<<<
02:12:48   
02:13:51 §f               §7You have §353,640 §7materials stashed away!
02:13:51 §f              §8(This totals 6 types of materials stashed!)
02:13:51 §f                §3§l>>> §3§lCLICK HERE§b to pick them up! §3§l<<<
02:13:51   
02:14:51 §f               §7You have §353,640 §7materials stashed away!
02:14:51 §f              §8(This totals 6 types of materials stashed!)
02:14:51 §f                §3§l>>> §3§lCLICK HERE§b to pick them up! §3§l<<<
02:14:51   
02:15:52 §f               §7You have §353,640 §7materials stashed away!
02:15:52 §f              §8(This totals 6 types of materials stashed!)
02:15:52 §f                §3§l>>> §3§lCLICK HERE§b to pick them up! §3§l<<<
02:15:52   
02:17:19 §f               §7You have §353,640 §7materials stashed away!
02:17:19 §f              §8(This totals 6 types of materials stashed!)
02:17:19 §f                §3§l>>> §3§lCLICK HERE§b to pick them up! §3§l<<<
02:17:19   
02:18:20 §f               §7You have §353,640 §7materials stashed away!
02:18:20 §f              §8(This totals 6 types of materials stashed!)
02:18:20 §f                §3§l>>> §3§lCLICK HERE§b to pick them up! §3§l<<<
02:18:20   
02:19:21 §f               §7You have §353,640 §7materials stashed away!
02:19:21 §f              §8(This totals 6 types of materials stashed!)
02:19:21 §f                §3§l>>> §3§lCLICK HERE§b to pick them up! §3§l<<<
02:19:21   
02:20:04 §f               §7You have §353,640 §7materials stashed away!
02:20:04 §f              §8(This totals 6 types of materials stashed!)
02:20:04 §f                §3§l>>> §3§lCLICK HERE§b to pick them up! §3§l<<<
02:20:04   
02:21:05 §f               §7You have §353,640 §7materials stashed away!
02:21:05 §f              §8(This totals 6 types of materials stashed!)
02:21:05 §f                §3§l>>> §3§lCLICK HERE§b to pick them up! §3§l<<<
02:21:05   
02:22:09 §f               §7You have §353,640 §7materials stashed away!
02:22:09 §f              §8(This totals 6 types of materials stashed!)
02:22:09 §f                §3§l>>> §3§lCLICK HERE§b to pick them up! §3§l<<<
02:22:09   
02:23:17 §f               §7You have §353,640 §7materials stashed away!
02:23:17 §f              §8(This totals 6 types of materials stashed!)
02:23:17 §f                §3§l>>> §3§lCLICK HERE§b to pick them up! §3§l<<<
02:23:17   
02:24:26 §f               §7You have §353,640 §7materials stashed away!
02:24:26 §f              §8(This totals 6 types of materials stashed!)
02:24:26 §f                §3§l>>> §3§lCLICK HERE§b to pick them up! §3§l<<<
02:24:26   
02:25:27 §f               §7You have §353,640 §7materials stashed away!
02:25:27 §f              §8(This totals 6 types of materials stashed!)
02:25:27 §f                §3§l>>> §3§lCLICK HERE§b to pick them up! §3§l<<<
02:25:27   
02:26:29 §f               §7You have §353,640 §7materials stashed away!
02:26:29 §f              §8(This totals 6 types of materials stashed!)
02:26:29 §f                §3§l>>> §3§lCLICK HERE§b to pick them up! §3§l<<<
02:26:29   
02:27:33 §f               §7You have §353,640 §7materials stashed away!
02:27:33 §f              §8(This totals 6 types of materials stashed!)
02:27:33 §f                §3§l>>> §3§lCLICK HERE§b to pick them up! §3§l<<<
02:27:33   
02:28:33 §f               §7You have §353,640 §7materials stashed away!
02:28:33 §f              §8(This totals 6 types of materials stashed!)
02:28:33 §f                §3§l>>> §3§lCLICK HERE§b to pick them up! §3§l<<<
02:28:33   
02:29:33 §f               §7You have §353,640 §7materials stashed away!
02:29:33 §f              §8(This totals 6 types of materials stashed!)
02:29:33 §f                §3§l>>> §3§lCLICK HERE§b to pick them up! §3§l<<<
02:29:33   
02:31:05 §f               §7You have §353,640 §7materials stashed away!
02:31:05 §f              §8(This totals 6 types of materials stashed!)
02:31:05 §f                §3§l>>> §3§lCLICK HERE§b to pick them up! §3§l<<<
02:31:05   
02:32:05 §f               §7You have §353,640 §7materials stashed away!
02:32:05 §f              §8(This totals 6 types of materials stashed!)
02:32:05 §f                §3§l>>> §3§lCLICK HERE§b to pick them up! §3§l<<<
02:32:05   
02:32:33 §f               §7You have §353,640 §7materials stashed away!
02:32:33 §f              §8(This totals 6 types of materials stashed!)
02:32:33 §f                §3§l>>> §3§lCLICK HERE§b to pick them up! §3§l<<<
02:32:33   
02:33:34 §f               §7You have §353,640 §7materials stashed away!
02:33:34 §f              §8(This totals 6 types of materials stashed!)
02:33:34 §f                §3§l>>> §3§lCLICK HERE§b to pick them up! §3§l<<<
02:33:34   
02:34:35 §f               §7You have §353,640 §7materials stashed away!
02:34:35 §f              §8(This totals 6 types of materials stashed!)
02:34:35 §f                §3§l>>> §3§lCLICK HERE§b to pick them up! §3§l<<<
02:34:35   
02:35:35 §f               §7You have §353,640 §7materials stashed away!
02:35:35 §f              §8(This totals 6 types of materials stashed!)
02:35:35 §f                §3§l>>> §3§lCLICK HERE§b to pick them up! §3§l<<<
02:35:35   
02:36:37 §f               §7You have §353,640 §7materials stashed away!
02:36:37 §f              §8(This totals 6 types of materials stashed!)
02:36:37 §f                §3§l>>> §3§lCLICK HERE§b to pick them up! §3§l<<<
02:36:37   
02:37:38 §f               §7You have §353,640 §7materials stashed away!
02:37:38 §f              §8(This totals 6 types of materials stashed!)
02:37:38 §f                §3§l>>> §3§lCLICK HERE§b to pick them up! §3§l<<<
02:37:38   
02:39:10 §f               §7You have §353,640 §7materials stashed away!
02:39:10 §f              §8(This totals 6 types of materials stashed!)
02:39:10 §f                §3§l>>> §3§lCLICK HERE§b to pick them up! §3§l<<<
02:39:10   
02:39:42 §f               §7You have §353,640 §7materials stashed away!
02:39:42 §f              §8(This totals 6 types of materials stashed!)
02:39:42 §f                §3§l>>> §3§lCLICK HERE§b to pick them up! §3§l<<<
02:39:42   
02:40:34 §f               §7You have §353,640 §7materials stashed away!
02:40:34 §f              §8(This totals 6 types of materials stashed!)
02:40:34 §f                §3§l>>> §3§lCLICK HERE§b to pick them up! §3§l<<<
02:40:34   
02:41:34 §f               §7You have §353,640 §7materials stashed away!
02:41:34 §f              §8(This totals 6 types of materials stashed!)
02:41:34 §f                §3§l>>> §3§lCLICK HERE§b to pick them up! §3§l<<<
02:41:34   
02:42:35 §f               §7You have §353,640 §7materials stashed away!
02:42:35 §f              §8(This totals 6 types of materials stashed!)
02:42:35 §f                §3§l>>> §3§lCLICK HERE§b to pick them up! §3§l<<<
02:42:35   
02:43:01 §f               §7You have §353,640 §7materials stashed away!
02:43:01 §f              §8(This totals 6 types of materials stashed!)
02:43:01 §f                §3§l>>> §3§lCLICK HERE§b to pick them up! §3§l<<<
02:43:01   
02:44:03 §f               §7You have §353,640 §7materials stashed away!
02:44:03 §f              §8(This totals 6 types of materials stashed!)
02:44:03 §f                §3§l>>> §3§lCLICK HERE§b to pick them up! §3§l<<<
02:44:03   
02:45:03 §f               §7You have §353,640 §7materials stashed away!
02:45:03 §f              §8(This totals 6 types of materials stashed!)
02:45:03 §f                §3§l>>> §3§lCLICK HERE§b to pick them up! §3§l<<<
02:45:03   
02:46:03 §f               §7You have §353,640 §7materials stashed away!
02:46:03 §f              §8(This totals 6 types of materials stashed!)
02:46:03 §f                §3§l>>> §3§lCLICK HERE§b to pick them up! §3§l<<<
02:46:03   
02:47:04 §f               §7You have §353,640 §7materials stashed away!
02:47:04 §f              §8(This totals 6 types of materials stashed!)
02:47:04 §f                §3§l>>> §3§lCLICK HERE§b to pick them up! §3§l<<<
02:47:04   
02:48:07 §f               §7You have §353,640 §7materials stashed away!
02:48:07 §f              §8(This totals 6 types of materials stashed!)
02:48:07 §f                §3§l>>> §3§lCLICK HERE§b to pick them up! §3§l<<<
02:48:07   
02:49:08 §f               §7You have §353,640 §7materials stashed away!
02:49:08 §f              §8(This totals 6 types of materials stashed!)
02:49:08 §f                §3§l>>> §3§lCLICK HERE§b to pick them up! §3§l<<<
02:49:08   
02:50:03 §f               §7You have §353,640 §7materials stashed away!
02:50:03 §f              §8(This totals 6 types of materials stashed!)
02:50:03 §f                §3§l>>> §3§lCLICK HERE§b to pick them up! §3§l<<<
02:50:03   
02:51:04 §f               §7You have §353,640 §7materials stashed away!
02:51:04 §f              §8(This totals 6 types of materials stashed!)
02:51:04 §f                §3§l>>> §3§lCLICK HERE§b to pick them up! §3§l<<<
02:51:04   
02:52:04 §f               §7You have §353,640 §7materials stashed away!
02:52:04 §f              §8(This totals 6 types of materials stashed!)
02:52:04 §f                §3§l>>> §3§lCLICK HERE§b to pick them up! §3§l<<<
02:52:04   
02:53:04 §f               §7You have §353,640 §7materials stashed away!
02:53:04 §f              §8(This totals 6 types of materials stashed!)
02:53:04 §f                §3§l>>> §3§lCLICK HERE§b to pick them up! §3§l<<<
02:53:04   
02:54:05 §f               §7You have §353,640 §7materials stashed away!
02:54:05 §f              §8(This totals 6 types of materials stashed!)
02:54:05 §f                §3§l>>> §3§lCLICK HERE§b to pick them up! §3§l<<<
02:54:05   
02:55:05 §f               §7You have §353,640 §7materials stashed away!
02:55:05 §f              §8(This totals 6 types of materials stashed!)
02:55:05 §f                §3§l>>> §3§lCLICK HERE§b to pick them up! §3§l<<<
02:55:05   
02:55:55 §f               §7You have §353,640 §7materials stashed away!
02:55:55 §f              §8(This totals 6 types of materials stashed!)
02:55:55 §f                §3§l>>> §3§lCLICK HERE§b to pick them up! §3§l<<<
02:55:55   
02:56:54 §f               §7You have §353,640 §7materials stashed away!
02:56:54 §f              §8(This totals 6 types of materials stashed!)
02:56:54 §f                §3§l>>> §3§lCLICK HERE§b to pick them up! §3§l<<<
02:56:54   
02:57:30 §f               §7You have §353,640 §7materials stashed away!
02:57:30 §f              §8(This totals 6 types of materials stashed!)
02:57:30 §f                §3§l>>> §3§lCLICK HERE§b to pick them up! §3§l<<<
02:57:30   
02:58:30 §f               §7You have §353,640 §7materials stashed away!
02:58:30 §f              §8(This totals 6 types of materials stashed!)
02:58:30 §f                §3§l>>> §3§lCLICK HERE§b to pick them up! §3§l<<<
02:58:30   
02:59:31 §f               §7You have §353,640 §7materials stashed away!
02:59:31 §f              §8(This totals 6 types of materials stashed!)
02:59:31 §f                §3§l>>> §3§lCLICK HERE§b to pick them up! §3§l<<<
02:59:31   
03:00:06 §f               §7You have §353,640 §7materials stashed away!
03:00:06 §f              §8(This totals 6 types of materials stashed!)
03:00:06 §f                §3§l>>> §3§lCLICK HERE§b to pick them up! §3§l<<<
03:00:06   
03:01:07 §f               §7You have §353,640 §7materials stashed away!
03:01:07 §f              §8(This totals 6 types of materials stashed!)
03:01:07 §f                §3§l>>> §3§lCLICK HERE§b to pick them up! §3§l<<<
03:01:07   
03:02:07 §f               §7You have §353,640 §7materials stashed away!
03:02:07 §f              §8(This totals 6 types of materials stashed!)
03:02:07 §f                §3§l>>> §3§lCLICK HERE§b to pick them up! §3§l<<<
03:02:07   
03:03:08 §f               §7You have §353,640 §7materials stashed away!
03:03:08 §f              §8(This totals 6 types of materials stashed!)
03:03:08 §f                §3§l>>> §3§lCLICK HERE§b to pick them up! §3§l<<<
03:03:08   
03:04:09 §f               §7You have §353,640 §7materials stashed away!
03:04:09 §f              §8(This totals 6 types of materials stashed!)
03:04:09 §f                §3§l>>> §3§lCLICK HERE§b to pick them up! §3§l<<<
03:04:09   
03:05:10 §f               §7You have §353,640 §7materials stashed away!
03:05:10 §f              §8(This totals 6 types of materials stashed!)
03:05:10 §f                §3§l>>> §3§lCLICK HERE§b to pick them up! §3§l<<<
03:05:10   
03:06:11 §f               §7You have §353,640 §7materials stashed away!
03:06:11 §f              §8(This totals 6 types of materials stashed!)
03:06:11 §f                §3§l>>> §3§lCLICK HERE§b to pick them up! §3§l<<<
03:06:11   
03:07:11 §f               §7You have §353,640 §7materials stashed away!
03:07:11 §f              §8(This totals 6 types of materials stashed!)
03:07:11 §f                §3§l>>> §3§lCLICK HERE§b to pick them up! §3§l<<<
03:07:11   
03:08:12 §f               §7You have §353,640 §7materials stashed away!
03:08:12 §f              §8(This totals 6 types of materials stashed!)
03:08:12 §f                §3§l>>> §3§lCLICK HERE§b to pick them up! §3§l<<<
03:08:12   
03:09:13 §f               §7You have §353,640 §7materials stashed away!
03:09:13 §f              §8(This totals 6 types of materials stashed!)
03:09:13 §f                §3§l>>> §3§lCLICK HERE§b to pick them up! §3§l<<<
03:09:13   
03:10:13 §f               §7You have §353,640 §7materials stashed away!
03:10:13 §f              §8(This totals 6 types of materials stashed!)
03:10:13 §f                §3§l>>> §3§lCLICK HERE§b to pick them up! §3§l<<<
03:10:13   
03:11:13 §f               §7You have §353,640 §7materials stashed away!
03:11:13 §f              §8(This totals 6 types of materials stashed!)
03:11:13 §f                §3§l>>> §3§lCLICK HERE§b to pick them up! §3§l<<<
03:11:13   
03:12:14 §f               §7You have §353,640 §7materials stashed away!
03:12:14 §f              §8(This totals 6 types of materials stashed!)
03:12:14 §f                §3§l>>> §3§lCLICK HERE§b to pick them up! §3§l<<<
03:12:14   
03:13:15 §f               §7You have §353,640 §7materials stashed away!
03:13:15 §f              §8(This totals 6 types of materials stashed!)
03:13:15 §f                §3§l>>> §3§lCLICK HERE§b to pick them up! §3§l<<<
03:13:15   
03:13:59 §f               §7You have §353,640 §7materials stashed away!
03:13:59 §f              §8(This totals 6 types of materials stashed!)
03:13:59 §f                §3§l>>> §3§lCLICK HERE§b to pick them up! §3§l<<<
03:13:59   
03:14:59 §f               §7You have §353,640 §7materials stashed away!
03:14:59 §f              §8(This totals 6 types of materials stashed!)
03:14:59 §f                §3§l>>> §3§lCLICK HERE§b to pick them up! §3§l<<<
03:14:59   
03:16:00 §f               §7You have §353,640 §7materials stashed away!
03:16:00 §f              §8(This totals 6 types of materials stashed!)
03:16:00 §f                §3§l>>> §3§lCLICK HERE§b to pick them up! §3§l<<<
03:16:00   
03:17:00 §f               §7You have §353,640 §7materials stashed away!
03:17:00 §f              §8(This totals 6 types of materials stashed!)
03:17:00 §f                §3§l>>> §3§lCLICK HERE§b to pick them up! §3§l<<<
03:17:00   
03:18:01 §f               §7You have §353,640 §7materials stashed away!
03:18:01 §f              §8(This totals 6 types of materials stashed!)
03:18:01 §f                §3§l>>> §3§lCLICK HERE§b to pick them up! §3§l<<<
03:18:01   
03:19:02 §f               §7You have §353,640 §7materials stashed away!
03:19:02 §f              §8(This totals 6 types of materials stashed!)
03:19:02 §f                §3§l>>> §3§lCLICK HERE§b to pick them up! §3§l<<<
03:19:02   
03:20:03 §f               §7You have §353,640 §7materials stashed away!
03:20:03 §f              §8(This totals 6 types of materials stashed!)
03:20:03 §f                §3§l>>> §3§lCLICK HERE§b to pick them up! §3§l<<<
03:20:03   
03:20:36 §f               §7You have §353,640 §7materials stashed away!
03:20:36 §f              §8(This totals 6 types of materials stashed!)
03:20:36 §f                §3§l>>> §3§lCLICK HERE§b to pick them up! §3§l<<<
03:20:36   
03:21:37 §f               §7You have §353,640 §7materials stashed away!
03:21:37 §f              §8(This totals 6 types of materials stashed!)
03:21:37 §f                §3§l>>> §3§lCLICK HERE§b to pick them up! §3§l<<<
03:21:37   
03:22:38 §f               §7You have §353,640 §7materials stashed away!
03:22:38 §f              §8(This totals 6 types of materials stashed!)
03:22:38 §f                §3§l>>> §3§lCLICK HERE§b to pick them up! §3§l<<<
03:22:38   
03:23:39 §f               §7You have §353,640 §7materials stashed away!
03:23:39 §f              §8(This totals 6 types of materials stashed!)
03:23:39 §f                §3§l>>> §3§lCLICK HERE§b to pick them up! §3§l<<<
03:23:39   
03:24:39 §f               §7You have §353,640 §7materials stashed away!
03:24:39 §f              §8(This totals 6 types of materials stashed!)
03:24:39 §f                §3§l>>> §3§lCLICK HERE§b to pick them up! §3§l<<<
03:24:39   
03:25:40 §f               §7You have §353,640 §7materials stashed away!
03:25:40 §f              §8(This totals 6 types of materials stashed!)
03:25:40 §f                §3§l>>> §3§lCLICK HERE§b to pick them up! §3§l<<<
03:25:40   
03:26:42 §f               §7You have §353,640 §7materials stashed away!
03:26:42 §f              §8(This totals 6 types of materials stashed!)
03:26:42 §f                §3§l>>> §3§lCLICK HERE§b to pick them up! §3§l<<<
03:26:42   
03:27:46 §f               §7You have §353,640 §7materials stashed away!
03:27:46 §f              §8(This totals 6 types of materials stashed!)
03:27:46 §f                §3§l>>> §3§lCLICK HERE§b to pick them up! §3§l<<<
03:27:46   
03:28:46 §f               §7You have §353,640 §7materials stashed away!
03:28:46 §f              §8(This totals 6 types of materials stashed!)
03:28:46 §f                §3§l>>> §3§lCLICK HERE§b to pick them up! §3§l<<<
03:28:46   
03:29:50 §f               §7You have §353,640 §7materials stashed away!
03:29:50 §f              §8(This totals 6 types of materials stashed!)
03:29:50 §f                §3§l>>> §3§lCLICK HERE§b to pick them up! §3§l<<<
03:29:50   
03:30:50 §f               §7You have §353,640 §7materials stashed away!
03:30:50 §f              §8(This totals 6 types of materials stashed!)
03:30:50 §f                §3§l>>> §3§lCLICK HERE§b to pick them up! §3§l<<<
03:30:50   
03:31:51 §f               §7You have §353,640 §7materials stashed away!
03:31:51 §f              §8(This totals 6 types of materials stashed!)
03:31:51 §f                §3§l>>> §3§lCLICK HERE§b to pick them up! §3§l<<<
03:31:51   
03:32:53 §f               §7You have §353,640 §7materials stashed away!
03:32:53 §f              §8(This totals 6 types of materials stashed!)
03:32:53 §f                §3§l>>> §3§lCLICK HERE§b to pick them up! §3§l<<<
03:32:53   
03:33:55 §f               §7You have §353,640 §7materials stashed away!
03:33:55 §f              §8(This totals 6 types of materials stashed!)
03:33:55 §f                §3§l>>> §3§lCLICK HERE§b to pick them up! §3§l<<<
03:33:55   
03:34:55 §f               §7You have §353,640 §7materials stashed away!
03:34:55 §f              §8(This totals 6 types of materials stashed!)
03:34:55 §f                §3§l>>> §3§lCLICK HERE§b to pick them up! §3§l<<<
03:34:55   
03:35:56 §f               §7You have §353,640 §7materials stashed away!
03:35:56 §f              §8(This totals 6 types of materials stashed!)
03:35:56 §f                §3§l>>> §3§lCLICK HERE§b to pick them up! §3§l<<<
03:35:56   
03:36:30 §f               §7You have §353,640 §7materials stashed away!
03:36:30 §f              §8(This totals 6 types of materials stashed!)
03:36:30 §f                §3§l>>> §3§lCLICK HERE§b to pick them up! §3§l<<<
03:36:30   
03:36:40 §f               §7You have §353,640 §7materials stashed away!
03:36:40 §f              §8(This totals 6 types of materials stashed!)
03:36:40 §f                §3§l>>> §3§lCLICK HERE§b to pick them up! §3§l<<<
03:36:40   
03:37:21 §f               §7You have §353,640 §7materials stashed away!
03:37:21 §f              §8(This totals 6 types of materials stashed!)
03:37:21 §f                §3§l>>> §3§lCLICK HERE§b to pick them up! §3§l<<<
03:37:21   
03:37:46 §f               §7You have §353,640 §7materials stashed away!
03:37:46 §f              §8(This totals 6 types of materials stashed!)
03:37:46 §f                §3§l>>> §3§lCLICK HERE§b to pick them up! §3§l<<<
03:37:46   
03:38:47 §f               §7You have §353,640 §7materials stashed away!
03:38:47 §f              §8(This totals 6 types of materials stashed!)
03:38:47 §f                §3§l>>> §3§lCLICK HERE§b to pick them up! §3§l<<<
03:38:47   
03:40:21 §f               §7You have §353,640 §7materials stashed away!
03:40:21 §f              §8(This totals 6 types of materials stashed!)
03:40:21 §f                §3§l>>> §3§lCLICK HERE§b to pick them up! §3§l<<<
03:40:21   
03:40:30 §f               §7You have §353,640 §7materials stashed away!
03:40:30 §f              §8(This totals 6 types of materials stashed!)
03:40:30 §f                §3§l>>> §3§lCLICK HERE§b to pick them up! §3§l<<<
03:40:30   
03:41:31 §f               §7You have §353,640 §7materials stashed away!
03:41:31 §f              §8(This totals 6 types of materials stashed!)
03:41:31 §f                §3§l>>> §3§lCLICK HERE§b to pick them up! §3§l<<<
03:41:31   
03:42:33 §f               §7You have §353,640 §7materials stashed away!
03:42:33 §f              §8(This totals 6 types of materials stashed!)
03:42:33 §f                §3§l>>> §3§lCLICK HERE§b to pick them up! §3§l<<<
03:42:33   
03:43:33 §f               §7You have §353,640 §7materials stashed away!
03:43:33 §f              §8(This totals 6 types of materials stashed!)
03:43:33 §f                §3§l>>> §3§lCLICK HERE§b to pick them up! §3§l<<<
03:43:33   
03:44:34 §f               §7You have §353,640 §7materials stashed away!
03:44:34 §f              §8(This totals 6 types of materials stashed!)
03:44:34 §f                §3§l>>> §3§lCLICK HERE§b to pick them up! §3§l<<<
03:44:34   
03:45:34 §f               §7You have §353,640 §7materials stashed away!
03:45:34 §f              §8(This totals 6 types of materials stashed!)
03:45:34 §f                §3§l>>> §3§lCLICK HERE§b to pick them up! §3§l<<<
03:45:34   
03:46:37 §f               §7You have §353,640 §7materials stashed away!
03:46:37 §f              §8(This totals 6 types of materials stashed!)
03:46:37 §f                §3§l>>> §3§lCLICK HERE§b to pick them up! §3§l<<<
03:46:37   
03:47:39 §f               §7You have §353,640 §7materials stashed away!
03:47:39 §f              §8(This totals 6 types of materials stashed!)
03:47:39 §f                §3§l>>> §3§lCLICK HERE§b to pick them up! §3§l<<<
03:47:39   
03:48:39 §f               §7You have §353,640 §7materials stashed away!
03:48:39 §f              §8(This totals 6 types of materials stashed!)
03:48:39 §f                §3§l>>> §3§lCLICK HERE§b to pick them up! §3§l<<<
03:48:39   
03:49:39 §f               §7You have §353,640 §7materials stashed away!
03:49:39 §f              §8(This totals 6 types of materials stashed!)
03:49:39 §f                §3§l>>> §3§lCLICK HERE§b to pick them up! §3§l<<<
03:49:39   
03:50:39 §f               §7You have §353,640 §7materials stashed away!
03:50:39 §f              §8(This totals 6 types of materials stashed!)
03:50:39 §f                §3§l>>> §3§lCLICK HERE§b to pick them up! §3§l<<<
03:50:39   
03:51:39 §f               §7You have §353,640 §7materials stashed away!
03:51:39 §f              §8(This totals 6 types of materials stashed!)
03:51:39 §f                §3§l>>> §3§lCLICK HERE§b to pick them up! §3§l<<<
03:51:39   
03:52:40 §f               §7You have §353,640 §7materials stashed away!
03:52:40 §f              §8(This totals 6 types of materials stashed!)
03:52:40 §f                §3§l>>> §3§lCLICK HERE§b to pick them up! §3§l<<<
03:52:40   
03:53:37 §f               §7You have §353,640 §7materials stashed away!
03:53:37 §f              §8(This totals 6 types of materials stashed!)
03:53:37 §f                §3§l>>> §3§lCLICK HERE§b to pick them up! §3§l<<<
03:53:37   
03:54:37 §f               §7You have §353,640 §7materials stashed away!
03:54:37 §f              §8(This totals 6 types of materials stashed!)
03:54:37 §f                §3§l>>> §3§lCLICK HERE§b to pick them up! §3§l<<<
03:54:37   
03:55:37 §f               §7You have §353,640 §7materials stashed away!
03:55:37 §f              §8(This totals 6 types of materials stashed!)
03:55:37 §f                §3§l>>> §3§lCLICK HERE§b to pick them up! §3§l<<<
03:55:37   
03:56:13 §f               §7You have §353,640 §7materials stashed away!
03:56:13 §f              §8(This totals 6 types of materials stashed!)
03:56:13 §f                §3§l>>> §3§lCLICK HERE§b to pick them up! §3§l<<<
03:56:13   
03:57:14 §f               §7You have §353,640 §7materials stashed away!
03:57:14 §f              §8(This totals 6 types of materials stashed!)
03:57:14 §f                §3§l>>> §3§lCLICK HERE§b to pick them up! §3§l<<<
03:57:14   
03:58:14 §f               §7You have §353,640 §7materials stashed away!
03:58:14 §f              §8(This totals 6 types of materials stashed!)
03:58:14 §f                §3§l>>> §3§lCLICK HERE§b to pick them up! §3§l<<<
03:58:14   
03:59:15 §f               §7You have §353,640 §7materials stashed away!
03:59:15 §f              §8(This totals 6 types of materials stashed!)
03:59:15 §f                §3§l>>> §3§lCLICK HERE§b to pick them up! §3§l<<<
03:59:15   
04:00:15 §f               §7You have §353,640 §7materials stashed away!
04:00:15 §f              §8(This totals 6 types of materials stashed!)
04:00:15 §f                §3§l>>> §3§lCLICK HERE§b to pick them up! §3§l<<<
04:00:15   
04:01:15 §f               §7You have §353,640 §7materials stashed away!
04:01:15 §f              §8(This totals 6 types of materials stashed!)
04:01:15 §f                §3§l>>> §3§lCLICK HERE§b to pick them up! §3§l<<<
04:01:15   
04:02:15 §f               §7You have §353,640 §7materials stashed away!
04:02:15 §f              §8(This totals 6 types of materials stashed!)
04:02:15 §f                §3§l>>> §3§lCLICK HERE§b to pick them up! §3§l<<<
04:02:15   
04:03:15 §f               §7You have §353,640 §7materials stashed away!
04:03:15 §f              §8(This totals 6 types of materials stashed!)
04:03:15 §f                §3§l>>> §3§lCLICK HERE§b to pick them up! §3§l<<<
04:03:15   
04:04:16 §f               §7You have §353,640 §7materials stashed away!
04:04:16 §f              §8(This totals 6 types of materials stashed!)
04:04:16 §f                §3§l>>> §3§lCLICK HERE§b to pick them up! §3§l<<<
04:04:16   
04:05:16 §f               §7You have §353,640 §7materials stashed away!
04:05:16 §f              §8(This totals 6 types of materials stashed!)
04:05:16 §f                §3§l>>> §3§lCLICK HERE§b to pick them up! §3§l<<<
04:05:16   
04:06:16 §f               §7You have §353,640 §7materials stashed away!
04:06:16 §f              §8(This totals 6 types of materials stashed!)
04:06:16 §f                §3§l>>> §3§lCLICK HERE§b to pick them up! §3§l<<<
04:06:16   
04:06:48 §f               §7You have §353,640 §7materials stashed away!
04:06:48 §f              §8(This totals 6 types of materials stashed!)
04:06:48 §f                §3§l>>> §3§lCLICK HERE§b to pick them up! §3§l<<<
04:06:48   
04:07:37 §f               §7You have §353,640 §7materials stashed away!
04:07:37 §f              §8(This totals 6 types of materials stashed!)
04:07:37 §f                §3§l>>> §3§lCLICK HERE§b to pick them up! §3§l<<<
04:07:37   
04:08:37 §f               §7You have §353,640 §7materials stashed away!
04:08:37 §f              §8(This totals 6 types of materials stashed!)
04:08:37 §f                §3§l>>> §3§lCLICK HERE§b to pick them up! §3§l<<<
04:08:37   
04:09:38 §f               §7You have §353,640 §7materials stashed away!
04:09:38 §f              §8(This totals 6 types of materials stashed!)
04:09:38 §f                §3§l>>> §3§lCLICK HERE§b to pick them up! §3§l<<<
04:09:38   
04:10:38 §f               §7You have §353,640 §7materials stashed away!
04:10:38 §f              §8(This totals 6 types of materials stashed!)
04:10:38 §f                §3§l>>> §3§lCLICK HERE§b to pick them up! §3§l<<<
04:10:38   
04:11:38 §f               §7You have §353,640 §7materials stashed away!
04:11:38 §f              §8(This totals 6 types of materials stashed!)
04:11:38 §f                §3§l>>> §3§lCLICK HERE§b to pick them up! §3§l<<<
04:11:38   
04:12:39 §f               §7You have §353,640 §7materials stashed away!
04:12:39 §f              §8(This totals 6 types of materials stashed!)
04:12:39 §f                §3§l>>> §3§lCLICK HERE§b to pick them up! §3§l<<<
04:12:39   
04:13:41 §f               §7You have §353,640 §7materials stashed away!
04:13:41 §f              §8(This totals 6 types of materials stashed!)
04:13:41 §f                §3§l>>> §3§lCLICK HERE§b to pick them up! §3§l<<<
04:13:41   
04:14:41 §f               §7You have §353,640 §7materials stashed away!
04:14:41 §f              §8(This totals 6 types of materials stashed!)
04:14:41 §f                §3§l>>> §3§lCLICK HERE§b to pick them up! §3§l<<<
04:14:41   
04:15:43 §f               §7You have §353,640 §7materials stashed away!
04:15:43 §f              §8(This totals 6 types of materials stashed!)
04:15:43 §f                §3§l>>> §3§lCLICK HERE§b to pick them up! §3§l<<<
04:15:43   
04:16:43 §f               §7You have §353,640 §7materials stashed away!
04:16:43 §f              §8(This totals 6 types of materials stashed!)
04:16:43 §f                §3§l>>> §3§lCLICK HERE§b to pick them up! §3§l<<<
04:16:43   
04:17:07 §f               §7You have §353,640 §7materials stashed away!
04:17:07 §f              §8(This totals 6 types of materials stashed!)
04:17:07 §f                §3§l>>> §3§lCLICK HERE§b to pick them up! §3§l<<<
04:17:07   
04:18:10 §f               §7You have §353,640 §7materials stashed away!
04:18:10 §f              §8(This totals 6 types of materials stashed!)
04:18:10 §f                §3§l>>> §3§lCLICK HERE§b to pick them up! §3§l<<<
04:18:10   
04:19:10 §f               §7You have §353,640 §7materials stashed away!
04:19:10 §f              §8(This totals 6 types of materials stashed!)
04:19:10 §f                §3§l>>> §3§lCLICK HERE§b to pick them up! §3§l<<<
04:19:10   
04:20:11 §f               §7You have §353,640 §7materials stashed away!
04:20:11 §f              §8(This totals 6 types of materials stashed!)
04:20:11 §f                §3§l>>> §3§lCLICK HERE§b to pick them up! §3§l<<<
04:20:11   
04:21:12 §f               §7You have §353,640 §7materials stashed away!
04:21:12 §f              §8(This totals 6 types of materials stashed!)
04:21:12 §f                §3§l>>> §3§lCLICK HERE§b to pick them up! §3§l<<<
04:21:12   
04:22:14 §f               §7You have §353,640 §7materials stashed away!
04:22:14 §f              §8(This totals 6 types of materials stashed!)
04:22:14 §f                §3§l>>> §3§lCLICK HERE§b to pick them up! §3§l<<<
04:22:14   
04:23:15 §f               §7You have §353,640 §7materials stashed away!
04:23:15 §f              §8(This totals 6 types of materials stashed!)
04:23:15 §f                §3§l>>> §3§lCLICK HERE§b to pick them up! §3§l<<<
04:23:15   
04:24:15 §f               §7You have §353,640 §7materials stashed away!
04:24:15 §f              §8(This totals 6 types of materials stashed!)
04:24:15 §f                §3§l>>> §3§lCLICK HERE§b to pick them up! §3§l<<<
04:24:15   
04:25:18 §f               §7You have §353,640 §7materials stashed away!
04:25:18 §f              §8(This totals 6 types of materials stashed!)
04:25:18 §f                §3§l>>> §3§lCLICK HERE§b to pick them up! §3§l<<<
04:25:18   
04:26:18 §f               §7You have §353,640 §7materials stashed away!
04:26:18 §f              §8(This totals 6 types of materials stashed!)
04:26:18 §f                §3§l>>> §3§lCLICK HERE§b to pick them up! §3§l<<<
04:26:18   
04:27:46 §f               §7You have §353,640 §7materials stashed away!
04:27:46 §f              §8(This totals 6 types of materials stashed!)
04:27:46 §f                §3§l>>> §3§lCLICK HERE§b to pick them up! §3§l<<<
04:27:46   
04:28:47 §f               §7You have §353,640 §7materials stashed away!
04:28:47 §f              §8(This totals 6 types of materials stashed!)
04:28:47 §f                §3§l>>> §3§lCLICK HERE§b to pick them up! §3§l<<<
04:28:47   
04:29:47 §f               §7You have §353,640 §7materials stashed away!
04:29:47 §f              §8(This totals 6 types of materials stashed!)
04:29:47 §f                §3§l>>> §3§lCLICK HERE§b to pick them up! §3§l<<<
04:29:47   
04:30:48 §f               §7You have §353,640 §7materials stashed away!
04:30:48 §f              §8(This totals 6 types of materials stashed!)
04:30:48 §f                §3§l>>> §3§lCLICK HERE§b to pick them up! §3§l<<<
04:30:48   
04:34:32 §f               §7You have §353,640 §7materials stashed away!
04:34:32 §f              §8(This totals 6 types of materials stashed!)
04:34:32 §f                §3§l>>> §3§lCLICK HERE§b to pick them up! §3§l<<<
04:34:32   
04:35:28 §f               §7You have §353,640 §7materials stashed away!
04:35:28 §f              §8(This totals 6 types of materials stashed!)
04:35:28 §f                §3§l>>> §3§lCLICK HERE§b to pick them up! §3§l<<<
04:35:28   
04:36:29 §f               §7You have §353,640 §7materials stashed away!
04:36:29 §f              §8(This totals 6 types of materials stashed!)
04:36:29 §f                §3§l>>> §3§lCLICK HERE§b to pick them up! §3§l<<<
04:36:29   
04:37:33 §f               §7You have §353,640 §7materials stashed away!
04:37:33 §f              §8(This totals 6 types of materials stashed!)
04:37:33 §f                §3§l>>> §3§lCLICK HERE§b to pick them up! §3§l<<<
04:37:33   
04:38:34 §f               §7You have §353,640 §7materials stashed away!
04:38:34 §f              §8(This totals 6 types of materials stashed!)
04:38:34 §f                §3§l>>> §3§lCLICK HERE§b to pick them up! §3§l<<<
04:38:34   
04:39:34 §f               §7You have §353,640 §7materials stashed away!
04:39:34 §f              §8(This totals 6 types of materials stashed!)
04:39:34 §f                §3§l>>> §3§lCLICK HERE§b to pick them up! §3§l<<<
04:39:34   
04:40:35 §f               §7You have §353,640 §7materials stashed away!
04:40:35 §f              §8(This totals 6 types of materials stashed!)
04:40:35 §f                §3§l>>> §3§lCLICK HERE§b to pick them up! §3§l<<<
04:40:35   
04:41:37 §f               §7You have §353,640 §7materials stashed away!
04:41:37 §f              §8(This totals 6 types of materials stashed!)
04:41:37 §f                §3§l>>> §3§lCLICK HERE§b to pick them up! §3§l<<<
04:41:37   
04:42:38 §f               §7You have §353,640 §7materials stashed away!
04:42:38 §f              §8(This totals 6 types of materials stashed!)
04:42:38 §f                §3§l>>> §3§lCLICK HERE§b to pick them up! §3§l<<<
04:42:38   
04:43:38 §f               §7You have §353,640 §7materials stashed away!
04:43:38 §f              §8(This totals 6 types of materials stashed!)
04:43:38 §f                §3§l>>> §3§lCLICK HERE§b to pick them up! §3§l<<<
04:43:38   
04:44:39 §f               §7You have §353,640 §7materials stashed away!
04:44:39 §f              §8(This totals 6 types of materials stashed!)
04:44:39 §f                §3§l>>> §3§lCLICK HERE§b to pick them up! §3§l<<<
04:44:39   
04:45:41 §f               §7You have §353,640 §7materials stashed away!
04:45:41 §f              §8(This totals 6 types of materials stashed!)
04:45:41 §f                §3§l>>> §3§lCLICK HERE§b to pick them up! §3§l<<<
04:45:41   
04:46:41 §f               §7You have §353,640 §7materials stashed away!
04:46:41 §f              §8(This totals 6 types of materials stashed!)
04:46:41 §f                §3§l>>> §3§lCLICK HERE§b to pick them up! §3§l<<<
04:46:41   
04:47:41 §f               §7You have §353,640 §7materials stashed away!
04:47:41 §f              §8(This totals 6 types of materials stashed!)
04:47:41 §f                §3§l>>> §3§lCLICK HERE§b to pick them up! §3§l<<<
04:47:41   
04:47:59 §f               §7You have §353,640 §7materials stashed away!
04:47:59 §f              §8(This totals 6 types of materials stashed!)
04:47:59 §f                §3§l>>> §3§lCLICK HERE§b to pick them up! §3§l<<<
04:47:59   
04:48:59 §f               §7You have §353,640 §7materials stashed away!
04:48:59 §f              §8(This totals 6 types of materials stashed!)
04:48:59 §f                §3§l>>> §3§lCLICK HERE§b to pick them up! §3§l<<<
04:48:59   
04:49:50 §f               §7You have §353,640 §7materials stashed away!
04:49:50 §f              §8(This totals 6 types of materials stashed!)
04:49:50 §f                §3§l>>> §3§lCLICK HERE§b to pick them up! §3§l<<<
04:49:50   
04:50:50 §f               §7You have §353,640 §7materials stashed away!
04:50:50 §f              §8(This totals 6 types of materials stashed!)
04:50:50 §f                §3§l>>> §3§lCLICK HERE§b to pick them up! §3§l<<<
04:50:50   
04:51:50 §f               §7You have §353,640 §7materials stashed away!
04:51:50 §f              §8(This totals 6 types of materials stashed!)
04:51:50 §f                §3§l>>> §3§lCLICK HERE§b to pick them up! §3§l<<<
04:51:50   
04:52:51 §f               §7You have §353,640 §7materials stashed away!
04:52:51 §f              §8(This totals 6 types of materials stashed!)
04:52:51 §f                §3§l>>> §3§lCLICK HERE§b to pick them up! §3§l<<<
04:52:51   
04:53:52 §f               §7You have §353,640 §7materials stashed away!
04:53:52 §f              §8(This totals 6 types of materials stashed!)
04:53:52 §f                §3§l>>> §3§lCLICK HERE§b to pick them up! §3§l<<<
04:53:52   
04:54:54 §f               §7You have §353,640 §7materials stashed away!
04:54:54 §f              §8(This totals 6 types of materials stashed!)
04:54:54 §f                §3§l>>> §3§lCLICK HERE§b to pick them up! §3§l<<<
04:54:54   
04:55:54 §f               §7You have §353,640 §7materials stashed away!
04:55:54 §f              §8(This totals 6 types of materials stashed!)
04:55:54 §f                §3§l>>> §3§lCLICK HERE§b to pick them up! §3§l<<<
04:55:54   
04:56:54 §f               §7You have §353,640 §7materials stashed away!
04:56:54 §f              §8(This totals 6 types of materials stashed!)
04:56:54 §f                §3§l>>> §3§lCLICK HERE§b to pick them up! §3§l<<<
04:56:54   
04:57:55 §f               §7You have §353,640 §7materials stashed away!
04:57:55 §f              §8(This totals 6 types of materials stashed!)
04:57:55 §f                §3§l>>> §3§lCLICK HERE§b to pick them up! §3§l<<<
04:57:55   
04:58:55 §f               §7You have §353,640 §7materials stashed away!
04:58:55 §f              §8(This totals 6 types of materials stashed!)
04:58:55 §f                §3§l>>> §3§lCLICK HERE§b to pick them up! §3§l<<<
04:58:55   
04:59:44 §f               §7You have §353,640 §7materials stashed away!
04:59:44 §f              §8(This totals 6 types of materials stashed!)
04:59:44 §f                §3§l>>> §3§lCLICK HERE§b to pick them up! §3§l<<<
04:59:44   
05:00:45 §f               §7You have §353,640 §7materials stashed away!
05:00:45 §f              §8(This totals 6 types of materials stashed!)
05:00:45 §f                §3§l>>> §3§lCLICK HERE§b to pick them up! §3§l<<<
05:00:45   
05:01:44 §f               §7You have §353,640 §7materials stashed away!
05:01:44 §f              §8(This totals 6 types of materials stashed!)
05:01:44 §f                §3§l>>> §3§lCLICK HERE§b to pick them up! §3§l<<<
05:01:44   
05:02:47 §f               §7You have §353,640 §7materials stashed away!
05:02:47 §f              §8(This totals 6 types of materials stashed!)
05:02:47 §f                §3§l>>> §3§lCLICK HERE§b to pick them up! §3§l<<<
05:02:47   
05:03:55 §f               §7You have §353,640 §7materials stashed away!
05:03:55 §f              §8(This totals 6 types of materials stashed!)
05:03:55 §f                §3§l>>> §3§lCLICK HERE§b to pick them up! §3§l<<<
05:03:55   
05:05:01 §f               §7You have §353,640 §7materials stashed away!
05:05:01 §f              §8(This totals 6 types of materials stashed!)
05:05:01 §f                §3§l>>> §3§lCLICK HERE§b to pick them up! §3§l<<<
05:05:01   
05:06:02 §f               §7You have §353,640 §7materials stashed away!
05:06:02 §f              §8(This totals 6 types of materials stashed!)
05:06:02 §f                §3§l>>> §3§lCLICK HERE§b to pick them up! §3§l<<<
05:06:02   
05:07:03 §f               §7You have §353,640 §7materials stashed away!
05:07:03 §f              §8(This totals 6 types of materials stashed!)
05:07:03 §f                §3§l>>> §3§lCLICK HERE§b to pick them up! §3§l<<<
05:07:03   
05:08:03 §f               §7You have §353,640 §7materials stashed away!
05:08:03 §f              §8(This totals 6 types of materials stashed!)
05:08:03 §f                §3§l>>> §3§lCLICK HERE§b to pick them up! §3§l<<<
05:08:03   
05:09:04 §f               §7You have §353,640 §7materials stashed away!
05:09:04 §f              §8(This totals 6 types of materials stashed!)
05:09:04 §f                §3§l>>> §3§lCLICK HERE§b to pick them up! §3§l<<<
05:09:04   
05:10:09 §f               §7You have §353,640 §7materials stashed away!
05:10:09 §f              §8(This totals 6 types of materials stashed!)
05:10:09 §f                §3§l>>> §3§lCLICK HERE§b to pick them up! §3§l<<<
05:10:09   
05:11:10 §f               §7You have §353,640 §7materials stashed away!
05:11:10 §f              §8(This totals 6 types of materials stashed!)
05:11:10 §f                §3§l>>> §3§lCLICK HERE§b to pick them up! §3§l<<<
05:11:10   
05:12:14 §f               §7You have §353,640 §7materials stashed away!
05:12:14 §f              §8(This totals 6 types of materials stashed!)
05:12:15 §f                §3§l>>> §3§lCLICK HERE§b to pick them up! §3§l<<<
05:12:15   
05:12:41 §f               §7You have §353,640 §7materials stashed away!
05:12:41 §f              §8(This totals 6 types of materials stashed!)
05:12:41 §f                §3§l>>> §3§lCLICK HERE§b to pick them up! §3§l<<<
05:12:41   
05:12:49 §f               §7You have §353,640 §7materials stashed away!
05:12:49 §f              §8(This totals 6 types of materials stashed!)
05:12:49 §f                §3§l>>> §3§lCLICK HERE§b to pick them up! §3§l<<<
05:12:49   
05:13:49 §f               §7You have §353,640 §7materials stashed away!
05:13:49 §f              §8(This totals 6 types of materials stashed!)
05:13:49 §f                §3§l>>> §3§lCLICK HERE§b to pick them up! §3§l<<<
05:13:49   
05:14:50 §f               §7You have §353,640 §7materials stashed away!
05:14:50 §f              §8(This totals 6 types of materials stashed!)
05:14:50 §f                §3§l>>> §3§lCLICK HERE§b to pick them up! §3§l<<<
05:14:50   
05:15:50 §f               §7You have §353,640 §7materials stashed away!
05:15:50 §f              §8(This totals 6 types of materials stashed!)
05:15:50 §f                §3§l>>> §3§lCLICK HERE§b to pick them up! §3§l<<<
05:15:50   
05:16:51 §f               §7You have §353,640 §7materials stashed away!
05:16:51 §f              §8(This totals 6 types of materials stashed!)
05:16:51 §f                §3§l>>> §3§lCLICK HERE§b to pick them up! §3§l<<<
05:16:51   
05:17:53 §f               §7You have §353,640 §7materials stashed away!
05:17:53 §f              §8(This totals 6 types of materials stashed!)
05:17:53 §f                §3§l>>> §3§lCLICK HERE§b to pick them up! §3§l<<<
05:17:53   
05:18:54 §f               §7You have §353,640 §7materials stashed away!
05:18:54 §f              §8(This totals 6 types of materials stashed!)
05:18:54 §f                §3§l>>> §3§lCLICK HERE§b to pick them up! §3§l<<<
05:18:54   
05:19:55 §f               §7You have §353,640 §7materials stashed away!
05:19:55 §f              §8(This totals 6 types of materials stashed!)
05:19:55 §f                §3§l>>> §3§lCLICK HERE§b to pick them up! §3§l<<<
05:19:55   
05:20:56 §f               §7You have §353,640 §7materials stashed away!
05:20:56 §f              §8(This totals 6 types of materials stashed!)
05:20:56 §f                §3§l>>> §3§lCLICK HERE§b to pick them up! §3§l<<<
05:20:56   
05:21:56 §f               §7You have §353,640 §7materials stashed away!
05:21:56 §f              §8(This totals 6 types of materials stashed!)
05:21:56 §f                §3§l>>> §3§lCLICK HERE§b to pick them up! §3§l<<<
05:21:56   
05:22:57 §f               §7You have §353,640 §7materials stashed away!
05:22:57 §f              §8(This totals 6 types of materials stashed!)
05:22:57 §f                §3§l>>> §3§lCLICK HERE§b to pick them up! §3§l<<<
05:22:57   
05:23:57 §f               §7You have §353,640 §7materials stashed away!
05:23:57 §f              §8(This totals 6 types of materials stashed!)
05:23:57 §f                §3§l>>> §3§lCLICK HERE§b to pick them up! §3§l<<<
05:23:57   
05:25:26 §f               §7You have §353,640 §7materials stashed away!
05:25:26 §f              §8(This totals 6 types of materials stashed!)
05:25:26 §f                §3§l>>> §3§lCLICK HERE§b to pick them up! §3§l<<<
05:25:26   
05:26:27 §f               §7You have §353,640 §7materials stashed away!
05:26:27 §f              §8(This totals 6 types of materials stashed!)
05:26:27 §f                §3§l>>> §3§lCLICK HERE§b to pick them up! §3§l<<<
05:26:27   
05:27:28 §f               §7You have §353,640 §7materials stashed away!
05:27:28 §f              §8(This totals 6 types of materials stashed!)
05:27:28 §f                §3§l>>> §3§lCLICK HERE§b to pick them up! §3§l<<<
05:27:28   
