15:47:04 [allowed] §f §r§r§r§f §r§r§r§1 §r§r§r§0 §r§r§r§2 §r§r§r§f §r§r§r§f §r§r§r§2 §r§r§r§0 §r§r§r§4 §r§r§r§3 §r§r§r§9 §r§r§r§2 §r§r§r§0 §r§r§r§0 §r§r§r§3 §r§r§r§9 §r§r§r§2 §r§r§r§0 §r§r§r§0 §r§r§r§3 §r§r§r§9 §r§r§r§2 §r§r§r§0 §r§r§r§0 
15:47:05 [allowed] §aYou have §b23 §aunclaimed leveling rewards!
15:47:05 [allowed] §eClick here to view them!
15:47:05 [allowed] §aYou have §61 §aunclaimed achievement reward!
15:47:05 [allowed] §eClick here to view it!
15:47:05 [allowed] §b[MVP§8+§b] adrianwckam§f §6joined the lobby!
15:47:05 [allowed]   §r§f§l➤ §r§6You have reached your Hype limit! Add Hype to Prototype Lobby minigames by right-clicking with the Hype Diamond!
15:47:08 [allowed]  §b>§c>§a>§r §r§6[MVP§3++§6] SmokeyRune§f §6joined the lobby!§r §a<§c<§b<
15:47:09 [allowed] §b[MVP§c+§b] EchoDaii§f §6joined the lobby!
15:47:09 [allowed] §b[MVP§6+§b] sigmatron2000§f §6joined the lobby!
15:47:17 [allowed] §b[MVP§0+§b] UIERA§f §6joined the lobby!
15:47:19 [allowed] §7Sending to server mini1005T...
15:47:20 [allowed] §8 §r§8 §r§1 §r§3 §r§3 §r§7 §r§8 
15:47:24 [allowed] 
15:47:24 [allowed] §eWelcome to §r§aHypixel SkyBlock§r§e!
15:47:24 [allowed] 
15:47:24 [allowed] §eLatest update: §bSkyBlock v0.23.1 §e§lCLICK
15:47:24 [allowed] §aYou are playing on profile: §ePear§b (Co-op)
15:47:24 [allowed] §8Profile ID: da202b41-03b4-4acb-b131-26b3b789ffbc
15:47:25 [allowed]  
15:47:29 [allowed] §9§m-----------------------------------------------------§r§9
§r§9                          §r§9 §6Friends (Page 1 of 1) §r§9
§r§9§bSillyEbola §eis in SkyBlock - Dungeon Hub§r§9
§r§9§bBababoi09 §cis currently offline§r§9
§r§9§aclownlucifer §cis currently offline§r§9
§r§9§aHOLYEISMYGOAT §cis currently offline§r§9
§r§9§7lumivic §cis currently offline§r§9
§r§9§bowoCalamital §cis currently offline§r§9
§r§9§7W4rrioz §cis currently offline§r§9
§r§9
§r§9§m-----------------------------------------------------
15:47:30 [allowed] 
15:47:30 [allowed] §6§k§lA§r §c§lFIRE SALE §r§6§k§lA
§r§c♨ §eSelling an item for a limited time!
§r§c   ♨ §6Pina Coolada Barn Skin §e(§c2,857 left§e)§c§r
§r§c♨ §a§l[WARP] §eTo Elizabeth in the next §c0d 9h 12m §eto grab yours!
15:47:30 [allowed] 
15:47:44 [allowed] §dTo §r§b[MVP§r§c+§r§b] SillyEbola§r§7: §r§7im on now :skull:
15:47:53 [allowed] §7Warping...
15:47:53 [allowed] §7Sending to server mini194DK...
15:47:53 [allowed] §8 §r§8 §r§1 §r§3 §r§3 §r§7 §r§8 
15:47:56 [allowed]  
15:47:57 [allowed] §9§m-----------------------------------------------------§r§9
§r§b[MVP§r§c+§r§b] SillyEbola §r§ehas invited you to join their party!
§r§eYou have §r§c60 §r§eseconds to accept. §r§6Click here to join!§r§9
§r§9§m-----------------------------------------------------
15:47:57 [allowed] §aYou are playing on profile: §ePear§b (Co-op)
15:47:57 [allowed] §8Profile ID: da202b41-03b4-4acb-b131-26b3b789ffbc
15:47:59 [allowed] §9§m-----------------------------------------------------
15:47:59 [allowed] §eYou have joined §r§b[MVP§r§c+§r§b] SillyEbola's §r§eparty!
15:47:59 [allowed] §f
15:47:59 [allowed] §eYou'll be partying with: §r§a[VIP] rcerc
15:47:59 [allowed] §9§m-----------------------------------------------------
15:48:01 [allowed] §9§m-----------------------------
§r§b[MVP§r§c+§r§b] SillyEbola§r§f §r§eentered §r§aThe Catacombs§r§e, §r§eFloor VI§r§e!
§r§9§m-----------------------------
15:48:09 [allowed] §9§m-----------------------------
15:48:09 [allowed] §eParty Leader, §r§b[MVP§r§c+§r§b] SillyEbola§r§e, summoned you to their server.
15:48:09 [allowed] §9§m-----------------------------
15:48:09 [allowed] §7Sending to server mini3AB...
15:48:09 [allowed] §8 §r§8 §r§1 §r§3 §r§3 §r§7 §r§8 
15:48:12 [allowed] §aYou are playing on profile: §ePear§b (Co-op)
15:48:12 [allowed] §8Profile ID: da202b41-03b4-4acb-b131-26b3b789ffbc
15:48:35 [allowed] §9§m-----------------------------
§r§b[MVP§r§c+§r§b] SillyEbola§r§f §r§eentered §r§aThe Catacombs§r§e, §r§eFloor VI§r§e!
§r§9§m-----------------------------
15:48:36 [allowed] §7Sending to server mini69CJ...
15:48:37 [allowed] §8 §r§8 §r§1 §r§3 §r§3 §r§7 §r§8 
15:48:37 [allowed] §aYou are not allowed to use Potion Effects while in Dungeon, therefore all active effects have been paused and stored. They will be restored when you leave Dungeon!
15:48:45 [allowed] §arcerc§r§a is now ready!
15:48:45 [allowed] §bSillyEbola§r§a is now ready!
15:48:45 [allowed] §alongfenownsheat§r§a is now ready!
15:48:45 [allowed] §aStarting in 4 seconds.
15:48:45 [allowed] §aYou are playing on profile: §ePear§b (Co-op)
15:48:45 [allowed] §8Profile ID: da202b41-03b4-4acb-b131-26b3b789ffbc
15:48:46 [allowed]  
15:48:46 [allowed] §aStarting in 3 seconds.
15:48:46 [allowed] §bSillyEbola§r§c is no longer ready!
15:48:46 [allowed] §bSillyEbola§r§a is now ready!
15:48:46 [allowed] §aStarting in 4 seconds.
15:48:46 [allowed] §aStarting in 3 seconds.
15:48:46 [allowed] §aStarting in 2 seconds.
15:48:47 [allowed] §aStarting in 1 second.
15:48:48 [allowed] §6Your §r§aArcher §r§6stats are doubled because you are the only player using this class!
15:48:48 [allowed] §a[Archer] §r§fExtra Arrow Chance §r§c75%§r§f -> §r§a125%
15:48:48 [allowed] §a[Archer] §r§fArrow Damage §r§c190%§r§f -> §r§a240%
15:48:48 [allowed] §e[NPC] §bMort§f: §rHere, I found this map when I first entered the dungeon.
15:48:50 [allowed] §e[NPC] §bMort§f: §rYou should find it useful if you get lost.
15:48:51 [allowed] §e§lArcher Milestone §r§e❶§r§7: You have dealt §r§c500,000§r§7 Ranged Damage so far! §r§a03s
15:48:52 [allowed] §e[NPC] §bMort§f: §rGood luck.
15:48:52 [allowed] §eYour bone plating reduced the damage you took by §r§c2,156.6§r§e!
15:48:54 [allowed] §e§lArcher Milestone §r§e❷§r§7: You have dealt §r§c2,500,000§r§7 Ranged Damage so far! §r§a05s
15:48:54 [allowed] §a§l+5 Kill Combo §r§b+1% §r§b✯ Magic Find
15:48:55 [allowed] §6Second Wind Activated§r§a! §r§aYour Spirit Mask saved your life!
15:48:59 [allowed] §a§l+10 Kill Combo §r§8+§r§62 §r§7coins per kill
15:48:59 [allowed] §c ☠ §r§7You were killed by §r§alongfenownsheat§r§7 and they became a ghost§r§7.
15:48:59 [allowed] §9Party §8> §b[MVP§c+§b] SillyEbola§f: §rjust comp
15:49:03 [allowed] §cYour Kill Combo has expired! You reached a 10 Kill Combo!
15:49:03 [allowed] §9Party §8> §a[VIP§6+§a] longfenownsheat§f: §ruhm
15:49:10 [allowed] §b[MVP§r§c+§r§b] SillyEbola§r§f §r§ehas obtained §r§a§r§6§r§8Wither Key§r§e!
15:49:10 [allowed] §e§lRIGHT CLICK §r§7on §r§7a §r§8WITHER §r§7door§r§7 to open it. This key can only be used to open §r§a1§r§7 door!
15:49:11 [allowed] §b[MVP§r§c+§r§b] SillyEbola§r§f §r§ehas obtained §r§a§r§9Superboom TNT§r§e!
15:49:14 [allowed] §a§r§bSillyEbola§r§a opened a §r§8§lWITHER §r§adoor!
15:49:17 [allowed] §9Party §8> §a[VIP§6+§a] longfenownsheat§f: §ri just killed myself O_O
15:49:19 [allowed] §b[MVP§r§c+§r§b] SillyEbola§r§f §r§ehas obtained §r§a§r§9Superboom TNT§r§e!
15:49:21 [allowed] §b[MVP§r§c+§r§b] SillyEbola§r§f §r§ehas obtained §r§a§r§6§r§8Wither Key§r§e!
15:49:21 [allowed] §e§lRIGHT CLICK §r§7on §r§7a §r§8WITHER §r§7door§r§7 to open it. This key can only be used to open §r§a1§r§7 door!
15:49:21 [allowed] §9Party §8> §a[VIP] rcerc §7♲§f: §rskill issue?
15:49:23 [allowed] §a§r§bSillyEbola§r§a opened a §r§8§lWITHER §r§adoor!
15:49:30 [allowed] §9Party §8> §a[VIP] rcerc §7♲§f: §rsays the one doing nothing
15:49:31 [allowed] 
15:49:31 [allowed] §6§k§lA§r §c§lFIRE SALE §r§6§k§lA
§r§c♨ §eSelling an item for a limited time!
§r§c   ♨ §6Pina Coolada Barn Skin §e(§c2,856 left§e)§c§r
§r§c♨ §a§l[WARP] §eTo Elizabeth in the next §c0d 9h 10m §eto grab yours!
15:49:31 [allowed] 
15:49:31 [allowed] §9Party §8> §a[VIP§6+§a] longfenownsheat§f: §rmore like arrow issue
15:49:35 [allowed] §b[MVP§r§c+§r§b] SillyEbola§r§f §r§ehas obtained §r§a§r§9Superboom TNT§r§e!
15:49:36 [allowed] §b[MVP§r§c+§r§b] SillyEbola§r§f §r§ehas obtained §r§a§r§6§r§8Wither Key§r§e!
15:49:36 [allowed] §e§lRIGHT CLICK §r§7on §r§7a §r§8WITHER §r§7door§r§7 to open it. This key can only be used to open §r§a1§r§7 door!
15:49:42 [allowed] §a§r§bSillyEbola§r§a opened a §r§8§lWITHER §r§adoor!
15:49:42 [allowed] §9Party §8> §a[VIP§6+§a] longfenownsheat§f: §rsays the one getting carried
15:49:47 [allowed] §b[MVP§r§c+§r§b] SillyEbola§r§f §r§ehas obtained §r§a§r§dBlessing of Stone§r§e!
15:49:47 [allowed] §6§lDUNGEON BUFF! §r§bSillyEbola §r§ffound a §r§dBlessing of Stone V§r§f! (§r§a58s§r§f)
15:49:47 [allowed] §b[MVP§r§c+§r§b] SillyEbola§r§f §r§ehas obtained §r§a§r§9Superboom TNT§r§e!
15:49:47 [allowed] §b[MVP§r§c+§r§b] SillyEbola§r§f §r§ehas obtained §r§a§r§c§r§cBlood Key§r§e!
15:49:47 [allowed] §e§lRIGHT CLICK §r§7on §r§7the §r§cBLOOD DOOR§r§7 to open it. This key can only be used to open §r§a1§r§7 door!
15:49:48 [allowed] §9Party §8> §a[VIP§6+§a] longfenownsheat§f: §r0-0
15:49:50 [allowed] §9Party §8> §a[VIP] rcerc §7♲§f: §rfrfr
15:49:53 [allowed] §cThe §r§c§lBLOOD DOOR§r§c has been opened!
15:49:53 [allowed] §5A shiver runs down your spine...
15:49:53 [allowed] §c[BOSS] The Watcher§r§f: Oh.. hello?
15:49:57 [allowed] §c[BOSS] The Watcher§r§f: You've arrived too early, I haven't even set up..
15:49:58 [allowed] §aTeleported you to §r§arcerc§r§a!
15:50:01 [allowed] §aTeleported you to §r§bSillyEbola§r§a!
15:50:02 [allowed] §c[BOSS] The Watcher§r§f: Anyway, let's fight.. I guess.
15:50:04 [allowed] §9Party §8> §b[MVP§c+§b] SillyEbola§f: §rwarp?
15:50:08 [allowed] §9Party §8> §a[VIP§6+§a] longfenownsheat§f: §r?
15:50:08 [allowed] §c[BOSS] The Watcher§r§f: Go, fight!
15:50:12 [allowed] §9Party §8> §a[VIP] rcerc §7♲§f: §rme?
15:50:12 [allowed] §c[BOSS] The Watcher§r§f: A Wandering Soul? Don't you guys have a healer?
15:50:14 [allowed] §a ❣ §r§7§r§alongfenownsheat§r§a was revived by §r§cThe Watcher§r§a!
15:50:14 [allowed] §9Party §8> §b[MVP§c+§b] SillyEbola§f: §rnvm
15:50:14 [allowed] §c[BOSS] The Watcher§r§f: Welcome back to the realm of the living longfenownsheat.
15:50:17 [allowed] §c[BOSS] The Watcher§r§f: I'm impressed.
15:50:18 [allowed] §9Party §8> §a[VIP] rcerc §7♲§f: §rohh
15:50:19 [allowed] §c[BOSS] The Watcher§r§f: Let's see how you can handle this.
15:50:19 [allowed] §a§l+5 Kill Combo §r§b+1% §r§b✯ Magic Find
15:50:22 [allowed] §c[BOSS] The Watcher§r§f: Don't try to sneak anything past my Watchful Eyes. They see you up there!
15:50:25 [allowed] §c[BOSS] The Watcher§r§f: This guy looks like a fighter.
15:50:25 [allowed] §cYour Kill Combo has expired! You reached a 6 Kill Combo!
15:50:26 [allowed] §c§lYour inventory is full!
15:50:28 [allowed] §c[BOSS] The Watcher§r§f: Hmmm... this one!
15:50:31 [allowed] §c[BOSS] The Watcher§r§f: This guy looks like a fighter.
15:50:34 [allowed] §c[BOSS] The Watcher§r§f: Not bad.
15:50:35 [allowed] §a§l+5 Kill Combo §r§b+1% §r§b✯ Magic Find
15:50:37 [allowed] §c[BOSS] The Watcher§r§f: I'm impressed.
15:50:37 [allowed] §6Rapid Fire§r§a is ready to use! Press §r§6§lDROP§r§a to activate it!
15:50:39 [allowed] §c[BOSS] The Watcher§r§f: Very nice.
15:50:39 [allowed] §eYour bone plating reduced the damage you took by §r§c2,156.6§r§e!
15:50:41 [allowed] §c[BOSS] The Watcher§r§f: I'm impressed.
15:50:42 [allowed]  
15:50:43 [allowed] §c[BOSS] The Watcher§r§f: Not bad.
15:50:47 [allowed] §c[BOSS] The Watcher§r§f: Hmmm... this one!
15:50:50 [allowed] §a§l+10 Kill Combo §r§8+§r§62 §r§7coins per kill
15:50:56 [allowed] §cYour Kill Combo has expired! You reached a 11 Kill Combo!
15:50:56 [allowed] §c[BOSS] The Watcher§r§f: Go and live again!
15:51:02 [allowed] §c[BOSS] The Watcher§r§f: You'll do.
15:51:04 [allowed] §c[BOSS] The Watcher§r§f: Don't try to sneak anything past my Watchful Eyes. They see you up there!
15:51:06 [allowed] §c[BOSS] The Watcher§r§f: You have proven yourself. You may pass.
15:51:07 [allowed] §6Rapid Fire§r§a is ready to use! Press §r§6§lDROP§r§a to activate it!
15:51:09 [allowed] §c[BOSS] The Watcher§r§f: My Watchful Eyes see all!
15:51:10 [allowed] §c[BOSS] Sadan§r§f: So you made it all the way here... Now you wish to defy me? Sadan?!
15:51:14 [allowed] §c[BOSS] Sadan§r§f: The audacity! I have been the ruler of these floors for a hundred years!
15:51:18 [allowed] §c[BOSS] Sadan§r§f: I am the bridge between this realm and the world below! You shall not pass!
15:51:20 [allowed] §eA §r§a§r§dBlessing of Power§r§e was picked up!
15:51:20 [allowed] §6§lDUNGEON BUFF! §r§fA §r§dBlessing of Power V§r§f was found! (§r§a02m 31s§r§f)
15:51:20 [allowed]      §r§7Granted you §r§a§r§a+24.5§r§7 & §r§a+1.12x §r§c❁ Strength§r§7.
15:51:20 [allowed]      §r§7Also granted you §r§a§r§a+24.5§r§7 & §r§a+1.12x §r§9☠ Crit Damage§r§7.
15:51:20 [allowed] §eA §r§a§r§dBlessing of Life§r§e was picked up!
15:51:20 [allowed] §6§lDUNGEON BUFF! §r§fA §r§dBlessing of Life V§r§f was found! (§r§a02m 31s§r§f)
15:51:20 [allowed]      §r§7Granted you §r§a§r§a+1.18x HP §r§7and §r§a§r§a+1.18x §r§c❣ Health Regen§r§7.
15:51:24 [allowed] §eYour bone plating reduced the damage you took by §r§c1,419.3§r§e!
15:51:25 [allowed] §c ☠ §r§7§r§arcerc§r§7 was killed by Terracotta§r§7 and became a ghost§r§7.
15:51:26 [allowed] §e§lArcher Milestone §r§e❸§r§7: You have dealt §r§c10,000,000§r§7 Ranged Damage so far! §r§a02m 37s
15:51:26 [allowed] §e§lArcher Milestone §r§e❹§r§7: You have dealt §r§c25,000,000§r§7 Ranged Damage so far! §r§a02m 37s
15:51:26 [allowed] §e§lArcher Milestone §r§e❺§r§7: You have dealt §r§c50,000,000§r§7 Ranged Damage so far! §r§a02m 37s
15:51:26 [allowed] §e§lArcher Milestone §r§e❻§r§7: You have dealt §r§c75,000,000§r§7 Ranged Damage so far! §r§a02m 38s
15:51:26 [allowed] §e§lArcher Milestone §r§e❼§r§7: You have dealt §r§c100,000,000§r§7 Ranged Damage so far! §r§a02m 38s
15:51:27 [allowed] §a§l+5 Kill Combo §r§b+1% §r§b✯ Magic Find
15:51:27 [allowed] §c§lYour inventory is full!
15:51:27 [allowed] §e§lArcher Milestone §r§e❽§r§7: You have dealt §r§c125,000,000§r§7 Ranged Damage so far! §r§a02m 38s
15:51:28 [allowed] §c[BOSS] Sadan§r§f: Those Golems will be your undoing, §r§alongfenownsheat§r§r§r!
15:51:29 [allowed] §e§lArcher Milestone §r§e❾§r§7: You have dealt §r§c150,000,000§r§7 Ranged Damage so far! §r§a02m 40s
15:51:31 [allowed] §a§l+10 Kill Combo §r§8+§r§62 §r§7coins per kill
15:51:33 [allowed] §c[BOSS] Sadan§r§f: How many more of my Golems will you disturb, §r§alongfenownsheat§r§r§r?
15:51:36 [allowed] §cYour Kill Combo has expired! You reached a 13 Kill Combo!
15:51:36 [allowed] §aYour §r§9⚚ Bonzo's Mask §r§asaved your life!
15:51:37 [allowed] §c[BOSS] Sadan§r§f: How many more of my Golems will you disturb, §r§alongfenownsheat§r§r§r?
15:51:38 [allowed] §6Rapid Fire§r§a is ready to use! Press §r§6§lDROP§r§a to activate it!
15:51:41 [allowed] §c[BOSS] Sadan§r§f: How many more of my Golems will you disturb, §r§bSillyEbola§r§r§r?
15:51:41 [allowed] §eYour bone plating reduced the damage you took by §r§c2,405.5§r§e!
15:51:43 [allowed]  
15:51:43 [allowed] §a§l+5 Kill Combo §r§b+1% §r§b✯ Magic Find
15:51:45 [allowed] §cThis ability is on cooldown for 10s.
15:51:45 [allowed] §c[BOSS] Sadan§r§f: How many more of my Golems will you disturb, §r§alongfenownsheat§r§r§r?
15:51:50 [allowed] §c[BOSS] Sadan§r§f: Wonderous! Not one sleeping Golem was left unperturbed by you reckless humans! Thanks, §r§alongfenownsheat§r§r§r!
15:51:51 [allowed] §cThere are blocks in the way!
15:51:51 [allowed] §7Your Implosion hit §r§c1 §r§7enemy for §r§c156,177.4 §r§7damage.
15:51:52 [allowed] §a§l+10 Kill Combo §r§8+§r§62 §r§7coins per kill
15:51:53 [allowed] §c[BOSS] Sadan§r§f: My Terracotta Army is using some of the finest souls - old warriors and wizards!
15:51:54 [allowed] §6Second Wind Activated§r§a! §r§aYour Spirit Mask saved your life!
15:51:57 [allowed] §cYour Kill Combo has expired! You reached a 11 Kill Combo!
15:51:57 [allowed] §eYour bone plating reduced the damage you took by §r§c1,498.7§r§e!
15:51:57 [allowed] §c[BOSS] Sadan§r§f: You will be humbled, reckless humans!
15:51:59 [allowed] §c[BOSS] Sadan§r§f: ENOUGH!
15:52:01 [allowed] §9Party §8> §a[VIP] rcerc §7♲§f: §rdamn sadan yaps a lot
15:52:03 [allowed] §c[BOSS] Sadan§r§f: My giants! Unleashed!
15:52:06 [allowed] §9Party §8> §b[MVP§c+§b] SillyEbola§f: §rong
15:52:08 [allowed] §6Rapid Fire§r§a is ready to use! Press §r§6§lDROP§r§a to activate it!
15:52:10 [allowed] §c[BOSS] Sadan§r§f: You've managed to kill a Giant! Good luck with the rest of them!
15:52:14 [allowed] §c[BOSS] Sadan§r§f: Uh oh! Half of my Giant creations have bit the dust! Whatever will I do?
15:52:15 [allowed] §c[BOSS] Sadan§r§f: You did it. I understand now, you have earned my respect.
15:52:19 [allowed] §c[BOSS] Sadan§r§f: If only you had become my disciples instead of this incompetent bunch.
15:52:22 [allowed] §aYou can no longer consume or splash any potions during the remainder of this Dungeon run!
15:52:23 [allowed] §c[BOSS] Sadan§r§f: Maybe in another life. Until then, meet my ultimate corpse.
15:52:24 [allowed] §9Party §8> §b[MVP§c+§b] SillyEbola§f: §ryummy
15:52:27 [allowed] §c[BOSS] Sadan§r§f: I'm sorry, but I need to concentrate. I wish it didn't have to come to this.
15:52:31 [allowed] §cThere are blocks in the way!
15:52:37 [allowed] §9Party §8> §a[VIP] rcerc §7♲§f: §ri heard this takes like years
15:52:39 [allowed] §6Rapid Fire§r§a is ready to use! Press §r§6§lDROP§r§a to activate it!
15:52:42 [allowed] §9Party §8> §b[MVP§c+§b] SillyEbola§f: §ryes
15:52:44 [allowed]  
15:52:48 [allowed] §9Party §8> §b[MVP§c+§b] SillyEbola§f: §rjust to die
15:52:52 [allowed] §eYour bone plating reduced the damage you took by §r§c2,439.6§r§e!
15:52:53 [allowed] §c[BOSS] Sadan§r§f: NOOOOOOOOO!!! THIS IS IMPOSSIBLE!!
15:52:53 [allowed] §a§l▬▬▬▬▬▬▬▬▬▬▬▬▬▬▬▬▬▬▬▬▬▬▬▬▬▬▬▬▬▬▬▬▬▬▬▬▬▬▬▬▬▬▬▬▬▬▬▬▬▬▬▬▬▬▬▬▬▬▬▬▬▬▬▬
15:52:53 [allowed] §f                        §r§cThe Catacombs §r§8- §r§eFloor VI
15:52:53 [allowed] 
15:52:53 [allowed] §f                            §r§fTeam Score: §r§a147 §r§f(§r§6C§r§f)
15:52:53 [allowed] §f           §r§c☠ §r§eDefeated §r§cSadan §r§ein §r§a04m 05s §r§d§l(NEW RECORD!)
15:52:53 [allowed] §f                             §6> §e§lEXTRA STATS §6<
15:52:53 [allowed] §f                     §r§8+§r§37,357.5 Catacombs Experience
15:52:53 [allowed] §f                       §r§8+§r§33,615.5 Archer Experience
15:52:53 [allowed] §f              §r§8+§r§3903.9 Berserk Experience §r§b(Team Bonus)
15:52:53 [allowed] §f                 §r§8+§r§3903.9 Tank Experience §r§b(Team Bonus)
15:52:53 [allowed] §a§l▬▬▬▬▬▬▬▬▬▬▬▬▬▬▬▬▬▬▬▬▬▬▬▬▬▬▬▬▬▬▬▬▬▬▬▬▬▬▬▬▬▬▬▬▬▬▬▬▬▬▬▬▬▬▬▬▬▬▬▬▬▬▬▬
15:52:53 [allowed] §a§l▬▬▬▬▬▬▬▬▬▬▬▬▬▬▬▬▬▬▬▬▬▬▬▬▬▬▬▬▬▬▬▬▬▬▬▬▬▬▬▬▬▬▬▬▬▬▬▬▬▬▬▬▬▬▬▬▬▬▬▬▬▬▬▬
15:52:53 [allowed] §f                     §r§cThe Catacombs §r§8- §r§eFloor VI Stats
15:52:53 [allowed] 
15:52:53 [allowed] §f                            §r§fTeam Score: §r§a147 §r§f(§r§6C§r§f)
15:52:53 [allowed] §f           §r§c☠ §r§eDefeated §r§cSadan §r§ein §r§a04m 05s §r§d§l(NEW RECORD!)
15:52:53 [allowed] 
15:52:53 [allowed] §f                 §r§fTotal Damage as Archer: §r§a625,526,311
15:52:53 [allowed] §f                             §r§fAlly Healing: §r§a7,868
15:52:53 [allowed] §f                              §r§fEnemies Killed: §r§a59
15:52:53 [allowed] §f                                   §r§fDeaths: §r§c1
15:52:53 [allowed] §f                              §r§fSecrets Found: §r§b0
15:52:53 [allowed] 
15:52:53 [allowed] §a§l▬▬▬▬▬▬▬▬▬▬▬▬▬▬▬▬▬▬▬▬▬▬▬▬▬▬▬▬▬▬▬▬▬▬▬▬▬▬▬▬▬▬▬▬▬▬▬▬▬▬▬▬▬▬▬▬▬▬▬▬▬▬▬▬
15:52:54 [allowed] §a§l▬▬▬▬▬▬▬▬▬▬▬▬▬▬▬▬▬▬▬▬▬▬▬▬▬▬▬▬▬▬▬▬▬▬▬▬▬▬▬▬▬▬▬▬▬▬▬▬▬▬▬▬▬▬▬▬▬▬▬▬▬▬▬▬
15:52:54 [allowed] §f                     §r§cThe Catacombs §r§8- §r§eFloor VI Stats
15:52:54 [allowed] 
15:52:54 [allowed] §f                            §r§fTeam Score: §r§a147 §r§f(§r§6C§r§f)
15:52:54 [allowed] §f           §r§c☠ §r§eDefeated §r§cSadan §r§ein §r§a04m 05s §r§d§l(NEW RECORD!)
15:52:54 [allowed] 
15:52:54 [allowed] §f                 §r§fTotal Damage as Archer: §r§a625,526,311
15:52:54 [allowed] §f                             §r§fAlly Healing: §r§a7,868
15:52:54 [allowed] §f                              §r§fEnemies Killed: §r§a59
15:52:54 [allowed] §f                                   §r§fDeaths: §r§c1
15:52:54 [allowed] §f                              §r§fSecrets Found: §r§b0
15:52:54 [allowed] 
15:52:54 [allowed] §a§l▬▬▬▬▬▬▬▬▬▬▬▬▬▬▬▬▬▬▬▬▬▬▬▬▬▬▬▬▬▬▬▬▬▬▬▬▬▬▬▬▬▬▬▬▬▬▬▬▬▬▬▬▬▬▬▬▬▬▬▬▬▬▬▬
15:52:55 [allowed] §c ☠ §r§7§r§arcerc§r§7 died to a mob§r§7.
15:52:57 [allowed] §c[BOSS] Sadan§r§f: FATHER, FORGIVE ME!!!
15:52:57 [allowed] §9Party §8> §a[VIP§6+§a] longfenownsheat§f: §rlmao
15:53:05 [allowed] §9Party §8> §a[VIP] rcerc §7♲§f: §rtysm
15:53:09 [allowed] §6Rapid Fire§r§a is ready to use! Press §r§6§lDROP§r§a to activate it!
15:53:11 [allowed] §7Warping...
15:53:12 [allowed] §7Sending to server mini6AF...
15:53:12 [allowed] §8 §r§8 §r§1 §r§3 §r§3 §r§7 §r§8 
15:53:15 [allowed] §8[§r§710§r§8] §r§7CHIRAGSONI§7§r§7: can you gimme some minions or money
15:53:20 [allowed] §7Warping...
15:53:20 [allowed] §7Sending to server mini147AH...
15:53:20 [allowed]  §9§l» §arcerc §eis traveling to §aHub §e§lFOLLOW
15:53:20 [allowed] §8 §r§8 §r§1 §r§3 §r§3 §r§7 §r§8 
15:53:22 [allowed] §9Party §8> §b[MVP§c+§b] SillyEbola§f: §rya np
15:53:23 [allowed]  §9§l» §bSillyEbola §eis traveling to §aHub §e§lFOLLOW
15:53:23 [allowed] §aYou are playing on profile: §ePear§b (Co-op)
15:53:23 [allowed] §8Profile ID: da202b41-03b4-4acb-b131-26b3b789ffbc
15:53:24 [allowed] §7Warping...
15:53:25 [allowed] §9Party §8> §a[VIP§6+§a] longfenownsheat§f: §rwhta the haly
15:53:32 [allowed] §cWhoa! Slow down there!
15:53:38 [allowed] §cWhoa! Slow down there!
15:53:40 [allowed] §cThis item cannot be salvaged!
15:53:41 [allowed] §aYou salvaged §b6 §aitems for:
15:53:41 [allowed]    §r§f50x §r§dUndead Essence§r§f!
15:53:43 [allowed] §7Warping...
15:53:43 [allowed] §7Sending to server mini14CP...
15:53:43 [allowed] §8 §r§8 §r§1 §r§3 §r§3 §r§7 §r§8 
15:53:47 [allowed] §cThere are blocks in the way!
15:53:47 [allowed] §cThere are blocks in the way!
15:53:47 [allowed] §cThere are blocks in the way!
15:53:47 [allowed] §aYou are playing on profile: §ePear§b (Co-op)
15:53:47 [allowed] §8Profile ID: da202b41-03b4-4acb-b131-26b3b789ffbc
15:53:47 [allowed]  
15:53:57 [allowed] §aCleared your quiver!
15:54:09 [allowed] §6[Bazaar] §r§7Executing instant buy...
15:54:10 [allowed] §6[Bazaar] §r§7Bought §r§a72§r§7x §r§aEnchanted Sand §r§7for §r§640,320 coins§r§7!
15:54:12 [allowed] §aJax forged §r§9Armorshred Arrow§r§8 x2304§r§a!
15:54:14 [allowed] §9§m-----------------------------------------------------
15:54:14 [allowed] §eThe party was transferred to §r§a[VIP§r§6+§r§a] longfenownsheat §r§ebecause §r§b[MVP§r§c+§r§b] SillyEbola §r§eleft
15:54:14 [allowed] §9§m-----------------------------------------------------
15:54:15 [allowed] §7Warping...
15:54:15 [allowed] §7Sending to server mini74DC...
15:54:16 [allowed] §8 §r§8 §r§1 §r§3 §r§3 §r§7 §r§8 
15:54:17 [allowed] §aFriend > §r§bSillyEbola §r§eleft.
15:54:18 [allowed]  
15:54:19 [allowed] §aYou are playing on profile: §ePear§b (Co-op)
15:54:19 [allowed] §8Profile ID: da202b41-03b4-4acb-b131-26b3b789ffbc
15:54:31 [allowed] §9§m-----------------------------------------------------
15:54:31 [allowed] §6Party Members (2)
15:54:31 [allowed] §f
15:54:31 [allowed] §eParty Leader: §r§a[VIP§r§6+§r§a] longfenownsheat §r§a●
15:54:31 [allowed] §eParty Members: §r§a[VIP] rcerc§r§a ● 
15:54:31 [allowed] §9§m-----------------------------------------------------
15:55:18 [allowed]  
15:55:24 [allowed] §cThere are blocks in the way!
15:55:42 [allowed] §cThere are blocks in the way!
15:55:43 [allowed] §cThere are blocks in the way!
15:56:13 [allowed] §aYou earned §r§e286 Event EXP §r§afrom playing SkyBlock!
15:56:18 [allowed]  
15:57:19 [allowed]  
15:58:19 [allowed]  
15:59:20 [allowed]  
16:00:21 [allowed]  
16:01:17 [allowed] §aYou earned §r§e376 Event EXP §r§afrom playing SkyBlock!
16:01:22 [allowed]  
16:02:12 [allowed] §6§lRARE REWARD! §r§bTop10GoonerAOT §r§efound a §r§5Fuming Potato Book §r§ein their Obsidian Chest§r§e!
16:02:22 [allowed]  
16:03:04 [allowed] §6§lRARE REWARD! §r§bkhierzman §r§efound a §r§6Recombobulator 3000 §r§ein their Bedrock Chest§r§e!
16:03:15 [allowed] §8[§r§f74§r§8] §r§b[MVP§c+§b] khierzman§f§r§f: lets go!
16:03:23 [allowed]  
16:03:31 [allowed] §8[§r§f74§r§8] §r§b[MVP§c+§b] khierzman§f§r§f: should i sell or use recomb?
16:03:42 [allowed] §8[§r§f74§r§8] §r§b[MVP§c+§b] khierzman§f§r§f: ?
16:03:52 [allowed] §8[§r§d327§r§8] §r§b[MVP§f+§b] BurntBus §7♲§f§r§f: sell at ur stage
16:04:09 [allowed] §aFriend > §r§aHOLYEISMYGOAT §r§ejoined.
16:04:23 [allowed]  
16:05:24 [allowed]  
16:05:54 [allowed] §9§m-----------------------------------------------------§r§9
§r§9                          §r§9 §6Friends (Page 1 of 1) §r§9
§r§9§aHOLYEISMYGOAT §eis currently §5Busy§r§9
§r§9§bBababoi09 §cis currently offline§r§9
§r§9§aclownlucifer §cis currently offline§r§9
§r§9§7lumivic §cis currently offline§r§9
§r§9§bowoCalamital §cis currently offline§r§9
§r§9§bSillyEbola §cis currently offline§r§9
§r§9§7W4rrioz §cis currently offline§r§9
§r§9
§r§9§m-----------------------------------------------------
16:06:25 [allowed]  
16:07:25 [allowed]  
16:08:26 [allowed]  
16:09:09 [allowed] §8[§r§a139§r§8] §r§b[MVP§2+§b] cpyi§f§r§f: shh
16:09:26 [allowed]  
16:10:04 [allowed]  §9§l» §arcerc §eis traveling to §aCrimson Isle §e§lFOLLOW
16:10:30 [allowed]  
16:10:49 [allowed]  §9§l» §arcerc §eis traveling to §aHub §e§lFOLLOW
16:11:27 [allowed]  
16:12:30 [allowed]  
16:12:42 [allowed]  §9§l» §arcerc §eis traveling to §aPrivate Island §e§lFOLLOW
16:12:45 [allowed]  §9§l» §arcerc §eis traveling to §aCrimson Isle §e§lFOLLOW
16:13:29 [allowed]  
16:14:29 [allowed]  
16:14:30 [allowed] §6§lRARE REWARD! §r§bRoyalAbyss37508 §r§efound a §r§9Scarf's Studies §r§ein their Obsidian Chest§r§e!
16:15:29 [allowed]  
16:16:03 [allowed] §8[§r§e88§r§8] §r§7☬ §r§b[MVP§c+§b] Nicko_Name §7♲§f§r§f: never sleep
16:16:30 [allowed]  
16:17:30 [allowed]  
16:19:00 [allowed] §cOut of sync, check your internet connection!
16:19:01 [allowed] §cYou were spawned in Limbo.
16:19:01 [allowed] §b/limbo for more information.
16:37:48 [allowed] §9§m-----------------------------------------------------
16:37:48 [allowed] §a[VIP] rcerc §r§ehas left the party.
16:37:48 [allowed] §9§m-----------------------------------------------------
16:37:48 [allowed] §9§m-----------------------------------------------------
16:37:48 [allowed] §cThe party was disbanded because all invites expired and the party was empty.
16:37:48 [allowed] §9§m-----------------------------------------------------
17:01:26 [allowed] §f
17:01:26 [allowed] §4[WATCHDOG ANNOUNCEMENT]
17:01:26 [allowed] §fWatchdog has banned §r§c§l10,004§r§f players in the last 7 days.
17:01:26 [allowed] §fStaff have banned an additional §r§c§l9,013§r§f in the last 7 days.
17:01:26 [allowed] §cBlacklisted modifications are a bannable offense!
17:01:26 [allowed] §c
17:11:21 [allowed] §aFriend > §r§aHOLYEISMYGOAT §r§eleft.
17:12:24 [allowed] §aFriend > §r§aHOLYEISMYGOAT §r§ejoined.
17:13:45 [allowed] §aFriend > §r§aHOLYEISMYGOAT §r§eleft.
17:14:03 [allowed] §aFriend > §r§aHOLYEISMYGOAT §r§ejoined.
17:15:22 [allowed] §aFriend > §r§aHOLYEISMYGOAT §r§eleft.
17:15:35 [allowed] §aFriend > §r§aHOLYEISMYGOAT §r§ejoined.
17:15:36 [allowed] §aFriend > §r§aHOLYEISMYGOAT §r§eleft.
17:15:37 [allowed] §aFriend > §r§aHOLYEISMYGOAT §r§ejoined.
17:17:19 [allowed] §aFriend > §r§aHOLYEISMYGOAT §r§eleft.
17:25:13 [allowed] §f §r§r§r§f §r§r§r§1 §r§r§r§0 §r§r§r§2 §r§r§r§f §r§r§r§f §r§r§r§2 §r§r§r§0 §r§r§r§4 §r§r§r§3 §r§r§r§9 §r§r§r§2 §r§r§r§0 §r§r§r§0 §r§r§r§3 §r§r§r§9 §r§r§r§2 §r§r§r§0 §r§r§r§0 §r§r§r§3 §r§r§r§9 §r§r§r§2 §r§r§r§0 §r§r§r§0 
17:25:18 [allowed] §b[MVP§9+§b] Ph03n1x9§f §6joined the lobby!
17:25:18 [allowed] §aYou have §b23 §aunclaimed leveling rewards!
17:25:18 [allowed] §eClick here to view them!
17:25:18 [allowed] §aYou have §61 §aunclaimed achievement reward!
17:25:18 [allowed] §eClick here to view it!
17:25:21 [allowed] §b[MVP§c+§b] Valmino§f §6joined the lobby!
17:25:44 [allowed] §b[MVP§8+§b] Relack§f §6joined the lobby!
17:25:45 [allowed] §b[MVP§2+§b] Itz_Voidless§f §6joined the lobby!
17:25:47 [allowed] §b[MVP§c+§b] KT1M§f §6joined the lobby!
17:25:51 [allowed] §b[MVP§c+§b] metalcrayon§f §6joined the lobby!
17:25:52 [allowed] §b[MVP§6+§b] hihi105§f §6joined the lobby!
17:25:53 [allowed] §b[MVP§f+§b] MayorOfGermany§f §6joined the lobby!
17:25:54 [allowed] §b[MVP§d+§b] TFO_Dragon§f §6joined the lobby!
17:25:58 [allowed]  §b>§c>§a>§r §r§6[MVP§4++§6] bloxster11§f §6joined the lobby!§r §a<§c<§b<
17:25:59 [allowed] §b[MVP§a+§b] Dynmap§f §6joined the lobby!
17:26:10 [allowed] §b[MVP§c+§b] DerMeiler§f §6joined the lobby!
17:26:11 [allowed] §b[MVP§6+§b] holybaechu§f §6joined the lobby!
17:26:14 [allowed] §b[MVP§c+§b] Lxkasl27§f §6joined the lobby!
17:26:28 [allowed] §b[MVP§c+§b] PUN1SHER355§f §6joined the lobby!
17:26:29 [allowed] §b[MVP§d+§b] SmallBrainPika§f §6joined the lobby!
17:26:33 [allowed] §b[MVP§3+§b] lucio_ohs§f §6joined the lobby!
17:26:39 [allowed] §b[MVP§2+§b] Invisiblevn§f §6joined the lobby!
17:26:40 [allowed] §b[MVP§3+§b] HKG_§f §6joined the lobby!
17:26:55 [allowed] §b[MVP§a+§b] amphlbia§f §6joined the lobby!
17:26:58 [allowed] §b[MVP§2+§b] PigJosh123§f §6joined the lobby!
17:26:59 [allowed] §b[MVP§2+§b] Andrellator§f §6joined the lobby!
17:27:05 [allowed] §b[MVP§6+§b] B0S0NS§f §6joined the lobby!
17:27:05 [allowed] §b[MVP§c+§b] ImMinotaur§f §6joined the lobby!
17:27:08 [allowed] §b[MVP§c+§b] Tiger_years__§f §6joined the lobby!
17:27:17 [allowed] §b[MVP§c+§b] AJu3T§f §6joined the lobby!
17:27:20 [allowed] §b[MVP§d+§b] HARUKRIN§f §6joined the lobby!
17:27:23 [allowed] §b[MVP§f+§b] BankBest§f §6joined the lobby!
17:27:24 [allowed] §b[MVP§3+§b] itsmtb11§f §6joined the lobby!
17:27:27 [allowed] §b[MVP§d+§b] SPREADKINDNESS_§f §6joined the lobby!
17:27:30 [allowed] §b[MVP§e+§b] NotPeachesNOreo§f §6joined the lobby!
17:27:40 [allowed] §b[MVP§f+§b] Tacala§f §6joined the lobby!
17:27:41 [allowed] §b[MVP§9+§b] DiscretePain§f §6joined the lobby!
17:27:41 [allowed] §b[MVP§c+§b] Fishhub3§f §6joined the lobby!
17:27:57 [allowed] §b[MVP§8+§b] Chocoex2§f §6joined the lobby!
17:27:59 [allowed] §b[MVP§c+§b] sindicutie§f §6joined the lobby!
17:28:01 [allowed] §b[MVP§c+§b] TaxM§f §6joined the lobby!
17:28:02 [allowed]  §b>§c>§a>§r §r§6[MVP§c++§6] LockedInSpawn§f §6joined the lobby!§r §a<§c<§b<
17:28:06 [allowed] §b[MVP§c+§b] ThatGingerKid17§f §6joined the lobby!
17:28:08 [allowed] §b[MVP§6+§b] xM4ss1m0§f §6joined the lobby!
17:28:14 [allowed] §b[MVP§f+§b] IamDynamic_§f §6joined the lobby!
17:28:16 [allowed]  §b>§c>§a>§r §r§6[MVP§1++§6] JJxk§f §6joined the lobby!§r §a<§c<§b<
17:28:36 [allowed] §7gagor55§7§r§7: h
17:28:42 [allowed] §b[MVP§d+§b] StankPineapple§f §6joined the lobby!
17:28:50 [allowed]  §b>§c>§a>§r §r§6[MVP§c++§6] Yoshi_TW§f §6joined the lobby!§r §a<§c<§b<
17:28:57 [allowed]  §b>§c>§a>§r §r§6[MVP§5++§6] Facepalm§f §6joined the lobby!§r §a<§c<§b<
17:29:02 [allowed] §b[MVP§d+§b] A_Rand0m_G0d§f §6joined the lobby!
17:29:04 [allowed] §b[MVP§d+§b] Shadow_legendary§f §6joined the lobby!
17:29:14 [allowed] §b[MVP§a+§b] Cute_Neko_§f §6joined the lobby!
17:29:20 [allowed] §b[MVP§c+§b] Vaporitza_§f §6joined the lobby!
17:29:21 [allowed] §b[MVP§2+§b] LimitlessMexican§f §6joined the lobby!
17:29:23 [allowed] §b[MVP§2+§b] septia§f §6joined the lobby!
17:29:24 [allowed]  §b>§c>§a>§r §r§6[MVP§c++§6] rawchocolate§f §6joined the lobby!§r §a<§c<§b<
17:29:30 [allowed] §b[MVP§2+§b] Firetree553§f §6joined the lobby!
17:29:40 [allowed] §b[MVP§c+§b] Cuberacer§f §6joined the lobby!
17:29:44 [allowed] §b[MVP§c+§b] MonkeyManIsCool§f §6joined the lobby!
17:29:51 [allowed] §b[MVP§c+§b] bluetg7§f §6joined the lobby!
17:29:52 [allowed] §b[MVP§a+§b] Pawthetic§f §6joined the lobby!
17:29:52 [allowed]  §b>§c>§a>§r §r§6[MVP§d++§6] At_once§f §6joined the lobby!§r §a<§c<§b<
17:29:56 [allowed] §b[MVP§f+§b] 0815Schleim§f §6joined the lobby!
17:29:57 [allowed] §b[MVP§c+§b] Oynad2012§f §6joined the lobby!
17:29:59 [allowed] §b[MVP§f+§b] Meerkxt§f §6joined the lobby!
17:30:00 [allowed]  §b>§c>§a>§r §r§6[MVP§9++§6] yearningly§f §6joined the lobby!§r §a<§c<§b<
17:30:03 [allowed] §b[MVP§9+§b] Lukers_9§f §6joined the lobby!
17:30:05 [allowed] §b[MVP§c+§b] Boppeler21§f §6joined the lobby!
17:30:08 [allowed] §b[MVP§c+§b] Babad0§f §6joined the lobby!
17:30:09 [allowed] §b[MVP§4+§b] Altitudeking§f §6joined the lobby!
17:30:12 [allowed]  §b>§c>§a>§r §r§6[MVP§c++§6] rawchocolate§f §6joined the lobby!§r §a<§c<§b<
17:30:13 [allowed] §b[MVP§9+§b] LauwersGaming§f §6joined the lobby!
17:30:14 [allowed] §cYou are AFK. Move around to return from AFK.
17:37:38 [allowed] §aFriend > §r§aHOLYEISMYGOAT §r§ejoined.
17:40:00 [allowed] §aFriend > §r§aHOLYEISMYGOAT §r§eleft.
17:40:05 [allowed] §aFriend > §r§aHOLYEISMYGOAT §r§ejoined.
17:42:20 [allowed] §aFriend > §r§aHOLYEISMYGOAT §r§eleft.
17:43:46 [allowed] §aFriend > §r§7W4rrioz §r§ejoined.
17:50:35 [allowed] §f §r§r§r§f §r§r§r§1 §r§r§r§0 §r§r§r§2 §r§r§r§f §r§r§r§f §r§r§r§2 §r§r§r§0 §r§r§r§4 §r§r§r§3 §r§r§r§9 §r§r§r§2 §r§r§r§0 §r§r§r§0 §r§r§r§3 §r§r§r§9 §r§r§r§2 §r§r§r§0 §r§r§r§0 §r§r§r§3 §r§r§r§9 §r§r§r§2 §r§r§r§0 §r§r§r§0 
17:50:41 [allowed] §aYou have §b23 §aunclaimed leveling rewards!
17:50:41 [allowed] §eClick here to view them!
17:50:41 [allowed] §aYou have §61 §aunclaimed achievement reward!
17:50:41 [allowed] §eClick here to view it!
17:50:42 [allowed] §b[MVP§a+§b] PHONKSUKI§f §6joined the lobby!
17:50:45 [allowed]  §b>§c>§a>§r §r§6[MVP§9++§6] YEYNIKI§f §6joined the lobby!§r §a<§c<§b<
17:50:47 [allowed] §7Sending to server mini8CN...
17:50:48 [allowed] §8 §r§8 §r§1 §r§3 §r§3 §r§7 §r§8 
17:50:50 [allowed] §8[§r§3249§r§8] §r§b§lᛝ §r§b[MVP§6+§b] yinzz_§f§r§f: yoyol
17:50:50 [allowed] 
17:50:50 [allowed] §eWelcome to §r§aHypixel SkyBlock§r§e!
17:50:50 [allowed] 
17:50:50 [allowed] §eLatest update: §bSkyBlock v0.23.1 §e§lCLICK
17:50:51 [allowed] §aYou are playing on profile: §ePear§b (Co-op)
17:50:51 [allowed] §8Profile ID: da202b41-03b4-4acb-b131-26b3b789ffbc
17:50:56 [allowed]  
17:50:58 [allowed] 
17:50:58 [allowed] §6§k§lA§r §c§lFIRE SALE §r§6§k§lA
§r§c♨ §eSelling an item for a limited time!
§r§c   ♨ §6Pina Coolada Barn Skin §e(§c2,843 left§e)§c§r
§r§c♨ §a§l[WARP] §eTo Elizabeth in the next §c0d 7h 9m §eto grab yours!
17:50:58 [allowed] 
17:51:57 [allowed]  
17:52:03 [allowed] §cThere are blocks in the way!
17:52:09 [allowed] §cThere are blocks in the way!
17:52:20 [allowed] §9§m-----------------------------------------------------§r§9
§r§9                          §r§9 §6Friends (Page 1 of 1) §r§9
§r§9§7W4rrioz §eis in SkyBlock - The Catacombs - Floor VII§r§9
§r§9§bBababoi09 §cis currently offline§r§9
§r§9§aclownlucifer §cis currently offline§r§9
§r§9§aHOLYEISMYGOAT §cis currently offline§r§9
§r§9§7lumivic §cis currently offline§r§9
§r§9§bowoCalamital §cis currently offline§r§9
§r§9§bSillyEbola §cis currently offline§r§9
§r§9
§r§9§m-----------------------------------------------------
17:52:35 [allowed] §dTo §r§7W4rrioz§r§7: §r§7wsp
17:52:46 [allowed] §6§lRARE REWARD! §r§6guidecatstreams §r§efound a §r§5Fuming Potato Book §r§ein their Obsidian Chest§r§e!
17:52:52 [allowed] §6§lRARE REWARD! §r§6guidecatstreams §r§efound a §r§6Recombobulator 3000 §r§ein their Bedrock Chest§r§e!
17:52:55 [allowed] §6§lRARE REWARD! §r§7Orage_Magik §r§efound a §r§5Fuming Potato Book §r§ein their Obsidian Chest§r§e!
17:52:58 [allowed]  
17:53:02 [allowed] §7[§bSkyblockAddons§7] §cA feature has stopped you from dropping this "rare" item or tool from your hotbar.
17:53:09 [allowed] §cThere are blocks in the way!
17:53:28 [allowed] §cThere are blocks in the way!
17:53:49 [allowed] §cThere are blocks in the way!
17:53:55 [allowed] §cThere are blocks in the way!
17:53:58 [allowed]  
17:54:05 [allowed] §cThere are blocks in the way!
17:54:18 [allowed] §cThere are blocks in the way!
17:54:47 [allowed] §9§m-----------------------------------------------------
17:54:47 [allowed] §cYou cannot invite that player since they're not online.
17:54:47 [allowed] §9§m-----------------------------------------------------
17:54:59 [allowed]  
17:55:55 [allowed] §aYou earned §r§e1,050 Event EXP §r§afrom playing SkyBlock!
17:56:00 [allowed]  
17:56:20 [allowed] §6§lRARE REWARD! §r§6sillygirlfadin §r§efound a §r§5Fuming Potato Book §r§ein their Bedrock Chest§r§e!
17:56:56 [allowed] ▬▬▬▬▬▬▬▬▬▬▬▬▬▬▬▬▬▬▬▬▬▬▬▬▬▬▬▬▬▬▬▬▬▬▬▬▬▬▬▬▬▬▬▬▬▬▬▬▬▬▬▬▬▬▬▬▬▬▬▬▬▬▬▬
17:56:56 [allowed] §f                                §r§e§k#§r§6 LEVEL UP! §r§e§k#
17:56:56 [allowed] 
17:56:56 [allowed] §f                       §r§7You are now §r§eEvent Level §r§649§r§7!
17:56:56 [allowed] §f                       §r§7You earned §r§f18 Event Silver§r§7!
17:56:56 [allowed] 
17:56:56 [allowed] ▬▬▬▬▬▬▬▬▬▬▬▬▬▬▬▬▬▬▬▬▬▬▬▬▬▬▬▬▬▬▬▬▬▬▬▬▬▬▬▬▬▬▬▬▬▬▬▬▬▬▬▬▬▬▬▬▬▬▬▬▬▬▬▬
17:57:01 [allowed]  
17:58:01 [allowed]  
17:59:02 [allowed]  
18:00:02 [allowed]  
