15:47:25 [STASH_COMPACT] §f                §7You have §31,785 §7materials stashed away!
15:47:25 [STASH_COMPACT] §f               §8(This totals 1 type of material stashed!)
15:47:25 [STASH_COMPACT] §f                §3§l>>> §3§lCLICK HERE§b to pick them up! §3§l<<<
15:47:25 [STASH_COMPACT]   
15:47:56 [STASH_COMPACT] §f                §7You have §31,785 §7materials stashed away!
15:47:56 [STASH_COMPACT] §f               §8(This totals 1 type of material stashed!)
15:47:56 [STASH_COMPACT] §f                §3§l>>> §3§lCLICK HERE§b to pick them up! §3§l<<<
15:47:56 [STASH_COMPACT]   
15:48:46 [STASH_COMPACT] §f                §7You have §31,785 §7materials stashed away!
15:48:46 [STASH_COMPACT] §f               §8(This totals 1 type of material stashed!)
15:48:46 [STASH_COMPACT] §f                §3§l>>> §3§lCLICK HERE§b to pick them up! §3§l<<<
15:48:46 [STASH_COMPACT]   
15:50:42 [STASH_COMPACT] §f                §7You have §31,785 §7materials stashed away!
15:50:42 [STASH_COMPACT] §f               §8(This totals 1 type of material stashed!)
15:50:42 [STASH_COMPACT] §f                §3§l>>> §3§lCLICK HERE§b to pick them up! §3§l<<<
15:50:42 [STASH_COMPACT]   
15:51:43 [STASH_COMPACT] §f                §7You have §31,785 §7materials stashed away!
15:51:43 [STASH_COMPACT] §f               §8(This totals 1 type of material stashed!)
15:51:43 [STASH_COMPACT] §f                §3§l>>> §3§lCLICK HERE§b to pick them up! §3§l<<<
15:51:43 [STASH_COMPACT]   
15:52:22 [COMPACT_POTION_EFFECT] §a§lBUFF! §fYou have gained §r§4Regeneration IV§r§f! Press TAB or type /effects to view your active effects!
15:52:22 [COMPACT_POTION_EFFECT] §a§lBUFF! §fYou have gained §r§4Strength V§r§f! Press TAB or type /effects to view your active effects!
15:52:22 [COMPACT_POTION_EFFECT] §a§lBUFF! §fYou have gained §r§4Critical III§r§f! Press TAB or type /effects to view your active effects!
15:52:22 [COMPACT_POTION_EFFECT] §a§lBUFF! §fYou have gained §r§9Speed III§r§f! Press TAB or type /effects to view your active effects!
15:52:22 [COMPACT_POTION_EFFECT] §a§lBUFF! §fYou have gained §r§aResistance V§r§f! Press TAB or type /effects to view your active effects!
15:52:22 [COMPACT_POTION_EFFECT] §a§lBUFF! §fYou have gained §r§bArchery III§r§f! Press TAB or type /effects to view your active effects!
15:52:44 [STASH_COMPACT] §f                §7You have §31,785 §7materials stashed away!
15:52:44 [STASH_COMPACT] §f               §8(This totals 1 type of material stashed!)
15:52:44 [STASH_COMPACT] §f                §3§l>>> §3§lCLICK HERE§b to pick them up! §3§l<<<
15:52:44 [STASH_COMPACT]   
15:53:47 [STASH_COMPACT] §f                §7You have §31,785 §7materials stashed away!
15:53:47 [STASH_COMPACT] §f               §8(This totals 1 type of material stashed!)
15:53:47 [STASH_COMPACT] §f                §3§l>>> §3§lCLICK HERE§b to pick them up! §3§l<<<
15:53:47 [STASH_COMPACT]   
15:54:18 [STASH_COMPACT] §f                §7You have §31,785 §7materials stashed away!
15:54:18 [STASH_COMPACT] §f               §8(This totals 1 type of material stashed!)
15:54:18 [STASH_COMPACT] §f                §3§l>>> §3§lCLICK HERE§b to pick them up! §3§l<<<
15:54:18 [STASH_COMPACT]   
15:55:18 [STASH_COMPACT] §f                §7You have §31,785 §7materials stashed away!
15:55:18 [STASH_COMPACT] §f               §8(This totals 1 type of material stashed!)
15:55:18 [STASH_COMPACT] §f                §3§l>>> §3§lCLICK HERE§b to pick them up! §3§l<<<
15:55:18 [STASH_COMPACT]   
15:56:18 [STASH_COMPACT] §f                §7You have §31,785 §7materials stashed away!
15:56:18 [STASH_COMPACT] §f               §8(This totals 1 type of material stashed!)
15:56:18 [STASH_COMPACT] §f                §3§l>>> §3§lCLICK HERE§b to pick them up! §3§l<<<
15:56:18 [STASH_COMPACT]   
15:57:19 [STASH_COMPACT] §f                §7You have §31,785 §7materials stashed away!
15:57:19 [STASH_COMPACT] §f               §8(This totals 1 type of material stashed!)
15:57:19 [STASH_COMPACT] §f                §3§l>>> §3§lCLICK HERE§b to pick them up! §3§l<<<
15:57:19 [STASH_COMPACT]   
15:58:19 [STASH_COMPACT] §f                §7You have §31,785 §7materials stashed away!
15:58:19 [STASH_COMPACT] §f               §8(This totals 1 type of material stashed!)
15:58:19 [STASH_COMPACT] §f                §3§l>>> §3§lCLICK HERE§b to pick them up! §3§l<<<
15:58:19 [STASH_COMPACT]   
15:59:20 [STASH_COMPACT] §f                §7You have §31,785 §7materials stashed away!
15:59:20 [STASH_COMPACT] §f               §8(This totals 1 type of material stashed!)
15:59:20 [STASH_COMPACT] §f                §3§l>>> §3§lCLICK HERE§b to pick them up! §3§l<<<
15:59:20 [STASH_COMPACT]   
16:00:21 [STASH_COMPACT] §f                §7You have §31,785 §7materials stashed away!
16:00:21 [STASH_COMPACT] §f               §8(This totals 1 type of material stashed!)
16:00:21 [STASH_COMPACT] §f                §3§l>>> §3§lCLICK HERE§b to pick them up! §3§l<<<
16:00:21 [STASH_COMPACT]   
16:01:22 [STASH_COMPACT] §f                §7You have §31,785 §7materials stashed away!
16:01:22 [STASH_COMPACT] §f               §8(This totals 1 type of material stashed!)
16:01:22 [STASH_COMPACT] §f                §3§l>>> §3§lCLICK HERE§b to pick them up! §3§l<<<
16:01:22 [STASH_COMPACT]   
16:02:22 [STASH_COMPACT] §f                §7You have §31,785 §7materials stashed away!
16:02:22 [STASH_COMPACT] §f               §8(This totals 1 type of material stashed!)
16:02:22 [STASH_COMPACT] §f                §3§l>>> §3§lCLICK HERE§b to pick them up! §3§l<<<
16:02:22 [STASH_COMPACT]   
16:03:23 [STASH_COMPACT] §f                §7You have §31,785 §7materials stashed away!
16:03:23 [STASH_COMPACT] §f               §8(This totals 1 type of material stashed!)
16:03:23 [STASH_COMPACT] §f                §3§l>>> §3§lCLICK HERE§b to pick them up! §3§l<<<
16:03:23 [STASH_COMPACT]   
16:04:23 [STASH_COMPACT] §f                §7You have §31,785 §7materials stashed away!
16:04:23 [STASH_COMPACT] §f               §8(This totals 1 type of material stashed!)
16:04:23 [STASH_COMPACT] §f                §3§l>>> §3§lCLICK HERE§b to pick them up! §3§l<<<
16:04:23 [STASH_COMPACT]   
16:05:24 [STASH_COMPACT] §f                §7You have §31,785 §7materials stashed away!
16:05:24 [STASH_COMPACT] §f               §8(This totals 1 type of material stashed!)
16:05:24 [STASH_COMPACT] §f                §3§l>>> §3§lCLICK HERE§b to pick them up! §3§l<<<
16:05:24 [STASH_COMPACT]   
16:06:25 [STASH_COMPACT] §f                §7You have §31,785 §7materials stashed away!
16:06:25 [STASH_COMPACT] §f               §8(This totals 1 type of material stashed!)
16:06:25 [STASH_COMPACT] §f                §3§l>>> §3§lCLICK HERE§b to pick them up! §3§l<<<
16:06:25 [STASH_COMPACT]   
16:07:25 [STASH_COMPACT] §f                §7You have §31,785 §7materials stashed away!
16:07:25 [STASH_COMPACT] §f               §8(This totals 1 type of material stashed!)
16:07:25 [STASH_COMPACT] §f                §3§l>>> §3§lCLICK HERE§b to pick them up! §3§l<<<
16:07:25 [STASH_COMPACT]   
16:08:26 [STASH_COMPACT] §f                §7You have §31,785 §7materials stashed away!
16:08:26 [STASH_COMPACT] §f               §8(This totals 1 type of material stashed!)
16:08:26 [STASH_COMPACT] §f                §3§l>>> §3§lCLICK HERE§b to pick them up! §3§l<<<
16:08:26 [STASH_COMPACT]   
16:09:26 [STASH_COMPACT] §f                §7You have §31,785 §7materials stashed away!
16:09:26 [STASH_COMPACT] §f               §8(This totals 1 type of material stashed!)
16:09:26 [STASH_COMPACT] §f                §3§l>>> §3§lCLICK HERE§b to pick them up! §3§l<<<
16:09:26 [STASH_COMPACT]   
16:10:30 [STASH_COMPACT] §f                §7You have §31,785 §7materials stashed away!
16:10:30 [STASH_COMPACT] §f               §8(This totals 1 type of material stashed!)
16:10:30 [STASH_COMPACT] §f                §3§l>>> §3§lCLICK HERE§b to pick them up! §3§l<<<
16:10:30 [STASH_COMPACT]   
16:11:27 [STASH_COMPACT] §f                §7You have §31,785 §7materials stashed away!
16:11:27 [STASH_COMPACT] §f               §8(This totals 1 type of material stashed!)
16:11:27 [STASH_COMPACT] §f                §3§l>>> §3§lCLICK HERE§b to pick them up! §3§l<<<
16:11:27 [STASH_COMPACT]   
16:12:30 [STASH_COMPACT] §f                §7You have §31,785 §7materials stashed away!
16:12:30 [STASH_COMPACT] §f               §8(This totals 1 type of material stashed!)
16:12:30 [STASH_COMPACT] §f                §3§l>>> §3§lCLICK HERE§b to pick them up! §3§l<<<
16:12:30 [STASH_COMPACT]   
16:13:29 [STASH_COMPACT] §f                §7You have §31,785 §7materials stashed away!
16:13:29 [STASH_COMPACT] §f               §8(This totals 1 type of material stashed!)
16:13:29 [STASH_COMPACT] §f                §3§l>>> §3§lCLICK HERE§b to pick them up! §3§l<<<
16:13:29 [STASH_COMPACT]   
16:14:29 [STASH_COMPACT] §f                §7You have §31,785 §7materials stashed away!
16:14:29 [STASH_COMPACT] §f               §8(This totals 1 type of material stashed!)
16:14:29 [STASH_COMPACT] §f                §3§l>>> §3§lCLICK HERE§b to pick them up! §3§l<<<
16:14:29 [STASH_COMPACT]   
16:15:29 [STASH_COMPACT] §f                §7You have §31,785 §7materials stashed away!
16:15:29 [STASH_COMPACT] §f               §8(This totals 1 type of material stashed!)
16:15:29 [STASH_COMPACT] §f                §3§l>>> §3§lCLICK HERE§b to pick them up! §3§l<<<
16:15:29 [STASH_COMPACT]   
16:16:30 [STASH_COMPACT] §f                §7You have §31,785 §7materials stashed away!
16:16:30 [STASH_COMPACT] §f               §8(This totals 1 type of material stashed!)
16:16:30 [STASH_COMPACT] §f                §3§l>>> §3§lCLICK HERE§b to pick them up! §3§l<<<
16:16:30 [STASH_COMPACT]   
16:17:30 [STASH_COMPACT] §f                §7You have §31,785 §7materials stashed away!
16:17:30 [STASH_COMPACT] §f               §8(This totals 1 type of material stashed!)
16:17:30 [STASH_COMPACT] §f                §3§l>>> §3§lCLICK HERE§b to pick them up! §3§l<<<
16:17:30 [STASH_COMPACT]   
17:50:56 [STASH_COMPACT] §f                §7You have §31,785 §7materials stashed away!
17:50:56 [STASH_COMPACT] §f               §8(This totals 1 type of material stashed!)
17:50:56 [STASH_COMPACT] §f                §3§l>>> §3§lCLICK HERE§b to pick them up! §3§l<<<
17:50:56 [STASH_COMPACT]   
17:51:57 [STASH_COMPACT] §f                §7You have §31,785 §7materials stashed away!
17:51:57 [STASH_COMPACT] §f               §8(This totals 1 type of material stashed!)
17:51:57 [STASH_COMPACT] §f                §3§l>>> §3§lCLICK HERE§b to pick them up! §3§l<<<
17:51:57 [STASH_COMPACT]   
17:52:58 [STASH_COMPACT] §f                §7You have §31,785 §7materials stashed away!
17:52:58 [STASH_COMPACT] §f               §8(This totals 1 type of material stashed!)
17:52:58 [STASH_COMPACT] §f                §3§l>>> §3§lCLICK HERE§b to pick them up! §3§l<<<
17:52:58 [STASH_COMPACT]   
17:53:58 [STASH_COMPACT] §f                §7You have §31,785 §7materials stashed away!
17:53:58 [STASH_COMPACT] §f               §8(This totals 1 type of material stashed!)
17:53:58 [STASH_COMPACT] §f                §3§l>>> §3§lCLICK HERE§b to pick them up! §3§l<<<
17:53:58 [STASH_COMPACT]   
17:54:59 [STASH_COMPACT] §f                §7You have §31,785 §7materials stashed away!
17:54:59 [STASH_COMPACT] §f               §8(This totals 1 type of material stashed!)
17:54:59 [STASH_COMPACT] §f                §3§l>>> §3§lCLICK HERE§b to pick them up! §3§l<<<
17:54:59 [STASH_COMPACT]   
17:56:00 [STASH_COMPACT] §f                §7You have §31,785 §7materials stashed away!
17:56:00 [STASH_COMPACT] §f               §8(This totals 1 type of material stashed!)
17:56:00 [STASH_COMPACT] §f                §3§l>>> §3§lCLICK HERE§b to pick them up! §3§l<<<
17:56:00 [STASH_COMPACT]   
17:57:01 [STASH_COMPACT] §f                §7You have §31,785 §7materials stashed away!
17:57:01 [STASH_COMPACT] §f               §8(This totals 1 type of material stashed!)
17:57:01 [STASH_COMPACT] §f                §3§l>>> §3§lCLICK HERE§b to pick them up! §3§l<<<
17:57:01 [STASH_COMPACT]   
17:58:01 [STASH_COMPACT] §f                §7You have §31,785 §7materials stashed away!
17:58:01 [STASH_COMPACT] §f               §8(This totals 1 type of material stashed!)
17:58:01 [STASH_COMPACT] §f                §3§l>>> §3§lCLICK HERE§b to pick them up! §3§l<<<
17:58:01 [STASH_COMPACT]   
17:59:02 [STASH_COMPACT] §f                §7You have §31,785 §7materials stashed away!
17:59:02 [STASH_COMPACT] §f               §8(This totals 1 type of material stashed!)
17:59:02 [STASH_COMPACT] §f                §3§l>>> §3§lCLICK HERE§b to pick them up! §3§l<<<
17:59:02 [STASH_COMPACT]   
18:00:02 [STASH_COMPACT] §f                §7You have §31,785 §7materials stashed away!
18:00:02 [STASH_COMPACT] §f               §8(This totals 1 type of material stashed!)
18:00:02 [STASH_COMPACT] §f                §3§l>>> §3§lCLICK HERE§b to pick them up! §3§l<<<
18:00:02 [STASH_COMPACT]   
