15:35:46 §e[SkyHanni] Reloaded 7531 items in the NEU repo§r
15:47:25 §e[SkyHanni] §bYou have §31.7k §bmaterials in stash, §btotalling §31 type§b. §bClick to §3pickup §byour stash!§r
15:47:56 §e[SkyHanni] §bYou have §31.7k §bmaterials in stash, §btotalling §31 type§b. §bClick to §3pickup §byour stash!§r
15:48:46 §e[SkyHanni] §bYou have §31.7k §bmaterials in stash, §btotalling §31 type§b. §bClick to §3pickup §byour stash!§r
15:52:22 §a§lPotion Effect! §r§4Regeneration IV§r
15:52:22 §a§lPotion Effect! §r§4Strength V§r
15:52:22 §a§lPotion Effect! §r§4Critical III§r
15:52:22 §a§lPotion Effect! §r§9Speed III§r
15:52:22 §a§lPotion Effect! §r§aResistance V§r
15:52:22 §a§lPotion Effect! §r§bArchery III§r
15:53:47 §e[SkyHanni] §bYou have §31.7k §bmaterials in stash, §btotalling §31 type§b. §bClick to §3pickup §byour stash!§r
15:53:57 §e[SkyHanni] Low on arrows §e(0 left)§r
15:54:18 §e[SkyHanni] §bYou have §31.7k §bmaterials in stash, §btotalling §31 type§b. §bClick to §3pickup §byour stash!§r
16:19:04 §e[SkyHanni] §d§lPERSONAL BEST§f! You've surpassed your previous record of §e3s§f!§r
16:19:04 §e[SkyHanni] §fKeep it up!§r
17:25:13 §e[SkyHanni] §fYou were in Limbo for §e1h 6m 11s§f! §d§lPERSONAL BEST§r§f!§r
17:25:13 §e[SkyHanni] §fYour previous Personal Best was §e3s.§r
17:25:13 §e[SkyHanni] §fYour §aPersonal Bests§f perk is now granting you §a+3.22✴ SkyHanni User Luck§f!§r
17:50:35 §e[SkyHanni] §fYou were in Limbo for §e20m 20s§f.§r
17:50:56 §e[SkyHanni] §bYou have §31.7k §bmaterials in stash, §btotalling §31 type§b. §bClick to §3pickup §byour stash!§r
