04:46:24 [STASH_COMPACT] §f                §7You have §32,261 §7materials stashed away!
04:46:24 [STASH_COMPACT] §f              §8(This totals 5 types of materials stashed!)
04:46:24 [STASH_COMPACT] §f                §3§l>>> §3§lCLICK HERE§b to pick them up! §3§l<<<
04:46:24 [STASH_COMPACT]   
04:47:24 [STASH_COMPACT] §f                §7You have §32,261 §7materials stashed away!
04:47:24 [STASH_COMPACT] §f              §8(This totals 5 types of materials stashed!)
04:47:24 [STASH_COMPACT] §f                §3§l>>> §3§lCLICK HERE§b to pick them up! §3§l<<<
04:47:24 [STASH_COMPACT]   
04:48:25 [STASH_COMPACT] §f                §7You have §32,261 §7materials stashed away!
04:48:25 [STASH_COMPACT] §f              §8(This totals 5 types of materials stashed!)
04:48:25 [STASH_COMPACT] §f                §3§l>>> §3§lCLICK HERE§b to pick them up! §3§l<<<
04:48:25 [STASH_COMPACT]   
04:49:25 [STASH_COMPACT] §f                §7You have §32,261 §7materials stashed away!
04:49:25 [STASH_COMPACT] §f              §8(This totals 5 types of materials stashed!)
04:49:25 [STASH_COMPACT] §f                §3§l>>> §3§lCLICK HERE§b to pick them up! §3§l<<<
04:49:25 [STASH_COMPACT]   
04:49:34 [NEW_VISITOR_ARRIVED] §9§r§9Lumina §r§ehas arrived on your §r§aGarden§r§e!
04:50:26 [STASH_COMPACT] §f                §7You have §32,261 §7materials stashed away!
04:50:26 [STASH_COMPACT] §f              §8(This totals 5 types of materials stashed!)
04:50:26 [STASH_COMPACT] §f                §3§l>>> §3§lCLICK HERE§b to pick them up! §3§l<<<
04:50:26 [STASH_COMPACT]   
04:51:21 [STASH_COMPACT] §f                §7You have §32,261 §7materials stashed away!
04:51:21 [STASH_COMPACT] §f              §8(This totals 5 types of materials stashed!)
04:51:21 [STASH_COMPACT] §f                §3§l>>> §3§lCLICK HERE§b to pick them up! §3§l<<<
04:51:21 [STASH_COMPACT]   
04:51:44 [STASH_COMPACT] §f                §7You have §32,261 §7materials stashed away!
04:51:44 [STASH_COMPACT] §f              §8(This totals 5 types of materials stashed!)
04:51:44 [STASH_COMPACT] §f                §3§l>>> §3§lCLICK HERE§b to pick them up! §3§l<<<
04:51:44 [STASH_COMPACT]   
04:52:44 [STASH_COMPACT] §f                §7You have §32,261 §7materials stashed away!
04:52:44 [STASH_COMPACT] §f              §8(This totals 5 types of materials stashed!)
04:52:44 [STASH_COMPACT] §f                §3§l>>> §3§lCLICK HERE§b to pick them up! §3§l<<<
04:52:44 [STASH_COMPACT]   
04:54:55 [STASH_COMPACT] §f                §7You have §32,261 §7materials stashed away!
04:54:55 [STASH_COMPACT] §f              §8(This totals 5 types of materials stashed!)
04:54:55 [STASH_COMPACT] §f                §3§l>>> §3§lCLICK HERE§b to pick them up! §3§l<<<
04:54:55 [STASH_COMPACT]   
04:55:38 [PEST_DROP] §eYou received §a25x Enchanted Wheat §efor killing a §2Fly§e!
04:55:50 [BESTIARY] §f                                  §6§lBESTIARY
04:55:50 [BESTIARY] §f                               §b§lBeetle §7§8IX §8➡§b §bX
04:55:50 [BESTIARY] 
04:55:50 [BESTIARY] §f                                  §r§6§lREWARDS
04:55:50 [BESTIARY] §f                          §r§6+0.4☘ Farming Fortune
04:55:50 [BESTIARY] §f                              §r§8+§r§62% §r§aBeetle §r§7coins
04:55:50 [BESTIARY] §f                    §r§8+§r§a50% §r§7chance for extra XP orbs
04:55:50 [BESTIARY] §f                               §r§8+§r§b1 SkyBlock XP
04:55:50 [BESTIARY] 
04:55:50 [BESTIARY] §3§l▬▬▬▬▬▬▬▬▬▬▬▬▬▬▬▬▬▬▬▬▬▬▬▬▬▬▬▬▬▬▬▬▬▬▬▬▬▬▬▬▬▬▬▬▬▬▬▬▬▬▬▬▬▬▬▬▬▬▬▬▬▬▬▬
04:55:50 [PEST_DROP] §eYou received §a74x Enchanted Nether Wart §efor killing a §2Beetle§e!
04:55:55 [STASH_COMPACT] §f                §7You have §32,261 §7materials stashed away!
04:55:55 [STASH_COMPACT] §f              §8(This totals 5 types of materials stashed!)
04:55:55 [STASH_COMPACT] §f                §3§l>>> §3§lCLICK HERE§b to pick them up! §3§l<<<
04:55:55 [STASH_COMPACT]   
05:07:41 [NEW_VISITOR_ARRIVED] §a§r§aArthur §r§ehas arrived on your §r§aGarden§r§e!
05:07:45 [STASH_COMPACT] §f                §7You have §32,261 §7materials stashed away!
05:07:45 [STASH_COMPACT] §f              §8(This totals 5 types of materials stashed!)
05:07:45 [STASH_COMPACT] §f                §3§l>>> §3§lCLICK HERE§b to pick them up! §3§l<<<
05:07:45 [STASH_COMPACT]   
05:08:45 [STASH_COMPACT] §f                §7You have §32,261 §7materials stashed away!
05:08:45 [STASH_COMPACT] §f              §8(This totals 5 types of materials stashed!)
05:08:45 [STASH_COMPACT] §f                §3§l>>> §3§lCLICK HERE§b to pick them up! §3§l<<<
05:08:45 [STASH_COMPACT]   
05:09:21 [STASH_COMPACT] §f                §7You have §32,261 §7materials stashed away!
05:09:21 [STASH_COMPACT] §f              §8(This totals 5 types of materials stashed!)
05:09:21 [STASH_COMPACT] §f                §3§l>>> §3§lCLICK HERE§b to pick them up! §3§l<<<
05:09:21 [STASH_COMPACT]   
05:10:21 [STASH_COMPACT] §f                §7You have §32,261 §7materials stashed away!
05:10:21 [STASH_COMPACT] §f              §8(This totals 5 types of materials stashed!)
05:10:21 [STASH_COMPACT] §f                §3§l>>> §3§lCLICK HERE§b to pick them up! §3§l<<<
05:10:21 [STASH_COMPACT]   
05:11:22 [STASH_COMPACT] §f                §7You have §32,261 §7materials stashed away!
05:11:22 [STASH_COMPACT] §f              §8(This totals 5 types of materials stashed!)
05:11:22 [STASH_COMPACT] §f                §3§l>>> §3§lCLICK HERE§b to pick them up! §3§l<<<
05:11:22 [STASH_COMPACT]   
05:12:22 [STASH_COMPACT] §f                §7You have §32,261 §7materials stashed away!
05:12:22 [STASH_COMPACT] §f              §8(This totals 5 types of materials stashed!)
05:12:22 [STASH_COMPACT] §f                §3§l>>> §3§lCLICK HERE§b to pick them up! §3§l<<<
05:12:22 [STASH_COMPACT]   
05:13:22 [STASH_COMPACT] §f                §7You have §32,261 §7materials stashed away!
05:13:22 [STASH_COMPACT] §f              §8(This totals 5 types of materials stashed!)
05:13:22 [STASH_COMPACT] §f                §3§l>>> §3§lCLICK HERE§b to pick them up! §3§l<<<
05:13:22 [STASH_COMPACT]   
05:14:22 [STASH_COMPACT] §f                §7You have §32,261 §7materials stashed away!
05:14:22 [STASH_COMPACT] §f              §8(This totals 5 types of materials stashed!)
05:14:22 [STASH_COMPACT] §f                §3§l>>> §3§lCLICK HERE§b to pick them up! §3§l<<<
05:14:22 [STASH_COMPACT]   
05:14:50 [NEW_VISITOR_ARRIVED] §a§r§aEmissary Carlton §r§ehas arrived on your §r§aGarden§r§e!
05:15:16 [STASH_COMPACT] §f                §7You have §32,261 §7materials stashed away!
05:15:16 [STASH_COMPACT] §f              §8(This totals 5 types of materials stashed!)
05:15:16 [STASH_COMPACT] §f                §3§l>>> §3§lCLICK HERE§b to pick them up! §3§l<<<
05:15:16 [STASH_COMPACT]   
05:16:17 [STASH_COMPACT] §f                §7You have §32,261 §7materials stashed away!
05:16:17 [STASH_COMPACT] §f              §8(This totals 5 types of materials stashed!)
05:16:17 [STASH_COMPACT] §f                §3§l>>> §3§lCLICK HERE§b to pick them up! §3§l<<<
05:16:17 [STASH_COMPACT]   
05:17:17 [STASH_COMPACT] §f                §7You have §32,261 §7materials stashed away!
05:17:17 [STASH_COMPACT] §f              §8(This totals 5 types of materials stashed!)
05:17:17 [STASH_COMPACT] §f                §3§l>>> §3§lCLICK HERE§b to pick them up! §3§l<<<
05:17:17 [STASH_COMPACT]   
05:18:18 [STASH_COMPACT] §f                §7You have §32,261 §7materials stashed away!
05:18:18 [STASH_COMPACT] §f              §8(This totals 5 types of materials stashed!)
05:18:18 [STASH_COMPACT] §f                §3§l>>> §3§lCLICK HERE§b to pick them up! §3§l<<<
05:18:18 [STASH_COMPACT]   
05:19:18 [STASH_COMPACT] §f                §7You have §32,261 §7materials stashed away!
05:19:18 [STASH_COMPACT] §f              §8(This totals 5 types of materials stashed!)
05:19:18 [STASH_COMPACT] §f                §3§l>>> §3§lCLICK HERE§b to pick them up! §3§l<<<
05:19:18 [STASH_COMPACT]   
05:20:18 [STASH_COMPACT] §f                §7You have §32,261 §7materials stashed away!
05:20:18 [STASH_COMPACT] §f              §8(This totals 5 types of materials stashed!)
05:20:18 [STASH_COMPACT] §f                §3§l>>> §3§lCLICK HERE§b to pick them up! §3§l<<<
05:20:18 [STASH_COMPACT]   
05:22:37 [STASH_COMPACT] §f                §7You have §32,261 §7materials stashed away!
05:22:37 [STASH_COMPACT] §f              §8(This totals 5 types of materials stashed!)
05:22:37 [STASH_COMPACT] §f                §3§l>>> §3§lCLICK HERE§b to pick them up! §3§l<<<
05:22:37 [STASH_COMPACT]   
05:23:37 [STASH_COMPACT] §f                §7You have §32,261 §7materials stashed away!
05:23:37 [STASH_COMPACT] §f              §8(This totals 5 types of materials stashed!)
05:23:37 [STASH_COMPACT] §f                §3§l>>> §3§lCLICK HERE§b to pick them up! §3§l<<<
05:23:37 [STASH_COMPACT]   
05:24:35 [NEW_VISITOR_ARRIVED] §a§r§aVex §r§ehas arrived on your §r§aGarden§r§e!
05:24:38 [STASH_COMPACT] §f                §7You have §32,261 §7materials stashed away!
05:24:38 [STASH_COMPACT] §f              §8(This totals 5 types of materials stashed!)
05:24:38 [STASH_COMPACT] §f                §3§l>>> §3§lCLICK HERE§b to pick them up! §3§l<<<
05:24:38 [STASH_COMPACT]   
05:24:43 [PEST_DROP] §eYou received §a45x Enchanted Cactus Green §efor killing a §2Mite§e!
05:24:48 [PEST_DROP] §eYou received §a82x Enchanted Potato §efor killing a §2Locust§e!
05:25:03 [PEST_DROP] §eYou received §a52x Enchanted Cactus Green §efor killing a §2Mite§e!
05:25:14 [PEST_DROP] §eYou received §a52x Enchanted Cactus Green §efor killing a §2Mite§e!
05:25:28 [PEST_DROP] §eYou received §a52x Enchanted Cactus Green §efor killing a §2Mite§e!
05:25:39 [STASH_COMPACT] §f                §7You have §32,261 §7materials stashed away!
05:25:39 [STASH_COMPACT] §f              §8(This totals 5 types of materials stashed!)
05:25:39 [STASH_COMPACT] §f                §3§l>>> §3§lCLICK HERE§b to pick them up! §3§l<<<
05:25:39 [STASH_COMPACT]   
