01:20:27 HUB
01:20:55 NONE
01:20:56 DUNGEON_HUB
01:24:18 CATACOMBS
01:36:49 NONE
01:36:50 DUNGEON_HUB
01:37:51 NONE
01:37:51 CATACOMBS
01:51:38 NONE
01:51:38 DUNGEON_HUB
01:52:23 NONE
01:52:24 CATACOMBS
02:04:45 NONE
02:04:46 DUNGEON_HUB
02:09:22 NONE
02:09:23 CATACOMBS
02:20:20 NONE
02:20:20 HUB
02:21:01 DUNGEON_HUB
02:23:43 NONE
02:23:47 CATACOMBS
02:36:39 NONE
02:36:40 DUNGEON_HUB
02:36:57 NONE
02:36:57 HUB
02:37:00 NONE
02:37:01 DUNGEON_HUB
02:40:09 NONE
02:40:09 CATACOMBS
03:05:04 DUNGEON_HUB
03:07:04 CATACOMBS
03:18:06 NONE
03:18:06 DUNGEON_HUB
03:19:18 NONE
03:19:19 CATACOMBS
03:31:13 NONE
03:31:14 DUNGEON_HUB
03:33:23 NONE
03:33:25 CATACOMBS
03:46:40 DUNGEON_HUB
03:47:09 NONE
03:47:09 CATACOMBS
03:47:55 NONE
03:47:55 DUNGEON_HUB
03:48:02 NONE
03:48:02 CATACOMBS
03:59:13 NONE
03:59:13 DUNGEON_HUB
03:59:55 NONE
03:59:56 CATACOMBS
04:12:31 NONE
04:12:31 DUNGEON_HUB
04:12:35 NONE
04:12:36 HUB
04:12:49 NONE
04:12:50 CATACOMBS
04:26:36 NONE
04:26:36 DUNGEON_HUB
04:27:01 CATACOMBS
04:38:18 NONE
04:38:18 DUNGEON_HUB
04:39:01 NONE
04:39:02 HUB
04:39:09 NONE
04:39:09 CATACOMBS
04:52:36 NONE
04:52:37 DUNGEON_HUB
04:56:43 NONE
04:56:43 CATACOMBS
05:11:31 NONE
05:11:31 HUB
05:19:29 NONE
05:19:30 SPIDER_DEN
