15:22:20 [allowed] §f §r§r§r§f §r§r§r§1 §r§r§r§0 §r§r§r§2 §r§r§r§f §r§r§r§f §r§r§r§2 §r§r§r§0 §r§r§r§4 §r§r§r§3 §r§r§r§9 §r§r§r§2 §r§r§r§0 §r§r§r§0 §r§r§r§3 §r§r§r§9 §r§r§r§2 §r§r§r§0 §r§r§r§0 §r§r§r§3 §r§r§r§9 §r§r§r§2 §r§r§r§0 §r§r§r§0 
15:22:20 [allowed] §aYou have §b26 §aunclaimed leveling rewards!
15:22:20 [allowed] §eClick here to view them!
15:22:20 [allowed] §aYou have §62 §aunclaimed achievement rewards!
15:22:20 [allowed] §eClick here to view them!
15:22:23 [allowed]  §b>§c>§a>§r §r§6[MVP§2++§6] Almogrin§f §6joined the lobby!§r §a<§c<§b<
15:22:29 [allowed] §7Sending to server mini100DT...
15:22:31 [allowed] §8 §r§8 §r§1 §r§3 §r§3 §r§7 §r§8 
15:22:31 [allowed] §b-----------------------------------------------------
15:22:31 [allowed] §aYou have just received §r§60 coins §r§aas interest in your co-op bank account!
15:22:31 [allowed] §b-----------------------------------------------------
15:22:31 [allowed]  
15:22:31 [allowed] §f       §7You have §32 §7pending §3Bestiary Milestones §7to be claimed!
15:22:31 [allowed] §f                  §6§l>>> §6§lCLICK HERE§e to claim them! §6§l<<<
15:22:31 [allowed]   
15:22:32 [allowed] §6§lGROSS! §7While you were offline, §2Pests §7spawned in §aPlots §r§b5§r§7, §r§b13§r§7, §r§b12§r§7, §r§b4§r§7 and §r§b19§r§r§7!
15:22:32 [allowed] §7Your §r§6☘ Farming Fortune §r§7has been reduced by §r§475%§r§7!
15:22:32 [allowed] §7Click on a plot's name in chat to teleport to it!
15:22:32 [allowed] 
15:22:32 [allowed] §eWelcome to §r§aHypixel SkyBlock§r§e!
15:22:32 [allowed] 
15:22:32 [allowed] §eLatest update: §bSkyBlock v0.23.1 §e§lCLICK
15:22:33 [allowed] §aYou are playing on profile: §ePear§b (Co-op)
15:22:33 [allowed] §8Profile ID: da202b41-03b4-4acb-b131-26b3b789ffbc
15:22:34 [allowed] §6§lALLOWANCE! §r§eYou earned §r§640,000 coins§r§e!
15:22:34 [allowed]  
15:22:34 [STASH_COMPACT] §f                     §7You have §a2 §7items stashed away!
15:22:34 [STASH_COMPACT] §f                §6§l>>> §6§lCLICK HERE§e to pick them up! §6§l<<<
15:22:34 [STASH_COMPACT]   
15:22:34 [allowed]  
15:22:35 [STASH_COMPACT] §f                §7You have §31,856 §7materials stashed away!
15:22:35 [STASH_COMPACT] §f              §8(This totals 3 types of materials stashed!)
15:22:35 [STASH_COMPACT] §f                §3§l>>> §3§lCLICK HERE§b to pick them up! §3§l<<<
15:22:35 [STASH_COMPACT]   
15:23:35 [allowed]  
15:23:35 [STASH_COMPACT] §f                     §7You have §a2 §7items stashed away!
15:23:35 [STASH_COMPACT] §f                §6§l>>> §6§lCLICK HERE§e to pick them up! §6§l<<<
15:23:35 [STASH_COMPACT]   
15:23:35 [allowed]  
15:23:35 [STASH_COMPACT] §f                §7You have §31,856 §7materials stashed away!
15:23:35 [STASH_COMPACT] §f              §8(This totals 3 types of materials stashed!)
15:23:35 [STASH_COMPACT] §f                §3§l>>> §3§lCLICK HERE§b to pick them up! §3§l<<<
15:23:35 [STASH_COMPACT]   
15:24:35 [allowed]  
15:24:35 [STASH_COMPACT] §f                     §7You have §a2 §7items stashed away!
15:24:35 [STASH_COMPACT] §f                §6§l>>> §6§lCLICK HERE§e to pick them up! §6§l<<<
15:24:35 [STASH_COMPACT]   
15:24:35 [allowed]  
15:24:35 [STASH_COMPACT] §f                §7You have §31,856 §7materials stashed away!
15:24:35 [STASH_COMPACT] §f              §8(This totals 3 types of materials stashed!)
15:24:35 [STASH_COMPACT] §f                §3§l>>> §3§lCLICK HERE§b to pick them up! §3§l<<<
15:24:35 [STASH_COMPACT]   
15:24:55 [allowed] §aYou sold §r§9◆ Lightning Rune I§r§8 x1 §r§afor §r§61 Coin§r§a!
15:25:01 [PEST_DROP] §eYou received §a8x Enchanted Wheat §efor killing a §2Fly§e!
15:25:07 [allowed] §6[Sacks] §r§a+8§r§e items§r§e.§r§8 (Last 5s.)
15:25:10 [PEST_DROP] §eYou received §a14x Enchanted Brown Mushroom §efor killing a §2Slug§e!
15:25:13 [allowed] §cThis ability is on cooldown for 1s.
15:25:16 [allowed] §6[Sacks] §r§a+14§r§e items§r§e.§r§8 (Last 5s.)
15:25:33 [allowed] §4ൠ §r§7The Worm seems to have burrowed its way to somewhere else in the plot!
15:25:33 [allowed] §4ൠ §r§7The Worm seems to have burrowed its way to somewhere else in the plot!
15:25:35 [PEST_DROP] §eYou received §a86x Enchanted Melon §efor killing an §2Earthworm§e!
15:25:35 [allowed]  
15:25:35 [STASH_COMPACT] §f                     §7You have §a2 §7items stashed away!
15:25:35 [STASH_COMPACT] §f                §6§l>>> §6§lCLICK HERE§e to pick them up! §6§l<<<
15:25:35 [STASH_COMPACT]   
15:25:35 [allowed]  
15:25:35 [STASH_COMPACT] §f                §7You have §31,856 §7materials stashed away!
15:25:35 [STASH_COMPACT] §f              §8(This totals 3 types of materials stashed!)
15:25:35 [STASH_COMPACT] §f                §3§l>>> §3§lCLICK HERE§b to pick them up! §3§l<<<
15:25:35 [STASH_COMPACT]   
15:25:40 [allowed] §6[Sacks] §r§a+86§r§e items§r§e.§r§8 (Last 5s.)
15:25:44 [allowed] §3§l▬▬▬▬▬▬▬▬▬▬▬▬▬▬▬▬▬▬▬▬▬▬▬▬▬▬▬▬▬▬▬▬▬▬▬▬▬▬▬▬▬▬▬▬▬▬▬▬▬▬▬▬▬▬▬▬▬▬▬▬▬▬▬▬
15:25:44 [allowed]  
15:25:44 [BESTIARY] §f                                  §6§lBESTIARY
15:25:44 [BESTIARY] §f                            §b§lEarthworm §7§8IV §8➡§b §bV
15:25:44 [BESTIARY] 
15:25:44 [BESTIARY] §f                                  §r§6§lREWARDS
15:25:44 [BESTIARY] §f                          §r§6+0.4☘ Farming Fortune
15:25:44 [BESTIARY] §f                           §r§8+§r§62% §r§aEarthworm §r§7coins
15:25:44 [BESTIARY] §f                    §r§8+§r§a50% §r§7chance for extra XP orbs
15:25:44 [BESTIARY] §f                               §r§8+§r§b1 SkyBlock XP
15:25:44 [BESTIARY] 
15:25:44 [BESTIARY] §3§l▬▬▬▬▬▬▬▬▬▬▬▬▬▬▬▬▬▬▬▬▬▬▬▬▬▬▬▬▬▬▬▬▬▬▬▬▬▬▬▬▬▬▬▬▬▬▬▬▬▬▬▬▬▬▬▬▬▬▬▬▬▬▬▬
15:25:44 [PEST_DROP] §eYou received §a100x Enchanted Melon §efor killing an §2Earthworm§e!
15:25:49 [allowed] §cThis ability is on cooldown for 1s.
15:25:49 [allowed] §6[Sacks] §r§a+100§r§e items§r§e.§r§8 (Last 5s.)
15:25:50 [allowed] §cThis ability is on cooldown for 1s.
15:25:56 [allowed] §cThis ability is on cooldown for 1s.
15:26:02 [allowed] §cThis ability is on cooldown for 1s.
15:26:07 [allowed] §cThis ability is on cooldown for 1s.
15:26:10 [allowed] §cThis ability is on cooldown for 1s.
15:26:15 [allowed] §4ൠ §r§7The Worm seems to have burrowed its way to somewhere else in the plot!
15:26:18 [allowed] §aYour Garden is no longer infested and your §r§6☘ Farming Fortune §r§ahas returned to normal!
15:26:18 [PEST_DROP] §eYou received §a110x Enchanted Melon §efor killing an §2Earthworm§e!
15:26:23 [allowed] §6[Sacks] §r§a+110§r§e items§r§e.§r§8 (Last 5s.)
15:26:29 [PEST_DROP] §eYou received §a67x Enchanted Nether Wart §efor killing a §2Beetle§e!
15:26:34 [allowed] §6[Sacks] §r§a+67§r§e items§r§e.§r§8 (Last 5s.)
15:26:35 [allowed]  
15:26:35 [STASH_COMPACT] §f                     §7You have §a2 §7items stashed away!
15:26:35 [STASH_COMPACT] §f                §6§l>>> §6§lCLICK HERE§e to pick them up! §6§l<<<
15:26:35 [STASH_COMPACT]   
15:26:35 [allowed]  
15:26:35 [STASH_COMPACT] §f                §7You have §31,856 §7materials stashed away!
15:26:35 [STASH_COMPACT] §f              §8(This totals 3 types of materials stashed!)
15:26:35 [STASH_COMPACT] §f                §3§l>>> §3§lCLICK HERE§b to pick them up! §3§l<<<
15:26:35 [STASH_COMPACT]   
15:27:31 [allowed] §aYou earned §r§e906 Event EXP §r§afrom playing SkyBlock!
15:27:35 [allowed]  
15:27:35 [STASH_COMPACT] §f                     §7You have §a2 §7items stashed away!
15:27:35 [STASH_COMPACT] §f                §6§l>>> §6§lCLICK HERE§e to pick them up! §6§l<<<
15:27:35 [STASH_COMPACT]   
15:27:35 [allowed]  
15:27:35 [STASH_COMPACT] §f                §7You have §31,856 §7materials stashed away!
15:27:35 [STASH_COMPACT] §f              §8(This totals 3 types of materials stashed!)
15:27:35 [STASH_COMPACT] §f                §3§l>>> §3§lCLICK HERE§b to pick them up! §3§l<<<
15:27:35 [STASH_COMPACT]   
15:28:00 [allowed] §3§l▬▬▬▬▬▬▬▬▬▬▬▬▬▬▬▬▬▬▬▬▬▬▬▬▬▬▬▬▬▬▬▬▬▬▬▬▬▬▬▬▬▬▬▬▬▬▬▬▬▬▬▬▬▬▬▬▬▬▬▬▬▬▬▬
15:28:00 [allowed]  
15:28:00 [BESTIARY] §f                                  §6§lBESTIARY
15:28:00 [BESTIARY] §f                                 §b§lRat §7§8IV §8➡§b §bV
15:28:00 [BESTIARY] 
15:28:00 [BESTIARY] §f                                  §r§6§lREWARDS
15:28:00 [BESTIARY] §f                          §r§6+0.4☘ Farming Fortune
15:28:00 [BESTIARY] §f                                §r§8+§r§62% §r§aRat §r§7coins
15:28:00 [BESTIARY] §f                    §r§8+§r§a50% §r§7chance for extra XP orbs
15:28:00 [BESTIARY] §f                               §r§8+§r§b1 SkyBlock XP
15:28:00 [BESTIARY] 
15:28:00 [BESTIARY] §3§l▬▬▬▬▬▬▬▬▬▬▬▬▬▬▬▬▬▬▬▬▬▬▬▬▬▬▬▬▬▬▬▬▬▬▬▬▬▬▬▬▬▬▬▬▬▬▬▬▬▬▬▬▬▬▬▬▬▬▬▬▬▬▬▬
15:28:00 [PEST_DROP] §eYou received §a23x Enchanted Pumpkin §efor killing a §2Rat§e!
15:28:04 [PEST_DROP] §eYou received §a66x Enchanted Cocoa Beans §efor killing a §2Moth§e!
15:28:10 [allowed] §6[Sacks] §r§a+89§r§e items§r§e.§r§8 (Last 9s.)
15:28:36 [allowed]  
15:28:36 [STASH_COMPACT] §f                     §7You have §a2 §7items stashed away!
15:28:36 [STASH_COMPACT] §f                §6§l>>> §6§lCLICK HERE§e to pick them up! §6§l<<<
15:28:36 [STASH_COMPACT]   
15:28:36 [allowed]  
15:28:36 [STASH_COMPACT] §f                §7You have §31,856 §7materials stashed away!
15:28:36 [STASH_COMPACT] §f              §8(This totals 3 types of materials stashed!)
15:28:36 [STASH_COMPACT] §f                §3§l>>> §3§lCLICK HERE§b to pick them up! §3§l<<<
15:28:36 [STASH_COMPACT]   
15:29:36 [allowed]  
15:29:36 [STASH_COMPACT] §f                     §7You have §a2 §7items stashed away!
15:29:36 [STASH_COMPACT] §f                §6§l>>> §6§lCLICK HERE§e to pick them up! §6§l<<<
15:29:36 [STASH_COMPACT]   
15:29:36 [allowed]  
15:29:36 [STASH_COMPACT] §f                §7You have §31,856 §7materials stashed away!
15:29:36 [STASH_COMPACT] §f              §8(This totals 3 types of materials stashed!)
15:29:36 [STASH_COMPACT] §f                §3§l>>> §3§lCLICK HERE§b to pick them up! §3§l<<<
15:29:36 [STASH_COMPACT]   
15:29:39 [allowed] §6§lGROSS! §7A §2Pest §7has appeared in §aPlot §7- §b12§7!
15:29:39 [allowed]   §r§e§lCLICK HERE §eto teleport to the plot!
15:30:36 [allowed]  
15:30:36 [STASH_COMPACT] §f                     §7You have §a2 §7items stashed away!
15:30:36 [STASH_COMPACT] §f                §6§l>>> §6§lCLICK HERE§e to pick them up! §6§l<<<
15:30:36 [STASH_COMPACT]   
15:30:36 [allowed]  
15:30:36 [STASH_COMPACT] §f                §7You have §31,856 §7materials stashed away!
15:30:36 [STASH_COMPACT] §f              §8(This totals 3 types of materials stashed!)
15:30:36 [STASH_COMPACT] §f                §3§l>>> §3§lCLICK HERE§b to pick them up! §3§l<<<
15:30:36 [STASH_COMPACT]   
15:31:36 [allowed]  
15:31:36 [STASH_COMPACT] §f                     §7You have §a2 §7items stashed away!
15:31:36 [STASH_COMPACT] §f                §6§l>>> §6§lCLICK HERE§e to pick them up! §6§l<<<
15:31:36 [STASH_COMPACT]   
15:31:36 [allowed]  
15:31:36 [STASH_COMPACT] §f                §7You have §31,856 §7materials stashed away!
15:31:36 [STASH_COMPACT] §f              §8(This totals 3 types of materials stashed!)
15:31:36 [STASH_COMPACT] §f                §3§l>>> §3§lCLICK HERE§b to pick them up! §3§l<<<
15:31:36 [STASH_COMPACT]   
15:32:05 [allowed] §aFriend > §r§aHOLYEISMYGOAT §r§ejoined.
15:32:32 [allowed] §aYou earned §r§e1,156 Event EXP §r§afrom playing SkyBlock!
15:32:37 [allowed]  
15:32:37 [STASH_COMPACT] §f                     §7You have §a2 §7items stashed away!
15:32:37 [STASH_COMPACT] §f                §6§l>>> §6§lCLICK HERE§e to pick them up! §6§l<<<
15:32:37 [STASH_COMPACT]   
15:32:37 [allowed]  
15:32:37 [STASH_COMPACT] §f                §7You have §31,856 §7materials stashed away!
15:32:37 [STASH_COMPACT] §f              §8(This totals 3 types of materials stashed!)
15:32:37 [STASH_COMPACT] §f                §3§l>>> §3§lCLICK HERE§b to pick them up! §3§l<<<
15:32:37 [STASH_COMPACT]   
15:33:37 [allowed]  
15:33:37 [STASH_COMPACT] §f                     §7You have §a2 §7items stashed away!
15:33:37 [STASH_COMPACT] §f                §6§l>>> §6§lCLICK HERE§e to pick them up! §6§l<<<
15:33:37 [STASH_COMPACT]   
15:33:37 [allowed]  
15:33:37 [STASH_COMPACT] §f                §7You have §31,856 §7materials stashed away!
15:33:37 [STASH_COMPACT] §f              §8(This totals 3 types of materials stashed!)
15:33:37 [STASH_COMPACT] §f                §3§l>>> §3§lCLICK HERE§b to pick them up! §3§l<<<
15:33:37 [STASH_COMPACT]   
15:34:38 [allowed]  
15:34:38 [STASH_COMPACT] §f                     §7You have §a2 §7items stashed away!
15:34:38 [STASH_COMPACT] §f                §6§l>>> §6§lCLICK HERE§e to pick them up! §6§l<<<
15:34:38 [STASH_COMPACT]   
15:34:38 [allowed]  
15:34:38 [STASH_COMPACT] §f                §7You have §31,856 §7materials stashed away!
15:34:38 [STASH_COMPACT] §f              §8(This totals 3 types of materials stashed!)
15:34:38 [STASH_COMPACT] §f                §3§l>>> §3§lCLICK HERE§b to pick them up! §3§l<<<
15:34:38 [STASH_COMPACT]   
15:35:01 [allowed] §e[NPC] Jacob§r§f: The Farming Contest is over!
15:35:01 [allowed] §e[NPC] Jacob§r§f: Let me count the final results eh?
15:35:04 [allowed] §e[NPC] Jacob§f: §rYou placed in the §f§lSILVER §fbracket in the §aMushroom Contest§f!
15:35:08 [allowed] §e[NPC] Jacob§f: §rYou collected §e37,748 §fitems!
15:35:38 [allowed]  
15:35:38 [STASH_COMPACT] §f                     §7You have §a2 §7items stashed away!
15:35:38 [STASH_COMPACT] §f                §6§l>>> §6§lCLICK HERE§e to pick them up! §6§l<<<
15:35:38 [STASH_COMPACT]   
15:35:38 [allowed]  
15:35:38 [STASH_COMPACT] §f                §7You have §31,856 §7materials stashed away!
15:35:38 [STASH_COMPACT] §f              §8(This totals 3 types of materials stashed!)
15:35:38 [STASH_COMPACT] §f                §3§l>>> §3§lCLICK HERE§b to pick them up! §3§l<<<
15:35:38 [STASH_COMPACT]   
15:36:38 [allowed]  
15:36:38 [STASH_COMPACT] §f                     §7You have §a2 §7items stashed away!
15:36:38 [STASH_COMPACT] §f                §6§l>>> §6§lCLICK HERE§e to pick them up! §6§l<<<
15:36:38 [STASH_COMPACT]   
15:36:38 [allowed]  
15:36:38 [STASH_COMPACT] §f                §7You have §31,856 §7materials stashed away!
15:36:38 [STASH_COMPACT] §f              §8(This totals 3 types of materials stashed!)
15:36:38 [STASH_COMPACT] §f                §3§l>>> §3§lCLICK HERE§b to pick them up! §3§l<<<
15:36:38 [STASH_COMPACT]   
15:37:34 [allowed] §aYou earned §r§e926 Event EXP §r§afrom playing SkyBlock!
15:37:38 [allowed]  
15:37:38 [STASH_COMPACT] §f                     §7You have §a2 §7items stashed away!
15:37:38 [STASH_COMPACT] §f                §6§l>>> §6§lCLICK HERE§e to pick them up! §6§l<<<
15:37:38 [STASH_COMPACT]   
15:37:38 [allowed]  
15:37:38 [STASH_COMPACT] §f                §7You have §31,856 §7materials stashed away!
15:37:38 [STASH_COMPACT] §f              §8(This totals 3 types of materials stashed!)
15:37:38 [STASH_COMPACT] §f                §3§l>>> §3§lCLICK HERE§b to pick them up! §3§l<<<
15:37:38 [STASH_COMPACT]   
15:37:43 [allowed] §9§m-----------------------------------------------------§r§9
§r§9                          §r§9 §6Friends (Page 1 of 2) §r§e§l>>§r§9
§r§9§aHOLYEISMYGOAT §eis currently §5Busy§r§9
§r§9§7lumivic §eis in SkyBlock - Dungeon Hub§r§9
§r§9§bSillyEbola §eis in SkyBlock - The End§r§9
§r§9§7AstroBoi69420 §cis currently offline§r§9
§r§9§bBababoi09 §cis currently offline§r§9
§r§9§aclownlucifer §cis currently offline§r§9
§r§9§bKJ22_ §cis currently offline§r§9
§r§9§bowoCalamital §cis currently offline§r§9
§r§9§m-----------------------------------------------------
15:38:39 [allowed]  
15:38:39 [STASH_COMPACT] §f                     §7You have §a2 §7items stashed away!
15:38:39 [STASH_COMPACT] §f                §6§l>>> §6§lCLICK HERE§e to pick them up! §6§l<<<
15:38:39 [STASH_COMPACT]   
15:38:39 [allowed]  
15:38:39 [STASH_COMPACT] §f                §7You have §31,856 §7materials stashed away!
15:38:39 [STASH_COMPACT] §f              §8(This totals 3 types of materials stashed!)
15:38:39 [STASH_COMPACT] §f                §3§l>>> §3§lCLICK HERE§b to pick them up! §3§l<<<
15:38:39 [STASH_COMPACT]   
15:39:39 [allowed]  
15:39:39 [STASH_COMPACT] §f                     §7You have §a2 §7items stashed away!
15:39:39 [STASH_COMPACT] §f                §6§l>>> §6§lCLICK HERE§e to pick them up! §6§l<<<
15:39:39 [STASH_COMPACT]   
15:39:39 [allowed]  
15:39:39 [STASH_COMPACT] §f                §7You have §31,856 §7materials stashed away!
15:39:39 [STASH_COMPACT] §f              §8(This totals 3 types of materials stashed!)
15:39:39 [STASH_COMPACT] §f                §3§l>>> §3§lCLICK HERE§b to pick them up! §3§l<<<
15:39:39 [STASH_COMPACT]   
15:39:43 [allowed] §6§lGROSS! §7A §2Pest §7has appeared in §aPlot §7- §b5§7!
15:39:43 [allowed]   §r§e§lCLICK HERE §eto teleport to the plot!
15:40:39 [allowed]  
15:40:39 [STASH_COMPACT] §f                     §7You have §a2 §7items stashed away!
15:40:39 [STASH_COMPACT] §f                §6§l>>> §6§lCLICK HERE§e to pick them up! §6§l<<<
15:40:39 [STASH_COMPACT]   
15:40:39 [allowed]  
15:40:39 [STASH_COMPACT] §f                §7You have §31,856 §7materials stashed away!
15:40:39 [STASH_COMPACT] §f              §8(This totals 3 types of materials stashed!)
15:40:39 [STASH_COMPACT] §f                §3§l>>> §3§lCLICK HERE§b to pick them up! §3§l<<<
15:40:39 [STASH_COMPACT]   
15:41:39 [allowed]  
15:41:39 [STASH_COMPACT] §f                     §7You have §a2 §7items stashed away!
15:41:39 [STASH_COMPACT] §f                §6§l>>> §6§lCLICK HERE§e to pick them up! §6§l<<<
15:41:39 [STASH_COMPACT]   
15:41:39 [allowed]  
15:41:39 [STASH_COMPACT] §f                §7You have §31,856 §7materials stashed away!
15:41:39 [STASH_COMPACT] §f              §8(This totals 3 types of materials stashed!)
15:41:39 [STASH_COMPACT] §f                §3§l>>> §3§lCLICK HERE§b to pick them up! §3§l<<<
15:41:39 [STASH_COMPACT]   
15:42:30 [allowed] §cInventory full? Don't forget to check out your Storage inside the SkyBlock Menu!
15:42:30 [allowed] §eOpen the §a§lGAME SETTINGS §eto disable this notification!
15:42:35 [allowed] §aYou earned §r§e1,196 Event EXP §r§afrom playing SkyBlock!
15:42:40 [allowed]  
15:42:40 [STASH_COMPACT] §f                     §7You have §a2 §7items stashed away!
15:42:40 [STASH_COMPACT] §f                §6§l>>> §6§lCLICK HERE§e to pick them up! §6§l<<<
15:42:40 [STASH_COMPACT]   
15:42:40 [allowed]  
15:42:40 [STASH_COMPACT] §f                §7You have §31,856 §7materials stashed away!
15:42:40 [STASH_COMPACT] §f              §8(This totals 3 types of materials stashed!)
15:42:40 [STASH_COMPACT] §f                §3§l>>> §3§lCLICK HERE§b to pick them up! §3§l<<<
15:42:40 [STASH_COMPACT]   
15:42:46 [allowed] §6[Bazaar] §r§7Executing instant sell...
15:42:46 [allowed] §6[Bazaar] §r§7Sold §r§a44§r§7x §r§fRed Mushroom §r§7for §r§6246.4 coins§r§7!
15:42:46 [allowed] §6[Bazaar] §r§7Sold §r§a1§r§7x §r§aTasty Cheese §r§7for §r§64,202.3 coins§r§7!
15:42:46 [allowed] §6[Bazaar] §r§7Sold §r§a663§r§7x §r§aEnchanted Red Mushroom §r§7for §r§61,024,799 coins§r§7!
15:42:46 [allowed] §6[Bazaar] §r§7Sold §r§a1§r§7x §r§aJacob's Ticket §r§7for §r§610,441 coins§r§7!
15:43:40 [allowed]  
15:43:40 [STASH_COMPACT] §f                     §7You have §a2 §7items stashed away!
15:43:40 [STASH_COMPACT] §f                §6§l>>> §6§lCLICK HERE§e to pick them up! §6§l<<<
15:43:40 [STASH_COMPACT]   
15:43:40 [allowed]  
15:43:40 [STASH_COMPACT] §f                §7You have §31,856 §7materials stashed away!
15:43:40 [STASH_COMPACT] §f              §8(This totals 3 types of materials stashed!)
15:43:40 [STASH_COMPACT] §f                §3§l>>> §3§lCLICK HERE§b to pick them up! §3§l<<<
15:43:40 [STASH_COMPACT]   
15:44:40 [allowed]  
15:44:40 [STASH_COMPACT] §f                     §7You have §a2 §7items stashed away!
15:44:40 [STASH_COMPACT] §f                §6§l>>> §6§lCLICK HERE§e to pick them up! §6§l<<<
15:44:40 [STASH_COMPACT]   
15:44:40 [allowed]  
15:44:40 [STASH_COMPACT] §f                §7You have §31,856 §7materials stashed away!
15:44:40 [STASH_COMPACT] §f              §8(This totals 3 types of materials stashed!)
15:44:40 [STASH_COMPACT] §f                §3§l>>> §3§lCLICK HERE§b to pick them up! §3§l<<<
15:44:40 [STASH_COMPACT]   
15:45:20 [allowed] §6§lGROSS! §7A §2Pest §7has appeared in §aPlot §7- §b19§7!
15:45:20 [allowed]   §r§e§lCLICK HERE §eto teleport to the plot!
15:45:40 [allowed]  
15:45:40 [STASH_COMPACT] §f                     §7You have §a2 §7items stashed away!
15:45:40 [STASH_COMPACT] §f                §6§l>>> §6§lCLICK HERE§e to pick them up! §6§l<<<
15:45:40 [STASH_COMPACT]   
15:45:40 [allowed]  
15:45:40 [STASH_COMPACT] §f                §7You have §31,856 §7materials stashed away!
15:45:40 [STASH_COMPACT] §f              §8(This totals 3 types of materials stashed!)
15:45:40 [STASH_COMPACT] §f                §3§l>>> §3§lCLICK HERE§b to pick them up! §3§l<<<
15:45:40 [STASH_COMPACT]   
15:45:47 [allowed] §aFriend > §r§aHOLYEISMYGOAT §r§eleft.
15:46:14 [allowed] §3§l▬▬▬▬▬▬▬▬▬▬▬▬▬▬▬▬▬▬▬▬▬▬▬▬▬▬▬▬▬▬▬▬▬▬▬▬▬▬▬▬▬▬▬▬▬▬▬▬▬▬▬▬▬▬▬▬▬▬▬▬▬▬▬▬
15:46:14 [allowed]  
15:46:14 [BESTIARY] §f                                  §6§lBESTIARY
15:46:14 [BESTIARY] §f                              §b§lSlug §7§8VII §8➡§b §bVIII
15:46:14 [BESTIARY] 
15:46:14 [BESTIARY] §f                                  §r§6§lREWARDS
15:46:14 [BESTIARY] §f                          §r§6+0.4☘ Farming Fortune
15:46:14 [BESTIARY] §f                               §r§8+§r§62% §r§aSlug §r§7coins
15:46:14 [BESTIARY] §f                    §r§8+§r§a50% §r§7chance for extra XP orbs
15:46:14 [BESTIARY] §f                               §r§8+§r§b1 SkyBlock XP
15:46:14 [BESTIARY] 
15:46:14 [BESTIARY] §3§l▬▬▬▬▬▬▬▬▬▬▬▬▬▬▬▬▬▬▬▬▬▬▬▬▬▬▬▬▬▬▬▬▬▬▬▬▬▬▬▬▬▬▬▬▬▬▬▬▬▬▬▬▬▬▬▬▬▬▬▬▬▬▬▬
15:46:14 [PEST_DROP] §eYou received §a22x Enchanted Red Mushroom §efor killing a §2Slug§e!
15:46:24 [PEST_DROP] §eYou received §a45x Enchanted Sugar §efor killing a §2Mosquito§e!
15:46:29 [allowed] §6[Sacks] §r§a+45§r§e items§r§e.§r§8 (Last 5s.)
15:46:41 [allowed]  
15:46:41 [STASH_COMPACT] §f                     §7You have §a2 §7items stashed away!
15:46:41 [STASH_COMPACT] §f                §6§l>>> §6§lCLICK HERE§e to pick them up! §6§l<<<
15:46:41 [STASH_COMPACT]   
15:46:41 [allowed]  
15:46:41 [STASH_COMPACT] §f                §7You have §31,856 §7materials stashed away!
15:46:41 [STASH_COMPACT] §f              §8(This totals 3 types of materials stashed!)
15:46:41 [STASH_COMPACT] §f                §3§l>>> §3§lCLICK HERE§b to pick them up! §3§l<<<
15:46:41 [STASH_COMPACT]   
15:46:53 [allowed] §4ൠ §r§7The Worm seems to have burrowed its way to somewhere else in the plot!
15:46:57 [allowed] §3§l▬▬▬▬▬▬▬▬▬▬▬▬▬▬▬▬▬▬▬▬▬▬▬▬▬▬▬▬▬▬▬▬▬▬▬▬▬▬▬▬▬▬▬▬▬▬▬▬▬▬▬▬▬▬▬▬▬▬▬▬▬▬▬▬
15:46:57 [allowed]  
15:46:57 [BESTIARY] §f                                  §6§lBESTIARY
15:46:57 [BESTIARY] §f                            §b§lEarthworm §7§8V §8➡§b §bVI
15:46:57 [BESTIARY] 
15:46:57 [BESTIARY] §f                                  §r§6§lREWARDS
15:46:57 [BESTIARY] §f                          §r§6+0.4☘ Farming Fortune
15:46:57 [BESTIARY] §f                           §r§8+§r§62% §r§aEarthworm §r§7coins
15:46:57 [BESTIARY] §f                    §r§8+§r§a50% §r§7chance for extra XP orbs
15:46:57 [BESTIARY] §f                               §r§8+§r§b1 SkyBlock XP
15:46:57 [BESTIARY] 
15:46:57 [BESTIARY] §3§l▬▬▬▬▬▬▬▬▬▬▬▬▬▬▬▬▬▬▬▬▬▬▬▬▬▬▬▬▬▬▬▬▬▬▬▬▬▬▬▬▬▬▬▬▬▬▬▬▬▬▬▬▬▬▬▬▬▬▬▬▬▬▬▬
15:46:57 [PEST_DROP] §eYou received §a115x Enchanted Melon §efor killing an §2Earthworm§e!
15:47:03 [allowed] §6[Sacks] §r§a+115§r§e items§r§e.§r§8 (Last 5s.)
15:47:36 [allowed] §aYou earned §r§e1,500 Event EXP §r§afrom playing SkyBlock!
15:47:41 [allowed]  
15:47:41 [STASH_COMPACT] §f                     §7You have §a2 §7items stashed away!
15:47:41 [STASH_COMPACT] §f                §6§l>>> §6§lCLICK HERE§e to pick them up! §6§l<<<
15:47:41 [STASH_COMPACT]   
15:47:41 [allowed]  
15:47:41 [STASH_COMPACT] §f                §7You have §31,856 §7materials stashed away!
15:47:41 [STASH_COMPACT] §f              §8(This totals 3 types of materials stashed!)
15:47:41 [STASH_COMPACT] §f                §3§l>>> §3§lCLICK HERE§b to pick them up! §3§l<<<
15:47:41 [STASH_COMPACT]   
15:48:41 [allowed]  
15:48:41 [STASH_COMPACT] §f                     §7You have §a2 §7items stashed away!
15:48:41 [STASH_COMPACT] §f                §6§l>>> §6§lCLICK HERE§e to pick them up! §6§l<<<
15:48:41 [STASH_COMPACT]   
15:48:41 [allowed]  
15:48:41 [STASH_COMPACT] §f                §7You have §31,856 §7materials stashed away!
15:48:41 [STASH_COMPACT] §f              §8(This totals 3 types of materials stashed!)
15:48:41 [STASH_COMPACT] §f                §3§l>>> §3§lCLICK HERE§b to pick them up! §3§l<<<
15:48:41 [STASH_COMPACT]   
15:49:41 [allowed]  
15:49:41 [STASH_COMPACT] §f                     §7You have §a2 §7items stashed away!
15:49:41 [STASH_COMPACT] §f                §6§l>>> §6§lCLICK HERE§e to pick them up! §6§l<<<
15:49:41 [STASH_COMPACT]   
15:49:41 [allowed]  
15:49:41 [STASH_COMPACT] §f                §7You have §31,856 §7materials stashed away!
15:49:41 [STASH_COMPACT] §f              §8(This totals 3 types of materials stashed!)
15:49:41 [STASH_COMPACT] §f                §3§l>>> §3§lCLICK HERE§b to pick them up! §3§l<<<
15:49:41 [STASH_COMPACT]   
15:49:42 [allowed] §cYou can't equip helmets with stack sizes greater than 1. §r§8(2)
15:50:41 [allowed]  
15:50:41 [STASH_COMPACT] §f                     §7You have §a2 §7items stashed away!
15:50:41 [STASH_COMPACT] §f                §6§l>>> §6§lCLICK HERE§e to pick them up! §6§l<<<
15:50:41 [STASH_COMPACT]   
15:50:41 [allowed]  
15:50:41 [STASH_COMPACT] §f                §7You have §31,856 §7materials stashed away!
15:50:41 [STASH_COMPACT] §f              §8(This totals 3 types of materials stashed!)
15:50:41 [STASH_COMPACT] §f                §3§l>>> §3§lCLICK HERE§b to pick them up! §3§l<<<
15:50:41 [STASH_COMPACT]   
15:51:21 [allowed] §6§lGROSS! §7A §2Pest §7has appeared in §aPlot §7- §b5§7!
15:51:21 [allowed]   §r§e§lCLICK HERE §eto teleport to the plot!
15:51:41 [allowed]  
15:51:41 [STASH_COMPACT] §f                     §7You have §a2 §7items stashed away!
15:51:41 [STASH_COMPACT] §f                §6§l>>> §6§lCLICK HERE§e to pick them up! §6§l<<<
15:51:41 [STASH_COMPACT]   
15:51:41 [allowed]  
15:51:41 [STASH_COMPACT] §f                §7You have §31,856 §7materials stashed away!
15:51:41 [STASH_COMPACT] §f              §8(This totals 3 types of materials stashed!)
15:51:41 [STASH_COMPACT] §f                §3§l>>> §3§lCLICK HERE§b to pick them up! §3§l<<<
15:51:41 [STASH_COMPACT]   
15:52:37 [allowed] §aYou earned §r§e1,306 Event EXP §r§afrom playing SkyBlock!
15:52:37 [allowed] ▬▬▬▬▬▬▬▬▬▬▬▬▬▬▬▬▬▬▬▬▬▬▬▬▬▬▬▬▬▬▬▬▬▬▬▬▬▬▬▬▬▬▬▬▬▬▬▬▬▬▬▬▬▬▬▬▬▬▬▬▬▬▬▬
15:52:37 [allowed] §f                                §r§e§k#§r§6 LEVEL UP! §r§e§k#
15:52:37 [allowed] 
15:52:37 [allowed] §f                       §r§7You are now §r§eEvent Level §r§661§r§7!
15:52:37 [allowed] §f                       §r§7You earned §r§f18 Event Silver§r§7!
15:52:37 [allowed] 
15:52:37 [allowed] ▬▬▬▬▬▬▬▬▬▬▬▬▬▬▬▬▬▬▬▬▬▬▬▬▬▬▬▬▬▬▬▬▬▬▬▬▬▬▬▬▬▬▬▬▬▬▬▬▬▬▬▬▬▬▬▬▬▬▬▬▬▬▬▬
15:52:41 [allowed]  
15:52:41 [STASH_COMPACT] §f                     §7You have §a2 §7items stashed away!
15:52:41 [STASH_COMPACT] §f                §6§l>>> §6§lCLICK HERE§e to pick them up! §6§l<<<
15:52:41 [STASH_COMPACT]   
15:52:41 [allowed]  
15:52:41 [STASH_COMPACT] §f                §7You have §31,856 §7materials stashed away!
15:52:41 [STASH_COMPACT] §f              §8(This totals 3 types of materials stashed!)
15:52:41 [STASH_COMPACT] §f                §3§l>>> §3§lCLICK HERE§b to pick them up! §3§l<<<
15:52:41 [STASH_COMPACT]   
15:52:54 [allowed] §dTo §r§7lumivic§r§7: §r§7lock in
15:53:01 [allowed] §dFrom §r§7lumivic§r§7: §r§7gang what
15:53:08 [allowed] §dTo §r§7lumivic§r§7: §r§7lock the helly in
15:53:41 [allowed]  
15:53:41 [STASH_COMPACT] §f                     §7You have §a2 §7items stashed away!
15:53:41 [STASH_COMPACT] §f                §6§l>>> §6§lCLICK HERE§e to pick them up! §6§l<<<
15:53:41 [STASH_COMPACT]   
15:53:41 [allowed]  
15:53:41 [STASH_COMPACT] §f                §7You have §31,856 §7materials stashed away!
15:53:41 [STASH_COMPACT] §f              §8(This totals 3 types of materials stashed!)
15:53:41 [STASH_COMPACT] §f                §3§l>>> §3§lCLICK HERE§b to pick them up! §3§l<<<
15:53:41 [STASH_COMPACT]   
15:54:42 [allowed]  
15:54:42 [STASH_COMPACT] §f                     §7You have §a2 §7items stashed away!
15:54:42 [STASH_COMPACT] §f                §6§l>>> §6§lCLICK HERE§e to pick them up! §6§l<<<
15:54:42 [STASH_COMPACT]   
15:54:42 [allowed]  
15:54:42 [STASH_COMPACT] §f                §7You have §31,856 §7materials stashed away!
15:54:42 [STASH_COMPACT] §f              §8(This totals 3 types of materials stashed!)
15:54:42 [STASH_COMPACT] §f                §3§l>>> §3§lCLICK HERE§b to pick them up! §3§l<<<
15:54:42 [STASH_COMPACT]   
15:54:43 [allowed] §dFrom §r§7lumivic§r§7: §r§7u lock tf in
15:54:47 [allowed] §dTo §r§7lumivic§r§7: §r§7no u
15:54:54 [allowed] §dFrom §r§7lumivic§r§7: §r§7no u
15:54:55 [allowed] §dTo §r§7lumivic§r§7: §r§7i am geeked in
15:55:00 [allowed] §dTo §r§7lumivic§r§7: §r§7locked in
15:55:33 [allowed] §dFrom §r§7lumivic§r§7: §r§7u lit a farmer rn
15:55:40 [allowed] §dTo §r§7lumivic§r§7: §r§7fr
15:55:42 [allowed]  
15:55:42 [STASH_COMPACT] §f                     §7You have §a2 §7items stashed away!
15:55:42 [STASH_COMPACT] §f                §6§l>>> §6§lCLICK HERE§e to pick them up! §6§l<<<
15:55:42 [STASH_COMPACT]   
15:55:42 [allowed]  
15:55:42 [STASH_COMPACT] §f                §7You have §31,856 §7materials stashed away!
15:55:42 [STASH_COMPACT] §f              §8(This totals 3 types of materials stashed!)
15:55:42 [STASH_COMPACT] §f                §3§l>>> §3§lCLICK HERE§b to pick them up! §3§l<<<
15:55:42 [STASH_COMPACT]   
15:56:20 [allowed] §dFrom §r§7lumivic§r§7: §r§7man
15:56:20 [allowed] §cThis ability is on cooldown for 1s.
15:56:21 [allowed] §cThis ability is on cooldown for 1s.
15:56:21 [allowed] §cThis ability is on cooldown for 1s.
15:56:23 [allowed] §dTo §r§7lumivic§r§7: §r§7?
15:56:26 [allowed] §dFrom §r§7lumivic§r§7: §r§7i gotta do so many f6's
15:56:30 [allowed] §dTo §r§7lumivic§r§7: §r§7for?
15:56:38 [allowed] §dFrom §r§7lumivic§r§7: §r§7gs
15:56:40 [allowed] §dFrom §r§7lumivic§r§7: §r§7drop
15:56:42 [allowed]  
15:56:42 [STASH_COMPACT] §f                     §7You have §a2 §7items stashed away!
15:56:42 [STASH_COMPACT] §f                §6§l>>> §6§lCLICK HERE§e to pick them up! §6§l<<<
15:56:42 [STASH_COMPACT]   
15:56:42 [allowed]  
15:56:42 [STASH_COMPACT] §f                §7You have §31,856 §7materials stashed away!
15:56:42 [STASH_COMPACT] §f              §8(This totals 3 types of materials stashed!)
15:56:42 [STASH_COMPACT] §f                §3§l>>> §3§lCLICK HERE§b to pick them up! §3§l<<<
15:56:42 [STASH_COMPACT]   
15:56:48 [PEST_DROP] §eYou received §a66x Enchanted Nether Wart §efor killing a §2Beetle§e!
15:56:52 [allowed] §dTo §r§7lumivic§r§7: §r§7damn
15:56:54 [allowed] §6[Sacks] §r§a+66§r§e items§r§e.§r§8 (Last 5s.)
15:57:00 [allowed] §dTo §r§7lumivic§r§7: §r§7better lock in xd
15:57:05 [allowed] §dFrom §r§7lumivic§r§7: §r§7its just
15:57:09 [allowed] §dFrom §r§7lumivic§r§7: §r§727k / 160k
15:57:11 [allowed] §dFrom §r§7lumivic§r§7: §r§7the meter
15:57:14 [GARDEN_VISITOR_MESSAGE] §e[NPC] §aEmissary Carlton§f: §r§fThe King has sent me to go shopping for I am his favorite emissary!
15:57:38 [allowed] §aYou earned §r§e1,340 Event EXP §r§afrom playing SkyBlock!
15:57:42 [allowed]  
15:57:42 [STASH_COMPACT] §f                     §7You have §a2 §7items stashed away!
15:57:42 [STASH_COMPACT] §f                §6§l>>> §6§lCLICK HERE§e to pick them up! §6§l<<<
15:57:42 [STASH_COMPACT]   
15:57:42 [allowed]  
15:57:42 [STASH_COMPACT] §f                §7You have §31,856 §7materials stashed away!
15:57:42 [STASH_COMPACT] §f              §8(This totals 3 types of materials stashed!)
15:57:42 [STASH_COMPACT] §f                §3§l>>> §3§lCLICK HERE§b to pick them up! §3§l<<<
15:57:42 [STASH_COMPACT]   
15:57:50 [allowed] §6[Bazaar] §r§7Executing instant buy...
15:57:50 [allowed] §6[Bazaar] §r§7Bought §r§a328§r§7x §r§aEnchanted Cocoa Beans §r§7for §r§6160,622 coins§r§7!
15:57:53 [allowed] §6§lOFFER ACCEPTED §r§8with §r§aEmissary Carlton §r§8(§r§a§lUNCOMMON§r§8)
15:57:53 [allowed] 
15:57:53 [allowed]   §r§a§lREWARDS
15:57:53 [allowed]     §r§8+§r§215 §r§7Garden Experience
15:57:53 [allowed]     §r§8+§r§310.5k §r§7Farming XP
15:57:53 [allowed]     §r§8+§r§c17 Copper
15:57:53 [allowed]     §r§7§8+§2701 Mithril Powder
15:57:53 [allowed] 
15:57:53 [GARDEN_VISITOR_MESSAGE] §e[NPC] §aEmissary Carlton§f: §r§fThis will make me gain even more favor with the King!
15:57:56 [NEW_VISITOR_ARRIVED] §a§r§aTrevor §r§ehas arrived on your §r§aGarden§r§e!
15:58:05 [allowed] §dTo §r§7lumivic§r§7: §r§7mm
15:58:06 [GARDEN_VISITOR_MESSAGE] §e[NPC] §aJacob§f: §r§fHowdy! Fine barn ye got there eh? Good lad, you think ye could get me some wheat, eh?
15:58:17 [allowed] §6[Bazaar] §r§7Executing instant sell...
15:58:17 [allowed] §6[Bazaar] §r§7Sold §r§a325§r§7x §r§aEnchanted Red Mushroom §r§7for §r§6502,255 coins§r§7!
15:58:17 [allowed] §6[Bazaar] §r§7Sold §r§a19§r§7x §r§fRed Mushroom §r§7for §r§6108.3 coins§r§7!
15:58:21 [allowed] §dFrom §r§7lumivic§r§7: §r§7am gonna get golden sadan head in like 6 runs now
15:58:30 [allowed] §6[Bazaar] §r§7Executing instant buy...
15:58:30 [allowed] §6[Bazaar] §r§7Bought §r§a262§r§7x §r§aEnchanted Wheat §r§7for §r§6251,363 coins§r§7!
15:58:32 [allowed] §6§lOFFER ACCEPTED §r§8with §r§aJacob §r§8(§r§a§lUNCOMMON§r§8)
15:58:32 [allowed] 
15:58:32 [allowed]   §r§a§lREWARDS
15:58:32 [allowed]     §r§8+§r§215 §r§7Garden Experience
15:58:32 [allowed]     §r§8+§r§38.4k §r§7Farming XP
15:58:32 [allowed]     §r§8+§r§c27 Copper
15:58:32 [allowed]     §r§7§aJacob's Ticket
15:58:32 [allowed] 
15:58:32 [GARDEN_VISITOR_MESSAGE] §e[NPC] §aJacob§f: §r§fThanks a lot matey. That'll help ye prepare my next farming contest eh?
15:58:37 [GARDEN_VISITOR_MESSAGE] §e[NPC] §aRoyal Resident§f: §r§fI don't really converse with your kind, but today I'll make an exception.
15:58:42 [allowed]  
15:58:42 [STASH_COMPACT] §f                     §7You have §a2 §7items stashed away!
15:58:42 [STASH_COMPACT] §f                §6§l>>> §6§lCLICK HERE§e to pick them up! §6§l<<<
15:58:42 [STASH_COMPACT]   
15:58:42 [allowed]  
15:58:42 [STASH_COMPACT] §f                §7You have §31,856 §7materials stashed away!
15:58:42 [STASH_COMPACT] §f              §8(This totals 3 types of materials stashed!)
15:58:42 [STASH_COMPACT] §f                §3§l>>> §3§lCLICK HERE§b to pick them up! §3§l<<<
15:58:42 [STASH_COMPACT]   
15:59:06 [allowed] §6[Bazaar] §r§7Executing instant buy...
15:59:06 [allowed] §6[Bazaar] §r§7Bought §r§a182§r§7x §r§aEnchanted Pumpkin §r§7for §r§6295,204 coins§r§7!
15:59:07 [allowed] §6§lOFFER ACCEPTED §r§8with §r§aRoyal Resident §r§8(§r§a§lUNCOMMON§r§8)
15:59:07 [allowed] 
15:59:07 [allowed]   §r§a§lREWARDS
15:59:07 [allowed]     §r§8+§r§215 §r§7Garden Experience
15:59:07 [allowed]     §r§8+§r§36.6k §r§7Farming XP
15:59:07 [allowed]     §r§8+§r§c22 Copper
15:59:07 [allowed] 
15:59:07 [GARDEN_VISITOR_MESSAGE] §e[NPC] §aRoyal Resident§f: §r§fThis is acceptable. I would never eat this myself, but it's good enough for my servants.
15:59:13 [GARDEN_VISITOR_MESSAGE] §e[NPC] §aMason§f: §r§fI paid for one of Treasure Hunter's tips today and again, it only led me to a dirty shoelace. His tips are just not worth it...
15:59:38 [allowed] §6[Bazaar] §r§7Executing instant buy...
15:59:38 [allowed] §6[Bazaar] §r§7Bought §r§a8§r§7x §r§9Enchanted Brown Mushroom Block §r§7for §r§6422,972 coins§r§7!
15:59:39 [allowed] §6§lOFFER ACCEPTED §r§8with §r§aMason §r§8(§r§a§lUNCOMMON§r§8)
15:59:39 [allowed] 
15:59:39 [allowed]   §r§a§lREWARDS
15:59:39 [allowed]     §r§8+§r§215 §r§7Garden Experience
15:59:39 [allowed]     §r§8+§r§312.9k §r§7Farming XP
15:59:39 [allowed]     §r§8+§r§c29 Copper
15:59:39 [allowed] 
15:59:39 [GARDEN_VISITOR_MESSAGE] §e[NPC] §aMason§f: §r§fMaybe if I continue buying his tips I'll hit the jackpot soon. Just gotta spend a little bit more...
15:59:42 [GARDEN_VISITOR_MESSAGE] §e[NPC] §aTarwen§f: §r§fBuurrrp? ... Burrp bURp!
15:59:43 [allowed]  
15:59:43 [STASH_COMPACT] §f                     §7You have §a2 §7items stashed away!
15:59:43 [STASH_COMPACT] §f                §6§l>>> §6§lCLICK HERE§e to pick them up! §6§l<<<
15:59:43 [STASH_COMPACT]   
15:59:43 [allowed]  
15:59:43 [STASH_COMPACT] §f                §7You have §31,856 §7materials stashed away!
15:59:43 [STASH_COMPACT] §f              §8(This totals 3 types of materials stashed!)
15:59:43 [STASH_COMPACT] §f                §3§l>>> §3§lCLICK HERE§b to pick them up! §3§l<<<
15:59:43 [STASH_COMPACT]   
15:59:57 [allowed] §6[Bazaar] §r§7Executing instant buy...
15:59:57 [allowed] §6[Bazaar] §r§7Bought §r§a255§r§7x §r§aEnchanted Wheat §r§7for §r§6244,672 coins§r§7!
15:59:58 [allowed] §6§lOFFER ACCEPTED §r§8with §r§aTarwen §r§8(§r§a§lUNCOMMON§r§8)
15:59:58 [allowed] 
15:59:58 [allowed]   §r§a§lREWARDS
15:59:58 [allowed]     §r§8+§r§215 §r§7Garden Experience
15:59:58 [allowed]     §r§8+§r§38.2k §r§7Farming XP
15:59:58 [allowed]     §r§8+§r§c27 Copper
15:59:58 [allowed] 
15:59:58 [GARDEN_VISITOR_MESSAGE] §e[NPC] §aTarwen§f: §r§fBuuuuurp!
16:00:00 [GARDEN_VISITOR_MESSAGE] §e[NPC] §aTrevor§f: §r§fI've been tracking an animal for the past few days. Got anything I could use as bait?
16:00:13 [allowed] §6[Bazaar] §r§7Executing instant buy...
16:00:13 [allowed] §6[Bazaar] §r§7Bought §r§a3§r§7x §r§9Mutant Nether Wart §r§7for §r§6305,993 coins§r§7!
16:00:14 [allowed] §6§lOFFER ACCEPTED §r§8with §r§aTrevor §r§8(§r§a§lUNCOMMON§r§8)
16:00:14 [allowed] 
16:00:14 [allowed]   §r§a§lREWARDS
16:00:14 [allowed]     §r§8+§r§215 §r§7Garden Experience
16:00:14 [allowed]     §r§8+§r§314.3k §r§7Farming XP
16:00:14 [allowed]     §r§8+§r§c16 Copper
16:00:14 [allowed]     §r§7§8+§52 Pelts
16:00:14 [allowed] 
16:00:14 [GARDEN_VISITOR_MESSAGE] §e[NPC] §aTrevor§f: §r§fThis should do nicely. I'll have plenty of pelts by the end of the day.
16:00:44 [allowed]  
16:00:44 [STASH_COMPACT] §f                     §7You have §a2 §7items stashed away!
16:00:44 [STASH_COMPACT] §f                §6§l>>> §6§lCLICK HERE§e to pick them up! §6§l<<<
16:00:44 [STASH_COMPACT]   
16:00:44 [allowed]  
16:00:44 [STASH_COMPACT] §f                §7You have §31,856 §7materials stashed away!
16:00:44 [STASH_COMPACT] §f              §8(This totals 3 types of materials stashed!)
16:00:44 [STASH_COMPACT] §f                §3§l>>> §3§lCLICK HERE§b to pick them up! §3§l<<<
16:00:44 [STASH_COMPACT]   
16:00:56 [allowed] §6§lGROSS! §7A §2Pest §7has appeared in §aPlot §7- §b19§7!
16:00:56 [allowed]   §r§e§lCLICK HERE §eto teleport to the plot!
16:01:45 [allowed]  
16:01:45 [STASH_COMPACT] §f                     §7You have §a2 §7items stashed away!
16:01:45 [STASH_COMPACT] §f                §6§l>>> §6§lCLICK HERE§e to pick them up! §6§l<<<
16:01:45 [STASH_COMPACT]   
16:01:45 [allowed]  
16:01:45 [STASH_COMPACT] §f                §7You have §31,856 §7materials stashed away!
16:01:45 [STASH_COMPACT] §f              §8(This totals 3 types of materials stashed!)
16:01:45 [STASH_COMPACT] §f                §3§l>>> §3§lCLICK HERE§b to pick them up! §3§l<<<
16:01:45 [STASH_COMPACT]   
16:02:41 [allowed] §aYou earned §r§e792 Event EXP §r§afrom playing SkyBlock!
16:02:46 [allowed]  
16:02:46 [STASH_COMPACT] §f                     §7You have §a2 §7items stashed away!
16:02:46 [STASH_COMPACT] §f                §6§l>>> §6§lCLICK HERE§e to pick them up! §6§l<<<
16:02:46 [STASH_COMPACT]   
16:02:46 [allowed]  
16:02:46 [STASH_COMPACT] §f                §7You have §31,856 §7materials stashed away!
16:02:46 [STASH_COMPACT] §f              §8(This totals 3 types of materials stashed!)
16:02:46 [STASH_COMPACT] §f                §3§l>>> §3§lCLICK HERE§b to pick them up! §3§l<<<
16:02:46 [STASH_COMPACT]   
16:03:47 [allowed]  
16:03:47 [STASH_COMPACT] §f                     §7You have §a2 §7items stashed away!
16:03:47 [STASH_COMPACT] §f                §6§l>>> §6§lCLICK HERE§e to pick them up! §6§l<<<
16:03:47 [STASH_COMPACT]   
16:03:47 [allowed]  
16:03:47 [STASH_COMPACT] §f                §7You have §31,856 §7materials stashed away!
16:03:47 [STASH_COMPACT] §f              §8(This totals 3 types of materials stashed!)
16:03:47 [STASH_COMPACT] §f                §3§l>>> §3§lCLICK HERE§b to pick them up! §3§l<<<
16:03:47 [STASH_COMPACT]   
16:04:49 [allowed]  
16:04:49 [STASH_COMPACT] §f                     §7You have §a2 §7items stashed away!
16:04:49 [STASH_COMPACT] §f                §6§l>>> §6§lCLICK HERE§e to pick them up! §6§l<<<
16:04:49 [STASH_COMPACT]   
16:04:49 [allowed]  
16:04:49 [STASH_COMPACT] §f                §7You have §31,856 §7materials stashed away!
16:04:49 [STASH_COMPACT] §f              §8(This totals 3 types of materials stashed!)
16:04:49 [STASH_COMPACT] §f                §3§l>>> §3§lCLICK HERE§b to pick them up! §3§l<<<
16:04:49 [STASH_COMPACT]   
16:05:25 [allowed] §aFriend > §r§bSillyEbola §r§eleft.
16:05:27 [NEW_VISITOR_ARRIVED] §a§r§aEmissary Wilson §r§ehas arrived on your §r§aGarden§r§e!
16:05:50 [allowed]  
16:05:50 [STASH_COMPACT] §f                     §7You have §a2 §7items stashed away!
16:05:50 [STASH_COMPACT] §f                §6§l>>> §6§lCLICK HERE§e to pick them up! §6§l<<<
16:05:50 [STASH_COMPACT]   
16:05:50 [allowed]  
16:05:50 [STASH_COMPACT] §f                §7You have §31,856 §7materials stashed away!
16:05:50 [STASH_COMPACT] §f              §8(This totals 3 types of materials stashed!)
16:05:50 [STASH_COMPACT] §f                §3§l>>> §3§lCLICK HERE§b to pick them up! §3§l<<<
16:05:50 [STASH_COMPACT]   
16:06:11 [allowed] §6§lGROSS! §7A §2Pest §7has appeared in §aPlot §7- §b19§7!
16:06:11 [allowed]   §r§e§lCLICK HERE §eto teleport to the plot!
16:06:50 [allowed]  
16:06:50 [STASH_COMPACT] §f                     §7You have §a2 §7items stashed away!
16:06:50 [STASH_COMPACT] §f                §6§l>>> §6§lCLICK HERE§e to pick them up! §6§l<<<
16:06:50 [STASH_COMPACT]   
16:06:50 [allowed]  
16:06:50 [STASH_COMPACT] §f                §7You have §31,856 §7materials stashed away!
16:06:50 [STASH_COMPACT] §f              §8(This totals 3 types of materials stashed!)
16:06:50 [STASH_COMPACT] §f                §3§l>>> §3§lCLICK HERE§b to pick them up! §3§l<<<
16:06:50 [STASH_COMPACT]   
16:07:46 [allowed] §aYou earned §r§e1,486 Event EXP §r§afrom playing SkyBlock!
16:07:51 [allowed]  
16:07:51 [STASH_COMPACT] §f                     §7You have §a2 §7items stashed away!
16:07:51 [STASH_COMPACT] §f                §6§l>>> §6§lCLICK HERE§e to pick them up! §6§l<<<
16:07:51 [STASH_COMPACT]   
16:07:51 [allowed]  
16:07:51 [STASH_COMPACT] §f                §7You have §31,856 §7materials stashed away!
16:07:51 [STASH_COMPACT] §f              §8(This totals 3 types of materials stashed!)
16:07:51 [STASH_COMPACT] §f                §3§l>>> §3§lCLICK HERE§b to pick them up! §3§l<<<
16:07:51 [STASH_COMPACT]   
16:08:20 [allowed] §cYou can't equip helmets with stack sizes greater than 1. §r§8(2)
16:08:51 [allowed]  
16:08:51 [STASH_COMPACT] §f                     §7You have §a2 §7items stashed away!
16:08:51 [STASH_COMPACT] §f                §6§l>>> §6§lCLICK HERE§e to pick them up! §6§l<<<
16:08:51 [STASH_COMPACT]   
16:08:51 [allowed]  
16:08:51 [STASH_COMPACT] §f                §7You have §31,856 §7materials stashed away!
16:08:51 [STASH_COMPACT] §f              §8(This totals 3 types of materials stashed!)
16:08:51 [STASH_COMPACT] §f                §3§l>>> §3§lCLICK HERE§b to pick them up! §3§l<<<
16:08:51 [STASH_COMPACT]   
16:09:51 [allowed]  
16:09:51 [STASH_COMPACT] §f                     §7You have §a2 §7items stashed away!
16:09:51 [STASH_COMPACT] §f                §6§l>>> §6§lCLICK HERE§e to pick them up! §6§l<<<
16:09:51 [STASH_COMPACT]   
16:09:51 [allowed]  
16:09:51 [STASH_COMPACT] §f                §7You have §31,856 §7materials stashed away!
16:09:51 [STASH_COMPACT] §f              §8(This totals 3 types of materials stashed!)
16:09:51 [STASH_COMPACT] §f                §3§l>>> §3§lCLICK HERE§b to pick them up! §3§l<<<
16:09:51 [STASH_COMPACT]   
16:10:27 [NEW_VISITOR_ARRIVED] §a§r§aRoyal Resident §r§ehas arrived on your §r§aGarden§r§e!
16:10:51 [allowed]  
16:10:51 [STASH_COMPACT] §f                     §7You have §a2 §7items stashed away!
16:10:51 [STASH_COMPACT] §f                §6§l>>> §6§lCLICK HERE§e to pick them up! §6§l<<<
16:10:51 [STASH_COMPACT]   
16:10:51 [allowed]  
16:10:51 [STASH_COMPACT] §f                §7You have §31,856 §7materials stashed away!
16:10:51 [STASH_COMPACT] §f              §8(This totals 3 types of materials stashed!)
16:10:51 [STASH_COMPACT] §f                §3§l>>> §3§lCLICK HERE§b to pick them up! §3§l<<<
16:10:51 [STASH_COMPACT]   
16:11:11 [allowed] §6[Bazaar] §r§7Executing instant sell...
16:11:11 [allowed] §6[Bazaar] §r§7Sold §r§a36§r§7x §r§fRed Mushroom §r§7for §r§6208.8 coins§r§7!
16:11:11 [allowed] §6[Bazaar] §r§7Sold §r§a1§r§7x §r§aJacob's Ticket §r§7for §r§610,441 coins§r§7!
16:11:11 [allowed] §6[Bazaar] §r§7Sold §r§a418§r§7x §r§aEnchanted Red Mushroom §r§7for §r§6645,977 coins§r§7!
16:11:22 [PEST_DROP] §eYou received §a22x Enchanted Red Mushroom §efor killing a §2Slug§e!
16:11:27 [PEST_DROP] §eYou received §a46x Enchanted Cactus Green §efor killing a §2Mite§e!
16:11:32 [allowed] §6[Sacks] §r§a+46§r§e items§r§e.§r§8 (Last 5s.)
16:11:51 [allowed]  
16:11:51 [STASH_COMPACT] §f                     §7You have §a2 §7items stashed away!
16:11:51 [STASH_COMPACT] §f                §6§l>>> §6§lCLICK HERE§e to pick them up! §6§l<<<
16:11:51 [STASH_COMPACT]   
16:11:51 [allowed]  
16:11:51 [STASH_COMPACT] §f                §7You have §31,856 §7materials stashed away!
16:11:51 [STASH_COMPACT] §f              §8(This totals 3 types of materials stashed!)
16:11:51 [STASH_COMPACT] §f                §3§l>>> §3§lCLICK HERE§b to pick them up! §3§l<<<
16:11:51 [STASH_COMPACT]   
16:12:33 [allowed] §6[Bazaar] §r§7Executing instant buy...
16:12:33 [allowed] §6[Bazaar] §r§7Bought §r§a1§r§7x §r§9Sunder VI §r§7for §r§636,010 coins§r§7!
16:12:47 [allowed] §aYou earned §r§e1,466 Event EXP §r§afrom playing SkyBlock!
16:12:51 [allowed]  
16:12:51 [STASH_COMPACT] §f                     §7You have §a2 §7items stashed away!
16:12:51 [STASH_COMPACT] §f                §6§l>>> §6§lCLICK HERE§e to pick them up! §6§l<<<
16:12:51 [STASH_COMPACT]   
16:12:51 [allowed]  
16:12:51 [STASH_COMPACT] §f                §7You have §31,856 §7materials stashed away!
16:12:51 [STASH_COMPACT] §f              §8(This totals 3 types of materials stashed!)
16:12:51 [STASH_COMPACT] §f                §3§l>>> §3§lCLICK HERE§b to pick them up! §3§l<<<
16:12:51 [STASH_COMPACT]   
16:12:52 [allowed] §6[Bazaar] §r§7Putting goods in escrow...
16:12:52 [allowed] §6[Bazaar] §r§7Submitting sell offer...
16:12:52 [allowed] §6[Bazaar] §r§7§r§eSell Offer Setup! §r§a1§r§7x §r§9Sunder VI §r§7for §r§635,560 coins§r§7.
16:13:18 [allowed] §6§lGROSS! §7A §2Pest §7has appeared in §aPlot §7- §b19§7!
16:13:18 [allowed]   §r§e§lCLICK HERE §eto teleport to the plot!
16:13:51 [allowed]  
16:13:51 [STASH_COMPACT] §f                     §7You have §a2 §7items stashed away!
16:13:51 [STASH_COMPACT] §f                §6§l>>> §6§lCLICK HERE§e to pick them up! §6§l<<<
16:13:51 [STASH_COMPACT]   
16:13:51 [allowed]  
16:13:51 [STASH_COMPACT] §f                §7You have §31,856 §7materials stashed away!
16:13:51 [STASH_COMPACT] §f              §8(This totals 3 types of materials stashed!)
16:13:51 [STASH_COMPACT] §f                §3§l>>> §3§lCLICK HERE§b to pick them up! §3§l<<<
16:13:51 [STASH_COMPACT]   
16:14:51 [allowed]  
16:14:51 [STASH_COMPACT] §f                     §7You have §a2 §7items stashed away!
16:14:51 [STASH_COMPACT] §f                §6§l>>> §6§lCLICK HERE§e to pick them up! §6§l<<<
16:14:51 [STASH_COMPACT]   
16:14:51 [allowed]  
16:14:51 [STASH_COMPACT] §f                §7You have §31,856 §7materials stashed away!
16:14:51 [STASH_COMPACT] §f              §8(This totals 3 types of materials stashed!)
16:14:51 [STASH_COMPACT] §f                §3§l>>> §3§lCLICK HERE§b to pick them up! §3§l<<<
16:14:51 [STASH_COMPACT]   
16:15:05 [allowed] §e[NPC] Jacob§f: §rMy contest has started!
16:15:07 [allowed] §e[NPC] Jacob§f: §rYour §9Anita's Artifact §fis giving you §6+25☘ Potato Fortune §fduring the contest!
16:15:51 [allowed]  
16:15:51 [STASH_COMPACT] §f                     §7You have §a2 §7items stashed away!
16:15:51 [STASH_COMPACT] §f                §6§l>>> §6§lCLICK HERE§e to pick them up! §6§l<<<
16:15:51 [STASH_COMPACT]   
16:15:51 [allowed]  
16:15:51 [STASH_COMPACT] §f                §7You have §31,856 §7materials stashed away!
16:15:51 [STASH_COMPACT] §f              §8(This totals 3 types of materials stashed!)
16:15:51 [STASH_COMPACT] §f                §3§l>>> §3§lCLICK HERE§b to pick them up! §3§l<<<
16:15:51 [STASH_COMPACT]   
16:16:42 [allowed] §5Rabbit Dog §r§7has been promoted to §r§7[144§r§7] §r§5Manager§r§7!
16:16:43 [allowed] §5Rabbit Dog §r§7has been promoted to §r§7[145§r§7] §r§5Manager§r§7!
16:16:44 [allowed] §5Rabbit Dog §r§7has been promoted to §r§7[146§r§7] §r§5Manager§r§7!
16:16:49 [allowed] §5Rabbit Dog §r§7has been promoted to §r§7[147§r§7] §r§5Manager§r§7!
16:16:51 [allowed] §5Rabbit Uncle §r§7has been promoted to §r§7[151§r§7] §r§5Manager§r§7!
16:16:51 [allowed]  
16:16:51 [STASH_COMPACT] §f                     §7You have §a2 §7items stashed away!
16:16:51 [STASH_COMPACT] §f                §6§l>>> §6§lCLICK HERE§e to pick them up! §6§l<<<
16:16:51 [STASH_COMPACT]   
16:16:51 [allowed]  
16:16:51 [STASH_COMPACT] §f                §7You have §31,856 §7materials stashed away!
16:16:51 [STASH_COMPACT] §f              §8(This totals 3 types of materials stashed!)
16:16:51 [STASH_COMPACT] §f                §3§l>>> §3§lCLICK HERE§b to pick them up! §3§l<<<
16:16:51 [STASH_COMPACT]   
16:16:52 [allowed] §5Rabbit Dog §r§7has been promoted to §r§7[148§r§7] §r§5Manager§r§7!
16:16:53 [allowed] §5Rabbit Uncle §r§7has been promoted to §r§7[152§r§7] §r§5Manager§r§7!
16:16:53 [allowed] §5Rabbit Dog §r§7has been promoted to §r§7[149§r§7] §r§5Manager§r§7!
16:16:55 [allowed] §5Rabbit Uncle §r§7has been promoted to §r§7[153§r§7] §r§5Manager§r§7!
16:16:56 [allowed] §5Rabbit Dog §r§7has been promoted to §r§7[150§r§7] §r§5Manager§r§7!
16:16:57 [allowed] §5Rabbit Uncle §r§7has been promoted to §r§7[154§r§7] §r§5Manager§r§7!
16:16:58 [allowed] §5Rabbit Dog §r§7has been promoted to §r§7[151§r§7] §r§5Manager§r§7!
16:16:59 [allowed] §6[Bazaar] §eYour §6Sell Offer §efor §a1§7x §9Sunder VI §ewas filled!
16:17:00 [allowed] §5Rabbit Uncle §r§7has been promoted to §r§7[155§r§7] §r§5Manager§r§7!
16:17:42 [NEW_VISITOR_ARRIVED] §a§r§aTrevor §r§ehas arrived on your §r§aGarden§r§e!
16:17:47 [allowed] §aYou earned §r§e1,042 Event EXP §r§afrom playing SkyBlock!
16:17:51 [allowed]  
16:17:51 [STASH_COMPACT] §f                     §7You have §a2 §7items stashed away!
16:17:51 [STASH_COMPACT] §f                §6§l>>> §6§lCLICK HERE§e to pick them up! §6§l<<<
16:17:51 [STASH_COMPACT]   
16:17:51 [allowed]  
16:17:51 [STASH_COMPACT] §f                §7You have §31,856 §7materials stashed away!
16:17:51 [STASH_COMPACT] §f              §8(This totals 3 types of materials stashed!)
16:17:51 [STASH_COMPACT] §f                §3§l>>> §3§lCLICK HERE§b to pick them up! §3§l<<<
16:17:51 [STASH_COMPACT]   
16:18:29 [allowed] §6§lGROSS! §7A §2Pest §7has appeared in §aPlot §7- §b5§7!
16:18:29 [allowed]   §r§e§lCLICK HERE §eto teleport to the plot!
16:18:52 [allowed]  
16:18:52 [STASH_COMPACT] §f                     §7You have §a2 §7items stashed away!
16:18:52 [STASH_COMPACT] §f                §6§l>>> §6§lCLICK HERE§e to pick them up! §6§l<<<
16:18:52 [STASH_COMPACT]   
16:18:52 [allowed]  
16:18:52 [STASH_COMPACT] §f                §7You have §31,856 §7materials stashed away!
16:18:52 [STASH_COMPACT] §f              §8(This totals 3 types of materials stashed!)
16:18:52 [STASH_COMPACT] §f                §3§l>>> §3§lCLICK HERE§b to pick them up! §3§l<<<
16:18:52 [STASH_COMPACT]   
16:19:52 [allowed]  
16:19:52 [STASH_COMPACT] §f                     §7You have §a2 §7items stashed away!
16:19:52 [STASH_COMPACT] §f                §6§l>>> §6§lCLICK HERE§e to pick them up! §6§l<<<
16:19:52 [STASH_COMPACT]   
16:19:52 [allowed]  
16:19:52 [STASH_COMPACT] §f                §7You have §31,856 §7materials stashed away!
16:19:52 [STASH_COMPACT] §f              §8(This totals 3 types of materials stashed!)
16:19:52 [STASH_COMPACT] §f                §3§l>>> §3§lCLICK HERE§b to pick them up! §3§l<<<
16:19:52 [STASH_COMPACT]   
16:20:52 [allowed]  
16:20:52 [STASH_COMPACT] §f                     §7You have §a2 §7items stashed away!
16:20:52 [STASH_COMPACT] §f                §6§l>>> §6§lCLICK HERE§e to pick them up! §6§l<<<
16:20:52 [STASH_COMPACT]   
16:20:52 [allowed]  
16:20:52 [STASH_COMPACT] §f                §7You have §31,856 §7materials stashed away!
16:20:52 [STASH_COMPACT] §f              §8(This totals 3 types of materials stashed!)
16:20:52 [STASH_COMPACT] §f                §3§l>>> §3§lCLICK HERE§b to pick them up! §3§l<<<
16:20:52 [STASH_COMPACT]   
16:21:52 [allowed]  
16:21:52 [STASH_COMPACT] §f                     §7You have §a2 §7items stashed away!
16:21:52 [STASH_COMPACT] §f                §6§l>>> §6§lCLICK HERE§e to pick them up! §6§l<<<
16:21:52 [STASH_COMPACT]   
16:21:52 [allowed]  
16:21:52 [STASH_COMPACT] §f                §7You have §31,856 §7materials stashed away!
16:21:52 [STASH_COMPACT] §f              §8(This totals 3 types of materials stashed!)
16:21:52 [STASH_COMPACT] §f                §3§l>>> §3§lCLICK HERE§b to pick them up! §3§l<<<
16:21:52 [STASH_COMPACT]   
16:22:48 [allowed] §aYou earned §r§e1,290 Event EXP §r§afrom playing SkyBlock!
16:22:52 [allowed]  
16:22:52 [STASH_COMPACT] §f                     §7You have §a2 §7items stashed away!
16:22:52 [STASH_COMPACT] §f                §6§l>>> §6§lCLICK HERE§e to pick them up! §6§l<<<
16:22:52 [STASH_COMPACT]   
16:22:52 [allowed]  
16:22:52 [STASH_COMPACT] §f                §7You have §31,856 §7materials stashed away!
16:22:52 [STASH_COMPACT] §f              §8(This totals 3 types of materials stashed!)
16:22:52 [STASH_COMPACT] §f                §3§l>>> §3§lCLICK HERE§b to pick them up! §3§l<<<
16:22:52 [STASH_COMPACT]   
16:22:54 [NEW_VISITOR_ARRIVED] §a§r§aLumber Jack §r§ehas arrived on your §r§aGarden§r§e!
16:23:41 [allowed] §6§lGROSS! §7A §2Pest §7has appeared in §aPlot §7- §b7§7!
16:23:41 [allowed]   §r§e§lCLICK HERE §eto teleport to the plot!
16:23:52 [allowed]  
16:23:52 [STASH_COMPACT] §f                     §7You have §a2 §7items stashed away!
16:23:52 [STASH_COMPACT] §f                §6§l>>> §6§lCLICK HERE§e to pick them up! §6§l<<<
16:23:52 [STASH_COMPACT]   
16:23:52 [allowed]  
16:23:52 [STASH_COMPACT] §f                §7You have §31,856 §7materials stashed away!
16:23:52 [STASH_COMPACT] §f              §8(This totals 3 types of materials stashed!)
16:23:52 [STASH_COMPACT] §f                §3§l>>> §3§lCLICK HERE§b to pick them up! §3§l<<<
16:23:52 [STASH_COMPACT]   
16:24:52 [allowed]  
16:24:52 [STASH_COMPACT] §f                     §7You have §a2 §7items stashed away!
16:24:52 [STASH_COMPACT] §f                §6§l>>> §6§lCLICK HERE§e to pick them up! §6§l<<<
16:24:52 [STASH_COMPACT]   
16:24:52 [allowed]  
16:24:52 [STASH_COMPACT] §f                §7You have §31,856 §7materials stashed away!
16:24:52 [STASH_COMPACT] §f              §8(This totals 3 types of materials stashed!)
16:24:52 [STASH_COMPACT] §f                §3§l>>> §3§lCLICK HERE§b to pick them up! §3§l<<<
16:24:52 [STASH_COMPACT]   
16:25:52 [allowed]  
16:25:52 [STASH_COMPACT] §f                     §7You have §a2 §7items stashed away!
16:25:52 [STASH_COMPACT] §f                §6§l>>> §6§lCLICK HERE§e to pick them up! §6§l<<<
16:25:52 [STASH_COMPACT]   
16:25:52 [allowed]  
16:25:52 [STASH_COMPACT] §f                §7You have §31,856 §7materials stashed away!
16:25:52 [STASH_COMPACT] §f              §8(This totals 3 types of materials stashed!)
16:25:52 [STASH_COMPACT] §f                §3§l>>> §3§lCLICK HERE§b to pick them up! §3§l<<<
16:25:52 [STASH_COMPACT]   
16:26:52 [allowed]  
16:26:52 [STASH_COMPACT] §f                     §7You have §a2 §7items stashed away!
16:26:52 [STASH_COMPACT] §f                §6§l>>> §6§lCLICK HERE§e to pick them up! §6§l<<<
16:26:52 [STASH_COMPACT]   
16:26:52 [allowed]  
16:26:52 [STASH_COMPACT] §f                §7You have §31,856 §7materials stashed away!
16:26:52 [STASH_COMPACT] §f              §8(This totals 3 types of materials stashed!)
16:26:52 [STASH_COMPACT] §f                §3§l>>> §3§lCLICK HERE§b to pick them up! §3§l<<<
16:26:52 [STASH_COMPACT]   
16:27:02 [NEW_VISITOR_ARRIVED] §a§r§aLeo §r§ehas arrived on your §r§aGarden§r§e!
16:27:33 [PEST_DROP] §eYou received §a23x Enchanted Red Mushroom §efor killing a §2Slug§e!
16:27:45 [allowed] §3§l▬▬▬▬▬▬▬▬▬▬▬▬▬▬▬▬▬▬▬▬▬▬▬▬▬▬▬▬▬▬▬▬▬▬▬▬▬▬▬▬▬▬▬▬▬▬▬▬▬▬▬▬▬▬▬▬▬▬▬▬▬▬▬▬
16:27:45 [allowed]  
16:27:45 [BESTIARY] §f                                  §6§lBESTIARY
16:27:45 [BESTIARY] §f                              §b§lBeetle §7§8VI §8➡§b §bVII
16:27:45 [BESTIARY] 
16:27:45 [BESTIARY] §f                                  §r§6§lREWARDS
16:27:45 [BESTIARY] §f                          §r§6+0.4☘ Farming Fortune
16:27:45 [BESTIARY] §f                              §r§8+§r§62% §r§aBeetle §r§7coins
16:27:45 [BESTIARY] §f                    §r§8+§r§a50% §r§7chance for extra XP orbs
16:27:45 [BESTIARY] §f                               §r§8+§r§b1 SkyBlock XP
16:27:45 [BESTIARY] 
16:27:45 [BESTIARY] §3§l▬▬▬▬▬▬▬▬▬▬▬▬▬▬▬▬▬▬▬▬▬▬▬▬▬▬▬▬▬▬▬▬▬▬▬▬▬▬▬▬▬▬▬▬▬▬▬▬▬▬▬▬▬▬▬▬▬▬▬▬▬▬▬▬
16:27:45 [PEST_DROP] §eYou received §a66x Enchanted Nether Wart §efor killing a §2Beetle§e!
16:27:48 [allowed] §aYou earned §r§e1,486 Event EXP §r§afrom playing SkyBlock!
16:27:51 [allowed] §6[Sacks] §r§a+66§r§e items§r§e.§r§8 (Last 5s.)
16:27:53 [allowed]  
16:27:53 [STASH_COMPACT] §f                     §7You have §a2 §7items stashed away!
16:27:53 [STASH_COMPACT] §f                §6§l>>> §6§lCLICK HERE§e to pick them up! §6§l<<<
16:27:53 [STASH_COMPACT]   
16:27:53 [allowed]  
16:27:53 [STASH_COMPACT] §f                §7You have §31,856 §7materials stashed away!
16:27:53 [STASH_COMPACT] §f              §8(This totals 3 types of materials stashed!)
16:27:53 [STASH_COMPACT] §f                §3§l>>> §3§lCLICK HERE§b to pick them up! §3§l<<<
16:27:53 [STASH_COMPACT]   
16:28:10 [allowed] §4ൠ §r§7The Worm seems to have burrowed its way to somewhere else in the plot!
16:28:13 [PEST_DROP] §eYou received §a115x Enchanted Melon §efor killing an §2Earthworm§e!
16:28:19 [allowed] §6[Sacks] §r§a+115§r§e items§r§e.§r§8 (Last 5s.)
16:28:53 [allowed]  
16:28:53 [STASH_COMPACT] §f                     §7You have §a2 §7items stashed away!
16:28:53 [STASH_COMPACT] §f                §6§l>>> §6§lCLICK HERE§e to pick them up! §6§l<<<
16:28:53 [STASH_COMPACT]   
16:28:53 [allowed]  
16:28:53 [STASH_COMPACT] §f                §7You have §31,856 §7materials stashed away!
16:28:53 [STASH_COMPACT] §f              §8(This totals 3 types of materials stashed!)
16:28:53 [STASH_COMPACT] §f                §3§l>>> §3§lCLICK HERE§b to pick them up! §3§l<<<
16:28:53 [STASH_COMPACT]   
16:28:53 [allowed] §6[Bazaar] §r§7Executing instant sell...
16:28:53 [allowed] §6[Bazaar] §r§7Sold §r§a127§r§7x §r§fRed Mushroom §r§7for §r§6749.3 coins§r§7!
16:28:53 [allowed] §6[Bazaar] §r§7Sold §r§a1§r§7x §r§aPlant Matter §r§7for §r§622,956 coins§r§7!
16:28:53 [allowed] §6[Bazaar] §r§7Sold §r§a650§r§7x §r§aEnchanted Red Mushroom §r§7for §r§61,004,510 coins§r§7!
16:29:01 [GARDEN_VISITOR_MESSAGE] §e[NPC] §aEmissary Wilson§f: §r§fThe King's least favorite vegetable is carrot, so he sent me, his favorite emissary, to make it better!
16:29:53 [allowed]  
16:29:53 [STASH_COMPACT] §f                     §7You have §a2 §7items stashed away!
16:29:53 [STASH_COMPACT] §f                §6§l>>> §6§lCLICK HERE§e to pick them up! §6§l<<<
16:29:53 [STASH_COMPACT]   
16:29:53 [allowed]  
16:29:53 [STASH_COMPACT] §f                §7You have §31,856 §7materials stashed away!
16:29:53 [STASH_COMPACT] §f              §8(This totals 3 types of materials stashed!)
16:29:53 [STASH_COMPACT] §f                §3§l>>> §3§lCLICK HERE§b to pick them up! §3§l<<<
16:29:53 [STASH_COMPACT]   
16:30:12 [allowed] §6[Bazaar] §r§7Executing instant buy...
16:30:13 [allowed] §6[Bazaar] §r§7Bought §r§a7§r§7x §r§aEnchanted Golden Carrot §r§7for §r§6585,196 coins§r§7!
16:30:14 [allowed] §6§lOFFER ACCEPTED §r§8with §r§aEmissary Wilson §r§8(§r§a§lUNCOMMON§r§8)
16:30:14 [allowed] 
16:30:14 [allowed]   §r§a§lREWARDS
16:30:14 [allowed]     §r§8+§r§215 §r§7Garden Experience
16:30:14 [allowed]     §r§8+§r§328.7k §r§7Farming XP
16:30:14 [allowed]     §r§8+§r§c27 Copper
16:30:14 [allowed]     §r§7§8+§21,912 Mithril Powder
16:30:14 [allowed] 
16:30:14 [GARDEN_VISITOR_MESSAGE] §e[NPC] §aEmissary Wilson§f: §r§fI'm sure that by giving him his least favorite vegetable, he'll make me his favoritest emissary!
16:30:35 [allowed] §e§l▬▬▬▬▬▬▬▬▬▬▬▬▬▬▬▬▬▬▬▬▬▬▬▬▬▬▬▬▬▬▬▬▬▬▬▬▬▬▬▬▬▬▬▬▬▬▬▬▬▬▬▬▬▬▬▬▬▬▬▬▬▬▬▬
16:30:35 [allowed]   §r§6§lCROP UPGRADE §eMushroom§7 #5
16:30:35 [allowed]    §r§b§lCO-OP » §r§7You unlocked the tier
16:30:35 [allowed] 
16:30:35 [allowed]   §r§a§lREWARDS
16:30:35 [allowed]     §r§7§8+§b1 SkyBlock XP
16:30:35 [allowed]     §r§7§6+5☘ Mushroom Fortune
16:30:35 [allowed] §e§l▬▬▬▬▬▬▬▬▬▬▬▬▬▬▬▬▬▬▬▬▬▬▬▬▬▬▬▬▬▬▬▬▬▬▬▬▬▬▬▬▬▬▬▬▬▬▬▬▬▬▬▬▬▬▬▬▬▬▬▬▬▬▬▬
16:30:38 [allowed] §e§l▬▬▬▬▬▬▬▬▬▬▬▬▬▬▬▬▬▬▬▬▬▬▬▬▬▬▬▬▬▬▬▬▬▬▬▬▬▬▬▬▬▬▬▬▬▬▬▬▬▬▬▬▬▬▬▬▬▬▬▬▬▬▬▬
16:30:38 [allowed]   §r§6§lCROP UPGRADE §eMushroom§7 #6
16:30:38 [allowed]    §r§b§lCO-OP » §r§7You unlocked the tier
16:30:38 [allowed] 
16:30:38 [allowed]   §r§a§lREWARDS
16:30:38 [allowed]     §r§7§8+§b1 SkyBlock XP
16:30:38 [allowed]     §r§7§6+5☘ Mushroom Fortune
16:30:38 [allowed] §e§l▬▬▬▬▬▬▬▬▬▬▬▬▬▬▬▬▬▬▬▬▬▬▬▬▬▬▬▬▬▬▬▬▬▬▬▬▬▬▬▬▬▬▬▬▬▬▬▬▬▬▬▬▬▬▬▬▬▬▬▬▬▬▬▬
16:30:40 [GARDEN_VISITOR_MESSAGE] §e[NPC] §aRoyal Resident§f: §r§fMy neighbor told me to get off his property, but he doesn't even own this place!
16:30:53 [allowed]  
16:30:53 [STASH_COMPACT] §f                     §7You have §a2 §7items stashed away!
16:30:53 [STASH_COMPACT] §f                §6§l>>> §6§lCLICK HERE§e to pick them up! §6§l<<<
16:30:53 [STASH_COMPACT]   
16:30:53 [allowed]  
16:30:53 [STASH_COMPACT] §f                §7You have §31,856 §7materials stashed away!
16:30:53 [STASH_COMPACT] §f              §8(This totals 3 types of materials stashed!)
16:30:53 [STASH_COMPACT] §f                §3§l>>> §3§lCLICK HERE§b to pick them up! §3§l<<<
16:30:53 [STASH_COMPACT]   
16:31:00 [allowed] §6[Bazaar] §r§7Executing instant buy...
16:31:00 [allowed] §6[Bazaar] §r§7Bought §r§a240§r§7x §r§aEnchanted Pumpkin §r§7for §r§6390,600 coins§r§7!
16:31:02 [allowed] §6§lOFFER ACCEPTED §r§8with §r§aRoyal Resident §r§8(§r§a§lUNCOMMON§r§8)
16:31:02 [allowed] 
16:31:02 [allowed]   §r§a§lREWARDS
16:31:02 [allowed]     §r§8+§r§215 §r§7Garden Experience
16:31:02 [allowed]     §r§8+§r§38.7k §r§7Farming XP
16:31:02 [allowed]     §r§8+§r§c29 Copper
16:31:02 [allowed] 
16:31:02 [GARDEN_VISITOR_MESSAGE] §e[NPC] §aRoyal Resident§f: §rMaybe I have to talk to the King about him. He is going too far. I think the current King is §l§6Redros§f.
16:31:03 [GARDEN_VISITOR_MESSAGE] §e[NPC] §aTrevor§f: §r§fI've been tracking an animal for the past few days. Got anything I could use as bait?
16:31:19 [allowed] §6[Bazaar] §r§7Executing instant buy...
16:31:19 [allowed] §6[Bazaar] §r§7Bought §r§a232§r§7x §r§aEnchanted Wheat §r§7for §r§6222,650 coins§r§7!
16:31:20 [GARDEN_VISITOR_MESSAGE] §e[NPC] §aLumber Jack§f: §r§fMy assistant is feeling off, and I think we could do with a hearty meal. Do you think you can help us out?
16:31:24 [allowed] §6§lOFFER ACCEPTED §r§8with §r§aTrevor §r§8(§r§a§lUNCOMMON§r§8)
16:31:24 [allowed] 
16:31:24 [allowed]   §r§a§lREWARDS
16:31:24 [allowed]     §r§8+§r§215 §r§7Garden Experience
16:31:24 [allowed]     §r§8+§r§37.4k §r§7Farming XP
16:31:24 [allowed]     §r§8+§r§c24 Copper
16:31:24 [allowed]     §r§7§8+§52 Pelts
16:31:24 [allowed] 
16:31:24 [GARDEN_VISITOR_MESSAGE] §e[NPC] §aTrevor§f: §r§fThis should do nicely. I'll have plenty of pelts by the end of the day.
16:31:38 [allowed] §6[Bazaar] §r§7Executing instant buy...
16:31:38 [allowed] §6[Bazaar] §r§7Bought §r§a6§r§7x §r§9Enchanted Red Mushroom Block §r§7for §r§6305,841 coins§r§7!
16:31:40 [allowed] §6§lOFFER ACCEPTED §r§8with §r§aLumber Jack §r§8(§r§a§lUNCOMMON§r§8)
16:31:40 [allowed] 
16:31:40 [allowed]   §r§a§lREWARDS
16:31:40 [allowed]     §r§8+§r§215 §r§7Garden Experience
16:31:40 [allowed]     §r§8+§r§38.4k §r§7Farming XP
16:31:40 [allowed]     §r§8+§r§c19 Copper
16:31:40 [allowed] 
16:31:40 [GARDEN_VISITOR_MESSAGE] §e[NPC] §aLumber Jack§f: §r§fThank you! I'm sure this will make him feel better.
16:31:42 [GARDEN_VISITOR_MESSAGE] §e[NPC] §aLeo§f: §r§fSadly you can't gather logs in the §aThe Garden§f, however there are plenty of crops here!
16:31:53 [allowed]  
16:31:53 [STASH_COMPACT] §f                     §7You have §a2 §7items stashed away!
16:31:53 [STASH_COMPACT] §f                §6§l>>> §6§lCLICK HERE§e to pick them up! §6§l<<<
16:31:53 [STASH_COMPACT]   
16:31:53 [allowed]  
16:31:53 [STASH_COMPACT] §f                §7You have §31,856 §7materials stashed away!
16:31:53 [STASH_COMPACT] §f              §8(This totals 3 types of materials stashed!)
16:31:53 [STASH_COMPACT] §f                §3§l>>> §3§lCLICK HERE§b to pick them up! §3§l<<<
16:31:53 [STASH_COMPACT]   
16:31:59 [allowed] §6[Bazaar] §r§7Executing instant buy...
16:31:59 [allowed] §6[Bazaar] §r§7Bought §r§a143§r§7x §r§aEnchanted Pumpkin §r§7for §r§6232,718 coins§r§7!
16:32:01 [allowed] §6§lOFFER ACCEPTED §r§8with §r§aLeo §r§8(§r§a§lUNCOMMON§r§8)
16:32:01 [allowed] 
16:32:01 [allowed]   §r§a§lREWARDS
16:32:01 [allowed]     §r§8+§r§215 §r§7Garden Experience
16:32:01 [allowed]     §r§8+§r§35.1k §r§7Farming XP
16:32:01 [allowed]     §r§8+§r§c17 Copper
16:32:01 [allowed] 
16:32:01 [GARDEN_VISITOR_MESSAGE] §e[NPC] §aLeo§f: §r§fUntil next time!
16:32:49 [allowed] §aYou earned §r§e1,172 Event EXP §r§afrom playing SkyBlock!
16:32:53 [allowed]  
16:32:53 [STASH_COMPACT] §f                     §7You have §a2 §7items stashed away!
16:32:53 [STASH_COMPACT] §f                §6§l>>> §6§lCLICK HERE§e to pick them up! §6§l<<<
16:32:53 [STASH_COMPACT]   
16:32:53 [allowed]  
16:32:53 [STASH_COMPACT] §f                §7You have §31,856 §7materials stashed away!
16:32:53 [STASH_COMPACT] §f              §8(This totals 3 types of materials stashed!)
16:32:53 [STASH_COMPACT] §f                §3§l>>> §3§lCLICK HERE§b to pick them up! §3§l<<<
16:32:53 [STASH_COMPACT]   
16:33:44 [allowed] §6§lGROSS! §7A §2Pest §7has appeared in §aPlot §7- §b19§7!
16:33:44 [allowed]   §r§e§lCLICK HERE §eto teleport to the plot!
16:33:53 [allowed]  
16:33:53 [STASH_COMPACT] §f                     §7You have §a2 §7items stashed away!
16:33:53 [STASH_COMPACT] §f                §6§l>>> §6§lCLICK HERE§e to pick them up! §6§l<<<
16:33:53 [STASH_COMPACT]   
16:33:53 [allowed]  
16:33:53 [STASH_COMPACT] §f                §7You have §31,856 §7materials stashed away!
16:33:53 [STASH_COMPACT] §f              §8(This totals 3 types of materials stashed!)
16:33:53 [STASH_COMPACT] §f                §3§l>>> §3§lCLICK HERE§b to pick them up! §3§l<<<
16:33:53 [STASH_COMPACT]   
16:34:52 [NEW_VISITOR_ARRIVED] §a§r§aAndrew §r§ehas arrived on your §r§aGarden§r§e!
16:34:53 [allowed]  
16:34:53 [STASH_COMPACT] §f                     §7You have §a2 §7items stashed away!
16:34:53 [STASH_COMPACT] §f                §6§l>>> §6§lCLICK HERE§e to pick them up! §6§l<<<
16:34:53 [STASH_COMPACT]   
16:34:53 [allowed]  
16:34:53 [STASH_COMPACT] §f                §7You have §31,856 §7materials stashed away!
16:34:53 [STASH_COMPACT] §f              §8(This totals 3 types of materials stashed!)
16:34:53 [STASH_COMPACT] §f                §3§l>>> §3§lCLICK HERE§b to pick them up! §3§l<<<
16:34:53 [STASH_COMPACT]   
16:35:51 [allowed] §3§l▬▬▬▬▬▬▬▬▬▬▬▬▬▬▬▬▬▬▬▬▬▬▬▬▬▬▬▬▬▬▬▬▬▬▬▬▬▬▬▬▬▬▬▬▬▬▬▬▬▬▬▬▬▬▬▬▬▬▬▬▬▬▬▬
16:35:51 [allowed]   §r§b§lSKILL LEVEL UP §3Farming §8XXIX➜§3XXX
16:35:51 [allowed] 
16:35:51 [allowed]   §r§a§lREWARDS
16:35:51 [allowed]    §r§eFarmhand XXX
16:35:51 [allowed]    §r  §7§fGrants §a+§8116➜§a120§f §6☘ Farming Fortune§f, which increases your
16:35:51 [allowed]    §r  §fchance for multiple crops.
16:35:51 [allowed]    §r§7§8+§a5 §c❤ Health
16:35:51 [allowed]    §r§7§8+§6350,000 §7Coins
16:35:51 [allowed]    §r§7§8+§b20 SkyBlock XP
16:35:51 [allowed] §3§l▬▬▬▬▬▬▬▬▬▬▬▬▬▬▬▬▬▬▬▬▬▬▬▬▬▬▬▬▬▬▬▬▬▬▬▬▬▬▬▬▬▬▬▬▬▬▬▬▬▬▬▬▬▬▬▬▬▬▬▬▬▬▬▬
16:35:53 [allowed]  
16:35:53 [allowed] §f                          §r§3§lSKYBLOCK LEVEL UP
16:35:53 [allowed] §f                             §r§aLevel §r§8134 ➡ §r§8[§r§a135§r§8]
16:35:53 [allowed]  
16:35:53 [allowed] §f                                  §r§6§lREWARDS
16:35:53 [allowed] §f                               §r§8+§r§a1 §r§c❁ Strength
16:35:53 [allowed] §f                                 §r§8+§r§a5 §r§c❤ Health
16:35:53 [allowed]  
16:35:53 [allowed]  
16:35:53 [STASH_COMPACT] §f                     §7You have §a2 §7items stashed away!
16:35:53 [STASH_COMPACT] §f                §6§l>>> §6§lCLICK HERE§e to pick them up! §6§l<<<
16:35:53 [STASH_COMPACT]   
16:35:53 [allowed]  
16:35:53 [STASH_COMPACT] §f                §7You have §31,856 §7materials stashed away!
16:35:53 [STASH_COMPACT] §f              §8(This totals 3 types of materials stashed!)
16:35:53 [STASH_COMPACT] §f                §3§l>>> §3§lCLICK HERE§b to pick them up! §3§l<<<
16:35:53 [STASH_COMPACT]   
16:36:54 [allowed]  
16:36:54 [STASH_COMPACT] §f                     §7You have §a2 §7items stashed away!
16:36:54 [STASH_COMPACT] §f                §6§l>>> §6§lCLICK HERE§e to pick them up! §6§l<<<
16:36:54 [STASH_COMPACT]   
16:36:54 [allowed]  
16:36:54 [STASH_COMPACT] §f                §7You have §31,856 §7materials stashed away!
16:36:54 [STASH_COMPACT] §f              §8(This totals 3 types of materials stashed!)
16:36:54 [STASH_COMPACT] §f                §3§l>>> §3§lCLICK HERE§b to pick them up! §3§l<<<
16:36:54 [STASH_COMPACT]   
16:36:58 [allowed] §6[Bazaar] §r§7Executing instant sell...
16:36:58 [allowed] §6[Bazaar] §r§7Sold §r§a201§r§7x §r§aEnchanted Red Mushroom §r§7for §r§6310,625 coins§r§7!
16:36:58 [allowed] §6[Bazaar] §r§7Sold §r§a65§r§7x §r§fRed Mushroom §r§7for §r§6377.0 coins§r§7!
16:37:49 [allowed] §aYou earned §r§e1,470 Event EXP §r§afrom playing SkyBlock!
16:37:54 [allowed]  
16:37:54 [STASH_COMPACT] §f                     §7You have §a2 §7items stashed away!
16:37:54 [STASH_COMPACT] §f                §6§l>>> §6§lCLICK HERE§e to pick them up! §6§l<<<
16:37:54 [STASH_COMPACT]   
16:37:54 [allowed]  
16:37:54 [STASH_COMPACT] §f                §7You have §31,856 §7materials stashed away!
16:37:54 [STASH_COMPACT] §f              §8(This totals 3 types of materials stashed!)
16:37:54 [STASH_COMPACT] §f                §3§l>>> §3§lCLICK HERE§b to pick them up! §3§l<<<
16:37:54 [STASH_COMPACT]   
16:38:26 [allowed] §cThis ability is on cooldown for 1s.
16:38:29 [allowed] §3§l▬▬▬▬▬▬▬▬▬▬▬▬▬▬▬▬▬▬▬▬▬▬▬▬▬▬▬▬▬▬▬▬▬▬▬▬▬▬▬▬▬▬▬▬▬▬▬▬▬▬▬▬▬▬▬▬▬▬▬▬▬▬▬▬
16:38:29 [allowed]  
16:38:29 [BESTIARY] §f                                  §6§lBESTIARY
16:38:29 [BESTIARY] §f                             §b§lLocust §7§8VII §8➡§b §bVIII
16:38:29 [BESTIARY] 
16:38:29 [BESTIARY] §f                                  §r§6§lREWARDS
16:38:29 [BESTIARY] §f                          §r§6+0.4☘ Farming Fortune
16:38:29 [BESTIARY] §f                              §r§8+§r§62% §r§aLocust §r§7coins
16:38:29 [BESTIARY] §f                    §r§8+§r§a50% §r§7chance for extra XP orbs
16:38:29 [BESTIARY] §f                               §r§8+§r§b1 SkyBlock XP
16:38:29 [BESTIARY] 
16:38:29 [BESTIARY] §3§l▬▬▬▬▬▬▬▬▬▬▬▬▬▬▬▬▬▬▬▬▬▬▬▬▬▬▬▬▬▬▬▬▬▬▬▬▬▬▬▬▬▬▬▬▬▬▬▬▬▬▬▬▬▬▬▬▬▬▬▬▬▬▬▬
16:38:29 [PEST_DROP] §eYou received §a76x Enchanted Potato §efor killing a §2Locust§e!
16:38:32 [allowed] §cThere are not any Pests on your Garden right now! Keep farming!
16:38:35 [allowed] §6[Sacks] §r§a+76§r§e items§r§e.§r§8 (Last 5s.)
16:38:54 [allowed]  
16:38:54 [STASH_COMPACT] §f                     §7You have §a2 §7items stashed away!
16:38:54 [STASH_COMPACT] §f                §6§l>>> §6§lCLICK HERE§e to pick them up! §6§l<<<
16:38:54 [STASH_COMPACT]   
16:38:54 [allowed]  
16:38:54 [STASH_COMPACT] §f                §7You have §31,856 §7materials stashed away!
16:38:54 [STASH_COMPACT] §f              §8(This totals 3 types of materials stashed!)
16:38:54 [STASH_COMPACT] §f                §3§l>>> §3§lCLICK HERE§b to pick them up! §3§l<<<
16:38:54 [STASH_COMPACT]   
16:39:01 [allowed] §7Finding player...
16:39:06 [allowed] §7Sending a visit request...
16:39:06 [allowed] §7Sending to server mini1028A...
16:39:07 [allowed] §8 §r§8 §r§1 §r§3 §r§3 §r§7 §r§8 
16:39:09 [allowed]  
16:39:09 [allowed] §f       §7You have §32 §7pending §3Bestiary Milestones §7to be claimed!
16:39:09 [allowed] §f                  §6§l>>> §6§lCLICK HERE§e to claim them! §6§l<<<
16:39:09 [allowed]   
16:39:09 [allowed] §f§m-----------------------------------------------------
§r§cYou should NEVER enter your Microsoft account details anywhere but on official Microsoft services!

§r§cExternal links from untrusted sources should be avoided.
§r§f§m-----------------------------------------------------
16:39:10 [allowed] §aYou are playing on profile: §ePear§b (Co-op)
16:39:10 [allowed] §8Profile ID: da202b41-03b4-4acb-b131-26b3b789ffbc
16:39:11 [allowed] §7Sending to server mini1015K...
16:39:11 [allowed] §8 §r§8 §r§1 §r§3 §r§3 §r§7 §r§8 
16:39:12 [allowed]  
16:39:12 [allowed] §f       §7You have §32 §7pending §3Bestiary Milestones §7to be claimed!
16:39:12 [allowed] §f                  §6§l>>> §6§lCLICK HERE§e to claim them! §6§l<<<
16:39:12 [allowed]   
16:39:14 [allowed] §aYou are playing on profile: §ePear§b (Co-op)
16:39:14 [allowed] §8Profile ID: da202b41-03b4-4acb-b131-26b3b789ffbc
16:39:16 [allowed] §3§l▬▬▬▬▬▬▬▬▬▬▬▬▬▬▬▬▬▬▬▬▬▬▬▬▬▬▬▬▬▬▬▬▬▬▬▬▬▬▬▬▬▬▬▬▬▬▬▬▬▬▬▬▬▬▬▬▬▬▬▬▬▬▬▬
16:39:16 [allowed]  
16:39:16 [allowed] §f                         §r§6§lBESTIARY MILESTONE
16:39:16 [allowed] §f                                 §r§8XCII §r§8➡§r§e §r§eXCIII
16:39:16 [allowed]  
16:39:16 [allowed] §f                                   §r§6§lREWARD
16:39:16 [allowed] §f                                 §r§8+§r§a1 §r§c❤ Health
16:39:16 [allowed]  
16:39:16 [allowed] §3§l▬▬▬▬▬▬▬▬▬▬▬▬▬▬▬▬▬▬▬▬▬▬▬▬▬▬▬▬▬▬▬▬▬▬▬▬▬▬▬▬▬▬▬▬▬▬▬▬▬▬▬▬▬▬▬▬▬▬▬▬▬▬▬▬
16:39:17 [allowed] §3§l▬▬▬▬▬▬▬▬▬▬▬▬▬▬▬▬▬▬▬▬▬▬▬▬▬▬▬▬▬▬▬▬▬▬▬▬▬▬▬▬▬▬▬▬▬▬▬▬▬▬▬▬▬▬▬▬▬▬▬▬▬▬▬▬
16:39:17 [allowed]  
16:39:17 [allowed] §f                         §r§6§lBESTIARY MILESTONE
16:39:17 [allowed] §f                                §r§8XCIII §r§8➡§r§e §r§eXCIV
16:39:17 [allowed]  
16:39:17 [allowed] §f                                   §r§6§lREWARD
16:39:17 [allowed] §f                                 §r§8+§r§a1 §r§c❤ Health
16:39:17 [allowed]  
16:39:17 [allowed] §3§l▬▬▬▬▬▬▬▬▬▬▬▬▬▬▬▬▬▬▬▬▬▬▬▬▬▬▬▬▬▬▬▬▬▬▬▬▬▬▬▬▬▬▬▬▬▬▬▬▬▬▬▬▬▬▬▬▬▬▬▬▬▬▬▬
16:39:18 [allowed]  
16:39:18 [STASH_COMPACT] §f                     §7You have §a2 §7items stashed away!
16:39:18 [STASH_COMPACT] §f                §6§l>>> §6§lCLICK HERE§e to pick them up! §6§l<<<
16:39:18 [STASH_COMPACT]   
16:39:18 [allowed]  
16:39:18 [STASH_COMPACT] §f                §7You have §31,856 §7materials stashed away!
16:39:18 [STASH_COMPACT] §f              §8(This totals 3 types of materials stashed!)
16:39:18 [STASH_COMPACT] §f                §3§l>>> §3§lCLICK HERE§b to pick them up! §3§l<<<
16:39:18 [STASH_COMPACT]   
16:39:22 [allowed] §8[§r§721§r§8] §r§b[MVP§c+§b] blast25§f§r§f: lol
16:40:18 [allowed]  
16:40:18 [STASH_COMPACT] §f                     §7You have §a2 §7items stashed away!
16:40:18 [STASH_COMPACT] §f                §6§l>>> §6§lCLICK HERE§e to pick them up! §6§l<<<
16:40:18 [STASH_COMPACT]   
16:40:18 [allowed]  
16:40:18 [STASH_COMPACT] §f                §7You have §31,856 §7materials stashed away!
16:40:18 [STASH_COMPACT] §f              §8(This totals 3 types of materials stashed!)
16:40:18 [STASH_COMPACT] §f                §3§l>>> §3§lCLICK HERE§b to pick them up! §3§l<<<
16:40:18 [STASH_COMPACT]   
16:40:34 [allowed] §a§lCLIFFSIDE VEINS TITANIUM §r§eCommission Complete! Visit the King §r§eto claim your rewards!
16:41:18 [allowed]  
16:41:18 [STASH_COMPACT] §f                     §7You have §a2 §7items stashed away!
16:41:18 [STASH_COMPACT] §f                §6§l>>> §6§lCLICK HERE§e to pick them up! §6§l<<<
16:41:18 [STASH_COMPACT]   
16:41:18 [allowed]  
16:41:18 [STASH_COMPACT] §f                §7You have §31,856 §7materials stashed away!
16:41:18 [STASH_COMPACT] §f              §8(This totals 3 types of materials stashed!)
16:41:18 [STASH_COMPACT] §f                §3§l>>> §3§lCLICK HERE§b to pick them up! §3§l<<<
16:41:18 [STASH_COMPACT]   
16:42:14 [allowed] §aYou earned §r§e610 Event EXP §r§afrom playing SkyBlock!
16:42:18 [allowed]  
16:42:18 [STASH_COMPACT] §f                     §7You have §a2 §7items stashed away!
16:42:18 [STASH_COMPACT] §f                §6§l>>> §6§lCLICK HERE§e to pick them up! §6§l<<<
16:42:18 [STASH_COMPACT]   
16:42:18 [allowed]  
16:42:18 [STASH_COMPACT] §f                §7You have §31,856 §7materials stashed away!
16:42:18 [STASH_COMPACT] §f              §8(This totals 3 types of materials stashed!)
16:42:18 [STASH_COMPACT] §f                §3§l>>> §3§lCLICK HERE§b to pick them up! §3§l<<<
16:42:18 [STASH_COMPACT]   
16:43:19 [allowed]  
16:43:19 [STASH_COMPACT] §f                     §7You have §a2 §7items stashed away!
16:43:19 [STASH_COMPACT] §f                §6§l>>> §6§lCLICK HERE§e to pick them up! §6§l<<<
16:43:19 [STASH_COMPACT]   
16:43:19 [allowed]  
16:43:19 [STASH_COMPACT] §f                §7You have §31,856 §7materials stashed away!
16:43:19 [STASH_COMPACT] §f              §8(This totals 3 types of materials stashed!)
16:43:19 [STASH_COMPACT] §f                §3§l>>> §3§lCLICK HERE§b to pick them up! §3§l<<<
16:43:19 [STASH_COMPACT]   
16:44:00 [allowed] §cYou must reach Tier 5 before unlocking this!
16:44:11 [allowed] §aYou summoned your §r§6Silverfish§r§a!
16:44:19 [allowed]  
16:44:19 [STASH_COMPACT] §f                     §7You have §a2 §7items stashed away!
16:44:19 [STASH_COMPACT] §f                §6§l>>> §6§lCLICK HERE§e to pick them up! §6§l<<<
16:44:19 [STASH_COMPACT]   
16:44:19 [allowed]  
16:44:19 [STASH_COMPACT] §f                §7You have §31,856 §7materials stashed away!
16:44:19 [STASH_COMPACT] §f              §8(This totals 3 types of materials stashed!)
16:44:19 [STASH_COMPACT] §f                §3§l>>> §3§lCLICK HERE§b to pick them up! §3§l<<<
16:44:19 [STASH_COMPACT]   
16:44:45 [allowed] §c ☠ §r§7§r§7Revolution903§r§7 was killed by Knifethrower§r§7§r§7.
16:45:04 [allowed]  §9⚑ §eThe §9Gone with the Wind §eevent starts in §a20 §eseconds!
 §eThis is a passive event! §bIt's happening everywhere in the §bDwarven Mines!
16:45:19 [allowed]  
16:45:19 [STASH_COMPACT] §f                     §7You have §a2 §7items stashed away!
16:45:19 [STASH_COMPACT] §f                §6§l>>> §6§lCLICK HERE§e to pick them up! §6§l<<<
16:45:19 [STASH_COMPACT]   
16:45:19 [allowed]  
16:45:19 [STASH_COMPACT] §f                §7You have §31,856 §7materials stashed away!
16:45:19 [STASH_COMPACT] §f              §8(This totals 3 types of materials stashed!)
16:45:19 [STASH_COMPACT] §f                §3§l>>> §3§lCLICK HERE§b to pick them up! §3§l<<<
16:45:19 [STASH_COMPACT]   
16:45:24 [allowed] §a§l▬▬▬▬▬▬▬▬▬▬▬▬▬▬▬▬▬▬▬▬▬▬▬▬▬▬▬▬▬▬▬▬▬▬▬▬▬▬▬▬▬▬▬▬▬▬▬▬▬▬▬▬▬▬▬▬▬▬▬▬▬▬▬▬
16:45:24 [allowed] §f                   §r§9§lGONE WITH THE WIND STARTED!
16:45:24 [allowed] §f                           §r§7Passive Active Event
16:45:24 [allowed] §f                                        
16:45:24 [allowed] §f  The cavern is windy today! Mining in the direction of the wind
16:45:24 [allowed] §f§r§f                      will give §r§6+600⸕ Mining Speed§r§f.
16:45:24 [allowed] §a§l▬▬▬▬▬▬▬▬▬▬▬▬▬▬▬▬▬▬▬▬▬▬▬▬▬▬▬▬▬▬▬▬▬▬▬▬▬▬▬▬▬▬▬▬▬▬▬▬▬▬▬▬▬▬▬▬▬▬▬▬▬▬▬▬
16:46:20 [allowed]  
16:46:20 [STASH_COMPACT] §f                     §7You have §a2 §7items stashed away!
16:46:20 [STASH_COMPACT] §f                §6§l>>> §6§lCLICK HERE§e to pick them up! §6§l<<<
16:46:20 [STASH_COMPACT]   
16:46:20 [allowed]  
16:46:20 [STASH_COMPACT] §f                §7You have §31,856 §7materials stashed away!
16:46:20 [STASH_COMPACT] §f              §8(This totals 3 types of materials stashed!)
16:46:20 [STASH_COMPACT] §f                §3§l>>> §3§lCLICK HERE§b to pick them up! §3§l<<<
16:46:20 [STASH_COMPACT]   
16:47:15 [allowed] §aYou earned §r§e1,052 Event EXP §r§afrom playing SkyBlock!
16:47:20 [allowed]  
16:47:20 [STASH_COMPACT] §f                     §7You have §a2 §7items stashed away!
16:47:20 [STASH_COMPACT] §f                §6§l>>> §6§lCLICK HERE§e to pick them up! §6§l<<<
16:47:20 [STASH_COMPACT]   
16:47:20 [allowed]  
16:47:20 [STASH_COMPACT] §f                §7You have §31,856 §7materials stashed away!
16:47:20 [STASH_COMPACT] §f              §8(This totals 3 types of materials stashed!)
16:47:20 [STASH_COMPACT] §f                §3§l>>> §3§lCLICK HERE§b to pick them up! §3§l<<<
16:47:20 [STASH_COMPACT]   
16:47:25 [allowed] §aThe wind has changed direction!
16:47:48 [allowed] §c ☠ §r§7§r§7Revolution903§r§7 was killed by Knifethrower§r§7§r§7.
16:47:50 [allowed] §cYou can only track Pests while on your Garden.
16:47:55 [allowed] §cThere are blocks in the way!
