15:22:34 [STASH_COMPACT] §f                     §7You have §a2 §7items stashed away!
15:22:34 [STASH_COMPACT] §f                §6§l>>> §6§lCLICK HERE§e to pick them up! §6§l<<<
15:22:34 [STASH_COMPACT]   
15:22:35 [STASH_COMPACT] §f                §7You have §31,856 §7materials stashed away!
15:22:35 [STASH_COMPACT] §f              §8(This totals 3 types of materials stashed!)
15:22:35 [STASH_COMPACT] §f                §3§l>>> §3§lCLICK HERE§b to pick them up! §3§l<<<
15:22:35 [STASH_COMPACT]   
15:23:35 [STASH_COMPACT] §f                     §7You have §a2 §7items stashed away!
15:23:35 [STASH_COMPACT] §f                §6§l>>> §6§lCLICK HERE§e to pick them up! §6§l<<<
15:23:35 [STASH_COMPACT]   
15:23:35 [STASH_COMPACT] §f                §7You have §31,856 §7materials stashed away!
15:23:35 [STASH_COMPACT] §f              §8(This totals 3 types of materials stashed!)
15:23:35 [STASH_COMPACT] §f                §3§l>>> §3§lCLICK HERE§b to pick them up! §3§l<<<
15:23:35 [STASH_COMPACT]   
15:24:35 [STASH_COMPACT] §f                     §7You have §a2 §7items stashed away!
15:24:35 [STASH_COMPACT] §f                §6§l>>> §6§lCLICK HERE§e to pick them up! §6§l<<<
15:24:35 [STASH_COMPACT]   
15:24:35 [STASH_COMPACT] §f                §7You have §31,856 §7materials stashed away!
15:24:35 [STASH_COMPACT] §f              §8(This totals 3 types of materials stashed!)
15:24:35 [STASH_COMPACT] §f                §3§l>>> §3§lCLICK HERE§b to pick them up! §3§l<<<
15:24:35 [STASH_COMPACT]   
15:25:01 [PEST_DROP] §eYou received §a8x Enchanted Wheat §efor killing a §2Fly§e!
15:25:10 [PEST_DROP] §eYou received §a14x Enchanted Brown Mushroom §efor killing a §2Slug§e!
15:25:35 [PEST_DROP] §eYou received §a86x Enchanted Melon §efor killing an §2Earthworm§e!
15:25:35 [STASH_COMPACT] §f                     §7You have §a2 §7items stashed away!
15:25:35 [STASH_COMPACT] §f                §6§l>>> §6§lCLICK HERE§e to pick them up! §6§l<<<
15:25:35 [STASH_COMPACT]   
15:25:35 [STASH_COMPACT] §f                §7You have §31,856 §7materials stashed away!
15:25:35 [STASH_COMPACT] §f              §8(This totals 3 types of materials stashed!)
15:25:35 [STASH_COMPACT] §f                §3§l>>> §3§lCLICK HERE§b to pick them up! §3§l<<<
15:25:35 [STASH_COMPACT]   
15:25:44 [BESTIARY] §f                                  §6§lBESTIARY
15:25:44 [BESTIARY] §f                            §b§lEarthworm §7§8IV §8➡§b §bV
15:25:44 [BESTIARY] 
15:25:44 [BESTIARY] §f                                  §r§6§lREWARDS
15:25:44 [BESTIARY] §f                          §r§6+0.4☘ Farming Fortune
15:25:44 [BESTIARY] §f                           §r§8+§r§62% §r§aEarthworm §r§7coins
15:25:44 [BESTIARY] §f                    §r§8+§r§a50% §r§7chance for extra XP orbs
15:25:44 [BESTIARY] §f                               §r§8+§r§b1 SkyBlock XP
15:25:44 [BESTIARY] 
15:25:44 [BESTIARY] §3§l▬▬▬▬▬▬▬▬▬▬▬▬▬▬▬▬▬▬▬▬▬▬▬▬▬▬▬▬▬▬▬▬▬▬▬▬▬▬▬▬▬▬▬▬▬▬▬▬▬▬▬▬▬▬▬▬▬▬▬▬▬▬▬▬
15:25:44 [PEST_DROP] §eYou received §a100x Enchanted Melon §efor killing an §2Earthworm§e!
15:26:18 [PEST_DROP] §eYou received §a110x Enchanted Melon §efor killing an §2Earthworm§e!
15:26:29 [PEST_DROP] §eYou received §a67x Enchanted Nether Wart §efor killing a §2Beetle§e!
15:26:35 [STASH_COMPACT] §f                     §7You have §a2 §7items stashed away!
15:26:35 [STASH_COMPACT] §f                §6§l>>> §6§lCLICK HERE§e to pick them up! §6§l<<<
15:26:35 [STASH_COMPACT]   
15:26:35 [STASH_COMPACT] §f                §7You have §31,856 §7materials stashed away!
15:26:35 [STASH_COMPACT] §f              §8(This totals 3 types of materials stashed!)
15:26:35 [STASH_COMPACT] §f                §3§l>>> §3§lCLICK HERE§b to pick them up! §3§l<<<
15:26:35 [STASH_COMPACT]   
15:27:35 [STASH_COMPACT] §f                     §7You have §a2 §7items stashed away!
15:27:35 [STASH_COMPACT] §f                §6§l>>> §6§lCLICK HERE§e to pick them up! §6§l<<<
15:27:35 [STASH_COMPACT]   
15:27:35 [STASH_COMPACT] §f                §7You have §31,856 §7materials stashed away!
15:27:35 [STASH_COMPACT] §f              §8(This totals 3 types of materials stashed!)
15:27:35 [STASH_COMPACT] §f                §3§l>>> §3§lCLICK HERE§b to pick them up! §3§l<<<
15:27:35 [STASH_COMPACT]   
15:28:00 [BESTIARY] §f                                  §6§lBESTIARY
15:28:00 [BESTIARY] §f                                 §b§lRat §7§8IV §8➡§b §bV
15:28:00 [BESTIARY] 
15:28:00 [BESTIARY] §f                                  §r§6§lREWARDS
15:28:00 [BESTIARY] §f                          §r§6+0.4☘ Farming Fortune
15:28:00 [BESTIARY] §f                                §r§8+§r§62% §r§aRat §r§7coins
15:28:00 [BESTIARY] §f                    §r§8+§r§a50% §r§7chance for extra XP orbs
15:28:00 [BESTIARY] §f                               §r§8+§r§b1 SkyBlock XP
15:28:00 [BESTIARY] 
15:28:00 [BESTIARY] §3§l▬▬▬▬▬▬▬▬▬▬▬▬▬▬▬▬▬▬▬▬▬▬▬▬▬▬▬▬▬▬▬▬▬▬▬▬▬▬▬▬▬▬▬▬▬▬▬▬▬▬▬▬▬▬▬▬▬▬▬▬▬▬▬▬
15:28:00 [PEST_DROP] §eYou received §a23x Enchanted Pumpkin §efor killing a §2Rat§e!
15:28:04 [PEST_DROP] §eYou received §a66x Enchanted Cocoa Beans §efor killing a §2Moth§e!
15:28:36 [STASH_COMPACT] §f                     §7You have §a2 §7items stashed away!
15:28:36 [STASH_COMPACT] §f                §6§l>>> §6§lCLICK HERE§e to pick them up! §6§l<<<
15:28:36 [STASH_COMPACT]   
15:28:36 [STASH_COMPACT] §f                §7You have §31,856 §7materials stashed away!
15:28:36 [STASH_COMPACT] §f              §8(This totals 3 types of materials stashed!)
15:28:36 [STASH_COMPACT] §f                §3§l>>> §3§lCLICK HERE§b to pick them up! §3§l<<<
15:28:36 [STASH_COMPACT]   
15:29:36 [STASH_COMPACT] §f                     §7You have §a2 §7items stashed away!
15:29:36 [STASH_COMPACT] §f                §6§l>>> §6§lCLICK HERE§e to pick them up! §6§l<<<
15:29:36 [STASH_COMPACT]   
15:29:36 [STASH_COMPACT] §f                §7You have §31,856 §7materials stashed away!
15:29:36 [STASH_COMPACT] §f              §8(This totals 3 types of materials stashed!)
15:29:36 [STASH_COMPACT] §f                §3§l>>> §3§lCLICK HERE§b to pick them up! §3§l<<<
15:29:36 [STASH_COMPACT]   
15:30:36 [STASH_COMPACT] §f                     §7You have §a2 §7items stashed away!
15:30:36 [STASH_COMPACT] §f                §6§l>>> §6§lCLICK HERE§e to pick them up! §6§l<<<
15:30:36 [STASH_COMPACT]   
15:30:36 [STASH_COMPACT] §f                §7You have §31,856 §7materials stashed away!
15:30:36 [STASH_COMPACT] §f              §8(This totals 3 types of materials stashed!)
15:30:36 [STASH_COMPACT] §f                §3§l>>> §3§lCLICK HERE§b to pick them up! §3§l<<<
15:30:36 [STASH_COMPACT]   
15:31:36 [STASH_COMPACT] §f                     §7You have §a2 §7items stashed away!
15:31:36 [STASH_COMPACT] §f                §6§l>>> §6§lCLICK HERE§e to pick them up! §6§l<<<
15:31:36 [STASH_COMPACT]   
15:31:36 [STASH_COMPACT] §f                §7You have §31,856 §7materials stashed away!
15:31:36 [STASH_COMPACT] §f              §8(This totals 3 types of materials stashed!)
15:31:36 [STASH_COMPACT] §f                §3§l>>> §3§lCLICK HERE§b to pick them up! §3§l<<<
15:31:36 [STASH_COMPACT]   
15:32:37 [STASH_COMPACT] §f                     §7You have §a2 §7items stashed away!
15:32:37 [STASH_COMPACT] §f                §6§l>>> §6§lCLICK HERE§e to pick them up! §6§l<<<
15:32:37 [STASH_COMPACT]   
15:32:37 [STASH_COMPACT] §f                §7You have §31,856 §7materials stashed away!
15:32:37 [STASH_COMPACT] §f              §8(This totals 3 types of materials stashed!)
15:32:37 [STASH_COMPACT] §f                §3§l>>> §3§lCLICK HERE§b to pick them up! §3§l<<<
15:32:37 [STASH_COMPACT]   
15:33:37 [STASH_COMPACT] §f                     §7You have §a2 §7items stashed away!
15:33:37 [STASH_COMPACT] §f                §6§l>>> §6§lCLICK HERE§e to pick them up! §6§l<<<
15:33:37 [STASH_COMPACT]   
15:33:37 [STASH_COMPACT] §f                §7You have §31,856 §7materials stashed away!
15:33:37 [STASH_COMPACT] §f              §8(This totals 3 types of materials stashed!)
15:33:37 [STASH_COMPACT] §f                §3§l>>> §3§lCLICK HERE§b to pick them up! §3§l<<<
15:33:37 [STASH_COMPACT]   
15:34:38 [STASH_COMPACT] §f                     §7You have §a2 §7items stashed away!
15:34:38 [STASH_COMPACT] §f                §6§l>>> §6§lCLICK HERE§e to pick them up! §6§l<<<
15:34:38 [STASH_COMPACT]   
15:34:38 [STASH_COMPACT] §f                §7You have §31,856 §7materials stashed away!
15:34:38 [STASH_COMPACT] §f              §8(This totals 3 types of materials stashed!)
15:34:38 [STASH_COMPACT] §f                §3§l>>> §3§lCLICK HERE§b to pick them up! §3§l<<<
15:34:38 [STASH_COMPACT]   
15:35:38 [STASH_COMPACT] §f                     §7You have §a2 §7items stashed away!
15:35:38 [STASH_COMPACT] §f                §6§l>>> §6§lCLICK HERE§e to pick them up! §6§l<<<
15:35:38 [STASH_COMPACT]   
15:35:38 [STASH_COMPACT] §f                §7You have §31,856 §7materials stashed away!
15:35:38 [STASH_COMPACT] §f              §8(This totals 3 types of materials stashed!)
15:35:38 [STASH_COMPACT] §f                §3§l>>> §3§lCLICK HERE§b to pick them up! §3§l<<<
15:35:38 [STASH_COMPACT]   
15:36:38 [STASH_COMPACT] §f                     §7You have §a2 §7items stashed away!
15:36:38 [STASH_COMPACT] §f                §6§l>>> §6§lCLICK HERE§e to pick them up! §6§l<<<
15:36:38 [STASH_COMPACT]   
15:36:38 [STASH_COMPACT] §f                §7You have §31,856 §7materials stashed away!
15:36:38 [STASH_COMPACT] §f              §8(This totals 3 types of materials stashed!)
15:36:38 [STASH_COMPACT] §f                §3§l>>> §3§lCLICK HERE§b to pick them up! §3§l<<<
15:36:38 [STASH_COMPACT]   
15:37:38 [STASH_COMPACT] §f                     §7You have §a2 §7items stashed away!
15:37:38 [STASH_COMPACT] §f                §6§l>>> §6§lCLICK HERE§e to pick them up! §6§l<<<
15:37:38 [STASH_COMPACT]   
15:37:38 [STASH_COMPACT] §f                §7You have §31,856 §7materials stashed away!
15:37:38 [STASH_COMPACT] §f              §8(This totals 3 types of materials stashed!)
15:37:38 [STASH_COMPACT] §f                §3§l>>> §3§lCLICK HERE§b to pick them up! §3§l<<<
15:37:38 [STASH_COMPACT]   
15:38:39 [STASH_COMPACT] §f                     §7You have §a2 §7items stashed away!
15:38:39 [STASH_COMPACT] §f                §6§l>>> §6§lCLICK HERE§e to pick them up! §6§l<<<
15:38:39 [STASH_COMPACT]   
15:38:39 [STASH_COMPACT] §f                §7You have §31,856 §7materials stashed away!
15:38:39 [STASH_COMPACT] §f              §8(This totals 3 types of materials stashed!)
15:38:39 [STASH_COMPACT] §f                §3§l>>> §3§lCLICK HERE§b to pick them up! §3§l<<<
15:38:39 [STASH_COMPACT]   
15:39:39 [STASH_COMPACT] §f                     §7You have §a2 §7items stashed away!
15:39:39 [STASH_COMPACT] §f                §6§l>>> §6§lCLICK HERE§e to pick them up! §6§l<<<
15:39:39 [STASH_COMPACT]   
15:39:39 [STASH_COMPACT] §f                §7You have §31,856 §7materials stashed away!
15:39:39 [STASH_COMPACT] §f              §8(This totals 3 types of materials stashed!)
15:39:39 [STASH_COMPACT] §f                §3§l>>> §3§lCLICK HERE§b to pick them up! §3§l<<<
15:39:39 [STASH_COMPACT]   
15:40:39 [STASH_COMPACT] §f                     §7You have §a2 §7items stashed away!
15:40:39 [STASH_COMPACT] §f                §6§l>>> §6§lCLICK HERE§e to pick them up! §6§l<<<
15:40:39 [STASH_COMPACT]   
15:40:39 [STASH_COMPACT] §f                §7You have §31,856 §7materials stashed away!
15:40:39 [STASH_COMPACT] §f              §8(This totals 3 types of materials stashed!)
15:40:39 [STASH_COMPACT] §f                §3§l>>> §3§lCLICK HERE§b to pick them up! §3§l<<<
15:40:39 [STASH_COMPACT]   
15:41:39 [STASH_COMPACT] §f                     §7You have §a2 §7items stashed away!
15:41:39 [STASH_COMPACT] §f                §6§l>>> §6§lCLICK HERE§e to pick them up! §6§l<<<
15:41:39 [STASH_COMPACT]   
15:41:39 [STASH_COMPACT] §f                §7You have §31,856 §7materials stashed away!
15:41:39 [STASH_COMPACT] §f              §8(This totals 3 types of materials stashed!)
15:41:39 [STASH_COMPACT] §f                §3§l>>> §3§lCLICK HERE§b to pick them up! §3§l<<<
15:41:39 [STASH_COMPACT]   
15:42:40 [STASH_COMPACT] §f                     §7You have §a2 §7items stashed away!
15:42:40 [STASH_COMPACT] §f                §6§l>>> §6§lCLICK HERE§e to pick them up! §6§l<<<
15:42:40 [STASH_COMPACT]   
15:42:40 [STASH_COMPACT] §f                §7You have §31,856 §7materials stashed away!
15:42:40 [STASH_COMPACT] §f              §8(This totals 3 types of materials stashed!)
15:42:40 [STASH_COMPACT] §f                §3§l>>> §3§lCLICK HERE§b to pick them up! §3§l<<<
15:42:40 [STASH_COMPACT]   
15:43:40 [STASH_COMPACT] §f                     §7You have §a2 §7items stashed away!
15:43:40 [STASH_COMPACT] §f                §6§l>>> §6§lCLICK HERE§e to pick them up! §6§l<<<
15:43:40 [STASH_COMPACT]   
15:43:40 [STASH_COMPACT] §f                §7You have §31,856 §7materials stashed away!
15:43:40 [STASH_COMPACT] §f              §8(This totals 3 types of materials stashed!)
15:43:40 [STASH_COMPACT] §f                §3§l>>> §3§lCLICK HERE§b to pick them up! §3§l<<<
15:43:40 [STASH_COMPACT]   
15:44:40 [STASH_COMPACT] §f                     §7You have §a2 §7items stashed away!
15:44:40 [STASH_COMPACT] §f                §6§l>>> §6§lCLICK HERE§e to pick them up! §6§l<<<
15:44:40 [STASH_COMPACT]   
15:44:40 [STASH_COMPACT] §f                §7You have §31,856 §7materials stashed away!
15:44:40 [STASH_COMPACT] §f              §8(This totals 3 types of materials stashed!)
15:44:40 [STASH_COMPACT] §f                §3§l>>> §3§lCLICK HERE§b to pick them up! §3§l<<<
15:44:40 [STASH_COMPACT]   
15:45:40 [STASH_COMPACT] §f                     §7You have §a2 §7items stashed away!
15:45:40 [STASH_COMPACT] §f                §6§l>>> §6§lCLICK HERE§e to pick them up! §6§l<<<
15:45:40 [STASH_COMPACT]   
15:45:40 [STASH_COMPACT] §f                §7You have §31,856 §7materials stashed away!
15:45:40 [STASH_COMPACT] §f              §8(This totals 3 types of materials stashed!)
15:45:40 [STASH_COMPACT] §f                §3§l>>> §3§lCLICK HERE§b to pick them up! §3§l<<<
15:45:40 [STASH_COMPACT]   
15:46:14 [BESTIARY] §f                                  §6§lBESTIARY
15:46:14 [BESTIARY] §f                              §b§lSlug §7§8VII §8➡§b §bVIII
15:46:14 [BESTIARY] 
15:46:14 [BESTIARY] §f                                  §r§6§lREWARDS
15:46:14 [BESTIARY] §f                          §r§6+0.4☘ Farming Fortune
15:46:14 [BESTIARY] §f                               §r§8+§r§62% §r§aSlug §r§7coins
15:46:14 [BESTIARY] §f                    §r§8+§r§a50% §r§7chance for extra XP orbs
15:46:14 [BESTIARY] §f                               §r§8+§r§b1 SkyBlock XP
15:46:14 [BESTIARY] 
15:46:14 [BESTIARY] §3§l▬▬▬▬▬▬▬▬▬▬▬▬▬▬▬▬▬▬▬▬▬▬▬▬▬▬▬▬▬▬▬▬▬▬▬▬▬▬▬▬▬▬▬▬▬▬▬▬▬▬▬▬▬▬▬▬▬▬▬▬▬▬▬▬
15:46:14 [PEST_DROP] §eYou received §a22x Enchanted Red Mushroom §efor killing a §2Slug§e!
15:46:24 [PEST_DROP] §eYou received §a45x Enchanted Sugar §efor killing a §2Mosquito§e!
15:46:41 [STASH_COMPACT] §f                     §7You have §a2 §7items stashed away!
15:46:41 [STASH_COMPACT] §f                §6§l>>> §6§lCLICK HERE§e to pick them up! §6§l<<<
15:46:41 [STASH_COMPACT]   
15:46:41 [STASH_COMPACT] §f                §7You have §31,856 §7materials stashed away!
15:46:41 [STASH_COMPACT] §f              §8(This totals 3 types of materials stashed!)
15:46:41 [STASH_COMPACT] §f                §3§l>>> §3§lCLICK HERE§b to pick them up! §3§l<<<
15:46:41 [STASH_COMPACT]   
15:46:57 [BESTIARY] §f                                  §6§lBESTIARY
15:46:57 [BESTIARY] §f                            §b§lEarthworm §7§8V §8➡§b §bVI
15:46:57 [BESTIARY] 
15:46:57 [BESTIARY] §f                                  §r§6§lREWARDS
15:46:57 [BESTIARY] §f                          §r§6+0.4☘ Farming Fortune
15:46:57 [BESTIARY] §f                           §r§8+§r§62% §r§aEarthworm §r§7coins
15:46:57 [BESTIARY] §f                    §r§8+§r§a50% §r§7chance for extra XP orbs
15:46:57 [BESTIARY] §f                               §r§8+§r§b1 SkyBlock XP
15:46:57 [BESTIARY] 
15:46:57 [BESTIARY] §3§l▬▬▬▬▬▬▬▬▬▬▬▬▬▬▬▬▬▬▬▬▬▬▬▬▬▬▬▬▬▬▬▬▬▬▬▬▬▬▬▬▬▬▬▬▬▬▬▬▬▬▬▬▬▬▬▬▬▬▬▬▬▬▬▬
15:46:57 [PEST_DROP] §eYou received §a115x Enchanted Melon §efor killing an §2Earthworm§e!
15:47:41 [STASH_COMPACT] §f                     §7You have §a2 §7items stashed away!
15:47:41 [STASH_COMPACT] §f                §6§l>>> §6§lCLICK HERE§e to pick them up! §6§l<<<
15:47:41 [STASH_COMPACT]   
15:47:41 [STASH_COMPACT] §f                §7You have §31,856 §7materials stashed away!
15:47:41 [STASH_COMPACT] §f              §8(This totals 3 types of materials stashed!)
15:47:41 [STASH_COMPACT] §f                §3§l>>> §3§lCLICK HERE§b to pick them up! §3§l<<<
15:47:41 [STASH_COMPACT]   
15:48:41 [STASH_COMPACT] §f                     §7You have §a2 §7items stashed away!
15:48:41 [STASH_COMPACT] §f                §6§l>>> §6§lCLICK HERE§e to pick them up! §6§l<<<
15:48:41 [STASH_COMPACT]   
15:48:41 [STASH_COMPACT] §f                §7You have §31,856 §7materials stashed away!
15:48:41 [STASH_COMPACT] §f              §8(This totals 3 types of materials stashed!)
15:48:41 [STASH_COMPACT] §f                §3§l>>> §3§lCLICK HERE§b to pick them up! §3§l<<<
15:48:41 [STASH_COMPACT]   
15:49:41 [STASH_COMPACT] §f                     §7You have §a2 §7items stashed away!
15:49:41 [STASH_COMPACT] §f                §6§l>>> §6§lCLICK HERE§e to pick them up! §6§l<<<
15:49:41 [STASH_COMPACT]   
15:49:41 [STASH_COMPACT] §f                §7You have §31,856 §7materials stashed away!
15:49:41 [STASH_COMPACT] §f              §8(This totals 3 types of materials stashed!)
15:49:41 [STASH_COMPACT] §f                §3§l>>> §3§lCLICK HERE§b to pick them up! §3§l<<<
15:49:41 [STASH_COMPACT]   
15:50:41 [STASH_COMPACT] §f                     §7You have §a2 §7items stashed away!
15:50:41 [STASH_COMPACT] §f                §6§l>>> §6§lCLICK HERE§e to pick them up! §6§l<<<
15:50:41 [STASH_COMPACT]   
15:50:41 [STASH_COMPACT] §f                §7You have §31,856 §7materials stashed away!
15:50:41 [STASH_COMPACT] §f              §8(This totals 3 types of materials stashed!)
15:50:41 [STASH_COMPACT] §f                §3§l>>> §3§lCLICK HERE§b to pick them up! §3§l<<<
15:50:41 [STASH_COMPACT]   
15:51:41 [STASH_COMPACT] §f                     §7You have §a2 §7items stashed away!
15:51:41 [STASH_COMPACT] §f                §6§l>>> §6§lCLICK HERE§e to pick them up! §6§l<<<
15:51:41 [STASH_COMPACT]   
15:51:41 [STASH_COMPACT] §f                §7You have §31,856 §7materials stashed away!
15:51:41 [STASH_COMPACT] §f              §8(This totals 3 types of materials stashed!)
15:51:41 [STASH_COMPACT] §f                §3§l>>> §3§lCLICK HERE§b to pick them up! §3§l<<<
15:51:41 [STASH_COMPACT]   
15:52:41 [STASH_COMPACT] §f                     §7You have §a2 §7items stashed away!
15:52:41 [STASH_COMPACT] §f                §6§l>>> §6§lCLICK HERE§e to pick them up! §6§l<<<
15:52:41 [STASH_COMPACT]   
15:52:41 [STASH_COMPACT] §f                §7You have §31,856 §7materials stashed away!
15:52:41 [STASH_COMPACT] §f              §8(This totals 3 types of materials stashed!)
15:52:41 [STASH_COMPACT] §f                §3§l>>> §3§lCLICK HERE§b to pick them up! §3§l<<<
15:52:41 [STASH_COMPACT]   
15:53:41 [STASH_COMPACT] §f                     §7You have §a2 §7items stashed away!
15:53:41 [STASH_COMPACT] §f                §6§l>>> §6§lCLICK HERE§e to pick them up! §6§l<<<
15:53:41 [STASH_COMPACT]   
15:53:41 [STASH_COMPACT] §f                §7You have §31,856 §7materials stashed away!
15:53:41 [STASH_COMPACT] §f              §8(This totals 3 types of materials stashed!)
15:53:41 [STASH_COMPACT] §f                §3§l>>> §3§lCLICK HERE§b to pick them up! §3§l<<<
15:53:41 [STASH_COMPACT]   
15:54:42 [STASH_COMPACT] §f                     §7You have §a2 §7items stashed away!
15:54:42 [STASH_COMPACT] §f                §6§l>>> §6§lCLICK HERE§e to pick them up! §6§l<<<
15:54:42 [STASH_COMPACT]   
15:54:42 [STASH_COMPACT] §f                §7You have §31,856 §7materials stashed away!
15:54:42 [STASH_COMPACT] §f              §8(This totals 3 types of materials stashed!)
15:54:42 [STASH_COMPACT] §f                §3§l>>> §3§lCLICK HERE§b to pick them up! §3§l<<<
15:54:42 [STASH_COMPACT]   
15:55:42 [STASH_COMPACT] §f                     §7You have §a2 §7items stashed away!
15:55:42 [STASH_COMPACT] §f                §6§l>>> §6§lCLICK HERE§e to pick them up! §6§l<<<
15:55:42 [STASH_COMPACT]   
15:55:42 [STASH_COMPACT] §f                §7You have §31,856 §7materials stashed away!
15:55:42 [STASH_COMPACT] §f              §8(This totals 3 types of materials stashed!)
15:55:42 [STASH_COMPACT] §f                §3§l>>> §3§lCLICK HERE§b to pick them up! §3§l<<<
15:55:42 [STASH_COMPACT]   
15:56:42 [STASH_COMPACT] §f                     §7You have §a2 §7items stashed away!
15:56:42 [STASH_COMPACT] §f                §6§l>>> §6§lCLICK HERE§e to pick them up! §6§l<<<
15:56:42 [STASH_COMPACT]   
15:56:42 [STASH_COMPACT] §f                §7You have §31,856 §7materials stashed away!
15:56:42 [STASH_COMPACT] §f              §8(This totals 3 types of materials stashed!)
15:56:42 [STASH_COMPACT] §f                §3§l>>> §3§lCLICK HERE§b to pick them up! §3§l<<<
15:56:42 [STASH_COMPACT]   
15:56:48 [PEST_DROP] §eYou received §a66x Enchanted Nether Wart §efor killing a §2Beetle§e!
15:57:14 [GARDEN_VISITOR_MESSAGE] §e[NPC] §aEmissary Carlton§f: §r§fThe King has sent me to go shopping for I am his favorite emissary!
15:57:42 [STASH_COMPACT] §f                     §7You have §a2 §7items stashed away!
15:57:42 [STASH_COMPACT] §f                §6§l>>> §6§lCLICK HERE§e to pick them up! §6§l<<<
15:57:42 [STASH_COMPACT]   
15:57:42 [STASH_COMPACT] §f                §7You have §31,856 §7materials stashed away!
15:57:42 [STASH_COMPACT] §f              §8(This totals 3 types of materials stashed!)
15:57:42 [STASH_COMPACT] §f                §3§l>>> §3§lCLICK HERE§b to pick them up! §3§l<<<
15:57:42 [STASH_COMPACT]   
15:57:53 [GARDEN_VISITOR_MESSAGE] §e[NPC] §aEmissary Carlton§f: §r§fThis will make me gain even more favor with the King!
15:57:56 [NEW_VISITOR_ARRIVED] §a§r§aTrevor §r§ehas arrived on your §r§aGarden§r§e!
15:58:06 [GARDEN_VISITOR_MESSAGE] §e[NPC] §aJacob§f: §r§fHowdy! Fine barn ye got there eh? Good lad, you think ye could get me some wheat, eh?
15:58:32 [GARDEN_VISITOR_MESSAGE] §e[NPC] §aJacob§f: §r§fThanks a lot matey. That'll help ye prepare my next farming contest eh?
15:58:37 [GARDEN_VISITOR_MESSAGE] §e[NPC] §aRoyal Resident§f: §r§fI don't really converse with your kind, but today I'll make an exception.
15:58:42 [STASH_COMPACT] §f                     §7You have §a2 §7items stashed away!
15:58:42 [STASH_COMPACT] §f                §6§l>>> §6§lCLICK HERE§e to pick them up! §6§l<<<
15:58:42 [STASH_COMPACT]   
15:58:42 [STASH_COMPACT] §f                §7You have §31,856 §7materials stashed away!
15:58:42 [STASH_COMPACT] §f              §8(This totals 3 types of materials stashed!)
15:58:42 [STASH_COMPACT] §f                §3§l>>> §3§lCLICK HERE§b to pick them up! §3§l<<<
15:58:42 [STASH_COMPACT]   
15:59:07 [GARDEN_VISITOR_MESSAGE] §e[NPC] §aRoyal Resident§f: §r§fThis is acceptable. I would never eat this myself, but it's good enough for my servants.
15:59:13 [GARDEN_VISITOR_MESSAGE] §e[NPC] §aMason§f: §r§fI paid for one of Treasure Hunter's tips today and again, it only led me to a dirty shoelace. His tips are just not worth it...
15:59:39 [GARDEN_VISITOR_MESSAGE] §e[NPC] §aMason§f: §r§fMaybe if I continue buying his tips I'll hit the jackpot soon. Just gotta spend a little bit more...
15:59:42 [GARDEN_VISITOR_MESSAGE] §e[NPC] §aTarwen§f: §r§fBuurrrp? ... Burrp bURp!
15:59:43 [STASH_COMPACT] §f                     §7You have §a2 §7items stashed away!
15:59:43 [STASH_COMPACT] §f                §6§l>>> §6§lCLICK HERE§e to pick them up! §6§l<<<
15:59:43 [STASH_COMPACT]   
15:59:43 [STASH_COMPACT] §f                §7You have §31,856 §7materials stashed away!
15:59:43 [STASH_COMPACT] §f              §8(This totals 3 types of materials stashed!)
15:59:43 [STASH_COMPACT] §f                §3§l>>> §3§lCLICK HERE§b to pick them up! §3§l<<<
15:59:43 [STASH_COMPACT]   
15:59:58 [GARDEN_VISITOR_MESSAGE] §e[NPC] §aTarwen§f: §r§fBuuuuurp!
16:00:00 [GARDEN_VISITOR_MESSAGE] §e[NPC] §aTrevor§f: §r§fI've been tracking an animal for the past few days. Got anything I could use as bait?
16:00:14 [GARDEN_VISITOR_MESSAGE] §e[NPC] §aTrevor§f: §r§fThis should do nicely. I'll have plenty of pelts by the end of the day.
16:00:44 [STASH_COMPACT] §f                     §7You have §a2 §7items stashed away!
16:00:44 [STASH_COMPACT] §f                §6§l>>> §6§lCLICK HERE§e to pick them up! §6§l<<<
16:00:44 [STASH_COMPACT]   
16:00:44 [STASH_COMPACT] §f                §7You have §31,856 §7materials stashed away!
16:00:44 [STASH_COMPACT] §f              §8(This totals 3 types of materials stashed!)
16:00:44 [STASH_COMPACT] §f                §3§l>>> §3§lCLICK HERE§b to pick them up! §3§l<<<
16:00:44 [STASH_COMPACT]   
16:01:45 [STASH_COMPACT] §f                     §7You have §a2 §7items stashed away!
16:01:45 [STASH_COMPACT] §f                §6§l>>> §6§lCLICK HERE§e to pick them up! §6§l<<<
16:01:45 [STASH_COMPACT]   
16:01:45 [STASH_COMPACT] §f                §7You have §31,856 §7materials stashed away!
16:01:45 [STASH_COMPACT] §f              §8(This totals 3 types of materials stashed!)
16:01:45 [STASH_COMPACT] §f                §3§l>>> §3§lCLICK HERE§b to pick them up! §3§l<<<
16:01:45 [STASH_COMPACT]   
16:02:46 [STASH_COMPACT] §f                     §7You have §a2 §7items stashed away!
16:02:46 [STASH_COMPACT] §f                §6§l>>> §6§lCLICK HERE§e to pick them up! §6§l<<<
16:02:46 [STASH_COMPACT]   
16:02:46 [STASH_COMPACT] §f                §7You have §31,856 §7materials stashed away!
16:02:46 [STASH_COMPACT] §f              §8(This totals 3 types of materials stashed!)
16:02:46 [STASH_COMPACT] §f                §3§l>>> §3§lCLICK HERE§b to pick them up! §3§l<<<
16:02:46 [STASH_COMPACT]   
16:03:47 [STASH_COMPACT] §f                     §7You have §a2 §7items stashed away!
16:03:47 [STASH_COMPACT] §f                §6§l>>> §6§lCLICK HERE§e to pick them up! §6§l<<<
16:03:47 [STASH_COMPACT]   
16:03:47 [STASH_COMPACT] §f                §7You have §31,856 §7materials stashed away!
16:03:47 [STASH_COMPACT] §f              §8(This totals 3 types of materials stashed!)
16:03:47 [STASH_COMPACT] §f                §3§l>>> §3§lCLICK HERE§b to pick them up! §3§l<<<
16:03:47 [STASH_COMPACT]   
16:04:49 [STASH_COMPACT] §f                     §7You have §a2 §7items stashed away!
16:04:49 [STASH_COMPACT] §f                §6§l>>> §6§lCLICK HERE§e to pick them up! §6§l<<<
16:04:49 [STASH_COMPACT]   
16:04:49 [STASH_COMPACT] §f                §7You have §31,856 §7materials stashed away!
16:04:49 [STASH_COMPACT] §f              §8(This totals 3 types of materials stashed!)
16:04:49 [STASH_COMPACT] §f                §3§l>>> §3§lCLICK HERE§b to pick them up! §3§l<<<
16:04:49 [STASH_COMPACT]   
16:05:27 [NEW_VISITOR_ARRIVED] §a§r§aEmissary Wilson §r§ehas arrived on your §r§aGarden§r§e!
16:05:50 [STASH_COMPACT] §f                     §7You have §a2 §7items stashed away!
16:05:50 [STASH_COMPACT] §f                §6§l>>> §6§lCLICK HERE§e to pick them up! §6§l<<<
16:05:50 [STASH_COMPACT]   
16:05:50 [STASH_COMPACT] §f                §7You have §31,856 §7materials stashed away!
16:05:50 [STASH_COMPACT] §f              §8(This totals 3 types of materials stashed!)
16:05:50 [STASH_COMPACT] §f                §3§l>>> §3§lCLICK HERE§b to pick them up! §3§l<<<
16:05:50 [STASH_COMPACT]   
16:06:50 [STASH_COMPACT] §f                     §7You have §a2 §7items stashed away!
16:06:50 [STASH_COMPACT] §f                §6§l>>> §6§lCLICK HERE§e to pick them up! §6§l<<<
16:06:50 [STASH_COMPACT]   
16:06:50 [STASH_COMPACT] §f                §7You have §31,856 §7materials stashed away!
16:06:50 [STASH_COMPACT] §f              §8(This totals 3 types of materials stashed!)
16:06:50 [STASH_COMPACT] §f                §3§l>>> §3§lCLICK HERE§b to pick them up! §3§l<<<
16:06:50 [STASH_COMPACT]   
16:07:51 [STASH_COMPACT] §f                     §7You have §a2 §7items stashed away!
16:07:51 [STASH_COMPACT] §f                §6§l>>> §6§lCLICK HERE§e to pick them up! §6§l<<<
16:07:51 [STASH_COMPACT]   
16:07:51 [STASH_COMPACT] §f                §7You have §31,856 §7materials stashed away!
16:07:51 [STASH_COMPACT] §f              §8(This totals 3 types of materials stashed!)
16:07:51 [STASH_COMPACT] §f                §3§l>>> §3§lCLICK HERE§b to pick them up! §3§l<<<
16:07:51 [STASH_COMPACT]   
16:08:51 [STASH_COMPACT] §f                     §7You have §a2 §7items stashed away!
16:08:51 [STASH_COMPACT] §f                §6§l>>> §6§lCLICK HERE§e to pick them up! §6§l<<<
16:08:51 [STASH_COMPACT]   
16:08:51 [STASH_COMPACT] §f                §7You have §31,856 §7materials stashed away!
16:08:51 [STASH_COMPACT] §f              §8(This totals 3 types of materials stashed!)
16:08:51 [STASH_COMPACT] §f                §3§l>>> §3§lCLICK HERE§b to pick them up! §3§l<<<
16:08:51 [STASH_COMPACT]   
16:09:51 [STASH_COMPACT] §f                     §7You have §a2 §7items stashed away!
16:09:51 [STASH_COMPACT] §f                §6§l>>> §6§lCLICK HERE§e to pick them up! §6§l<<<
16:09:51 [STASH_COMPACT]   
16:09:51 [STASH_COMPACT] §f                §7You have §31,856 §7materials stashed away!
16:09:51 [STASH_COMPACT] §f              §8(This totals 3 types of materials stashed!)
16:09:51 [STASH_COMPACT] §f                §3§l>>> §3§lCLICK HERE§b to pick them up! §3§l<<<
16:09:51 [STASH_COMPACT]   
16:10:27 [NEW_VISITOR_ARRIVED] §a§r§aRoyal Resident §r§ehas arrived on your §r§aGarden§r§e!
16:10:51 [STASH_COMPACT] §f                     §7You have §a2 §7items stashed away!
16:10:51 [STASH_COMPACT] §f                §6§l>>> §6§lCLICK HERE§e to pick them up! §6§l<<<
16:10:51 [STASH_COMPACT]   
16:10:51 [STASH_COMPACT] §f                §7You have §31,856 §7materials stashed away!
16:10:51 [STASH_COMPACT] §f              §8(This totals 3 types of materials stashed!)
16:10:51 [STASH_COMPACT] §f                §3§l>>> §3§lCLICK HERE§b to pick them up! §3§l<<<
16:10:51 [STASH_COMPACT]   
16:11:22 [PEST_DROP] §eYou received §a22x Enchanted Red Mushroom §efor killing a §2Slug§e!
16:11:27 [PEST_DROP] §eYou received §a46x Enchanted Cactus Green §efor killing a §2Mite§e!
16:11:51 [STASH_COMPACT] §f                     §7You have §a2 §7items stashed away!
16:11:51 [STASH_COMPACT] §f                §6§l>>> §6§lCLICK HERE§e to pick them up! §6§l<<<
16:11:51 [STASH_COMPACT]   
16:11:51 [STASH_COMPACT] §f                §7You have §31,856 §7materials stashed away!
16:11:51 [STASH_COMPACT] §f              §8(This totals 3 types of materials stashed!)
16:11:51 [STASH_COMPACT] §f                §3§l>>> §3§lCLICK HERE§b to pick them up! §3§l<<<
16:11:51 [STASH_COMPACT]   
16:12:51 [STASH_COMPACT] §f                     §7You have §a2 §7items stashed away!
16:12:51 [STASH_COMPACT] §f                §6§l>>> §6§lCLICK HERE§e to pick them up! §6§l<<<
16:12:51 [STASH_COMPACT]   
16:12:51 [STASH_COMPACT] §f                §7You have §31,856 §7materials stashed away!
16:12:51 [STASH_COMPACT] §f              §8(This totals 3 types of materials stashed!)
16:12:51 [STASH_COMPACT] §f                §3§l>>> §3§lCLICK HERE§b to pick them up! §3§l<<<
16:12:51 [STASH_COMPACT]   
16:13:51 [STASH_COMPACT] §f                     §7You have §a2 §7items stashed away!
16:13:51 [STASH_COMPACT] §f                §6§l>>> §6§lCLICK HERE§e to pick them up! §6§l<<<
16:13:51 [STASH_COMPACT]   
16:13:51 [STASH_COMPACT] §f                §7You have §31,856 §7materials stashed away!
16:13:51 [STASH_COMPACT] §f              §8(This totals 3 types of materials stashed!)
16:13:51 [STASH_COMPACT] §f                §3§l>>> §3§lCLICK HERE§b to pick them up! §3§l<<<
16:13:51 [STASH_COMPACT]   
16:14:51 [STASH_COMPACT] §f                     §7You have §a2 §7items stashed away!
16:14:51 [STASH_COMPACT] §f                §6§l>>> §6§lCLICK HERE§e to pick them up! §6§l<<<
16:14:51 [STASH_COMPACT]   
16:14:51 [STASH_COMPACT] §f                §7You have §31,856 §7materials stashed away!
16:14:51 [STASH_COMPACT] §f              §8(This totals 3 types of materials stashed!)
16:14:51 [STASH_COMPACT] §f                §3§l>>> §3§lCLICK HERE§b to pick them up! §3§l<<<
16:14:51 [STASH_COMPACT]   
16:15:51 [STASH_COMPACT] §f                     §7You have §a2 §7items stashed away!
16:15:51 [STASH_COMPACT] §f                §6§l>>> §6§lCLICK HERE§e to pick them up! §6§l<<<
16:15:51 [STASH_COMPACT]   
16:15:51 [STASH_COMPACT] §f                §7You have §31,856 §7materials stashed away!
16:15:51 [STASH_COMPACT] §f              §8(This totals 3 types of materials stashed!)
16:15:51 [STASH_COMPACT] §f                §3§l>>> §3§lCLICK HERE§b to pick them up! §3§l<<<
16:15:51 [STASH_COMPACT]   
16:16:51 [STASH_COMPACT] §f                     §7You have §a2 §7items stashed away!
16:16:51 [STASH_COMPACT] §f                §6§l>>> §6§lCLICK HERE§e to pick them up! §6§l<<<
16:16:51 [STASH_COMPACT]   
16:16:51 [STASH_COMPACT] §f                §7You have §31,856 §7materials stashed away!
16:16:51 [STASH_COMPACT] §f              §8(This totals 3 types of materials stashed!)
16:16:51 [STASH_COMPACT] §f                §3§l>>> §3§lCLICK HERE§b to pick them up! §3§l<<<
16:16:51 [STASH_COMPACT]   
16:17:42 [NEW_VISITOR_ARRIVED] §a§r§aTrevor §r§ehas arrived on your §r§aGarden§r§e!
16:17:51 [STASH_COMPACT] §f                     §7You have §a2 §7items stashed away!
16:17:51 [STASH_COMPACT] §f                §6§l>>> §6§lCLICK HERE§e to pick them up! §6§l<<<
16:17:51 [STASH_COMPACT]   
16:17:51 [STASH_COMPACT] §f                §7You have §31,856 §7materials stashed away!
16:17:51 [STASH_COMPACT] §f              §8(This totals 3 types of materials stashed!)
16:17:51 [STASH_COMPACT] §f                §3§l>>> §3§lCLICK HERE§b to pick them up! §3§l<<<
16:17:51 [STASH_COMPACT]   
16:18:52 [STASH_COMPACT] §f                     §7You have §a2 §7items stashed away!
16:18:52 [STASH_COMPACT] §f                §6§l>>> §6§lCLICK HERE§e to pick them up! §6§l<<<
16:18:52 [STASH_COMPACT]   
16:18:52 [STASH_COMPACT] §f                §7You have §31,856 §7materials stashed away!
16:18:52 [STASH_COMPACT] §f              §8(This totals 3 types of materials stashed!)
16:18:52 [STASH_COMPACT] §f                §3§l>>> §3§lCLICK HERE§b to pick them up! §3§l<<<
16:18:52 [STASH_COMPACT]   
16:19:52 [STASH_COMPACT] §f                     §7You have §a2 §7items stashed away!
16:19:52 [STASH_COMPACT] §f                §6§l>>> §6§lCLICK HERE§e to pick them up! §6§l<<<
16:19:52 [STASH_COMPACT]   
16:19:52 [STASH_COMPACT] §f                §7You have §31,856 §7materials stashed away!
16:19:52 [STASH_COMPACT] §f              §8(This totals 3 types of materials stashed!)
16:19:52 [STASH_COMPACT] §f                §3§l>>> §3§lCLICK HERE§b to pick them up! §3§l<<<
16:19:52 [STASH_COMPACT]   
16:20:52 [STASH_COMPACT] §f                     §7You have §a2 §7items stashed away!
16:20:52 [STASH_COMPACT] §f                §6§l>>> §6§lCLICK HERE§e to pick them up! §6§l<<<
16:20:52 [STASH_COMPACT]   
16:20:52 [STASH_COMPACT] §f                §7You have §31,856 §7materials stashed away!
16:20:52 [STASH_COMPACT] §f              §8(This totals 3 types of materials stashed!)
16:20:52 [STASH_COMPACT] §f                §3§l>>> §3§lCLICK HERE§b to pick them up! §3§l<<<
16:20:52 [STASH_COMPACT]   
16:21:52 [STASH_COMPACT] §f                     §7You have §a2 §7items stashed away!
16:21:52 [STASH_COMPACT] §f                §6§l>>> §6§lCLICK HERE§e to pick them up! §6§l<<<
16:21:52 [STASH_COMPACT]   
16:21:52 [STASH_COMPACT] §f                §7You have §31,856 §7materials stashed away!
16:21:52 [STASH_COMPACT] §f              §8(This totals 3 types of materials stashed!)
16:21:52 [STASH_COMPACT] §f                §3§l>>> §3§lCLICK HERE§b to pick them up! §3§l<<<
16:21:52 [STASH_COMPACT]   
16:22:52 [STASH_COMPACT] §f                     §7You have §a2 §7items stashed away!
16:22:52 [STASH_COMPACT] §f                §6§l>>> §6§lCLICK HERE§e to pick them up! §6§l<<<
16:22:52 [STASH_COMPACT]   
16:22:52 [STASH_COMPACT] §f                §7You have §31,856 §7materials stashed away!
16:22:52 [STASH_COMPACT] §f              §8(This totals 3 types of materials stashed!)
16:22:52 [STASH_COMPACT] §f                §3§l>>> §3§lCLICK HERE§b to pick them up! §3§l<<<
16:22:52 [STASH_COMPACT]   
16:22:54 [NEW_VISITOR_ARRIVED] §a§r§aLumber Jack §r§ehas arrived on your §r§aGarden§r§e!
16:23:52 [STASH_COMPACT] §f                     §7You have §a2 §7items stashed away!
16:23:52 [STASH_COMPACT] §f                §6§l>>> §6§lCLICK HERE§e to pick them up! §6§l<<<
16:23:52 [STASH_COMPACT]   
16:23:52 [STASH_COMPACT] §f                §7You have §31,856 §7materials stashed away!
16:23:52 [STASH_COMPACT] §f              §8(This totals 3 types of materials stashed!)
16:23:52 [STASH_COMPACT] §f                §3§l>>> §3§lCLICK HERE§b to pick them up! §3§l<<<
16:23:52 [STASH_COMPACT]   
16:24:52 [STASH_COMPACT] §f                     §7You have §a2 §7items stashed away!
16:24:52 [STASH_COMPACT] §f                §6§l>>> §6§lCLICK HERE§e to pick them up! §6§l<<<
16:24:52 [STASH_COMPACT]   
16:24:52 [STASH_COMPACT] §f                §7You have §31,856 §7materials stashed away!
16:24:52 [STASH_COMPACT] §f              §8(This totals 3 types of materials stashed!)
16:24:52 [STASH_COMPACT] §f                §3§l>>> §3§lCLICK HERE§b to pick them up! §3§l<<<
16:24:52 [STASH_COMPACT]   
16:25:52 [STASH_COMPACT] §f                     §7You have §a2 §7items stashed away!
16:25:52 [STASH_COMPACT] §f                §6§l>>> §6§lCLICK HERE§e to pick them up! §6§l<<<
16:25:52 [STASH_COMPACT]   
16:25:52 [STASH_COMPACT] §f                §7You have §31,856 §7materials stashed away!
16:25:52 [STASH_COMPACT] §f              §8(This totals 3 types of materials stashed!)
16:25:52 [STASH_COMPACT] §f                §3§l>>> §3§lCLICK HERE§b to pick them up! §3§l<<<
16:25:52 [STASH_COMPACT]   
16:26:52 [STASH_COMPACT] §f                     §7You have §a2 §7items stashed away!
16:26:52 [STASH_COMPACT] §f                §6§l>>> §6§lCLICK HERE§e to pick them up! §6§l<<<
16:26:52 [STASH_COMPACT]   
16:26:52 [STASH_COMPACT] §f                §7You have §31,856 §7materials stashed away!
16:26:52 [STASH_COMPACT] §f              §8(This totals 3 types of materials stashed!)
16:26:52 [STASH_COMPACT] §f                §3§l>>> §3§lCLICK HERE§b to pick them up! §3§l<<<
16:26:52 [STASH_COMPACT]   
16:27:02 [NEW_VISITOR_ARRIVED] §a§r§aLeo §r§ehas arrived on your §r§aGarden§r§e!
16:27:33 [PEST_DROP] §eYou received §a23x Enchanted Red Mushroom §efor killing a §2Slug§e!
16:27:45 [BESTIARY] §f                                  §6§lBESTIARY
16:27:45 [BESTIARY] §f                              §b§lBeetle §7§8VI §8➡§b §bVII
16:27:45 [BESTIARY] 
16:27:45 [BESTIARY] §f                                  §r§6§lREWARDS
16:27:45 [BESTIARY] §f                          §r§6+0.4☘ Farming Fortune
16:27:45 [BESTIARY] §f                              §r§8+§r§62% §r§aBeetle §r§7coins
16:27:45 [BESTIARY] §f                    §r§8+§r§a50% §r§7chance for extra XP orbs
16:27:45 [BESTIARY] §f                               §r§8+§r§b1 SkyBlock XP
16:27:45 [BESTIARY] 
16:27:45 [BESTIARY] §3§l▬▬▬▬▬▬▬▬▬▬▬▬▬▬▬▬▬▬▬▬▬▬▬▬▬▬▬▬▬▬▬▬▬▬▬▬▬▬▬▬▬▬▬▬▬▬▬▬▬▬▬▬▬▬▬▬▬▬▬▬▬▬▬▬
16:27:45 [PEST_DROP] §eYou received §a66x Enchanted Nether Wart §efor killing a §2Beetle§e!
16:27:53 [STASH_COMPACT] §f                     §7You have §a2 §7items stashed away!
16:27:53 [STASH_COMPACT] §f                §6§l>>> §6§lCLICK HERE§e to pick them up! §6§l<<<
16:27:53 [STASH_COMPACT]   
16:27:53 [STASH_COMPACT] §f                §7You have §31,856 §7materials stashed away!
16:27:53 [STASH_COMPACT] §f              §8(This totals 3 types of materials stashed!)
16:27:53 [STASH_COMPACT] §f                §3§l>>> §3§lCLICK HERE§b to pick them up! §3§l<<<
16:27:53 [STASH_COMPACT]   
16:28:13 [PEST_DROP] §eYou received §a115x Enchanted Melon §efor killing an §2Earthworm§e!
16:28:53 [STASH_COMPACT] §f                     §7You have §a2 §7items stashed away!
16:28:53 [STASH_COMPACT] §f                §6§l>>> §6§lCLICK HERE§e to pick them up! §6§l<<<
16:28:53 [STASH_COMPACT]   
16:28:53 [STASH_COMPACT] §f                §7You have §31,856 §7materials stashed away!
16:28:53 [STASH_COMPACT] §f              §8(This totals 3 types of materials stashed!)
16:28:53 [STASH_COMPACT] §f                §3§l>>> §3§lCLICK HERE§b to pick them up! §3§l<<<
16:28:53 [STASH_COMPACT]   
16:29:01 [GARDEN_VISITOR_MESSAGE] §e[NPC] §aEmissary Wilson§f: §r§fThe King's least favorite vegetable is carrot, so he sent me, his favorite emissary, to make it better!
16:29:53 [STASH_COMPACT] §f                     §7You have §a2 §7items stashed away!
16:29:53 [STASH_COMPACT] §f                §6§l>>> §6§lCLICK HERE§e to pick them up! §6§l<<<
16:29:53 [STASH_COMPACT]   
16:29:53 [STASH_COMPACT] §f                §7You have §31,856 §7materials stashed away!
16:29:53 [STASH_COMPACT] §f              §8(This totals 3 types of materials stashed!)
16:29:53 [STASH_COMPACT] §f                §3§l>>> §3§lCLICK HERE§b to pick them up! §3§l<<<
16:29:53 [STASH_COMPACT]   
16:30:14 [GARDEN_VISITOR_MESSAGE] §e[NPC] §aEmissary Wilson§f: §r§fI'm sure that by giving him his least favorite vegetable, he'll make me his favoritest emissary!
16:30:40 [GARDEN_VISITOR_MESSAGE] §e[NPC] §aRoyal Resident§f: §r§fMy neighbor told me to get off his property, but he doesn't even own this place!
16:30:53 [STASH_COMPACT] §f                     §7You have §a2 §7items stashed away!
16:30:53 [STASH_COMPACT] §f                §6§l>>> §6§lCLICK HERE§e to pick them up! §6§l<<<
16:30:53 [STASH_COMPACT]   
16:30:53 [STASH_COMPACT] §f                §7You have §31,856 §7materials stashed away!
16:30:53 [STASH_COMPACT] §f              §8(This totals 3 types of materials stashed!)
16:30:53 [STASH_COMPACT] §f                §3§l>>> §3§lCLICK HERE§b to pick them up! §3§l<<<
16:30:53 [STASH_COMPACT]   
16:31:02 [GARDEN_VISITOR_MESSAGE] §e[NPC] §aRoyal Resident§f: §rMaybe I have to talk to the King about him. He is going too far. I think the current King is §l§6Redros§f.
16:31:03 [GARDEN_VISITOR_MESSAGE] §e[NPC] §aTrevor§f: §r§fI've been tracking an animal for the past few days. Got anything I could use as bait?
16:31:20 [GARDEN_VISITOR_MESSAGE] §e[NPC] §aLumber Jack§f: §r§fMy assistant is feeling off, and I think we could do with a hearty meal. Do you think you can help us out?
16:31:24 [GARDEN_VISITOR_MESSAGE] §e[NPC] §aTrevor§f: §r§fThis should do nicely. I'll have plenty of pelts by the end of the day.
16:31:40 [GARDEN_VISITOR_MESSAGE] §e[NPC] §aLumber Jack§f: §r§fThank you! I'm sure this will make him feel better.
16:31:42 [GARDEN_VISITOR_MESSAGE] §e[NPC] §aLeo§f: §r§fSadly you can't gather logs in the §aThe Garden§f, however there are plenty of crops here!
16:31:53 [STASH_COMPACT] §f                     §7You have §a2 §7items stashed away!
16:31:53 [STASH_COMPACT] §f                §6§l>>> §6§lCLICK HERE§e to pick them up! §6§l<<<
16:31:53 [STASH_COMPACT]   
16:31:53 [STASH_COMPACT] §f                §7You have §31,856 §7materials stashed away!
16:31:53 [STASH_COMPACT] §f              §8(This totals 3 types of materials stashed!)
16:31:53 [STASH_COMPACT] §f                §3§l>>> §3§lCLICK HERE§b to pick them up! §3§l<<<
16:31:53 [STASH_COMPACT]   
16:32:01 [GARDEN_VISITOR_MESSAGE] §e[NPC] §aLeo§f: §r§fUntil next time!
16:32:53 [STASH_COMPACT] §f                     §7You have §a2 §7items stashed away!
16:32:53 [STASH_COMPACT] §f                §6§l>>> §6§lCLICK HERE§e to pick them up! §6§l<<<
16:32:53 [STASH_COMPACT]   
16:32:53 [STASH_COMPACT] §f                §7You have §31,856 §7materials stashed away!
16:32:53 [STASH_COMPACT] §f              §8(This totals 3 types of materials stashed!)
16:32:53 [STASH_COMPACT] §f                §3§l>>> §3§lCLICK HERE§b to pick them up! §3§l<<<
16:32:53 [STASH_COMPACT]   
16:33:53 [STASH_COMPACT] §f                     §7You have §a2 §7items stashed away!
16:33:53 [STASH_COMPACT] §f                §6§l>>> §6§lCLICK HERE§e to pick them up! §6§l<<<
16:33:53 [STASH_COMPACT]   
16:33:53 [STASH_COMPACT] §f                §7You have §31,856 §7materials stashed away!
16:33:53 [STASH_COMPACT] §f              §8(This totals 3 types of materials stashed!)
16:33:53 [STASH_COMPACT] §f                §3§l>>> §3§lCLICK HERE§b to pick them up! §3§l<<<
16:33:53 [STASH_COMPACT]   
16:34:52 [NEW_VISITOR_ARRIVED] §a§r§aAndrew §r§ehas arrived on your §r§aGarden§r§e!
16:34:53 [STASH_COMPACT] §f                     §7You have §a2 §7items stashed away!
16:34:53 [STASH_COMPACT] §f                §6§l>>> §6§lCLICK HERE§e to pick them up! §6§l<<<
16:34:53 [STASH_COMPACT]   
16:34:53 [STASH_COMPACT] §f                §7You have §31,856 §7materials stashed away!
16:34:53 [STASH_COMPACT] §f              §8(This totals 3 types of materials stashed!)
16:34:53 [STASH_COMPACT] §f                §3§l>>> §3§lCLICK HERE§b to pick them up! §3§l<<<
16:34:53 [STASH_COMPACT]   
16:35:53 [STASH_COMPACT] §f                     §7You have §a2 §7items stashed away!
16:35:53 [STASH_COMPACT] §f                §6§l>>> §6§lCLICK HERE§e to pick them up! §6§l<<<
16:35:53 [STASH_COMPACT]   
16:35:53 [STASH_COMPACT] §f                §7You have §31,856 §7materials stashed away!
16:35:53 [STASH_COMPACT] §f              §8(This totals 3 types of materials stashed!)
16:35:53 [STASH_COMPACT] §f                §3§l>>> §3§lCLICK HERE§b to pick them up! §3§l<<<
16:35:53 [STASH_COMPACT]   
16:36:54 [STASH_COMPACT] §f                     §7You have §a2 §7items stashed away!
16:36:54 [STASH_COMPACT] §f                §6§l>>> §6§lCLICK HERE§e to pick them up! §6§l<<<
16:36:54 [STASH_COMPACT]   
16:36:54 [STASH_COMPACT] §f                §7You have §31,856 §7materials stashed away!
16:36:54 [STASH_COMPACT] §f              §8(This totals 3 types of materials stashed!)
16:36:54 [STASH_COMPACT] §f                §3§l>>> §3§lCLICK HERE§b to pick them up! §3§l<<<
16:36:54 [STASH_COMPACT]   
16:37:54 [STASH_COMPACT] §f                     §7You have §a2 §7items stashed away!
16:37:54 [STASH_COMPACT] §f                §6§l>>> §6§lCLICK HERE§e to pick them up! §6§l<<<
16:37:54 [STASH_COMPACT]   
16:37:54 [STASH_COMPACT] §f                §7You have §31,856 §7materials stashed away!
16:37:54 [STASH_COMPACT] §f              §8(This totals 3 types of materials stashed!)
16:37:54 [STASH_COMPACT] §f                §3§l>>> §3§lCLICK HERE§b to pick them up! §3§l<<<
16:37:54 [STASH_COMPACT]   
16:38:29 [BESTIARY] §f                                  §6§lBESTIARY
16:38:29 [BESTIARY] §f                             §b§lLocust §7§8VII §8➡§b §bVIII
16:38:29 [BESTIARY] 
16:38:29 [BESTIARY] §f                                  §r§6§lREWARDS
16:38:29 [BESTIARY] §f                          §r§6+0.4☘ Farming Fortune
16:38:29 [BESTIARY] §f                              §r§8+§r§62% §r§aLocust §r§7coins
16:38:29 [BESTIARY] §f                    §r§8+§r§a50% §r§7chance for extra XP orbs
16:38:29 [BESTIARY] §f                               §r§8+§r§b1 SkyBlock XP
16:38:29 [BESTIARY] 
16:38:29 [BESTIARY] §3§l▬▬▬▬▬▬▬▬▬▬▬▬▬▬▬▬▬▬▬▬▬▬▬▬▬▬▬▬▬▬▬▬▬▬▬▬▬▬▬▬▬▬▬▬▬▬▬▬▬▬▬▬▬▬▬▬▬▬▬▬▬▬▬▬
16:38:29 [PEST_DROP] §eYou received §a76x Enchanted Potato §efor killing a §2Locust§e!
16:38:54 [STASH_COMPACT] §f                     §7You have §a2 §7items stashed away!
16:38:54 [STASH_COMPACT] §f                §6§l>>> §6§lCLICK HERE§e to pick them up! §6§l<<<
16:38:54 [STASH_COMPACT]   
16:38:54 [STASH_COMPACT] §f                §7You have §31,856 §7materials stashed away!
16:38:54 [STASH_COMPACT] §f              §8(This totals 3 types of materials stashed!)
16:38:54 [STASH_COMPACT] §f                §3§l>>> §3§lCLICK HERE§b to pick them up! §3§l<<<
16:38:54 [STASH_COMPACT]   
16:39:18 [STASH_COMPACT] §f                     §7You have §a2 §7items stashed away!
16:39:18 [STASH_COMPACT] §f                §6§l>>> §6§lCLICK HERE§e to pick them up! §6§l<<<
16:39:18 [STASH_COMPACT]   
16:39:18 [STASH_COMPACT] §f                §7You have §31,856 §7materials stashed away!
16:39:18 [STASH_COMPACT] §f              §8(This totals 3 types of materials stashed!)
16:39:18 [STASH_COMPACT] §f                §3§l>>> §3§lCLICK HERE§b to pick them up! §3§l<<<
16:39:18 [STASH_COMPACT]   
16:40:18 [STASH_COMPACT] §f                     §7You have §a2 §7items stashed away!
16:40:18 [STASH_COMPACT] §f                §6§l>>> §6§lCLICK HERE§e to pick them up! §6§l<<<
16:40:18 [STASH_COMPACT]   
16:40:18 [STASH_COMPACT] §f                §7You have §31,856 §7materials stashed away!
16:40:18 [STASH_COMPACT] §f              §8(This totals 3 types of materials stashed!)
16:40:18 [STASH_COMPACT] §f                §3§l>>> §3§lCLICK HERE§b to pick them up! §3§l<<<
16:40:18 [STASH_COMPACT]   
16:41:18 [STASH_COMPACT] §f                     §7You have §a2 §7items stashed away!
16:41:18 [STASH_COMPACT] §f                §6§l>>> §6§lCLICK HERE§e to pick them up! §6§l<<<
16:41:18 [STASH_COMPACT]   
16:41:18 [STASH_COMPACT] §f                §7You have §31,856 §7materials stashed away!
16:41:18 [STASH_COMPACT] §f              §8(This totals 3 types of materials stashed!)
16:41:18 [STASH_COMPACT] §f                §3§l>>> §3§lCLICK HERE§b to pick them up! §3§l<<<
16:41:18 [STASH_COMPACT]   
16:42:18 [STASH_COMPACT] §f                     §7You have §a2 §7items stashed away!
16:42:18 [STASH_COMPACT] §f                §6§l>>> §6§lCLICK HERE§e to pick them up! §6§l<<<
16:42:18 [STASH_COMPACT]   
16:42:18 [STASH_COMPACT] §f                §7You have §31,856 §7materials stashed away!
16:42:18 [STASH_COMPACT] §f              §8(This totals 3 types of materials stashed!)
16:42:18 [STASH_COMPACT] §f                §3§l>>> §3§lCLICK HERE§b to pick them up! §3§l<<<
16:42:18 [STASH_COMPACT]   
16:43:19 [STASH_COMPACT] §f                     §7You have §a2 §7items stashed away!
16:43:19 [STASH_COMPACT] §f                §6§l>>> §6§lCLICK HERE§e to pick them up! §6§l<<<
16:43:19 [STASH_COMPACT]   
16:43:19 [STASH_COMPACT] §f                §7You have §31,856 §7materials stashed away!
16:43:19 [STASH_COMPACT] §f              §8(This totals 3 types of materials stashed!)
16:43:19 [STASH_COMPACT] §f                §3§l>>> §3§lCLICK HERE§b to pick them up! §3§l<<<
16:43:19 [STASH_COMPACT]   
16:44:19 [STASH_COMPACT] §f                     §7You have §a2 §7items stashed away!
16:44:19 [STASH_COMPACT] §f                §6§l>>> §6§lCLICK HERE§e to pick them up! §6§l<<<
16:44:19 [STASH_COMPACT]   
16:44:19 [STASH_COMPACT] §f                §7You have §31,856 §7materials stashed away!
16:44:19 [STASH_COMPACT] §f              §8(This totals 3 types of materials stashed!)
16:44:19 [STASH_COMPACT] §f                §3§l>>> §3§lCLICK HERE§b to pick them up! §3§l<<<
16:44:19 [STASH_COMPACT]   
16:45:19 [STASH_COMPACT] §f                     §7You have §a2 §7items stashed away!
16:45:19 [STASH_COMPACT] §f                §6§l>>> §6§lCLICK HERE§e to pick them up! §6§l<<<
16:45:19 [STASH_COMPACT]   
16:45:19 [STASH_COMPACT] §f                §7You have §31,856 §7materials stashed away!
16:45:19 [STASH_COMPACT] §f              §8(This totals 3 types of materials stashed!)
16:45:19 [STASH_COMPACT] §f                §3§l>>> §3§lCLICK HERE§b to pick them up! §3§l<<<
16:45:19 [STASH_COMPACT]   
16:46:20 [STASH_COMPACT] §f                     §7You have §a2 §7items stashed away!
16:46:20 [STASH_COMPACT] §f                §6§l>>> §6§lCLICK HERE§e to pick them up! §6§l<<<
16:46:20 [STASH_COMPACT]   
16:46:20 [STASH_COMPACT] §f                §7You have §31,856 §7materials stashed away!
16:46:20 [STASH_COMPACT] §f              §8(This totals 3 types of materials stashed!)
16:46:20 [STASH_COMPACT] §f                §3§l>>> §3§lCLICK HERE§b to pick them up! §3§l<<<
16:46:20 [STASH_COMPACT]   
16:47:20 [STASH_COMPACT] §f                     §7You have §a2 §7items stashed away!
16:47:20 [STASH_COMPACT] §f                §6§l>>> §6§lCLICK HERE§e to pick them up! §6§l<<<
16:47:20 [STASH_COMPACT]   
16:47:20 [STASH_COMPACT] §f                §7You have §31,856 §7materials stashed away!
16:47:20 [STASH_COMPACT] §f              §8(This totals 3 types of materials stashed!)
16:47:20 [STASH_COMPACT] §f                §3§l>>> §3§lCLICK HERE§b to pick them up! §3§l<<<
16:47:20 [STASH_COMPACT]   
