15:13:08 §e[SkyHanni] Reloaded 7531 items in the NEU repo§r
15:22:34 §e[SkyHanni] Successfully loaded this year's contests from elitebot.dev automatically!§r
15:22:34 §e[SkyHanni] §aEmissary Carlton §eis visiting your garden!§r
15:22:34 §e[SkyHanni] §aJacob §eis visiting your garden!§r
15:22:34 §e[SkyHanni] §9Royal Resident §eis visiting your garden!§r
15:22:34 §e[SkyHanni] §aMason §eis visiting your garden!§r
15:22:34 §e[SkyHanni] §aTarwen §eis visiting your garden!§r
15:22:34 §e[SkyHanni] §eYou have §62 §eitems in stash. §eClick to §6pickup §eyour stash!§r
15:22:35 §e[SkyHanni] §bYou have §31.8k §bmaterials in stash, §btotalling §33 types§b. §bClick to §3pickup §byour stash!§r
15:23:32 §e[SkyHanni] Started tracking your Jacob Contest Blocks Per Second!§r
15:25:44 §6§lBESTIARY §r§b§lEarthworm §7§8IV §8➡§b §bV§r
15:28:00 §6§lBESTIARY §r§b§lRat §7§8IV §8➡§b §bV§r
15:35:02 §e[SkyHanni] Stats for Mushroom Contest:§r
15:35:02 §e[SkyHanni] §7Blocks Broken in total: §e4,578§r
15:35:02 §e[SkyHanni] §7Average Blocks Per Second: §a6.64§r
15:35:02 §e[SkyHanni] §7Participated for §b11m 29s§r
15:46:14 §6§lBESTIARY §r§b§lSlug §7§8VII §8➡§b §bVIII§r
15:46:57 §6§lBESTIARY §r§b§lEarthworm §7§8V §8➡§b §bVI§r
15:56:50 §e[SkyHanni] Loaded Nether Wart milestone data from tab list!§r
15:57:53 §e[SkyHanni] §b+4 SkyBlock XP §7(HOTM Progression§7)§b (86/100)§r
15:57:59 §e[SkyHanni] §aTrevor §eis visiting your garden!§r
16:05:27 §e[SkyHanni] §aEmissary Wilson §eis visiting your garden!§r
16:10:32 §e[SkyHanni] §9Royal Resident §eis visiting your garden!§r
16:17:45 §e[SkyHanni] §aTrevor §eis visiting your garden!§r
16:22:57 §e[SkyHanni] §aLumber Jack §eis visiting your garden!§r
16:27:03 §e[SkyHanni] §aLeo §eis visiting your garden!§r
16:27:45 §6§lBESTIARY §r§b§lBeetle §7§8VI §8➡§b §bVII§r
16:30:15 §e[SkyHanni] §b+2 SkyBlock XP §7(HOTM Progression§7)§b (88/100)§r
16:30:36 §e[SkyHanni] §b+1 SkyBlock XP §7(Crop Upgrades§7)§b (89/100)§r
16:30:39 §e[SkyHanni] §b+1 SkyBlock XP §7(Crop Upgrades§7)§b (90/100)§r
16:34:52 §e[SkyHanni] §aAndrew §eis visiting your garden!§r
16:38:29 §6§lBESTIARY §r§b§lLocust §7§8VII §8➡§b §bVIII§r
16:39:18 §e[SkyHanni] §eYou have §62 §eitems in stash. §eClick to §6pickup §eyour stash!§r
16:39:18 §e[SkyHanni] §bYou have §31.8k §bmaterials in stash, §btotalling §33 types§b. §bClick to §3pickup §byour stash!§r
