11:43:20 Trying to load config from config\skyhanni\config.json
11:43:20 load-config-now
11:43:21 Loaded config from file
11:43:21 Trying to load sacks from config\skyhanni\sacks.json
11:43:21 load-sacks-now
11:43:21 Loaded sacks from file
11:43:21 Trying to load friends from config\skyhanni\friends.json
11:43:21 load-friends-now
11:43:21 Loaded friends from file
11:43:21 Trying to load known_features from config\skyhanni\known_features.json
11:43:21 load-known_features-now
11:43:21 Loaded known_features from file
11:43:21 Trying to load jacob_contests from config\skyhanni\jacob_contests.json
11:43:21 Setting jacob_contests to be blank as it did not exist. It will be saved once something is written to it
11:43:21 Trying to load visual_words from config\skyhanni\visual_words.json
11:43:21 Setting visual_words to be blank as it did not exist. It will be saved once something is written to it
11:43:21 Trying to load pets from config\skyhanni\pets.json
11:43:21 load-pets-now
11:43:21 Loaded pets from file
11:44:21 saveConfig: auto-save-60s
11:44:21 Saving config file
11:44:21 Saved config file successfully
11:44:21 saveConfig: auto-save-60s
11:44:21 Saving config file
11:44:21 Saved config file successfully
11:45:21 saveConfig: auto-save-60s
11:45:21 Saving config file
11:45:21 Saved config file successfully
11:45:21 saveConfig: auto-save-60s
11:45:21 Saving config file
11:45:21 Saved config file successfully
11:46:21 saveConfig: auto-save-60s
11:46:21 Saving config file
11:46:21 Saved config file successfully
11:46:21 saveConfig: auto-save-60s
11:46:21 Saving config file
11:46:21 Saved config file successfully
11:47:21 saveConfig: auto-save-60s
11:47:21 Saving config file
11:47:21 Saved config file successfully
11:47:21 saveConfig: auto-save-60s
11:47:21 Saving config file
11:47:21 Saved config file successfully
11:48:21 saveConfig: auto-save-60s
11:48:21 Saving config file
11:48:21 Saved config file successfully
11:48:21 saveConfig: auto-save-60s
11:48:21 Saving config file
11:48:21 Saved config file successfully
11:49:21 saveConfig: auto-save-60s
11:49:21 Saving config file
11:49:21 Saved config file successfully
11:49:21 saveConfig: auto-save-60s
11:49:21 Saving config file
11:49:21 Saved config file successfully
11:50:21 saveConfig: auto-save-60s
11:50:21 Saving config file
11:50:21 Saved config file successfully
11:50:21 saveConfig: auto-save-60s
11:50:21 Saving config file
11:50:21 Saved config file successfully
11:51:21 saveConfig: auto-save-60s
11:51:21 Saving config file
11:51:21 Saved config file successfully
11:51:21 saveConfig: auto-save-60s
11:51:21 Saving config file
11:51:21 Saved config file successfully
11:52:21 saveConfig: auto-save-60s
11:52:21 Saving config file
11:52:21 Saved config file successfully
11:52:21 saveConfig: auto-save-60s
11:52:21 Saving config file
11:52:21 Saved config file successfully
11:53:21 saveConfig: auto-save-60s
11:53:21 Saving config file
11:53:21 Saved config file successfully
11:53:21 saveConfig: auto-save-60s
11:53:21 Saving config file
11:53:21 Saved config file successfully
11:54:21 saveConfig: auto-save-60s
11:54:21 Saving config file
11:54:21 Saved config file successfully
11:54:21 saveConfig: auto-save-60s
11:54:21 Saving config file
11:54:21 Saved config file successfully
11:55:21 saveConfig: auto-save-60s
11:55:21 Saving config file
11:55:21 Saved config file successfully
11:55:21 saveConfig: auto-save-60s
11:55:21 Saving config file
11:55:21 Saved config file successfully
11:56:21 saveConfig: auto-save-60s
11:56:21 Saving config file
11:56:21 Saved config file successfully
11:56:21 saveConfig: auto-save-60s
11:56:21 Saving config file
11:56:21 Saved config file successfully
11:57:21 saveConfig: auto-save-60s
11:57:21 Saving config file
11:57:21 Saved config file successfully
11:57:21 saveConfig: auto-save-60s
11:57:21 Saving config file
11:57:21 Saved config file successfully
11:58:21 saveConfig: auto-save-60s
11:58:21 Saving config file
11:58:21 Saved config file successfully
11:58:21 saveConfig: auto-save-60s
11:58:21 Saving config file
11:58:21 Saved config file successfully
11:59:21 saveConfig: auto-save-60s
11:59:21 Saving config file
11:59:21 Saved config file successfully
11:59:21 saveConfig: auto-save-60s
11:59:21 Saving config file
11:59:21 Saved config file successfully
12:00:21 saveConfig: auto-save-60s
12:00:21 Saving config file
12:00:21 Saved config file successfully
12:00:21 saveConfig: auto-save-60s
12:00:21 Saving config file
12:00:21 Saved config file successfully
12:01:21 saveConfig: auto-save-60s
12:01:21 Saving config file
12:01:21 Saved config file successfully
12:01:21 saveConfig: auto-save-60s
12:01:21 Saving config file
12:01:21 Saved config file successfully
12:02:21 saveConfig: auto-save-60s
12:02:21 Saving config file
12:02:21 Saved config file successfully
12:02:21 saveConfig: auto-save-60s
12:02:21 Saving config file
12:02:21 Saved config file successfully
12:03:21 saveConfig: auto-save-60s
12:03:21 Saving config file
12:03:21 Saved config file successfully
12:03:21 saveConfig: auto-save-60s
12:03:21 Saving config file
12:03:21 Saved config file successfully
12:04:21 saveConfig: auto-save-60s
12:04:21 Saving config file
12:04:21 Saved config file successfully
12:04:21 saveConfig: auto-save-60s
12:04:21 Saving config file
12:04:21 Saved config file successfully
12:05:21 saveConfig: auto-save-60s
12:05:21 Saving config file
12:05:21 Saved config file successfully
12:05:21 saveConfig: auto-save-60s
12:05:21 Saving config file
12:05:21 Saved config file successfully
12:06:21 saveConfig: auto-save-60s
12:06:21 Saving config file
12:06:21 Saved config file successfully
12:06:21 saveConfig: auto-save-60s
12:06:21 Saving config file
12:06:21 Saved config file successfully
12:07:21 saveConfig: auto-save-60s
12:07:21 Saving config file
12:07:21 Saved config file successfully
12:07:21 saveConfig: auto-save-60s
12:07:21 Saving config file
12:07:21 Saved config file successfully
12:08:21 saveConfig: auto-save-60s
12:08:21 Saving config file
12:08:21 Saved config file successfully
12:08:21 saveConfig: auto-save-60s
12:08:21 Saving config file
12:08:21 Saved config file successfully
12:09:21 saveConfig: auto-save-60s
12:09:21 Saving config file
12:09:21 Saved config file successfully
12:09:21 saveConfig: auto-save-60s
12:09:21 Saving config file
12:09:21 Saved config file successfully
12:10:21 saveConfig: auto-save-60s
12:10:21 Saving config file
12:10:21 Saved config file successfully
12:10:21 saveConfig: auto-save-60s
12:10:21 Saving config file
12:10:21 Saved config file successfully
12:11:21 saveConfig: auto-save-60s
12:11:21 Saving config file
12:11:21 Saved config file successfully
12:11:21 saveConfig: auto-save-60s
12:11:21 Saving config file
12:11:21 Saved config file successfully
12:12:21 saveConfig: auto-save-60s
12:12:21 Saving config file
12:12:21 Saved config file successfully
12:12:21 saveConfig: auto-save-60s
12:12:21 Saving config file
12:12:21 Saved config file successfully
12:13:21 saveConfig: auto-save-60s
12:13:21 Saving config file
12:13:21 Saved config file successfully
12:13:21 saveConfig: auto-save-60s
12:13:21 Saving config file
12:13:21 Saved config file successfully
12:14:21 saveConfig: auto-save-60s
12:14:21 Saving config file
12:14:21 Saved config file successfully
12:14:21 saveConfig: auto-save-60s
12:14:21 Saving config file
12:14:21 Saved config file successfully
12:14:48 saveConfig: Updated known feature flags
12:14:48 Saving known_features file
12:14:48 Saved known_features file successfully
12:14:48 saveConfig: Updated known feature flags
12:14:48 Saving known_features file
12:14:48 Saved known_features file successfully
12:14:56 saveConfig: shutdown-hook
12:14:56 Saving config file
