04:00:55 `n72u93z4k7`124 missed {
 is already Found: false).
 Position: LorenzVec(x=-15.5, y=201.0, z=-98.5)
 DistanceC: 23.01810560743813
Relative Position: LorenzVec(x=13.751054471459739, y=1.0, z=23.01810560743813)
 }
04:01:00 `3s8z9600lb`123 missed {
 is already Found: false).
 Position: LorenzVec(x=-10.5, y=201.0, z=-103.5)
 DistanceC: 17.623978378756263
Relative Position: LorenzVec(x=17.623978378756263, y=1.0, z=17.435369930780894)
 }
04:02:29 `8411c2xsek`173 missed {
 is already Found: false).
 Position: LorenzVec(x=0.5, y=145.0, z=23.5)
 DistanceC: 23.800000011920933
Relative Position: LorenzVec(x=23.800000011920933, y=15.0, z=-4.303393685909256)
 }
04:05:04 `8411c2xsek`173 missed {
 is already Found: false).
 Position: LorenzVec(x=0.5, y=145.0, z=23.5)
 DistanceC: 21.579718532671663
Relative Position: LorenzVec(x=-20.285730393246173, y=17.0, z=-21.579718532671663)
 }
