16:30:37 §f                                  §6§lBESTIARY
16:30:37 §f                      §b§lShadow Assassin §7§8XIX §8➡§b §bXX
16:30:37 
16:30:37 §f                                  §r§6§lREWARDS
16:30:37 §f                 §r§8+§r§a5 §r§d§lShadow Assassin §r§b✯ Magic Find
16:30:37 §f                  §r§8+§r§a5 §r§d§lShadow Assassin §r§c❁ Strength
16:30:37 §f                     §r§8+§r§62% §r§a§r§d§lShadow Assassin §r§7coins
16:30:37 §f                    §r§8+§r§a50% §r§7chance for extra XP orbs
16:30:37 §f                               §r§8+§r§b1 SkyBlock XP
16:30:37 
16:30:37 §3§l▬▬▬▬▬▬▬▬▬▬▬▬▬▬▬▬▬▬▬▬▬▬▬▬▬▬▬▬▬▬▬▬▬▬▬▬▬▬▬▬▬▬▬▬▬▬▬▬▬▬▬▬▬▬▬▬▬▬▬▬▬▬▬▬
18:43:16 §f                                  §6§lBESTIARY
18:43:16 §f                            §b§lSkeletor §7§8XIX §8➡§b §bXX
18:43:16 
18:43:16 §f                                  §r§6§lREWARDS
18:43:16 §f                         §r§8+§r§a5 Skeletor §r§b✯ Magic Find
18:43:16 §f                         §r§8+§r§a5 Skeletor §r§c❁ Strength
18:43:16 §f                             §r§8+§r§62% §r§aSkeletor §r§7coins
18:43:16 §f                    §r§8+§r§a50% §r§7chance for extra XP orbs
18:43:16 §f                               §r§8+§r§b1 SkyBlock XP
18:43:16 
18:43:16 §3§l▬▬▬▬▬▬▬▬▬▬▬▬▬▬▬▬▬▬▬▬▬▬▬▬▬▬▬▬▬▬▬▬▬▬▬▬▬▬▬▬▬▬▬▬▬▬▬▬▬▬▬▬▬▬▬▬▬▬▬▬▬▬▬▬
