15:53:18 §a§lBUFF! §fYou have gained §r§4Regeneration IV§r§f! Press TAB or type /effects to view your active effects!
15:53:18 §a§lBUFF! §fYou have gained §r§4Strength V§r§f! Press TAB or type /effects to view your active effects!
15:53:18 §a§lBUFF! §fYou have gained §r§4Critical III§r§f! Press TAB or type /effects to view your active effects!
15:53:18 §a§lBUFF! §fYou have gained §r§9Speed III§r§f! Press TAB or type /effects to view your active effects!
15:53:18 §a§lBUFF! §fYou have gained §r§aResistance V§r§f! Press TAB or type /effects to view your active effects!
15:53:18 §a§lBUFF! §fYou have gained §r§bArchery III§r§f! Press TAB or type /effects to view your active effects!
16:03:06 §a§lBUFF! §fYou have gained §r§4Regeneration IV§r§f! Press TAB or type /effects to view your active effects!
16:03:06 §a§lBUFF! §fYou have gained §r§4Strength V§r§f! Press TAB or type /effects to view your active effects!
16:03:06 §a§lBUFF! §fYou have gained §r§4Critical III§r§f! Press TAB or type /effects to view your active effects!
16:03:06 §a§lBUFF! §fYou have gained §r§9Speed III§r§f! Press TAB or type /effects to view your active effects!
16:03:06 §a§lBUFF! §fYou have gained §r§aResistance V§r§f! Press TAB or type /effects to view your active effects!
16:03:06 §a§lBUFF! §fYou have gained §r§bArchery III§r§f! Press TAB or type /effects to view your active effects!
16:11:33 §a§lBUFF! §fYou have gained §r§4Regeneration IV§r§f! Press TAB or type /effects to view your active effects!
16:11:33 §a§lBUFF! §fYou have gained §r§4Strength V§r§f! Press TAB or type /effects to view your active effects!
16:11:33 §a§lBUFF! §fYou have gained §r§4Critical III§r§f! Press TAB or type /effects to view your active effects!
16:11:33 §a§lBUFF! §fYou have gained §r§9Speed III§r§f! Press TAB or type /effects to view your active effects!
16:11:33 §a§lBUFF! §fYou have gained §r§aResistance V§r§f! Press TAB or type /effects to view your active effects!
16:11:33 §a§lBUFF! §fYou have gained §r§bArchery III§r§f! Press TAB or type /effects to view your active effects!
16:20:18 §a§lBUFF! §fYou have gained §r§4Regeneration IV§r§f! Press TAB or type /effects to view your active effects!
16:20:18 §a§lBUFF! §fYou have gained §r§4Strength V§r§f! Press TAB or type /effects to view your active effects!
16:20:18 §a§lBUFF! §fYou have gained §r§4Critical III§r§f! Press TAB or type /effects to view your active effects!
16:20:18 §a§lBUFF! §fYou have gained §r§9Speed III§r§f! Press TAB or type /effects to view your active effects!
16:20:18 §a§lBUFF! §fYou have gained §r§aResistance V§r§f! Press TAB or type /effects to view your active effects!
16:20:18 §a§lBUFF! §fYou have gained §r§bArchery III§r§f! Press TAB or type /effects to view your active effects!
18:42:42 §a§lBUFF! §fYou have gained §r§4Regeneration IV§r§f! Press TAB or type /effects to view your active effects!
18:42:42 §a§lBUFF! §fYou have gained §r§4Strength V§r§f! Press TAB or type /effects to view your active effects!
18:42:42 §a§lBUFF! §fYou have gained §r§4Critical III§r§f! Press TAB or type /effects to view your active effects!
18:42:42 §a§lBUFF! §fYou have gained §r§9Speed III§r§f! Press TAB or type /effects to view your active effects!
18:42:42 §a§lBUFF! §fYou have gained §r§aResistance V§r§f! Press TAB or type /effects to view your active effects!
18:42:42 §a§lBUFF! §fYou have gained §r§bArchery III§r§f! Press TAB or type /effects to view your active effects!
19:03:59 §a§lBUFF! §fYou have gained §r§4Regeneration IV§r§f! Press TAB or type /effects to view your active effects!
19:03:59 §a§lBUFF! §fYou have gained §r§4Strength V§r§f! Press TAB or type /effects to view your active effects!
19:03:59 §a§lBUFF! §fYou have gained §r§4Critical III§r§f! Press TAB or type /effects to view your active effects!
19:03:59 §a§lBUFF! §fYou have gained §r§9Speed III§r§f! Press TAB or type /effects to view your active effects!
19:03:59 §a§lBUFF! §fYou have gained §r§aResistance V§r§f! Press TAB or type /effects to view your active effects!
19:03:59 §a§lBUFF! §fYou have gained §r§bArchery III§r§f! Press TAB or type /effects to view your active effects!
19:23:38 §a§lBUFF! §fYou have gained §r§4Regeneration IV§r§f! Press TAB or type /effects to view your active effects!
19:23:38 §a§lBUFF! §fYou have gained §r§4Strength V§r§f! Press TAB or type /effects to view your active effects!
19:23:38 §a§lBUFF! §fYou have gained §r§4Critical III§r§f! Press TAB or type /effects to view your active effects!
19:23:38 §a§lBUFF! §fYou have gained §r§9Speed III§r§f! Press TAB or type /effects to view your active effects!
19:23:38 §a§lBUFF! §fYou have gained §r§aResistance V§r§f! Press TAB or type /effects to view your active effects!
19:23:38 §a§lBUFF! §fYou have gained §r§bArchery III§r§f! Press TAB or type /effects to view your active effects!
