15:31:49 §f                     §7You have §a2 §7items stashed away!
15:31:49 §f                §6§l>>> §6§lCLICK HERE§e to pick them up! §6§l<<<
15:31:49   
15:31:49 §f                §7You have §31,786 §7materials stashed away!
15:31:49 §f              §8(This totals 2 types of materials stashed!)
15:31:49 §f                §3§l>>> §3§lCLICK HERE§b to pick them up! §3§l<<<
15:31:49   
15:32:49 §f                     §7You have §a2 §7items stashed away!
15:32:49 §f                §6§l>>> §6§lCLICK HERE§e to pick them up! §6§l<<<
15:32:49   
15:32:49 §f                §7You have §31,786 §7materials stashed away!
15:32:49 §f              §8(This totals 2 types of materials stashed!)
15:32:49 §f                §3§l>>> §3§lCLICK HERE§b to pick them up! §3§l<<<
15:32:49   
15:33:49 §f                     §7You have §a2 §7items stashed away!
15:33:49 §f                §6§l>>> §6§lCLICK HERE§e to pick them up! §6§l<<<
15:33:49   
15:33:49 §f                §7You have §31,786 §7materials stashed away!
15:33:49 §f              §8(This totals 2 types of materials stashed!)
15:33:49 §f                §3§l>>> §3§lCLICK HERE§b to pick them up! §3§l<<<
15:33:49   
15:34:49 §f                     §7You have §a2 §7items stashed away!
15:34:49 §f                §6§l>>> §6§lCLICK HERE§e to pick them up! §6§l<<<
15:34:49   
15:34:49 §f                §7You have §31,786 §7materials stashed away!
15:34:49 §f              §8(This totals 2 types of materials stashed!)
15:34:49 §f                §3§l>>> §3§lCLICK HERE§b to pick them up! §3§l<<<
15:34:49   
15:35:49 §f                     §7You have §a2 §7items stashed away!
15:35:49 §f                §6§l>>> §6§lCLICK HERE§e to pick them up! §6§l<<<
15:35:49   
15:35:49 §f                §7You have §31,786 §7materials stashed away!
15:35:49 §f              §8(This totals 2 types of materials stashed!)
15:35:49 §f                §3§l>>> §3§lCLICK HERE§b to pick them up! §3§l<<<
15:35:49   
15:36:49 §f                     §7You have §a2 §7items stashed away!
15:36:49 §f                §6§l>>> §6§lCLICK HERE§e to pick them up! §6§l<<<
15:36:49   
15:36:49 §f                §7You have §31,786 §7materials stashed away!
15:36:49 §f              §8(This totals 2 types of materials stashed!)
15:36:49 §f                §3§l>>> §3§lCLICK HERE§b to pick them up! §3§l<<<
15:36:49   
15:37:49 §f                     §7You have §a2 §7items stashed away!
15:37:49 §f                §6§l>>> §6§lCLICK HERE§e to pick them up! §6§l<<<
15:37:49   
15:37:49 §f                §7You have §31,786 §7materials stashed away!
15:37:49 §f              §8(This totals 2 types of materials stashed!)
15:37:49 §f                §3§l>>> §3§lCLICK HERE§b to pick them up! §3§l<<<
15:37:49   
15:38:49 §f                     §7You have §a2 §7items stashed away!
15:38:49 §f                §6§l>>> §6§lCLICK HERE§e to pick them up! §6§l<<<
15:38:49   
15:38:50 §f                §7You have §31,786 §7materials stashed away!
15:38:50 §f              §8(This totals 2 types of materials stashed!)
15:38:50 §f                §3§l>>> §3§lCLICK HERE§b to pick them up! §3§l<<<
15:38:50   
15:39:49 §f                     §7You have §a2 §7items stashed away!
15:39:49 §f                §6§l>>> §6§lCLICK HERE§e to pick them up! §6§l<<<
15:39:49   
15:39:49 §f                §7You have §31,786 §7materials stashed away!
15:39:49 §f              §8(This totals 2 types of materials stashed!)
15:39:50 §f                §3§l>>> §3§lCLICK HERE§b to pick them up! §3§l<<<
15:39:50   
15:40:50 §f                     §7You have §a2 §7items stashed away!
15:40:50 §f                §6§l>>> §6§lCLICK HERE§e to pick them up! §6§l<<<
15:40:50   
15:40:50 §f                §7You have §31,786 §7materials stashed away!
15:40:50 §f              §8(This totals 2 types of materials stashed!)
15:40:50 §f                §3§l>>> §3§lCLICK HERE§b to pick them up! §3§l<<<
15:40:50   
15:41:50 §f                     §7You have §a2 §7items stashed away!
15:41:50 §f                §6§l>>> §6§lCLICK HERE§e to pick them up! §6§l<<<
15:41:50   
15:41:50 §f                §7You have §31,786 §7materials stashed away!
15:41:50 §f              §8(This totals 2 types of materials stashed!)
15:41:50 §f                §3§l>>> §3§lCLICK HERE§b to pick them up! §3§l<<<
15:41:50   
15:42:50 §f                     §7You have §a2 §7items stashed away!
15:42:50 §f                §6§l>>> §6§lCLICK HERE§e to pick them up! §6§l<<<
15:42:50   
15:42:50 §f                §7You have §31,786 §7materials stashed away!
15:42:50 §f              §8(This totals 2 types of materials stashed!)
15:42:50 §f                §3§l>>> §3§lCLICK HERE§b to pick them up! §3§l<<<
15:42:50   
15:43:50 §f                     §7You have §a2 §7items stashed away!
15:43:50 §f                §6§l>>> §6§lCLICK HERE§e to pick them up! §6§l<<<
15:43:50   
15:43:50 §f                §7You have §31,786 §7materials stashed away!
15:43:50 §f              §8(This totals 2 types of materials stashed!)
15:43:50 §f                §3§l>>> §3§lCLICK HERE§b to pick them up! §3§l<<<
15:43:50   
15:44:50 §f                     §7You have §a2 §7items stashed away!
15:44:50 §f                §6§l>>> §6§lCLICK HERE§e to pick them up! §6§l<<<
15:44:50   
15:44:50 §f                §7You have §31,786 §7materials stashed away!
15:44:50 §f              §8(This totals 2 types of materials stashed!)
15:44:50 §f                §3§l>>> §3§lCLICK HERE§b to pick them up! §3§l<<<
15:44:50   
15:45:50 §f                     §7You have §a2 §7items stashed away!
15:45:50 §f                §6§l>>> §6§lCLICK HERE§e to pick them up! §6§l<<<
15:45:50   
15:45:50 §f                §7You have §31,786 §7materials stashed away!
15:45:50 §f              §8(This totals 2 types of materials stashed!)
15:45:50 §f                §3§l>>> §3§lCLICK HERE§b to pick them up! §3§l<<<
15:45:50   
15:46:50 §f                     §7You have §a2 §7items stashed away!
15:46:50 §f                §6§l>>> §6§lCLICK HERE§e to pick them up! §6§l<<<
15:46:50   
15:46:50 §f                §7You have §31,786 §7materials stashed away!
15:46:50 §f              §8(This totals 2 types of materials stashed!)
15:46:50 §f                §3§l>>> §3§lCLICK HERE§b to pick them up! §3§l<<<
15:46:50   
15:47:51 §f                     §7You have §a2 §7items stashed away!
15:47:51 §f                §6§l>>> §6§lCLICK HERE§e to pick them up! §6§l<<<
15:47:51   
15:47:51 §f                §7You have §31,786 §7materials stashed away!
15:47:51 §f              §8(This totals 2 types of materials stashed!)
15:47:51 §f                §3§l>>> §3§lCLICK HERE§b to pick them up! §3§l<<<
15:47:51   
15:48:51 §f                     §7You have §a2 §7items stashed away!
15:48:51 §f                §6§l>>> §6§lCLICK HERE§e to pick them up! §6§l<<<
15:48:51   
15:48:51 §f                §7You have §31,786 §7materials stashed away!
15:48:51 §f              §8(This totals 2 types of materials stashed!)
15:48:51 §f                §3§l>>> §3§lCLICK HERE§b to pick them up! §3§l<<<
15:48:51   
15:49:13 §f                     §7You have §a2 §7items stashed away!
15:49:13 §f                §6§l>>> §6§lCLICK HERE§e to pick them up! §6§l<<<
15:49:13   
15:49:13 §f                §7You have §31,786 §7materials stashed away!
15:49:13 §f              §8(This totals 2 types of materials stashed!)
15:49:13 §f                §3§l>>> §3§lCLICK HERE§b to pick them up! §3§l<<<
15:49:13   
15:49:57 §f                     §7You have §a2 §7items stashed away!
15:49:57 §f                §6§l>>> §6§lCLICK HERE§e to pick them up! §6§l<<<
15:49:57   
15:49:57 §f                §7You have §31,786 §7materials stashed away!
15:49:57 §f              §8(This totals 2 types of materials stashed!)
15:49:57 §f                §3§l>>> §3§lCLICK HERE§b to pick them up! §3§l<<<
15:49:57   
15:50:53 §f                     §7You have §a2 §7items stashed away!
15:50:53 §f                §6§l>>> §6§lCLICK HERE§e to pick them up! §6§l<<<
15:50:53   
15:50:53 §f                §7You have §31,786 §7materials stashed away!
15:50:53 §f              §8(This totals 2 types of materials stashed!)
15:50:53 §f                §3§l>>> §3§lCLICK HERE§b to pick them up! §3§l<<<
15:50:53   
15:51:54 §f                     §7You have §a2 §7items stashed away!
15:51:54 §f                §6§l>>> §6§lCLICK HERE§e to pick them up! §6§l<<<
15:51:54   
15:51:54 §f                §7You have §31,786 §7materials stashed away!
15:51:54 §f              §8(This totals 2 types of materials stashed!)
15:51:54 §f                §3§l>>> §3§lCLICK HERE§b to pick them up! §3§l<<<
15:51:54   
15:52:54 §f                     §7You have §a2 §7items stashed away!
15:52:54 §f                §6§l>>> §6§lCLICK HERE§e to pick them up! §6§l<<<
15:52:54   
15:52:54 §f                §7You have §31,786 §7materials stashed away!
15:52:54 §f              §8(This totals 2 types of materials stashed!)
15:52:54 §f                §3§l>>> §3§lCLICK HERE§b to pick them up! §3§l<<<
15:52:54   
15:53:18 §f                     §7You have §a2 §7items stashed away!
15:53:18 §f                §6§l>>> §6§lCLICK HERE§e to pick them up! §6§l<<<
15:53:18   
15:53:18 §f                §7You have §31,786 §7materials stashed away!
15:53:18 §f              §8(This totals 2 types of materials stashed!)
15:53:18 §f                §3§l>>> §3§lCLICK HERE§b to pick them up! §3§l<<<
15:53:18   
15:54:21 §f                     §7You have §a2 §7items stashed away!
15:54:21 §f                §6§l>>> §6§lCLICK HERE§e to pick them up! §6§l<<<
15:54:21   
15:54:21 §f                §7You have §31,786 §7materials stashed away!
15:54:21 §f              §8(This totals 2 types of materials stashed!)
15:54:21 §f                §3§l>>> §3§lCLICK HERE§b to pick them up! §3§l<<<
15:54:21   
15:55:26 §f                     §7You have §a2 §7items stashed away!
15:55:26 §f                §6§l>>> §6§lCLICK HERE§e to pick them up! §6§l<<<
15:55:26   
15:55:26 §f                §7You have §31,786 §7materials stashed away!
15:55:26 §f              §8(This totals 2 types of materials stashed!)
15:55:26 §f                §3§l>>> §3§lCLICK HERE§b to pick them up! §3§l<<<
15:55:26   
15:56:27 §f                     §7You have §a2 §7items stashed away!
15:56:27 §f                §6§l>>> §6§lCLICK HERE§e to pick them up! §6§l<<<
15:56:27   
15:56:27 §f                §7You have §31,786 §7materials stashed away!
15:56:27 §f              §8(This totals 2 types of materials stashed!)
15:56:27 §f                §3§l>>> §3§lCLICK HERE§b to pick them up! §3§l<<<
15:56:27   
15:57:28 §f                     §7You have §a2 §7items stashed away!
15:57:28 §f                §6§l>>> §6§lCLICK HERE§e to pick them up! §6§l<<<
15:57:28   
15:57:28 §f                §7You have §31,786 §7materials stashed away!
15:57:28 §f              §8(This totals 2 types of materials stashed!)
15:57:28 §f                §3§l>>> §3§lCLICK HERE§b to pick them up! §3§l<<<
15:57:28   
15:58:28 §f                     §7You have §a2 §7items stashed away!
15:58:28 §f                §6§l>>> §6§lCLICK HERE§e to pick them up! §6§l<<<
15:58:28   
15:58:28 §f                §7You have §31,786 §7materials stashed away!
15:58:28 §f              §8(This totals 2 types of materials stashed!)
15:58:28 §f                §3§l>>> §3§lCLICK HERE§b to pick them up! §3§l<<<
15:58:28   
15:59:34 §f                     §7You have §a2 §7items stashed away!
15:59:34 §f                §6§l>>> §6§lCLICK HERE§e to pick them up! §6§l<<<
15:59:34   
15:59:34 §f                §7You have §31,786 §7materials stashed away!
15:59:34 §f              §8(This totals 2 types of materials stashed!)
15:59:34 §f                §3§l>>> §3§lCLICK HERE§b to pick them up! §3§l<<<
15:59:34   
16:00:35 §f                     §7You have §a2 §7items stashed away!
16:00:35 §f                §6§l>>> §6§lCLICK HERE§e to pick them up! §6§l<<<
16:00:35   
16:00:35 §f                §7You have §31,786 §7materials stashed away!
16:00:35 §f              §8(This totals 2 types of materials stashed!)
16:00:35 §f                §3§l>>> §3§lCLICK HERE§b to pick them up! §3§l<<<
16:00:35   
16:01:35 §f                     §7You have §a2 §7items stashed away!
16:01:35 §f                §6§l>>> §6§lCLICK HERE§e to pick them up! §6§l<<<
16:01:35   
16:01:35 §f                §7You have §31,786 §7materials stashed away!
16:01:35 §f              §8(This totals 2 types of materials stashed!)
16:01:35 §f                §3§l>>> §3§lCLICK HERE§b to pick them up! §3§l<<<
16:01:35   
16:02:36 §f                     §7You have §a2 §7items stashed away!
16:02:36 §f                §6§l>>> §6§lCLICK HERE§e to pick them up! §6§l<<<
16:02:36   
16:02:36 §f                §7You have §31,786 §7materials stashed away!
16:02:36 §f              §8(This totals 2 types of materials stashed!)
16:02:36 §f                §3§l>>> §3§lCLICK HERE§b to pick them up! §3§l<<<
16:02:36   
16:03:00 §f                     §7You have §a2 §7items stashed away!
16:03:00 §f                §6§l>>> §6§lCLICK HERE§e to pick them up! §6§l<<<
16:03:00   
16:03:00 §f                §7You have §31,786 §7materials stashed away!
16:03:00 §f              §8(This totals 2 types of materials stashed!)
16:03:00 §f                §3§l>>> §3§lCLICK HERE§b to pick them up! §3§l<<<
16:03:00   
16:04:01 §f                     §7You have §a2 §7items stashed away!
16:04:01 §f                §6§l>>> §6§lCLICK HERE§e to pick them up! §6§l<<<
16:04:01   
16:04:01 §f                §7You have §31,786 §7materials stashed away!
16:04:01 §f              §8(This totals 2 types of materials stashed!)
16:04:01 §f                §3§l>>> §3§lCLICK HERE§b to pick them up! §3§l<<<
16:04:01   
16:05:02 §f                     §7You have §a2 §7items stashed away!
16:05:02 §f                §6§l>>> §6§lCLICK HERE§e to pick them up! §6§l<<<
16:05:02   
16:05:02 §f                §7You have §31,786 §7materials stashed away!
16:05:02 §f              §8(This totals 2 types of materials stashed!)
16:05:02 §f                §3§l>>> §3§lCLICK HERE§b to pick them up! §3§l<<<
16:05:02   
16:06:03 §f                     §7You have §a2 §7items stashed away!
16:06:03 §f                §6§l>>> §6§lCLICK HERE§e to pick them up! §6§l<<<
16:06:03   
16:06:03 §f                §7You have §31,786 §7materials stashed away!
16:06:03 §f              §8(This totals 2 types of materials stashed!)
16:06:03 §f                §3§l>>> §3§lCLICK HERE§b to pick them up! §3§l<<<
16:06:03   
16:07:03 §f                     §7You have §a2 §7items stashed away!
16:07:03 §f                §6§l>>> §6§lCLICK HERE§e to pick them up! §6§l<<<
16:07:03   
16:07:03 §f                §7You have §31,786 §7materials stashed away!
16:07:03 §f              §8(This totals 2 types of materials stashed!)
16:07:03 §f                §3§l>>> §3§lCLICK HERE§b to pick them up! §3§l<<<
16:07:03   
16:08:04 §f                     §7You have §a2 §7items stashed away!
16:08:04 §f                §6§l>>> §6§lCLICK HERE§e to pick them up! §6§l<<<
16:08:04   
16:08:04 §f                §7You have §31,786 §7materials stashed away!
16:08:04 §f              §8(This totals 2 types of materials stashed!)
16:08:04 §f                §3§l>>> §3§lCLICK HERE§b to pick them up! §3§l<<<
16:08:04   
16:09:05 §f                     §7You have §a2 §7items stashed away!
16:09:05 §f                §6§l>>> §6§lCLICK HERE§e to pick them up! §6§l<<<
16:09:05   
16:09:05 §f                §7You have §31,786 §7materials stashed away!
16:09:05 §f              §8(This totals 2 types of materials stashed!)
16:09:05 §f                §3§l>>> §3§lCLICK HERE§b to pick them up! §3§l<<<
16:09:05   
16:10:06 §f                     §7You have §a2 §7items stashed away!
16:10:06 §f                §6§l>>> §6§lCLICK HERE§e to pick them up! §6§l<<<
16:10:06   
16:10:06 §f                §7You have §31,786 §7materials stashed away!
16:10:06 §f              §8(This totals 2 types of materials stashed!)
16:10:06 §f                §3§l>>> §3§lCLICK HERE§b to pick them up! §3§l<<<
16:10:06   
16:11:07 §f                     §7You have §a2 §7items stashed away!
16:11:07 §f                §6§l>>> §6§lCLICK HERE§e to pick them up! §6§l<<<
16:11:07   
16:11:07 §f                §7You have §31,786 §7materials stashed away!
16:11:07 §f              §8(This totals 2 types of materials stashed!)
16:11:07 §f                §3§l>>> §3§lCLICK HERE§b to pick them up! §3§l<<<
16:11:07   
16:11:29 §f                     §7You have §a2 §7items stashed away!
16:11:29 §f                §6§l>>> §6§lCLICK HERE§e to pick them up! §6§l<<<
16:11:29   
16:11:29 §f                §7You have §31,786 §7materials stashed away!
16:11:29 §f              §8(This totals 2 types of materials stashed!)
16:11:29 §f                §3§l>>> §3§lCLICK HERE§b to pick them up! §3§l<<<
16:11:29   
16:12:30 §f                     §7You have §a2 §7items stashed away!
16:12:30 §f                §6§l>>> §6§lCLICK HERE§e to pick them up! §6§l<<<
16:12:30   
16:12:30 §f                §7You have §31,786 §7materials stashed away!
16:12:30 §f              §8(This totals 2 types of materials stashed!)
16:12:30 §f                §3§l>>> §3§lCLICK HERE§b to pick them up! §3§l<<<
16:12:30   
16:13:30 §f                     §7You have §a2 §7items stashed away!
16:13:30 §f                §6§l>>> §6§lCLICK HERE§e to pick them up! §6§l<<<
16:13:30   
16:13:30 §f                §7You have §31,786 §7materials stashed away!
16:13:30 §f              §8(This totals 2 types of materials stashed!)
16:13:30 §f                §3§l>>> §3§lCLICK HERE§b to pick them up! §3§l<<<
16:13:30   
16:14:31 §f                     §7You have §a2 §7items stashed away!
16:14:31 §f                §6§l>>> §6§lCLICK HERE§e to pick them up! §6§l<<<
16:14:31   
16:14:31 §f                §7You have §31,786 §7materials stashed away!
16:14:31 §f              §8(This totals 2 types of materials stashed!)
16:14:31 §f                §3§l>>> §3§lCLICK HERE§b to pick them up! §3§l<<<
16:14:31   
16:15:31 §f                     §7You have §a2 §7items stashed away!
16:15:31 §f                §6§l>>> §6§lCLICK HERE§e to pick them up! §6§l<<<
16:15:31   
16:15:31 §f                §7You have §31,786 §7materials stashed away!
16:15:31 §f              §8(This totals 2 types of materials stashed!)
16:15:31 §f                §3§l>>> §3§lCLICK HERE§b to pick them up! §3§l<<<
16:15:31   
16:16:32 §f                     §7You have §a2 §7items stashed away!
16:16:32 §f                §6§l>>> §6§lCLICK HERE§e to pick them up! §6§l<<<
16:16:32   
16:16:32 §f                §7You have §31,786 §7materials stashed away!
16:16:32 §f              §8(This totals 2 types of materials stashed!)
16:16:32 §f                §3§l>>> §3§lCLICK HERE§b to pick them up! §3§l<<<
16:16:32   
16:17:32 §f                     §7You have §a2 §7items stashed away!
16:17:32 §f                §6§l>>> §6§lCLICK HERE§e to pick them up! §6§l<<<
16:17:32   
16:17:32 §f                §7You have §31,786 §7materials stashed away!
16:17:32 §f              §8(This totals 2 types of materials stashed!)
16:17:32 §f                §3§l>>> §3§lCLICK HERE§b to pick them up! §3§l<<<
16:17:32   
16:18:32 §f                     §7You have §a2 §7items stashed away!
16:18:32 §f                §6§l>>> §6§lCLICK HERE§e to pick them up! §6§l<<<
16:18:32   
16:18:32 §f                §7You have §31,786 §7materials stashed away!
16:18:32 §f              §8(This totals 2 types of materials stashed!)
16:18:32 §f                §3§l>>> §3§lCLICK HERE§b to pick them up! §3§l<<<
16:18:32   
16:19:33 §f                     §7You have §a2 §7items stashed away!
16:19:33 §f                §6§l>>> §6§lCLICK HERE§e to pick them up! §6§l<<<
16:19:33   
16:19:33 §f                §7You have §31,786 §7materials stashed away!
16:19:33 §f              §8(This totals 2 types of materials stashed!)
16:19:33 §f                §3§l>>> §3§lCLICK HERE§b to pick them up! §3§l<<<
16:19:33   
16:20:17 §f                     §7You have §a2 §7items stashed away!
16:20:17 §f                §6§l>>> §6§lCLICK HERE§e to pick them up! §6§l<<<
16:20:17   
16:20:17 §f                §7You have §31,786 §7materials stashed away!
16:20:17 §f              §8(This totals 2 types of materials stashed!)
16:20:17 §f                §3§l>>> §3§lCLICK HERE§b to pick them up! §3§l<<<
16:20:17   
16:21:20 §f                     §7You have §a2 §7items stashed away!
16:21:20 §f                §6§l>>> §6§lCLICK HERE§e to pick them up! §6§l<<<
16:21:20   
16:21:20 §f                §7You have §31,786 §7materials stashed away!
16:21:20 §f              §8(This totals 2 types of materials stashed!)
16:21:20 §f                §3§l>>> §3§lCLICK HERE§b to pick them up! §3§l<<<
16:21:20   
16:22:20 §f                     §7You have §a2 §7items stashed away!
16:22:20 §f                §6§l>>> §6§lCLICK HERE§e to pick them up! §6§l<<<
16:22:20   
16:22:20 §f                §7You have §31,786 §7materials stashed away!
16:22:20 §f              §8(This totals 2 types of materials stashed!)
16:22:20 §f                §3§l>>> §3§lCLICK HERE§b to pick them up! §3§l<<<
16:22:20   
16:23:20 §f                     §7You have §a2 §7items stashed away!
16:23:20 §f                §6§l>>> §6§lCLICK HERE§e to pick them up! §6§l<<<
16:23:20   
16:23:20 §f                §7You have §31,786 §7materials stashed away!
16:23:20 §f              §8(This totals 2 types of materials stashed!)
16:23:20 §f                §3§l>>> §3§lCLICK HERE§b to pick them up! §3§l<<<
16:23:20   
16:24:20 §f                     §7You have §a2 §7items stashed away!
16:24:20 §f                §6§l>>> §6§lCLICK HERE§e to pick them up! §6§l<<<
16:24:20   
16:24:20 §f                §7You have §31,786 §7materials stashed away!
16:24:20 §f              §8(This totals 2 types of materials stashed!)
16:24:20 §f                §3§l>>> §3§lCLICK HERE§b to pick them up! §3§l<<<
16:24:20   
16:25:21 §f                     §7You have §a2 §7items stashed away!
16:25:21 §f                §6§l>>> §6§lCLICK HERE§e to pick them up! §6§l<<<
16:25:21   
16:25:21 §f                §7You have §31,786 §7materials stashed away!
16:25:21 §f              §8(This totals 2 types of materials stashed!)
16:25:21 §f                §3§l>>> §3§lCLICK HERE§b to pick them up! §3§l<<<
16:25:21   
16:27:21 §f                     §7You have §a2 §7items stashed away!
16:27:21 §f                §6§l>>> §6§lCLICK HERE§e to pick them up! §6§l<<<
16:27:21   
16:27:21 §f                §7You have §31,786 §7materials stashed away!
16:27:21 §f              §8(This totals 2 types of materials stashed!)
16:27:21 §f                §3§l>>> §3§lCLICK HERE§b to pick them up! §3§l<<<
16:27:21   
16:28:21 §f                     §7You have §a2 §7items stashed away!
16:28:21 §f                §6§l>>> §6§lCLICK HERE§e to pick them up! §6§l<<<
16:28:21   
16:28:21 §f                §7You have §31,786 §7materials stashed away!
16:28:21 §f              §8(This totals 2 types of materials stashed!)
16:28:21 §f                §3§l>>> §3§lCLICK HERE§b to pick them up! §3§l<<<
16:28:21   
16:29:21 §f                     §7You have §a2 §7items stashed away!
16:29:21 §f                §6§l>>> §6§lCLICK HERE§e to pick them up! §6§l<<<
16:29:21   
16:29:21 §f                §7You have §31,786 §7materials stashed away!
16:29:21 §f              §8(This totals 2 types of materials stashed!)
16:29:21 §f                §3§l>>> §3§lCLICK HERE§b to pick them up! §3§l<<<
16:29:21   
16:30:01 §f                     §7You have §a2 §7items stashed away!
16:30:01 §f                §6§l>>> §6§lCLICK HERE§e to pick them up! §6§l<<<
16:30:01   
16:30:01 §f                §7You have §31,786 §7materials stashed away!
16:30:01 §f              §8(This totals 2 types of materials stashed!)
16:30:01 §f                §3§l>>> §3§lCLICK HERE§b to pick them up! §3§l<<<
16:30:01   
16:31:03 §f                     §7You have §a2 §7items stashed away!
16:31:03 §f                §6§l>>> §6§lCLICK HERE§e to pick them up! §6§l<<<
16:31:03   
16:31:03 §f                §7You have §31,786 §7materials stashed away!
16:31:03 §f              §8(This totals 2 types of materials stashed!)
16:31:03 §f                §3§l>>> §3§lCLICK HERE§b to pick them up! §3§l<<<
16:31:03   
16:32:03 §f                     §7You have §a2 §7items stashed away!
16:32:03 §f                §6§l>>> §6§lCLICK HERE§e to pick them up! §6§l<<<
16:32:03   
16:32:03 §f                §7You have §31,786 §7materials stashed away!
16:32:03 §f              §8(This totals 2 types of materials stashed!)
16:32:03 §f                §3§l>>> §3§lCLICK HERE§b to pick them up! §3§l<<<
16:32:03   
16:33:03 §f                     §7You have §a2 §7items stashed away!
16:33:03 §f                §6§l>>> §6§lCLICK HERE§e to pick them up! §6§l<<<
16:33:03   
16:33:03 §f                §7You have §31,786 §7materials stashed away!
16:33:03 §f              §8(This totals 2 types of materials stashed!)
16:33:03 §f                §3§l>>> §3§lCLICK HERE§b to pick them up! §3§l<<<
16:33:03   
16:34:03 §f                     §7You have §a2 §7items stashed away!
16:34:03 §f                §6§l>>> §6§lCLICK HERE§e to pick them up! §6§l<<<
16:34:03   
16:34:03 §f                §7You have §31,786 §7materials stashed away!
16:34:03 §f              §8(This totals 2 types of materials stashed!)
16:34:03 §f                §3§l>>> §3§lCLICK HERE§b to pick them up! §3§l<<<
16:34:03   
16:35:04 §f                     §7You have §a2 §7items stashed away!
16:35:04 §f                §6§l>>> §6§lCLICK HERE§e to pick them up! §6§l<<<
16:35:04   
16:35:04 §f                §7You have §31,786 §7materials stashed away!
16:35:04 §f              §8(This totals 2 types of materials stashed!)
16:35:04 §f                §3§l>>> §3§lCLICK HERE§b to pick them up! §3§l<<<
16:35:04   
16:36:04 §f                     §7You have §a2 §7items stashed away!
16:36:04 §f                §6§l>>> §6§lCLICK HERE§e to pick them up! §6§l<<<
16:36:04   
16:36:04 §f                §7You have §31,786 §7materials stashed away!
16:36:04 §f              §8(This totals 2 types of materials stashed!)
16:36:04 §f                §3§l>>> §3§lCLICK HERE§b to pick them up! §3§l<<<
16:36:04   
16:37:04 §f                     §7You have §a2 §7items stashed away!
16:37:04 §f                §6§l>>> §6§lCLICK HERE§e to pick them up! §6§l<<<
16:37:04   
16:37:04 §f                §7You have §31,786 §7materials stashed away!
16:37:04 §f              §8(This totals 2 types of materials stashed!)
16:37:04 §f                §3§l>>> §3§lCLICK HERE§b to pick them up! §3§l<<<
16:37:04   
16:38:06 §f                     §7You have §a2 §7items stashed away!
16:38:06 §f                §6§l>>> §6§lCLICK HERE§e to pick them up! §6§l<<<
16:38:06   
16:38:06 §f                §7You have §31,786 §7materials stashed away!
16:38:06 §f              §8(This totals 2 types of materials stashed!)
16:38:06 §f                §3§l>>> §3§lCLICK HERE§b to pick them up! §3§l<<<
16:38:06   
16:39:06 §f                     §7You have §a2 §7items stashed away!
16:39:06 §f                §6§l>>> §6§lCLICK HERE§e to pick them up! §6§l<<<
16:39:06   
16:39:06 §f                §7You have §31,786 §7materials stashed away!
16:39:06 §f              §8(This totals 2 types of materials stashed!)
16:39:06 §f                §3§l>>> §3§lCLICK HERE§b to pick them up! §3§l<<<
16:39:06   
16:40:07 §f                     §7You have §a2 §7items stashed away!
16:40:07 §f                §6§l>>> §6§lCLICK HERE§e to pick them up! §6§l<<<
16:40:07   
16:40:07 §f                §7You have §31,786 §7materials stashed away!
16:40:07 §f              §8(This totals 2 types of materials stashed!)
16:40:07 §f                §3§l>>> §3§lCLICK HERE§b to pick them up! §3§l<<<
16:40:07   
16:41:02 §f                     §7You have §a2 §7items stashed away!
16:41:02 §f                §6§l>>> §6§lCLICK HERE§e to pick them up! §6§l<<<
16:41:02   
16:41:02 §f                §7You have §31,786 §7materials stashed away!
16:41:02 §f              §8(This totals 2 types of materials stashed!)
16:41:02 §f                §3§l>>> §3§lCLICK HERE§b to pick them up! §3§l<<<
16:41:02   
16:42:03 §f                     §7You have §a2 §7items stashed away!
16:42:03 §f                §6§l>>> §6§lCLICK HERE§e to pick them up! §6§l<<<
16:42:03   
16:42:03 §f                §7You have §31,786 §7materials stashed away!
16:42:03 §f              §8(This totals 2 types of materials stashed!)
16:42:03 §f                §3§l>>> §3§lCLICK HERE§b to pick them up! §3§l<<<
16:42:03   
16:42:40 §f                     §7You have §a2 §7items stashed away!
16:42:40 §f                §6§l>>> §6§lCLICK HERE§e to pick them up! §6§l<<<
16:42:40   
16:42:40 §f                §7You have §31,786 §7materials stashed away!
16:42:40 §f              §8(This totals 2 types of materials stashed!)
16:42:40 §f                §3§l>>> §3§lCLICK HERE§b to pick them up! §3§l<<<
16:42:40   
16:43:41 §f                     §7You have §a2 §7items stashed away!
16:43:41 §f                §6§l>>> §6§lCLICK HERE§e to pick them up! §6§l<<<
16:43:41   
16:43:41 §f                §7You have §31,786 §7materials stashed away!
16:43:41 §f              §8(This totals 2 types of materials stashed!)
16:43:41 §f                §3§l>>> §3§lCLICK HERE§b to pick them up! §3§l<<<
16:43:41   
16:44:42 §f                     §7You have §a2 §7items stashed away!
16:44:42 §f                §6§l>>> §6§lCLICK HERE§e to pick them up! §6§l<<<
16:44:42   
16:44:42 §f                §7You have §31,786 §7materials stashed away!
16:44:42 §f              §8(This totals 2 types of materials stashed!)
16:44:42 §f                §3§l>>> §3§lCLICK HERE§b to pick them up! §3§l<<<
16:44:42   
16:45:42 §f                     §7You have §a2 §7items stashed away!
16:45:42 §f                §6§l>>> §6§lCLICK HERE§e to pick them up! §6§l<<<
16:45:42   
16:45:42 §f                §7You have §31,786 §7materials stashed away!
16:45:42 §f              §8(This totals 2 types of materials stashed!)
16:45:42 §f                §3§l>>> §3§lCLICK HERE§b to pick them up! §3§l<<<
16:45:42   
16:46:43 §f                     §7You have §a2 §7items stashed away!
16:46:43 §f                §6§l>>> §6§lCLICK HERE§e to pick them up! §6§l<<<
16:46:43   
16:46:43 §f                §7You have §31,786 §7materials stashed away!
16:46:43 §f              §8(This totals 2 types of materials stashed!)
16:46:43 §f                §3§l>>> §3§lCLICK HERE§b to pick them up! §3§l<<<
16:46:43   
16:47:43 §f                     §7You have §a2 §7items stashed away!
16:47:43 §f                §6§l>>> §6§lCLICK HERE§e to pick them up! §6§l<<<
16:47:43   
16:47:43 §f                §7You have §31,786 §7materials stashed away!
16:47:43 §f              §8(This totals 2 types of materials stashed!)
16:47:43 §f                §3§l>>> §3§lCLICK HERE§b to pick them up! §3§l<<<
16:47:43   
16:48:44 §f                     §7You have §a2 §7items stashed away!
16:48:44 §f                §6§l>>> §6§lCLICK HERE§e to pick them up! §6§l<<<
16:48:44   
16:48:44 §f                §7You have §31,786 §7materials stashed away!
16:48:44 §f              §8(This totals 2 types of materials stashed!)
16:48:44 §f                §3§l>>> §3§lCLICK HERE§b to pick them up! §3§l<<<
16:48:44   
16:49:45 §f                     §7You have §a2 §7items stashed away!
16:49:45 §f                §6§l>>> §6§lCLICK HERE§e to pick them up! §6§l<<<
16:49:45   
16:49:45 §f                §7You have §31,786 §7materials stashed away!
16:49:45 §f              §8(This totals 2 types of materials stashed!)
16:49:45 §f                §3§l>>> §3§lCLICK HERE§b to pick them up! §3§l<<<
16:49:45   
16:50:46 §f                     §7You have §a2 §7items stashed away!
16:50:46 §f                §6§l>>> §6§lCLICK HERE§e to pick them up! §6§l<<<
16:50:46   
16:50:46 §f                §7You have §31,786 §7materials stashed away!
16:50:46 §f              §8(This totals 2 types of materials stashed!)
16:50:46 §f                §3§l>>> §3§lCLICK HERE§b to pick them up! §3§l<<<
16:50:46   
16:51:00 §f                     §7You have §a2 §7items stashed away!
16:51:00 §f                §6§l>>> §6§lCLICK HERE§e to pick them up! §6§l<<<
16:51:00   
16:51:00 §f                §7You have §31,786 §7materials stashed away!
16:51:00 §f              §8(This totals 2 types of materials stashed!)
16:51:00 §f                §3§l>>> §3§lCLICK HERE§b to pick them up! §3§l<<<
16:51:00   
16:52:00 §f                     §7You have §a2 §7items stashed away!
16:52:00 §f                §6§l>>> §6§lCLICK HERE§e to pick them up! §6§l<<<
16:52:00   
16:52:00 §f                §7You have §31,786 §7materials stashed away!
16:52:00 §f              §8(This totals 2 types of materials stashed!)
16:52:00 §f                §3§l>>> §3§lCLICK HERE§b to pick them up! §3§l<<<
16:52:00   
16:53:01 §f                     §7You have §a2 §7items stashed away!
16:53:01 §f                §6§l>>> §6§lCLICK HERE§e to pick them up! §6§l<<<
16:53:01   
16:53:01 §f                §7You have §31,786 §7materials stashed away!
16:53:01 §f              §8(This totals 2 types of materials stashed!)
16:53:01 §f                §3§l>>> §3§lCLICK HERE§b to pick them up! §3§l<<<
16:53:01   
16:54:01 §f                     §7You have §a2 §7items stashed away!
16:54:01 §f                §6§l>>> §6§lCLICK HERE§e to pick them up! §6§l<<<
16:54:01   
16:54:01 §f                §7You have §31,786 §7materials stashed away!
16:54:01 §f              §8(This totals 2 types of materials stashed!)
16:54:01 §f                §3§l>>> §3§lCLICK HERE§b to pick them up! §3§l<<<
16:54:01   
16:55:01 §f                     §7You have §a2 §7items stashed away!
16:55:01 §f                §6§l>>> §6§lCLICK HERE§e to pick them up! §6§l<<<
16:55:01   
16:55:01 §f                §7You have §31,786 §7materials stashed away!
16:55:01 §f              §8(This totals 2 types of materials stashed!)
16:55:01 §f                §3§l>>> §3§lCLICK HERE§b to pick them up! §3§l<<<
16:55:01   
16:56:02 §f                     §7You have §a2 §7items stashed away!
16:56:02 §f                §6§l>>> §6§lCLICK HERE§e to pick them up! §6§l<<<
16:56:02   
16:56:02 §f                §7You have §31,786 §7materials stashed away!
16:56:02 §f              §8(This totals 2 types of materials stashed!)
16:56:02 §f                §3§l>>> §3§lCLICK HERE§b to pick them up! §3§l<<<
16:56:02   
16:57:02 §f                     §7You have §a2 §7items stashed away!
16:57:02 §f                §6§l>>> §6§lCLICK HERE§e to pick them up! §6§l<<<
16:57:02   
16:57:02 §f                §7You have §31,786 §7materials stashed away!
16:57:02 §f              §8(This totals 2 types of materials stashed!)
16:57:02 §f                §3§l>>> §3§lCLICK HERE§b to pick them up! §3§l<<<
16:57:02   
16:58:02 §f                     §7You have §a2 §7items stashed away!
16:58:02 §f                §6§l>>> §6§lCLICK HERE§e to pick them up! §6§l<<<
16:58:02   
16:58:02 §f                §7You have §31,786 §7materials stashed away!
16:58:02 §f              §8(This totals 2 types of materials stashed!)
16:58:02 §f                §3§l>>> §3§lCLICK HERE§b to pick them up! §3§l<<<
16:58:02   
16:59:02 §f                     §7You have §a2 §7items stashed away!
16:59:02 §f                §6§l>>> §6§lCLICK HERE§e to pick them up! §6§l<<<
16:59:02   
16:59:02 §f                §7You have §31,786 §7materials stashed away!
16:59:02 §f              §8(This totals 2 types of materials stashed!)
16:59:02 §f                §3§l>>> §3§lCLICK HERE§b to pick them up! §3§l<<<
16:59:02   
17:00:02 §f                     §7You have §a2 §7items stashed away!
17:00:02 §f                §6§l>>> §6§lCLICK HERE§e to pick them up! §6§l<<<
17:00:02   
17:00:02 §f                §7You have §31,786 §7materials stashed away!
17:00:02 §f              §8(This totals 2 types of materials stashed!)
17:00:02 §f                §3§l>>> §3§lCLICK HERE§b to pick them up! §3§l<<<
17:00:02   
17:00:56 §f                     §7You have §a2 §7items stashed away!
17:00:56 §f                §6§l>>> §6§lCLICK HERE§e to pick them up! §6§l<<<
17:00:56   
17:00:56 §f                §7You have §31,786 §7materials stashed away!
17:00:56 §f              §8(This totals 2 types of materials stashed!)
17:00:56 §f                §3§l>>> §3§lCLICK HERE§b to pick them up! §3§l<<<
17:00:56   
17:01:53 §f                     §7You have §a2 §7items stashed away!
17:01:53 §f                §6§l>>> §6§lCLICK HERE§e to pick them up! §6§l<<<
17:01:53   
17:01:53 §f                §7You have §31,786 §7materials stashed away!
17:01:53 §f              §8(This totals 2 types of materials stashed!)
17:01:53 §f                §3§l>>> §3§lCLICK HERE§b to pick them up! §3§l<<<
17:01:53   
17:02:53 §f                     §7You have §a2 §7items stashed away!
17:02:53 §f                §6§l>>> §6§lCLICK HERE§e to pick them up! §6§l<<<
17:02:53   
17:02:53 §f                §7You have §31,786 §7materials stashed away!
17:02:53 §f              §8(This totals 2 types of materials stashed!)
17:02:53 §f                §3§l>>> §3§lCLICK HERE§b to pick them up! §3§l<<<
17:02:53   
17:03:54 §f                     §7You have §a2 §7items stashed away!
17:03:54 §f                §6§l>>> §6§lCLICK HERE§e to pick them up! §6§l<<<
17:03:54   
17:03:54 §f                §7You have §31,786 §7materials stashed away!
17:03:54 §f              §8(This totals 2 types of materials stashed!)
17:03:54 §f                §3§l>>> §3§lCLICK HERE§b to pick them up! §3§l<<<
17:03:54   
17:04:45 §f                     §7You have §a2 §7items stashed away!
17:04:45 §f                §6§l>>> §6§lCLICK HERE§e to pick them up! §6§l<<<
17:04:45   
17:04:45 §f                §7You have §31,786 §7materials stashed away!
17:04:45 §f              §8(This totals 2 types of materials stashed!)
17:04:45 §f                §3§l>>> §3§lCLICK HERE§b to pick them up! §3§l<<<
17:04:45   
17:05:45 §f                     §7You have §a2 §7items stashed away!
17:05:45 §f                §6§l>>> §6§lCLICK HERE§e to pick them up! §6§l<<<
17:05:45   
17:05:45 §f                §7You have §31,786 §7materials stashed away!
17:05:45 §f              §8(This totals 2 types of materials stashed!)
17:05:45 §f                §3§l>>> §3§lCLICK HERE§b to pick them up! §3§l<<<
17:05:45   
17:06:46 §f                     §7You have §a2 §7items stashed away!
17:06:46 §f                §6§l>>> §6§lCLICK HERE§e to pick them up! §6§l<<<
17:06:46   
17:06:46 §f                §7You have §31,786 §7materials stashed away!
17:06:46 §f              §8(This totals 2 types of materials stashed!)
17:06:46 §f                §3§l>>> §3§lCLICK HERE§b to pick them up! §3§l<<<
17:06:46   
17:08:30 §f                     §7You have §a2 §7items stashed away!
17:08:30 §f                §6§l>>> §6§lCLICK HERE§e to pick them up! §6§l<<<
17:08:30   
17:08:30 §f                §7You have §31,786 §7materials stashed away!
17:08:30 §f              §8(This totals 2 types of materials stashed!)
17:08:30 §f                §3§l>>> §3§lCLICK HERE§b to pick them up! §3§l<<<
17:08:30   
17:09:30 §f                     §7You have §a2 §7items stashed away!
17:09:30 §f                §6§l>>> §6§lCLICK HERE§e to pick them up! §6§l<<<
17:09:30   
17:09:30 §f                §7You have §31,786 §7materials stashed away!
17:09:30 §f              §8(This totals 2 types of materials stashed!)
17:09:30 §f                §3§l>>> §3§lCLICK HERE§b to pick them up! §3§l<<<
17:09:30   
17:10:31 §f                     §7You have §a2 §7items stashed away!
17:10:31 §f                §6§l>>> §6§lCLICK HERE§e to pick them up! §6§l<<<
17:10:31   
17:10:31 §f                §7You have §31,786 §7materials stashed away!
17:10:31 §f              §8(This totals 2 types of materials stashed!)
17:10:31 §f                §3§l>>> §3§lCLICK HERE§b to pick them up! §3§l<<<
17:10:31   
17:11:31 §f                     §7You have §a2 §7items stashed away!
17:11:31 §f                §6§l>>> §6§lCLICK HERE§e to pick them up! §6§l<<<
17:11:31   
17:11:31 §f                §7You have §31,786 §7materials stashed away!
17:11:31 §f              §8(This totals 2 types of materials stashed!)
17:11:31 §f                §3§l>>> §3§lCLICK HERE§b to pick them up! §3§l<<<
17:11:31   
17:12:31 §f                     §7You have §a2 §7items stashed away!
17:12:31 §f                §6§l>>> §6§lCLICK HERE§e to pick them up! §6§l<<<
17:12:31   
17:12:31 §f                §7You have §31,786 §7materials stashed away!
17:12:31 §f              §8(This totals 2 types of materials stashed!)
17:12:31 §f                §3§l>>> §3§lCLICK HERE§b to pick them up! §3§l<<<
17:12:31   
17:13:32 §f                     §7You have §a2 §7items stashed away!
17:13:32 §f                §6§l>>> §6§lCLICK HERE§e to pick them up! §6§l<<<
17:13:32   
17:13:32 §f                §7You have §31,786 §7materials stashed away!
17:13:32 §f              §8(This totals 2 types of materials stashed!)
17:13:32 §f                §3§l>>> §3§lCLICK HERE§b to pick them up! §3§l<<<
17:13:32   
17:14:32 §f                     §7You have §a2 §7items stashed away!
17:14:32 §f                §6§l>>> §6§lCLICK HERE§e to pick them up! §6§l<<<
17:14:32   
17:14:32 §f                §7You have §31,786 §7materials stashed away!
17:14:32 §f              §8(This totals 2 types of materials stashed!)
17:14:32 §f                §3§l>>> §3§lCLICK HERE§b to pick them up! §3§l<<<
17:14:32   
17:15:32 §f                     §7You have §a2 §7items stashed away!
17:15:32 §f                §6§l>>> §6§lCLICK HERE§e to pick them up! §6§l<<<
17:15:32   
17:15:32 §f                §7You have §31,786 §7materials stashed away!
17:15:32 §f              §8(This totals 2 types of materials stashed!)
17:15:32 §f                §3§l>>> §3§lCLICK HERE§b to pick them up! §3§l<<<
17:15:32   
17:16:33 §f                     §7You have §a2 §7items stashed away!
17:16:33 §f                §6§l>>> §6§lCLICK HERE§e to pick them up! §6§l<<<
17:16:33   
17:16:33 §f                §7You have §31,786 §7materials stashed away!
17:16:33 §f              §8(This totals 2 types of materials stashed!)
17:16:33 §f                §3§l>>> §3§lCLICK HERE§b to pick them up! §3§l<<<
17:16:33   
17:17:33 §f                     §7You have §a2 §7items stashed away!
17:17:33 §f                §6§l>>> §6§lCLICK HERE§e to pick them up! §6§l<<<
17:17:33   
17:17:33 §f                §7You have §31,786 §7materials stashed away!
17:17:33 §f              §8(This totals 2 types of materials stashed!)
17:17:33 §f                §3§l>>> §3§lCLICK HERE§b to pick them up! §3§l<<<
17:17:33   
17:18:33 §f                     §7You have §a2 §7items stashed away!
17:18:33 §f                §6§l>>> §6§lCLICK HERE§e to pick them up! §6§l<<<
17:18:33   
17:18:33 §f                §7You have §31,786 §7materials stashed away!
17:18:33 §f              §8(This totals 2 types of materials stashed!)
17:18:33 §f                §3§l>>> §3§lCLICK HERE§b to pick them up! §3§l<<<
17:18:33   
17:19:35 §f                     §7You have §a2 §7items stashed away!
17:19:35 §f                §6§l>>> §6§lCLICK HERE§e to pick them up! §6§l<<<
17:19:35   
17:19:35 §f                §7You have §31,786 §7materials stashed away!
17:19:35 §f              §8(This totals 2 types of materials stashed!)
17:19:35 §f                §3§l>>> §3§lCLICK HERE§b to pick them up! §3§l<<<
17:19:35   
17:20:34 §f                     §7You have §a2 §7items stashed away!
17:20:34 §f                §6§l>>> §6§lCLICK HERE§e to pick them up! §6§l<<<
17:20:34   
17:20:34 §f                §7You have §31,786 §7materials stashed away!
17:20:34 §f              §8(This totals 2 types of materials stashed!)
17:20:34 §f                §3§l>>> §3§lCLICK HERE§b to pick them up! §3§l<<<
17:20:34   
17:21:35 §f                     §7You have §a2 §7items stashed away!
17:21:35 §f                §6§l>>> §6§lCLICK HERE§e to pick them up! §6§l<<<
17:21:35   
17:21:35 §f                §7You have §31,786 §7materials stashed away!
17:21:35 §f              §8(This totals 2 types of materials stashed!)
17:21:35 §f                §3§l>>> §3§lCLICK HERE§b to pick them up! §3§l<<<
17:21:35   
17:22:36 §f                     §7You have §a2 §7items stashed away!
17:22:36 §f                §6§l>>> §6§lCLICK HERE§e to pick them up! §6§l<<<
17:22:36   
17:22:36 §f                §7You have §31,786 §7materials stashed away!
17:22:36 §f              §8(This totals 2 types of materials stashed!)
17:22:36 §f                §3§l>>> §3§lCLICK HERE§b to pick them up! §3§l<<<
17:22:36   
17:23:37 §f                     §7You have §a2 §7items stashed away!
17:23:37 §f                §6§l>>> §6§lCLICK HERE§e to pick them up! §6§l<<<
17:23:37   
17:23:37 §f                §7You have §31,786 §7materials stashed away!
17:23:37 §f              §8(This totals 2 types of materials stashed!)
17:23:37 §f                §3§l>>> §3§lCLICK HERE§b to pick them up! §3§l<<<
17:23:37   
17:24:37 §f                     §7You have §a2 §7items stashed away!
17:24:37 §f                §6§l>>> §6§lCLICK HERE§e to pick them up! §6§l<<<
17:24:37   
17:24:37 §f                §7You have §31,786 §7materials stashed away!
17:24:37 §f              §8(This totals 2 types of materials stashed!)
17:24:37 §f                §3§l>>> §3§lCLICK HERE§b to pick them up! §3§l<<<
17:24:37   
17:25:38 §f                     §7You have §a2 §7items stashed away!
17:25:38 §f                §6§l>>> §6§lCLICK HERE§e to pick them up! §6§l<<<
17:25:38   
17:25:38 §f                §7You have §31,786 §7materials stashed away!
17:25:38 §f              §8(This totals 2 types of materials stashed!)
17:25:38 §f                §3§l>>> §3§lCLICK HERE§b to pick them up! §3§l<<<
17:25:38   
17:26:38 §f                     §7You have §a2 §7items stashed away!
17:26:38 §f                §6§l>>> §6§lCLICK HERE§e to pick them up! §6§l<<<
17:26:38   
17:26:38 §f                §7You have §31,786 §7materials stashed away!
17:26:38 §f              §8(This totals 2 types of materials stashed!)
17:26:38 §f                §3§l>>> §3§lCLICK HERE§b to pick them up! §3§l<<<
17:26:38   
17:27:39 §f                     §7You have §a2 §7items stashed away!
17:27:39 §f                §6§l>>> §6§lCLICK HERE§e to pick them up! §6§l<<<
17:27:39   
17:27:39 §f                §7You have §31,786 §7materials stashed away!
17:27:39 §f              §8(This totals 2 types of materials stashed!)
17:27:39 §f                §3§l>>> §3§lCLICK HERE§b to pick them up! §3§l<<<
17:27:39   
17:28:40 §f                     §7You have §a2 §7items stashed away!
17:28:40 §f                §6§l>>> §6§lCLICK HERE§e to pick them up! §6§l<<<
17:28:40   
17:28:40 §f                §7You have §31,786 §7materials stashed away!
17:28:40 §f              §8(This totals 2 types of materials stashed!)
17:28:40 §f                §3§l>>> §3§lCLICK HERE§b to pick them up! §3§l<<<
17:28:40   
17:29:40 §f                     §7You have §a2 §7items stashed away!
17:29:40 §f                §6§l>>> §6§lCLICK HERE§e to pick them up! §6§l<<<
17:29:40   
17:29:40 §f                §7You have §31,786 §7materials stashed away!
17:29:40 §f              §8(This totals 2 types of materials stashed!)
17:29:40 §f                §3§l>>> §3§lCLICK HERE§b to pick them up! §3§l<<<
17:29:40   
17:30:41 §f                     §7You have §a2 §7items stashed away!
17:30:41 §f                §6§l>>> §6§lCLICK HERE§e to pick them up! §6§l<<<
17:30:41   
17:30:41 §f                §7You have §31,786 §7materials stashed away!
17:30:41 §f              §8(This totals 2 types of materials stashed!)
17:30:41 §f                §3§l>>> §3§lCLICK HERE§b to pick them up! §3§l<<<
17:30:41   
17:31:41 §f                     §7You have §a2 §7items stashed away!
17:31:41 §f                §6§l>>> §6§lCLICK HERE§e to pick them up! §6§l<<<
17:31:41   
17:31:41 §f                §7You have §31,786 §7materials stashed away!
17:31:41 §f              §8(This totals 2 types of materials stashed!)
17:31:41 §f                §3§l>>> §3§lCLICK HERE§b to pick them up! §3§l<<<
17:31:41   
17:32:42 §f                     §7You have §a2 §7items stashed away!
17:32:42 §f                §6§l>>> §6§lCLICK HERE§e to pick them up! §6§l<<<
17:32:42   
17:32:42 §f                §7You have §31,786 §7materials stashed away!
17:32:42 §f              §8(This totals 2 types of materials stashed!)
17:32:42 §f                §3§l>>> §3§lCLICK HERE§b to pick them up! §3§l<<<
17:32:42   
17:33:42 §f                     §7You have §a2 §7items stashed away!
17:33:42 §f                §6§l>>> §6§lCLICK HERE§e to pick them up! §6§l<<<
17:33:42   
17:33:42 §f                §7You have §31,786 §7materials stashed away!
17:33:42 §f              §8(This totals 2 types of materials stashed!)
17:33:42 §f                §3§l>>> §3§lCLICK HERE§b to pick them up! §3§l<<<
17:33:42   
17:34:43 §f                     §7You have §a2 §7items stashed away!
17:34:43 §f                §6§l>>> §6§lCLICK HERE§e to pick them up! §6§l<<<
17:34:43   
17:34:43 §f                §7You have §31,786 §7materials stashed away!
17:34:43 §f              §8(This totals 2 types of materials stashed!)
17:34:43 §f                §3§l>>> §3§lCLICK HERE§b to pick them up! §3§l<<<
17:34:43   
17:35:43 §f                     §7You have §a2 §7items stashed away!
17:35:43 §f                §6§l>>> §6§lCLICK HERE§e to pick them up! §6§l<<<
17:35:43   
17:35:43 §f                §7You have §31,786 §7materials stashed away!
17:35:43 §f              §8(This totals 2 types of materials stashed!)
17:35:43 §f                §3§l>>> §3§lCLICK HERE§b to pick them up! §3§l<<<
17:35:43   
17:36:43 §f                     §7You have §a2 §7items stashed away!
17:36:43 §f                §6§l>>> §6§lCLICK HERE§e to pick them up! §6§l<<<
17:36:43   
17:36:43 §f                §7You have §31,786 §7materials stashed away!
17:36:43 §f              §8(This totals 2 types of materials stashed!)
17:36:43 §f                §3§l>>> §3§lCLICK HERE§b to pick them up! §3§l<<<
17:36:43   
17:37:44 §f                     §7You have §a2 §7items stashed away!
17:37:44 §f                §6§l>>> §6§lCLICK HERE§e to pick them up! §6§l<<<
17:37:44   
17:37:44 §f                §7You have §31,786 §7materials stashed away!
17:37:44 §f              §8(This totals 2 types of materials stashed!)
17:37:44 §f                §3§l>>> §3§lCLICK HERE§b to pick them up! §3§l<<<
17:37:44   
17:38:44 §f                     §7You have §a2 §7items stashed away!
17:38:44 §f                §6§l>>> §6§lCLICK HERE§e to pick them up! §6§l<<<
17:38:44   
17:38:44 §f                §7You have §31,786 §7materials stashed away!
17:38:44 §f              §8(This totals 2 types of materials stashed!)
17:38:44 §f                §3§l>>> §3§lCLICK HERE§b to pick them up! §3§l<<<
17:38:44   
17:39:44 §f                     §7You have §a2 §7items stashed away!
17:39:44 §f                §6§l>>> §6§lCLICK HERE§e to pick them up! §6§l<<<
17:39:44   
17:39:44 §f                §7You have §31,786 §7materials stashed away!
17:39:44 §f              §8(This totals 2 types of materials stashed!)
17:39:44 §f                §3§l>>> §3§lCLICK HERE§b to pick them up! §3§l<<<
17:39:44   
17:40:44 §f                     §7You have §a2 §7items stashed away!
17:40:44 §f                §6§l>>> §6§lCLICK HERE§e to pick them up! §6§l<<<
17:40:45   
17:40:45 §f                §7You have §31,786 §7materials stashed away!
17:40:45 §f              §8(This totals 2 types of materials stashed!)
17:40:45 §f                §3§l>>> §3§lCLICK HERE§b to pick them up! §3§l<<<
17:40:45   
17:41:45 §f                     §7You have §a2 §7items stashed away!
17:41:45 §f                §6§l>>> §6§lCLICK HERE§e to pick them up! §6§l<<<
17:41:45   
17:41:45 §f                §7You have §31,786 §7materials stashed away!
17:41:45 §f              §8(This totals 2 types of materials stashed!)
17:41:45 §f                §3§l>>> §3§lCLICK HERE§b to pick them up! §3§l<<<
17:41:45   
17:42:45 §f                     §7You have §a2 §7items stashed away!
17:42:45 §f                §6§l>>> §6§lCLICK HERE§e to pick them up! §6§l<<<
17:42:45   
17:42:45 §f                §7You have §31,786 §7materials stashed away!
17:42:45 §f              §8(This totals 2 types of materials stashed!)
17:42:45 §f                §3§l>>> §3§lCLICK HERE§b to pick them up! §3§l<<<
17:42:45   
17:43:45 §f                     §7You have §a2 §7items stashed away!
17:43:45 §f                §6§l>>> §6§lCLICK HERE§e to pick them up! §6§l<<<
17:43:45   
17:43:45 §f                §7You have §31,786 §7materials stashed away!
17:43:45 §f              §8(This totals 2 types of materials stashed!)
17:43:45 §f                §3§l>>> §3§lCLICK HERE§b to pick them up! §3§l<<<
17:43:45   
17:44:46 §f                     §7You have §a2 §7items stashed away!
17:44:46 §f                §6§l>>> §6§lCLICK HERE§e to pick them up! §6§l<<<
17:44:46   
17:44:46 §f                §7You have §31,786 §7materials stashed away!
17:44:46 §f              §8(This totals 2 types of materials stashed!)
17:44:46 §f                §3§l>>> §3§lCLICK HERE§b to pick them up! §3§l<<<
17:44:46   
17:45:46 §f                     §7You have §a2 §7items stashed away!
17:45:46 §f                §6§l>>> §6§lCLICK HERE§e to pick them up! §6§l<<<
17:45:46   
17:45:46 §f                §7You have §31,786 §7materials stashed away!
17:45:46 §f              §8(This totals 2 types of materials stashed!)
17:45:46 §f                §3§l>>> §3§lCLICK HERE§b to pick them up! §3§l<<<
17:45:46   
17:46:47 §f                     §7You have §a2 §7items stashed away!
17:46:47 §f                §6§l>>> §6§lCLICK HERE§e to pick them up! §6§l<<<
17:46:47   
17:46:47 §f                §7You have §31,786 §7materials stashed away!
17:46:47 §f              §8(This totals 2 types of materials stashed!)
17:46:47 §f                §3§l>>> §3§lCLICK HERE§b to pick them up! §3§l<<<
17:46:47   
17:47:47 §f                     §7You have §a2 §7items stashed away!
17:47:47 §f                §6§l>>> §6§lCLICK HERE§e to pick them up! §6§l<<<
17:47:47   
17:47:47 §f                §7You have §31,786 §7materials stashed away!
17:47:47 §f              §8(This totals 2 types of materials stashed!)
17:47:47 §f                §3§l>>> §3§lCLICK HERE§b to pick them up! §3§l<<<
17:47:47   
17:48:48 §f                     §7You have §a2 §7items stashed away!
17:48:48 §f                §6§l>>> §6§lCLICK HERE§e to pick them up! §6§l<<<
17:48:48   
17:48:48 §f                §7You have §31,786 §7materials stashed away!
17:48:48 §f              §8(This totals 2 types of materials stashed!)
17:48:48 §f                §3§l>>> §3§lCLICK HERE§b to pick them up! §3§l<<<
17:48:48   
17:49:48 §f                     §7You have §a2 §7items stashed away!
17:49:48 §f                §6§l>>> §6§lCLICK HERE§e to pick them up! §6§l<<<
17:49:48   
17:49:48 §f                §7You have §31,786 §7materials stashed away!
17:49:48 §f              §8(This totals 2 types of materials stashed!)
17:49:48 §f                §3§l>>> §3§lCLICK HERE§b to pick them up! §3§l<<<
17:49:48   
17:50:49 §f                     §7You have §a2 §7items stashed away!
17:50:49 §f                §6§l>>> §6§lCLICK HERE§e to pick them up! §6§l<<<
17:50:49   
17:50:49 §f                §7You have §31,786 §7materials stashed away!
17:50:49 §f              §8(This totals 2 types of materials stashed!)
17:50:49 §f                §3§l>>> §3§lCLICK HERE§b to pick them up! §3§l<<<
17:50:49   
17:51:49 §f                     §7You have §a2 §7items stashed away!
17:51:49 §f                §6§l>>> §6§lCLICK HERE§e to pick them up! §6§l<<<
17:51:49   
17:51:49 §f                §7You have §31,786 §7materials stashed away!
17:51:49 §f              §8(This totals 2 types of materials stashed!)
17:51:49 §f                §3§l>>> §3§lCLICK HERE§b to pick them up! §3§l<<<
17:51:49   
17:52:50 §f                     §7You have §a2 §7items stashed away!
17:52:50 §f                §6§l>>> §6§lCLICK HERE§e to pick them up! §6§l<<<
17:52:50   
17:52:50 §f                §7You have §31,786 §7materials stashed away!
17:52:50 §f              §8(This totals 2 types of materials stashed!)
17:52:50 §f                §3§l>>> §3§lCLICK HERE§b to pick them up! §3§l<<<
17:52:50   
17:53:50 §f                     §7You have §a2 §7items stashed away!
17:53:50 §f                §6§l>>> §6§lCLICK HERE§e to pick them up! §6§l<<<
17:53:50   
17:53:50 §f                §7You have §31,786 §7materials stashed away!
17:53:50 §f              §8(This totals 2 types of materials stashed!)
17:53:50 §f                §3§l>>> §3§lCLICK HERE§b to pick them up! §3§l<<<
17:53:50   
17:54:51 §f                     §7You have §a2 §7items stashed away!
17:54:51 §f                §6§l>>> §6§lCLICK HERE§e to pick them up! §6§l<<<
17:54:51   
17:54:51 §f                §7You have §31,786 §7materials stashed away!
17:54:51 §f              §8(This totals 2 types of materials stashed!)
17:54:51 §f                §3§l>>> §3§lCLICK HERE§b to pick them up! §3§l<<<
17:54:51   
17:55:52 §f                     §7You have §a2 §7items stashed away!
17:55:52 §f                §6§l>>> §6§lCLICK HERE§e to pick them up! §6§l<<<
17:55:52   
17:55:52 §f                §7You have §31,786 §7materials stashed away!
17:55:52 §f              §8(This totals 2 types of materials stashed!)
17:55:52 §f                §3§l>>> §3§lCLICK HERE§b to pick them up! §3§l<<<
17:55:52   
17:56:52 §f                     §7You have §a2 §7items stashed away!
17:56:52 §f                §6§l>>> §6§lCLICK HERE§e to pick them up! §6§l<<<
17:56:52   
17:56:52 §f                §7You have §31,786 §7materials stashed away!
17:56:52 §f              §8(This totals 2 types of materials stashed!)
17:56:52 §f                §3§l>>> §3§lCLICK HERE§b to pick them up! §3§l<<<
17:56:52   
17:57:53 §f                     §7You have §a2 §7items stashed away!
17:57:53 §f                §6§l>>> §6§lCLICK HERE§e to pick them up! §6§l<<<
17:57:53   
17:57:53 §f                §7You have §31,786 §7materials stashed away!
17:57:53 §f              §8(This totals 2 types of materials stashed!)
17:57:53 §f                §3§l>>> §3§lCLICK HERE§b to pick them up! §3§l<<<
17:57:53   
17:58:53 §f                     §7You have §a2 §7items stashed away!
17:58:53 §f                §6§l>>> §6§lCLICK HERE§e to pick them up! §6§l<<<
17:58:53   
17:58:53 §f                §7You have §31,786 §7materials stashed away!
17:58:53 §f              §8(This totals 2 types of materials stashed!)
17:58:53 §f                §3§l>>> §3§lCLICK HERE§b to pick them up! §3§l<<<
17:58:53   
17:59:54 §f                     §7You have §a2 §7items stashed away!
17:59:54 §f                §6§l>>> §6§lCLICK HERE§e to pick them up! §6§l<<<
17:59:54   
17:59:54 §f                §7You have §31,786 §7materials stashed away!
17:59:54 §f              §8(This totals 2 types of materials stashed!)
17:59:54 §f                §3§l>>> §3§lCLICK HERE§b to pick them up! §3§l<<<
17:59:54   
18:00:54 §f                     §7You have §a2 §7items stashed away!
18:00:54 §f                §6§l>>> §6§lCLICK HERE§e to pick them up! §6§l<<<
18:00:54   
18:00:54 §f                §7You have §31,786 §7materials stashed away!
18:00:54 §f              §8(This totals 2 types of materials stashed!)
18:00:54 §f                §3§l>>> §3§lCLICK HERE§b to pick them up! §3§l<<<
18:00:54   
18:01:55 §f                     §7You have §a2 §7items stashed away!
18:01:55 §f                §6§l>>> §6§lCLICK HERE§e to pick them up! §6§l<<<
18:01:55   
18:01:55 §f                §7You have §31,786 §7materials stashed away!
18:01:55 §f              §8(This totals 2 types of materials stashed!)
18:01:55 §f                §3§l>>> §3§lCLICK HERE§b to pick them up! §3§l<<<
18:01:55   
18:02:56 §f                     §7You have §a2 §7items stashed away!
18:02:56 §f                §6§l>>> §6§lCLICK HERE§e to pick them up! §6§l<<<
18:02:56   
18:02:56 §f                §7You have §31,786 §7materials stashed away!
18:02:56 §f              §8(This totals 2 types of materials stashed!)
18:02:56 §f                §3§l>>> §3§lCLICK HERE§b to pick them up! §3§l<<<
18:02:56   
18:03:56 §f                     §7You have §a2 §7items stashed away!
18:03:56 §f                §6§l>>> §6§lCLICK HERE§e to pick them up! §6§l<<<
18:03:56   
18:03:56 §f                §7You have §31,786 §7materials stashed away!
18:03:56 §f              §8(This totals 2 types of materials stashed!)
18:03:56 §f                §3§l>>> §3§lCLICK HERE§b to pick them up! §3§l<<<
18:03:56   
18:04:57 §f                     §7You have §a2 §7items stashed away!
18:04:57 §f                §6§l>>> §6§lCLICK HERE§e to pick them up! §6§l<<<
18:04:57   
18:04:57 §f                §7You have §31,786 §7materials stashed away!
18:04:57 §f              §8(This totals 2 types of materials stashed!)
18:04:57 §f                §3§l>>> §3§lCLICK HERE§b to pick them up! §3§l<<<
18:04:57   
18:05:58 §f                     §7You have §a2 §7items stashed away!
18:05:58 §f                §6§l>>> §6§lCLICK HERE§e to pick them up! §6§l<<<
18:05:58   
18:05:58 §f                §7You have §31,786 §7materials stashed away!
18:05:58 §f              §8(This totals 2 types of materials stashed!)
18:05:58 §f                §3§l>>> §3§lCLICK HERE§b to pick them up! §3§l<<<
18:05:58   
18:06:58 §f                     §7You have §a2 §7items stashed away!
18:06:58 §f                §6§l>>> §6§lCLICK HERE§e to pick them up! §6§l<<<
18:06:58   
18:06:58 §f                §7You have §31,786 §7materials stashed away!
18:06:58 §f              §8(This totals 2 types of materials stashed!)
18:06:58 §f                §3§l>>> §3§lCLICK HERE§b to pick them up! §3§l<<<
18:06:58   
18:07:59 §f                     §7You have §a2 §7items stashed away!
18:07:59 §f                §6§l>>> §6§lCLICK HERE§e to pick them up! §6§l<<<
18:07:59   
18:07:59 §f                §7You have §31,786 §7materials stashed away!
18:07:59 §f              §8(This totals 2 types of materials stashed!)
18:07:59 §f                §3§l>>> §3§lCLICK HERE§b to pick them up! §3§l<<<
18:07:59   
18:08:59 §f                     §7You have §a2 §7items stashed away!
18:08:59 §f                §6§l>>> §6§lCLICK HERE§e to pick them up! §6§l<<<
18:08:59   
18:08:59 §f                §7You have §31,786 §7materials stashed away!
18:08:59 §f              §8(This totals 2 types of materials stashed!)
18:08:59 §f                §3§l>>> §3§lCLICK HERE§b to pick them up! §3§l<<<
18:08:59   
18:10:00 §f                     §7You have §a2 §7items stashed away!
18:10:00 §f                §6§l>>> §6§lCLICK HERE§e to pick them up! §6§l<<<
18:10:00   
18:10:00 §f                §7You have §31,786 §7materials stashed away!
18:10:00 §f              §8(This totals 2 types of materials stashed!)
18:10:00 §f                §3§l>>> §3§lCLICK HERE§b to pick them up! §3§l<<<
18:10:00   
18:11:00 §f                     §7You have §a2 §7items stashed away!
18:11:00 §f                §6§l>>> §6§lCLICK HERE§e to pick them up! §6§l<<<
18:11:00   
18:11:00 §f                §7You have §31,786 §7materials stashed away!
18:11:00 §f              §8(This totals 2 types of materials stashed!)
18:11:00 §f                §3§l>>> §3§lCLICK HERE§b to pick them up! §3§l<<<
18:11:00   
18:12:01 §f                     §7You have §a2 §7items stashed away!
18:12:01 §f                §6§l>>> §6§lCLICK HERE§e to pick them up! §6§l<<<
18:12:01   
18:12:01 §f                §7You have §31,786 §7materials stashed away!
18:12:01 §f              §8(This totals 2 types of materials stashed!)
18:12:01 §f                §3§l>>> §3§lCLICK HERE§b to pick them up! §3§l<<<
18:12:01   
18:13:01 §f                     §7You have §a2 §7items stashed away!
18:13:01 §f                §6§l>>> §6§lCLICK HERE§e to pick them up! §6§l<<<
18:13:01   
18:13:01 §f                §7You have §31,786 §7materials stashed away!
18:13:01 §f              §8(This totals 2 types of materials stashed!)
18:13:01 §f                §3§l>>> §3§lCLICK HERE§b to pick them up! §3§l<<<
18:13:01   
18:14:02 §f                     §7You have §a2 §7items stashed away!
18:14:02 §f                §6§l>>> §6§lCLICK HERE§e to pick them up! §6§l<<<
18:14:02   
18:14:02 §f                §7You have §31,786 §7materials stashed away!
18:14:02 §f              §8(This totals 2 types of materials stashed!)
18:14:02 §f                §3§l>>> §3§lCLICK HERE§b to pick them up! §3§l<<<
18:14:02   
18:15:02 §f                     §7You have §a2 §7items stashed away!
18:15:02 §f                §6§l>>> §6§lCLICK HERE§e to pick them up! §6§l<<<
18:15:02   
18:15:02 §f                §7You have §31,786 §7materials stashed away!
18:15:02 §f              §8(This totals 2 types of materials stashed!)
18:15:02 §f                §3§l>>> §3§lCLICK HERE§b to pick them up! §3§l<<<
18:15:02   
18:16:03 §f                     §7You have §a2 §7items stashed away!
18:16:03 §f                §6§l>>> §6§lCLICK HERE§e to pick them up! §6§l<<<
18:16:03   
18:16:03 §f                §7You have §31,786 §7materials stashed away!
18:16:03 §f              §8(This totals 2 types of materials stashed!)
18:16:03 §f                §3§l>>> §3§lCLICK HERE§b to pick them up! §3§l<<<
18:16:03   
18:17:03 §f                     §7You have §a2 §7items stashed away!
18:17:03 §f                §6§l>>> §6§lCLICK HERE§e to pick them up! §6§l<<<
18:17:03   
18:17:03 §f                §7You have §31,786 §7materials stashed away!
18:17:03 §f              §8(This totals 2 types of materials stashed!)
18:17:03 §f                §3§l>>> §3§lCLICK HERE§b to pick them up! §3§l<<<
18:17:03   
18:18:04 §f                     §7You have §a2 §7items stashed away!
18:18:04 §f                §6§l>>> §6§lCLICK HERE§e to pick them up! §6§l<<<
18:18:04   
18:18:04 §f                §7You have §31,786 §7materials stashed away!
18:18:04 §f              §8(This totals 2 types of materials stashed!)
18:18:04 §f                §3§l>>> §3§lCLICK HERE§b to pick them up! §3§l<<<
18:18:04   
18:19:04 §f                     §7You have §a2 §7items stashed away!
18:19:04 §f                §6§l>>> §6§lCLICK HERE§e to pick them up! §6§l<<<
18:19:04   
18:19:04 §f                §7You have §31,786 §7materials stashed away!
18:19:04 §f              §8(This totals 2 types of materials stashed!)
18:19:04 §f                §3§l>>> §3§lCLICK HERE§b to pick them up! §3§l<<<
18:19:04   
18:20:05 §f                     §7You have §a2 §7items stashed away!
18:20:05 §f                §6§l>>> §6§lCLICK HERE§e to pick them up! §6§l<<<
18:20:05   
18:20:05 §f                §7You have §31,786 §7materials stashed away!
18:20:05 §f              §8(This totals 2 types of materials stashed!)
18:20:05 §f                §3§l>>> §3§lCLICK HERE§b to pick them up! §3§l<<<
18:20:05   
18:21:05 §f                     §7You have §a2 §7items stashed away!
18:21:05 §f                §6§l>>> §6§lCLICK HERE§e to pick them up! §6§l<<<
18:21:05   
18:21:05 §f                §7You have §31,786 §7materials stashed away!
18:21:05 §f              §8(This totals 2 types of materials stashed!)
18:21:05 §f                §3§l>>> §3§lCLICK HERE§b to pick them up! §3§l<<<
18:21:05   
18:22:05 §f                     §7You have §a2 §7items stashed away!
18:22:05 §f                §6§l>>> §6§lCLICK HERE§e to pick them up! §6§l<<<
18:22:05   
18:22:05 §f                §7You have §31,786 §7materials stashed away!
18:22:05 §f              §8(This totals 2 types of materials stashed!)
18:22:05 §f                §3§l>>> §3§lCLICK HERE§b to pick them up! §3§l<<<
18:22:05   
18:23:06 §f                     §7You have §a2 §7items stashed away!
18:23:06 §f                §6§l>>> §6§lCLICK HERE§e to pick them up! §6§l<<<
18:23:06   
18:23:06 §f                §7You have §31,786 §7materials stashed away!
18:23:06 §f              §8(This totals 2 types of materials stashed!)
18:23:06 §f                §3§l>>> §3§lCLICK HERE§b to pick them up! §3§l<<<
18:23:06   
18:24:06 §f                     §7You have §a2 §7items stashed away!
18:24:06 §f                §6§l>>> §6§lCLICK HERE§e to pick them up! §6§l<<<
18:24:06   
18:24:07 §f                §7You have §31,786 §7materials stashed away!
18:24:07 §f              §8(This totals 2 types of materials stashed!)
18:24:07 §f                §3§l>>> §3§lCLICK HERE§b to pick them up! §3§l<<<
18:24:07   
18:25:07 §f                     §7You have §a2 §7items stashed away!
18:25:07 §f                §6§l>>> §6§lCLICK HERE§e to pick them up! §6§l<<<
18:25:07   
18:25:07 §f                §7You have §31,786 §7materials stashed away!
18:25:07 §f              §8(This totals 2 types of materials stashed!)
18:25:07 §f                §3§l>>> §3§lCLICK HERE§b to pick them up! §3§l<<<
18:25:07   
18:26:08 §f                     §7You have §a2 §7items stashed away!
18:26:08 §f                §6§l>>> §6§lCLICK HERE§e to pick them up! §6§l<<<
18:26:08   
18:26:08 §f                §7You have §31,786 §7materials stashed away!
18:26:08 §f              §8(This totals 2 types of materials stashed!)
18:26:08 §f                §3§l>>> §3§lCLICK HERE§b to pick them up! §3§l<<<
18:26:08   
18:27:08 §f                     §7You have §a2 §7items stashed away!
18:27:08 §f                §6§l>>> §6§lCLICK HERE§e to pick them up! §6§l<<<
18:27:08   
18:27:08 §f                §7You have §31,786 §7materials stashed away!
18:27:08 §f              §8(This totals 2 types of materials stashed!)
18:27:08 §f                §3§l>>> §3§lCLICK HERE§b to pick them up! §3§l<<<
18:27:08   
18:28:09 §f                     §7You have §a2 §7items stashed away!
18:28:09 §f                §6§l>>> §6§lCLICK HERE§e to pick them up! §6§l<<<
18:28:09   
18:28:09 §f                §7You have §31,786 §7materials stashed away!
18:28:09 §f              §8(This totals 2 types of materials stashed!)
18:28:09 §f                §3§l>>> §3§lCLICK HERE§b to pick them up! §3§l<<<
18:28:09   
18:29:09 §f                     §7You have §a2 §7items stashed away!
18:29:09 §f                §6§l>>> §6§lCLICK HERE§e to pick them up! §6§l<<<
18:29:09   
18:29:09 §f                §7You have §31,786 §7materials stashed away!
18:29:09 §f              §8(This totals 2 types of materials stashed!)
18:29:09 §f                §3§l>>> §3§lCLICK HERE§b to pick them up! §3§l<<<
18:29:09   
18:30:10 §f                     §7You have §a2 §7items stashed away!
18:30:10 §f                §6§l>>> §6§lCLICK HERE§e to pick them up! §6§l<<<
18:30:10   
18:30:10 §f                §7You have §31,786 §7materials stashed away!
18:30:10 §f              §8(This totals 2 types of materials stashed!)
18:30:10 §f                §3§l>>> §3§lCLICK HERE§b to pick them up! §3§l<<<
18:30:10   
18:31:10 §f                     §7You have §a2 §7items stashed away!
18:31:10 §f                §6§l>>> §6§lCLICK HERE§e to pick them up! §6§l<<<
18:31:10   
18:31:10 §f                §7You have §31,786 §7materials stashed away!
18:31:10 §f              §8(This totals 2 types of materials stashed!)
18:31:10 §f                §3§l>>> §3§lCLICK HERE§b to pick them up! §3§l<<<
18:31:10   
18:32:11 §f                     §7You have §a2 §7items stashed away!
18:32:11 §f                §6§l>>> §6§lCLICK HERE§e to pick them up! §6§l<<<
18:32:11   
18:32:11 §f                §7You have §31,786 §7materials stashed away!
18:32:11 §f              §8(This totals 2 types of materials stashed!)
18:32:11 §f                §3§l>>> §3§lCLICK HERE§b to pick them up! §3§l<<<
18:32:11   
18:33:12 §f                     §7You have §a2 §7items stashed away!
18:33:12 §f                §6§l>>> §6§lCLICK HERE§e to pick them up! §6§l<<<
18:33:12   
18:33:12 §f                §7You have §31,786 §7materials stashed away!
18:33:12 §f              §8(This totals 2 types of materials stashed!)
18:33:12 §f                §3§l>>> §3§lCLICK HERE§b to pick them up! §3§l<<<
18:33:12   
18:34:12 §f                     §7You have §a2 §7items stashed away!
18:34:12 §f                §6§l>>> §6§lCLICK HERE§e to pick them up! §6§l<<<
18:34:12   
18:34:12 §f                §7You have §31,786 §7materials stashed away!
18:34:12 §f              §8(This totals 2 types of materials stashed!)
18:34:12 §f                §3§l>>> §3§lCLICK HERE§b to pick them up! §3§l<<<
18:34:12   
18:35:13 §f                     §7You have §a2 §7items stashed away!
18:35:13 §f                §6§l>>> §6§lCLICK HERE§e to pick them up! §6§l<<<
18:35:13   
18:35:13 §f                §7You have §31,786 §7materials stashed away!
18:35:13 §f              §8(This totals 2 types of materials stashed!)
18:35:13 §f                §3§l>>> §3§lCLICK HERE§b to pick them up! §3§l<<<
18:35:13   
18:36:13 §f                     §7You have §a2 §7items stashed away!
18:36:13 §f                §6§l>>> §6§lCLICK HERE§e to pick them up! §6§l<<<
18:36:13   
18:36:13 §f                §7You have §31,786 §7materials stashed away!
18:36:13 §f              §8(This totals 2 types of materials stashed!)
18:36:13 §f                §3§l>>> §3§lCLICK HERE§b to pick them up! §3§l<<<
18:36:13   
18:37:50 §f                     §7You have §a2 §7items stashed away!
18:37:50 §f                §6§l>>> §6§lCLICK HERE§e to pick them up! §6§l<<<
18:37:50   
18:37:50 §f                §7You have §31,786 §7materials stashed away!
18:37:50 §f              §8(This totals 2 types of materials stashed!)
18:37:50 §f                §3§l>>> §3§lCLICK HERE§b to pick them up! §3§l<<<
18:37:50   
18:38:51 §f                     §7You have §a2 §7items stashed away!
18:38:51 §f                §6§l>>> §6§lCLICK HERE§e to pick them up! §6§l<<<
18:38:51   
18:38:51 §f                §7You have §31,786 §7materials stashed away!
18:38:51 §f              §8(This totals 2 types of materials stashed!)
18:38:51 §f                §3§l>>> §3§lCLICK HERE§b to pick them up! §3§l<<<
18:38:51   
18:39:51 §f                     §7You have §a2 §7items stashed away!
18:39:51 §f                §6§l>>> §6§lCLICK HERE§e to pick them up! §6§l<<<
18:39:51   
18:39:51 §f                §7You have §31,786 §7materials stashed away!
18:39:51 §f              §8(This totals 2 types of materials stashed!)
18:39:51 §f                §3§l>>> §3§lCLICK HERE§b to pick them up! §3§l<<<
18:39:51   
18:40:52 §f                     §7You have §a2 §7items stashed away!
18:40:52 §f                §6§l>>> §6§lCLICK HERE§e to pick them up! §6§l<<<
18:40:52   
18:40:52 §f                §7You have §31,786 §7materials stashed away!
18:40:52 §f              §8(This totals 2 types of materials stashed!)
18:40:52 §f                §3§l>>> §3§lCLICK HERE§b to pick them up! §3§l<<<
18:40:52   
18:41:53 §f                     §7You have §a2 §7items stashed away!
18:41:53 §f                §6§l>>> §6§lCLICK HERE§e to pick them up! §6§l<<<
18:41:53   
18:41:53 §f                §7You have §31,786 §7materials stashed away!
18:41:53 §f              §8(This totals 2 types of materials stashed!)
18:41:53 §f                §3§l>>> §3§lCLICK HERE§b to pick them up! §3§l<<<
18:41:53   
18:42:30 §f                     §7You have §a2 §7items stashed away!
18:42:30 §f                §6§l>>> §6§lCLICK HERE§e to pick them up! §6§l<<<
18:42:30   
18:42:30 §f                §7You have §31,786 §7materials stashed away!
18:42:30 §f              §8(This totals 2 types of materials stashed!)
18:42:30 §f                §3§l>>> §3§lCLICK HERE§b to pick them up! §3§l<<<
18:42:30   
18:42:35 §f                     §7You have §a2 §7items stashed away!
18:42:35 §f                §6§l>>> §6§lCLICK HERE§e to pick them up! §6§l<<<
18:42:35   
18:42:35 §f                §7You have §31,786 §7materials stashed away!
18:42:35 §f              §8(This totals 2 types of materials stashed!)
18:42:35 §f                §3§l>>> §3§lCLICK HERE§b to pick them up! §3§l<<<
18:42:35   
18:43:35 §f                     §7You have §a2 §7items stashed away!
18:43:35 §f                §6§l>>> §6§lCLICK HERE§e to pick them up! §6§l<<<
18:43:35   
18:43:35 §f                §7You have §31,786 §7materials stashed away!
18:43:35 §f              §8(This totals 2 types of materials stashed!)
18:43:35 §f                §3§l>>> §3§lCLICK HERE§b to pick them up! §3§l<<<
18:43:35   
18:44:37 §f                     §7You have §a2 §7items stashed away!
18:44:37 §f                §6§l>>> §6§lCLICK HERE§e to pick them up! §6§l<<<
18:44:37   
18:44:37 §f                §7You have §31,786 §7materials stashed away!
18:44:37 §f              §8(This totals 2 types of materials stashed!)
18:44:37 §f                §3§l>>> §3§lCLICK HERE§b to pick them up! §3§l<<<
18:44:37   
18:45:37 §f                     §7You have §a2 §7items stashed away!
18:45:37 §f                §6§l>>> §6§lCLICK HERE§e to pick them up! §6§l<<<
18:45:37   
18:45:37 §f                §7You have §31,786 §7materials stashed away!
18:45:37 §f              §8(This totals 2 types of materials stashed!)
18:45:37 §f                §3§l>>> §3§lCLICK HERE§b to pick them up! §3§l<<<
18:45:37   
18:46:40 §f                     §7You have §a2 §7items stashed away!
18:46:40 §f                §6§l>>> §6§lCLICK HERE§e to pick them up! §6§l<<<
18:46:40   
18:46:40 §f                §7You have §31,786 §7materials stashed away!
18:46:40 §f              §8(This totals 2 types of materials stashed!)
18:46:40 §f                §3§l>>> §3§lCLICK HERE§b to pick them up! §3§l<<<
18:46:40   
18:47:41 §f                     §7You have §a2 §7items stashed away!
18:47:41 §f                §6§l>>> §6§lCLICK HERE§e to pick them up! §6§l<<<
18:47:41   
18:47:41 §f                §7You have §31,786 §7materials stashed away!
18:47:41 §f              §8(This totals 2 types of materials stashed!)
18:47:41 §f                §3§l>>> §3§lCLICK HERE§b to pick them up! §3§l<<<
18:47:41   
18:48:41 §f                     §7You have §a2 §7items stashed away!
18:48:41 §f                §6§l>>> §6§lCLICK HERE§e to pick them up! §6§l<<<
18:48:41   
18:48:41 §f                §7You have §31,786 §7materials stashed away!
18:48:41 §f              §8(This totals 2 types of materials stashed!)
18:48:41 §f                §3§l>>> §3§lCLICK HERE§b to pick them up! §3§l<<<
18:48:41   
18:49:41 §f                     §7You have §a2 §7items stashed away!
18:49:41 §f                §6§l>>> §6§lCLICK HERE§e to pick them up! §6§l<<<
18:49:41   
18:49:41 §f                §7You have §31,786 §7materials stashed away!
18:49:41 §f              §8(This totals 2 types of materials stashed!)
18:49:41 §f                §3§l>>> §3§lCLICK HERE§b to pick them up! §3§l<<<
18:49:41   
18:50:42 §f                     §7You have §a2 §7items stashed away!
18:50:42 §f                §6§l>>> §6§lCLICK HERE§e to pick them up! §6§l<<<
18:50:42   
18:50:42 §f                §7You have §31,786 §7materials stashed away!
18:50:42 §f              §8(This totals 2 types of materials stashed!)
18:50:42 §f                §3§l>>> §3§lCLICK HERE§b to pick them up! §3§l<<<
18:50:42   
18:51:42 §f                     §7You have §a2 §7items stashed away!
18:51:42 §f                §6§l>>> §6§lCLICK HERE§e to pick them up! §6§l<<<
18:51:42   
18:51:42 §f                §7You have §31,786 §7materials stashed away!
18:51:42 §f              §8(This totals 2 types of materials stashed!)
18:51:42 §f                §3§l>>> §3§lCLICK HERE§b to pick them up! §3§l<<<
18:51:42   
18:52:44 §f                     §7You have §a2 §7items stashed away!
18:52:44 §f                §6§l>>> §6§lCLICK HERE§e to pick them up! §6§l<<<
18:52:44   
18:52:44 §f                §7You have §31,786 §7materials stashed away!
18:52:44 §f              §8(This totals 2 types of materials stashed!)
18:52:44 §f                §3§l>>> §3§lCLICK HERE§b to pick them up! §3§l<<<
18:52:44   
18:53:44 §f                     §7You have §a2 §7items stashed away!
18:53:44 §f                §6§l>>> §6§lCLICK HERE§e to pick them up! §6§l<<<
18:53:44   
18:53:44 §f                §7You have §31,786 §7materials stashed away!
18:53:44 §f              §8(This totals 2 types of materials stashed!)
18:53:44 §f                §3§l>>> §3§lCLICK HERE§b to pick them up! §3§l<<<
18:53:44   
18:54:45 §f                     §7You have §a2 §7items stashed away!
18:54:45 §f                §6§l>>> §6§lCLICK HERE§e to pick them up! §6§l<<<
18:54:45   
18:54:45 §f                §7You have §31,786 §7materials stashed away!
18:54:45 §f              §8(This totals 2 types of materials stashed!)
18:54:45 §f                §3§l>>> §3§lCLICK HERE§b to pick them up! §3§l<<<
18:54:45   
18:55:45 §f                     §7You have §a2 §7items stashed away!
18:55:45 §f                §6§l>>> §6§lCLICK HERE§e to pick them up! §6§l<<<
18:55:45   
18:55:45 §f                §7You have §31,786 §7materials stashed away!
18:55:45 §f              §8(This totals 2 types of materials stashed!)
18:55:45 §f                §3§l>>> §3§lCLICK HERE§b to pick them up! §3§l<<<
18:55:45   
18:56:45 §f                     §7You have §a2 §7items stashed away!
18:56:45 §f                §6§l>>> §6§lCLICK HERE§e to pick them up! §6§l<<<
18:56:45   
18:56:45 §f                §7You have §31,786 §7materials stashed away!
18:56:45 §f              §8(This totals 2 types of materials stashed!)
18:56:45 §f                §3§l>>> §3§lCLICK HERE§b to pick them up! §3§l<<<
18:56:45   
18:57:45 §f                     §7You have §a2 §7items stashed away!
18:57:45 §f                §6§l>>> §6§lCLICK HERE§e to pick them up! §6§l<<<
18:57:45   
18:57:45 §f                §7You have §31,786 §7materials stashed away!
18:57:45 §f              §8(This totals 2 types of materials stashed!)
18:57:45 §f                §3§l>>> §3§lCLICK HERE§b to pick them up! §3§l<<<
18:57:45   
18:58:45 §f                     §7You have §a2 §7items stashed away!
18:58:45 §f                §6§l>>> §6§lCLICK HERE§e to pick them up! §6§l<<<
18:58:45   
18:58:45 §f                §7You have §31,786 §7materials stashed away!
18:58:45 §f              §8(This totals 2 types of materials stashed!)
18:58:45 §f                §3§l>>> §3§lCLICK HERE§b to pick them up! §3§l<<<
18:58:45   
18:59:45 §f                     §7You have §a2 §7items stashed away!
18:59:45 §f                §6§l>>> §6§lCLICK HERE§e to pick them up! §6§l<<<
18:59:45   
18:59:45 §f                §7You have §31,786 §7materials stashed away!
18:59:45 §f              §8(This totals 2 types of materials stashed!)
18:59:45 §f                §3§l>>> §3§lCLICK HERE§b to pick them up! §3§l<<<
18:59:45   
19:03:39 §f                     §7You have §a2 §7items stashed away!
19:03:39 §f                §6§l>>> §6§lCLICK HERE§e to pick them up! §6§l<<<
19:03:39   
19:03:39 §f                §7You have §31,786 §7materials stashed away!
19:03:39 §f              §8(This totals 2 types of materials stashed!)
19:03:39 §f                §3§l>>> §3§lCLICK HERE§b to pick them up! §3§l<<<
19:03:39   
19:03:57 §f                     §7You have §a2 §7items stashed away!
19:03:57 §f                §6§l>>> §6§lCLICK HERE§e to pick them up! §6§l<<<
19:03:57   
19:03:57 §f                §7You have §31,786 §7materials stashed away!
19:03:57 §f              §8(This totals 2 types of materials stashed!)
19:03:57 §f                §3§l>>> §3§lCLICK HERE§b to pick them up! §3§l<<<
19:03:57   
19:04:57 §f                     §7You have §a2 §7items stashed away!
19:04:57 §f                §6§l>>> §6§lCLICK HERE§e to pick them up! §6§l<<<
19:04:57   
19:04:57 §f                §7You have §31,786 §7materials stashed away!
19:04:57 §f              §8(This totals 2 types of materials stashed!)
19:04:57 §f                §3§l>>> §3§lCLICK HERE§b to pick them up! §3§l<<<
19:04:57   
19:05:57 §f                     §7You have §a2 §7items stashed away!
19:05:57 §f                §6§l>>> §6§lCLICK HERE§e to pick them up! §6§l<<<
19:05:57   
19:05:57 §f                §7You have §31,786 §7materials stashed away!
19:05:57 §f              §8(This totals 2 types of materials stashed!)
19:05:57 §f                §3§l>>> §3§lCLICK HERE§b to pick them up! §3§l<<<
19:05:57   
19:06:58 §f                     §7You have §a2 §7items stashed away!
19:06:58 §f                §6§l>>> §6§lCLICK HERE§e to pick them up! §6§l<<<
19:06:58   
19:06:58 §f                §7You have §31,786 §7materials stashed away!
19:06:58 §f              §8(This totals 2 types of materials stashed!)
19:06:58 §f                §3§l>>> §3§lCLICK HERE§b to pick them up! §3§l<<<
19:06:58   
19:07:58 §f                     §7You have §a2 §7items stashed away!
19:07:58 §f                §6§l>>> §6§lCLICK HERE§e to pick them up! §6§l<<<
19:07:58   
19:07:58 §f                §7You have §31,786 §7materials stashed away!
19:07:58 §f              §8(This totals 2 types of materials stashed!)
19:07:58 §f                §3§l>>> §3§lCLICK HERE§b to pick them up! §3§l<<<
19:07:58   
19:08:58 §f                     §7You have §a2 §7items stashed away!
19:08:58 §f                §6§l>>> §6§lCLICK HERE§e to pick them up! §6§l<<<
19:08:58   
19:08:58 §f                §7You have §31,786 §7materials stashed away!
19:08:58 §f              §8(This totals 2 types of materials stashed!)
19:08:58 §f                §3§l>>> §3§lCLICK HERE§b to pick them up! §3§l<<<
19:08:58   
19:09:58 §f                     §7You have §a2 §7items stashed away!
19:09:58 §f                §6§l>>> §6§lCLICK HERE§e to pick them up! §6§l<<<
19:09:58   
19:09:58 §f                §7You have §31,786 §7materials stashed away!
19:09:58 §f              §8(This totals 2 types of materials stashed!)
19:09:58 §f                §3§l>>> §3§lCLICK HERE§b to pick them up! §3§l<<<
19:09:58   
19:10:59 §f                     §7You have §a2 §7items stashed away!
19:10:59 §f                §6§l>>> §6§lCLICK HERE§e to pick them up! §6§l<<<
19:10:59   
19:10:59 §f                §7You have §31,786 §7materials stashed away!
19:10:59 §f              §8(This totals 2 types of materials stashed!)
19:10:59 §f                §3§l>>> §3§lCLICK HERE§b to pick them up! §3§l<<<
19:10:59   
19:11:59 §f                     §7You have §a2 §7items stashed away!
19:11:59 §f                §6§l>>> §6§lCLICK HERE§e to pick them up! §6§l<<<
19:11:59   
19:11:59 §f                §7You have §31,786 §7materials stashed away!
19:11:59 §f              §8(This totals 2 types of materials stashed!)
19:11:59 §f                §3§l>>> §3§lCLICK HERE§b to pick them up! §3§l<<<
19:11:59   
19:12:59 §f                     §7You have §a2 §7items stashed away!
19:12:59 §f                §6§l>>> §6§lCLICK HERE§e to pick them up! §6§l<<<
19:12:59   
19:12:59 §f                §7You have §31,786 §7materials stashed away!
19:12:59 §f              §8(This totals 2 types of materials stashed!)
19:12:59 §f                §3§l>>> §3§lCLICK HERE§b to pick them up! §3§l<<<
19:12:59   
19:13:59 §f                     §7You have §a2 §7items stashed away!
19:13:59 §f                §6§l>>> §6§lCLICK HERE§e to pick them up! §6§l<<<
19:13:59   
19:13:59 §f                §7You have §31,786 §7materials stashed away!
19:13:59 §f              §8(This totals 2 types of materials stashed!)
19:13:59 §f                §3§l>>> §3§lCLICK HERE§b to pick them up! §3§l<<<
19:13:59   
19:14:59 §f                     §7You have §a2 §7items stashed away!
19:14:59 §f                §6§l>>> §6§lCLICK HERE§e to pick them up! §6§l<<<
19:14:59   
19:14:59 §f                §7You have §31,786 §7materials stashed away!
19:14:59 §f              §8(This totals 2 types of materials stashed!)
19:14:59 §f                §3§l>>> §3§lCLICK HERE§b to pick them up! §3§l<<<
19:14:59   
19:15:59 §f                     §7You have §a2 §7items stashed away!
19:15:59 §f                §6§l>>> §6§lCLICK HERE§e to pick them up! §6§l<<<
19:15:59   
19:15:59 §f                §7You have §31,786 §7materials stashed away!
19:15:59 §f              §8(This totals 2 types of materials stashed!)
19:15:59 §f                §3§l>>> §3§lCLICK HERE§b to pick them up! §3§l<<<
19:15:59   
19:16:59 §f                     §7You have §a2 §7items stashed away!
19:16:59 §f                §6§l>>> §6§lCLICK HERE§e to pick them up! §6§l<<<
19:16:59   
19:16:59 §f                §7You have §31,786 §7materials stashed away!
19:16:59 §f              §8(This totals 2 types of materials stashed!)
19:16:59 §f                §3§l>>> §3§lCLICK HERE§b to pick them up! §3§l<<<
19:16:59   
19:17:59 §f                     §7You have §a2 §7items stashed away!
19:17:59 §f                §6§l>>> §6§lCLICK HERE§e to pick them up! §6§l<<<
19:17:59   
19:18:00 §f                §7You have §31,786 §7materials stashed away!
19:18:00 §f              §8(This totals 2 types of materials stashed!)
19:18:00 §f                §3§l>>> §3§lCLICK HERE§b to pick them up! §3§l<<<
19:18:00   
19:19:00 §f                     §7You have §a2 §7items stashed away!
19:19:00 §f                §6§l>>> §6§lCLICK HERE§e to pick them up! §6§l<<<
19:19:00   
19:19:00 §f                §7You have §31,786 §7materials stashed away!
19:19:00 §f              §8(This totals 2 types of materials stashed!)
19:19:00 §f                §3§l>>> §3§lCLICK HERE§b to pick them up! §3§l<<<
19:19:00   
19:20:00 §f                     §7You have §a2 §7items stashed away!
19:20:00 §f                §6§l>>> §6§lCLICK HERE§e to pick them up! §6§l<<<
19:20:00   
19:20:00 §f                §7You have §31,786 §7materials stashed away!
19:20:00 §f              §8(This totals 2 types of materials stashed!)
19:20:00 §f                §3§l>>> §3§lCLICK HERE§b to pick them up! §3§l<<<
19:20:00   
19:21:27 §f                     §7You have §a2 §7items stashed away!
19:21:27 §f                §6§l>>> §6§lCLICK HERE§e to pick them up! §6§l<<<
19:21:27   
19:21:27 §f                §7You have §31,786 §7materials stashed away!
19:21:27 §f              §8(This totals 2 types of materials stashed!)
19:21:27 §f                §3§l>>> §3§lCLICK HERE§b to pick them up! §3§l<<<
19:21:27   
19:23:19 §f                     §7You have §a2 §7items stashed away!
19:23:19 §f                §6§l>>> §6§lCLICK HERE§e to pick them up! §6§l<<<
19:23:19   
19:23:19 §f                §7You have §31,786 §7materials stashed away!
19:23:19 §f              §8(This totals 2 types of materials stashed!)
19:23:19 §f                §3§l>>> §3§lCLICK HERE§b to pick them up! §3§l<<<
19:23:19   
19:23:28 §f                     §7You have §a2 §7items stashed away!
19:23:28 §f                §6§l>>> §6§lCLICK HERE§e to pick them up! §6§l<<<
19:23:28   
19:23:28 §f                §7You have §31,786 §7materials stashed away!
19:23:28 §f              §8(This totals 2 types of materials stashed!)
19:23:28 §f                §3§l>>> §3§lCLICK HERE§b to pick them up! §3§l<<<
19:23:28   
19:24:30 §f                     §7You have §a2 §7items stashed away!
19:24:30 §f                §6§l>>> §6§lCLICK HERE§e to pick them up! §6§l<<<
19:24:30   
19:24:30 §f                §7You have §31,786 §7materials stashed away!
19:24:30 §f              §8(This totals 2 types of materials stashed!)
19:24:30 §f                §3§l>>> §3§lCLICK HERE§b to pick them up! §3§l<<<
19:24:30   
19:25:30 §f                     §7You have §a2 §7items stashed away!
19:25:30 §f                §6§l>>> §6§lCLICK HERE§e to pick them up! §6§l<<<
19:25:30   
19:25:30 §f                §7You have §31,786 §7materials stashed away!
19:25:30 §f              §8(This totals 2 types of materials stashed!)
19:25:30 §f                §3§l>>> §3§lCLICK HERE§b to pick them up! §3§l<<<
19:25:30   
19:26:30 §f                     §7You have §a2 §7items stashed away!
19:26:30 §f                §6§l>>> §6§lCLICK HERE§e to pick them up! §6§l<<<
19:26:30   
19:26:30 §f                §7You have §31,786 §7materials stashed away!
19:26:30 §f              §8(This totals 2 types of materials stashed!)
19:26:30 §f                §3§l>>> §3§lCLICK HERE§b to pick them up! §3§l<<<
19:26:30   
19:27:31 §f                     §7You have §a2 §7items stashed away!
19:27:31 §f                §6§l>>> §6§lCLICK HERE§e to pick them up! §6§l<<<
19:27:31   
19:27:31 §f                §7You have §31,786 §7materials stashed away!
19:27:31 §f              §8(This totals 2 types of materials stashed!)
19:27:31 §f                §3§l>>> §3§lCLICK HERE§b to pick them up! §3§l<<<
19:27:31   
19:28:31 §f                     §7You have §a2 §7items stashed away!
19:28:31 §f                §6§l>>> §6§lCLICK HERE§e to pick them up! §6§l<<<
19:28:31   
19:28:31 §f                §7You have §31,786 §7materials stashed away!
19:28:31 §f              §8(This totals 2 types of materials stashed!)
19:28:31 §f                §3§l>>> §3§lCLICK HERE§b to pick them up! §3§l<<<
19:28:31   
19:29:31 §f                     §7You have §a2 §7items stashed away!
19:29:31 §f                §6§l>>> §6§lCLICK HERE§e to pick them up! §6§l<<<
19:29:31   
19:29:31 §f                §7You have §31,786 §7materials stashed away!
19:29:31 §f              §8(This totals 2 types of materials stashed!)
19:29:31 §f                §3§l>>> §3§lCLICK HERE§b to pick them up! §3§l<<<
19:29:31   
19:37:45 §f                     §7You have §a2 §7items stashed away!
19:37:45 §f                §6§l>>> §6§lCLICK HERE§e to pick them up! §6§l<<<
19:37:45   
19:37:45 §f                §7You have §31,786 §7materials stashed away!
19:37:45 §f              §8(This totals 2 types of materials stashed!)
19:37:45 §f                §3§l>>> §3§lCLICK HERE§b to pick them up! §3§l<<<
19:37:45   
19:38:45 §f                     §7You have §a2 §7items stashed away!
19:38:45 §f                §6§l>>> §6§lCLICK HERE§e to pick them up! §6§l<<<
19:38:45   
19:38:45 §f                §7You have §31,786 §7materials stashed away!
19:38:45 §f              §8(This totals 2 types of materials stashed!)
19:38:45 §f                §3§l>>> §3§lCLICK HERE§b to pick them up! §3§l<<<
19:38:45   
19:39:45 §f                     §7You have §a2 §7items stashed away!
19:39:45 §f                §6§l>>> §6§lCLICK HERE§e to pick them up! §6§l<<<
19:39:45   
19:39:45 §f                §7You have §31,786 §7materials stashed away!
19:39:45 §f              §8(This totals 2 types of materials stashed!)
19:39:45 §f                §3§l>>> §3§lCLICK HERE§b to pick them up! §3§l<<<
19:39:45   
19:40:45 §f                     §7You have §a2 §7items stashed away!
19:40:45 §f                §6§l>>> §6§lCLICK HERE§e to pick them up! §6§l<<<
19:40:45   
19:40:45 §f                §7You have §31,786 §7materials stashed away!
19:40:45 §f              §8(This totals 2 types of materials stashed!)
19:40:45 §f                §3§l>>> §3§lCLICK HERE§b to pick them up! §3§l<<<
19:40:45   
