05:48:01 §f                                  §6§lBESTIARY
05:48:01 §f                      §b§lZombie Knight §7§8XVII §8➡§b §bXVIII
05:48:01 
05:48:01 §f                                  §r§6§lREWARDS
05:48:01 §f                      §r§8+§r§a5 Zombie Knight §r§b✯ Magic Find
05:48:01 §f                      §r§8+§r§a5 Zombie Knight §r§c❁ Strength
05:48:01 §f                          §r§8+§r§62% §r§aZombie Knight §r§7coins
05:48:01 §f                    §r§8+§r§a50% §r§7chance for extra XP orbs
05:48:01 §f                               §r§8+§r§b1 SkyBlock XP
05:48:01 
05:48:01 §3§l▬▬▬▬▬▬▬▬▬▬▬▬▬▬▬▬▬▬▬▬▬▬▬▬▬▬▬▬▬▬▬▬▬▬▬▬▬▬▬▬▬▬▬▬▬▬▬▬▬▬▬▬▬▬▬▬▬▬▬▬▬▬▬▬
06:05:38 §f                                  §6§lBESTIARY
06:05:38 §f                    §b§lSuper Tank Zombie §7§8XV §8➡§b §bXVI
06:05:38 
06:05:38 §f                                  §r§6§lREWARDS
06:05:38 §f                  §r§8+§r§a5 Super Tank Zombie §r§b✯ Magic Find
06:05:38 §f                   §r§8+§r§a5 Super Tank Zombie §r§c❁ Strength
06:05:38 §f                      §r§8+§r§62% §r§aSuper Tank Zombie §r§7coins
06:05:38 §f                    §r§8+§r§a50% §r§7chance for extra XP orbs
06:05:38 §f                               §r§8+§r§b1 SkyBlock XP
06:05:38 
06:05:38 §3§l▬▬▬▬▬▬▬▬▬▬▬▬▬▬▬▬▬▬▬▬▬▬▬▬▬▬▬▬▬▬▬▬▬▬▬▬▬▬▬▬▬▬▬▬▬▬▬▬▬▬▬▬▬▬▬▬▬▬▬▬▬▬▬▬
06:05:38 §f                                  §6§lBESTIARY
06:05:38 §f                           §b§lZombie Lord §7§8X §8➡§b §bXI
06:05:38 
06:05:38 §f                                  §r§6§lREWARDS
06:05:38 §f                      §r§8+§r§a4 Zombie Lord §r§b✯ Magic Find
06:05:38 §f                       §r§8+§r§a4 Zombie Lord §r§c❁ Strength
06:05:38 §f                          §r§8+§r§62% §r§aZombie Lord §r§7coins
06:05:38 §f                    §r§8+§r§a50% §r§7chance for extra XP orbs
06:05:38 §f                               §r§8+§r§b1 SkyBlock XP
06:05:38 
06:05:38 §3§l▬▬▬▬▬▬▬▬▬▬▬▬▬▬▬▬▬▬▬▬▬▬▬▬▬▬▬▬▬▬▬▬▬▬▬▬▬▬▬▬▬▬▬▬▬▬▬▬▬▬▬▬▬▬▬▬▬▬▬▬▬▬▬▬
06:06:07 §f                                  §6§lBESTIARY
06:06:07 §f                     §b§lSkeleton Master §7§8XVI §8➡§b §bXVII
06:06:07 
06:06:07 §f                                  §r§6§lREWARDS
06:06:07 §f                    §r§8+§r§a5 Skeleton Master §r§b✯ Magic Find
06:06:07 §f                     §r§8+§r§a5 Skeleton Master §r§c❁ Strength
06:06:07 §f                        §r§8+§r§62% §r§aSkeleton Master §r§7coins
06:06:07 §f                    §r§8+§r§a50% §r§7chance for extra XP orbs
06:06:07 §f                               §r§8+§r§b1 SkyBlock XP
06:06:07 
06:06:07 §3§l▬▬▬▬▬▬▬▬▬▬▬▬▬▬▬▬▬▬▬▬▬▬▬▬▬▬▬▬▬▬▬▬▬▬▬▬▬▬▬▬▬▬▬▬▬▬▬▬▬▬▬▬▬▬▬▬▬▬▬▬▬▬▬▬
06:17:42 §f                                  §6§lBESTIARY
06:17:42 §f                    §b§lUndead Skeleton §7§8XVIII §8➡§b §bXIX
06:17:42 
06:17:42 §f                                  §r§6§lREWARDS
06:17:42 §f                    §r§8+§r§a5 Undead Skeleton §r§b✯ Magic Find
06:17:42 §f                    §r§8+§r§a5 Undead Skeleton §r§c❁ Strength
06:17:42 §f                        §r§8+§r§62% §r§aUndead Skeleton §r§7coins
06:17:42 §f                    §r§8+§r§a50% §r§7chance for extra XP orbs
06:17:42 §f                               §r§8+§r§b1 SkyBlock XP
06:17:42 
06:17:42 §3§l▬▬▬▬▬▬▬▬▬▬▬▬▬▬▬▬▬▬▬▬▬▬▬▬▬▬▬▬▬▬▬▬▬▬▬▬▬▬▬▬▬▬▬▬▬▬▬▬▬▬▬▬▬▬▬▬▬▬▬▬▬▬▬▬
06:17:44 §f                                  §6§lBESTIARY
06:17:44 §f                        §b§lSuper Archer §7§8XV §8➡§b §bXVI
06:17:44 
06:17:44 §f                                  §r§6§lREWARDS
06:17:44 §f                     §r§8+§r§a5 Super Archer §r§b✯ Magic Find
06:17:44 §f                      §r§8+§r§a5 Super Archer §r§c❁ Strength
06:17:44 §f                         §r§8+§r§62% §r§aSuper Archer §r§7coins
06:17:44 §f                    §r§8+§r§a50% §r§7chance for extra XP orbs
06:17:44 §f                               §r§8+§r§b1 SkyBlock XP
06:17:44 
06:17:44   §r§f                         §6§lBESTIARY MILESTONE
06:17:44   §r§f                                 §8LXXIX➡§eLXXX
06:17:44 
06:17:44 §3§l▬▬▬▬▬▬▬▬▬▬▬▬▬▬▬▬▬▬▬▬▬▬▬▬▬▬▬▬▬▬▬▬▬▬▬▬▬▬▬▬▬▬▬▬▬▬▬▬▬▬▬▬▬▬▬▬▬▬▬▬▬▬▬▬
06:38:02 §f                                  §6§lBESTIARY
06:38:02 §f                               §b§lFels §7§8XIX §8➡§b §bXX
06:38:02 
06:38:02 §f                                  §r§6§lREWARDS
06:38:02 §f                           §r§8+§r§a5 Fels §r§b✯ Magic Find
06:38:02 §f                            §r§8+§r§a5 Fels §r§c❁ Strength
06:38:02 §f                               §r§8+§r§62% §r§aFels §r§7coins
06:38:02 §f                    §r§8+§r§a50% §r§7chance for extra XP orbs
06:38:02 §f                               §r§8+§r§b1 SkyBlock XP
06:38:02 
06:38:02 §3§l▬▬▬▬▬▬▬▬▬▬▬▬▬▬▬▬▬▬▬▬▬▬▬▬▬▬▬▬▬▬▬▬▬▬▬▬▬▬▬▬▬▬▬▬▬▬▬▬▬▬▬▬▬▬▬▬▬▬▬▬▬▬▬▬
06:52:54 §f                                  §6§lBESTIARY
06:52:54 §f                      §b§lCrypt Souleater §7§8XV §8➡§b §bXVI
06:52:54 
06:52:54 §f                                  §r§6§lREWARDS
06:52:54 §f                    §r§8+§r§a5 Crypt Souleater §r§b✯ Magic Find
06:52:54 §f                     §r§8+§r§a5 Crypt Souleater §r§c❁ Strength
06:52:54 §f                        §r§8+§r§62% §r§aCrypt Souleater §r§7coins
06:52:54 §f                    §r§8+§r§a50% §r§7chance for extra XP orbs
06:52:54 §f                               §r§8+§r§b1 SkyBlock XP
06:52:54 
06:52:54 §3§l▬▬▬▬▬▬▬▬▬▬▬▬▬▬▬▬▬▬▬▬▬▬▬▬▬▬▬▬▬▬▬▬▬▬▬▬▬▬▬▬▬▬▬▬▬▬▬▬▬▬▬▬▬▬▬▬▬▬▬▬▬▬▬▬
