17:35:23 DWARVEN_MINES
17:37:53 NONE
17:37:54 PRIVATE_ISLAND_GUEST
17:37:57 NONE
17:37:58 THE_FARMING_ISLANDS
17:41:11 NONE
17:41:11 HUB
17:46:16 NONE
17:46:24 PRIVATE_ISLAND
17:54:05 PRIVATE_ISLAND_GUEST
17:54:13 NONE
17:54:14 THE_END
18:56:49 NONE
18:57:18 THE_END
18:57:23 NONE
18:57:23 PRIVATE_ISLAND
19:01:18 NONE
19:01:19 DUNGEON_HUB
19:01:40 NONE
19:01:42 PRIVATE_ISLAND_GUEST
19:01:47 NONE
19:01:47 THE_END
19:03:27 NONE
19:03:27 PRIVATE_ISLAND
19:04:39 NONE
19:04:39 PRIVATE_ISLAND_GUEST
19:04:43 NONE
19:04:43 THE_END
19:05:19 NONE
19:05:20 HUB
19:05:59 NONE
19:05:59 PRIVATE_ISLAND
19:08:00 NONE
19:08:02 PRIVATE_ISLAND_GUEST
19:08:07 NONE
19:08:08 THE_END
19:09:16 NONE
19:09:17 PRIVATE_ISLAND_GUEST
19:09:26 NONE
19:09:27 DWARVEN_MINES
22:37:10 NONE
