17:56:21 Trying to load config from config\skyhanni\config.json
17:56:21 load-config-now
17:56:21 Loaded config from file
17:56:21 Trying to load sacks from config\skyhanni\sacks.json
17:56:21 load-sacks-now
17:56:21 Loaded sacks from file
17:56:21 Trying to load friends from config\skyhanni\friends.json
17:56:21 load-friends-now
17:56:21 Loaded friends from file
17:56:21 Trying to load known_features from config\skyhanni\known_features.json
17:56:21 load-known_features-now
17:56:21 Loaded known_features from file
17:56:21 Trying to load jacob_contests from config\skyhanni\jacob_contests.json
17:56:21 Setting jacob_contests to be blank as it did not exist. It will be saved once something is written to it
17:56:21 Trying to load visual_words from config\skyhanni\visual_words.json
17:56:21 Setting visual_words to be blank as it did not exist. It will be saved once something is written to it
17:56:21 Trying to load pets from config\skyhanni\pets.json
17:56:21 load-pets-now
17:56:21 Loaded pets from file
17:57:21 saveConfig: auto-save-60s
17:57:21 Saving config file
17:57:21 Saved config file successfully
17:57:21 saveConfig: auto-save-60s
17:57:21 Saving config file
17:57:21 Saved config file successfully
17:58:21 saveConfig: auto-save-60s
17:58:21 Saving config file
17:58:21 Saved config file successfully
17:58:21 saveConfig: auto-save-60s
17:58:21 Saving config file
17:58:21 Saved config file successfully
