15:55:03 Visitor status change for '§aFarmhand': NEW -> WAITING (tooltipMissingItems)
15:55:10 Visitor status change for '§aLynn': NEW -> WAITING (tooltipMissingItems)
15:55:16 Visitor status change for '§aOringo': NEW -> WAITING (tooltipMissingItems)
15:55:23 Visitor status change for '§aGimley': NEW -> WAITING (tooltipMissingItems)
15:55:29 Visitor status change for '§aFisherman Gerald': NEW -> WAITING (tooltipMissingItems)
15:55:41 Visitor status change for '§aFarmhand': WAITING -> READY (hasItems)
15:55:43 Visitor status change for '§aFarmhand': READY -> ACCEPTED (accepted)
15:55:54 Visitor status change for '§aGeonathan Greatforge': NEW -> WAITING (tooltipMissingItems)
15:56:06 Visitor status change for '§aLynn': WAITING -> READY (hasItems)
15:56:08 Visitor status change for '§aLynn': READY -> ACCEPTED (accepted)
15:56:17 Visitor status change for '§aFisherman Gerald': WAITING -> READY (hasItems)
15:56:18 Visitor status change for '§aFisherman Gerald': READY -> ACCEPTED (accepted)
15:56:31 Visitor status change for '§aOringo': WAITING -> READY (hasItems)
15:56:31 Visitor status change for '§aGimley': WAITING -> READY (hasItems)
15:56:32 Visitor status change for '§aOringo': READY -> ACCEPTED (accepted)
15:56:33 Visitor status change for '§aGimley': READY -> ACCEPTED (accepted)
15:56:44 Visitor status change for '§aGeonathan Greatforge': WAITING -> READY (hasItems)
15:56:46 Visitor status change for '§aGeonathan Greatforge': READY -> ACCEPTED (accepted)
16:10:50 Visitor status change for '§9Dalbrek': NEW -> WAITING (tooltipMissingItems)
16:11:02 Visitor status change for '§9Dalbrek': WAITING -> READY (hasItems)
16:11:04 Visitor status change for '§9Dalbrek': READY -> ACCEPTED (accepted)
16:25:21 Visitor status change for '§aGuy': NEW -> WAITING (tooltipMissingItems)
16:25:28 Visitor status change for '§9Emissary Sisko': NEW -> WAITING (tooltipMissingItems)
16:25:36 Visitor status change for '§aTerry': NEW -> READY (tooltipClickToGive)
16:25:36 Visitor status change for '§aTerry': READY -> WAITING (noLongerHasItems)
16:25:49 Visitor status change for '§aGuy': WAITING -> READY (hasItems)
16:25:49 Visitor status change for '§9Emissary Sisko': WAITING -> READY (hasItems)
16:25:51 Visitor status change for '§aGuy': READY -> ACCEPTED (accepted)
16:25:53 Visitor status change for '§9Emissary Sisko': READY -> ACCEPTED (accepted)
16:26:00 Visitor status change for '§aTerry': WAITING -> READY (hasItems)
16:26:12 Visitor status change for '§aTerry': READY -> ACCEPTED (accepted)
18:12:49 Visitor status change for '§aTerry': NEW -> WAITING (tooltipMissingItems)
18:13:03 Visitor status change for '§aTerry': WAITING -> READY (hasItems)
18:13:04 Visitor status change for '§aTerry': READY -> ACCEPTED (accepted)
