00:58:24 §f                                  §6§lBESTIARY
00:58:24 §f                         §b§lStar Sentry §7§8VIII §8➡§b §bIX
00:58:24 
00:58:24 §f                                  §r§6§lREWARDS
00:58:24 §f                      §r§8+§r§a3 §r§5Star Sentry §r§b✯ Magic Find
00:58:24 §f                       §r§8+§r§a3 §r§5Star Sentry §r§c❁ Strength
00:58:24 §f                          §r§8+§r§62% §r§a§r§5Star Sentry §r§7coins
00:58:24 §f                    §r§8+§r§a50% §r§7chance for extra XP orbs
00:58:24 §f                               §r§8+§r§b1 SkyBlock XP
00:58:24 
00:58:24 §3§l▬▬▬▬▬▬▬▬▬▬▬▬▬▬▬▬▬▬▬▬▬▬▬▬▬▬▬▬▬▬▬▬▬▬▬▬▬▬▬▬▬▬▬▬▬▬▬▬▬▬▬▬▬▬▬▬▬▬▬▬▬▬▬▬
01:08:54 §f                                  §6§lBESTIARY
01:08:54 §f                          §b§lTreasure Hoarder §7§bI
01:08:54 
01:08:54 §f                                  §r§6§lREWARDS
01:08:54 §f                  §r§8+§r§a2 Treasure Hoarder §r§b✯ Magic Find
01:08:54 §f                   §r§8+§r§a2 Treasure Hoarder §r§c❁ Strength
01:08:54 §f                      §r§8+§r§62% §r§aTreasure Hoarder §r§7coins
01:08:54 §f                    §r§8+§r§a50% §r§7chance for extra XP orbs
01:08:54 §f                               §r§8+§r§b1 SkyBlock XP
01:08:54 
01:08:54 §3§l▬▬▬▬▬▬▬▬▬▬▬▬▬▬▬▬▬▬▬▬▬▬▬▬▬▬▬▬▬▬▬▬▬▬▬▬▬▬▬▬▬▬▬▬▬▬▬▬▬▬▬▬▬▬▬▬▬▬▬▬▬▬▬▬
01:58:37 §f                                  §6§lBESTIARY
01:58:37 §f                         §b§lGolden Goblin §7§8II §8➡§b §bIII
01:58:37 
01:58:37 §f                                  §r§6§lREWARDS
01:58:37 §f                      §r§8+§r§a2 Golden Goblin §r§b✯ Magic Find
01:58:37 §f                      §r§8+§r§a2 Golden Goblin §r§c❁ Strength
01:58:37 §f                          §r§8+§r§62% §r§aGolden Goblin §r§7coins
01:58:37 §f                    §r§8+§r§a50% §r§7chance for extra XP orbs
01:58:37 §f                               §r§8+§r§b1 SkyBlock XP
01:58:37 
01:58:37   §r§f                         §6§lBESTIARY MILESTONE
01:58:37   §r§f                                 §8XCVI➡§eXCVII
01:58:37 
01:58:37 §3§l▬▬▬▬▬▬▬▬▬▬▬▬▬▬▬▬▬▬▬▬▬▬▬▬▬▬▬▬▬▬▬▬▬▬▬▬▬▬▬▬▬▬▬▬▬▬▬▬▬▬▬▬▬▬▬▬▬▬▬▬▬▬▬▬
