00:39:32 §f                     §7You have §a2 §7items stashed away!
00:39:32 §f                §6§l>>> §6§lCLICK HERE§e to pick them up! §6§l<<<
00:39:32   
00:39:32 §f                §7You have §31,856 §7materials stashed away!
00:39:32 §f              §8(This totals 3 types of materials stashed!)
00:39:32 §f                §3§l>>> §3§lCLICK HERE§b to pick them up! §3§l<<<
00:39:32   
00:40:05 §f                     §7You have §a2 §7items stashed away!
00:40:05 §f                §6§l>>> §6§lCLICK HERE§e to pick them up! §6§l<<<
00:40:05   
00:40:05 §f                §7You have §31,856 §7materials stashed away!
00:40:05 §f              §8(This totals 3 types of materials stashed!)
00:40:05 §f                §3§l>>> §3§lCLICK HERE§b to pick them up! §3§l<<<
00:40:05   
00:41:15 §f                     §7You have §a2 §7items stashed away!
00:41:15 §f                §6§l>>> §6§lCLICK HERE§e to pick them up! §6§l<<<
00:41:15   
00:41:16 §f                §7You have §31,856 §7materials stashed away!
00:41:16 §f              §8(This totals 3 types of materials stashed!)
00:41:16 §f                §3§l>>> §3§lCLICK HERE§b to pick them up! §3§l<<<
00:41:16   
00:42:16 §f                     §7You have §a2 §7items stashed away!
00:42:16 §f                §6§l>>> §6§lCLICK HERE§e to pick them up! §6§l<<<
00:42:16   
00:42:16 §f                §7You have §31,856 §7materials stashed away!
00:42:16 §f              §8(This totals 3 types of materials stashed!)
00:42:16 §f                §3§l>>> §3§lCLICK HERE§b to pick them up! §3§l<<<
00:42:16   
00:43:16 §f                     §7You have §a2 §7items stashed away!
00:43:16 §f                §6§l>>> §6§lCLICK HERE§e to pick them up! §6§l<<<
00:43:16   
00:43:16 §f                §7You have §31,856 §7materials stashed away!
00:43:16 §f              §8(This totals 3 types of materials stashed!)
00:43:16 §f                §3§l>>> §3§lCLICK HERE§b to pick them up! §3§l<<<
00:43:16   
00:44:17 §f                     §7You have §a2 §7items stashed away!
00:44:17 §f                §6§l>>> §6§lCLICK HERE§e to pick them up! §6§l<<<
00:44:17   
00:44:17 §f                §7You have §31,856 §7materials stashed away!
00:44:17 §f              §8(This totals 3 types of materials stashed!)
00:44:17 §f                §3§l>>> §3§lCLICK HERE§b to pick them up! §3§l<<<
00:44:17   
00:45:18 §f                     §7You have §a2 §7items stashed away!
00:45:18 §f                §6§l>>> §6§lCLICK HERE§e to pick them up! §6§l<<<
00:45:18   
00:45:18 §f                §7You have §31,856 §7materials stashed away!
00:45:18 §f              §8(This totals 3 types of materials stashed!)
00:45:18 §f                §3§l>>> §3§lCLICK HERE§b to pick them up! §3§l<<<
00:45:18   
00:46:19 §f                     §7You have §a2 §7items stashed away!
00:46:19 §f                §6§l>>> §6§lCLICK HERE§e to pick them up! §6§l<<<
00:46:19   
00:46:19 §f                §7You have §31,856 §7materials stashed away!
00:46:19 §f              §8(This totals 3 types of materials stashed!)
00:46:19 §f                §3§l>>> §3§lCLICK HERE§b to pick them up! §3§l<<<
00:46:19   
00:47:19 §f                     §7You have §a2 §7items stashed away!
00:47:19 §f                §6§l>>> §6§lCLICK HERE§e to pick them up! §6§l<<<
00:47:19   
00:47:19 §f                §7You have §31,856 §7materials stashed away!
00:47:19 §f              §8(This totals 3 types of materials stashed!)
00:47:19 §f                §3§l>>> §3§lCLICK HERE§b to pick them up! §3§l<<<
00:47:19   
00:48:20 §f                     §7You have §a2 §7items stashed away!
00:48:20 §f                §6§l>>> §6§lCLICK HERE§e to pick them up! §6§l<<<
00:48:20   
00:48:20 §f                §7You have §31,856 §7materials stashed away!
00:48:20 §f              §8(This totals 3 types of materials stashed!)
00:48:20 §f                §3§l>>> §3§lCLICK HERE§b to pick them up! §3§l<<<
00:48:20   
00:49:20 §f                     §7You have §a2 §7items stashed away!
00:49:20 §f                §6§l>>> §6§lCLICK HERE§e to pick them up! §6§l<<<
00:49:20   
00:49:20 §f                §7You have §31,856 §7materials stashed away!
00:49:20 §f              §8(This totals 3 types of materials stashed!)
00:49:20 §f                §3§l>>> §3§lCLICK HERE§b to pick them up! §3§l<<<
00:49:20   
00:50:21 §f                     §7You have §a2 §7items stashed away!
00:50:21 §f                §6§l>>> §6§lCLICK HERE§e to pick them up! §6§l<<<
00:50:21   
00:50:21 §f                §7You have §31,856 §7materials stashed away!
00:50:21 §f              §8(This totals 3 types of materials stashed!)
00:50:21 §f                §3§l>>> §3§lCLICK HERE§b to pick them up! §3§l<<<
00:50:21   
00:51:22 §f                     §7You have §a2 §7items stashed away!
00:51:22 §f                §6§l>>> §6§lCLICK HERE§e to pick them up! §6§l<<<
00:51:22   
00:51:22 §f                §7You have §31,856 §7materials stashed away!
00:51:22 §f              §8(This totals 3 types of materials stashed!)
00:51:22 §f                §3§l>>> §3§lCLICK HERE§b to pick them up! §3§l<<<
00:51:22   
00:52:22 §f                     §7You have §a2 §7items stashed away!
00:52:22 §f                §6§l>>> §6§lCLICK HERE§e to pick them up! §6§l<<<
00:52:22   
00:52:22 §f                §7You have §31,856 §7materials stashed away!
00:52:22 §f              §8(This totals 3 types of materials stashed!)
00:52:22 §f                §3§l>>> §3§lCLICK HERE§b to pick them up! §3§l<<<
00:52:22   
00:53:23 §f                     §7You have §a2 §7items stashed away!
00:53:23 §f                §6§l>>> §6§lCLICK HERE§e to pick them up! §6§l<<<
00:53:23   
00:53:23 §f                §7You have §31,856 §7materials stashed away!
00:53:23 §f              §8(This totals 3 types of materials stashed!)
00:53:23 §f                §3§l>>> §3§lCLICK HERE§b to pick them up! §3§l<<<
00:53:23   
00:54:23 §f                     §7You have §a2 §7items stashed away!
00:54:23 §f                §6§l>>> §6§lCLICK HERE§e to pick them up! §6§l<<<
00:54:23   
00:54:23 §f                §7You have §31,856 §7materials stashed away!
00:54:23 §f              §8(This totals 3 types of materials stashed!)
00:54:23 §f                §3§l>>> §3§lCLICK HERE§b to pick them up! §3§l<<<
00:54:23   
00:55:24 §f                     §7You have §a2 §7items stashed away!
00:55:24 §f                §6§l>>> §6§lCLICK HERE§e to pick them up! §6§l<<<
00:55:24   
00:55:24 §f                §7You have §31,856 §7materials stashed away!
00:55:24 §f              §8(This totals 3 types of materials stashed!)
00:55:24 §f                §3§l>>> §3§lCLICK HERE§b to pick them up! §3§l<<<
00:55:24   
00:56:25 §f                     §7You have §a2 §7items stashed away!
00:56:25 §f                §6§l>>> §6§lCLICK HERE§e to pick them up! §6§l<<<
00:56:25   
00:56:25 §f                §7You have §31,856 §7materials stashed away!
00:56:25 §f              §8(This totals 3 types of materials stashed!)
00:56:25 §f                §3§l>>> §3§lCLICK HERE§b to pick them up! §3§l<<<
00:56:25   
00:57:25 §f                     §7You have §a2 §7items stashed away!
00:57:25 §f                §6§l>>> §6§lCLICK HERE§e to pick them up! §6§l<<<
00:57:25   
00:57:25 §f                §7You have §31,856 §7materials stashed away!
00:57:25 §f              §8(This totals 3 types of materials stashed!)
00:57:25 §f                §3§l>>> §3§lCLICK HERE§b to pick them up! §3§l<<<
00:57:25   
00:58:26 §f                     §7You have §a2 §7items stashed away!
00:58:26 §f                §6§l>>> §6§lCLICK HERE§e to pick them up! §6§l<<<
00:58:26   
00:58:26 §f                §7You have §31,856 §7materials stashed away!
00:58:26 §f              §8(This totals 3 types of materials stashed!)
00:58:26 §f                §3§l>>> §3§lCLICK HERE§b to pick them up! §3§l<<<
00:58:26   
00:59:26 §f                     §7You have §a2 §7items stashed away!
00:59:26 §f                §6§l>>> §6§lCLICK HERE§e to pick them up! §6§l<<<
00:59:26   
00:59:26 §f                §7You have §31,856 §7materials stashed away!
00:59:26 §f              §8(This totals 3 types of materials stashed!)
00:59:26 §f                §3§l>>> §3§lCLICK HERE§b to pick them up! §3§l<<<
00:59:26   
01:00:27 §f                     §7You have §a2 §7items stashed away!
01:00:27 §f                §6§l>>> §6§lCLICK HERE§e to pick them up! §6§l<<<
01:00:27   
01:00:27 §f                §7You have §31,856 §7materials stashed away!
01:00:27 §f              §8(This totals 3 types of materials stashed!)
01:00:27 §f                §3§l>>> §3§lCLICK HERE§b to pick them up! §3§l<<<
01:00:27   
01:01:28 §f                     §7You have §a2 §7items stashed away!
01:01:28 §f                §6§l>>> §6§lCLICK HERE§e to pick them up! §6§l<<<
01:01:28   
01:01:28 §f                §7You have §31,856 §7materials stashed away!
01:01:28 §f              §8(This totals 3 types of materials stashed!)
01:01:28 §f                §3§l>>> §3§lCLICK HERE§b to pick them up! §3§l<<<
01:01:28   
01:02:28 §f                     §7You have §a2 §7items stashed away!
01:02:28 §f                §6§l>>> §6§lCLICK HERE§e to pick them up! §6§l<<<
01:02:28   
01:02:28 §f                §7You have §31,856 §7materials stashed away!
01:02:28 §f              §8(This totals 3 types of materials stashed!)
01:02:28 §f                §3§l>>> §3§lCLICK HERE§b to pick them up! §3§l<<<
01:02:28   
01:03:28 §f                     §7You have §a2 §7items stashed away!
01:03:28 §f                §6§l>>> §6§lCLICK HERE§e to pick them up! §6§l<<<
01:03:28   
01:03:28 §f                §7You have §31,856 §7materials stashed away!
01:03:28 §f              §8(This totals 3 types of materials stashed!)
01:03:28 §f                §3§l>>> §3§lCLICK HERE§b to pick them up! §3§l<<<
01:03:28   
01:04:29 §f                     §7You have §a2 §7items stashed away!
01:04:29 §f                §6§l>>> §6§lCLICK HERE§e to pick them up! §6§l<<<
01:04:29   
01:04:29 §f                §7You have §31,856 §7materials stashed away!
01:04:29 §f              §8(This totals 3 types of materials stashed!)
01:04:29 §f                §3§l>>> §3§lCLICK HERE§b to pick them up! §3§l<<<
01:04:29   
01:05:29 §f                     §7You have §a2 §7items stashed away!
01:05:29 §f                §6§l>>> §6§lCLICK HERE§e to pick them up! §6§l<<<
01:05:29   
01:05:29 §f                §7You have §31,856 §7materials stashed away!
01:05:29 §f              §8(This totals 3 types of materials stashed!)
01:05:29 §f                §3§l>>> §3§lCLICK HERE§b to pick them up! §3§l<<<
01:05:29   
01:06:30 §f                     §7You have §a2 §7items stashed away!
01:06:30 §f                §6§l>>> §6§lCLICK HERE§e to pick them up! §6§l<<<
01:06:30   
01:06:30 §f                §7You have §31,856 §7materials stashed away!
01:06:30 §f              §8(This totals 3 types of materials stashed!)
01:06:30 §f                §3§l>>> §3§lCLICK HERE§b to pick them up! §3§l<<<
01:06:30   
01:07:30 §f                     §7You have §a2 §7items stashed away!
01:07:30 §f                §6§l>>> §6§lCLICK HERE§e to pick them up! §6§l<<<
01:07:30   
01:07:30 §f                §7You have §31,856 §7materials stashed away!
01:07:30 §f              §8(This totals 3 types of materials stashed!)
01:07:30 §f                §3§l>>> §3§lCLICK HERE§b to pick them up! §3§l<<<
01:07:30   
01:08:31 §f                     §7You have §a2 §7items stashed away!
01:08:31 §f                §6§l>>> §6§lCLICK HERE§e to pick them up! §6§l<<<
01:08:31   
01:08:31 §f                §7You have §31,856 §7materials stashed away!
01:08:31 §f              §8(This totals 3 types of materials stashed!)
01:08:31 §f                §3§l>>> §3§lCLICK HERE§b to pick them up! §3§l<<<
01:08:31   
01:09:31 §f                     §7You have §a2 §7items stashed away!
01:09:31 §f                §6§l>>> §6§lCLICK HERE§e to pick them up! §6§l<<<
01:09:31   
01:09:31 §f                §7You have §31,856 §7materials stashed away!
01:09:31 §f              §8(This totals 3 types of materials stashed!)
01:09:31 §f                §3§l>>> §3§lCLICK HERE§b to pick them up! §3§l<<<
01:09:31   
01:10:32 §f                     §7You have §a2 §7items stashed away!
01:10:32 §f                §6§l>>> §6§lCLICK HERE§e to pick them up! §6§l<<<
01:10:32   
01:10:32 §f                §7You have §31,856 §7materials stashed away!
01:10:32 §f              §8(This totals 3 types of materials stashed!)
01:10:32 §f                §3§l>>> §3§lCLICK HERE§b to pick them up! §3§l<<<
01:10:32   
01:11:32 §f                     §7You have §a2 §7items stashed away!
01:11:32 §f                §6§l>>> §6§lCLICK HERE§e to pick them up! §6§l<<<
01:11:32   
01:11:32 §f                §7You have §31,856 §7materials stashed away!
01:11:32 §f              §8(This totals 3 types of materials stashed!)
01:11:32 §f                §3§l>>> §3§lCLICK HERE§b to pick them up! §3§l<<<
01:11:32   
01:12:33 §f                     §7You have §a2 §7items stashed away!
01:12:33 §f                §6§l>>> §6§lCLICK HERE§e to pick them up! §6§l<<<
01:12:33   
01:12:33 §f                §7You have §31,856 §7materials stashed away!
01:12:33 §f              §8(This totals 3 types of materials stashed!)
01:12:33 §f                §3§l>>> §3§lCLICK HERE§b to pick them up! §3§l<<<
01:12:33   
01:13:33 §f                     §7You have §a2 §7items stashed away!
01:13:33 §f                §6§l>>> §6§lCLICK HERE§e to pick them up! §6§l<<<
01:13:33   
01:13:33 §f                §7You have §31,856 §7materials stashed away!
01:13:33 §f              §8(This totals 3 types of materials stashed!)
01:13:33 §f                §3§l>>> §3§lCLICK HERE§b to pick them up! §3§l<<<
01:13:33   
01:14:34 §f                     §7You have §a2 §7items stashed away!
01:14:34 §f                §6§l>>> §6§lCLICK HERE§e to pick them up! §6§l<<<
01:14:34   
01:14:34 §f                §7You have §31,856 §7materials stashed away!
01:14:34 §f              §8(This totals 3 types of materials stashed!)
01:14:34 §f                §3§l>>> §3§lCLICK HERE§b to pick them up! §3§l<<<
01:14:34   
01:15:34 §f                     §7You have §a2 §7items stashed away!
01:15:34 §f                §6§l>>> §6§lCLICK HERE§e to pick them up! §6§l<<<
01:15:34   
01:15:34 §f                §7You have §31,856 §7materials stashed away!
01:15:34 §f              §8(This totals 3 types of materials stashed!)
01:15:34 §f                §3§l>>> §3§lCLICK HERE§b to pick them up! §3§l<<<
01:15:34   
01:16:35 §f                     §7You have §a2 §7items stashed away!
01:16:35 §f                §6§l>>> §6§lCLICK HERE§e to pick them up! §6§l<<<
01:16:35   
01:16:35 §f                §7You have §31,856 §7materials stashed away!
01:16:35 §f              §8(This totals 3 types of materials stashed!)
01:16:35 §f                §3§l>>> §3§lCLICK HERE§b to pick them up! §3§l<<<
01:16:35   
01:17:35 §f                     §7You have §a2 §7items stashed away!
01:17:35 §f                §6§l>>> §6§lCLICK HERE§e to pick them up! §6§l<<<
01:17:35   
01:17:35 §f                §7You have §31,856 §7materials stashed away!
01:17:35 §f              §8(This totals 3 types of materials stashed!)
01:17:35 §f                §3§l>>> §3§lCLICK HERE§b to pick them up! §3§l<<<
01:17:35   
01:18:36 §f                     §7You have §a2 §7items stashed away!
01:18:36 §f                §6§l>>> §6§lCLICK HERE§e to pick them up! §6§l<<<
01:18:36   
01:18:36 §f                §7You have §31,856 §7materials stashed away!
01:18:36 §f              §8(This totals 3 types of materials stashed!)
01:18:36 §f                §3§l>>> §3§lCLICK HERE§b to pick them up! §3§l<<<
01:18:36   
01:19:36 §f                     §7You have §a2 §7items stashed away!
01:19:36 §f                §6§l>>> §6§lCLICK HERE§e to pick them up! §6§l<<<
01:19:36   
01:19:36 §f                §7You have §31,856 §7materials stashed away!
01:19:36 §f              §8(This totals 3 types of materials stashed!)
01:19:36 §f                §3§l>>> §3§lCLICK HERE§b to pick them up! §3§l<<<
01:19:36   
01:20:37 §f                     §7You have §a2 §7items stashed away!
01:20:37 §f                §6§l>>> §6§lCLICK HERE§e to pick them up! §6§l<<<
01:20:37   
01:20:37 §f                §7You have §31,856 §7materials stashed away!
01:20:37 §f              §8(This totals 3 types of materials stashed!)
01:20:37 §f                §3§l>>> §3§lCLICK HERE§b to pick them up! §3§l<<<
01:20:37   
01:21:37 §f                     §7You have §a2 §7items stashed away!
01:21:37 §f                §6§l>>> §6§lCLICK HERE§e to pick them up! §6§l<<<
01:21:37   
01:21:37 §f                §7You have §31,856 §7materials stashed away!
01:21:37 §f              §8(This totals 3 types of materials stashed!)
01:21:37 §f                §3§l>>> §3§lCLICK HERE§b to pick them up! §3§l<<<
01:21:37   
01:22:38 §f                     §7You have §a2 §7items stashed away!
01:22:38 §f                §6§l>>> §6§lCLICK HERE§e to pick them up! §6§l<<<
01:22:38   
01:22:38 §f                §7You have §31,856 §7materials stashed away!
01:22:38 §f              §8(This totals 3 types of materials stashed!)
01:22:38 §f                §3§l>>> §3§lCLICK HERE§b to pick them up! §3§l<<<
01:22:38   
01:23:39 §f                     §7You have §a2 §7items stashed away!
01:23:39 §f                §6§l>>> §6§lCLICK HERE§e to pick them up! §6§l<<<
01:23:39   
01:23:39 §f                §7You have §31,856 §7materials stashed away!
01:23:39 §f              §8(This totals 3 types of materials stashed!)
01:23:39 §f                §3§l>>> §3§lCLICK HERE§b to pick them up! §3§l<<<
01:23:39   
01:24:39 §f                     §7You have §a2 §7items stashed away!
01:24:39 §f                §6§l>>> §6§lCLICK HERE§e to pick them up! §6§l<<<
01:24:39   
01:24:39 §f                §7You have §31,856 §7materials stashed away!
01:24:39 §f              §8(This totals 3 types of materials stashed!)
01:24:39 §f                §3§l>>> §3§lCLICK HERE§b to pick them up! §3§l<<<
01:24:39   
01:25:40 §f                     §7You have §a2 §7items stashed away!
01:25:40 §f                §6§l>>> §6§lCLICK HERE§e to pick them up! §6§l<<<
01:25:40   
01:25:40 §f                §7You have §31,856 §7materials stashed away!
01:25:40 §f              §8(This totals 3 types of materials stashed!)
01:25:40 §f                §3§l>>> §3§lCLICK HERE§b to pick them up! §3§l<<<
01:25:40   
01:26:41 §f                     §7You have §a2 §7items stashed away!
01:26:41 §f                §6§l>>> §6§lCLICK HERE§e to pick them up! §6§l<<<
01:26:41   
01:26:41 §f                §7You have §31,856 §7materials stashed away!
01:26:41 §f              §8(This totals 3 types of materials stashed!)
01:26:41 §f                §3§l>>> §3§lCLICK HERE§b to pick them up! §3§l<<<
01:26:41   
01:27:41 §f                     §7You have §a2 §7items stashed away!
01:27:41 §f                §6§l>>> §6§lCLICK HERE§e to pick them up! §6§l<<<
01:27:41   
01:27:41 §f                §7You have §31,856 §7materials stashed away!
01:27:41 §f              §8(This totals 3 types of materials stashed!)
01:27:41 §f                §3§l>>> §3§lCLICK HERE§b to pick them up! §3§l<<<
01:27:41   
01:28:42 §f                     §7You have §a2 §7items stashed away!
01:28:42 §f                §6§l>>> §6§lCLICK HERE§e to pick them up! §6§l<<<
01:28:42   
01:28:42 §f                §7You have §31,856 §7materials stashed away!
01:28:42 §f              §8(This totals 3 types of materials stashed!)
01:28:42 §f                §3§l>>> §3§lCLICK HERE§b to pick them up! §3§l<<<
01:28:42   
01:29:42 §f                     §7You have §a2 §7items stashed away!
01:29:42 §f                §6§l>>> §6§lCLICK HERE§e to pick them up! §6§l<<<
01:29:42   
01:29:42 §f                §7You have §31,856 §7materials stashed away!
01:29:42 §f              §8(This totals 3 types of materials stashed!)
01:29:42 §f                §3§l>>> §3§lCLICK HERE§b to pick them up! §3§l<<<
01:29:42   
01:30:43 §f                     §7You have §a2 §7items stashed away!
01:30:43 §f                §6§l>>> §6§lCLICK HERE§e to pick them up! §6§l<<<
01:30:43   
01:30:43 §f                §7You have §31,856 §7materials stashed away!
01:30:43 §f              §8(This totals 3 types of materials stashed!)
01:30:43 §f                §3§l>>> §3§lCLICK HERE§b to pick them up! §3§l<<<
01:30:43   
01:31:43 §f                     §7You have §a2 §7items stashed away!
01:31:43 §f                §6§l>>> §6§lCLICK HERE§e to pick them up! §6§l<<<
01:31:43   
01:31:43 §f                §7You have §31,856 §7materials stashed away!
01:31:43 §f              §8(This totals 3 types of materials stashed!)
01:31:43 §f                §3§l>>> §3§lCLICK HERE§b to pick them up! §3§l<<<
01:31:43   
01:32:44 §f                     §7You have §a2 §7items stashed away!
01:32:44 §f                §6§l>>> §6§lCLICK HERE§e to pick them up! §6§l<<<
01:32:44   
01:32:44 §f                §7You have §31,856 §7materials stashed away!
01:32:44 §f              §8(This totals 3 types of materials stashed!)
01:32:44 §f                §3§l>>> §3§lCLICK HERE§b to pick them up! §3§l<<<
01:32:44   
01:33:45 §f                     §7You have §a2 §7items stashed away!
01:33:45 §f                §6§l>>> §6§lCLICK HERE§e to pick them up! §6§l<<<
01:33:45   
01:33:45 §f                §7You have §31,856 §7materials stashed away!
01:33:45 §f              §8(This totals 3 types of materials stashed!)
01:33:45 §f                §3§l>>> §3§lCLICK HERE§b to pick them up! §3§l<<<
01:33:45   
01:34:45 §f                     §7You have §a2 §7items stashed away!
01:34:45 §f                §6§l>>> §6§lCLICK HERE§e to pick them up! §6§l<<<
01:34:45   
01:34:45 §f                §7You have §31,856 §7materials stashed away!
01:34:45 §f              §8(This totals 3 types of materials stashed!)
01:34:45 §f                §3§l>>> §3§lCLICK HERE§b to pick them up! §3§l<<<
01:34:45   
01:35:46 §f                     §7You have §a2 §7items stashed away!
01:35:46 §f                §6§l>>> §6§lCLICK HERE§e to pick them up! §6§l<<<
01:35:46   
01:35:46 §f                §7You have §31,856 §7materials stashed away!
01:35:46 §f              §8(This totals 3 types of materials stashed!)
01:35:46 §f                §3§l>>> §3§lCLICK HERE§b to pick them up! §3§l<<<
01:35:46   
01:36:47 §f                     §7You have §a2 §7items stashed away!
01:36:47 §f                §6§l>>> §6§lCLICK HERE§e to pick them up! §6§l<<<
01:36:47   
01:36:47 §f                §7You have §31,856 §7materials stashed away!
01:36:47 §f              §8(This totals 3 types of materials stashed!)
01:36:47 §f                §3§l>>> §3§lCLICK HERE§b to pick them up! §3§l<<<
01:36:47   
01:37:47 §f                     §7You have §a2 §7items stashed away!
01:37:47 §f                §6§l>>> §6§lCLICK HERE§e to pick them up! §6§l<<<
01:37:47   
01:37:47 §f                §7You have §31,856 §7materials stashed away!
01:37:47 §f              §8(This totals 3 types of materials stashed!)
01:37:47 §f                §3§l>>> §3§lCLICK HERE§b to pick them up! §3§l<<<
01:37:47   
01:38:48 §f                     §7You have §a2 §7items stashed away!
01:38:48 §f                §6§l>>> §6§lCLICK HERE§e to pick them up! §6§l<<<
01:38:48   
01:38:48 §f                §7You have §31,856 §7materials stashed away!
01:38:48 §f              §8(This totals 3 types of materials stashed!)
01:38:48 §f                §3§l>>> §3§lCLICK HERE§b to pick them up! §3§l<<<
01:38:48   
01:39:49 §f                     §7You have §a2 §7items stashed away!
01:39:49 §f                §6§l>>> §6§lCLICK HERE§e to pick them up! §6§l<<<
01:39:49   
01:39:49 §f                §7You have §31,856 §7materials stashed away!
01:39:49 §f              §8(This totals 3 types of materials stashed!)
01:39:49 §f                §3§l>>> §3§lCLICK HERE§b to pick them up! §3§l<<<
01:39:49   
01:40:50 §f                     §7You have §a2 §7items stashed away!
01:40:50 §f                §6§l>>> §6§lCLICK HERE§e to pick them up! §6§l<<<
01:40:50   
01:40:50 §f                §7You have §31,856 §7materials stashed away!
01:40:50 §f              §8(This totals 3 types of materials stashed!)
01:40:50 §f                §3§l>>> §3§lCLICK HERE§b to pick them up! §3§l<<<
01:40:50   
01:41:50 §f                     §7You have §a2 §7items stashed away!
01:41:50 §f                §6§l>>> §6§lCLICK HERE§e to pick them up! §6§l<<<
01:41:50   
01:41:50 §f                §7You have §31,856 §7materials stashed away!
01:41:50 §f              §8(This totals 3 types of materials stashed!)
01:41:50 §f                §3§l>>> §3§lCLICK HERE§b to pick them up! §3§l<<<
01:41:50   
01:42:51 §f                     §7You have §a2 §7items stashed away!
01:42:51 §f                §6§l>>> §6§lCLICK HERE§e to pick them up! §6§l<<<
01:42:51   
01:42:51 §f                §7You have §31,856 §7materials stashed away!
01:42:51 §f              §8(This totals 3 types of materials stashed!)
01:42:51 §f                §3§l>>> §3§lCLICK HERE§b to pick them up! §3§l<<<
01:42:51   
01:43:51 §f                     §7You have §a2 §7items stashed away!
01:43:51 §f                §6§l>>> §6§lCLICK HERE§e to pick them up! §6§l<<<
01:43:51   
01:43:51 §f                §7You have §31,856 §7materials stashed away!
01:43:51 §f              §8(This totals 3 types of materials stashed!)
01:43:51 §f                §3§l>>> §3§lCLICK HERE§b to pick them up! §3§l<<<
01:43:51   
01:44:52 §f                     §7You have §a2 §7items stashed away!
01:44:52 §f                §6§l>>> §6§lCLICK HERE§e to pick them up! §6§l<<<
01:44:52   
01:44:52 §f                §7You have §31,856 §7materials stashed away!
01:44:52 §f              §8(This totals 3 types of materials stashed!)
01:44:52 §f                §3§l>>> §3§lCLICK HERE§b to pick them up! §3§l<<<
01:44:52   
01:45:52 §f                     §7You have §a2 §7items stashed away!
01:45:52 §f                §6§l>>> §6§lCLICK HERE§e to pick them up! §6§l<<<
01:45:52   
01:45:52 §f                §7You have §31,856 §7materials stashed away!
01:45:52 §f              §8(This totals 3 types of materials stashed!)
01:45:52 §f                §3§l>>> §3§lCLICK HERE§b to pick them up! §3§l<<<
01:45:52   
01:46:53 §f                     §7You have §a2 §7items stashed away!
01:46:53 §f                §6§l>>> §6§lCLICK HERE§e to pick them up! §6§l<<<
01:46:53   
01:46:53 §f                §7You have §31,856 §7materials stashed away!
01:46:53 §f              §8(This totals 3 types of materials stashed!)
01:46:53 §f                §3§l>>> §3§lCLICK HERE§b to pick them up! §3§l<<<
01:46:53   
01:47:54 §f                     §7You have §a2 §7items stashed away!
01:47:54 §f                §6§l>>> §6§lCLICK HERE§e to pick them up! §6§l<<<
01:47:54   
01:47:54 §f                §7You have §31,856 §7materials stashed away!
01:47:54 §f              §8(This totals 3 types of materials stashed!)
01:47:54 §f                §3§l>>> §3§lCLICK HERE§b to pick them up! §3§l<<<
01:47:54   
01:48:54 §f                     §7You have §a2 §7items stashed away!
01:48:54 §f                §6§l>>> §6§lCLICK HERE§e to pick them up! §6§l<<<
01:48:54   
01:48:54 §f                §7You have §31,856 §7materials stashed away!
01:48:54 §f              §8(This totals 3 types of materials stashed!)
01:48:54 §f                §3§l>>> §3§lCLICK HERE§b to pick them up! §3§l<<<
01:48:54   
01:49:55 §f                     §7You have §a2 §7items stashed away!
01:49:55 §f                §6§l>>> §6§lCLICK HERE§e to pick them up! §6§l<<<
01:49:55   
01:49:55 §f                §7You have §31,856 §7materials stashed away!
01:49:55 §f              §8(This totals 3 types of materials stashed!)
01:49:55 §f                §3§l>>> §3§lCLICK HERE§b to pick them up! §3§l<<<
01:49:55   
01:50:56 §f                     §7You have §a2 §7items stashed away!
01:50:56 §f                §6§l>>> §6§lCLICK HERE§e to pick them up! §6§l<<<
01:50:56   
01:50:56 §f                §7You have §31,856 §7materials stashed away!
01:50:56 §f              §8(This totals 3 types of materials stashed!)
01:50:56 §f                §3§l>>> §3§lCLICK HERE§b to pick them up! §3§l<<<
01:50:56   
01:51:56 §f                     §7You have §a2 §7items stashed away!
01:51:56 §f                §6§l>>> §6§lCLICK HERE§e to pick them up! §6§l<<<
01:51:56   
01:51:56 §f                §7You have §31,856 §7materials stashed away!
01:51:56 §f              §8(This totals 3 types of materials stashed!)
01:51:56 §f                §3§l>>> §3§lCLICK HERE§b to pick them up! §3§l<<<
01:51:56   
01:52:57 §f                     §7You have §a2 §7items stashed away!
01:52:57 §f                §6§l>>> §6§lCLICK HERE§e to pick them up! §6§l<<<
01:52:57   
01:52:57 §f                §7You have §31,856 §7materials stashed away!
01:52:57 §f              §8(This totals 3 types of materials stashed!)
01:52:57 §f                §3§l>>> §3§lCLICK HERE§b to pick them up! §3§l<<<
01:52:57   
01:53:57 §f                     §7You have §a2 §7items stashed away!
01:53:57 §f                §6§l>>> §6§lCLICK HERE§e to pick them up! §6§l<<<
01:53:57   
01:53:57 §f                §7You have §31,856 §7materials stashed away!
01:53:57 §f              §8(This totals 3 types of materials stashed!)
01:53:57 §f                §3§l>>> §3§lCLICK HERE§b to pick them up! §3§l<<<
01:53:57   
01:54:58 §f                     §7You have §a2 §7items stashed away!
01:54:58 §f                §6§l>>> §6§lCLICK HERE§e to pick them up! §6§l<<<
01:54:58   
01:54:58 §f                §7You have §31,856 §7materials stashed away!
01:54:58 §f              §8(This totals 3 types of materials stashed!)
01:54:58 §f                §3§l>>> §3§lCLICK HERE§b to pick them up! §3§l<<<
01:54:58   
01:55:59 §f                     §7You have §a2 §7items stashed away!
01:55:59 §f                §6§l>>> §6§lCLICK HERE§e to pick them up! §6§l<<<
01:55:59   
01:55:59 §f                §7You have §31,856 §7materials stashed away!
01:55:59 §f              §8(This totals 3 types of materials stashed!)
01:55:59 §f                §3§l>>> §3§lCLICK HERE§b to pick them up! §3§l<<<
01:55:59   
01:56:59 §f                     §7You have §a2 §7items stashed away!
01:56:59 §f                §6§l>>> §6§lCLICK HERE§e to pick them up! §6§l<<<
01:56:59   
01:56:59 §f                §7You have §31,856 §7materials stashed away!
01:56:59 §f              §8(This totals 3 types of materials stashed!)
01:56:59 §f                §3§l>>> §3§lCLICK HERE§b to pick them up! §3§l<<<
01:56:59   
01:58:00 §f                     §7You have §a2 §7items stashed away!
01:58:00 §f                §6§l>>> §6§lCLICK HERE§e to pick them up! §6§l<<<
01:58:00   
01:58:00 §f                §7You have §31,856 §7materials stashed away!
01:58:00 §f              §8(This totals 3 types of materials stashed!)
01:58:00 §f                §3§l>>> §3§lCLICK HERE§b to pick them up! §3§l<<<
01:58:00   
01:59:01 §f                     §7You have §a2 §7items stashed away!
01:59:01 §f                §6§l>>> §6§lCLICK HERE§e to pick them up! §6§l<<<
01:59:01   
01:59:01 §f                §7You have §31,856 §7materials stashed away!
01:59:01 §f              §8(This totals 3 types of materials stashed!)
01:59:01 §f                §3§l>>> §3§lCLICK HERE§b to pick them up! §3§l<<<
01:59:01   
02:00:01 §f                     §7You have §a2 §7items stashed away!
02:00:01 §f                §6§l>>> §6§lCLICK HERE§e to pick them up! §6§l<<<
02:00:01   
02:00:01 §f                §7You have §31,856 §7materials stashed away!
02:00:01 §f              §8(This totals 3 types of materials stashed!)
02:00:01 §f                §3§l>>> §3§lCLICK HERE§b to pick them up! §3§l<<<
02:00:01   
02:01:02 §f                     §7You have §a2 §7items stashed away!
02:01:02 §f                §6§l>>> §6§lCLICK HERE§e to pick them up! §6§l<<<
02:01:02   
02:01:02 §f                §7You have §31,856 §7materials stashed away!
02:01:02 §f              §8(This totals 3 types of materials stashed!)
02:01:02 §f                §3§l>>> §3§lCLICK HERE§b to pick them up! §3§l<<<
02:01:02   
02:02:02 §f                     §7You have §a2 §7items stashed away!
02:02:02 §f                §6§l>>> §6§lCLICK HERE§e to pick them up! §6§l<<<
02:02:02   
02:02:02 §f                §7You have §31,856 §7materials stashed away!
02:02:02 §f              §8(This totals 3 types of materials stashed!)
02:02:02 §f                §3§l>>> §3§lCLICK HERE§b to pick them up! §3§l<<<
02:02:02   
02:03:03 §f                     §7You have §a2 §7items stashed away!
02:03:03 §f                §6§l>>> §6§lCLICK HERE§e to pick them up! §6§l<<<
02:03:03   
02:03:03 §f                §7You have §31,856 §7materials stashed away!
02:03:03 §f              §8(This totals 3 types of materials stashed!)
02:03:03 §f                §3§l>>> §3§lCLICK HERE§b to pick them up! §3§l<<<
02:03:03   
02:04:04 §f                     §7You have §a2 §7items stashed away!
02:04:04 §f                §6§l>>> §6§lCLICK HERE§e to pick them up! §6§l<<<
02:04:04   
02:04:04 §f                §7You have §31,856 §7materials stashed away!
02:04:04 §f              §8(This totals 3 types of materials stashed!)
02:04:04 §f                §3§l>>> §3§lCLICK HERE§b to pick them up! §3§l<<<
02:04:04   
02:05:04 §f                     §7You have §a2 §7items stashed away!
02:05:04 §f                §6§l>>> §6§lCLICK HERE§e to pick them up! §6§l<<<
02:05:04   
02:05:04 §f                §7You have §31,856 §7materials stashed away!
02:05:04 §f              §8(This totals 3 types of materials stashed!)
02:05:04 §f                §3§l>>> §3§lCLICK HERE§b to pick them up! §3§l<<<
02:05:04   
02:06:05 §f                     §7You have §a2 §7items stashed away!
02:06:05 §f                §6§l>>> §6§lCLICK HERE§e to pick them up! §6§l<<<
02:06:05   
02:06:05 §f                §7You have §31,877 §7materials stashed away!
02:06:05 §f              §8(This totals 4 types of materials stashed!)
02:06:05 §f                §3§l>>> §3§lCLICK HERE§b to pick them up! §3§l<<<
02:06:05   
02:07:05 §f                     §7You have §a2 §7items stashed away!
02:07:05 §f                §6§l>>> §6§lCLICK HERE§e to pick them up! §6§l<<<
02:07:05   
02:07:05 §f                §7You have §31,877 §7materials stashed away!
02:07:05 §f              §8(This totals 4 types of materials stashed!)
02:07:05 §f                §3§l>>> §3§lCLICK HERE§b to pick them up! §3§l<<<
02:07:05   
02:08:06 §f                     §7You have §a2 §7items stashed away!
02:08:06 §f                §6§l>>> §6§lCLICK HERE§e to pick them up! §6§l<<<
02:08:06   
02:08:06 §f                §7You have §31,877 §7materials stashed away!
02:08:06 §f              §8(This totals 4 types of materials stashed!)
02:08:06 §f                §3§l>>> §3§lCLICK HERE§b to pick them up! §3§l<<<
02:08:06   
02:09:07 §f                     §7You have §a2 §7items stashed away!
02:09:07 §f                §6§l>>> §6§lCLICK HERE§e to pick them up! §6§l<<<
02:09:07   
02:09:07 §f                §7You have §31,877 §7materials stashed away!
02:09:07 §f              §8(This totals 4 types of materials stashed!)
02:09:07 §f                §3§l>>> §3§lCLICK HERE§b to pick them up! §3§l<<<
02:09:07   
02:10:07 §f                     §7You have §a2 §7items stashed away!
02:10:07 §f                §6§l>>> §6§lCLICK HERE§e to pick them up! §6§l<<<
02:10:07   
02:10:07 §f                §7You have §31,877 §7materials stashed away!
02:10:07 §f              §8(This totals 4 types of materials stashed!)
02:10:07 §f                §3§l>>> §3§lCLICK HERE§b to pick them up! §3§l<<<
02:10:07   
02:10:56 §f                     §7You have §a2 §7items stashed away!
02:10:56 §f                §6§l>>> §6§lCLICK HERE§e to pick them up! §6§l<<<
02:10:56   
02:10:56 §f                §7You have §31,877 §7materials stashed away!
02:10:56 §f              §8(This totals 4 types of materials stashed!)
02:10:56 §f                §3§l>>> §3§lCLICK HERE§b to pick them up! §3§l<<<
02:10:56   
02:11:18 §f                     §7You have §a2 §7items stashed away!
02:11:18 §f                §6§l>>> §6§lCLICK HERE§e to pick them up! §6§l<<<
02:11:18   
02:11:18 §f                §7You have §31,877 §7materials stashed away!
02:11:18 §f              §8(This totals 4 types of materials stashed!)
02:11:18 §f                §3§l>>> §3§lCLICK HERE§b to pick them up! §3§l<<<
02:11:18   
02:12:18 §f                     §7You have §a2 §7items stashed away!
02:12:18 §f                §6§l>>> §6§lCLICK HERE§e to pick them up! §6§l<<<
02:12:18   
02:12:18 §f                §7You have §31,877 §7materials stashed away!
02:12:18 §f              §8(This totals 4 types of materials stashed!)
02:12:18 §f                §3§l>>> §3§lCLICK HERE§b to pick them up! §3§l<<<
02:12:18   
02:13:18 §f                     §7You have §a2 §7items stashed away!
02:13:18 §f                §6§l>>> §6§lCLICK HERE§e to pick them up! §6§l<<<
02:13:18   
02:13:18 §f                §7You have §31,877 §7materials stashed away!
02:13:18 §f              §8(This totals 4 types of materials stashed!)
02:13:18 §f                §3§l>>> §3§lCLICK HERE§b to pick them up! §3§l<<<
02:13:18   
02:14:18 §f                     §7You have §a2 §7items stashed away!
02:14:18 §f                §6§l>>> §6§lCLICK HERE§e to pick them up! §6§l<<<
02:14:18   
02:14:18 §f                §7You have §31,877 §7materials stashed away!
02:14:18 §f              §8(This totals 4 types of materials stashed!)
02:14:18 §f                §3§l>>> §3§lCLICK HERE§b to pick them up! §3§l<<<
02:14:18   
02:15:18 §f                     §7You have §a2 §7items stashed away!
02:15:18 §f                §6§l>>> §6§lCLICK HERE§e to pick them up! §6§l<<<
02:15:18   
02:15:18 §f                §7You have §31,877 §7materials stashed away!
02:15:18 §f              §8(This totals 4 types of materials stashed!)
02:15:18 §f                §3§l>>> §3§lCLICK HERE§b to pick them up! §3§l<<<
02:15:18   
02:16:19 §f                     §7You have §a2 §7items stashed away!
02:16:19 §f                §6§l>>> §6§lCLICK HERE§e to pick them up! §6§l<<<
02:16:19   
02:16:19 §f                §7You have §31,877 §7materials stashed away!
02:16:19 §f              §8(This totals 4 types of materials stashed!)
02:16:19 §f                §3§l>>> §3§lCLICK HERE§b to pick them up! §3§l<<<
02:16:19   
