19:19:47 Trying to load config from config\skyhanni\config.json
19:19:47 load-config-now
19:19:47 Loaded config from file
19:19:47 Trying to load sacks from config\skyhanni\sacks.json
19:19:47 load-sacks-now
19:19:47 Loaded sacks from file
19:19:47 Trying to load friends from config\skyhanni\friends.json
19:19:47 load-friends-now
19:19:47 Loaded friends from file
19:19:47 Trying to load known_features from config\skyhanni\known_features.json
19:19:47 load-known_features-now
19:19:47 Loaded known_features from file
19:19:47 Trying to load jacob_contests from config\skyhanni\jacob_contests.json
19:19:47 Setting jacob_contests to be blank as it did not exist. It will be saved once something is written to it
19:19:47 Trying to load visual_words from config\skyhanni\visual_words.json
19:19:47 Setting visual_words to be blank as it did not exist. It will be saved once something is written to it
19:19:47 Trying to load pets from config\skyhanni\pets.json
19:19:47 load-pets-now
19:19:47 Loaded pets from file
19:20:47 saveConfig: auto-save-60s
19:20:47 Saving config file
19:20:47 Saved config file successfully
19:20:47 saveConfig: auto-save-60s
19:20:47 Saving config file
19:20:47 Saved config file successfully
19:21:34 saveConfig: Updated known feature flags
19:21:34 Saving known_features file
19:21:34 Saved known_features file successfully
19:21:34 saveConfig: Updated known feature flags
19:21:34 Saving known_features file
19:21:34 Saved known_features file successfully
19:21:44 saveConfig: saving-data
19:21:44 Saving pets file
19:21:44 Saved pets file successfully
19:21:44 saveConfig: saving-data
19:21:44 Saving pets file
19:21:44 Saved pets file successfully
19:21:47 saveConfig: auto-save-60s
19:21:47 Saving config file
19:21:47 Saved config file successfully
19:21:47 saveConfig: auto-save-60s
19:21:47 Saving config file
19:21:47 Saved config file successfully
19:22:15 saveConfig: saving-data
19:22:15 Saving pets file
19:22:15 Saved pets file successfully
19:22:15 saveConfig: saving-data
19:22:15 Saving pets file
19:22:15 Saved pets file successfully
19:22:46 saveConfig: saving-data
19:22:46 Saving pets file
19:22:46 Saved pets file successfully
19:22:46 saveConfig: saving-data
19:22:46 Saving pets file
19:22:46 Saved pets file successfully
19:22:47 saveConfig: auto-save-60s
19:22:47 Saving config file
19:22:47 Saved config file successfully
19:22:47 saveConfig: auto-save-60s
19:22:47 Saving config file
19:22:47 Saved config file successfully
19:23:17 saveConfig: saving-data
19:23:17 Saving pets file
19:23:17 Saved pets file successfully
19:23:17 saveConfig: saving-data
19:23:17 Saving pets file
19:23:17 Saved pets file successfully
19:23:47 saveConfig: auto-save-60s
19:23:47 Saving config file
19:23:47 Saved config file successfully
19:23:47 saveConfig: auto-save-60s
19:23:47 Saving config file
19:23:47 Saved config file successfully
19:23:48 saveConfig: saving-data
19:23:48 Saving pets file
19:23:48 Saved pets file successfully
19:23:48 saveConfig: saving-data
19:23:48 Saving pets file
19:23:48 Saved pets file successfully
19:24:19 saveConfig: saving-data
19:24:19 Saving pets file
19:24:19 Saved pets file successfully
19:24:19 saveConfig: saving-data
19:24:19 Saving pets file
19:24:19 Saved pets file successfully
19:24:47 saveConfig: auto-save-60s
19:24:47 Saving config file
19:24:47 Saved config file successfully
19:24:47 saveConfig: auto-save-60s
19:24:47 Saving config file
19:24:47 Saved config file successfully
19:24:50 saveConfig: saving-data
19:24:50 Saving pets file
19:24:50 Saved pets file successfully
19:24:50 saveConfig: saving-data
19:24:50 Saving pets file
19:24:50 Saved pets file successfully
19:25:21 saveConfig: saving-data
19:25:21 Saving pets file
19:25:21 Saved pets file successfully
19:25:21 saveConfig: saving-data
19:25:21 Saving pets file
19:25:21 Saved pets file successfully
19:25:47 saveConfig: auto-save-60s
19:25:47 Saving config file
19:25:47 Saved config file successfully
19:25:47 saveConfig: auto-save-60s
19:25:47 Saving config file
19:25:47 Saved config file successfully
19:26:47 saveConfig: auto-save-60s
19:26:47 Saving config file
19:26:47 Saved config file successfully
19:26:47 saveConfig: auto-save-60s
19:26:47 Saving config file
19:26:47 Saved config file successfully
19:27:47 saveConfig: auto-save-60s
19:27:47 Saving config file
19:27:47 Saved config file successfully
19:27:47 saveConfig: auto-save-60s
19:27:47 Saving config file
19:27:47 Saved config file successfully
19:28:47 saveConfig: auto-save-60s
19:28:47 Saving config file
19:28:47 Saved config file successfully
19:28:47 saveConfig: auto-save-60s
19:28:47 Saving config file
19:28:47 Saved config file successfully
19:29:47 saveConfig: auto-save-60s
19:29:47 Saving config file
19:29:47 Saved config file successfully
19:29:47 saveConfig: auto-save-60s
19:29:47 Saving config file
19:29:47 Saved config file successfully
19:30:47 saveConfig: auto-save-60s
19:30:47 Saving config file
19:30:47 Saved config file successfully
19:30:47 saveConfig: auto-save-60s
19:30:47 Saving config file
19:30:47 Saved config file successfully
19:31:47 saveConfig: auto-save-60s
19:31:47 Saving config file
19:31:47 Saved config file successfully
19:31:47 saveConfig: auto-save-60s
19:31:47 Saving config file
19:31:47 Saved config file successfully
19:32:47 saveConfig: auto-save-60s
19:32:47 Saving config file
19:32:47 Saved config file successfully
19:32:47 saveConfig: auto-save-60s
19:32:47 Saving config file
19:32:47 Saved config file successfully
19:33:47 saveConfig: auto-save-60s
19:33:47 Saving config file
19:33:47 Saved config file successfully
19:33:47 saveConfig: auto-save-60s
19:33:47 Saving config file
19:33:47 Saved config file successfully
19:34:47 saveConfig: auto-save-60s
19:34:47 Saving config file
19:34:47 Saved config file successfully
19:34:47 saveConfig: auto-save-60s
19:34:47 Saving config file
19:34:47 Saved config file successfully
19:35:47 saveConfig: auto-save-60s
19:35:47 Saving config file
19:35:47 Saved config file successfully
19:35:47 saveConfig: auto-save-60s
19:35:47 Saving config file
19:35:47 Saved config file successfully
19:36:47 saveConfig: auto-save-60s
19:36:47 Saving config file
19:36:47 Saved config file successfully
19:36:47 saveConfig: auto-save-60s
19:36:47 Saving config file
19:36:47 Saved config file successfully
19:37:47 saveConfig: auto-save-60s
19:37:47 Saving config file
19:37:47 Saved config file successfully
19:37:47 saveConfig: auto-save-60s
19:37:47 Saving config file
19:37:47 Saved config file successfully
19:38:47 saveConfig: auto-save-60s
19:38:47 Saving config file
19:38:47 Saved config file successfully
19:38:47 saveConfig: auto-save-60s
19:38:47 Saving config file
19:38:47 Saved config file successfully
19:39:47 saveConfig: auto-save-60s
19:39:47 Saving config file
19:39:47 Saved config file successfully
19:39:47 saveConfig: auto-save-60s
19:39:47 Saving config file
19:39:47 Saved config file successfully
19:40:47 saveConfig: auto-save-60s
19:40:47 Saving config file
19:40:47 Saved config file successfully
19:40:47 saveConfig: auto-save-60s
19:40:47 Saving config file
19:40:47 Saved config file successfully
19:41:47 saveConfig: auto-save-60s
19:41:47 Saving config file
19:41:47 Saved config file successfully
19:41:47 saveConfig: auto-save-60s
19:41:47 Saving config file
19:41:47 Saved config file successfully
19:42:47 saveConfig: auto-save-60s
19:42:47 Saving config file
19:42:47 Saved config file successfully
19:42:47 saveConfig: auto-save-60s
19:42:47 Saving config file
19:42:47 Saved config file successfully
19:43:47 saveConfig: auto-save-60s
19:43:47 Saving config file
19:43:47 Saved config file successfully
19:43:47 saveConfig: auto-save-60s
19:43:47 Saving config file
19:43:47 Saved config file successfully
19:44:47 saveConfig: auto-save-60s
19:44:47 Saving config file
19:44:47 Saved config file successfully
19:44:47 saveConfig: auto-save-60s
19:44:47 Saving config file
19:44:47 Saved config file successfully
19:45:47 saveConfig: auto-save-60s
19:45:47 Saving config file
19:45:47 Saved config file successfully
19:45:47 saveConfig: auto-save-60s
19:45:47 Saving config file
19:45:47 Saved config file successfully
19:46:47 saveConfig: auto-save-60s
19:46:47 Saving config file
19:46:47 Saved config file successfully
19:46:47 saveConfig: auto-save-60s
19:46:47 Saving config file
19:46:47 Saved config file successfully
19:47:47 saveConfig: auto-save-60s
19:47:47 Saving config file
19:47:47 Saved config file successfully
19:47:47 saveConfig: auto-save-60s
19:47:47 Saving config file
19:47:47 Saved config file successfully
19:48:47 saveConfig: auto-save-60s
19:48:47 Saving config file
19:48:47 Saved config file successfully
19:48:47 saveConfig: auto-save-60s
19:48:47 Saving config file
19:48:47 Saved config file successfully
19:49:47 saveConfig: auto-save-60s
19:49:47 Saving config file
19:49:47 Saved config file successfully
19:49:47 saveConfig: auto-save-60s
19:49:47 Saving config file
19:49:47 Saved config file successfully
19:50:47 saveConfig: auto-save-60s
19:50:47 Saving config file
19:50:47 Saved config file successfully
19:50:47 saveConfig: auto-save-60s
19:50:47 Saving config file
19:50:47 Saved config file successfully
19:51:47 saveConfig: auto-save-60s
19:51:47 Saving config file
19:51:47 Saved config file successfully
19:51:47 saveConfig: auto-save-60s
19:51:47 Saving config file
19:51:47 Saved config file successfully
19:52:47 saveConfig: auto-save-60s
19:52:47 Saving config file
19:52:47 Saved config file successfully
19:52:47 saveConfig: auto-save-60s
19:52:47 Saving config file
19:52:47 Saved config file successfully
19:53:47 saveConfig: auto-save-60s
19:53:47 Saving config file
19:53:47 Saved config file successfully
19:53:47 saveConfig: auto-save-60s
19:53:47 Saving config file
19:53:47 Saved config file successfully
19:54:47 saveConfig: auto-save-60s
19:54:47 Saving config file
19:54:47 Saved config file successfully
19:54:47 saveConfig: auto-save-60s
19:54:47 Saving config file
19:54:47 Saved config file successfully
19:55:47 saveConfig: auto-save-60s
19:55:47 Saving config file
19:55:47 Saved config file successfully
19:55:47 saveConfig: auto-save-60s
19:55:47 Saving config file
19:55:47 Saved config file successfully
19:56:47 saveConfig: auto-save-60s
19:56:47 Saving config file
19:56:47 Saved config file successfully
19:56:47 saveConfig: auto-save-60s
19:56:47 Saving config file
19:56:47 Saved config file successfully
19:56:55 saveConfig: saving-data
19:56:55 Saving pets file
19:56:55 Saved pets file successfully
19:56:55 saveConfig: saving-data
19:56:55 Saving pets file
19:56:55 Saved pets file successfully
19:57:26 saveConfig: saving-data
19:57:26 Saving pets file
19:57:26 Saved pets file successfully
19:57:26 saveConfig: saving-data
19:57:26 Saving pets file
19:57:26 Saved pets file successfully
19:57:47 saveConfig: auto-save-60s
19:57:47 Saving config file
19:57:47 Saved config file successfully
19:57:47 saveConfig: auto-save-60s
19:57:47 Saving config file
19:57:47 Saved config file successfully
19:58:47 saveConfig: auto-save-60s
19:58:47 Saving config file
19:58:47 Saved config file successfully
19:58:47 saveConfig: auto-save-60s
19:58:47 Saving config file
19:58:47 Saved config file successfully
19:59:47 saveConfig: auto-save-60s
19:59:47 Saving config file
19:59:47 Saved config file successfully
19:59:47 saveConfig: auto-save-60s
19:59:47 Saving config file
19:59:47 Saved config file successfully
20:00:47 saveConfig: auto-save-60s
20:00:47 Saving config file
20:00:47 Saved config file successfully
20:00:47 saveConfig: auto-save-60s
20:00:47 Saving config file
20:00:47 Saved config file successfully
20:01:47 saveConfig: auto-save-60s
20:01:47 Saving config file
20:01:47 Saved config file successfully
20:01:47 saveConfig: auto-save-60s
20:01:47 Saving config file
20:01:47 Saved config file successfully
20:02:47 saveConfig: auto-save-60s
20:02:47 Saving config file
20:02:47 Saved config file successfully
20:02:47 saveConfig: auto-save-60s
20:02:47 Saving config file
20:02:47 Saved config file successfully
20:03:47 saveConfig: auto-save-60s
20:03:47 Saving config file
20:03:47 Saved config file successfully
20:03:47 saveConfig: auto-save-60s
20:03:47 Saving config file
20:03:47 Saved config file successfully
20:04:47 saveConfig: auto-save-60s
20:04:47 Saving config file
20:04:47 Saved config file successfully
20:04:47 saveConfig: auto-save-60s
20:04:47 Saving config file
20:04:47 Saved config file successfully
20:05:47 saveConfig: auto-save-60s
20:05:47 Saving config file
20:05:47 Saved config file successfully
20:05:47 saveConfig: auto-save-60s
20:05:47 Saving config file
20:05:47 Saved config file successfully
20:06:47 saveConfig: auto-save-60s
20:06:47 Saving config file
20:06:47 Saved config file successfully
20:06:47 saveConfig: auto-save-60s
20:06:47 Saving config file
20:06:47 Saved config file successfully
20:07:47 saveConfig: auto-save-60s
20:07:47 Saving config file
20:07:47 Saved config file successfully
20:07:47 saveConfig: auto-save-60s
20:07:47 Saving config file
20:07:47 Saved config file successfully
20:08:47 saveConfig: auto-save-60s
20:08:47 Saving config file
20:08:47 Saved config file successfully
20:08:47 saveConfig: auto-save-60s
20:08:47 Saving config file
20:08:47 Saved config file successfully
20:09:47 saveConfig: auto-save-60s
20:09:47 Saving config file
20:09:47 Saved config file successfully
20:09:47 saveConfig: auto-save-60s
20:09:47 Saving config file
20:09:47 Saved config file successfully
20:10:47 saveConfig: auto-save-60s
20:10:47 Saving config file
20:10:47 Saved config file successfully
20:10:47 saveConfig: auto-save-60s
20:10:47 Saving config file
20:10:47 Saved config file successfully
20:11:47 saveConfig: auto-save-60s
20:11:47 Saving config file
20:11:47 Saved config file successfully
20:11:47 saveConfig: auto-save-60s
20:11:47 Saving config file
20:11:47 Saved config file successfully
20:12:47 saveConfig: auto-save-60s
20:12:47 Saving config file
20:12:47 Saved config file successfully
20:12:47 saveConfig: auto-save-60s
20:12:47 Saving config file
20:12:47 Saved config file successfully
20:13:47 saveConfig: auto-save-60s
20:13:47 Saving config file
20:13:47 Saved config file successfully
20:13:47 saveConfig: auto-save-60s
20:13:47 Saving config file
20:13:47 Saved config file successfully
20:14:47 saveConfig: auto-save-60s
20:14:47 Saving config file
20:14:47 Saved config file successfully
20:14:47 saveConfig: auto-save-60s
20:14:47 Saving config file
20:14:47 Saved config file successfully
20:15:47 saveConfig: auto-save-60s
20:15:47 Saving config file
20:15:47 Saved config file successfully
20:15:47 saveConfig: auto-save-60s
20:15:47 Saving config file
20:15:47 Saved config file successfully
20:16:47 saveConfig: auto-save-60s
20:16:47 Saving config file
20:16:47 Saved config file successfully
20:16:47 saveConfig: auto-save-60s
20:16:47 Saving config file
20:16:47 Saved config file successfully
20:17:47 saveConfig: auto-save-60s
20:17:47 Saving config file
20:17:47 Saved config file successfully
20:17:47 saveConfig: auto-save-60s
20:17:47 Saving config file
20:17:47 Saved config file successfully
20:18:47 saveConfig: auto-save-60s
20:18:47 Saving config file
20:18:47 Saved config file successfully
20:18:47 saveConfig: auto-save-60s
20:18:47 Saving config file
20:18:47 Saved config file successfully
20:19:47 saveConfig: auto-save-60s
20:19:47 Saving config file
20:19:47 Saved config file successfully
20:19:47 saveConfig: auto-save-60s
20:19:47 Saving config file
20:19:47 Saved config file successfully
20:20:47 saveConfig: auto-save-60s
20:20:47 Saving config file
20:20:47 Saved config file successfully
20:20:47 saveConfig: auto-save-60s
20:20:47 Saving config file
20:20:47 Saved config file successfully
20:21:47 saveConfig: auto-save-60s
20:21:47 Saving config file
20:21:47 Saved config file successfully
20:21:47 saveConfig: auto-save-60s
20:21:47 Saving config file
20:21:47 Saved config file successfully
20:22:47 saveConfig: auto-save-60s
20:22:47 Saving config file
20:22:47 Saved config file successfully
20:22:47 saveConfig: auto-save-60s
20:22:47 Saving config file
20:22:47 Saved config file successfully
20:23:10 saveConfig: saving-data
20:23:10 Saving pets file
20:23:10 Saved pets file successfully
20:23:10 saveConfig: saving-data
20:23:10 Saving pets file
20:23:10 Saved pets file successfully
20:23:47 saveConfig: auto-save-60s
20:23:47 Saving config file
20:23:47 Saved config file successfully
20:23:47 saveConfig: auto-save-60s
20:23:47 Saving config file
20:23:47 Saved config file successfully
20:24:47 saveConfig: auto-save-60s
20:24:47 Saving config file
20:24:47 Saved config file successfully
20:24:47 saveConfig: auto-save-60s
20:24:47 Saving config file
20:24:47 Saved config file successfully
20:25:47 saveConfig: auto-save-60s
20:25:47 Saving config file
20:25:47 Saved config file successfully
20:25:47 saveConfig: auto-save-60s
20:25:47 Saving config file
20:25:47 Saved config file successfully
20:26:32 saveConfig: saving-data
20:26:32 Saving pets file
20:26:32 Saved pets file successfully
20:26:32 saveConfig: saving-data
20:26:32 Saving pets file
20:26:32 Saved pets file successfully
20:26:47 saveConfig: auto-save-60s
20:26:47 Saving config file
20:26:47 Saved config file successfully
20:26:47 saveConfig: auto-save-60s
20:26:47 Saving config file
20:26:47 Saved config file successfully
20:27:03 saveConfig: saving-data
20:27:03 Saving pets file
20:27:03 Saved pets file successfully
20:27:03 saveConfig: saving-data
20:27:03 Saving pets file
20:27:03 Saved pets file successfully
20:27:34 saveConfig: saving-data
20:27:34 Saving pets file
20:27:34 Saved pets file successfully
20:27:34 saveConfig: saving-data
20:27:34 Saving pets file
20:27:34 Saved pets file successfully
20:27:47 saveConfig: auto-save-60s
20:27:47 Saving config file
20:27:47 Saved config file successfully
20:27:47 saveConfig: auto-save-60s
20:27:47 Saving config file
20:27:47 Saved config file successfully
20:28:47 saveConfig: auto-save-60s
20:28:47 Saving config file
20:28:47 Saved config file successfully
20:28:47 saveConfig: auto-save-60s
20:28:47 Saving config file
20:28:47 Saved config file successfully
20:29:47 saveConfig: auto-save-60s
20:29:47 Saving config file
20:29:47 Saved config file successfully
20:29:47 saveConfig: auto-save-60s
20:29:47 Saving config file
20:29:47 Saved config file successfully
20:30:47 saveConfig: auto-save-60s
20:30:47 Saving config file
20:30:47 Saved config file successfully
20:30:47 saveConfig: auto-save-60s
20:30:47 Saving config file
20:30:47 Saved config file successfully
20:30:59 saveConfig: saving-data
20:30:59 Saving pets file
20:30:59 Saved pets file successfully
20:30:59 saveConfig: saving-data
20:30:59 Saving pets file
20:30:59 Saved pets file successfully
20:31:30 saveConfig: saving-data
20:31:30 Saving pets file
20:31:30 Saved pets file successfully
20:31:30 saveConfig: saving-data
20:31:30 Saving pets file
20:31:30 Saved pets file successfully
20:31:47 saveConfig: auto-save-60s
20:31:47 Saving config file
20:31:47 Saved config file successfully
20:31:47 saveConfig: auto-save-60s
20:31:47 Saving config file
20:31:47 Saved config file successfully
20:32:04 saveConfig: saving-data
20:32:04 Saving pets file
20:32:04 Saved pets file successfully
20:32:04 saveConfig: saving-data
20:32:04 Saving pets file
20:32:04 Saved pets file successfully
20:32:35 saveConfig: saving-data
20:32:35 Saving pets file
20:32:35 Saved pets file successfully
20:32:35 saveConfig: saving-data
20:32:35 Saving pets file
20:32:35 Saved pets file successfully
20:32:47 saveConfig: auto-save-60s
20:32:47 Saving config file
20:32:47 Saved config file successfully
20:32:47 saveConfig: auto-save-60s
20:32:47 Saving config file
20:32:47 Saved config file successfully
20:33:47 saveConfig: auto-save-60s
20:33:47 Saving config file
20:33:47 Saved config file successfully
20:33:47 saveConfig: auto-save-60s
20:33:47 Saving config file
20:33:47 Saved config file successfully
20:34:47 saveConfig: auto-save-60s
20:34:47 Saving config file
20:34:47 Saved config file successfully
20:34:47 saveConfig: auto-save-60s
20:34:47 Saving config file
20:34:47 Saved config file successfully
20:35:47 saveConfig: auto-save-60s
20:35:47 Saving config file
20:35:47 Saved config file successfully
20:35:47 saveConfig: auto-save-60s
20:35:47 Saving config file
20:35:47 Saved config file successfully
20:36:47 saveConfig: auto-save-60s
20:36:47 Saving config file
20:36:47 Saved config file successfully
20:36:47 saveConfig: auto-save-60s
20:36:47 Saving config file
20:36:47 Saved config file successfully
20:37:28 saveConfig: saving-data
20:37:28 Saving pets file
20:37:28 Saved pets file successfully
20:37:28 saveConfig: saving-data
20:37:28 Saving pets file
20:37:28 Saved pets file successfully
20:37:47 saveConfig: auto-save-60s
20:37:47 Saving config file
20:37:47 Saved config file successfully
20:37:47 saveConfig: auto-save-60s
20:37:47 Saving config file
20:37:47 Saved config file successfully
20:37:59 saveConfig: saving-data
20:37:59 Saving pets file
20:37:59 Saved pets file successfully
20:37:59 saveConfig: saving-data
20:37:59 Saving pets file
20:37:59 Saved pets file successfully
20:38:47 saveConfig: auto-save-60s
20:38:47 Saving config file
20:38:47 Saved config file successfully
20:38:47 saveConfig: auto-save-60s
20:38:47 Saving config file
20:38:47 Saved config file successfully
20:39:47 saveConfig: auto-save-60s
20:39:47 Saving config file
20:39:47 Saved config file successfully
20:39:47 saveConfig: auto-save-60s
20:39:47 Saving config file
20:39:47 Saved config file successfully
20:40:47 saveConfig: auto-save-60s
20:40:47 Saving config file
20:40:47 Saved config file successfully
20:40:47 saveConfig: auto-save-60s
20:40:47 Saving config file
20:40:47 Saved config file successfully
20:41:47 saveConfig: auto-save-60s
20:41:47 Saving config file
20:41:47 Saved config file successfully
20:41:47 saveConfig: auto-save-60s
20:41:47 Saving config file
20:41:47 Saved config file successfully
20:42:47 saveConfig: auto-save-60s
20:42:47 Saving config file
20:42:47 Saved config file successfully
20:42:47 saveConfig: auto-save-60s
20:42:47 Saving config file
20:42:47 Saved config file successfully
20:43:47 saveConfig: auto-save-60s
20:43:47 Saving config file
20:43:47 Saved config file successfully
20:43:47 saveConfig: auto-save-60s
20:43:47 Saving config file
20:43:47 Saved config file successfully
20:44:05 saveConfig: saving-data
20:44:05 Saving pets file
20:44:05 Saved pets file successfully
20:44:05 saveConfig: saving-data
20:44:05 Saving pets file
20:44:05 Saved pets file successfully
20:44:36 saveConfig: saving-data
20:44:36 Saving pets file
20:44:36 Saved pets file successfully
20:44:36 saveConfig: saving-data
20:44:36 Saving pets file
20:44:36 Saved pets file successfully
20:44:47 saveConfig: auto-save-60s
20:44:47 Saving config file
20:44:47 Saved config file successfully
20:44:47 saveConfig: auto-save-60s
20:44:47 Saving config file
20:44:47 Saved config file successfully
20:45:47 saveConfig: auto-save-60s
20:45:47 Saving config file
20:45:47 Saved config file successfully
20:45:47 saveConfig: auto-save-60s
20:45:47 Saving config file
20:45:47 Saved config file successfully
20:46:47 saveConfig: auto-save-60s
20:46:47 Saving config file
20:46:47 Saved config file successfully
20:46:47 saveConfig: auto-save-60s
20:46:47 Saving config file
20:46:47 Saved config file successfully
20:47:47 saveConfig: auto-save-60s
20:47:47 Saving config file
20:47:47 Saved config file successfully
20:47:47 saveConfig: auto-save-60s
20:47:47 Saving config file
20:47:47 Saved config file successfully
20:48:47 saveConfig: auto-save-60s
20:48:47 Saving config file
20:48:47 Saved config file successfully
20:48:47 saveConfig: auto-save-60s
20:48:47 Saving config file
20:48:47 Saved config file successfully
20:49:47 saveConfig: auto-save-60s
20:49:47 Saving config file
20:49:47 Saved config file successfully
20:49:47 saveConfig: auto-save-60s
20:49:47 Saving config file
20:49:47 Saved config file successfully
20:50:47 saveConfig: auto-save-60s
20:50:47 Saving config file
20:50:47 Saved config file successfully
20:50:47 saveConfig: auto-save-60s
20:50:47 Saving config file
20:50:47 Saved config file successfully
20:51:47 saveConfig: auto-save-60s
20:51:47 Saving config file
20:51:47 Saved config file successfully
20:51:47 saveConfig: auto-save-60s
20:51:47 Saving config file
20:51:47 Saved config file successfully
20:52:15 saveConfig: saving-data
20:52:15 Saving pets file
20:52:15 Saved pets file successfully
20:52:15 saveConfig: saving-data
20:52:15 Saving pets file
20:52:15 Saved pets file successfully
20:52:47 saveConfig: auto-save-60s
20:52:47 Saving config file
20:52:47 Saved config file successfully
20:52:47 saveConfig: auto-save-60s
20:52:47 Saving config file
20:52:47 Saved config file successfully
20:53:47 saveConfig: auto-save-60s
20:53:47 Saving config file
20:53:47 Saved config file successfully
20:53:47 saveConfig: auto-save-60s
20:53:47 Saving config file
20:53:47 Saved config file successfully
20:54:47 saveConfig: auto-save-60s
20:54:47 Saving config file
20:54:47 Saved config file successfully
20:54:47 saveConfig: auto-save-60s
20:54:47 Saving config file
20:54:47 Saved config file successfully
20:55:47 saveConfig: auto-save-60s
20:55:47 Saving config file
20:55:47 Saved config file successfully
20:55:47 saveConfig: auto-save-60s
20:55:47 Saving config file
20:55:47 Saved config file successfully
20:56:47 saveConfig: auto-save-60s
20:56:47 Saving config file
20:56:47 Saved config file successfully
20:56:47 saveConfig: auto-save-60s
20:56:47 Saving config file
20:56:47 Saved config file successfully
20:57:47 saveConfig: auto-save-60s
20:57:47 Saving config file
20:57:47 Saved config file successfully
20:57:47 saveConfig: auto-save-60s
20:57:47 Saving config file
20:57:47 Saved config file successfully
20:58:47 saveConfig: auto-save-60s
20:58:47 Saving config file
20:58:47 Saved config file successfully
20:58:47 saveConfig: auto-save-60s
20:58:47 Saving config file
20:58:47 Saved config file successfully
20:59:47 saveConfig: auto-save-60s
20:59:47 Saving config file
20:59:47 Saved config file successfully
20:59:47 saveConfig: auto-save-60s
20:59:47 Saving config file
20:59:47 Saved config file successfully
21:00:47 saveConfig: auto-save-60s
21:00:47 Saving config file
21:00:47 Saved config file successfully
21:00:47 saveConfig: auto-save-60s
21:00:47 Saving config file
21:00:47 Saved config file successfully
21:01:36 saveConfig: saving-data
21:01:36 Saving pets file
21:01:36 Saved pets file successfully
21:01:36 saveConfig: saving-data
21:01:36 Saving pets file
21:01:36 Saved pets file successfully
21:01:47 saveConfig: auto-save-60s
21:01:47 Saving config file
21:01:47 Saved config file successfully
21:01:47 saveConfig: auto-save-60s
21:01:47 Saving config file
21:01:47 Saved config file successfully
21:02:07 saveConfig: saving-data
21:02:07 Saving pets file
21:02:07 Saved pets file successfully
21:02:07 saveConfig: saving-data
21:02:07 Saving pets file
21:02:07 Saved pets file successfully
21:02:47 saveConfig: auto-save-60s
21:02:47 Saving config file
21:02:47 Saved config file successfully
21:02:47 saveConfig: auto-save-60s
21:02:47 Saving config file
21:02:47 Saved config file successfully
21:03:47 saveConfig: auto-save-60s
21:03:47 Saving config file
21:03:47 Saved config file successfully
21:03:47 saveConfig: auto-save-60s
21:03:47 Saving config file
21:03:47 Saved config file successfully
21:04:47 saveConfig: auto-save-60s
21:04:47 Saving config file
21:04:47 Saved config file successfully
21:04:47 saveConfig: auto-save-60s
21:04:47 Saving config file
21:04:47 Saved config file successfully
21:05:47 saveConfig: auto-save-60s
21:05:47 Saving config file
21:05:47 Saved config file successfully
21:05:47 saveConfig: auto-save-60s
21:05:47 Saving config file
21:05:47 Saved config file successfully
21:05:56 saveConfig: saving-data
21:05:56 Saving pets file
21:05:56 Saved pets file successfully
21:05:56 saveConfig: saving-data
21:05:56 Saving pets file
21:05:56 Saved pets file successfully
21:06:27 saveConfig: saving-data
21:06:27 Saving pets file
21:06:27 Saved pets file successfully
21:06:27 saveConfig: saving-data
21:06:27 Saving pets file
21:06:27 Saved pets file successfully
21:06:47 saveConfig: auto-save-60s
21:06:47 Saving config file
21:06:47 Saved config file successfully
21:06:47 saveConfig: auto-save-60s
21:06:47 Saving config file
21:06:47 Saved config file successfully
21:07:47 saveConfig: auto-save-60s
21:07:47 Saving config file
21:07:47 Saved config file successfully
21:07:47 saveConfig: auto-save-60s
21:07:47 Saving config file
21:07:47 Saved config file successfully
21:08:47 saveConfig: auto-save-60s
21:08:47 Saving config file
21:08:47 Saved config file successfully
21:08:47 saveConfig: auto-save-60s
21:08:47 Saving config file
21:08:47 Saved config file successfully
21:09:47 saveConfig: auto-save-60s
21:09:47 Saving config file
21:09:47 Saved config file successfully
21:09:47 saveConfig: auto-save-60s
21:09:47 Saving config file
21:09:47 Saved config file successfully
21:10:19 saveConfig: saving-data
21:10:19 Saving pets file
21:10:19 Saved pets file successfully
21:10:19 saveConfig: saving-data
21:10:19 Saving pets file
21:10:19 Saved pets file successfully
21:10:47 saveConfig: auto-save-60s
21:10:47 Saving config file
21:10:47 Saved config file successfully
21:10:47 saveConfig: auto-save-60s
21:10:47 Saving config file
21:10:47 Saved config file successfully
21:10:50 saveConfig: saving-data
21:10:50 Saving pets file
21:10:50 Saved pets file successfully
21:10:50 saveConfig: saving-data
21:10:50 Saving pets file
21:10:50 Saved pets file successfully
21:11:47 saveConfig: auto-save-60s
21:11:47 Saving config file
21:11:47 Saved config file successfully
21:11:47 saveConfig: auto-save-60s
21:11:47 Saving config file
21:11:47 Saved config file successfully
21:12:47 saveConfig: auto-save-60s
21:12:47 Saving config file
21:12:47 Saved config file successfully
21:12:47 saveConfig: auto-save-60s
21:12:47 Saving config file
21:12:47 Saved config file successfully
21:13:47 saveConfig: auto-save-60s
21:13:47 Saving config file
21:13:47 Saved config file successfully
21:13:47 saveConfig: auto-save-60s
21:13:47 Saving config file
21:13:47 Saved config file successfully
21:14:47 saveConfig: auto-save-60s
21:14:47 Saving config file
21:14:47 Saved config file successfully
21:14:47 saveConfig: auto-save-60s
21:14:47 Saving config file
21:14:47 Saved config file successfully
21:15:29 saveConfig: saving-data
21:15:29 Saving pets file
21:15:29 Saved pets file successfully
21:15:29 saveConfig: saving-data
21:15:29 Saving pets file
21:15:29 Saved pets file successfully
21:15:47 saveConfig: auto-save-60s
21:15:47 Saving config file
21:15:47 Saved config file successfully
21:15:47 saveConfig: auto-save-60s
21:15:47 Saving config file
21:15:47 Saved config file successfully
21:16:00 saveConfig: saving-data
21:16:00 Saving pets file
21:16:00 Saved pets file successfully
21:16:00 saveConfig: saving-data
21:16:00 Saving pets file
21:16:00 Saved pets file successfully
21:16:47 saveConfig: auto-save-60s
21:16:47 Saving config file
21:16:47 Saved config file successfully
21:16:47 saveConfig: auto-save-60s
21:16:47 Saving config file
21:16:47 Saved config file successfully
21:16:57 saveConfig: Save file
21:16:57 Saving friends file
21:16:57 Saved friends file successfully
21:16:57 saveConfig: Save file
21:16:57 Saving friends file
21:16:57 Saved friends file successfully
21:17:03 saveConfig: saving-data
21:17:03 Saving pets file
21:17:03 Saved pets file successfully
21:17:03 saveConfig: saving-data
21:17:03 Saving pets file
21:17:03 Saved pets file successfully
21:17:34 saveConfig: saving-data
21:17:34 Saving pets file
21:17:34 Saved pets file successfully
21:17:34 saveConfig: saving-data
21:17:34 Saving pets file
21:17:34 Saved pets file successfully
21:17:47 saveConfig: auto-save-60s
21:17:47 Saving config file
21:17:47 Saved config file successfully
21:17:47 saveConfig: auto-save-60s
21:17:47 Saving config file
21:17:47 Saved config file successfully
21:18:47 saveConfig: auto-save-60s
21:18:47 Saving config file
21:18:47 Saved config file successfully
21:18:47 saveConfig: auto-save-60s
21:18:47 Saving config file
21:18:47 Saved config file successfully
21:19:47 saveConfig: auto-save-60s
21:19:47 Saving config file
21:19:47 Saved config file successfully
21:19:47 saveConfig: auto-save-60s
21:19:47 Saving config file
21:19:47 Saved config file successfully
21:20:47 saveConfig: auto-save-60s
21:20:47 Saving config file
21:20:47 Saved config file successfully
21:20:47 saveConfig: auto-save-60s
21:20:47 Saving config file
21:20:47 Saved config file successfully
21:21:47 saveConfig: auto-save-60s
21:21:47 Saving config file
21:21:47 Saved config file successfully
21:21:47 saveConfig: auto-save-60s
21:21:47 Saving config file
21:21:47 Saved config file successfully
21:22:28 saveConfig: saving-data
21:22:28 Saving pets file
21:22:28 Saved pets file successfully
21:22:28 saveConfig: saving-data
21:22:28 Saving pets file
21:22:28 Saved pets file successfully
21:22:47 saveConfig: auto-save-60s
21:22:47 Saving config file
21:22:47 Saved config file successfully
21:22:47 saveConfig: auto-save-60s
21:22:47 Saving config file
21:22:47 Saved config file successfully
21:22:59 saveConfig: saving-data
21:22:59 Saving pets file
21:22:59 Saved pets file successfully
21:22:59 saveConfig: saving-data
21:22:59 Saving pets file
21:22:59 Saved pets file successfully
21:23:47 saveConfig: auto-save-60s
21:23:47 Saving config file
21:23:47 Saved config file successfully
21:23:47 saveConfig: auto-save-60s
21:23:47 Saving config file
21:23:47 Saved config file successfully
21:24:20 saveConfig: saving-data
21:24:20 Saving pets file
21:24:20 Saved pets file successfully
21:24:20 saveConfig: saving-data
21:24:20 Saving pets file
21:24:20 Saved pets file successfully
21:24:47 saveConfig: auto-save-60s
21:24:47 Saving config file
21:24:47 Saved config file successfully
21:24:47 saveConfig: auto-save-60s
21:24:47 Saving config file
21:24:47 Saved config file successfully
21:24:51 saveConfig: saving-data
21:24:51 Saving pets file
21:24:51 Saved pets file successfully
21:24:51 saveConfig: saving-data
21:24:51 Saving pets file
21:24:51 Saved pets file successfully
21:25:47 saveConfig: auto-save-60s
21:25:47 Saving config file
21:25:47 Saved config file successfully
21:25:47 saveConfig: auto-save-60s
21:25:47 Saving config file
21:25:47 Saved config file successfully
21:25:58 saveConfig: saving-data
21:25:58 Saving pets file
21:25:58 Saved pets file successfully
21:25:58 saveConfig: saving-data
21:25:58 Saving pets file
21:25:58 Saved pets file successfully
21:26:29 saveConfig: saving-data
21:26:29 Saving pets file
21:26:29 Saved pets file successfully
21:26:29 saveConfig: saving-data
21:26:29 Saving pets file
21:26:29 Saved pets file successfully
21:26:47 saveConfig: auto-save-60s
21:26:47 Saving config file
21:26:47 Saved config file successfully
21:26:47 saveConfig: auto-save-60s
21:26:47 Saving config file
21:26:47 Saved config file successfully
21:27:47 saveConfig: auto-save-60s
21:27:47 Saving config file
21:27:47 Saved config file successfully
21:27:47 saveConfig: auto-save-60s
21:27:47 Saving config file
21:27:47 Saved config file successfully
21:28:47 saveConfig: auto-save-60s
21:28:47 Saving config file
21:28:47 Saved config file successfully
21:28:47 saveConfig: auto-save-60s
21:28:47 Saving config file
21:28:47 Saved config file successfully
21:29:47 saveConfig: auto-save-60s
21:29:47 Saving config file
21:29:47 Saved config file successfully
21:29:47 saveConfig: auto-save-60s
21:29:47 Saving config file
21:29:47 Saved config file successfully
21:30:47 saveConfig: auto-save-60s
21:30:47 Saving config file
21:30:47 Saved config file successfully
21:30:47 saveConfig: auto-save-60s
21:30:47 Saving config file
21:30:47 Saved config file successfully
21:30:59 saveConfig: saving-data
21:30:59 Saving pets file
21:30:59 Saved pets file successfully
21:30:59 saveConfig: saving-data
21:30:59 Saving pets file
21:30:59 Saved pets file successfully
21:31:29 saveConfig: saving-data
21:31:29 Saving pets file
21:31:29 Saved pets file successfully
21:31:29 saveConfig: saving-data
21:31:29 Saving pets file
21:31:29 Saved pets file successfully
21:31:47 saveConfig: auto-save-60s
21:31:47 Saving config file
21:31:47 Saved config file successfully
21:31:47 saveConfig: auto-save-60s
21:31:47 Saving config file
21:31:47 Saved config file successfully
21:32:47 saveConfig: auto-save-60s
21:32:47 Saving config file
21:32:47 Saved config file successfully
21:32:47 saveConfig: auto-save-60s
21:32:47 Saving config file
21:32:47 Saved config file successfully
21:33:47 saveConfig: auto-save-60s
21:33:47 Saving config file
21:33:47 Saved config file successfully
21:33:47 saveConfig: auto-save-60s
21:33:47 Saving config file
21:33:47 Saved config file successfully
21:34:47 saveConfig: auto-save-60s
21:34:47 Saving config file
21:34:47 Saved config file successfully
21:34:47 saveConfig: auto-save-60s
21:34:47 Saving config file
21:34:47 Saved config file successfully
21:35:47 saveConfig: auto-save-60s
21:35:47 Saving config file
21:35:47 Saved config file successfully
21:35:47 saveConfig: auto-save-60s
21:35:47 Saving config file
21:35:47 Saved config file successfully
21:36:41 saveConfig: saving-data
21:36:41 Saving pets file
21:36:41 Saved pets file successfully
21:36:41 saveConfig: saving-data
21:36:41 Saving pets file
21:36:41 Saved pets file successfully
21:36:47 saveConfig: auto-save-60s
21:36:47 Saving config file
21:36:47 Saved config file successfully
21:36:47 saveConfig: auto-save-60s
21:36:47 Saving config file
21:36:47 Saved config file successfully
21:37:12 saveConfig: saving-data
21:37:12 Saving pets file
21:37:12 Saved pets file successfully
21:37:12 saveConfig: saving-data
21:37:12 Saving pets file
21:37:12 Saved pets file successfully
21:37:47 saveConfig: auto-save-60s
21:37:47 Saving config file
21:37:47 Saved config file successfully
21:37:47 saveConfig: auto-save-60s
21:37:47 Saving config file
21:37:47 Saved config file successfully
21:38:47 saveConfig: auto-save-60s
21:38:47 Saving config file
21:38:47 Saved config file successfully
21:38:47 saveConfig: auto-save-60s
21:38:47 Saving config file
21:38:47 Saved config file successfully
21:39:47 saveConfig: auto-save-60s
21:39:47 Saving config file
21:39:47 Saved config file successfully
21:39:47 saveConfig: auto-save-60s
21:39:47 Saving config file
21:39:47 Saved config file successfully
21:40:47 saveConfig: auto-save-60s
21:40:47 Saving config file
21:40:47 Saved config file successfully
21:40:47 saveConfig: auto-save-60s
21:40:47 Saving config file
21:40:47 Saved config file successfully
21:41:47 saveConfig: auto-save-60s
21:41:47 Saving config file
21:41:47 Saved config file successfully
21:41:47 saveConfig: auto-save-60s
21:41:47 Saving config file
21:41:47 Saved config file successfully
21:42:47 saveConfig: auto-save-60s
21:42:47 Saving config file
21:42:47 Saved config file successfully
21:42:47 saveConfig: auto-save-60s
21:42:47 Saving config file
21:42:47 Saved config file successfully
21:43:37 saveConfig: saving-data
21:43:37 Saving pets file
21:43:37 Saved pets file successfully
21:43:37 saveConfig: saving-data
21:43:37 Saving pets file
21:43:37 Saved pets file successfully
21:43:47 saveConfig: auto-save-60s
21:43:47 Saving config file
21:43:47 Saved config file successfully
21:43:47 saveConfig: auto-save-60s
21:43:47 Saving config file
21:43:47 Saved config file successfully
21:44:08 saveConfig: saving-data
21:44:08 Saving pets file
21:44:08 Saved pets file successfully
21:44:08 saveConfig: saving-data
21:44:08 Saving pets file
21:44:08 Saved pets file successfully
21:44:32 saveConfig: Save file
21:44:32 Saving friends file
21:44:32 Saved friends file successfully
21:44:32 saveConfig: Save file
21:44:32 Saving friends file
21:44:32 Saved friends file successfully
21:44:47 saveConfig: auto-save-60s
21:44:47 Saving config file
21:44:47 Saved config file successfully
21:44:47 saveConfig: auto-save-60s
21:44:47 Saving config file
21:44:47 Saved config file successfully
21:45:47 saveConfig: auto-save-60s
21:45:47 Saving config file
21:45:47 Saved config file successfully
21:45:47 saveConfig: auto-save-60s
21:45:47 Saving config file
21:45:47 Saved config file successfully
21:46:24 saveConfig: saving-data
21:46:24 Saving pets file
21:46:24 Saved pets file successfully
21:46:24 saveConfig: saving-data
21:46:24 Saving pets file
21:46:24 Saved pets file successfully
21:46:47 saveConfig: auto-save-60s
21:46:47 Saving config file
21:46:47 Saved config file successfully
21:46:47 saveConfig: auto-save-60s
21:46:47 Saving config file
21:46:47 Saved config file successfully
21:46:55 saveConfig: saving-data
21:46:55 Saving pets file
21:46:55 Saved pets file successfully
21:46:55 saveConfig: saving-data
21:46:55 Saving pets file
21:46:55 Saved pets file successfully
21:47:47 saveConfig: auto-save-60s
21:47:47 Saving config file
21:47:47 Saved config file successfully
21:47:47 saveConfig: auto-save-60s
21:47:47 Saving config file
21:47:47 Saved config file successfully
21:48:47 saveConfig: auto-save-60s
21:48:47 Saving config file
21:48:47 Saved config file successfully
21:48:47 saveConfig: auto-save-60s
21:48:47 Saving config file
21:48:47 Saved config file successfully
21:49:47 saveConfig: auto-save-60s
21:49:47 Saving config file
21:49:47 Saved config file successfully
21:49:47 saveConfig: auto-save-60s
21:49:47 Saving config file
21:49:47 Saved config file successfully
21:50:47 saveConfig: auto-save-60s
21:50:47 Saving config file
21:50:47 Saved config file successfully
21:50:47 saveConfig: auto-save-60s
21:50:47 Saving config file
21:50:47 Saved config file successfully
21:51:47 saveConfig: auto-save-60s
21:51:47 Saving config file
21:51:47 Saved config file successfully
21:51:47 saveConfig: auto-save-60s
21:51:47 Saving config file
21:51:47 Saved config file successfully
21:52:47 saveConfig: auto-save-60s
21:52:47 Saving config file
21:52:47 Saved config file successfully
21:52:47 saveConfig: auto-save-60s
21:52:47 Saving config file
21:52:47 Saved config file successfully
21:53:47 saveConfig: auto-save-60s
21:53:47 Saving config file
21:53:47 Saved config file successfully
21:53:47 saveConfig: auto-save-60s
21:53:47 Saving config file
21:53:47 Saved config file successfully
21:53:55 saveConfig: shutdown-hook
21:53:55 Saving config file
