00:25:58 §e[SkyHanni] Reloaded 7532 items in the NEU repo§r
00:26:30 §c[SkyHanni 4.0.0 1.8.9]: Could not find server id§c. Click here to copy the error into the clipboard.§r
00:26:54 §e[SkyHanni] §bYou have §353k §bmaterials in stash, §btotalling §36 types§b. §bClick to §3pickup §byour stash!§r
00:29:03 §e[SkyHanni] §bYou have §353k §bmaterials in stash, §btotalling §36 types§b. §bClick to §3pickup §byour stash!§r
00:31:34 §e[SkyHanni] §bYou have §353k §bmaterials in stash, §btotalling §36 types§b. §bClick to §3pickup §byour stash!§r
00:31:54 §e[SkyHanni] Low on arrows §e(0 left)§r
00:32:18 §e[SkyHanni] §bYou have §353k §bmaterials in stash, §btotalling §36 types§b. §bClick to §3pickup §byour stash!§r
00:37:20 §e[SkyHanni] §bYou have §353k §bmaterials in stash, §btotalling §36 types§b. §bClick to §3pickup §byour stash!§r
00:37:22 §a§lPotion Effect! §r§4Regeneration IV§r
00:37:22 §a§lPotion Effect! §r§4Strength V§r
00:37:22 §a§lPotion Effect! §r§4Critical III§r
00:37:22 §a§lPotion Effect! §r§9Speed III§r
00:37:22 §a§lPotion Effect! §r§aResistance V§r
00:37:22 §a§lPotion Effect! §r§bArchery III§r
00:40:27 §e[SkyHanni] §bYou have §353k §bmaterials in stash, §btotalling §36 types§b. §bClick to §3pickup §byour stash!§r
00:40:30 §a§lPotion Effect! §r§4Regeneration IV§r
00:40:30 §a§lPotion Effect! §r§4Strength V§r
00:40:30 §a§lPotion Effect! §r§4Critical III§r
00:40:30 §a§lPotion Effect! §r§9Speed III§r
00:40:30 §a§lPotion Effect! §r§aResistance V§r
00:40:30 §a§lPotion Effect! §r§bArchery III§r
00:42:43 §e[SkyHanni] §bYou have §353k §bmaterials in stash, §btotalling §36 types§b. §bClick to §3pickup §byour stash!§r
00:43:01 §e[SkyHanni] §bYou have §353k §bmaterials in stash, §btotalling §36 types§b. §bClick to §3pickup §byour stash!§r
00:49:02 §e[SkyHanni] §bYou have §353k §bmaterials in stash, §btotalling §36 types§b. §bClick to §3pickup §byour stash!§r
00:49:05 §e[SkyHanni] Click here to share the location of this chocolate egg with the server!§r
00:49:18 §e[SkyHanni] §bYou have §353k §bmaterials in stash, §btotalling §36 types§b. §bClick to §3pickup §byour stash!§r
00:49:18 §a§lPotion Effect! §r§4Regeneration IV§r
00:49:18 §a§lPotion Effect! §r§4Strength V§r
00:49:18 §a§lPotion Effect! §r§4Critical III§r
00:49:18 §a§lPotion Effect! §r§9Speed III§r
00:49:18 §a§lPotion Effect! §r§aResistance V§r
00:49:18 §a§lPotion Effect! §r§bArchery III§r
00:49:32 §6§lBESTIARY §r§b§lZombie Commander §7§8XII §8➡§b §bXIII§r
00:50:48 §6§lBESTIARY §r§b§lSkeleton Soldier §7§8IX §8➡§b §bX§r
00:59:41 §e[SkyHanni] §bYou have §353k §bmaterials in stash, §btotalling §36 types§b. §bClick to §3pickup §byour stash!§r
00:59:45 §a§lPotion Effect! §r§4Regeneration IV§r
00:59:45 §a§lPotion Effect! §r§4Strength V§r
00:59:45 §a§lPotion Effect! §r§4Critical III§r
00:59:45 §a§lPotion Effect! §r§9Speed III§r
00:59:45 §a§lPotion Effect! §r§aResistance V§r
00:59:45 §a§lPotion Effect! §r§bArchery III§r
01:07:20 §e[SkyHanni] §bYou have §353k §bmaterials in stash, §btotalling §36 types§b. §bClick to §3pickup §byour stash!§r
01:11:29 §e[SkyHanni] §bYou have §353k §bmaterials in stash, §btotalling §36 types§b. §bClick to §3pickup §byour stash!§r
01:11:35 §a§lPotion Effect! §r§4Regeneration IV§r
01:11:35 §a§lPotion Effect! §r§4Strength V§r
01:11:35 §a§lPotion Effect! §r§4Critical III§r
01:11:35 §a§lPotion Effect! §r§9Speed III§r
01:11:35 §a§lPotion Effect! §r§aResistance V§r
01:11:35 §a§lPotion Effect! §r§bArchery III§r
01:17:16 §a§lPotion Effect! §r§4Regeneration IV§r
01:17:16 §a§lPotion Effect! §r§4Strength V§r
01:17:16 §a§lPotion Effect! §r§4Critical III§r
01:17:16 §a§lPotion Effect! §r§9Speed III§r
01:17:16 §a§lPotion Effect! §r§aResistance V§r
01:17:16 §a§lPotion Effect! §r§bArchery III§r
01:17:26 §e[SkyHanni] §bYou have §353k §bmaterials in stash, §btotalling §36 types§b. §bClick to §3pickup §byour stash!§r
01:17:26 §a§lPotion Effect! §r§4Regeneration IV§r
01:17:26 §a§lPotion Effect! §r§4Strength V§r
01:17:26 §a§lPotion Effect! §r§4Critical III§r
01:17:26 §a§lPotion Effect! §r§9Speed III§r
01:17:26 §a§lPotion Effect! §r§aResistance V§r
01:17:26 §a§lPotion Effect! §r§bArchery III§r
01:24:37 §e[SkyHanni] §bYou have §353k §bmaterials in stash, §btotalling §36 types§b. §bClick to §3pickup §byour stash!§r
01:42:46 §e[SkyHanni] §fYou were in Limbo for §e2s§f.§r
01:43:28 §e[SkyHanni] Click here to share the location of this chocolate egg with the server!§r
01:43:33 §e[SkyHanni] Click here to share the location of this chocolate egg with the server!§r
01:43:54 §e[SkyHanni] §bYou have §353k §bmaterials in stash, §btotalling §36 types§b. §bClick to §3pickup §byour stash!§r
01:44:34 §e[SkyHanni] §bYou have §353k §bmaterials in stash, §btotalling §36 types§b. §bClick to §3pickup §byour stash!§r
01:44:38 §a§lPotion Effect! §r§4Regeneration IV§r
01:44:38 §a§lPotion Effect! §r§4Strength V§r
01:44:38 §a§lPotion Effect! §r§4Critical III§r
01:44:38 §a§lPotion Effect! §r§9Speed III§r
01:44:38 §a§lPotion Effect! §r§aResistance V§r
01:44:38 §a§lPotion Effect! §r§bArchery III§r
01:47:50 §6§lBESTIARY §r§b§lBat §7§8XI §8➡§b §bXII§r
01:53:28 §e[SkyHanni] §b+1 SkyBlock XP §7(Class Level Up§7)§b (55/100)§r
01:53:58 §e[SkyHanni] §eNext egg available in §b6m 51s§e.§r
01:54:10 §e[SkyHanni] Click here to share the location of this chocolate egg with the server!§r
01:54:29 §e[SkyHanni] §bYou have §353k §bmaterials in stash, §btotalling §36 types§b. §bClick to §3pickup §byour stash!§r
01:55:01 §e[SkyHanni] §bYou have §353k §bmaterials in stash, §btotalling §36 types§b. §bClick to §3pickup §byour stash!§r
01:55:07 §a§lPotion Effect! §r§4Regeneration IV§r
01:55:07 §a§lPotion Effect! §r§4Strength V§r
01:55:07 §a§lPotion Effect! §r§4Critical III§r
01:55:07 §a§lPotion Effect! §r§9Speed III§r
01:55:07 §a§lPotion Effect! §r§aResistance V§r
01:55:07 §a§lPotion Effect! §r§bArchery III§r
02:04:52 §e[SkyHanni] §bYou have §353k §bmaterials in stash, §btotalling §36 types§b. §bClick to §3pickup §byour stash!§r
02:05:41 §e[SkyHanni] §bYou have §353k §bmaterials in stash, §btotalling §36 types§b. §bClick to §3pickup §byour stash!§r
02:17:19 §e[SkyHanni] §bYou have §353k §bmaterials in stash, §btotalling §36 types§b. §bClick to §3pickup §byour stash!§r
02:17:39 §e[SkyHanni] §eNext egg available in §b3m 10s§e.§r
02:17:39 §e[SkyHanni] §eNext egg available in §b3m 10s§e.§r§7 (2)§r
02:20:04 §e[SkyHanni] §bYou have §353k §bmaterials in stash, §btotalling §36 types§b. §bClick to §3pickup §byour stash!§r
02:31:05 §e[SkyHanni] §bYou have §353k §bmaterials in stash, §btotalling §36 types§b. §bClick to §3pickup §byour stash!§r
02:32:33 §e[SkyHanni] §bYou have §353k §bmaterials in stash, §btotalling §36 types§b. §bClick to §3pickup §byour stash!§r
02:32:37 §a§lPotion Effect! §r§4Regeneration IV§r
02:32:37 §a§lPotion Effect! §r§4Strength V§r
02:32:37 §a§lPotion Effect! §r§4Critical III§r
02:32:37 §a§lPotion Effect! §r§9Speed III§r
02:32:37 §a§lPotion Effect! §r§aResistance V§r
02:32:37 §a§lPotion Effect! §r§bArchery III§r
02:39:10 §e[SkyHanni] §bYou have §353k §bmaterials in stash, §btotalling §36 types§b. §bClick to §3pickup §byour stash!§r
02:39:28 §e[SkyHanni] Click here to share the location of this chocolate egg with the server!§r
02:39:42 §e[SkyHanni] §bYou have §353k §bmaterials in stash, §btotalling §36 types§b. §bClick to §3pickup §byour stash!§r
02:40:32 §e[SkyHanni] Click here to share the location of this chocolate egg with the server!§r
02:40:34 §e[SkyHanni] §bYou have §353k §bmaterials in stash, §btotalling §36 types§b. §bClick to §3pickup §byour stash!§r
02:43:01 §e[SkyHanni] §bYou have §353k §bmaterials in stash, §btotalling §36 types§b. §bClick to §3pickup §byour stash!§r
02:49:50 §e[SkyHanni] §eNext egg available in §b2m 39s§e.§r
02:50:03 §e[SkyHanni] §bYou have §353k §bmaterials in stash, §btotalling §36 types§b. §bClick to §3pickup §byour stash!§r
02:50:10 §e[SkyHanni] §eNext egg available in §b2m 19s§e.§r
02:50:11 §e[SkyHanni] §eNext egg available in §b2m 18s§e.§r
02:55:55 §e[SkyHanni] §bYou have §353k §bmaterials in stash, §btotalling §36 types§b. §bClick to §3pickup §byour stash!§r
02:56:04 §a§lPotion Effect! §r§4Regeneration IV§r
02:56:04 §a§lPotion Effect! §r§4Strength V§r
02:56:04 §a§lPotion Effect! §r§4Critical III§r
02:56:04 §a§lPotion Effect! §r§9Speed III§r
02:56:04 §a§lPotion Effect! §r§aResistance V§r
02:56:04 §a§lPotion Effect! §r§bArchery III§r
02:57:30 §e[SkyHanni] §bYou have §353k §bmaterials in stash, §btotalling §36 types§b. §bClick to §3pickup §byour stash!§r
02:58:34 §e[SkyHanni] §eNext egg available in §b2m 15s§e.§r
03:00:06 §e[SkyHanni] §bYou have §353k §bmaterials in stash, §btotalling §36 types§b. §bClick to §3pickup §byour stash!§r
03:00:12 §a§lPotion Effect! §r§4Regeneration IV§r
03:00:12 §a§lPotion Effect! §r§4Strength V§r
03:00:12 §a§lPotion Effect! §r§4Critical III§r
03:00:12 §a§lPotion Effect! §r§9Speed III§r
03:00:12 §a§lPotion Effect! §r§aResistance V§r
03:00:12 §a§lPotion Effect! §r§bArchery III§r
03:13:59 §e[SkyHanni] §bYou have §353k §bmaterials in stash, §btotalling §36 types§b. §bClick to §3pickup §byour stash!§r
03:20:36 §e[SkyHanni] §bYou have §353k §bmaterials in stash, §btotalling §36 types§b. §bClick to §3pickup §byour stash!§r
03:28:38 §a§lPotion Effect! §r§4Regeneration IV§r
03:28:38 §a§lPotion Effect! §r§4Strength V§r
03:28:38 §a§lPotion Effect! §r§4Critical III§r
03:28:38 §a§lPotion Effect! §r§9Speed III§r
03:28:38 §a§lPotion Effect! §r§aResistance V§r
03:28:38 §a§lPotion Effect! §r§bArchery III§r
03:30:54 §6§lBESTIARY §r§b§lWither Guard §7§8XXII §8➡§b §bXXIII§r
03:36:30 §e[SkyHanni] §bYou have §353k §bmaterials in stash, §btotalling §36 types§b. §bClick to §3pickup §byour stash!§r
03:36:40 §e[SkyHanni] §bYou have §353k §bmaterials in stash, §btotalling §36 types§b. §bClick to §3pickup §byour stash!§r
03:36:51 §a§lPotion Effect! §r§4Regeneration IV§r
03:36:51 §a§lPotion Effect! §r§4Strength V§r
03:36:51 §a§lPotion Effect! §r§4Critical III§r
03:36:51 §a§lPotion Effect! §r§9Speed III§r
03:36:51 §a§lPotion Effect! §r§aResistance V§r
03:36:51 §a§lPotion Effect! §r§bArchery III§r
03:37:21 §e[SkyHanni] §bYou have §353k §bmaterials in stash, §btotalling §36 types§b. §bClick to §3pickup §byour stash!§r
03:37:46 §e[SkyHanni] §bYou have §353k §bmaterials in stash, §btotalling §36 types§b. §bClick to §3pickup §byour stash!§r
03:37:52 §a§lPotion Effect! §r§4Regeneration IV§r
03:37:52 §a§lPotion Effect! §r§4Strength V§r
03:37:52 §a§lPotion Effect! §r§4Critical III§r
03:37:52 §a§lPotion Effect! §r§9Speed III§r
03:37:52 §a§lPotion Effect! §r§aResistance V§r
03:37:52 §a§lPotion Effect! §r§bArchery III§r
03:40:21 §e[SkyHanni] §bYou have §353k §bmaterials in stash, §btotalling §36 types§b. §bClick to §3pickup §byour stash!§r
03:40:30 §e[SkyHanni] §bYou have §353k §bmaterials in stash, §btotalling §36 types§b. §bClick to §3pickup §byour stash!§r
03:40:40 §a§lPotion Effect! §r§4Regeneration IV§r
03:40:40 §a§lPotion Effect! §r§4Strength V§r
03:40:40 §a§lPotion Effect! §r§4Critical III§r
03:40:40 §a§lPotion Effect! §r§9Speed III§r
03:40:40 §a§lPotion Effect! §r§aResistance V§r
03:40:40 §a§lPotion Effect! §r§bArchery III§r
03:53:37 §e[SkyHanni] §bYou have §353k §bmaterials in stash, §btotalling §36 types§b. §bClick to §3pickup §byour stash!§r
03:54:17 §e[SkyHanni] Click here to share the location of this chocolate egg with the server!§r
03:55:23 §e[SkyHanni] §eNext egg available in §b5m 26s§e.§r
03:56:13 §e[SkyHanni] §bYou have §353k §bmaterials in stash, §btotalling §36 types§b. §bClick to §3pickup §byour stash!§r
03:56:15 §a§lPotion Effect! §r§4Regeneration IV§r
03:56:15 §a§lPotion Effect! §r§4Strength V§r
03:56:15 §a§lPotion Effect! §r§4Critical III§r
03:56:15 §a§lPotion Effect! §r§9Speed III§r
03:56:15 §a§lPotion Effect! §r§aResistance V§r
03:56:15 §a§lPotion Effect! §r§bArchery III§r
03:59:34 §6§lBESTIARY §r§b§lSuper Archer §7§8XVIII §8➡§b §bXIX§r
04:06:27 §e[SkyHanni] §b+1 SkyBlock XP §7(Class Level Up§7)§b (65/100)§r
04:06:48 §e[SkyHanni] §bYou have §353k §bmaterials in stash, §btotalling §36 types§b. §bClick to §3pickup §byour stash!§r
04:07:24 §e[SkyHanni] Click here to share the location of this chocolate egg with the server!§r
04:07:31 §e[SkyHanni] §eNext egg available in §b4m 58s§e.§r
04:07:37 §e[SkyHanni] §bYou have §353k §bmaterials in stash, §btotalling §36 types§b. §bClick to §3pickup §byour stash!§r
04:17:07 §e[SkyHanni] §bYou have §353k §bmaterials in stash, §btotalling §36 types§b. §bClick to §3pickup §byour stash!§r
04:27:46 §e[SkyHanni] §bYou have §353k §bmaterials in stash, §btotalling §36 types§b. §bClick to §3pickup §byour stash!§r
04:34:32 §e[SkyHanni] §bYou have §353k §bmaterials in stash, §btotalling §36 types§b. §bClick to §3pickup §byour stash!§r
04:35:28 §e[SkyHanni] §bYou have §353k §bmaterials in stash, §btotalling §36 types§b. §bClick to §3pickup §byour stash!§r
04:35:33 §a§lPotion Effect! §r§4Regeneration IV§r
04:35:33 §a§lPotion Effect! §r§4Strength V§r
04:35:33 §a§lPotion Effect! §r§4Critical III§r
04:35:33 §a§lPotion Effect! §r§9Speed III§r
04:35:33 §a§lPotion Effect! §r§aResistance V§r
04:35:33 §a§lPotion Effect! §r§bArchery III§r
04:47:59 §e[SkyHanni] §bYou have §353k §bmaterials in stash, §btotalling §36 types§b. §bClick to §3pickup §byour stash!§r
04:48:11 §e[SkyHanni] Click here to share the location of this chocolate egg with the server!§r
04:49:50 §e[SkyHanni] §bYou have §353k §bmaterials in stash, §btotalling §36 types§b. §bClick to §3pickup §byour stash!§r
04:49:52 §a§lPotion Effect! §r§4Regeneration IV§r
04:49:52 §a§lPotion Effect! §r§4Strength V§r
04:49:52 §a§lPotion Effect! §r§4Critical III§r
04:49:52 §a§lPotion Effect! §r§9Speed III§r
04:49:52 §a§lPotion Effect! §r§aResistance V§r
04:49:52 §a§lPotion Effect! §r§bArchery III§r
04:59:44 §e[SkyHanni] §bYou have §353k §bmaterials in stash, §btotalling §36 types§b. §bClick to §3pickup §byour stash!§r
05:01:44 §e[SkyHanni] §bYou have §353k §bmaterials in stash, §btotalling §36 types§b. §bClick to §3pickup §byour stash!§r
05:01:46 §a§lPotion Effect! §r§4Regeneration IV§r
05:01:46 §a§lPotion Effect! §r§4Strength V§r
05:01:46 §a§lPotion Effect! §r§4Critical III§r
05:01:46 §a§lPotion Effect! §r§9Speed III§r
05:01:46 §a§lPotion Effect! §r§aResistance V§r
05:01:46 §a§lPotion Effect! §r§bArchery III§r
05:03:32 §6§lBESTIARY §r§b§lMimic §7§8X §8➡§b §bXI§r
05:12:41 §e[SkyHanni] §bYou have §353k §bmaterials in stash, §btotalling §36 types§b. §bClick to §3pickup §byour stash!§r
05:12:49 §e[SkyHanni] §bYou have §353k §bmaterials in stash, §btotalling §36 types§b. §bClick to §3pickup §byour stash!§r
05:12:54 §a§lPotion Effect! §r§4Regeneration IV§r
05:12:54 §a§lPotion Effect! §r§4Strength V§r
05:12:54 §a§lPotion Effect! §r§4Critical III§r
05:12:54 §a§lPotion Effect! §r§9Speed III§r
05:12:54 §a§lPotion Effect! §r§aResistance V§r
05:12:54 §a§lPotion Effect! §r§bArchery III§r
05:19:19 §6§lBESTIARY §r§b§lWithermancer §7§8XVIII §8➡§b §bXIX§r
05:25:26 §e[SkyHanni] §bYou have §353k §bmaterials in stash, §btotalling §36 types§b. §bClick to §3pickup §byour stash!§r
