16:43:31 §f                                  §6§lBESTIARY
16:43:31 §f                             §b§lZealot §7§8XV §8➡§b §bXVI
16:43:31 
16:43:31 §f                                  §r§6§lREWARDS
16:43:31 §f                          §r§8+§r§a5 Zealot §r§b✯ Magic Find
16:43:31 §f                           §r§8+§r§a5 Zealot §r§c❁ Strength
16:43:31 §f                              §r§8+§r§62% §r§aZealot §r§7coins
16:43:31 §f                    §r§8+§r§a50% §r§7chance for extra XP orbs
16:43:31 §f                               §r§8+§r§b1 SkyBlock XP
16:43:31 
16:43:31 §3§l▬▬▬▬▬▬▬▬▬▬▬▬▬▬▬▬▬▬▬▬▬▬▬▬▬▬▬▬▬▬▬▬▬▬▬▬▬▬▬▬▬▬▬▬▬▬▬▬▬▬▬▬▬▬▬▬▬▬▬▬▬▬▬▬
16:45:03 §f                                  §6§lBESTIARY
16:45:03 §f                              §b§lDragon §7§8III §8➡§b §bIV
16:45:03 
16:45:03 §f                                  §r§6§lREWARDS
16:45:03 §f                         §r§8+§r§a2 Dragon §r§b✯ Magic Find
16:45:03 §f                          §r§8+§r§a2 Dragon §r§c❁ Strength
16:45:03 §f                             §r§8+§r§62% §r§aDragon §r§7coins
16:45:03 §f                    §r§8+§r§a50% §r§7chance for extra XP orbs
16:45:03 §f                               §r§8+§r§b1 SkyBlock XP
16:45:03 
16:45:03 §3§l▬▬▬▬▬▬▬▬▬▬▬▬▬▬▬▬▬▬▬▬▬▬▬▬▬▬▬▬▬▬▬▬▬▬▬▬▬▬▬▬▬▬▬▬▬▬▬▬▬▬▬▬▬▬▬▬▬▬▬▬▬▬▬▬
16:51:35 §f                                  §6§lBESTIARY
16:51:35 §f                         §b§lGolden Ghoul §7§8XI §8➡§b §bXII
16:51:35 
16:51:35 §f                                  §r§6§lREWARDS
16:51:35 §f                      §r§8+§r§a4 §r§6Golden Ghoul §r§b✯ Magic Find
16:51:35 §f                       §r§8+§r§a4 §r§6Golden Ghoul §r§c❁ Strength
16:51:35 §f                          §r§8+§r§62% §r§a§r§6Golden Ghoul §r§7coins
16:51:35 §f                    §r§8+§r§a50% §r§7chance for extra XP orbs
16:51:35 §f                               §r§8+§r§b1 SkyBlock XP
16:51:35 
16:51:35 §3§l▬▬▬▬▬▬▬▬▬▬▬▬▬▬▬▬▬▬▬▬▬▬▬▬▬▬▬▬▬▬▬▬▬▬▬▬▬▬▬▬▬▬▬▬▬▬▬▬▬▬▬▬▬▬▬▬▬▬▬▬▬▬▬▬
