16:40:07 §f                     §7You have §a2 §7items stashed away!
16:40:07 §f                §6§l>>> §6§lCLICK HERE§e to pick them up! §6§l<<<
16:40:07   
16:40:07 §f                §7You have §31,785 §7materials stashed away!
16:40:07 §f               §8(This totals 1 type of material stashed!)
16:40:07 §f                §3§l>>> §3§lCLICK HERE§b to pick them up! §3§l<<<
16:40:07   
16:41:08 §f                     §7You have §a2 §7items stashed away!
16:41:08 §f                §6§l>>> §6§lCLICK HERE§e to pick them up! §6§l<<<
16:41:08   
16:41:08 §f                §7You have §31,785 §7materials stashed away!
16:41:08 §f               §8(This totals 1 type of material stashed!)
16:41:08 §f                §3§l>>> §3§lCLICK HERE§b to pick them up! §3§l<<<
16:41:08   
16:42:11 §f                     §7You have §a2 §7items stashed away!
16:42:11 §f                §6§l>>> §6§lCLICK HERE§e to pick them up! §6§l<<<
16:42:11   
16:42:11 §f                §7You have §31,785 §7materials stashed away!
16:42:11 §f               §8(This totals 1 type of material stashed!)
16:42:11 §f                §3§l>>> §3§lCLICK HERE§b to pick them up! §3§l<<<
16:42:11   
16:43:12 §f                     §7You have §a2 §7items stashed away!
16:43:12 §f                §6§l>>> §6§lCLICK HERE§e to pick them up! §6§l<<<
16:43:12   
16:43:12 §f                §7You have §31,785 §7materials stashed away!
16:43:12 §f               §8(This totals 1 type of material stashed!)
16:43:12 §f                §3§l>>> §3§lCLICK HERE§b to pick them up! §3§l<<<
16:43:12   
16:44:13 §f                     §7You have §a2 §7items stashed away!
16:44:13 §f                §6§l>>> §6§lCLICK HERE§e to pick them up! §6§l<<<
16:44:13   
16:44:13 §f                §7You have §31,785 §7materials stashed away!
16:44:13 §f               §8(This totals 1 type of material stashed!)
16:44:13 §f                §3§l>>> §3§lCLICK HERE§b to pick them up! §3§l<<<
16:44:13   
16:45:15 §f                     §7You have §a2 §7items stashed away!
16:45:15 §f                §6§l>>> §6§lCLICK HERE§e to pick them up! §6§l<<<
16:45:15   
16:45:15 §f                §7You have §31,785 §7materials stashed away!
16:45:15 §f               §8(This totals 1 type of material stashed!)
16:45:15 §f                §3§l>>> §3§lCLICK HERE§b to pick them up! §3§l<<<
16:45:15   
16:46:32 §f                     §7You have §a2 §7items stashed away!
16:46:32 §f                §6§l>>> §6§lCLICK HERE§e to pick them up! §6§l<<<
16:46:32   
16:46:32 §f                §7You have §31,785 §7materials stashed away!
16:46:32 §f               §8(This totals 1 type of material stashed!)
16:46:32 §f                §3§l>>> §3§lCLICK HERE§b to pick them up! §3§l<<<
16:46:32   
16:47:32 §f                     §7You have §a2 §7items stashed away!
16:47:32 §f                §6§l>>> §6§lCLICK HERE§e to pick them up! §6§l<<<
16:47:32   
16:47:32 §f                §7You have §31,785 §7materials stashed away!
16:47:32 §f               §8(This totals 1 type of material stashed!)
16:47:32 §f                §3§l>>> §3§lCLICK HERE§b to pick them up! §3§l<<<
16:47:32   
16:48:32 §f                     §7You have §a2 §7items stashed away!
16:48:32 §f                §6§l>>> §6§lCLICK HERE§e to pick them up! §6§l<<<
16:48:32   
16:48:32 §f                §7You have §31,785 §7materials stashed away!
16:48:32 §f               §8(This totals 1 type of material stashed!)
16:48:32 §f                §3§l>>> §3§lCLICK HERE§b to pick them up! §3§l<<<
16:48:32   
16:49:32 §f                     §7You have §a2 §7items stashed away!
16:49:32 §f                §6§l>>> §6§lCLICK HERE§e to pick them up! §6§l<<<
16:49:32   
16:49:32 §f                §7You have §31,785 §7materials stashed away!
16:49:32 §f               §8(This totals 1 type of material stashed!)
16:49:32 §f                §3§l>>> §3§lCLICK HERE§b to pick them up! §3§l<<<
16:49:32   
16:50:32 §f                     §7You have §a2 §7items stashed away!
16:50:32 §f                §6§l>>> §6§lCLICK HERE§e to pick them up! §6§l<<<
16:50:32   
16:50:32 §f                §7You have §31,785 §7materials stashed away!
16:50:32 §f               §8(This totals 1 type of material stashed!)
16:50:32 §f                §3§l>>> §3§lCLICK HERE§b to pick them up! §3§l<<<
16:50:32   
16:51:32 §f                     §7You have §a2 §7items stashed away!
16:51:32 §f                §6§l>>> §6§lCLICK HERE§e to pick them up! §6§l<<<
16:51:32   
16:51:32 §f                §7You have §31,785 §7materials stashed away!
16:51:32 §f               §8(This totals 1 type of material stashed!)
16:51:32 §f                §3§l>>> §3§lCLICK HERE§b to pick them up! §3§l<<<
16:51:32   
16:52:33 §f                     §7You have §a2 §7items stashed away!
16:52:33 §f                §6§l>>> §6§lCLICK HERE§e to pick them up! §6§l<<<
16:52:33   
16:52:33 §f                §7You have §31,785 §7materials stashed away!
16:52:33 §f               §8(This totals 1 type of material stashed!)
16:52:33 §f                §3§l>>> §3§lCLICK HERE§b to pick them up! §3§l<<<
16:52:33   
16:53:33 §f                     §7You have §a2 §7items stashed away!
16:53:33 §f                §6§l>>> §6§lCLICK HERE§e to pick them up! §6§l<<<
16:53:33   
16:53:33 §f                §7You have §31,785 §7materials stashed away!
16:53:33 §f               §8(This totals 1 type of material stashed!)
16:53:33 §f                §3§l>>> §3§lCLICK HERE§b to pick them up! §3§l<<<
16:53:33   
16:54:33 §f                     §7You have §a2 §7items stashed away!
16:54:33 §f                §6§l>>> §6§lCLICK HERE§e to pick them up! §6§l<<<
16:54:33   
16:54:33 §f                §7You have §31,785 §7materials stashed away!
16:54:33 §f               §8(This totals 1 type of material stashed!)
16:54:33 §f                §3§l>>> §3§lCLICK HERE§b to pick them up! §3§l<<<
16:54:33   
16:55:33 §f                     §7You have §a2 §7items stashed away!
16:55:33 §f                §6§l>>> §6§lCLICK HERE§e to pick them up! §6§l<<<
16:55:33   
16:55:33 §f                §7You have §31,785 §7materials stashed away!
16:55:33 §f               §8(This totals 1 type of material stashed!)
16:55:33 §f                §3§l>>> §3§lCLICK HERE§b to pick them up! §3§l<<<
16:55:33   
16:56:33 §f                     §7You have §a2 §7items stashed away!
16:56:33 §f                §6§l>>> §6§lCLICK HERE§e to pick them up! §6§l<<<
16:56:33   
16:56:33 §f                §7You have §31,785 §7materials stashed away!
16:56:33 §f               §8(This totals 1 type of material stashed!)
16:56:33 §f                §3§l>>> §3§lCLICK HERE§b to pick them up! §3§l<<<
16:56:33   
16:58:33 §f                     §7You have §a2 §7items stashed away!
16:58:33 §f                §6§l>>> §6§lCLICK HERE§e to pick them up! §6§l<<<
16:58:33   
16:58:33 §f                §7You have §31,785 §7materials stashed away!
16:58:33 §f               §8(This totals 1 type of material stashed!)
16:58:33 §f                §3§l>>> §3§lCLICK HERE§b to pick them up! §3§l<<<
16:58:33   
16:59:33 §f                     §7You have §a2 §7items stashed away!
16:59:33 §f                §6§l>>> §6§lCLICK HERE§e to pick them up! §6§l<<<
16:59:33   
16:59:33 §f                §7You have §31,785 §7materials stashed away!
16:59:33 §f               §8(This totals 1 type of material stashed!)
16:59:33 §f                §3§l>>> §3§lCLICK HERE§b to pick them up! §3§l<<<
16:59:33   
17:00:33 §f                     §7You have §a2 §7items stashed away!
17:00:33 §f                §6§l>>> §6§lCLICK HERE§e to pick them up! §6§l<<<
17:00:33   
17:00:33 §f                §7You have §31,785 §7materials stashed away!
17:00:33 §f               §8(This totals 1 type of material stashed!)
17:00:33 §f                §3§l>>> §3§lCLICK HERE§b to pick them up! §3§l<<<
17:00:33   
17:01:33 §f                     §7You have §a2 §7items stashed away!
17:01:33 §f                §6§l>>> §6§lCLICK HERE§e to pick them up! §6§l<<<
17:01:33   
17:01:33 §f                §7You have §31,785 §7materials stashed away!
17:01:33 §f               §8(This totals 1 type of material stashed!)
17:01:33 §f                §3§l>>> §3§lCLICK HERE§b to pick them up! §3§l<<<
17:01:33   
17:02:33 §f                     §7You have §a2 §7items stashed away!
17:02:33 §f                §6§l>>> §6§lCLICK HERE§e to pick them up! §6§l<<<
17:02:33   
17:02:33 §f                §7You have §31,785 §7materials stashed away!
17:02:33 §f               §8(This totals 1 type of material stashed!)
17:02:33 §f                §3§l>>> §3§lCLICK HERE§b to pick them up! §3§l<<<
17:02:33   
17:03:33 §f                     §7You have §a2 §7items stashed away!
17:03:33 §f                §6§l>>> §6§lCLICK HERE§e to pick them up! §6§l<<<
17:03:33   
17:03:33 §f                §7You have §31,785 §7materials stashed away!
17:03:33 §f               §8(This totals 1 type of material stashed!)
17:03:33 §f                §3§l>>> §3§lCLICK HERE§b to pick them up! §3§l<<<
17:03:33   
17:04:33 §f                     §7You have §a2 §7items stashed away!
17:04:33 §f                §6§l>>> §6§lCLICK HERE§e to pick them up! §6§l<<<
17:04:33   
17:04:33 §f                §7You have §31,785 §7materials stashed away!
17:04:33 §f               §8(This totals 1 type of material stashed!)
17:04:33 §f                §3§l>>> §3§lCLICK HERE§b to pick them up! §3§l<<<
17:04:33   
17:05:33 §f                     §7You have §a2 §7items stashed away!
17:05:33 §f                §6§l>>> §6§lCLICK HERE§e to pick them up! §6§l<<<
17:05:33   
17:05:33 §f                §7You have §31,785 §7materials stashed away!
17:05:33 §f               §8(This totals 1 type of material stashed!)
17:05:33 §f                §3§l>>> §3§lCLICK HERE§b to pick them up! §3§l<<<
17:05:33   
17:06:33 §f                     §7You have §a2 §7items stashed away!
17:06:33 §f                §6§l>>> §6§lCLICK HERE§e to pick them up! §6§l<<<
17:06:33   
17:06:33 §f                §7You have §31,785 §7materials stashed away!
17:06:33 §f               §8(This totals 1 type of material stashed!)
17:06:33 §f                §3§l>>> §3§lCLICK HERE§b to pick them up! §3§l<<<
17:06:33   
17:07:34 §f                     §7You have §a2 §7items stashed away!
17:07:34 §f                §6§l>>> §6§lCLICK HERE§e to pick them up! §6§l<<<
17:07:34   
17:07:34 §f                §7You have §31,785 §7materials stashed away!
17:07:34 §f               §8(This totals 1 type of material stashed!)
17:07:34 §f                §3§l>>> §3§lCLICK HERE§b to pick them up! §3§l<<<
17:07:34   
17:08:34 §f                     §7You have §a2 §7items stashed away!
17:08:34 §f                §6§l>>> §6§lCLICK HERE§e to pick them up! §6§l<<<
17:08:34   
17:08:34 §f                §7You have §31,785 §7materials stashed away!
17:08:34 §f               §8(This totals 1 type of material stashed!)
17:08:34 §f                §3§l>>> §3§lCLICK HERE§b to pick them up! §3§l<<<
17:08:34   
17:09:34 §f                     §7You have §a2 §7items stashed away!
17:09:34 §f                §6§l>>> §6§lCLICK HERE§e to pick them up! §6§l<<<
17:09:34   
17:09:34 §f                §7You have §31,785 §7materials stashed away!
17:09:34 §f               §8(This totals 1 type of material stashed!)
17:09:34 §f                §3§l>>> §3§lCLICK HERE§b to pick them up! §3§l<<<
17:09:34   
17:10:34 §f                     §7You have §a2 §7items stashed away!
17:10:34 §f                §6§l>>> §6§lCLICK HERE§e to pick them up! §6§l<<<
17:10:34   
17:10:34 §f                §7You have §31,785 §7materials stashed away!
17:10:34 §f               §8(This totals 1 type of material stashed!)
17:10:34 §f                §3§l>>> §3§lCLICK HERE§b to pick them up! §3§l<<<
17:10:34   
17:11:34 §f                     §7You have §a2 §7items stashed away!
17:11:34 §f                §6§l>>> §6§lCLICK HERE§e to pick them up! §6§l<<<
17:11:34   
17:11:34 §f                §7You have §31,785 §7materials stashed away!
17:11:34 §f               §8(This totals 1 type of material stashed!)
17:11:34 §f                §3§l>>> §3§lCLICK HERE§b to pick them up! §3§l<<<
17:11:34   
17:12:34 §f                     §7You have §a2 §7items stashed away!
17:12:34 §f                §6§l>>> §6§lCLICK HERE§e to pick them up! §6§l<<<
17:12:34   
17:12:34 §f                §7You have §31,785 §7materials stashed away!
17:12:34 §f               §8(This totals 1 type of material stashed!)
17:12:34 §f                §3§l>>> §3§lCLICK HERE§b to pick them up! §3§l<<<
17:12:34   
17:13:34 §f                     §7You have §a2 §7items stashed away!
17:13:34 §f                §6§l>>> §6§lCLICK HERE§e to pick them up! §6§l<<<
17:13:34   
17:13:34 §f                §7You have §31,785 §7materials stashed away!
17:13:34 §f               §8(This totals 1 type of material stashed!)
17:13:34 §f                §3§l>>> §3§lCLICK HERE§b to pick them up! §3§l<<<
17:13:34   
17:14:34 §f                     §7You have §a2 §7items stashed away!
17:14:34 §f                §6§l>>> §6§lCLICK HERE§e to pick them up! §6§l<<<
17:14:34   
17:14:34 §f                §7You have §31,785 §7materials stashed away!
17:14:34 §f               §8(This totals 1 type of material stashed!)
17:14:34 §f                §3§l>>> §3§lCLICK HERE§b to pick them up! §3§l<<<
17:14:34   
17:15:34 §f                     §7You have §a2 §7items stashed away!
17:15:34 §f                §6§l>>> §6§lCLICK HERE§e to pick them up! §6§l<<<
17:15:34   
17:15:34 §f                §7You have §31,785 §7materials stashed away!
17:15:34 §f               §8(This totals 1 type of material stashed!)
17:15:34 §f                §3§l>>> §3§lCLICK HERE§b to pick them up! §3§l<<<
17:15:34   
17:16:34 §f                     §7You have §a2 §7items stashed away!
17:16:34 §f                §6§l>>> §6§lCLICK HERE§e to pick them up! §6§l<<<
17:16:34   
17:16:34 §f                §7You have §31,785 §7materials stashed away!
17:16:34 §f               §8(This totals 1 type of material stashed!)
17:16:34 §f                §3§l>>> §3§lCLICK HERE§b to pick them up! §3§l<<<
17:16:34   
17:17:34 §f                     §7You have §a2 §7items stashed away!
17:17:34 §f                §6§l>>> §6§lCLICK HERE§e to pick them up! §6§l<<<
17:17:34   
17:17:34 §f                §7You have §31,785 §7materials stashed away!
17:17:34 §f               §8(This totals 1 type of material stashed!)
17:17:34 §f                §3§l>>> §3§lCLICK HERE§b to pick them up! §3§l<<<
17:17:34   
17:18:34 §f                     §7You have §a2 §7items stashed away!
17:18:34 §f                §6§l>>> §6§lCLICK HERE§e to pick them up! §6§l<<<
17:18:34   
17:18:34 §f                §7You have §31,785 §7materials stashed away!
17:18:34 §f               §8(This totals 1 type of material stashed!)
17:18:34 §f                §3§l>>> §3§lCLICK HERE§b to pick them up! §3§l<<<
17:18:34   
17:19:34 §f                     §7You have §a2 §7items stashed away!
17:19:34 §f                §6§l>>> §6§lCLICK HERE§e to pick them up! §6§l<<<
17:19:34   
17:19:34 §f                §7You have §31,785 §7materials stashed away!
17:19:34 §f               §8(This totals 1 type of material stashed!)
17:19:34 §f                §3§l>>> §3§lCLICK HERE§b to pick them up! §3§l<<<
17:19:34   
17:20:34 §f                     §7You have §a2 §7items stashed away!
17:20:34 §f                §6§l>>> §6§lCLICK HERE§e to pick them up! §6§l<<<
17:20:34   
17:20:34 §f                §7You have §31,785 §7materials stashed away!
17:20:34 §f               §8(This totals 1 type of material stashed!)
17:20:34 §f                §3§l>>> §3§lCLICK HERE§b to pick them up! §3§l<<<
17:20:34   
17:21:34 §f                     §7You have §a2 §7items stashed away!
17:21:34 §f                §6§l>>> §6§lCLICK HERE§e to pick them up! §6§l<<<
17:21:34   
17:21:34 §f                §7You have §31,785 §7materials stashed away!
17:21:34 §f               §8(This totals 1 type of material stashed!)
17:21:34 §f                §3§l>>> §3§lCLICK HERE§b to pick them up! §3§l<<<
17:21:34   
17:22:34 §f                     §7You have §a2 §7items stashed away!
17:22:34 §f                §6§l>>> §6§lCLICK HERE§e to pick them up! §6§l<<<
17:22:34   
17:22:34 §f                §7You have §31,785 §7materials stashed away!
17:22:34 §f               §8(This totals 1 type of material stashed!)
17:22:34 §f                §3§l>>> §3§lCLICK HERE§b to pick them up! §3§l<<<
17:22:34   
17:23:34 §f                     §7You have §a2 §7items stashed away!
17:23:34 §f                §6§l>>> §6§lCLICK HERE§e to pick them up! §6§l<<<
17:23:34   
17:23:34 §f                §7You have §31,785 §7materials stashed away!
17:23:34 §f               §8(This totals 1 type of material stashed!)
17:23:34 §f                §3§l>>> §3§lCLICK HERE§b to pick them up! §3§l<<<
17:23:34   
17:24:34 §f                     §7You have §a2 §7items stashed away!
17:24:34 §f                §6§l>>> §6§lCLICK HERE§e to pick them up! §6§l<<<
17:24:34   
17:24:34 §f                §7You have §31,785 §7materials stashed away!
17:24:34 §f               §8(This totals 1 type of material stashed!)
17:24:34 §f                §3§l>>> §3§lCLICK HERE§b to pick them up! §3§l<<<
17:24:34   
17:25:34 §f                     §7You have §a2 §7items stashed away!
17:25:34 §f                §6§l>>> §6§lCLICK HERE§e to pick them up! §6§l<<<
17:25:34   
17:25:34 §f                §7You have §31,785 §7materials stashed away!
17:25:34 §f               §8(This totals 1 type of material stashed!)
17:25:34 §f                §3§l>>> §3§lCLICK HERE§b to pick them up! §3§l<<<
17:25:34   
17:26:34 §f                     §7You have §a2 §7items stashed away!
17:26:34 §f                §6§l>>> §6§lCLICK HERE§e to pick them up! §6§l<<<
17:26:34   
17:26:34 §f                §7You have §31,785 §7materials stashed away!
17:26:34 §f               §8(This totals 1 type of material stashed!)
17:26:34 §f                §3§l>>> §3§lCLICK HERE§b to pick them up! §3§l<<<
17:26:34   
17:27:34 §f                     §7You have §a2 §7items stashed away!
17:27:34 §f                §6§l>>> §6§lCLICK HERE§e to pick them up! §6§l<<<
17:27:34   
17:27:34 §f                §7You have §31,785 §7materials stashed away!
17:27:34 §f               §8(This totals 1 type of material stashed!)
17:27:34 §f                §3§l>>> §3§lCLICK HERE§b to pick them up! §3§l<<<
17:27:34   
17:28:34 §f                     §7You have §a2 §7items stashed away!
17:28:34 §f                §6§l>>> §6§lCLICK HERE§e to pick them up! §6§l<<<
17:28:34   
17:28:34 §f                §7You have §31,785 §7materials stashed away!
17:28:34 §f               §8(This totals 1 type of material stashed!)
17:28:34 §f                §3§l>>> §3§lCLICK HERE§b to pick them up! §3§l<<<
17:28:34   
17:29:34 §f                     §7You have §a2 §7items stashed away!
17:29:34 §f                §6§l>>> §6§lCLICK HERE§e to pick them up! §6§l<<<
17:29:34   
17:29:34 §f                §7You have §31,785 §7materials stashed away!
17:29:34 §f               §8(This totals 1 type of material stashed!)
17:29:34 §f                §3§l>>> §3§lCLICK HERE§b to pick them up! §3§l<<<
17:29:34   
17:30:34 §f                     §7You have §a2 §7items stashed away!
17:30:34 §f                §6§l>>> §6§lCLICK HERE§e to pick them up! §6§l<<<
17:30:34   
17:30:34 §f                §7You have §31,785 §7materials stashed away!
17:30:34 §f               §8(This totals 1 type of material stashed!)
17:30:34 §f                §3§l>>> §3§lCLICK HERE§b to pick them up! §3§l<<<
17:30:34   
17:31:34 §f                     §7You have §a2 §7items stashed away!
17:31:34 §f                §6§l>>> §6§lCLICK HERE§e to pick them up! §6§l<<<
17:31:34   
17:31:34 §f                §7You have §31,785 §7materials stashed away!
17:31:34 §f               §8(This totals 1 type of material stashed!)
17:31:34 §f                §3§l>>> §3§lCLICK HERE§b to pick them up! §3§l<<<
17:31:34   
17:32:34 §f                     §7You have §a2 §7items stashed away!
17:32:34 §f                §6§l>>> §6§lCLICK HERE§e to pick them up! §6§l<<<
17:32:34   
17:32:34 §f                §7You have §31,785 §7materials stashed away!
17:32:34 §f               §8(This totals 1 type of material stashed!)
17:32:34 §f                §3§l>>> §3§lCLICK HERE§b to pick them up! §3§l<<<
17:32:34   
17:33:34 §f                     §7You have §a2 §7items stashed away!
17:33:34 §f                §6§l>>> §6§lCLICK HERE§e to pick them up! §6§l<<<
17:33:34   
17:33:34 §f                §7You have §31,785 §7materials stashed away!
17:33:34 §f               §8(This totals 1 type of material stashed!)
17:33:34 §f                §3§l>>> §3§lCLICK HERE§b to pick them up! §3§l<<<
17:33:34   
17:34:34 §f                     §7You have §a2 §7items stashed away!
17:34:34 §f                §6§l>>> §6§lCLICK HERE§e to pick them up! §6§l<<<
17:34:34   
17:34:34 §f                §7You have §31,785 §7materials stashed away!
17:34:34 §f               §8(This totals 1 type of material stashed!)
17:34:34 §f                §3§l>>> §3§lCLICK HERE§b to pick them up! §3§l<<<
17:34:34   
17:35:35 §f                     §7You have §a2 §7items stashed away!
17:35:35 §f                §6§l>>> §6§lCLICK HERE§e to pick them up! §6§l<<<
17:35:35   
17:35:35 §f                §7You have §31,785 §7materials stashed away!
17:35:35 §f               §8(This totals 1 type of material stashed!)
17:35:35 §f                §3§l>>> §3§lCLICK HERE§b to pick them up! §3§l<<<
17:35:35   
17:36:35 §f                     §7You have §a2 §7items stashed away!
17:36:35 §f                §6§l>>> §6§lCLICK HERE§e to pick them up! §6§l<<<
17:36:35   
17:36:35 §f                §7You have §31,785 §7materials stashed away!
17:36:35 §f               §8(This totals 1 type of material stashed!)
17:36:35 §f                §3§l>>> §3§lCLICK HERE§b to pick them up! §3§l<<<
17:36:35   
17:37:35 §f                     §7You have §a2 §7items stashed away!
17:37:35 §f                §6§l>>> §6§lCLICK HERE§e to pick them up! §6§l<<<
17:37:35   
17:37:35 §f                §7You have §31,785 §7materials stashed away!
17:37:35 §f               §8(This totals 1 type of material stashed!)
17:37:35 §f                §3§l>>> §3§lCLICK HERE§b to pick them up! §3§l<<<
17:37:35   
17:38:35 §f                     §7You have §a2 §7items stashed away!
17:38:35 §f                §6§l>>> §6§lCLICK HERE§e to pick them up! §6§l<<<
17:38:35   
17:38:35 §f                §7You have §31,785 §7materials stashed away!
17:38:35 §f               §8(This totals 1 type of material stashed!)
17:38:35 §f                §3§l>>> §3§lCLICK HERE§b to pick them up! §3§l<<<
17:38:35   
17:39:35 §f                     §7You have §a2 §7items stashed away!
17:39:35 §f                §6§l>>> §6§lCLICK HERE§e to pick them up! §6§l<<<
17:39:35   
17:39:35 §f                §7You have §31,785 §7materials stashed away!
17:39:35 §f               §8(This totals 1 type of material stashed!)
17:39:35 §f                §3§l>>> §3§lCLICK HERE§b to pick them up! §3§l<<<
17:39:35   
17:40:35 §f                     §7You have §a2 §7items stashed away!
17:40:35 §f                §6§l>>> §6§lCLICK HERE§e to pick them up! §6§l<<<
17:40:35   
17:40:35 §f                §7You have §31,785 §7materials stashed away!
17:40:35 §f               §8(This totals 1 type of material stashed!)
17:40:35 §f                §3§l>>> §3§lCLICK HERE§b to pick them up! §3§l<<<
17:40:35   
17:41:35 §f                     §7You have §a2 §7items stashed away!
17:41:35 §f                §6§l>>> §6§lCLICK HERE§e to pick them up! §6§l<<<
17:41:35   
17:41:35 §f                §7You have §31,785 §7materials stashed away!
17:41:35 §f               §8(This totals 1 type of material stashed!)
17:41:35 §f                §3§l>>> §3§lCLICK HERE§b to pick them up! §3§l<<<
17:41:35   
17:45:35 §f                     §7You have §a2 §7items stashed away!
17:45:35 §f                §6§l>>> §6§lCLICK HERE§e to pick them up! §6§l<<<
17:45:35   
17:45:35 §f                §7You have §31,785 §7materials stashed away!
17:45:35 §f               §8(This totals 1 type of material stashed!)
17:45:35 §f                §3§l>>> §3§lCLICK HERE§b to pick them up! §3§l<<<
17:45:35   
17:46:35 §f                     §7You have §a2 §7items stashed away!
17:46:35 §f                §6§l>>> §6§lCLICK HERE§e to pick them up! §6§l<<<
17:46:35   
17:46:35 §f                §7You have §31,785 §7materials stashed away!
17:46:35 §f               §8(This totals 1 type of material stashed!)
17:46:35 §f                §3§l>>> §3§lCLICK HERE§b to pick them up! §3§l<<<
17:46:35   
