22:21:50 §f                                  §6§lBESTIARY
22:21:50 §f                       §b§lWithermancer §7§8XVI §8➡§b §bXVII
22:21:50 
22:21:50 §f                                  §r§6§lREWARDS
22:21:50 §f                      §r§8+§r§a5 Withermancer §r§b✯ Magic Find
22:21:50 §f                      §r§8+§r§a5 Withermancer §r§c❁ Strength
22:21:50 §f                          §r§8+§r§62% §r§aWithermancer §r§7coins
22:21:50 §f                    §r§8+§r§a50% §r§7chance for extra XP orbs
22:21:50 §f                               §r§8+§r§b1 SkyBlock XP
22:21:50 
22:21:50 §3§l▬▬▬▬▬▬▬▬▬▬▬▬▬▬▬▬▬▬▬▬▬▬▬▬▬▬▬▬▬▬▬▬▬▬▬▬▬▬▬▬▬▬▬▬▬▬▬▬▬▬▬▬▬▬▬▬▬▬▬▬▬▬▬▬
23:51:56 §f                                  §6§lBESTIARY
23:51:56 §f                             §b§lZealot §7§8XII §8➡§b §bXIII
23:51:56 
23:51:56 §f                                  §r§6§lREWARDS
23:51:56 §f                          §r§8+§r§a4 Zealot §r§b✯ Magic Find
23:51:56 §f                           §r§8+§r§a4 Zealot §r§c❁ Strength
23:51:56 §f                              §r§8+§r§62% §r§aZealot §r§7coins
23:51:56 §f                    §r§8+§r§a50% §r§7chance for extra XP orbs
23:51:56 §f                               §r§8+§r§b1 SkyBlock XP
23:51:56 
23:51:56 §3§l▬▬▬▬▬▬▬▬▬▬▬▬▬▬▬▬▬▬▬▬▬▬▬▬▬▬▬▬▬▬▬▬▬▬▬▬▬▬▬▬▬▬▬▬▬▬▬▬▬▬▬▬▬▬▬▬▬▬▬▬▬▬▬▬
00:36:46 §f                                  §6§lBESTIARY
00:36:46 §f                        §b§lWither Miner §7§8XXI §8➡§b §bXXII
00:36:46 
00:36:46 §f                                  §r§6§lREWARDS
00:36:46 §f                      §r§8+§r§a6 Wither Miner §r§b✯ Magic Find
00:36:46 §f                       §r§8+§r§a6 Wither Miner §r§c❁ Strength
00:36:46 §f                          §r§8+§r§62% §r§aWither Miner §r§7coins
00:36:46 §f                    §r§8+§r§a50% §r§7chance for extra XP orbs
00:36:46 §f                               §r§8+§r§b1 SkyBlock XP
00:36:46 
00:36:46 §3§l▬▬▬▬▬▬▬▬▬▬▬▬▬▬▬▬▬▬▬▬▬▬▬▬▬▬▬▬▬▬▬▬▬▬▬▬▬▬▬▬▬▬▬▬▬▬▬▬▬▬▬▬▬▬▬▬▬▬▬▬▬▬▬▬
01:39:47 §f                                  §6§lBESTIARY
01:39:47 §f                       §b§lSplitter Spider §7§8VIII §8➡§b §bIX
01:39:47 
01:39:47 §f                                  §r§6§lREWARDS
01:39:47 §f                     §r§8+§r§a3 Splitter Spider §r§b✯ Magic Find
01:39:47 §f                      §r§8+§r§a3 Splitter Spider §r§c❁ Strength
01:39:47 §f                         §r§8+§r§62% §r§aSplitter Spider §r§7coins
01:39:47 §f                    §r§8+§r§a50% §r§7chance for extra XP orbs
01:39:47 §f                               §r§8+§r§b1 SkyBlock XP
01:39:47 
01:39:47   §r§f                         §6§lBESTIARY MILESTONE
01:39:47   §r§f                                §8LXXXI➡§eLXXXII
01:39:47 
01:39:47 §3§l▬▬▬▬▬▬▬▬▬▬▬▬▬▬▬▬▬▬▬▬▬▬▬▬▬▬▬▬▬▬▬▬▬▬▬▬▬▬▬▬▬▬▬▬▬▬▬▬▬▬▬▬▬▬▬▬▬▬▬▬▬▬▬▬
01:53:36 §f                                  §6§lBESTIARY
01:53:36 §f                       §b§lVoracious Spider §7§8IX §8➡§b §bX
01:53:36 
01:53:36 §f                                  §r§6§lREWARDS
01:53:36 §f                   §r§8+§r§a3 Voracious Spider §r§b✯ Magic Find
01:53:36 §f                    §r§8+§r§a3 Voracious Spider §r§c❁ Strength
01:53:36 §f                       §r§8+§r§62% §r§aVoracious Spider §r§7coins
01:53:36 §f                    §r§8+§r§a50% §r§7chance for extra XP orbs
01:53:36 §f                               §r§8+§r§b1 SkyBlock XP
01:53:36 
01:53:36 §3§l▬▬▬▬▬▬▬▬▬▬▬▬▬▬▬▬▬▬▬▬▬▬▬▬▬▬▬▬▬▬▬▬▬▬▬▬▬▬▬▬▬▬▬▬▬▬▬▬▬▬▬▬▬▬▬▬▬▬▬▬▬▬▬▬
02:10:27 §f                                  §6§lBESTIARY
02:10:27 §f                       §b§lArachne's Brood §7§8IV §8➡§b §bV
02:10:27 
02:10:27 §f                                  §r§6§lREWARDS
02:10:27 §f                   §r§8+§r§a2 Arachne's Brood §r§b✯ Magic Find
02:10:27 §f                    §r§8+§r§a2 Arachne's Brood §r§c❁ Strength
02:10:27 §f                       §r§8+§r§62% §r§aArachne's Brood §r§7coins
02:10:27 §f                    §r§8+§r§a50% §r§7chance for extra XP orbs
02:10:27 §f                               §r§8+§r§b1 SkyBlock XP
02:10:27 
02:10:27 §3§l▬▬▬▬▬▬▬▬▬▬▬▬▬▬▬▬▬▬▬▬▬▬▬▬▬▬▬▬▬▬▬▬▬▬▬▬▬▬▬▬▬▬▬▬▬▬▬▬▬▬▬▬▬▬▬▬▬▬▬▬▬▬▬▬
02:10:35 §f                                  §6§lBESTIARY
02:10:35 §f                              §b§lArachne §7§8I §8➡§b §bII
02:10:35 
02:10:35 §f                                  §r§6§lREWARDS
02:10:35 §f                         §r§8+§r§a2 Arachne §r§b✯ Magic Find
02:10:35 §f                         §r§8+§r§a2 Arachne §r§c❁ Strength
02:10:35 §f                             §r§8+§r§62% §r§aArachne §r§7coins
02:10:35 §f                    §r§8+§r§a50% §r§7chance for extra XP orbs
02:10:35 §f                               §r§8+§r§b1 SkyBlock XP
02:10:35 
02:10:35 §3§l▬▬▬▬▬▬▬▬▬▬▬▬▬▬▬▬▬▬▬▬▬▬▬▬▬▬▬▬▬▬▬▬▬▬▬▬▬▬▬▬▬▬▬▬▬▬▬▬▬▬▬▬▬▬▬▬▬▬▬▬▬▬▬▬
02:11:25 §f                                  §6§lBESTIARY
02:11:25 §f                       §b§lArachne's Brood §7§8V §8➡§b §bVI
02:11:25 
02:11:25 §f                                  §r§6§lREWARDS
02:11:25 §f                   §r§8+§r§a3 Arachne's Brood §r§b✯ Magic Find
02:11:25 §f                    §r§8+§r§a3 Arachne's Brood §r§c❁ Strength
02:11:25 §f                       §r§8+§r§62% §r§aArachne's Brood §r§7coins
02:11:25 §f                    §r§8+§r§a50% §r§7chance for extra XP orbs
02:11:25 §f                               §r§8+§r§b1 SkyBlock XP
02:11:25 
02:11:25 §3§l▬▬▬▬▬▬▬▬▬▬▬▬▬▬▬▬▬▬▬▬▬▬▬▬▬▬▬▬▬▬▬▬▬▬▬▬▬▬▬▬▬▬▬▬▬▬▬▬▬▬▬▬▬▬▬▬▬▬▬▬▬▬▬▬
02:12:04 §f                                  §6§lBESTIARY
02:12:04 §f                             §b§lArachne §7§8II §8➡§b §bIII
02:12:04 
02:12:04 §f                                  §r§6§lREWARDS
02:12:04 §f                         §r§8+§r§a2 Arachne §r§b✯ Magic Find
02:12:04 §f                         §r§8+§r§a2 Arachne §r§c❁ Strength
02:12:04 §f                             §r§8+§r§62% §r§aArachne §r§7coins
02:12:04 §f                    §r§8+§r§a50% §r§7chance for extra XP orbs
02:12:04 §f                               §r§8+§r§b1 SkyBlock XP
02:12:04 
02:12:04 §3§l▬▬▬▬▬▬▬▬▬▬▬▬▬▬▬▬▬▬▬▬▬▬▬▬▬▬▬▬▬▬▬▬▬▬▬▬▬▬▬▬▬▬▬▬▬▬▬▬▬▬▬▬▬▬▬▬▬▬▬▬▬▬▬▬
02:12:38 §f                                  §6§lBESTIARY
02:12:38 §f                      §b§lArachne's Brood §7§8VI §8➡§b §bVII
02:12:38 
02:12:38 §f                                  §r§6§lREWARDS
02:12:38 §f                   §r§8+§r§a3 Arachne's Brood §r§b✯ Magic Find
02:12:38 §f                    §r§8+§r§a3 Arachne's Brood §r§c❁ Strength
02:12:38 §f                       §r§8+§r§62% §r§aArachne's Brood §r§7coins
02:12:38 §f                    §r§8+§r§a50% §r§7chance for extra XP orbs
02:12:38 §f                               §r§8+§r§b1 SkyBlock XP
02:12:38 
02:12:38 §3§l▬▬▬▬▬▬▬▬▬▬▬▬▬▬▬▬▬▬▬▬▬▬▬▬▬▬▬▬▬▬▬▬▬▬▬▬▬▬▬▬▬▬▬▬▬▬▬▬▬▬▬▬▬▬▬▬▬▬▬▬▬▬▬▬
02:12:46 §f                                  §6§lBESTIARY
02:12:46 §f                     §b§lArachne's Brood §7§8VII §8➡§b §bVIII
02:12:46 
02:12:46 §f                                  §r§6§lREWARDS
02:12:46 §f                   §r§8+§r§a3 Arachne's Brood §r§b✯ Magic Find
02:12:46 §f                    §r§8+§r§a3 Arachne's Brood §r§c❁ Strength
02:12:46 §f                       §r§8+§r§62% §r§aArachne's Brood §r§7coins
02:12:46 §f                    §r§8+§r§a50% §r§7chance for extra XP orbs
02:12:46 §f                               §r§8+§r§b1 SkyBlock XP
02:12:46 
02:12:46 §3§l▬▬▬▬▬▬▬▬▬▬▬▬▬▬▬▬▬▬▬▬▬▬▬▬▬▬▬▬▬▬▬▬▬▬▬▬▬▬▬▬▬▬▬▬▬▬▬▬▬▬▬▬▬▬▬▬▬▬▬▬▬▬▬▬
02:13:00 §f                                  §6§lBESTIARY
02:13:00 §f                      §b§lArachne's Keeper §7§8V §8➡§b §bVI
02:13:00 
02:13:00 §f                                  §r§6§lREWARDS
02:13:00 §f                   §r§8+§r§a3 Arachne's Keeper §r§b✯ Magic Find
02:13:00 §f                   §r§8+§r§a3 Arachne's Keeper §r§c❁ Strength
02:13:00 §f                       §r§8+§r§62% §r§aArachne's Keeper §r§7coins
02:13:00 §f                    §r§8+§r§a50% §r§7chance for extra XP orbs
02:13:00 §f                               §r§8+§r§b1 SkyBlock XP
02:13:00 
02:13:00 §3§l▬▬▬▬▬▬▬▬▬▬▬▬▬▬▬▬▬▬▬▬▬▬▬▬▬▬▬▬▬▬▬▬▬▬▬▬▬▬▬▬▬▬▬▬▬▬▬▬▬▬▬▬▬▬▬▬▬▬▬▬▬▬▬▬
02:13:33 §f                                  §6§lBESTIARY
02:13:33 §f                      §b§lArachne's Brood §7§8VIII §8➡§b §bIX
02:13:33 
02:13:33 §f                                  §r§6§lREWARDS
02:13:33 §f                   §r§8+§r§a3 Arachne's Brood §r§b✯ Magic Find
02:13:33 §f                    §r§8+§r§a3 Arachne's Brood §r§c❁ Strength
02:13:33 §f                       §r§8+§r§62% §r§aArachne's Brood §r§7coins
02:13:33 §f                    §r§8+§r§a50% §r§7chance for extra XP orbs
02:13:33 §f                               §r§8+§r§b1 SkyBlock XP
02:13:33 
02:13:33 §3§l▬▬▬▬▬▬▬▬▬▬▬▬▬▬▬▬▬▬▬▬▬▬▬▬▬▬▬▬▬▬▬▬▬▬▬▬▬▬▬▬▬▬▬▬▬▬▬▬▬▬▬▬▬▬▬▬▬▬▬▬▬▬▬▬
02:13:44 §f                                  §6§lBESTIARY
02:13:44 §f                             §b§lArachne §7§8III §8➡§b §bIV
02:13:44 
02:13:44 §f                                  §r§6§lREWARDS
02:13:44 §f                         §r§8+§r§a2 Arachne §r§b✯ Magic Find
02:13:44 §f                         §r§8+§r§a2 Arachne §r§c❁ Strength
02:13:44 §f                             §r§8+§r§62% §r§aArachne §r§7coins
02:13:44 §f                    §r§8+§r§a50% §r§7chance for extra XP orbs
02:13:44 §f                               §r§8+§r§b1 SkyBlock XP
02:13:44 
02:13:44   §r§f                         §6§lBESTIARY MILESTONE
02:13:44   §r§f                               §8LXXXII➡§eLXXXIII
02:13:44 
02:13:44 §3§l▬▬▬▬▬▬▬▬▬▬▬▬▬▬▬▬▬▬▬▬▬▬▬▬▬▬▬▬▬▬▬▬▬▬▬▬▬▬▬▬▬▬▬▬▬▬▬▬▬▬▬▬▬▬▬▬▬▬▬▬▬▬▬▬
02:15:35 §f                                  §6§lBESTIARY
02:15:35 §f                             §b§lArachne §7§8IV §8➡§b §bV
02:15:35 
02:15:35 §f                                  §r§6§lREWARDS
02:15:35 §f                         §r§8+§r§a2 Arachne §r§b✯ Magic Find
02:15:35 §f                         §r§8+§r§a2 Arachne §r§c❁ Strength
02:15:35 §f                             §r§8+§r§62% §r§aArachne §r§7coins
02:15:35 §f                    §r§8+§r§a50% §r§7chance for extra XP orbs
02:15:35 §f                               §r§8+§r§b1 SkyBlock XP
02:15:35 
02:15:35 §3§l▬▬▬▬▬▬▬▬▬▬▬▬▬▬▬▬▬▬▬▬▬▬▬▬▬▬▬▬▬▬▬▬▬▬▬▬▬▬▬▬▬▬▬▬▬▬▬▬▬▬▬▬▬▬▬▬▬▬▬▬▬▬▬▬
02:16:14 §f                                  §6§lBESTIARY
02:16:14 §f                       §b§lArachne's Brood §7§8IX §8➡§b §bX
02:16:14 
02:16:14 §f                                  §r§6§lREWARDS
02:16:14 §f                   §r§8+§r§a3 Arachne's Brood §r§b✯ Magic Find
02:16:14 §f                    §r§8+§r§a3 Arachne's Brood §r§c❁ Strength
02:16:14 §f                       §r§8+§r§62% §r§aArachne's Brood §r§7coins
02:16:14 §f                    §r§8+§r§a50% §r§7chance for extra XP orbs
02:16:14 §f                               §r§8+§r§b1 SkyBlock XP
02:16:14 
02:16:14 §3§l▬▬▬▬▬▬▬▬▬▬▬▬▬▬▬▬▬▬▬▬▬▬▬▬▬▬▬▬▬▬▬▬▬▬▬▬▬▬▬▬▬▬▬▬▬▬▬▬▬▬▬▬▬▬▬▬▬▬▬▬▬▬▬▬
02:17:09 §f                                  §6§lBESTIARY
02:17:09 §f                             §b§lArachne §7§8V §8➡§b §bVI
02:17:10 
02:17:10 §f                                  §r§6§lREWARDS
02:17:10 §f                         §r§8+§r§a3 Arachne §r§b✯ Magic Find
02:17:10 §f                         §r§8+§r§a3 Arachne §r§c❁ Strength
02:17:10 §f                             §r§8+§r§62% §r§aArachne §r§7coins
02:17:10 §f                    §r§8+§r§a50% §r§7chance for extra XP orbs
02:17:10 §f                               §r§8+§r§b1 SkyBlock XP
02:17:10 
02:17:10 §3§l▬▬▬▬▬▬▬▬▬▬▬▬▬▬▬▬▬▬▬▬▬▬▬▬▬▬▬▬▬▬▬▬▬▬▬▬▬▬▬▬▬▬▬▬▬▬▬▬▬▬▬▬▬▬▬▬▬▬▬▬▬▬▬▬
02:19:36 §f                                  §6§lBESTIARY
02:19:36 §f                            §b§lArachne §7§8VI §8➡§b §bVII
02:19:36 
02:19:36 §f                                  §r§6§lREWARDS
02:19:36 §f                         §r§8+§r§a3 Arachne §r§b✯ Magic Find
02:19:36 §f                         §r§8+§r§a3 Arachne §r§c❁ Strength
02:19:36 §f                             §r§8+§r§62% §r§aArachne §r§7coins
02:19:36 §f                    §r§8+§r§a50% §r§7chance for extra XP orbs
02:19:36 §f                               §r§8+§r§b1 SkyBlock XP
02:19:36 
02:19:36 §3§l▬▬▬▬▬▬▬▬▬▬▬▬▬▬▬▬▬▬▬▬▬▬▬▬▬▬▬▬▬▬▬▬▬▬▬▬▬▬▬▬▬▬▬▬▬▬▬▬▬▬▬▬▬▬▬▬▬▬▬▬▬▬▬▬
02:22:32 §f                                  §6§lBESTIARY
02:22:32 §f                           §b§lArachne §7§8VII §8➡§b §bVIII
02:22:32 
02:22:32 §f                                  §r§6§lREWARDS
02:22:32 §f                         §r§8+§r§a3 Arachne §r§b✯ Magic Find
02:22:32 §f                         §r§8+§r§a3 Arachne §r§c❁ Strength
02:22:32 §f                             §r§8+§r§62% §r§aArachne §r§7coins
02:22:32 §f                    §r§8+§r§a50% §r§7chance for extra XP orbs
02:22:32 §f                               §r§8+§r§b1 SkyBlock XP
02:22:32 
02:22:32 §3§l▬▬▬▬▬▬▬▬▬▬▬▬▬▬▬▬▬▬▬▬▬▬▬▬▬▬▬▬▬▬▬▬▬▬▬▬▬▬▬▬▬▬▬▬▬▬▬▬▬▬▬▬▬▬▬▬▬▬▬▬▬▬▬▬
02:23:20 §f                                  §6§lBESTIARY
02:23:20 §f                       §b§lArachne's Brood §7§8X §8➡§b §bXI
02:23:20 
02:23:20 §f                                  §r§6§lREWARDS
02:23:20 §f                   §r§8+§r§a4 Arachne's Brood §r§b✯ Magic Find
02:23:20 §f                    §r§8+§r§a4 Arachne's Brood §r§c❁ Strength
02:23:20 §f                       §r§8+§r§62% §r§aArachne's Brood §r§7coins
02:23:20 §f                    §r§8+§r§a50% §r§7chance for extra XP orbs
02:23:20 §f                               §r§8+§r§b1 SkyBlock XP
02:23:20 
02:23:20 §3§l▬▬▬▬▬▬▬▬▬▬▬▬▬▬▬▬▬▬▬▬▬▬▬▬▬▬▬▬▬▬▬▬▬▬▬▬▬▬▬▬▬▬▬▬▬▬▬▬▬▬▬▬▬▬▬▬▬▬▬▬▬▬▬▬
02:25:11 §f                                  §6§lBESTIARY
02:25:11 §f                            §b§lArachne §7§8VIII §8➡§b §bIX
02:25:11 
02:25:11 §f                                  §r§6§lREWARDS
02:25:11 §f                         §r§8+§r§a3 Arachne §r§b✯ Magic Find
02:25:11 §f                         §r§8+§r§a3 Arachne §r§c❁ Strength
02:25:11 §f                             §r§8+§r§62% §r§aArachne §r§7coins
02:25:11 §f                    §r§8+§r§a50% §r§7chance for extra XP orbs
02:25:11 §f                               §r§8+§r§b1 SkyBlock XP
02:25:11 
02:25:11 §3§l▬▬▬▬▬▬▬▬▬▬▬▬▬▬▬▬▬▬▬▬▬▬▬▬▬▬▬▬▬▬▬▬▬▬▬▬▬▬▬▬▬▬▬▬▬▬▬▬▬▬▬▬▬▬▬▬▬▬▬▬▬▬▬▬
02:27:48 §f                                  §6§lBESTIARY
02:27:48 §f                             §b§lArachne §7§8IX §8➡§b §bX
02:27:48 
02:27:48 §f                                  §r§6§lREWARDS
02:27:48 §f                         §r§8+§r§a3 Arachne §r§b✯ Magic Find
02:27:48 §f                         §r§8+§r§a3 Arachne §r§c❁ Strength
02:27:48 §f                             §r§8+§r§62% §r§aArachne §r§7coins
02:27:48 §f                    §r§8+§r§a50% §r§7chance for extra XP orbs
02:27:48 §f                               §r§8+§r§b1 SkyBlock XP
02:27:48 
02:27:48 §3§l▬▬▬▬▬▬▬▬▬▬▬▬▬▬▬▬▬▬▬▬▬▬▬▬▬▬▬▬▬▬▬▬▬▬▬▬▬▬▬▬▬▬▬▬▬▬▬▬▬▬▬▬▬▬▬▬▬▬▬▬▬▬▬▬
02:32:32 §f                                  §6§lBESTIARY
02:32:32 §f                      §b§lArachne's Brood §7§8XI §8➡§b §bXII
02:32:32 
02:32:32 §f                                  §r§6§lREWARDS
02:32:32 §f                   §r§8+§r§a4 Arachne's Brood §r§b✯ Magic Find
02:32:32 §f                    §r§8+§r§a4 Arachne's Brood §r§c❁ Strength
02:32:32 §f                       §r§8+§r§62% §r§aArachne's Brood §r§7coins
02:32:32 §f                    §r§8+§r§a50% §r§7chance for extra XP orbs
02:32:32 §f                               §r§8+§r§b1 SkyBlock XP
02:32:32 
02:32:32 §3§l▬▬▬▬▬▬▬▬▬▬▬▬▬▬▬▬▬▬▬▬▬▬▬▬▬▬▬▬▬▬▬▬▬▬▬▬▬▬▬▬▬▬▬▬▬▬▬▬▬▬▬▬▬▬▬▬▬▬▬▬▬▬▬▬
02:36:51 §f                                  §6§lBESTIARY
02:36:51 §f                             §b§lArachne §7§8X §8➡§b §bXI
02:36:51 
02:36:51 §f                                  §r§6§lREWARDS
02:36:51 §f                         §r§8+§r§a4 Arachne §r§b✯ Magic Find
02:36:51 §f                         §r§8+§r§a4 Arachne §r§c❁ Strength
02:36:51 §f                             §r§8+§r§62% §r§aArachne §r§7coins
02:36:51 §f                    §r§8+§r§a50% §r§7chance for extra XP orbs
02:36:51 §f                               §r§8+§r§b1 SkyBlock XP
02:36:51 
02:36:51   §r§f                         §6§lBESTIARY MILESTONE
02:36:51   §r§f                              §8LXXXIII➡§eLXXXIV
02:36:51 
02:36:51 §3§l▬▬▬▬▬▬▬▬▬▬▬▬▬▬▬▬▬▬▬▬▬▬▬▬▬▬▬▬▬▬▬▬▬▬▬▬▬▬▬▬▬▬▬▬▬▬▬▬▬▬▬▬▬▬▬▬▬▬▬▬▬▬▬▬
02:45:44 §f                                  §6§lBESTIARY
02:45:44 §f                            §b§lArachne §7§8XI §8➡§b §bXII
02:45:44 
02:45:44 §f                                  §r§6§lREWARDS
02:45:44 §f                         §r§8+§r§a4 Arachne §r§b✯ Magic Find
02:45:44 §f                         §r§8+§r§a4 Arachne §r§c❁ Strength
02:45:44 §f                             §r§8+§r§62% §r§aArachne §r§7coins
02:45:44 §f                    §r§8+§r§a50% §r§7chance for extra XP orbs
02:45:44 §f                               §r§8+§r§b1 SkyBlock XP
02:45:44 
02:45:44 §3§l▬▬▬▬▬▬▬▬▬▬▬▬▬▬▬▬▬▬▬▬▬▬▬▬▬▬▬▬▬▬▬▬▬▬▬▬▬▬▬▬▬▬▬▬▬▬▬▬▬▬▬▬▬▬▬▬▬▬▬▬▬▬▬▬
02:46:35 §f                                  §6§lBESTIARY
02:46:35 §f                     §b§lArachne's Brood §7§8XII §8➡§b §bXIII
02:46:35 
02:46:35 §f                                  §r§6§lREWARDS
02:46:35 §f                   §r§8+§r§a4 Arachne's Brood §r§b✯ Magic Find
02:46:35 §f                    §r§8+§r§a4 Arachne's Brood §r§c❁ Strength
02:46:35 §f                       §r§8+§r§62% §r§aArachne's Brood §r§7coins
02:46:35 §f                    §r§8+§r§a50% §r§7chance for extra XP orbs
02:46:35 §f                               §r§8+§r§b1 SkyBlock XP
02:46:35 
02:46:35 §3§l▬▬▬▬▬▬▬▬▬▬▬▬▬▬▬▬▬▬▬▬▬▬▬▬▬▬▬▬▬▬▬▬▬▬▬▬▬▬▬▬▬▬▬▬▬▬▬▬▬▬▬▬▬▬▬▬▬▬▬▬▬▬▬▬
02:53:32 §f                                  §6§lBESTIARY
02:53:32 §f                     §b§lArachne's Keeper §7§8VI §8➡§b §bVII
02:53:32 
02:53:32 §f                                  §r§6§lREWARDS
02:53:32 §f                   §r§8+§r§a3 Arachne's Keeper §r§b✯ Magic Find
02:53:32 §f                   §r§8+§r§a3 Arachne's Keeper §r§c❁ Strength
02:53:32 §f                       §r§8+§r§62% §r§aArachne's Keeper §r§7coins
02:53:32 §f                    §r§8+§r§a50% §r§7chance for extra XP orbs
02:53:32 §f                               §r§8+§r§b1 SkyBlock XP
02:53:32 
02:53:32 §3§l▬▬▬▬▬▬▬▬▬▬▬▬▬▬▬▬▬▬▬▬▬▬▬▬▬▬▬▬▬▬▬▬▬▬▬▬▬▬▬▬▬▬▬▬▬▬▬▬▬▬▬▬▬▬▬▬▬▬▬▬▬▬▬▬
03:17:54 §f                                  §6§lBESTIARY
03:17:54 §f                     §b§lMagma Cube Rider §7§8XV §8➡§b §bXVI
03:17:54 
03:17:54 §f                                  §r§6§lREWARDS
03:17:54 §f                   §r§8+§r§a5 Magma Cube Rider §r§b✯ Magic Find
03:17:54 §f                    §r§8+§r§a5 Magma Cube Rider §r§c❁ Strength
03:17:54 §f                       §r§8+§r§62% §r§aMagma Cube Rider §r§7coins
03:17:54 §f                    §r§8+§r§a50% §r§7chance for extra XP orbs
03:17:54 §f                               §r§8+§r§b1 SkyBlock XP
03:17:54 
03:17:54 §3§l▬▬▬▬▬▬▬▬▬▬▬▬▬▬▬▬▬▬▬▬▬▬▬▬▬▬▬▬▬▬▬▬▬▬▬▬▬▬▬▬▬▬▬▬▬▬▬▬▬▬▬▬▬▬▬▬▬▬▬▬▬▬▬▬
03:38:26 §f                                  §6§lBESTIARY
03:38:26 §f                            §b§lWither Spectre §7§bI
03:38:26 
03:38:26 §f                                  §r§6§lREWARDS
03:38:26 §f                     §r§8+§r§a2 Wither Spectre §r§b✯ Magic Find
03:38:26 §f                     §r§8+§r§a2 Wither Spectre §r§c❁ Strength
03:38:26 §f                         §r§8+§r§62% §r§aWither Spectre §r§7coins
03:38:26 §f                    §r§8+§r§a50% §r§7chance for extra XP orbs
03:38:26 §f                               §r§8+§r§b1 SkyBlock XP
03:38:26 
03:38:26 §3§l▬▬▬▬▬▬▬▬▬▬▬▬▬▬▬▬▬▬▬▬▬▬▬▬▬▬▬▬▬▬▬▬▬▬▬▬▬▬▬▬▬▬▬▬▬▬▬▬▬▬▬▬▬▬▬▬▬▬▬▬▬▬▬▬
03:38:27 §f                                  §6§lBESTIARY
03:38:27 §f                         §b§lWither Spectre §7§8I §8➡§b §bII
03:38:27 
03:38:27 §f                                  §r§6§lREWARDS
03:38:27 §f                     §r§8+§r§a2 Wither Spectre §r§b✯ Magic Find
03:38:27 §f                     §r§8+§r§a2 Wither Spectre §r§c❁ Strength
03:38:27 §f                         §r§8+§r§62% §r§aWither Spectre §r§7coins
03:38:27 §f                    §r§8+§r§a50% §r§7chance for extra XP orbs
03:38:27 §f                               §r§8+§r§b1 SkyBlock XP
03:38:27 
03:38:27 §3§l▬▬▬▬▬▬▬▬▬▬▬▬▬▬▬▬▬▬▬▬▬▬▬▬▬▬▬▬▬▬▬▬▬▬▬▬▬▬▬▬▬▬▬▬▬▬▬▬▬▬▬▬▬▬▬▬▬▬▬▬▬▬▬▬
03:38:32 §f                                  §6§lBESTIARY
03:38:32 §f                                   §b§lBlaze §7§bI
03:38:32 
03:38:32 §f                                  §r§6§lREWARDS
03:38:32 §f                           §r§8+§r§a2 Blaze §r§b✯ Magic Find
03:38:32 §f                           §r§8+§r§a2 Blaze §r§c❁ Strength
03:38:32 §f                               §r§8+§r§62% §r§aBlaze §r§7coins
03:38:32 §f                    §r§8+§r§a50% §r§7chance for extra XP orbs
03:38:32 §f                               §r§8+§r§b1 SkyBlock XP
03:38:32 
03:38:32 §3§l▬▬▬▬▬▬▬▬▬▬▬▬▬▬▬▬▬▬▬▬▬▬▬▬▬▬▬▬▬▬▬▬▬▬▬▬▬▬▬▬▬▬▬▬▬▬▬▬▬▬▬▬▬▬▬▬▬▬▬▬▬▬▬▬
03:38:34 §f                                  §6§lBESTIARY
03:38:34 §f                                §b§lBlaze §7§8I §8➡§b §bII
03:38:34 
03:38:34 §f                                  §r§6§lREWARDS
03:38:34 §f                           §r§8+§r§a2 Blaze §r§b✯ Magic Find
03:38:34 §f                           §r§8+§r§a2 Blaze §r§c❁ Strength
03:38:34 §f                               §r§8+§r§62% §r§aBlaze §r§7coins
03:38:34 §f                    §r§8+§r§a50% §r§7chance for extra XP orbs
03:38:34 §f                               §r§8+§r§b1 SkyBlock XP
03:38:34 
03:38:34 §3§l▬▬▬▬▬▬▬▬▬▬▬▬▬▬▬▬▬▬▬▬▬▬▬▬▬▬▬▬▬▬▬▬▬▬▬▬▬▬▬▬▬▬▬▬▬▬▬▬▬▬▬▬▬▬▬▬▬▬▬▬▬▬▬▬
03:38:36 §f                                  §6§lBESTIARY
03:38:36 §f                               §b§lBlaze §7§8II §8➡§b §bIII
03:38:36 
03:38:36 §f                                  §r§6§lREWARDS
03:38:36 §f                           §r§8+§r§a2 Blaze §r§b✯ Magic Find
03:38:36 §f                           §r§8+§r§a2 Blaze §r§c❁ Strength
03:38:36 §f                               §r§8+§r§62% §r§aBlaze §r§7coins
03:38:36 §f                    §r§8+§r§a50% §r§7chance for extra XP orbs
03:38:36 §f                               §r§8+§r§b1 SkyBlock XP
03:38:36 
03:38:36 §3§l▬▬▬▬▬▬▬▬▬▬▬▬▬▬▬▬▬▬▬▬▬▬▬▬▬▬▬▬▬▬▬▬▬▬▬▬▬▬▬▬▬▬▬▬▬▬▬▬▬▬▬▬▬▬▬▬▬▬▬▬▬▬▬▬
03:38:47 §f                                  §6§lBESTIARY
03:38:47 §f                        §b§lWither Spectre §7§8II §8➡§b §bIII
03:38:47 
03:38:47 §f                                  §r§6§lREWARDS
03:38:47 §f                     §r§8+§r§a2 Wither Spectre §r§b✯ Magic Find
03:38:47 §f                     §r§8+§r§a2 Wither Spectre §r§c❁ Strength
03:38:47 §f                         §r§8+§r§62% §r§aWither Spectre §r§7coins
03:38:47 §f                    §r§8+§r§a50% §r§7chance for extra XP orbs
03:38:47 §f                               §r§8+§r§b1 SkyBlock XP
03:38:47 
03:38:47   §r§f                         §6§lBESTIARY MILESTONE
03:38:47   §r§f                               §8LXXXIV➡§eLXXXV
03:38:47 
03:38:47 §3§l▬▬▬▬▬▬▬▬▬▬▬▬▬▬▬▬▬▬▬▬▬▬▬▬▬▬▬▬▬▬▬▬▬▬▬▬▬▬▬▬▬▬▬▬▬▬▬▬▬▬▬▬▬▬▬▬▬▬▬▬▬▬▬▬
03:38:52 §f                                  §6§lBESTIARY
03:38:52 §f                        §b§lWither Spectre §7§8III §8➡§b §bIV
03:38:52 
03:38:52 §f                                  §r§6§lREWARDS
03:38:52 §f                     §r§8+§r§a2 Wither Spectre §r§b✯ Magic Find
03:38:52 §f                     §r§8+§r§a2 Wither Spectre §r§c❁ Strength
03:38:52 §f                         §r§8+§r§62% §r§aWither Spectre §r§7coins
03:38:52 §f                    §r§8+§r§a50% §r§7chance for extra XP orbs
03:38:52 §f                               §r§8+§r§b1 SkyBlock XP
03:38:52 
03:38:52 §3§l▬▬▬▬▬▬▬▬▬▬▬▬▬▬▬▬▬▬▬▬▬▬▬▬▬▬▬▬▬▬▬▬▬▬▬▬▬▬▬▬▬▬▬▬▬▬▬▬▬▬▬▬▬▬▬▬▬▬▬▬▬▬▬▬
03:38:53 §f                                  §6§lBESTIARY
03:38:53 §f                         §b§lWither Spectre §7§8IV §8➡§b §bV
03:38:53 
03:38:53 §f                                  §r§6§lREWARDS
03:38:53 §f                     §r§8+§r§a2 Wither Spectre §r§b✯ Magic Find
03:38:53 §f                     §r§8+§r§a2 Wither Spectre §r§c❁ Strength
03:38:53 §f                         §r§8+§r§62% §r§aWither Spectre §r§7coins
03:38:53 §f                    §r§8+§r§a50% §r§7chance for extra XP orbs
03:38:53 §f                               §r§8+§r§b1 SkyBlock XP
03:38:53 
03:38:53 §3§l▬▬▬▬▬▬▬▬▬▬▬▬▬▬▬▬▬▬▬▬▬▬▬▬▬▬▬▬▬▬▬▬▬▬▬▬▬▬▬▬▬▬▬▬▬▬▬▬▬▬▬▬▬▬▬▬▬▬▬▬▬▬▬▬
03:39:15 §f                                  §6§lBESTIARY
03:39:15 §f                               §b§lBlaze §7§8III §8➡§b §bIV
03:39:15 
03:39:15 §f                                  §r§6§lREWARDS
03:39:15 §f                           §r§8+§r§a2 Blaze §r§b✯ Magic Find
03:39:15 §f                           §r§8+§r§a2 Blaze §r§c❁ Strength
03:39:15 §f                               §r§8+§r§62% §r§aBlaze §r§7coins
03:39:15 §f                    §r§8+§r§a50% §r§7chance for extra XP orbs
03:39:15 §f                               §r§8+§r§b1 SkyBlock XP
03:39:15 
03:39:15 §3§l▬▬▬▬▬▬▬▬▬▬▬▬▬▬▬▬▬▬▬▬▬▬▬▬▬▬▬▬▬▬▬▬▬▬▬▬▬▬▬▬▬▬▬▬▬▬▬▬▬▬▬▬▬▬▬▬▬▬▬▬▬▬▬▬
03:39:16 §f                                  §6§lBESTIARY
03:39:16 §f                                §b§lBlaze §7§8IV §8➡§b §bV
03:39:16 
03:39:16 §f                                  §r§6§lREWARDS
03:39:16 §f                           §r§8+§r§a2 Blaze §r§b✯ Magic Find
03:39:16 §f                           §r§8+§r§a2 Blaze §r§c❁ Strength
03:39:16 §f                               §r§8+§r§62% §r§aBlaze §r§7coins
03:39:16 §f                    §r§8+§r§a50% §r§7chance for extra XP orbs
03:39:16 §f                               §r§8+§r§b1 SkyBlock XP
03:39:16 
03:39:16 §3§l▬▬▬▬▬▬▬▬▬▬▬▬▬▬▬▬▬▬▬▬▬▬▬▬▬▬▬▬▬▬▬▬▬▬▬▬▬▬▬▬▬▬▬▬▬▬▬▬▬▬▬▬▬▬▬▬▬▬▬▬▬▬▬▬
03:39:17 §f                                  §6§lBESTIARY
03:39:17 §f                                §b§lBlaze §7§8V §8➡§b §bVI
03:39:17 
03:39:17 §f                                  §r§6§lREWARDS
03:39:17 §f                           §r§8+§r§a3 Blaze §r§b✯ Magic Find
03:39:17 §f                           §r§8+§r§a3 Blaze §r§c❁ Strength
03:39:17 §f                               §r§8+§r§62% §r§aBlaze §r§7coins
03:39:17 §f                    §r§8+§r§a50% §r§7chance for extra XP orbs
03:39:17 §f                               §r§8+§r§b1 SkyBlock XP
03:39:17 
03:39:17 §3§l▬▬▬▬▬▬▬▬▬▬▬▬▬▬▬▬▬▬▬▬▬▬▬▬▬▬▬▬▬▬▬▬▬▬▬▬▬▬▬▬▬▬▬▬▬▬▬▬▬▬▬▬▬▬▬▬▬▬▬▬▬▬▬▬
03:39:37 §f                                  §6§lBESTIARY
03:39:37 §f                         §b§lWither Spectre §7§8V §8➡§b §bVI
03:39:37 
03:39:37 §f                                  §r§6§lREWARDS
03:39:37 §f                     §r§8+§r§a3 Wither Spectre §r§b✯ Magic Find
03:39:37 §f                     §r§8+§r§a3 Wither Spectre §r§c❁ Strength
03:39:37 §f                         §r§8+§r§62% §r§aWither Spectre §r§7coins
03:39:37 §f                    §r§8+§r§a50% §r§7chance for extra XP orbs
03:39:37 §f                               §r§8+§r§b1 SkyBlock XP
03:39:37 
03:39:37 §3§l▬▬▬▬▬▬▬▬▬▬▬▬▬▬▬▬▬▬▬▬▬▬▬▬▬▬▬▬▬▬▬▬▬▬▬▬▬▬▬▬▬▬▬▬▬▬▬▬▬▬▬▬▬▬▬▬▬▬▬▬▬▬▬▬
03:41:46 §f                                  §6§lBESTIARY
03:41:46 §f                               §b§lBlaze §7§8VI §8➡§b §bVII
03:41:46 
03:41:46 §f                                  §r§6§lREWARDS
03:41:46 §f                           §r§8+§r§a3 Blaze §r§b✯ Magic Find
03:41:46 §f                           §r§8+§r§a3 Blaze §r§c❁ Strength
03:41:46 §f                               §r§8+§r§62% §r§aBlaze §r§7coins
03:41:46 §f                    §r§8+§r§a50% §r§7chance for extra XP orbs
03:41:46 §f                               §r§8+§r§b1 SkyBlock XP
03:41:46 
03:41:46 §3§l▬▬▬▬▬▬▬▬▬▬▬▬▬▬▬▬▬▬▬▬▬▬▬▬▬▬▬▬▬▬▬▬▬▬▬▬▬▬▬▬▬▬▬▬▬▬▬▬▬▬▬▬▬▬▬▬▬▬▬▬▬▬▬▬
03:42:02 §f                                  §6§lBESTIARY
03:42:02 §f                         §b§lWither Skeleton §7§8I §8➡§b §bII
03:42:02 
03:42:02 §f                                  §r§6§lREWARDS
03:42:02 §f                    §r§8+§r§a2 Wither Skeleton §r§b✯ Magic Find
03:42:02 §f                     §r§8+§r§a2 Wither Skeleton §r§c❁ Strength
03:42:02 §f                        §r§8+§r§62% §r§aWither Skeleton §r§7coins
03:42:02 §f                    §r§8+§r§a50% §r§7chance for extra XP orbs
03:42:02 §f                               §r§8+§r§b1 SkyBlock XP
03:42:02 
03:42:02 §3§l▬▬▬▬▬▬▬▬▬▬▬▬▬▬▬▬▬▬▬▬▬▬▬▬▬▬▬▬▬▬▬▬▬▬▬▬▬▬▬▬▬▬▬▬▬▬▬▬▬▬▬▬▬▬▬▬▬▬▬▬▬▬▬▬
03:42:15 §f                                  §6§lBESTIARY
03:42:15 §f                              §b§lBlaze §7§8VII §8➡§b §bVIII
03:42:15 
03:42:15 §f                                  §r§6§lREWARDS
03:42:15 §f                           §r§8+§r§a3 Blaze §r§b✯ Magic Find
03:42:15 §f                           §r§8+§r§a3 Blaze §r§c❁ Strength
03:42:15 §f                               §r§8+§r§62% §r§aBlaze §r§7coins
03:42:15 §f                    §r§8+§r§a50% §r§7chance for extra XP orbs
03:42:15 §f                               §r§8+§r§b1 SkyBlock XP
03:42:15 
03:42:15 §3§l▬▬▬▬▬▬▬▬▬▬▬▬▬▬▬▬▬▬▬▬▬▬▬▬▬▬▬▬▬▬▬▬▬▬▬▬▬▬▬▬▬▬▬▬▬▬▬▬▬▬▬▬▬▬▬▬▬▬▬▬▬▬▬▬
03:42:24 §f                                  §6§lBESTIARY
03:42:24 §f                              §b§lBlaze §7§8VIII §8➡§b §bIX
03:42:24 
03:42:24 §f                                  §r§6§lREWARDS
03:42:24 §f                           §r§8+§r§a3 Blaze §r§b✯ Magic Find
03:42:24 §f                           §r§8+§r§a3 Blaze §r§c❁ Strength
03:42:24 §f                               §r§8+§r§62% §r§aBlaze §r§7coins
03:42:24 §f                    §r§8+§r§a50% §r§7chance for extra XP orbs
03:42:24 §f                               §r§8+§r§b1 SkyBlock XP
03:42:24 
03:42:24   §r§f                         §6§lBESTIARY MILESTONE
03:42:24   §r§f                               §8LXXXV➡§eLXXXVI
03:42:24 
03:42:24 §3§l▬▬▬▬▬▬▬▬▬▬▬▬▬▬▬▬▬▬▬▬▬▬▬▬▬▬▬▬▬▬▬▬▬▬▬▬▬▬▬▬▬▬▬▬▬▬▬▬▬▬▬▬▬▬▬▬▬▬▬▬▬▬▬▬
03:54:01 §f                                  §6§lBESTIARY
03:54:01 §f                                §b§lBladesoul §7§bI
03:54:01 
03:54:01 §f                                  §r§6§lREWARDS
03:54:01 §f                       §r§8+§r§a2 §r§8§lBladesoul §r§b✯ Magic Find
03:54:01 §f                       §r§8+§r§a2 §r§8§lBladesoul §r§c❁ Strength
03:54:01 §f                           §r§8+§r§62% §r§a§r§8§lBladesoul §r§7coins
03:54:01 §f                    §r§8+§r§a50% §r§7chance for extra XP orbs
03:54:01 §f                               §r§8+§r§b1 SkyBlock XP
03:54:01 
03:54:01 §3§l▬▬▬▬▬▬▬▬▬▬▬▬▬▬▬▬▬▬▬▬▬▬▬▬▬▬▬▬▬▬▬▬▬▬▬▬▬▬▬▬▬▬▬▬▬▬▬▬▬▬▬▬▬▬▬▬▬▬▬▬▬▬▬▬
04:09:13 §f                                  §6§lBESTIARY
04:09:13 §f                                §b§lSeer §7§8IX §8➡§b §bX
04:09:13 
04:09:13 §f                                  §r§6§lREWARDS
04:09:13 §f                           §r§8+§r§a3 Seer §r§b✯ Magic Find
04:09:13 §f                            §r§8+§r§a3 Seer §r§c❁ Strength
04:09:13 §f                               §r§8+§r§62% §r§aSeer §r§7coins
04:09:13 §f                    §r§8+§r§a50% §r§7chance for extra XP orbs
04:09:13 §f                               §r§8+§r§b1 SkyBlock XP
04:09:13 
04:09:13 §3§l▬▬▬▬▬▬▬▬▬▬▬▬▬▬▬▬▬▬▬▬▬▬▬▬▬▬▬▬▬▬▬▬▬▬▬▬▬▬▬▬▬▬▬▬▬▬▬▬▬▬▬▬▬▬▬▬▬▬▬▬▬▬▬▬
04:09:25 §f                                  §6§lBESTIARY
04:09:25 §f                     §b§lObsidian Defender §7§8VI §8➡§b §bVII
04:09:25 
04:09:25 §f                                  §r§6§lREWARDS
04:09:25 §f                   §r§8+§r§a3 Obsidian Defender §r§b✯ Magic Find
04:09:25 §f                   §r§8+§r§a3 Obsidian Defender §r§c❁ Strength
04:09:25 §f                       §r§8+§r§62% §r§aObsidian Defender §r§7coins
04:09:25 §f                    §r§8+§r§a50% §r§7chance for extra XP orbs
04:09:25 §f                               §r§8+§r§b1 SkyBlock XP
04:09:25 
04:09:25 §3§l▬▬▬▬▬▬▬▬▬▬▬▬▬▬▬▬▬▬▬▬▬▬▬▬▬▬▬▬▬▬▬▬▬▬▬▬▬▬▬▬▬▬▬▬▬▬▬▬▬▬▬▬▬▬▬▬▬▬▬▬▬▬▬▬
04:09:47 §f                                  §6§lBESTIARY
04:09:47 §f                    §b§lObsidian Defender §7§8VII §8➡§b §bVIII
04:09:47 
04:09:47 §f                                  §r§6§lREWARDS
04:09:47 §f                   §r§8+§r§a3 Obsidian Defender §r§b✯ Magic Find
04:09:47 §f                   §r§8+§r§a3 Obsidian Defender §r§c❁ Strength
04:09:47 §f                       §r§8+§r§62% §r§aObsidian Defender §r§7coins
04:09:47 §f                    §r§8+§r§a50% §r§7chance for extra XP orbs
04:09:47 §f                               §r§8+§r§b1 SkyBlock XP
04:09:47 
04:09:47 §3§l▬▬▬▬▬▬▬▬▬▬▬▬▬▬▬▬▬▬▬▬▬▬▬▬▬▬▬▬▬▬▬▬▬▬▬▬▬▬▬▬▬▬▬▬▬▬▬▬▬▬▬▬▬▬▬▬▬▬▬▬▬▬▬▬
04:14:05 §f                                  §6§lBESTIARY
04:14:05 §f                     §b§lObsidian Defender §7§8VIII §8➡§b §bIX
04:14:05 
04:14:05 §f                                  §r§6§lREWARDS
04:14:05 §f                   §r§8+§r§a3 Obsidian Defender §r§b✯ Magic Find
04:14:05 §f                   §r§8+§r§a3 Obsidian Defender §r§c❁ Strength
04:14:05 §f                       §r§8+§r§62% §r§aObsidian Defender §r§7coins
04:14:05 §f                    §r§8+§r§a50% §r§7chance for extra XP orbs
04:14:05 §f                               §r§8+§r§b1 SkyBlock XP
04:14:05 
04:14:05 §3§l▬▬▬▬▬▬▬▬▬▬▬▬▬▬▬▬▬▬▬▬▬▬▬▬▬▬▬▬▬▬▬▬▬▬▬▬▬▬▬▬▬▬▬▬▬▬▬▬▬▬▬▬▬▬▬▬▬▬▬▬▬▬▬▬
04:15:17 §f                                  §6§lBESTIARY
04:15:17 §f                      §b§lObsidian Defender §7§8IX §8➡§b §bX
04:15:17 
04:15:17 §f                                  §r§6§lREWARDS
04:15:17 §f                   §r§8+§r§a3 Obsidian Defender §r§b✯ Magic Find
04:15:17 §f                   §r§8+§r§a3 Obsidian Defender §r§c❁ Strength
04:15:17 §f                       §r§8+§r§62% §r§aObsidian Defender §r§7coins
04:15:17 §f                    §r§8+§r§a50% §r§7chance for extra XP orbs
04:15:17 §f                               §r§8+§r§b1 SkyBlock XP
04:15:17 
04:15:17 §3§l▬▬▬▬▬▬▬▬▬▬▬▬▬▬▬▬▬▬▬▬▬▬▬▬▬▬▬▬▬▬▬▬▬▬▬▬▬▬▬▬▬▬▬▬▬▬▬▬▬▬▬▬▬▬▬▬▬▬▬▬▬▬▬▬
04:21:25 §f                                  §6§lBESTIARY
04:21:25 §f                                §b§lSeer §7§8X §8➡§b §bXI
04:21:25 
04:21:25 §f                                  §r§6§lREWARDS
04:21:25 §f                           §r§8+§r§a4 Seer §r§b✯ Magic Find
04:21:25 §f                            §r§8+§r§a4 Seer §r§c❁ Strength
04:21:25 §f                               §r§8+§r§62% §r§aSeer §r§7coins
04:21:25 §f                    §r§8+§r§a50% §r§7chance for extra XP orbs
04:21:25 §f                               §r§8+§r§b1 SkyBlock XP
04:21:25 
04:21:25 §3§l▬▬▬▬▬▬▬▬▬▬▬▬▬▬▬▬▬▬▬▬▬▬▬▬▬▬▬▬▬▬▬▬▬▬▬▬▬▬▬▬▬▬▬▬▬▬▬▬▬▬▬▬▬▬▬▬▬▬▬▬▬▬▬▬
04:22:23 §f                                  §6§lBESTIARY
04:22:23 §f                      §b§lObsidian Defender §7§8X §8➡§b §bXI
04:22:23 
04:22:23 §f                                  §r§6§lREWARDS
04:22:23 §f                   §r§8+§r§a4 Obsidian Defender §r§b✯ Magic Find
04:22:23 §f                   §r§8+§r§a4 Obsidian Defender §r§c❁ Strength
04:22:23 §f                       §r§8+§r§62% §r§aObsidian Defender §r§7coins
04:22:23 §f                    §r§8+§r§a50% §r§7chance for extra XP orbs
04:22:23 §f                               §r§8+§r§b1 SkyBlock XP
04:22:23 
04:22:23 §3§l▬▬▬▬▬▬▬▬▬▬▬▬▬▬▬▬▬▬▬▬▬▬▬▬▬▬▬▬▬▬▬▬▬▬▬▬▬▬▬▬▬▬▬▬▬▬▬▬▬▬▬▬▬▬▬▬▬▬▬▬▬▬▬▬
04:28:56 §f                                  §6§lBESTIARY
04:28:56 §f                             §b§lZealot §7§8XIII §8➡§b §bXIV
04:28:56 
04:28:56 §f                                  §r§6§lREWARDS
04:28:56 §f                          §r§8+§r§a4 Zealot §r§b✯ Magic Find
04:28:56 §f                           §r§8+§r§a4 Zealot §r§c❁ Strength
04:28:56 §f                              §r§8+§r§62% §r§aZealot §r§7coins
04:28:56 §f                    §r§8+§r§a50% §r§7chance for extra XP orbs
04:28:56 §f                               §r§8+§r§b1 SkyBlock XP
04:28:56 
04:28:56 §3§l▬▬▬▬▬▬▬▬▬▬▬▬▬▬▬▬▬▬▬▬▬▬▬▬▬▬▬▬▬▬▬▬▬▬▬▬▬▬▬▬▬▬▬▬▬▬▬▬▬▬▬▬▬▬▬▬▬▬▬▬▬▬▬▬
04:31:31 §f                                  §6§lBESTIARY
04:31:31 §f                              §b§lDragon §7§8II §8➡§b §bIII
04:31:31 
04:31:31 §f                                  §r§6§lREWARDS
04:31:31 §f                         §r§8+§r§a2 Dragon §r§b✯ Magic Find
04:31:31 §f                          §r§8+§r§a2 Dragon §r§c❁ Strength
04:31:31 §f                             §r§8+§r§62% §r§aDragon §r§7coins
04:31:31 §f                    §r§8+§r§a50% §r§7chance for extra XP orbs
04:31:31 §f                               §r§8+§r§b1 SkyBlock XP
04:31:31 
04:31:31   §r§f                         §6§lBESTIARY MILESTONE
04:31:31   §r§f                              §8LXXXVI➡§eLXXXVII
04:31:31 
04:31:31 §3§l▬▬▬▬▬▬▬▬▬▬▬▬▬▬▬▬▬▬▬▬▬▬▬▬▬▬▬▬▬▬▬▬▬▬▬▬▬▬▬▬▬▬▬▬▬▬▬▬▬▬▬▬▬▬▬▬▬▬▬▬▬▬▬▬
04:39:34 §f                                  §6§lBESTIARY
04:39:34 §f                             §b§lZealot §7§8XIV §8➡§b §bXV
04:39:34 
04:39:34 §f                                  §r§6§lREWARDS
04:39:34 §f                          §r§8+§r§a4 Zealot §r§b✯ Magic Find
04:39:34 §f                           §r§8+§r§a4 Zealot §r§c❁ Strength
04:39:34 §f                              §r§8+§r§62% §r§aZealot §r§7coins
04:39:34 §f                    §r§8+§r§a50% §r§7chance for extra XP orbs
04:39:34 §f                               §r§8+§r§b1 SkyBlock XP
04:39:34 
04:39:34 §3§l▬▬▬▬▬▬▬▬▬▬▬▬▬▬▬▬▬▬▬▬▬▬▬▬▬▬▬▬▬▬▬▬▬▬▬▬▬▬▬▬▬▬▬▬▬▬▬▬▬▬▬▬▬▬▬▬▬▬▬▬▬▬▬▬
