00:32:45 Trying to load config from config\skyhanni\config.json
00:32:45 load-config-now
00:32:46 Loaded config from file
00:32:46 Trying to load sacks from config\skyhanni\sacks.json
00:32:46 load-sacks-now
00:32:46 Loaded sacks from file
00:32:46 Trying to load friends from config\skyhanni\friends.json
00:32:46 load-friends-now
00:32:46 Loaded friends from file
00:32:46 Trying to load known_features from config\skyhanni\known_features.json
00:32:46 load-known_features-now
00:32:46 Loaded known_features from file
00:32:46 Trying to load jacob_contests from config\skyhanni\jacob_contests.json
00:32:46 Setting jacob_contests to be blank as it did not exist. It will be saved once something is written to it
00:32:46 Trying to load visual_words from config\skyhanni\visual_words.json
00:32:46 Setting visual_words to be blank as it did not exist. It will be saved once something is written to it
00:32:46 Trying to load pets from config\skyhanni\pets.json
00:32:46 load-pets-now
00:32:46 Loaded pets from file
00:33:46 saveConfig: auto-save-60s
00:33:46 Saving config file
00:33:46 Saved config file successfully
00:33:46 saveConfig: auto-save-60s
00:33:46 Saving config file
00:33:46 Saved config file successfully
00:34:46 saveConfig: auto-save-60s
00:34:46 Saving config file
00:34:46 Saved config file successfully
00:34:46 saveConfig: auto-save-60s
00:34:46 Saving config file
00:34:46 Saved config file successfully
00:35:46 saveConfig: auto-save-60s
00:35:46 Saving config file
00:35:46 Saved config file successfully
00:35:46 saveConfig: auto-save-60s
00:35:46 Saving config file
00:35:46 Saved config file successfully
00:36:46 saveConfig: auto-save-60s
00:36:46 Saving config file
00:36:46 Saved config file successfully
00:36:46 saveConfig: auto-save-60s
00:36:46 Saving config file
00:36:46 Saved config file successfully
00:37:46 saveConfig: auto-save-60s
00:37:46 Saving config file
00:37:46 Saved config file successfully
00:37:46 saveConfig: auto-save-60s
00:37:46 Saving config file
00:37:46 Saved config file successfully
00:38:46 saveConfig: auto-save-60s
00:38:46 Saving config file
00:38:46 Saved config file successfully
00:38:46 saveConfig: auto-save-60s
00:38:46 Saving config file
00:38:46 Saved config file successfully
00:38:56 saveConfig: Updated known feature flags
00:38:56 Saving known_features file
00:38:56 Saved known_features file successfully
00:38:56 saveConfig: Updated known feature flags
00:38:56 Saving known_features file
00:38:56 Saved known_features file successfully
00:39:30 saveConfig: saving-data
00:39:30 Saving pets file
00:39:30 Saved pets file successfully
00:39:30 saveConfig: saving-data
00:39:30 Saving pets file
00:39:30 Saved pets file successfully
00:39:46 saveConfig: auto-save-60s
00:39:46 Saving config file
00:39:46 Saved config file successfully
00:39:46 saveConfig: auto-save-60s
00:39:46 Saving config file
00:39:46 Saved config file successfully
00:40:01 saveConfig: saving-data
00:40:01 Saving pets file
00:40:01 Saved pets file successfully
00:40:01 saveConfig: saving-data
00:40:01 Saving pets file
00:40:01 Saved pets file successfully
00:40:32 saveConfig: saving-data
00:40:32 Saving pets file
00:40:32 Saved pets file successfully
00:40:32 saveConfig: saving-data
00:40:32 Saving pets file
00:40:32 Saved pets file successfully
00:40:46 saveConfig: auto-save-60s
00:40:46 Saving config file
00:40:46 Saved config file successfully
00:40:46 saveConfig: auto-save-60s
00:40:46 Saving config file
00:40:46 Saved config file successfully
00:41:03 saveConfig: saving-data
00:41:03 Saving pets file
00:41:03 Saved pets file successfully
00:41:03 saveConfig: saving-data
00:41:03 Saving pets file
00:41:03 Saved pets file successfully
00:41:34 saveConfig: saving-data
00:41:34 Saving pets file
00:41:34 Saved pets file successfully
00:41:34 saveConfig: saving-data
00:41:34 Saving pets file
00:41:34 Saved pets file successfully
00:41:46 saveConfig: auto-save-60s
00:41:46 Saving config file
00:41:46 Saved config file successfully
00:41:46 saveConfig: auto-save-60s
00:41:46 Saving config file
00:41:46 Saved config file successfully
00:42:46 saveConfig: auto-save-60s
00:42:46 Saving config file
00:42:46 Saved config file successfully
00:42:46 saveConfig: auto-save-60s
00:42:46 Saving config file
00:42:46 Saved config file successfully
00:43:46 saveConfig: auto-save-60s
00:43:46 Saving config file
00:43:46 Saved config file successfully
00:43:46 saveConfig: auto-save-60s
00:43:46 Saving config file
00:43:46 Saved config file successfully
00:44:46 saveConfig: auto-save-60s
00:44:46 Saving config file
00:44:46 Saved config file successfully
00:44:46 saveConfig: auto-save-60s
00:44:46 Saving config file
00:44:46 Saved config file successfully
00:45:46 saveConfig: auto-save-60s
00:45:46 Saving config file
00:45:46 Saved config file successfully
00:45:46 saveConfig: auto-save-60s
00:45:46 Saving config file
00:45:46 Saved config file successfully
00:46:28 saveConfig: saving-data
00:46:28 Saving pets file
00:46:28 Saved pets file successfully
00:46:28 saveConfig: saving-data
00:46:28 Saving pets file
00:46:28 Saved pets file successfully
00:46:46 saveConfig: auto-save-60s
00:46:46 Saving config file
00:46:46 Saved config file successfully
00:46:46 saveConfig: auto-save-60s
00:46:46 Saving config file
00:46:46 Saved config file successfully
00:47:46 saveConfig: auto-save-60s
00:47:46 Saving config file
00:47:46 Saved config file successfully
00:47:46 saveConfig: auto-save-60s
00:47:46 Saving config file
00:47:46 Saved config file successfully
00:48:46 saveConfig: auto-save-60s
00:48:46 Saving config file
00:48:46 Saved config file successfully
00:48:46 saveConfig: auto-save-60s
00:48:46 Saving config file
00:48:46 Saved config file successfully
00:49:46 saveConfig: auto-save-60s
00:49:46 Saving config file
00:49:46 Saved config file successfully
00:49:46 saveConfig: auto-save-60s
00:49:46 Saving config file
00:49:46 Saved config file successfully
00:50:46 saveConfig: auto-save-60s
00:50:46 Saving config file
00:50:46 Saved config file successfully
00:50:46 saveConfig: auto-save-60s
00:50:46 Saving config file
00:50:46 Saved config file successfully
00:51:12 saveConfig: saving-data
00:51:12 Saving pets file
00:51:12 Saved pets file successfully
00:51:12 saveConfig: saving-data
00:51:12 Saving pets file
00:51:12 Saved pets file successfully
00:51:46 saveConfig: auto-save-60s
00:51:46 Saving config file
00:51:46 Saved config file successfully
00:51:46 saveConfig: auto-save-60s
00:51:46 Saving config file
00:51:46 Saved config file successfully
00:52:01 saveConfig: saving-data
00:52:01 Saving pets file
00:52:01 Saved pets file successfully
00:52:01 saveConfig: saving-data
00:52:01 Saving pets file
00:52:01 Saved pets file successfully
00:52:46 saveConfig: auto-save-60s
00:52:46 Saving config file
00:52:46 Saved config file successfully
00:52:46 saveConfig: auto-save-60s
00:52:46 Saving config file
00:52:46 Saved config file successfully
00:53:46 saveConfig: auto-save-60s
00:53:46 Saving config file
00:53:46 Saved config file successfully
00:53:46 saveConfig: auto-save-60s
00:53:46 Saving config file
00:53:46 Saved config file successfully
00:54:46 saveConfig: auto-save-60s
00:54:46 Saving config file
00:54:46 Saved config file successfully
00:54:46 saveConfig: auto-save-60s
00:54:46 Saving config file
00:54:46 Saved config file successfully
00:55:46 saveConfig: auto-save-60s
00:55:46 Saving config file
00:55:46 Saved config file successfully
00:55:46 saveConfig: auto-save-60s
00:55:46 Saving config file
00:55:46 Saved config file successfully
00:55:55 saveConfig: saving-data
00:55:55 Saving pets file
00:55:55 Saved pets file successfully
00:55:55 saveConfig: saving-data
00:55:55 Saving pets file
00:55:55 Saved pets file successfully
00:56:26 saveConfig: saving-data
00:56:26 Saving pets file
00:56:26 Saved pets file successfully
00:56:26 saveConfig: saving-data
00:56:26 Saving pets file
00:56:26 Saved pets file successfully
00:56:46 saveConfig: auto-save-60s
00:56:46 Saving config file
00:56:46 Saved config file successfully
00:56:46 saveConfig: auto-save-60s
00:56:46 Saving config file
00:56:46 Saved config file successfully
00:57:11 saveConfig: saving-data
00:57:11 Saving pets file
00:57:11 Saved pets file successfully
00:57:11 saveConfig: saving-data
00:57:11 Saving pets file
00:57:11 Saved pets file successfully
00:57:42 saveConfig: saving-data
00:57:42 Saving pets file
00:57:42 Saved pets file successfully
00:57:42 saveConfig: saving-data
00:57:42 Saving pets file
00:57:42 Saved pets file successfully
00:57:46 saveConfig: auto-save-60s
00:57:46 Saving config file
00:57:46 Saved config file successfully
00:57:46 saveConfig: auto-save-60s
00:57:46 Saving config file
00:57:46 Saved config file successfully
00:58:46 saveConfig: auto-save-60s
00:58:46 Saving config file
00:58:46 Saved config file successfully
00:58:46 saveConfig: auto-save-60s
00:58:46 Saving config file
00:58:46 Saved config file successfully
00:59:46 saveConfig: auto-save-60s
00:59:46 Saving config file
00:59:46 Saved config file successfully
00:59:46 saveConfig: auto-save-60s
00:59:46 Saving config file
00:59:46 Saved config file successfully
01:00:46 saveConfig: auto-save-60s
01:00:46 Saving config file
01:00:46 Saved config file successfully
01:00:46 saveConfig: auto-save-60s
01:00:46 Saving config file
01:00:46 Saved config file successfully
01:01:46 saveConfig: auto-save-60s
01:01:46 Saving config file
01:01:46 Saved config file successfully
01:01:46 saveConfig: auto-save-60s
01:01:46 Saving config file
01:01:46 Saved config file successfully
01:02:46 saveConfig: auto-save-60s
01:02:46 Saving config file
01:02:46 Saved config file successfully
01:02:46 saveConfig: auto-save-60s
01:02:46 Saving config file
01:02:46 Saved config file successfully
01:03:46 saveConfig: auto-save-60s
01:03:46 Saving config file
01:03:46 Saved config file successfully
01:03:46 saveConfig: auto-save-60s
01:03:46 Saving config file
01:03:46 Saved config file successfully
01:04:46 saveConfig: auto-save-60s
01:04:46 Saving config file
01:04:46 Saved config file successfully
01:04:46 saveConfig: auto-save-60s
01:04:46 Saving config file
01:04:46 Saved config file successfully
01:05:46 saveConfig: auto-save-60s
01:05:46 Saving config file
01:05:46 Saved config file successfully
01:05:46 saveConfig: auto-save-60s
01:05:46 Saving config file
01:05:46 Saved config file successfully
01:06:46 saveConfig: auto-save-60s
01:06:46 Saving config file
01:06:46 Saved config file successfully
01:06:46 saveConfig: auto-save-60s
01:06:46 Saving config file
01:06:46 Saved config file successfully
01:07:46 saveConfig: auto-save-60s
01:07:46 Saving config file
01:07:46 Saved config file successfully
01:07:46 saveConfig: auto-save-60s
01:07:46 Saving config file
01:07:46 Saved config file successfully
01:08:46 saveConfig: auto-save-60s
01:08:46 Saving config file
01:08:46 Saved config file successfully
01:08:46 saveConfig: auto-save-60s
01:08:46 Saving config file
01:08:46 Saved config file successfully
01:09:46 saveConfig: auto-save-60s
01:09:46 Saving config file
01:09:46 Saved config file successfully
01:09:46 saveConfig: auto-save-60s
01:09:46 Saving config file
01:09:46 Saved config file successfully
01:10:46 saveConfig: auto-save-60s
01:10:46 Saving config file
01:10:46 Saved config file successfully
01:10:46 saveConfig: auto-save-60s
01:10:46 Saving config file
01:10:46 Saved config file successfully
01:11:46 saveConfig: auto-save-60s
01:11:46 Saving config file
01:11:46 Saved config file successfully
01:11:46 saveConfig: auto-save-60s
01:11:46 Saving config file
01:11:46 Saved config file successfully
01:12:46 saveConfig: auto-save-60s
01:12:46 Saving config file
01:12:46 Saved config file successfully
01:12:46 saveConfig: auto-save-60s
01:12:46 Saving config file
01:12:46 Saved config file successfully
01:13:46 saveConfig: auto-save-60s
01:13:46 Saving config file
01:13:46 Saved config file successfully
01:13:46 saveConfig: auto-save-60s
01:13:46 Saving config file
01:13:46 Saved config file successfully
01:14:38 saveConfig: saving-data
01:14:38 Saving pets file
01:14:38 Saved pets file successfully
01:14:38 saveConfig: saving-data
01:14:38 Saving pets file
01:14:38 Saved pets file successfully
01:14:46 saveConfig: auto-save-60s
01:14:46 Saving config file
01:14:46 Saved config file successfully
01:14:46 saveConfig: auto-save-60s
01:14:46 Saving config file
01:14:46 Saved config file successfully
01:15:46 saveConfig: auto-save-60s
01:15:46 Saving config file
01:15:46 Saved config file successfully
01:15:46 saveConfig: auto-save-60s
01:15:46 Saving config file
01:15:46 Saved config file successfully
01:16:46 saveConfig: auto-save-60s
01:16:46 Saving config file
01:16:46 Saved config file successfully
01:16:46 saveConfig: auto-save-60s
01:16:46 Saving config file
01:16:46 Saved config file successfully
01:17:46 saveConfig: auto-save-60s
01:17:46 Saving config file
01:17:46 Saved config file successfully
01:17:46 saveConfig: auto-save-60s
01:17:46 Saving config file
01:17:46 Saved config file successfully
01:18:46 saveConfig: auto-save-60s
01:18:46 Saving config file
01:18:46 Saved config file successfully
01:18:46 saveConfig: auto-save-60s
01:18:46 Saving config file
01:18:46 Saved config file successfully
01:19:46 saveConfig: auto-save-60s
01:19:46 Saving config file
01:19:46 Saved config file successfully
01:19:46 saveConfig: auto-save-60s
01:19:46 Saving config file
01:19:46 Saved config file successfully
01:20:46 saveConfig: auto-save-60s
01:20:46 Saving config file
01:20:46 Saved config file successfully
01:20:46 saveConfig: auto-save-60s
01:20:46 Saving config file
01:20:46 Saved config file successfully
01:20:57 saveConfig: saving-data
01:20:57 Saving pets file
01:20:57 Saved pets file successfully
01:20:57 saveConfig: saving-data
01:20:57 Saving pets file
01:20:57 Saved pets file successfully
01:21:28 saveConfig: saving-data
01:21:28 Saving pets file
01:21:28 Saved pets file successfully
01:21:28 saveConfig: saving-data
01:21:28 Saving pets file
01:21:28 Saved pets file successfully
01:21:46 saveConfig: auto-save-60s
01:21:46 Saving config file
01:21:46 Saved config file successfully
01:21:46 saveConfig: auto-save-60s
01:21:46 Saving config file
01:21:46 Saved config file successfully
01:22:46 saveConfig: auto-save-60s
01:22:46 Saving config file
01:22:46 Saved config file successfully
01:22:46 saveConfig: auto-save-60s
01:22:46 Saving config file
01:22:46 Saved config file successfully
01:23:46 saveConfig: auto-save-60s
01:23:46 Saving config file
01:23:46 Saved config file successfully
01:23:46 saveConfig: auto-save-60s
01:23:46 Saving config file
01:23:46 Saved config file successfully
01:24:46 saveConfig: auto-save-60s
01:24:46 Saving config file
01:24:46 Saved config file successfully
01:24:46 saveConfig: auto-save-60s
01:24:46 Saving config file
01:24:46 Saved config file successfully
01:25:46 saveConfig: auto-save-60s
01:25:46 Saving config file
01:25:46 Saved config file successfully
01:25:46 saveConfig: auto-save-60s
01:25:46 Saving config file
01:25:46 Saved config file successfully
01:26:46 saveConfig: auto-save-60s
01:26:46 Saving config file
01:26:46 Saved config file successfully
01:26:46 saveConfig: auto-save-60s
01:26:46 Saving config file
01:26:46 Saved config file successfully
01:27:46 saveConfig: auto-save-60s
01:27:46 Saving config file
01:27:46 Saved config file successfully
01:27:46 saveConfig: auto-save-60s
01:27:46 Saving config file
01:27:46 Saved config file successfully
01:28:46 saveConfig: auto-save-60s
01:28:46 Saving config file
01:28:46 Saved config file successfully
01:28:46 saveConfig: auto-save-60s
01:28:46 Saving config file
01:28:46 Saved config file successfully
01:29:46 saveConfig: auto-save-60s
01:29:46 Saving config file
01:29:46 Saved config file successfully
01:29:46 saveConfig: auto-save-60s
01:29:46 Saving config file
01:29:46 Saved config file successfully
01:30:46 saveConfig: auto-save-60s
01:30:46 Saving config file
01:30:46 Saved config file successfully
01:30:46 saveConfig: auto-save-60s
01:30:46 Saving config file
01:30:46 Saved config file successfully
01:31:46 saveConfig: auto-save-60s
01:31:46 Saving config file
01:31:46 Saved config file successfully
01:31:46 saveConfig: auto-save-60s
01:31:46 Saving config file
01:31:46 Saved config file successfully
01:32:46 saveConfig: auto-save-60s
01:32:46 Saving config file
01:32:46 Saved config file successfully
01:32:46 saveConfig: auto-save-60s
01:32:46 Saving config file
01:32:46 Saved config file successfully
01:33:46 saveConfig: auto-save-60s
01:33:46 Saving config file
01:33:46 Saved config file successfully
01:33:46 saveConfig: auto-save-60s
01:33:46 Saving config file
01:33:46 Saved config file successfully
01:33:50 saveConfig: saving-data
01:33:50 Saving pets file
01:33:50 Saved pets file successfully
01:33:50 saveConfig: saving-data
01:33:50 Saving pets file
01:33:50 Saved pets file successfully
01:34:46 saveConfig: auto-save-60s
01:34:46 Saving config file
01:34:46 Saved config file successfully
01:34:46 saveConfig: auto-save-60s
01:34:46 Saving config file
01:34:46 Saved config file successfully
01:35:46 saveConfig: auto-save-60s
01:35:46 Saving config file
01:35:46 Saved config file successfully
01:35:46 saveConfig: auto-save-60s
01:35:46 Saving config file
01:35:46 Saved config file successfully
01:36:46 saveConfig: auto-save-60s
01:36:46 Saving config file
01:36:46 Saved config file successfully
01:36:46 saveConfig: auto-save-60s
01:36:46 Saving config file
01:36:46 Saved config file successfully
01:37:46 saveConfig: auto-save-60s
01:37:46 Saving config file
01:37:46 Saved config file successfully
01:37:46 saveConfig: auto-save-60s
01:37:46 Saving config file
01:37:46 Saved config file successfully
01:38:46 saveConfig: auto-save-60s
01:38:46 Saving config file
01:38:46 Saved config file successfully
01:38:46 saveConfig: auto-save-60s
01:38:46 Saving config file
01:38:46 Saved config file successfully
01:39:46 saveConfig: auto-save-60s
01:39:46 Saving config file
01:39:46 Saved config file successfully
01:39:46 saveConfig: auto-save-60s
01:39:46 Saving config file
01:39:46 Saved config file successfully
01:40:46 saveConfig: auto-save-60s
01:40:46 Saving config file
01:40:46 Saved config file successfully
01:40:46 saveConfig: auto-save-60s
01:40:46 Saving config file
01:40:46 Saved config file successfully
01:41:46 saveConfig: auto-save-60s
01:41:46 Saving config file
01:41:46 Saved config file successfully
01:41:46 saveConfig: auto-save-60s
01:41:46 Saving config file
01:41:46 Saved config file successfully
01:42:46 saveConfig: auto-save-60s
01:42:46 Saving config file
01:42:46 Saved config file successfully
01:42:46 saveConfig: auto-save-60s
01:42:46 Saving config file
01:42:46 Saved config file successfully
01:43:46 saveConfig: auto-save-60s
01:43:46 Saving config file
01:43:46 Saved config file successfully
01:43:46 saveConfig: auto-save-60s
01:43:46 Saving config file
01:43:46 Saved config file successfully
01:44:46 saveConfig: auto-save-60s
01:44:46 Saving config file
01:44:46 Saved config file successfully
01:44:46 saveConfig: auto-save-60s
01:44:46 Saving config file
01:44:46 Saved config file successfully
01:45:46 saveConfig: auto-save-60s
01:45:46 Saving config file
01:45:46 Saved config file successfully
01:45:46 saveConfig: auto-save-60s
01:45:46 Saving config file
01:45:46 Saved config file successfully
01:46:46 saveConfig: auto-save-60s
01:46:46 Saving config file
01:46:46 Saved config file successfully
01:46:46 saveConfig: auto-save-60s
01:46:46 Saving config file
01:46:46 Saved config file successfully
01:47:10 saveConfig: saving-data
01:47:10 Saving pets file
01:47:10 Saved pets file successfully
01:47:10 saveConfig: saving-data
01:47:10 Saving pets file
01:47:10 Saved pets file successfully
01:47:46 saveConfig: auto-save-60s
01:47:46 Saving config file
01:47:46 Saved config file successfully
01:47:46 saveConfig: auto-save-60s
01:47:46 Saving config file
01:47:46 Saved config file successfully
01:48:46 saveConfig: auto-save-60s
01:48:46 Saving config file
01:48:46 Saved config file successfully
01:48:46 saveConfig: auto-save-60s
01:48:46 Saving config file
01:48:46 Saved config file successfully
01:49:46 saveConfig: auto-save-60s
01:49:46 Saving config file
01:49:46 Saved config file successfully
01:49:46 saveConfig: auto-save-60s
01:49:46 Saving config file
01:49:46 Saved config file successfully
01:50:46 saveConfig: auto-save-60s
01:50:46 Saving config file
01:50:46 Saved config file successfully
01:50:46 saveConfig: auto-save-60s
01:50:46 Saving config file
01:50:46 Saved config file successfully
01:51:46 saveConfig: auto-save-60s
01:51:46 Saving config file
01:51:46 Saved config file successfully
01:51:46 saveConfig: auto-save-60s
01:51:46 Saving config file
01:51:46 Saved config file successfully
01:52:46 saveConfig: auto-save-60s
01:52:46 Saving config file
01:52:46 Saved config file successfully
01:52:46 saveConfig: auto-save-60s
01:52:46 Saving config file
01:52:46 Saved config file successfully
01:53:46 saveConfig: auto-save-60s
01:53:46 Saving config file
01:53:46 Saved config file successfully
01:53:46 saveConfig: auto-save-60s
01:53:46 Saving config file
01:53:46 Saved config file successfully
01:54:46 saveConfig: auto-save-60s
01:54:46 Saving config file
01:54:46 Saved config file successfully
01:54:46 saveConfig: auto-save-60s
01:54:46 Saving config file
01:54:46 Saved config file successfully
01:55:46 saveConfig: auto-save-60s
01:55:46 Saving config file
01:55:46 Saved config file successfully
01:55:46 saveConfig: auto-save-60s
01:55:46 Saving config file
01:55:46 Saved config file successfully
01:56:36 saveConfig: saving-data
01:56:36 Saving pets file
01:56:36 Saved pets file successfully
01:56:36 saveConfig: saving-data
01:56:36 Saving pets file
01:56:36 Saved pets file successfully
01:56:46 saveConfig: auto-save-60s
01:56:46 Saving config file
01:56:46 Saved config file successfully
01:56:46 saveConfig: auto-save-60s
01:56:46 Saving config file
01:56:46 Saved config file successfully
01:57:46 saveConfig: auto-save-60s
01:57:46 Saving config file
01:57:46 Saved config file successfully
01:57:46 saveConfig: auto-save-60s
01:57:46 Saving config file
01:57:46 Saved config file successfully
01:58:46 saveConfig: auto-save-60s
01:58:46 Saving config file
01:58:46 Saved config file successfully
01:58:46 saveConfig: auto-save-60s
01:58:46 Saving config file
01:58:46 Saved config file successfully
01:59:46 saveConfig: auto-save-60s
01:59:46 Saving config file
01:59:46 Saved config file successfully
01:59:46 saveConfig: auto-save-60s
01:59:46 Saving config file
01:59:46 Saved config file successfully
02:00:46 saveConfig: auto-save-60s
02:00:46 Saving config file
02:00:46 Saved config file successfully
02:00:46 saveConfig: auto-save-60s
02:00:46 Saving config file
02:00:46 Saved config file successfully
02:01:46 saveConfig: auto-save-60s
02:01:46 Saving config file
02:01:46 Saved config file successfully
02:01:46 saveConfig: auto-save-60s
02:01:46 Saving config file
02:01:46 Saved config file successfully
02:02:46 saveConfig: auto-save-60s
02:02:46 Saving config file
02:02:46 Saved config file successfully
02:02:46 saveConfig: auto-save-60s
02:02:46 Saving config file
02:02:46 Saved config file successfully
02:03:18 saveConfig: saving-data
02:03:18 Saving pets file
02:03:18 Saved pets file successfully
02:03:18 saveConfig: saving-data
02:03:18 Saving pets file
02:03:18 Saved pets file successfully
02:03:46 saveConfig: auto-save-60s
02:03:46 Saving config file
02:03:46 Saved config file successfully
02:03:46 saveConfig: auto-save-60s
02:03:46 Saving config file
02:03:46 Saved config file successfully
02:04:46 saveConfig: auto-save-60s
02:04:46 Saving config file
02:04:46 Saved config file successfully
02:04:46 saveConfig: auto-save-60s
02:04:46 Saving config file
02:04:46 Saved config file successfully
02:05:46 saveConfig: auto-save-60s
02:05:46 Saving config file
02:05:46 Saved config file successfully
02:05:46 saveConfig: auto-save-60s
02:05:46 Saving config file
02:05:46 Saved config file successfully
02:06:37 saveConfig: saving-data
02:06:37 Saving pets file
02:06:37 Saved pets file successfully
02:06:37 saveConfig: saving-data
02:06:37 Saving pets file
02:06:37 Saved pets file successfully
02:06:46 saveConfig: auto-save-60s
02:06:46 Saving config file
02:06:46 Saved config file successfully
02:06:46 saveConfig: auto-save-60s
02:06:46 Saving config file
02:06:46 Saved config file successfully
02:07:08 saveConfig: saving-data
02:07:08 Saving pets file
02:07:08 Saved pets file successfully
02:07:08 saveConfig: saving-data
02:07:08 Saving pets file
02:07:08 Saved pets file successfully
02:07:46 saveConfig: auto-save-60s
02:07:46 Saving config file
02:07:46 Saved config file successfully
02:07:46 saveConfig: auto-save-60s
02:07:46 Saving config file
02:07:46 Saved config file successfully
02:08:46 saveConfig: auto-save-60s
02:08:46 Saving config file
02:08:46 Saved config file successfully
02:08:46 saveConfig: auto-save-60s
02:08:46 Saving config file
02:08:46 Saved config file successfully
02:09:46 saveConfig: auto-save-60s
02:09:46 Saving config file
02:09:46 Saved config file successfully
02:09:46 saveConfig: auto-save-60s
02:09:46 Saving config file
02:09:46 Saved config file successfully
02:10:46 saveConfig: auto-save-60s
02:10:46 Saving config file
02:10:46 Saved config file successfully
02:10:46 saveConfig: auto-save-60s
02:10:46 Saving config file
02:10:46 Saved config file successfully
02:11:05 saveConfig: saving-data
02:11:05 Saving pets file
02:11:05 Saved pets file successfully
02:11:05 saveConfig: saving-data
02:11:05 Saving pets file
02:11:05 Saved pets file successfully
02:11:36 saveConfig: saving-data
02:11:36 Saving pets file
02:11:36 Saved pets file successfully
02:11:36 saveConfig: saving-data
02:11:36 Saving pets file
02:11:36 Saved pets file successfully
02:11:46 saveConfig: auto-save-60s
02:11:46 Saving config file
02:11:46 Saved config file successfully
02:11:46 saveConfig: auto-save-60s
02:11:46 Saving config file
02:11:46 Saved config file successfully
02:11:55 saveConfig: saving-data
02:11:55 Saving sacks file
02:11:55 Saved sacks file successfully
02:11:55 saveConfig: saving-data
02:11:55 Saving sacks file
02:11:55 Saved sacks file successfully
02:12:23 saveConfig: saving-data
02:12:23 Saving sacks file
02:12:23 Saved sacks file successfully
02:12:23 saveConfig: saving-data
02:12:23 Saving sacks file
02:12:23 Saved sacks file successfully
02:12:46 saveConfig: auto-save-60s
02:12:46 Saving config file
02:12:46 Saved config file successfully
02:12:46 saveConfig: auto-save-60s
02:12:46 Saving config file
02:12:46 Saved config file successfully
02:13:46 saveConfig: auto-save-60s
02:13:46 Saving config file
02:13:46 Saved config file successfully
02:13:46 saveConfig: auto-save-60s
02:13:46 Saving config file
02:13:46 Saved config file successfully
02:13:59 saveConfig: saving-data
02:13:59 Saving pets file
02:13:59 Saved pets file successfully
02:13:59 saveConfig: saving-data
02:13:59 Saving pets file
02:13:59 Saved pets file successfully
02:14:46 saveConfig: auto-save-60s
02:14:46 Saving config file
02:14:46 Saved config file successfully
02:14:46 saveConfig: auto-save-60s
02:14:46 Saving config file
02:14:46 Saved config file successfully
02:15:46 saveConfig: auto-save-60s
02:15:46 Saving config file
02:15:46 Saved config file successfully
02:15:46 saveConfig: auto-save-60s
02:15:46 Saving config file
02:15:46 Saved config file successfully
02:16:46 saveConfig: auto-save-60s
02:16:46 Saving config file
02:16:46 Saved config file successfully
02:16:46 saveConfig: auto-save-60s
02:16:46 Saving config file
02:16:46 Saved config file successfully
02:17:46 saveConfig: auto-save-60s
02:17:46 Saving config file
02:17:46 Saved config file successfully
02:17:46 saveConfig: auto-save-60s
02:17:46 Saving config file
02:17:46 Saved config file successfully
02:18:46 saveConfig: auto-save-60s
02:18:46 Saving config file
02:18:46 Saved config file successfully
02:18:46 saveConfig: auto-save-60s
02:18:46 Saving config file
02:18:46 Saved config file successfully
02:19:46 saveConfig: auto-save-60s
02:19:46 Saving config file
02:19:46 Saved config file successfully
02:19:46 saveConfig: auto-save-60s
02:19:46 Saving config file
02:19:46 Saved config file successfully
02:20:46 saveConfig: auto-save-60s
02:20:46 Saving config file
02:20:46 Saved config file successfully
02:20:46 saveConfig: auto-save-60s
02:20:46 Saving config file
02:20:46 Saved config file successfully
02:21:46 saveConfig: auto-save-60s
02:21:46 Saving config file
02:21:46 Saved config file successfully
02:21:46 saveConfig: auto-save-60s
02:21:46 Saving config file
02:21:46 Saved config file successfully
02:22:46 saveConfig: auto-save-60s
02:22:46 Saving config file
02:22:46 Saved config file successfully
02:22:46 saveConfig: auto-save-60s
02:22:46 Saving config file
02:22:46 Saved config file successfully
02:23:46 saveConfig: auto-save-60s
02:23:46 Saving config file
02:23:46 Saved config file successfully
02:23:46 saveConfig: auto-save-60s
02:23:46 Saving config file
02:23:46 Saved config file successfully
02:24:46 saveConfig: auto-save-60s
02:24:46 Saving config file
02:24:46 Saved config file successfully
02:24:46 saveConfig: auto-save-60s
02:24:46 Saving config file
02:24:46 Saved config file successfully
02:25:46 saveConfig: auto-save-60s
02:25:46 Saving config file
02:25:46 Saved config file successfully
02:25:46 saveConfig: auto-save-60s
02:25:46 Saving config file
02:25:46 Saved config file successfully
02:26:46 saveConfig: auto-save-60s
02:26:46 Saving config file
02:26:46 Saved config file successfully
02:26:46 saveConfig: auto-save-60s
02:26:46 Saving config file
02:26:46 Saved config file successfully
02:27:46 saveConfig: auto-save-60s
02:27:46 Saving config file
02:27:46 Saved config file successfully
02:27:46 saveConfig: auto-save-60s
02:27:46 Saving config file
02:27:46 Saved config file successfully
02:28:46 saveConfig: auto-save-60s
02:28:46 Saving config file
02:28:46 Saved config file successfully
02:28:46 saveConfig: auto-save-60s
02:28:46 Saving config file
02:28:46 Saved config file successfully
02:29:46 saveConfig: auto-save-60s
02:29:46 Saving config file
02:29:46 Saved config file successfully
02:29:46 saveConfig: auto-save-60s
02:29:46 Saving config file
02:29:46 Saved config file successfully
02:30:46 saveConfig: auto-save-60s
02:30:46 Saving config file
02:30:46 Saved config file successfully
02:30:46 saveConfig: auto-save-60s
02:30:46 Saving config file
02:30:46 Saved config file successfully
02:31:46 saveConfig: auto-save-60s
02:31:46 Saving config file
02:31:46 Saved config file successfully
02:31:46 saveConfig: auto-save-60s
02:31:46 Saving config file
02:31:46 Saved config file successfully
02:32:46 saveConfig: auto-save-60s
02:32:46 Saving config file
02:32:46 Saved config file successfully
02:32:46 saveConfig: auto-save-60s
02:32:46 Saving config file
02:32:46 Saved config file successfully
02:33:46 saveConfig: auto-save-60s
02:33:46 Saving config file
02:33:46 Saved config file successfully
02:33:46 saveConfig: auto-save-60s
02:33:46 Saving config file
02:33:46 Saved config file successfully
02:34:46 saveConfig: auto-save-60s
02:34:46 Saving config file
02:34:46 Saved config file successfully
02:34:46 saveConfig: auto-save-60s
02:34:46 Saving config file
02:34:46 Saved config file successfully
02:35:46 saveConfig: auto-save-60s
02:35:46 Saving config file
02:35:46 Saved config file successfully
02:35:46 saveConfig: auto-save-60s
02:35:46 Saving config file
02:35:46 Saved config file successfully
02:36:46 saveConfig: auto-save-60s
02:36:46 Saving config file
02:36:46 Saved config file successfully
02:36:46 saveConfig: auto-save-60s
02:36:46 Saving config file
02:36:46 Saved config file successfully
02:37:46 saveConfig: auto-save-60s
02:37:46 Saving config file
02:37:46 Saved config file successfully
02:37:46 saveConfig: auto-save-60s
02:37:46 Saving config file
02:37:46 Saved config file successfully
02:38:46 saveConfig: auto-save-60s
02:38:46 Saving config file
02:38:46 Saved config file successfully
02:38:46 saveConfig: auto-save-60s
02:38:46 Saving config file
02:38:46 Saved config file successfully
02:39:46 saveConfig: auto-save-60s
02:39:46 Saving config file
02:39:46 Saved config file successfully
02:39:46 saveConfig: auto-save-60s
02:39:46 Saving config file
02:39:46 Saved config file successfully
02:40:46 saveConfig: auto-save-60s
02:40:46 Saving config file
02:40:46 Saved config file successfully
02:40:46 saveConfig: auto-save-60s
02:40:46 Saving config file
02:40:46 Saved config file successfully
02:41:46 saveConfig: auto-save-60s
02:41:46 Saving config file
02:41:46 Saved config file successfully
02:41:46 saveConfig: auto-save-60s
02:41:46 Saving config file
02:41:46 Saved config file successfully
02:42:46 saveConfig: auto-save-60s
02:42:46 Saving config file
02:42:46 Saved config file successfully
02:42:46 saveConfig: auto-save-60s
02:42:46 Saving config file
02:42:46 Saved config file successfully
02:43:46 saveConfig: auto-save-60s
02:43:46 Saving config file
02:43:46 Saved config file successfully
02:43:46 saveConfig: auto-save-60s
02:43:46 Saving config file
02:43:46 Saved config file successfully
02:44:46 saveConfig: auto-save-60s
02:44:46 Saving config file
02:44:46 Saved config file successfully
02:44:46 saveConfig: auto-save-60s
02:44:46 Saving config file
02:44:46 Saved config file successfully
02:45:46 saveConfig: auto-save-60s
02:45:46 Saving config file
02:45:46 Saved config file successfully
02:45:46 saveConfig: auto-save-60s
02:45:46 Saving config file
02:45:46 Saved config file successfully
02:46:46 saveConfig: auto-save-60s
02:46:46 Saving config file
02:46:46 Saved config file successfully
02:46:46 saveConfig: auto-save-60s
02:46:46 Saving config file
02:46:46 Saved config file successfully
02:47:46 saveConfig: auto-save-60s
02:47:46 Saving config file
02:47:46 Saved config file successfully
02:47:46 saveConfig: auto-save-60s
02:47:46 Saving config file
02:47:46 Saved config file successfully
02:48:46 saveConfig: auto-save-60s
02:48:46 Saving config file
02:48:46 Saved config file successfully
02:48:46 saveConfig: auto-save-60s
02:48:46 Saving config file
02:48:46 Saved config file successfully
02:49:46 saveConfig: auto-save-60s
02:49:46 Saving config file
02:49:46 Saved config file successfully
02:49:46 saveConfig: auto-save-60s
02:49:46 Saving config file
02:49:46 Saved config file successfully
02:50:46 saveConfig: auto-save-60s
02:50:46 Saving config file
02:50:46 Saved config file successfully
02:50:46 saveConfig: auto-save-60s
02:50:46 Saving config file
02:50:46 Saved config file successfully
02:51:46 saveConfig: auto-save-60s
02:51:46 Saving config file
02:51:46 Saved config file successfully
02:51:46 saveConfig: auto-save-60s
02:51:46 Saving config file
02:51:46 Saved config file successfully
02:52:46 saveConfig: auto-save-60s
02:52:46 Saving config file
02:52:46 Saved config file successfully
02:52:46 saveConfig: auto-save-60s
02:52:46 Saving config file
02:52:46 Saved config file successfully
02:53:46 saveConfig: auto-save-60s
02:53:46 Saving config file
02:53:46 Saved config file successfully
02:53:46 saveConfig: auto-save-60s
02:53:46 Saving config file
02:53:46 Saved config file successfully
