15:48:52 Trying to load config from config\skyhanni\config.json
15:48:52 load-config-now
15:48:53 Loaded config from file
15:48:53 Trying to load sacks from config\skyhanni\sacks.json
15:48:53 load-sacks-now
15:48:53 Loaded sacks from file
15:48:53 Trying to load friends from config\skyhanni\friends.json
15:48:53 load-friends-now
15:48:53 Loaded friends from file
15:48:53 Trying to load known_features from config\skyhanni\known_features.json
15:48:53 load-known_features-now
15:48:53 Loaded known_features from file
15:48:53 Trying to load jacob_contests from config\skyhanni\jacob_contests.json
15:48:53 Setting jacob_contests to be blank as it did not exist. It will be saved once something is written to it
15:48:53 Trying to load visual_words from config\skyhanni\visual_words.json
15:48:53 Setting visual_words to be blank as it did not exist. It will be saved once something is written to it
15:48:53 Trying to load pets from config\skyhanni\pets.json
15:48:53 load-pets-now
15:48:53 Loaded pets from file
15:49:53 saveConfig: auto-save-60s
15:49:53 Saving config file
15:49:53 Saved config file successfully
15:49:53 saveConfig: auto-save-60s
15:49:53 Saving config file
15:49:53 Saved config file successfully
15:50:53 saveConfig: auto-save-60s
15:50:53 Saving config file
15:50:53 Saved config file successfully
15:50:53 saveConfig: auto-save-60s
15:50:53 Saving config file
15:50:53 Saved config file successfully
15:51:20 saveConfig: Updated known feature flags
15:51:20 Saving known_features file
15:51:20 Saved known_features file successfully
15:51:20 saveConfig: Updated known feature flags
15:51:20 Saving known_features file
15:51:20 Saved known_features file successfully
15:51:26 saveConfig: saving-data
15:51:26 Saving pets file
15:51:26 Saved pets file successfully
15:51:26 saveConfig: saving-data
15:51:26 Saving pets file
15:51:26 Saved pets file successfully
15:51:53 saveConfig: auto-save-60s
15:51:53 Saving config file
15:51:53 Saved config file successfully
15:51:53 saveConfig: auto-save-60s
15:51:53 Saving config file
15:51:53 Saved config file successfully
15:51:57 saveConfig: saving-data
15:51:57 Saving pets file
15:51:57 Saved pets file successfully
15:51:57 saveConfig: saving-data
15:51:57 Saving pets file
15:51:57 Saved pets file successfully
15:52:53 saveConfig: auto-save-60s
15:52:53 Saving config file
15:52:53 Saved config file successfully
15:52:53 saveConfig: auto-save-60s
15:52:53 Saving config file
15:52:53 Saved config file successfully
15:53:05 saveConfig: saving-data
15:53:05 Saving pets file
15:53:05 Saved pets file successfully
15:53:05 saveConfig: saving-data
15:53:05 Saving pets file
15:53:05 Saved pets file successfully
15:53:36 saveConfig: saving-data
15:53:36 Saving pets file
15:53:36 Saved pets file successfully
15:53:36 saveConfig: saving-data
15:53:36 Saving pets file
15:53:36 Saved pets file successfully
15:53:44 saveConfig: saving-data
15:53:44 Saving sacks file
15:53:44 Saved sacks file successfully
15:53:44 saveConfig: saving-data
15:53:44 Saving sacks file
15:53:44 Saved sacks file successfully
15:53:51 saveConfig: saving-data
15:53:51 Saving sacks file
15:53:51 Saved sacks file successfully
15:53:51 saveConfig: saving-data
15:53:51 Saving sacks file
15:53:51 Saved sacks file successfully
15:53:53 saveConfig: auto-save-60s
15:53:53 Saving config file
15:53:53 Saved config file successfully
15:53:53 saveConfig: auto-save-60s
15:53:53 Saving config file
15:53:53 Saved config file successfully
15:54:04 saveConfig: saving-data
15:54:04 Saving sacks file
15:54:04 Saved sacks file successfully
15:54:04 saveConfig: saving-data
15:54:04 Saving sacks file
15:54:04 Saved sacks file successfully
15:54:07 saveConfig: saving-data
15:54:07 Saving pets file
15:54:07 Saved pets file successfully
15:54:07 saveConfig: saving-data
15:54:07 Saving pets file
15:54:07 Saved pets file successfully
15:54:22 saveConfig: saving-data
15:54:22 Saving sacks file
15:54:22 Saved sacks file successfully
15:54:22 saveConfig: saving-data
15:54:22 Saving sacks file
15:54:22 Saved sacks file successfully
15:54:28 saveConfig: saving-data
15:54:28 Saving sacks file
15:54:28 Saved sacks file successfully
15:54:28 saveConfig: saving-data
15:54:28 Saving sacks file
15:54:28 Saved sacks file successfully
15:54:37 saveConfig: saving-data
15:54:37 Saving sacks file
15:54:37 Saved sacks file successfully
15:54:37 saveConfig: saving-data
15:54:37 Saving sacks file
15:54:37 Saved sacks file successfully
15:54:38 saveConfig: saving-data
15:54:38 Saving pets file
15:54:38 Saved pets file successfully
15:54:38 saveConfig: saving-data
15:54:38 Saving pets file
15:54:38 Saved pets file successfully
15:54:53 saveConfig: auto-save-60s
15:54:53 Saving config file
15:54:53 Saved config file successfully
15:54:53 saveConfig: auto-save-60s
15:54:53 Saving config file
15:54:53 Saved config file successfully
15:54:56 saveConfig: saving-data
15:54:56 Saving sacks file
15:54:56 Saved sacks file successfully
15:54:56 saveConfig: saving-data
15:54:56 Saving sacks file
15:54:56 Saved sacks file successfully
15:55:09 saveConfig: saving-data
15:55:09 Saving pets file
15:55:09 Saved pets file successfully
15:55:09 saveConfig: saving-data
15:55:09 Saving pets file
15:55:09 Saved pets file successfully
15:55:45 saveConfig: saving-data
15:55:45 Saving pets file
15:55:45 Saved pets file successfully
15:55:45 saveConfig: saving-data
15:55:45 Saving pets file
15:55:45 Saved pets file successfully
15:55:53 saveConfig: auto-save-60s
15:55:53 Saving config file
15:55:53 Saved config file successfully
15:55:53 saveConfig: auto-save-60s
15:55:53 Saving config file
15:55:53 Saved config file successfully
15:56:16 saveConfig: saving-data
15:56:16 Saving pets file
15:56:16 Saved pets file successfully
15:56:16 saveConfig: saving-data
15:56:16 Saving pets file
15:56:16 Saved pets file successfully
15:56:47 saveConfig: saving-data
15:56:47 Saving pets file
15:56:47 Saved pets file successfully
15:56:47 saveConfig: saving-data
15:56:47 Saving pets file
15:56:47 Saved pets file successfully
15:56:53 saveConfig: auto-save-60s
15:56:53 Saving config file
15:56:53 Saved config file successfully
15:56:53 saveConfig: auto-save-60s
15:56:53 Saving config file
15:56:53 Saved config file successfully
15:57:18 saveConfig: saving-data
15:57:18 Saving pets file
15:57:18 Saved pets file successfully
15:57:18 saveConfig: saving-data
15:57:18 Saving pets file
15:57:18 Saved pets file successfully
15:57:39 saveConfig: saving-data
15:57:39 Saving sacks file
15:57:39 Saved sacks file successfully
15:57:39 saveConfig: saving-data
15:57:39 Saving sacks file
15:57:39 Saved sacks file successfully
15:57:49 saveConfig: saving-data
15:57:49 Saving pets file
15:57:49 Saved pets file successfully
15:57:49 saveConfig: saving-data
15:57:49 Saving pets file
15:57:49 Saved pets file successfully
15:57:53 saveConfig: auto-save-60s
15:57:53 Saving config file
15:57:53 Saved config file successfully
15:57:53 saveConfig: auto-save-60s
15:57:53 Saving config file
15:57:53 Saved config file successfully
15:57:55 saveConfig: saving-data
15:57:55 Saving sacks file
15:57:55 Saved sacks file successfully
15:57:55 saveConfig: saving-data
15:57:55 Saving sacks file
15:57:55 Saved sacks file successfully
15:58:03 saveConfig: saving-data
15:58:03 Saving sacks file
15:58:03 Saved sacks file successfully
15:58:03 saveConfig: saving-data
15:58:03 Saving sacks file
15:58:03 Saved sacks file successfully
15:58:20 saveConfig: saving-data
15:58:20 Saving pets file
15:58:20 Saved pets file successfully
15:58:20 saveConfig: saving-data
15:58:20 Saving pets file
15:58:20 Saved pets file successfully
15:58:43 saveConfig: saving-data
15:58:43 Saving sacks file
15:58:43 Saved sacks file successfully
15:58:43 saveConfig: saving-data
15:58:43 Saving sacks file
15:58:43 Saved sacks file successfully
15:58:51 saveConfig: saving-data
15:58:51 Saving pets file
15:58:51 Saved pets file successfully
15:58:51 saveConfig: saving-data
15:58:51 Saving pets file
15:58:51 Saved pets file successfully
15:58:53 saveConfig: auto-save-60s
15:58:53 Saving config file
15:58:53 Saved config file successfully
15:58:53 saveConfig: auto-save-60s
15:58:53 Saving config file
15:58:53 Saved config file successfully
15:58:59 saveConfig: saving-data
15:58:59 Saving sacks file
15:58:59 Saved sacks file successfully
15:58:59 saveConfig: saving-data
15:58:59 Saving sacks file
15:58:59 Saved sacks file successfully
15:59:22 saveConfig: saving-data
15:59:22 Saving pets file
15:59:22 Saved pets file successfully
15:59:22 saveConfig: saving-data
15:59:22 Saving pets file
15:59:22 Saved pets file successfully
15:59:35 saveConfig: saving-data
15:59:35 Saving sacks file
15:59:35 Saved sacks file successfully
15:59:35 saveConfig: saving-data
15:59:35 Saving sacks file
15:59:35 Saved sacks file successfully
15:59:53 saveConfig: saving-data
15:59:53 Saving pets file
15:59:53 Saved pets file successfully
15:59:53 saveConfig: saving-data
15:59:53 Saving pets file
15:59:53 Saved pets file successfully
15:59:53 saveConfig: auto-save-60s
15:59:53 Saving config file
15:59:53 Saved config file successfully
15:59:53 saveConfig: auto-save-60s
15:59:53 Saving config file
15:59:53 Saved config file successfully
16:00:06 saveConfig: saving-data
16:00:06 Saving sacks file
16:00:06 Saved sacks file successfully
16:00:06 saveConfig: saving-data
16:00:06 Saving sacks file
16:00:06 Saved sacks file successfully
16:00:24 saveConfig: saving-data
16:00:24 Saving pets file
16:00:24 Saved pets file successfully
16:00:24 saveConfig: saving-data
16:00:24 Saving pets file
16:00:24 Saved pets file successfully
16:00:37 saveConfig: saving-data
16:00:37 Saving sacks file
16:00:37 Saved sacks file successfully
16:00:37 saveConfig: saving-data
16:00:37 Saving sacks file
16:00:37 Saved sacks file successfully
16:00:53 saveConfig: auto-save-60s
16:00:53 Saving config file
16:00:53 Saved config file successfully
16:00:53 saveConfig: auto-save-60s
16:00:53 Saving config file
16:00:53 Saved config file successfully
16:00:55 saveConfig: saving-data
16:00:55 Saving pets file
16:00:55 Saved pets file successfully
16:00:55 saveConfig: saving-data
16:00:55 Saving pets file
16:00:55 Saved pets file successfully
16:01:09 saveConfig: saving-data
16:01:09 Saving sacks file
16:01:09 Saved sacks file successfully
16:01:09 saveConfig: saving-data
16:01:09 Saving sacks file
16:01:09 Saved sacks file successfully
16:01:26 saveConfig: saving-data
16:01:26 Saving pets file
16:01:26 Saved pets file successfully
16:01:26 saveConfig: saving-data
16:01:26 Saving pets file
16:01:26 Saved pets file successfully
16:01:40 saveConfig: saving-data
16:01:40 Saving sacks file
16:01:40 Saved sacks file successfully
16:01:40 saveConfig: saving-data
16:01:40 Saving sacks file
16:01:40 Saved sacks file successfully
16:01:53 saveConfig: auto-save-60s
16:01:53 Saving config file
16:01:53 Saved config file successfully
16:01:53 saveConfig: auto-save-60s
16:01:53 Saving config file
16:01:53 Saved config file successfully
16:01:57 saveConfig: saving-data
16:01:57 Saving pets file
16:01:57 Saved pets file successfully
16:01:57 saveConfig: saving-data
16:01:57 Saving pets file
16:01:57 Saved pets file successfully
16:02:11 saveConfig: saving-data
16:02:11 Saving sacks file
16:02:11 Saved sacks file successfully
16:02:11 saveConfig: saving-data
16:02:11 Saving sacks file
16:02:11 Saved sacks file successfully
16:02:28 saveConfig: saving-data
16:02:28 Saving pets file
16:02:28 Saved pets file successfully
16:02:28 saveConfig: saving-data
16:02:28 Saving pets file
16:02:28 Saved pets file successfully
16:02:42 saveConfig: saving-data
16:02:42 Saving sacks file
16:02:42 Saved sacks file successfully
16:02:42 saveConfig: saving-data
16:02:42 Saving sacks file
16:02:42 Saved sacks file successfully
16:02:53 saveConfig: auto-save-60s
16:02:53 Saving config file
16:02:53 Saved config file successfully
16:02:53 saveConfig: auto-save-60s
16:02:53 Saving config file
16:02:53 Saved config file successfully
16:02:58 saveConfig: saving-data
16:02:58 Saving pets file
16:02:58 Saved pets file successfully
16:02:58 saveConfig: saving-data
16:02:58 Saving pets file
16:02:58 Saved pets file successfully
16:03:13 saveConfig: saving-data
16:03:13 Saving sacks file
16:03:13 Saved sacks file successfully
16:03:13 saveConfig: saving-data
16:03:13 Saving sacks file
16:03:13 Saved sacks file successfully
16:03:29 saveConfig: saving-data
16:03:29 Saving pets file
16:03:29 Saved pets file successfully
16:03:29 saveConfig: saving-data
16:03:29 Saving pets file
16:03:29 Saved pets file successfully
16:03:43 saveConfig: saving-data
16:03:43 Saving sacks file
16:03:43 Saved sacks file successfully
16:03:43 saveConfig: saving-data
16:03:43 Saving sacks file
16:03:43 Saved sacks file successfully
16:03:53 saveConfig: auto-save-60s
16:03:53 Saving config file
16:03:53 Saved config file successfully
16:03:53 saveConfig: auto-save-60s
16:03:53 Saving config file
16:03:53 Saved config file successfully
16:04:00 saveConfig: saving-data
16:04:00 Saving pets file
16:04:00 Saved pets file successfully
16:04:00 saveConfig: saving-data
16:04:00 Saving pets file
16:04:00 Saved pets file successfully
16:04:39 saveConfig: saving-data
16:04:39 Saving pets file
16:04:39 Saved pets file successfully
16:04:39 saveConfig: saving-data
16:04:39 Saving pets file
16:04:39 Saved pets file successfully
16:04:53 saveConfig: auto-save-60s
16:04:53 Saving config file
16:04:53 Saved config file successfully
16:04:53 saveConfig: auto-save-60s
16:04:53 Saving config file
16:04:53 Saved config file successfully
16:05:10 saveConfig: saving-data
16:05:10 Saving pets file
16:05:10 Saved pets file successfully
16:05:10 saveConfig: saving-data
16:05:10 Saving pets file
16:05:10 Saved pets file successfully
16:05:41 saveConfig: saving-data
16:05:41 Saving pets file
16:05:41 Saved pets file successfully
16:05:41 saveConfig: saving-data
16:05:41 Saving pets file
16:05:41 Saved pets file successfully
16:05:53 saveConfig: auto-save-60s
16:05:53 Saving config file
16:05:53 Saved config file successfully
16:05:53 saveConfig: auto-save-60s
16:05:53 Saving config file
16:05:53 Saved config file successfully
16:06:12 saveConfig: saving-data
16:06:12 Saving pets file
16:06:12 Saved pets file successfully
16:06:12 saveConfig: saving-data
16:06:12 Saving pets file
16:06:12 Saved pets file successfully
16:06:38 saveConfig: saving-data
16:06:38 Saving sacks file
16:06:38 Saved sacks file successfully
16:06:38 saveConfig: saving-data
16:06:38 Saving sacks file
16:06:38 Saved sacks file successfully
16:06:43 saveConfig: saving-data
16:06:43 Saving pets file
16:06:43 Saved pets file successfully
16:06:43 saveConfig: saving-data
16:06:43 Saving pets file
16:06:43 Saved pets file successfully
16:06:53 saveConfig: auto-save-60s
16:06:53 Saving config file
16:06:53 Saved config file successfully
16:06:53 saveConfig: auto-save-60s
16:06:53 Saving config file
16:06:53 Saved config file successfully
16:07:14 saveConfig: saving-data
16:07:14 Saving pets file
16:07:14 Saved pets file successfully
16:07:14 saveConfig: saving-data
16:07:14 Saving pets file
16:07:14 Saved pets file successfully
16:07:45 saveConfig: saving-data
16:07:45 Saving pets file
16:07:45 Saved pets file successfully
16:07:45 saveConfig: saving-data
16:07:45 Saving pets file
16:07:45 Saved pets file successfully
16:07:53 saveConfig: auto-save-60s
16:07:53 Saving config file
16:07:53 Saved config file successfully
16:07:53 saveConfig: auto-save-60s
16:07:53 Saving config file
16:07:53 Saved config file successfully
16:08:53 saveConfig: auto-save-60s
16:08:53 Saving config file
16:08:53 Saved config file successfully
16:08:53 saveConfig: auto-save-60s
16:08:53 Saving config file
16:08:53 Saved config file successfully
16:08:57 saveConfig: saving-data
16:08:57 Saving pets file
16:08:57 Saved pets file successfully
16:08:57 saveConfig: saving-data
16:08:57 Saving pets file
16:08:57 Saved pets file successfully
16:09:53 saveConfig: auto-save-60s
16:09:53 Saving config file
16:09:53 Saved config file successfully
16:09:53 saveConfig: auto-save-60s
16:09:53 Saving config file
16:09:53 Saved config file successfully
16:10:24 saveConfig: saving-data
16:10:24 Saving pets file
16:10:24 Saved pets file successfully
16:10:24 saveConfig: saving-data
16:10:24 Saving pets file
16:10:24 Saved pets file successfully
16:10:31 saveConfig: saving-data
16:10:31 Saving sacks file
16:10:31 Saved sacks file successfully
16:10:31 saveConfig: saving-data
16:10:31 Saving sacks file
16:10:31 Saved sacks file successfully
16:10:53 saveConfig: auto-save-60s
16:10:53 Saving config file
16:10:53 Saved config file successfully
16:10:53 saveConfig: auto-save-60s
16:10:53 Saving config file
16:10:53 Saved config file successfully
16:10:55 saveConfig: saving-data
16:10:55 Saving pets file
16:10:55 Saved pets file successfully
16:10:55 saveConfig: saving-data
16:10:55 Saving pets file
16:10:55 Saved pets file successfully
16:11:26 saveConfig: saving-data
16:11:26 Saving pets file
16:11:26 Saved pets file successfully
16:11:26 saveConfig: saving-data
16:11:26 Saving pets file
16:11:26 Saved pets file successfully
16:11:53 saveConfig: auto-save-60s
16:11:53 Saving config file
16:11:53 Saved config file successfully
16:11:53 saveConfig: auto-save-60s
16:11:53 Saving config file
16:11:53 Saved config file successfully
16:11:57 saveConfig: saving-data
16:11:57 Saving pets file
16:11:57 Saved pets file successfully
16:11:57 saveConfig: saving-data
16:11:57 Saving pets file
16:11:57 Saved pets file successfully
16:12:04 saveConfig: saving-data
16:12:04 Saving sacks file
16:12:04 Saved sacks file successfully
16:12:04 saveConfig: saving-data
16:12:04 Saving sacks file
16:12:04 Saved sacks file successfully
16:12:36 saveConfig: saving-data
16:12:36 Saving sacks file
16:12:36 Saved sacks file successfully
16:12:36 saveConfig: saving-data
16:12:36 Saving sacks file
16:12:36 Saved sacks file successfully
16:12:53 saveConfig: auto-save-60s
16:12:53 Saving config file
16:12:53 Saved config file successfully
16:12:53 saveConfig: auto-save-60s
16:12:53 Saving config file
16:12:53 Saved config file successfully
16:12:53 saveConfig: saving-data
16:12:53 Saving sacks file
16:12:53 Saved sacks file successfully
16:12:53 saveConfig: saving-data
16:12:53 Saving sacks file
16:12:53 Saved sacks file successfully
16:13:26 saveConfig: saving-data
16:13:26 Saving sacks file
16:13:26 Saved sacks file successfully
16:13:26 saveConfig: saving-data
16:13:26 Saving sacks file
16:13:26 Saved sacks file successfully
16:13:53 saveConfig: auto-save-60s
16:13:53 Saving config file
16:13:53 Saved config file successfully
16:13:53 saveConfig: auto-save-60s
16:13:53 Saving config file
16:13:53 Saved config file successfully
16:13:57 saveConfig: saving-data
16:13:57 Saving sacks file
16:13:57 Saved sacks file successfully
16:13:57 saveConfig: saving-data
16:13:57 Saving sacks file
16:13:57 Saved sacks file successfully
16:14:29 saveConfig: saving-data
16:14:29 Saving sacks file
16:14:29 Saved sacks file successfully
16:14:29 saveConfig: saving-data
16:14:29 Saving sacks file
16:14:29 Saved sacks file successfully
16:14:53 saveConfig: auto-save-60s
16:14:53 Saving config file
16:14:53 Saved config file successfully
16:14:53 saveConfig: auto-save-60s
16:14:53 Saving config file
16:14:53 Saved config file successfully
16:15:00 saveConfig: saving-data
16:15:00 Saving sacks file
16:15:00 Saved sacks file successfully
16:15:00 saveConfig: saving-data
16:15:00 Saving sacks file
16:15:00 Saved sacks file successfully
16:15:08 saveConfig: saving-data
16:15:08 Saving sacks file
16:15:08 Saved sacks file successfully
16:15:08 saveConfig: saving-data
16:15:08 Saving sacks file
16:15:08 Saved sacks file successfully
16:15:39 saveConfig: saving-data
16:15:39 Saving sacks file
16:15:39 Saved sacks file successfully
16:15:39 saveConfig: saving-data
16:15:39 Saving sacks file
16:15:39 Saved sacks file successfully
16:15:53 saveConfig: auto-save-60s
16:15:53 Saving config file
16:15:53 Saved config file successfully
16:15:53 saveConfig: auto-save-60s
16:15:53 Saving config file
16:15:53 Saved config file successfully
16:16:10 saveConfig: saving-data
16:16:10 Saving sacks file
16:16:10 Saved sacks file successfully
16:16:10 saveConfig: saving-data
16:16:10 Saving sacks file
16:16:10 Saved sacks file successfully
16:16:41 saveConfig: saving-data
16:16:41 Saving sacks file
16:16:41 Saved sacks file successfully
16:16:41 saveConfig: saving-data
16:16:41 Saving sacks file
16:16:41 Saved sacks file successfully
16:16:53 saveConfig: auto-save-60s
16:16:53 Saving config file
16:16:53 Saved config file successfully
16:16:53 saveConfig: auto-save-60s
16:16:53 Saving config file
16:16:53 Saved config file successfully
16:17:12 saveConfig: saving-data
16:17:12 Saving sacks file
16:17:12 Saved sacks file successfully
16:17:12 saveConfig: saving-data
16:17:12 Saving sacks file
16:17:12 Saved sacks file successfully
16:17:43 saveConfig: saving-data
16:17:43 Saving sacks file
16:17:43 Saved sacks file successfully
16:17:43 saveConfig: saving-data
16:17:43 Saving sacks file
16:17:43 Saved sacks file successfully
16:17:53 saveConfig: auto-save-60s
16:17:53 Saving config file
16:17:53 Saved config file successfully
16:17:53 saveConfig: auto-save-60s
16:17:53 Saving config file
16:17:53 Saved config file successfully
16:18:14 saveConfig: saving-data
16:18:14 Saving sacks file
16:18:14 Saved sacks file successfully
16:18:14 saveConfig: saving-data
16:18:14 Saving sacks file
16:18:14 Saved sacks file successfully
16:18:45 saveConfig: saving-data
16:18:45 Saving sacks file
16:18:45 Saved sacks file successfully
16:18:45 saveConfig: saving-data
16:18:45 Saving sacks file
16:18:45 Saved sacks file successfully
16:18:53 saveConfig: auto-save-60s
16:18:53 Saving config file
16:18:53 Saved config file successfully
16:18:53 saveConfig: auto-save-60s
16:18:53 Saving config file
16:18:53 Saved config file successfully
16:19:16 saveConfig: saving-data
16:19:16 Saving sacks file
16:19:16 Saved sacks file successfully
16:19:16 saveConfig: saving-data
16:19:16 Saving sacks file
16:19:16 Saved sacks file successfully
16:19:48 saveConfig: saving-data
16:19:48 Saving sacks file
16:19:48 Saved sacks file successfully
16:19:48 saveConfig: saving-data
16:19:48 Saving sacks file
16:19:48 Saved sacks file successfully
16:19:53 saveConfig: auto-save-60s
16:19:53 Saving config file
16:19:53 Saved config file successfully
16:19:53 saveConfig: auto-save-60s
16:19:53 Saving config file
16:19:53 Saved config file successfully
16:20:19 saveConfig: saving-data
16:20:19 Saving sacks file
16:20:19 Saved sacks file successfully
16:20:19 saveConfig: saving-data
16:20:19 Saving sacks file
16:20:19 Saved sacks file successfully
16:20:50 saveConfig: saving-data
16:20:50 Saving sacks file
16:20:50 Saved sacks file successfully
16:20:50 saveConfig: saving-data
16:20:50 Saving sacks file
16:20:50 Saved sacks file successfully
16:20:53 saveConfig: auto-save-60s
16:20:53 Saving config file
16:20:53 Saved config file successfully
16:20:53 saveConfig: auto-save-60s
16:20:53 Saving config file
16:20:53 Saved config file successfully
16:21:21 saveConfig: saving-data
16:21:21 Saving sacks file
16:21:21 Saved sacks file successfully
16:21:21 saveConfig: saving-data
16:21:21 Saving sacks file
16:21:21 Saved sacks file successfully
16:21:52 saveConfig: saving-data
16:21:52 Saving sacks file
16:21:52 Saved sacks file successfully
16:21:52 saveConfig: saving-data
16:21:52 Saving sacks file
16:21:52 Saved sacks file successfully
16:21:53 saveConfig: auto-save-60s
16:21:53 Saving config file
16:21:53 Saved config file successfully
16:21:53 saveConfig: auto-save-60s
16:21:53 Saving config file
16:21:53 Saved config file successfully
16:22:53 saveConfig: auto-save-60s
16:22:53 Saving config file
16:22:53 Saved config file successfully
16:22:53 saveConfig: auto-save-60s
16:22:53 Saving config file
16:22:53 Saved config file successfully
16:23:53 saveConfig: auto-save-60s
16:23:53 Saving config file
16:23:53 Saved config file successfully
16:23:53 saveConfig: auto-save-60s
16:23:53 Saving config file
16:23:53 Saved config file successfully
16:24:23 saveConfig: saving-data
16:24:23 Saving pets file
16:24:23 Saved pets file successfully
16:24:23 saveConfig: saving-data
16:24:23 Saving pets file
16:24:23 Saved pets file successfully
16:24:53 saveConfig: auto-save-60s
16:24:53 Saving config file
16:24:53 Saved config file successfully
16:24:53 saveConfig: auto-save-60s
16:24:53 Saving config file
16:24:53 Saved config file successfully
16:24:54 saveConfig: saving-data
16:24:54 Saving pets file
16:24:54 Saved pets file successfully
16:24:54 saveConfig: saving-data
16:24:54 Saving pets file
16:24:54 Saved pets file successfully
16:25:03 saveConfig: saving-data
16:25:03 Saving sacks file
16:25:03 Saved sacks file successfully
16:25:03 saveConfig: saving-data
16:25:03 Saving sacks file
16:25:03 Saved sacks file successfully
16:25:53 saveConfig: auto-save-60s
16:25:53 Saving config file
16:25:53 Saved config file successfully
16:25:53 saveConfig: auto-save-60s
16:25:53 Saving config file
16:25:53 Saved config file successfully
16:25:58 saveConfig: saving-data
16:25:58 Saving sacks file
16:25:58 Saved sacks file successfully
16:25:58 saveConfig: saving-data
16:25:58 Saving sacks file
16:25:58 Saved sacks file successfully
16:26:00 saveConfig: saving-data
16:26:00 Saving sacks file
16:26:00 Saved sacks file successfully
16:26:00 saveConfig: saving-data
16:26:00 Saving sacks file
16:26:00 Saved sacks file successfully
16:26:16 saveConfig: saving-data
16:26:16 Saving sacks file
16:26:16 Saved sacks file successfully
16:26:16 saveConfig: saving-data
16:26:16 Saving sacks file
16:26:16 Saved sacks file successfully
16:26:16 saveConfig: saving-data
16:26:16 Saving sacks file
16:26:16 Saved sacks file successfully
16:26:16 saveConfig: saving-data
16:26:16 Saving sacks file
16:26:16 Saved sacks file successfully
16:26:24 saveConfig: saving-data
16:26:24 Saving sacks file
16:26:24 Saved sacks file successfully
16:26:24 saveConfig: saving-data
16:26:24 Saving sacks file
16:26:24 Saved sacks file successfully
16:26:53 saveConfig: auto-save-60s
16:26:53 Saving config file
16:26:53 Saved config file successfully
16:26:53 saveConfig: auto-save-60s
16:26:53 Saving config file
16:26:53 Saved config file successfully
16:27:32 saveConfig: saving-data
16:27:32 Saving sacks file
16:27:32 Saved sacks file successfully
16:27:32 saveConfig: saving-data
16:27:32 Saving sacks file
16:27:32 Saved sacks file successfully
16:27:38 saveConfig: saving-data
16:27:38 Saving sacks file
16:27:38 Saved sacks file successfully
16:27:38 saveConfig: saving-data
16:27:38 Saving sacks file
16:27:38 Saved sacks file successfully
16:27:53 saveConfig: auto-save-60s
16:27:53 Saving config file
16:27:53 Saved config file successfully
16:27:53 saveConfig: auto-save-60s
16:27:53 Saving config file
16:27:53 Saved config file successfully
16:28:13 saveConfig: saving-data
16:28:13 Saving sacks file
16:28:13 Saved sacks file successfully
16:28:13 saveConfig: saving-data
16:28:13 Saving sacks file
16:28:13 Saved sacks file successfully
16:28:44 saveConfig: saving-data
16:28:44 Saving sacks file
16:28:44 Saved sacks file successfully
16:28:44 saveConfig: saving-data
16:28:44 Saving sacks file
16:28:44 Saved sacks file successfully
16:28:53 saveConfig: auto-save-60s
16:28:53 Saving config file
16:28:53 Saved config file successfully
16:28:53 saveConfig: auto-save-60s
16:28:53 Saving config file
16:28:53 Saved config file successfully
16:29:15 saveConfig: saving-data
16:29:15 Saving sacks file
16:29:15 Saved sacks file successfully
16:29:15 saveConfig: saving-data
16:29:15 Saving sacks file
16:29:15 Saved sacks file successfully
16:29:46 saveConfig: saving-data
16:29:46 Saving sacks file
16:29:46 Saved sacks file successfully
16:29:46 saveConfig: saving-data
16:29:46 Saving sacks file
16:29:47 Saved sacks file successfully
16:29:53 saveConfig: auto-save-60s
16:29:53 Saving config file
16:29:53 Saved config file successfully
16:29:53 saveConfig: auto-save-60s
16:29:53 Saving config file
16:29:53 Saved config file successfully
16:30:53 saveConfig: auto-save-60s
16:30:53 Saving config file
16:30:53 Saved config file successfully
16:30:53 saveConfig: auto-save-60s
16:30:53 Saving config file
16:30:53 Saved config file successfully
16:31:53 saveConfig: auto-save-60s
16:31:53 Saving config file
16:31:53 Saved config file successfully
16:31:53 saveConfig: auto-save-60s
16:31:53 Saving config file
16:31:53 Saved config file successfully
16:32:53 saveConfig: auto-save-60s
16:32:53 Saving config file
16:32:53 Saved config file successfully
16:32:53 saveConfig: auto-save-60s
16:32:53 Saving config file
16:32:53 Saved config file successfully
16:33:53 saveConfig: auto-save-60s
16:33:53 Saving config file
16:33:53 Saved config file successfully
16:33:53 saveConfig: auto-save-60s
16:33:53 Saving config file
16:33:53 Saved config file successfully
16:34:53 saveConfig: auto-save-60s
16:34:53 Saving config file
16:34:53 Saved config file successfully
16:34:53 saveConfig: auto-save-60s
16:34:53 Saving config file
16:34:53 Saved config file successfully
16:35:53 saveConfig: auto-save-60s
16:35:53 Saving config file
16:35:53 Saved config file successfully
16:35:53 saveConfig: auto-save-60s
16:35:53 Saving config file
16:35:53 Saved config file successfully
16:36:53 saveConfig: auto-save-60s
16:36:53 Saving config file
16:36:53 Saved config file successfully
16:36:53 saveConfig: auto-save-60s
16:36:53 Saving config file
16:36:53 Saved config file successfully
16:37:53 saveConfig: auto-save-60s
16:37:53 Saving config file
16:37:53 Saved config file successfully
16:37:53 saveConfig: auto-save-60s
16:37:53 Saving config file
16:37:53 Saved config file successfully
16:38:53 saveConfig: auto-save-60s
16:38:53 Saving config file
16:38:53 Saved config file successfully
16:38:53 saveConfig: auto-save-60s
16:38:53 Saving config file
16:38:53 Saved config file successfully
16:39:24 saveConfig: saving-data
16:39:24 Saving pets file
16:39:24 Saved pets file successfully
16:39:24 saveConfig: saving-data
16:39:24 Saving pets file
16:39:24 Saved pets file successfully
16:39:53 saveConfig: auto-save-60s
16:39:53 Saving config file
16:39:53 Saved config file successfully
16:39:53 saveConfig: auto-save-60s
16:39:53 Saving config file
16:39:53 Saved config file successfully
16:39:54 saveConfig: saving-data
16:39:54 Saving sacks file
16:39:54 Saved sacks file successfully
16:39:54 saveConfig: saving-data
16:39:54 Saving sacks file
16:39:54 Saved sacks file successfully
16:39:55 saveConfig: saving-data
16:39:55 Saving pets file
16:39:55 Saved pets file successfully
16:39:55 saveConfig: saving-data
16:39:55 Saving pets file
16:39:55 Saved pets file successfully
16:40:04 saveConfig: saving-data
16:40:04 Saving sacks file
16:40:04 Saved sacks file successfully
16:40:04 saveConfig: saving-data
16:40:04 Saving sacks file
16:40:04 Saved sacks file successfully
16:40:26 saveConfig: saving-data
16:40:26 Saving pets file
16:40:26 Saved pets file successfully
16:40:26 saveConfig: saving-data
16:40:26 Saving pets file
16:40:26 Saved pets file successfully
16:40:53 saveConfig: auto-save-60s
16:40:53 Saving config file
16:40:53 Saved config file successfully
16:40:53 saveConfig: auto-save-60s
16:40:53 Saving config file
16:40:53 Saved config file successfully
16:41:02 saveConfig: saving-data
16:41:02 Saving sacks file
16:41:02 Saved sacks file successfully
16:41:02 saveConfig: saving-data
16:41:02 Saving sacks file
16:41:02 Saved sacks file successfully
16:41:09 saveConfig: saving-data
16:41:09 Saving sacks file
16:41:09 Saved sacks file successfully
16:41:09 saveConfig: saving-data
16:41:09 Saving sacks file
16:41:09 Saved sacks file successfully
16:41:20 saveConfig: saving-data
16:41:20 Saving sacks file
16:41:20 Saved sacks file successfully
16:41:20 saveConfig: saving-data
16:41:20 Saving sacks file
16:41:20 Saved sacks file successfully
16:41:53 saveConfig: saving-data
16:41:53 Saving sacks file
16:41:53 Saved sacks file successfully
16:41:53 saveConfig: saving-data
16:41:53 Saving sacks file
16:41:53 Saved sacks file successfully
16:41:53 saveConfig: auto-save-60s
16:41:53 Saving config file
16:41:53 Saved config file successfully
16:41:53 saveConfig: auto-save-60s
16:41:53 Saving config file
16:41:53 Saved config file successfully
16:42:24 saveConfig: saving-data
16:42:24 Saving sacks file
16:42:24 Saved sacks file successfully
16:42:24 saveConfig: saving-data
16:42:24 Saving sacks file
16:42:24 Saved sacks file successfully
16:42:53 saveConfig: auto-save-60s
16:42:53 Saving config file
16:42:53 Saved config file successfully
16:42:53 saveConfig: auto-save-60s
16:42:53 Saving config file
16:42:53 Saved config file successfully
16:42:55 saveConfig: saving-data
16:42:55 Saving sacks file
16:42:55 Saved sacks file successfully
16:42:55 saveConfig: saving-data
16:42:55 Saving sacks file
16:42:55 Saved sacks file successfully
16:43:26 saveConfig: saving-data
16:43:26 Saving sacks file
16:43:26 Saved sacks file successfully
16:43:26 saveConfig: saving-data
16:43:26 Saving sacks file
16:43:26 Saved sacks file successfully
16:43:53 saveConfig: auto-save-60s
16:43:53 Saving config file
16:43:53 Saved config file successfully
16:43:53 saveConfig: auto-save-60s
16:43:53 Saving config file
16:43:53 Saved config file successfully
16:43:57 saveConfig: saving-data
16:43:57 Saving sacks file
16:43:57 Saved sacks file successfully
16:43:57 saveConfig: saving-data
16:43:57 Saving sacks file
16:43:57 Saved sacks file successfully
16:44:28 saveConfig: saving-data
16:44:28 Saving sacks file
16:44:28 Saved sacks file successfully
16:44:28 saveConfig: saving-data
16:44:28 Saving sacks file
16:44:28 Saved sacks file successfully
16:44:45 saveConfig: saving-data
16:44:45 Saving sacks file
16:44:45 Saved sacks file successfully
16:44:45 saveConfig: saving-data
16:44:45 Saving sacks file
16:44:45 Saved sacks file successfully
16:44:53 saveConfig: auto-save-60s
16:44:53 Saving config file
16:44:53 Saved config file successfully
16:44:53 saveConfig: auto-save-60s
16:44:53 Saving config file
16:44:53 Saved config file successfully
16:45:43 saveConfig: saving-data
16:45:43 Saving pets file
16:45:43 Saved pets file successfully
16:45:43 saveConfig: saving-data
16:45:43 Saving pets file
16:45:43 Saved pets file successfully
16:45:53 saveConfig: auto-save-60s
16:45:53 Saving config file
16:45:53 Saved config file successfully
16:45:53 saveConfig: auto-save-60s
16:45:53 Saving config file
16:45:53 Saved config file successfully
16:45:57 saveConfig: saving-data
16:45:57 Saving sacks file
16:45:57 Saved sacks file successfully
16:45:57 saveConfig: saving-data
16:45:57 Saving sacks file
16:45:57 Saved sacks file successfully
16:46:04 saveConfig: saving-data
16:46:04 Saving sacks file
16:46:04 Saved sacks file successfully
16:46:04 saveConfig: saving-data
16:46:04 Saving sacks file
16:46:04 Saved sacks file successfully
16:46:05 saveConfig: saving-data
16:46:05 Saving sacks file
16:46:05 Saved sacks file successfully
16:46:05 saveConfig: saving-data
16:46:05 Saving sacks file
16:46:05 Saved sacks file successfully
16:46:12 saveConfig: saving-data
16:46:12 Saving sacks file
16:46:13 Saved sacks file successfully
16:46:13 saveConfig: saving-data
16:46:13 Saving sacks file
16:46:13 Saved sacks file successfully
16:46:14 saveConfig: saving-data
16:46:14 Saving pets file
16:46:14 Saved pets file successfully
16:46:14 saveConfig: saving-data
16:46:14 Saving pets file
16:46:14 Saved pets file successfully
16:46:45 saveConfig: saving-data
16:46:45 Saving pets file
16:46:45 Saved pets file successfully
16:46:45 saveConfig: saving-data
16:46:45 Saving pets file
16:46:45 Saved pets file successfully
16:46:53 saveConfig: auto-save-60s
16:46:53 Saving config file
16:46:53 Saved config file successfully
16:46:53 saveConfig: auto-save-60s
16:46:53 Saving config file
16:46:53 Saved config file successfully
16:47:16 saveConfig: saving-data
16:47:16 Saving pets file
16:47:16 Saved pets file successfully
16:47:16 saveConfig: saving-data
16:47:16 Saving pets file
16:47:16 Saved pets file successfully
16:47:53 saveConfig: auto-save-60s
16:47:53 Saving config file
16:47:53 Saved config file successfully
16:47:53 saveConfig: auto-save-60s
16:47:53 Saving config file
16:47:53 Saved config file successfully
16:48:25 saveConfig: saving-data
16:48:25 Saving pets file
16:48:25 Saved pets file successfully
16:48:25 saveConfig: saving-data
16:48:25 Saving pets file
16:48:25 Saved pets file successfully
16:48:53 saveConfig: auto-save-60s
16:48:53 Saving config file
16:48:53 Saved config file successfully
16:48:53 saveConfig: auto-save-60s
16:48:53 Saving config file
16:48:53 Saved config file successfully
16:49:09 saveConfig: saving-data
16:49:09 Saving pets file
16:49:09 Saved pets file successfully
16:49:09 saveConfig: saving-data
16:49:09 Saving pets file
16:49:09 Saved pets file successfully
16:49:40 saveConfig: saving-data
16:49:40 Saving pets file
16:49:40 Saved pets file successfully
16:49:40 saveConfig: saving-data
16:49:40 Saving pets file
16:49:40 Saved pets file successfully
16:49:53 saveConfig: auto-save-60s
16:49:53 Saving config file
16:49:53 Saved config file successfully
16:49:53 saveConfig: auto-save-60s
16:49:53 Saving config file
16:49:53 Saved config file successfully
16:50:53 saveConfig: auto-save-60s
16:50:53 Saving config file
16:50:53 Saved config file successfully
16:50:53 saveConfig: auto-save-60s
16:50:53 Saving config file
16:50:53 Saved config file successfully
16:51:50 saveConfig: saving-data
16:51:50 Saving pets file
16:51:50 Saved pets file successfully
16:51:50 saveConfig: saving-data
16:51:50 Saving pets file
16:51:50 Saved pets file successfully
16:51:53 saveConfig: auto-save-60s
16:51:53 Saving config file
16:51:53 Saved config file successfully
16:51:53 saveConfig: auto-save-60s
16:51:53 Saving config file
16:51:53 Saved config file successfully
16:52:21 saveConfig: saving-data
16:52:21 Saving pets file
16:52:21 Saved pets file successfully
16:52:21 saveConfig: saving-data
16:52:21 Saving pets file
16:52:21 Saved pets file successfully
16:52:53 saveConfig: auto-save-60s
16:52:53 Saving config file
16:52:53 Saved config file successfully
16:52:53 saveConfig: auto-save-60s
16:52:53 Saving config file
16:52:53 Saved config file successfully
16:53:53 saveConfig: auto-save-60s
16:53:53 Saving config file
16:53:53 Saved config file successfully
16:53:53 saveConfig: auto-save-60s
16:53:53 Saving config file
16:53:53 Saved config file successfully
16:54:53 saveConfig: auto-save-60s
16:54:53 Saving config file
16:54:53 Saved config file successfully
16:54:53 saveConfig: auto-save-60s
16:54:53 Saving config file
16:54:53 Saved config file successfully
16:55:53 saveConfig: auto-save-60s
16:55:53 Saving config file
16:55:53 Saved config file successfully
16:55:53 saveConfig: auto-save-60s
16:55:53 Saving config file
16:55:53 Saved config file successfully
16:56:53 saveConfig: auto-save-60s
16:56:53 Saving config file
16:56:53 Saved config file successfully
16:56:53 saveConfig: auto-save-60s
16:56:53 Saving config file
16:56:53 Saved config file successfully
16:57:53 saveConfig: saving-data
16:57:53 Saving pets file
16:57:53 Saved pets file successfully
16:57:53 saveConfig: saving-data
16:57:53 Saving pets file
16:57:53 Saved pets file successfully
16:57:53 saveConfig: auto-save-60s
16:57:53 Saving config file
16:57:53 Saved config file successfully
16:57:53 saveConfig: auto-save-60s
16:57:53 Saving config file
16:57:53 Saved config file successfully
16:58:53 saveConfig: auto-save-60s
16:58:53 Saving config file
16:58:53 Saved config file successfully
16:58:53 saveConfig: auto-save-60s
16:58:53 Saving config file
16:58:53 Saved config file successfully
16:59:53 saveConfig: auto-save-60s
16:59:53 Saving config file
16:59:53 Saved config file successfully
16:59:53 saveConfig: auto-save-60s
16:59:53 Saving config file
16:59:53 Saved config file successfully
17:00:53 saveConfig: auto-save-60s
17:00:53 Saving config file
17:00:53 Saved config file successfully
17:00:53 saveConfig: auto-save-60s
17:00:53 Saving config file
17:00:53 Saved config file successfully
17:01:53 saveConfig: auto-save-60s
17:01:53 Saving config file
17:01:53 Saved config file successfully
17:01:53 saveConfig: auto-save-60s
17:01:53 Saving config file
17:01:53 Saved config file successfully
17:02:53 saveConfig: auto-save-60s
17:02:53 Saving config file
17:02:53 Saved config file successfully
17:02:53 saveConfig: auto-save-60s
17:02:53 Saving config file
17:02:53 Saved config file successfully
17:03:53 saveConfig: auto-save-60s
17:03:53 Saving config file
17:03:53 Saved config file successfully
17:03:53 saveConfig: auto-save-60s
17:03:53 Saving config file
17:03:53 Saved config file successfully
17:04:53 saveConfig: auto-save-60s
17:04:53 Saving config file
17:04:53 Saved config file successfully
17:04:53 saveConfig: auto-save-60s
17:04:53 Saving config file
17:04:53 Saved config file successfully
17:05:53 saveConfig: auto-save-60s
17:05:53 Saving config file
17:05:53 Saved config file successfully
17:05:53 saveConfig: auto-save-60s
17:05:53 Saving config file
17:05:53 Saved config file successfully
17:06:53 saveConfig: auto-save-60s
17:06:53 Saving config file
17:06:53 Saved config file successfully
17:06:53 saveConfig: auto-save-60s
17:06:53 Saving config file
17:06:53 Saved config file successfully
17:07:53 saveConfig: auto-save-60s
17:07:53 Saving config file
17:07:53 Saved config file successfully
17:07:53 saveConfig: auto-save-60s
17:07:53 Saving config file
17:07:53 Saved config file successfully
17:08:53 saveConfig: auto-save-60s
17:08:53 Saving config file
17:08:53 Saved config file successfully
17:08:53 saveConfig: auto-save-60s
17:08:53 Saving config file
17:08:53 Saved config file successfully
17:09:53 saveConfig: auto-save-60s
17:09:53 Saving config file
17:09:53 Saved config file successfully
17:09:53 saveConfig: auto-save-60s
17:09:53 Saving config file
17:09:53 Saved config file successfully
17:10:53 saveConfig: auto-save-60s
17:10:53 Saving config file
17:10:53 Saved config file successfully
17:10:53 saveConfig: auto-save-60s
17:10:53 Saving config file
17:10:53 Saved config file successfully
17:11:53 saveConfig: auto-save-60s
17:11:53 Saving config file
17:11:53 Saved config file successfully
17:11:53 saveConfig: auto-save-60s
17:11:53 Saving config file
17:11:53 Saved config file successfully
17:12:53 saveConfig: auto-save-60s
17:12:53 Saving config file
17:12:53 Saved config file successfully
17:12:53 saveConfig: auto-save-60s
17:12:53 Saving config file
17:12:53 Saved config file successfully
17:13:53 saveConfig: auto-save-60s
17:13:53 Saving config file
17:13:53 Saved config file successfully
17:13:53 saveConfig: auto-save-60s
17:13:53 Saving config file
17:13:53 Saved config file successfully
17:14:53 saveConfig: auto-save-60s
17:14:53 Saving config file
17:14:53 Saved config file successfully
17:14:53 saveConfig: auto-save-60s
17:14:53 Saving config file
17:14:53 Saved config file successfully
17:15:53 saveConfig: auto-save-60s
17:15:53 Saving config file
17:15:53 Saved config file successfully
17:15:53 saveConfig: auto-save-60s
17:15:53 Saving config file
17:15:53 Saved config file successfully
17:16:53 saveConfig: auto-save-60s
17:16:53 Saving config file
17:16:53 Saved config file successfully
17:16:53 saveConfig: auto-save-60s
17:16:53 Saving config file
17:16:53 Saved config file successfully
17:17:53 saveConfig: auto-save-60s
17:17:53 Saving config file
17:17:53 Saved config file successfully
17:17:53 saveConfig: auto-save-60s
17:17:53 Saving config file
17:17:53 Saved config file successfully
17:18:53 saveConfig: auto-save-60s
17:18:53 Saving config file
17:18:53 Saved config file successfully
17:18:53 saveConfig: auto-save-60s
17:18:53 Saving config file
17:18:53 Saved config file successfully
17:19:53 saveConfig: auto-save-60s
17:19:53 Saving config file
17:19:53 Saved config file successfully
17:19:53 saveConfig: auto-save-60s
17:19:53 Saving config file
17:19:53 Saved config file successfully
17:20:53 saveConfig: auto-save-60s
17:20:53 Saving config file
17:20:53 Saved config file successfully
17:20:53 saveConfig: auto-save-60s
17:20:53 Saving config file
17:20:53 Saved config file successfully
17:21:53 saveConfig: auto-save-60s
17:21:53 Saving config file
17:21:53 Saved config file successfully
17:21:53 saveConfig: auto-save-60s
17:21:53 Saving config file
17:21:53 Saved config file successfully
17:22:53 saveConfig: auto-save-60s
17:22:53 Saving config file
17:22:53 Saved config file successfully
17:22:53 saveConfig: auto-save-60s
17:22:53 Saving config file
17:22:53 Saved config file successfully
17:23:53 saveConfig: auto-save-60s
17:23:53 Saving config file
17:23:53 Saved config file successfully
17:23:53 saveConfig: auto-save-60s
17:23:53 Saving config file
17:23:53 Saved config file successfully
17:24:53 saveConfig: auto-save-60s
17:24:53 Saving config file
17:24:53 Saved config file successfully
17:24:53 saveConfig: auto-save-60s
17:24:53 Saving config file
17:24:53 Saved config file successfully
17:25:53 saveConfig: auto-save-60s
17:25:53 Saving config file
17:25:53 Saved config file successfully
17:25:53 saveConfig: auto-save-60s
17:25:53 Saving config file
17:25:53 Saved config file successfully
17:26:53 saveConfig: auto-save-60s
17:26:53 Saving config file
17:26:53 Saved config file successfully
17:26:53 saveConfig: auto-save-60s
17:26:53 Saving config file
17:26:53 Saved config file successfully
17:27:53 saveConfig: auto-save-60s
17:27:53 Saving config file
17:27:53 Saved config file successfully
17:27:53 saveConfig: auto-save-60s
17:27:53 Saving config file
17:27:53 Saved config file successfully
17:28:53 saveConfig: auto-save-60s
17:28:53 Saving config file
17:28:53 Saved config file successfully
17:28:53 saveConfig: auto-save-60s
17:28:53 Saving config file
17:28:53 Saved config file successfully
17:29:53 saveConfig: auto-save-60s
17:29:53 Saving config file
17:29:53 Saved config file successfully
17:29:53 saveConfig: auto-save-60s
17:29:53 Saving config file
17:29:53 Saved config file successfully
17:30:53 saveConfig: auto-save-60s
17:30:53 Saving config file
17:30:53 Saved config file successfully
17:30:53 saveConfig: auto-save-60s
17:30:53 Saving config file
17:30:53 Saved config file successfully
17:31:53 saveConfig: auto-save-60s
17:31:53 Saving config file
17:31:53 Saved config file successfully
17:31:53 saveConfig: auto-save-60s
17:31:53 Saving config file
17:31:53 Saved config file successfully
17:32:53 saveConfig: auto-save-60s
17:32:53 Saving config file
17:32:53 Saved config file successfully
17:32:53 saveConfig: auto-save-60s
17:32:53 Saving config file
17:32:53 Saved config file successfully
17:33:53 saveConfig: auto-save-60s
17:33:53 Saving config file
17:33:53 Saved config file successfully
17:33:53 saveConfig: auto-save-60s
17:33:53 Saving config file
17:33:53 Saved config file successfully
17:34:53 saveConfig: auto-save-60s
17:34:53 Saving config file
17:34:53 Saved config file successfully
17:34:53 saveConfig: auto-save-60s
17:34:53 Saving config file
17:34:53 Saved config file successfully
17:35:53 saveConfig: auto-save-60s
17:35:53 Saving config file
17:35:53 Saved config file successfully
17:35:53 saveConfig: auto-save-60s
17:35:53 Saving config file
17:35:53 Saved config file successfully
17:36:53 saveConfig: auto-save-60s
17:36:53 Saving config file
17:36:53 Saved config file successfully
17:36:53 saveConfig: auto-save-60s
17:36:53 Saving config file
17:36:53 Saved config file successfully
17:37:53 saveConfig: auto-save-60s
17:37:53 Saving config file
17:37:53 Saved config file successfully
17:37:53 saveConfig: auto-save-60s
17:37:53 Saving config file
17:37:53 Saved config file successfully
17:38:53 saveConfig: auto-save-60s
17:38:53 Saving config file
17:38:53 Saved config file successfully
17:38:53 saveConfig: auto-save-60s
17:38:53 Saving config file
17:38:53 Saved config file successfully
17:39:53 saveConfig: auto-save-60s
17:39:53 Saving config file
17:39:53 Saved config file successfully
17:39:53 saveConfig: auto-save-60s
17:39:53 Saving config file
17:39:53 Saved config file successfully
17:40:53 saveConfig: auto-save-60s
17:40:53 Saving config file
17:40:53 Saved config file successfully
17:40:53 saveConfig: auto-save-60s
17:40:53 Saving config file
17:40:53 Saved config file successfully
17:41:53 saveConfig: auto-save-60s
17:41:53 Saving config file
17:41:53 Saved config file successfully
17:41:53 saveConfig: auto-save-60s
17:41:53 Saving config file
17:41:53 Saved config file successfully
17:42:53 saveConfig: auto-save-60s
17:42:53 Saving config file
17:42:53 Saved config file successfully
17:42:53 saveConfig: auto-save-60s
17:42:53 Saving config file
17:42:53 Saved config file successfully
17:43:53 saveConfig: auto-save-60s
17:43:53 Saving config file
17:43:53 Saved config file successfully
17:43:53 saveConfig: auto-save-60s
17:43:53 Saving config file
17:43:53 Saved config file successfully
17:44:53 saveConfig: auto-save-60s
17:44:53 Saving config file
17:44:53 Saved config file successfully
17:44:53 saveConfig: auto-save-60s
17:44:53 Saving config file
17:44:53 Saved config file successfully
17:45:53 saveConfig: auto-save-60s
17:45:53 Saving config file
17:45:53 Saved config file successfully
17:45:53 saveConfig: auto-save-60s
17:45:53 Saving config file
17:45:53 Saved config file successfully
17:46:53 saveConfig: auto-save-60s
17:46:53 Saving config file
17:46:53 Saved config file successfully
17:46:53 saveConfig: auto-save-60s
17:46:53 Saving config file
17:46:53 Saved config file successfully
17:47:53 saveConfig: auto-save-60s
17:47:53 Saving config file
17:47:53 Saved config file successfully
17:47:53 saveConfig: auto-save-60s
17:47:53 Saving config file
17:47:53 Saved config file successfully
17:48:53 saveConfig: auto-save-60s
17:48:53 Saving config file
17:48:53 Saved config file successfully
17:48:53 saveConfig: auto-save-60s
17:48:53 Saving config file
17:48:53 Saved config file successfully
17:49:53 saveConfig: auto-save-60s
17:49:53 Saving config file
17:49:53 Saved config file successfully
17:49:53 saveConfig: auto-save-60s
17:49:53 Saving config file
17:49:53 Saved config file successfully
17:50:53 saveConfig: auto-save-60s
17:50:53 Saving config file
17:50:53 Saved config file successfully
17:50:53 saveConfig: auto-save-60s
17:50:53 Saving config file
17:50:53 Saved config file successfully
17:51:53 saveConfig: auto-save-60s
17:51:53 Saving config file
17:51:53 Saved config file successfully
17:51:53 saveConfig: auto-save-60s
17:51:53 Saving config file
17:51:53 Saved config file successfully
17:52:53 saveConfig: auto-save-60s
17:52:53 Saving config file
17:52:53 Saved config file successfully
17:52:53 saveConfig: auto-save-60s
17:52:53 Saving config file
17:52:53 Saved config file successfully
17:53:53 saveConfig: auto-save-60s
17:53:53 Saving config file
17:53:53 Saved config file successfully
17:53:53 saveConfig: auto-save-60s
17:53:53 Saving config file
17:53:53 Saved config file successfully
17:54:53 saveConfig: auto-save-60s
17:54:53 Saving config file
17:54:53 Saved config file successfully
17:54:53 saveConfig: auto-save-60s
17:54:53 Saving config file
17:54:53 Saved config file successfully
17:55:53 saveConfig: auto-save-60s
17:55:53 Saving config file
17:55:53 Saved config file successfully
17:55:53 saveConfig: auto-save-60s
17:55:53 Saving config file
17:55:53 Saved config file successfully
17:56:53 saveConfig: auto-save-60s
17:56:53 Saving config file
17:56:53 Saved config file successfully
17:56:53 saveConfig: auto-save-60s
17:56:53 Saving config file
17:56:53 Saved config file successfully
17:57:53 saveConfig: auto-save-60s
17:57:53 Saving config file
17:57:53 Saved config file successfully
17:57:53 saveConfig: auto-save-60s
17:57:53 Saving config file
17:57:53 Saved config file successfully
17:58:53 saveConfig: auto-save-60s
17:58:53 Saving config file
17:58:53 Saved config file successfully
17:58:53 saveConfig: auto-save-60s
17:58:53 Saving config file
17:58:53 Saved config file successfully
17:59:53 saveConfig: auto-save-60s
17:59:53 Saving config file
17:59:53 Saved config file successfully
17:59:53 saveConfig: auto-save-60s
17:59:53 Saving config file
17:59:53 Saved config file successfully
18:00:53 saveConfig: auto-save-60s
18:00:53 Saving config file
18:00:53 Saved config file successfully
18:00:53 saveConfig: auto-save-60s
18:00:53 Saving config file
18:00:53 Saved config file successfully
18:01:53 saveConfig: auto-save-60s
18:01:53 Saving config file
18:01:53 Saved config file successfully
18:01:53 saveConfig: auto-save-60s
18:01:53 Saving config file
18:01:53 Saved config file successfully
18:02:53 saveConfig: auto-save-60s
18:02:53 Saving config file
18:02:53 Saved config file successfully
18:02:53 saveConfig: auto-save-60s
18:02:53 Saving config file
18:02:53 Saved config file successfully
18:03:53 saveConfig: auto-save-60s
18:03:53 Saving config file
18:03:53 Saved config file successfully
18:03:53 saveConfig: auto-save-60s
18:03:53 Saving config file
18:03:53 Saved config file successfully
18:04:53 saveConfig: auto-save-60s
18:04:53 Saving config file
18:04:53 Saved config file successfully
18:04:53 saveConfig: auto-save-60s
18:04:53 Saving config file
18:04:53 Saved config file successfully
18:05:53 saveConfig: auto-save-60s
18:05:53 Saving config file
18:05:53 Saved config file successfully
18:05:53 saveConfig: auto-save-60s
18:05:53 Saving config file
18:05:53 Saved config file successfully
18:06:53 saveConfig: auto-save-60s
18:06:53 Saving config file
18:06:53 Saved config file successfully
18:06:53 saveConfig: auto-save-60s
18:06:53 Saving config file
18:06:53 Saved config file successfully
18:07:53 saveConfig: auto-save-60s
18:07:53 Saving config file
18:07:53 Saved config file successfully
18:07:53 saveConfig: auto-save-60s
18:07:53 Saving config file
18:07:53 Saved config file successfully
18:08:53 saveConfig: auto-save-60s
18:08:53 Saving config file
18:08:53 Saved config file successfully
18:08:53 saveConfig: auto-save-60s
18:08:53 Saving config file
18:08:53 Saved config file successfully
18:09:05 saveConfig: saving-data
18:09:05 Saving pets file
18:09:05 Saved pets file successfully
18:09:05 saveConfig: saving-data
18:09:05 Saving pets file
18:09:05 Saved pets file successfully
18:09:24 saveConfig: saving-data
18:09:24 Saving sacks file
18:09:24 Saved sacks file successfully
18:09:24 saveConfig: saving-data
18:09:24 Saving sacks file
18:09:24 Saved sacks file successfully
18:09:36 saveConfig: saving-data
18:09:36 Saving pets file
18:09:36 Saved pets file successfully
18:09:36 saveConfig: saving-data
18:09:36 Saving pets file
18:09:36 Saved pets file successfully
18:09:53 saveConfig: auto-save-60s
18:09:53 Saving config file
18:09:53 Saved config file successfully
18:09:53 saveConfig: auto-save-60s
18:09:53 Saving config file
18:09:53 Saved config file successfully
18:10:53 saveConfig: auto-save-60s
18:10:53 Saving config file
18:10:53 Saved config file successfully
18:10:53 saveConfig: auto-save-60s
18:10:53 Saving config file
18:10:53 Saved config file successfully
18:11:53 saveConfig: auto-save-60s
18:11:53 Saving config file
18:11:53 Saved config file successfully
18:11:53 saveConfig: auto-save-60s
18:11:53 Saving config file
18:11:53 Saved config file successfully
18:12:38 saveConfig: saving-data
18:12:38 Saving pets file
18:12:38 Saved pets file successfully
18:12:38 saveConfig: saving-data
18:12:38 Saving pets file
18:12:38 Saved pets file successfully
18:12:53 saveConfig: auto-save-60s
18:12:53 Saving config file
18:12:53 Saved config file successfully
18:12:53 saveConfig: auto-save-60s
18:12:53 Saving config file
18:12:53 Saved config file successfully
18:13:44 saveConfig: saving-data
18:13:44 Saving pets file
18:13:44 Saved pets file successfully
18:13:44 saveConfig: saving-data
18:13:44 Saving pets file
18:13:44 Saved pets file successfully
18:13:53 saveConfig: auto-save-60s
18:13:53 Saving config file
18:13:53 Saved config file successfully
18:13:53 saveConfig: auto-save-60s
18:13:53 Saving config file
18:13:53 Saved config file successfully
18:14:15 saveConfig: saving-data
18:14:15 Saving pets file
18:14:15 Saved pets file successfully
18:14:15 saveConfig: saving-data
18:14:15 Saving pets file
18:14:15 Saved pets file successfully
18:14:46 saveConfig: saving-data
18:14:46 Saving pets file
18:14:46 Saved pets file successfully
18:14:46 saveConfig: saving-data
18:14:46 Saving pets file
18:14:46 Saved pets file successfully
18:14:53 saveConfig: auto-save-60s
18:14:53 Saving config file
18:14:53 Saved config file successfully
18:14:53 saveConfig: auto-save-60s
18:14:53 Saving config file
18:14:53 Saved config file successfully
18:15:53 saveConfig: auto-save-60s
18:15:53 Saving config file
18:15:53 Saved config file successfully
18:15:53 saveConfig: auto-save-60s
18:15:53 Saving config file
18:15:53 Saved config file successfully
18:16:53 saveConfig: auto-save-60s
18:16:53 Saving config file
18:16:53 Saved config file successfully
18:16:53 saveConfig: auto-save-60s
18:16:53 Saving config file
18:16:53 Saved config file successfully
18:17:53 saveConfig: auto-save-60s
18:17:53 Saving config file
18:17:53 Saved config file successfully
18:17:53 saveConfig: auto-save-60s
18:17:53 Saving config file
18:17:53 Saved config file successfully
18:18:53 saveConfig: auto-save-60s
18:18:53 Saving config file
18:18:53 Saved config file successfully
18:18:53 saveConfig: auto-save-60s
18:18:53 Saving config file
18:18:53 Saved config file successfully
18:19:53 saveConfig: auto-save-60s
18:19:53 Saving config file
18:19:53 Saved config file successfully
18:19:53 saveConfig: auto-save-60s
18:19:53 Saving config file
18:19:53 Saved config file successfully
18:20:53 saveConfig: auto-save-60s
18:20:53 Saving config file
18:20:53 Saved config file successfully
18:20:53 saveConfig: auto-save-60s
18:20:53 Saving config file
18:20:53 Saved config file successfully
18:21:53 saveConfig: auto-save-60s
18:21:53 Saving config file
18:21:53 Saved config file successfully
18:21:53 saveConfig: auto-save-60s
18:21:53 Saving config file
18:21:53 Saved config file successfully
18:22:53 saveConfig: auto-save-60s
18:22:53 Saving config file
18:22:53 Saved config file successfully
18:22:53 saveConfig: auto-save-60s
18:22:53 Saving config file
18:22:53 Saved config file successfully
18:23:53 saveConfig: auto-save-60s
18:23:53 Saving config file
18:23:53 Saved config file successfully
18:23:53 saveConfig: auto-save-60s
18:23:53 Saving config file
18:23:53 Saved config file successfully
18:24:53 saveConfig: auto-save-60s
18:24:53 Saving config file
18:24:53 Saved config file successfully
18:24:53 saveConfig: auto-save-60s
18:24:53 Saving config file
18:24:53 Saved config file successfully
18:25:53 saveConfig: auto-save-60s
18:25:53 Saving config file
18:25:53 Saved config file successfully
18:25:53 saveConfig: auto-save-60s
18:25:53 Saving config file
18:25:53 Saved config file successfully
18:26:53 saveConfig: auto-save-60s
18:26:53 Saving config file
18:26:53 Saved config file successfully
18:26:53 saveConfig: auto-save-60s
18:26:53 Saving config file
18:26:53 Saved config file successfully
18:27:53 saveConfig: auto-save-60s
18:27:53 Saving config file
18:27:53 Saved config file successfully
18:27:53 saveConfig: auto-save-60s
18:27:53 Saving config file
18:27:53 Saved config file successfully
18:28:53 saveConfig: auto-save-60s
18:28:53 Saving config file
18:28:53 Saved config file successfully
18:28:53 saveConfig: auto-save-60s
18:28:53 Saving config file
18:28:53 Saved config file successfully
18:29:53 saveConfig: auto-save-60s
18:29:53 Saving config file
18:29:53 Saved config file successfully
18:29:53 saveConfig: auto-save-60s
18:29:53 Saving config file
18:29:53 Saved config file successfully
18:30:53 saveConfig: auto-save-60s
18:30:53 Saving config file
18:30:53 Saved config file successfully
18:30:53 saveConfig: auto-save-60s
18:30:53 Saving config file
18:30:53 Saved config file successfully
18:31:00 saveConfig: saving-data
18:31:00 Saving pets file
18:31:00 Saved pets file successfully
18:31:00 saveConfig: saving-data
18:31:00 Saving pets file
18:31:00 Saved pets file successfully
18:31:53 saveConfig: auto-save-60s
18:31:53 Saving config file
18:31:53 Saved config file successfully
18:31:53 saveConfig: auto-save-60s
18:31:53 Saving config file
18:31:53 Saved config file successfully
18:32:53 saveConfig: auto-save-60s
18:32:53 Saving config file
18:32:53 Saved config file successfully
18:32:53 saveConfig: auto-save-60s
18:32:53 Saving config file
18:32:53 Saved config file successfully
18:33:53 saveConfig: auto-save-60s
18:33:53 Saving config file
18:33:53 Saved config file successfully
18:33:53 saveConfig: auto-save-60s
18:33:53 Saving config file
18:33:53 Saved config file successfully
18:34:53 saveConfig: auto-save-60s
18:34:53 Saving config file
18:34:53 Saved config file successfully
18:34:53 saveConfig: auto-save-60s
18:34:53 Saving config file
18:34:53 Saved config file successfully
18:35:53 saveConfig: auto-save-60s
18:35:53 Saving config file
18:35:53 Saved config file successfully
18:35:53 saveConfig: auto-save-60s
18:35:53 Saving config file
18:35:53 Saved config file successfully
18:36:53 saveConfig: auto-save-60s
18:36:53 Saving config file
18:36:53 Saved config file successfully
18:36:53 saveConfig: auto-save-60s
18:36:53 Saving config file
18:36:53 Saved config file successfully
18:37:53 saveConfig: auto-save-60s
18:37:53 Saving config file
18:37:53 Saved config file successfully
18:37:53 saveConfig: auto-save-60s
18:37:53 Saving config file
18:37:53 Saved config file successfully
18:38:53 saveConfig: auto-save-60s
18:38:53 Saving config file
18:38:53 Saved config file successfully
18:38:53 saveConfig: auto-save-60s
18:38:53 Saving config file
18:38:53 Saved config file successfully
18:39:53 saveConfig: auto-save-60s
18:39:53 Saving config file
18:39:53 Saved config file successfully
18:39:53 saveConfig: auto-save-60s
18:39:53 Saving config file
18:39:53 Saved config file successfully
18:40:19 saveConfig: saving-data
18:40:19 Saving pets file
18:40:19 Saved pets file successfully
18:40:19 saveConfig: saving-data
18:40:19 Saving pets file
18:40:19 Saved pets file successfully
18:40:53 saveConfig: auto-save-60s
18:40:53 Saving config file
18:40:53 Saved config file successfully
18:40:53 saveConfig: auto-save-60s
18:40:53 Saving config file
18:40:53 Saved config file successfully
18:41:53 saveConfig: auto-save-60s
18:41:53 Saving config file
18:41:53 Saved config file successfully
18:41:53 saveConfig: auto-save-60s
18:41:53 Saving config file
18:41:53 Saved config file successfully
18:42:53 saveConfig: auto-save-60s
18:42:53 Saving config file
18:42:53 Saved config file successfully
18:42:53 saveConfig: auto-save-60s
18:42:53 Saving config file
18:42:53 Saved config file successfully
18:43:53 saveConfig: auto-save-60s
18:43:53 Saving config file
18:43:53 Saved config file successfully
18:43:53 saveConfig: auto-save-60s
18:43:53 Saving config file
18:43:53 Saved config file successfully
18:44:53 saveConfig: auto-save-60s
18:44:53 Saving config file
18:44:53 Saved config file successfully
18:44:53 saveConfig: auto-save-60s
18:44:53 Saving config file
18:44:53 Saved config file successfully
18:44:54 saveConfig: saving-data
18:44:54 Saving pets file
18:44:54 Saved pets file successfully
18:44:54 saveConfig: saving-data
18:44:54 Saving pets file
18:44:54 Saved pets file successfully
18:45:43 saveConfig: saving-data
18:45:43 Saving pets file
18:45:43 Saved pets file successfully
18:45:43 saveConfig: saving-data
18:45:43 Saving pets file
18:45:43 Saved pets file successfully
18:45:53 saveConfig: auto-save-60s
18:45:53 Saving config file
18:45:53 Saved config file successfully
18:45:53 saveConfig: auto-save-60s
18:45:53 Saving config file
18:45:53 Saved config file successfully
18:46:53 saveConfig: auto-save-60s
18:46:53 Saving config file
18:46:53 Saved config file successfully
18:46:53 saveConfig: auto-save-60s
18:46:53 Saving config file
18:46:53 Saved config file successfully
18:47:53 saveConfig: auto-save-60s
18:47:53 Saving config file
18:47:53 Saved config file successfully
18:47:53 saveConfig: auto-save-60s
18:47:53 Saving config file
18:47:53 Saved config file successfully
18:48:49 saveConfig: saving-data
18:48:49 Saving pets file
18:48:49 Saved pets file successfully
18:48:49 saveConfig: saving-data
18:48:49 Saving pets file
18:48:49 Saved pets file successfully
18:48:53 saveConfig: auto-save-60s
18:48:53 Saving config file
18:48:53 Saved config file successfully
18:48:53 saveConfig: auto-save-60s
18:48:53 Saving config file
18:48:53 Saved config file successfully
18:49:53 saveConfig: auto-save-60s
18:49:53 Saving config file
18:49:53 Saved config file successfully
18:49:53 saveConfig: auto-save-60s
18:49:53 Saving config file
18:49:53 Saved config file successfully
18:50:53 saveConfig: auto-save-60s
18:50:53 Saving config file
18:50:53 Saved config file successfully
18:50:53 saveConfig: auto-save-60s
18:50:53 Saving config file
18:50:53 Saved config file successfully
18:51:53 saveConfig: auto-save-60s
18:51:53 Saving config file
18:51:53 Saved config file successfully
18:51:53 saveConfig: auto-save-60s
18:51:53 Saving config file
18:51:53 Saved config file successfully
18:52:53 saveConfig: auto-save-60s
18:52:53 Saving config file
18:52:53 Saved config file successfully
18:52:53 saveConfig: auto-save-60s
18:52:53 Saving config file
18:52:53 Saved config file successfully
18:53:53 saveConfig: auto-save-60s
18:53:53 Saving config file
18:53:53 Saved config file successfully
18:53:53 saveConfig: auto-save-60s
18:53:53 Saving config file
18:53:53 Saved config file successfully
18:54:53 saveConfig: saving-data
18:54:53 Saving pets file
18:54:53 Saved pets file successfully
18:54:53 saveConfig: saving-data
18:54:53 Saving pets file
18:54:53 Saved pets file successfully
18:54:53 saveConfig: auto-save-60s
18:54:53 Saving config file
18:54:53 Saved config file successfully
18:54:53 saveConfig: auto-save-60s
18:54:53 Saving config file
18:54:53 Saved config file successfully
18:55:53 saveConfig: auto-save-60s
18:55:53 Saving config file
18:55:53 Saved config file successfully
18:55:53 saveConfig: auto-save-60s
18:55:53 Saving config file
18:55:53 Saved config file successfully
18:56:53 saveConfig: auto-save-60s
18:56:53 Saving config file
18:56:53 Saved config file successfully
18:56:53 saveConfig: auto-save-60s
18:56:53 Saving config file
18:56:53 Saved config file successfully
18:57:53 saveConfig: auto-save-60s
18:57:53 Saving config file
18:57:53 Saved config file successfully
18:57:53 saveConfig: auto-save-60s
18:57:53 Saving config file
18:57:53 Saved config file successfully
18:58:53 saveConfig: auto-save-60s
18:58:53 Saving config file
18:58:53 Saved config file successfully
18:58:53 saveConfig: auto-save-60s
18:58:53 Saving config file
18:58:53 Saved config file successfully
18:59:53 saveConfig: auto-save-60s
18:59:53 Saving config file
18:59:53 Saved config file successfully
18:59:53 saveConfig: auto-save-60s
18:59:53 Saving config file
18:59:53 Saved config file successfully
19:00:53 saveConfig: auto-save-60s
19:00:53 Saving config file
19:00:53 Saved config file successfully
19:00:53 saveConfig: auto-save-60s
19:00:53 Saving config file
19:00:53 Saved config file successfully
19:01:53 saveConfig: auto-save-60s
19:01:53 Saving config file
19:01:53 Saved config file successfully
19:01:53 saveConfig: auto-save-60s
19:01:53 Saving config file
19:01:53 Saved config file successfully
19:02:53 saveConfig: auto-save-60s
19:02:53 Saving config file
19:02:53 Saved config file successfully
19:02:53 saveConfig: auto-save-60s
19:02:53 Saving config file
19:02:53 Saved config file successfully
19:03:53 saveConfig: auto-save-60s
19:03:53 Saving config file
19:03:53 Saved config file successfully
19:03:53 saveConfig: auto-save-60s
19:03:53 Saving config file
19:03:53 Saved config file successfully
19:04:53 saveConfig: auto-save-60s
19:04:53 Saving config file
19:04:53 Saved config file successfully
19:04:53 saveConfig: auto-save-60s
19:04:53 Saving config file
19:04:53 Saved config file successfully
19:04:56 saveConfig: saving-data
19:04:56 Saving pets file
19:04:56 Saved pets file successfully
19:04:56 saveConfig: saving-data
19:04:56 Saving pets file
19:04:56 Saved pets file successfully
19:05:27 saveConfig: saving-data
19:05:27 Saving pets file
19:05:27 Saved pets file successfully
19:05:27 saveConfig: saving-data
19:05:27 Saving pets file
19:05:27 Saved pets file successfully
19:05:53 saveConfig: auto-save-60s
19:05:53 Saving config file
19:05:53 Saved config file successfully
19:05:53 saveConfig: auto-save-60s
19:05:53 Saving config file
19:05:53 Saved config file successfully
19:06:36 saveConfig: saving-data
19:06:36 Saving pets file
19:06:36 Saved pets file successfully
19:06:36 saveConfig: saving-data
19:06:36 Saving pets file
19:06:36 Saved pets file successfully
19:06:53 saveConfig: auto-save-60s
19:06:53 Saving config file
19:06:53 Saved config file successfully
19:06:53 saveConfig: auto-save-60s
19:06:53 Saving config file
19:06:53 Saved config file successfully
19:07:33 saveConfig: saving-data
19:07:33 Saving pets file
19:07:33 Saved pets file successfully
19:07:33 saveConfig: saving-data
19:07:33 Saving pets file
19:07:33 Saved pets file successfully
19:07:53 saveConfig: auto-save-60s
19:07:53 Saving config file
19:07:53 Saved config file successfully
19:07:53 saveConfig: auto-save-60s
19:07:53 Saving config file
19:07:53 Saved config file successfully
19:08:04 saveConfig: saving-data
19:08:04 Saving pets file
19:08:04 Saved pets file successfully
19:08:04 saveConfig: saving-data
19:08:04 Saving pets file
19:08:04 Saved pets file successfully
19:08:35 saveConfig: saving-data
19:08:35 Saving pets file
19:08:35 Saved pets file successfully
19:08:35 saveConfig: saving-data
19:08:35 Saving pets file
19:08:35 Saved pets file successfully
19:08:53 saveConfig: auto-save-60s
19:08:53 Saving config file
19:08:53 Saved config file successfully
19:08:53 saveConfig: auto-save-60s
19:08:53 Saving config file
19:08:53 Saved config file successfully
19:09:06 saveConfig: saving-data
19:09:06 Saving pets file
19:09:06 Saved pets file successfully
19:09:06 saveConfig: saving-data
19:09:06 Saving pets file
19:09:06 Saved pets file successfully
19:09:37 saveConfig: saving-data
19:09:37 Saving pets file
19:09:37 Saved pets file successfully
19:09:37 saveConfig: saving-data
19:09:37 Saving pets file
19:09:37 Saved pets file successfully
19:09:53 saveConfig: auto-save-60s
19:09:53 Saving config file
19:09:53 Saved config file successfully
19:09:53 saveConfig: auto-save-60s
19:09:53 Saving config file
19:09:53 Saved config file successfully
19:10:08 saveConfig: saving-data
19:10:08 Saving pets file
19:10:08 Saved pets file successfully
19:10:08 saveConfig: saving-data
19:10:08 Saving pets file
19:10:08 Saved pets file successfully
19:10:39 saveConfig: saving-data
19:10:39 Saving pets file
19:10:39 Saved pets file successfully
19:10:39 saveConfig: saving-data
19:10:39 Saving pets file
19:10:39 Saved pets file successfully
19:10:53 saveConfig: auto-save-60s
19:10:53 Saving config file
19:10:53 Saved config file successfully
19:10:53 saveConfig: auto-save-60s
19:10:53 Saving config file
19:10:53 Saved config file successfully
19:11:53 saveConfig: auto-save-60s
19:11:53 Saving config file
19:11:53 Saved config file successfully
19:11:53 saveConfig: auto-save-60s
19:11:53 Saving config file
19:11:53 Saved config file successfully
19:12:03 saveConfig: saving-data
19:12:03 Saving pets file
19:12:03 Saved pets file successfully
19:12:03 saveConfig: saving-data
19:12:03 Saving pets file
19:12:03 Saved pets file successfully
19:12:34 saveConfig: saving-data
19:12:34 Saving pets file
19:12:34 Saved pets file successfully
19:12:34 saveConfig: saving-data
19:12:34 Saving pets file
19:12:34 Saved pets file successfully
19:12:53 saveConfig: auto-save-60s
19:12:53 Saving config file
19:12:53 Saved config file successfully
19:12:53 saveConfig: auto-save-60s
19:12:53 Saving config file
19:12:53 Saved config file successfully
19:13:05 saveConfig: saving-data
19:13:05 Saving pets file
19:13:05 Saved pets file successfully
19:13:05 saveConfig: saving-data
19:13:05 Saving pets file
19:13:05 Saved pets file successfully
19:13:36 saveConfig: saving-data
19:13:36 Saving pets file
19:13:36 Saved pets file successfully
19:13:36 saveConfig: saving-data
19:13:36 Saving pets file
19:13:36 Saved pets file successfully
19:13:53 saveConfig: auto-save-60s
19:13:53 Saving config file
19:13:53 Saved config file successfully
19:13:53 saveConfig: auto-save-60s
19:13:53 Saving config file
19:13:53 Saved config file successfully
19:14:07 saveConfig: saving-data
19:14:07 Saving pets file
19:14:07 Saved pets file successfully
19:14:07 saveConfig: saving-data
19:14:07 Saving pets file
19:14:07 Saved pets file successfully
19:14:53 saveConfig: auto-save-60s
19:14:53 Saving config file
19:14:53 Saved config file successfully
19:14:53 saveConfig: auto-save-60s
19:14:53 Saving config file
19:14:53 Saved config file successfully
19:15:31 saveConfig: close-gui
19:15:31 Saving config file
19:15:31 Saved config file successfully
19:15:31 saveConfig: close-gui
19:15:31 Saving config file
19:15:31 Saved config file successfully
19:15:53 saveConfig: auto-save-60s
19:15:53 Saving config file
19:15:53 Saved config file successfully
19:15:53 saveConfig: auto-save-60s
19:15:53 Saving config file
19:15:53 Saved config file successfully
19:16:53 saveConfig: auto-save-60s
19:16:53 Saving config file
19:16:53 Saved config file successfully
19:16:53 saveConfig: auto-save-60s
19:16:53 Saving config file
19:16:53 Saved config file successfully
19:17:42 saveConfig: saving-data
19:17:42 Saving pets file
19:17:42 Saved pets file successfully
19:17:42 saveConfig: saving-data
19:17:42 Saving pets file
19:17:42 Saved pets file successfully
19:17:53 saveConfig: auto-save-60s
19:17:53 Saving config file
19:17:53 Saved config file successfully
19:17:53 saveConfig: auto-save-60s
19:17:53 Saving config file
19:17:53 Saved config file successfully
19:18:13 saveConfig: saving-data
19:18:13 Saving pets file
19:18:13 Saved pets file successfully
19:18:13 saveConfig: saving-data
19:18:13 Saving pets file
19:18:13 Saved pets file successfully
19:18:44 saveConfig: saving-data
19:18:44 Saving pets file
19:18:44 Saved pets file successfully
19:18:44 saveConfig: saving-data
19:18:44 Saving pets file
19:18:44 Saved pets file successfully
19:18:53 saveConfig: auto-save-60s
19:18:53 Saving config file
19:18:53 Saved config file successfully
19:18:53 saveConfig: auto-save-60s
19:18:53 Saving config file
19:18:53 Saved config file successfully
19:19:15 saveConfig: saving-data
19:19:15 Saving pets file
19:19:15 Saved pets file successfully
19:19:15 saveConfig: saving-data
19:19:15 Saving pets file
19:19:15 Saved pets file successfully
19:19:46 saveConfig: saving-data
19:19:46 Saving pets file
19:19:46 Saved pets file successfully
19:19:46 saveConfig: saving-data
19:19:46 Saving pets file
19:19:46 Saved pets file successfully
19:19:53 saveConfig: auto-save-60s
19:19:53 Saving config file
19:19:53 Saved config file successfully
19:19:53 saveConfig: auto-save-60s
19:19:53 Saving config file
19:19:53 Saved config file successfully
19:20:17 saveConfig: saving-data
19:20:17 Saving pets file
19:20:17 Saved pets file successfully
19:20:17 saveConfig: saving-data
19:20:17 Saving pets file
19:20:17 Saved pets file successfully
19:20:53 saveConfig: auto-save-60s
19:20:53 Saving config file
19:20:53 Saved config file successfully
19:20:53 saveConfig: auto-save-60s
19:20:53 Saving config file
19:20:53 Saved config file successfully
19:21:13 saveConfig: saving-data
19:21:13 Saving pets file
19:21:13 Saved pets file successfully
19:21:13 saveConfig: saving-data
19:21:13 Saving pets file
19:21:13 Saved pets file successfully
19:21:44 saveConfig: saving-data
19:21:44 Saving pets file
19:21:44 Saved pets file successfully
19:21:44 saveConfig: saving-data
19:21:44 Saving pets file
19:21:44 Saved pets file successfully
19:21:53 saveConfig: auto-save-60s
19:21:53 Saving config file
19:21:53 Saved config file successfully
19:21:53 saveConfig: auto-save-60s
19:21:53 Saving config file
19:21:53 Saved config file successfully
19:22:27 saveConfig: saving-data
19:22:27 Saving pets file
19:22:27 Saved pets file successfully
19:22:27 saveConfig: saving-data
19:22:27 Saving pets file
19:22:27 Saved pets file successfully
19:22:53 saveConfig: auto-save-60s
19:22:53 Saving config file
19:22:53 Saved config file successfully
19:22:53 saveConfig: auto-save-60s
19:22:53 Saving config file
19:22:53 Saved config file successfully
19:22:58 saveConfig: saving-data
19:22:58 Saving pets file
19:22:58 Saved pets file successfully
19:22:58 saveConfig: saving-data
19:22:58 Saving pets file
19:22:58 Saved pets file successfully
19:23:29 saveConfig: saving-data
19:23:29 Saving pets file
19:23:29 Saved pets file successfully
19:23:29 saveConfig: saving-data
19:23:29 Saving pets file
19:23:29 Saved pets file successfully
19:23:53 saveConfig: auto-save-60s
19:23:53 Saving config file
19:23:53 Saved config file successfully
19:23:53 saveConfig: auto-save-60s
19:23:53 Saving config file
19:23:53 Saved config file successfully
19:24:34 saveConfig: saving-data
19:24:34 Saving pets file
19:24:34 Saved pets file successfully
19:24:34 saveConfig: saving-data
19:24:34 Saving pets file
19:24:34 Saved pets file successfully
19:24:53 saveConfig: auto-save-60s
19:24:53 Saving config file
19:24:53 Saved config file successfully
19:24:53 saveConfig: auto-save-60s
19:24:53 Saving config file
19:24:53 Saved config file successfully
19:25:05 saveConfig: saving-data
19:25:05 Saving pets file
19:25:05 Saved pets file successfully
19:25:05 saveConfig: saving-data
19:25:05 Saving pets file
19:25:05 Saved pets file successfully
19:25:53 saveConfig: auto-save-60s
19:25:53 Saving config file
19:25:53 Saved config file successfully
19:25:53 saveConfig: auto-save-60s
19:25:53 Saving config file
19:25:53 Saved config file successfully
19:26:53 saveConfig: auto-save-60s
19:26:53 Saving config file
19:26:53 Saved config file successfully
19:26:53 saveConfig: auto-save-60s
19:26:53 Saving config file
19:26:53 Saved config file successfully
19:27:18 saveConfig: saving-data
19:27:18 Saving pets file
19:27:18 Saved pets file successfully
19:27:18 saveConfig: saving-data
19:27:18 Saving pets file
19:27:18 Saved pets file successfully
19:27:49 saveConfig: saving-data
19:27:49 Saving pets file
19:27:49 Saved pets file successfully
19:27:49 saveConfig: saving-data
19:27:49 Saving pets file
19:27:49 Saved pets file successfully
19:27:53 saveConfig: auto-save-60s
19:27:53 Saving config file
19:27:53 Saved config file successfully
19:27:53 saveConfig: auto-save-60s
19:27:53 Saving config file
19:27:53 Saved config file successfully
19:28:20 saveConfig: saving-data
19:28:20 Saving pets file
19:28:20 Saved pets file successfully
19:28:20 saveConfig: saving-data
19:28:20 Saving pets file
19:28:20 Saved pets file successfully
19:28:51 saveConfig: saving-data
19:28:51 Saving pets file
19:28:51 Saved pets file successfully
19:28:51 saveConfig: saving-data
19:28:51 Saving pets file
19:28:51 Saved pets file successfully
19:28:53 saveConfig: auto-save-60s
19:28:53 Saving config file
19:28:53 Saved config file successfully
19:28:53 saveConfig: auto-save-60s
19:28:53 Saving config file
19:28:53 Saved config file successfully
19:29:53 saveConfig: auto-save-60s
19:29:53 Saving config file
19:29:53 Saved config file successfully
19:29:53 saveConfig: auto-save-60s
19:29:53 Saving config file
19:29:53 Saved config file successfully
19:30:53 saveConfig: auto-save-60s
19:30:53 Saving config file
19:30:53 Saved config file successfully
19:30:53 saveConfig: auto-save-60s
19:30:53 Saving config file
19:30:53 Saved config file successfully
19:31:53 saveConfig: auto-save-60s
19:31:53 Saving config file
19:31:53 Saved config file successfully
19:31:53 saveConfig: auto-save-60s
19:31:53 Saving config file
19:31:53 Saved config file successfully
19:32:53 saveConfig: auto-save-60s
19:32:53 Saving config file
19:32:53 Saved config file successfully
19:32:53 saveConfig: auto-save-60s
19:32:53 Saving config file
19:32:53 Saved config file successfully
19:33:53 saveConfig: auto-save-60s
19:33:53 Saving config file
19:33:53 Saved config file successfully
19:33:53 saveConfig: auto-save-60s
19:33:53 Saving config file
19:33:53 Saved config file successfully
19:34:16 saveConfig: saving-data
19:34:16 Saving pets file
19:34:16 Saved pets file successfully
19:34:16 saveConfig: saving-data
19:34:16 Saving pets file
19:34:16 Saved pets file successfully
19:34:53 saveConfig: auto-save-60s
19:34:53 Saving config file
19:34:53 Saved config file successfully
19:34:53 saveConfig: auto-save-60s
19:34:53 Saving config file
19:34:53 Saved config file successfully
19:35:20 saveConfig: close-gui
19:35:20 Saving config file
19:35:20 Saved config file successfully
19:35:20 saveConfig: close-gui
19:35:20 Saving config file
19:35:20 Saved config file successfully
19:35:53 saveConfig: auto-save-60s
19:35:53 Saving config file
19:35:53 Saved config file successfully
19:35:53 saveConfig: auto-save-60s
19:35:53 Saving config file
19:35:53 Saved config file successfully
19:36:53 saveConfig: auto-save-60s
19:36:53 Saving config file
19:36:53 Saved config file successfully
19:36:53 saveConfig: auto-save-60s
19:36:53 Saving config file
19:36:53 Saved config file successfully
19:37:53 saveConfig: auto-save-60s
19:37:53 Saving config file
19:37:53 Saved config file successfully
19:37:53 saveConfig: auto-save-60s
19:37:53 Saving config file
19:37:53 Saved config file successfully
19:38:08 saveConfig: saving-data
19:38:08 Saving pets file
19:38:08 Saved pets file successfully
19:38:08 saveConfig: saving-data
19:38:08 Saving pets file
19:38:08 Saved pets file successfully
19:38:53 saveConfig: auto-save-60s
19:38:53 Saving config file
19:38:53 Saved config file successfully
19:38:53 saveConfig: auto-save-60s
19:38:53 Saving config file
19:38:53 Saved config file successfully
19:39:00 saveConfig: saving-data
19:39:00 Saving pets file
19:39:00 Saved pets file successfully
19:39:00 saveConfig: saving-data
19:39:00 Saving pets file
19:39:00 Saved pets file successfully
19:39:31 saveConfig: saving-data
19:39:31 Saving pets file
19:39:31 Saved pets file successfully
19:39:31 saveConfig: saving-data
19:39:31 Saving pets file
19:39:31 Saved pets file successfully
19:39:53 saveConfig: auto-save-60s
19:39:53 Saving config file
19:39:53 Saved config file successfully
19:39:53 saveConfig: auto-save-60s
19:39:53 Saving config file
19:39:53 Saved config file successfully
19:40:53 saveConfig: auto-save-60s
19:40:53 Saving config file
19:40:53 Saved config file successfully
19:40:53 saveConfig: auto-save-60s
19:40:53 Saving config file
19:40:53 Saved config file successfully
19:41:53 saveConfig: auto-save-60s
19:41:53 Saving config file
19:41:53 Saved config file successfully
19:41:53 saveConfig: auto-save-60s
19:41:53 Saving config file
19:41:53 Saved config file successfully
19:42:53 saveConfig: auto-save-60s
19:42:53 Saving config file
19:42:53 Saved config file successfully
19:42:53 saveConfig: auto-save-60s
19:42:53 Saving config file
19:42:53 Saved config file successfully
19:43:53 saveConfig: auto-save-60s
19:43:53 Saving config file
19:43:53 Saved config file successfully
19:43:53 saveConfig: auto-save-60s
19:43:53 Saving config file
19:43:53 Saved config file successfully
19:44:36 saveConfig: saving-data
19:44:36 Saving pets file
19:44:36 Saved pets file successfully
19:44:36 saveConfig: saving-data
19:44:36 Saving pets file
19:44:36 Saved pets file successfully
19:44:53 saveConfig: auto-save-60s
19:44:53 Saving config file
19:44:53 Saved config file successfully
19:44:53 saveConfig: auto-save-60s
19:44:53 Saving config file
19:44:53 Saved config file successfully
19:45:07 saveConfig: saving-data
19:45:07 Saving pets file
19:45:07 Saved pets file successfully
19:45:07 saveConfig: saving-data
19:45:07 Saving pets file
19:45:07 Saved pets file successfully
19:45:53 saveConfig: auto-save-60s
19:45:53 Saving config file
19:45:53 Saved config file successfully
19:45:53 saveConfig: auto-save-60s
19:45:53 Saving config file
19:45:53 Saved config file successfully
19:46:53 saveConfig: auto-save-60s
19:46:53 Saving config file
19:46:53 Saved config file successfully
19:46:53 saveConfig: auto-save-60s
19:46:53 Saving config file
19:46:53 Saved config file successfully
19:47:53 saveConfig: auto-save-60s
19:47:53 Saving config file
19:47:53 Saved config file successfully
19:47:53 saveConfig: auto-save-60s
19:47:53 Saving config file
19:47:53 Saved config file successfully
19:48:53 saveConfig: auto-save-60s
19:48:53 Saving config file
19:48:53 Saved config file successfully
19:48:53 saveConfig: auto-save-60s
19:48:53 Saving config file
19:48:53 Saved config file successfully
19:49:53 saveConfig: auto-save-60s
19:49:53 Saving config file
19:49:53 Saved config file successfully
19:49:53 saveConfig: auto-save-60s
19:49:53 Saving config file
19:49:53 Saved config file successfully
19:50:53 saveConfig: auto-save-60s
19:50:53 Saving config file
19:50:53 Saved config file successfully
19:50:53 saveConfig: auto-save-60s
19:50:53 Saving config file
19:50:53 Saved config file successfully
19:51:53 saveConfig: auto-save-60s
19:51:53 Saving config file
19:51:53 Saved config file successfully
19:51:53 saveConfig: auto-save-60s
19:51:53 Saving config file
19:51:53 Saved config file successfully
19:52:53 saveConfig: auto-save-60s
19:52:53 Saving config file
19:52:53 Saved config file successfully
19:52:53 saveConfig: auto-save-60s
19:52:53 Saving config file
19:52:53 Saved config file successfully
19:53:53 saveConfig: auto-save-60s
19:53:53 Saving config file
19:53:53 Saved config file successfully
19:53:53 saveConfig: auto-save-60s
19:53:53 Saving config file
19:53:53 Saved config file successfully
19:54:53 saveConfig: saving-data
19:54:53 Saving pets file
19:54:53 Saved pets file successfully
19:54:53 saveConfig: saving-data
19:54:53 Saving pets file
19:54:53 Saved pets file successfully
19:54:53 saveConfig: auto-save-60s
19:54:53 Saving config file
19:54:53 Saved config file successfully
19:54:53 saveConfig: auto-save-60s
19:54:53 Saving config file
19:54:53 Saved config file successfully
19:55:53 saveConfig: auto-save-60s
19:55:53 Saving config file
19:55:53 Saved config file successfully
19:55:53 saveConfig: auto-save-60s
19:55:53 Saving config file
19:55:53 Saved config file successfully
19:56:53 saveConfig: auto-save-60s
19:56:53 Saving config file
19:56:53 Saved config file successfully
19:56:53 saveConfig: auto-save-60s
19:56:53 Saving config file
19:56:53 Saved config file successfully
19:57:53 saveConfig: auto-save-60s
19:57:53 Saving config file
19:57:53 Saved config file successfully
19:57:53 saveConfig: auto-save-60s
19:57:53 Saving config file
19:57:53 Saved config file successfully
19:58:53 saveConfig: auto-save-60s
19:58:53 Saving config file
19:58:53 Saved config file successfully
19:58:53 saveConfig: auto-save-60s
19:58:53 Saving config file
19:58:53 Saved config file successfully
19:59:53 saveConfig: auto-save-60s
19:59:53 Saving config file
19:59:53 Saved config file successfully
19:59:53 saveConfig: auto-save-60s
19:59:53 Saving config file
19:59:53 Saved config file successfully
20:00:53 saveConfig: auto-save-60s
20:00:53 Saving config file
20:00:53 Saved config file successfully
20:00:53 saveConfig: auto-save-60s
20:00:53 Saving config file
20:00:53 Saved config file successfully
20:01:53 saveConfig: auto-save-60s
20:01:53 Saving config file
20:01:53 Saved config file successfully
20:01:53 saveConfig: auto-save-60s
20:01:53 Saving config file
20:01:53 Saved config file successfully
20:02:53 saveConfig: auto-save-60s
20:02:53 Saving config file
20:02:53 Saved config file successfully
20:02:53 saveConfig: auto-save-60s
20:02:53 Saving config file
20:02:53 Saved config file successfully
20:03:53 saveConfig: auto-save-60s
20:03:53 Saving config file
20:03:53 Saved config file successfully
20:03:53 saveConfig: auto-save-60s
20:03:53 Saving config file
20:03:53 Saved config file successfully
20:04:53 saveConfig: auto-save-60s
20:04:53 Saving config file
20:04:53 Saved config file successfully
20:04:53 saveConfig: auto-save-60s
20:04:53 Saving config file
20:04:53 Saved config file successfully
20:05:53 saveConfig: auto-save-60s
20:05:53 Saving config file
20:05:53 Saved config file successfully
20:05:53 saveConfig: auto-save-60s
20:05:53 Saving config file
20:05:53 Saved config file successfully
20:06:53 saveConfig: auto-save-60s
20:06:53 Saving config file
20:06:53 Saved config file successfully
20:06:53 saveConfig: auto-save-60s
20:06:53 Saving config file
20:06:53 Saved config file successfully
20:07:53 saveConfig: auto-save-60s
20:07:53 Saving config file
20:07:53 Saved config file successfully
20:07:53 saveConfig: auto-save-60s
20:07:53 Saving config file
20:07:53 Saved config file successfully
20:08:53 saveConfig: auto-save-60s
20:08:53 Saving config file
20:08:53 Saved config file successfully
20:08:53 saveConfig: auto-save-60s
20:08:53 Saving config file
20:08:53 Saved config file successfully
20:09:53 saveConfig: auto-save-60s
20:09:53 Saving config file
20:09:53 Saved config file successfully
20:09:53 saveConfig: auto-save-60s
20:09:53 Saving config file
20:09:53 Saved config file successfully
20:10:53 saveConfig: auto-save-60s
20:10:53 Saving config file
20:10:53 Saved config file successfully
20:10:53 saveConfig: auto-save-60s
20:10:53 Saving config file
20:10:53 Saved config file successfully
20:11:53 saveConfig: auto-save-60s
20:11:53 Saving config file
20:11:53 Saved config file successfully
20:11:53 saveConfig: auto-save-60s
20:11:53 Saving config file
20:11:53 Saved config file successfully
20:12:53 saveConfig: auto-save-60s
20:12:53 Saving config file
20:12:53 Saved config file successfully
20:12:53 saveConfig: auto-save-60s
20:12:53 Saving config file
20:12:53 Saved config file successfully
20:13:53 saveConfig: auto-save-60s
20:13:53 Saving config file
20:13:53 Saved config file successfully
20:13:53 saveConfig: auto-save-60s
20:13:53 Saving config file
20:13:53 Saved config file successfully
20:14:04 saveConfig: shutdown-hook
20:14:04 Saving config file
