17:14:26 PRIVATE_ISLAND
17:17:15 DUNGEON_HUB
17:20:32 NONE
17:20:35 DUNGEON_HUB
17:30:09 NONE
17:30:10 HUB
17:30:19 NONE
17:30:20 DUNGEON_HUB
17:36:00 CATACOMBS
17:46:31 NONE
17:46:33 HUB
17:47:13 NONE
17:47:14 CATACOMBS
17:56:43 NONE
17:56:44 DUNGEON_HUB
18:00:38 NONE
18:00:39 CATACOMBS
18:01:54 NONE
18:01:57 DUNGEON_HUB
18:03:14 CATACOMBS
18:13:58 NONE
18:14:01 DUNGEON_HUB
18:14:32 NONE
18:14:33 CATACOMBS
18:24:50 NONE
18:24:52 DUNGEON_HUB
18:25:09 NONE
18:25:14 CATACOMBS
18:35:19 NONE
18:35:20 DUNGEON_HUB
18:35:44 NONE
18:35:45 HUB
18:47:02 HUB
18:47:20 NONE
18:47:20 GARDEN
18:47:30 NONE
18:47:31 PRIVATE_ISLAND
18:48:03 NONE
18:48:04 GARDEN
18:53:39 NONE
18:53:39 PRIVATE_ISLAND
18:55:50 NONE
18:55:50 GARDEN
18:57:20 GARDEN
22:03:47 NONE
22:03:55 GARDEN
22:30:59 PRIVATE_ISLAND
22:31:14 NONE
22:31:16 GARDEN
22:33:01 HUB
22:36:03 NONE
22:36:05 HUB
22:36:13 NONE
22:36:14 HUB
22:49:47 NONE
