19:44:42 Trying to load config from config\skyhanni\config.json
19:44:42 load-config-now
19:44:43 Loaded config from file
19:44:43 Trying to load sacks from config\skyhanni\sacks.json
19:44:43 Setting sacks to be blank as it did not exist. It will be saved once something is written to it
19:44:43 Trying to load friends from config\skyhanni\friends.json
19:44:43 load-friends-now
19:44:43 Loaded friends from file
19:44:43 Trying to load known_features from config\skyhanni\known_features.json
19:44:43 load-known_features-now
19:44:43 Loaded known_features from file
19:44:43 Trying to load jacob_contests from config\skyhanni\jacob_contests.json
19:44:43 Setting jacob_contests to be blank as it did not exist. It will be saved once something is written to it
19:44:43 Trying to load visual_words from config\skyhanni\visual_words.json
19:44:43 Setting visual_words to be blank as it did not exist. It will be saved once something is written to it
19:44:43 Trying to load pets from config\skyhanni\pets.json
19:44:43 load-pets-now
19:44:43 Loaded pets from file
19:45:43 saveConfig: auto-save-60s
19:45:43 Saving config file
19:45:43 Saved config file successfully
19:45:43 saveConfig: auto-save-60s
19:45:43 Saving config file
19:45:43 Saved config file successfully
19:46:43 saveConfig: Updated known feature flags
19:46:43 Saving known_features file
19:46:43 Saved known_features file successfully
19:46:43 saveConfig: Updated known feature flags
19:46:43 Saving known_features file
19:46:43 Saved known_features file successfully
19:46:43 saveConfig: auto-save-60s
19:46:43 Saving config file
19:46:43 Saved config file successfully
19:46:43 saveConfig: auto-save-60s
19:46:43 Saving config file
19:46:43 Saved config file successfully
19:46:47 saveConfig: saving-data
19:46:47 Saving pets file
19:46:47 Saved pets file successfully
19:46:47 saveConfig: saving-data
19:46:47 Saving pets file
19:46:47 Saved pets file successfully
19:47:18 saveConfig: saving-data
19:47:18 Saving pets file
19:47:18 Saved pets file successfully
19:47:18 saveConfig: saving-data
19:47:18 Saving pets file
19:47:18 Saved pets file successfully
19:47:43 saveConfig: auto-save-60s
19:47:43 Saving config file
19:47:43 Saved config file successfully
19:47:43 saveConfig: auto-save-60s
19:47:43 Saving config file
19:47:43 Saved config file successfully
19:47:53 saveConfig: shutdown-hook
19:47:53 Saving config file
