18:05:53 §f                                  §6§lBESTIARY
18:05:53 §f                            §b§lKing Midas §7§8X §8➡§b §bXI
18:05:53 
18:05:53 §f                                  §r§6§lREWARDS
18:05:53 §f                      §r§8+§r§a4 §r§d§lKing Midas §r§b✯ Magic Find
18:05:53 §f                       §r§8+§r§a4 §r§d§lKing Midas §r§c❁ Strength
18:05:53 §f                          §r§8+§r§62% §r§a§r§d§lKing Midas §r§7coins
18:05:53 §f                    §r§8+§r§a50% §r§7chance for extra XP orbs
18:05:53 §f                               §r§8+§r§b1 SkyBlock XP
18:05:53 
18:05:53 §3§l▬▬▬▬▬▬▬▬▬▬▬▬▬▬▬▬▬▬▬▬▬▬▬▬▬▬▬▬▬▬▬▬▬▬▬▬▬▬▬▬▬▬▬▬▬▬▬▬▬▬▬▬▬▬▬▬▬▬▬▬▬▬▬▬
18:15:22 §f                                  §6§lBESTIARY
18:15:22 §f                    §b§lSkeleton Master §7§8XVII §8➡§b §bXVIII
18:15:22 
18:15:22 §f                                  §r§6§lREWARDS
18:15:22 §f                    §r§8+§r§a5 Skeleton Master §r§b✯ Magic Find
18:15:22 §f                     §r§8+§r§a5 Skeleton Master §r§c❁ Strength
18:15:22 §f                        §r§8+§r§62% §r§aSkeleton Master §r§7coins
18:15:22 §f                    §r§8+§r§a50% §r§7chance for extra XP orbs
18:15:22 §f                               §r§8+§r§b1 SkyBlock XP
18:15:22 
18:15:22 §3§l▬▬▬▬▬▬▬▬▬▬▬▬▬▬▬▬▬▬▬▬▬▬▬▬▬▬▬▬▬▬▬▬▬▬▬▬▬▬▬▬▬▬▬▬▬▬▬▬▬▬▬▬▬▬▬▬▬▬▬▬▬▬▬▬
18:21:19 §f                                  §6§lBESTIARY
18:21:19 §f                        §b§lWither Guard §7§8XXI §8➡§b §bXXII
18:21:19 
18:21:19 §f                                  §r§6§lREWARDS
18:21:19 §f                      §r§8+§r§a6 Wither Guard §r§b✯ Magic Find
18:21:19 §f                       §r§8+§r§a6 Wither Guard §r§c❁ Strength
18:21:19 §f                          §r§8+§r§62% §r§aWither Guard §r§7coins
18:21:19 §f                    §r§8+§r§a50% §r§7chance for extra XP orbs
18:21:19 §f                               §r§8+§r§b1 SkyBlock XP
18:21:19 
18:21:19 §3§l▬▬▬▬▬▬▬▬▬▬▬▬▬▬▬▬▬▬▬▬▬▬▬▬▬▬▬▬▬▬▬▬▬▬▬▬▬▬▬▬▬▬▬▬▬▬▬▬▬▬▬▬▬▬▬▬▬▬▬▬▬▬▬▬
18:48:16 §f                                  §6§lBESTIARY
18:48:16 §f                             §b§lBeetle §7§8VII §8➡§b §bVIII
18:48:16 
18:48:16 §f                                  §r§6§lREWARDS
18:48:16 §f                          §r§6+0.4☘ Farming Fortune
18:48:16 §f                              §r§8+§r§62% §r§aBeetle §r§7coins
18:48:16 §f                    §r§8+§r§a50% §r§7chance for extra XP orbs
18:48:16 §f                               §r§8+§r§b1 SkyBlock XP
18:48:16 
18:48:16 §3§l▬▬▬▬▬▬▬▬▬▬▬▬▬▬▬▬▬▬▬▬▬▬▬▬▬▬▬▬▬▬▬▬▬▬▬▬▬▬▬▬▬▬▬▬▬▬▬▬▬▬▬▬▬▬▬▬▬▬▬▬▬▬▬▬
18:49:00 §f                                  §6§lBESTIARY
18:49:00 §f                               §b§lMite §7§8VII §8➡§b §bVIII
18:49:00 
18:49:00 §f                                  §r§6§lREWARDS
18:49:00 §f                          §r§6+0.4☘ Farming Fortune
18:49:00 §f                                §r§8+§r§62% §r§aMite §r§7coins
18:49:00 §f                    §r§8+§r§a50% §r§7chance for extra XP orbs
18:49:00 §f                               §r§8+§r§b1 SkyBlock XP
18:49:00 
18:49:00 §3§l▬▬▬▬▬▬▬▬▬▬▬▬▬▬▬▬▬▬▬▬▬▬▬▬▬▬▬▬▬▬▬▬▬▬▬▬▬▬▬▬▬▬▬▬▬▬▬▬▬▬▬▬▬▬▬▬▬▬▬▬▬▬▬▬
22:23:29 §f                                  §6§lBESTIARY
22:23:29 §f                              §b§lMoth §7§8VII §8➡§b §bVIII
22:23:29 
22:23:29 §f                                  §r§6§lREWARDS
22:23:29 §f                          §r§6+0.4☘ Farming Fortune
22:23:29 §f                               §r§8+§r§62% §r§aMoth §r§7coins
22:23:29 §f                    §r§8+§r§a50% §r§7chance for extra XP orbs
22:23:29 §f                               §r§8+§r§b1 SkyBlock XP
22:23:29 
22:23:29 §3§l▬▬▬▬▬▬▬▬▬▬▬▬▬▬▬▬▬▬▬▬▬▬▬▬▬▬▬▬▬▬▬▬▬▬▬▬▬▬▬▬▬▬▬▬▬▬▬▬▬▬▬▬▬▬▬▬▬▬▬▬▬▬▬▬
