18:49:39 §e[NPC] §aFear Mongerer§f: §r§fMortal, the time of reckoning is near. The Past will light the future.
18:50:03 §e[NPC] §aFear Mongerer§f: §r§fMay your destiny be ridded with fortune.
18:50:59 §e[NPC] §aArthur§f: §r§fMy wheat minion has been slacking recently, I am thinking about giving it an upgrade. He hasn't produced any wheat in years! Every time I check on him, he's empty.
18:51:15 §e[NPC] §aArthur§f: §r§fHoly Macaroni! That should boost my minion to at least Tier 5! Thank you a lot!
18:51:17 §e[NPC] §aMason§f: §r§fI paid for one of Treasure Hunter's tips today and again, it only led me to a dirty shoelace. His tips are just not worth it...
18:51:28 §e[NPC] §aMason§f: §r§fMaybe if I continue buying his tips I'll hit the jackpot soon. Just gotta spend a little bit more...
18:51:29 §e[NPC] §aWeaponsmith§f: §r§fHey! I am looking to make some Hot Potato Books to enhance some of my weapons, do you have any potatoes to spare?
18:51:44 §e[NPC] §aWeaponsmith§f: §r§fThanks man! I'll be sure to smear these potatoes all over my weapons, that'll sure improve 'em!
22:04:46 §e[NPC] §9Shifty§f: §r§fIt seems like my brew selection is rather small...I've recently heard that melon juice is really sought after so maybe it can enhance my drinks' flavors!
22:05:22 §e[NPC] §9Shifty§f: §r§fWell done! I'm sure that even Sirius will enjoy my revolutionary melon refreshments.
22:05:28 §e[NPC] §aGimley§f: §r§fbUuUrP!?!?
22:05:43 §e[NPC] §aGimley§f: §r§fBuRRrP Burp!
22:05:45 §e[NPC] §9Lumina§f: §r§fI'm looking to make some Jack o' Lanterns to help light up the Crystal Hollows - maybe you can help me out?
22:05:57 §e[NPC] §9Lumina§f: §r§fNice doin' business with ya! Here's some copper in return.
22:05:59 §e[NPC] §aTerry§f: §r§fAhoy, §alongfenownsheat§f! People always tell me they like ice cream, but ice never really tastes like anything for me!
22:06:14 §e[NPC] §aTerry§f: §r§fYou are saying I need to combine these items with ice to have a taste? I'll believe it when I see it!
22:24:07 §e[NPC] §aLeo§f: §r§fSadly you can't gather logs in the §aThe Garden§f, however there are plenty of crops here!
22:24:23 §e[NPC] §aLeo§f: §r§fUntil next time!
22:24:24 §e[NPC] §aTrevor§f: §r§fI've been tracking an animal for the past few days. Got anything I could use as bait?
22:24:48 §e[NPC] §aTrevor§f: §r§fThis should do nicely. I'll have plenty of pelts by the end of the day.
22:24:49 §e[NPC] §aAndrew§f: §rDid you know that SkyBlock has been running for §b5194 §fin-game months already? Time flies.
22:25:05 §e[NPC] §aAndrew§f: §r§fSee you around!
22:30:40 §e[NPC] §aJack§f: §r§fDid you know that you gain additional §6☘ Farming Fortune §fwhile on the §aThe Garden§f? You can check it in your SkyBlock Profile!
22:31:40 §e[NPC] §aJack§f: §r§fDid you know that you gain additional §6☘ Farming Fortune §fwhile on the §aThe Garden§f? You can check it in your SkyBlock Profile!
22:31:42 §e[NPC] §aJack§f: §r§fThanks for the crops. See ya around.
