17:14:29 §f                     §7You have §a2 §7items stashed away!
17:14:29 §f                §6§l>>> §6§lCLICK HERE§e to pick them up! §6§l<<<
17:14:29   
17:14:29 §f                §7You have §31,877 §7materials stashed away!
17:14:29 §f              §8(This totals 4 types of materials stashed!)
17:14:29 §f                §3§l>>> §3§lCLICK HERE§b to pick them up! §3§l<<<
17:14:29   
17:15:29 §f                     §7You have §a2 §7items stashed away!
17:15:29 §f                §6§l>>> §6§lCLICK HERE§e to pick them up! §6§l<<<
17:15:29   
17:15:29 §f                §7You have §31,877 §7materials stashed away!
17:15:29 §f              §8(This totals 4 types of materials stashed!)
17:15:29 §f                §3§l>>> §3§lCLICK HERE§b to pick them up! §3§l<<<
17:15:29   
17:16:29 §f                     §7You have §a2 §7items stashed away!
17:16:29 §f                §6§l>>> §6§lCLICK HERE§e to pick them up! §6§l<<<
17:16:29   
17:16:29 §f                §7You have §31,877 §7materials stashed away!
17:16:29 §f              §8(This totals 4 types of materials stashed!)
17:16:29 §f                §3§l>>> §3§lCLICK HERE§b to pick them up! §3§l<<<
17:16:29   
17:17:18 §f                     §7You have §a2 §7items stashed away!
17:17:18 §f                §6§l>>> §6§lCLICK HERE§e to pick them up! §6§l<<<
17:17:18   
17:17:18 §f                §7You have §31,877 §7materials stashed away!
17:17:18 §f              §8(This totals 4 types of materials stashed!)
17:17:18 §f                §3§l>>> §3§lCLICK HERE§b to pick them up! §3§l<<<
17:17:18   
17:21:19 §f                     §7You have §a2 §7items stashed away!
17:21:19 §f                §6§l>>> §6§lCLICK HERE§e to pick them up! §6§l<<<
17:21:19   
17:21:19 §f                §7You have §31,877 §7materials stashed away!
17:21:19 §f              §8(This totals 4 types of materials stashed!)
17:21:19 §f                §3§l>>> §3§lCLICK HERE§b to pick them up! §3§l<<<
17:21:19   
17:22:20 §f                     §7You have §a2 §7items stashed away!
17:22:20 §f                §6§l>>> §6§lCLICK HERE§e to pick them up! §6§l<<<
17:22:20   
17:22:20 §f                §7You have §31,877 §7materials stashed away!
17:22:20 §f              §8(This totals 4 types of materials stashed!)
17:22:20 §f                §3§l>>> §3§lCLICK HERE§b to pick them up! §3§l<<<
17:22:20   
17:23:20 §f                     §7You have §a2 §7items stashed away!
17:23:20 §f                §6§l>>> §6§lCLICK HERE§e to pick them up! §6§l<<<
17:23:20   
17:23:20 §f                §7You have §31,877 §7materials stashed away!
17:23:20 §f              §8(This totals 4 types of materials stashed!)
17:23:20 §f                §3§l>>> §3§lCLICK HERE§b to pick them up! §3§l<<<
17:23:20   
17:24:21 §f                     §7You have §a2 §7items stashed away!
17:24:21 §f                §6§l>>> §6§lCLICK HERE§e to pick them up! §6§l<<<
17:24:21   
17:24:21 §f                §7You have §31,877 §7materials stashed away!
17:24:21 §f              §8(This totals 4 types of materials stashed!)
17:24:21 §f                §3§l>>> §3§lCLICK HERE§b to pick them up! §3§l<<<
17:24:21   
17:25:21 §f                     §7You have §a2 §7items stashed away!
17:25:21 §f                §6§l>>> §6§lCLICK HERE§e to pick them up! §6§l<<<
17:25:21   
17:25:21 §f                §7You have §31,877 §7materials stashed away!
17:25:21 §f              §8(This totals 4 types of materials stashed!)
17:25:21 §f                §3§l>>> §3§lCLICK HERE§b to pick them up! §3§l<<<
17:25:21   
17:26:26 §f                     §7You have §a2 §7items stashed away!
17:26:26 §f                §6§l>>> §6§lCLICK HERE§e to pick them up! §6§l<<<
17:26:26   
17:26:26 §f                §7You have §31,877 §7materials stashed away!
17:26:26 §f              §8(This totals 4 types of materials stashed!)
17:26:26 §f                §3§l>>> §3§lCLICK HERE§b to pick them up! §3§l<<<
17:26:26   
17:27:22 §f                     §7You have §a2 §7items stashed away!
17:27:22 §f                §6§l>>> §6§lCLICK HERE§e to pick them up! §6§l<<<
17:27:22   
17:27:22 §f                §7You have §31,877 §7materials stashed away!
17:27:22 §f              §8(This totals 4 types of materials stashed!)
17:27:22 §f                §3§l>>> §3§lCLICK HERE§b to pick them up! §3§l<<<
17:27:22   
17:28:23 §f                     §7You have §a2 §7items stashed away!
17:28:23 §f                §6§l>>> §6§lCLICK HERE§e to pick them up! §6§l<<<
17:28:23   
17:28:23 §f                §7You have §31,877 §7materials stashed away!
17:28:23 §f              §8(This totals 4 types of materials stashed!)
17:28:23 §f                §3§l>>> §3§lCLICK HERE§b to pick them up! §3§l<<<
17:28:23   
17:29:22 §f                     §7You have §a2 §7items stashed away!
17:29:22 §f                §6§l>>> §6§lCLICK HERE§e to pick them up! §6§l<<<
17:29:22   
17:29:22 §f                §7You have §31,877 §7materials stashed away!
17:29:22 §f              §8(This totals 4 types of materials stashed!)
17:29:22 §f                §3§l>>> §3§lCLICK HERE§b to pick them up! §3§l<<<
17:29:22   
17:30:30 §f                     §7You have §a2 §7items stashed away!
17:30:30 §f                §6§l>>> §6§lCLICK HERE§e to pick them up! §6§l<<<
17:30:30   
17:30:30 §f                §7You have §31,877 §7materials stashed away!
17:30:30 §f              §8(This totals 4 types of materials stashed!)
17:30:30 §f                §3§l>>> §3§lCLICK HERE§b to pick them up! §3§l<<<
17:30:30   
17:31:31 §f                     §7You have §a2 §7items stashed away!
17:31:31 §f                §6§l>>> §6§lCLICK HERE§e to pick them up! §6§l<<<
17:31:31   
17:31:31 §f                §7You have §31,877 §7materials stashed away!
17:31:31 §f              §8(This totals 4 types of materials stashed!)
17:31:31 §f                §3§l>>> §3§lCLICK HERE§b to pick them up! §3§l<<<
17:31:31   
17:32:31 §f                     §7You have §a2 §7items stashed away!
17:32:31 §f                §6§l>>> §6§lCLICK HERE§e to pick them up! §6§l<<<
17:32:31   
17:32:31 §f                §7You have §31,877 §7materials stashed away!
17:32:31 §f              §8(This totals 4 types of materials stashed!)
17:32:31 §f                §3§l>>> §3§lCLICK HERE§b to pick them up! §3§l<<<
17:32:31   
17:33:32 §f                     §7You have §a2 §7items stashed away!
17:33:32 §f                §6§l>>> §6§lCLICK HERE§e to pick them up! §6§l<<<
17:33:32   
17:33:32 §f                §7You have §31,877 §7materials stashed away!
17:33:32 §f              §8(This totals 4 types of materials stashed!)
17:33:32 §f                §3§l>>> §3§lCLICK HERE§b to pick them up! §3§l<<<
17:33:32   
17:34:32 §f                     §7You have §a2 §7items stashed away!
17:34:32 §f                §6§l>>> §6§lCLICK HERE§e to pick them up! §6§l<<<
17:34:32   
17:34:32 §f                §7You have §31,877 §7materials stashed away!
17:34:32 §f              §8(This totals 4 types of materials stashed!)
17:34:32 §f                §3§l>>> §3§lCLICK HERE§b to pick them up! §3§l<<<
17:34:32   
17:35:33 §f                     §7You have §a2 §7items stashed away!
17:35:33 §f                §6§l>>> §6§lCLICK HERE§e to pick them up! §6§l<<<
17:35:33   
17:35:33 §f                §7You have §31,877 §7materials stashed away!
17:35:33 §f              §8(This totals 4 types of materials stashed!)
17:35:33 §f                §3§l>>> §3§lCLICK HERE§b to pick them up! §3§l<<<
17:35:33   
17:36:02 §f                     §7You have §a2 §7items stashed away!
17:36:02 §f                §6§l>>> §6§lCLICK HERE§e to pick them up! §6§l<<<
17:36:02   
17:36:02 §f                §7You have §31,877 §7materials stashed away!
17:36:02 §f              §8(This totals 4 types of materials stashed!)
17:36:02 §f                §3§l>>> §3§lCLICK HERE§b to pick them up! §3§l<<<
17:36:02   
17:37:02 §f                     §7You have §a2 §7items stashed away!
17:37:02 §f                §6§l>>> §6§lCLICK HERE§e to pick them up! §6§l<<<
17:37:02   
17:37:02 §f                §7You have §31,877 §7materials stashed away!
17:37:02 §f              §8(This totals 4 types of materials stashed!)
17:37:02 §f                §3§l>>> §3§lCLICK HERE§b to pick them up! §3§l<<<
17:37:02   
17:38:08 §f                     §7You have §a2 §7items stashed away!
17:38:08 §f                §6§l>>> §6§lCLICK HERE§e to pick them up! §6§l<<<
17:38:08   
17:38:08 §f                §7You have §31,877 §7materials stashed away!
17:38:08 §f              §8(This totals 4 types of materials stashed!)
17:38:08 §f                §3§l>>> §3§lCLICK HERE§b to pick them up! §3§l<<<
17:38:08   
17:39:08 §f                     §7You have §a2 §7items stashed away!
17:39:08 §f                §6§l>>> §6§lCLICK HERE§e to pick them up! §6§l<<<
17:39:08   
17:39:08 §f                §7You have §31,877 §7materials stashed away!
17:39:08 §f              §8(This totals 4 types of materials stashed!)
17:39:08 §f                §3§l>>> §3§lCLICK HERE§b to pick them up! §3§l<<<
17:39:08   
17:40:09 §f                     §7You have §a2 §7items stashed away!
17:40:09 §f                §6§l>>> §6§lCLICK HERE§e to pick them up! §6§l<<<
17:40:09   
17:40:09 §f                §7You have §31,877 §7materials stashed away!
17:40:09 §f              §8(This totals 4 types of materials stashed!)
17:40:09 §f                §3§l>>> §3§lCLICK HERE§b to pick them up! §3§l<<<
17:40:09   
17:41:10 §f                     §7You have §a2 §7items stashed away!
17:41:10 §f                §6§l>>> §6§lCLICK HERE§e to pick them up! §6§l<<<
17:41:10   
17:41:10 §f                §7You have §31,877 §7materials stashed away!
17:41:10 §f              §8(This totals 4 types of materials stashed!)
17:41:10 §f                §3§l>>> §3§lCLICK HERE§b to pick them up! §3§l<<<
17:41:10   
17:42:10 §f                     §7You have §a2 §7items stashed away!
17:42:10 §f                §6§l>>> §6§lCLICK HERE§e to pick them up! §6§l<<<
17:42:10   
17:42:10 §f                §7You have §31,877 §7materials stashed away!
17:42:10 §f              §8(This totals 4 types of materials stashed!)
17:42:10 §f                §3§l>>> §3§lCLICK HERE§b to pick them up! §3§l<<<
17:42:10   
17:43:13 §f                     §7You have §a2 §7items stashed away!
17:43:13 §f                §6§l>>> §6§lCLICK HERE§e to pick them up! §6§l<<<
17:43:13   
17:43:13 §f                §7You have §31,877 §7materials stashed away!
17:43:13 §f              §8(This totals 4 types of materials stashed!)
17:43:13 §f                §3§l>>> §3§lCLICK HERE§b to pick them up! §3§l<<<
17:43:13   
17:44:14 §f                     §7You have §a2 §7items stashed away!
17:44:14 §f                §6§l>>> §6§lCLICK HERE§e to pick them up! §6§l<<<
17:44:14   
17:44:14 §f                §7You have §31,877 §7materials stashed away!
17:44:14 §f              §8(This totals 4 types of materials stashed!)
17:44:14 §f                §3§l>>> §3§lCLICK HERE§b to pick them up! §3§l<<<
17:44:14   
17:45:15 §f                     §7You have §a2 §7items stashed away!
17:45:15 §f                §6§l>>> §6§lCLICK HERE§e to pick them up! §6§l<<<
17:45:15   
17:45:15 §f                §7You have §31,877 §7materials stashed away!
17:45:15 §f              §8(This totals 4 types of materials stashed!)
17:45:15 §f                §3§l>>> §3§lCLICK HERE§b to pick them up! §3§l<<<
17:45:15   
17:46:17 §f                     §7You have §a2 §7items stashed away!
17:46:17 §f                §6§l>>> §6§lCLICK HERE§e to pick them up! §6§l<<<
17:46:17   
17:46:17 §f                §7You have §31,877 §7materials stashed away!
17:46:17 §f              §8(This totals 4 types of materials stashed!)
17:46:17 §f                §3§l>>> §3§lCLICK HERE§b to pick them up! §3§l<<<
17:46:17   
17:47:16 §f                     §7You have §a2 §7items stashed away!
17:47:16 §f                §6§l>>> §6§lCLICK HERE§e to pick them up! §6§l<<<
17:47:16   
17:47:16 §f                §7You have §31,877 §7materials stashed away!
17:47:16 §f              §8(This totals 4 types of materials stashed!)
17:47:16 §f                §3§l>>> §3§lCLICK HERE§b to pick them up! §3§l<<<
17:47:16   
17:48:16 §f                     §7You have §a2 §7items stashed away!
17:48:16 §f                §6§l>>> §6§lCLICK HERE§e to pick them up! §6§l<<<
17:48:16   
17:48:16 §f                §7You have §31,877 §7materials stashed away!
17:48:16 §f              §8(This totals 4 types of materials stashed!)
17:48:16 §f                §3§l>>> §3§lCLICK HERE§b to pick them up! §3§l<<<
17:48:16   
17:49:16 §f                     §7You have §a2 §7items stashed away!
17:49:16 §f                §6§l>>> §6§lCLICK HERE§e to pick them up! §6§l<<<
17:49:16   
17:49:16 §f                §7You have §31,877 §7materials stashed away!
17:49:16 §f              §8(This totals 4 types of materials stashed!)
17:49:16 §f                §3§l>>> §3§lCLICK HERE§b to pick them up! §3§l<<<
17:49:16   
17:50:16 §f                     §7You have §a2 §7items stashed away!
17:50:16 §f                §6§l>>> §6§lCLICK HERE§e to pick them up! §6§l<<<
17:50:16   
17:50:16 §f                §7You have §31,877 §7materials stashed away!
17:50:16 §f              §8(This totals 4 types of materials stashed!)
17:50:16 §f                §3§l>>> §3§lCLICK HERE§b to pick them up! §3§l<<<
17:50:16   
17:51:17 §f                     §7You have §a2 §7items stashed away!
17:51:17 §f                §6§l>>> §6§lCLICK HERE§e to pick them up! §6§l<<<
17:51:17   
17:51:17 §f                §7You have §31,877 §7materials stashed away!
17:51:17 §f              §8(This totals 4 types of materials stashed!)
17:51:17 §f                §3§l>>> §3§lCLICK HERE§b to pick them up! §3§l<<<
17:51:17   
17:52:17 §f                     §7You have §a2 §7items stashed away!
17:52:17 §f                §6§l>>> §6§lCLICK HERE§e to pick them up! §6§l<<<
17:52:17   
17:52:17 §f                §7You have §31,877 §7materials stashed away!
17:52:17 §f              §8(This totals 4 types of materials stashed!)
17:52:17 §f                §3§l>>> §3§lCLICK HERE§b to pick them up! §3§l<<<
17:52:17   
17:53:17 §f                     §7You have §a2 §7items stashed away!
17:53:17 §f                §6§l>>> §6§lCLICK HERE§e to pick them up! §6§l<<<
17:53:17   
17:53:17 §f                §7You have §31,877 §7materials stashed away!
17:53:17 §f              §8(This totals 4 types of materials stashed!)
17:53:17 §f                §3§l>>> §3§lCLICK HERE§b to pick them up! §3§l<<<
17:53:17   
17:54:18 §f                     §7You have §a2 §7items stashed away!
17:54:18 §f                §6§l>>> §6§lCLICK HERE§e to pick them up! §6§l<<<
17:54:18   
17:54:18 §f                §7You have §31,877 §7materials stashed away!
17:54:18 §f              §8(This totals 4 types of materials stashed!)
17:54:18 §f                §3§l>>> §3§lCLICK HERE§b to pick them up! §3§l<<<
17:54:18   
17:55:18 §f                     §7You have §a2 §7items stashed away!
17:55:18 §f                §6§l>>> §6§lCLICK HERE§e to pick them up! §6§l<<<
17:55:18   
17:55:18 §f                §7You have §31,877 §7materials stashed away!
17:55:18 §f              §8(This totals 4 types of materials stashed!)
17:55:18 §f                §3§l>>> §3§lCLICK HERE§b to pick them up! §3§l<<<
17:55:18   
17:56:18 §f                     §7You have §a2 §7items stashed away!
17:56:18 §f                §6§l>>> §6§lCLICK HERE§e to pick them up! §6§l<<<
17:56:18   
17:56:18 §f                §7You have §31,877 §7materials stashed away!
17:56:18 §f              §8(This totals 4 types of materials stashed!)
17:56:18 §f                §3§l>>> §3§lCLICK HERE§b to pick them up! §3§l<<<
17:56:18   
17:57:13 §f                     §7You have §a2 §7items stashed away!
17:57:13 §f                §6§l>>> §6§lCLICK HERE§e to pick them up! §6§l<<<
17:57:13   
17:57:13 §f                §7You have §31,877 §7materials stashed away!
17:57:13 §f              §8(This totals 4 types of materials stashed!)
17:57:13 §f                §3§l>>> §3§lCLICK HERE§b to pick them up! §3§l<<<
17:57:13   
17:58:13 §f                     §7You have §a2 §7items stashed away!
17:58:13 §f                §6§l>>> §6§lCLICK HERE§e to pick them up! §6§l<<<
17:58:13   
17:58:13 §f                §7You have §31,877 §7materials stashed away!
17:58:13 §f              §8(This totals 4 types of materials stashed!)
17:58:13 §f                §3§l>>> §3§lCLICK HERE§b to pick them up! §3§l<<<
17:58:13   
17:59:14 §f                     §7You have §a2 §7items stashed away!
17:59:14 §f                §6§l>>> §6§lCLICK HERE§e to pick them up! §6§l<<<
17:59:14   
17:59:14 §f                §7You have §31,877 §7materials stashed away!
17:59:14 §f              §8(This totals 4 types of materials stashed!)
17:59:14 §f                §3§l>>> §3§lCLICK HERE§b to pick them up! §3§l<<<
17:59:14   
18:00:16 §f                     §7You have §a2 §7items stashed away!
18:00:16 §f                §6§l>>> §6§lCLICK HERE§e to pick them up! §6§l<<<
18:00:16   
18:00:16 §f                §7You have §31,877 §7materials stashed away!
18:00:16 §f              §8(This totals 4 types of materials stashed!)
18:00:16 §f                §3§l>>> §3§lCLICK HERE§b to pick them up! §3§l<<<
18:00:16   
18:00:42 §f                     §7You have §a2 §7items stashed away!
18:00:42 §f                §6§l>>> §6§lCLICK HERE§e to pick them up! §6§l<<<
18:00:42   
18:00:42 §f                §7You have §31,877 §7materials stashed away!
18:00:42 §f              §8(This totals 4 types of materials stashed!)
18:00:42 §f                §3§l>>> §3§lCLICK HERE§b to pick them up! §3§l<<<
18:00:42   
18:01:41 §f                     §7You have §a2 §7items stashed away!
18:01:41 §f                §6§l>>> §6§lCLICK HERE§e to pick them up! §6§l<<<
18:01:41   
18:01:41 §f                §7You have §31,877 §7materials stashed away!
18:01:41 §f              §8(This totals 4 types of materials stashed!)
18:01:41 §f                §3§l>>> §3§lCLICK HERE§b to pick them up! §3§l<<<
18:01:41   
18:02:31 §f                     §7You have §a2 §7items stashed away!
18:02:31 §f                §6§l>>> §6§lCLICK HERE§e to pick them up! §6§l<<<
18:02:31   
18:02:31 §f                §7You have §31,877 §7materials stashed away!
18:02:31 §f              §8(This totals 4 types of materials stashed!)
18:02:31 §f                §3§l>>> §3§lCLICK HERE§b to pick them up! §3§l<<<
18:02:31   
18:03:18 §f                     §7You have §a2 §7items stashed away!
18:03:18 §f                §6§l>>> §6§lCLICK HERE§e to pick them up! §6§l<<<
18:03:18   
18:03:18 §f                §7You have §31,877 §7materials stashed away!
18:03:18 §f              §8(This totals 4 types of materials stashed!)
18:03:18 §f                §3§l>>> §3§lCLICK HERE§b to pick them up! §3§l<<<
18:03:18   
18:04:18 §f                     §7You have §a2 §7items stashed away!
18:04:18 §f                §6§l>>> §6§lCLICK HERE§e to pick them up! §6§l<<<
18:04:18   
18:04:18 §f                §7You have §31,877 §7materials stashed away!
18:04:18 §f              §8(This totals 4 types of materials stashed!)
18:04:18 §f                §3§l>>> §3§lCLICK HERE§b to pick them up! §3§l<<<
18:04:18   
18:05:18 §f                     §7You have §a2 §7items stashed away!
18:05:18 §f                §6§l>>> §6§lCLICK HERE§e to pick them up! §6§l<<<
18:05:18   
18:05:18 §f                §7You have §31,877 §7materials stashed away!
18:05:18 §f              §8(This totals 4 types of materials stashed!)
18:05:18 §f                §3§l>>> §3§lCLICK HERE§b to pick them up! §3§l<<<
18:05:18   
18:06:19 §f                     §7You have §a2 §7items stashed away!
18:06:19 §f                §6§l>>> §6§lCLICK HERE§e to pick them up! §6§l<<<
18:06:19   
18:06:19 §f                §7You have §31,877 §7materials stashed away!
18:06:19 §f              §8(This totals 4 types of materials stashed!)
18:06:19 §f                §3§l>>> §3§lCLICK HERE§b to pick them up! §3§l<<<
18:06:19   
18:07:19 §f                     §7You have §a2 §7items stashed away!
18:07:19 §f                §6§l>>> §6§lCLICK HERE§e to pick them up! §6§l<<<
18:07:19   
18:07:19 §f                §7You have §31,877 §7materials stashed away!
18:07:19 §f              §8(This totals 4 types of materials stashed!)
18:07:19 §f                §3§l>>> §3§lCLICK HERE§b to pick them up! §3§l<<<
18:07:19   
18:08:22 §f                     §7You have §a2 §7items stashed away!
18:08:22 §f                §6§l>>> §6§lCLICK HERE§e to pick them up! §6§l<<<
18:08:22   
18:08:22 §f                §7You have §31,877 §7materials stashed away!
18:08:22 §f              §8(This totals 4 types of materials stashed!)
18:08:22 §f                §3§l>>> §3§lCLICK HERE§b to pick them up! §3§l<<<
18:08:22   
18:09:22 §f                     §7You have §a2 §7items stashed away!
18:09:22 §f                §6§l>>> §6§lCLICK HERE§e to pick them up! §6§l<<<
18:09:22   
18:09:22 §f                §7You have §31,877 §7materials stashed away!
18:09:22 §f              §8(This totals 4 types of materials stashed!)
18:09:22 §f                §3§l>>> §3§lCLICK HERE§b to pick them up! §3§l<<<
18:09:22   
18:10:22 §f                     §7You have §a2 §7items stashed away!
18:10:22 §f                §6§l>>> §6§lCLICK HERE§e to pick them up! §6§l<<<
18:10:22   
18:10:22 §f                §7You have §31,877 §7materials stashed away!
18:10:22 §f              §8(This totals 4 types of materials stashed!)
18:10:22 §f                §3§l>>> §3§lCLICK HERE§b to pick them up! §3§l<<<
18:10:22   
18:11:24 §f                     §7You have §a2 §7items stashed away!
18:11:24 §f                §6§l>>> §6§lCLICK HERE§e to pick them up! §6§l<<<
18:11:24   
18:11:24 §f                §7You have §31,877 §7materials stashed away!
18:11:24 §f              §8(This totals 4 types of materials stashed!)
18:11:24 §f                §3§l>>> §3§lCLICK HERE§b to pick them up! §3§l<<<
18:11:24   
18:12:24 §f                     §7You have §a2 §7items stashed away!
18:12:24 §f                §6§l>>> §6§lCLICK HERE§e to pick them up! §6§l<<<
18:12:24   
18:12:24 §f                §7You have §31,877 §7materials stashed away!
18:12:24 §f              §8(This totals 4 types of materials stashed!)
18:12:24 §f                §3§l>>> §3§lCLICK HERE§b to pick them up! §3§l<<<
18:12:24   
18:13:24 §f                     §7You have §a2 §7items stashed away!
18:13:24 §f                §6§l>>> §6§lCLICK HERE§e to pick them up! §6§l<<<
18:13:24   
18:13:24 §f                §7You have §31,877 §7materials stashed away!
18:13:24 §f              §8(This totals 4 types of materials stashed!)
18:13:24 §f                §3§l>>> §3§lCLICK HERE§b to pick them up! §3§l<<<
18:13:24   
18:14:00 §f                     §7You have §a2 §7items stashed away!
18:14:00 §f                §6§l>>> §6§lCLICK HERE§e to pick them up! §6§l<<<
18:14:00   
18:14:00 §f                §7You have §31,877 §7materials stashed away!
18:14:00 §f              §8(This totals 4 types of materials stashed!)
18:14:00 §f                §3§l>>> §3§lCLICK HERE§b to pick them up! §3§l<<<
18:14:00   
18:14:41 §f                     §7You have §a2 §7items stashed away!
18:14:41 §f                §6§l>>> §6§lCLICK HERE§e to pick them up! §6§l<<<
18:14:41   
18:14:41 §f                §7You have §31,877 §7materials stashed away!
18:14:41 §f              §8(This totals 4 types of materials stashed!)
18:14:41 §f                §3§l>>> §3§lCLICK HERE§b to pick them up! §3§l<<<
18:14:41   
18:15:35 §f                     §7You have §a2 §7items stashed away!
18:15:35 §f                §6§l>>> §6§lCLICK HERE§e to pick them up! §6§l<<<
18:15:35   
18:15:35 §f                §7You have §31,877 §7materials stashed away!
18:15:35 §f              §8(This totals 4 types of materials stashed!)
18:15:35 §f                §3§l>>> §3§lCLICK HERE§b to pick them up! §3§l<<<
18:15:35   
18:16:36 §f                     §7You have §a2 §7items stashed away!
18:16:36 §f                §6§l>>> §6§lCLICK HERE§e to pick them up! §6§l<<<
18:16:36   
18:16:36 §f                §7You have §31,877 §7materials stashed away!
18:16:36 §f              §8(This totals 4 types of materials stashed!)
18:16:36 §f                §3§l>>> §3§lCLICK HERE§b to pick them up! §3§l<<<
18:16:36   
18:17:38 §f                     §7You have §a2 §7items stashed away!
18:17:38 §f                §6§l>>> §6§lCLICK HERE§e to pick them up! §6§l<<<
18:17:38   
18:17:38 §f                §7You have §31,877 §7materials stashed away!
18:17:38 §f              §8(This totals 4 types of materials stashed!)
18:17:38 §f                §3§l>>> §3§lCLICK HERE§b to pick them up! §3§l<<<
18:17:38   
18:18:38 §f                     §7You have §a2 §7items stashed away!
18:18:38 §f                §6§l>>> §6§lCLICK HERE§e to pick them up! §6§l<<<
18:18:38   
18:18:38 §f                §7You have §31,877 §7materials stashed away!
18:18:38 §f              §8(This totals 4 types of materials stashed!)
18:18:38 §f                §3§l>>> §3§lCLICK HERE§b to pick them up! §3§l<<<
18:18:38   
18:19:38 §f                     §7You have §a2 §7items stashed away!
18:19:38 §f                §6§l>>> §6§lCLICK HERE§e to pick them up! §6§l<<<
18:19:38   
18:19:38 §f                §7You have §31,877 §7materials stashed away!
18:19:38 §f              §8(This totals 4 types of materials stashed!)
18:19:38 §f                §3§l>>> §3§lCLICK HERE§b to pick them up! §3§l<<<
18:19:38   
18:20:38 §f                     §7You have §a2 §7items stashed away!
18:20:38 §f                §6§l>>> §6§lCLICK HERE§e to pick them up! §6§l<<<
18:20:38   
18:20:38 §f                §7You have §31,877 §7materials stashed away!
18:20:38 §f              §8(This totals 4 types of materials stashed!)
18:20:38 §f                §3§l>>> §3§lCLICK HERE§b to pick them up! §3§l<<<
18:20:38   
18:21:39 §f                     §7You have §a2 §7items stashed away!
18:21:39 §f                §6§l>>> §6§lCLICK HERE§e to pick them up! §6§l<<<
18:21:39   
18:21:39 §f                §7You have §31,877 §7materials stashed away!
18:21:39 §f              §8(This totals 4 types of materials stashed!)
18:21:39 §f                §3§l>>> §3§lCLICK HERE§b to pick them up! §3§l<<<
18:21:39   
18:22:39 §f                     §7You have §a2 §7items stashed away!
18:22:39 §f                §6§l>>> §6§lCLICK HERE§e to pick them up! §6§l<<<
18:22:39   
18:22:39 §f                §7You have §31,877 §7materials stashed away!
18:22:39 §f              §8(This totals 4 types of materials stashed!)
18:22:39 §f                §3§l>>> §3§lCLICK HERE§b to pick them up! §3§l<<<
18:22:39   
18:23:39 §f                     §7You have §a2 §7items stashed away!
18:23:39 §f                §6§l>>> §6§lCLICK HERE§e to pick them up! §6§l<<<
18:23:39   
18:23:39 §f                §7You have §31,877 §7materials stashed away!
18:23:39 §f              §8(This totals 4 types of materials stashed!)
18:23:39 §f                §3§l>>> §3§lCLICK HERE§b to pick them up! §3§l<<<
18:23:39   
18:24:39 §f                     §7You have §a2 §7items stashed away!
18:24:39 §f                §6§l>>> §6§lCLICK HERE§e to pick them up! §6§l<<<
18:24:39   
18:24:39 §f                §7You have §31,877 §7materials stashed away!
18:24:39 §f              §8(This totals 4 types of materials stashed!)
18:24:39 §f                §3§l>>> §3§lCLICK HERE§b to pick them up! §3§l<<<
18:24:39   
18:25:14 §f                     §7You have §a2 §7items stashed away!
18:25:14 §f                §6§l>>> §6§lCLICK HERE§e to pick them up! §6§l<<<
18:25:14   
18:25:15 §f                §7You have §31,877 §7materials stashed away!
18:25:15 §f              §8(This totals 4 types of materials stashed!)
18:25:15 §f                §3§l>>> §3§lCLICK HERE§b to pick them up! §3§l<<<
18:25:15   
18:26:14 §f                     §7You have §a2 §7items stashed away!
18:26:14 §f                §6§l>>> §6§lCLICK HERE§e to pick them up! §6§l<<<
18:26:14   
18:26:14 §f                §7You have §31,877 §7materials stashed away!
18:26:14 §f              §8(This totals 4 types of materials stashed!)
18:26:14 §f                §3§l>>> §3§lCLICK HERE§b to pick them up! §3§l<<<
18:26:14   
18:27:14 §f                     §7You have §a2 §7items stashed away!
18:27:14 §f                §6§l>>> §6§lCLICK HERE§e to pick them up! §6§l<<<
18:27:14   
18:27:14 §f                §7You have §31,877 §7materials stashed away!
18:27:14 §f              §8(This totals 4 types of materials stashed!)
18:27:14 §f                §3§l>>> §3§lCLICK HERE§b to pick them up! §3§l<<<
18:27:14   
18:28:15 §f                     §7You have §a2 §7items stashed away!
18:28:15 §f                §6§l>>> §6§lCLICK HERE§e to pick them up! §6§l<<<
18:28:15   
18:28:15 §f                §7You have §31,877 §7materials stashed away!
18:28:15 §f              §8(This totals 4 types of materials stashed!)
18:28:15 §f                §3§l>>> §3§lCLICK HERE§b to pick them up! §3§l<<<
18:28:15   
18:29:16 §f                     §7You have §a2 §7items stashed away!
18:29:16 §f                §6§l>>> §6§lCLICK HERE§e to pick them up! §6§l<<<
18:29:16   
18:29:16 §f                §7You have §31,877 §7materials stashed away!
18:29:16 §f              §8(This totals 4 types of materials stashed!)
18:29:16 §f                §3§l>>> §3§lCLICK HERE§b to pick them up! §3§l<<<
18:29:16   
18:30:18 §f                     §7You have §a2 §7items stashed away!
18:30:18 §f                §6§l>>> §6§lCLICK HERE§e to pick them up! §6§l<<<
18:30:18   
18:30:18 §f                §7You have §31,877 §7materials stashed away!
18:30:18 §f              §8(This totals 4 types of materials stashed!)
18:30:18 §f                §3§l>>> §3§lCLICK HERE§b to pick them up! §3§l<<<
18:30:18   
18:31:19 §f                     §7You have §a2 §7items stashed away!
18:31:19 §f                §6§l>>> §6§lCLICK HERE§e to pick them up! §6§l<<<
18:31:19   
18:31:19 §f                §7You have §31,877 §7materials stashed away!
18:31:19 §f              §8(This totals 4 types of materials stashed!)
18:31:19 §f                §3§l>>> §3§lCLICK HERE§b to pick them up! §3§l<<<
18:31:19   
18:32:20 §f                     §7You have §a2 §7items stashed away!
18:32:20 §f                §6§l>>> §6§lCLICK HERE§e to pick them up! §6§l<<<
18:32:20   
18:32:20 §f                §7You have §31,877 §7materials stashed away!
18:32:20 §f              §8(This totals 4 types of materials stashed!)
18:32:20 §f                §3§l>>> §3§lCLICK HERE§b to pick them up! §3§l<<<
18:32:20   
18:33:20 §f                     §7You have §a2 §7items stashed away!
18:33:20 §f                §6§l>>> §6§lCLICK HERE§e to pick them up! §6§l<<<
18:33:20   
18:33:20 §f                §7You have §31,877 §7materials stashed away!
18:33:20 §f              §8(This totals 4 types of materials stashed!)
18:33:20 §f                §3§l>>> §3§lCLICK HERE§b to pick them up! §3§l<<<
18:33:20   
18:34:20 §f                     §7You have §a2 §7items stashed away!
18:34:20 §f                §6§l>>> §6§lCLICK HERE§e to pick them up! §6§l<<<
18:34:20   
18:34:20 §f                §7You have §31,877 §7materials stashed away!
18:34:20 §f              §8(This totals 4 types of materials stashed!)
18:34:20 §f                §3§l>>> §3§lCLICK HERE§b to pick them up! §3§l<<<
18:34:20   
18:35:39 §f                     §7You have §a2 §7items stashed away!
18:35:39 §f                §6§l>>> §6§lCLICK HERE§e to pick them up! §6§l<<<
18:35:39   
18:35:39 §f                §7You have §31,877 §7materials stashed away!
18:35:39 §f              §8(This totals 4 types of materials stashed!)
18:35:39 §f                §3§l>>> §3§lCLICK HERE§b to pick them up! §3§l<<<
18:35:39   
18:36:38 §f                     §7You have §a2 §7items stashed away!
18:36:38 §f                §6§l>>> §6§lCLICK HERE§e to pick them up! §6§l<<<
18:36:38   
18:36:38 §f                §7You have §31,877 §7materials stashed away!
18:36:38 §f              §8(This totals 4 types of materials stashed!)
18:36:38 §f                §3§l>>> §3§lCLICK HERE§b to pick them up! §3§l<<<
18:36:38   
18:37:39 §f                     §7You have §a2 §7items stashed away!
18:37:39 §f                §6§l>>> §6§lCLICK HERE§e to pick them up! §6§l<<<
18:37:39   
18:37:39 §f                §7You have §31,877 §7materials stashed away!
18:37:39 §f              §8(This totals 4 types of materials stashed!)
18:37:39 §f                §3§l>>> §3§lCLICK HERE§b to pick them up! §3§l<<<
18:37:39   
18:38:40 §f                     §7You have §a2 §7items stashed away!
18:38:40 §f                §6§l>>> §6§lCLICK HERE§e to pick them up! §6§l<<<
18:38:40   
18:38:40 §f                §7You have §31,877 §7materials stashed away!
18:38:40 §f              §8(This totals 4 types of materials stashed!)
18:38:40 §f                §3§l>>> §3§lCLICK HERE§b to pick them up! §3§l<<<
18:38:40   
18:39:41 §f                     §7You have §a2 §7items stashed away!
18:39:41 §f                §6§l>>> §6§lCLICK HERE§e to pick them up! §6§l<<<
18:39:41   
18:39:41 §f                §7You have §31,877 §7materials stashed away!
18:39:41 §f              §8(This totals 4 types of materials stashed!)
18:39:41 §f                §3§l>>> §3§lCLICK HERE§b to pick them up! §3§l<<<
18:39:41   
18:40:43 §f                     §7You have §a2 §7items stashed away!
18:40:43 §f                §6§l>>> §6§lCLICK HERE§e to pick them up! §6§l<<<
18:40:43   
18:40:43 §f                §7You have §31,877 §7materials stashed away!
18:40:43 §f              §8(This totals 4 types of materials stashed!)
18:40:43 §f                §3§l>>> §3§lCLICK HERE§b to pick them up! §3§l<<<
18:40:43   
18:41:44 §f                     §7You have §a2 §7items stashed away!
18:41:44 §f                §6§l>>> §6§lCLICK HERE§e to pick them up! §6§l<<<
18:41:44   
18:41:44 §f                §7You have §31,877 §7materials stashed away!
18:41:44 §f              §8(This totals 4 types of materials stashed!)
18:41:44 §f                §3§l>>> §3§lCLICK HERE§b to pick them up! §3§l<<<
18:41:44   
18:42:45 §f                     §7You have §a2 §7items stashed away!
18:42:45 §f                §6§l>>> §6§lCLICK HERE§e to pick them up! §6§l<<<
18:42:45   
18:42:45 §f                §7You have §31,877 §7materials stashed away!
18:42:45 §f              §8(This totals 4 types of materials stashed!)
18:42:45 §f                §3§l>>> §3§lCLICK HERE§b to pick them up! §3§l<<<
18:42:45   
18:43:47 §f                     §7You have §a2 §7items stashed away!
18:43:47 §f                §6§l>>> §6§lCLICK HERE§e to pick them up! §6§l<<<
18:43:47   
18:43:47 §f                §7You have §31,877 §7materials stashed away!
18:43:47 §f              §8(This totals 4 types of materials stashed!)
18:43:47 §f                §3§l>>> §3§lCLICK HERE§b to pick them up! §3§l<<<
18:43:47   
18:47:05 §f                     §7You have §a2 §7items stashed away!
18:47:05 §f                §6§l>>> §6§lCLICK HERE§e to pick them up! §6§l<<<
18:47:05   
18:47:05 §f                §7You have §31,877 §7materials stashed away!
18:47:05 §f              §8(This totals 4 types of materials stashed!)
18:47:05 §f                §3§l>>> §3§lCLICK HERE§b to pick them up! §3§l<<<
18:47:05   
18:47:24 §f                     §7You have §a2 §7items stashed away!
18:47:24 §f                §6§l>>> §6§lCLICK HERE§e to pick them up! §6§l<<<
18:47:24   
18:47:24 §f                §7You have §31,877 §7materials stashed away!
18:47:24 §f              §8(This totals 4 types of materials stashed!)
18:47:24 §f                §3§l>>> §3§lCLICK HERE§b to pick them up! §3§l<<<
18:47:24   
18:47:35 §f                     §7You have §a2 §7items stashed away!
18:47:35 §f                §6§l>>> §6§lCLICK HERE§e to pick them up! §6§l<<<
18:47:35   
18:47:35 §f                §7You have §31,877 §7materials stashed away!
18:47:35 §f              §8(This totals 4 types of materials stashed!)
18:47:35 §f                §3§l>>> §3§lCLICK HERE§b to pick them up! §3§l<<<
18:47:35   
18:48:08 §f                     §7You have §a2 §7items stashed away!
18:48:08 §f                §6§l>>> §6§lCLICK HERE§e to pick them up! §6§l<<<
18:48:08   
18:48:08 §f                §7You have §31,877 §7materials stashed away!
18:48:08 §f              §8(This totals 4 types of materials stashed!)
18:48:08 §f                §3§l>>> §3§lCLICK HERE§b to pick them up! §3§l<<<
18:48:08   
18:49:08 §f                     §7You have §a2 §7items stashed away!
18:49:08 §f                §6§l>>> §6§lCLICK HERE§e to pick them up! §6§l<<<
18:49:08   
18:49:08 §f                §7You have §31,877 §7materials stashed away!
18:49:08 §f              §8(This totals 4 types of materials stashed!)
18:49:08 §f                §3§l>>> §3§lCLICK HERE§b to pick them up! §3§l<<<
18:49:08   
18:50:08 §f                     §7You have §a2 §7items stashed away!
18:50:08 §f                §6§l>>> §6§lCLICK HERE§e to pick them up! §6§l<<<
18:50:08   
18:50:08 §f                §7You have §31,877 §7materials stashed away!
18:50:08 §f              §8(This totals 4 types of materials stashed!)
18:50:08 §f                §3§l>>> §3§lCLICK HERE§b to pick them up! §3§l<<<
18:50:08   
18:51:08 §f                     §7You have §a2 §7items stashed away!
18:51:08 §f                §6§l>>> §6§lCLICK HERE§e to pick them up! §6§l<<<
18:51:08   
18:51:08 §f                §7You have §31,877 §7materials stashed away!
18:51:08 §f              §8(This totals 4 types of materials stashed!)
18:51:08 §f                §3§l>>> §3§lCLICK HERE§b to pick them up! §3§l<<<
18:51:08   
18:52:08 §f                     §7You have §a2 §7items stashed away!
18:52:08 §f                §6§l>>> §6§lCLICK HERE§e to pick them up! §6§l<<<
18:52:08   
18:52:08 §f                §7You have §31,877 §7materials stashed away!
18:52:08 §f              §8(This totals 4 types of materials stashed!)
18:52:08 §f                §3§l>>> §3§lCLICK HERE§b to pick them up! §3§l<<<
18:52:08   
18:53:08 §f                     §7You have §a2 §7items stashed away!
18:53:08 §f                §6§l>>> §6§lCLICK HERE§e to pick them up! §6§l<<<
18:53:08   
18:53:08 §f                §7You have §31,877 §7materials stashed away!
18:53:08 §f              §8(This totals 4 types of materials stashed!)
18:53:08 §f                §3§l>>> §3§lCLICK HERE§b to pick them up! §3§l<<<
18:53:08   
18:53:43 §f                     §7You have §a2 §7items stashed away!
18:53:43 §f                §6§l>>> §6§lCLICK HERE§e to pick them up! §6§l<<<
18:53:43   
18:53:43 §f                §7You have §31,877 §7materials stashed away!
18:53:43 §f              §8(This totals 4 types of materials stashed!)
18:53:43 §f                §3§l>>> §3§lCLICK HERE§b to pick them up! §3§l<<<
18:53:43   
18:54:43 §f                     §7You have §a2 §7items stashed away!
18:54:43 §f                §6§l>>> §6§lCLICK HERE§e to pick them up! §6§l<<<
18:54:43   
18:54:43 §f                §7You have §31,877 §7materials stashed away!
18:54:43 §f              §8(This totals 4 types of materials stashed!)
18:54:43 §f                §3§l>>> §3§lCLICK HERE§b to pick them up! §3§l<<<
18:54:43   
18:55:43 §f                     §7You have §a2 §7items stashed away!
18:55:43 §f                §6§l>>> §6§lCLICK HERE§e to pick them up! §6§l<<<
18:55:43   
18:55:43 §f                §7You have §31,877 §7materials stashed away!
18:55:43 §f              §8(This totals 4 types of materials stashed!)
18:55:43 §f                §3§l>>> §3§lCLICK HERE§b to pick them up! §3§l<<<
18:55:43   
18:55:54 §f                     §7You have §a2 §7items stashed away!
18:55:54 §f                §6§l>>> §6§lCLICK HERE§e to pick them up! §6§l<<<
18:55:54   
18:55:54 §f                §7You have §31,877 §7materials stashed away!
18:55:54 §f              §8(This totals 4 types of materials stashed!)
18:55:54 §f                §3§l>>> §3§lCLICK HERE§b to pick them up! §3§l<<<
18:55:54   
18:57:23 §f                     §7You have §a2 §7items stashed away!
18:57:23 §f                §6§l>>> §6§lCLICK HERE§e to pick them up! §6§l<<<
18:57:23   
18:57:24 §f                §7You have §31,877 §7materials stashed away!
18:57:24 §f              §8(This totals 4 types of materials stashed!)
18:57:24 §f                §3§l>>> §3§lCLICK HERE§b to pick them up! §3§l<<<
18:57:24   
18:58:24 §f                     §7You have §a2 §7items stashed away!
18:58:24 §f                §6§l>>> §6§lCLICK HERE§e to pick them up! §6§l<<<
18:58:24   
18:58:24 §f                §7You have §31,877 §7materials stashed away!
18:58:24 §f              §8(This totals 4 types of materials stashed!)
18:58:24 §f                §3§l>>> §3§lCLICK HERE§b to pick them up! §3§l<<<
18:58:24   
18:59:24 §f                     §7You have §a2 §7items stashed away!
18:59:24 §f                §6§l>>> §6§lCLICK HERE§e to pick them up! §6§l<<<
18:59:24   
18:59:24 §f                §7You have §31,877 §7materials stashed away!
18:59:24 §f              §8(This totals 4 types of materials stashed!)
18:59:24 §f                §3§l>>> §3§lCLICK HERE§b to pick them up! §3§l<<<
18:59:24   
19:00:24 §f                     §7You have §a2 §7items stashed away!
19:00:24 §f                §6§l>>> §6§lCLICK HERE§e to pick them up! §6§l<<<
19:00:24   
19:00:24 §f                §7You have §31,877 §7materials stashed away!
19:00:24 §f              §8(This totals 4 types of materials stashed!)
19:00:24 §f                §3§l>>> §3§lCLICK HERE§b to pick them up! §3§l<<<
19:00:24   
19:01:25 §f                     §7You have §a2 §7items stashed away!
19:01:25 §f                §6§l>>> §6§lCLICK HERE§e to pick them up! §6§l<<<
19:01:25   
19:01:25 §f                §7You have §31,877 §7materials stashed away!
19:01:25 §f              §8(This totals 4 types of materials stashed!)
19:01:25 §f                §3§l>>> §3§lCLICK HERE§b to pick them up! §3§l<<<
19:01:25   
19:02:28 §f                     §7You have §a2 §7items stashed away!
19:02:28 §f                §6§l>>> §6§lCLICK HERE§e to pick them up! §6§l<<<
19:02:28   
19:02:28 §f                §7You have §31,877 §7materials stashed away!
19:02:28 §f              §8(This totals 4 types of materials stashed!)
19:02:28 §f                §3§l>>> §3§lCLICK HERE§b to pick them up! §3§l<<<
19:02:28   
19:03:25 §f                     §7You have §a2 §7items stashed away!
19:03:25 §f                §6§l>>> §6§lCLICK HERE§e to pick them up! §6§l<<<
19:03:25   
19:03:25 §f                §7You have §31,877 §7materials stashed away!
19:03:25 §f              §8(This totals 4 types of materials stashed!)
19:03:25 §f                §3§l>>> §3§lCLICK HERE§b to pick them up! §3§l<<<
19:03:25   
19:04:25 §f                     §7You have §a2 §7items stashed away!
19:04:25 §f                §6§l>>> §6§lCLICK HERE§e to pick them up! §6§l<<<
19:04:25   
19:04:25 §f                §7You have §32,261 §7materials stashed away!
19:04:25 §f              §8(This totals 5 types of materials stashed!)
19:04:25 §f                §3§l>>> §3§lCLICK HERE§b to pick them up! §3§l<<<
19:04:25   
19:05:25 §f                     §7You have §a2 §7items stashed away!
19:05:25 §f                §6§l>>> §6§lCLICK HERE§e to pick them up! §6§l<<<
19:05:25   
19:05:25 §f                §7You have §32,261 §7materials stashed away!
19:05:25 §f              §8(This totals 5 types of materials stashed!)
19:05:25 §f                §3§l>>> §3§lCLICK HERE§b to pick them up! §3§l<<<
19:05:25   
19:06:26 §f                     §7You have §a2 §7items stashed away!
19:06:26 §f                §6§l>>> §6§lCLICK HERE§e to pick them up! §6§l<<<
19:06:26   
19:06:26 §f                §7You have §32,261 §7materials stashed away!
19:06:26 §f              §8(This totals 5 types of materials stashed!)
19:06:26 §f                §3§l>>> §3§lCLICK HERE§b to pick them up! §3§l<<<
19:06:26   
19:07:26 §f                     §7You have §a2 §7items stashed away!
19:07:26 §f                §6§l>>> §6§lCLICK HERE§e to pick them up! §6§l<<<
19:07:26   
19:07:26 §f                §7You have §32,261 §7materials stashed away!
19:07:26 §f              §8(This totals 5 types of materials stashed!)
19:07:26 §f                §3§l>>> §3§lCLICK HERE§b to pick them up! §3§l<<<
19:07:26   
19:08:26 §f                     §7You have §a2 §7items stashed away!
19:08:26 §f                §6§l>>> §6§lCLICK HERE§e to pick them up! §6§l<<<
19:08:26   
19:08:26 §f                §7You have §32,261 §7materials stashed away!
19:08:26 §f              §8(This totals 5 types of materials stashed!)
19:08:26 §f                §3§l>>> §3§lCLICK HERE§b to pick them up! §3§l<<<
19:08:26   
19:09:27 §f                     §7You have §a2 §7items stashed away!
19:09:27 §f                §6§l>>> §6§lCLICK HERE§e to pick them up! §6§l<<<
19:09:27   
19:09:27 §f                §7You have §32,261 §7materials stashed away!
19:09:27 §f              §8(This totals 5 types of materials stashed!)
19:09:27 §f                §3§l>>> §3§lCLICK HERE§b to pick them up! §3§l<<<
19:09:27   
19:10:27 §f                     §7You have §a2 §7items stashed away!
19:10:27 §f                §6§l>>> §6§lCLICK HERE§e to pick them up! §6§l<<<
19:10:27   
19:10:27 §f                §7You have §32,261 §7materials stashed away!
19:10:27 §f              §8(This totals 5 types of materials stashed!)
19:10:27 §f                §3§l>>> §3§lCLICK HERE§b to pick them up! §3§l<<<
19:10:27   
19:11:27 §f                     §7You have §a2 §7items stashed away!
19:11:27 §f                §6§l>>> §6§lCLICK HERE§e to pick them up! §6§l<<<
19:11:27   
19:11:27 §f                §7You have §32,261 §7materials stashed away!
19:11:27 §f              §8(This totals 5 types of materials stashed!)
19:11:27 §f                §3§l>>> §3§lCLICK HERE§b to pick them up! §3§l<<<
19:11:27   
19:12:27 §f                     §7You have §a2 §7items stashed away!
19:12:27 §f                §6§l>>> §6§lCLICK HERE§e to pick them up! §6§l<<<
19:12:27   
19:12:27 §f                §7You have §32,261 §7materials stashed away!
19:12:27 §f              §8(This totals 5 types of materials stashed!)
19:12:27 §f                §3§l>>> §3§lCLICK HERE§b to pick them up! §3§l<<<
19:12:27   
19:13:27 §f                     §7You have §a2 §7items stashed away!
19:13:27 §f                §6§l>>> §6§lCLICK HERE§e to pick them up! §6§l<<<
19:13:27   
19:13:27 §f                §7You have §32,261 §7materials stashed away!
19:13:27 §f              §8(This totals 5 types of materials stashed!)
19:13:27 §f                §3§l>>> §3§lCLICK HERE§b to pick them up! §3§l<<<
19:13:27   
19:14:28 §f                     §7You have §a2 §7items stashed away!
19:14:28 §f                §6§l>>> §6§lCLICK HERE§e to pick them up! §6§l<<<
19:14:28   
19:14:28 §f                §7You have §32,261 §7materials stashed away!
19:14:28 §f              §8(This totals 5 types of materials stashed!)
19:14:28 §f                §3§l>>> §3§lCLICK HERE§b to pick them up! §3§l<<<
19:14:28   
19:15:28 §f                     §7You have §a2 §7items stashed away!
19:15:28 §f                §6§l>>> §6§lCLICK HERE§e to pick them up! §6§l<<<
19:15:28   
19:15:28 §f                §7You have §32,261 §7materials stashed away!
19:15:28 §f              §8(This totals 5 types of materials stashed!)
19:15:28 §f                §3§l>>> §3§lCLICK HERE§b to pick them up! §3§l<<<
19:15:28   
19:16:28 §f                     §7You have §a2 §7items stashed away!
19:16:28 §f                §6§l>>> §6§lCLICK HERE§e to pick them up! §6§l<<<
19:16:28   
19:16:28 §f                §7You have §32,261 §7materials stashed away!
19:16:28 §f              §8(This totals 5 types of materials stashed!)
19:16:28 §f                §3§l>>> §3§lCLICK HERE§b to pick them up! §3§l<<<
19:16:28   
19:17:28 §f                     §7You have §a2 §7items stashed away!
19:17:28 §f                §6§l>>> §6§lCLICK HERE§e to pick them up! §6§l<<<
19:17:28   
19:17:28 §f                §7You have §32,261 §7materials stashed away!
19:17:28 §f              §8(This totals 5 types of materials stashed!)
19:17:28 §f                §3§l>>> §3§lCLICK HERE§b to pick them up! §3§l<<<
19:17:28   
19:18:28 §f                     §7You have §a2 §7items stashed away!
19:18:28 §f                §6§l>>> §6§lCLICK HERE§e to pick them up! §6§l<<<
19:18:28   
19:18:28 §f                §7You have §32,261 §7materials stashed away!
19:18:28 §f              §8(This totals 5 types of materials stashed!)
19:18:28 §f                §3§l>>> §3§lCLICK HERE§b to pick them up! §3§l<<<
19:18:28   
19:19:29 §f                     §7You have §a2 §7items stashed away!
19:19:29 §f                §6§l>>> §6§lCLICK HERE§e to pick them up! §6§l<<<
19:19:29   
19:19:29 §f                §7You have §32,261 §7materials stashed away!
19:19:29 §f              §8(This totals 5 types of materials stashed!)
19:19:29 §f                §3§l>>> §3§lCLICK HERE§b to pick them up! §3§l<<<
19:19:29   
19:20:29 §f                     §7You have §a2 §7items stashed away!
19:20:29 §f                §6§l>>> §6§lCLICK HERE§e to pick them up! §6§l<<<
19:20:29   
19:20:29 §f                §7You have §32,261 §7materials stashed away!
19:20:29 §f              §8(This totals 5 types of materials stashed!)
19:20:29 §f                §3§l>>> §3§lCLICK HERE§b to pick them up! §3§l<<<
19:20:29   
19:21:29 §f                     §7You have §a2 §7items stashed away!
19:21:29 §f                §6§l>>> §6§lCLICK HERE§e to pick them up! §6§l<<<
19:21:29   
19:21:29 §f                §7You have §32,261 §7materials stashed away!
19:21:29 §f              §8(This totals 5 types of materials stashed!)
19:21:29 §f                §3§l>>> §3§lCLICK HERE§b to pick them up! §3§l<<<
19:21:29   
19:22:29 §f                     §7You have §a2 §7items stashed away!
19:22:29 §f                §6§l>>> §6§lCLICK HERE§e to pick them up! §6§l<<<
19:22:29   
19:22:29 §f                §7You have §32,261 §7materials stashed away!
19:22:29 §f              §8(This totals 5 types of materials stashed!)
19:22:29 §f                §3§l>>> §3§lCLICK HERE§b to pick them up! §3§l<<<
19:22:29   
19:23:29 §f                     §7You have §a2 §7items stashed away!
19:23:29 §f                §6§l>>> §6§lCLICK HERE§e to pick them up! §6§l<<<
19:23:29   
19:23:29 §f                §7You have §32,261 §7materials stashed away!
19:23:29 §f              §8(This totals 5 types of materials stashed!)
19:23:29 §f                §3§l>>> §3§lCLICK HERE§b to pick them up! §3§l<<<
19:23:29   
19:24:30 §f                     §7You have §a2 §7items stashed away!
19:24:30 §f                §6§l>>> §6§lCLICK HERE§e to pick them up! §6§l<<<
19:24:30   
19:24:30 §f                §7You have §32,261 §7materials stashed away!
19:24:30 §f              §8(This totals 5 types of materials stashed!)
19:24:30 §f                §3§l>>> §3§lCLICK HERE§b to pick them up! §3§l<<<
19:24:30   
19:25:30 §f                     §7You have §a2 §7items stashed away!
19:25:30 §f                §6§l>>> §6§lCLICK HERE§e to pick them up! §6§l<<<
19:25:30   
19:25:30 §f                §7You have §32,261 §7materials stashed away!
19:25:30 §f              §8(This totals 5 types of materials stashed!)
19:25:30 §f                §3§l>>> §3§lCLICK HERE§b to pick them up! §3§l<<<
19:25:30   
19:26:30 §f                     §7You have §a2 §7items stashed away!
19:26:30 §f                §6§l>>> §6§lCLICK HERE§e to pick them up! §6§l<<<
19:26:30   
19:26:30 §f                §7You have §32,261 §7materials stashed away!
19:26:30 §f              §8(This totals 5 types of materials stashed!)
19:26:30 §f                §3§l>>> §3§lCLICK HERE§b to pick them up! §3§l<<<
19:26:30   
19:27:30 §f                     §7You have §a2 §7items stashed away!
19:27:30 §f                §6§l>>> §6§lCLICK HERE§e to pick them up! §6§l<<<
19:27:30   
19:27:30 §f                §7You have §32,261 §7materials stashed away!
19:27:30 §f              §8(This totals 5 types of materials stashed!)
19:27:30 §f                §3§l>>> §3§lCLICK HERE§b to pick them up! §3§l<<<
19:27:30   
19:28:30 §f                     §7You have §a2 §7items stashed away!
19:28:30 §f                §6§l>>> §6§lCLICK HERE§e to pick them up! §6§l<<<
19:28:30   
19:28:30 §f                §7You have §32,261 §7materials stashed away!
19:28:30 §f              §8(This totals 5 types of materials stashed!)
19:28:30 §f                §3§l>>> §3§lCLICK HERE§b to pick them up! §3§l<<<
19:28:30   
19:29:30 §f                     §7You have §a2 §7items stashed away!
19:29:30 §f                §6§l>>> §6§lCLICK HERE§e to pick them up! §6§l<<<
19:29:30   
19:29:30 §f                §7You have §32,261 §7materials stashed away!
19:29:30 §f              §8(This totals 5 types of materials stashed!)
19:29:30 §f                §3§l>>> §3§lCLICK HERE§b to pick them up! §3§l<<<
19:29:30   
19:30:30 §f                     §7You have §a2 §7items stashed away!
19:30:30 §f                §6§l>>> §6§lCLICK HERE§e to pick them up! §6§l<<<
19:30:30   
19:30:30 §f                §7You have §32,261 §7materials stashed away!
19:30:30 §f              §8(This totals 5 types of materials stashed!)
19:30:30 §f                §3§l>>> §3§lCLICK HERE§b to pick them up! §3§l<<<
19:30:30   
19:31:30 §f                     §7You have §a2 §7items stashed away!
19:31:30 §f                §6§l>>> §6§lCLICK HERE§e to pick them up! §6§l<<<
19:31:30   
19:31:30 §f                §7You have §32,261 §7materials stashed away!
19:31:30 §f              §8(This totals 5 types of materials stashed!)
19:31:30 §f                §3§l>>> §3§lCLICK HERE§b to pick them up! §3§l<<<
19:31:30   
19:32:30 §f                     §7You have §a2 §7items stashed away!
19:32:30 §f                §6§l>>> §6§lCLICK HERE§e to pick them up! §6§l<<<
19:32:30   
19:32:30 §f                §7You have §32,261 §7materials stashed away!
19:32:30 §f              §8(This totals 5 types of materials stashed!)
19:32:30 §f                §3§l>>> §3§lCLICK HERE§b to pick them up! §3§l<<<
19:32:30   
19:33:30 §f                     §7You have §a2 §7items stashed away!
19:33:30 §f                §6§l>>> §6§lCLICK HERE§e to pick them up! §6§l<<<
19:33:30   
19:33:30 §f                §7You have §32,261 §7materials stashed away!
19:33:30 §f              §8(This totals 5 types of materials stashed!)
19:33:30 §f                §3§l>>> §3§lCLICK HERE§b to pick them up! §3§l<<<
19:33:30   
19:34:30 §f                     §7You have §a2 §7items stashed away!
19:34:30 §f                §6§l>>> §6§lCLICK HERE§e to pick them up! §6§l<<<
19:34:30   
19:34:30 §f                §7You have §32,261 §7materials stashed away!
19:34:30 §f              §8(This totals 5 types of materials stashed!)
19:34:30 §f                §3§l>>> §3§lCLICK HERE§b to pick them up! §3§l<<<
19:34:30   
19:35:31 §f                     §7You have §a2 §7items stashed away!
19:35:31 §f                §6§l>>> §6§lCLICK HERE§e to pick them up! §6§l<<<
19:35:31   
19:35:31 §f                §7You have §32,261 §7materials stashed away!
19:35:31 §f              §8(This totals 5 types of materials stashed!)
19:35:31 §f                §3§l>>> §3§lCLICK HERE§b to pick them up! §3§l<<<
19:35:31   
19:36:31 §f                     §7You have §a2 §7items stashed away!
19:36:31 §f                §6§l>>> §6§lCLICK HERE§e to pick them up! §6§l<<<
19:36:31   
19:36:31 §f                §7You have §32,261 §7materials stashed away!
19:36:31 §f              §8(This totals 5 types of materials stashed!)
19:36:31 §f                §3§l>>> §3§lCLICK HERE§b to pick them up! §3§l<<<
19:36:31   
19:37:31 §f                     §7You have §a2 §7items stashed away!
19:37:31 §f                §6§l>>> §6§lCLICK HERE§e to pick them up! §6§l<<<
19:37:31   
19:37:31 §f                §7You have §32,261 §7materials stashed away!
19:37:31 §f              §8(This totals 5 types of materials stashed!)
19:37:31 §f                §3§l>>> §3§lCLICK HERE§b to pick them up! §3§l<<<
19:37:31   
22:03:59 §f                     §7You have §a2 §7items stashed away!
22:03:59 §f                §6§l>>> §6§lCLICK HERE§e to pick them up! §6§l<<<
22:03:59   
22:03:59 §f                §7You have §32,261 §7materials stashed away!
22:03:59 §f              §8(This totals 5 types of materials stashed!)
22:03:59 §f                §3§l>>> §3§lCLICK HERE§b to pick them up! §3§l<<<
22:03:59   
22:05:00 §f                     §7You have §a2 §7items stashed away!
22:05:00 §f                §6§l>>> §6§lCLICK HERE§e to pick them up! §6§l<<<
22:05:00   
22:05:00 §f                §7You have §32,261 §7materials stashed away!
22:05:00 §f              §8(This totals 5 types of materials stashed!)
22:05:00 §f                §3§l>>> §3§lCLICK HERE§b to pick them up! §3§l<<<
22:05:00   
22:06:00 §f                     §7You have §a2 §7items stashed away!
22:06:00 §f                §6§l>>> §6§lCLICK HERE§e to pick them up! §6§l<<<
22:06:00   
22:06:00 §f                §7You have §32,261 §7materials stashed away!
22:06:00 §f              §8(This totals 5 types of materials stashed!)
22:06:00 §f                §3§l>>> §3§lCLICK HERE§b to pick them up! §3§l<<<
22:06:00   
22:07:01 §f                     §7You have §a2 §7items stashed away!
22:07:01 §f                §6§l>>> §6§lCLICK HERE§e to pick them up! §6§l<<<
22:07:01   
22:07:01 §f                §7You have §32,261 §7materials stashed away!
22:07:01 §f              §8(This totals 5 types of materials stashed!)
22:07:01 §f                §3§l>>> §3§lCLICK HERE§b to pick them up! §3§l<<<
22:07:01   
22:08:01 §f                     §7You have §a2 §7items stashed away!
22:08:01 §f                §6§l>>> §6§lCLICK HERE§e to pick them up! §6§l<<<
22:08:01   
22:08:01 §f                §7You have §32,261 §7materials stashed away!
22:08:01 §f              §8(This totals 5 types of materials stashed!)
22:08:01 §f                §3§l>>> §3§lCLICK HERE§b to pick them up! §3§l<<<
22:08:01   
22:09:01 §f                     §7You have §a2 §7items stashed away!
22:09:01 §f                §6§l>>> §6§lCLICK HERE§e to pick them up! §6§l<<<
22:09:01   
22:09:01 §f                §7You have §32,261 §7materials stashed away!
22:09:01 §f              §8(This totals 5 types of materials stashed!)
22:09:01 §f                §3§l>>> §3§lCLICK HERE§b to pick them up! §3§l<<<
22:09:01   
22:10:02 §f                     §7You have §a2 §7items stashed away!
22:10:02 §f                §6§l>>> §6§lCLICK HERE§e to pick them up! §6§l<<<
22:10:02   
22:10:02 §f                §7You have §32,261 §7materials stashed away!
22:10:02 §f              §8(This totals 5 types of materials stashed!)
22:10:02 §f                §3§l>>> §3§lCLICK HERE§b to pick them up! §3§l<<<
22:10:02   
22:11:02 §f                     §7You have §a2 §7items stashed away!
22:11:02 §f                §6§l>>> §6§lCLICK HERE§e to pick them up! §6§l<<<
22:11:02   
22:11:02 §f                §7You have §32,261 §7materials stashed away!
22:11:02 §f              §8(This totals 5 types of materials stashed!)
22:11:02 §f                §3§l>>> §3§lCLICK HERE§b to pick them up! §3§l<<<
22:11:02   
22:12:03 §f                     §7You have §a2 §7items stashed away!
22:12:03 §f                §6§l>>> §6§lCLICK HERE§e to pick them up! §6§l<<<
22:12:03   
22:12:03 §f                §7You have §32,261 §7materials stashed away!
22:12:03 §f              §8(This totals 5 types of materials stashed!)
22:12:03 §f                §3§l>>> §3§lCLICK HERE§b to pick them up! §3§l<<<
22:12:03   
22:13:03 §f                     §7You have §a2 §7items stashed away!
22:13:03 §f                §6§l>>> §6§lCLICK HERE§e to pick them up! §6§l<<<
22:13:03   
22:13:03 §f                §7You have §32,261 §7materials stashed away!
22:13:03 §f              §8(This totals 5 types of materials stashed!)
22:13:03 §f                §3§l>>> §3§lCLICK HERE§b to pick them up! §3§l<<<
22:13:03   
22:14:03 §f                     §7You have §a2 §7items stashed away!
22:14:03 §f                §6§l>>> §6§lCLICK HERE§e to pick them up! §6§l<<<
22:14:03   
22:14:03 §f                §7You have §32,261 §7materials stashed away!
22:14:03 §f              §8(This totals 5 types of materials stashed!)
22:14:03 §f                §3§l>>> §3§lCLICK HERE§b to pick them up! §3§l<<<
22:14:03   
22:15:04 §f                     §7You have §a2 §7items stashed away!
22:15:04 §f                §6§l>>> §6§lCLICK HERE§e to pick them up! §6§l<<<
22:15:04   
22:15:04 §f                §7You have §32,261 §7materials stashed away!
22:15:04 §f              §8(This totals 5 types of materials stashed!)
22:15:04 §f                §3§l>>> §3§lCLICK HERE§b to pick them up! §3§l<<<
22:15:04   
22:16:04 §f                     §7You have §a2 §7items stashed away!
22:16:04 §f                §6§l>>> §6§lCLICK HERE§e to pick them up! §6§l<<<
22:16:04   
22:16:04 §f                §7You have §32,261 §7materials stashed away!
22:16:04 §f              §8(This totals 5 types of materials stashed!)
22:16:04 §f                §3§l>>> §3§lCLICK HERE§b to pick them up! §3§l<<<
22:16:04   
22:17:04 §f                     §7You have §a2 §7items stashed away!
22:17:04 §f                §6§l>>> §6§lCLICK HERE§e to pick them up! §6§l<<<
22:17:04   
22:17:04 §f                §7You have §32,261 §7materials stashed away!
22:17:04 §f              §8(This totals 5 types of materials stashed!)
22:17:04 §f                §3§l>>> §3§lCLICK HERE§b to pick them up! §3§l<<<
22:17:04   
22:18:05 §f                     §7You have §a2 §7items stashed away!
22:18:05 §f                §6§l>>> §6§lCLICK HERE§e to pick them up! §6§l<<<
22:18:05   
22:18:05 §f                §7You have §32,261 §7materials stashed away!
22:18:05 §f              §8(This totals 5 types of materials stashed!)
22:18:05 §f                §3§l>>> §3§lCLICK HERE§b to pick them up! §3§l<<<
22:18:05   
22:19:05 §f                     §7You have §a2 §7items stashed away!
22:19:05 §f                §6§l>>> §6§lCLICK HERE§e to pick them up! §6§l<<<
22:19:05   
22:19:05 §f                §7You have §32,261 §7materials stashed away!
22:19:05 §f              §8(This totals 5 types of materials stashed!)
22:19:05 §f                §3§l>>> §3§lCLICK HERE§b to pick them up! §3§l<<<
22:19:05   
22:20:05 §f                     §7You have §a2 §7items stashed away!
22:20:05 §f                §6§l>>> §6§lCLICK HERE§e to pick them up! §6§l<<<
22:20:05   
22:20:05 §f                §7You have §32,261 §7materials stashed away!
22:20:05 §f              §8(This totals 5 types of materials stashed!)
22:20:05 §f                §3§l>>> §3§lCLICK HERE§b to pick them up! §3§l<<<
22:20:05   
22:21:05 §f                     §7You have §a2 §7items stashed away!
22:21:05 §f                §6§l>>> §6§lCLICK HERE§e to pick them up! §6§l<<<
22:21:05   
22:21:05 §f                §7You have §32,261 §7materials stashed away!
22:21:05 §f              §8(This totals 5 types of materials stashed!)
22:21:05 §f                §3§l>>> §3§lCLICK HERE§b to pick them up! §3§l<<<
22:21:05   
22:22:05 §f                     §7You have §a2 §7items stashed away!
22:22:05 §f                §6§l>>> §6§lCLICK HERE§e to pick them up! §6§l<<<
22:22:05   
22:22:05 §f                §7You have §32,261 §7materials stashed away!
22:22:05 §f              §8(This totals 5 types of materials stashed!)
22:22:05 §f                §3§l>>> §3§lCLICK HERE§b to pick them up! §3§l<<<
22:22:05   
22:23:05 §f                     §7You have §a2 §7items stashed away!
22:23:05 §f                §6§l>>> §6§lCLICK HERE§e to pick them up! §6§l<<<
22:23:05   
22:23:05 §f                §7You have §32,261 §7materials stashed away!
22:23:05 §f              §8(This totals 5 types of materials stashed!)
22:23:05 §f                §3§l>>> §3§lCLICK HERE§b to pick them up! §3§l<<<
22:23:05   
22:24:06 §f                     §7You have §a2 §7items stashed away!
22:24:06 §f                §6§l>>> §6§lCLICK HERE§e to pick them up! §6§l<<<
22:24:06   
22:24:06 §f                §7You have §32,261 §7materials stashed away!
22:24:06 §f              §8(This totals 5 types of materials stashed!)
22:24:06 §f                §3§l>>> §3§lCLICK HERE§b to pick them up! §3§l<<<
22:24:06   
22:25:06 §f                     §7You have §a2 §7items stashed away!
22:25:06 §f                §6§l>>> §6§lCLICK HERE§e to pick them up! §6§l<<<
22:25:06   
22:25:06 §f                §7You have §32,261 §7materials stashed away!
22:25:06 §f              §8(This totals 5 types of materials stashed!)
22:25:06 §f                §3§l>>> §3§lCLICK HERE§b to pick them up! §3§l<<<
22:25:06   
22:26:06 §f                     §7You have §a2 §7items stashed away!
22:26:06 §f                §6§l>>> §6§lCLICK HERE§e to pick them up! §6§l<<<
22:26:06   
22:26:06 §f                §7You have §32,261 §7materials stashed away!
22:26:06 §f              §8(This totals 5 types of materials stashed!)
22:26:06 §f                §3§l>>> §3§lCLICK HERE§b to pick them up! §3§l<<<
22:26:06   
22:27:06 §f                     §7You have §a2 §7items stashed away!
22:27:06 §f                §6§l>>> §6§lCLICK HERE§e to pick them up! §6§l<<<
22:27:06   
22:27:06 §f                §7You have §32,261 §7materials stashed away!
22:27:06 §f              §8(This totals 5 types of materials stashed!)
22:27:06 §f                §3§l>>> §3§lCLICK HERE§b to pick them up! §3§l<<<
22:27:06   
22:28:06 §f                     §7You have §a2 §7items stashed away!
22:28:06 §f                §6§l>>> §6§lCLICK HERE§e to pick them up! §6§l<<<
22:28:06   
22:28:06 §f                §7You have §32,261 §7materials stashed away!
22:28:06 §f              §8(This totals 5 types of materials stashed!)
22:28:06 §f                §3§l>>> §3§lCLICK HERE§b to pick them up! §3§l<<<
22:28:06   
22:29:07 §f                     §7You have §a2 §7items stashed away!
22:29:07 §f                §6§l>>> §6§lCLICK HERE§e to pick them up! §6§l<<<
22:29:07   
22:29:07 §f                §7You have §32,261 §7materials stashed away!
22:29:07 §f              §8(This totals 5 types of materials stashed!)
22:29:07 §f                §3§l>>> §3§lCLICK HERE§b to pick them up! §3§l<<<
22:29:07   
22:30:07 §f                     §7You have §a2 §7items stashed away!
22:30:07 §f                §6§l>>> §6§lCLICK HERE§e to pick them up! §6§l<<<
22:30:07   
22:30:07 §f                §7You have §32,261 §7materials stashed away!
22:30:07 §f              §8(This totals 5 types of materials stashed!)
22:30:07 §f                §3§l>>> §3§lCLICK HERE§b to pick them up! §3§l<<<
22:30:07   
22:31:02 §f                     §7You have §a2 §7items stashed away!
22:31:02 §f                §6§l>>> §6§lCLICK HERE§e to pick them up! §6§l<<<
22:31:02   
22:31:02 §f                §7You have §32,261 §7materials stashed away!
22:31:02 §f              §8(This totals 5 types of materials stashed!)
22:31:02 §f                §3§l>>> §3§lCLICK HERE§b to pick them up! §3§l<<<
22:31:02   
22:31:19 §f                     §7You have §a2 §7items stashed away!
22:31:19 §f                §6§l>>> §6§lCLICK HERE§e to pick them up! §6§l<<<
22:31:19   
22:31:19 §f                §7You have §32,261 §7materials stashed away!
22:31:19 §f              §8(This totals 5 types of materials stashed!)
22:31:19 §f                §3§l>>> §3§lCLICK HERE§b to pick them up! §3§l<<<
22:31:19   
22:32:19 §f                     §7You have §a2 §7items stashed away!
22:32:19 §f                §6§l>>> §6§lCLICK HERE§e to pick them up! §6§l<<<
22:32:19   
22:32:19 §f                §7You have §32,261 §7materials stashed away!
22:32:19 §f              §8(This totals 5 types of materials stashed!)
22:32:19 §f                §3§l>>> §3§lCLICK HERE§b to pick them up! §3§l<<<
22:32:19   
22:33:29 §f                     §7You have §a2 §7items stashed away!
22:33:29 §f                §6§l>>> §6§lCLICK HERE§e to pick them up! §6§l<<<
22:33:29   
22:33:29 §f                §7You have §32,261 §7materials stashed away!
22:33:29 §f              §8(This totals 5 types of materials stashed!)
22:33:29 §f                §3§l>>> §3§lCLICK HERE§b to pick them up! §3§l<<<
22:33:29   
22:34:30 §f                     §7You have §a2 §7items stashed away!
22:34:30 §f                §6§l>>> §6§lCLICK HERE§e to pick them up! §6§l<<<
22:34:30   
22:34:30 §f                §7You have §32,261 §7materials stashed away!
22:34:30 §f              §8(This totals 5 types of materials stashed!)
22:34:30 §f                §3§l>>> §3§lCLICK HERE§b to pick them up! §3§l<<<
22:34:30   
22:35:31 §f                     §7You have §a2 §7items stashed away!
22:35:31 §f                §6§l>>> §6§lCLICK HERE§e to pick them up! §6§l<<<
22:35:31   
22:35:31 §f                §7You have §32,261 §7materials stashed away!
22:35:31 §f              §8(This totals 5 types of materials stashed!)
22:35:31 §f                §3§l>>> §3§lCLICK HERE§b to pick them up! §3§l<<<
22:35:31   
22:36:15 §f                     §7You have §a2 §7items stashed away!
22:36:15 §f                §6§l>>> §6§lCLICK HERE§e to pick them up! §6§l<<<
22:36:15   
22:36:15 §f                §7You have §32,261 §7materials stashed away!
22:36:15 §f              §8(This totals 5 types of materials stashed!)
22:36:15 §f                §3§l>>> §3§lCLICK HERE§b to pick them up! §3§l<<<
22:36:15   
22:37:16 §f                     §7You have §a2 §7items stashed away!
22:37:16 §f                §6§l>>> §6§lCLICK HERE§e to pick them up! §6§l<<<
22:37:16   
22:37:16 §f                §7You have §32,261 §7materials stashed away!
22:37:16 §f              §8(This totals 5 types of materials stashed!)
22:37:16 §f                §3§l>>> §3§lCLICK HERE§b to pick them up! §3§l<<<
22:37:16   
22:38:17 §f                     §7You have §a2 §7items stashed away!
22:38:17 §f                §6§l>>> §6§lCLICK HERE§e to pick them up! §6§l<<<
22:38:17   
22:38:17 §f                §7You have §32,261 §7materials stashed away!
22:38:17 §f              §8(This totals 5 types of materials stashed!)
22:38:17 §f                §3§l>>> §3§lCLICK HERE§b to pick them up! §3§l<<<
22:38:17   
22:39:18 §f                     §7You have §a2 §7items stashed away!
22:39:18 §f                §6§l>>> §6§lCLICK HERE§e to pick them up! §6§l<<<
22:39:18   
22:39:18 §f                §7You have §32,261 §7materials stashed away!
22:39:18 §f              §8(This totals 5 types of materials stashed!)
22:39:18 §f                §3§l>>> §3§lCLICK HERE§b to pick them up! §3§l<<<
22:39:18   
22:40:19 §f                     §7You have §a2 §7items stashed away!
22:40:19 §f                §6§l>>> §6§lCLICK HERE§e to pick them up! §6§l<<<
22:40:19   
22:40:19 §f                §7You have §32,261 §7materials stashed away!
22:40:19 §f              §8(This totals 5 types of materials stashed!)
22:40:19 §f                §3§l>>> §3§lCLICK HERE§b to pick them up! §3§l<<<
22:40:19   
