21:59:11 Trying to load config from config\skyhanni\config.json
21:59:12 load-config-now
21:59:12 Loaded config from file
21:59:12 Trying to load sacks from config\skyhanni\sacks.json
21:59:12 load-sacks-now
21:59:12 Loaded sacks from file
21:59:12 Trying to load friends from config\skyhanni\friends.json
21:59:12 load-friends-now
21:59:12 Loaded friends from file
21:59:12 Trying to load known_features from config\skyhanni\known_features.json
21:59:12 load-known_features-now
21:59:12 Loaded known_features from file
21:59:12 Trying to load jacob_contests from config\skyhanni\jacob_contests.json
21:59:12 Setting jacob_contests to be blank as it did not exist. It will be saved once something is written to it
21:59:12 Trying to load visual_words from config\skyhanni\visual_words.json
21:59:12 Setting visual_words to be blank as it did not exist. It will be saved once something is written to it
21:59:12 Trying to load pets from config\skyhanni\pets.json
21:59:12 load-pets-now
21:59:12 Loaded pets from file
22:00:12 saveConfig: auto-save-60s
22:00:12 Saving config file
22:00:12 Saved config file successfully
22:00:12 saveConfig: auto-save-60s
22:00:12 Saving config file
22:00:12 Saved config file successfully
22:00:23 saveConfig: Updated known feature flags
22:00:23 Saving known_features file
22:00:23 Saved known_features file successfully
22:00:23 saveConfig: Updated known feature flags
22:00:23 Saving known_features file
22:00:23 Saved known_features file successfully
22:01:12 saveConfig: auto-save-60s
22:01:12 Saving config file
22:01:12 Saved config file successfully
22:01:12 saveConfig: auto-save-60s
22:01:12 Saving config file
22:01:12 Saved config file successfully
22:02:12 saveConfig: auto-save-60s
22:02:12 Saving config file
22:02:12 Saved config file successfully
22:02:12 saveConfig: auto-save-60s
22:02:12 Saving config file
22:02:12 Saved config file successfully
22:03:12 saveConfig: auto-save-60s
22:03:12 Saving config file
22:03:12 Saved config file successfully
22:03:12 saveConfig: auto-save-60s
22:03:12 Saving config file
22:03:12 Saved config file successfully
22:04:12 saveConfig: auto-save-60s
22:04:12 Saving config file
22:04:12 Saved config file successfully
22:04:12 saveConfig: auto-save-60s
22:04:12 Saving config file
22:04:12 Saved config file successfully
22:05:12 saveConfig: auto-save-60s
22:05:12 Saving config file
22:05:12 Saved config file successfully
22:05:12 saveConfig: auto-save-60s
22:05:12 Saving config file
22:05:12 Saved config file successfully
22:06:12 saveConfig: auto-save-60s
22:06:12 Saving config file
22:06:12 Saved config file successfully
22:06:12 saveConfig: auto-save-60s
22:06:12 Saving config file
22:06:12 Saved config file successfully
22:06:30 saveConfig: saving-data
22:06:30 Saving pets file
22:06:30 Saved pets file successfully
22:06:30 saveConfig: saving-data
22:06:30 Saving pets file
22:06:30 Saved pets file successfully
22:07:12 saveConfig: auto-save-60s
22:07:12 Saving config file
22:07:12 Saved config file successfully
22:07:12 saveConfig: auto-save-60s
22:07:12 Saving config file
22:07:12 Saved config file successfully
22:07:56 saveConfig: saving-data
22:07:56 Saving pets file
22:07:56 Saved pets file successfully
22:07:56 saveConfig: saving-data
22:07:56 Saving pets file
22:07:56 Saved pets file successfully
22:08:12 saveConfig: auto-save-60s
22:08:12 Saving config file
22:08:12 Saved config file successfully
22:08:12 saveConfig: auto-save-60s
22:08:12 Saving config file
22:08:12 Saved config file successfully
22:08:27 saveConfig: saving-data
22:08:27 Saving pets file
22:08:27 Saved pets file successfully
22:08:27 saveConfig: saving-data
22:08:27 Saving pets file
22:08:27 Saved pets file successfully
22:08:58 saveConfig: saving-data
22:08:58 Saving pets file
22:08:58 Saved pets file successfully
22:08:58 saveConfig: saving-data
22:08:58 Saving pets file
22:08:58 Saved pets file successfully
22:09:12 saveConfig: auto-save-60s
22:09:12 Saving config file
22:09:12 Saved config file successfully
22:09:12 saveConfig: auto-save-60s
22:09:12 Saving config file
22:09:12 Saved config file successfully
22:10:12 saveConfig: auto-save-60s
22:10:12 Saving config file
22:10:12 Saved config file successfully
22:10:12 saveConfig: auto-save-60s
22:10:12 Saving config file
22:10:12 Saved config file successfully
22:11:12 saveConfig: auto-save-60s
22:11:12 Saving config file
22:11:12 Saved config file successfully
22:11:12 saveConfig: auto-save-60s
22:11:12 Saving config file
22:11:12 Saved config file successfully
22:12:12 saveConfig: auto-save-60s
22:12:12 Saving config file
22:12:12 Saved config file successfully
22:12:12 saveConfig: auto-save-60s
22:12:12 Saving config file
22:12:12 Saved config file successfully
22:13:12 saveConfig: auto-save-60s
22:13:12 Saving config file
22:13:12 Saved config file successfully
22:13:12 saveConfig: auto-save-60s
22:13:12 Saving config file
22:13:12 Saved config file successfully
22:13:58 saveConfig: saving-data
22:13:58 Saving pets file
22:13:58 Saved pets file successfully
22:13:58 saveConfig: saving-data
22:13:58 Saving pets file
22:13:58 Saved pets file successfully
22:14:12 saveConfig: auto-save-60s
22:14:12 Saving config file
22:14:12 Saved config file successfully
22:14:12 saveConfig: auto-save-60s
22:14:12 Saving config file
22:14:12 Saved config file successfully
22:14:29 saveConfig: saving-data
22:14:29 Saving pets file
22:14:29 Saved pets file successfully
22:14:29 saveConfig: saving-data
22:14:29 Saving pets file
22:14:29 Saved pets file successfully
22:15:12 saveConfig: auto-save-60s
22:15:12 Saving config file
22:15:12 Saved config file successfully
22:15:12 saveConfig: auto-save-60s
22:15:12 Saving config file
22:15:12 Saved config file successfully
22:16:12 saveConfig: auto-save-60s
22:16:12 Saving config file
22:16:12 Saved config file successfully
22:16:12 saveConfig: auto-save-60s
22:16:12 Saving config file
22:16:12 Saved config file successfully
22:17:12 saveConfig: auto-save-60s
22:17:12 Saving config file
22:17:12 Saved config file successfully
22:17:12 saveConfig: auto-save-60s
22:17:12 Saving config file
22:17:12 Saved config file successfully
22:17:22 saveConfig: shutdown-hook
22:17:22 Saving config file
