22:18:39 [allowed] §f §r§r§r§f §r§r§r§1 §r§r§r§0 §r§r§r§2 §r§r§r§f §r§r§r§f §r§r§r§2 §r§r§r§0 §r§r§r§4 §r§r§r§3 §r§r§r§9 §r§r§r§2 §r§r§r§0 §r§r§r§0 §r§r§r§3 §r§r§r§9 §r§r§r§2 §r§r§r§0 §r§r§r§0 §r§r§r§3 §r§r§r§9 §r§r§r§2 §r§r§r§0 §r§r§r§0 
22:18:43 [allowed] §b[MVP§c+§b] Shady_Ranger560§f §6joined the lobby!
22:18:50 [allowed] §aYou have §b30 §aunclaimed leveling rewards!
22:18:50 [allowed] §eClick here to view them!
22:18:50 [allowed] §aYou have §63 §aunclaimed achievement rewards!
22:18:50 [allowed] §eClick here to view them!
22:18:58 [allowed] §b[MVP§c+§b] _Apotheosis§f §6joined the lobby!
22:19:00 [allowed] §b[MVP§c+§b] 4bits§f §6joined the lobby!
22:19:05 [allowed] §b[MVP§6+§b] dm4femboypics§f §6joined the lobby!
22:19:06 [allowed] §b[MVP§c+§b] Nater_05§f §6joined the lobby!
22:19:09 [allowed]  §b>§c>§a>§r §r§b[MVP§1++§b] Centers§f §6joined the lobby!§r §a<§c<§b<
22:19:10 [allowed]  §b>§c>§a>§r §r§b[MVP§2++§b] n0dc§f §6joined the lobby!§r §a<§c<§b<
22:19:10 [allowed] §b[MVP§c+§b] JrHeubi§f §6joined the lobby!
22:19:10 [allowed] §b[MVP§c+§b] Xiaoyu_11qqssaa§f §6joined the lobby!
22:19:11 [allowed] §b[MVP§d+§b] Raitonia§f §6joined the lobby!
22:19:11 [allowed] §b[MVP§f+§b] ChamPoing§f §6joined the lobby!
22:19:11 [allowed] §b[MVP§3+§b] J_KL§f §6joined the lobby!
22:19:11 [allowed] §b[MVP§9+§b] BioBauerJoergel§f §6joined the lobby!
22:19:11 [allowed] §b[MVP§6+§b] xdCosmic§f §6joined the lobby!
22:19:11 [allowed] §b[MVP§9+§b] Lcla§f §6joined the lobby!
22:19:11 [allowed] §b[MVP§4+§b] ForeverAlone20§f §6joined the lobby!
22:19:11 [allowed] §b[MVP§c+§b] yahtush§f §6joined the lobby!
22:19:12 [allowed] §7Sending to server mini1014J...
22:19:12 [allowed] §cYour spawn location was obstructed so you were spawned at the highest non-obstructed point!
22:19:12 [allowed] §8 §r§8 §r§1 §r§3 §r§3 §r§7 §r§8 
22:19:12 [allowed] 
22:19:12 [allowed] §eWelcome to §r§aHypixel SkyBlock§r§e!
22:19:12 [allowed] 
22:19:12 [allowed] §eLatest update: §bSkyBlock v0.23.1 §e§lCLICK
22:19:12 [allowed] §aYou are playing on profile: §ePear§b (Co-op)
22:19:12 [allowed] §8Profile ID: da202b41-03b4-4acb-b131-26b3b789ffbc
22:19:12 [allowed]  
22:19:16 [allowed] 
22:19:16 [allowed] §6§k§lA§r §c§lFIRE SALE §r§6§k§lA
§r§c♨ §eSelling an item for a limited time!
§r§c   ♨ §aFrog Dye §e(§e45,444 left§e)§c§r
§r§c♨ §a§l[WARP] §eTo Elizabeth in the next §c1d 2h 40m §eto grab yours!
22:19:16 [allowed] 
22:19:19 [allowed] §6[Sacks] §r§a+2§r§e items§r§e.§r§8 (Last 5s.)
22:19:39 [allowed] §6§lGROSS! §7A §2Pest §7has appeared in §aPlot §7- §b12§7!
22:19:39 [allowed]   §r§4§lൠ §6☘ Farming Fortune §7has been reduced by §45%§7!
22:19:39 [allowed]   §r§e§lCLICK HERE §eto teleport to the plot!
22:19:46 [allowed] §6[Sacks] §r§a+228§r§e items§r§e.§r§8 (Last 24s.)
22:20:03 [allowed] §aYour Garden is no longer infested and your §r§6☘ Farming Fortune §r§ahas returned to normal!
22:20:09 [allowed] §6[Sacks] §r§a+33§r§e items§r§e.§r§8 (Last 5s.)
22:20:13 [allowed]  
22:20:33 [allowed] §6[Sacks] §r§a+71§r§e items§r§e.§r§8 (Last 6s.)
22:20:43 [allowed] §cThere are not any Pests on your Garden right now! Keep farming!
22:20:45 [allowed] §cThere are not any Pests on your Garden right now! Keep farming!
22:20:47 [allowed] §6[Sacks] §r§a+35§r§e items§r§e.§r§8 (Last 5s.)
22:21:14 [allowed]  
22:21:22 [allowed] §6[Bazaar] §r§7Executing instant buy...
22:21:22 [allowed] §6[Bazaar] §r§7Bought §r§a1§r§7x §r§9Mutant Nether Wart §r§7for §r§6101,433 coins§r§7!
22:21:22 [allowed] §6[Bazaar] §r§7Executing instant buy...
22:21:23 [allowed] §6[Bazaar] §r§7Bought §r§a1§r§7x §r§9Mutant Nether Wart §r§7for §r§6101,433 coins§r§7!
22:21:23 [allowed] §6[Bazaar] §r§7Executing instant buy...
22:21:23 [allowed] §6[Bazaar] §r§7Bought §r§a1§r§7x §r§9Mutant Nether Wart §r§7for §r§6101,433 coins§r§7!
22:21:28 [allowed] §6§lOFFER ACCEPTED §r§8with §r§aAndrew §r§8(§r§a§lUNCOMMON§r§8)
22:21:28 [allowed] 
22:21:28 [allowed]   §r§a§lREWARDS
22:21:28 [allowed]     §r§8+§r§215 §r§7Garden Experience
22:21:28 [allowed]     §r§8+§r§315k §r§7Farming XP
22:21:28 [allowed]     §r§8+§r§c16 Copper
22:21:28 [allowed] 
22:21:47 [allowed] §6[Bazaar] §r§7Executing instant buy...
22:21:47 [allowed] §6[Bazaar] §r§7Bought §r§a415§r§7x §r§aEnchanted Cactus Green §r§7for §r§6403,290 coins§r§7!
22:21:51 [allowed] §6§lOFFER ACCEPTED §r§8with §r§9Tammy §r§8(§r§9§lRARE§r§8)
22:21:51 [allowed] 
22:21:51 [allowed]   §r§a§lREWARDS
22:21:51 [allowed]     §r§8+§r§230 §r§7Garden Experience
22:21:51 [allowed]     §r§8+§r§38k §r§7Farming XP
22:21:51 [allowed]     §r§8+§r§c58 Copper
22:21:51 [allowed] 
22:21:58 [allowed] §6[Bazaar] §r§7Executing instant buy...
22:21:58 [allowed] §6[Bazaar] §r§7Bought §r§a228§r§7x §r§aEnchanted Wheat §r§7for §r§6217,649 coins§r§7!
22:21:59 [allowed] §6§lOFFER ACCEPTED §r§8with §r§aGimley §r§8(§r§a§lUNCOMMON§r§8)
22:21:59 [allowed] 
22:21:59 [allowed]   §r§a§lREWARDS
22:21:59 [allowed]     §r§8+§r§215 §r§7Garden Experience
22:21:59 [allowed]     §r§8+§r§37.3k §r§7Farming XP
22:21:59 [allowed]     §r§8+§r§c24 Copper
22:21:59 [allowed] 
22:22:15 [allowed]  
22:22:40 [allowed] §6[Sacks] §r§a+180§r§e items§r§e.§r§8 (Last 17s.)
22:22:50 [allowed] §6[Sacks] §r§a+7§r§e items§r§e.§r§8 (Last 6s.)
22:23:17 [allowed]  
22:23:30 [allowed] §6[Sacks] §r§a+728§r§e items§r§e.§r§8 (Last 30s.)
22:23:42 [allowed] §9§lRARE DROP! §r§eDicer dropped §r§a16x §r§aEnchanted Melon§r§e!
22:23:45 [allowed] §9§lRARE DROP! §r§eDicer dropped §r§a16x §r§aEnchanted Melon§r§e!
22:24:06 [allowed] §6[Sacks] §r§a+775§r§e items§r§e.§r§8 (Last 30s.)
22:24:07 [allowed] §c§lYour inventory is full!
22:24:11 [allowed] §9§lRARE DROP! §r§eDicer dropped §r§a16x §r§aEnchanted Melon§r§e!
22:24:18 [allowed] §9§lRARE DROP! §r§eDicer dropped §r§a16x §r§aEnchanted Melon§r§e!
22:24:25 [allowed] §aYou earned §r§e1,126 Event EXP §r§afrom playing SkyBlock!
22:24:29 [allowed]  
22:24:33 [allowed] §6[Sacks] §r§a+429§r§e items§r§e.§r§8 (Last 21s.)
22:25:03 [allowed] §a§lUNCOMMON DROP! §r§eDicer dropped §r§a4x §r§aEnchanted Melon§r§e!
22:25:11 [allowed] §6[Sacks] §r§a+676§r§e items§r§e.§r§8 (Last 26s.)
22:25:26 [allowed] §6§lGROSS! §7A §2Pest §7has appeared in §aPlot §7- §b7§7!
22:25:26 [allowed]   §r§e§lCLICK HERE §eto teleport to the plot!
22:25:36 [allowed] §a§lUNCOMMON DROP! §r§eDicer dropped §r§a4x §r§aEnchanted Melon§r§e!
22:25:42 [allowed] §6[Sacks] §r§a+347§r§e items§r§e.§r§8 (Last 24s.)
22:25:43 [allowed]  
22:25:44 [allowed] §e[NPC] Jacob§f: §r§d§lPERSONAL BEST§f! You've surpassed your previous record of §e8,640 §fitems collected in the §aNether Wart Contest§f!
22:25:50 [allowed] §e[NPC] Jacob§f: §rKeep it up!
22:26:04 [allowed] §a§lUNCOMMON DROP! §r§eDicer dropped §r§a4x §r§aEnchanted Melon§r§e!
22:26:06 [allowed] §a§lUNCOMMON DROP! §r§eDicer dropped §r§a4x §r§aEnchanted Melon§r§e!
22:26:15 [allowed] §6[Sacks] §r§a+765§r§e items§r§e.§r§8 (Last 30s.)
22:26:39 [allowed] §6[Sacks] §r§a+422§r§e items§r§e.§r§8 (Last 21s.)
22:26:46 [allowed]  
22:26:48 [allowed] §6[Sacks] §r§a+7§r§e items§r§e.§r§8 (Last 7s.)
22:26:53 [allowed] §a§lUNCOMMON DROP! §r§eDicer dropped §r§a4x §r§aEnchanted Melon§r§e!
22:26:54 [allowed] §9§lRARE DROP! §r§eDicer dropped §r§a16x §r§aEnchanted Melon§r§e!
22:27:03 [allowed] §6[Sacks] §r§a+171§r§e items§r§e.§r§8 (Last 10s.)
22:27:11 [allowed] §e⚠ §aYour drops can't be seen by other players in §bSkyBlock§a!
§aOnly you and your §bco-op partners §acan pickup your drops!
§eClick here to disable this alert forever!
22:27:12 [allowed] §6[Sacks] §r§a+24§r§e items§r§e.§r§8 (Last 6s.)
22:27:12 [allowed] §e⚠ §aYour drops can't be seen by other players in §bSkyBlock§a!
§aOnly you and your §bco-op partners §acan pickup your drops!
§eClick here to disable this alert forever!
22:27:30 [allowed] §e⚠ §aYour drops can't be seen by other players in §bSkyBlock§a!
§aOnly you and your §bco-op partners §acan pickup your drops!
§eClick here to disable this alert forever!
22:27:40 [allowed] §6[Bazaar] §r§7Executing instant sell...
22:27:40 [allowed] §6[Bazaar] §r§7Sold §r§a39§r§7x §r§fMelon §r§7for §r§623.4 coins§r§7!
22:27:40 [allowed] §6[Bazaar] §r§7Sold §r§a1§r§7x §r§aTasty Cheese §r§7for §r§64,208.3 coins§r§7!
22:27:42 [allowed] §6[Sacks] §r§a+151§r§e items§r§e.§r§8 (Last 27s.)
22:27:47 [allowed]  
22:28:18 [allowed] §6[Sacks] §r§a+1§r§e item§r§e.§r§8 (Last 5s.)
22:28:49 [allowed] §6[Sacks] §r§a+525§r§e items§r§e.§r§8 (Last 30s.)
22:28:54 [allowed]  
22:29:17 [allowed] §a§lUNCOMMON DROP! §r§eDicer dropped §r§a4x §r§aEnchanted Melon§r§e!
22:29:24 [allowed] §6[Sacks] §r§a+744§r§e items§r§e.§r§8 (Last 30s.)
22:29:57 [allowed] §aYou earned §r§e1,456 Event EXP §r§afrom playing SkyBlock!
22:30:00 [allowed] §6[Sacks] §r§a+643§r§e items§r§e.§r§8 (Last 30s.)
22:30:05 [allowed]  
22:30:24 [allowed] §d§lCRAZY RARE DROP! §r§eDicer dropped §r§92x §r§9Enchanted Melon Block§r§e!
22:30:34 [allowed] §6[Sacks] §r§a+936§r§e items§r§e.§r§8 (Last 30s.)
22:30:48 [allowed] §6§lRARE CROP! §r§f§r§5Squash §r§b(Armor Set Bonus)
22:31:04 [allowed] §6[Bazaar] §r§7Claiming orders...
22:31:05 [allowed] §6[Bazaar] §r§7§r§7Claimed §r§646,116,243 coins §r§7from selling §r§a1§r§7x §r§9Overgrown Grass §r§7at §r§646,699,993 §r§7each!
22:31:05 [allowed] §6[Sacks] §r§a+685§r§e items§r§e.§r§8 (Last 29s.)
22:31:06 [allowed]  
22:31:18 [allowed] §6[Sacks] §r§a+21§r§e items§r§e.§r§8 (Last 10s.)
22:31:45 [allowed] §6[Sacks] §r§a+19§r§e items§r§e.§r§8 (Last 7s.)
22:32:08 [allowed]  
22:32:45 [allowed] §f §r§r§r§f §r§r§r§1 §r§r§r§0 §r§r§r§2 §r§r§r§f §r§r§r§f §r§r§r§2 §r§r§r§0 §r§r§r§4 §r§r§r§3 §r§r§r§9 §r§r§r§2 §r§r§r§0 §r§r§r§0 §r§r§r§3 §r§r§r§9 §r§r§r§2 §r§r§r§0 §r§r§r§0 §r§r§r§3 §r§r§r§9 §r§r§r§2 §r§r§r§0 §r§r§r§0 
22:32:45 [allowed] §b[MVP§8+§b] SIMPL3Z§f§r§f: pro
22:32:46 [allowed] §aYou have §b30 §aunclaimed leveling rewards!
22:32:46 [allowed] §eClick here to view them!
22:32:46 [allowed] §aYou have §63 §aunclaimed achievement rewards!
22:32:46 [allowed] §eClick here to view them!
22:32:50 [allowed] §b[MVP§6+§b] callum_brack§f §6joined the lobby!
22:32:53 [allowed] §aFriend > §r§aW4rrioz §r§eleft.
22:32:54 [allowed] §cYour connection timed out to the server, so you have been routed to limbo!
22:32:55 [allowed] §cYou were spawned in Limbo.
22:32:55 [allowed] §b/limbo for more information.
22:33:00 [allowed] §f §r§r§r§f §r§r§r§1 §r§r§r§0 §r§r§r§2 §r§r§r§f §r§r§r§f §r§r§r§2 §r§r§r§0 §r§r§r§4 §r§r§r§3 §r§r§r§9 §r§r§r§2 §r§r§r§0 §r§r§r§0 §r§r§r§3 §r§r§r§9 §r§r§r§2 §r§r§r§0 §r§r§r§0 §r§r§r§3 §r§r§r§9 §r§r§r§2 §r§r§r§0 §r§r§r§0 
22:33:03 [allowed] §aYou have §b30 §aunclaimed leveling rewards!
22:33:03 [allowed] §eClick here to view them!
22:33:03 [allowed] §aYou have §63 §aunclaimed achievement rewards!
22:33:03 [allowed] §eClick here to view them!
22:33:14 [allowed] §b[MVP§3+§b] Infinityy§f §6joined the lobby!
22:33:14 [allowed]  §b>§c>§a>§r §r§6[MVP§f++§6] Caillou16§f §6joined the lobby!§r §a<§c<§b<
22:33:17 [allowed] §7Sending to server mini13CT...
22:33:17 [allowed] §cYour spawn location was obstructed so you were spawned at the highest non-obstructed point!
22:33:17 [allowed] §8 §r§8 §r§1 §r§3 §r§3 §r§7 §r§8 
22:33:18 [allowed] 
22:33:18 [allowed] §eWelcome to §r§aHypixel SkyBlock§r§e!
22:33:18 [allowed] 
22:33:18 [allowed] §eLatest update: §bSkyBlock v0.23.1 §e§lCLICK
22:33:18 [allowed] §aYou are playing on profile: §ePear§b (Co-op)
22:33:18 [allowed] §8Profile ID: da202b41-03b4-4acb-b131-26b3b789ffbc
22:33:18 [allowed]  
22:34:15 [allowed]  
22:34:56 [allowed] §cThere are not any Pests on your Garden right now! Keep farming!
22:35:21 [allowed] §f §r§r§r§f §r§r§r§1 §r§r§r§0 §r§r§r§2 §r§r§r§f §r§r§r§f §r§r§r§2 §r§r§r§0 §r§r§r§4 §r§r§r§3 §r§r§r§9 §r§r§r§2 §r§r§r§0 §r§r§r§0 §r§r§r§3 §r§r§r§9 §r§r§r§2 §r§r§r§0 §r§r§r§0 §r§r§r§3 §r§r§r§9 §r§r§r§2 §r§r§r§0 §r§r§r§0 
22:35:26 [allowed] §aYou have §b30 §aunclaimed leveling rewards!
22:35:26 [allowed] §eClick here to view them!
22:35:26 [allowed] §aYou have §63 §aunclaimed achievement rewards!
22:35:26 [allowed] §eClick here to view them!
22:35:29 [allowed] §b[MVP§e+§b] P4ckezu§f §6joined the lobby!
22:35:39 [allowed] §b[MVP§2+§b] Nezash§f §6joined the lobby!
22:35:39 [allowed] §b[MVP§c+§b] Wharning§f §6joined the lobby!
22:35:40 [allowed] §b[MVP§6+§b] v3ryb6d§f §6joined the lobby!
22:35:41 [allowed] §7Sending to server mini26DW...
22:35:42 [allowed] §cYour spawn location was obstructed so you were spawned at the highest non-obstructed point!
22:35:42 [allowed] §8 §r§8 §r§1 §r§3 §r§3 §r§7 §r§8 
22:35:44 [allowed] 
22:35:44 [allowed] §eWelcome to §r§aHypixel SkyBlock§r§e!
22:35:44 [allowed] 
22:35:44 [allowed] §eLatest update: §bSkyBlock v0.23.1 §e§lCLICK
22:35:44 [allowed] §cYou are sending commands too fast! Please slow down.
22:35:45 [allowed] §aYou are playing on profile: §ePear§b (Co-op)
22:35:45 [allowed] §8Profile ID: da202b41-03b4-4acb-b131-26b3b789ffbc
22:35:47 [allowed]  
22:35:51 [allowed] 
22:35:51 [allowed] §6§k§lA§r §c§lFIRE SALE §r§6§k§lA
§r§c♨ §eSelling an item for a limited time!
§r§c   ♨ §aFrog Dye §e(§e45,394 left§e)§c§r
§r§c♨ §a§l[WARP] §eTo Elizabeth in the next §c1d 2h 24m §eto grab yours!
22:35:51 [allowed] 
22:35:52 [allowed] §6[Sacks] §r§a+1§r§e item§r§e.§r§8 (Last 5s.)
