22:19:12 [NEW_VISITOR_ARRIVED] §a§r§aGimley §r§ehas arrived on your §r§aGarden§r§e!
22:19:12 [STASH_COMPACT] §f               §7You have §324,523 §7materials stashed away!
22:19:12 [STASH_COMPACT] §f              §8(This totals 6 types of materials stashed!)
22:19:12 [STASH_COMPACT] §f                §3§l>>> §3§lCLICK HERE§b to pick them up! §3§l<<<
22:19:12 [STASH_COMPACT]   
22:20:03 [PEST_DROP] §eYou received §a33x Enchanted Wheat §efor killing a §2Fly§e!
22:20:13 [STASH_COMPACT] §f               §7You have §324,523 §7materials stashed away!
22:20:13 [STASH_COMPACT] §f              §8(This totals 6 types of materials stashed!)
22:20:13 [STASH_COMPACT] §f                §3§l>>> §3§lCLICK HERE§b to pick them up! §3§l<<<
22:20:13 [STASH_COMPACT]   
22:20:26 [PEST_DROP] §eYou received §a35x Enchanted Wheat §efor killing a §2Fly§e!
22:20:26 [PEST_DROP] §eYou received §a36x Enchanted Wheat §efor killing a §2Fly§e!
22:20:41 [PEST_DROP] §eYou received §a35x Enchanted Wheat §efor killing a §2Fly§e!
22:20:49 [GARDEN_VISITOR_MESSAGE] §e[NPC] §aAndrew§f: §rDid you know that SkyBlock has been running for §b5198 §fin-game months already? Time flies.
22:20:58 [GARDEN_VISITOR_MESSAGE] §e[NPC] §9Tammy§f: §r§fI've been planning to build a trap for unaware animals so I can hunt them more efficiently. I really need some cactus, preferably the ones with the biggest spikes!
22:21:06 [GARDEN_VISITOR_MESSAGE] §e[NPC] §aGimley§f: §r§fbUuUrP!?!?
22:21:14 [STASH_COMPACT] §f               §7You have §324,523 §7materials stashed away!
22:21:14 [STASH_COMPACT] §f              §8(This totals 6 types of materials stashed!)
22:21:14 [STASH_COMPACT] §f                §3§l>>> §3§lCLICK HERE§b to pick them up! §3§l<<<
22:21:14 [STASH_COMPACT]   
22:21:28 [GARDEN_VISITOR_MESSAGE] §e[NPC] §aAndrew§f: §r§fSee you around!
22:21:51 [GARDEN_VISITOR_MESSAGE] §e[NPC] §9Tammy§f: §r§fAmazing! Thanks for taking the time! Now, time to finish my Cactus Trap...and hopefully it boosts my pelt earnings.
22:21:59 [GARDEN_VISITOR_MESSAGE] §e[NPC] §aGimley§f: §r§fBuRRrP Burp!
22:22:15 [STASH_COMPACT] §f               §7You have §324,523 §7materials stashed away!
22:22:15 [STASH_COMPACT] §f              §8(This totals 6 types of materials stashed!)
22:22:15 [STASH_COMPACT] §f                §3§l>>> §3§lCLICK HERE§b to pick them up! §3§l<<<
22:22:15 [STASH_COMPACT]   
22:23:17 [STASH_COMPACT] §f               §7You have §324,523 §7materials stashed away!
22:23:17 [STASH_COMPACT] §f              §8(This totals 6 types of materials stashed!)
22:23:17 [STASH_COMPACT] §f                §3§l>>> §3§lCLICK HERE§b to pick them up! §3§l<<<
22:23:17 [STASH_COMPACT]   
22:24:29 [STASH_COMPACT] §f               §7You have §335,771 §7materials stashed away!
22:24:29 [STASH_COMPACT] §f              §8(This totals 6 types of materials stashed!)
22:24:29 [STASH_COMPACT] §f                §3§l>>> §3§lCLICK HERE§b to pick them up! §3§l<<<
22:24:29 [STASH_COMPACT]   
22:25:22 [NEW_VISITOR_ARRIVED] §a§r§aFarmhand §r§ehas arrived on your §r§aGarden§r§e!
22:25:43 [STASH_COMPACT] §f               §7You have §345,033 §7materials stashed away!
22:25:43 [STASH_COMPACT] §f              §8(This totals 6 types of materials stashed!)
22:25:43 [STASH_COMPACT] §f                §3§l>>> §3§lCLICK HERE§b to pick them up! §3§l<<<
22:25:43 [STASH_COMPACT]   
22:25:44 [PEST_DROP] §eYou received §a104x Enchanted Nether Wart §efor killing a §2Beetle§e!
22:26:46 [STASH_COMPACT] §f               §7You have §346,916 §7materials stashed away!
22:26:46 [STASH_COMPACT] §f              §8(This totals 6 types of materials stashed!)
22:26:46 [STASH_COMPACT] §f                §3§l>>> §3§lCLICK HERE§b to pick them up! §3§l<<<
22:26:46 [STASH_COMPACT]   
22:27:47 [STASH_COMPACT] §f               §7You have §347,291 §7materials stashed away!
22:27:47 [STASH_COMPACT] §f              §8(This totals 6 types of materials stashed!)
22:27:47 [STASH_COMPACT] §f                §3§l>>> §3§lCLICK HERE§b to pick them up! §3§l<<<
22:27:47 [STASH_COMPACT]   
22:28:54 [STASH_COMPACT] §f               §7You have §348,317 §7materials stashed away!
22:28:54 [STASH_COMPACT] §f              §8(This totals 6 types of materials stashed!)
22:28:54 [STASH_COMPACT] §f                §3§l>>> §3§lCLICK HERE§b to pick them up! §3§l<<<
22:28:54 [STASH_COMPACT]   
22:30:05 [STASH_COMPACT] §f               §7You have §353,621 §7materials stashed away!
22:30:05 [STASH_COMPACT] §f              §8(This totals 6 types of materials stashed!)
22:30:05 [STASH_COMPACT] §f                §3§l>>> §3§lCLICK HERE§b to pick them up! §3§l<<<
22:30:05 [STASH_COMPACT]   
22:30:49 [NEW_VISITOR_ARRIVED] §a§r§aLynn §r§ehas arrived on your §r§aGarden§r§e!
22:31:06 [STASH_COMPACT] §f               §7You have §353,640 §7materials stashed away!
22:31:06 [STASH_COMPACT] §f              §8(This totals 6 types of materials stashed!)
22:31:06 [STASH_COMPACT] §f                §3§l>>> §3§lCLICK HERE§b to pick them up! §3§l<<<
22:31:06 [STASH_COMPACT]   
22:32:08 [STASH_COMPACT] §f               §7You have §353,640 §7materials stashed away!
22:32:08 [STASH_COMPACT] §f              §8(This totals 6 types of materials stashed!)
22:32:08 [STASH_COMPACT] §f                §3§l>>> §3§lCLICK HERE§b to pick them up! §3§l<<<
22:32:08 [STASH_COMPACT]   
22:33:18 [STASH_COMPACT] §f               §7You have §353,640 §7materials stashed away!
22:33:18 [STASH_COMPACT] §f              §8(This totals 6 types of materials stashed!)
22:33:18 [STASH_COMPACT] §f                §3§l>>> §3§lCLICK HERE§b to pick them up! §3§l<<<
22:33:18 [STASH_COMPACT]   
22:34:15 [STASH_COMPACT] §f               §7You have §353,640 §7materials stashed away!
22:34:15 [STASH_COMPACT] §f              §8(This totals 6 types of materials stashed!)
22:34:15 [STASH_COMPACT] §f                §3§l>>> §3§lCLICK HERE§b to pick them up! §3§l<<<
22:34:15 [STASH_COMPACT]   
22:35:47 [STASH_COMPACT] §f               §7You have §353,640 §7materials stashed away!
22:35:47 [STASH_COMPACT] §f              §8(This totals 6 types of materials stashed!)
22:35:47 [STASH_COMPACT] §f                §3§l>>> §3§lCLICK HERE§b to pick them up! §3§l<<<
22:35:47 [STASH_COMPACT]   
