22:18:23 §e[SkyHanni] Reloaded 7532 items in the NEU repo§r
22:19:12 §e[SkyHanni] §bYou have §324k §bmaterials in stash, §btotalling §36 types§b. §bClick to §3pickup §byour stash!§r
22:19:16 §e[SkyHanni] Successfully loaded this year's contests from elitebot.dev automatically!§r
22:19:17 §e[SkyHanni] §aAndrew §eis visiting your garden!§r
22:19:17 §e[SkyHanni] §9Tammy §eis visiting your garden!§r
22:19:17 §e[SkyHanni] §aGimley §eis visiting your garden!§r
22:20:04 §e[SkyHanni] Started tracking your Jacob Contest Blocks Per Second!§r
22:20:13 §e[SkyHanni] §bYou have §324k §bmaterials in stash, §btotalling §36 types§b. §bClick to §3pickup §byour stash!§r
22:20:28 §e[SkyHanni] Loaded Wheat milestone data from tab list!§r
22:24:29 §e[SkyHanni] §bYou have §335k §bmaterials in stash, §btotalling §36 types§b. §bClick to §3pickup §byour stash!§r
22:25:25 §e[SkyHanni] §aFarmhand §eis visiting your garden!§r
22:25:43 §e[SkyHanni] §bYou have §345k §bmaterials in stash, §btotalling §36 types§b. §bClick to §3pickup §byour stash!§r
22:26:46 §e[SkyHanni] §bYou have §346k §bmaterials in stash, §btotalling §36 types§b. §bClick to §3pickup §byour stash!§r
22:27:47 §e[SkyHanni] §bYou have §347k §bmaterials in stash, §btotalling §36 types§b. §bClick to §3pickup §byour stash!§r
22:28:54 §e[SkyHanni] §bYou have §348k §bmaterials in stash, §btotalling §36 types§b. §bClick to §3pickup §byour stash!§r
22:30:05 §e[SkyHanni] §bYou have §353k §bmaterials in stash, §btotalling §36 types§b. §bClick to §3pickup §byour stash!§r
22:30:51 §e[SkyHanni] §aLynn §eis visiting your garden!§r
22:31:06 §e[SkyHanni] §bYou have §353k §bmaterials in stash, §btotalling §36 types§b. §bClick to §3pickup §byour stash!§r
22:33:00 §e[SkyHanni] §fYou were in Limbo for §e5s§f.§r
22:33:18 §e[SkyHanni] §bYou have §353k §bmaterials in stash, §btotalling §36 types§b. §bClick to §3pickup §byour stash!§r
22:35:42 §e[SkyHanni] Stats for Wheat Contest:§r
22:35:42 §e[SkyHanni] §7Blocks Broken in total: §e0§r
22:35:42 §e[SkyHanni] §7Average Blocks Per Second: §a0.0§r
22:35:42 §e[SkyHanni] §7Participated for §b15m 38s§r
22:35:47 §e[SkyHanni] §bYou have §353k §bmaterials in stash, §btotalling §36 types§b. §bClick to §3pickup §byour stash!§r
