01:38:43 §f                                  §6§lBESTIARY
01:38:43 §f                        §b§lSuper Archer §7§8XIX §8➡§b §bXX
01:38:43 
01:38:43 §f                                  §r§6§lREWARDS
01:38:43 §f                     §r§8+§r§a5 Super Archer §r§b✯ Magic Find
01:38:43 §f                      §r§8+§r§a5 Super Archer §r§c❁ Strength
01:38:43 §f                         §r§8+§r§62% §r§aSuper Archer §r§7coins
01:38:43 §f                    §r§8+§r§a50% §r§7chance for extra XP orbs
01:38:43 §f                               §r§8+§r§b1 SkyBlock XP
01:38:43 
01:38:43 §3§l▬▬▬▬▬▬▬▬▬▬▬▬▬▬▬▬▬▬▬▬▬▬▬▬▬▬▬▬▬▬▬▬▬▬▬▬▬▬▬▬▬▬▬▬▬▬▬▬▬▬▬▬▬▬▬▬▬▬▬▬▬▬▬▬
02:30:32 §f                                  §6§lBESTIARY
02:30:32 §f                 §b§lAngry Archaeologist §7§8XVII §8➡§b §bXVIII
02:30:32 
02:30:32 §f                                  §r§6§lREWARDS
02:30:32 §f               §r§8+§r§a5 §r§d§lAngry Archaeologist §r§b✯ Magic Find
02:30:32 §f               §r§8+§r§a5 §r§d§lAngry Archaeologist §r§c❁ Strength
02:30:32 §f                   §r§8+§r§62% §r§a§r§d§lAngry Archaeologist §r§7coins
02:30:32 §f                    §r§8+§r§a50% §r§7chance for extra XP orbs
02:30:32 §f                               §r§8+§r§b1 SkyBlock XP
02:30:32 
02:30:32 §3§l▬▬▬▬▬▬▬▬▬▬▬▬▬▬▬▬▬▬▬▬▬▬▬▬▬▬▬▬▬▬▬▬▬▬▬▬▬▬▬▬▬▬▬▬▬▬▬▬▬▬▬▬▬▬▬▬▬▬▬▬▬▬▬▬
