22:40:26 [allowed] §f §r§r§r§f §r§r§r§1 §r§r§r§0 §r§r§r§2 §r§r§r§f §r§r§r§f §r§r§r§2 §r§r§r§0 §r§r§r§4 §r§r§r§3 §r§r§r§9 §r§r§r§2 §r§r§r§0 §r§r§r§0 §r§r§r§3 §r§r§r§9 §r§r§r§2 §r§r§r§0 §r§r§r§0 §r§r§r§3 §r§r§r§9 §r§r§r§2 §r§r§r§0 §r§r§r§0 
22:40:28 [allowed] §aYou have §b30 §aunclaimed leveling rewards!
22:40:28 [allowed] §eClick here to view them!
22:40:28 [allowed] §aYou have §63 §aunclaimed achievement rewards!
22:40:28 [allowed] §eClick here to view them!
22:40:35 [allowed] §b[MVP§c+§b] Aousking§f §6joined the lobby!
22:40:35 [allowed] §b[MVP§f+§b] X_Gaster§f §6joined the lobby!
22:40:37 [allowed] §b[MVP§a+§b] gus_bunny§f §6joined the lobby!
22:40:38 [allowed] §7Sending to server mini189BU...
22:40:38 [allowed] §cYour spawn location was obstructed so you were spawned at the highest non-obstructed point!
22:40:38 [allowed] §8 §r§8 §r§1 §r§3 §r§3 §r§7 §r§8 
22:40:40 [allowed] 
22:40:40 [allowed] §eWelcome to §r§aHypixel SkyBlock§r§e!
22:40:40 [allowed] 
22:40:40 [allowed] §eLatest update: §bSkyBlock v0.23.1 §e§lCLICK
22:40:42 [allowed] §aYou are playing on profile: §ePear§b (Co-op)
22:40:42 [allowed] §8Profile ID: da202b41-03b4-4acb-b131-26b3b789ffbc
22:40:42 [allowed]  
22:40:42 [STASH_COMPACT] §f               §7You have §353,640 §7materials stashed away!
22:40:42 [STASH_COMPACT] §f              §8(This totals 6 types of materials stashed!)
22:40:42 [STASH_COMPACT] §f                §3§l>>> §3§lCLICK HERE§b to pick them up! §3§l<<<
22:40:42 [STASH_COMPACT]   
22:40:48 [allowed] 
22:40:48 [allowed] §6§k§lA§r §c§lFIRE SALE §r§6§k§lA
§r§c♨ §eSelling an item for a limited time!
§r§c   ♨ §aFrog Dye §e(§e45,394 left§e)§c§r
§r§c♨ §a§l[WARP] §eTo Elizabeth in the next §c1d 2h 19m §eto grab yours!
22:40:48 [allowed] 
22:40:57 [allowed] §6[Sacks] §r§a+6§r§e items§r§e.§r§8 (Last 15s.)
22:41:09 [allowed] 
22:41:09 [allowed] §6§k§lA§r §c§lFIRE SALE §r§6§k§lA
§r§c♨ §eSelling an item for a limited time!
§r§c   ♨ §aFrog Dye §e(§e45,394 left§e)§c§r
§r§c♨ §a§l[WARP] §eTo Elizabeth in the next §c1d 2h 18m §eto grab yours!
22:41:09 [allowed] 
22:41:15 [allowed] §6[Sacks] §r§a+1§r§e item§r§e.§r§8 (Last 5s.)
