04:02:09 §f                                  §6§lBESTIARY
04:02:09 §f                           §b§lStar Sentry §7§8V §8➡§b §bVI
04:02:09 
04:02:09 §f                                  §r§6§lREWARDS
04:02:09 §f                      §r§8+§r§a3 §r§5Star Sentry §r§b✯ Magic Find
04:02:09 §f                       §r§8+§r§a3 §r§5Star Sentry §r§c❁ Strength
04:02:09 §f                          §r§8+§r§62% §r§a§r§5Star Sentry §r§7coins
04:02:09 §f                    §r§8+§r§a50% §r§7chance for extra XP orbs
04:02:09 §f                               §r§8+§r§b1 SkyBlock XP
04:02:09 
04:02:10 §3§l▬▬▬▬▬▬▬▬▬▬▬▬▬▬▬▬▬▬▬▬▬▬▬▬▬▬▬▬▬▬▬▬▬▬▬▬▬▬▬▬▬▬▬▬▬▬▬▬▬▬▬▬▬▬▬▬▬▬▬▬▬▬▬▬
04:11:02 §f                                  §6§lBESTIARY
04:11:02 §f                          §b§lGolden Goblin §7§8I §8➡§b §bII
04:11:02 
04:11:02 §f                                  §r§6§lREWARDS
04:11:02 §f                      §r§8+§r§a2 Golden Goblin §r§b✯ Magic Find
04:11:02 §f                      §r§8+§r§a2 Golden Goblin §r§c❁ Strength
04:11:02 §f                          §r§8+§r§62% §r§aGolden Goblin §r§7coins
04:11:02 §f                    §r§8+§r§a50% §r§7chance for extra XP orbs
04:11:02 §f                               §r§8+§r§b1 SkyBlock XP
04:11:02 
04:11:02   §r§f                         §6§lBESTIARY MILESTONE
04:11:02   §r§f                                  §8XCII➡§eXCIII
04:11:02 
04:11:02 §3§l▬▬▬▬▬▬▬▬▬▬▬▬▬▬▬▬▬▬▬▬▬▬▬▬▬▬▬▬▬▬▬▬▬▬▬▬▬▬▬▬▬▬▬▬▬▬▬▬▬▬▬▬▬▬▬▬▬▬▬▬▬▬▬▬
