04:01:41 §f                     §7You have §a2 §7items stashed away!
04:01:41 §f                §6§l>>> §6§lCLICK HERE§e to pick them up! §6§l<<<
04:01:41   
04:01:41 §f                §7You have §31,856 §7materials stashed away!
04:01:41 §f              §8(This totals 3 types of materials stashed!)
04:01:41 §f                §3§l>>> §3§lCLICK HERE§b to pick them up! §3§l<<<
04:01:41   
04:02:43 §f                     §7You have §a2 §7items stashed away!
04:02:43 §f                §6§l>>> §6§lCLICK HERE§e to pick them up! §6§l<<<
04:02:43   
04:02:43 §f                §7You have §31,856 §7materials stashed away!
04:02:43 §f              §8(This totals 3 types of materials stashed!)
04:02:43 §f                §3§l>>> §3§lCLICK HERE§b to pick them up! §3§l<<<
04:02:43   
04:03:43 §f                     §7You have §a2 §7items stashed away!
04:03:43 §f                §6§l>>> §6§lCLICK HERE§e to pick them up! §6§l<<<
04:03:43   
04:03:43 §f                §7You have §31,856 §7materials stashed away!
04:03:43 §f              §8(This totals 3 types of materials stashed!)
04:03:43 §f                §3§l>>> §3§lCLICK HERE§b to pick them up! §3§l<<<
04:03:43   
04:04:44 §f                     §7You have §a2 §7items stashed away!
04:04:44 §f                §6§l>>> §6§lCLICK HERE§e to pick them up! §6§l<<<
04:04:44   
04:04:44 §f                §7You have §31,856 §7materials stashed away!
04:04:44 §f              §8(This totals 3 types of materials stashed!)
04:04:44 §f                §3§l>>> §3§lCLICK HERE§b to pick them up! §3§l<<<
04:04:44   
04:05:45 §f                     §7You have §a2 §7items stashed away!
04:05:45 §f                §6§l>>> §6§lCLICK HERE§e to pick them up! §6§l<<<
04:05:45   
04:05:45 §f                §7You have §31,856 §7materials stashed away!
04:05:45 §f              §8(This totals 3 types of materials stashed!)
04:05:45 §f                §3§l>>> §3§lCLICK HERE§b to pick them up! §3§l<<<
04:05:45   
04:06:46 §f                     §7You have §a2 §7items stashed away!
04:06:46 §f                §6§l>>> §6§lCLICK HERE§e to pick them up! §6§l<<<
04:06:46   
04:06:46 §f                §7You have §31,856 §7materials stashed away!
04:06:46 §f              §8(This totals 3 types of materials stashed!)
04:06:46 §f                §3§l>>> §3§lCLICK HERE§b to pick them up! §3§l<<<
04:06:46   
04:07:46 §f                     §7You have §a2 §7items stashed away!
04:07:46 §f                §6§l>>> §6§lCLICK HERE§e to pick them up! §6§l<<<
04:07:46   
04:07:46 §f                §7You have §31,856 §7materials stashed away!
04:07:46 §f              §8(This totals 3 types of materials stashed!)
04:07:46 §f                §3§l>>> §3§lCLICK HERE§b to pick them up! §3§l<<<
04:07:46   
04:08:47 §f                     §7You have §a2 §7items stashed away!
04:08:47 §f                §6§l>>> §6§lCLICK HERE§e to pick them up! §6§l<<<
04:08:47   
04:08:47 §f                §7You have §31,856 §7materials stashed away!
04:08:47 §f              §8(This totals 3 types of materials stashed!)
04:08:47 §f                §3§l>>> §3§lCLICK HERE§b to pick them up! §3§l<<<
04:08:47   
04:09:48 §f                     §7You have §a2 §7items stashed away!
04:09:48 §f                §6§l>>> §6§lCLICK HERE§e to pick them up! §6§l<<<
04:09:48   
04:09:48 §f                §7You have §31,856 §7materials stashed away!
04:09:48 §f              §8(This totals 3 types of materials stashed!)
04:09:48 §f                §3§l>>> §3§lCLICK HERE§b to pick them up! §3§l<<<
04:09:48   
04:10:48 §f                     §7You have §a2 §7items stashed away!
04:10:48 §f                §6§l>>> §6§lCLICK HERE§e to pick them up! §6§l<<<
04:10:48   
04:10:48 §f                §7You have §31,856 §7materials stashed away!
04:10:48 §f              §8(This totals 3 types of materials stashed!)
04:10:48 §f                §3§l>>> §3§lCLICK HERE§b to pick them up! §3§l<<<
04:10:48   
04:11:48 §f                     §7You have §a2 §7items stashed away!
04:11:48 §f                §6§l>>> §6§lCLICK HERE§e to pick them up! §6§l<<<
04:11:48   
04:11:48 §f                §7You have §31,856 §7materials stashed away!
04:11:48 §f              §8(This totals 3 types of materials stashed!)
04:11:48 §f                §3§l>>> §3§lCLICK HERE§b to pick them up! §3§l<<<
04:11:48   
04:12:56 §f                     §7You have §a2 §7items stashed away!
04:12:56 §f                §6§l>>> §6§lCLICK HERE§e to pick them up! §6§l<<<
04:12:56   
04:12:56 §f                §7You have §31,856 §7materials stashed away!
04:12:56 §f              §8(This totals 3 types of materials stashed!)
04:12:56 §f                §3§l>>> §3§lCLICK HERE§b to pick them up! §3§l<<<
04:12:56   
