19:21:50 [STASH_COMPACT] §f               §7You have §313,298 §7materials stashed away!
19:21:50 [STASH_COMPACT] §f              §8(This totals 5 types of materials stashed!)
19:21:50 [STASH_COMPACT] §f                §3§l>>> §3§lCLICK HERE§b to pick them up! §3§l<<<
19:21:50 [STASH_COMPACT]   
19:22:51 [STASH_COMPACT] §f               §7You have §313,298 §7materials stashed away!
19:22:51 [STASH_COMPACT] §f              §8(This totals 5 types of materials stashed!)
19:22:51 [STASH_COMPACT] §f                §3§l>>> §3§lCLICK HERE§b to pick them up! §3§l<<<
19:22:51 [STASH_COMPACT]   
19:23:09 [STASH_COMPACT] §f               §7You have §313,298 §7materials stashed away!
19:23:09 [STASH_COMPACT] §f              §8(This totals 5 types of materials stashed!)
19:23:09 [STASH_COMPACT] §f                §3§l>>> §3§lCLICK HERE§b to pick them up! §3§l<<<
19:23:09 [STASH_COMPACT]   
19:25:00 [STASH_COMPACT] §f               §7You have §313,298 §7materials stashed away!
19:25:00 [STASH_COMPACT] §f              §8(This totals 5 types of materials stashed!)
19:25:00 [STASH_COMPACT] §f                §3§l>>> §3§lCLICK HERE§b to pick them up! §3§l<<<
19:25:00 [STASH_COMPACT]   
19:26:02 [STASH_COMPACT] §f               §7You have §313,298 §7materials stashed away!
19:26:02 [STASH_COMPACT] §f              §8(This totals 5 types of materials stashed!)
19:26:02 [STASH_COMPACT] §f                §3§l>>> §3§lCLICK HERE§b to pick them up! §3§l<<<
19:26:02 [STASH_COMPACT]   
19:27:02 [STASH_COMPACT] §f               §7You have §313,298 §7materials stashed away!
19:27:02 [STASH_COMPACT] §f              §8(This totals 5 types of materials stashed!)
19:27:02 [STASH_COMPACT] §f                §3§l>>> §3§lCLICK HERE§b to pick them up! §3§l<<<
19:27:02 [STASH_COMPACT]   
19:28:03 [STASH_COMPACT] §f               §7You have §313,298 §7materials stashed away!
19:28:03 [STASH_COMPACT] §f              §8(This totals 5 types of materials stashed!)
19:28:03 [STASH_COMPACT] §f                §3§l>>> §3§lCLICK HERE§b to pick them up! §3§l<<<
19:28:03 [STASH_COMPACT]   
19:29:04 [STASH_COMPACT] §f               §7You have §313,298 §7materials stashed away!
19:29:04 [STASH_COMPACT] §f              §8(This totals 5 types of materials stashed!)
19:29:04 [STASH_COMPACT] §f                §3§l>>> §3§lCLICK HERE§b to pick them up! §3§l<<<
19:29:04 [STASH_COMPACT]   
19:30:05 [STASH_COMPACT] §f               §7You have §313,298 §7materials stashed away!
19:30:05 [STASH_COMPACT] §f              §8(This totals 5 types of materials stashed!)
19:30:05 [STASH_COMPACT] §f                §3§l>>> §3§lCLICK HERE§b to pick them up! §3§l<<<
19:30:05 [STASH_COMPACT]   
19:31:06 [STASH_COMPACT] §f               §7You have §313,298 §7materials stashed away!
19:31:06 [STASH_COMPACT] §f              §8(This totals 5 types of materials stashed!)
19:31:06 [STASH_COMPACT] §f                §3§l>>> §3§lCLICK HERE§b to pick them up! §3§l<<<
19:31:06 [STASH_COMPACT]   
19:32:06 [STASH_COMPACT] §f               §7You have §313,298 §7materials stashed away!
19:32:06 [STASH_COMPACT] §f              §8(This totals 5 types of materials stashed!)
19:32:06 [STASH_COMPACT] §f                §3§l>>> §3§lCLICK HERE§b to pick them up! §3§l<<<
19:32:06 [STASH_COMPACT]   
19:33:07 [STASH_COMPACT] §f               §7You have §313,298 §7materials stashed away!
19:33:07 [STASH_COMPACT] §f              §8(This totals 5 types of materials stashed!)
19:33:07 [STASH_COMPACT] §f                §3§l>>> §3§lCLICK HERE§b to pick them up! §3§l<<<
19:33:07 [STASH_COMPACT]   
19:34:08 [STASH_COMPACT] §f               §7You have §313,298 §7materials stashed away!
19:34:08 [STASH_COMPACT] §f              §8(This totals 5 types of materials stashed!)
19:34:08 [STASH_COMPACT] §f                §3§l>>> §3§lCLICK HERE§b to pick them up! §3§l<<<
19:34:08 [STASH_COMPACT]   
19:35:09 [STASH_COMPACT] §f               §7You have §313,298 §7materials stashed away!
19:35:09 [STASH_COMPACT] §f              §8(This totals 5 types of materials stashed!)
19:35:09 [STASH_COMPACT] §f                §3§l>>> §3§lCLICK HERE§b to pick them up! §3§l<<<
19:35:09 [STASH_COMPACT]   
19:36:10 [STASH_COMPACT] §f               §7You have §313,298 §7materials stashed away!
19:36:10 [STASH_COMPACT] §f              §8(This totals 5 types of materials stashed!)
19:36:10 [STASH_COMPACT] §f                §3§l>>> §3§lCLICK HERE§b to pick them up! §3§l<<<
19:36:10 [STASH_COMPACT]   
19:37:11 [STASH_COMPACT] §f               §7You have §313,298 §7materials stashed away!
19:37:11 [STASH_COMPACT] §f              §8(This totals 5 types of materials stashed!)
19:37:11 [STASH_COMPACT] §f                §3§l>>> §3§lCLICK HERE§b to pick them up! §3§l<<<
19:37:11 [STASH_COMPACT]   
19:38:13 [STASH_COMPACT] §f               §7You have §313,298 §7materials stashed away!
19:38:13 [STASH_COMPACT] §f              §8(This totals 5 types of materials stashed!)
19:38:13 [STASH_COMPACT] §f                §3§l>>> §3§lCLICK HERE§b to pick them up! §3§l<<<
19:38:13 [STASH_COMPACT]   
19:39:14 [STASH_COMPACT] §f               §7You have §313,298 §7materials stashed away!
19:39:14 [STASH_COMPACT] §f              §8(This totals 5 types of materials stashed!)
19:39:14 [STASH_COMPACT] §f                §3§l>>> §3§lCLICK HERE§b to pick them up! §3§l<<<
19:39:14 [STASH_COMPACT]   
19:40:15 [STASH_COMPACT] §f               §7You have §313,298 §7materials stashed away!
19:40:15 [STASH_COMPACT] §f              §8(This totals 5 types of materials stashed!)
19:40:15 [STASH_COMPACT] §f                §3§l>>> §3§lCLICK HERE§b to pick them up! §3§l<<<
19:40:15 [STASH_COMPACT]   
19:41:16 [STASH_COMPACT] §f               §7You have §313,298 §7materials stashed away!
19:41:16 [STASH_COMPACT] §f              §8(This totals 5 types of materials stashed!)
19:41:16 [STASH_COMPACT] §f                §3§l>>> §3§lCLICK HERE§b to pick them up! §3§l<<<
19:41:16 [STASH_COMPACT]   
19:42:17 [STASH_COMPACT] §f               §7You have §313,298 §7materials stashed away!
19:42:17 [STASH_COMPACT] §f              §8(This totals 5 types of materials stashed!)
19:42:17 [STASH_COMPACT] §f                §3§l>>> §3§lCLICK HERE§b to pick them up! §3§l<<<
19:42:17 [STASH_COMPACT]   
19:43:18 [STASH_COMPACT] §f               §7You have §313,298 §7materials stashed away!
19:43:18 [STASH_COMPACT] §f              §8(This totals 5 types of materials stashed!)
19:43:18 [STASH_COMPACT] §f                §3§l>>> §3§lCLICK HERE§b to pick them up! §3§l<<<
19:43:18 [STASH_COMPACT]   
19:44:19 [STASH_COMPACT] §f               §7You have §313,298 §7materials stashed away!
19:44:19 [STASH_COMPACT] §f              §8(This totals 5 types of materials stashed!)
19:44:19 [STASH_COMPACT] §f                §3§l>>> §3§lCLICK HERE§b to pick them up! §3§l<<<
19:44:19 [STASH_COMPACT]   
19:45:21 [STASH_COMPACT] §f               §7You have §313,298 §7materials stashed away!
19:45:21 [STASH_COMPACT] §f              §8(This totals 5 types of materials stashed!)
19:45:21 [STASH_COMPACT] §f                §3§l>>> §3§lCLICK HERE§b to pick them up! §3§l<<<
19:45:21 [STASH_COMPACT]   
19:46:22 [STASH_COMPACT] §f               §7You have §313,298 §7materials stashed away!
19:46:22 [STASH_COMPACT] §f              §8(This totals 5 types of materials stashed!)
19:46:22 [STASH_COMPACT] §f                §3§l>>> §3§lCLICK HERE§b to pick them up! §3§l<<<
19:46:22 [STASH_COMPACT]   
19:47:23 [STASH_COMPACT] §f               §7You have §313,298 §7materials stashed away!
19:47:23 [STASH_COMPACT] §f              §8(This totals 5 types of materials stashed!)
19:47:23 [STASH_COMPACT] §f                §3§l>>> §3§lCLICK HERE§b to pick them up! §3§l<<<
19:47:23 [STASH_COMPACT]   
19:48:24 [STASH_COMPACT] §f               §7You have §313,298 §7materials stashed away!
19:48:24 [STASH_COMPACT] §f              §8(This totals 5 types of materials stashed!)
19:48:24 [STASH_COMPACT] §f                §3§l>>> §3§lCLICK HERE§b to pick them up! §3§l<<<
19:48:24 [STASH_COMPACT]   
19:49:25 [STASH_COMPACT] §f               §7You have §313,298 §7materials stashed away!
19:49:25 [STASH_COMPACT] §f              §8(This totals 5 types of materials stashed!)
19:49:25 [STASH_COMPACT] §f                §3§l>>> §3§lCLICK HERE§b to pick them up! §3§l<<<
19:49:25 [STASH_COMPACT]   
19:50:26 [STASH_COMPACT] §f               §7You have §313,298 §7materials stashed away!
19:50:26 [STASH_COMPACT] §f              §8(This totals 5 types of materials stashed!)
19:50:26 [STASH_COMPACT] §f                §3§l>>> §3§lCLICK HERE§b to pick them up! §3§l<<<
19:50:26 [STASH_COMPACT]   
19:51:28 [STASH_COMPACT] §f               §7You have §313,298 §7materials stashed away!
19:51:28 [STASH_COMPACT] §f              §8(This totals 5 types of materials stashed!)
19:51:28 [STASH_COMPACT] §f                §3§l>>> §3§lCLICK HERE§b to pick them up! §3§l<<<
19:51:28 [STASH_COMPACT]   
19:52:29 [STASH_COMPACT] §f               §7You have §313,298 §7materials stashed away!
19:52:29 [STASH_COMPACT] §f              §8(This totals 5 types of materials stashed!)
19:52:29 [STASH_COMPACT] §f                §3§l>>> §3§lCLICK HERE§b to pick them up! §3§l<<<
19:52:29 [STASH_COMPACT]   
19:53:30 [STASH_COMPACT] §f               §7You have §313,298 §7materials stashed away!
19:53:30 [STASH_COMPACT] §f              §8(This totals 5 types of materials stashed!)
19:53:30 [STASH_COMPACT] §f                §3§l>>> §3§lCLICK HERE§b to pick them up! §3§l<<<
19:53:30 [STASH_COMPACT]   
19:54:31 [STASH_COMPACT] §f               §7You have §313,298 §7materials stashed away!
19:54:31 [STASH_COMPACT] §f              §8(This totals 5 types of materials stashed!)
19:54:31 [STASH_COMPACT] §f                §3§l>>> §3§lCLICK HERE§b to pick them up! §3§l<<<
19:54:31 [STASH_COMPACT]   
19:55:32 [STASH_COMPACT] §f               §7You have §313,298 §7materials stashed away!
19:55:32 [STASH_COMPACT] §f              §8(This totals 5 types of materials stashed!)
19:55:32 [STASH_COMPACT] §f                §3§l>>> §3§lCLICK HERE§b to pick them up! §3§l<<<
19:55:32 [STASH_COMPACT]   
19:56:33 [STASH_COMPACT] §f               §7You have §313,298 §7materials stashed away!
19:56:33 [STASH_COMPACT] §f              §8(This totals 5 types of materials stashed!)
19:56:33 [STASH_COMPACT] §f                §3§l>>> §3§lCLICK HERE§b to pick them up! §3§l<<<
19:56:33 [STASH_COMPACT]   
19:57:34 [STASH_COMPACT] §f               §7You have §313,298 §7materials stashed away!
19:57:34 [STASH_COMPACT] §f              §8(This totals 5 types of materials stashed!)
19:57:34 [STASH_COMPACT] §f                §3§l>>> §3§lCLICK HERE§b to pick them up! §3§l<<<
19:57:34 [STASH_COMPACT]   
19:58:27 [STASH_COMPACT] §f               §7You have §313,298 §7materials stashed away!
19:58:27 [STASH_COMPACT] §f              §8(This totals 5 types of materials stashed!)
19:58:27 [STASH_COMPACT] §f                §3§l>>> §3§lCLICK HERE§b to pick them up! §3§l<<<
19:58:27 [STASH_COMPACT]   
19:58:35 [STASH_COMPACT] §f               §7You have §313,298 §7materials stashed away!
19:58:35 [STASH_COMPACT] §f              §8(This totals 5 types of materials stashed!)
19:58:35 [STASH_COMPACT] §f                §3§l>>> §3§lCLICK HERE§b to pick them up! §3§l<<<
19:58:35 [STASH_COMPACT]   
19:59:35 [STASH_COMPACT] §f               §7You have §313,298 §7materials stashed away!
19:59:35 [STASH_COMPACT] §f              §8(This totals 5 types of materials stashed!)
19:59:35 [STASH_COMPACT] §f                §3§l>>> §3§lCLICK HERE§b to pick them up! §3§l<<<
19:59:35 [STASH_COMPACT]   
20:00:36 [STASH_COMPACT] §f               §7You have §313,298 §7materials stashed away!
20:00:36 [STASH_COMPACT] §f              §8(This totals 5 types of materials stashed!)
20:00:36 [STASH_COMPACT] §f                §3§l>>> §3§lCLICK HERE§b to pick them up! §3§l<<<
20:00:36 [STASH_COMPACT]   
20:01:38 [STASH_COMPACT] §f               §7You have §313,298 §7materials stashed away!
20:01:38 [STASH_COMPACT] §f              §8(This totals 5 types of materials stashed!)
20:01:38 [STASH_COMPACT] §f                §3§l>>> §3§lCLICK HERE§b to pick them up! §3§l<<<
20:01:38 [STASH_COMPACT]   
20:02:39 [STASH_COMPACT] §f               §7You have §313,298 §7materials stashed away!
20:02:39 [STASH_COMPACT] §f              §8(This totals 5 types of materials stashed!)
20:02:39 [STASH_COMPACT] §f                §3§l>>> §3§lCLICK HERE§b to pick them up! §3§l<<<
20:02:39 [STASH_COMPACT]   
20:03:40 [STASH_COMPACT] §f               §7You have §313,298 §7materials stashed away!
20:03:40 [STASH_COMPACT] §f              §8(This totals 5 types of materials stashed!)
20:03:40 [STASH_COMPACT] §f                §3§l>>> §3§lCLICK HERE§b to pick them up! §3§l<<<
20:03:40 [STASH_COMPACT]   
20:04:41 [STASH_COMPACT] §f               §7You have §313,298 §7materials stashed away!
20:04:41 [STASH_COMPACT] §f              §8(This totals 5 types of materials stashed!)
20:04:41 [STASH_COMPACT] §f                §3§l>>> §3§lCLICK HERE§b to pick them up! §3§l<<<
20:04:41 [STASH_COMPACT]   
20:05:42 [STASH_COMPACT] §f               §7You have §313,298 §7materials stashed away!
20:05:42 [STASH_COMPACT] §f              §8(This totals 5 types of materials stashed!)
20:05:42 [STASH_COMPACT] §f                §3§l>>> §3§lCLICK HERE§b to pick them up! §3§l<<<
20:05:42 [STASH_COMPACT]   
20:06:43 [STASH_COMPACT] §f               §7You have §313,298 §7materials stashed away!
20:06:43 [STASH_COMPACT] §f              §8(This totals 5 types of materials stashed!)
20:06:43 [STASH_COMPACT] §f                §3§l>>> §3§lCLICK HERE§b to pick them up! §3§l<<<
20:06:43 [STASH_COMPACT]   
20:07:44 [STASH_COMPACT] §f               §7You have §313,298 §7materials stashed away!
20:07:44 [STASH_COMPACT] §f              §8(This totals 5 types of materials stashed!)
20:07:44 [STASH_COMPACT] §f                §3§l>>> §3§lCLICK HERE§b to pick them up! §3§l<<<
20:07:44 [STASH_COMPACT]   
20:08:45 [STASH_COMPACT] §f               §7You have §313,298 §7materials stashed away!
20:08:45 [STASH_COMPACT] §f              §8(This totals 5 types of materials stashed!)
20:08:45 [STASH_COMPACT] §f                §3§l>>> §3§lCLICK HERE§b to pick them up! §3§l<<<
20:08:45 [STASH_COMPACT]   
20:09:46 [STASH_COMPACT] §f               §7You have §313,298 §7materials stashed away!
20:09:46 [STASH_COMPACT] §f              §8(This totals 5 types of materials stashed!)
20:09:46 [STASH_COMPACT] §f                §3§l>>> §3§lCLICK HERE§b to pick them up! §3§l<<<
20:09:46 [STASH_COMPACT]   
20:10:46 [STASH_COMPACT] §f               §7You have §313,298 §7materials stashed away!
20:10:46 [STASH_COMPACT] §f              §8(This totals 5 types of materials stashed!)
20:10:46 [STASH_COMPACT] §f                §3§l>>> §3§lCLICK HERE§b to pick them up! §3§l<<<
20:10:46 [STASH_COMPACT]   
20:11:47 [STASH_COMPACT] §f               §7You have §313,298 §7materials stashed away!
20:11:47 [STASH_COMPACT] §f              §8(This totals 5 types of materials stashed!)
20:11:47 [STASH_COMPACT] §f                §3§l>>> §3§lCLICK HERE§b to pick them up! §3§l<<<
20:11:47 [STASH_COMPACT]   
20:12:48 [STASH_COMPACT] §f               §7You have §313,298 §7materials stashed away!
20:12:48 [STASH_COMPACT] §f              §8(This totals 5 types of materials stashed!)
20:12:48 [STASH_COMPACT] §f                §3§l>>> §3§lCLICK HERE§b to pick them up! §3§l<<<
20:12:48 [STASH_COMPACT]   
20:13:50 [STASH_COMPACT] §f               §7You have §313,298 §7materials stashed away!
20:13:50 [STASH_COMPACT] §f              §8(This totals 5 types of materials stashed!)
20:13:50 [STASH_COMPACT] §f                §3§l>>> §3§lCLICK HERE§b to pick them up! §3§l<<<
20:13:50 [STASH_COMPACT]   
20:14:02 [SLAYER_RNG_METER] §aYou set your §r§dSven Packmaster RNG Meter §r§ato drop §r§5Overflux Capacitor§r§a!
20:14:50 [STASH_COMPACT] §f               §7You have §313,298 §7materials stashed away!
20:14:50 [STASH_COMPACT] §f              §8(This totals 5 types of materials stashed!)
20:14:50 [STASH_COMPACT] §f                §3§l>>> §3§lCLICK HERE§b to pick them up! §3§l<<<
20:14:50 [STASH_COMPACT]   
20:15:51 [STASH_COMPACT] §f               §7You have §313,298 §7materials stashed away!
20:15:51 [STASH_COMPACT] §f              §8(This totals 5 types of materials stashed!)
20:15:51 [STASH_COMPACT] §f                §3§l>>> §3§lCLICK HERE§b to pick them up! §3§l<<<
20:15:51 [STASH_COMPACT]   
20:16:52 [STASH_COMPACT] §f               §7You have §313,298 §7materials stashed away!
20:16:52 [STASH_COMPACT] §f              §8(This totals 5 types of materials stashed!)
20:16:52 [STASH_COMPACT] §f                §3§l>>> §3§lCLICK HERE§b to pick them up! §3§l<<<
20:16:52 [STASH_COMPACT]   
20:17:53 [STASH_COMPACT] §f               §7You have §313,298 §7materials stashed away!
20:17:53 [STASH_COMPACT] §f              §8(This totals 5 types of materials stashed!)
20:17:53 [STASH_COMPACT] §f                §3§l>>> §3§lCLICK HERE§b to pick them up! §3§l<<<
20:17:53 [STASH_COMPACT]   
20:18:53 [STASH_COMPACT] §f               §7You have §313,298 §7materials stashed away!
20:18:53 [STASH_COMPACT] §f              §8(This totals 5 types of materials stashed!)
20:18:53 [STASH_COMPACT] §f                §3§l>>> §3§lCLICK HERE§b to pick them up! §3§l<<<
20:18:53 [STASH_COMPACT]   
20:19:55 [STASH_COMPACT] §f               §7You have §313,298 §7materials stashed away!
20:19:55 [STASH_COMPACT] §f              §8(This totals 5 types of materials stashed!)
20:19:55 [STASH_COMPACT] §f                §3§l>>> §3§lCLICK HERE§b to pick them up! §3§l<<<
20:19:55 [STASH_COMPACT]   
20:20:56 [STASH_COMPACT] §f               §7You have §313,298 §7materials stashed away!
20:20:56 [STASH_COMPACT] §f              §8(This totals 5 types of materials stashed!)
20:20:56 [STASH_COMPACT] §f                §3§l>>> §3§lCLICK HERE§b to pick them up! §3§l<<<
20:20:56 [STASH_COMPACT]   
20:21:57 [STASH_COMPACT] §f               §7You have §313,298 §7materials stashed away!
20:21:57 [STASH_COMPACT] §f              §8(This totals 5 types of materials stashed!)
20:21:57 [STASH_COMPACT] §f                §3§l>>> §3§lCLICK HERE§b to pick them up! §3§l<<<
20:21:57 [STASH_COMPACT]   
20:22:28 [STASH_COMPACT] §f               §7You have §313,298 §7materials stashed away!
20:22:28 [STASH_COMPACT] §f              §8(This totals 5 types of materials stashed!)
20:22:28 [STASH_COMPACT] §f                §3§l>>> §3§lCLICK HERE§b to pick them up! §3§l<<<
20:22:28 [STASH_COMPACT]   
20:22:59 [STASH_COMPACT] §f               §7You have §313,298 §7materials stashed away!
20:22:59 [STASH_COMPACT] §f              §8(This totals 5 types of materials stashed!)
20:22:59 [STASH_COMPACT] §f                §3§l>>> §3§lCLICK HERE§b to pick them up! §3§l<<<
20:22:59 [STASH_COMPACT]   
20:24:00 [STASH_COMPACT] §f               §7You have §313,298 §7materials stashed away!
20:24:00 [STASH_COMPACT] §f              §8(This totals 5 types of materials stashed!)
20:24:00 [STASH_COMPACT] §f                §3§l>>> §3§lCLICK HERE§b to pick them up! §3§l<<<
20:24:00 [STASH_COMPACT]   
20:25:01 [STASH_COMPACT] §f               §7You have §313,298 §7materials stashed away!
20:25:01 [STASH_COMPACT] §f              §8(This totals 5 types of materials stashed!)
20:25:01 [STASH_COMPACT] §f                §3§l>>> §3§lCLICK HERE§b to pick them up! §3§l<<<
20:25:01 [STASH_COMPACT]   
20:26:02 [STASH_COMPACT] §f               §7You have §313,298 §7materials stashed away!
20:26:02 [STASH_COMPACT] §f              §8(This totals 5 types of materials stashed!)
20:26:02 [STASH_COMPACT] §f                §3§l>>> §3§lCLICK HERE§b to pick them up! §3§l<<<
20:26:02 [STASH_COMPACT]   
20:27:03 [STASH_COMPACT] §f               §7You have §313,298 §7materials stashed away!
20:27:03 [STASH_COMPACT] §f              §8(This totals 5 types of materials stashed!)
20:27:03 [STASH_COMPACT] §f                §3§l>>> §3§lCLICK HERE§b to pick them up! §3§l<<<
20:27:03 [STASH_COMPACT]   
20:27:39 [STASH_COMPACT] §f               §7You have §313,298 §7materials stashed away!
20:27:39 [STASH_COMPACT] §f              §8(This totals 5 types of materials stashed!)
20:27:39 [STASH_COMPACT] §f                §3§l>>> §3§lCLICK HERE§b to pick them up! §3§l<<<
20:27:39 [STASH_COMPACT]   
20:28:40 [STASH_COMPACT] §f               §7You have §313,298 §7materials stashed away!
20:28:40 [STASH_COMPACT] §f              §8(This totals 5 types of materials stashed!)
20:28:40 [STASH_COMPACT] §f                §3§l>>> §3§lCLICK HERE§b to pick them up! §3§l<<<
20:28:40 [STASH_COMPACT]   
20:29:41 [STASH_COMPACT] §f               §7You have §313,298 §7materials stashed away!
20:29:41 [STASH_COMPACT] §f              §8(This totals 5 types of materials stashed!)
20:29:41 [STASH_COMPACT] §f                §3§l>>> §3§lCLICK HERE§b to pick them up! §3§l<<<
20:29:41 [STASH_COMPACT]   
20:30:41 [STASH_COMPACT] §f               §7You have §313,298 §7materials stashed away!
20:30:41 [STASH_COMPACT] §f              §8(This totals 5 types of materials stashed!)
20:30:41 [STASH_COMPACT] §f                §3§l>>> §3§lCLICK HERE§b to pick them up! §3§l<<<
20:30:41 [STASH_COMPACT]   
20:31:42 [STASH_COMPACT] §f               §7You have §313,298 §7materials stashed away!
20:31:42 [STASH_COMPACT] §f              §8(This totals 5 types of materials stashed!)
20:31:42 [STASH_COMPACT] §f                §3§l>>> §3§lCLICK HERE§b to pick them up! §3§l<<<
20:31:42 [STASH_COMPACT]   
20:32:07 [STASH_COMPACT] §f               §7You have §313,298 §7materials stashed away!
20:32:07 [STASH_COMPACT] §f              §8(This totals 5 types of materials stashed!)
20:32:07 [STASH_COMPACT] §f                §3§l>>> §3§lCLICK HERE§b to pick them up! §3§l<<<
20:32:07 [STASH_COMPACT]   
20:32:42 [STASH_COMPACT] §f               §7You have §313,298 §7materials stashed away!
20:32:42 [STASH_COMPACT] §f              §8(This totals 5 types of materials stashed!)
20:32:42 [STASH_COMPACT] §f                §3§l>>> §3§lCLICK HERE§b to pick them up! §3§l<<<
20:32:42 [STASH_COMPACT]   
20:37:46 [STASH_COMPACT] §f               §7You have §313,298 §7materials stashed away!
20:37:46 [STASH_COMPACT] §f              §8(This totals 5 types of materials stashed!)
20:37:46 [STASH_COMPACT] §f                §3§l>>> §3§lCLICK HERE§b to pick them up! §3§l<<<
20:37:46 [STASH_COMPACT]   
20:38:47 [STASH_COMPACT] §f               §7You have §313,298 §7materials stashed away!
20:38:47 [STASH_COMPACT] §f              §8(This totals 5 types of materials stashed!)
20:38:47 [STASH_COMPACT] §f                §3§l>>> §3§lCLICK HERE§b to pick them up! §3§l<<<
20:38:47 [STASH_COMPACT]   
20:39:49 [STASH_COMPACT] §f               §7You have §313,298 §7materials stashed away!
20:39:49 [STASH_COMPACT] §f              §8(This totals 5 types of materials stashed!)
20:39:49 [STASH_COMPACT] §f                §3§l>>> §3§lCLICK HERE§b to pick them up! §3§l<<<
20:39:49 [STASH_COMPACT]   
20:40:49 [STASH_COMPACT] §f               §7You have §313,298 §7materials stashed away!
20:40:49 [STASH_COMPACT] §f              §8(This totals 5 types of materials stashed!)
20:40:49 [STASH_COMPACT] §f                §3§l>>> §3§lCLICK HERE§b to pick them up! §3§l<<<
20:40:49 [STASH_COMPACT]   
20:41:51 [STASH_COMPACT] §f               §7You have §313,298 §7materials stashed away!
20:41:51 [STASH_COMPACT] §f              §8(This totals 5 types of materials stashed!)
20:41:51 [STASH_COMPACT] §f                §3§l>>> §3§lCLICK HERE§b to pick them up! §3§l<<<
20:41:51 [STASH_COMPACT]   
20:44:54 [STASH_COMPACT] §f               §7You have §313,298 §7materials stashed away!
20:44:54 [STASH_COMPACT] §f              §8(This totals 5 types of materials stashed!)
20:44:54 [STASH_COMPACT] §f                §3§l>>> §3§lCLICK HERE§b to pick them up! §3§l<<<
20:44:54 [STASH_COMPACT]   
20:45:56 [STASH_COMPACT] §f               §7You have §313,298 §7materials stashed away!
20:45:56 [STASH_COMPACT] §f              §8(This totals 5 types of materials stashed!)
20:45:56 [STASH_COMPACT] §f                §3§l>>> §3§lCLICK HERE§b to pick them up! §3§l<<<
20:45:56 [STASH_COMPACT]   
20:46:57 [STASH_COMPACT] §f               §7You have §313,298 §7materials stashed away!
20:46:57 [STASH_COMPACT] §f              §8(This totals 5 types of materials stashed!)
20:46:57 [STASH_COMPACT] §f                §3§l>>> §3§lCLICK HERE§b to pick them up! §3§l<<<
20:46:57 [STASH_COMPACT]   
20:47:58 [STASH_COMPACT] §f               §7You have §313,298 §7materials stashed away!
20:47:58 [STASH_COMPACT] §f              §8(This totals 5 types of materials stashed!)
20:47:58 [STASH_COMPACT] §f                §3§l>>> §3§lCLICK HERE§b to pick them up! §3§l<<<
20:47:58 [STASH_COMPACT]   
20:48:59 [STASH_COMPACT] §f               §7You have §313,298 §7materials stashed away!
20:48:59 [STASH_COMPACT] §f              §8(This totals 5 types of materials stashed!)
20:48:59 [STASH_COMPACT] §f                §3§l>>> §3§lCLICK HERE§b to pick them up! §3§l<<<
20:48:59 [STASH_COMPACT]   
20:50:01 [STASH_COMPACT] §f               §7You have §313,298 §7materials stashed away!
20:50:01 [STASH_COMPACT] §f              §8(This totals 5 types of materials stashed!)
20:50:01 [STASH_COMPACT] §f                §3§l>>> §3§lCLICK HERE§b to pick them up! §3§l<<<
20:50:01 [STASH_COMPACT]   
20:51:02 [STASH_COMPACT] §f               §7You have §313,298 §7materials stashed away!
20:51:02 [STASH_COMPACT] §f              §8(This totals 5 types of materials stashed!)
20:51:02 [STASH_COMPACT] §f                §3§l>>> §3§lCLICK HERE§b to pick them up! §3§l<<<
20:51:02 [STASH_COMPACT]   
20:52:03 [STASH_COMPACT] §f               §7You have §313,298 §7materials stashed away!
20:52:03 [STASH_COMPACT] §f              §8(This totals 5 types of materials stashed!)
20:52:03 [STASH_COMPACT] §f                §3§l>>> §3§lCLICK HERE§b to pick them up! §3§l<<<
20:52:03 [STASH_COMPACT]   
20:53:04 [STASH_COMPACT] §f               §7You have §313,298 §7materials stashed away!
20:53:04 [STASH_COMPACT] §f              §8(This totals 5 types of materials stashed!)
20:53:04 [STASH_COMPACT] §f                §3§l>>> §3§lCLICK HERE§b to pick them up! §3§l<<<
20:53:04 [STASH_COMPACT]   
20:53:05 [STASH_COMPACT] §f               §7You have §313,298 §7materials stashed away!
20:53:05 [STASH_COMPACT] §f              §8(This totals 5 types of materials stashed!)
20:53:05 [STASH_COMPACT] §f                §3§l>>> §3§lCLICK HERE§b to pick them up! §3§l<<<
20:53:05 [STASH_COMPACT]   
20:54:06 [STASH_COMPACT] §f               §7You have §313,298 §7materials stashed away!
20:54:06 [STASH_COMPACT] §f              §8(This totals 5 types of materials stashed!)
20:54:06 [STASH_COMPACT] §f                §3§l>>> §3§lCLICK HERE§b to pick them up! §3§l<<<
20:54:06 [STASH_COMPACT]   
20:55:07 [STASH_COMPACT] §f               §7You have §313,298 §7materials stashed away!
20:55:07 [STASH_COMPACT] §f              §8(This totals 5 types of materials stashed!)
20:55:07 [STASH_COMPACT] §f                §3§l>>> §3§lCLICK HERE§b to pick them up! §3§l<<<
20:55:07 [STASH_COMPACT]   
20:56:08 [STASH_COMPACT] §f               §7You have §313,298 §7materials stashed away!
20:56:08 [STASH_COMPACT] §f              §8(This totals 5 types of materials stashed!)
20:56:08 [STASH_COMPACT] §f                §3§l>>> §3§lCLICK HERE§b to pick them up! §3§l<<<
20:56:08 [STASH_COMPACT]   
20:57:09 [STASH_COMPACT] §f               §7You have §313,298 §7materials stashed away!
20:57:09 [STASH_COMPACT] §f              §8(This totals 5 types of materials stashed!)
20:57:09 [STASH_COMPACT] §f                §3§l>>> §3§lCLICK HERE§b to pick them up! §3§l<<<
20:57:09 [STASH_COMPACT]   
20:58:10 [STASH_COMPACT] §f               §7You have §313,298 §7materials stashed away!
20:58:10 [STASH_COMPACT] §f              §8(This totals 5 types of materials stashed!)
20:58:10 [STASH_COMPACT] §f                §3§l>>> §3§lCLICK HERE§b to pick them up! §3§l<<<
20:58:10 [STASH_COMPACT]   
20:59:11 [STASH_COMPACT] §f               §7You have §313,298 §7materials stashed away!
20:59:11 [STASH_COMPACT] §f              §8(This totals 5 types of materials stashed!)
20:59:11 [STASH_COMPACT] §f                §3§l>>> §3§lCLICK HERE§b to pick them up! §3§l<<<
20:59:11 [STASH_COMPACT]   
21:00:12 [STASH_COMPACT] §f               §7You have §313,298 §7materials stashed away!
21:00:12 [STASH_COMPACT] §f              §8(This totals 5 types of materials stashed!)
21:00:12 [STASH_COMPACT] §f                §3§l>>> §3§lCLICK HERE§b to pick them up! §3§l<<<
21:00:12 [STASH_COMPACT]   
21:01:12 [STASH_COMPACT] §f               §7You have §313,298 §7materials stashed away!
21:01:12 [STASH_COMPACT] §f              §8(This totals 5 types of materials stashed!)
21:01:13 [STASH_COMPACT] §f                §3§l>>> §3§lCLICK HERE§b to pick them up! §3§l<<<
21:01:13 [STASH_COMPACT]   
21:01:38 [STASH_COMPACT] §f               §7You have §313,298 §7materials stashed away!
21:01:38 [STASH_COMPACT] §f              §8(This totals 5 types of materials stashed!)
21:01:38 [STASH_COMPACT] §f                §3§l>>> §3§lCLICK HERE§b to pick them up! §3§l<<<
21:01:38 [STASH_COMPACT]   
21:02:16 [STASH_COMPACT] §f               §7You have §313,298 §7materials stashed away!
21:02:16 [STASH_COMPACT] §f              §8(This totals 5 types of materials stashed!)
21:02:16 [STASH_COMPACT] §f                §3§l>>> §3§lCLICK HERE§b to pick them up! §3§l<<<
21:02:16 [STASH_COMPACT]   
21:03:17 [STASH_COMPACT] §f               §7You have §313,298 §7materials stashed away!
21:03:17 [STASH_COMPACT] §f              §8(This totals 5 types of materials stashed!)
21:03:17 [STASH_COMPACT] §f                §3§l>>> §3§lCLICK HERE§b to pick them up! §3§l<<<
21:03:17 [STASH_COMPACT]   
21:04:19 [STASH_COMPACT] §f               §7You have §313,298 §7materials stashed away!
21:04:19 [STASH_COMPACT] §f              §8(This totals 5 types of materials stashed!)
21:04:19 [STASH_COMPACT] §f                §3§l>>> §3§lCLICK HERE§b to pick them up! §3§l<<<
21:04:19 [STASH_COMPACT]   
21:05:17 [STASH_COMPACT] §f               §7You have §313,298 §7materials stashed away!
21:05:17 [STASH_COMPACT] §f              §8(This totals 5 types of materials stashed!)
21:05:17 [STASH_COMPACT] §f                §3§l>>> §3§lCLICK HERE§b to pick them up! §3§l<<<
21:05:17 [STASH_COMPACT]   
21:05:21 [STASH_COMPACT] §f               §7You have §313,298 §7materials stashed away!
21:05:21 [STASH_COMPACT] §f              §8(This totals 5 types of materials stashed!)
21:05:21 [STASH_COMPACT] §f                §3§l>>> §3§lCLICK HERE§b to pick them up! §3§l<<<
21:05:21 [STASH_COMPACT]   
21:06:22 [STASH_COMPACT] §f               §7You have §313,298 §7materials stashed away!
21:06:22 [STASH_COMPACT] §f              §8(This totals 5 types of materials stashed!)
21:06:22 [STASH_COMPACT] §f                §3§l>>> §3§lCLICK HERE§b to pick them up! §3§l<<<
21:06:22 [STASH_COMPACT]   
21:07:23 [STASH_COMPACT] §f               §7You have §313,298 §7materials stashed away!
21:07:23 [STASH_COMPACT] §f              §8(This totals 5 types of materials stashed!)
21:07:23 [STASH_COMPACT] §f                §3§l>>> §3§lCLICK HERE§b to pick them up! §3§l<<<
21:07:23 [STASH_COMPACT]   
21:08:24 [STASH_COMPACT] §f               §7You have §313,298 §7materials stashed away!
21:08:24 [STASH_COMPACT] §f              §8(This totals 5 types of materials stashed!)
21:08:24 [STASH_COMPACT] §f                §3§l>>> §3§lCLICK HERE§b to pick them up! §3§l<<<
21:08:24 [STASH_COMPACT]   
21:09:26 [STASH_COMPACT] §f               §7You have §313,298 §7materials stashed away!
21:09:26 [STASH_COMPACT] §f              §8(This totals 5 types of materials stashed!)
21:09:26 [STASH_COMPACT] §f                §3§l>>> §3§lCLICK HERE§b to pick them up! §3§l<<<
21:09:26 [STASH_COMPACT]   
21:10:27 [STASH_COMPACT] §f               §7You have §313,298 §7materials stashed away!
21:10:27 [STASH_COMPACT] §f              §8(This totals 5 types of materials stashed!)
21:10:27 [STASH_COMPACT] §f                §3§l>>> §3§lCLICK HERE§b to pick them up! §3§l<<<
21:10:27 [STASH_COMPACT]   
21:11:28 [STASH_COMPACT] §f               §7You have §313,298 §7materials stashed away!
21:11:28 [STASH_COMPACT] §f              §8(This totals 5 types of materials stashed!)
21:11:28 [STASH_COMPACT] §f                §3§l>>> §3§lCLICK HERE§b to pick them up! §3§l<<<
21:11:28 [STASH_COMPACT]   
21:12:29 [STASH_COMPACT] §f               §7You have §313,298 §7materials stashed away!
21:12:29 [STASH_COMPACT] §f              §8(This totals 5 types of materials stashed!)
21:12:29 [STASH_COMPACT] §f                §3§l>>> §3§lCLICK HERE§b to pick them up! §3§l<<<
21:12:29 [STASH_COMPACT]   
21:13:30 [STASH_COMPACT] §f               §7You have §313,298 §7materials stashed away!
21:13:30 [STASH_COMPACT] §f              §8(This totals 5 types of materials stashed!)
21:13:30 [STASH_COMPACT] §f                §3§l>>> §3§lCLICK HERE§b to pick them up! §3§l<<<
21:13:30 [STASH_COMPACT]   
21:14:31 [STASH_COMPACT] §f               §7You have §313,298 §7materials stashed away!
21:14:31 [STASH_COMPACT] §f              §8(This totals 5 types of materials stashed!)
21:14:31 [STASH_COMPACT] §f                §3§l>>> §3§lCLICK HERE§b to pick them up! §3§l<<<
21:14:31 [STASH_COMPACT]   
21:15:32 [STASH_COMPACT] §f               §7You have §313,298 §7materials stashed away!
21:15:32 [STASH_COMPACT] §f              §8(This totals 5 types of materials stashed!)
21:15:32 [STASH_COMPACT] §f                §3§l>>> §3§lCLICK HERE§b to pick them up! §3§l<<<
21:15:32 [STASH_COMPACT]   
21:15:40 [BESTIARY] §f                                  §6§lBESTIARY
21:15:40 [BESTIARY] §f                      §b§lBarbarian Duke X §7§8III §8➡§b §bIV
21:15:40 [BESTIARY] 
21:15:40 [BESTIARY] §f                                  §r§6§lREWARDS
21:15:40 [BESTIARY] §f                 §r§8+§r§a2 §r§8§lBarbarian Duke X §r§b✯ Magic Find
21:15:40 [BESTIARY] §f                  §r§8+§r§a2 §r§8§lBarbarian Duke X §r§c❁ Strength
21:15:40 [BESTIARY] §f                     §r§8+§r§62% §r§a§r§8§lBarbarian Duke X §r§7coins
21:15:40 [BESTIARY] §f                    §r§8+§r§a50% §r§7chance for extra XP orbs
21:15:40 [BESTIARY] §f                               §r§8+§r§b1 SkyBlock XP
21:15:40 [BESTIARY] 
21:15:40 [BESTIARY] §3§l▬▬▬▬▬▬▬▬▬▬▬▬▬▬▬▬▬▬▬▬▬▬▬▬▬▬▬▬▬▬▬▬▬▬▬▬▬▬▬▬▬▬▬▬▬▬▬▬▬▬▬▬▬▬▬▬▬▬▬▬▬▬▬▬
21:16:33 [STASH_COMPACT] §f               §7You have §313,298 §7materials stashed away!
21:16:33 [STASH_COMPACT] §f              §8(This totals 5 types of materials stashed!)
21:16:33 [STASH_COMPACT] §f                §3§l>>> §3§lCLICK HERE§b to pick them up! §3§l<<<
21:16:33 [STASH_COMPACT]   
21:17:04 [STASH_COMPACT] §f               §7You have §313,298 §7materials stashed away!
21:17:04 [STASH_COMPACT] §f              §8(This totals 5 types of materials stashed!)
21:17:04 [STASH_COMPACT] §f                §3§l>>> §3§lCLICK HERE§b to pick them up! §3§l<<<
21:17:04 [STASH_COMPACT]   
21:18:04 [STASH_COMPACT] §f               §7You have §313,298 §7materials stashed away!
21:18:04 [STASH_COMPACT] §f              §8(This totals 5 types of materials stashed!)
21:18:04 [STASH_COMPACT] §f                §3§l>>> §3§lCLICK HERE§b to pick them up! §3§l<<<
21:18:04 [STASH_COMPACT]   
21:18:20 [BESTIARY] §f                                  §6§lBESTIARY
21:18:20 [BESTIARY] §f                       §b§lKuudra Follower §7§8X §8➡§b §bXI
21:18:20 [BESTIARY] 
21:18:20 [BESTIARY] §f                                  §r§6§lREWARDS
21:18:20 [BESTIARY] §f                    §r§8+§r§a4 Kuudra Follower §r§b✯ Magic Find
21:18:20 [BESTIARY] §f                    §r§8+§r§a4 Kuudra Follower §r§c❁ Strength
21:18:20 [BESTIARY] §f                        §r§8+§r§62% §r§aKuudra Follower §r§7coins
21:18:20 [BESTIARY] §f                    §r§8+§r§a50% §r§7chance for extra XP orbs
21:18:20 [BESTIARY] §f                               §r§8+§r§b1 SkyBlock XP
21:18:20 [BESTIARY] 
21:18:20 [BESTIARY] §3§l▬▬▬▬▬▬▬▬▬▬▬▬▬▬▬▬▬▬▬▬▬▬▬▬▬▬▬▬▬▬▬▬▬▬▬▬▬▬▬▬▬▬▬▬▬▬▬▬▬▬▬▬▬▬▬▬▬▬▬▬▬▬▬▬
21:19:05 [STASH_COMPACT] §f               §7You have §313,298 §7materials stashed away!
21:19:05 [STASH_COMPACT] §f              §8(This totals 5 types of materials stashed!)
21:19:05 [STASH_COMPACT] §f                §3§l>>> §3§lCLICK HERE§b to pick them up! §3§l<<<
21:19:05 [STASH_COMPACT]   
21:20:05 [STASH_COMPACT] §f               §7You have §313,298 §7materials stashed away!
21:20:05 [STASH_COMPACT] §f              §8(This totals 5 types of materials stashed!)
21:20:05 [STASH_COMPACT] §f                §3§l>>> §3§lCLICK HERE§b to pick them up! §3§l<<<
21:20:05 [STASH_COMPACT]   
21:20:59 [BESTIARY] §f                                  §6§lBESTIARY
21:20:59 [BESTIARY] §f                   §b§lInferno Magma Cube §7§8XII §8➡§b §bXIII
21:20:59 [BESTIARY] 
21:20:59 [BESTIARY] §f                                  §r§6§lREWARDS
21:20:59 [BESTIARY] §f                 §r§8+§r§a4 Inferno Magma Cube §r§b✯ Magic Find
21:20:59 [BESTIARY] §f                  §r§8+§r§a4 Inferno Magma Cube §r§c❁ Strength
21:20:59 [BESTIARY] §f                     §r§8+§r§62% §r§aInferno Magma Cube §r§7coins
21:20:59 [BESTIARY] §f                    §r§8+§r§a50% §r§7chance for extra XP orbs
21:20:59 [BESTIARY] §f                               §r§8+§r§b1 SkyBlock XP
21:20:59 [BESTIARY] 
21:20:59 [BESTIARY] §3§l▬▬▬▬▬▬▬▬▬▬▬▬▬▬▬▬▬▬▬▬▬▬▬▬▬▬▬▬▬▬▬▬▬▬▬▬▬▬▬▬▬▬▬▬▬▬▬▬▬▬▬▬▬▬▬▬▬▬▬▬▬▬▬▬
21:21:05 [STASH_COMPACT] §f               §7You have §313,298 §7materials stashed away!
21:21:05 [STASH_COMPACT] §f              §8(This totals 5 types of materials stashed!)
21:21:05 [STASH_COMPACT] §f                §3§l>>> §3§lCLICK HERE§b to pick them up! §3§l<<<
21:21:05 [STASH_COMPACT]   
21:22:05 [STASH_COMPACT] §f               §7You have §313,298 §7materials stashed away!
21:22:05 [STASH_COMPACT] §f              §8(This totals 5 types of materials stashed!)
21:22:05 [STASH_COMPACT] §f                §3§l>>> §3§lCLICK HERE§b to pick them up! §3§l<<<
21:22:05 [STASH_COMPACT]   
21:22:30 [STASH_COMPACT] §f               §7You have §313,298 §7materials stashed away!
21:22:30 [STASH_COMPACT] §f              §8(This totals 5 types of materials stashed!)
21:22:30 [STASH_COMPACT] §f                §3§l>>> §3§lCLICK HERE§b to pick them up! §3§l<<<
21:22:30 [STASH_COMPACT]   
21:23:30 [STASH_COMPACT] §f               §7You have §313,298 §7materials stashed away!
21:23:30 [STASH_COMPACT] §f              §8(This totals 5 types of materials stashed!)
21:23:30 [STASH_COMPACT] §f                §3§l>>> §3§lCLICK HERE§b to pick them up! §3§l<<<
21:23:30 [STASH_COMPACT]   
21:24:32 [STASH_COMPACT] §f               §7You have §313,298 §7materials stashed away!
21:24:32 [STASH_COMPACT] §f              §8(This totals 5 types of materials stashed!)
21:24:32 [STASH_COMPACT] §f                §3§l>>> §3§lCLICK HERE§b to pick them up! §3§l<<<
21:24:32 [STASH_COMPACT]   
21:26:02 [STASH_COMPACT] §f               §7You have §313,298 §7materials stashed away!
21:26:02 [STASH_COMPACT] §f              §8(This totals 5 types of materials stashed!)
21:26:02 [STASH_COMPACT] §f                §3§l>>> §3§lCLICK HERE§b to pick them up! §3§l<<<
21:26:02 [STASH_COMPACT]   
21:26:33 [STASH_COMPACT] §f               §7You have §313,298 §7materials stashed away!
21:26:33 [STASH_COMPACT] §f              §8(This totals 5 types of materials stashed!)
21:26:33 [STASH_COMPACT] §f                §3§l>>> §3§lCLICK HERE§b to pick them up! §3§l<<<
21:26:33 [STASH_COMPACT]   
21:27:14 [BESTIARY] §f                                  §6§lBESTIARY
21:27:14 [BESTIARY] §f                       §b§lKuudra Slasher §7§8VI §8➡§b §bVII
21:27:14 [BESTIARY] 
21:27:14 [BESTIARY] §f                                  §r§6§lREWARDS
21:27:14 [BESTIARY] §f                    §r§8+§r§a3 Kuudra Slasher §r§b✯ Magic Find
21:27:14 [BESTIARY] §f                     §r§8+§r§a3 Kuudra Slasher §r§c❁ Strength
21:27:14 [BESTIARY] §f                        §r§8+§r§62% §r§aKuudra Slasher §r§7coins
21:27:14 [BESTIARY] §f                    §r§8+§r§a50% §r§7chance for extra XP orbs
21:27:14 [BESTIARY] §f                               §r§8+§r§b1 SkyBlock XP
21:27:14 [BESTIARY] 
21:27:14 [BESTIARY] §3§l▬▬▬▬▬▬▬▬▬▬▬▬▬▬▬▬▬▬▬▬▬▬▬▬▬▬▬▬▬▬▬▬▬▬▬▬▬▬▬▬▬▬▬▬▬▬▬▬▬▬▬▬▬▬▬▬▬▬▬▬▬▬▬▬
21:27:33 [STASH_COMPACT] §f               §7You have §313,298 §7materials stashed away!
21:27:33 [STASH_COMPACT] §f              §8(This totals 5 types of materials stashed!)
21:27:33 [STASH_COMPACT] §f                §3§l>>> §3§lCLICK HERE§b to pick them up! §3§l<<<
21:27:33 [STASH_COMPACT]   
21:28:33 [STASH_COMPACT] §f               §7You have §313,298 §7materials stashed away!
21:28:33 [STASH_COMPACT] §f              §8(This totals 5 types of materials stashed!)
21:28:33 [STASH_COMPACT] §f                §3§l>>> §3§lCLICK HERE§b to pick them up! §3§l<<<
21:28:33 [STASH_COMPACT]   
21:30:20 [BESTIARY] §f                                  §6§lBESTIARY
21:30:20 [BESTIARY] §f                       §b§lKuudra Knocker §7§8XI §8➡§b §bXII
21:30:20 [BESTIARY] 
21:30:20 [BESTIARY] §f                                  §r§6§lREWARDS
21:30:20 [BESTIARY] §f                    §r§8+§r§a4 Kuudra Knocker §r§b✯ Magic Find
21:30:20 [BESTIARY] §f                     §r§8+§r§a4 Kuudra Knocker §r§c❁ Strength
21:30:20 [BESTIARY] §f                        §r§8+§r§62% §r§aKuudra Knocker §r§7coins
21:30:20 [BESTIARY] §f                    §r§8+§r§a50% §r§7chance for extra XP orbs
21:30:20 [BESTIARY] §f                               §r§8+§r§b1 SkyBlock XP
21:30:20 [BESTIARY] 
21:30:20 [BESTIARY]   §r§f                         §6§lBESTIARY MILESTONE
21:30:20 [BESTIARY]   §r§f                                  §8CXV➡§eCXVI
21:30:20 [BESTIARY] 
21:30:20 [BESTIARY] §3§l▬▬▬▬▬▬▬▬▬▬▬▬▬▬▬▬▬▬▬▬▬▬▬▬▬▬▬▬▬▬▬▬▬▬▬▬▬▬▬▬▬▬▬▬▬▬▬▬▬▬▬▬▬▬▬▬▬▬▬▬▬▬▬▬
21:30:35 [STASH_COMPACT] §f               §7You have §313,298 §7materials stashed away!
21:30:35 [STASH_COMPACT] §f              §8(This totals 5 types of materials stashed!)
21:30:35 [STASH_COMPACT] §f                §3§l>>> §3§lCLICK HERE§b to pick them up! §3§l<<<
21:30:35 [STASH_COMPACT]   
21:31:49 [STASH_COMPACT] §f               §7You have §313,298 §7materials stashed away!
21:31:49 [STASH_COMPACT] §f              §8(This totals 5 types of materials stashed!)
21:31:49 [STASH_COMPACT] §f                §3§l>>> §3§lCLICK HERE§b to pick them up! §3§l<<<
21:31:49 [STASH_COMPACT]   
21:32:50 [STASH_COMPACT] §f               §7You have §313,298 §7materials stashed away!
21:32:50 [STASH_COMPACT] §f              §8(This totals 5 types of materials stashed!)
21:32:50 [STASH_COMPACT] §f                §3§l>>> §3§lCLICK HERE§b to pick them up! §3§l<<<
21:32:50 [STASH_COMPACT]   
21:33:51 [STASH_COMPACT] §f               §7You have §313,298 §7materials stashed away!
21:33:51 [STASH_COMPACT] §f              §8(This totals 5 types of materials stashed!)
21:33:51 [STASH_COMPACT] §f                §3§l>>> §3§lCLICK HERE§b to pick them up! §3§l<<<
21:33:51 [STASH_COMPACT]   
21:34:52 [STASH_COMPACT] §f               §7You have §313,298 §7materials stashed away!
21:34:52 [STASH_COMPACT] §f              §8(This totals 5 types of materials stashed!)
21:34:52 [STASH_COMPACT] §f                §3§l>>> §3§lCLICK HERE§b to pick them up! §3§l<<<
21:34:52 [STASH_COMPACT]   
21:35:52 [STASH_COMPACT] §f               §7You have §313,298 §7materials stashed away!
21:35:52 [STASH_COMPACT] §f              §8(This totals 5 types of materials stashed!)
21:35:52 [STASH_COMPACT] §f                §3§l>>> §3§lCLICK HERE§b to pick them up! §3§l<<<
21:35:52 [STASH_COMPACT]   
21:36:42 [STASH_COMPACT] §f               §7You have §313,298 §7materials stashed away!
21:36:42 [STASH_COMPACT] §f              §8(This totals 5 types of materials stashed!)
21:36:42 [STASH_COMPACT] §f                §3§l>>> §3§lCLICK HERE§b to pick them up! §3§l<<<
21:36:42 [STASH_COMPACT]   
21:37:43 [STASH_COMPACT] §f               §7You have §313,298 §7materials stashed away!
21:37:43 [STASH_COMPACT] §f              §8(This totals 5 types of materials stashed!)
21:37:43 [STASH_COMPACT] §f                §3§l>>> §3§lCLICK HERE§b to pick them up! §3§l<<<
21:37:43 [STASH_COMPACT]   
21:38:44 [STASH_COMPACT] §f               §7You have §313,298 §7materials stashed away!
21:38:44 [STASH_COMPACT] §f              §8(This totals 5 types of materials stashed!)
21:38:44 [STASH_COMPACT] §f                §3§l>>> §3§lCLICK HERE§b to pick them up! §3§l<<<
21:38:44 [STASH_COMPACT]   
21:39:45 [STASH_COMPACT] §f               §7You have §313,298 §7materials stashed away!
21:39:45 [STASH_COMPACT] §f              §8(This totals 5 types of materials stashed!)
21:39:45 [STASH_COMPACT] §f                §3§l>>> §3§lCLICK HERE§b to pick them up! §3§l<<<
21:39:45 [STASH_COMPACT]   
21:40:47 [STASH_COMPACT] §f               §7You have §313,298 §7materials stashed away!
21:40:47 [STASH_COMPACT] §f              §8(This totals 5 types of materials stashed!)
21:40:47 [STASH_COMPACT] §f                §3§l>>> §3§lCLICK HERE§b to pick them up! §3§l<<<
21:40:47 [STASH_COMPACT]   
21:41:46 [STASH_COMPACT] §f               §7You have §313,298 §7materials stashed away!
21:41:46 [STASH_COMPACT] §f              §8(This totals 5 types of materials stashed!)
21:41:46 [STASH_COMPACT] §f                §3§l>>> §3§lCLICK HERE§b to pick them up! §3§l<<<
21:41:46 [STASH_COMPACT]   
21:43:47 [STASH_COMPACT] §f               §7You have §313,298 §7materials stashed away!
21:43:47 [STASH_COMPACT] §f              §8(This totals 5 types of materials stashed!)
21:43:47 [STASH_COMPACT] §f                §3§l>>> §3§lCLICK HERE§b to pick them up! §3§l<<<
21:43:47 [STASH_COMPACT]   
21:44:47 [STASH_COMPACT] §f               §7You have §313,298 §7materials stashed away!
21:44:47 [STASH_COMPACT] §f              §8(This totals 5 types of materials stashed!)
21:44:47 [STASH_COMPACT] §f                §3§l>>> §3§lCLICK HERE§b to pick them up! §3§l<<<
21:44:47 [STASH_COMPACT]   
21:45:19 [STASH_COMPACT] §f               §7You have §313,298 §7materials stashed away!
21:45:19 [STASH_COMPACT] §f              §8(This totals 5 types of materials stashed!)
21:45:19 [STASH_COMPACT] §f                §3§l>>> §3§lCLICK HERE§b to pick them up! §3§l<<<
21:45:19 [STASH_COMPACT]   
21:46:19 [STASH_COMPACT] §f               §7You have §313,298 §7materials stashed away!
21:46:19 [STASH_COMPACT] §f              §8(This totals 5 types of materials stashed!)
21:46:19 [STASH_COMPACT] §f                §3§l>>> §3§lCLICK HERE§b to pick them up! §3§l<<<
21:46:19 [STASH_COMPACT]   
21:47:20 [STASH_COMPACT] §f               §7You have §313,298 §7materials stashed away!
21:47:20 [STASH_COMPACT] §f              §8(This totals 5 types of materials stashed!)
21:47:20 [STASH_COMPACT] §f                §3§l>>> §3§lCLICK HERE§b to pick them up! §3§l<<<
21:47:20 [STASH_COMPACT]   
21:48:20 [STASH_COMPACT] §f               §7You have §313,298 §7materials stashed away!
21:48:20 [STASH_COMPACT] §f              §8(This totals 5 types of materials stashed!)
21:48:20 [STASH_COMPACT] §f                §3§l>>> §3§lCLICK HERE§b to pick them up! §3§l<<<
21:48:20 [STASH_COMPACT]   
21:48:42 [STASH_COMPACT] §f               §7You have §313,298 §7materials stashed away!
21:48:42 [STASH_COMPACT] §f              §8(This totals 5 types of materials stashed!)
21:48:42 [STASH_COMPACT] §f                §3§l>>> §3§lCLICK HERE§b to pick them up! §3§l<<<
21:48:42 [STASH_COMPACT]   
