19:21:11 §e[SkyHanni] Reloaded 7559 items in the NEU repo§r
19:21:50 §e[SkyHanni] §bYou have §313k §bmaterials in stash, §btotalling §35 types§b. §bClick to §3pickup §byour stash!§r
19:23:09 §e[SkyHanni] §bYou have §313k §bmaterials in stash, §btotalling §35 types§b. §bClick to §3pickup §byour stash!§r
19:25:00 §e[SkyHanni] §bYou have §313k §bmaterials in stash, §btotalling §35 types§b. §bClick to §3pickup §byour stash!§r
19:25:42 §e[SkyHanni] You have gained §b33 §eBits.§r
19:31:46 §e[SkyHanni] You have gained §b275 §eBits.§r
19:58:26 §e[SkyHanni] Updated 1 Trophy Fishes from Odger.§r
20:02:18 §e[SkyHanni] §bNo Bits Available! §eClick to buy booster cookies on the bazaar.§r
20:02:18 §e[SkyHanni] You have gained §b226 §eBits.§r
20:27:39 §e[SkyHanni] §bYou have §313k §bmaterials in stash, §btotalling §35 types§b. §bClick to §3pickup §byour stash!§r
20:32:07 §e[SkyHanni] §bYou have §313k §bmaterials in stash, §btotalling §35 types§b. §bClick to §3pickup §byour stash!§r
20:32:42 §e[SkyHanni] §bYou have §313k §bmaterials in stash, §btotalling §35 types§b. §bClick to §3pickup §byour stash!§r
20:37:46 §e[SkyHanni] §bYou have §313k §bmaterials in stash, §btotalling §35 types§b. §bClick to §3pickup §byour stash!§r
20:44:54 §e[SkyHanni] §bYou have §313k §bmaterials in stash, §btotalling §35 types§b. §bClick to §3pickup §byour stash!§r
21:01:38 §e[SkyHanni] §bYou have §313k §bmaterials in stash, §btotalling §35 types§b. §bClick to §3pickup §byour stash!§r
21:02:16 §e[SkyHanni] §bYou have §313k §bmaterials in stash, §btotalling §35 types§b. §bClick to §3pickup §byour stash!§r
21:15:40 §6§lBESTIARY §r§b§lBarbarian Duke X §7§8III §8➡§b §bIV§r
21:17:04 §e[SkyHanni] §bYou have §313k §bmaterials in stash, §btotalling §35 types§b. §bClick to §3pickup §byour stash!§r
21:18:20 §6§lBESTIARY §r§b§lKuudra Follower §7§8X §8➡§b §bXI§r
21:20:59 §6§lBESTIARY §r§b§lInferno Magma Cube §7§8XII §8➡§b §bXIII§r
21:22:30 §e[SkyHanni] §bYou have §313k §bmaterials in stash, §btotalling §35 types§b. §bClick to §3pickup §byour stash!§r
21:25:19 §e[SkyHanni] §fYou were in Limbo for §e4s§f.§r
21:26:02 §e[SkyHanni] §bYou have §313k §bmaterials in stash, §btotalling §35 types§b. §bClick to §3pickup §byour stash!§r
21:26:20 §e[SkyHanni] §cExtra Information from Tab list not found! Enable it: SkyBlock Menu ➜ Settings ➜ Personal ➜ User Interface ➜ Player List Info§r
21:26:23 §e[SkyHanni] §cExtra Information from Tab list not found! Enable it: SkyBlock Menu ➜ Settings ➜ Personal ➜ User Interface ➜ Player List Info§r§7 (2)§r
21:26:26 §e[SkyHanni] §cExtra Information from Tab list not found! Enable it: SkyBlock Menu ➜ Settings ➜ Personal ➜ User Interface ➜ Player List Info§r§7 (3)§r
21:26:33 §e[SkyHanni] §bYou have §313k §bmaterials in stash, §btotalling §35 types§b. §bClick to §3pickup §byour stash!§r
21:27:14 §6§lBESTIARY §r§b§lKuudra Slasher §7§8VI §8➡§b §bVII§r
21:30:20 §6§lBESTIARY §r§b§lKuudra Knocker §7§8XI §8➡§b §bXII§r
21:31:49 §e[SkyHanni] §bYou have §313k §bmaterials in stash, §btotalling §35 types§b. §bClick to §3pickup §byour stash!§r
21:36:42 §e[SkyHanni] §bYou have §313k §bmaterials in stash, §btotalling §35 types§b. §bClick to §3pickup §byour stash!§r
21:43:47 §e[SkyHanni] §bYou have §313k §bmaterials in stash, §btotalling §35 types§b. §bClick to §3pickup §byour stash!§r
21:45:19 §e[SkyHanni] §bYou have §313k §bmaterials in stash, §btotalling §35 types§b. §bClick to §3pickup §byour stash!§r
21:46:19 §e[SkyHanni] §bYou have §313k §bmaterials in stash, §btotalling §35 types§b. §bClick to §3pickup §byour stash!§r
21:48:42 §e[SkyHanni] §bYou have §313k §bmaterials in stash, §btotalling §35 types§b. §bClick to §3pickup §byour stash!§r
21:49:44 §e[SkyHanni] §cExtra Information from Tab list not found! Enable it: SkyBlock Menu ➜ Settings ➜ Personal ➜ User Interface ➜ Player List Info§r
21:49:47 §e[SkyHanni] §cExtra Information from Tab list not found! Enable it: SkyBlock Menu ➜ Settings ➜ Personal ➜ User Interface ➜ Player List Info§r§7 (2)§r
21:49:50 §e[SkyHanni] §cExtra Information from Tab list not found! Enable it: SkyBlock Menu ➜ Settings ➜ Personal ➜ User Interface ➜ Player List Info§r§7 (3)§r
21:49:53 §e[SkyHanni] §cExtra Information from Tab list not found! Enable it: SkyBlock Menu ➜ Settings ➜ Personal ➜ User Interface ➜ Player List Info§r§7 (4)§r
21:49:56 §e[SkyHanni] §cExtra Information from Tab list not found! Enable it: SkyBlock Menu ➜ Settings ➜ Personal ➜ User Interface ➜ Player List Info§r§7 (5)§r
21:49:59 §e[SkyHanni] §cExtra Information from Tab list not found! Enable it: SkyBlock Menu ➜ Settings ➜ Personal ➜ User Interface ➜ Player List Info§r§7 (6)§r
21:50:03 §e[SkyHanni] §cExtra Information from Tab list not found! Enable it: SkyBlock Menu ➜ Settings ➜ Personal ➜ User Interface ➜ Player List Info§r§7 (7)§r
21:50:06 §e[SkyHanni] §cExtra Information from Tab list not found! Enable it: SkyBlock Menu ➜ Settings ➜ Personal ➜ User Interface ➜ Player List Info§r§7 (8)§r
21:50:09 §e[SkyHanni] §cExtra Information from Tab list not found! Enable it: SkyBlock Menu ➜ Settings ➜ Personal ➜ User Interface ➜ Player List Info§r§7 (9)§r
21:50:12 §e[SkyHanni] §cExtra Information from Tab list not found! Enable it: SkyBlock Menu ➜ Settings ➜ Personal ➜ User Interface ➜ Player List Info§r§7 (10)§r
21:50:15 §e[SkyHanni] §cExtra Information from Tab list not found! Enable it: SkyBlock Menu ➜ Settings ➜ Personal ➜ User Interface ➜ Player List Info§r§7 (11)§r
21:50:18 §e[SkyHanni] §cExtra Information from Tab list not found! Enable it: SkyBlock Menu ➜ Settings ➜ Personal ➜ User Interface ➜ Player List Info§r§7 (12)§r
21:50:21 §e[SkyHanni] §cExtra Information from Tab list not found! Enable it: SkyBlock Menu ➜ Settings ➜ Personal ➜ User Interface ➜ Player List Info§r§7 (13)§r
21:50:24 §e[SkyHanni] §cExtra Information from Tab list not found! Enable it: SkyBlock Menu ➜ Settings ➜ Personal ➜ User Interface ➜ Player List Info§r§7 (14)§r
21:50:27 §e[SkyHanni] §cExtra Information from Tab list not found! Enable it: SkyBlock Menu ➜ Settings ➜ Personal ➜ User Interface ➜ Player List Info§r§7 (15)§r
21:50:30 §e[SkyHanni] §cExtra Information from Tab list not found! Enable it: SkyBlock Menu ➜ Settings ➜ Personal ➜ User Interface ➜ Player List Info§r§7 (16)§r
21:50:33 §e[SkyHanni] §cExtra Information from Tab list not found! Enable it: SkyBlock Menu ➜ Settings ➜ Personal ➜ User Interface ➜ Player List Info§r§7 (17)§r
21:50:36 §e[SkyHanni] §cExtra Information from Tab list not found! Enable it: SkyBlock Menu ➜ Settings ➜ Personal ➜ User Interface ➜ Player List Info§r§7 (18)§r
21:50:39 §e[SkyHanni] §cExtra Information from Tab list not found! Enable it: SkyBlock Menu ➜ Settings ➜ Personal ➜ User Interface ➜ Player List Info§r§7 (19)§r
21:50:42 §e[SkyHanni] §cExtra Information from Tab list not found! Enable it: SkyBlock Menu ➜ Settings ➜ Personal ➜ User Interface ➜ Player List Info§r§7 (20)§r
21:50:45 §e[SkyHanni] §cExtra Information from Tab list not found! Enable it: SkyBlock Menu ➜ Settings ➜ Personal ➜ User Interface ➜ Player List Info§r§7 (21)§r
21:50:48 §e[SkyHanni] §cExtra Information from Tab list not found! Enable it: SkyBlock Menu ➜ Settings ➜ Personal ➜ User Interface ➜ Player List Info§r§7 (22)§r
21:50:51 §e[SkyHanni] §cExtra Information from Tab list not found! Enable it: SkyBlock Menu ➜ Settings ➜ Personal ➜ User Interface ➜ Player List Info§r§7 (23)§r
21:50:54 §e[SkyHanni] §cExtra Information from Tab list not found! Enable it: SkyBlock Menu ➜ Settings ➜ Personal ➜ User Interface ➜ Player List Info§r§7 (24)§r
21:50:57 §e[SkyHanni] §cExtra Information from Tab list not found! Enable it: SkyBlock Menu ➜ Settings ➜ Personal ➜ User Interface ➜ Player List Info§r§7 (25)§r
21:51:00 §e[SkyHanni] §cExtra Information from Tab list not found! Enable it: SkyBlock Menu ➜ Settings ➜ Personal ➜ User Interface ➜ Player List Info§r§7 (26)§r
21:51:03 §e[SkyHanni] §cExtra Information from Tab list not found! Enable it: SkyBlock Menu ➜ Settings ➜ Personal ➜ User Interface ➜ Player List Info§r§7 (27)§r
21:51:06 §e[SkyHanni] §cExtra Information from Tab list not found! Enable it: SkyBlock Menu ➜ Settings ➜ Personal ➜ User Interface ➜ Player List Info§r§7 (28)§r
21:51:09 §e[SkyHanni] §cExtra Information from Tab list not found! Enable it: SkyBlock Menu ➜ Settings ➜ Personal ➜ User Interface ➜ Player List Info§r§7 (29)§r
21:51:12 §e[SkyHanni] §cExtra Information from Tab list not found! Enable it: SkyBlock Menu ➜ Settings ➜ Personal ➜ User Interface ➜ Player List Info§r§7 (30)§r
21:51:15 §e[SkyHanni] §cExtra Information from Tab list not found! Enable it: SkyBlock Menu ➜ Settings ➜ Personal ➜ User Interface ➜ Player List Info§r§7 (31)§r
21:51:18 §e[SkyHanni] §cExtra Information from Tab list not found! Enable it: SkyBlock Menu ➜ Settings ➜ Personal ➜ User Interface ➜ Player List Info§r§7 (32)§r
21:51:21 §e[SkyHanni] §cExtra Information from Tab list not found! Enable it: SkyBlock Menu ➜ Settings ➜ Personal ➜ User Interface ➜ Player List Info§r§7 (33)§r
21:51:24 §e[SkyHanni] §cExtra Information from Tab list not found! Enable it: SkyBlock Menu ➜ Settings ➜ Personal ➜ User Interface ➜ Player List Info§r§7 (34)§r
21:51:27 §e[SkyHanni] §cExtra Information from Tab list not found! Enable it: SkyBlock Menu ➜ Settings ➜ Personal ➜ User Interface ➜ Player List Info§r§7 (35)§r
21:51:30 §e[SkyHanni] §cExtra Information from Tab list not found! Enable it: SkyBlock Menu ➜ Settings ➜ Personal ➜ User Interface ➜ Player List Info§r§7 (36)§r
21:51:33 §e[SkyHanni] §cExtra Information from Tab list not found! Enable it: SkyBlock Menu ➜ Settings ➜ Personal ➜ User Interface ➜ Player List Info§r§7 (37)§r
21:51:36 §e[SkyHanni] §cExtra Information from Tab list not found! Enable it: SkyBlock Menu ➜ Settings ➜ Personal ➜ User Interface ➜ Player List Info§r§7 (38)§r
21:51:39 §e[SkyHanni] §cExtra Information from Tab list not found! Enable it: SkyBlock Menu ➜ Settings ➜ Personal ➜ User Interface ➜ Player List Info§r§7 (39)§r
21:51:42 §e[SkyHanni] §cExtra Information from Tab list not found! Enable it: SkyBlock Menu ➜ Settings ➜ Personal ➜ User Interface ➜ Player List Info§r§7 (40)§r
21:51:45 §e[SkyHanni] §cExtra Information from Tab list not found! Enable it: SkyBlock Menu ➜ Settings ➜ Personal ➜ User Interface ➜ Player List Info§r§7 (41)§r
21:51:48 §e[SkyHanni] §cExtra Information from Tab list not found! Enable it: SkyBlock Menu ➜ Settings ➜ Personal ➜ User Interface ➜ Player List Info§r§7 (42)§r
21:51:51 §e[SkyHanni] §cExtra Information from Tab list not found! Enable it: SkyBlock Menu ➜ Settings ➜ Personal ➜ User Interface ➜ Player List Info§r§7 (43)§r
21:51:54 §e[SkyHanni] §cExtra Information from Tab list not found! Enable it: SkyBlock Menu ➜ Settings ➜ Personal ➜ User Interface ➜ Player List Info§r§7 (44)§r
21:51:57 §e[SkyHanni] §cExtra Information from Tab list not found! Enable it: SkyBlock Menu ➜ Settings ➜ Personal ➜ User Interface ➜ Player List Info§r§7 (45)§r
21:52:00 §e[SkyHanni] §cExtra Information from Tab list not found! Enable it: SkyBlock Menu ➜ Settings ➜ Personal ➜ User Interface ➜ Player List Info§r§7 (46)§r
21:52:03 §e[SkyHanni] §cExtra Information from Tab list not found! Enable it: SkyBlock Menu ➜ Settings ➜ Personal ➜ User Interface ➜ Player List Info§r§7 (47)§r
21:52:06 §e[SkyHanni] §cExtra Information from Tab list not found! Enable it: SkyBlock Menu ➜ Settings ➜ Personal ➜ User Interface ➜ Player List Info§r§7 (48)§r
21:52:09 §e[SkyHanni] §cExtra Information from Tab list not found! Enable it: SkyBlock Menu ➜ Settings ➜ Personal ➜ User Interface ➜ Player List Info§r§7 (49)§r
21:52:12 §e[SkyHanni] §cExtra Information from Tab list not found! Enable it: SkyBlock Menu ➜ Settings ➜ Personal ➜ User Interface ➜ Player List Info§r§7 (50)§r
21:52:15 §e[SkyHanni] §cExtra Information from Tab list not found! Enable it: SkyBlock Menu ➜ Settings ➜ Personal ➜ User Interface ➜ Player List Info§r§7 (51)§r
21:52:19 §e[SkyHanni] §cExtra Information from Tab list not found! Enable it: SkyBlock Menu ➜ Settings ➜ Personal ➜ User Interface ➜ Player List Info§r§7 (52)§r
21:52:22 §e[SkyHanni] §cExtra Information from Tab list not found! Enable it: SkyBlock Menu ➜ Settings ➜ Personal ➜ User Interface ➜ Player List Info§r§7 (53)§r
21:52:25 §e[SkyHanni] §cExtra Information from Tab list not found! Enable it: SkyBlock Menu ➜ Settings ➜ Personal ➜ User Interface ➜ Player List Info§r§7 (54)§r
21:52:28 §e[SkyHanni] §cExtra Information from Tab list not found! Enable it: SkyBlock Menu ➜ Settings ➜ Personal ➜ User Interface ➜ Player List Info§r§7 (55)§r
21:52:31 §e[SkyHanni] §cExtra Information from Tab list not found! Enable it: SkyBlock Menu ➜ Settings ➜ Personal ➜ User Interface ➜ Player List Info§r§7 (56)§r
21:52:34 §e[SkyHanni] §cExtra Information from Tab list not found! Enable it: SkyBlock Menu ➜ Settings ➜ Personal ➜ User Interface ➜ Player List Info§r§7 (57)§r
21:52:37 §e[SkyHanni] §cExtra Information from Tab list not found! Enable it: SkyBlock Menu ➜ Settings ➜ Personal ➜ User Interface ➜ Player List Info§r§7 (58)§r
21:52:40 §e[SkyHanni] §cExtra Information from Tab list not found! Enable it: SkyBlock Menu ➜ Settings ➜ Personal ➜ User Interface ➜ Player List Info§r§7 (59)§r
21:52:43 §e[SkyHanni] §cExtra Information from Tab list not found! Enable it: SkyBlock Menu ➜ Settings ➜ Personal ➜ User Interface ➜ Player List Info§r§7 (60)§r
21:52:46 §e[SkyHanni] §cExtra Information from Tab list not found! Enable it: SkyBlock Menu ➜ Settings ➜ Personal ➜ User Interface ➜ Player List Info§r§7 (61)§r
21:52:49 §e[SkyHanni] §cExtra Information from Tab list not found! Enable it: SkyBlock Menu ➜ Settings ➜ Personal ➜ User Interface ➜ Player List Info§r§7 (62)§r
21:52:52 §e[SkyHanni] §cExtra Information from Tab list not found! Enable it: SkyBlock Menu ➜ Settings ➜ Personal ➜ User Interface ➜ Player List Info§r§7 (63)§r
21:52:55 §e[SkyHanni] §cExtra Information from Tab list not found! Enable it: SkyBlock Menu ➜ Settings ➜ Personal ➜ User Interface ➜ Player List Info§r§7 (64)§r
21:52:58 §e[SkyHanni] §cExtra Information from Tab list not found! Enable it: SkyBlock Menu ➜ Settings ➜ Personal ➜ User Interface ➜ Player List Info§r§7 (65)§r
21:53:01 §e[SkyHanni] §cExtra Information from Tab list not found! Enable it: SkyBlock Menu ➜ Settings ➜ Personal ➜ User Interface ➜ Player List Info§r§7 (66)§r
21:53:04 §e[SkyHanni] §cExtra Information from Tab list not found! Enable it: SkyBlock Menu ➜ Settings ➜ Personal ➜ User Interface ➜ Player List Info§r§7 (67)§r
21:53:07 §e[SkyHanni] §cExtra Information from Tab list not found! Enable it: SkyBlock Menu ➜ Settings ➜ Personal ➜ User Interface ➜ Player List Info§r§7 (68)§r
21:53:10 §e[SkyHanni] §cExtra Information from Tab list not found! Enable it: SkyBlock Menu ➜ Settings ➜ Personal ➜ User Interface ➜ Player List Info§r§7 (69)§r
21:53:13 §e[SkyHanni] §cExtra Information from Tab list not found! Enable it: SkyBlock Menu ➜ Settings ➜ Personal ➜ User Interface ➜ Player List Info§r§7 (70)§r
21:53:16 §e[SkyHanni] §cExtra Information from Tab list not found! Enable it: SkyBlock Menu ➜ Settings ➜ Personal ➜ User Interface ➜ Player List Info§r§7 (71)§r
21:53:19 §e[SkyHanni] §cExtra Information from Tab list not found! Enable it: SkyBlock Menu ➜ Settings ➜ Personal ➜ User Interface ➜ Player List Info§r§7 (72)§r
21:53:22 §e[SkyHanni] §cExtra Information from Tab list not found! Enable it: SkyBlock Menu ➜ Settings ➜ Personal ➜ User Interface ➜ Player List Info§r§7 (73)§r
21:53:25 §e[SkyHanni] §cExtra Information from Tab list not found! Enable it: SkyBlock Menu ➜ Settings ➜ Personal ➜ User Interface ➜ Player List Info§r§7 (74)§r
21:53:28 §e[SkyHanni] §cExtra Information from Tab list not found! Enable it: SkyBlock Menu ➜ Settings ➜ Personal ➜ User Interface ➜ Player List Info§r§7 (75)§r
21:53:31 §e[SkyHanni] §cExtra Information from Tab list not found! Enable it: SkyBlock Menu ➜ Settings ➜ Personal ➜ User Interface ➜ Player List Info§r§7 (76)§r
21:53:34 §e[SkyHanni] §cExtra Information from Tab list not found! Enable it: SkyBlock Menu ➜ Settings ➜ Personal ➜ User Interface ➜ Player List Info§r§7 (77)§r
21:53:37 §e[SkyHanni] §cExtra Information from Tab list not found! Enable it: SkyBlock Menu ➜ Settings ➜ Personal ➜ User Interface ➜ Player List Info§r§7 (78)§r
21:53:40 §e[SkyHanni] §cExtra Information from Tab list not found! Enable it: SkyBlock Menu ➜ Settings ➜ Personal ➜ User Interface ➜ Player List Info§r§7 (79)§r
21:53:43 §e[SkyHanni] §cExtra Information from Tab list not found! Enable it: SkyBlock Menu ➜ Settings ➜ Personal ➜ User Interface ➜ Player List Info§r§7 (80)§r
21:53:46 §e[SkyHanni] §cExtra Information from Tab list not found! Enable it: SkyBlock Menu ➜ Settings ➜ Personal ➜ User Interface ➜ Player List Info§r§7 (81)§r
21:53:49 §e[SkyHanni] §cExtra Information from Tab list not found! Enable it: SkyBlock Menu ➜ Settings ➜ Personal ➜ User Interface ➜ Player List Info§r§7 (82)§r
