03:58:53 Trying to load config from config\skyhanni\config.json
03:58:53 load-config-now
03:58:54 Loaded config from file
03:58:54 Trying to load sacks from config\skyhanni\sacks.json
03:58:54 load-sacks-now
03:58:54 Loaded sacks from file
03:58:54 Trying to load friends from config\skyhanni\friends.json
03:58:54 load-friends-now
03:58:54 Loaded friends from file
03:58:54 Trying to load known_features from config\skyhanni\known_features.json
03:58:54 load-known_features-now
03:58:54 Loaded known_features from file
03:58:54 Trying to load jacob_contests from config\skyhanni\jacob_contests.json
03:58:54 Setting jacob_contests to be blank as it did not exist. It will be saved once something is written to it
03:58:54 Trying to load visual_words from config\skyhanni\visual_words.json
03:58:54 Setting visual_words to be blank as it did not exist. It will be saved once something is written to it
03:58:54 Trying to load pets from config\skyhanni\pets.json
03:58:54 load-pets-now
03:58:54 Loaded pets from file
03:59:54 saveConfig: auto-save-60s
03:59:54 Saving config file
03:59:54 Saved config file successfully
03:59:54 saveConfig: auto-save-60s
03:59:54 Saving config file
03:59:54 Saved config file successfully
04:00:31 saveConfig: Updated known feature flags
04:00:31 Saving known_features file
04:00:31 Saved known_features file successfully
04:00:31 saveConfig: Updated known feature flags
04:00:31 Saving known_features file
04:00:31 Saved known_features file successfully
04:00:47 saveConfig: saving-data
04:00:47 Saving pets file
04:00:47 Saved pets file successfully
04:00:47 saveConfig: saving-data
04:00:47 Saving pets file
04:00:47 Saved pets file successfully
04:00:54 saveConfig: auto-save-60s
04:00:54 Saving config file
04:00:54 Saved config file successfully
04:00:54 saveConfig: auto-save-60s
04:00:54 Saving config file
04:00:54 Saved config file successfully
04:01:18 saveConfig: saving-data
04:01:18 Saving pets file
04:01:18 Saved pets file successfully
04:01:18 saveConfig: saving-data
04:01:18 Saving pets file
04:01:18 Saved pets file successfully
04:01:54 saveConfig: auto-save-60s
04:01:54 Saving config file
04:01:54 Saved config file successfully
04:01:54 saveConfig: auto-save-60s
04:01:54 Saving config file
04:01:54 Saved config file successfully
04:02:54 saveConfig: auto-save-60s
04:02:54 Saving config file
04:02:54 Saved config file successfully
04:02:54 saveConfig: auto-save-60s
04:02:54 Saving config file
04:02:54 Saved config file successfully
04:03:54 saveConfig: auto-save-60s
04:03:54 Saving config file
04:03:54 Saved config file successfully
04:03:54 saveConfig: auto-save-60s
04:03:54 Saving config file
04:03:54 Saved config file successfully
04:04:54 saveConfig: auto-save-60s
04:04:54 Saving config file
04:04:54 Saved config file successfully
04:04:54 saveConfig: auto-save-60s
04:04:54 Saving config file
04:04:54 Saved config file successfully
04:05:54 saveConfig: auto-save-60s
04:05:54 Saving config file
04:05:54 Saved config file successfully
04:05:54 saveConfig: auto-save-60s
04:05:54 Saving config file
04:05:54 Saved config file successfully
04:06:41 saveConfig: saving-data
04:06:41 Saving pets file
04:06:41 Saved pets file successfully
04:06:41 saveConfig: saving-data
04:06:41 Saving pets file
04:06:41 Saved pets file successfully
04:06:54 saveConfig: auto-save-60s
04:06:54 Saving config file
04:06:54 Saved config file successfully
04:06:54 saveConfig: auto-save-60s
04:06:54 Saving config file
04:06:54 Saved config file successfully
04:07:12 saveConfig: saving-data
04:07:12 Saving pets file
04:07:12 Saved pets file successfully
04:07:12 saveConfig: saving-data
04:07:12 Saving pets file
04:07:12 Saved pets file successfully
04:07:54 saveConfig: auto-save-60s
04:07:54 Saving config file
04:07:54 Saved config file successfully
04:07:54 saveConfig: auto-save-60s
04:07:54 Saving config file
04:07:54 Saved config file successfully
04:08:54 saveConfig: auto-save-60s
04:08:54 Saving config file
04:08:54 Saved config file successfully
04:08:54 saveConfig: auto-save-60s
04:08:54 Saving config file
04:08:54 Saved config file successfully
04:09:54 saveConfig: auto-save-60s
04:09:54 Saving config file
04:09:54 Saved config file successfully
04:09:54 saveConfig: auto-save-60s
04:09:54 Saving config file
04:09:54 Saved config file successfully
04:10:54 saveConfig: auto-save-60s
04:10:54 Saving config file
04:10:54 Saved config file successfully
04:10:54 saveConfig: auto-save-60s
04:10:54 Saving config file
04:10:54 Saved config file successfully
04:11:54 saveConfig: auto-save-60s
04:11:54 Saving config file
04:11:54 Saved config file successfully
04:11:54 saveConfig: auto-save-60s
04:11:54 Saving config file
04:11:54 Saved config file successfully
04:12:54 saveConfig: auto-save-60s
04:12:54 Saving config file
04:12:54 Saved config file successfully
04:12:54 saveConfig: auto-save-60s
04:12:54 Saving config file
04:12:54 Saved config file successfully
04:13:54 saveConfig: auto-save-60s
04:13:54 Saving config file
04:13:54 Saved config file successfully
04:13:54 saveConfig: auto-save-60s
04:13:54 Saving config file
04:13:54 Saved config file successfully
04:14:54 saveConfig: auto-save-60s
04:14:54 Saving config file
04:14:54 Saved config file successfully
04:14:54 saveConfig: auto-save-60s
04:14:54 Saving config file
04:14:54 Saved config file successfully
04:15:21 saveConfig: shutdown-hook
04:15:21 Saving config file
04:15:21 Saved config file successfully
04:15:21 saveConfig: shutdown-hook
04:15:21 Saving config file
