00:17:23 PRIVATE_ISLAND
00:17:27 NONE
00:17:36 DUNGEON_HUB
00:17:54 NONE
00:18:09 DUNGEON_HUB
00:18:29 NONE
00:18:31 DUNGEON_HUB
00:18:35 CATACOMBS
00:24:13 NONE
00:24:13 DUNGEON_HUB
00:24:56 NONE
00:24:56 CATACOMBS
00:31:15 DUNGEON_HUB
00:33:00 NONE
00:33:01 CATACOMBS
00:38:34 NONE
00:38:35 DUNGEON_HUB
00:40:04 NONE
00:40:05 CATACOMBS
00:49:33 NONE
00:49:35 DUNGEON_HUB
00:50:55 NONE
00:50:57 HUB
00:51:29 NONE
00:51:29 DUNGEON_HUB
00:52:46 NONE
00:52:47 PRIVATE_ISLAND_GUEST
00:53:28 PRIVATE_ISLAND
00:53:33 NONE
00:53:33 PRIVATE_ISLAND_GUEST
00:53:51 NONE
00:53:52 PRIVATE_ISLAND
00:53:56 PRIVATE_ISLAND_GUEST
01:08:40 HUB
01:08:47 NONE
01:08:49 HUB
01:29:37 NONE
01:30:39 HUB
01:32:30 DUNGEON_HUB
01:33:38 NONE
01:33:41 CATACOMBS
01:34:06 NONE
01:34:07 DUNGEON_HUB
01:35:20 DUNGEON_HUB
01:35:26 NONE
01:35:27 CATACOMBS
01:46:22 DUNGEON_HUB
01:47:25 CATACOMBS
01:55:55 NONE
01:55:57 DUNGEON_HUB
01:56:05 NONE
01:56:05 CATACOMBS
01:57:23 NONE
01:57:24 DUNGEON_HUB
02:12:34 NONE
02:12:39 CATACOMBS
02:31:16 NONE
02:31:17 DUNGEON_HUB
02:32:13 NONE
02:32:14 HUB
02:40:20 NONE
02:40:20 PRIVATE_ISLAND
02:40:27 NONE
02:40:28 HUB
02:55:19 NONE
02:55:20 DARK_AUCTION
02:59:40 NONE
02:59:42 DUNGEON_HUB
03:01:06 NONE
03:01:06 CATACOMBS
03:06:42 NONE
03:06:56 DUNGEON_HUB
03:07:01 NONE
03:07:01 PRIVATE_ISLAND
03:07:24 NONE
03:07:24 DUNGEON_HUB
03:09:18 PRIVATE_ISLAND
03:09:52 NONE
03:09:52 DUNGEON_HUB
03:10:08 NONE
03:10:08 HUB
03:10:17 NONE
03:10:17 PRIVATE_ISLAND
03:11:52 GARDEN
03:12:07 NONE
03:12:07 PRIVATE_ISLAND
03:12:22 NONE
03:12:24 HUB
03:13:20 NONE
03:13:20 GARDEN
03:15:47 NONE
03:15:51 GARDEN
05:23:14 NONE
05:23:25 PRIVATE_ISLAND
05:24:56 NONE
05:24:56 DUNGEON_HUB
05:25:37 NONE
05:25:39 CATACOMBS
05:37:57 NONE
05:37:58 DUNGEON_HUB
05:38:01 NONE
05:38:01 HUB
05:38:37 NONE
05:38:38 DUNGEON_HUB
05:40:16 NONE
05:40:16 CATACOMBS
05:53:24 NONE
05:53:25 DUNGEON_HUB
05:54:02 NONE
05:54:02 CATACOMBS
06:05:10 NONE
06:05:11 DUNGEON_HUB
06:07:55 NONE
06:07:55 CATACOMBS
06:22:35 NONE
06:22:35 DUNGEON_HUB
06:24:26 NONE
06:24:26 CATACOMBS
06:36:02 NONE
06:36:03 DUNGEON_HUB
06:37:36 NONE
06:37:39 CATACOMBS
06:49:18 DUNGEON_HUB
06:51:08 NONE
06:51:09 CATACOMBS
07:05:25 NONE
07:05:26 DUNGEON_HUB
07:10:11 CATACOMBS
07:36:20 NONE
07:36:21 CATACOMBS
07:53:15 NONE
07:53:16 DUNGEON_HUB
07:56:56 NONE
07:56:57 CATACOMBS
07:57:27 NONE
07:57:29 HUB
07:57:46 NONE
07:57:46 DUNGEON_HUB
07:58:05 NONE
07:58:05 CATACOMBS
08:07:49 NONE
08:07:50 DUNGEON_HUB
08:09:12 NONE
08:09:13 CATACOMBS
08:24:17 NONE
08:24:19 DUNGEON_HUB
08:26:50 CATACOMBS
08:29:50 DUNGEON_HUB
08:30:29 NONE
08:30:29 CATACOMBS
08:49:43 NONE
08:49:44 DUNGEON_HUB
08:50:26 NONE
08:50:28 CATACOMBS
09:04:56 DUNGEON_HUB
09:06:15 NONE
09:06:16 CATACOMBS
09:18:34 NONE
09:18:34 DUNGEON_HUB
