05:38:50 [STASH_COMPACT] §f                §7You have §31,785 §7materials stashed away!
05:38:50 [STASH_COMPACT] §f               §8(This totals 1 type of material stashed!)
05:38:50 [STASH_COMPACT] §f                §3§l>>> §3§lCLICK HERE§b to pick them up! §3§l<<<
05:38:50 [STASH_COMPACT]   
05:39:50 [STASH_COMPACT] §f                §7You have §31,785 §7materials stashed away!
05:39:50 [STASH_COMPACT] §f               §8(This totals 1 type of material stashed!)
05:39:50 [STASH_COMPACT] §f                §3§l>>> §3§lCLICK HERE§b to pick them up! §3§l<<<
05:39:50 [STASH_COMPACT]   
05:40:51 [STASH_COMPACT] §f                §7You have §31,785 §7materials stashed away!
05:40:51 [STASH_COMPACT] §f               §8(This totals 1 type of material stashed!)
05:40:51 [STASH_COMPACT] §f                §3§l>>> §3§lCLICK HERE§b to pick them up! §3§l<<<
05:40:51 [STASH_COMPACT]   
05:41:49 [STASH_COMPACT] §f                §7You have §31,785 §7materials stashed away!
05:41:49 [STASH_COMPACT] §f               §8(This totals 1 type of material stashed!)
05:41:49 [STASH_COMPACT] §f                §3§l>>> §3§lCLICK HERE§b to pick them up! §3§l<<<
05:41:49 [STASH_COMPACT]   
05:43:10 [STASH_COMPACT] §f                §7You have §31,785 §7materials stashed away!
05:43:10 [STASH_COMPACT] §f               §8(This totals 1 type of material stashed!)
05:43:10 [STASH_COMPACT] §f                §3§l>>> §3§lCLICK HERE§b to pick them up! §3§l<<<
05:43:10 [STASH_COMPACT]   
05:44:10 [STASH_COMPACT] §f                §7You have §31,785 §7materials stashed away!
05:44:10 [STASH_COMPACT] §f               §8(This totals 1 type of material stashed!)
05:44:10 [STASH_COMPACT] §f                §3§l>>> §3§lCLICK HERE§b to pick them up! §3§l<<<
05:44:10 [STASH_COMPACT]   
05:45:10 [STASH_COMPACT] §f                §7You have §31,785 §7materials stashed away!
05:45:10 [STASH_COMPACT] §f               §8(This totals 1 type of material stashed!)
05:45:10 [STASH_COMPACT] §f                §3§l>>> §3§lCLICK HERE§b to pick them up! §3§l<<<
05:45:10 [STASH_COMPACT]   
05:46:11 [STASH_COMPACT] §f                §7You have §31,785 §7materials stashed away!
05:46:11 [STASH_COMPACT] §f               §8(This totals 1 type of material stashed!)
05:46:11 [STASH_COMPACT] §f                §3§l>>> §3§lCLICK HERE§b to pick them up! §3§l<<<
05:46:11 [STASH_COMPACT]   
05:47:11 [STASH_COMPACT] §f                §7You have §31,785 §7materials stashed away!
05:47:11 [STASH_COMPACT] §f               §8(This totals 1 type of material stashed!)
05:47:11 [STASH_COMPACT] §f                §3§l>>> §3§lCLICK HERE§b to pick them up! §3§l<<<
05:47:11 [STASH_COMPACT]   
05:47:42 [STASH_COMPACT] §f                §7You have §31,785 §7materials stashed away!
05:47:42 [STASH_COMPACT] §f               §8(This totals 1 type of material stashed!)
05:47:42 [STASH_COMPACT] §f                §3§l>>> §3§lCLICK HERE§b to pick them up! §3§l<<<
05:47:42 [STASH_COMPACT]   
05:47:45 [COMPACT_POTION_EFFECT] §a§lBUFF! §fYou have gained §r§4Regeneration IV§r§f! Press TAB or type /effects to view your active effects!
05:47:45 [COMPACT_POTION_EFFECT] §a§lBUFF! §fYou have gained §r§4Strength V§r§f! Press TAB or type /effects to view your active effects!
05:47:45 [COMPACT_POTION_EFFECT] §a§lBUFF! §fYou have gained §r§4Critical III§r§f! Press TAB or type /effects to view your active effects!
05:47:45 [COMPACT_POTION_EFFECT] §a§lBUFF! §fYou have gained §r§9Speed III§r§f! Press TAB or type /effects to view your active effects!
05:47:45 [COMPACT_POTION_EFFECT] §a§lBUFF! §fYou have gained §r§aResistance V§r§f! Press TAB or type /effects to view your active effects!
05:47:45 [COMPACT_POTION_EFFECT] §a§lBUFF! §fYou have gained §r§bArchery III§r§f! Press TAB or type /effects to view your active effects!
05:48:01 [BESTIARY] §f                                  §6§lBESTIARY
05:48:01 [BESTIARY] §f                      §b§lZombie Knight §7§8XVII §8➡§b §bXVIII
05:48:01 [BESTIARY] 
05:48:01 [BESTIARY] §f                                  §r§6§lREWARDS
05:48:01 [BESTIARY] §f                      §r§8+§r§a5 Zombie Knight §r§b✯ Magic Find
05:48:01 [BESTIARY] §f                      §r§8+§r§a5 Zombie Knight §r§c❁ Strength
05:48:01 [BESTIARY] §f                          §r§8+§r§62% §r§aZombie Knight §r§7coins
05:48:01 [BESTIARY] §f                    §r§8+§r§a50% §r§7chance for extra XP orbs
05:48:01 [BESTIARY] §f                               §r§8+§r§b1 SkyBlock XP
05:48:01 [BESTIARY] 
05:48:01 [BESTIARY] §3§l▬▬▬▬▬▬▬▬▬▬▬▬▬▬▬▬▬▬▬▬▬▬▬▬▬▬▬▬▬▬▬▬▬▬▬▬▬▬▬▬▬▬▬▬▬▬▬▬▬▬▬▬▬▬▬▬▬▬▬▬▬▬▬▬
05:48:43 [STASH_COMPACT] §f                §7You have §31,785 §7materials stashed away!
05:48:43 [STASH_COMPACT] §f               §8(This totals 1 type of material stashed!)
05:48:43 [STASH_COMPACT] §f                §3§l>>> §3§lCLICK HERE§b to pick them up! §3§l<<<
05:48:43 [STASH_COMPACT]   
05:49:44 [STASH_COMPACT] §f                §7You have §31,785 §7materials stashed away!
05:49:44 [STASH_COMPACT] §f               §8(This totals 1 type of material stashed!)
05:49:44 [STASH_COMPACT] §f                §3§l>>> §3§lCLICK HERE§b to pick them up! §3§l<<<
05:49:44 [STASH_COMPACT]   
05:50:45 [STASH_COMPACT] §f                §7You have §31,785 §7materials stashed away!
05:50:45 [STASH_COMPACT] §f               §8(This totals 1 type of material stashed!)
05:50:45 [STASH_COMPACT] §f                §3§l>>> §3§lCLICK HERE§b to pick them up! §3§l<<<
05:50:45 [STASH_COMPACT]   
05:52:34 [STASH_COMPACT] §f                §7You have §31,785 §7materials stashed away!
05:52:34 [STASH_COMPACT] §f               §8(This totals 1 type of material stashed!)
05:52:34 [STASH_COMPACT] §f                §3§l>>> §3§lCLICK HERE§b to pick them up! §3§l<<<
05:52:34 [STASH_COMPACT]   
05:53:35 [STASH_COMPACT] §f                §7You have §31,785 §7materials stashed away!
05:53:35 [STASH_COMPACT] §f               §8(This totals 1 type of material stashed!)
05:53:35 [STASH_COMPACT] §f                §3§l>>> §3§lCLICK HERE§b to pick them up! §3§l<<<
05:53:35 [STASH_COMPACT]   
05:54:36 [STASH_COMPACT] §f                §7You have §31,785 §7materials stashed away!
05:54:36 [STASH_COMPACT] §f               §8(This totals 1 type of material stashed!)
05:54:36 [STASH_COMPACT] §f                §3§l>>> §3§lCLICK HERE§b to pick them up! §3§l<<<
05:54:36 [STASH_COMPACT]   
05:55:37 [STASH_COMPACT] §f                §7You have §31,785 §7materials stashed away!
05:55:37 [STASH_COMPACT] §f               §8(This totals 1 type of material stashed!)
05:55:37 [STASH_COMPACT] §f                §3§l>>> §3§lCLICK HERE§b to pick them up! §3§l<<<
05:55:37 [STASH_COMPACT]   
05:56:37 [STASH_COMPACT] §f                §7You have §31,785 §7materials stashed away!
05:56:37 [STASH_COMPACT] §f               §8(This totals 1 type of material stashed!)
05:56:37 [STASH_COMPACT] §f                §3§l>>> §3§lCLICK HERE§b to pick them up! §3§l<<<
05:56:37 [STASH_COMPACT]   
05:57:38 [STASH_COMPACT] §f                §7You have §31,785 §7materials stashed away!
05:57:38 [STASH_COMPACT] §f               §8(This totals 1 type of material stashed!)
05:57:38 [STASH_COMPACT] §f                §3§l>>> §3§lCLICK HERE§b to pick them up! §3§l<<<
05:57:38 [STASH_COMPACT]   
05:58:38 [STASH_COMPACT] §f                §7You have §31,785 §7materials stashed away!
05:58:38 [STASH_COMPACT] §f               §8(This totals 1 type of material stashed!)
05:58:38 [STASH_COMPACT] §f                §3§l>>> §3§lCLICK HERE§b to pick them up! §3§l<<<
05:58:38 [STASH_COMPACT]   
05:59:13 [STASH_COMPACT] §f                §7You have §31,785 §7materials stashed away!
05:59:13 [STASH_COMPACT] §f               §8(This totals 1 type of material stashed!)
05:59:13 [STASH_COMPACT] §f                §3§l>>> §3§lCLICK HERE§b to pick them up! §3§l<<<
05:59:13 [STASH_COMPACT]   
05:59:15 [COMPACT_POTION_EFFECT] §a§lBUFF! §fYou have gained §r§4Regeneration IV§r§f! Press TAB or type /effects to view your active effects!
05:59:15 [COMPACT_POTION_EFFECT] §a§lBUFF! §fYou have gained §r§4Strength V§r§f! Press TAB or type /effects to view your active effects!
05:59:15 [COMPACT_POTION_EFFECT] §a§lBUFF! §fYou have gained §r§4Critical III§r§f! Press TAB or type /effects to view your active effects!
05:59:15 [COMPACT_POTION_EFFECT] §a§lBUFF! §fYou have gained §r§9Speed III§r§f! Press TAB or type /effects to view your active effects!
05:59:15 [COMPACT_POTION_EFFECT] §a§lBUFF! §fYou have gained §r§aResistance V§r§f! Press TAB or type /effects to view your active effects!
05:59:15 [COMPACT_POTION_EFFECT] §a§lBUFF! §fYou have gained §r§bArchery III§r§f! Press TAB or type /effects to view your active effects!
06:00:13 [STASH_COMPACT] §f                §7You have §31,785 §7materials stashed away!
06:00:13 [STASH_COMPACT] §f               §8(This totals 1 type of material stashed!)
06:00:13 [STASH_COMPACT] §f                §3§l>>> §3§lCLICK HERE§b to pick them up! §3§l<<<
06:00:13 [STASH_COMPACT]   
06:01:13 [STASH_COMPACT] §f                §7You have §31,785 §7materials stashed away!
06:01:13 [STASH_COMPACT] §f               §8(This totals 1 type of material stashed!)
06:01:13 [STASH_COMPACT] §f                §3§l>>> §3§lCLICK HERE§b to pick them up! §3§l<<<
06:01:13 [STASH_COMPACT]   
06:02:13 [STASH_COMPACT] §f                §7You have §31,785 §7materials stashed away!
06:02:14 [STASH_COMPACT] §f               §8(This totals 1 type of material stashed!)
06:02:14 [STASH_COMPACT] §f                §3§l>>> §3§lCLICK HERE§b to pick them up! §3§l<<<
06:02:14 [STASH_COMPACT]   
06:03:05 [STASH_COMPACT] §f                §7You have §31,785 §7materials stashed away!
06:03:05 [STASH_COMPACT] §f               §8(This totals 1 type of material stashed!)
06:03:05 [STASH_COMPACT] §f                §3§l>>> §3§lCLICK HERE§b to pick them up! §3§l<<<
06:03:05 [STASH_COMPACT]   
06:04:06 [STASH_COMPACT] §f                §7You have §31,785 §7materials stashed away!
06:04:06 [STASH_COMPACT] §f               §8(This totals 1 type of material stashed!)
06:04:06 [STASH_COMPACT] §f                §3§l>>> §3§lCLICK HERE§b to pick them up! §3§l<<<
06:04:06 [STASH_COMPACT]   
06:04:21 [STASH_COMPACT] §f                §7You have §31,785 §7materials stashed away!
06:04:21 [STASH_COMPACT] §f               §8(This totals 1 type of material stashed!)
06:04:21 [STASH_COMPACT] §f                §3§l>>> §3§lCLICK HERE§b to pick them up! §3§l<<<
06:04:21 [STASH_COMPACT]   
06:04:29 [COMPACT_POTION_EFFECT] §a§lBUFF! §fYou have gained §r§4Regeneration IV§r§f! Press TAB or type /effects to view your active effects!
06:04:29 [COMPACT_POTION_EFFECT] §a§lBUFF! §fYou have gained §r§4Strength V§r§f! Press TAB or type /effects to view your active effects!
06:04:29 [COMPACT_POTION_EFFECT] §a§lBUFF! §fYou have gained §r§4Critical III§r§f! Press TAB or type /effects to view your active effects!
06:04:29 [COMPACT_POTION_EFFECT] §a§lBUFF! §fYou have gained §r§9Speed III§r§f! Press TAB or type /effects to view your active effects!
06:04:29 [COMPACT_POTION_EFFECT] §a§lBUFF! §fYou have gained §r§aResistance V§r§f! Press TAB or type /effects to view your active effects!
06:04:29 [COMPACT_POTION_EFFECT] §a§lBUFF! §fYou have gained §r§bArchery III§r§f! Press TAB or type /effects to view your active effects!
06:05:22 [STASH_COMPACT] §f                §7You have §31,785 §7materials stashed away!
06:05:22 [STASH_COMPACT] §f               §8(This totals 1 type of material stashed!)
06:05:22 [STASH_COMPACT] §f                §3§l>>> §3§lCLICK HERE§b to pick them up! §3§l<<<
06:05:22 [STASH_COMPACT]   
06:05:38 [BESTIARY] §f                                  §6§lBESTIARY
06:05:38 [BESTIARY] §f                    §b§lSuper Tank Zombie §7§8XV §8➡§b §bXVI
06:05:38 [BESTIARY] 
06:05:38 [BESTIARY] §f                                  §r§6§lREWARDS
06:05:38 [BESTIARY] §f                  §r§8+§r§a5 Super Tank Zombie §r§b✯ Magic Find
06:05:38 [BESTIARY] §f                   §r§8+§r§a5 Super Tank Zombie §r§c❁ Strength
06:05:38 [BESTIARY] §f                      §r§8+§r§62% §r§aSuper Tank Zombie §r§7coins
06:05:38 [BESTIARY] §f                    §r§8+§r§a50% §r§7chance for extra XP orbs
06:05:38 [BESTIARY] §f                               §r§8+§r§b1 SkyBlock XP
06:05:38 [BESTIARY] 
06:05:38 [BESTIARY] §3§l▬▬▬▬▬▬▬▬▬▬▬▬▬▬▬▬▬▬▬▬▬▬▬▬▬▬▬▬▬▬▬▬▬▬▬▬▬▬▬▬▬▬▬▬▬▬▬▬▬▬▬▬▬▬▬▬▬▬▬▬▬▬▬▬
06:05:38 [BESTIARY] §f                                  §6§lBESTIARY
06:05:38 [BESTIARY] §f                           §b§lZombie Lord §7§8X §8➡§b §bXI
06:05:38 [BESTIARY] 
06:05:38 [BESTIARY] §f                                  §r§6§lREWARDS
06:05:38 [BESTIARY] §f                      §r§8+§r§a4 Zombie Lord §r§b✯ Magic Find
06:05:38 [BESTIARY] §f                       §r§8+§r§a4 Zombie Lord §r§c❁ Strength
06:05:38 [BESTIARY] §f                          §r§8+§r§62% §r§aZombie Lord §r§7coins
06:05:38 [BESTIARY] §f                    §r§8+§r§a50% §r§7chance for extra XP orbs
06:05:38 [BESTIARY] §f                               §r§8+§r§b1 SkyBlock XP
06:05:38 [BESTIARY] 
06:05:38 [BESTIARY] §3§l▬▬▬▬▬▬▬▬▬▬▬▬▬▬▬▬▬▬▬▬▬▬▬▬▬▬▬▬▬▬▬▬▬▬▬▬▬▬▬▬▬▬▬▬▬▬▬▬▬▬▬▬▬▬▬▬▬▬▬▬▬▬▬▬
06:06:07 [BESTIARY] §f                                  §6§lBESTIARY
06:06:07 [BESTIARY] §f                     §b§lSkeleton Master §7§8XVI §8➡§b §bXVII
06:06:07 [BESTIARY] 
06:06:07 [BESTIARY] §f                                  §r§6§lREWARDS
06:06:07 [BESTIARY] §f                    §r§8+§r§a5 Skeleton Master §r§b✯ Magic Find
06:06:07 [BESTIARY] §f                     §r§8+§r§a5 Skeleton Master §r§c❁ Strength
06:06:07 [BESTIARY] §f                        §r§8+§r§62% §r§aSkeleton Master §r§7coins
06:06:07 [BESTIARY] §f                    §r§8+§r§a50% §r§7chance for extra XP orbs
06:06:07 [BESTIARY] §f                               §r§8+§r§b1 SkyBlock XP
06:06:07 [BESTIARY] 
06:06:07 [BESTIARY] §3§l▬▬▬▬▬▬▬▬▬▬▬▬▬▬▬▬▬▬▬▬▬▬▬▬▬▬▬▬▬▬▬▬▬▬▬▬▬▬▬▬▬▬▬▬▬▬▬▬▬▬▬▬▬▬▬▬▬▬▬▬▬▬▬▬
06:06:22 [STASH_COMPACT] §f                §7You have §31,785 §7materials stashed away!
06:06:22 [STASH_COMPACT] §f               §8(This totals 1 type of material stashed!)
06:06:22 [STASH_COMPACT] §f                §3§l>>> §3§lCLICK HERE§b to pick them up! §3§l<<<
06:06:22 [STASH_COMPACT]   
06:07:22 [STASH_COMPACT] §f                §7You have §31,785 §7materials stashed away!
06:07:22 [STASH_COMPACT] §f               §8(This totals 1 type of material stashed!)
06:07:22 [STASH_COMPACT] §f                §3§l>>> §3§lCLICK HERE§b to pick them up! §3§l<<<
06:07:22 [STASH_COMPACT]   
06:08:23 [STASH_COMPACT] §f                §7You have §31,785 §7materials stashed away!
06:08:23 [STASH_COMPACT] §f               §8(This totals 1 type of material stashed!)
06:08:23 [STASH_COMPACT] §f                §3§l>>> §3§lCLICK HERE§b to pick them up! §3§l<<<
06:08:23 [STASH_COMPACT]   
06:08:51 [STASH_COMPACT] §f                §7You have §31,785 §7materials stashed away!
06:08:51 [STASH_COMPACT] §f               §8(This totals 1 type of material stashed!)
06:08:51 [STASH_COMPACT] §f                §3§l>>> §3§lCLICK HERE§b to pick them up! §3§l<<<
06:08:51 [STASH_COMPACT]   
06:09:51 [STASH_COMPACT] §f                §7You have §31,785 §7materials stashed away!
06:09:51 [STASH_COMPACT] §f               §8(This totals 1 type of material stashed!)
06:09:51 [STASH_COMPACT] §f                §3§l>>> §3§lCLICK HERE§b to pick them up! §3§l<<<
06:09:51 [STASH_COMPACT]   
06:10:51 [STASH_COMPACT] §f                §7You have §31,785 §7materials stashed away!
06:10:51 [STASH_COMPACT] §f               §8(This totals 1 type of material stashed!)
06:10:51 [STASH_COMPACT] §f                §3§l>>> §3§lCLICK HERE§b to pick them up! §3§l<<<
06:10:51 [STASH_COMPACT]   
06:11:52 [STASH_COMPACT] §f                §7You have §31,785 §7materials stashed away!
06:11:52 [STASH_COMPACT] §f               §8(This totals 1 type of material stashed!)
06:11:52 [STASH_COMPACT] §f                §3§l>>> §3§lCLICK HERE§b to pick them up! §3§l<<<
06:11:52 [STASH_COMPACT]   
06:12:53 [STASH_COMPACT] §f                §7You have §31,785 §7materials stashed away!
06:12:53 [STASH_COMPACT] §f               §8(This totals 1 type of material stashed!)
06:12:53 [STASH_COMPACT] §f                §3§l>>> §3§lCLICK HERE§b to pick them up! §3§l<<<
06:12:53 [STASH_COMPACT]   
06:13:53 [STASH_COMPACT] §f                §7You have §31,785 §7materials stashed away!
06:13:53 [STASH_COMPACT] §f               §8(This totals 1 type of material stashed!)
06:13:53 [STASH_COMPACT] §f                §3§l>>> §3§lCLICK HERE§b to pick them up! §3§l<<<
06:13:53 [STASH_COMPACT]   
06:14:53 [STASH_COMPACT] §f                §7You have §31,785 §7materials stashed away!
06:14:53 [STASH_COMPACT] §f               §8(This totals 1 type of material stashed!)
06:14:53 [STASH_COMPACT] §f                §3§l>>> §3§lCLICK HERE§b to pick them up! §3§l<<<
06:14:53 [STASH_COMPACT]   
06:15:53 [STASH_COMPACT] §f                §7You have §31,785 §7materials stashed away!
06:15:53 [STASH_COMPACT] §f               §8(This totals 1 type of material stashed!)
06:15:53 [STASH_COMPACT] §f                §3§l>>> §3§lCLICK HERE§b to pick them up! §3§l<<<
06:15:53 [STASH_COMPACT]   
06:16:10 [STASH_COMPACT] §f                §7You have §31,785 §7materials stashed away!
06:16:10 [STASH_COMPACT] §f               §8(This totals 1 type of material stashed!)
06:16:10 [STASH_COMPACT] §f                §3§l>>> §3§lCLICK HERE§b to pick them up! §3§l<<<
06:16:10 [STASH_COMPACT]   
06:17:10 [STASH_COMPACT] §f                §7You have §31,785 §7materials stashed away!
06:17:10 [STASH_COMPACT] §f               §8(This totals 1 type of material stashed!)
06:17:10 [STASH_COMPACT] §f                §3§l>>> §3§lCLICK HERE§b to pick them up! §3§l<<<
06:17:10 [STASH_COMPACT]   
06:17:42 [BESTIARY] §f                                  §6§lBESTIARY
06:17:42 [BESTIARY] §f                    §b§lUndead Skeleton §7§8XVIII §8➡§b §bXIX
06:17:42 [BESTIARY] 
06:17:42 [BESTIARY] §f                                  §r§6§lREWARDS
06:17:42 [BESTIARY] §f                    §r§8+§r§a5 Undead Skeleton §r§b✯ Magic Find
06:17:42 [BESTIARY] §f                    §r§8+§r§a5 Undead Skeleton §r§c❁ Strength
06:17:42 [BESTIARY] §f                        §r§8+§r§62% §r§aUndead Skeleton §r§7coins
06:17:42 [BESTIARY] §f                    §r§8+§r§a50% §r§7chance for extra XP orbs
06:17:42 [BESTIARY] §f                               §r§8+§r§b1 SkyBlock XP
06:17:42 [BESTIARY] 
06:17:42 [BESTIARY] §3§l▬▬▬▬▬▬▬▬▬▬▬▬▬▬▬▬▬▬▬▬▬▬▬▬▬▬▬▬▬▬▬▬▬▬▬▬▬▬▬▬▬▬▬▬▬▬▬▬▬▬▬▬▬▬▬▬▬▬▬▬▬▬▬▬
06:17:44 [BESTIARY] §f                                  §6§lBESTIARY
06:17:44 [BESTIARY] §f                        §b§lSuper Archer §7§8XV §8➡§b §bXVI
06:17:44 [BESTIARY] 
06:17:44 [BESTIARY] §f                                  §r§6§lREWARDS
06:17:44 [BESTIARY] §f                     §r§8+§r§a5 Super Archer §r§b✯ Magic Find
06:17:44 [BESTIARY] §f                      §r§8+§r§a5 Super Archer §r§c❁ Strength
06:17:44 [BESTIARY] §f                         §r§8+§r§62% §r§aSuper Archer §r§7coins
06:17:44 [BESTIARY] §f                    §r§8+§r§a50% §r§7chance for extra XP orbs
06:17:44 [BESTIARY] §f                               §r§8+§r§b1 SkyBlock XP
06:17:44 [BESTIARY] 
06:17:44 [BESTIARY]   §r§f                         §6§lBESTIARY MILESTONE
06:17:44 [BESTIARY]   §r§f                                 §8LXXIX➡§eLXXX
06:17:44 [BESTIARY] 
06:17:44 [BESTIARY] §3§l▬▬▬▬▬▬▬▬▬▬▬▬▬▬▬▬▬▬▬▬▬▬▬▬▬▬▬▬▬▬▬▬▬▬▬▬▬▬▬▬▬▬▬▬▬▬▬▬▬▬▬▬▬▬▬▬▬▬▬▬▬▬▬▬
06:18:11 [STASH_COMPACT] §f                §7You have §31,785 §7materials stashed away!
06:18:11 [STASH_COMPACT] §f               §8(This totals 1 type of material stashed!)
06:18:11 [STASH_COMPACT] §f                §3§l>>> §3§lCLICK HERE§b to pick them up! §3§l<<<
06:18:11 [STASH_COMPACT]   
06:19:11 [STASH_COMPACT] §f                §7You have §31,785 §7materials stashed away!
06:19:11 [STASH_COMPACT] §f               §8(This totals 1 type of material stashed!)
06:19:11 [STASH_COMPACT] §f                §3§l>>> §3§lCLICK HERE§b to pick them up! §3§l<<<
06:19:11 [STASH_COMPACT]   
06:20:44 [STASH_COMPACT] §f                §7You have §31,785 §7materials stashed away!
06:20:44 [STASH_COMPACT] §f               §8(This totals 1 type of material stashed!)
06:20:44 [STASH_COMPACT] §f                §3§l>>> §3§lCLICK HERE§b to pick them up! §3§l<<<
06:20:44 [STASH_COMPACT]   
06:22:07 [STASH_COMPACT] §f                §7You have §31,785 §7materials stashed away!
06:22:07 [STASH_COMPACT] §f               §8(This totals 1 type of material stashed!)
06:22:07 [STASH_COMPACT] §f                §3§l>>> §3§lCLICK HERE§b to pick them up! §3§l<<<
06:22:07 [STASH_COMPACT]   
06:23:07 [STASH_COMPACT] §f                §7You have §31,785 §7materials stashed away!
06:23:07 [STASH_COMPACT] §f               §8(This totals 1 type of material stashed!)
06:23:07 [STASH_COMPACT] §f                §3§l>>> §3§lCLICK HERE§b to pick them up! §3§l<<<
06:23:07 [STASH_COMPACT]   
06:24:11 [STASH_COMPACT] §f                §7You have §31,785 §7materials stashed away!
06:24:11 [STASH_COMPACT] §f               §8(This totals 1 type of material stashed!)
06:24:11 [STASH_COMPACT] §f                §3§l>>> §3§lCLICK HERE§b to pick them up! §3§l<<<
06:24:11 [STASH_COMPACT]   
06:24:15 [STASH_COMPACT] §f                §7You have §31,785 §7materials stashed away!
06:24:15 [STASH_COMPACT] §f               §8(This totals 1 type of material stashed!)
06:24:15 [STASH_COMPACT] §f                §3§l>>> §3§lCLICK HERE§b to pick them up! §3§l<<<
06:24:15 [STASH_COMPACT]   
06:24:16 [COMPACT_POTION_EFFECT] §a§lBUFF! §fYou have gained §r§4Regeneration IV§r§f! Press TAB or type /effects to view your active effects!
06:24:16 [COMPACT_POTION_EFFECT] §a§lBUFF! §fYou have gained §r§4Strength V§r§f! Press TAB or type /effects to view your active effects!
06:24:16 [COMPACT_POTION_EFFECT] §a§lBUFF! §fYou have gained §r§4Critical III§r§f! Press TAB or type /effects to view your active effects!
06:24:16 [COMPACT_POTION_EFFECT] §a§lBUFF! §fYou have gained §r§9Speed III§r§f! Press TAB or type /effects to view your active effects!
06:24:16 [COMPACT_POTION_EFFECT] §a§lBUFF! §fYou have gained §r§aResistance V§r§f! Press TAB or type /effects to view your active effects!
06:24:16 [COMPACT_POTION_EFFECT] §a§lBUFF! §fYou have gained §r§bArchery III§r§f! Press TAB or type /effects to view your active effects!
06:24:26 [STASH_COMPACT] §f                §7You have §31,785 §7materials stashed away!
06:24:26 [STASH_COMPACT] §f               §8(This totals 1 type of material stashed!)
06:24:26 [STASH_COMPACT] §f                §3§l>>> §3§lCLICK HERE§b to pick them up! §3§l<<<
06:24:26 [STASH_COMPACT]   
06:25:37 [STASH_COMPACT] §f                §7You have §31,785 §7materials stashed away!
06:25:37 [STASH_COMPACT] §f               §8(This totals 1 type of material stashed!)
06:25:37 [STASH_COMPACT] §f                §3§l>>> §3§lCLICK HERE§b to pick them up! §3§l<<<
06:25:37 [STASH_COMPACT]   
06:25:38 [COMPACT_POTION_EFFECT] §a§lBUFF! §fYou have gained §r§4Regeneration IV§r§f! Press TAB or type /effects to view your active effects!
06:25:38 [COMPACT_POTION_EFFECT] §a§lBUFF! §fYou have gained §r§4Strength V§r§f! Press TAB or type /effects to view your active effects!
06:25:38 [COMPACT_POTION_EFFECT] §a§lBUFF! §fYou have gained §r§4Critical III§r§f! Press TAB or type /effects to view your active effects!
06:25:38 [COMPACT_POTION_EFFECT] §a§lBUFF! §fYou have gained §r§9Speed III§r§f! Press TAB or type /effects to view your active effects!
06:25:38 [COMPACT_POTION_EFFECT] §a§lBUFF! §fYou have gained §r§aResistance V§r§f! Press TAB or type /effects to view your active effects!
06:25:38 [COMPACT_POTION_EFFECT] §a§lBUFF! §fYou have gained §r§bArchery III§r§f! Press TAB or type /effects to view your active effects!
06:26:39 [STASH_COMPACT] §f                §7You have §31,785 §7materials stashed away!
06:26:39 [STASH_COMPACT] §f               §8(This totals 1 type of material stashed!)
06:26:39 [STASH_COMPACT] §f                §3§l>>> §3§lCLICK HERE§b to pick them up! §3§l<<<
06:26:39 [STASH_COMPACT]   
06:27:41 [STASH_COMPACT] §f                §7You have §31,785 §7materials stashed away!
06:27:41 [STASH_COMPACT] §f               §8(This totals 1 type of material stashed!)
06:27:41 [STASH_COMPACT] §f                §3§l>>> §3§lCLICK HERE§b to pick them up! §3§l<<<
06:27:41 [STASH_COMPACT]   
06:28:41 [STASH_COMPACT] §f                §7You have §31,785 §7materials stashed away!
06:28:41 [STASH_COMPACT] §f               §8(This totals 1 type of material stashed!)
06:28:41 [STASH_COMPACT] §f                §3§l>>> §3§lCLICK HERE§b to pick them up! §3§l<<<
06:28:41 [STASH_COMPACT]   
06:29:41 [STASH_COMPACT] §f                §7You have §31,785 §7materials stashed away!
06:29:41 [STASH_COMPACT] §f               §8(This totals 1 type of material stashed!)
06:29:41 [STASH_COMPACT] §f                §3§l>>> §3§lCLICK HERE§b to pick them up! §3§l<<<
06:29:41 [STASH_COMPACT]   
06:30:41 [STASH_COMPACT] §f                §7You have §31,785 §7materials stashed away!
06:30:41 [STASH_COMPACT] §f               §8(This totals 1 type of material stashed!)
06:30:41 [STASH_COMPACT] §f                §3§l>>> §3§lCLICK HERE§b to pick them up! §3§l<<<
06:30:41 [STASH_COMPACT]   
06:31:47 [STASH_COMPACT] §f                §7You have §31,785 §7materials stashed away!
06:31:47 [STASH_COMPACT] §f               §8(This totals 1 type of material stashed!)
06:31:47 [STASH_COMPACT] §f                §3§l>>> §3§lCLICK HERE§b to pick them up! §3§l<<<
06:31:47 [STASH_COMPACT]   
06:31:59 [STASH_COMPACT] §f                §7You have §31,785 §7materials stashed away!
06:31:59 [STASH_COMPACT] §f               §8(This totals 1 type of material stashed!)
06:31:59 [STASH_COMPACT] §f                §3§l>>> §3§lCLICK HERE§b to pick them up! §3§l<<<
06:31:59 [STASH_COMPACT]   
06:32:45 [STASH_COMPACT] §f                §7You have §31,785 §7materials stashed away!
06:32:45 [STASH_COMPACT] §f               §8(This totals 1 type of material stashed!)
06:32:45 [STASH_COMPACT] §f                §3§l>>> §3§lCLICK HERE§b to pick them up! §3§l<<<
06:32:45 [STASH_COMPACT]   
06:33:46 [STASH_COMPACT] §f                §7You have §31,785 §7materials stashed away!
06:33:46 [STASH_COMPACT] §f               §8(This totals 1 type of material stashed!)
06:33:46 [STASH_COMPACT] §f                §3§l>>> §3§lCLICK HERE§b to pick them up! §3§l<<<
06:33:46 [STASH_COMPACT]   
06:34:46 [STASH_COMPACT] §f                §7You have §31,785 §7materials stashed away!
06:34:46 [STASH_COMPACT] §f               §8(This totals 1 type of material stashed!)
06:34:46 [STASH_COMPACT] §f                §3§l>>> §3§lCLICK HERE§b to pick them up! §3§l<<<
06:34:46 [STASH_COMPACT]   
06:35:46 [STASH_COMPACT] §f                §7You have §31,785 §7materials stashed away!
06:35:46 [STASH_COMPACT] §f               §8(This totals 1 type of material stashed!)
06:35:46 [STASH_COMPACT] §f                §3§l>>> §3§lCLICK HERE§b to pick them up! §3§l<<<
06:35:46 [STASH_COMPACT]   
06:36:29 [STASH_COMPACT] §f                §7You have §31,785 §7materials stashed away!
06:36:29 [STASH_COMPACT] §f               §8(This totals 1 type of material stashed!)
06:36:29 [STASH_COMPACT] §f                §3§l>>> §3§lCLICK HERE§b to pick them up! §3§l<<<
06:36:29 [STASH_COMPACT]   
06:37:30 [STASH_COMPACT] §f                §7You have §31,785 §7materials stashed away!
06:37:30 [STASH_COMPACT] §f               §8(This totals 1 type of material stashed!)
06:37:30 [STASH_COMPACT] §f                §3§l>>> §3§lCLICK HERE§b to pick them up! §3§l<<<
06:37:30 [STASH_COMPACT]   
06:37:36 [STASH_COMPACT] §f                §7You have §31,785 §7materials stashed away!
06:37:36 [STASH_COMPACT] §f               §8(This totals 1 type of material stashed!)
06:37:36 [STASH_COMPACT] §f                §3§l>>> §3§lCLICK HERE§b to pick them up! §3§l<<<
06:37:36 [STASH_COMPACT]   
06:37:37 [COMPACT_POTION_EFFECT] §a§lBUFF! §fYou have gained §r§4Regeneration IV§r§f! Press TAB or type /effects to view your active effects!
06:37:37 [COMPACT_POTION_EFFECT] §a§lBUFF! §fYou have gained §r§4Strength V§r§f! Press TAB or type /effects to view your active effects!
06:37:37 [COMPACT_POTION_EFFECT] §a§lBUFF! §fYou have gained §r§4Critical III§r§f! Press TAB or type /effects to view your active effects!
06:37:37 [COMPACT_POTION_EFFECT] §a§lBUFF! §fYou have gained §r§9Speed III§r§f! Press TAB or type /effects to view your active effects!
06:37:37 [COMPACT_POTION_EFFECT] §a§lBUFF! §fYou have gained §r§aResistance V§r§f! Press TAB or type /effects to view your active effects!
06:37:37 [COMPACT_POTION_EFFECT] §a§lBUFF! §fYou have gained §r§bArchery III§r§f! Press TAB or type /effects to view your active effects!
06:38:02 [BESTIARY] §f                                  §6§lBESTIARY
06:38:02 [BESTIARY] §f                               §b§lFels §7§8XIX §8➡§b §bXX
06:38:02 [BESTIARY] 
06:38:02 [BESTIARY] §f                                  §r§6§lREWARDS
06:38:02 [BESTIARY] §f                           §r§8+§r§a5 Fels §r§b✯ Magic Find
06:38:02 [BESTIARY] §f                            §r§8+§r§a5 Fels §r§c❁ Strength
06:38:02 [BESTIARY] §f                               §r§8+§r§62% §r§aFels §r§7coins
06:38:02 [BESTIARY] §f                    §r§8+§r§a50% §r§7chance for extra XP orbs
06:38:02 [BESTIARY] §f                               §r§8+§r§b1 SkyBlock XP
06:38:02 [BESTIARY] 
06:38:02 [BESTIARY] §3§l▬▬▬▬▬▬▬▬▬▬▬▬▬▬▬▬▬▬▬▬▬▬▬▬▬▬▬▬▬▬▬▬▬▬▬▬▬▬▬▬▬▬▬▬▬▬▬▬▬▬▬▬▬▬▬▬▬▬▬▬▬▬▬▬
06:38:37 [STASH_COMPACT] §f                §7You have §31,785 §7materials stashed away!
06:38:37 [STASH_COMPACT] §f               §8(This totals 1 type of material stashed!)
06:38:37 [STASH_COMPACT] §f                §3§l>>> §3§lCLICK HERE§b to pick them up! §3§l<<<
06:38:37 [STASH_COMPACT]   
06:39:38 [STASH_COMPACT] §f                §7You have §31,785 §7materials stashed away!
06:39:38 [STASH_COMPACT] §f               §8(This totals 1 type of material stashed!)
06:39:38 [STASH_COMPACT] §f                §3§l>>> §3§lCLICK HERE§b to pick them up! §3§l<<<
06:39:38 [STASH_COMPACT]   
06:40:38 [STASH_COMPACT] §f                §7You have §31,785 §7materials stashed away!
06:40:38 [STASH_COMPACT] §f               §8(This totals 1 type of material stashed!)
06:40:38 [STASH_COMPACT] §f                §3§l>>> §3§lCLICK HERE§b to pick them up! §3§l<<<
06:40:38 [STASH_COMPACT]   
06:41:39 [STASH_COMPACT] §f                §7You have §31,785 §7materials stashed away!
06:41:39 [STASH_COMPACT] §f               §8(This totals 1 type of material stashed!)
06:41:39 [STASH_COMPACT] §f                §3§l>>> §3§lCLICK HERE§b to pick them up! §3§l<<<
06:41:39 [STASH_COMPACT]   
06:43:03 [STASH_COMPACT] §f                §7You have §31,785 §7materials stashed away!
06:43:03 [STASH_COMPACT] §f               §8(This totals 1 type of material stashed!)
06:43:03 [STASH_COMPACT] §f                §3§l>>> §3§lCLICK HERE§b to pick them up! §3§l<<<
06:43:03 [STASH_COMPACT]   
06:44:03 [STASH_COMPACT] §f                §7You have §31,785 §7materials stashed away!
06:44:03 [STASH_COMPACT] §f               §8(This totals 1 type of material stashed!)
06:44:03 [STASH_COMPACT] §f                §3§l>>> §3§lCLICK HERE§b to pick them up! §3§l<<<
06:44:03 [STASH_COMPACT]   
06:44:14 [STASH_COMPACT] §f                §7You have §31,785 §7materials stashed away!
06:44:14 [STASH_COMPACT] §f               §8(This totals 1 type of material stashed!)
06:44:14 [STASH_COMPACT] §f                §3§l>>> §3§lCLICK HERE§b to pick them up! §3§l<<<
06:44:14 [STASH_COMPACT]   
06:44:19 [COMPACT_POTION_EFFECT] §a§lBUFF! §fYou have gained §r§4Regeneration IV§r§f! Press TAB or type /effects to view your active effects!
06:44:19 [COMPACT_POTION_EFFECT] §a§lBUFF! §fYou have gained §r§4Strength V§r§f! Press TAB or type /effects to view your active effects!
06:44:19 [COMPACT_POTION_EFFECT] §a§lBUFF! §fYou have gained §r§4Critical III§r§f! Press TAB or type /effects to view your active effects!
06:44:19 [COMPACT_POTION_EFFECT] §a§lBUFF! §fYou have gained §r§9Speed III§r§f! Press TAB or type /effects to view your active effects!
06:44:19 [COMPACT_POTION_EFFECT] §a§lBUFF! §fYou have gained §r§aResistance V§r§f! Press TAB or type /effects to view your active effects!
06:44:19 [COMPACT_POTION_EFFECT] §a§lBUFF! §fYou have gained §r§bArchery III§r§f! Press TAB or type /effects to view your active effects!
06:45:15 [STASH_COMPACT] §f                §7You have §31,785 §7materials stashed away!
06:45:15 [STASH_COMPACT] §f               §8(This totals 1 type of material stashed!)
06:45:15 [STASH_COMPACT] §f                §3§l>>> §3§lCLICK HERE§b to pick them up! §3§l<<<
06:45:15 [STASH_COMPACT]   
06:46:15 [STASH_COMPACT] §f                §7You have §31,785 §7materials stashed away!
06:46:15 [STASH_COMPACT] §f               §8(This totals 1 type of material stashed!)
06:46:15 [STASH_COMPACT] §f                §3§l>>> §3§lCLICK HERE§b to pick them up! §3§l<<<
06:46:15 [STASH_COMPACT]   
06:47:15 [STASH_COMPACT] §f                §7You have §31,785 §7materials stashed away!
06:47:15 [STASH_COMPACT] §f               §8(This totals 1 type of material stashed!)
06:47:15 [STASH_COMPACT] §f                §3§l>>> §3§lCLICK HERE§b to pick them up! §3§l<<<
06:47:15 [STASH_COMPACT]   
06:48:15 [STASH_COMPACT] §f                §7You have §31,785 §7materials stashed away!
06:48:15 [STASH_COMPACT] §f               §8(This totals 1 type of material stashed!)
06:48:15 [STASH_COMPACT] §f                §3§l>>> §3§lCLICK HERE§b to pick them up! §3§l<<<
06:48:15 [STASH_COMPACT]   
06:49:15 [STASH_COMPACT] §f                §7You have §31,785 §7materials stashed away!
06:49:15 [STASH_COMPACT] §f               §8(This totals 1 type of material stashed!)
06:49:15 [STASH_COMPACT] §f                §3§l>>> §3§lCLICK HERE§b to pick them up! §3§l<<<
06:49:15 [STASH_COMPACT]   
06:50:15 [STASH_COMPACT] §f                §7You have §31,785 §7materials stashed away!
06:50:15 [STASH_COMPACT] §f               §8(This totals 1 type of material stashed!)
06:50:15 [STASH_COMPACT] §f                §3§l>>> §3§lCLICK HERE§b to pick them up! §3§l<<<
06:50:15 [STASH_COMPACT]   
06:51:14 [STASH_COMPACT] §f                §7You have §31,785 §7materials stashed away!
06:51:14 [STASH_COMPACT] §f               §8(This totals 1 type of material stashed!)
06:51:14 [STASH_COMPACT] §f                §3§l>>> §3§lCLICK HERE§b to pick them up! §3§l<<<
06:51:14 [STASH_COMPACT]   
06:51:53 [STASH_COMPACT] §f                §7You have §31,785 §7materials stashed away!
06:51:53 [STASH_COMPACT] §f               §8(This totals 1 type of material stashed!)
06:51:53 [STASH_COMPACT] §f                §3§l>>> §3§lCLICK HERE§b to pick them up! §3§l<<<
06:51:53 [STASH_COMPACT]   
06:52:54 [STASH_COMPACT] §f                §7You have §31,785 §7materials stashed away!
06:52:54 [STASH_COMPACT] §f               §8(This totals 1 type of material stashed!)
06:52:54 [STASH_COMPACT] §f                §3§l>>> §3§lCLICK HERE§b to pick them up! §3§l<<<
06:52:54 [STASH_COMPACT]   
06:52:54 [BESTIARY] §f                                  §6§lBESTIARY
06:52:54 [BESTIARY] §f                      §b§lCrypt Souleater §7§8XV §8➡§b §bXVI
06:52:54 [BESTIARY] 
06:52:54 [BESTIARY] §f                                  §r§6§lREWARDS
06:52:54 [BESTIARY] §f                    §r§8+§r§a5 Crypt Souleater §r§b✯ Magic Find
06:52:54 [BESTIARY] §f                     §r§8+§r§a5 Crypt Souleater §r§c❁ Strength
06:52:54 [BESTIARY] §f                        §r§8+§r§62% §r§aCrypt Souleater §r§7coins
06:52:54 [BESTIARY] §f                    §r§8+§r§a50% §r§7chance for extra XP orbs
06:52:54 [BESTIARY] §f                               §r§8+§r§b1 SkyBlock XP
06:52:54 [BESTIARY] 
06:52:54 [BESTIARY] §3§l▬▬▬▬▬▬▬▬▬▬▬▬▬▬▬▬▬▬▬▬▬▬▬▬▬▬▬▬▬▬▬▬▬▬▬▬▬▬▬▬▬▬▬▬▬▬▬▬▬▬▬▬▬▬▬▬▬▬▬▬▬▬▬▬
06:53:54 [STASH_COMPACT] §f                §7You have §31,785 §7materials stashed away!
06:53:54 [STASH_COMPACT] §f               §8(This totals 1 type of material stashed!)
06:53:54 [STASH_COMPACT] §f                §3§l>>> §3§lCLICK HERE§b to pick them up! §3§l<<<
06:53:54 [STASH_COMPACT]   
06:54:55 [STASH_COMPACT] §f                §7You have §31,785 §7materials stashed away!
06:54:55 [STASH_COMPACT] §f               §8(This totals 1 type of material stashed!)
06:54:55 [STASH_COMPACT] §f                §3§l>>> §3§lCLICK HERE§b to pick them up! §3§l<<<
06:54:55 [STASH_COMPACT]   
06:55:55 [STASH_COMPACT] §f                §7You have §31,785 §7materials stashed away!
06:55:55 [STASH_COMPACT] §f               §8(This totals 1 type of material stashed!)
06:55:55 [STASH_COMPACT] §f                §3§l>>> §3§lCLICK HERE§b to pick them up! §3§l<<<
06:55:55 [STASH_COMPACT]   
06:56:55 [STASH_COMPACT] §f                §7You have §31,785 §7materials stashed away!
06:56:55 [STASH_COMPACT] §f               §8(This totals 1 type of material stashed!)
06:56:55 [STASH_COMPACT] §f                §3§l>>> §3§lCLICK HERE§b to pick them up! §3§l<<<
06:56:55 [STASH_COMPACT]   
06:57:56 [STASH_COMPACT] §f                §7You have §31,785 §7materials stashed away!
06:57:56 [STASH_COMPACT] §f               §8(This totals 1 type of material stashed!)
06:57:56 [STASH_COMPACT] §f                §3§l>>> §3§lCLICK HERE§b to pick them up! §3§l<<<
06:57:56 [STASH_COMPACT]   
06:58:56 [STASH_COMPACT] §f                §7You have §31,785 §7materials stashed away!
06:58:56 [STASH_COMPACT] §f               §8(This totals 1 type of material stashed!)
06:58:56 [STASH_COMPACT] §f                §3§l>>> §3§lCLICK HERE§b to pick them up! §3§l<<<
06:58:56 [STASH_COMPACT]   
06:59:56 [STASH_COMPACT] §f                §7You have §31,785 §7materials stashed away!
06:59:56 [STASH_COMPACT] §f               §8(This totals 1 type of material stashed!)
06:59:56 [STASH_COMPACT] §f                §3§l>>> §3§lCLICK HERE§b to pick them up! §3§l<<<
06:59:56 [STASH_COMPACT]   
07:00:27 [STASH_COMPACT] §f                §7You have §31,785 §7materials stashed away!
07:00:27 [STASH_COMPACT] §f               §8(This totals 1 type of material stashed!)
07:00:27 [STASH_COMPACT] §f                §3§l>>> §3§lCLICK HERE§b to pick them up! §3§l<<<
07:00:27 [STASH_COMPACT]   
07:01:27 [STASH_COMPACT] §f                §7You have §31,785 §7materials stashed away!
07:01:27 [STASH_COMPACT] §f               §8(This totals 1 type of material stashed!)
07:01:27 [STASH_COMPACT] §f                §3§l>>> §3§lCLICK HERE§b to pick them up! §3§l<<<
07:01:27 [STASH_COMPACT]   
07:02:27 [STASH_COMPACT] §f                §7You have §31,785 §7materials stashed away!
07:02:27 [STASH_COMPACT] §f               §8(This totals 1 type of material stashed!)
07:02:27 [STASH_COMPACT] §f                §3§l>>> §3§lCLICK HERE§b to pick them up! §3§l<<<
07:02:27 [STASH_COMPACT]   
07:03:28 [STASH_COMPACT] §f                §7You have §31,785 §7materials stashed away!
07:03:28 [STASH_COMPACT] §f               §8(This totals 1 type of material stashed!)
07:03:28 [STASH_COMPACT] §f                §3§l>>> §3§lCLICK HERE§b to pick them up! §3§l<<<
07:03:28 [STASH_COMPACT]   
07:04:28 [STASH_COMPACT] §f                §7You have §31,785 §7materials stashed away!
07:04:28 [STASH_COMPACT] §f               §8(This totals 1 type of material stashed!)
07:04:28 [STASH_COMPACT] §f                §3§l>>> §3§lCLICK HERE§b to pick them up! §3§l<<<
07:04:28 [STASH_COMPACT]   
07:04:37 [STASH_COMPACT] §f                §7You have §31,785 §7materials stashed away!
07:04:37 [STASH_COMPACT] §f               §8(This totals 1 type of material stashed!)
07:04:37 [STASH_COMPACT] §f                §3§l>>> §3§lCLICK HERE§b to pick them up! §3§l<<<
07:04:37 [STASH_COMPACT]   
12:26:05 [STASH_COMPACT] §f                §7You have §31,785 §7materials stashed away!
12:26:05 [STASH_COMPACT] §f               §8(This totals 1 type of material stashed!)
12:26:05 [STASH_COMPACT] §f                §3§l>>> §3§lCLICK HERE§b to pick them up! §3§l<<<
12:26:05 [STASH_COMPACT]   
12:27:05 [STASH_COMPACT] §f                §7You have §31,785 §7materials stashed away!
12:27:05 [STASH_COMPACT] §f               §8(This totals 1 type of material stashed!)
12:27:05 [STASH_COMPACT] §f                §3§l>>> §3§lCLICK HERE§b to pick them up! §3§l<<<
12:27:05 [STASH_COMPACT]   
