05:38:26 §e[SkyHanni] Reloaded 7531 items in the NEU repo§r
05:38:38 §e[SkyHanni] Looks like you updated SkyHanni.§r
05:38:38 §e[SkyHanni] Click here to configure the newly introduced options, or run /shdefaultoptions 3.0.0 4.0.0.§r
05:38:38 §e[SkyHanni] Click here to see the changelog.§r
05:38:50 §e[SkyHanni] §bYou have §31.7k §bmaterials in stash, §btotalling §31 type§b. §bClick to §3pickup §byour stash!§r
05:41:41 §e[SkyHanni] §fYou were in Limbo for §e3s§f! §d§lPERSONAL BEST§r§f!§r
05:41:49 §e[SkyHanni] §bYou have §31.7k §bmaterials in stash, §btotalling §31 type§b. §bClick to §3pickup §byour stash!§r
05:43:10 §e[SkyHanni] §bYou have §31.7k §bmaterials in stash, §btotalling §31 type§b. §bClick to §3pickup §byour stash!§r
05:47:42 §e[SkyHanni] §bYou have §31.7k §bmaterials in stash, §btotalling §31 type§b. §bClick to §3pickup §byour stash!§r
05:47:45 §a§lPotion Effect! §r§4Regeneration IV§r
05:47:45 §a§lPotion Effect! §r§4Strength V§r
05:47:45 §a§lPotion Effect! §r§4Critical III§r
05:47:45 §a§lPotion Effect! §r§9Speed III§r
05:47:45 §a§lPotion Effect! §r§aResistance V§r
05:47:45 §a§lPotion Effect! §r§bArchery III§r
05:48:01 §6§lBESTIARY §r§b§lZombie Knight §7§8XVII §8➡§b §bXVIII§r
05:52:34 §e[SkyHanni] §bYou have §31.7k §bmaterials in stash, §btotalling §31 type§b. §bClick to §3pickup §byour stash!§r
05:59:13 §e[SkyHanni] §bYou have §31.7k §bmaterials in stash, §btotalling §31 type§b. §bClick to §3pickup §byour stash!§r
05:59:15 §a§lPotion Effect! §r§4Regeneration IV§r
05:59:15 §a§lPotion Effect! §r§4Strength V§r
05:59:15 §a§lPotion Effect! §r§4Critical III§r
05:59:15 §a§lPotion Effect! §r§9Speed III§r
05:59:15 §a§lPotion Effect! §r§aResistance V§r
05:59:15 §a§lPotion Effect! §r§bArchery III§r
06:03:05 §e[SkyHanni] §bYou have §31.7k §bmaterials in stash, §btotalling §31 type§b. §bClick to §3pickup §byour stash!§r
06:04:21 §e[SkyHanni] §bYou have §31.7k §bmaterials in stash, §btotalling §31 type§b. §bClick to §3pickup §byour stash!§r
06:04:29 §a§lPotion Effect! §r§4Regeneration IV§r
06:04:29 §a§lPotion Effect! §r§4Strength V§r
06:04:29 §a§lPotion Effect! §r§4Critical III§r
06:04:29 §a§lPotion Effect! §r§9Speed III§r
06:04:29 §a§lPotion Effect! §r§aResistance V§r
06:04:29 §a§lPotion Effect! §r§bArchery III§r
06:05:38 §6§lBESTIARY §r§b§lSuper Tank Zombie §7§8XV §8➡§b §bXVI§r
06:05:38 §6§lBESTIARY §r§b§lZombie Lord §7§8X §8➡§b §bXI§r
06:06:07 §6§lBESTIARY §r§b§lSkeleton Master §7§8XVI §8➡§b §bXVII§r
06:08:51 §e[SkyHanni] §bYou have §31.7k §bmaterials in stash, §btotalling §31 type§b. §bClick to §3pickup §byour stash!§r
06:16:10 §e[SkyHanni] §bYou have §31.7k §bmaterials in stash, §btotalling §31 type§b. §bClick to §3pickup §byour stash!§r
06:17:42 §6§lBESTIARY §r§b§lUndead Skeleton §7§8XVIII §8➡§b §bXIX§r
06:17:44 §6§lBESTIARY §r§b§lSuper Archer §7§8XV §8➡§b §bXVI§r
06:18:09 §e[SkyHanni] §bNo Bits Available! §eClick to buy booster cookies on the bazaar.§r
06:18:09 §e[SkyHanni] You have gained §b6,401 §eBits.§r
06:20:44 §e[SkyHanni] §bYou have §31.7k §bmaterials in stash, §btotalling §31 type§b. §bClick to §3pickup §byour stash!§r
06:22:07 §e[SkyHanni] §bYou have §31.7k §bmaterials in stash, §btotalling §31 type§b. §bClick to §3pickup §byour stash!§r
06:24:11 §e[SkyHanni] §bYou have §31.7k §bmaterials in stash, §btotalling §31 type§b. §bClick to §3pickup §byour stash!§r
06:24:15 §e[SkyHanni] §bYou have §31.7k §bmaterials in stash, §btotalling §31 type§b. §bClick to §3pickup §byour stash!§r
06:24:16 §a§lPotion Effect! §r§4Regeneration IV§r
06:24:16 §a§lPotion Effect! §r§4Strength V§r
06:24:16 §a§lPotion Effect! §r§4Critical III§r
06:24:16 §a§lPotion Effect! §r§9Speed III§r
06:24:16 §a§lPotion Effect! §r§aResistance V§r
06:24:16 §a§lPotion Effect! §r§bArchery III§r
06:24:26 §e[SkyHanni] §bYou have §31.7k §bmaterials in stash, §btotalling §31 type§b. §bClick to §3pickup §byour stash!§r
06:25:37 §e[SkyHanni] §bYou have §31.7k §bmaterials in stash, §btotalling §31 type§b. §bClick to §3pickup §byour stash!§r
06:25:38 §a§lPotion Effect! §r§4Regeneration IV§r
06:25:38 §a§lPotion Effect! §r§4Strength V§r
06:25:38 §a§lPotion Effect! §r§4Critical III§r
06:25:38 §a§lPotion Effect! §r§9Speed III§r
06:25:38 §a§lPotion Effect! §r§aResistance V§r
06:25:38 §a§lPotion Effect! §r§bArchery III§r
06:31:47 §e[SkyHanni] §bYou have §31.7k §bmaterials in stash, §btotalling §31 type§b. §bClick to §3pickup §byour stash!§r
06:31:59 §e[SkyHanni] §bYou have §31.7k §bmaterials in stash, §btotalling §31 type§b. §bClick to §3pickup §byour stash!§r
06:32:45 §e[SkyHanni] §bYou have §31.7k §bmaterials in stash, §btotalling §31 type§b. §bClick to §3pickup §byour stash!§r
06:36:29 §e[SkyHanni] §bYou have §31.7k §bmaterials in stash, §btotalling §31 type§b. §bClick to §3pickup §byour stash!§r
06:37:36 §e[SkyHanni] §bYou have §31.7k §bmaterials in stash, §btotalling §31 type§b. §bClick to §3pickup §byour stash!§r
06:37:37 §a§lPotion Effect! §r§4Regeneration IV§r
06:37:37 §a§lPotion Effect! §r§4Strength V§r
06:37:37 §a§lPotion Effect! §r§4Critical III§r
06:37:37 §a§lPotion Effect! §r§9Speed III§r
06:37:37 §a§lPotion Effect! §r§aResistance V§r
06:37:37 §a§lPotion Effect! §r§bArchery III§r
06:38:02 §6§lBESTIARY §r§b§lFels §7§8XIX §8➡§b §bXX§r
06:43:03 §e[SkyHanni] §bYou have §31.7k §bmaterials in stash, §btotalling §31 type§b. §bClick to §3pickup §byour stash!§r
06:44:14 §e[SkyHanni] §bYou have §31.7k §bmaterials in stash, §btotalling §31 type§b. §bClick to §3pickup §byour stash!§r
06:44:19 §a§lPotion Effect! §r§4Regeneration IV§r
06:44:19 §a§lPotion Effect! §r§4Strength V§r
06:44:19 §a§lPotion Effect! §r§4Critical III§r
06:44:19 §a§lPotion Effect! §r§9Speed III§r
06:44:19 §a§lPotion Effect! §r§aResistance V§r
06:44:19 §a§lPotion Effect! §r§bArchery III§r
06:51:14 §e[SkyHanni] §bYou have §31.7k §bmaterials in stash, §btotalling §31 type§b. §bClick to §3pickup §byour stash!§r
06:51:53 §e[SkyHanni] §bYou have §31.7k §bmaterials in stash, §btotalling §31 type§b. §bClick to §3pickup §byour stash!§r
06:52:54 §6§lBESTIARY §r§b§lCrypt Souleater §7§8XV §8➡§b §bXVI§r
07:00:27 §e[SkyHanni] §bYou have §31.7k §bmaterials in stash, §btotalling §31 type§b. §bClick to §3pickup §byour stash!§r
07:04:37 §e[SkyHanni] §bYou have §31.7k §bmaterials in stash, §btotalling §31 type§b. §bClick to §3pickup §byour stash!§r
12:26:05 §e[SkyHanni] §bYou have §31.7k §bmaterials in stash, §btotalling §31 type§b. §bClick to §3pickup §byour stash!§r
