03:59:36 [STASH_COMPACT] §f                     §7You have §a2 §7items stashed away!
03:59:36 [STASH_COMPACT] §f                §6§l>>> §6§lCLICK HERE§e to pick them up! §6§l<<<
03:59:36 [STASH_COMPACT]   
03:59:36 [STASH_COMPACT] §f               §7You have §321,947 §7materials stashed away!
03:59:36 [STASH_COMPACT] §f              §8(This totals 5 types of materials stashed!)
03:59:36 [STASH_COMPACT] §f                §3§l>>> §3§lCLICK HERE§b to pick them up! §3§l<<<
03:59:36 [STASH_COMPACT]   
04:00:07 [STASH_COMPACT] §f                     §7You have §a2 §7items stashed away!
04:00:07 [STASH_COMPACT] §f                §6§l>>> §6§lCLICK HERE§e to pick them up! §6§l<<<
04:00:07 [STASH_COMPACT]   
04:00:07 [STASH_COMPACT] §f               §7You have §321,947 §7materials stashed away!
04:00:07 [STASH_COMPACT] §f              §8(This totals 5 types of materials stashed!)
04:00:07 [STASH_COMPACT] §f                §3§l>>> §3§lCLICK HERE§b to pick them up! §3§l<<<
04:00:07 [STASH_COMPACT]   
04:01:07 [STASH_COMPACT] §f                     §7You have §a2 §7items stashed away!
04:01:07 [STASH_COMPACT] §f                §6§l>>> §6§lCLICK HERE§e to pick them up! §6§l<<<
04:01:07 [STASH_COMPACT]   
04:01:07 [STASH_COMPACT] §f               §7You have §321,947 §7materials stashed away!
04:01:07 [STASH_COMPACT] §f              §8(This totals 5 types of materials stashed!)
04:01:07 [STASH_COMPACT] §f                §3§l>>> §3§lCLICK HERE§b to pick them up! §3§l<<<
04:01:07 [STASH_COMPACT]   
04:02:07 [STASH_COMPACT] §f                     §7You have §a2 §7items stashed away!
04:02:07 [STASH_COMPACT] §f                §6§l>>> §6§lCLICK HERE§e to pick them up! §6§l<<<
04:02:07 [STASH_COMPACT]   
04:02:07 [STASH_COMPACT] §f               §7You have §321,947 §7materials stashed away!
04:02:07 [STASH_COMPACT] §f              §8(This totals 5 types of materials stashed!)
04:02:07 [STASH_COMPACT] §f                §3§l>>> §3§lCLICK HERE§b to pick them up! §3§l<<<
04:02:07 [STASH_COMPACT]   
04:03:34 [STASH_COMPACT] §f                     §7You have §a2 §7items stashed away!
04:03:34 [STASH_COMPACT] §f                §6§l>>> §6§lCLICK HERE§e to pick them up! §6§l<<<
04:03:34 [STASH_COMPACT]   
04:03:34 [STASH_COMPACT] §f               §7You have §321,947 §7materials stashed away!
04:03:34 [STASH_COMPACT] §f              §8(This totals 5 types of materials stashed!)
04:03:34 [STASH_COMPACT] §f                §3§l>>> §3§lCLICK HERE§b to pick them up! §3§l<<<
04:03:34 [STASH_COMPACT]   
04:04:17 [STASH_COMPACT] §f                     §7You have §a2 §7items stashed away!
04:04:17 [STASH_COMPACT] §f                §6§l>>> §6§lCLICK HERE§e to pick them up! §6§l<<<
04:04:17 [STASH_COMPACT]   
04:04:17 [STASH_COMPACT] §f               §7You have §321,947 §7materials stashed away!
04:04:17 [STASH_COMPACT] §f              §8(This totals 5 types of materials stashed!)
04:04:17 [STASH_COMPACT] §f                §3§l>>> §3§lCLICK HERE§b to pick them up! §3§l<<<
04:04:17 [STASH_COMPACT]   
04:05:41 [STASH_COMPACT] §f                     §7You have §a2 §7items stashed away!
04:05:41 [STASH_COMPACT] §f                §6§l>>> §6§lCLICK HERE§e to pick them up! §6§l<<<
04:05:41 [STASH_COMPACT]   
04:05:41 [STASH_COMPACT] §f                §7You have §31,877 §7materials stashed away!
04:05:41 [STASH_COMPACT] §f              §8(This totals 4 types of materials stashed!)
04:05:41 [STASH_COMPACT] §f                §3§l>>> §3§lCLICK HERE§b to pick them up! §3§l<<<
04:05:41 [STASH_COMPACT]   
04:06:41 [STASH_COMPACT] §f                     §7You have §a2 §7items stashed away!
04:06:41 [STASH_COMPACT] §f                §6§l>>> §6§lCLICK HERE§e to pick them up! §6§l<<<
04:06:41 [STASH_COMPACT]   
04:06:41 [STASH_COMPACT] §f                §7You have §31,877 §7materials stashed away!
04:06:41 [STASH_COMPACT] §f              §8(This totals 4 types of materials stashed!)
04:06:41 [STASH_COMPACT] §f                §3§l>>> §3§lCLICK HERE§b to pick them up! §3§l<<<
04:06:41 [STASH_COMPACT]   
04:07:41 [STASH_COMPACT] §f                     §7You have §a2 §7items stashed away!
04:07:41 [STASH_COMPACT] §f                §6§l>>> §6§lCLICK HERE§e to pick them up! §6§l<<<
04:07:41 [STASH_COMPACT]   
04:07:41 [STASH_COMPACT] §f                §7You have §31,877 §7materials stashed away!
04:07:41 [STASH_COMPACT] §f              §8(This totals 4 types of materials stashed!)
04:07:41 [STASH_COMPACT] §f                §3§l>>> §3§lCLICK HERE§b to pick them up! §3§l<<<
04:07:41 [STASH_COMPACT]   
04:08:42 [STASH_COMPACT] §f                     §7You have §a2 §7items stashed away!
04:08:42 [STASH_COMPACT] §f                §6§l>>> §6§lCLICK HERE§e to pick them up! §6§l<<<
04:08:42 [STASH_COMPACT]   
04:08:42 [STASH_COMPACT] §f                §7You have §31,877 §7materials stashed away!
04:08:42 [STASH_COMPACT] §f              §8(This totals 4 types of materials stashed!)
04:08:42 [STASH_COMPACT] §f                §3§l>>> §3§lCLICK HERE§b to pick them up! §3§l<<<
04:08:42 [STASH_COMPACT]   
04:09:42 [STASH_COMPACT] §f                     §7You have §a2 §7items stashed away!
04:09:42 [STASH_COMPACT] §f                §6§l>>> §6§lCLICK HERE§e to pick them up! §6§l<<<
04:09:42 [STASH_COMPACT]   
04:09:42 [STASH_COMPACT] §f                §7You have §31,877 §7materials stashed away!
04:09:42 [STASH_COMPACT] §f              §8(This totals 4 types of materials stashed!)
04:09:42 [STASH_COMPACT] §f                §3§l>>> §3§lCLICK HERE§b to pick them up! §3§l<<<
04:09:42 [STASH_COMPACT]   
04:10:42 [STASH_COMPACT] §f                     §7You have §a2 §7items stashed away!
04:10:42 [STASH_COMPACT] §f                §6§l>>> §6§lCLICK HERE§e to pick them up! §6§l<<<
04:10:42 [STASH_COMPACT]   
04:10:42 [STASH_COMPACT] §f                §7You have §31,877 §7materials stashed away!
04:10:42 [STASH_COMPACT] §f              §8(This totals 4 types of materials stashed!)
04:10:42 [STASH_COMPACT] §f                §3§l>>> §3§lCLICK HERE§b to pick them up! §3§l<<<
04:10:42 [STASH_COMPACT]   
04:11:43 [STASH_COMPACT] §f                     §7You have §a2 §7items stashed away!
04:11:43 [STASH_COMPACT] §f                §6§l>>> §6§lCLICK HERE§e to pick them up! §6§l<<<
04:11:43 [STASH_COMPACT]   
04:11:43 [STASH_COMPACT] §f                §7You have §31,877 §7materials stashed away!
04:11:43 [STASH_COMPACT] §f              §8(This totals 4 types of materials stashed!)
04:11:43 [STASH_COMPACT] §f                §3§l>>> §3§lCLICK HERE§b to pick them up! §3§l<<<
04:11:43 [STASH_COMPACT]   
04:12:43 [STASH_COMPACT] §f                     §7You have §a2 §7items stashed away!
04:12:43 [STASH_COMPACT] §f                §6§l>>> §6§lCLICK HERE§e to pick them up! §6§l<<<
04:12:43 [STASH_COMPACT]   
04:12:43 [STASH_COMPACT] §f                §7You have §31,877 §7materials stashed away!
04:12:43 [STASH_COMPACT] §f              §8(This totals 4 types of materials stashed!)
04:12:43 [STASH_COMPACT] §f                §3§l>>> §3§lCLICK HERE§b to pick them up! §3§l<<<
04:12:43 [STASH_COMPACT]   
04:13:43 [STASH_COMPACT] §f                     §7You have §a2 §7items stashed away!
04:13:43 [STASH_COMPACT] §f                §6§l>>> §6§lCLICK HERE§e to pick them up! §6§l<<<
04:13:43 [STASH_COMPACT]   
04:13:43 [STASH_COMPACT] §f                §7You have §31,877 §7materials stashed away!
04:13:43 [STASH_COMPACT] §f              §8(This totals 4 types of materials stashed!)
04:13:43 [STASH_COMPACT] §f                §3§l>>> §3§lCLICK HERE§b to pick them up! §3§l<<<
04:13:43 [STASH_COMPACT]   
04:14:42 [STASH_COMPACT] §f                     §7You have §a2 §7items stashed away!
04:14:42 [STASH_COMPACT] §f                §6§l>>> §6§lCLICK HERE§e to pick them up! §6§l<<<
04:14:42 [STASH_COMPACT]   
04:14:42 [STASH_COMPACT] §f                §7You have §31,877 §7materials stashed away!
04:14:42 [STASH_COMPACT] §f              §8(This totals 4 types of materials stashed!)
04:14:42 [STASH_COMPACT] §f                §3§l>>> §3§lCLICK HERE§b to pick them up! §3§l<<<
04:14:42 [STASH_COMPACT]   
04:15:42 [STASH_COMPACT] §f                     §7You have §a2 §7items stashed away!
04:15:42 [STASH_COMPACT] §f                §6§l>>> §6§lCLICK HERE§e to pick them up! §6§l<<<
04:15:42 [STASH_COMPACT]   
04:15:42 [STASH_COMPACT] §f                §7You have §31,877 §7materials stashed away!
04:15:42 [STASH_COMPACT] §f              §8(This totals 4 types of materials stashed!)
04:15:42 [STASH_COMPACT] §f                §3§l>>> §3§lCLICK HERE§b to pick them up! §3§l<<<
04:15:42 [STASH_COMPACT]   
04:16:16 [STASH_COMPACT] §f                     §7You have §a2 §7items stashed away!
04:16:16 [STASH_COMPACT] §f                §6§l>>> §6§lCLICK HERE§e to pick them up! §6§l<<<
04:16:16 [STASH_COMPACT]   
04:16:16 [STASH_COMPACT] §f                §7You have §31,877 §7materials stashed away!
04:16:16 [STASH_COMPACT] §f              §8(This totals 4 types of materials stashed!)
04:16:16 [STASH_COMPACT] §f                §3§l>>> §3§lCLICK HERE§b to pick them up! §3§l<<<
04:16:16 [STASH_COMPACT]   
04:17:16 [STASH_COMPACT] §f                     §7You have §a2 §7items stashed away!
04:17:16 [STASH_COMPACT] §f                §6§l>>> §6§lCLICK HERE§e to pick them up! §6§l<<<
04:17:16 [STASH_COMPACT]   
04:17:16 [STASH_COMPACT] §f                §7You have §31,877 §7materials stashed away!
04:17:16 [STASH_COMPACT] §f              §8(This totals 4 types of materials stashed!)
04:17:16 [STASH_COMPACT] §f                §3§l>>> §3§lCLICK HERE§b to pick them up! §3§l<<<
04:17:16 [STASH_COMPACT]   
04:18:16 [STASH_COMPACT] §f                     §7You have §a2 §7items stashed away!
04:18:16 [STASH_COMPACT] §f                §6§l>>> §6§lCLICK HERE§e to pick them up! §6§l<<<
04:18:16 [STASH_COMPACT]   
04:18:16 [STASH_COMPACT] §f                §7You have §31,877 §7materials stashed away!
04:18:16 [STASH_COMPACT] §f              §8(This totals 4 types of materials stashed!)
04:18:16 [STASH_COMPACT] §f                §3§l>>> §3§lCLICK HERE§b to pick them up! §3§l<<<
04:18:16 [STASH_COMPACT]   
04:19:17 [STASH_COMPACT] §f                     §7You have §a2 §7items stashed away!
04:19:17 [STASH_COMPACT] §f                §6§l>>> §6§lCLICK HERE§e to pick them up! §6§l<<<
04:19:17 [STASH_COMPACT]   
04:19:17 [STASH_COMPACT] §f                §7You have §31,877 §7materials stashed away!
04:19:17 [STASH_COMPACT] §f              §8(This totals 4 types of materials stashed!)
04:19:17 [STASH_COMPACT] §f                §3§l>>> §3§lCLICK HERE§b to pick them up! §3§l<<<
04:19:17 [STASH_COMPACT]   
04:20:17 [STASH_COMPACT] §f                     §7You have §a2 §7items stashed away!
04:20:17 [STASH_COMPACT] §f                §6§l>>> §6§lCLICK HERE§e to pick them up! §6§l<<<
04:20:17 [STASH_COMPACT]   
04:20:17 [STASH_COMPACT] §f                §7You have §31,877 §7materials stashed away!
04:20:17 [STASH_COMPACT] §f              §8(This totals 4 types of materials stashed!)
04:20:17 [STASH_COMPACT] §f                §3§l>>> §3§lCLICK HERE§b to pick them up! §3§l<<<
04:20:17 [STASH_COMPACT]   
04:20:52 [STASH_COMPACT] §f                     §7You have §a2 §7items stashed away!
04:20:52 [STASH_COMPACT] §f                §6§l>>> §6§lCLICK HERE§e to pick them up! §6§l<<<
04:20:52 [STASH_COMPACT]   
04:20:52 [STASH_COMPACT] §f                §7You have §31,877 §7materials stashed away!
04:20:52 [STASH_COMPACT] §f              §8(This totals 4 types of materials stashed!)
04:20:52 [STASH_COMPACT] §f                §3§l>>> §3§lCLICK HERE§b to pick them up! §3§l<<<
04:20:52 [STASH_COMPACT]   
04:21:52 [STASH_COMPACT] §f                     §7You have §a2 §7items stashed away!
04:21:52 [STASH_COMPACT] §f                §6§l>>> §6§lCLICK HERE§e to pick them up! §6§l<<<
04:21:52 [STASH_COMPACT]   
04:21:52 [STASH_COMPACT] §f                §7You have §31,877 §7materials stashed away!
04:21:52 [STASH_COMPACT] §f              §8(This totals 4 types of materials stashed!)
04:21:52 [STASH_COMPACT] §f                §3§l>>> §3§lCLICK HERE§b to pick them up! §3§l<<<
04:21:52 [STASH_COMPACT]   
04:22:52 [STASH_COMPACT] §f                     §7You have §a2 §7items stashed away!
04:22:52 [STASH_COMPACT] §f                §6§l>>> §6§lCLICK HERE§e to pick them up! §6§l<<<
04:22:52 [STASH_COMPACT]   
04:22:52 [STASH_COMPACT] §f                §7You have §31,877 §7materials stashed away!
04:22:52 [STASH_COMPACT] §f              §8(This totals 4 types of materials stashed!)
04:22:52 [STASH_COMPACT] §f                §3§l>>> §3§lCLICK HERE§b to pick them up! §3§l<<<
04:22:52 [STASH_COMPACT]   
04:23:52 [STASH_COMPACT] §f                     §7You have §a2 §7items stashed away!
04:23:52 [STASH_COMPACT] §f                §6§l>>> §6§lCLICK HERE§e to pick them up! §6§l<<<
04:23:52 [STASH_COMPACT]   
04:23:52 [STASH_COMPACT] §f                §7You have §31,877 §7materials stashed away!
04:23:52 [STASH_COMPACT] §f              §8(This totals 4 types of materials stashed!)
04:23:52 [STASH_COMPACT] §f                §3§l>>> §3§lCLICK HERE§b to pick them up! §3§l<<<
04:23:52 [STASH_COMPACT]   
04:24:53 [STASH_COMPACT] §f                     §7You have §a2 §7items stashed away!
04:24:53 [STASH_COMPACT] §f                §6§l>>> §6§lCLICK HERE§e to pick them up! §6§l<<<
04:24:53 [STASH_COMPACT]   
04:24:53 [STASH_COMPACT] §f                §7You have §31,877 §7materials stashed away!
04:24:53 [STASH_COMPACT] §f              §8(This totals 4 types of materials stashed!)
04:24:53 [STASH_COMPACT] §f                §3§l>>> §3§lCLICK HERE§b to pick them up! §3§l<<<
04:24:53 [STASH_COMPACT]   
04:25:56 [STASH_COMPACT] §f                     §7You have §a2 §7items stashed away!
04:25:56 [STASH_COMPACT] §f                §6§l>>> §6§lCLICK HERE§e to pick them up! §6§l<<<
04:25:56 [STASH_COMPACT]   
04:25:56 [STASH_COMPACT] §f                §7You have §31,877 §7materials stashed away!
04:25:56 [STASH_COMPACT] §f              §8(This totals 4 types of materials stashed!)
04:25:56 [STASH_COMPACT] §f                §3§l>>> §3§lCLICK HERE§b to pick them up! §3§l<<<
04:25:56 [STASH_COMPACT]   
04:27:00 [STASH_COMPACT] §f                     §7You have §a2 §7items stashed away!
04:27:00 [STASH_COMPACT] §f                §6§l>>> §6§lCLICK HERE§e to pick them up! §6§l<<<
04:27:00 [STASH_COMPACT]   
04:27:00 [STASH_COMPACT] §f                §7You have §31,877 §7materials stashed away!
04:27:00 [STASH_COMPACT] §f              §8(This totals 4 types of materials stashed!)
04:27:00 [STASH_COMPACT] §f                §3§l>>> §3§lCLICK HERE§b to pick them up! §3§l<<<
04:27:00 [STASH_COMPACT]   
04:28:00 [STASH_COMPACT] §f                     §7You have §a2 §7items stashed away!
04:28:00 [STASH_COMPACT] §f                §6§l>>> §6§lCLICK HERE§e to pick them up! §6§l<<<
04:28:00 [STASH_COMPACT]   
04:28:00 [STASH_COMPACT] §f                §7You have §31,877 §7materials stashed away!
04:28:00 [STASH_COMPACT] §f              §8(This totals 4 types of materials stashed!)
04:28:00 [STASH_COMPACT] §f                §3§l>>> §3§lCLICK HERE§b to pick them up! §3§l<<<
04:28:00 [STASH_COMPACT]   
04:28:57 [COMPACT_POTION_EFFECT] §a§lBUFF! §fYou have gained §r§4Regeneration IV§r§f! Press TAB or type /effects to view your active effects!
04:28:57 [COMPACT_POTION_EFFECT] §a§lBUFF! §fYou have gained §r§4Strength V§r§f! Press TAB or type /effects to view your active effects!
04:28:57 [COMPACT_POTION_EFFECT] §a§lBUFF! §fYou have gained §r§4Critical III§r§f! Press TAB or type /effects to view your active effects!
04:28:57 [COMPACT_POTION_EFFECT] §a§lBUFF! §fYou have gained §r§9Speed III§r§f! Press TAB or type /effects to view your active effects!
04:28:57 [COMPACT_POTION_EFFECT] §a§lBUFF! §fYou have gained §r§aResistance V§r§f! Press TAB or type /effects to view your active effects!
04:28:57 [COMPACT_POTION_EFFECT] §a§lBUFF! §fYou have gained §r§bArchery III§r§f! Press TAB or type /effects to view your active effects!
04:28:58 [STASH_COMPACT] §f                     §7You have §a2 §7items stashed away!
04:28:58 [STASH_COMPACT] §f                §6§l>>> §6§lCLICK HERE§e to pick them up! §6§l<<<
04:28:58 [STASH_COMPACT]   
04:28:58 [STASH_COMPACT] §f                §7You have §31,877 §7materials stashed away!
04:28:58 [STASH_COMPACT] §f              §8(This totals 4 types of materials stashed!)
04:28:58 [STASH_COMPACT] §f                §3§l>>> §3§lCLICK HERE§b to pick them up! §3§l<<<
04:28:58 [STASH_COMPACT]   
04:30:05 [STASH_COMPACT] §f                     §7You have §a2 §7items stashed away!
04:30:05 [STASH_COMPACT] §f                §6§l>>> §6§lCLICK HERE§e to pick them up! §6§l<<<
04:30:05 [STASH_COMPACT]   
04:30:05 [STASH_COMPACT] §f                §7You have §31,877 §7materials stashed away!
04:30:05 [STASH_COMPACT] §f              §8(This totals 4 types of materials stashed!)
04:30:05 [STASH_COMPACT] §f                §3§l>>> §3§lCLICK HERE§b to pick them up! §3§l<<<
04:30:05 [STASH_COMPACT]   
04:31:05 [STASH_COMPACT] §f                     §7You have §a2 §7items stashed away!
04:31:05 [STASH_COMPACT] §f                §6§l>>> §6§lCLICK HERE§e to pick them up! §6§l<<<
04:31:05 [STASH_COMPACT]   
04:31:05 [STASH_COMPACT] §f                §7You have §31,877 §7materials stashed away!
04:31:05 [STASH_COMPACT] §f              §8(This totals 4 types of materials stashed!)
04:31:05 [STASH_COMPACT] §f                §3§l>>> §3§lCLICK HERE§b to pick them up! §3§l<<<
04:31:05 [STASH_COMPACT]   
04:32:16 [STASH_COMPACT] §f                     §7You have §a2 §7items stashed away!
04:32:16 [STASH_COMPACT] §f                §6§l>>> §6§lCLICK HERE§e to pick them up! §6§l<<<
04:32:16 [STASH_COMPACT]   
04:32:16 [STASH_COMPACT] §f                §7You have §31,877 §7materials stashed away!
04:32:16 [STASH_COMPACT] §f              §8(This totals 4 types of materials stashed!)
04:32:16 [STASH_COMPACT] §f                §3§l>>> §3§lCLICK HERE§b to pick them up! §3§l<<<
04:32:16 [STASH_COMPACT]   
04:33:16 [STASH_COMPACT] §f                     §7You have §a2 §7items stashed away!
04:33:16 [STASH_COMPACT] §f                §6§l>>> §6§lCLICK HERE§e to pick them up! §6§l<<<
04:33:16 [STASH_COMPACT]   
04:33:16 [STASH_COMPACT] §f                §7You have §31,877 §7materials stashed away!
04:33:16 [STASH_COMPACT] §f              §8(This totals 4 types of materials stashed!)
04:33:16 [STASH_COMPACT] §f                §3§l>>> §3§lCLICK HERE§b to pick them up! §3§l<<<
04:33:16 [STASH_COMPACT]   
04:34:17 [STASH_COMPACT] §f                     §7You have §a2 §7items stashed away!
04:34:17 [STASH_COMPACT] §f                §6§l>>> §6§lCLICK HERE§e to pick them up! §6§l<<<
04:34:17 [STASH_COMPACT]   
04:34:17 [STASH_COMPACT] §f                §7You have §31,877 §7materials stashed away!
04:34:17 [STASH_COMPACT] §f              §8(This totals 4 types of materials stashed!)
04:34:17 [STASH_COMPACT] §f                §3§l>>> §3§lCLICK HERE§b to pick them up! §3§l<<<
04:34:17 [STASH_COMPACT]   
04:35:10 [BESTIARY] §f                                  §6§lBESTIARY
04:35:10 [BESTIARY] §f                               §b§lGolem §7§8XI §8➡§b §bXII
04:35:10 [BESTIARY] 
04:35:10 [BESTIARY] §f                                  §r§6§lREWARDS
04:35:10 [BESTIARY] §f                           §r§8+§r§a4 Golem §r§b✯ Magic Find
04:35:10 [BESTIARY] §f                           §r§8+§r§a4 Golem §r§c❁ Strength
04:35:10 [BESTIARY] §f                               §r§8+§r§62% §r§aGolem §r§7coins
04:35:10 [BESTIARY] §f                    §r§8+§r§a50% §r§7chance for extra XP orbs
04:35:10 [BESTIARY] §f                               §r§8+§r§b1 SkyBlock XP
04:35:10 [BESTIARY] 
04:35:10 [BESTIARY] §3§l▬▬▬▬▬▬▬▬▬▬▬▬▬▬▬▬▬▬▬▬▬▬▬▬▬▬▬▬▬▬▬▬▬▬▬▬▬▬▬▬▬▬▬▬▬▬▬▬▬▬▬▬▬▬▬▬▬▬▬▬▬▬▬▬
04:35:19 [STASH_COMPACT] §f                     §7You have §a2 §7items stashed away!
04:35:19 [STASH_COMPACT] §f                §6§l>>> §6§lCLICK HERE§e to pick them up! §6§l<<<
04:35:19 [STASH_COMPACT]   
04:35:19 [STASH_COMPACT] §f                §7You have §31,877 §7materials stashed away!
04:35:19 [STASH_COMPACT] §f              §8(This totals 4 types of materials stashed!)
04:35:19 [STASH_COMPACT] §f                §3§l>>> §3§lCLICK HERE§b to pick them up! §3§l<<<
04:35:19 [STASH_COMPACT]   
04:36:23 [STASH_COMPACT] §f                     §7You have §a2 §7items stashed away!
04:36:23 [STASH_COMPACT] §f                §6§l>>> §6§lCLICK HERE§e to pick them up! §6§l<<<
04:36:23 [STASH_COMPACT]   
04:36:23 [STASH_COMPACT] §f                §7You have §31,877 §7materials stashed away!
04:36:23 [STASH_COMPACT] §f              §8(This totals 4 types of materials stashed!)
04:36:23 [STASH_COMPACT] §f                §3§l>>> §3§lCLICK HERE§b to pick them up! §3§l<<<
04:36:23 [STASH_COMPACT]   
04:37:29 [STASH_COMPACT] §f                     §7You have §a2 §7items stashed away!
04:37:29 [STASH_COMPACT] §f                §6§l>>> §6§lCLICK HERE§e to pick them up! §6§l<<<
04:37:29 [STASH_COMPACT]   
04:37:29 [STASH_COMPACT] §f                §7You have §31,877 §7materials stashed away!
04:37:29 [STASH_COMPACT] §f              §8(This totals 4 types of materials stashed!)
04:37:29 [STASH_COMPACT] §f                §3§l>>> §3§lCLICK HERE§b to pick them up! §3§l<<<
04:37:29 [STASH_COMPACT]   
04:38:29 [STASH_COMPACT] §f                     §7You have §a2 §7items stashed away!
04:38:29 [STASH_COMPACT] §f                §6§l>>> §6§lCLICK HERE§e to pick them up! §6§l<<<
04:38:29 [STASH_COMPACT]   
04:38:29 [STASH_COMPACT] §f                §7You have §31,877 §7materials stashed away!
04:38:29 [STASH_COMPACT] §f              §8(This totals 4 types of materials stashed!)
04:38:29 [STASH_COMPACT] §f                §3§l>>> §3§lCLICK HERE§b to pick them up! §3§l<<<
04:38:29 [STASH_COMPACT]   
04:39:21 [STASH_COMPACT] §f                     §7You have §a2 §7items stashed away!
04:39:21 [STASH_COMPACT] §f                §6§l>>> §6§lCLICK HERE§e to pick them up! §6§l<<<
04:39:21 [STASH_COMPACT]   
04:39:21 [STASH_COMPACT] §f                §7You have §31,877 §7materials stashed away!
04:39:21 [STASH_COMPACT] §f              §8(This totals 4 types of materials stashed!)
04:39:21 [STASH_COMPACT] §f                §3§l>>> §3§lCLICK HERE§b to pick them up! §3§l<<<
04:39:21 [STASH_COMPACT]   
04:39:36 [COMPACT_POTION_EFFECT] §a§lBUFF! §fYou have gained §r§4Regeneration IV§r§f! Press TAB or type /effects to view your active effects!
04:39:36 [COMPACT_POTION_EFFECT] §a§lBUFF! §fYou have gained §r§4Strength V§r§f! Press TAB or type /effects to view your active effects!
04:39:36 [COMPACT_POTION_EFFECT] §a§lBUFF! §fYou have gained §r§4Critical III§r§f! Press TAB or type /effects to view your active effects!
04:39:36 [COMPACT_POTION_EFFECT] §a§lBUFF! §fYou have gained §r§9Speed III§r§f! Press TAB or type /effects to view your active effects!
04:39:36 [COMPACT_POTION_EFFECT] §a§lBUFF! §fYou have gained §r§aResistance V§r§f! Press TAB or type /effects to view your active effects!
04:39:36 [COMPACT_POTION_EFFECT] §a§lBUFF! §fYou have gained §r§bArchery III§r§f! Press TAB or type /effects to view your active effects!
04:40:23 [STASH_COMPACT] §f                     §7You have §a2 §7items stashed away!
04:40:23 [STASH_COMPACT] §f                §6§l>>> §6§lCLICK HERE§e to pick them up! §6§l<<<
04:40:23 [STASH_COMPACT]   
04:40:23 [STASH_COMPACT] §f                §7You have §31,877 §7materials stashed away!
04:40:23 [STASH_COMPACT] §f              §8(This totals 4 types of materials stashed!)
04:40:23 [STASH_COMPACT] §f                §3§l>>> §3§lCLICK HERE§b to pick them up! §3§l<<<
04:40:23 [STASH_COMPACT]   
04:41:18 [STASH_COMPACT] §f                     §7You have §a2 §7items stashed away!
04:41:18 [STASH_COMPACT] §f                §6§l>>> §6§lCLICK HERE§e to pick them up! §6§l<<<
04:41:18 [STASH_COMPACT]   
04:41:18 [STASH_COMPACT] §f                §7You have §31,877 §7materials stashed away!
04:41:18 [STASH_COMPACT] §f              §8(This totals 4 types of materials stashed!)
04:41:19 [STASH_COMPACT] §f                §3§l>>> §3§lCLICK HERE§b to pick them up! §3§l<<<
04:41:19 [STASH_COMPACT]   
04:41:23 [COMPACT_POTION_EFFECT] §a§lBUFF! §fYou have gained §r§4Regeneration IV§r§f! Press TAB or type /effects to view your active effects!
04:41:23 [COMPACT_POTION_EFFECT] §a§lBUFF! §fYou have gained §r§4Strength V§r§f! Press TAB or type /effects to view your active effects!
04:41:23 [COMPACT_POTION_EFFECT] §a§lBUFF! §fYou have gained §r§4Critical III§r§f! Press TAB or type /effects to view your active effects!
04:41:23 [COMPACT_POTION_EFFECT] §a§lBUFF! §fYou have gained §r§9Speed III§r§f! Press TAB or type /effects to view your active effects!
04:41:23 [COMPACT_POTION_EFFECT] §a§lBUFF! §fYou have gained §r§aResistance V§r§f! Press TAB or type /effects to view your active effects!
04:41:23 [COMPACT_POTION_EFFECT] §a§lBUFF! §fYou have gained §r§bArchery III§r§f! Press TAB or type /effects to view your active effects!
04:42:20 [STASH_COMPACT] §f                     §7You have §a2 §7items stashed away!
04:42:20 [STASH_COMPACT] §f                §6§l>>> §6§lCLICK HERE§e to pick them up! §6§l<<<
04:42:20 [STASH_COMPACT]   
04:42:20 [STASH_COMPACT] §f                §7You have §31,877 §7materials stashed away!
04:42:20 [STASH_COMPACT] §f              §8(This totals 4 types of materials stashed!)
04:42:20 [STASH_COMPACT] §f                §3§l>>> §3§lCLICK HERE§b to pick them up! §3§l<<<
04:42:20 [STASH_COMPACT]   
04:43:20 [STASH_COMPACT] §f                     §7You have §a2 §7items stashed away!
04:43:20 [STASH_COMPACT] §f                §6§l>>> §6§lCLICK HERE§e to pick them up! §6§l<<<
04:43:20 [STASH_COMPACT]   
04:43:20 [STASH_COMPACT] §f                §7You have §31,877 §7materials stashed away!
04:43:20 [STASH_COMPACT] §f              §8(This totals 4 types of materials stashed!)
04:43:20 [STASH_COMPACT] §f                §3§l>>> §3§lCLICK HERE§b to pick them up! §3§l<<<
04:43:20 [STASH_COMPACT]   
04:44:20 [STASH_COMPACT] §f                     §7You have §a2 §7items stashed away!
04:44:20 [STASH_COMPACT] §f                §6§l>>> §6§lCLICK HERE§e to pick them up! §6§l<<<
04:44:20 [STASH_COMPACT]   
04:44:20 [STASH_COMPACT] §f                §7You have §31,877 §7materials stashed away!
04:44:20 [STASH_COMPACT] §f              §8(This totals 4 types of materials stashed!)
04:44:20 [STASH_COMPACT] §f                §3§l>>> §3§lCLICK HERE§b to pick them up! §3§l<<<
04:44:20 [STASH_COMPACT]   
04:45:22 [STASH_COMPACT] §f                     §7You have §a2 §7items stashed away!
04:45:22 [STASH_COMPACT] §f                §6§l>>> §6§lCLICK HERE§e to pick them up! §6§l<<<
04:45:22 [STASH_COMPACT]   
04:45:22 [STASH_COMPACT] §f                §7You have §31,877 §7materials stashed away!
04:45:22 [STASH_COMPACT] §f              §8(This totals 4 types of materials stashed!)
04:45:22 [STASH_COMPACT] §f                §3§l>>> §3§lCLICK HERE§b to pick them up! §3§l<<<
04:45:22 [STASH_COMPACT]   
04:46:23 [STASH_COMPACT] §f                     §7You have §a2 §7items stashed away!
04:46:23 [STASH_COMPACT] §f                §6§l>>> §6§lCLICK HERE§e to pick them up! §6§l<<<
04:46:23 [STASH_COMPACT]   
04:46:23 [STASH_COMPACT] §f                §7You have §31,877 §7materials stashed away!
04:46:23 [STASH_COMPACT] §f              §8(This totals 4 types of materials stashed!)
04:46:23 [STASH_COMPACT] §f                §3§l>>> §3§lCLICK HERE§b to pick them up! §3§l<<<
04:46:23 [STASH_COMPACT]   
04:46:35 [COMPACT_POTION_EFFECT] §a§lBUFF! §fYou have gained §r§4Regeneration IV§r§f! Press TAB or type /effects to view your active effects!
04:46:35 [COMPACT_POTION_EFFECT] §a§lBUFF! §fYou have gained §r§4Strength V§r§f! Press TAB or type /effects to view your active effects!
04:46:35 [COMPACT_POTION_EFFECT] §a§lBUFF! §fYou have gained §r§4Critical III§r§f! Press TAB or type /effects to view your active effects!
04:46:35 [COMPACT_POTION_EFFECT] §a§lBUFF! §fYou have gained §r§9Speed III§r§f! Press TAB or type /effects to view your active effects!
04:46:35 [COMPACT_POTION_EFFECT] §a§lBUFF! §fYou have gained §r§aResistance V§r§f! Press TAB or type /effects to view your active effects!
04:46:35 [COMPACT_POTION_EFFECT] §a§lBUFF! §fYou have gained §r§bArchery III§r§f! Press TAB or type /effects to view your active effects!
04:47:23 [STASH_COMPACT] §f                     §7You have §a2 §7items stashed away!
04:47:23 [STASH_COMPACT] §f                §6§l>>> §6§lCLICK HERE§e to pick them up! §6§l<<<
04:47:23 [STASH_COMPACT]   
04:47:23 [STASH_COMPACT] §f                §7You have §31,877 §7materials stashed away!
04:47:23 [STASH_COMPACT] §f              §8(This totals 4 types of materials stashed!)
04:47:23 [STASH_COMPACT] §f                §3§l>>> §3§lCLICK HERE§b to pick them up! §3§l<<<
04:47:23 [STASH_COMPACT]   
04:47:26 [BESTIARY] §f                                  §6§lBESTIARY
04:47:26 [BESTIARY] §f                  §b§lAngry Archaeologist §7§8XVI §8➡§b §bXVII
04:47:26 [BESTIARY] 
04:47:26 [BESTIARY] §f                                  §r§6§lREWARDS
04:47:26 [BESTIARY] §f               §r§8+§r§a5 §r§d§lAngry Archaeologist §r§b✯ Magic Find
04:47:26 [BESTIARY] §f               §r§8+§r§a5 §r§d§lAngry Archaeologist §r§c❁ Strength
04:47:26 [BESTIARY] §f                   §r§8+§r§62% §r§a§r§d§lAngry Archaeologist §r§7coins
04:47:26 [BESTIARY] §f                    §r§8+§r§a50% §r§7chance for extra XP orbs
04:47:26 [BESTIARY] §f                               §r§8+§r§b1 SkyBlock XP
04:47:26 [BESTIARY] 
04:47:26 [BESTIARY] §3§l▬▬▬▬▬▬▬▬▬▬▬▬▬▬▬▬▬▬▬▬▬▬▬▬▬▬▬▬▬▬▬▬▬▬▬▬▬▬▬▬▬▬▬▬▬▬▬▬▬▬▬▬▬▬▬▬▬▬▬▬▬▬▬▬
04:48:23 [STASH_COMPACT] §f                     §7You have §a2 §7items stashed away!
04:48:23 [STASH_COMPACT] §f                §6§l>>> §6§lCLICK HERE§e to pick them up! §6§l<<<
04:48:23 [STASH_COMPACT]   
04:48:23 [STASH_COMPACT] §f                §7You have §31,877 §7materials stashed away!
04:48:23 [STASH_COMPACT] §f              §8(This totals 4 types of materials stashed!)
04:48:23 [STASH_COMPACT] §f                §3§l>>> §3§lCLICK HERE§b to pick them up! §3§l<<<
04:48:23 [STASH_COMPACT]   
04:49:24 [STASH_COMPACT] §f                     §7You have §a2 §7items stashed away!
04:49:24 [STASH_COMPACT] §f                §6§l>>> §6§lCLICK HERE§e to pick them up! §6§l<<<
04:49:24 [STASH_COMPACT]   
04:49:24 [STASH_COMPACT] §f                §7You have §31,877 §7materials stashed away!
04:49:24 [STASH_COMPACT] §f              §8(This totals 4 types of materials stashed!)
04:49:24 [STASH_COMPACT] §f                §3§l>>> §3§lCLICK HERE§b to pick them up! §3§l<<<
04:49:24 [STASH_COMPACT]   
04:50:24 [STASH_COMPACT] §f                     §7You have §a2 §7items stashed away!
04:50:24 [STASH_COMPACT] §f                §6§l>>> §6§lCLICK HERE§e to pick them up! §6§l<<<
04:50:24 [STASH_COMPACT]   
04:50:24 [STASH_COMPACT] §f                §7You have §31,877 §7materials stashed away!
04:50:24 [STASH_COMPACT] §f              §8(This totals 4 types of materials stashed!)
04:50:24 [STASH_COMPACT] §f                §3§l>>> §3§lCLICK HERE§b to pick them up! §3§l<<<
04:50:24 [STASH_COMPACT]   
04:51:24 [STASH_COMPACT] §f                     §7You have §a2 §7items stashed away!
04:51:24 [STASH_COMPACT] §f                §6§l>>> §6§lCLICK HERE§e to pick them up! §6§l<<<
04:51:24 [STASH_COMPACT]   
04:51:24 [STASH_COMPACT] §f                §7You have §31,877 §7materials stashed away!
04:51:24 [STASH_COMPACT] §f              §8(This totals 4 types of materials stashed!)
04:51:24 [STASH_COMPACT] §f                §3§l>>> §3§lCLICK HERE§b to pick them up! §3§l<<<
04:51:24 [STASH_COMPACT]   
04:52:47 [STASH_COMPACT] §f                     §7You have §a2 §7items stashed away!
04:52:47 [STASH_COMPACT] §f                §6§l>>> §6§lCLICK HERE§e to pick them up! §6§l<<<
04:52:47 [STASH_COMPACT]   
04:52:47 [STASH_COMPACT] §f                §7You have §31,877 §7materials stashed away!
04:52:47 [STASH_COMPACT] §f              §8(This totals 4 types of materials stashed!)
04:52:47 [STASH_COMPACT] §f                §3§l>>> §3§lCLICK HERE§b to pick them up! §3§l<<<
04:52:47 [STASH_COMPACT]   
04:53:48 [STASH_COMPACT] §f                     §7You have §a2 §7items stashed away!
04:53:48 [STASH_COMPACT] §f                §6§l>>> §6§lCLICK HERE§e to pick them up! §6§l<<<
04:53:48 [STASH_COMPACT]   
04:53:48 [STASH_COMPACT] §f                §7You have §31,877 §7materials stashed away!
04:53:48 [STASH_COMPACT] §f              §8(This totals 4 types of materials stashed!)
04:53:48 [STASH_COMPACT] §f                §3§l>>> §3§lCLICK HERE§b to pick them up! §3§l<<<
04:53:48 [STASH_COMPACT]   
04:54:48 [STASH_COMPACT] §f                     §7You have §a2 §7items stashed away!
04:54:48 [STASH_COMPACT] §f                §6§l>>> §6§lCLICK HERE§e to pick them up! §6§l<<<
04:54:48 [STASH_COMPACT]   
04:54:48 [STASH_COMPACT] §f                §7You have §31,877 §7materials stashed away!
04:54:48 [STASH_COMPACT] §f              §8(This totals 4 types of materials stashed!)
04:54:48 [STASH_COMPACT] §f                §3§l>>> §3§lCLICK HERE§b to pick them up! §3§l<<<
04:54:48 [STASH_COMPACT]   
04:55:49 [STASH_COMPACT] §f                     §7You have §a2 §7items stashed away!
04:55:49 [STASH_COMPACT] §f                §6§l>>> §6§lCLICK HERE§e to pick them up! §6§l<<<
04:55:49 [STASH_COMPACT]   
04:55:49 [STASH_COMPACT] §f                §7You have §31,877 §7materials stashed away!
04:55:49 [STASH_COMPACT] §f              §8(This totals 4 types of materials stashed!)
04:55:49 [STASH_COMPACT] §f                §3§l>>> §3§lCLICK HERE§b to pick them up! §3§l<<<
04:55:49 [STASH_COMPACT]   
04:56:49 [STASH_COMPACT] §f                     §7You have §a2 §7items stashed away!
04:56:49 [STASH_COMPACT] §f                §6§l>>> §6§lCLICK HERE§e to pick them up! §6§l<<<
04:56:49 [STASH_COMPACT]   
04:56:49 [STASH_COMPACT] §f                §7You have §31,877 §7materials stashed away!
04:56:49 [STASH_COMPACT] §f              §8(This totals 4 types of materials stashed!)
04:56:49 [STASH_COMPACT] §f                §3§l>>> §3§lCLICK HERE§b to pick them up! §3§l<<<
04:56:49 [STASH_COMPACT]   
04:57:49 [STASH_COMPACT] §f                     §7You have §a2 §7items stashed away!
04:57:49 [STASH_COMPACT] §f                §6§l>>> §6§lCLICK HERE§e to pick them up! §6§l<<<
04:57:49 [STASH_COMPACT]   
04:57:49 [STASH_COMPACT] §f                §7You have §31,877 §7materials stashed away!
04:57:49 [STASH_COMPACT] §f              §8(This totals 4 types of materials stashed!)
04:57:49 [STASH_COMPACT] §f                §3§l>>> §3§lCLICK HERE§b to pick them up! §3§l<<<
04:57:49 [STASH_COMPACT]   
04:58:50 [STASH_COMPACT] §f                     §7You have §a2 §7items stashed away!
04:58:50 [STASH_COMPACT] §f                §6§l>>> §6§lCLICK HERE§e to pick them up! §6§l<<<
04:58:50 [STASH_COMPACT]   
04:58:50 [STASH_COMPACT] §f                §7You have §31,877 §7materials stashed away!
04:58:50 [STASH_COMPACT] §f              §8(This totals 4 types of materials stashed!)
04:58:50 [STASH_COMPACT] §f                §3§l>>> §3§lCLICK HERE§b to pick them up! §3§l<<<
04:58:50 [STASH_COMPACT]   
04:59:50 [STASH_COMPACT] §f                     §7You have §a2 §7items stashed away!
04:59:50 [STASH_COMPACT] §f                §6§l>>> §6§lCLICK HERE§e to pick them up! §6§l<<<
04:59:50 [STASH_COMPACT]   
04:59:50 [STASH_COMPACT] §f                §7You have §31,877 §7materials stashed away!
04:59:50 [STASH_COMPACT] §f              §8(This totals 4 types of materials stashed!)
04:59:50 [STASH_COMPACT] §f                §3§l>>> §3§lCLICK HERE§b to pick them up! §3§l<<<
04:59:50 [STASH_COMPACT]   
05:00:50 [STASH_COMPACT] §f                     §7You have §a2 §7items stashed away!
05:00:50 [STASH_COMPACT] §f                §6§l>>> §6§lCLICK HERE§e to pick them up! §6§l<<<
05:00:50 [STASH_COMPACT]   
05:00:50 [STASH_COMPACT] §f                §7You have §31,877 §7materials stashed away!
05:00:50 [STASH_COMPACT] §f              §8(This totals 4 types of materials stashed!)
05:00:50 [STASH_COMPACT] §f                §3§l>>> §3§lCLICK HERE§b to pick them up! §3§l<<<
05:00:50 [STASH_COMPACT]   
05:01:51 [STASH_COMPACT] §f                     §7You have §a2 §7items stashed away!
05:01:51 [STASH_COMPACT] §f                §6§l>>> §6§lCLICK HERE§e to pick them up! §6§l<<<
05:01:51 [STASH_COMPACT]   
05:01:51 [STASH_COMPACT] §f                §7You have §31,877 §7materials stashed away!
05:01:51 [STASH_COMPACT] §f              §8(This totals 4 types of materials stashed!)
05:01:51 [STASH_COMPACT] §f                §3§l>>> §3§lCLICK HERE§b to pick them up! §3§l<<<
05:01:51 [STASH_COMPACT]   
05:02:49 [STASH_COMPACT] §f                     §7You have §a2 §7items stashed away!
05:02:49 [STASH_COMPACT] §f                §6§l>>> §6§lCLICK HERE§e to pick them up! §6§l<<<
05:02:49 [STASH_COMPACT]   
05:04:00 [STASH_COMPACT] §f                     §7You have §a2 §7items stashed away!
05:04:00 [STASH_COMPACT] §f                §6§l>>> §6§lCLICK HERE§e to pick them up! §6§l<<<
05:04:00 [STASH_COMPACT]   
05:04:00 [STASH_COMPACT] §f                §7You have §31,877 §7materials stashed away!
05:04:00 [STASH_COMPACT] §f              §8(This totals 4 types of materials stashed!)
05:04:00 [STASH_COMPACT] §f                §3§l>>> §3§lCLICK HERE§b to pick them up! §3§l<<<
05:04:00 [STASH_COMPACT]   
05:05:17 [STASH_COMPACT] §f                     §7You have §a2 §7items stashed away!
05:05:17 [STASH_COMPACT] §f                §6§l>>> §6§lCLICK HERE§e to pick them up! §6§l<<<
05:05:17 [STASH_COMPACT]   
05:05:17 [STASH_COMPACT] §f                §7You have §31,877 §7materials stashed away!
05:05:17 [STASH_COMPACT] §f              §8(This totals 4 types of materials stashed!)
05:05:17 [STASH_COMPACT] §f                §3§l>>> §3§lCLICK HERE§b to pick them up! §3§l<<<
05:05:17 [STASH_COMPACT]   
05:06:16 [STASH_COMPACT] §f                     §7You have §a2 §7items stashed away!
05:06:16 [STASH_COMPACT] §f                §6§l>>> §6§lCLICK HERE§e to pick them up! §6§l<<<
05:06:16 [STASH_COMPACT]   
05:06:16 [STASH_COMPACT] §f                §7You have §31,877 §7materials stashed away!
05:06:16 [STASH_COMPACT] §f              §8(This totals 4 types of materials stashed!)
05:06:16 [STASH_COMPACT] §f                §3§l>>> §3§lCLICK HERE§b to pick them up! §3§l<<<
05:06:16 [STASH_COMPACT]   
05:07:17 [STASH_COMPACT] §f                     §7You have §a2 §7items stashed away!
05:07:17 [STASH_COMPACT] §f                §6§l>>> §6§lCLICK HERE§e to pick them up! §6§l<<<
05:07:17 [STASH_COMPACT]   
05:07:17 [STASH_COMPACT] §f                §7You have §31,877 §7materials stashed away!
05:07:17 [STASH_COMPACT] §f              §8(This totals 4 types of materials stashed!)
05:07:17 [STASH_COMPACT] §f                §3§l>>> §3§lCLICK HERE§b to pick them up! §3§l<<<
05:07:17 [STASH_COMPACT]   
05:08:18 [STASH_COMPACT] §f                     §7You have §a2 §7items stashed away!
05:08:18 [STASH_COMPACT] §f                §6§l>>> §6§lCLICK HERE§e to pick them up! §6§l<<<
05:08:18 [STASH_COMPACT]   
05:08:18 [STASH_COMPACT] §f                §7You have §31,877 §7materials stashed away!
05:08:18 [STASH_COMPACT] §f              §8(This totals 4 types of materials stashed!)
05:08:18 [STASH_COMPACT] §f                §3§l>>> §3§lCLICK HERE§b to pick them up! §3§l<<<
05:08:18 [STASH_COMPACT]   
05:09:19 [STASH_COMPACT] §f                     §7You have §a2 §7items stashed away!
05:09:19 [STASH_COMPACT] §f                §6§l>>> §6§lCLICK HERE§e to pick them up! §6§l<<<
05:09:19 [STASH_COMPACT]   
05:09:19 [STASH_COMPACT] §f                §7You have §31,877 §7materials stashed away!
05:09:19 [STASH_COMPACT] §f              §8(This totals 4 types of materials stashed!)
05:09:19 [STASH_COMPACT] §f                §3§l>>> §3§lCLICK HERE§b to pick them up! §3§l<<<
05:09:19 [STASH_COMPACT]   
05:10:34 [STASH_COMPACT] §f                     §7You have §a2 §7items stashed away!
05:10:34 [STASH_COMPACT] §f                §6§l>>> §6§lCLICK HERE§e to pick them up! §6§l<<<
05:10:34 [STASH_COMPACT]   
05:10:34 [STASH_COMPACT] §f                §7You have §31,877 §7materials stashed away!
05:10:34 [STASH_COMPACT] §f              §8(This totals 4 types of materials stashed!)
05:10:34 [STASH_COMPACT] §f                §3§l>>> §3§lCLICK HERE§b to pick them up! §3§l<<<
05:10:34 [STASH_COMPACT]   
05:10:46 [STASH_COMPACT] §f                     §7You have §a2 §7items stashed away!
05:10:46 [STASH_COMPACT] §f                §6§l>>> §6§lCLICK HERE§e to pick them up! §6§l<<<
05:10:46 [STASH_COMPACT]   
05:10:46 [STASH_COMPACT] §f                §7You have §31,877 §7materials stashed away!
05:10:46 [STASH_COMPACT] §f              §8(This totals 4 types of materials stashed!)
05:10:46 [STASH_COMPACT] §f                §3§l>>> §3§lCLICK HERE§b to pick them up! §3§l<<<
05:10:46 [STASH_COMPACT]   
05:10:47 [COMPACT_POTION_EFFECT] §a§lBUFF! §fYou have gained §r§4Regeneration IV§r§f! Press TAB or type /effects to view your active effects!
05:10:47 [COMPACT_POTION_EFFECT] §a§lBUFF! §fYou have gained §r§4Strength V§r§f! Press TAB or type /effects to view your active effects!
05:10:47 [COMPACT_POTION_EFFECT] §a§lBUFF! §fYou have gained §r§4Critical III§r§f! Press TAB or type /effects to view your active effects!
05:10:47 [COMPACT_POTION_EFFECT] §a§lBUFF! §fYou have gained §r§9Speed III§r§f! Press TAB or type /effects to view your active effects!
05:10:47 [COMPACT_POTION_EFFECT] §a§lBUFF! §fYou have gained §r§aResistance V§r§f! Press TAB or type /effects to view your active effects!
05:10:47 [COMPACT_POTION_EFFECT] §a§lBUFF! §fYou have gained §r§bArchery III§r§f! Press TAB or type /effects to view your active effects!
05:11:47 [STASH_COMPACT] §f                     §7You have §a2 §7items stashed away!
05:11:47 [STASH_COMPACT] §f                §6§l>>> §6§lCLICK HERE§e to pick them up! §6§l<<<
05:11:47 [STASH_COMPACT]   
05:11:47 [STASH_COMPACT] §f                §7You have §31,877 §7materials stashed away!
05:11:47 [STASH_COMPACT] §f              §8(This totals 4 types of materials stashed!)
05:11:47 [STASH_COMPACT] §f                §3§l>>> §3§lCLICK HERE§b to pick them up! §3§l<<<
05:11:47 [STASH_COMPACT]   
05:12:47 [STASH_COMPACT] §f                     §7You have §a2 §7items stashed away!
05:12:47 [STASH_COMPACT] §f                §6§l>>> §6§lCLICK HERE§e to pick them up! §6§l<<<
05:12:47 [STASH_COMPACT]   
05:12:47 [STASH_COMPACT] §f                §7You have §31,877 §7materials stashed away!
05:12:47 [STASH_COMPACT] §f              §8(This totals 4 types of materials stashed!)
05:12:47 [STASH_COMPACT] §f                §3§l>>> §3§lCLICK HERE§b to pick them up! §3§l<<<
05:12:47 [STASH_COMPACT]   
05:13:47 [STASH_COMPACT] §f                     §7You have §a2 §7items stashed away!
05:13:47 [STASH_COMPACT] §f                §6§l>>> §6§lCLICK HERE§e to pick them up! §6§l<<<
05:13:47 [STASH_COMPACT]   
05:13:47 [STASH_COMPACT] §f                §7You have §31,877 §7materials stashed away!
05:13:47 [STASH_COMPACT] §f              §8(This totals 4 types of materials stashed!)
05:13:47 [STASH_COMPACT] §f                §3§l>>> §3§lCLICK HERE§b to pick them up! §3§l<<<
05:13:47 [STASH_COMPACT]   
05:14:48 [STASH_COMPACT] §f                     §7You have §a2 §7items stashed away!
05:14:48 [STASH_COMPACT] §f                §6§l>>> §6§lCLICK HERE§e to pick them up! §6§l<<<
05:14:48 [STASH_COMPACT]   
05:14:48 [STASH_COMPACT] §f                §7You have §31,877 §7materials stashed away!
05:14:48 [STASH_COMPACT] §f              §8(This totals 4 types of materials stashed!)
05:14:48 [STASH_COMPACT] §f                §3§l>>> §3§lCLICK HERE§b to pick them up! §3§l<<<
05:14:48 [STASH_COMPACT]   
05:15:48 [STASH_COMPACT] §f                     §7You have §a2 §7items stashed away!
05:15:48 [STASH_COMPACT] §f                §6§l>>> §6§lCLICK HERE§e to pick them up! §6§l<<<
05:15:48 [STASH_COMPACT]   
05:15:48 [STASH_COMPACT] §f                §7You have §31,877 §7materials stashed away!
05:15:48 [STASH_COMPACT] §f              §8(This totals 4 types of materials stashed!)
05:15:48 [STASH_COMPACT] §f                §3§l>>> §3§lCLICK HERE§b to pick them up! §3§l<<<
05:15:48 [STASH_COMPACT]   
05:16:48 [STASH_COMPACT] §f                     §7You have §a2 §7items stashed away!
05:16:48 [STASH_COMPACT] §f                §6§l>>> §6§lCLICK HERE§e to pick them up! §6§l<<<
05:16:48 [STASH_COMPACT]   
05:16:48 [STASH_COMPACT] §f                §7You have §31,877 §7materials stashed away!
05:16:48 [STASH_COMPACT] §f              §8(This totals 4 types of materials stashed!)
05:16:48 [STASH_COMPACT] §f                §3§l>>> §3§lCLICK HERE§b to pick them up! §3§l<<<
05:16:48 [STASH_COMPACT]   
05:17:49 [STASH_COMPACT] §f                     §7You have §a2 §7items stashed away!
05:17:49 [STASH_COMPACT] §f                §6§l>>> §6§lCLICK HERE§e to pick them up! §6§l<<<
05:17:49 [STASH_COMPACT]   
05:17:49 [STASH_COMPACT] §f                §7You have §31,877 §7materials stashed away!
05:17:49 [STASH_COMPACT] §f              §8(This totals 4 types of materials stashed!)
05:17:49 [STASH_COMPACT] §f                §3§l>>> §3§lCLICK HERE§b to pick them up! §3§l<<<
05:17:49 [STASH_COMPACT]   
05:18:49 [STASH_COMPACT] §f                     §7You have §a2 §7items stashed away!
05:18:49 [STASH_COMPACT] §f                §6§l>>> §6§lCLICK HERE§e to pick them up! §6§l<<<
05:18:49 [STASH_COMPACT]   
05:18:49 [STASH_COMPACT] §f                §7You have §31,877 §7materials stashed away!
05:18:49 [STASH_COMPACT] §f              §8(This totals 4 types of materials stashed!)
05:18:49 [STASH_COMPACT] §f                §3§l>>> §3§lCLICK HERE§b to pick them up! §3§l<<<
05:18:49 [STASH_COMPACT]   
05:19:49 [STASH_COMPACT] §f                     §7You have §a2 §7items stashed away!
05:19:49 [STASH_COMPACT] §f                §6§l>>> §6§lCLICK HERE§e to pick them up! §6§l<<<
05:19:49 [STASH_COMPACT]   
05:19:49 [STASH_COMPACT] §f                §7You have §31,877 §7materials stashed away!
05:19:49 [STASH_COMPACT] §f              §8(This totals 4 types of materials stashed!)
05:19:49 [STASH_COMPACT] §f                §3§l>>> §3§lCLICK HERE§b to pick them up! §3§l<<<
05:19:49 [STASH_COMPACT]   
05:20:50 [STASH_COMPACT] §f                     §7You have §a2 §7items stashed away!
05:20:50 [STASH_COMPACT] §f                §6§l>>> §6§lCLICK HERE§e to pick them up! §6§l<<<
05:20:50 [STASH_COMPACT]   
05:20:50 [STASH_COMPACT] §f                §7You have §31,877 §7materials stashed away!
05:20:50 [STASH_COMPACT] §f              §8(This totals 4 types of materials stashed!)
05:20:50 [STASH_COMPACT] §f                §3§l>>> §3§lCLICK HERE§b to pick them up! §3§l<<<
05:20:50 [STASH_COMPACT]   
05:21:50 [STASH_COMPACT] §f                     §7You have §a2 §7items stashed away!
05:21:50 [STASH_COMPACT] §f                §6§l>>> §6§lCLICK HERE§e to pick them up! §6§l<<<
05:21:50 [STASH_COMPACT]   
05:21:50 [STASH_COMPACT] §f                §7You have §31,877 §7materials stashed away!
05:21:50 [STASH_COMPACT] §f              §8(This totals 4 types of materials stashed!)
05:21:50 [STASH_COMPACT] §f                §3§l>>> §3§lCLICK HERE§b to pick them up! §3§l<<<
05:21:50 [STASH_COMPACT]   
05:25:15 [STASH_COMPACT] §f                     §7You have §a2 §7items stashed away!
05:25:15 [STASH_COMPACT] §f                §6§l>>> §6§lCLICK HERE§e to pick them up! §6§l<<<
05:25:15 [STASH_COMPACT]   
05:25:15 [STASH_COMPACT] §f                §7You have §31,877 §7materials stashed away!
05:25:15 [STASH_COMPACT] §f              §8(This totals 4 types of materials stashed!)
05:25:15 [STASH_COMPACT] §f                §3§l>>> §3§lCLICK HERE§b to pick them up! §3§l<<<
05:25:15 [STASH_COMPACT]   
05:25:57 [STASH_COMPACT] §f                     §7You have §a2 §7items stashed away!
05:25:57 [STASH_COMPACT] §f                §6§l>>> §6§lCLICK HERE§e to pick them up! §6§l<<<
05:25:57 [STASH_COMPACT]   
05:25:57 [STASH_COMPACT] §f                §7You have §31,877 §7materials stashed away!
05:25:57 [STASH_COMPACT] §f              §8(This totals 4 types of materials stashed!)
05:25:57 [STASH_COMPACT] §f                §3§l>>> §3§lCLICK HERE§b to pick them up! §3§l<<<
05:25:57 [STASH_COMPACT]   
05:26:59 [STASH_COMPACT] §f                     §7You have §a2 §7items stashed away!
05:26:59 [STASH_COMPACT] §f                §6§l>>> §6§lCLICK HERE§e to pick them up! §6§l<<<
05:26:59 [STASH_COMPACT]   
05:26:59 [STASH_COMPACT] §f                §7You have §31,877 §7materials stashed away!
05:26:59 [STASH_COMPACT] §f              §8(This totals 4 types of materials stashed!)
05:26:59 [STASH_COMPACT] §f                §3§l>>> §3§lCLICK HERE§b to pick them up! §3§l<<<
05:26:59 [STASH_COMPACT]   
05:27:59 [STASH_COMPACT] §f                     §7You have §a2 §7items stashed away!
05:27:59 [STASH_COMPACT] §f                §6§l>>> §6§lCLICK HERE§e to pick them up! §6§l<<<
05:27:59 [STASH_COMPACT]   
05:27:59 [STASH_COMPACT] §f                §7You have §31,877 §7materials stashed away!
05:27:59 [STASH_COMPACT] §f              §8(This totals 4 types of materials stashed!)
05:27:59 [STASH_COMPACT] §f                §3§l>>> §3§lCLICK HERE§b to pick them up! §3§l<<<
05:27:59 [STASH_COMPACT]   
05:29:01 [STASH_COMPACT] §f                     §7You have §a2 §7items stashed away!
05:29:01 [STASH_COMPACT] §f                §6§l>>> §6§lCLICK HERE§e to pick them up! §6§l<<<
05:29:01 [STASH_COMPACT]   
05:29:01 [STASH_COMPACT] §f                §7You have §31,877 §7materials stashed away!
05:29:01 [STASH_COMPACT] §f              §8(This totals 4 types of materials stashed!)
05:29:01 [STASH_COMPACT] §f                §3§l>>> §3§lCLICK HERE§b to pick them up! §3§l<<<
05:29:01 [STASH_COMPACT]   
05:30:01 [STASH_COMPACT] §f                     §7You have §a2 §7items stashed away!
05:30:01 [STASH_COMPACT] §f                §6§l>>> §6§lCLICK HERE§e to pick them up! §6§l<<<
05:30:01 [STASH_COMPACT]   
05:30:01 [STASH_COMPACT] §f                §7You have §31,877 §7materials stashed away!
05:30:01 [STASH_COMPACT] §f              §8(This totals 4 types of materials stashed!)
05:30:01 [STASH_COMPACT] §f                §3§l>>> §3§lCLICK HERE§b to pick them up! §3§l<<<
05:30:01 [STASH_COMPACT]   
05:30:38 [BESTIARY] §f                                  §6§lBESTIARY
05:30:38 [BESTIARY] §f                        §b§lZombie Knight §7§8XIX §8➡§b §bXX
05:30:38 [BESTIARY] 
05:30:38 [BESTIARY] §f                                  §r§6§lREWARDS
05:30:38 [BESTIARY] §f                      §r§8+§r§a5 Zombie Knight §r§b✯ Magic Find
05:30:38 [BESTIARY] §f                      §r§8+§r§a5 Zombie Knight §r§c❁ Strength
05:30:38 [BESTIARY] §f                          §r§8+§r§62% §r§aZombie Knight §r§7coins
05:30:38 [BESTIARY] §f                    §r§8+§r§a50% §r§7chance for extra XP orbs
05:30:38 [BESTIARY] §f                               §r§8+§r§b1 SkyBlock XP
05:30:38 [BESTIARY] 
05:30:38 [BESTIARY] §3§l▬▬▬▬▬▬▬▬▬▬▬▬▬▬▬▬▬▬▬▬▬▬▬▬▬▬▬▬▬▬▬▬▬▬▬▬▬▬▬▬▬▬▬▬▬▬▬▬▬▬▬▬▬▬▬▬▬▬▬▬▬▬▬▬
05:31:01 [STASH_COMPACT] §f                     §7You have §a2 §7items stashed away!
05:31:01 [STASH_COMPACT] §f                §6§l>>> §6§lCLICK HERE§e to pick them up! §6§l<<<
05:31:01 [STASH_COMPACT]   
05:31:01 [STASH_COMPACT] §f                §7You have §31,877 §7materials stashed away!
05:31:01 [STASH_COMPACT] §f              §8(This totals 4 types of materials stashed!)
05:31:01 [STASH_COMPACT] §f                §3§l>>> §3§lCLICK HERE§b to pick them up! §3§l<<<
05:31:01 [STASH_COMPACT]   
05:32:02 [STASH_COMPACT] §f                     §7You have §a2 §7items stashed away!
05:32:02 [STASH_COMPACT] §f                §6§l>>> §6§lCLICK HERE§e to pick them up! §6§l<<<
05:32:02 [STASH_COMPACT]   
05:32:02 [STASH_COMPACT] §f                §7You have §31,877 §7materials stashed away!
05:32:02 [STASH_COMPACT] §f              §8(This totals 4 types of materials stashed!)
05:32:02 [STASH_COMPACT] §f                §3§l>>> §3§lCLICK HERE§b to pick them up! §3§l<<<
05:32:02 [STASH_COMPACT]   
05:33:04 [STASH_COMPACT] §f                     §7You have §a2 §7items stashed away!
05:33:04 [STASH_COMPACT] §f                §6§l>>> §6§lCLICK HERE§e to pick them up! §6§l<<<
05:33:04 [STASH_COMPACT]   
05:33:04 [STASH_COMPACT] §f                §7You have §31,877 §7materials stashed away!
05:33:04 [STASH_COMPACT] §f              §8(This totals 4 types of materials stashed!)
05:33:04 [STASH_COMPACT] §f                §3§l>>> §3§lCLICK HERE§b to pick them up! §3§l<<<
05:33:04 [STASH_COMPACT]   
05:34:04 [STASH_COMPACT] §f                     §7You have §a2 §7items stashed away!
05:34:04 [STASH_COMPACT] §f                §6§l>>> §6§lCLICK HERE§e to pick them up! §6§l<<<
05:34:04 [STASH_COMPACT]   
05:34:04 [STASH_COMPACT] §f                §7You have §31,877 §7materials stashed away!
05:34:04 [STASH_COMPACT] §f              §8(This totals 4 types of materials stashed!)
05:34:04 [STASH_COMPACT] §f                §3§l>>> §3§lCLICK HERE§b to pick them up! §3§l<<<
05:34:04 [STASH_COMPACT]   
05:35:06 [STASH_COMPACT] §f                     §7You have §a2 §7items stashed away!
05:35:06 [STASH_COMPACT] §f                §6§l>>> §6§lCLICK HERE§e to pick them up! §6§l<<<
05:35:06 [STASH_COMPACT]   
05:35:06 [STASH_COMPACT] §f                §7You have §31,877 §7materials stashed away!
05:35:06 [STASH_COMPACT] §f              §8(This totals 4 types of materials stashed!)
05:35:06 [STASH_COMPACT] §f                §3§l>>> §3§lCLICK HERE§b to pick them up! §3§l<<<
05:35:06 [STASH_COMPACT]   
05:36:06 [STASH_COMPACT] §f                     §7You have §a2 §7items stashed away!
05:36:06 [STASH_COMPACT] §f                §6§l>>> §6§lCLICK HERE§e to pick them up! §6§l<<<
05:36:06 [STASH_COMPACT]   
05:36:06 [STASH_COMPACT] §f                §7You have §31,877 §7materials stashed away!
05:36:06 [STASH_COMPACT] §f              §8(This totals 4 types of materials stashed!)
05:36:06 [STASH_COMPACT] §f                §3§l>>> §3§lCLICK HERE§b to pick them up! §3§l<<<
05:36:06 [STASH_COMPACT]   
05:37:07 [STASH_COMPACT] §f                     §7You have §a2 §7items stashed away!
05:37:07 [STASH_COMPACT] §f                §6§l>>> §6§lCLICK HERE§e to pick them up! §6§l<<<
05:37:07 [STASH_COMPACT]   
05:37:07 [STASH_COMPACT] §f                §7You have §31,877 §7materials stashed away!
05:37:07 [STASH_COMPACT] §f              §8(This totals 4 types of materials stashed!)
05:37:07 [STASH_COMPACT] §f                §3§l>>> §3§lCLICK HERE§b to pick them up! §3§l<<<
05:37:07 [STASH_COMPACT]   
05:38:11 [STASH_COMPACT] §f                     §7You have §a2 §7items stashed away!
05:38:11 [STASH_COMPACT] §f                §6§l>>> §6§lCLICK HERE§e to pick them up! §6§l<<<
05:38:11 [STASH_COMPACT]   
05:38:11 [STASH_COMPACT] §f                §7You have §31,877 §7materials stashed away!
05:38:11 [STASH_COMPACT] §f              §8(This totals 4 types of materials stashed!)
05:38:11 [STASH_COMPACT] §f                §3§l>>> §3§lCLICK HERE§b to pick them up! §3§l<<<
05:38:11 [STASH_COMPACT]   
05:42:42 [STASH_COMPACT] §f                     §7You have §a2 §7items stashed away!
05:42:42 [STASH_COMPACT] §f                §6§l>>> §6§lCLICK HERE§e to pick them up! §6§l<<<
05:42:42 [STASH_COMPACT]   
05:42:42 [STASH_COMPACT] §f                §7You have §31,877 §7materials stashed away!
05:42:42 [STASH_COMPACT] §f              §8(This totals 4 types of materials stashed!)
05:42:42 [STASH_COMPACT] §f                §3§l>>> §3§lCLICK HERE§b to pick them up! §3§l<<<
05:42:42 [STASH_COMPACT]   
05:43:11 [STASH_COMPACT] §f                     §7You have §a2 §7items stashed away!
05:43:11 [STASH_COMPACT] §f                §6§l>>> §6§lCLICK HERE§e to pick them up! §6§l<<<
05:43:11 [STASH_COMPACT]   
05:43:11 [STASH_COMPACT] §f                §7You have §31,877 §7materials stashed away!
05:43:11 [STASH_COMPACT] §f              §8(This totals 4 types of materials stashed!)
05:43:11 [STASH_COMPACT] §f                §3§l>>> §3§lCLICK HERE§b to pick them up! §3§l<<<
05:43:11 [STASH_COMPACT]   
05:43:21 [COMPACT_POTION_EFFECT] §a§lBUFF! §fYou have gained §r§4Regeneration IV§r§f! Press TAB or type /effects to view your active effects!
05:43:21 [COMPACT_POTION_EFFECT] §a§lBUFF! §fYou have gained §r§4Strength V§r§f! Press TAB or type /effects to view your active effects!
05:43:21 [COMPACT_POTION_EFFECT] §a§lBUFF! §fYou have gained §r§4Critical III§r§f! Press TAB or type /effects to view your active effects!
05:43:21 [COMPACT_POTION_EFFECT] §a§lBUFF! §fYou have gained §r§9Speed III§r§f! Press TAB or type /effects to view your active effects!
05:43:21 [COMPACT_POTION_EFFECT] §a§lBUFF! §fYou have gained §r§aResistance V§r§f! Press TAB or type /effects to view your active effects!
05:43:21 [COMPACT_POTION_EFFECT] §a§lBUFF! §fYou have gained §r§bArchery III§r§f! Press TAB or type /effects to view your active effects!
05:44:11 [STASH_COMPACT] §f                     §7You have §a2 §7items stashed away!
05:44:11 [STASH_COMPACT] §f                §6§l>>> §6§lCLICK HERE§e to pick them up! §6§l<<<
05:44:11 [STASH_COMPACT]   
05:44:11 [STASH_COMPACT] §f                §7You have §31,877 §7materials stashed away!
05:44:11 [STASH_COMPACT] §f              §8(This totals 4 types of materials stashed!)
05:44:11 [STASH_COMPACT] §f                §3§l>>> §3§lCLICK HERE§b to pick them up! §3§l<<<
05:44:11 [STASH_COMPACT]   
05:45:14 [STASH_COMPACT] §f                     §7You have §a2 §7items stashed away!
05:45:14 [STASH_COMPACT] §f                §6§l>>> §6§lCLICK HERE§e to pick them up! §6§l<<<
05:45:14 [STASH_COMPACT]   
05:45:14 [STASH_COMPACT] §f                §7You have §31,877 §7materials stashed away!
05:45:14 [STASH_COMPACT] §f              §8(This totals 4 types of materials stashed!)
05:45:14 [STASH_COMPACT] §f                §3§l>>> §3§lCLICK HERE§b to pick them up! §3§l<<<
05:45:14 [STASH_COMPACT]   
05:46:14 [STASH_COMPACT] §f                     §7You have §a2 §7items stashed away!
05:46:14 [STASH_COMPACT] §f                §6§l>>> §6§lCLICK HERE§e to pick them up! §6§l<<<
05:46:14 [STASH_COMPACT]   
05:46:14 [STASH_COMPACT] §f                §7You have §31,877 §7materials stashed away!
05:46:14 [STASH_COMPACT] §f              §8(This totals 4 types of materials stashed!)
05:46:14 [STASH_COMPACT] §f                §3§l>>> §3§lCLICK HERE§b to pick them up! §3§l<<<
05:46:14 [STASH_COMPACT]   
05:47:15 [STASH_COMPACT] §f                     §7You have §a2 §7items stashed away!
05:47:15 [STASH_COMPACT] §f                §6§l>>> §6§lCLICK HERE§e to pick them up! §6§l<<<
05:47:15 [STASH_COMPACT]   
05:47:15 [STASH_COMPACT] §f                §7You have §31,877 §7materials stashed away!
05:47:15 [STASH_COMPACT] §f              §8(This totals 4 types of materials stashed!)
05:47:15 [STASH_COMPACT] §f                §3§l>>> §3§lCLICK HERE§b to pick them up! §3§l<<<
05:47:15 [STASH_COMPACT]   
05:48:15 [STASH_COMPACT] §f                     §7You have §a2 §7items stashed away!
05:48:15 [STASH_COMPACT] §f                §6§l>>> §6§lCLICK HERE§e to pick them up! §6§l<<<
05:48:15 [STASH_COMPACT]   
05:48:15 [STASH_COMPACT] §f                §7You have §31,877 §7materials stashed away!
05:48:15 [STASH_COMPACT] §f              §8(This totals 4 types of materials stashed!)
05:48:15 [STASH_COMPACT] §f                §3§l>>> §3§lCLICK HERE§b to pick them up! §3§l<<<
05:48:15 [STASH_COMPACT]   
05:49:18 [STASH_COMPACT] §f                     §7You have §a2 §7items stashed away!
05:49:18 [STASH_COMPACT] §f                §6§l>>> §6§lCLICK HERE§e to pick them up! §6§l<<<
05:49:18 [STASH_COMPACT]   
05:49:18 [STASH_COMPACT] §f                §7You have §31,877 §7materials stashed away!
05:49:18 [STASH_COMPACT] §f              §8(This totals 4 types of materials stashed!)
05:49:18 [STASH_COMPACT] §f                §3§l>>> §3§lCLICK HERE§b to pick them up! §3§l<<<
05:49:18 [STASH_COMPACT]   
05:50:18 [STASH_COMPACT] §f                     §7You have §a2 §7items stashed away!
05:50:18 [STASH_COMPACT] §f                §6§l>>> §6§lCLICK HERE§e to pick them up! §6§l<<<
05:50:18 [STASH_COMPACT]   
05:50:18 [STASH_COMPACT] §f                §7You have §31,877 §7materials stashed away!
05:50:18 [STASH_COMPACT] §f              §8(This totals 4 types of materials stashed!)
05:50:18 [STASH_COMPACT] §f                §3§l>>> §3§lCLICK HERE§b to pick them up! §3§l<<<
05:50:18 [STASH_COMPACT]   
05:51:18 [STASH_COMPACT] §f                     §7You have §a2 §7items stashed away!
05:51:18 [STASH_COMPACT] §f                §6§l>>> §6§lCLICK HERE§e to pick them up! §6§l<<<
05:51:18 [STASH_COMPACT]   
05:51:18 [STASH_COMPACT] §f                §7You have §31,877 §7materials stashed away!
05:51:18 [STASH_COMPACT] §f              §8(This totals 4 types of materials stashed!)
05:51:18 [STASH_COMPACT] §f                §3§l>>> §3§lCLICK HERE§b to pick them up! §3§l<<<
05:51:18 [STASH_COMPACT]   
05:52:19 [STASH_COMPACT] §f                     §7You have §a2 §7items stashed away!
05:52:19 [STASH_COMPACT] §f                §6§l>>> §6§lCLICK HERE§e to pick them up! §6§l<<<
05:52:19 [STASH_COMPACT]   
05:52:19 [STASH_COMPACT] §f                §7You have §31,877 §7materials stashed away!
05:52:19 [STASH_COMPACT] §f              §8(This totals 4 types of materials stashed!)
05:52:19 [STASH_COMPACT] §f                §3§l>>> §3§lCLICK HERE§b to pick them up! §3§l<<<
05:52:19 [STASH_COMPACT]   
