03:59:04 §e[SkyHanni] Reloaded 7531 items in the NEU repo§r
03:59:36 §e[SkyHanni] §eYou have §62 §eitems in stash. §eClick to §6pickup §eyour stash!§r
03:59:36 §e[SkyHanni] §bYou have §321k §bmaterials in stash, §btotalling §35 types§b. §bClick to §3pickup §byour stash!§r
04:00:07 §e[SkyHanni] §eYou have §62 §eitems in stash. §eClick to §6pickup §eyour stash!§r
04:00:07 §e[SkyHanni] §bYou have §321k §bmaterials in stash, §btotalling §35 types§b. §bClick to §3pickup §byour stash!§r
04:03:34 §e[SkyHanni] §eYou have §62 §eitems in stash. §eClick to §6pickup §eyour stash!§r
04:03:34 §e[SkyHanni] §bYou have §321k §bmaterials in stash, §btotalling §35 types§b. §bClick to §3pickup §byour stash!§r
04:04:17 §e[SkyHanni] §eYou have §62 §eitems in stash. §eClick to §6pickup §eyour stash!§r
04:04:17 §e[SkyHanni] §bYou have §321k §bmaterials in stash, §btotalling §35 types§b. §bClick to §3pickup §byour stash!§r
04:04:19 §e[SkyHanni] Low on arrows §e(0 left)§r
04:05:41 §e[SkyHanni] §eYou have §62 §eitems in stash. §eClick to §6pickup §eyour stash!§r
04:05:41 §e[SkyHanni] §bYou have §31.8k §bmaterials in stash, §btotalling §34 types§b. §bClick to §3pickup §byour stash!§r
04:14:42 §e[SkyHanni] §eYou have §62 §eitems in stash. §eClick to §6pickup §eyour stash!§r
04:14:42 §e[SkyHanni] §bYou have §31.8k §bmaterials in stash, §btotalling §34 types§b. §bClick to §3pickup §byour stash!§r
04:16:16 §e[SkyHanni] §eYou have §62 §eitems in stash. §eClick to §6pickup §eyour stash!§r
04:16:16 §e[SkyHanni] §bYou have §31.8k §bmaterials in stash, §btotalling §34 types§b. §bClick to §3pickup §byour stash!§r
04:18:19 §e[SkyHanni] §b+3 SkyBlock XP §7(Accessory Bag§7)§b (65/100)§r
04:20:52 §e[SkyHanni] §eYou have §62 §eitems in stash. §eClick to §6pickup §eyour stash!§r
04:20:52 §e[SkyHanni] §bYou have §31.8k §bmaterials in stash, §btotalling §34 types§b. §bClick to §3pickup §byour stash!§r
04:22:16 §e[SkyHanni] §b+3 SkyBlock XP §7(Accessory Bag§7)§b (68/100)§r
04:23:32 §e[SkyHanni] §b+3 SkyBlock XP §7(Accessory Bag§7)§b (71/100)§r
04:24:33 §e[SkyHanni] §b+25 SkyBlock XP §7(Chocolate Factory Prestige§7)§b (96/100)§r
04:25:56 §e[SkyHanni] §eYou have §62 §eitems in stash. §eClick to §6pickup §eyour stash!§r
04:25:56 §e[SkyHanni] §bYou have §31.8k §bmaterials in stash, §btotalling §34 types§b. §bClick to §3pickup §byour stash!§r
04:28:57 §a§lPotion Effect! §r§4Regeneration IV§r
04:28:57 §a§lPotion Effect! §r§4Strength V§r
04:28:57 §a§lPotion Effect! §r§4Critical III§r
04:28:57 §a§lPotion Effect! §r§9Speed III§r
04:28:57 §a§lPotion Effect! §r§aResistance V§r
04:28:57 §a§lPotion Effect! §r§bArchery III§r
04:28:58 §e[SkyHanni] §eYou have §62 §eitems in stash. §eClick to §6pickup §eyour stash!§r
04:28:58 §e[SkyHanni] §bYou have §31.8k §bmaterials in stash, §btotalling §34 types§b. §bClick to §3pickup §byour stash!§r
04:35:10 §6§lBESTIARY §r§b§lGolem §7§8XI §8➡§b §bXII§r
04:37:29 §e[SkyHanni] §eYou have §62 §eitems in stash. §eClick to §6pickup §eyour stash!§r
04:37:29 §e[SkyHanni] §bYou have §31.8k §bmaterials in stash, §btotalling §34 types§b. §bClick to §3pickup §byour stash!§r
04:39:21 §e[SkyHanni] §eYou have §62 §eitems in stash. §eClick to §6pickup §eyour stash!§r
04:39:21 §e[SkyHanni] §bYou have §31.8k §bmaterials in stash, §btotalling §34 types§b. §bClick to §3pickup §byour stash!§r
04:39:36 §a§lPotion Effect! §r§4Regeneration IV§r
04:39:36 §a§lPotion Effect! §r§4Strength V§r
04:39:36 §a§lPotion Effect! §r§4Critical III§r
04:39:36 §a§lPotion Effect! §r§9Speed III§r
04:39:36 §a§lPotion Effect! §r§aResistance V§r
04:39:36 §a§lPotion Effect! §r§bArchery III§r
04:41:18 §e[SkyHanni] §eYou have §62 §eitems in stash. §eClick to §6pickup §eyour stash!§r
04:41:19 §e[SkyHanni] §bYou have §31.8k §bmaterials in stash, §btotalling §34 types§b. §bClick to §3pickup §byour stash!§r
04:41:23 §a§lPotion Effect! §r§4Regeneration IV§r
04:41:23 §a§lPotion Effect! §r§4Strength V§r
04:41:23 §a§lPotion Effect! §r§4Critical III§r
04:41:23 §a§lPotion Effect! §r§9Speed III§r
04:41:23 §a§lPotion Effect! §r§aResistance V§r
04:41:23 §a§lPotion Effect! §r§bArchery III§r
04:46:23 §e[SkyHanni] §eYou have §62 §eitems in stash. §eClick to §6pickup §eyour stash!§r
04:46:23 §e[SkyHanni] §bYou have §31.8k §bmaterials in stash, §btotalling §34 types§b. §bClick to §3pickup §byour stash!§r
04:46:35 §a§lPotion Effect! §r§4Regeneration IV§r
04:46:35 §a§lPotion Effect! §r§4Strength V§r
04:46:35 §a§lPotion Effect! §r§4Critical III§r
04:46:35 §a§lPotion Effect! §r§9Speed III§r
04:46:35 §a§lPotion Effect! §r§aResistance V§r
04:46:35 §a§lPotion Effect! §r§bArchery III§r
04:47:26 §6§lBESTIARY §r§b§lAngry Archaeologist §7§8XVI §8➡§b §bXVII§r
04:52:47 §e[SkyHanni] §eYou have §62 §eitems in stash. §eClick to §6pickup §eyour stash!§r
04:52:47 §e[SkyHanni] §bYou have §31.8k §bmaterials in stash, §btotalling §34 types§b. §bClick to §3pickup §byour stash!§r
05:02:49 §e[SkyHanni] §eYou have §62 §eitems in stash. §eClick to §6pickup §eyour stash!§r
05:04:00 §e[SkyHanni] §eYou have §62 §eitems in stash. §eClick to §6pickup §eyour stash!§r
05:04:00 §e[SkyHanni] §bYou have §31.8k §bmaterials in stash, §btotalling §34 types§b. §bClick to §3pickup §byour stash!§r
05:04:20 §e[SkyHanni] §b+5 SkyBlock XP §7(Complete Objective§7)§b (3/100)§r
05:05:17 §e[SkyHanni] §eYou have §62 §eitems in stash. §eClick to §6pickup §eyour stash!§r
05:05:17 §e[SkyHanni] §bYou have §31.8k §bmaterials in stash, §btotalling §34 types§b. §bClick to §3pickup §byour stash!§r
05:10:34 §e[SkyHanni] §eYou have §62 §eitems in stash. §eClick to §6pickup §eyour stash!§r
05:10:34 §e[SkyHanni] §bYou have §31.8k §bmaterials in stash, §btotalling §34 types§b. §bClick to §3pickup §byour stash!§r
05:10:46 §e[SkyHanni] §eYou have §62 §eitems in stash. §eClick to §6pickup §eyour stash!§r
05:10:46 §e[SkyHanni] §bYou have §31.8k §bmaterials in stash, §btotalling §34 types§b. §bClick to §3pickup §byour stash!§r
05:10:47 §a§lPotion Effect! §r§4Regeneration IV§r
05:10:47 §a§lPotion Effect! §r§4Strength V§r
05:10:47 §a§lPotion Effect! §r§4Critical III§r
05:10:47 §a§lPotion Effect! §r§9Speed III§r
05:10:47 §a§lPotion Effect! §r§aResistance V§r
05:10:47 §a§lPotion Effect! §r§bArchery III§r
05:25:15 §e[SkyHanni] §eYou have §62 §eitems in stash. §eClick to §6pickup §eyour stash!§r
05:25:15 §e[SkyHanni] §bYou have §31.8k §bmaterials in stash, §btotalling §34 types§b. §bClick to §3pickup §byour stash!§r
05:25:57 §e[SkyHanni] §eYou have §62 §eitems in stash. §eClick to §6pickup §eyour stash!§r
05:25:57 §e[SkyHanni] §bYou have §31.8k §bmaterials in stash, §btotalling §34 types§b. §bClick to §3pickup §byour stash!§r
05:30:38 §6§lBESTIARY §r§b§lZombie Knight §7§8XIX §8➡§b §bXX§r
05:42:42 §e[SkyHanni] §eYou have §62 §eitems in stash. §eClick to §6pickup §eyour stash!§r
05:42:42 §e[SkyHanni] §bYou have §31.8k §bmaterials in stash, §btotalling §34 types§b. §bClick to §3pickup §byour stash!§r
05:43:11 §e[SkyHanni] §eYou have §62 §eitems in stash. §eClick to §6pickup §eyour stash!§r
05:43:11 §e[SkyHanni] §bYou have §31.8k §bmaterials in stash, §btotalling §34 types§b. §bClick to §3pickup §byour stash!§r
05:43:21 §a§lPotion Effect! §r§4Regeneration IV§r
05:43:21 §a§lPotion Effect! §r§4Strength V§r
05:43:21 §a§lPotion Effect! §r§4Critical III§r
05:43:21 §a§lPotion Effect! §r§9Speed III§r
05:43:21 §a§lPotion Effect! §r§aResistance V§r
05:43:21 §a§lPotion Effect! §r§bArchery III§r
