00:10:29 Trying to load config from config\skyhanni\config.json
00:10:29 load-config-now
00:10:30 Loaded config from file
00:10:30 Trying to load sacks from config\skyhanni\sacks.json
00:10:30 load-sacks-now
00:10:30 Loaded sacks from file
00:10:30 Trying to load friends from config\skyhanni\friends.json
00:10:30 load-friends-now
00:10:30 Loaded friends from file
00:10:30 Trying to load known_features from config\skyhanni\known_features.json
00:10:30 load-known_features-now
00:10:30 Loaded known_features from file
00:10:30 Trying to load jacob_contests from config\skyhanni\jacob_contests.json
00:10:30 Setting jacob_contests to be blank as it did not exist. It will be saved once something is written to it
00:10:30 Trying to load visual_words from config\skyhanni\visual_words.json
00:10:30 Setting visual_words to be blank as it did not exist. It will be saved once something is written to it
00:10:30 Trying to load pets from config\skyhanni\pets.json
00:10:30 load-pets-now
00:10:30 Loaded pets from file
00:11:30 saveConfig: auto-save-60s
00:11:30 Saving config file
00:11:30 Saved config file successfully
00:11:30 saveConfig: auto-save-60s
00:11:30 Saving config file
00:11:30 Saved config file successfully
00:11:51 saveConfig: Updated known feature flags
00:11:51 Saving known_features file
00:11:51 Saved known_features file successfully
00:11:51 saveConfig: Updated known feature flags
00:11:51 Saving known_features file
00:11:51 Saved known_features file successfully
00:11:58 saveConfig: saving-data
00:11:58 Saving pets file
00:11:58 Saved pets file successfully
00:11:58 saveConfig: saving-data
00:11:58 Saving pets file
00:11:58 Saved pets file successfully
00:12:29 saveConfig: saving-data
00:12:29 Saving pets file
00:12:29 Saved pets file successfully
00:12:29 saveConfig: saving-data
00:12:29 Saving pets file
00:12:29 Saved pets file successfully
00:12:30 saveConfig: auto-save-60s
00:12:30 Saving config file
00:12:30 Saved config file successfully
00:12:30 saveConfig: auto-save-60s
00:12:30 Saving config file
00:12:30 Saved config file successfully
