03:13:35 `10ua2d9p38`523 missed {
 is already Found: false).
 Position: LorenzVec(x=-29.5, y=57.0, z=-90.5)
 DistanceC: 19.56166298556637
Relative Position: LorenzVec(x=-17.999205329777517, y=-13.0625, z=-19.56166298556637)
 }
03:13:46 `860x554y17`530 missed {
 is already Found: false).
 Position: LorenzVec(x=-6.5, y=55.0, z=-95.5)
 DistanceC: 20.20524361833084
Relative Position: LorenzVec(x=20.20524361833084, y=-15.0, z=-19.06064612426401)
 }
03:15:18 `o38o7g0ouz`246 missed {
 is already Found: false).
 Position: LorenzVec(x=-55.5, y=72.0, z=-56.5)
 DistanceC: 22.980044943215304
Relative Position: LorenzVec(x=-22.980044943215304, y=1.0, z=20.12347952350052)
 }
03:15:22 `o0v4ciceya`530 missed {
 is already Found: false).
 Position: LorenzVec(x=-6.5, y=55.0, z=-95.5)
 DistanceC: 22.80000001192093
Relative Position: LorenzVec(x=22.80000001192093, y=-16.78502770378924, z=-17.614165962713074)
 }
03:15:28 `1h1u97y20h`18 missed {
 is already Found: false).
 Position: LorenzVec(x=-3.5, y=72.0, z=-101.5)
 DistanceC: 21.80000001192093
Relative Position: LorenzVec(x=15.542402093193793, y=2.0, z=-21.80000001192093)
 }
03:15:40 `0363k40b2t`499 missed {
 is already Found: false).
 Position: LorenzVec(x=15.5, y=70.0, z=-71.8125)
 DistanceC: 21.684028865845335
Relative Position: LorenzVec(x=20.9340278901952, y=-1.1707870772188045, z=21.684028865845335)
 }
03:20:48 `152909lba6`332 missed {
 is already Found: false).
 Position: LorenzVec(x=31.5, y=71.0, z=-101.5)
 DistanceC: 19.29565254860266
Relative Position: LorenzVec(x=15.297213847158531, y=-0.001335979112141672, z=-19.29565254860266)
 }
03:20:48 `1ce11yeij3`333 missed {
 is already Found: false).
 Position: LorenzVec(x=31.5, y=70.0, z=-94.5)
 DistanceC: 15.297213847158531
Relative Position: LorenzVec(x=15.297213847158531, y=-1.0013359791121417, z=-12.29565254860266)
 }
03:22:07 `152909lba6`332 missed {
 is already Found: false).
 Position: LorenzVec(x=31.5, y=71.0, z=-101.5)
 DistanceC: 21.960308800654275
Relative Position: LorenzVec(x=21.9452825047333, y=1.0, z=-21.960308800654275)
 }
03:22:17 `7fqsb5z792`424 missed {
 is already Found: false).
 Position: LorenzVec(x=-36.0, y=73.0, z=-95.5)
 DistanceC: 22.46799270534682
Relative Position: LorenzVec(x=-22.46799270534682, y=3.0, z=-16.49271171326376)
 }
03:23:01 `x632ccidch`422 missed {
 is already Found: false).
 Position: LorenzVec(x=-36.0, y=73.0, z=-85.5)
 DistanceC: 20.100832635869892
Relative Position: LorenzVec(x=-16.932670145843915, y=1.2508129212553172, z=-20.100832635869892)
 }
03:23:02 `465f8nfj0q`244 missed {
 is already Found: false).
 Position: LorenzVec(x=-42.5, y=72.0, z=-54.5)
 DistanceC: 23.432670145843915
Relative Position: LorenzVec(x=-23.432670145843915, y=0.3292129227811955, z=10.899167364130108)
 }
03:23:45 `436zf7tjra`523 missed {
 is already Found: false).
 Position: LorenzVec(x=-29.5, y=57.0, z=-90.5)
 DistanceC: 17.954915159497315
Relative Position: LorenzVec(x=-17.954915159497315, y=-14.170787077218804, z=-10.424037719957042)
 }
03:25:47 `193917mvy2`242 missed {
 is already Found: false).
 Position: LorenzVec(x=-134.5, y=73.0, z=-97.5)
 DistanceC: 22.556651691814736
Relative Position: LorenzVec(x=-20.98780505584557, y=2.0, z=-22.556651691814736)
 }
03:28:49 `gz25o85wi8`258 missed {
 is already Found: false).
 Position: LorenzVec(x=-52.0, y=65.0, z=-29.0)
 DistanceC: 20.32112763390279
Relative Position: LorenzVec(x=20.32112763390279, y=-0.0625, z=19.581975347846864)
 }
03:28:52 `x9103brt7q`256 missed {
 is already Found: false).
 Position: LorenzVec(x=-51.0, y=71.0, z=-27.5)
 DistanceC: 22.456260328669657
Relative Position: LorenzVec(x=22.456260328669657, y=6.0, z=20.97630384842021)
 }
03:28:52 `1f2dvm18vt`340 missed {
 is already Found: false).
 Position: LorenzVec(x=-49.5, y=70.0, z=-67.5)
 DistanceC: 23.956260328669657
Relative Position: LorenzVec(x=23.956260328669657, y=5.0, z=-19.02369615157979)
 }
03:29:56 `d9r2kl554v`243 missed {
 is already Found: false).
 Position: LorenzVec(x=-89.5, y=75.0, z=-134.5)
 DistanceC: 21.479342587641284
Relative Position: LorenzVec(x=21.479342587641284, y=3.0, z=-20.480688013720027)
 }
03:30:38 `193917mvy2`242 missed {
 is already Found: false).
 Position: LorenzVec(x=-134.5, y=73.0, z=-97.5)
 DistanceC: 22.458239225249514
Relative Position: LorenzVec(x=-14.245848935743979, y=2.0, z=-22.458239225249514)
 }
03:32:35 `o4q26u533e`327 missed {
 is already Found: false).
 Position: LorenzVec(x=-80.5, y=56.0, z=-119.5)
 DistanceC: 19.23957289663835
Relative Position: LorenzVec(x=19.23957289663835, y=-16.0, z=-13.249451509507352)
 }
03:32:37 `u04va203g7`326 missed {
 is already Found: false).
 Position: LorenzVec(x=-88.5, y=55.0, z=-128.5)
 DistanceC: 23.14149383931037
Relative Position: LorenzVec(x=16.610903531699194, y=-17.0, z=-23.14149383931037)
 }
03:33:23 `193917mvy2`242 missed {
 is already Found: false).
 Position: LorenzVec(x=-134.5, y=73.0, z=-97.5)
 DistanceC: 21.786288025521046
Relative Position: LorenzVec(x=-17.09001618430331, y=1.0, z=21.786288025521046)
 }
03:33:41 `d9r2kl554v`243 missed {
 is already Found: false).
 Position: LorenzVec(x=-89.5, y=75.0, z=-134.5)
 DistanceC: 21.511534753665686
Relative Position: LorenzVec(x=21.511534753665686, y=3.0, z=4.8820892341253455)
 }
03:33:44 `u04va203g7`326 missed {
 is already Found: false).
 Position: LorenzVec(x=-88.5, y=55.0, z=-128.5)
 DistanceC: 22.770537899162775
Relative Position: LorenzVec(x=22.770537899162775, y=-17.0, z=0.47461250458181325)
 }
03:35:38 `o4q26u533e`327 missed {
 is already Found: false).
 Position: LorenzVec(x=-80.5, y=56.0, z=-119.5)
 DistanceC: 16.397789292907362
Relative Position: LorenzVec(x=16.397789292907362, y=-16.0, z=14.990811915473557)
 }
03:38:02 `d9r2kl554v`243 missed {
 is already Found: false).
 Position: LorenzVec(x=-89.5, y=75.0, z=-134.5)
 DistanceC: 23.972606282212936
Relative Position: LorenzVec(x=23.972606282212936, y=3.0, z=-18.875107108368766)
 }
03:38:09 `u04va203g7`326 missed {
 is already Found: false).
 Position: LorenzVec(x=-88.5, y=55.0, z=-128.5)
 DistanceC: 21.09261764295873
Relative Position: LorenzVec(x=21.09261764295873, y=-17.0, z=-14.486040013552994)
 }
03:38:41 `624xbn8g3e`325 missed {
 is already Found: false).
 Position: LorenzVec(x=-85.5, y=55.0, z=-139.5)
 DistanceC: 23.90652075145833
Relative Position: LorenzVec(x=23.90652075145833, y=-17.0, z=-23.742197588203013)
 }
03:40:39 `Villager`365 missed {
 is already Found: false).
 Position: LorenzVec(x=17.5, y=70.0, z=-99.0)
 DistanceC: 23.58634079041144
Relative Position: LorenzVec(x=22.74037060018663, y=0.0, z=-23.58634079041144)
 }
03:47:26 `436zf7tjra`523 missed {
 is already Found: false).
 Position: LorenzVec(x=-29.5, y=57.0, z=-90.5)
 DistanceC: 22.758550860919115
Relative Position: LorenzVec(x=-22.758550860919115, y=-13.0, z=-19.00242525706659)
 }
