04:35:10 §f                                  §6§lBESTIARY
04:35:10 §f                               §b§lGolem §7§8XI §8➡§b §bXII
04:35:10 
04:35:10 §f                                  §r§6§lREWARDS
04:35:10 §f                           §r§8+§r§a4 Golem §r§b✯ Magic Find
04:35:10 §f                           §r§8+§r§a4 Golem §r§c❁ Strength
04:35:10 §f                               §r§8+§r§62% §r§aGolem §r§7coins
04:35:10 §f                    §r§8+§r§a50% §r§7chance for extra XP orbs
04:35:10 §f                               §r§8+§r§b1 SkyBlock XP
04:35:10 
04:35:10 §3§l▬▬▬▬▬▬▬▬▬▬▬▬▬▬▬▬▬▬▬▬▬▬▬▬▬▬▬▬▬▬▬▬▬▬▬▬▬▬▬▬▬▬▬▬▬▬▬▬▬▬▬▬▬▬▬▬▬▬▬▬▬▬▬▬
04:47:26 §f                                  §6§lBESTIARY
04:47:26 §f                  §b§lAngry Archaeologist §7§8XVI §8➡§b §bXVII
04:47:26 
04:47:26 §f                                  §r§6§lREWARDS
04:47:26 §f               §r§8+§r§a5 §r§d§lAngry Archaeologist §r§b✯ Magic Find
04:47:26 §f               §r§8+§r§a5 §r§d§lAngry Archaeologist §r§c❁ Strength
04:47:26 §f                   §r§8+§r§62% §r§a§r§d§lAngry Archaeologist §r§7coins
04:47:26 §f                    §r§8+§r§a50% §r§7chance for extra XP orbs
04:47:26 §f                               §r§8+§r§b1 SkyBlock XP
04:47:26 
04:47:26 §3§l▬▬▬▬▬▬▬▬▬▬▬▬▬▬▬▬▬▬▬▬▬▬▬▬▬▬▬▬▬▬▬▬▬▬▬▬▬▬▬▬▬▬▬▬▬▬▬▬▬▬▬▬▬▬▬▬▬▬▬▬▬▬▬▬
05:30:38 §f                                  §6§lBESTIARY
05:30:38 §f                        §b§lZombie Knight §7§8XIX §8➡§b §bXX
05:30:38 
05:30:38 §f                                  §r§6§lREWARDS
05:30:38 §f                      §r§8+§r§a5 Zombie Knight §r§b✯ Magic Find
05:30:38 §f                      §r§8+§r§a5 Zombie Knight §r§c❁ Strength
05:30:38 §f                          §r§8+§r§62% §r§aZombie Knight §r§7coins
05:30:38 §f                    §r§8+§r§a50% §r§7chance for extra XP orbs
05:30:38 §f                               §r§8+§r§b1 SkyBlock XP
05:30:38 
05:30:38 §3§l▬▬▬▬▬▬▬▬▬▬▬▬▬▬▬▬▬▬▬▬▬▬▬▬▬▬▬▬▬▬▬▬▬▬▬▬▬▬▬▬▬▬▬▬▬▬▬▬▬▬▬▬▬▬▬▬▬▬▬▬▬▬▬▬
