03:59:36 §f                     §7You have §a2 §7items stashed away!
03:59:36 §f                §6§l>>> §6§lCLICK HERE§e to pick them up! §6§l<<<
03:59:36   
03:59:36 §f               §7You have §321,947 §7materials stashed away!
03:59:36 §f              §8(This totals 5 types of materials stashed!)
03:59:36 §f                §3§l>>> §3§lCLICK HERE§b to pick them up! §3§l<<<
03:59:36   
04:00:07 §f                     §7You have §a2 §7items stashed away!
04:00:07 §f                §6§l>>> §6§lCLICK HERE§e to pick them up! §6§l<<<
04:00:07   
04:00:07 §f               §7You have §321,947 §7materials stashed away!
04:00:07 §f              §8(This totals 5 types of materials stashed!)
04:00:07 §f                §3§l>>> §3§lCLICK HERE§b to pick them up! §3§l<<<
04:00:07   
04:01:07 §f                     §7You have §a2 §7items stashed away!
04:01:07 §f                §6§l>>> §6§lCLICK HERE§e to pick them up! §6§l<<<
04:01:07   
04:01:07 §f               §7You have §321,947 §7materials stashed away!
04:01:07 §f              §8(This totals 5 types of materials stashed!)
04:01:07 §f                §3§l>>> §3§lCLICK HERE§b to pick them up! §3§l<<<
04:01:07   
04:02:07 §f                     §7You have §a2 §7items stashed away!
04:02:07 §f                §6§l>>> §6§lCLICK HERE§e to pick them up! §6§l<<<
04:02:07   
04:02:07 §f               §7You have §321,947 §7materials stashed away!
04:02:07 §f              §8(This totals 5 types of materials stashed!)
04:02:07 §f                §3§l>>> §3§lCLICK HERE§b to pick them up! §3§l<<<
04:02:07   
04:03:34 §f                     §7You have §a2 §7items stashed away!
04:03:34 §f                §6§l>>> §6§lCLICK HERE§e to pick them up! §6§l<<<
04:03:34   
04:03:34 §f               §7You have §321,947 §7materials stashed away!
04:03:34 §f              §8(This totals 5 types of materials stashed!)
04:03:34 §f                §3§l>>> §3§lCLICK HERE§b to pick them up! §3§l<<<
04:03:34   
04:04:17 §f                     §7You have §a2 §7items stashed away!
04:04:17 §f                §6§l>>> §6§lCLICK HERE§e to pick them up! §6§l<<<
04:04:17   
04:04:17 §f               §7You have §321,947 §7materials stashed away!
04:04:17 §f              §8(This totals 5 types of materials stashed!)
04:04:17 §f                §3§l>>> §3§lCLICK HERE§b to pick them up! §3§l<<<
04:04:17   
04:05:41 §f                     §7You have §a2 §7items stashed away!
04:05:41 §f                §6§l>>> §6§lCLICK HERE§e to pick them up! §6§l<<<
04:05:41   
04:05:41 §f                §7You have §31,877 §7materials stashed away!
04:05:41 §f              §8(This totals 4 types of materials stashed!)
04:05:41 §f                §3§l>>> §3§lCLICK HERE§b to pick them up! §3§l<<<
04:05:41   
04:06:41 §f                     §7You have §a2 §7items stashed away!
04:06:41 §f                §6§l>>> §6§lCLICK HERE§e to pick them up! §6§l<<<
04:06:41   
04:06:41 §f                §7You have §31,877 §7materials stashed away!
04:06:41 §f              §8(This totals 4 types of materials stashed!)
04:06:41 §f                §3§l>>> §3§lCLICK HERE§b to pick them up! §3§l<<<
04:06:41   
04:07:41 §f                     §7You have §a2 §7items stashed away!
04:07:41 §f                §6§l>>> §6§lCLICK HERE§e to pick them up! §6§l<<<
04:07:41   
04:07:41 §f                §7You have §31,877 §7materials stashed away!
04:07:41 §f              §8(This totals 4 types of materials stashed!)
04:07:41 §f                §3§l>>> §3§lCLICK HERE§b to pick them up! §3§l<<<
04:07:41   
04:08:42 §f                     §7You have §a2 §7items stashed away!
04:08:42 §f                §6§l>>> §6§lCLICK HERE§e to pick them up! §6§l<<<
04:08:42   
04:08:42 §f                §7You have §31,877 §7materials stashed away!
04:08:42 §f              §8(This totals 4 types of materials stashed!)
04:08:42 §f                §3§l>>> §3§lCLICK HERE§b to pick them up! §3§l<<<
04:08:42   
04:09:42 §f                     §7You have §a2 §7items stashed away!
04:09:42 §f                §6§l>>> §6§lCLICK HERE§e to pick them up! §6§l<<<
04:09:42   
04:09:42 §f                §7You have §31,877 §7materials stashed away!
04:09:42 §f              §8(This totals 4 types of materials stashed!)
04:09:42 §f                §3§l>>> §3§lCLICK HERE§b to pick them up! §3§l<<<
04:09:42   
04:10:42 §f                     §7You have §a2 §7items stashed away!
04:10:42 §f                §6§l>>> §6§lCLICK HERE§e to pick them up! §6§l<<<
04:10:42   
04:10:42 §f                §7You have §31,877 §7materials stashed away!
04:10:42 §f              §8(This totals 4 types of materials stashed!)
04:10:42 §f                §3§l>>> §3§lCLICK HERE§b to pick them up! §3§l<<<
04:10:42   
04:11:43 §f                     §7You have §a2 §7items stashed away!
04:11:43 §f                §6§l>>> §6§lCLICK HERE§e to pick them up! §6§l<<<
04:11:43   
04:11:43 §f                §7You have §31,877 §7materials stashed away!
04:11:43 §f              §8(This totals 4 types of materials stashed!)
04:11:43 §f                §3§l>>> §3§lCLICK HERE§b to pick them up! §3§l<<<
04:11:43   
04:12:43 §f                     §7You have §a2 §7items stashed away!
04:12:43 §f                §6§l>>> §6§lCLICK HERE§e to pick them up! §6§l<<<
04:12:43   
04:12:43 §f                §7You have §31,877 §7materials stashed away!
04:12:43 §f              §8(This totals 4 types of materials stashed!)
04:12:43 §f                §3§l>>> §3§lCLICK HERE§b to pick them up! §3§l<<<
04:12:43   
04:13:43 §f                     §7You have §a2 §7items stashed away!
04:13:43 §f                §6§l>>> §6§lCLICK HERE§e to pick them up! §6§l<<<
04:13:43   
04:13:43 §f                §7You have §31,877 §7materials stashed away!
04:13:43 §f              §8(This totals 4 types of materials stashed!)
04:13:43 §f                §3§l>>> §3§lCLICK HERE§b to pick them up! §3§l<<<
04:13:43   
04:14:42 §f                     §7You have §a2 §7items stashed away!
04:14:42 §f                §6§l>>> §6§lCLICK HERE§e to pick them up! §6§l<<<
04:14:42   
04:14:42 §f                §7You have §31,877 §7materials stashed away!
04:14:42 §f              §8(This totals 4 types of materials stashed!)
04:14:42 §f                §3§l>>> §3§lCLICK HERE§b to pick them up! §3§l<<<
04:14:42   
04:15:42 §f                     §7You have §a2 §7items stashed away!
04:15:42 §f                §6§l>>> §6§lCLICK HERE§e to pick them up! §6§l<<<
04:15:42   
04:15:42 §f                §7You have §31,877 §7materials stashed away!
04:15:42 §f              §8(This totals 4 types of materials stashed!)
04:15:42 §f                §3§l>>> §3§lCLICK HERE§b to pick them up! §3§l<<<
04:15:42   
04:16:16 §f                     §7You have §a2 §7items stashed away!
04:16:16 §f                §6§l>>> §6§lCLICK HERE§e to pick them up! §6§l<<<
04:16:16   
04:16:16 §f                §7You have §31,877 §7materials stashed away!
04:16:16 §f              §8(This totals 4 types of materials stashed!)
04:16:16 §f                §3§l>>> §3§lCLICK HERE§b to pick them up! §3§l<<<
04:16:16   
04:17:16 §f                     §7You have §a2 §7items stashed away!
04:17:16 §f                §6§l>>> §6§lCLICK HERE§e to pick them up! §6§l<<<
04:17:16   
04:17:16 §f                §7You have §31,877 §7materials stashed away!
04:17:16 §f              §8(This totals 4 types of materials stashed!)
04:17:16 §f                §3§l>>> §3§lCLICK HERE§b to pick them up! §3§l<<<
04:17:16   
04:18:16 §f                     §7You have §a2 §7items stashed away!
04:18:16 §f                §6§l>>> §6§lCLICK HERE§e to pick them up! §6§l<<<
04:18:16   
04:18:16 §f                §7You have §31,877 §7materials stashed away!
04:18:16 §f              §8(This totals 4 types of materials stashed!)
04:18:16 §f                §3§l>>> §3§lCLICK HERE§b to pick them up! §3§l<<<
04:18:16   
04:19:17 §f                     §7You have §a2 §7items stashed away!
04:19:17 §f                §6§l>>> §6§lCLICK HERE§e to pick them up! §6§l<<<
04:19:17   
04:19:17 §f                §7You have §31,877 §7materials stashed away!
04:19:17 §f              §8(This totals 4 types of materials stashed!)
04:19:17 §f                §3§l>>> §3§lCLICK HERE§b to pick them up! §3§l<<<
04:19:17   
04:20:17 §f                     §7You have §a2 §7items stashed away!
04:20:17 §f                §6§l>>> §6§lCLICK HERE§e to pick them up! §6§l<<<
04:20:17   
04:20:17 §f                §7You have §31,877 §7materials stashed away!
04:20:17 §f              §8(This totals 4 types of materials stashed!)
04:20:17 §f                §3§l>>> §3§lCLICK HERE§b to pick them up! §3§l<<<
04:20:17   
04:20:52 §f                     §7You have §a2 §7items stashed away!
04:20:52 §f                §6§l>>> §6§lCLICK HERE§e to pick them up! §6§l<<<
04:20:52   
04:20:52 §f                §7You have §31,877 §7materials stashed away!
04:20:52 §f              §8(This totals 4 types of materials stashed!)
04:20:52 §f                §3§l>>> §3§lCLICK HERE§b to pick them up! §3§l<<<
04:20:52   
04:21:52 §f                     §7You have §a2 §7items stashed away!
04:21:52 §f                §6§l>>> §6§lCLICK HERE§e to pick them up! §6§l<<<
04:21:52   
04:21:52 §f                §7You have §31,877 §7materials stashed away!
04:21:52 §f              §8(This totals 4 types of materials stashed!)
04:21:52 §f                §3§l>>> §3§lCLICK HERE§b to pick them up! §3§l<<<
04:21:52   
04:22:52 §f                     §7You have §a2 §7items stashed away!
04:22:52 §f                §6§l>>> §6§lCLICK HERE§e to pick them up! §6§l<<<
04:22:52   
04:22:52 §f                §7You have §31,877 §7materials stashed away!
04:22:52 §f              §8(This totals 4 types of materials stashed!)
04:22:52 §f                §3§l>>> §3§lCLICK HERE§b to pick them up! §3§l<<<
04:22:52   
04:23:52 §f                     §7You have §a2 §7items stashed away!
04:23:52 §f                §6§l>>> §6§lCLICK HERE§e to pick them up! §6§l<<<
04:23:52   
04:23:52 §f                §7You have §31,877 §7materials stashed away!
04:23:52 §f              §8(This totals 4 types of materials stashed!)
04:23:52 §f                §3§l>>> §3§lCLICK HERE§b to pick them up! §3§l<<<
04:23:52   
04:24:53 §f                     §7You have §a2 §7items stashed away!
04:24:53 §f                §6§l>>> §6§lCLICK HERE§e to pick them up! §6§l<<<
04:24:53   
04:24:53 §f                §7You have §31,877 §7materials stashed away!
04:24:53 §f              §8(This totals 4 types of materials stashed!)
04:24:53 §f                §3§l>>> §3§lCLICK HERE§b to pick them up! §3§l<<<
04:24:53   
04:25:56 §f                     §7You have §a2 §7items stashed away!
04:25:56 §f                §6§l>>> §6§lCLICK HERE§e to pick them up! §6§l<<<
04:25:56   
04:25:56 §f                §7You have §31,877 §7materials stashed away!
04:25:56 §f              §8(This totals 4 types of materials stashed!)
04:25:56 §f                §3§l>>> §3§lCLICK HERE§b to pick them up! §3§l<<<
04:25:56   
04:27:00 §f                     §7You have §a2 §7items stashed away!
04:27:00 §f                §6§l>>> §6§lCLICK HERE§e to pick them up! §6§l<<<
04:27:00   
04:27:00 §f                §7You have §31,877 §7materials stashed away!
04:27:00 §f              §8(This totals 4 types of materials stashed!)
04:27:00 §f                §3§l>>> §3§lCLICK HERE§b to pick them up! §3§l<<<
04:27:00   
04:28:00 §f                     §7You have §a2 §7items stashed away!
04:28:00 §f                §6§l>>> §6§lCLICK HERE§e to pick them up! §6§l<<<
04:28:00   
04:28:00 §f                §7You have §31,877 §7materials stashed away!
04:28:00 §f              §8(This totals 4 types of materials stashed!)
04:28:00 §f                §3§l>>> §3§lCLICK HERE§b to pick them up! §3§l<<<
04:28:00   
04:28:58 §f                     §7You have §a2 §7items stashed away!
04:28:58 §f                §6§l>>> §6§lCLICK HERE§e to pick them up! §6§l<<<
04:28:58   
04:28:58 §f                §7You have §31,877 §7materials stashed away!
04:28:58 §f              §8(This totals 4 types of materials stashed!)
04:28:58 §f                §3§l>>> §3§lCLICK HERE§b to pick them up! §3§l<<<
04:28:58   
04:30:05 §f                     §7You have §a2 §7items stashed away!
04:30:05 §f                §6§l>>> §6§lCLICK HERE§e to pick them up! §6§l<<<
04:30:05   
04:30:05 §f                §7You have §31,877 §7materials stashed away!
04:30:05 §f              §8(This totals 4 types of materials stashed!)
04:30:05 §f                §3§l>>> §3§lCLICK HERE§b to pick them up! §3§l<<<
04:30:05   
04:31:05 §f                     §7You have §a2 §7items stashed away!
04:31:05 §f                §6§l>>> §6§lCLICK HERE§e to pick them up! §6§l<<<
04:31:05   
04:31:05 §f                §7You have §31,877 §7materials stashed away!
04:31:05 §f              §8(This totals 4 types of materials stashed!)
04:31:05 §f                §3§l>>> §3§lCLICK HERE§b to pick them up! §3§l<<<
04:31:05   
04:32:16 §f                     §7You have §a2 §7items stashed away!
04:32:16 §f                §6§l>>> §6§lCLICK HERE§e to pick them up! §6§l<<<
04:32:16   
04:32:16 §f                §7You have §31,877 §7materials stashed away!
04:32:16 §f              §8(This totals 4 types of materials stashed!)
04:32:16 §f                §3§l>>> §3§lCLICK HERE§b to pick them up! §3§l<<<
04:32:16   
04:33:16 §f                     §7You have §a2 §7items stashed away!
04:33:16 §f                §6§l>>> §6§lCLICK HERE§e to pick them up! §6§l<<<
04:33:16   
04:33:16 §f                §7You have §31,877 §7materials stashed away!
04:33:16 §f              §8(This totals 4 types of materials stashed!)
04:33:16 §f                §3§l>>> §3§lCLICK HERE§b to pick them up! §3§l<<<
04:33:16   
04:34:17 §f                     §7You have §a2 §7items stashed away!
04:34:17 §f                §6§l>>> §6§lCLICK HERE§e to pick them up! §6§l<<<
04:34:17   
04:34:17 §f                §7You have §31,877 §7materials stashed away!
04:34:17 §f              §8(This totals 4 types of materials stashed!)
04:34:17 §f                §3§l>>> §3§lCLICK HERE§b to pick them up! §3§l<<<
04:34:17   
04:35:19 §f                     §7You have §a2 §7items stashed away!
04:35:19 §f                §6§l>>> §6§lCLICK HERE§e to pick them up! §6§l<<<
04:35:19   
04:35:19 §f                §7You have §31,877 §7materials stashed away!
04:35:19 §f              §8(This totals 4 types of materials stashed!)
04:35:19 §f                §3§l>>> §3§lCLICK HERE§b to pick them up! §3§l<<<
04:35:19   
04:36:23 §f                     §7You have §a2 §7items stashed away!
04:36:23 §f                §6§l>>> §6§lCLICK HERE§e to pick them up! §6§l<<<
04:36:23   
04:36:23 §f                §7You have §31,877 §7materials stashed away!
04:36:23 §f              §8(This totals 4 types of materials stashed!)
04:36:23 §f                §3§l>>> §3§lCLICK HERE§b to pick them up! §3§l<<<
04:36:23   
04:37:29 §f                     §7You have §a2 §7items stashed away!
04:37:29 §f                §6§l>>> §6§lCLICK HERE§e to pick them up! §6§l<<<
04:37:29   
04:37:29 §f                §7You have §31,877 §7materials stashed away!
04:37:29 §f              §8(This totals 4 types of materials stashed!)
04:37:29 §f                §3§l>>> §3§lCLICK HERE§b to pick them up! §3§l<<<
04:37:29   
04:38:29 §f                     §7You have §a2 §7items stashed away!
04:38:29 §f                §6§l>>> §6§lCLICK HERE§e to pick them up! §6§l<<<
04:38:29   
04:38:29 §f                §7You have §31,877 §7materials stashed away!
04:38:29 §f              §8(This totals 4 types of materials stashed!)
04:38:29 §f                §3§l>>> §3§lCLICK HERE§b to pick them up! §3§l<<<
04:38:29   
04:39:21 §f                     §7You have §a2 §7items stashed away!
04:39:21 §f                §6§l>>> §6§lCLICK HERE§e to pick them up! §6§l<<<
04:39:21   
04:39:21 §f                §7You have §31,877 §7materials stashed away!
04:39:21 §f              §8(This totals 4 types of materials stashed!)
04:39:21 §f                §3§l>>> §3§lCLICK HERE§b to pick them up! §3§l<<<
04:39:21   
04:40:23 §f                     §7You have §a2 §7items stashed away!
04:40:23 §f                §6§l>>> §6§lCLICK HERE§e to pick them up! §6§l<<<
04:40:23   
04:40:23 §f                §7You have §31,877 §7materials stashed away!
04:40:23 §f              §8(This totals 4 types of materials stashed!)
04:40:23 §f                §3§l>>> §3§lCLICK HERE§b to pick them up! §3§l<<<
04:40:23   
04:41:18 §f                     §7You have §a2 §7items stashed away!
04:41:18 §f                §6§l>>> §6§lCLICK HERE§e to pick them up! §6§l<<<
04:41:18   
04:41:18 §f                §7You have §31,877 §7materials stashed away!
04:41:18 §f              §8(This totals 4 types of materials stashed!)
04:41:19 §f                §3§l>>> §3§lCLICK HERE§b to pick them up! §3§l<<<
04:41:19   
04:42:20 §f                     §7You have §a2 §7items stashed away!
04:42:20 §f                §6§l>>> §6§lCLICK HERE§e to pick them up! §6§l<<<
04:42:20   
04:42:20 §f                §7You have §31,877 §7materials stashed away!
04:42:20 §f              §8(This totals 4 types of materials stashed!)
04:42:20 §f                §3§l>>> §3§lCLICK HERE§b to pick them up! §3§l<<<
04:42:20   
04:43:20 §f                     §7You have §a2 §7items stashed away!
04:43:20 §f                §6§l>>> §6§lCLICK HERE§e to pick them up! §6§l<<<
04:43:20   
04:43:20 §f                §7You have §31,877 §7materials stashed away!
04:43:20 §f              §8(This totals 4 types of materials stashed!)
04:43:20 §f                §3§l>>> §3§lCLICK HERE§b to pick them up! §3§l<<<
04:43:20   
04:44:20 §f                     §7You have §a2 §7items stashed away!
04:44:20 §f                §6§l>>> §6§lCLICK HERE§e to pick them up! §6§l<<<
04:44:20   
04:44:20 §f                §7You have §31,877 §7materials stashed away!
04:44:20 §f              §8(This totals 4 types of materials stashed!)
04:44:20 §f                §3§l>>> §3§lCLICK HERE§b to pick them up! §3§l<<<
04:44:20   
04:45:22 §f                     §7You have §a2 §7items stashed away!
04:45:22 §f                §6§l>>> §6§lCLICK HERE§e to pick them up! §6§l<<<
04:45:22   
04:45:22 §f                §7You have §31,877 §7materials stashed away!
04:45:22 §f              §8(This totals 4 types of materials stashed!)
04:45:22 §f                §3§l>>> §3§lCLICK HERE§b to pick them up! §3§l<<<
04:45:22   
04:46:23 §f                     §7You have §a2 §7items stashed away!
04:46:23 §f                §6§l>>> §6§lCLICK HERE§e to pick them up! §6§l<<<
04:46:23   
04:46:23 §f                §7You have §31,877 §7materials stashed away!
04:46:23 §f              §8(This totals 4 types of materials stashed!)
04:46:23 §f                §3§l>>> §3§lCLICK HERE§b to pick them up! §3§l<<<
04:46:23   
04:47:23 §f                     §7You have §a2 §7items stashed away!
04:47:23 §f                §6§l>>> §6§lCLICK HERE§e to pick them up! §6§l<<<
04:47:23   
04:47:23 §f                §7You have §31,877 §7materials stashed away!
04:47:23 §f              §8(This totals 4 types of materials stashed!)
04:47:23 §f                §3§l>>> §3§lCLICK HERE§b to pick them up! §3§l<<<
04:47:23   
04:48:23 §f                     §7You have §a2 §7items stashed away!
04:48:23 §f                §6§l>>> §6§lCLICK HERE§e to pick them up! §6§l<<<
04:48:23   
04:48:23 §f                §7You have §31,877 §7materials stashed away!
04:48:23 §f              §8(This totals 4 types of materials stashed!)
04:48:23 §f                §3§l>>> §3§lCLICK HERE§b to pick them up! §3§l<<<
04:48:23   
04:49:24 §f                     §7You have §a2 §7items stashed away!
04:49:24 §f                §6§l>>> §6§lCLICK HERE§e to pick them up! §6§l<<<
04:49:24   
04:49:24 §f                §7You have §31,877 §7materials stashed away!
04:49:24 §f              §8(This totals 4 types of materials stashed!)
04:49:24 §f                §3§l>>> §3§lCLICK HERE§b to pick them up! §3§l<<<
04:49:24   
04:50:24 §f                     §7You have §a2 §7items stashed away!
04:50:24 §f                §6§l>>> §6§lCLICK HERE§e to pick them up! §6§l<<<
04:50:24   
04:50:24 §f                §7You have §31,877 §7materials stashed away!
04:50:24 §f              §8(This totals 4 types of materials stashed!)
04:50:24 §f                §3§l>>> §3§lCLICK HERE§b to pick them up! §3§l<<<
04:50:24   
04:51:24 §f                     §7You have §a2 §7items stashed away!
04:51:24 §f                §6§l>>> §6§lCLICK HERE§e to pick them up! §6§l<<<
04:51:24   
04:51:24 §f                §7You have §31,877 §7materials stashed away!
04:51:24 §f              §8(This totals 4 types of materials stashed!)
04:51:24 §f                §3§l>>> §3§lCLICK HERE§b to pick them up! §3§l<<<
04:51:24   
04:52:47 §f                     §7You have §a2 §7items stashed away!
04:52:47 §f                §6§l>>> §6§lCLICK HERE§e to pick them up! §6§l<<<
04:52:47   
04:52:47 §f                §7You have §31,877 §7materials stashed away!
04:52:47 §f              §8(This totals 4 types of materials stashed!)
04:52:47 §f                §3§l>>> §3§lCLICK HERE§b to pick them up! §3§l<<<
04:52:47   
04:53:48 §f                     §7You have §a2 §7items stashed away!
04:53:48 §f                §6§l>>> §6§lCLICK HERE§e to pick them up! §6§l<<<
04:53:48   
04:53:48 §f                §7You have §31,877 §7materials stashed away!
04:53:48 §f              §8(This totals 4 types of materials stashed!)
04:53:48 §f                §3§l>>> §3§lCLICK HERE§b to pick them up! §3§l<<<
04:53:48   
04:54:48 §f                     §7You have §a2 §7items stashed away!
04:54:48 §f                §6§l>>> §6§lCLICK HERE§e to pick them up! §6§l<<<
04:54:48   
04:54:48 §f                §7You have §31,877 §7materials stashed away!
04:54:48 §f              §8(This totals 4 types of materials stashed!)
04:54:48 §f                §3§l>>> §3§lCLICK HERE§b to pick them up! §3§l<<<
04:54:48   
04:55:49 §f                     §7You have §a2 §7items stashed away!
04:55:49 §f                §6§l>>> §6§lCLICK HERE§e to pick them up! §6§l<<<
04:55:49   
04:55:49 §f                §7You have §31,877 §7materials stashed away!
04:55:49 §f              §8(This totals 4 types of materials stashed!)
04:55:49 §f                §3§l>>> §3§lCLICK HERE§b to pick them up! §3§l<<<
04:55:49   
04:56:49 §f                     §7You have §a2 §7items stashed away!
04:56:49 §f                §6§l>>> §6§lCLICK HERE§e to pick them up! §6§l<<<
04:56:49   
04:56:49 §f                §7You have §31,877 §7materials stashed away!
04:56:49 §f              §8(This totals 4 types of materials stashed!)
04:56:49 §f                §3§l>>> §3§lCLICK HERE§b to pick them up! §3§l<<<
04:56:49   
04:57:49 §f                     §7You have §a2 §7items stashed away!
04:57:49 §f                §6§l>>> §6§lCLICK HERE§e to pick them up! §6§l<<<
04:57:49   
04:57:49 §f                §7You have §31,877 §7materials stashed away!
04:57:49 §f              §8(This totals 4 types of materials stashed!)
04:57:49 §f                §3§l>>> §3§lCLICK HERE§b to pick them up! §3§l<<<
04:57:49   
04:58:50 §f                     §7You have §a2 §7items stashed away!
04:58:50 §f                §6§l>>> §6§lCLICK HERE§e to pick them up! §6§l<<<
04:58:50   
04:58:50 §f                §7You have §31,877 §7materials stashed away!
04:58:50 §f              §8(This totals 4 types of materials stashed!)
04:58:50 §f                §3§l>>> §3§lCLICK HERE§b to pick them up! §3§l<<<
04:58:50   
04:59:50 §f                     §7You have §a2 §7items stashed away!
04:59:50 §f                §6§l>>> §6§lCLICK HERE§e to pick them up! §6§l<<<
04:59:50   
04:59:50 §f                §7You have §31,877 §7materials stashed away!
04:59:50 §f              §8(This totals 4 types of materials stashed!)
04:59:50 §f                §3§l>>> §3§lCLICK HERE§b to pick them up! §3§l<<<
04:59:50   
05:00:50 §f                     §7You have §a2 §7items stashed away!
05:00:50 §f                §6§l>>> §6§lCLICK HERE§e to pick them up! §6§l<<<
05:00:50   
05:00:50 §f                §7You have §31,877 §7materials stashed away!
05:00:50 §f              §8(This totals 4 types of materials stashed!)
05:00:50 §f                §3§l>>> §3§lCLICK HERE§b to pick them up! §3§l<<<
05:00:50   
05:01:51 §f                     §7You have §a2 §7items stashed away!
05:01:51 §f                §6§l>>> §6§lCLICK HERE§e to pick them up! §6§l<<<
05:01:51   
05:01:51 §f                §7You have §31,877 §7materials stashed away!
05:01:51 §f              §8(This totals 4 types of materials stashed!)
05:01:51 §f                §3§l>>> §3§lCLICK HERE§b to pick them up! §3§l<<<
05:01:51   
05:02:49 §f                     §7You have §a2 §7items stashed away!
05:02:49 §f                §6§l>>> §6§lCLICK HERE§e to pick them up! §6§l<<<
05:02:49   
05:04:00 §f                     §7You have §a2 §7items stashed away!
05:04:00 §f                §6§l>>> §6§lCLICK HERE§e to pick them up! §6§l<<<
05:04:00   
05:04:00 §f                §7You have §31,877 §7materials stashed away!
05:04:00 §f              §8(This totals 4 types of materials stashed!)
05:04:00 §f                §3§l>>> §3§lCLICK HERE§b to pick them up! §3§l<<<
05:04:00   
05:05:17 §f                     §7You have §a2 §7items stashed away!
05:05:17 §f                §6§l>>> §6§lCLICK HERE§e to pick them up! §6§l<<<
05:05:17   
05:05:17 §f                §7You have §31,877 §7materials stashed away!
05:05:17 §f              §8(This totals 4 types of materials stashed!)
05:05:17 §f                §3§l>>> §3§lCLICK HERE§b to pick them up! §3§l<<<
05:05:17   
05:06:16 §f                     §7You have §a2 §7items stashed away!
05:06:16 §f                §6§l>>> §6§lCLICK HERE§e to pick them up! §6§l<<<
05:06:16   
05:06:16 §f                §7You have §31,877 §7materials stashed away!
05:06:16 §f              §8(This totals 4 types of materials stashed!)
05:06:16 §f                §3§l>>> §3§lCLICK HERE§b to pick them up! §3§l<<<
05:06:16   
05:07:17 §f                     §7You have §a2 §7items stashed away!
05:07:17 §f                §6§l>>> §6§lCLICK HERE§e to pick them up! §6§l<<<
05:07:17   
05:07:17 §f                §7You have §31,877 §7materials stashed away!
05:07:17 §f              §8(This totals 4 types of materials stashed!)
05:07:17 §f                §3§l>>> §3§lCLICK HERE§b to pick them up! §3§l<<<
05:07:17   
05:08:18 §f                     §7You have §a2 §7items stashed away!
05:08:18 §f                §6§l>>> §6§lCLICK HERE§e to pick them up! §6§l<<<
05:08:18   
05:08:18 §f                §7You have §31,877 §7materials stashed away!
05:08:18 §f              §8(This totals 4 types of materials stashed!)
05:08:18 §f                §3§l>>> §3§lCLICK HERE§b to pick them up! §3§l<<<
05:08:18   
05:09:19 §f                     §7You have §a2 §7items stashed away!
05:09:19 §f                §6§l>>> §6§lCLICK HERE§e to pick them up! §6§l<<<
05:09:19   
05:09:19 §f                §7You have §31,877 §7materials stashed away!
05:09:19 §f              §8(This totals 4 types of materials stashed!)
05:09:19 §f                §3§l>>> §3§lCLICK HERE§b to pick them up! §3§l<<<
05:09:19   
05:10:34 §f                     §7You have §a2 §7items stashed away!
05:10:34 §f                §6§l>>> §6§lCLICK HERE§e to pick them up! §6§l<<<
05:10:34   
05:10:34 §f                §7You have §31,877 §7materials stashed away!
05:10:34 §f              §8(This totals 4 types of materials stashed!)
05:10:34 §f                §3§l>>> §3§lCLICK HERE§b to pick them up! §3§l<<<
05:10:34   
05:10:46 §f                     §7You have §a2 §7items stashed away!
05:10:46 §f                §6§l>>> §6§lCLICK HERE§e to pick them up! §6§l<<<
05:10:46   
05:10:46 §f                §7You have §31,877 §7materials stashed away!
05:10:46 §f              §8(This totals 4 types of materials stashed!)
05:10:46 §f                §3§l>>> §3§lCLICK HERE§b to pick them up! §3§l<<<
05:10:46   
05:11:47 §f                     §7You have §a2 §7items stashed away!
05:11:47 §f                §6§l>>> §6§lCLICK HERE§e to pick them up! §6§l<<<
05:11:47   
05:11:47 §f                §7You have §31,877 §7materials stashed away!
05:11:47 §f              §8(This totals 4 types of materials stashed!)
05:11:47 §f                §3§l>>> §3§lCLICK HERE§b to pick them up! §3§l<<<
05:11:47   
05:12:47 §f                     §7You have §a2 §7items stashed away!
05:12:47 §f                §6§l>>> §6§lCLICK HERE§e to pick them up! §6§l<<<
05:12:47   
05:12:47 §f                §7You have §31,877 §7materials stashed away!
05:12:47 §f              §8(This totals 4 types of materials stashed!)
05:12:47 §f                §3§l>>> §3§lCLICK HERE§b to pick them up! §3§l<<<
05:12:47   
05:13:47 §f                     §7You have §a2 §7items stashed away!
05:13:47 §f                §6§l>>> §6§lCLICK HERE§e to pick them up! §6§l<<<
05:13:47   
05:13:47 §f                §7You have §31,877 §7materials stashed away!
05:13:47 §f              §8(This totals 4 types of materials stashed!)
05:13:47 §f                §3§l>>> §3§lCLICK HERE§b to pick them up! §3§l<<<
05:13:47   
05:14:48 §f                     §7You have §a2 §7items stashed away!
05:14:48 §f                §6§l>>> §6§lCLICK HERE§e to pick them up! §6§l<<<
05:14:48   
05:14:48 §f                §7You have §31,877 §7materials stashed away!
05:14:48 §f              §8(This totals 4 types of materials stashed!)
05:14:48 §f                §3§l>>> §3§lCLICK HERE§b to pick them up! §3§l<<<
05:14:48   
05:15:48 §f                     §7You have §a2 §7items stashed away!
05:15:48 §f                §6§l>>> §6§lCLICK HERE§e to pick them up! §6§l<<<
05:15:48   
05:15:48 §f                §7You have §31,877 §7materials stashed away!
05:15:48 §f              §8(This totals 4 types of materials stashed!)
05:15:48 §f                §3§l>>> §3§lCLICK HERE§b to pick them up! §3§l<<<
05:15:48   
05:16:48 §f                     §7You have §a2 §7items stashed away!
05:16:48 §f                §6§l>>> §6§lCLICK HERE§e to pick them up! §6§l<<<
05:16:48   
05:16:48 §f                §7You have §31,877 §7materials stashed away!
05:16:48 §f              §8(This totals 4 types of materials stashed!)
05:16:48 §f                §3§l>>> §3§lCLICK HERE§b to pick them up! §3§l<<<
05:16:48   
05:17:49 §f                     §7You have §a2 §7items stashed away!
05:17:49 §f                §6§l>>> §6§lCLICK HERE§e to pick them up! §6§l<<<
05:17:49   
05:17:49 §f                §7You have §31,877 §7materials stashed away!
05:17:49 §f              §8(This totals 4 types of materials stashed!)
05:17:49 §f                §3§l>>> §3§lCLICK HERE§b to pick them up! §3§l<<<
05:17:49   
05:18:49 §f                     §7You have §a2 §7items stashed away!
05:18:49 §f                §6§l>>> §6§lCLICK HERE§e to pick them up! §6§l<<<
05:18:49   
05:18:49 §f                §7You have §31,877 §7materials stashed away!
05:18:49 §f              §8(This totals 4 types of materials stashed!)
05:18:49 §f                §3§l>>> §3§lCLICK HERE§b to pick them up! §3§l<<<
05:18:49   
05:19:49 §f                     §7You have §a2 §7items stashed away!
05:19:49 §f                §6§l>>> §6§lCLICK HERE§e to pick them up! §6§l<<<
05:19:49   
05:19:49 §f                §7You have §31,877 §7materials stashed away!
05:19:49 §f              §8(This totals 4 types of materials stashed!)
05:19:49 §f                §3§l>>> §3§lCLICK HERE§b to pick them up! §3§l<<<
05:19:49   
05:20:50 §f                     §7You have §a2 §7items stashed away!
05:20:50 §f                §6§l>>> §6§lCLICK HERE§e to pick them up! §6§l<<<
05:20:50   
05:20:50 §f                §7You have §31,877 §7materials stashed away!
05:20:50 §f              §8(This totals 4 types of materials stashed!)
05:20:50 §f                §3§l>>> §3§lCLICK HERE§b to pick them up! §3§l<<<
05:20:50   
05:21:50 §f                     §7You have §a2 §7items stashed away!
05:21:50 §f                §6§l>>> §6§lCLICK HERE§e to pick them up! §6§l<<<
05:21:50   
05:21:50 §f                §7You have §31,877 §7materials stashed away!
05:21:50 §f              §8(This totals 4 types of materials stashed!)
05:21:50 §f                §3§l>>> §3§lCLICK HERE§b to pick them up! §3§l<<<
05:21:50   
05:25:15 §f                     §7You have §a2 §7items stashed away!
05:25:15 §f                §6§l>>> §6§lCLICK HERE§e to pick them up! §6§l<<<
05:25:15   
05:25:15 §f                §7You have §31,877 §7materials stashed away!
05:25:15 §f              §8(This totals 4 types of materials stashed!)
05:25:15 §f                §3§l>>> §3§lCLICK HERE§b to pick them up! §3§l<<<
05:25:15   
05:25:57 §f                     §7You have §a2 §7items stashed away!
05:25:57 §f                §6§l>>> §6§lCLICK HERE§e to pick them up! §6§l<<<
05:25:57   
05:25:57 §f                §7You have §31,877 §7materials stashed away!
05:25:57 §f              §8(This totals 4 types of materials stashed!)
05:25:57 §f                §3§l>>> §3§lCLICK HERE§b to pick them up! §3§l<<<
05:25:57   
05:26:59 §f                     §7You have §a2 §7items stashed away!
05:26:59 §f                §6§l>>> §6§lCLICK HERE§e to pick them up! §6§l<<<
05:26:59   
05:26:59 §f                §7You have §31,877 §7materials stashed away!
05:26:59 §f              §8(This totals 4 types of materials stashed!)
05:26:59 §f                §3§l>>> §3§lCLICK HERE§b to pick them up! §3§l<<<
05:26:59   
05:27:59 §f                     §7You have §a2 §7items stashed away!
05:27:59 §f                §6§l>>> §6§lCLICK HERE§e to pick them up! §6§l<<<
05:27:59   
05:27:59 §f                §7You have §31,877 §7materials stashed away!
05:27:59 §f              §8(This totals 4 types of materials stashed!)
05:27:59 §f                §3§l>>> §3§lCLICK HERE§b to pick them up! §3§l<<<
05:27:59   
05:29:01 §f                     §7You have §a2 §7items stashed away!
05:29:01 §f                §6§l>>> §6§lCLICK HERE§e to pick them up! §6§l<<<
05:29:01   
05:29:01 §f                §7You have §31,877 §7materials stashed away!
05:29:01 §f              §8(This totals 4 types of materials stashed!)
05:29:01 §f                §3§l>>> §3§lCLICK HERE§b to pick them up! §3§l<<<
05:29:01   
05:30:01 §f                     §7You have §a2 §7items stashed away!
05:30:01 §f                §6§l>>> §6§lCLICK HERE§e to pick them up! §6§l<<<
05:30:01   
05:30:01 §f                §7You have §31,877 §7materials stashed away!
05:30:01 §f              §8(This totals 4 types of materials stashed!)
05:30:01 §f                §3§l>>> §3§lCLICK HERE§b to pick them up! §3§l<<<
05:30:01   
05:31:01 §f                     §7You have §a2 §7items stashed away!
05:31:01 §f                §6§l>>> §6§lCLICK HERE§e to pick them up! §6§l<<<
05:31:01   
05:31:01 §f                §7You have §31,877 §7materials stashed away!
05:31:01 §f              §8(This totals 4 types of materials stashed!)
05:31:01 §f                §3§l>>> §3§lCLICK HERE§b to pick them up! §3§l<<<
05:31:01   
05:32:02 §f                     §7You have §a2 §7items stashed away!
05:32:02 §f                §6§l>>> §6§lCLICK HERE§e to pick them up! §6§l<<<
05:32:02   
05:32:02 §f                §7You have §31,877 §7materials stashed away!
05:32:02 §f              §8(This totals 4 types of materials stashed!)
05:32:02 §f                §3§l>>> §3§lCLICK HERE§b to pick them up! §3§l<<<
05:32:02   
05:33:04 §f                     §7You have §a2 §7items stashed away!
05:33:04 §f                §6§l>>> §6§lCLICK HERE§e to pick them up! §6§l<<<
05:33:04   
05:33:04 §f                §7You have §31,877 §7materials stashed away!
05:33:04 §f              §8(This totals 4 types of materials stashed!)
05:33:04 §f                §3§l>>> §3§lCLICK HERE§b to pick them up! §3§l<<<
05:33:04   
05:34:04 §f                     §7You have §a2 §7items stashed away!
05:34:04 §f                §6§l>>> §6§lCLICK HERE§e to pick them up! §6§l<<<
05:34:04   
05:34:04 §f                §7You have §31,877 §7materials stashed away!
05:34:04 §f              §8(This totals 4 types of materials stashed!)
05:34:04 §f                §3§l>>> §3§lCLICK HERE§b to pick them up! §3§l<<<
05:34:04   
05:35:06 §f                     §7You have §a2 §7items stashed away!
05:35:06 §f                §6§l>>> §6§lCLICK HERE§e to pick them up! §6§l<<<
05:35:06   
05:35:06 §f                §7You have §31,877 §7materials stashed away!
05:35:06 §f              §8(This totals 4 types of materials stashed!)
05:35:06 §f                §3§l>>> §3§lCLICK HERE§b to pick them up! §3§l<<<
05:35:06   
05:36:06 §f                     §7You have §a2 §7items stashed away!
05:36:06 §f                §6§l>>> §6§lCLICK HERE§e to pick them up! §6§l<<<
05:36:06   
05:36:06 §f                §7You have §31,877 §7materials stashed away!
05:36:06 §f              §8(This totals 4 types of materials stashed!)
05:36:06 §f                §3§l>>> §3§lCLICK HERE§b to pick them up! §3§l<<<
05:36:06   
05:37:07 §f                     §7You have §a2 §7items stashed away!
05:37:07 §f                §6§l>>> §6§lCLICK HERE§e to pick them up! §6§l<<<
05:37:07   
05:37:07 §f                §7You have §31,877 §7materials stashed away!
05:37:07 §f              §8(This totals 4 types of materials stashed!)
05:37:07 §f                §3§l>>> §3§lCLICK HERE§b to pick them up! §3§l<<<
05:37:07   
05:38:11 §f                     §7You have §a2 §7items stashed away!
05:38:11 §f                §6§l>>> §6§lCLICK HERE§e to pick them up! §6§l<<<
05:38:11   
05:38:11 §f                §7You have §31,877 §7materials stashed away!
05:38:11 §f              §8(This totals 4 types of materials stashed!)
05:38:11 §f                §3§l>>> §3§lCLICK HERE§b to pick them up! §3§l<<<
05:38:11   
05:42:42 §f                     §7You have §a2 §7items stashed away!
05:42:42 §f                §6§l>>> §6§lCLICK HERE§e to pick them up! §6§l<<<
05:42:42   
05:42:42 §f                §7You have §31,877 §7materials stashed away!
05:42:42 §f              §8(This totals 4 types of materials stashed!)
05:42:42 §f                §3§l>>> §3§lCLICK HERE§b to pick them up! §3§l<<<
05:42:42   
05:43:11 §f                     §7You have §a2 §7items stashed away!
05:43:11 §f                §6§l>>> §6§lCLICK HERE§e to pick them up! §6§l<<<
05:43:11   
05:43:11 §f                §7You have §31,877 §7materials stashed away!
05:43:11 §f              §8(This totals 4 types of materials stashed!)
05:43:11 §f                §3§l>>> §3§lCLICK HERE§b to pick them up! §3§l<<<
05:43:11   
05:44:11 §f                     §7You have §a2 §7items stashed away!
05:44:11 §f                §6§l>>> §6§lCLICK HERE§e to pick them up! §6§l<<<
05:44:11   
05:44:11 §f                §7You have §31,877 §7materials stashed away!
05:44:11 §f              §8(This totals 4 types of materials stashed!)
05:44:11 §f                §3§l>>> §3§lCLICK HERE§b to pick them up! §3§l<<<
05:44:11   
05:45:14 §f                     §7You have §a2 §7items stashed away!
05:45:14 §f                §6§l>>> §6§lCLICK HERE§e to pick them up! §6§l<<<
05:45:14   
05:45:14 §f                §7You have §31,877 §7materials stashed away!
05:45:14 §f              §8(This totals 4 types of materials stashed!)
05:45:14 §f                §3§l>>> §3§lCLICK HERE§b to pick them up! §3§l<<<
05:45:14   
05:46:14 §f                     §7You have §a2 §7items stashed away!
05:46:14 §f                §6§l>>> §6§lCLICK HERE§e to pick them up! §6§l<<<
05:46:14   
05:46:14 §f                §7You have §31,877 §7materials stashed away!
05:46:14 §f              §8(This totals 4 types of materials stashed!)
05:46:14 §f                §3§l>>> §3§lCLICK HERE§b to pick them up! §3§l<<<
05:46:14   
05:47:15 §f                     §7You have §a2 §7items stashed away!
05:47:15 §f                §6§l>>> §6§lCLICK HERE§e to pick them up! §6§l<<<
05:47:15   
05:47:15 §f                §7You have §31,877 §7materials stashed away!
05:47:15 §f              §8(This totals 4 types of materials stashed!)
05:47:15 §f                §3§l>>> §3§lCLICK HERE§b to pick them up! §3§l<<<
05:47:15   
05:48:15 §f                     §7You have §a2 §7items stashed away!
05:48:15 §f                §6§l>>> §6§lCLICK HERE§e to pick them up! §6§l<<<
05:48:15   
05:48:15 §f                §7You have §31,877 §7materials stashed away!
05:48:15 §f              §8(This totals 4 types of materials stashed!)
05:48:15 §f                §3§l>>> §3§lCLICK HERE§b to pick them up! §3§l<<<
05:48:15   
05:49:18 §f                     §7You have §a2 §7items stashed away!
05:49:18 §f                §6§l>>> §6§lCLICK HERE§e to pick them up! §6§l<<<
05:49:18   
05:49:18 §f                §7You have §31,877 §7materials stashed away!
05:49:18 §f              §8(This totals 4 types of materials stashed!)
05:49:18 §f                §3§l>>> §3§lCLICK HERE§b to pick them up! §3§l<<<
05:49:18   
05:50:18 §f                     §7You have §a2 §7items stashed away!
05:50:18 §f                §6§l>>> §6§lCLICK HERE§e to pick them up! §6§l<<<
05:50:18   
05:50:18 §f                §7You have §31,877 §7materials stashed away!
05:50:18 §f              §8(This totals 4 types of materials stashed!)
05:50:18 §f                §3§l>>> §3§lCLICK HERE§b to pick them up! §3§l<<<
05:50:18   
05:51:18 §f                     §7You have §a2 §7items stashed away!
05:51:18 §f                §6§l>>> §6§lCLICK HERE§e to pick them up! §6§l<<<
05:51:18   
05:51:18 §f                §7You have §31,877 §7materials stashed away!
05:51:18 §f              §8(This totals 4 types of materials stashed!)
05:51:18 §f                §3§l>>> §3§lCLICK HERE§b to pick them up! §3§l<<<
05:51:18   
05:52:19 §f                     §7You have §a2 §7items stashed away!
05:52:19 §f                §6§l>>> §6§lCLICK HERE§e to pick them up! §6§l<<<
05:52:19   
05:52:19 §f                §7You have §31,877 §7materials stashed away!
05:52:19 §f              §8(This totals 4 types of materials stashed!)
05:52:19 §f                §3§l>>> §3§lCLICK HERE§b to pick them up! §3§l<<<
05:52:19   
