22:57:35 Trying to load config from config\skyhanni\config.json
22:57:35 load-config-now
22:57:35 Loaded config from file
22:57:35 Trying to load sacks from config\skyhanni\sacks.json
22:57:35 load-sacks-now
22:57:35 Loaded sacks from file
22:57:35 Trying to load friends from config\skyhanni\friends.json
22:57:35 load-friends-now
22:57:35 Loaded friends from file
22:57:35 Trying to load known_features from config\skyhanni\known_features.json
22:57:35 load-known_features-now
22:57:35 Loaded known_features from file
22:57:35 Trying to load jacob_contests from config\skyhanni\jacob_contests.json
22:57:35 Setting jacob_contests to be blank as it did not exist. It will be saved once something is written to it
22:57:35 Trying to load visual_words from config\skyhanni\visual_words.json
22:57:35 Setting visual_words to be blank as it did not exist. It will be saved once something is written to it
22:57:35 Trying to load pets from config\skyhanni\pets.json
22:57:35 load-pets-now
22:57:36 Loaded pets from file
22:58:36 saveConfig: auto-save-60s
22:58:36 Saving config file
22:58:36 Saved config file successfully
22:58:36 saveConfig: auto-save-60s
22:58:36 Saving config file
22:58:36 Saved config file successfully
22:59:36 saveConfig: auto-save-60s
22:59:36 Saving config file
22:59:36 Saved config file successfully
22:59:36 saveConfig: auto-save-60s
22:59:36 Saving config file
22:59:36 Saved config file successfully
23:00:36 saveConfig: auto-save-60s
23:00:36 Saving config file
23:00:36 Saved config file successfully
23:00:36 saveConfig: auto-save-60s
23:00:36 Saving config file
23:00:36 Saved config file successfully
23:01:36 saveConfig: auto-save-60s
23:01:36 Saving config file
23:01:36 Saved config file successfully
23:01:36 saveConfig: auto-save-60s
23:01:36 Saving config file
23:01:36 Saved config file successfully
23:02:36 saveConfig: auto-save-60s
23:02:36 Saving config file
23:02:36 Saved config file successfully
23:02:36 saveConfig: auto-save-60s
23:02:36 Saving config file
23:02:36 Saved config file successfully
23:03:36 saveConfig: auto-save-60s
23:03:36 Saving config file
23:03:36 Saved config file successfully
23:03:36 saveConfig: auto-save-60s
23:03:36 Saving config file
23:03:36 Saved config file successfully
23:03:46 saveConfig: Updated known feature flags
23:03:46 Saving known_features file
23:03:46 Saved known_features file successfully
23:03:46 saveConfig: Updated known feature flags
23:03:46 Saving known_features file
23:03:46 Saved known_features file successfully
23:04:36 saveConfig: auto-save-60s
23:04:36 Saving config file
23:04:36 Saved config file successfully
23:04:36 saveConfig: auto-save-60s
23:04:36 Saving config file
23:04:36 Saved config file successfully
23:05:06 saveConfig: saving-data
23:05:06 Saving pets file
23:05:06 Saved pets file successfully
23:05:06 saveConfig: saving-data
23:05:06 Saving pets file
23:05:06 Saved pets file successfully
23:05:36 saveConfig: auto-save-60s
23:05:36 Saving config file
23:05:36 Saved config file successfully
23:05:36 saveConfig: auto-save-60s
23:05:36 Saving config file
23:05:36 Saved config file successfully
23:05:37 saveConfig: saving-data
23:05:37 Saving pets file
23:05:37 Saved pets file successfully
23:05:37 saveConfig: saving-data
23:05:37 Saving pets file
23:05:37 Saved pets file successfully
23:06:15 saveConfig: saving-data
23:06:15 Saving pets file
23:06:15 Saved pets file successfully
23:06:15 saveConfig: saving-data
23:06:15 Saving pets file
23:06:15 Saved pets file successfully
23:06:36 saveConfig: auto-save-60s
23:06:36 Saving config file
23:06:36 Saved config file successfully
23:06:36 saveConfig: auto-save-60s
23:06:36 Saving config file
23:06:36 Saved config file successfully
23:06:46 saveConfig: saving-data
23:06:46 Saving pets file
23:06:46 Saved pets file successfully
23:06:46 saveConfig: saving-data
23:06:46 Saving pets file
23:06:46 Saved pets file successfully
23:07:36 saveConfig: auto-save-60s
23:07:36 Saving config file
23:07:36 Saved config file successfully
23:07:36 saveConfig: auto-save-60s
23:07:36 Saving config file
23:07:36 Saved config file successfully
23:08:36 saveConfig: auto-save-60s
23:08:36 Saving config file
23:08:36 Saved config file successfully
23:08:36 saveConfig: auto-save-60s
23:08:36 Saving config file
23:08:36 Saved config file successfully
23:09:36 saveConfig: auto-save-60s
23:09:36 Saving config file
23:09:36 Saved config file successfully
23:09:36 saveConfig: auto-save-60s
23:09:36 Saving config file
23:09:36 Saved config file successfully
23:10:36 saveConfig: auto-save-60s
23:10:36 Saving config file
23:10:36 Saved config file successfully
23:10:36 saveConfig: auto-save-60s
23:10:36 Saving config file
23:10:36 Saved config file successfully
23:11:36 saveConfig: auto-save-60s
23:11:36 Saving config file
23:11:36 Saved config file successfully
23:11:36 saveConfig: auto-save-60s
23:11:36 Saving config file
23:11:36 Saved config file successfully
23:12:33 saveConfig: saving-data
23:12:33 Saving pets file
23:12:33 Saved pets file successfully
23:12:33 saveConfig: saving-data
23:12:33 Saving pets file
23:12:33 Saved pets file successfully
23:12:36 saveConfig: auto-save-60s
23:12:36 Saving config file
23:12:36 Saved config file successfully
23:12:36 saveConfig: auto-save-60s
23:12:36 Saving config file
23:12:36 Saved config file successfully
23:13:04 saveConfig: saving-data
23:13:04 Saving pets file
23:13:04 Saved pets file successfully
23:13:04 saveConfig: saving-data
23:13:04 Saving pets file
23:13:04 Saved pets file successfully
23:13:35 saveConfig: saving-data
23:13:35 Saving pets file
23:13:35 Saved pets file successfully
23:13:35 saveConfig: saving-data
23:13:35 Saving pets file
23:13:35 Saved pets file successfully
23:13:36 saveConfig: auto-save-60s
23:13:36 Saving config file
23:13:36 Saved config file successfully
23:13:36 saveConfig: auto-save-60s
23:13:36 Saving config file
23:13:36 Saved config file successfully
23:14:36 saveConfig: auto-save-60s
23:14:36 Saving config file
23:14:36 Saved config file successfully
23:14:36 saveConfig: auto-save-60s
23:14:36 Saving config file
23:14:36 Saved config file successfully
23:15:36 saveConfig: auto-save-60s
23:15:36 Saving config file
23:15:36 Saved config file successfully
23:15:36 saveConfig: auto-save-60s
23:15:36 Saving config file
23:15:36 Saved config file successfully
23:16:36 saveConfig: auto-save-60s
23:16:36 Saving config file
23:16:36 Saved config file successfully
23:16:36 saveConfig: auto-save-60s
23:16:36 Saving config file
23:16:36 Saved config file successfully
23:17:36 saveConfig: auto-save-60s
23:17:36 Saving config file
23:17:36 Saved config file successfully
23:17:36 saveConfig: auto-save-60s
23:17:36 Saving config file
23:17:36 Saved config file successfully
23:18:36 saveConfig: auto-save-60s
23:18:36 Saving config file
23:18:36 Saved config file successfully
23:18:36 saveConfig: auto-save-60s
23:18:36 Saving config file
23:18:36 Saved config file successfully
23:19:36 saveConfig: auto-save-60s
23:19:36 Saving config file
23:19:36 Saved config file successfully
23:19:36 saveConfig: auto-save-60s
23:19:36 Saving config file
23:19:36 Saved config file successfully
23:20:36 saveConfig: auto-save-60s
23:20:36 Saving config file
23:20:36 Saved config file successfully
23:20:36 saveConfig: auto-save-60s
23:20:36 Saving config file
23:20:36 Saved config file successfully
23:21:36 saveConfig: auto-save-60s
23:21:36 Saving config file
23:21:36 Saved config file successfully
23:21:36 saveConfig: auto-save-60s
23:21:36 Saving config file
23:21:36 Saved config file successfully
23:22:36 saveConfig: auto-save-60s
23:22:36 Saving config file
23:22:36 Saved config file successfully
23:22:36 saveConfig: auto-save-60s
23:22:36 Saving config file
23:22:36 Saved config file successfully
23:23:36 saveConfig: auto-save-60s
23:23:36 Saving config file
23:23:36 Saved config file successfully
23:23:36 saveConfig: auto-save-60s
23:23:36 Saving config file
23:23:36 Saved config file successfully
23:24:36 saveConfig: auto-save-60s
23:24:36 Saving config file
23:24:36 Saved config file successfully
23:24:36 saveConfig: auto-save-60s
23:24:36 Saving config file
23:24:36 Saved config file successfully
23:24:38 saveConfig: saving-data
23:24:38 Saving pets file
23:24:38 Saved pets file successfully
23:24:38 saveConfig: saving-data
23:24:38 Saving pets file
23:24:38 Saved pets file successfully
23:25:09 saveConfig: saving-data
23:25:09 Saving pets file
23:25:09 Saved pets file successfully
23:25:09 saveConfig: saving-data
23:25:09 Saving pets file
23:25:09 Saved pets file successfully
23:25:36 saveConfig: auto-save-60s
23:25:36 Saving config file
23:25:36 Saved config file successfully
23:25:36 saveConfig: auto-save-60s
23:25:36 Saving config file
23:25:36 Saved config file successfully
23:25:40 saveConfig: saving-data
23:25:40 Saving pets file
23:25:40 Saved pets file successfully
23:25:40 saveConfig: saving-data
23:25:40 Saving pets file
23:25:40 Saved pets file successfully
23:26:36 saveConfig: auto-save-60s
23:26:36 Saving config file
23:26:36 Saved config file successfully
23:26:36 saveConfig: auto-save-60s
23:26:36 Saving config file
23:26:36 Saved config file successfully
23:27:36 saveConfig: auto-save-60s
23:27:36 Saving config file
23:27:36 Saved config file successfully
23:27:36 saveConfig: auto-save-60s
23:27:36 Saving config file
23:27:36 Saved config file successfully
23:28:36 saveConfig: auto-save-60s
23:28:36 Saving config file
23:28:36 Saved config file successfully
23:28:36 saveConfig: auto-save-60s
23:28:36 Saving config file
23:28:36 Saved config file successfully
23:29:36 saveConfig: auto-save-60s
23:29:36 Saving config file
23:29:36 Saved config file successfully
23:29:36 saveConfig: auto-save-60s
23:29:36 Saving config file
23:29:36 Saved config file successfully
23:30:36 saveConfig: auto-save-60s
23:30:36 Saving config file
23:30:36 Saved config file successfully
23:30:36 saveConfig: auto-save-60s
23:30:36 Saving config file
23:30:36 Saved config file successfully
23:31:36 saveConfig: auto-save-60s
23:31:36 Saving config file
23:31:36 Saved config file successfully
23:31:36 saveConfig: auto-save-60s
23:31:36 Saving config file
23:31:36 Saved config file successfully
23:32:36 saveConfig: auto-save-60s
23:32:36 Saving config file
23:32:36 Saved config file successfully
23:32:36 saveConfig: auto-save-60s
23:32:36 Saving config file
23:32:36 Saved config file successfully
23:33:36 saveConfig: auto-save-60s
23:33:36 Saving config file
23:33:36 Saved config file successfully
23:33:36 saveConfig: auto-save-60s
23:33:36 Saving config file
23:33:36 Saved config file successfully
23:34:36 saveConfig: auto-save-60s
23:34:36 Saving config file
23:34:36 Saved config file successfully
23:34:36 saveConfig: auto-save-60s
23:34:36 Saving config file
23:34:36 Saved config file successfully
23:35:36 saveConfig: auto-save-60s
23:35:36 Saving config file
23:35:36 Saved config file successfully
23:35:36 saveConfig: auto-save-60s
23:35:36 Saving config file
23:35:36 Saved config file successfully
23:36:36 saveConfig: auto-save-60s
23:36:36 Saving config file
23:36:36 Saved config file successfully
23:36:36 saveConfig: auto-save-60s
23:36:36 Saving config file
23:36:36 Saved config file successfully
23:37:36 saveConfig: auto-save-60s
23:37:36 Saving config file
23:37:36 Saved config file successfully
23:37:36 saveConfig: auto-save-60s
23:37:36 Saving config file
23:37:36 Saved config file successfully
23:38:36 saveConfig: auto-save-60s
23:38:36 Saving config file
23:38:36 Saved config file successfully
23:38:36 saveConfig: auto-save-60s
23:38:36 Saving config file
23:38:36 Saved config file successfully
23:38:52 saveConfig: saving-data
23:38:52 Saving sacks file
23:38:52 Saved sacks file successfully
23:38:52 saveConfig: saving-data
23:38:52 Saving sacks file
23:38:52 Saved sacks file successfully
23:39:36 saveConfig: auto-save-60s
23:39:36 Saving config file
23:39:36 Saved config file successfully
23:39:36 saveConfig: auto-save-60s
23:39:36 Saving config file
23:39:36 Saved config file successfully
23:40:36 saveConfig: auto-save-60s
23:40:36 Saving config file
23:40:36 Saved config file successfully
23:40:36 saveConfig: auto-save-60s
23:40:36 Saving config file
23:40:36 Saved config file successfully
23:41:36 saveConfig: auto-save-60s
23:41:36 Saving config file
23:41:36 Saved config file successfully
23:41:36 saveConfig: auto-save-60s
23:41:36 Saving config file
23:41:36 Saved config file successfully
23:42:10 saveConfig: saving-data
23:42:10 Saving sacks file
23:42:10 Saved sacks file successfully
23:42:10 saveConfig: saving-data
23:42:10 Saving sacks file
23:42:10 Saved sacks file successfully
23:42:36 saveConfig: auto-save-60s
23:42:36 Saving config file
23:42:36 Saved config file successfully
23:42:36 saveConfig: auto-save-60s
23:42:36 Saving config file
23:42:36 Saved config file successfully
23:43:36 saveConfig: auto-save-60s
23:43:36 Saving config file
23:43:36 Saved config file successfully
23:43:36 saveConfig: auto-save-60s
23:43:36 Saving config file
23:43:36 Saved config file successfully
23:44:36 saveConfig: auto-save-60s
23:44:36 Saving config file
23:44:36 Saved config file successfully
23:44:36 saveConfig: auto-save-60s
23:44:36 Saving config file
23:44:36 Saved config file successfully
23:45:36 saveConfig: auto-save-60s
23:45:36 Saving config file
23:45:36 Saved config file successfully
23:45:36 saveConfig: auto-save-60s
23:45:36 Saving config file
23:45:36 Saved config file successfully
23:46:09 saveConfig: saving-data
23:46:09 Saving pets file
23:46:09 Saved pets file successfully
23:46:09 saveConfig: saving-data
23:46:09 Saving pets file
23:46:09 Saved pets file successfully
23:46:36 saveConfig: auto-save-60s
23:46:36 Saving config file
23:46:36 Saved config file successfully
23:46:36 saveConfig: auto-save-60s
23:46:36 Saving config file
23:46:36 Saved config file successfully
23:46:40 saveConfig: saving-data
23:46:40 Saving pets file
23:46:40 Saved pets file successfully
23:46:40 saveConfig: saving-data
23:46:40 Saving pets file
23:46:40 Saved pets file successfully
23:47:36 saveConfig: auto-save-60s
23:47:36 Saving config file
23:47:36 Saved config file successfully
23:47:36 saveConfig: auto-save-60s
23:47:36 Saving config file
23:47:36 Saved config file successfully
23:48:36 saveConfig: auto-save-60s
23:48:36 Saving config file
23:48:36 Saved config file successfully
23:48:36 saveConfig: auto-save-60s
23:48:36 Saving config file
23:48:36 Saved config file successfully
23:49:36 saveConfig: auto-save-60s
23:49:36 Saving config file
23:49:36 Saved config file successfully
23:49:36 saveConfig: auto-save-60s
23:49:36 Saving config file
23:49:36 Saved config file successfully
23:50:36 saveConfig: auto-save-60s
23:50:36 Saving config file
23:50:36 Saved config file successfully
23:50:36 saveConfig: auto-save-60s
23:50:36 Saving config file
23:50:36 Saved config file successfully
23:51:36 saveConfig: auto-save-60s
23:51:36 Saving config file
23:51:36 Saved config file successfully
23:51:36 saveConfig: auto-save-60s
23:51:36 Saving config file
23:51:36 Saved config file successfully
23:52:36 saveConfig: auto-save-60s
23:52:36 Saving config file
23:52:36 Saved config file successfully
23:52:36 saveConfig: auto-save-60s
23:52:36 Saving config file
23:52:36 Saved config file successfully
23:53:36 saveConfig: auto-save-60s
23:53:36 Saving config file
23:53:36 Saved config file successfully
23:53:36 saveConfig: auto-save-60s
23:53:36 Saving config file
23:53:36 Saved config file successfully
23:54:36 saveConfig: auto-save-60s
23:54:36 Saving config file
23:54:36 Saved config file successfully
23:54:36 saveConfig: auto-save-60s
23:54:36 Saving config file
23:54:36 Saved config file successfully
23:55:36 saveConfig: auto-save-60s
23:55:36 Saving config file
23:55:36 Saved config file successfully
23:55:36 saveConfig: auto-save-60s
23:55:36 Saving config file
23:55:36 Saved config file successfully
23:56:36 saveConfig: auto-save-60s
23:56:36 Saving config file
23:56:36 Saved config file successfully
23:56:36 saveConfig: auto-save-60s
23:56:36 Saving config file
23:56:36 Saved config file successfully
23:57:36 saveConfig: auto-save-60s
23:57:36 Saving config file
23:57:36 Saved config file successfully
23:57:36 saveConfig: auto-save-60s
23:57:36 Saving config file
23:57:36 Saved config file successfully
23:58:36 saveConfig: auto-save-60s
23:58:36 Saving config file
23:58:36 Saved config file successfully
23:58:36 saveConfig: auto-save-60s
23:58:36 Saving config file
23:58:36 Saved config file successfully
23:59:36 saveConfig: auto-save-60s
23:59:36 Saving config file
23:59:36 Saved config file successfully
23:59:36 saveConfig: auto-save-60s
23:59:36 Saving config file
23:59:36 Saved config file successfully
00:00:36 saveConfig: auto-save-60s
00:00:36 Saving config file
00:00:36 Saved config file successfully
00:00:36 saveConfig: auto-save-60s
00:00:36 Saving config file
00:00:36 Saved config file successfully
00:01:36 saveConfig: auto-save-60s
00:01:36 Saving config file
00:01:36 Saved config file successfully
00:01:36 saveConfig: auto-save-60s
00:01:36 Saving config file
00:01:36 Saved config file successfully
00:02:36 saveConfig: auto-save-60s
00:02:36 Saving config file
00:02:36 Saved config file successfully
00:02:36 saveConfig: auto-save-60s
00:02:36 Saving config file
00:02:36 Saved config file successfully
00:03:36 saveConfig: auto-save-60s
00:03:36 Saving config file
00:03:36 Saved config file successfully
00:03:36 saveConfig: auto-save-60s
00:03:36 Saving config file
00:03:36 Saved config file successfully
00:04:36 saveConfig: auto-save-60s
00:04:36 Saving config file
00:04:36 Saved config file successfully
00:04:36 saveConfig: auto-save-60s
00:04:36 Saving config file
00:04:36 Saved config file successfully
00:05:36 saveConfig: auto-save-60s
00:05:36 Saving config file
00:05:36 Saved config file successfully
00:05:36 saveConfig: auto-save-60s
00:05:36 Saving config file
00:05:36 Saved config file successfully
00:06:36 saveConfig: auto-save-60s
00:06:36 Saving config file
00:06:36 Saved config file successfully
00:06:36 saveConfig: auto-save-60s
00:06:36 Saving config file
00:06:36 Saved config file successfully
00:07:36 saveConfig: auto-save-60s
00:07:36 Saving config file
00:07:36 Saved config file successfully
00:07:36 saveConfig: auto-save-60s
00:07:36 Saving config file
00:07:36 Saved config file successfully
00:08:36 saveConfig: auto-save-60s
00:08:36 Saving config file
00:08:36 Saved config file successfully
00:08:36 saveConfig: auto-save-60s
00:08:36 Saving config file
00:08:36 Saved config file successfully
00:09:36 saveConfig: auto-save-60s
00:09:36 Saving config file
00:09:36 Saved config file successfully
00:09:36 saveConfig: auto-save-60s
00:09:36 Saving config file
00:09:36 Saved config file successfully
00:10:36 saveConfig: auto-save-60s
00:10:36 Saving config file
00:10:36 Saved config file successfully
00:10:36 saveConfig: auto-save-60s
00:10:36 Saving config file
00:10:36 Saved config file successfully
00:11:36 saveConfig: auto-save-60s
00:11:36 Saving config file
00:11:36 Saved config file successfully
00:11:36 saveConfig: auto-save-60s
00:11:36 Saving config file
00:11:36 Saved config file successfully
00:12:36 saveConfig: auto-save-60s
00:12:36 Saving config file
00:12:36 Saved config file successfully
00:12:36 saveConfig: auto-save-60s
00:12:36 Saving config file
00:12:36 Saved config file successfully
00:13:36 saveConfig: auto-save-60s
00:13:36 Saving config file
00:13:36 Saved config file successfully
00:13:36 saveConfig: auto-save-60s
00:13:36 Saving config file
00:13:36 Saved config file successfully
00:14:36 saveConfig: auto-save-60s
00:14:36 Saving config file
00:14:36 Saved config file successfully
00:14:36 saveConfig: auto-save-60s
00:14:36 Saving config file
00:14:36 Saved config file successfully
00:15:36 saveConfig: auto-save-60s
00:15:36 Saving config file
00:15:36 Saved config file successfully
00:15:36 saveConfig: auto-save-60s
00:15:36 Saving config file
00:15:36 Saved config file successfully
00:16:36 saveConfig: auto-save-60s
00:16:36 Saving config file
00:16:36 Saved config file successfully
00:16:36 saveConfig: auto-save-60s
00:16:36 Saving config file
00:16:36 Saved config file successfully
00:17:36 saveConfig: auto-save-60s
00:17:36 Saving config file
00:17:36 Saved config file successfully
00:17:36 saveConfig: auto-save-60s
00:17:36 Saving config file
00:17:36 Saved config file successfully
00:18:36 saveConfig: auto-save-60s
00:18:36 Saving config file
00:18:36 Saved config file successfully
00:18:36 saveConfig: auto-save-60s
00:18:36 Saving config file
00:18:36 Saved config file successfully
00:19:36 saveConfig: auto-save-60s
00:19:36 Saving config file
00:19:36 Saved config file successfully
00:19:36 saveConfig: auto-save-60s
00:19:36 Saving config file
00:19:36 Saved config file successfully
00:20:36 saveConfig: auto-save-60s
00:20:36 Saving config file
00:20:36 Saved config file successfully
00:20:36 saveConfig: auto-save-60s
00:20:36 Saving config file
00:20:36 Saved config file successfully
00:20:43 saveConfig: saving-data
00:20:43 Saving pets file
00:20:43 Saved pets file successfully
00:20:43 saveConfig: saving-data
00:20:43 Saving pets file
00:20:43 Saved pets file successfully
00:21:14 saveConfig: saving-data
00:21:14 Saving pets file
00:21:14 Saved pets file successfully
00:21:14 saveConfig: saving-data
00:21:14 Saving pets file
00:21:14 Saved pets file successfully
00:21:36 saveConfig: auto-save-60s
00:21:36 Saving config file
00:21:36 Saved config file successfully
00:21:36 saveConfig: auto-save-60s
00:21:36 Saving config file
00:21:36 Saved config file successfully
00:22:36 saveConfig: auto-save-60s
00:22:36 Saving config file
00:22:36 Saved config file successfully
00:22:36 saveConfig: auto-save-60s
00:22:36 Saving config file
00:22:36 Saved config file successfully
00:23:36 saveConfig: auto-save-60s
00:23:36 Saving config file
00:23:36 Saved config file successfully
00:23:36 saveConfig: auto-save-60s
00:23:36 Saving config file
00:23:36 Saved config file successfully
00:24:36 saveConfig: auto-save-60s
00:24:36 Saving config file
00:24:36 Saved config file successfully
00:24:36 saveConfig: auto-save-60s
00:24:36 Saving config file
00:24:36 Saved config file successfully
00:25:36 saveConfig: auto-save-60s
00:25:36 Saving config file
00:25:36 Saved config file successfully
00:25:36 saveConfig: auto-save-60s
00:25:36 Saving config file
00:25:36 Saved config file successfully
00:26:36 saveConfig: auto-save-60s
00:26:36 Saving config file
00:26:36 Saved config file successfully
00:26:36 saveConfig: auto-save-60s
00:26:36 Saving config file
00:26:36 Saved config file successfully
00:27:36 saveConfig: auto-save-60s
00:27:36 Saving config file
00:27:36 Saved config file successfully
00:27:36 saveConfig: auto-save-60s
00:27:36 Saving config file
00:27:36 Saved config file successfully
00:28:36 saveConfig: auto-save-60s
00:28:36 Saving config file
00:28:36 Saved config file successfully
00:28:36 saveConfig: auto-save-60s
00:28:36 Saving config file
00:28:36 Saved config file successfully
00:29:36 saveConfig: auto-save-60s
00:29:36 Saving config file
00:29:36 Saved config file successfully
00:29:36 saveConfig: auto-save-60s
00:29:36 Saving config file
00:29:36 Saved config file successfully
00:30:36 saveConfig: auto-save-60s
00:30:36 Saving config file
00:30:36 Saved config file successfully
00:30:36 saveConfig: auto-save-60s
00:30:36 Saving config file
00:30:36 Saved config file successfully
00:31:36 saveConfig: auto-save-60s
00:31:36 Saving config file
00:31:36 Saved config file successfully
00:31:36 saveConfig: auto-save-60s
00:31:36 Saving config file
00:31:36 Saved config file successfully
00:32:36 saveConfig: auto-save-60s
00:32:36 Saving config file
00:32:36 Saved config file successfully
00:32:36 saveConfig: auto-save-60s
00:32:36 Saving config file
00:32:36 Saved config file successfully
00:33:36 saveConfig: auto-save-60s
00:33:36 Saving config file
00:33:36 Saved config file successfully
00:33:36 saveConfig: auto-save-60s
00:33:36 Saving config file
00:33:36 Saved config file successfully
00:34:36 saveConfig: auto-save-60s
00:34:36 Saving config file
00:34:36 Saved config file successfully
00:34:36 saveConfig: auto-save-60s
00:34:36 Saving config file
00:34:36 Saved config file successfully
00:35:36 saveConfig: auto-save-60s
00:35:36 Saving config file
00:35:36 Saved config file successfully
00:35:36 saveConfig: auto-save-60s
00:35:36 Saving config file
00:35:36 Saved config file successfully
00:36:36 saveConfig: auto-save-60s
00:36:36 Saving config file
00:36:36 Saved config file successfully
00:36:36 saveConfig: auto-save-60s
00:36:36 Saving config file
00:36:36 Saved config file successfully
00:37:36 saveConfig: auto-save-60s
00:37:36 Saving config file
00:37:36 Saved config file successfully
00:37:36 saveConfig: auto-save-60s
00:37:36 Saving config file
00:37:36 Saved config file successfully
00:38:36 saveConfig: auto-save-60s
00:38:36 Saving config file
00:38:36 Saved config file successfully
00:38:36 saveConfig: auto-save-60s
00:38:36 Saving config file
00:38:36 Saved config file successfully
00:39:36 saveConfig: auto-save-60s
00:39:36 Saving config file
00:39:36 Saved config file successfully
00:39:36 saveConfig: auto-save-60s
00:39:36 Saving config file
00:39:36 Saved config file successfully
00:40:36 saveConfig: auto-save-60s
00:40:36 Saving config file
00:40:36 Saved config file successfully
00:40:36 saveConfig: auto-save-60s
00:40:36 Saving config file
00:40:36 Saved config file successfully
00:41:36 saveConfig: auto-save-60s
00:41:36 Saving config file
00:41:36 Saved config file successfully
00:41:36 saveConfig: auto-save-60s
00:41:36 Saving config file
00:41:36 Saved config file successfully
00:42:36 saveConfig: auto-save-60s
00:42:36 Saving config file
00:42:36 Saved config file successfully
00:42:36 saveConfig: auto-save-60s
00:42:36 Saving config file
00:42:36 Saved config file successfully
00:42:37 saveConfig: saving-data
00:42:37 Saving pets file
00:42:37 Saved pets file successfully
00:42:37 saveConfig: saving-data
00:42:37 Saving pets file
00:42:37 Saved pets file successfully
00:43:08 saveConfig: saving-data
00:43:08 Saving pets file
00:43:08 Saved pets file successfully
00:43:08 saveConfig: saving-data
00:43:08 Saving pets file
00:43:08 Saved pets file successfully
00:43:36 saveConfig: auto-save-60s
00:43:36 Saving config file
00:43:36 Saved config file successfully
00:43:36 saveConfig: auto-save-60s
00:43:36 Saving config file
00:43:36 Saved config file successfully
00:43:39 saveConfig: saving-data
00:43:39 Saving pets file
00:43:39 Saved pets file successfully
00:43:39 saveConfig: saving-data
00:43:39 Saving pets file
00:43:39 Saved pets file successfully
00:44:16 saveConfig: saving-data
00:44:16 Saving pets file
00:44:16 Saved pets file successfully
00:44:16 saveConfig: saving-data
00:44:16 Saving pets file
00:44:16 Saved pets file successfully
00:44:36 saveConfig: auto-save-60s
00:44:36 Saving config file
00:44:36 Saved config file successfully
00:44:36 saveConfig: auto-save-60s
00:44:36 Saving config file
00:44:36 Saved config file successfully
00:45:36 saveConfig: auto-save-60s
00:45:36 Saving config file
00:45:36 Saved config file successfully
00:45:36 saveConfig: auto-save-60s
00:45:36 Saving config file
00:45:36 Saved config file successfully
00:46:14 saveConfig: saving-data
00:46:14 Saving pets file
00:46:14 Saved pets file successfully
00:46:14 saveConfig: saving-data
00:46:14 Saving pets file
00:46:14 Saved pets file successfully
00:46:36 saveConfig: auto-save-60s
00:46:36 Saving config file
00:46:36 Saved config file successfully
00:46:36 saveConfig: auto-save-60s
00:46:36 Saving config file
00:46:36 Saved config file successfully
00:46:45 saveConfig: saving-data
00:46:45 Saving pets file
00:46:45 Saved pets file successfully
00:46:45 saveConfig: saving-data
00:46:45 Saving pets file
00:46:45 Saved pets file successfully
00:47:19 saveConfig: saving-data
00:47:19 Saving pets file
00:47:19 Saved pets file successfully
00:47:19 saveConfig: saving-data
00:47:19 Saving pets file
00:47:19 Saved pets file successfully
00:47:36 saveConfig: auto-save-60s
00:47:36 Saving config file
00:47:36 Saved config file successfully
00:47:36 saveConfig: auto-save-60s
00:47:36 Saving config file
00:47:36 Saved config file successfully
00:47:50 saveConfig: saving-data
00:47:50 Saving pets file
00:47:50 Saved pets file successfully
00:47:50 saveConfig: saving-data
00:47:50 Saving pets file
00:47:50 Saved pets file successfully
00:48:36 saveConfig: auto-save-60s
00:48:36 Saving config file
00:48:36 Saved config file successfully
00:48:36 saveConfig: auto-save-60s
00:48:36 Saving config file
00:48:36 Saved config file successfully
00:49:36 saveConfig: auto-save-60s
00:49:36 Saving config file
00:49:36 Saved config file successfully
00:49:36 saveConfig: auto-save-60s
00:49:36 Saving config file
00:49:36 Saved config file successfully
00:50:36 saveConfig: auto-save-60s
00:50:36 Saving config file
00:50:36 Saved config file successfully
00:50:36 saveConfig: auto-save-60s
00:50:36 Saving config file
00:50:36 Saved config file successfully
00:51:36 saveConfig: auto-save-60s
00:51:36 Saving config file
00:51:36 Saved config file successfully
00:51:36 saveConfig: auto-save-60s
00:51:36 Saving config file
00:51:36 Saved config file successfully
00:52:36 saveConfig: auto-save-60s
00:52:36 Saving config file
00:52:36 Saved config file successfully
00:52:36 saveConfig: auto-save-60s
00:52:36 Saving config file
00:52:36 Saved config file successfully
00:53:36 saveConfig: auto-save-60s
00:53:36 Saving config file
00:53:36 Saved config file successfully
00:53:36 saveConfig: auto-save-60s
00:53:36 Saving config file
00:53:36 Saved config file successfully
00:54:36 saveConfig: auto-save-60s
00:54:36 Saving config file
00:54:36 Saved config file successfully
00:54:36 saveConfig: auto-save-60s
00:54:36 Saving config file
00:54:36 Saved config file successfully
00:55:36 saveConfig: auto-save-60s
00:55:36 Saving config file
00:55:36 Saved config file successfully
00:55:36 saveConfig: auto-save-60s
00:55:36 Saving config file
00:55:36 Saved config file successfully
00:56:36 saveConfig: auto-save-60s
00:56:36 Saving config file
00:56:36 Saved config file successfully
00:56:36 saveConfig: auto-save-60s
00:56:36 Saving config file
00:56:36 Saved config file successfully
00:57:36 saveConfig: auto-save-60s
00:57:36 Saving config file
00:57:36 Saved config file successfully
00:57:36 saveConfig: auto-save-60s
00:57:36 Saving config file
00:57:36 Saved config file successfully
00:58:36 saveConfig: auto-save-60s
00:58:36 Saving config file
00:58:36 Saved config file successfully
00:58:36 saveConfig: auto-save-60s
00:58:36 Saving config file
00:58:36 Saved config file successfully
00:58:55 saveConfig: shutdown-hook
00:58:55 Saving config file
