21:57:56 Trying to load config from config\skyhanni\config.json
21:57:56 load-config-now
21:57:56 Loaded config from file
21:57:56 Trying to load sacks from config\skyhanni\sacks.json
21:57:56 load-sacks-now
21:57:56 Loaded sacks from file
21:57:56 Trying to load friends from config\skyhanni\friends.json
21:57:56 load-friends-now
21:57:56 Loaded friends from file
21:57:56 Trying to load known_features from config\skyhanni\known_features.json
21:57:56 load-known_features-now
21:57:56 Loaded known_features from file
21:57:56 Trying to load jacob_contests from config\skyhanni\jacob_contests.json
21:57:56 Setting jacob_contests to be blank as it did not exist. It will be saved once something is written to it
21:57:56 Trying to load visual_words from config\skyhanni\visual_words.json
21:57:56 Setting visual_words to be blank as it did not exist. It will be saved once something is written to it
21:57:56 Trying to load pets from config\skyhanni\pets.json
21:57:56 load-pets-now
21:57:56 Loaded pets from file
21:58:56 saveConfig: auto-save-60s
21:58:56 Saving config file
21:58:57 Saved config file successfully
21:58:57 saveConfig: auto-save-60s
21:58:57 Saving config file
21:58:57 Saved config file successfully
21:59:56 saveConfig: auto-save-60s
21:59:56 Saving config file
21:59:57 Saved config file successfully
21:59:57 saveConfig: auto-save-60s
21:59:57 Saving config file
21:59:57 Saved config file successfully
22:00:02 saveConfig: Updated known feature flags
22:00:02 Saving known_features file
22:00:02 Saved known_features file successfully
22:00:02 saveConfig: Updated known feature flags
22:00:02 Saving known_features file
22:00:02 Saved known_features file successfully
22:00:56 saveConfig: auto-save-60s
22:00:56 Saving config file
22:00:56 Saved config file successfully
22:00:56 saveConfig: auto-save-60s
22:00:56 Saving config file
22:00:57 Saved config file successfully
22:01:47 saveConfig: saving-data
22:01:47 Saving pets file
22:01:47 Saved pets file successfully
22:01:47 saveConfig: saving-data
22:01:47 Saving pets file
22:01:47 Saved pets file successfully
22:01:56 saveConfig: auto-save-60s
22:01:56 Saving config file
22:01:56 Saved config file successfully
22:01:56 saveConfig: auto-save-60s
22:01:56 Saving config file
22:01:57 Saved config file successfully
22:02:18 saveConfig: saving-data
22:02:18 Saving pets file
22:02:18 Saved pets file successfully
22:02:18 saveConfig: saving-data
22:02:18 Saving pets file
22:02:18 Saved pets file successfully
22:02:56 saveConfig: auto-save-60s
22:02:56 Saving config file
22:02:56 Saved config file successfully
22:02:56 saveConfig: auto-save-60s
22:02:56 Saving config file
22:02:57 Saved config file successfully
22:03:56 saveConfig: auto-save-60s
22:03:56 Saving config file
22:03:57 Saved config file successfully
22:03:57 saveConfig: auto-save-60s
22:03:57 Saving config file
22:03:57 Saved config file successfully
22:04:56 saveConfig: auto-save-60s
22:04:56 Saving config file
22:04:57 Saved config file successfully
22:04:57 saveConfig: auto-save-60s
22:04:57 Saving config file
22:04:57 Saved config file successfully
22:05:56 saveConfig: auto-save-60s
22:05:56 Saving config file
22:05:56 Saved config file successfully
22:05:56 saveConfig: auto-save-60s
22:05:56 Saving config file
22:05:57 Saved config file successfully
22:06:56 saveConfig: auto-save-60s
22:06:56 Saving config file
22:06:56 Saved config file successfully
22:06:56 saveConfig: auto-save-60s
22:06:56 Saving config file
22:06:57 Saved config file successfully
22:07:56 saveConfig: auto-save-60s
22:07:56 Saving config file
22:07:57 Saved config file successfully
22:07:57 saveConfig: auto-save-60s
22:07:57 Saving config file
22:07:57 Saved config file successfully
22:08:56 saveConfig: auto-save-60s
22:08:56 Saving config file
22:08:57 Saved config file successfully
22:08:57 saveConfig: auto-save-60s
22:08:57 Saving config file
22:08:57 Saved config file successfully
22:09:56 saveConfig: auto-save-60s
22:09:56 Saving config file
22:09:57 Saved config file successfully
22:09:57 saveConfig: auto-save-60s
22:09:57 Saving config file
22:09:57 Saved config file successfully
22:10:44 saveConfig: saving-data
22:10:44 Saving pets file
22:10:44 Saved pets file successfully
22:10:44 saveConfig: saving-data
22:10:44 Saving pets file
22:10:44 Saved pets file successfully
22:10:56 saveConfig: auto-save-60s
22:10:56 Saving config file
22:10:56 Saved config file successfully
22:10:56 saveConfig: auto-save-60s
22:10:56 Saving config file
22:10:57 Saved config file successfully
22:11:15 saveConfig: saving-data
22:11:15 Saving pets file
22:11:15 Saved pets file successfully
22:11:15 saveConfig: saving-data
22:11:15 Saving pets file
22:11:15 Saved pets file successfully
22:11:48 saveConfig: saving-data
22:11:48 Saving pets file
22:11:48 Saved pets file successfully
22:11:48 saveConfig: saving-data
22:11:48 Saving pets file
22:11:48 Saved pets file successfully
22:11:56 saveConfig: auto-save-60s
22:11:56 Saving config file
22:11:56 Saved config file successfully
22:11:56 saveConfig: auto-save-60s
22:11:56 Saving config file
22:11:57 Saved config file successfully
22:12:19 saveConfig: saving-data
22:12:19 Saving pets file
22:12:19 Saved pets file successfully
22:12:19 saveConfig: saving-data
22:12:19 Saving pets file
22:12:19 Saved pets file successfully
22:12:56 saveConfig: auto-save-60s
22:12:56 Saving config file
22:12:56 Saved config file successfully
22:12:56 saveConfig: auto-save-60s
22:12:56 Saving config file
22:12:57 Saved config file successfully
22:13:56 saveConfig: auto-save-60s
22:13:56 Saving config file
22:13:57 Saved config file successfully
22:13:57 saveConfig: auto-save-60s
22:13:57 Saving config file
22:13:57 Saved config file successfully
22:14:56 saveConfig: auto-save-60s
22:14:56 Saving config file
22:14:57 Saved config file successfully
22:14:57 saveConfig: auto-save-60s
22:14:57 Saving config file
22:14:57 Saved config file successfully
22:15:56 saveConfig: auto-save-60s
22:15:56 Saving config file
22:15:57 Saved config file successfully
22:15:57 saveConfig: auto-save-60s
22:15:57 Saving config file
22:15:57 Saved config file successfully
22:16:56 saveConfig: auto-save-60s
22:16:56 Saving config file
22:16:57 Saved config file successfully
22:16:57 saveConfig: auto-save-60s
22:16:57 Saving config file
22:16:57 Saved config file successfully
22:17:16 saveConfig: saving-data
22:17:16 Saving pets file
22:17:16 Saved pets file successfully
22:17:16 saveConfig: saving-data
22:17:16 Saving pets file
22:17:16 Saved pets file successfully
22:17:47 saveConfig: saving-data
22:17:47 Saving pets file
22:17:47 Saved pets file successfully
22:17:47 saveConfig: saving-data
22:17:47 Saving pets file
22:17:47 Saved pets file successfully
22:17:56 saveConfig: auto-save-60s
22:17:56 Saving config file
22:17:56 Saved config file successfully
22:17:56 saveConfig: auto-save-60s
22:17:56 Saving config file
22:17:57 Saved config file successfully
22:18:56 saveConfig: auto-save-60s
22:18:56 Saving config file
22:18:56 Saved config file successfully
22:18:56 saveConfig: auto-save-60s
22:18:56 Saving config file
22:18:57 Saved config file successfully
22:19:56 saveConfig: auto-save-60s
22:19:56 Saving config file
22:19:56 Saved config file successfully
22:19:56 saveConfig: auto-save-60s
22:19:56 Saving config file
22:19:57 Saved config file successfully
22:20:56 saveConfig: auto-save-60s
22:20:56 Saving config file
22:20:57 Saved config file successfully
22:20:57 saveConfig: auto-save-60s
22:20:57 Saving config file
22:20:57 Saved config file successfully
22:21:01 saveConfig: shutdown-hook
22:21:01 Saving config file
