14:38:01 [STASH_COMPACT] §f                §7You have §32,261 §7materials stashed away!
14:38:01 [STASH_COMPACT] §f              §8(This totals 5 types of materials stashed!)
14:38:01 [STASH_COMPACT] §f                §3§l>>> §3§lCLICK HERE§b to pick them up! §3§l<<<
14:38:01 [STASH_COMPACT]   
14:39:01 [STASH_COMPACT] §f                §7You have §32,261 §7materials stashed away!
14:39:01 [STASH_COMPACT] §f              §8(This totals 5 types of materials stashed!)
14:39:01 [STASH_COMPACT] §f                §3§l>>> §3§lCLICK HERE§b to pick them up! §3§l<<<
14:39:01 [STASH_COMPACT]   
14:40:02 [STASH_COMPACT] §f                §7You have §32,261 §7materials stashed away!
14:40:02 [STASH_COMPACT] §f              §8(This totals 5 types of materials stashed!)
14:40:02 [STASH_COMPACT] §f                §3§l>>> §3§lCLICK HERE§b to pick them up! §3§l<<<
14:40:02 [STASH_COMPACT]   
14:40:05 [PEST_DROP] §eYou received §a51x Enchanted Cactus Green §efor killing a §2Mite§e!
14:40:17 [PEST_DROP] §eYou received §a51x Enchanted Cactus Green §efor killing a §2Mite§e!
14:40:27 [PEST_DROP] §eYou received §a51x Enchanted Cactus Green §efor killing a §2Mite§e!
14:40:53 [GARDEN_VISITOR_MESSAGE] §e[NPC] §aStella§f: §r§fThe amount of plots you can unlock here is perfect for a Co-op. So much space!
14:41:02 [STASH_COMPACT] §f                §7You have §32,261 §7materials stashed away!
14:41:02 [STASH_COMPACT] §f              §8(This totals 5 types of materials stashed!)
14:41:02 [STASH_COMPACT] §f                §3§l>>> §3§lCLICK HERE§b to pick them up! §3§l<<<
14:41:02 [STASH_COMPACT]   
14:41:24 [GARDEN_VISITOR_MESSAGE] §e[NPC] §aStella§f: §r§fGood choice!
14:41:25 [GARDEN_VISITOR_MESSAGE] §e[NPC] §aGeonathan Greatforge§f: §r§fI usually only work with Oil Barrels, but I'd like to try making some Biofuel from compost.
14:41:41 [GARDEN_VISITOR_MESSAGE] §e[NPC] §aGeonathan Greatforge§f: §r§fOil Barrels are far superior, but at least this is 100% renewable. Pretty neat!
14:42:02 [STASH_COMPACT] §f                §7You have §32,261 §7materials stashed away!
14:42:02 [STASH_COMPACT] §f              §8(This totals 5 types of materials stashed!)
14:42:02 [STASH_COMPACT] §f                §3§l>>> §3§lCLICK HERE§b to pick them up! §3§l<<<
14:42:02 [STASH_COMPACT]   
14:43:02 [STASH_COMPACT] §f                §7You have §32,261 §7materials stashed away!
14:43:02 [STASH_COMPACT] §f              §8(This totals 5 types of materials stashed!)
14:43:02 [STASH_COMPACT] §f                §3§l>>> §3§lCLICK HERE§b to pick them up! §3§l<<<
14:43:02 [STASH_COMPACT]   
14:44:02 [STASH_COMPACT] §f                §7You have §32,261 §7materials stashed away!
14:44:02 [STASH_COMPACT] §f              §8(This totals 5 types of materials stashed!)
14:44:02 [STASH_COMPACT] §f                §3§l>>> §3§lCLICK HERE§b to pick them up! §3§l<<<
14:44:02 [STASH_COMPACT]   
14:45:02 [STASH_COMPACT] §f                §7You have §32,261 §7materials stashed away!
14:45:02 [STASH_COMPACT] §f              §8(This totals 5 types of materials stashed!)
14:45:02 [STASH_COMPACT] §f                §3§l>>> §3§lCLICK HERE§b to pick them up! §3§l<<<
14:45:02 [STASH_COMPACT]   
14:46:02 [STASH_COMPACT] §f                §7You have §32,261 §7materials stashed away!
14:46:02 [STASH_COMPACT] §f              §8(This totals 5 types of materials stashed!)
14:46:02 [STASH_COMPACT] §f                §3§l>>> §3§lCLICK HERE§b to pick them up! §3§l<<<
14:46:02 [STASH_COMPACT]   
14:47:03 [STASH_COMPACT] §f                §7You have §32,261 §7materials stashed away!
14:47:03 [STASH_COMPACT] §f              §8(This totals 5 types of materials stashed!)
14:47:03 [STASH_COMPACT] §f                §3§l>>> §3§lCLICK HERE§b to pick them up! §3§l<<<
14:47:03 [STASH_COMPACT]   
14:47:08 [STASH_COMPACT] §f                §7You have §32,261 §7materials stashed away!
14:47:08 [STASH_COMPACT] §f              §8(This totals 5 types of materials stashed!)
14:47:08 [STASH_COMPACT] §f                §3§l>>> §3§lCLICK HERE§b to pick them up! §3§l<<<
14:47:08 [STASH_COMPACT]   
14:48:08 [STASH_COMPACT] §f                §7You have §32,261 §7materials stashed away!
14:48:08 [STASH_COMPACT] §f              §8(This totals 5 types of materials stashed!)
14:48:08 [STASH_COMPACT] §f                §3§l>>> §3§lCLICK HERE§b to pick them up! §3§l<<<
14:48:08 [STASH_COMPACT]   
14:49:09 [STASH_COMPACT] §f                §7You have §32,261 §7materials stashed away!
14:49:09 [STASH_COMPACT] §f              §8(This totals 5 types of materials stashed!)
14:49:09 [STASH_COMPACT] §f                §3§l>>> §3§lCLICK HERE§b to pick them up! §3§l<<<
14:49:09 [STASH_COMPACT]   
14:50:09 [STASH_COMPACT] §f                §7You have §32,261 §7materials stashed away!
14:50:09 [STASH_COMPACT] §f              §8(This totals 5 types of materials stashed!)
14:50:09 [STASH_COMPACT] §f                §3§l>>> §3§lCLICK HERE§b to pick them up! §3§l<<<
14:50:09 [STASH_COMPACT]   
14:51:09 [STASH_COMPACT] §f                §7You have §32,261 §7materials stashed away!
14:51:09 [STASH_COMPACT] §f              §8(This totals 5 types of materials stashed!)
14:51:09 [STASH_COMPACT] §f                §3§l>>> §3§lCLICK HERE§b to pick them up! §3§l<<<
14:51:09 [STASH_COMPACT]   
14:52:09 [STASH_COMPACT] §f                §7You have §32,261 §7materials stashed away!
14:52:09 [STASH_COMPACT] §f              §8(This totals 5 types of materials stashed!)
14:52:09 [STASH_COMPACT] §f                §3§l>>> §3§lCLICK HERE§b to pick them up! §3§l<<<
14:52:09 [STASH_COMPACT]   
14:52:41 [STASH_COMPACT] §f                §7You have §32,261 §7materials stashed away!
14:52:41 [STASH_COMPACT] §f              §8(This totals 5 types of materials stashed!)
14:52:41 [STASH_COMPACT] §f                §3§l>>> §3§lCLICK HERE§b to pick them up! §3§l<<<
14:52:41 [STASH_COMPACT]   
14:53:41 [STASH_COMPACT] §f                §7You have §32,261 §7materials stashed away!
14:53:41 [STASH_COMPACT] §f              §8(This totals 5 types of materials stashed!)
14:53:41 [STASH_COMPACT] §f                §3§l>>> §3§lCLICK HERE§b to pick them up! §3§l<<<
14:53:41 [STASH_COMPACT]   
14:54:42 [STASH_COMPACT] §f                §7You have §32,261 §7materials stashed away!
14:54:42 [STASH_COMPACT] §f              §8(This totals 5 types of materials stashed!)
14:54:42 [STASH_COMPACT] §f                §3§l>>> §3§lCLICK HERE§b to pick them up! §3§l<<<
14:54:42 [STASH_COMPACT]   
14:55:18 [STASH_COMPACT] §f                §7You have §32,261 §7materials stashed away!
14:55:18 [STASH_COMPACT] §f              §8(This totals 5 types of materials stashed!)
14:55:18 [STASH_COMPACT] §f                §3§l>>> §3§lCLICK HERE§b to pick them up! §3§l<<<
14:55:18 [STASH_COMPACT]   
14:55:33 [COMPACT_POTION_EFFECT] §a§lBUFF! §fYou have gained §r§4Regeneration IV§r§f! Press TAB or type /effects to view your active effects!
14:55:33 [COMPACT_POTION_EFFECT] §a§lBUFF! §fYou have gained §r§4Strength V§r§f! Press TAB or type /effects to view your active effects!
14:55:33 [COMPACT_POTION_EFFECT] §a§lBUFF! §fYou have gained §r§4Critical III§r§f! Press TAB or type /effects to view your active effects!
14:55:33 [COMPACT_POTION_EFFECT] §a§lBUFF! §fYou have gained §r§9Speed III§r§f! Press TAB or type /effects to view your active effects!
14:55:33 [COMPACT_POTION_EFFECT] §a§lBUFF! §fYou have gained §r§aResistance V§r§f! Press TAB or type /effects to view your active effects!
14:55:33 [COMPACT_POTION_EFFECT] §a§lBUFF! §fYou have gained §r§bArchery III§r§f! Press TAB or type /effects to view your active effects!
14:56:20 [STASH_COMPACT] §f                §7You have §32,261 §7materials stashed away!
14:56:20 [STASH_COMPACT] §f              §8(This totals 5 types of materials stashed!)
14:56:20 [STASH_COMPACT] §f                §3§l>>> §3§lCLICK HERE§b to pick them up! §3§l<<<
14:56:20 [STASH_COMPACT]   
14:57:21 [STASH_COMPACT] §f                §7You have §32,261 §7materials stashed away!
14:57:21 [STASH_COMPACT] §f              §8(This totals 5 types of materials stashed!)
14:57:21 [STASH_COMPACT] §f                §3§l>>> §3§lCLICK HERE§b to pick them up! §3§l<<<
14:57:21 [STASH_COMPACT]   
14:58:21 [STASH_COMPACT] §f                §7You have §32,261 §7materials stashed away!
14:58:21 [STASH_COMPACT] §f              §8(This totals 5 types of materials stashed!)
14:58:21 [STASH_COMPACT] §f                §3§l>>> §3§lCLICK HERE§b to pick them up! §3§l<<<
14:58:21 [STASH_COMPACT]   
14:59:21 [STASH_COMPACT] §f                §7You have §32,261 §7materials stashed away!
14:59:21 [STASH_COMPACT] §f              §8(This totals 5 types of materials stashed!)
14:59:21 [STASH_COMPACT] §f                §3§l>>> §3§lCLICK HERE§b to pick them up! §3§l<<<
14:59:21 [STASH_COMPACT]   
15:00:22 [STASH_COMPACT] §f                §7You have §32,261 §7materials stashed away!
15:00:22 [STASH_COMPACT] §f              §8(This totals 5 types of materials stashed!)
15:00:22 [STASH_COMPACT] §f                §3§l>>> §3§lCLICK HERE§b to pick them up! §3§l<<<
15:00:22 [STASH_COMPACT]   
15:01:22 [STASH_COMPACT] §f                §7You have §32,261 §7materials stashed away!
15:01:22 [STASH_COMPACT] §f              §8(This totals 5 types of materials stashed!)
15:01:22 [STASH_COMPACT] §f                §3§l>>> §3§lCLICK HERE§b to pick them up! §3§l<<<
15:01:22 [STASH_COMPACT]   
15:02:22 [STASH_COMPACT] §f                §7You have §32,261 §7materials stashed away!
15:02:22 [STASH_COMPACT] §f              §8(This totals 5 types of materials stashed!)
15:02:22 [STASH_COMPACT] §f                §3§l>>> §3§lCLICK HERE§b to pick them up! §3§l<<<
15:02:22 [STASH_COMPACT]   
15:03:24 [STASH_COMPACT] §f                §7You have §32,261 §7materials stashed away!
15:03:24 [STASH_COMPACT] §f              §8(This totals 5 types of materials stashed!)
15:03:24 [STASH_COMPACT] §f                §3§l>>> §3§lCLICK HERE§b to pick them up! §3§l<<<
15:03:24 [STASH_COMPACT]   
15:04:25 [STASH_COMPACT] §f                §7You have §32,261 §7materials stashed away!
15:04:25 [STASH_COMPACT] §f              §8(This totals 5 types of materials stashed!)
15:04:25 [STASH_COMPACT] §f                §3§l>>> §3§lCLICK HERE§b to pick them up! §3§l<<<
15:04:25 [STASH_COMPACT]   
15:05:26 [STASH_COMPACT] §f                §7You have §32,261 §7materials stashed away!
15:05:26 [STASH_COMPACT] §f              §8(This totals 5 types of materials stashed!)
15:05:26 [STASH_COMPACT] §f                §3§l>>> §3§lCLICK HERE§b to pick them up! §3§l<<<
15:05:26 [STASH_COMPACT]   
15:06:26 [STASH_COMPACT] §f                §7You have §32,261 §7materials stashed away!
15:06:26 [STASH_COMPACT] §f              §8(This totals 5 types of materials stashed!)
15:06:26 [STASH_COMPACT] §f                §3§l>>> §3§lCLICK HERE§b to pick them up! §3§l<<<
15:06:26 [STASH_COMPACT]   
15:07:26 [STASH_COMPACT] §f                §7You have §32,261 §7materials stashed away!
15:07:26 [STASH_COMPACT] §f              §8(This totals 5 types of materials stashed!)
15:07:26 [STASH_COMPACT] §f                §3§l>>> §3§lCLICK HERE§b to pick them up! §3§l<<<
15:07:26 [STASH_COMPACT]   
15:08:27 [STASH_COMPACT] §f                §7You have §32,261 §7materials stashed away!
15:08:27 [STASH_COMPACT] §f              §8(This totals 5 types of materials stashed!)
15:08:27 [STASH_COMPACT] §f                §3§l>>> §3§lCLICK HERE§b to pick them up! §3§l<<<
15:08:27 [STASH_COMPACT]   
15:09:49 [STASH_COMPACT] §f                §7You have §32,261 §7materials stashed away!
15:09:49 [STASH_COMPACT] §f              §8(This totals 5 types of materials stashed!)
15:09:49 [STASH_COMPACT] §f                §3§l>>> §3§lCLICK HERE§b to pick them up! §3§l<<<
15:09:49 [STASH_COMPACT]   
15:10:27 [STASH_COMPACT] §f                §7You have §32,261 §7materials stashed away!
15:10:27 [STASH_COMPACT] §f              §8(This totals 5 types of materials stashed!)
15:10:27 [STASH_COMPACT] §f                §3§l>>> §3§lCLICK HERE§b to pick them up! §3§l<<<
15:10:27 [STASH_COMPACT]   
15:10:35 [COMPACT_POTION_EFFECT] §a§lBUFF! §fYou have gained §r§4Regeneration IV§r§f! Press TAB or type /effects to view your active effects!
15:10:35 [COMPACT_POTION_EFFECT] §a§lBUFF! §fYou have gained §r§4Strength V§r§f! Press TAB or type /effects to view your active effects!
15:10:35 [COMPACT_POTION_EFFECT] §a§lBUFF! §fYou have gained §r§4Critical III§r§f! Press TAB or type /effects to view your active effects!
15:10:35 [COMPACT_POTION_EFFECT] §a§lBUFF! §fYou have gained §r§9Speed III§r§f! Press TAB or type /effects to view your active effects!
15:10:35 [COMPACT_POTION_EFFECT] §a§lBUFF! §fYou have gained §r§aResistance V§r§f! Press TAB or type /effects to view your active effects!
15:10:35 [COMPACT_POTION_EFFECT] §a§lBUFF! §fYou have gained §r§bArchery III§r§f! Press TAB or type /effects to view your active effects!
15:11:27 [STASH_COMPACT] §f                §7You have §32,261 §7materials stashed away!
15:11:27 [STASH_COMPACT] §f              §8(This totals 5 types of materials stashed!)
15:11:27 [STASH_COMPACT] §f                §3§l>>> §3§lCLICK HERE§b to pick them up! §3§l<<<
15:11:27 [STASH_COMPACT]   
15:12:28 [STASH_COMPACT] §f                §7You have §32,261 §7materials stashed away!
15:12:28 [STASH_COMPACT] §f              §8(This totals 5 types of materials stashed!)
15:12:28 [STASH_COMPACT] §f                §3§l>>> §3§lCLICK HERE§b to pick them up! §3§l<<<
15:12:28 [STASH_COMPACT]   
15:13:28 [STASH_COMPACT] §f                §7You have §32,261 §7materials stashed away!
15:13:28 [STASH_COMPACT] §f              §8(This totals 5 types of materials stashed!)
15:13:28 [STASH_COMPACT] §f                §3§l>>> §3§lCLICK HERE§b to pick them up! §3§l<<<
15:13:28 [STASH_COMPACT]   
15:14:28 [STASH_COMPACT] §f                §7You have §32,261 §7materials stashed away!
15:14:28 [STASH_COMPACT] §f              §8(This totals 5 types of materials stashed!)
15:14:28 [STASH_COMPACT] §f                §3§l>>> §3§lCLICK HERE§b to pick them up! §3§l<<<
15:14:28 [STASH_COMPACT]   
15:15:28 [STASH_COMPACT] §f                §7You have §32,261 §7materials stashed away!
15:15:28 [STASH_COMPACT] §f              §8(This totals 5 types of materials stashed!)
15:15:28 [STASH_COMPACT] §f                §3§l>>> §3§lCLICK HERE§b to pick them up! §3§l<<<
15:15:28 [STASH_COMPACT]   
15:16:28 [STASH_COMPACT] §f                §7You have §32,261 §7materials stashed away!
15:16:28 [STASH_COMPACT] §f              §8(This totals 5 types of materials stashed!)
15:16:28 [STASH_COMPACT] §f                §3§l>>> §3§lCLICK HERE§b to pick them up! §3§l<<<
15:16:28 [STASH_COMPACT]   
15:17:29 [STASH_COMPACT] §f                §7You have §32,261 §7materials stashed away!
15:17:29 [STASH_COMPACT] §f              §8(This totals 5 types of materials stashed!)
15:17:29 [STASH_COMPACT] §f                §3§l>>> §3§lCLICK HERE§b to pick them up! §3§l<<<
15:17:29 [STASH_COMPACT]   
15:18:29 [STASH_COMPACT] §f                §7You have §32,261 §7materials stashed away!
15:18:29 [STASH_COMPACT] §f              §8(This totals 5 types of materials stashed!)
15:18:29 [STASH_COMPACT] §f                §3§l>>> §3§lCLICK HERE§b to pick them up! §3§l<<<
15:18:29 [STASH_COMPACT]   
15:19:29 [STASH_COMPACT] §f                §7You have §32,261 §7materials stashed away!
15:19:29 [STASH_COMPACT] §f              §8(This totals 5 types of materials stashed!)
15:19:29 [STASH_COMPACT] §f                §3§l>>> §3§lCLICK HERE§b to pick them up! §3§l<<<
15:19:29 [STASH_COMPACT]   
15:20:29 [STASH_COMPACT] §f                §7You have §32,261 §7materials stashed away!
15:20:29 [STASH_COMPACT] §f              §8(This totals 5 types of materials stashed!)
15:20:29 [STASH_COMPACT] §f                §3§l>>> §3§lCLICK HERE§b to pick them up! §3§l<<<
15:20:29 [STASH_COMPACT]   
15:21:30 [STASH_COMPACT] §f                §7You have §32,261 §7materials stashed away!
15:21:30 [STASH_COMPACT] §f              §8(This totals 5 types of materials stashed!)
15:21:30 [STASH_COMPACT] §f                §3§l>>> §3§lCLICK HERE§b to pick them up! §3§l<<<
15:21:30 [STASH_COMPACT]   
15:22:44 [STASH_COMPACT] §f                §7You have §32,261 §7materials stashed away!
15:22:44 [STASH_COMPACT] §f              §8(This totals 5 types of materials stashed!)
15:22:44 [STASH_COMPACT] §f                §3§l>>> §3§lCLICK HERE§b to pick them up! §3§l<<<
15:22:44 [STASH_COMPACT]   
15:23:44 [STASH_COMPACT] §f                §7You have §32,261 §7materials stashed away!
15:23:44 [STASH_COMPACT] §f              §8(This totals 5 types of materials stashed!)
15:23:44 [STASH_COMPACT] §f                §3§l>>> §3§lCLICK HERE§b to pick them up! §3§l<<<
15:23:44 [STASH_COMPACT]   
15:24:45 [STASH_COMPACT] §f                §7You have §32,261 §7materials stashed away!
15:24:45 [STASH_COMPACT] §f              §8(This totals 5 types of materials stashed!)
15:24:45 [STASH_COMPACT] §f                §3§l>>> §3§lCLICK HERE§b to pick them up! §3§l<<<
15:24:45 [STASH_COMPACT]   
15:25:46 [STASH_COMPACT] §f                §7You have §32,261 §7materials stashed away!
15:25:46 [STASH_COMPACT] §f              §8(This totals 5 types of materials stashed!)
15:25:46 [STASH_COMPACT] §f                §3§l>>> §3§lCLICK HERE§b to pick them up! §3§l<<<
15:25:46 [STASH_COMPACT]   
15:26:49 [STASH_COMPACT] §f                §7You have §32,261 §7materials stashed away!
15:26:49 [STASH_COMPACT] §f              §8(This totals 5 types of materials stashed!)
15:26:49 [STASH_COMPACT] §f                §3§l>>> §3§lCLICK HERE§b to pick them up! §3§l<<<
15:26:49 [STASH_COMPACT]   
15:27:49 [STASH_COMPACT] §f                §7You have §32,261 §7materials stashed away!
15:27:49 [STASH_COMPACT] §f              §8(This totals 5 types of materials stashed!)
15:27:49 [STASH_COMPACT] §f                §3§l>>> §3§lCLICK HERE§b to pick them up! §3§l<<<
15:27:49 [STASH_COMPACT]   
15:28:50 [STASH_COMPACT] §f                §7You have §32,261 §7materials stashed away!
15:28:50 [STASH_COMPACT] §f              §8(This totals 5 types of materials stashed!)
15:28:50 [STASH_COMPACT] §f                §3§l>>> §3§lCLICK HERE§b to pick them up! §3§l<<<
15:28:50 [STASH_COMPACT]   
15:29:50 [STASH_COMPACT] §f                §7You have §32,261 §7materials stashed away!
15:29:50 [STASH_COMPACT] §f              §8(This totals 5 types of materials stashed!)
15:29:50 [STASH_COMPACT] §f                §3§l>>> §3§lCLICK HERE§b to pick them up! §3§l<<<
15:29:50 [STASH_COMPACT]   
15:30:51 [STASH_COMPACT] §f                §7You have §32,261 §7materials stashed away!
15:30:51 [STASH_COMPACT] §f              §8(This totals 5 types of materials stashed!)
15:30:51 [STASH_COMPACT] §f                §3§l>>> §3§lCLICK HERE§b to pick them up! §3§l<<<
15:30:51 [STASH_COMPACT]   
15:31:52 [STASH_COMPACT] §f                §7You have §32,261 §7materials stashed away!
15:31:52 [STASH_COMPACT] §f              §8(This totals 5 types of materials stashed!)
15:31:52 [STASH_COMPACT] §f                §3§l>>> §3§lCLICK HERE§b to pick them up! §3§l<<<
15:31:52 [STASH_COMPACT]   
15:32:52 [STASH_COMPACT] §f                §7You have §32,261 §7materials stashed away!
15:32:52 [STASH_COMPACT] §f              §8(This totals 5 types of materials stashed!)
15:32:52 [STASH_COMPACT] §f                §3§l>>> §3§lCLICK HERE§b to pick them up! §3§l<<<
15:32:52 [STASH_COMPACT]   
15:33:32 [BESTIARY] §f                                  §6§lBESTIARY
15:33:32 [BESTIARY] §f                       §b§lWither Miner §7§8XXII §8➡§b §bXXIII
15:33:32 [BESTIARY] 
15:33:32 [BESTIARY] §f                                  §r§6§lREWARDS
15:33:32 [BESTIARY] §f                      §r§8+§r§a6 Wither Miner §r§b✯ Magic Find
15:33:32 [BESTIARY] §f                       §r§8+§r§a6 Wither Miner §r§c❁ Strength
15:33:32 [BESTIARY] §f                          §r§8+§r§62% §r§aWither Miner §r§7coins
15:33:32 [BESTIARY] §f                    §r§8+§r§a50% §r§7chance for extra XP orbs
15:33:32 [BESTIARY] §f                               §r§8+§r§b1 SkyBlock XP
15:33:32 [BESTIARY] 
15:33:32 [BESTIARY] §3§l▬▬▬▬▬▬▬▬▬▬▬▬▬▬▬▬▬▬▬▬▬▬▬▬▬▬▬▬▬▬▬▬▬▬▬▬▬▬▬▬▬▬▬▬▬▬▬▬▬▬▬▬▬▬▬▬▬▬▬▬▬▬▬▬
15:33:52 [STASH_COMPACT] §f                §7You have §32,261 §7materials stashed away!
15:33:52 [STASH_COMPACT] §f              §8(This totals 5 types of materials stashed!)
15:33:52 [STASH_COMPACT] §f                §3§l>>> §3§lCLICK HERE§b to pick them up! §3§l<<<
15:33:52 [STASH_COMPACT]   
15:34:53 [STASH_COMPACT] §f                §7You have §32,261 §7materials stashed away!
15:34:53 [STASH_COMPACT] §f              §8(This totals 5 types of materials stashed!)
15:34:53 [STASH_COMPACT] §f                §3§l>>> §3§lCLICK HERE§b to pick them up! §3§l<<<
15:34:53 [STASH_COMPACT]   
15:35:53 [STASH_COMPACT] §f                §7You have §32,261 §7materials stashed away!
15:35:53 [STASH_COMPACT] §f              §8(This totals 5 types of materials stashed!)
15:35:53 [STASH_COMPACT] §f                §3§l>>> §3§lCLICK HERE§b to pick them up! §3§l<<<
15:35:53 [STASH_COMPACT]   
15:36:53 [STASH_COMPACT] §f                §7You have §32,261 §7materials stashed away!
15:36:53 [STASH_COMPACT] §f              §8(This totals 5 types of materials stashed!)
15:36:53 [STASH_COMPACT] §f                §3§l>>> §3§lCLICK HERE§b to pick them up! §3§l<<<
15:36:53 [STASH_COMPACT]   
15:37:53 [STASH_COMPACT] §f                §7You have §32,261 §7materials stashed away!
15:37:53 [STASH_COMPACT] §f              §8(This totals 5 types of materials stashed!)
15:37:53 [STASH_COMPACT] §f                §3§l>>> §3§lCLICK HERE§b to pick them up! §3§l<<<
15:37:53 [STASH_COMPACT]   
15:38:54 [STASH_COMPACT] §f                §7You have §32,261 §7materials stashed away!
15:38:54 [STASH_COMPACT] §f              §8(This totals 5 types of materials stashed!)
15:38:54 [STASH_COMPACT] §f                §3§l>>> §3§lCLICK HERE§b to pick them up! §3§l<<<
15:38:54 [STASH_COMPACT]   
15:40:08 [STASH_COMPACT] §f                §7You have §32,261 §7materials stashed away!
15:40:08 [STASH_COMPACT] §f              §8(This totals 5 types of materials stashed!)
15:40:08 [STASH_COMPACT] §f                §3§l>>> §3§lCLICK HERE§b to pick them up! §3§l<<<
15:40:08 [STASH_COMPACT]   
15:41:09 [STASH_COMPACT] §f                §7You have §32,261 §7materials stashed away!
15:41:09 [STASH_COMPACT] §f              §8(This totals 5 types of materials stashed!)
15:41:09 [STASH_COMPACT] §f                §3§l>>> §3§lCLICK HERE§b to pick them up! §3§l<<<
15:41:09 [STASH_COMPACT]   
15:42:10 [STASH_COMPACT] §f                §7You have §32,261 §7materials stashed away!
15:42:10 [STASH_COMPACT] §f              §8(This totals 5 types of materials stashed!)
15:42:10 [STASH_COMPACT] §f                §3§l>>> §3§lCLICK HERE§b to pick them up! §3§l<<<
15:42:10 [STASH_COMPACT]   
15:43:11 [STASH_COMPACT] §f                §7You have §32,261 §7materials stashed away!
15:43:11 [STASH_COMPACT] §f              §8(This totals 5 types of materials stashed!)
15:43:11 [STASH_COMPACT] §f                §3§l>>> §3§lCLICK HERE§b to pick them up! §3§l<<<
15:43:11 [STASH_COMPACT]   
15:44:24 [STASH_COMPACT] §f                §7You have §32,261 §7materials stashed away!
15:44:24 [STASH_COMPACT] §f              §8(This totals 5 types of materials stashed!)
15:44:24 [STASH_COMPACT] §f                §3§l>>> §3§lCLICK HERE§b to pick them up! §3§l<<<
15:44:24 [STASH_COMPACT]   
15:45:25 [STASH_COMPACT] §f                §7You have §32,261 §7materials stashed away!
15:45:25 [STASH_COMPACT] §f              §8(This totals 5 types of materials stashed!)
15:45:25 [STASH_COMPACT] §f                §3§l>>> §3§lCLICK HERE§b to pick them up! §3§l<<<
15:45:25 [STASH_COMPACT]   
15:45:30 [COMPACT_POTION_EFFECT] §a§lBUFF! §fYou have gained §r§4Regeneration IV§r§f! Press TAB or type /effects to view your active effects!
15:45:30 [COMPACT_POTION_EFFECT] §a§lBUFF! §fYou have gained §r§4Strength V§r§f! Press TAB or type /effects to view your active effects!
15:45:30 [COMPACT_POTION_EFFECT] §a§lBUFF! §fYou have gained §r§4Critical III§r§f! Press TAB or type /effects to view your active effects!
15:45:30 [COMPACT_POTION_EFFECT] §a§lBUFF! §fYou have gained §r§9Speed III§r§f! Press TAB or type /effects to view your active effects!
15:45:30 [COMPACT_POTION_EFFECT] §a§lBUFF! §fYou have gained §r§aResistance V§r§f! Press TAB or type /effects to view your active effects!
15:45:30 [COMPACT_POTION_EFFECT] §a§lBUFF! §fYou have gained §r§bArchery III§r§f! Press TAB or type /effects to view your active effects!
15:46:34 [STASH_COMPACT] §f                §7You have §32,261 §7materials stashed away!
15:46:34 [STASH_COMPACT] §f              §8(This totals 5 types of materials stashed!)
15:46:34 [STASH_COMPACT] §f                §3§l>>> §3§lCLICK HERE§b to pick them up! §3§l<<<
15:46:34 [STASH_COMPACT]   
15:47:41 [STASH_COMPACT] §f                §7You have §32,261 §7materials stashed away!
15:47:41 [STASH_COMPACT] §f              §8(This totals 5 types of materials stashed!)
15:47:41 [STASH_COMPACT] §f                §3§l>>> §3§lCLICK HERE§b to pick them up! §3§l<<<
15:47:41 [STASH_COMPACT]   
15:48:44 [STASH_COMPACT] §f                §7You have §32,261 §7materials stashed away!
15:48:44 [STASH_COMPACT] §f              §8(This totals 5 types of materials stashed!)
15:48:44 [STASH_COMPACT] §f                §3§l>>> §3§lCLICK HERE§b to pick them up! §3§l<<<
15:48:44 [STASH_COMPACT]   
15:49:46 [STASH_COMPACT] §f                §7You have §32,261 §7materials stashed away!
15:49:46 [STASH_COMPACT] §f              §8(This totals 5 types of materials stashed!)
15:49:46 [STASH_COMPACT] §f                §3§l>>> §3§lCLICK HERE§b to pick them up! §3§l<<<
15:49:46 [STASH_COMPACT]   
15:50:52 [STASH_COMPACT] §f                §7You have §32,261 §7materials stashed away!
15:50:52 [STASH_COMPACT] §f              §8(This totals 5 types of materials stashed!)
15:50:52 [STASH_COMPACT] §f                §3§l>>> §3§lCLICK HERE§b to pick them up! §3§l<<<
15:50:52 [STASH_COMPACT]   
15:51:53 [STASH_COMPACT] §f                §7You have §32,261 §7materials stashed away!
15:51:53 [STASH_COMPACT] §f              §8(This totals 5 types of materials stashed!)
15:51:53 [STASH_COMPACT] §f                §3§l>>> §3§lCLICK HERE§b to pick them up! §3§l<<<
15:51:53 [STASH_COMPACT]   
15:52:53 [STASH_COMPACT] §f                §7You have §32,261 §7materials stashed away!
15:52:53 [STASH_COMPACT] §f              §8(This totals 5 types of materials stashed!)
15:52:53 [STASH_COMPACT] §f                §3§l>>> §3§lCLICK HERE§b to pick them up! §3§l<<<
15:52:53 [STASH_COMPACT]   
15:53:56 [STASH_COMPACT] §f                §7You have §32,261 §7materials stashed away!
15:53:56 [STASH_COMPACT] §f              §8(This totals 5 types of materials stashed!)
15:53:56 [STASH_COMPACT] §f                §3§l>>> §3§lCLICK HERE§b to pick them up! §3§l<<<
15:53:56 [STASH_COMPACT]   
15:54:57 [STASH_COMPACT] §f                §7You have §32,261 §7materials stashed away!
15:54:57 [STASH_COMPACT] §f              §8(This totals 5 types of materials stashed!)
15:54:57 [STASH_COMPACT] §f                §3§l>>> §3§lCLICK HERE§b to pick them up! §3§l<<<
15:54:57 [STASH_COMPACT]   
15:55:57 [STASH_COMPACT] §f                §7You have §32,261 §7materials stashed away!
15:55:57 [STASH_COMPACT] §f              §8(This totals 5 types of materials stashed!)
15:55:57 [STASH_COMPACT] §f                §3§l>>> §3§lCLICK HERE§b to pick them up! §3§l<<<
15:55:57 [STASH_COMPACT]   
15:56:57 [STASH_COMPACT] §f                §7You have §32,261 §7materials stashed away!
15:56:57 [STASH_COMPACT] §f              §8(This totals 5 types of materials stashed!)
15:56:57 [STASH_COMPACT] §f                §3§l>>> §3§lCLICK HERE§b to pick them up! §3§l<<<
15:56:57 [STASH_COMPACT]   
15:57:57 [STASH_COMPACT] §f                §7You have §32,261 §7materials stashed away!
15:57:57 [STASH_COMPACT] §f              §8(This totals 5 types of materials stashed!)
15:57:57 [STASH_COMPACT] §f                §3§l>>> §3§lCLICK HERE§b to pick them up! §3§l<<<
15:57:57 [STASH_COMPACT]   
15:58:57 [STASH_COMPACT] §f                §7You have §32,261 §7materials stashed away!
15:58:57 [STASH_COMPACT] §f              §8(This totals 5 types of materials stashed!)
15:58:57 [STASH_COMPACT] §f                §3§l>>> §3§lCLICK HERE§b to pick them up! §3§l<<<
15:58:57 [STASH_COMPACT]   
15:59:18 [STASH_COMPACT] §f                §7You have §32,261 §7materials stashed away!
15:59:18 [STASH_COMPACT] §f              §8(This totals 5 types of materials stashed!)
15:59:18 [STASH_COMPACT] §f                §3§l>>> §3§lCLICK HERE§b to pick them up! §3§l<<<
15:59:18 [STASH_COMPACT]   
16:00:19 [STASH_COMPACT] §f                §7You have §32,261 §7materials stashed away!
16:00:19 [STASH_COMPACT] §f              §8(This totals 5 types of materials stashed!)
16:00:19 [STASH_COMPACT] §f                §3§l>>> §3§lCLICK HERE§b to pick them up! §3§l<<<
16:00:19 [STASH_COMPACT]   
16:01:19 [STASH_COMPACT] §f                §7You have §32,261 §7materials stashed away!
16:01:19 [STASH_COMPACT] §f              §8(This totals 5 types of materials stashed!)
16:01:19 [STASH_COMPACT] §f                §3§l>>> §3§lCLICK HERE§b to pick them up! §3§l<<<
16:01:19 [STASH_COMPACT]   
16:02:20 [STASH_COMPACT] §f                §7You have §32,261 §7materials stashed away!
16:02:20 [STASH_COMPACT] §f              §8(This totals 5 types of materials stashed!)
16:02:20 [STASH_COMPACT] §f                §3§l>>> §3§lCLICK HERE§b to pick them up! §3§l<<<
16:02:20 [STASH_COMPACT]   
16:03:20 [STASH_COMPACT] §f                §7You have §32,261 §7materials stashed away!
16:03:20 [STASH_COMPACT] §f              §8(This totals 5 types of materials stashed!)
16:03:20 [STASH_COMPACT] §f                §3§l>>> §3§lCLICK HERE§b to pick them up! §3§l<<<
16:03:20 [STASH_COMPACT]   
16:05:09 [STASH_COMPACT] §f                §7You have §32,261 §7materials stashed away!
16:05:09 [STASH_COMPACT] §f              §8(This totals 5 types of materials stashed!)
16:05:09 [STASH_COMPACT] §f                §3§l>>> §3§lCLICK HERE§b to pick them up! §3§l<<<
16:05:09 [STASH_COMPACT]   
16:05:36 [STASH_COMPACT] §f                §7You have §32,261 §7materials stashed away!
16:05:36 [STASH_COMPACT] §f              §8(This totals 5 types of materials stashed!)
16:05:36 [STASH_COMPACT] §f                §3§l>>> §3§lCLICK HERE§b to pick them up! §3§l<<<
16:05:36 [STASH_COMPACT]   
16:06:36 [STASH_COMPACT] §f                §7You have §32,261 §7materials stashed away!
16:06:36 [STASH_COMPACT] §f              §8(This totals 5 types of materials stashed!)
16:06:36 [STASH_COMPACT] §f                §3§l>>> §3§lCLICK HERE§b to pick them up! §3§l<<<
16:06:36 [STASH_COMPACT]   
16:07:36 [STASH_COMPACT] §f                §7You have §32,261 §7materials stashed away!
16:07:36 [STASH_COMPACT] §f              §8(This totals 5 types of materials stashed!)
16:07:36 [STASH_COMPACT] §f                §3§l>>> §3§lCLICK HERE§b to pick them up! §3§l<<<
16:07:36 [STASH_COMPACT]   
16:08:06 [STASH_COMPACT] §f                §7You have §32,261 §7materials stashed away!
16:08:06 [STASH_COMPACT] §f              §8(This totals 5 types of materials stashed!)
16:08:06 [STASH_COMPACT] §f                §3§l>>> §3§lCLICK HERE§b to pick them up! §3§l<<<
16:08:06 [STASH_COMPACT]   
16:09:09 [STASH_COMPACT] §f                §7You have §32,261 §7materials stashed away!
16:09:09 [STASH_COMPACT] §f              §8(This totals 5 types of materials stashed!)
16:09:09 [STASH_COMPACT] §f                §3§l>>> §3§lCLICK HERE§b to pick them up! §3§l<<<
16:09:09 [STASH_COMPACT]   
16:10:09 [STASH_COMPACT] §f                §7You have §32,261 §7materials stashed away!
16:10:09 [STASH_COMPACT] §f              §8(This totals 5 types of materials stashed!)
16:10:09 [STASH_COMPACT] §f                §3§l>>> §3§lCLICK HERE§b to pick them up! §3§l<<<
16:10:09 [STASH_COMPACT]   
16:11:10 [STASH_COMPACT] §f                §7You have §32,261 §7materials stashed away!
16:11:10 [STASH_COMPACT] §f              §8(This totals 5 types of materials stashed!)
16:11:10 [STASH_COMPACT] §f                §3§l>>> §3§lCLICK HERE§b to pick them up! §3§l<<<
16:11:10 [STASH_COMPACT]   
16:11:49 [BESTIARY] §f                                  §6§lBESTIARY
16:11:49 [BESTIARY] §f                           §b§lEnderman §7§8XII §8➡§b §bXIII
16:11:49 [BESTIARY] 
16:11:49 [BESTIARY] §f                                  §r§6§lREWARDS
16:11:49 [BESTIARY] §f                        §r§8+§r§a4 Enderman §r§b✯ Magic Find
16:11:49 [BESTIARY] §f                         §r§8+§r§a4 Enderman §r§c❁ Strength
16:11:49 [BESTIARY] §f                            §r§8+§r§62% §r§aEnderman §r§7coins
16:11:49 [BESTIARY] §f                    §r§8+§r§a50% §r§7chance for extra XP orbs
16:11:49 [BESTIARY] §f                               §r§8+§r§b1 SkyBlock XP
16:11:49 [BESTIARY] 
16:11:49 [BESTIARY]   §r§f                         §6§lBESTIARY MILESTONE
16:11:49 [BESTIARY]   §r§f                                     §8C➡§eCI
16:11:49 [BESTIARY] 
16:11:49 [BESTIARY] §3§l▬▬▬▬▬▬▬▬▬▬▬▬▬▬▬▬▬▬▬▬▬▬▬▬▬▬▬▬▬▬▬▬▬▬▬▬▬▬▬▬▬▬▬▬▬▬▬▬▬▬▬▬▬▬▬▬▬▬▬▬▬▬▬▬
16:12:10 [STASH_COMPACT] §f                §7You have §32,261 §7materials stashed away!
16:12:10 [STASH_COMPACT] §f              §8(This totals 5 types of materials stashed!)
16:12:10 [STASH_COMPACT] §f                §3§l>>> §3§lCLICK HERE§b to pick them up! §3§l<<<
16:12:10 [STASH_COMPACT]   
16:13:11 [STASH_COMPACT] §f                §7You have §32,261 §7materials stashed away!
16:13:11 [STASH_COMPACT] §f              §8(This totals 5 types of materials stashed!)
16:13:11 [STASH_COMPACT] §f                §3§l>>> §3§lCLICK HERE§b to pick them up! §3§l<<<
16:13:11 [STASH_COMPACT]   
16:14:13 [STASH_COMPACT] §f                §7You have §32,261 §7materials stashed away!
16:14:13 [STASH_COMPACT] §f              §8(This totals 5 types of materials stashed!)
16:14:13 [STASH_COMPACT] §f                §3§l>>> §3§lCLICK HERE§b to pick them up! §3§l<<<
16:14:13 [STASH_COMPACT]   
16:15:14 [STASH_COMPACT] §f                §7You have §32,261 §7materials stashed away!
16:15:14 [STASH_COMPACT] §f              §8(This totals 5 types of materials stashed!)
16:15:14 [STASH_COMPACT] §f                §3§l>>> §3§lCLICK HERE§b to pick them up! §3§l<<<
16:15:14 [STASH_COMPACT]   
16:16:13 [BESTIARY] §f                                  §6§lBESTIARY
16:16:13 [BESTIARY] §f                          §b§lEndermite §7§8XII §8➡§b §bXIII
16:16:13 [BESTIARY] 
16:16:13 [BESTIARY] §f                                  §r§6§lREWARDS
16:16:13 [BESTIARY] §f                        §r§8+§r§a4 Endermite §r§b✯ Magic Find
16:16:13 [BESTIARY] §f                         §r§8+§r§a4 Endermite §r§c❁ Strength
16:16:13 [BESTIARY] §f                            §r§8+§r§62% §r§aEndermite §r§7coins
16:16:13 [BESTIARY] §f                    §r§8+§r§a50% §r§7chance for extra XP orbs
16:16:13 [BESTIARY] §f                               §r§8+§r§b1 SkyBlock XP
16:16:13 [BESTIARY] 
16:16:13 [BESTIARY] §3§l▬▬▬▬▬▬▬▬▬▬▬▬▬▬▬▬▬▬▬▬▬▬▬▬▬▬▬▬▬▬▬▬▬▬▬▬▬▬▬▬▬▬▬▬▬▬▬▬▬▬▬▬▬▬▬▬▬▬▬▬▬▬▬▬
16:16:15 [STASH_COMPACT] §f                §7You have §32,261 §7materials stashed away!
16:16:15 [STASH_COMPACT] §f              §8(This totals 5 types of materials stashed!)
16:16:15 [STASH_COMPACT] §f                §3§l>>> §3§lCLICK HERE§b to pick them up! §3§l<<<
16:16:15 [STASH_COMPACT]   
16:17:16 [STASH_COMPACT] §f                §7You have §32,261 §7materials stashed away!
16:17:16 [STASH_COMPACT] §f              §8(This totals 5 types of materials stashed!)
16:17:16 [STASH_COMPACT] §f                §3§l>>> §3§lCLICK HERE§b to pick them up! §3§l<<<
16:17:16 [STASH_COMPACT]   
16:18:17 [STASH_COMPACT] §f                §7You have §32,261 §7materials stashed away!
16:18:17 [STASH_COMPACT] §f              §8(This totals 5 types of materials stashed!)
16:18:17 [STASH_COMPACT] §f                §3§l>>> §3§lCLICK HERE§b to pick them up! §3§l<<<
16:18:17 [STASH_COMPACT]   
16:18:17 [BESTIARY] §f                                  §6§lBESTIARY
16:18:17 [BESTIARY] §f                               §b§lSeer §7§8XI §8➡§b §bXII
16:18:17 [BESTIARY] 
16:18:17 [BESTIARY] §f                                  §r§6§lREWARDS
16:18:17 [BESTIARY] §f                           §r§8+§r§a4 Seer §r§b✯ Magic Find
16:18:17 [BESTIARY] §f                            §r§8+§r§a4 Seer §r§c❁ Strength
16:18:17 [BESTIARY] §f                               §r§8+§r§62% §r§aSeer §r§7coins
16:18:17 [BESTIARY] §f                    §r§8+§r§a50% §r§7chance for extra XP orbs
16:18:17 [BESTIARY] §f                               §r§8+§r§b1 SkyBlock XP
16:18:17 [BESTIARY] 
16:18:17 [BESTIARY] §3§l▬▬▬▬▬▬▬▬▬▬▬▬▬▬▬▬▬▬▬▬▬▬▬▬▬▬▬▬▬▬▬▬▬▬▬▬▬▬▬▬▬▬▬▬▬▬▬▬▬▬▬▬▬▬▬▬▬▬▬▬▬▬▬▬
16:19:18 [STASH_COMPACT] §f                §7You have §32,261 §7materials stashed away!
16:19:18 [STASH_COMPACT] §f              §8(This totals 5 types of materials stashed!)
16:19:18 [STASH_COMPACT] §f                §3§l>>> §3§lCLICK HERE§b to pick them up! §3§l<<<
16:19:18 [STASH_COMPACT]   
16:20:19 [STASH_COMPACT] §f                §7You have §32,261 §7materials stashed away!
16:20:19 [STASH_COMPACT] §f              §8(This totals 5 types of materials stashed!)
16:20:19 [STASH_COMPACT] §f                §3§l>>> §3§lCLICK HERE§b to pick them up! §3§l<<<
16:20:19 [STASH_COMPACT]   
16:21:19 [STASH_COMPACT] §f                §7You have §32,261 §7materials stashed away!
16:21:19 [STASH_COMPACT] §f              §8(This totals 5 types of materials stashed!)
16:21:19 [STASH_COMPACT] §f                §3§l>>> §3§lCLICK HERE§b to pick them up! §3§l<<<
16:21:19 [STASH_COMPACT]   
16:22:20 [STASH_COMPACT] §f                §7You have §32,261 §7materials stashed away!
16:22:20 [STASH_COMPACT] §f              §8(This totals 5 types of materials stashed!)
16:22:20 [STASH_COMPACT] §f                §3§l>>> §3§lCLICK HERE§b to pick them up! §3§l<<<
16:22:20 [STASH_COMPACT]   
16:23:21 [STASH_COMPACT] §f                §7You have §32,261 §7materials stashed away!
16:23:21 [STASH_COMPACT] §f              §8(This totals 5 types of materials stashed!)
16:23:21 [STASH_COMPACT] §f                §3§l>>> §3§lCLICK HERE§b to pick them up! §3§l<<<
16:23:21 [STASH_COMPACT]   
16:24:19 [STASH_COMPACT] §f                §7You have §32,261 §7materials stashed away!
16:24:19 [STASH_COMPACT] §f              §8(This totals 5 types of materials stashed!)
16:24:19 [STASH_COMPACT] §f                §3§l>>> §3§lCLICK HERE§b to pick them up! §3§l<<<
16:24:19 [STASH_COMPACT]   
16:25:14 [STASH_COMPACT] §f                §7You have §32,261 §7materials stashed away!
16:25:14 [STASH_COMPACT] §f              §8(This totals 5 types of materials stashed!)
16:25:14 [STASH_COMPACT] §f                §3§l>>> §3§lCLICK HERE§b to pick them up! §3§l<<<
16:25:14 [STASH_COMPACT]   
16:26:15 [STASH_COMPACT] §f                §7You have §32,261 §7materials stashed away!
16:26:15 [STASH_COMPACT] §f              §8(This totals 5 types of materials stashed!)
16:26:15 [STASH_COMPACT] §f                §3§l>>> §3§lCLICK HERE§b to pick them up! §3§l<<<
16:26:15 [STASH_COMPACT]   
16:27:16 [STASH_COMPACT] §f                §7You have §32,261 §7materials stashed away!
16:27:16 [STASH_COMPACT] §f              §8(This totals 5 types of materials stashed!)
16:27:16 [STASH_COMPACT] §f                §3§l>>> §3§lCLICK HERE§b to pick them up! §3§l<<<
16:27:16 [STASH_COMPACT]   
16:28:18 [STASH_COMPACT] §f                §7You have §32,261 §7materials stashed away!
16:28:18 [STASH_COMPACT] §f              §8(This totals 5 types of materials stashed!)
16:28:18 [STASH_COMPACT] §f                §3§l>>> §3§lCLICK HERE§b to pick them up! §3§l<<<
16:28:18 [STASH_COMPACT]   
16:29:19 [STASH_COMPACT] §f                §7You have §32,261 §7materials stashed away!
16:29:19 [STASH_COMPACT] §f              §8(This totals 5 types of materials stashed!)
16:29:19 [STASH_COMPACT] §f                §3§l>>> §3§lCLICK HERE§b to pick them up! §3§l<<<
16:29:19 [STASH_COMPACT]   
16:30:20 [STASH_COMPACT] §f                §7You have §32,261 §7materials stashed away!
16:30:20 [STASH_COMPACT] §f              §8(This totals 5 types of materials stashed!)
16:30:20 [STASH_COMPACT] §f                §3§l>>> §3§lCLICK HERE§b to pick them up! §3§l<<<
16:30:20 [STASH_COMPACT]   
16:31:22 [STASH_COMPACT] §f                §7You have §32,261 §7materials stashed away!
16:31:22 [STASH_COMPACT] §f              §8(This totals 5 types of materials stashed!)
16:31:22 [STASH_COMPACT] §f                §3§l>>> §3§lCLICK HERE§b to pick them up! §3§l<<<
16:31:22 [STASH_COMPACT]   
16:32:22 [STASH_COMPACT] §f                §7You have §32,261 §7materials stashed away!
16:32:22 [STASH_COMPACT] §f              §8(This totals 5 types of materials stashed!)
16:32:22 [STASH_COMPACT] §f                §3§l>>> §3§lCLICK HERE§b to pick them up! §3§l<<<
16:32:22 [STASH_COMPACT]   
16:33:23 [STASH_COMPACT] §f                §7You have §32,261 §7materials stashed away!
16:33:23 [STASH_COMPACT] §f              §8(This totals 5 types of materials stashed!)
16:33:23 [STASH_COMPACT] §f                §3§l>>> §3§lCLICK HERE§b to pick them up! §3§l<<<
16:33:23 [STASH_COMPACT]   
16:34:25 [STASH_COMPACT] §f                §7You have §32,261 §7materials stashed away!
16:34:25 [STASH_COMPACT] §f              §8(This totals 5 types of materials stashed!)
16:34:25 [STASH_COMPACT] §f                §3§l>>> §3§lCLICK HERE§b to pick them up! §3§l<<<
16:34:25 [STASH_COMPACT]   
16:35:26 [STASH_COMPACT] §f                §7You have §32,261 §7materials stashed away!
16:35:26 [STASH_COMPACT] §f              §8(This totals 5 types of materials stashed!)
16:35:26 [STASH_COMPACT] §f                §3§l>>> §3§lCLICK HERE§b to pick them up! §3§l<<<
16:35:26 [STASH_COMPACT]   
16:35:37 [BESTIARY] §f                                  §6§lBESTIARY
16:35:37 [BESTIARY] §f                     §b§lObsidian Defender §7§8XI §8➡§b §bXII
16:35:37 [BESTIARY] 
16:35:37 [BESTIARY] §f                                  §r§6§lREWARDS
16:35:37 [BESTIARY] §f                   §r§8+§r§a4 Obsidian Defender §r§b✯ Magic Find
16:35:37 [BESTIARY] §f                   §r§8+§r§a4 Obsidian Defender §r§c❁ Strength
16:35:37 [BESTIARY] §f                       §r§8+§r§62% §r§aObsidian Defender §r§7coins
16:35:37 [BESTIARY] §f                    §r§8+§r§a50% §r§7chance for extra XP orbs
16:35:37 [BESTIARY] §f                               §r§8+§r§b1 SkyBlock XP
16:35:37 [BESTIARY] 
16:35:37 [BESTIARY] §3§l▬▬▬▬▬▬▬▬▬▬▬▬▬▬▬▬▬▬▬▬▬▬▬▬▬▬▬▬▬▬▬▬▬▬▬▬▬▬▬▬▬▬▬▬▬▬▬▬▬▬▬▬▬▬▬▬▬▬▬▬▬▬▬▬
16:36:28 [STASH_COMPACT] §f                §7You have §32,261 §7materials stashed away!
16:36:28 [STASH_COMPACT] §f              §8(This totals 5 types of materials stashed!)
16:36:28 [STASH_COMPACT] §f                §3§l>>> §3§lCLICK HERE§b to pick them up! §3§l<<<
16:36:28 [STASH_COMPACT]   
16:37:29 [STASH_COMPACT] §f                §7You have §32,261 §7materials stashed away!
16:37:29 [STASH_COMPACT] §f              §8(This totals 5 types of materials stashed!)
16:37:29 [STASH_COMPACT] §f                §3§l>>> §3§lCLICK HERE§b to pick them up! §3§l<<<
16:37:29 [STASH_COMPACT]   
16:37:57 [STASH_COMPACT] §f                §7You have §32,261 §7materials stashed away!
16:37:57 [STASH_COMPACT] §f              §8(This totals 5 types of materials stashed!)
16:37:57 [STASH_COMPACT] §f                §3§l>>> §3§lCLICK HERE§b to pick them up! §3§l<<<
16:37:57 [STASH_COMPACT]   
16:38:57 [STASH_COMPACT] §f                §7You have §32,261 §7materials stashed away!
16:38:57 [STASH_COMPACT] §f              §8(This totals 5 types of materials stashed!)
16:38:57 [STASH_COMPACT] §f                §3§l>>> §3§lCLICK HERE§b to pick them up! §3§l<<<
16:38:57 [STASH_COMPACT]   
16:39:58 [STASH_COMPACT] §f                §7You have §32,261 §7materials stashed away!
16:39:58 [STASH_COMPACT] §f              §8(This totals 5 types of materials stashed!)
16:39:58 [STASH_COMPACT] §f                §3§l>>> §3§lCLICK HERE§b to pick them up! §3§l<<<
16:39:58 [STASH_COMPACT]   
16:40:58 [STASH_COMPACT] §f                §7You have §32,261 §7materials stashed away!
16:40:58 [STASH_COMPACT] §f              §8(This totals 5 types of materials stashed!)
16:40:58 [STASH_COMPACT] §f                §3§l>>> §3§lCLICK HERE§b to pick them up! §3§l<<<
16:40:58 [STASH_COMPACT]   
16:42:45 [STASH_COMPACT] §f                §7You have §32,261 §7materials stashed away!
16:42:45 [STASH_COMPACT] §f              §8(This totals 5 types of materials stashed!)
16:42:45 [STASH_COMPACT] §f                §3§l>>> §3§lCLICK HERE§b to pick them up! §3§l<<<
16:42:45 [STASH_COMPACT]   
16:43:46 [STASH_COMPACT] §f                §7You have §32,261 §7materials stashed away!
16:43:46 [STASH_COMPACT] §f              §8(This totals 5 types of materials stashed!)
16:43:46 [STASH_COMPACT] §f                §3§l>>> §3§lCLICK HERE§b to pick them up! §3§l<<<
16:43:46 [STASH_COMPACT]   
16:44:46 [STASH_COMPACT] §f                §7You have §32,261 §7materials stashed away!
16:44:46 [STASH_COMPACT] §f              §8(This totals 5 types of materials stashed!)
16:44:46 [STASH_COMPACT] §f                §3§l>>> §3§lCLICK HERE§b to pick them up! §3§l<<<
16:44:46 [STASH_COMPACT]   
16:45:46 [STASH_COMPACT] §f                §7You have §32,261 §7materials stashed away!
16:45:46 [STASH_COMPACT] §f              §8(This totals 5 types of materials stashed!)
16:45:46 [STASH_COMPACT] §f                §3§l>>> §3§lCLICK HERE§b to pick them up! §3§l<<<
16:45:46 [STASH_COMPACT]   
16:46:47 [STASH_COMPACT] §f                §7You have §32,261 §7materials stashed away!
16:46:47 [STASH_COMPACT] §f              §8(This totals 5 types of materials stashed!)
16:46:47 [STASH_COMPACT] §f                §3§l>>> §3§lCLICK HERE§b to pick them up! §3§l<<<
16:46:47 [STASH_COMPACT]   
16:47:44 [STASH_COMPACT] §f                §7You have §32,261 §7materials stashed away!
16:47:44 [STASH_COMPACT] §f              §8(This totals 5 types of materials stashed!)
16:47:44 [STASH_COMPACT] §f                §3§l>>> §3§lCLICK HERE§b to pick them up! §3§l<<<
16:47:44 [STASH_COMPACT]   
16:48:45 [STASH_COMPACT] §f                §7You have §32,261 §7materials stashed away!
16:48:45 [STASH_COMPACT] §f              §8(This totals 5 types of materials stashed!)
16:48:45 [STASH_COMPACT] §f                §3§l>>> §3§lCLICK HERE§b to pick them up! §3§l<<<
16:48:45 [STASH_COMPACT]   
16:49:45 [STASH_COMPACT] §f                §7You have §32,261 §7materials stashed away!
16:49:45 [STASH_COMPACT] §f              §8(This totals 5 types of materials stashed!)
16:49:45 [STASH_COMPACT] §f                §3§l>>> §3§lCLICK HERE§b to pick them up! §3§l<<<
16:49:45 [STASH_COMPACT]   
16:50:46 [STASH_COMPACT] §f                §7You have §32,261 §7materials stashed away!
16:50:46 [STASH_COMPACT] §f              §8(This totals 5 types of materials stashed!)
16:50:46 [STASH_COMPACT] §f                §3§l>>> §3§lCLICK HERE§b to pick them up! §3§l<<<
16:50:46 [STASH_COMPACT]   
16:51:47 [STASH_COMPACT] §f                §7You have §32,261 §7materials stashed away!
16:51:47 [STASH_COMPACT] §f              §8(This totals 5 types of materials stashed!)
16:51:47 [STASH_COMPACT] §f                §3§l>>> §3§lCLICK HERE§b to pick them up! §3§l<<<
16:51:47 [STASH_COMPACT]   
16:52:47 [STASH_COMPACT] §f                §7You have §32,261 §7materials stashed away!
16:52:47 [STASH_COMPACT] §f              §8(This totals 5 types of materials stashed!)
16:52:47 [STASH_COMPACT] §f                §3§l>>> §3§lCLICK HERE§b to pick them up! §3§l<<<
16:52:47 [STASH_COMPACT]   
16:53:48 [STASH_COMPACT] §f                §7You have §32,261 §7materials stashed away!
16:53:48 [STASH_COMPACT] §f              §8(This totals 5 types of materials stashed!)
16:53:48 [STASH_COMPACT] §f                §3§l>>> §3§lCLICK HERE§b to pick them up! §3§l<<<
16:53:48 [STASH_COMPACT]   
16:54:49 [STASH_COMPACT] §f                §7You have §32,261 §7materials stashed away!
16:54:49 [STASH_COMPACT] §f              §8(This totals 5 types of materials stashed!)
16:54:49 [STASH_COMPACT] §f                §3§l>>> §3§lCLICK HERE§b to pick them up! §3§l<<<
16:54:49 [STASH_COMPACT]   
16:55:50 [STASH_COMPACT] §f                §7You have §32,261 §7materials stashed away!
16:55:50 [STASH_COMPACT] §f              §8(This totals 5 types of materials stashed!)
16:55:50 [STASH_COMPACT] §f                §3§l>>> §3§lCLICK HERE§b to pick them up! §3§l<<<
16:55:50 [STASH_COMPACT]   
16:56:51 [STASH_COMPACT] §f                §7You have §32,261 §7materials stashed away!
16:56:51 [STASH_COMPACT] §f              §8(This totals 5 types of materials stashed!)
16:56:51 [STASH_COMPACT] §f                §3§l>>> §3§lCLICK HERE§b to pick them up! §3§l<<<
16:56:51 [STASH_COMPACT]   
16:57:52 [STASH_COMPACT] §f                §7You have §32,261 §7materials stashed away!
16:57:52 [STASH_COMPACT] §f              §8(This totals 5 types of materials stashed!)
16:57:52 [STASH_COMPACT] §f                §3§l>>> §3§lCLICK HERE§b to pick them up! §3§l<<<
16:57:52 [STASH_COMPACT]   
16:58:53 [STASH_COMPACT] §f                §7You have §32,261 §7materials stashed away!
16:58:53 [STASH_COMPACT] §f              §8(This totals 5 types of materials stashed!)
16:58:53 [STASH_COMPACT] §f                §3§l>>> §3§lCLICK HERE§b to pick them up! §3§l<<<
16:58:53 [STASH_COMPACT]   
16:59:54 [STASH_COMPACT] §f                §7You have §32,261 §7materials stashed away!
16:59:54 [STASH_COMPACT] §f              §8(This totals 5 types of materials stashed!)
16:59:54 [STASH_COMPACT] §f                §3§l>>> §3§lCLICK HERE§b to pick them up! §3§l<<<
16:59:54 [STASH_COMPACT]   
17:00:55 [STASH_COMPACT] §f                §7You have §32,261 §7materials stashed away!
17:00:55 [STASH_COMPACT] §f              §8(This totals 5 types of materials stashed!)
17:00:55 [STASH_COMPACT] §f                §3§l>>> §3§lCLICK HERE§b to pick them up! §3§l<<<
17:00:55 [STASH_COMPACT]   
17:02:00 [STASH_COMPACT] §f                §7You have §32,261 §7materials stashed away!
17:02:00 [STASH_COMPACT] §f              §8(This totals 5 types of materials stashed!)
17:02:00 [STASH_COMPACT] §f                §3§l>>> §3§lCLICK HERE§b to pick them up! §3§l<<<
17:02:00 [STASH_COMPACT]   
17:03:01 [STASH_COMPACT] §f                §7You have §32,261 §7materials stashed away!
17:03:01 [STASH_COMPACT] §f              §8(This totals 5 types of materials stashed!)
17:03:01 [STASH_COMPACT] §f                §3§l>>> §3§lCLICK HERE§b to pick them up! §3§l<<<
17:03:01 [STASH_COMPACT]   
17:04:01 [STASH_COMPACT] §f                §7You have §32,261 §7materials stashed away!
17:04:01 [STASH_COMPACT] §f              §8(This totals 5 types of materials stashed!)
17:04:01 [STASH_COMPACT] §f                §3§l>>> §3§lCLICK HERE§b to pick them up! §3§l<<<
17:04:01 [STASH_COMPACT]   
17:05:02 [STASH_COMPACT] §f                §7You have §32,261 §7materials stashed away!
17:05:02 [STASH_COMPACT] §f              §8(This totals 5 types of materials stashed!)
17:05:02 [STASH_COMPACT] §f                §3§l>>> §3§lCLICK HERE§b to pick them up! §3§l<<<
17:05:02 [STASH_COMPACT]   
17:06:03 [STASH_COMPACT] §f                §7You have §32,261 §7materials stashed away!
17:06:03 [STASH_COMPACT] §f              §8(This totals 5 types of materials stashed!)
17:06:03 [STASH_COMPACT] §f                §3§l>>> §3§lCLICK HERE§b to pick them up! §3§l<<<
17:06:03 [STASH_COMPACT]   
17:07:04 [STASH_COMPACT] §f                §7You have §32,261 §7materials stashed away!
17:07:04 [STASH_COMPACT] §f              §8(This totals 5 types of materials stashed!)
17:07:04 [STASH_COMPACT] §f                §3§l>>> §3§lCLICK HERE§b to pick them up! §3§l<<<
17:07:04 [STASH_COMPACT]   
17:07:04 [BESTIARY] §f                                  §6§lBESTIARY
17:07:04 [BESTIARY] §f                       §b§lWeaver Spider §7§8VIII §8➡§b §bIX
17:07:04 [BESTIARY] 
17:07:04 [BESTIARY] §f                                  §r§6§lREWARDS
17:07:04 [BESTIARY] §f                     §r§8+§r§a3 Weaver Spider §r§b✯ Magic Find
17:07:04 [BESTIARY] §f                      §r§8+§r§a3 Weaver Spider §r§c❁ Strength
17:07:04 [BESTIARY] §f                         §r§8+§r§62% §r§aWeaver Spider §r§7coins
17:07:04 [BESTIARY] §f                    §r§8+§r§a50% §r§7chance for extra XP orbs
17:07:04 [BESTIARY] §f                               §r§8+§r§b1 SkyBlock XP
17:07:04 [BESTIARY] 
17:07:04 [BESTIARY] §3§l▬▬▬▬▬▬▬▬▬▬▬▬▬▬▬▬▬▬▬▬▬▬▬▬▬▬▬▬▬▬▬▬▬▬▬▬▬▬▬▬▬▬▬▬▬▬▬▬▬▬▬▬▬▬▬▬▬▬▬▬▬▬▬▬
17:08:04 [STASH_COMPACT] §f                §7You have §32,261 §7materials stashed away!
17:08:04 [STASH_COMPACT] §f              §8(This totals 5 types of materials stashed!)
17:08:04 [STASH_COMPACT] §f                §3§l>>> §3§lCLICK HERE§b to pick them up! §3§l<<<
17:08:04 [STASH_COMPACT]   
17:09:05 [STASH_COMPACT] §f                §7You have §32,261 §7materials stashed away!
17:09:05 [STASH_COMPACT] §f              §8(This totals 5 types of materials stashed!)
17:09:05 [STASH_COMPACT] §f                §3§l>>> §3§lCLICK HERE§b to pick them up! §3§l<<<
17:09:05 [STASH_COMPACT]   
17:10:05 [STASH_COMPACT] §f                §7You have §32,261 §7materials stashed away!
17:10:05 [STASH_COMPACT] §f              §8(This totals 5 types of materials stashed!)
17:10:05 [STASH_COMPACT] §f                §3§l>>> §3§lCLICK HERE§b to pick them up! §3§l<<<
17:10:05 [STASH_COMPACT]   
17:11:06 [STASH_COMPACT] §f                §7You have §32,261 §7materials stashed away!
17:11:06 [STASH_COMPACT] §f              §8(This totals 5 types of materials stashed!)
17:11:06 [STASH_COMPACT] §f                §3§l>>> §3§lCLICK HERE§b to pick them up! §3§l<<<
17:11:06 [STASH_COMPACT]   
17:11:19 [STASH_COMPACT] §f                §7You have §32,261 §7materials stashed away!
17:11:19 [STASH_COMPACT] §f              §8(This totals 5 types of materials stashed!)
17:11:19 [STASH_COMPACT] §f                §3§l>>> §3§lCLICK HERE§b to pick them up! §3§l<<<
17:11:19 [STASH_COMPACT]   
17:12:12 [STASH_COMPACT] §f                §7You have §32,261 §7materials stashed away!
17:12:12 [STASH_COMPACT] §f              §8(This totals 5 types of materials stashed!)
17:12:12 [STASH_COMPACT] §f                §3§l>>> §3§lCLICK HERE§b to pick them up! §3§l<<<
17:12:12 [STASH_COMPACT]   
17:13:13 [STASH_COMPACT] §f                §7You have §32,261 §7materials stashed away!
17:13:13 [STASH_COMPACT] §f              §8(This totals 5 types of materials stashed!)
17:13:13 [STASH_COMPACT] §f                §3§l>>> §3§lCLICK HERE§b to pick them up! §3§l<<<
17:13:13 [STASH_COMPACT]   
17:14:08 [STASH_COMPACT] §f                §7You have §32,261 §7materials stashed away!
17:14:08 [STASH_COMPACT] §f              §8(This totals 5 types of materials stashed!)
17:14:08 [STASH_COMPACT] §f                §3§l>>> §3§lCLICK HERE§b to pick them up! §3§l<<<
17:14:08 [STASH_COMPACT]   
17:15:08 [STASH_COMPACT] §f                §7You have §32,261 §7materials stashed away!
17:15:08 [STASH_COMPACT] §f              §8(This totals 5 types of materials stashed!)
17:15:08 [STASH_COMPACT] §f                §3§l>>> §3§lCLICK HERE§b to pick them up! §3§l<<<
17:15:08 [STASH_COMPACT]   
17:16:08 [STASH_COMPACT] §f                §7You have §32,261 §7materials stashed away!
17:16:08 [STASH_COMPACT] §f              §8(This totals 5 types of materials stashed!)
17:16:08 [STASH_COMPACT] §f                §3§l>>> §3§lCLICK HERE§b to pick them up! §3§l<<<
17:16:08 [STASH_COMPACT]   
17:17:06 [STASH_COMPACT] §f                §7You have §32,261 §7materials stashed away!
17:17:06 [STASH_COMPACT] §f              §8(This totals 5 types of materials stashed!)
17:17:06 [STASH_COMPACT] §f                §3§l>>> §3§lCLICK HERE§b to pick them up! §3§l<<<
17:17:06 [STASH_COMPACT]   
17:18:06 [STASH_COMPACT] §f                §7You have §32,261 §7materials stashed away!
17:18:06 [STASH_COMPACT] §f              §8(This totals 5 types of materials stashed!)
17:18:06 [STASH_COMPACT] §f                §3§l>>> §3§lCLICK HERE§b to pick them up! §3§l<<<
17:18:06 [STASH_COMPACT]   
17:30:03 [STASH_COMPACT] §f                §7You have §32,261 §7materials stashed away!
17:30:03 [STASH_COMPACT] §f              §8(This totals 5 types of materials stashed!)
17:30:03 [STASH_COMPACT] §f                §3§l>>> §3§lCLICK HERE§b to pick them up! §3§l<<<
17:30:03 [STASH_COMPACT]   
17:31:04 [STASH_COMPACT] §f                §7You have §32,261 §7materials stashed away!
17:31:04 [STASH_COMPACT] §f              §8(This totals 5 types of materials stashed!)
17:31:04 [STASH_COMPACT] §f                §3§l>>> §3§lCLICK HERE§b to pick them up! §3§l<<<
17:31:04 [STASH_COMPACT]   
17:32:04 [STASH_COMPACT] §f                §7You have §32,261 §7materials stashed away!
17:32:04 [STASH_COMPACT] §f              §8(This totals 5 types of materials stashed!)
17:32:04 [STASH_COMPACT] §f                §3§l>>> §3§lCLICK HERE§b to pick them up! §3§l<<<
17:32:04 [STASH_COMPACT]   
17:33:04 [STASH_COMPACT] §f                §7You have §32,261 §7materials stashed away!
17:33:04 [STASH_COMPACT] §f              §8(This totals 5 types of materials stashed!)
17:33:04 [STASH_COMPACT] §f                §3§l>>> §3§lCLICK HERE§b to pick them up! §3§l<<<
17:33:04 [STASH_COMPACT]   
17:34:19 [STASH_COMPACT] §f                §7You have §32,261 §7materials stashed away!
17:34:19 [STASH_COMPACT] §f              §8(This totals 5 types of materials stashed!)
17:34:19 [STASH_COMPACT] §f                §3§l>>> §3§lCLICK HERE§b to pick them up! §3§l<<<
17:34:19 [STASH_COMPACT]   
17:35:19 [STASH_COMPACT] §f                §7You have §32,261 §7materials stashed away!
17:35:19 [STASH_COMPACT] §f              §8(This totals 5 types of materials stashed!)
17:35:19 [STASH_COMPACT] §f                §3§l>>> §3§lCLICK HERE§b to pick them up! §3§l<<<
17:35:19 [STASH_COMPACT]   
17:36:19 [STASH_COMPACT] §f                §7You have §32,261 §7materials stashed away!
17:36:19 [STASH_COMPACT] §f              §8(This totals 5 types of materials stashed!)
17:36:19 [STASH_COMPACT] §f                §3§l>>> §3§lCLICK HERE§b to pick them up! §3§l<<<
17:36:19 [STASH_COMPACT]   
17:37:19 [STASH_COMPACT] §f                §7You have §32,261 §7materials stashed away!
17:37:19 [STASH_COMPACT] §f              §8(This totals 5 types of materials stashed!)
17:37:19 [STASH_COMPACT] §f                §3§l>>> §3§lCLICK HERE§b to pick them up! §3§l<<<
17:37:19 [STASH_COMPACT]   
17:38:19 [STASH_COMPACT] §f                §7You have §32,261 §7materials stashed away!
17:38:19 [STASH_COMPACT] §f              §8(This totals 5 types of materials stashed!)
17:38:19 [STASH_COMPACT] §f                §3§l>>> §3§lCLICK HERE§b to pick them up! §3§l<<<
17:38:19 [STASH_COMPACT]   
17:39:20 [STASH_COMPACT] §f                §7You have §32,261 §7materials stashed away!
17:39:20 [STASH_COMPACT] §f              §8(This totals 5 types of materials stashed!)
17:39:20 [STASH_COMPACT] §f                §3§l>>> §3§lCLICK HERE§b to pick them up! §3§l<<<
17:39:20 [STASH_COMPACT]   
17:40:20 [STASH_COMPACT] §f                §7You have §32,261 §7materials stashed away!
17:40:20 [STASH_COMPACT] §f              §8(This totals 5 types of materials stashed!)
17:40:20 [STASH_COMPACT] §f                §3§l>>> §3§lCLICK HERE§b to pick them up! §3§l<<<
17:40:20 [STASH_COMPACT]   
17:41:20 [STASH_COMPACT] §f                §7You have §32,261 §7materials stashed away!
17:41:20 [STASH_COMPACT] §f              §8(This totals 5 types of materials stashed!)
17:41:20 [STASH_COMPACT] §f                §3§l>>> §3§lCLICK HERE§b to pick them up! §3§l<<<
17:41:20 [STASH_COMPACT]   
