14:36:47 §e[SkyHanni] Reloaded 7532 items in the NEU repo§r
14:37:59 §e[SkyHanni] Successfully loaded this year's contests from elitebot.dev automatically!§r
14:38:01 §e[SkyHanni] §bYou have §32.2k §bmaterials in stash, §btotalling §35 types§b. §bClick to §3pickup §byour stash!§r
14:38:05 §e[SkyHanni] You have gained §b445 §eBits.§r
14:40:19 §e[SkyHanni] Loaded Cactus milestone data from tab list!§r
14:42:59 §e[SkyHanni] §b+6 SkyBlock XP §7(Attribute Levels§7)§b (56/100)§r
14:43:55 §e[SkyHanni] §b+1 SkyBlock XP §7(Attribute Levels§7)§b (57/100)§r
14:44:53 §e[SkyHanni] §b+1 SkyBlock XP §7(Attribute Levels§7)§b (58/100)§r
14:45:30 §e[SkyHanni] §b+8 SkyBlock XP §7(Attribute Levels§7)§b (66/100)§r
14:47:08 §e[SkyHanni] §bYou have §32.2k §bmaterials in stash, §btotalling §35 types§b. §bClick to §3pickup §byour stash!§r
14:52:41 §e[SkyHanni] §bYou have §32.2k §bmaterials in stash, §btotalling §35 types§b. §bClick to §3pickup §byour stash!§r
14:53:08 §e[SkyHanni] Click here to share the location of this chocolate egg with the server!§r
14:55:18 §e[SkyHanni] §bYou have §32.2k §bmaterials in stash, §btotalling §35 types§b. §bClick to §3pickup §byour stash!§r
14:55:33 §a§lPotion Effect! §r§4Regeneration IV§r
14:55:33 §a§lPotion Effect! §r§4Strength V§r
14:55:33 §a§lPotion Effect! §r§4Critical III§r
14:55:33 §a§lPotion Effect! §r§9Speed III§r
14:55:33 §a§lPotion Effect! §r§aResistance V§r
14:55:33 §a§lPotion Effect! §r§bArchery III§r
15:09:49 §e[SkyHanni] §bYou have §32.2k §bmaterials in stash, §btotalling §35 types§b. §bClick to §3pickup §byour stash!§r
15:10:27 §e[SkyHanni] §bYou have §32.2k §bmaterials in stash, §btotalling §35 types§b. §bClick to §3pickup §byour stash!§r
15:10:35 §a§lPotion Effect! §r§4Regeneration IV§r
15:10:35 §a§lPotion Effect! §r§4Strength V§r
15:10:35 §a§lPotion Effect! §r§4Critical III§r
15:10:35 §a§lPotion Effect! §r§9Speed III§r
15:10:35 §a§lPotion Effect! §r§aResistance V§r
15:10:35 §a§lPotion Effect! §r§bArchery III§r
15:22:44 §e[SkyHanni] §bYou have §32.2k §bmaterials in stash, §btotalling §35 types§b. §bClick to §3pickup §byour stash!§r
15:33:32 §6§lBESTIARY §r§b§lWither Miner §7§8XXII §8➡§b §bXXIII§r
15:40:08 §e[SkyHanni] §bYou have §32.2k §bmaterials in stash, §btotalling §35 types§b. §bClick to §3pickup §byour stash!§r
15:44:24 §e[SkyHanni] §bYou have §32.2k §bmaterials in stash, §btotalling §35 types§b. §bClick to §3pickup §byour stash!§r
15:45:25 §e[SkyHanni] §bYou have §32.2k §bmaterials in stash, §btotalling §35 types§b. §bClick to §3pickup §byour stash!§r
15:45:30 §a§lPotion Effect! §r§4Regeneration IV§r
15:45:30 §a§lPotion Effect! §r§4Strength V§r
15:45:30 §a§lPotion Effect! §r§4Critical III§r
15:45:30 §a§lPotion Effect! §r§9Speed III§r
15:45:30 §a§lPotion Effect! §r§aResistance V§r
15:45:30 §a§lPotion Effect! §r§bArchery III§r
15:59:18 §e[SkyHanni] §bYou have §32.2k §bmaterials in stash, §btotalling §35 types§b. §bClick to §3pickup §byour stash!§r
16:05:09 §e[SkyHanni] §bYou have §32.2k §bmaterials in stash, §btotalling §35 types§b. §bClick to §3pickup §byour stash!§r
16:05:36 §e[SkyHanni] §bYou have §32.2k §bmaterials in stash, §btotalling §35 types§b. §bClick to §3pickup §byour stash!§r
16:08:06 §e[SkyHanni] §bYou have §32.2k §bmaterials in stash, §btotalling §35 types§b. §bClick to §3pickup §byour stash!§r
16:09:09 §e[SkyHanni] §f                §r§eYour Weight: §r§a10§r
16:09:09 §e[SkyHanni] Profit for Dragon§e: §6108§r
16:11:49 §6§lBESTIARY §r§b§lEnderman §7§8XII §8➡§b §bXIII§r
16:11:59 §e[SkyHanni] Click here to share the location of this chocolate egg with the server!§r
16:16:13 §6§lBESTIARY §r§b§lEndermite §7§8XII §8➡§b §bXIII§r
16:18:17 §6§lBESTIARY §r§b§lSeer §7§8XI §8➡§b §bXII§r
16:19:31 §e[SkyHanni] §b+4 SkyBlock XP §7(Attribute Levels§7)§b (96/100)§r
16:20:35 §e[SkyHanni] Click here to share the location of this chocolate egg with the server!§r
16:23:31 §e[SkyHanni] §f                §r§eYour Weight: §r§a10§r
16:23:31 §e[SkyHanni] Profit for Dragon§e: §6535§r
16:24:19 §e[SkyHanni] §bYou have §32.2k §bmaterials in stash, §btotalling §35 types§b. §bClick to §3pickup §byour stash!§r
16:25:14 §e[SkyHanni] §bYou have §32.2k §bmaterials in stash, §btotalling §35 types§b. §bClick to §3pickup §byour stash!§r
16:30:29 §e[SkyHanni] §f                §r§eYour Weight: §r§a113§r
16:30:29 §e[SkyHanni] Profit for Dragon§e: §646k§r
16:30:30 §e[SkyHanni] §b+25 SkyBlock XP §7(Killed Unstable Dragon§7)§b (21/100)§r
16:33:07 §e[SkyHanni] Click here to share the location of this chocolate egg with the server!§r
16:35:37 §6§lBESTIARY §r§b§lObsidian Defender §7§8XI §8➡§b §bXII§r
16:36:00 §e[SkyHanni] §b+2 SkyBlock XP §7(Attribute Levels§7)§b (23/100)§r
16:37:14 §e[SkyHanni] §b+7 SkyBlock XP §7(Attribute Levels§7)§b (30/100)§r
16:37:57 §e[SkyHanni] §bYou have §32.2k §bmaterials in stash, §btotalling §35 types§b. §bClick to §3pickup §byour stash!§r
16:41:30 §e[SkyHanni] §b+5 SkyBlock XP §7(Complete Objective§7)§b (35/100)§r
16:42:18 §e[SkyHanni] §b+5 SkyBlock XP §7(Complete Objective§7)§b (40/100)§r
16:42:45 §e[SkyHanni] §bYou have §32.2k §bmaterials in stash, §btotalling §35 types§b. §bClick to §3pickup §byour stash!§r
16:47:44 §e[SkyHanni] §bYou have §32.2k §bmaterials in stash, §btotalling §35 types§b. §bClick to §3pickup §byour stash!§r
16:48:34 §e[SkyHanni] §b+5 SkyBlock XP §7(Complete Objective§7)§b (45/100)§r
17:02:00 §e[SkyHanni] §bYou have §32.2k §bmaterials in stash, §btotalling §35 types§b. §bClick to §3pickup §byour stash!§r
17:07:04 §6§lBESTIARY §r§b§lWeaver Spider §7§8VIII §8➡§b §bIX§r
17:08:27 §e[SkyHanni] The Broodmother was killed!§r
17:11:19 §e[SkyHanni] §bYou have §32.2k §bmaterials in stash, §btotalling §35 types§b. §bClick to §3pickup §byour stash!§r
17:12:12 §e[SkyHanni] §bYou have §32.2k §bmaterials in stash, §btotalling §35 types§b. §bClick to §3pickup §byour stash!§r
17:14:08 §e[SkyHanni] §bYou have §32.2k §bmaterials in stash, §btotalling §35 types§b. §bClick to §3pickup §byour stash!§r
17:15:08 §e[SkyHanni] §bYou have §32.2k §bmaterials in stash, §btotalling §35 types§b. §bClick to §3pickup §byour stash!§r
17:17:06 §e[SkyHanni] §bYou have §32.2k §bmaterials in stash, §btotalling §35 types§b. §bClick to §3pickup §byour stash!§r
17:30:03 §e[SkyHanni] §bYou have §32.2k §bmaterials in stash, §btotalling §35 types§b. §bClick to §3pickup §byour stash!§r
17:34:19 §e[SkyHanni] §bYou have §32.2k §bmaterials in stash, §btotalling §35 types§b. §bClick to §3pickup §byour stash!§r
17:37:01 §e[SkyHanni] §b+50 SkyBlock XP §7(Slayer Level Up§7)§b (1/100)§r
17:37:12 §e[SkyHanni] §b+75 SkyBlock XP §7(Slayer Level Up§7)§b (76/100)§r
