19:46:42 [allowed] §f §r§r§r§f §r§r§r§1 §r§r§r§0 §r§r§r§2 §r§r§r§f §r§r§r§f §r§r§r§2 §r§r§r§0 §r§r§r§4 §r§r§r§3 §r§r§r§9 §r§r§r§2 §r§r§r§0 §r§r§r§0 §r§r§r§3 §r§r§r§9 §r§r§r§2 §r§r§r§0 §r§r§r§0 §r§r§r§3 §r§r§r§9 §r§r§r§2 §r§r§r§0 §r§r§r§0 
19:46:44 [allowed] §aYou have §b24 §aunclaimed leveling rewards!
19:46:44 [allowed] §eClick here to view them!
19:46:44 [allowed] §aYou have §61 §aunclaimed achievement reward!
19:46:44 [allowed] §eClick here to view it!
19:46:45 [allowed] §b[MVP§c+§b] NDers03§f §6joined the lobby!
19:46:45 [allowed] §b[MVP§c+§b] Franek§f §6joined the lobby!
19:46:46 [allowed] §aFriend > §r§bKJ22_ §r§ejoined.
19:46:46 [allowed] §7Sending to server mini78H...
19:46:47 [allowed] §8 §r§8 §r§1 §r§3 §r§3 §r§7 §r§8 
19:46:49 [allowed] 
19:46:49 [allowed] §eWelcome to §r§aHypixel SkyBlock§r§e!
19:46:49 [allowed] 
19:46:49 [allowed] §eLatest update: §bSkyBlock v0.23.1 §e§lCLICK
19:46:50 [allowed] §aYou are playing on profile: §ePear§b (Co-op)
19:46:50 [allowed] §8Profile ID: da202b41-03b4-4acb-b131-26b3b789ffbc
19:46:51 [allowed]  
19:46:51 [allowed]  
19:47:51 [allowed]  
19:47:51 [allowed]  
