05:38:47 PRIVATE_ISLAND
05:41:49 PRIVATE_ISLAND
05:42:33 NONE
05:42:33 DUNGEON_HUB
05:47:39 NONE
05:47:39 CATACOMBS
05:51:46 NONE
05:51:47 DUNGEON_HUB
05:59:10 CATACOMBS
06:02:44 NONE
06:02:45 DUNGEON_HUB
06:04:18 NONE
06:04:18 CATACOMBS
06:08:30 NONE
06:08:31 DUNGEON_HUB
06:16:07 NONE
06:16:07 CATACOMBS
06:20:02 NONE
06:20:03 DUNGEON_HUB
06:21:06 NONE
06:21:06 HUB
06:23:22 NONE
06:23:22 DUNGEON_HUB
06:24:11 NONE
06:24:12 CATACOMBS
06:24:22 NONE
06:24:22 DUNGEON_HUB
06:24:26 NONE
06:24:26 HUB
06:25:25 NONE
06:25:26 DUNGEON_HUB
06:25:34 NONE
06:25:34 CATACOMBS
06:31:08 NONE
06:31:10 DUNGEON_HUB
06:31:55 NONE
06:31:56 CATACOMBS
06:32:06 NONE
06:32:07 DUNGEON_HUB
06:32:42 NONE
06:32:42 CATACOMBS
06:36:20 NONE
06:36:21 DUNGEON_HUB
06:37:33 NONE
06:37:33 CATACOMBS
06:42:19 NONE
06:42:20 DUNGEON_HUB
06:44:11 NONE
06:44:11 CATACOMBS
06:51:06 NONE
06:51:07 DUNGEON_HUB
06:51:50 NONE
06:51:50 CATACOMBS
07:00:23 DUNGEON_HUB
07:04:31 HUB
12:26:01 PRIVATE_ISLAND
