01:43:14 §f                                  §6§lBESTIARY
01:43:14 §f                      §b§lCrypt Dreadlord §7§8XIX §8➡§b §bXX
01:43:14 
01:43:14 §f                                  §r§6§lREWARDS
01:43:14 §f                    §r§8+§r§a5 Crypt Dreadlord §r§b✯ Magic Find
01:43:14 §f                    §r§8+§r§a5 Crypt Dreadlord §r§c❁ Strength
01:43:14 §f                        §r§8+§r§62% §r§aCrypt Dreadlord §r§7coins
01:43:14 §f                    §r§8+§r§a50% §r§7chance for extra XP orbs
01:43:14 §f                               §r§8+§r§b1 SkyBlock XP
01:43:14 
01:43:14 §3§l▬▬▬▬▬▬▬▬▬▬▬▬▬▬▬▬▬▬▬▬▬▬▬▬▬▬▬▬▬▬▬▬▬▬▬▬▬▬▬▬▬▬▬▬▬▬▬▬▬▬▬▬▬▬▬▬▬▬▬▬▬▬▬▬
02:25:28 §f                                  §6§lBESTIARY
02:25:28 §f                    §b§lCrypt Souleater §7§8XVII §8➡§b §bXVIII
02:25:28 
02:25:28 §f                                  §r§6§lREWARDS
02:25:28 §f                    §r§8+§r§a5 Crypt Souleater §r§b✯ Magic Find
02:25:28 §f                     §r§8+§r§a5 Crypt Souleater §r§c❁ Strength
02:25:28 §f                        §r§8+§r§62% §r§aCrypt Souleater §r§7coins
02:25:28 §f                    §r§8+§r§a50% §r§7chance for extra XP orbs
02:25:28 §f                               §r§8+§r§b1 SkyBlock XP
02:25:28 
02:25:28 §3§l▬▬▬▬▬▬▬▬▬▬▬▬▬▬▬▬▬▬▬▬▬▬▬▬▬▬▬▬▬▬▬▬▬▬▬▬▬▬▬▬▬▬▬▬▬▬▬▬▬▬▬▬▬▬▬▬▬▬▬▬▬▬▬▬
02:26:44 §f                                  §6§lBESTIARY
02:26:44 §f                     §b§lSkeleton Master §7§8XVIII §8➡§b §bXIX
02:26:44 
02:26:44 §f                                  §r§6§lREWARDS
02:26:44 §f                    §r§8+§r§a5 Skeleton Master §r§b✯ Magic Find
02:26:44 §f                     §r§8+§r§a5 Skeleton Master §r§c❁ Strength
02:26:44 §f                        §r§8+§r§62% §r§aSkeleton Master §r§7coins
02:26:44 §f                    §r§8+§r§a50% §r§7chance for extra XP orbs
02:26:44 §f                               §r§8+§r§b1 SkyBlock XP
02:26:44 
02:26:44 §3§l▬▬▬▬▬▬▬▬▬▬▬▬▬▬▬▬▬▬▬▬▬▬▬▬▬▬▬▬▬▬▬▬▬▬▬▬▬▬▬▬▬▬▬▬▬▬▬▬▬▬▬▬▬▬▬▬▬▬▬▬▬▬▬▬
05:05:20 §f                                  §6§lBESTIARY
05:05:20 §f                      §b§lWither Guard §7§8XXIII §8➡§b §bXXIV
05:05:20 
05:05:20 §f                                  §r§6§lREWARDS
05:05:20 §f                      §r§8+§r§a6 Wither Guard §r§b✯ Magic Find
05:05:20 §f                       §r§8+§r§a6 Wither Guard §r§c❁ Strength
05:05:20 §f                          §r§8+§r§62% §r§aWither Guard §r§7coins
05:05:20 §f                    §r§8+§r§a50% §r§7chance for extra XP orbs
05:05:20 §f                               §r§8+§r§b1 SkyBlock XP
05:05:20 
05:05:20 §3§l▬▬▬▬▬▬▬▬▬▬▬▬▬▬▬▬▬▬▬▬▬▬▬▬▬▬▬▬▬▬▬▬▬▬▬▬▬▬▬▬▬▬▬▬▬▬▬▬▬▬▬▬▬▬▬▬▬▬▬▬▬▬▬▬
