01:20:51 §f               §7You have §313,298 §7materials stashed away!
01:20:51 §f              §8(This totals 5 types of materials stashed!)
01:20:51 §f                §3§l>>> §3§lCLICK HERE§b to pick them up! §3§l<<<
01:20:51   
01:21:39 §f               §7You have §313,298 §7materials stashed away!
01:21:39 §f              §8(This totals 5 types of materials stashed!)
01:21:39 §f                §3§l>>> §3§lCLICK HERE§b to pick them up! §3§l<<<
01:21:39   
01:22:40 §f               §7You have §313,298 §7materials stashed away!
01:22:40 §f              §8(This totals 5 types of materials stashed!)
01:22:40 §f                §3§l>>> §3§lCLICK HERE§b to pick them up! §3§l<<<
01:22:40   
01:23:40 §f               §7You have §313,298 §7materials stashed away!
01:23:40 §f              §8(This totals 5 types of materials stashed!)
01:23:40 §f                §3§l>>> §3§lCLICK HERE§b to pick them up! §3§l<<<
01:23:40   
01:24:21 §f               §7You have §313,298 §7materials stashed away!
01:24:21 §f              §8(This totals 5 types of materials stashed!)
01:24:21 §f                §3§l>>> §3§lCLICK HERE§b to pick them up! §3§l<<<
01:24:21   
01:25:22 §f               §7You have §313,298 §7materials stashed away!
01:25:22 §f              §8(This totals 5 types of materials stashed!)
01:25:22 §f                §3§l>>> §3§lCLICK HERE§b to pick them up! §3§l<<<
01:25:22   
01:26:23 §f               §7You have §313,298 §7materials stashed away!
01:26:23 §f              §8(This totals 5 types of materials stashed!)
01:26:23 §f                §3§l>>> §3§lCLICK HERE§b to pick them up! §3§l<<<
01:26:23   
01:27:24 §f               §7You have §313,298 §7materials stashed away!
01:27:24 §f              §8(This totals 5 types of materials stashed!)
01:27:24 §f                §3§l>>> §3§lCLICK HERE§b to pick them up! §3§l<<<
01:27:24   
01:28:24 §f               §7You have §313,298 §7materials stashed away!
01:28:24 §f              §8(This totals 5 types of materials stashed!)
01:28:24 §f                §3§l>>> §3§lCLICK HERE§b to pick them up! §3§l<<<
01:28:24   
01:29:25 §f               §7You have §313,298 §7materials stashed away!
01:29:25 §f              §8(This totals 5 types of materials stashed!)
01:29:25 §f                §3§l>>> §3§lCLICK HERE§b to pick them up! §3§l<<<
01:29:25   
01:30:28 §f               §7You have §313,298 §7materials stashed away!
01:30:28 §f              §8(This totals 5 types of materials stashed!)
01:30:28 §f                §3§l>>> §3§lCLICK HERE§b to pick them up! §3§l<<<
01:30:28   
01:31:29 §f               §7You have §313,298 §7materials stashed away!
01:31:29 §f              §8(This totals 5 types of materials stashed!)
01:31:29 §f                §3§l>>> §3§lCLICK HERE§b to pick them up! §3§l<<<
01:31:29   
01:32:29 §f               §7You have §313,298 §7materials stashed away!
01:32:29 §f              §8(This totals 5 types of materials stashed!)
01:32:29 §f                §3§l>>> §3§lCLICK HERE§b to pick them up! §3§l<<<
01:32:29   
01:33:30 §f               §7You have §313,298 §7materials stashed away!
01:33:30 §f              §8(This totals 5 types of materials stashed!)
01:33:30 §f                §3§l>>> §3§lCLICK HERE§b to pick them up! §3§l<<<
01:33:30   
01:34:31 §f               §7You have §313,298 §7materials stashed away!
01:34:31 §f              §8(This totals 5 types of materials stashed!)
01:34:31 §f                §3§l>>> §3§lCLICK HERE§b to pick them up! §3§l<<<
01:34:31   
01:35:31 §f               §7You have §313,298 §7materials stashed away!
01:35:31 §f              §8(This totals 5 types of materials stashed!)
01:35:31 §f                §3§l>>> §3§lCLICK HERE§b to pick them up! §3§l<<<
01:35:31   
01:36:31 §f               §7You have §313,298 §7materials stashed away!
01:36:31 §f              §8(This totals 5 types of materials stashed!)
01:36:31 §f                §3§l>>> §3§lCLICK HERE§b to pick them up! §3§l<<<
01:36:31   
01:37:10 §f               §7You have §313,298 §7materials stashed away!
01:37:10 §f              §8(This totals 5 types of materials stashed!)
01:37:10 §f                §3§l>>> §3§lCLICK HERE§b to pick them up! §3§l<<<
01:37:10   
01:37:54 §f               §7You have §313,298 §7materials stashed away!
01:37:54 §f              §8(This totals 5 types of materials stashed!)
01:37:54 §f                §3§l>>> §3§lCLICK HERE§b to pick them up! §3§l<<<
01:37:54   
01:38:55 §f               §7You have §313,298 §7materials stashed away!
01:38:55 §f              §8(This totals 5 types of materials stashed!)
01:38:55 §f                §3§l>>> §3§lCLICK HERE§b to pick them up! §3§l<<<
01:38:55   
01:39:57 §f               §7You have §313,298 §7materials stashed away!
01:39:57 §f              §8(This totals 5 types of materials stashed!)
01:39:57 §f                §3§l>>> §3§lCLICK HERE§b to pick them up! §3§l<<<
01:39:57   
01:40:59 §f               §7You have §313,298 §7materials stashed away!
01:40:59 §f              §8(This totals 5 types of materials stashed!)
01:40:59 §f                §3§l>>> §3§lCLICK HERE§b to pick them up! §3§l<<<
01:40:59   
01:42:02 §f               §7You have §313,298 §7materials stashed away!
01:42:02 §f              §8(This totals 5 types of materials stashed!)
01:42:02 §f                §3§l>>> §3§lCLICK HERE§b to pick them up! §3§l<<<
01:42:02   
01:43:03 §f               §7You have §313,298 §7materials stashed away!
01:43:03 §f              §8(This totals 5 types of materials stashed!)
01:43:03 §f                §3§l>>> §3§lCLICK HERE§b to pick them up! §3§l<<<
01:43:03   
01:44:06 §f               §7You have §313,298 §7materials stashed away!
01:44:06 §f              §8(This totals 5 types of materials stashed!)
01:44:06 §f                §3§l>>> §3§lCLICK HERE§b to pick them up! §3§l<<<
01:44:06   
01:45:07 §f               §7You have §313,298 §7materials stashed away!
01:45:07 §f              §8(This totals 5 types of materials stashed!)
01:45:07 §f                §3§l>>> §3§lCLICK HERE§b to pick them up! §3§l<<<
01:45:07   
01:46:07 §f               §7You have §313,298 §7materials stashed away!
01:46:07 §f              §8(This totals 5 types of materials stashed!)
01:46:07 §f                §3§l>>> §3§lCLICK HERE§b to pick them up! §3§l<<<
01:46:07   
01:47:08 §f               §7You have §313,298 §7materials stashed away!
01:47:08 §f              §8(This totals 5 types of materials stashed!)
01:47:08 §f                §3§l>>> §3§lCLICK HERE§b to pick them up! §3§l<<<
01:47:08   
01:48:08 §f               §7You have §313,298 §7materials stashed away!
01:48:08 §f              §8(This totals 5 types of materials stashed!)
01:48:08 §f                §3§l>>> §3§lCLICK HERE§b to pick them up! §3§l<<<
01:48:08   
01:49:09 §f               §7You have §313,298 §7materials stashed away!
01:49:09 §f              §8(This totals 5 types of materials stashed!)
01:49:09 §f                §3§l>>> §3§lCLICK HERE§b to pick them up! §3§l<<<
01:49:09   
01:50:09 §f               §7You have §313,298 §7materials stashed away!
01:50:09 §f              §8(This totals 5 types of materials stashed!)
01:50:09 §f                §3§l>>> §3§lCLICK HERE§b to pick them up! §3§l<<<
01:50:09   
01:51:10 §f               §7You have §313,298 §7materials stashed away!
01:51:10 §f              §8(This totals 5 types of materials stashed!)
01:51:10 §f                §3§l>>> §3§lCLICK HERE§b to pick them up! §3§l<<<
01:51:10   
01:52:10 §f               §7You have §313,298 §7materials stashed away!
01:52:10 §f              §8(This totals 5 types of materials stashed!)
01:52:10 §f                §3§l>>> §3§lCLICK HERE§b to pick them up! §3§l<<<
01:52:10   
01:52:27 §f               §7You have §313,298 §7materials stashed away!
01:52:27 §f              §8(This totals 5 types of materials stashed!)
01:52:27 §f                §3§l>>> §3§lCLICK HERE§b to pick them up! §3§l<<<
01:52:27   
01:53:30 §f               §7You have §313,298 §7materials stashed away!
01:53:30 §f              §8(This totals 5 types of materials stashed!)
01:53:30 §f                §3§l>>> §3§lCLICK HERE§b to pick them up! §3§l<<<
01:53:30   
01:54:33 §f               §7You have §313,298 §7materials stashed away!
01:54:33 §f              §8(This totals 5 types of materials stashed!)
01:54:33 §f                §3§l>>> §3§lCLICK HERE§b to pick them up! §3§l<<<
01:54:33   
01:55:33 §f               §7You have §313,298 §7materials stashed away!
01:55:33 §f              §8(This totals 5 types of materials stashed!)
01:55:33 §f                §3§l>>> §3§lCLICK HERE§b to pick them up! §3§l<<<
01:55:33   
01:56:34 §f               §7You have §313,298 §7materials stashed away!
01:56:34 §f              §8(This totals 5 types of materials stashed!)
01:56:34 §f                §3§l>>> §3§lCLICK HERE§b to pick them up! §3§l<<<
01:56:34   
01:57:37 §f               §7You have §313,298 §7materials stashed away!
01:57:37 §f              §8(This totals 5 types of materials stashed!)
01:57:37 §f                §3§l>>> §3§lCLICK HERE§b to pick them up! §3§l<<<
01:57:37   
01:58:38 §f               §7You have §313,298 §7materials stashed away!
01:58:38 §f              §8(This totals 5 types of materials stashed!)
01:58:38 §f                §3§l>>> §3§lCLICK HERE§b to pick them up! §3§l<<<
01:58:38   
01:59:38 §f               §7You have §313,298 §7materials stashed away!
01:59:38 §f              §8(This totals 5 types of materials stashed!)
01:59:38 §f                §3§l>>> §3§lCLICK HERE§b to pick them up! §3§l<<<
01:59:38   
02:00:42 §f               §7You have §313,298 §7materials stashed away!
02:00:42 §f              §8(This totals 5 types of materials stashed!)
02:00:42 §f                §3§l>>> §3§lCLICK HERE§b to pick them up! §3§l<<<
02:00:42   
02:01:42 §f               §7You have §313,298 §7materials stashed away!
02:01:42 §f              §8(This totals 5 types of materials stashed!)
02:01:42 §f                §3§l>>> §3§lCLICK HERE§b to pick them up! §3§l<<<
02:01:42   
02:02:43 §f               §7You have §313,298 §7materials stashed away!
02:02:43 §f              §8(This totals 5 types of materials stashed!)
02:02:43 §f                §3§l>>> §3§lCLICK HERE§b to pick them up! §3§l<<<
02:02:43   
02:03:43 §f               §7You have §313,298 §7materials stashed away!
02:03:43 §f              §8(This totals 5 types of materials stashed!)
02:03:43 §f                §3§l>>> §3§lCLICK HERE§b to pick them up! §3§l<<<
02:03:43   
02:04:44 §f               §7You have §313,298 §7materials stashed away!
02:04:44 §f              §8(This totals 5 types of materials stashed!)
02:04:44 §f                §3§l>>> §3§lCLICK HERE§b to pick them up! §3§l<<<
02:04:44   
02:05:21 §f               §7You have §313,298 §7materials stashed away!
02:05:21 §f              §8(This totals 5 types of materials stashed!)
02:05:21 §f                §3§l>>> §3§lCLICK HERE§b to pick them up! §3§l<<<
02:05:21   
02:06:22 §f               §7You have §313,298 §7materials stashed away!
02:06:22 §f              §8(This totals 5 types of materials stashed!)
02:06:22 §f                §3§l>>> §3§lCLICK HERE§b to pick them up! §3§l<<<
02:06:22   
02:07:22 §f               §7You have §313,298 §7materials stashed away!
02:07:22 §f              §8(This totals 5 types of materials stashed!)
02:07:22 §f                §3§l>>> §3§lCLICK HERE§b to pick them up! §3§l<<<
02:07:22   
02:08:23 §f               §7You have §313,298 §7materials stashed away!
02:08:23 §f              §8(This totals 5 types of materials stashed!)
02:08:23 §f                §3§l>>> §3§lCLICK HERE§b to pick them up! §3§l<<<
02:08:23   
02:09:26 §f               §7You have §313,298 §7materials stashed away!
02:09:26 §f              §8(This totals 5 types of materials stashed!)
02:09:26 §f                §3§l>>> §3§lCLICK HERE§b to pick them up! §3§l<<<
02:09:26   
02:10:27 §f               §7You have §313,298 §7materials stashed away!
02:10:27 §f              §8(This totals 5 types of materials stashed!)
02:10:27 §f                §3§l>>> §3§lCLICK HERE§b to pick them up! §3§l<<<
02:10:27   
02:11:29 §f               §7You have §313,298 §7materials stashed away!
02:11:29 §f              §8(This totals 5 types of materials stashed!)
02:11:29 §f                §3§l>>> §3§lCLICK HERE§b to pick them up! §3§l<<<
02:11:29   
02:12:29 §f               §7You have §313,298 §7materials stashed away!
02:12:29 §f              §8(This totals 5 types of materials stashed!)
02:12:29 §f                §3§l>>> §3§lCLICK HERE§b to pick them up! §3§l<<<
02:12:29   
02:13:29 §f               §7You have §313,298 §7materials stashed away!
02:13:29 §f              §8(This totals 5 types of materials stashed!)
02:13:29 §f                §3§l>>> §3§lCLICK HERE§b to pick them up! §3§l<<<
02:13:29   
02:14:30 §f               §7You have §313,298 §7materials stashed away!
02:14:30 §f              §8(This totals 5 types of materials stashed!)
02:14:30 §f                §3§l>>> §3§lCLICK HERE§b to pick them up! §3§l<<<
02:14:30   
02:15:30 §f               §7You have §313,298 §7materials stashed away!
02:15:30 §f              §8(This totals 5 types of materials stashed!)
02:15:30 §f                §3§l>>> §3§lCLICK HERE§b to pick them up! §3§l<<<
02:15:30   
02:16:31 §f               §7You have §313,298 §7materials stashed away!
02:16:31 §f              §8(This totals 5 types of materials stashed!)
02:16:31 §f                §3§l>>> §3§lCLICK HERE§b to pick them up! §3§l<<<
02:16:31   
02:20:27 §f               §7You have §313,298 §7materials stashed away!
02:20:27 §f              §8(This totals 5 types of materials stashed!)
02:20:27 §f                §3§l>>> §3§lCLICK HERE§b to pick them up! §3§l<<<
02:20:27   
02:21:48 §f               §7You have §313,298 §7materials stashed away!
02:21:48 §f              §8(This totals 5 types of materials stashed!)
02:21:48 §f                §3§l>>> §3§lCLICK HERE§b to pick them up! §3§l<<<
02:21:48   
02:22:49 §f               §7You have §313,298 §7materials stashed away!
02:22:49 §f              §8(This totals 5 types of materials stashed!)
02:22:49 §f                §3§l>>> §3§lCLICK HERE§b to pick them up! §3§l<<<
02:22:49   
02:23:50 §f               §7You have §313,298 §7materials stashed away!
02:23:50 §f              §8(This totals 5 types of materials stashed!)
02:23:50 §f                §3§l>>> §3§lCLICK HERE§b to pick them up! §3§l<<<
02:23:50   
02:24:58 §f               §7You have §313,298 §7materials stashed away!
02:24:58 §f              §8(This totals 5 types of materials stashed!)
02:24:58 §f                §3§l>>> §3§lCLICK HERE§b to pick them up! §3§l<<<
02:24:58   
02:26:00 §f               §7You have §313,298 §7materials stashed away!
02:26:00 §f              §8(This totals 5 types of materials stashed!)
02:26:00 §f                §3§l>>> §3§lCLICK HERE§b to pick them up! §3§l<<<
02:26:00   
02:27:01 §f               §7You have §313,298 §7materials stashed away!
02:27:01 §f              §8(This totals 5 types of materials stashed!)
02:27:01 §f                §3§l>>> §3§lCLICK HERE§b to pick them up! §3§l<<<
02:27:01   
02:28:01 §f               §7You have §313,298 §7materials stashed away!
02:28:01 §f              §8(This totals 5 types of materials stashed!)
02:28:01 §f                §3§l>>> §3§lCLICK HERE§b to pick them up! §3§l<<<
02:28:01   
02:29:02 §f               §7You have §313,298 §7materials stashed away!
02:29:02 §f              §8(This totals 5 types of materials stashed!)
02:29:02 §f                §3§l>>> §3§lCLICK HERE§b to pick them up! §3§l<<<
02:29:02   
02:30:02 §f               §7You have §313,298 §7materials stashed away!
02:30:02 §f              §8(This totals 5 types of materials stashed!)
02:30:02 §f                §3§l>>> §3§lCLICK HERE§b to pick them up! §3§l<<<
02:30:02   
02:31:03 §f               §7You have §313,298 §7materials stashed away!
02:31:03 §f              §8(This totals 5 types of materials stashed!)
02:31:03 §f                §3§l>>> §3§lCLICK HERE§b to pick them up! §3§l<<<
02:31:03   
02:32:03 §f               §7You have §313,298 §7materials stashed away!
02:32:03 §f              §8(This totals 5 types of materials stashed!)
02:32:03 §f                §3§l>>> §3§lCLICK HERE§b to pick them up! §3§l<<<
02:32:03   
02:33:06 §f               §7You have §313,298 §7materials stashed away!
02:33:06 §f              §8(This totals 5 types of materials stashed!)
02:33:06 §f                §3§l>>> §3§lCLICK HERE§b to pick them up! §3§l<<<
02:33:06   
02:34:11 §f               §7You have §313,298 §7materials stashed away!
02:34:11 §f              §8(This totals 5 types of materials stashed!)
02:34:11 §f                §3§l>>> §3§lCLICK HERE§b to pick them up! §3§l<<<
02:34:11   
02:35:13 §f               §7You have §313,298 §7materials stashed away!
02:35:13 §f              §8(This totals 5 types of materials stashed!)
02:35:13 §f                §3§l>>> §3§lCLICK HERE§b to pick them up! §3§l<<<
02:35:13   
02:36:21 §f               §7You have §313,298 §7materials stashed away!
02:36:21 §f              §8(This totals 5 types of materials stashed!)
02:36:21 §f                §3§l>>> §3§lCLICK HERE§b to pick them up! §3§l<<<
02:36:21   
02:37:38 §f               §7You have §313,298 §7materials stashed away!
02:37:38 §f              §8(This totals 5 types of materials stashed!)
02:37:38 §f                §3§l>>> §3§lCLICK HERE§b to pick them up! §3§l<<<
02:37:38   
02:38:38 §f               §7You have §313,298 §7materials stashed away!
02:38:38 §f              §8(This totals 5 types of materials stashed!)
02:38:38 §f                §3§l>>> §3§lCLICK HERE§b to pick them up! §3§l<<<
02:38:38   
02:39:39 §f               §7You have §313,298 §7materials stashed away!
02:39:39 §f              §8(This totals 5 types of materials stashed!)
02:39:39 §f                §3§l>>> §3§lCLICK HERE§b to pick them up! §3§l<<<
02:39:39   
02:40:12 §f               §7You have §313,298 §7materials stashed away!
02:40:12 §f              §8(This totals 5 types of materials stashed!)
02:40:12 §f                §3§l>>> §3§lCLICK HERE§b to pick them up! §3§l<<<
02:40:12   
02:41:13 §f               §7You have §313,298 §7materials stashed away!
02:41:13 §f              §8(This totals 5 types of materials stashed!)
02:41:13 §f                §3§l>>> §3§lCLICK HERE§b to pick them up! §3§l<<<
02:41:13   
02:42:15 §f               §7You have §313,298 §7materials stashed away!
02:42:15 §f              §8(This totals 5 types of materials stashed!)
02:42:15 §f                §3§l>>> §3§lCLICK HERE§b to pick them up! §3§l<<<
02:42:15   
02:43:16 §f               §7You have §313,298 §7materials stashed away!
02:43:16 §f              §8(This totals 5 types of materials stashed!)
02:43:16 §f                §3§l>>> §3§lCLICK HERE§b to pick them up! §3§l<<<
02:43:16   
02:44:19 §f               §7You have §313,298 §7materials stashed away!
02:44:19 §f              §8(This totals 5 types of materials stashed!)
02:44:19 §f                §3§l>>> §3§lCLICK HERE§b to pick them up! §3§l<<<
02:44:19   
02:45:19 §f               §7You have §313,298 §7materials stashed away!
02:45:19 §f              §8(This totals 5 types of materials stashed!)
02:45:19 §f                §3§l>>> §3§lCLICK HERE§b to pick them up! §3§l<<<
02:45:19   
02:46:20 §f               §7You have §313,298 §7materials stashed away!
02:46:20 §f              §8(This totals 5 types of materials stashed!)
02:46:20 §f                §3§l>>> §3§lCLICK HERE§b to pick them up! §3§l<<<
02:46:20   
02:47:20 §f               §7You have §313,298 §7materials stashed away!
02:47:20 §f              §8(This totals 5 types of materials stashed!)
02:47:20 §f                §3§l>>> §3§lCLICK HERE§b to pick them up! §3§l<<<
02:47:20   
02:48:21 §f               §7You have §313,298 §7materials stashed away!
02:48:21 §f              §8(This totals 5 types of materials stashed!)
02:48:21 §f                §3§l>>> §3§lCLICK HERE§b to pick them up! §3§l<<<
02:48:21   
02:49:21 §f               §7You have §313,298 §7materials stashed away!
02:49:21 §f              §8(This totals 5 types of materials stashed!)
02:49:21 §f                §3§l>>> §3§lCLICK HERE§b to pick them up! §3§l<<<
02:49:21   
02:50:22 §f               §7You have §313,298 §7materials stashed away!
02:50:22 §f              §8(This totals 5 types of materials stashed!)
02:50:22 §f                §3§l>>> §3§lCLICK HERE§b to pick them up! §3§l<<<
02:50:22   
02:51:22 §f               §7You have §313,298 §7materials stashed away!
02:51:22 §f              §8(This totals 5 types of materials stashed!)
02:51:22 §f                §3§l>>> §3§lCLICK HERE§b to pick them up! §3§l<<<
02:51:22   
02:52:22 §f               §7You have §313,298 §7materials stashed away!
02:52:22 §f              §8(This totals 5 types of materials stashed!)
02:52:22 §f                §3§l>>> §3§lCLICK HERE§b to pick them up! §3§l<<<
02:52:22   
02:53:25 §f               §7You have §313,298 §7materials stashed away!
02:53:25 §f              §8(This totals 5 types of materials stashed!)
02:53:25 §f                §3§l>>> §3§lCLICK HERE§b to pick them up! §3§l<<<
02:53:25   
02:54:25 §f               §7You have §313,298 §7materials stashed away!
02:54:25 §f              §8(This totals 5 types of materials stashed!)
02:54:25 §f                §3§l>>> §3§lCLICK HERE§b to pick them up! §3§l<<<
02:54:25   
02:55:26 §f               §7You have §313,298 §7materials stashed away!
02:55:26 §f              §8(This totals 5 types of materials stashed!)
02:55:26 §f                §3§l>>> §3§lCLICK HERE§b to pick them up! §3§l<<<
02:55:26   
02:56:26 §f               §7You have §313,298 §7materials stashed away!
02:56:26 §f              §8(This totals 5 types of materials stashed!)
02:56:26 §f                §3§l>>> §3§lCLICK HERE§b to pick them up! §3§l<<<
02:56:26   
02:57:27 §f               §7You have §313,298 §7materials stashed away!
02:57:27 §f              §8(This totals 5 types of materials stashed!)
02:57:27 §f                §3§l>>> §3§lCLICK HERE§b to pick them up! §3§l<<<
02:57:27   
02:58:27 §f               §7You have §313,298 §7materials stashed away!
02:58:27 §f              §8(This totals 5 types of materials stashed!)
02:58:27 §f                §3§l>>> §3§lCLICK HERE§b to pick them up! §3§l<<<
02:58:27   
02:59:28 §f               §7You have §313,298 §7materials stashed away!
02:59:28 §f              §8(This totals 5 types of materials stashed!)
02:59:28 §f                §3§l>>> §3§lCLICK HERE§b to pick them up! §3§l<<<
02:59:28   
03:00:28 §f               §7You have §313,298 §7materials stashed away!
03:00:28 §f              §8(This totals 5 types of materials stashed!)
03:00:28 §f                §3§l>>> §3§lCLICK HERE§b to pick them up! §3§l<<<
03:00:28   
03:01:28 §f               §7You have §313,298 §7materials stashed away!
03:01:28 §f              §8(This totals 5 types of materials stashed!)
03:01:28 §f                §3§l>>> §3§lCLICK HERE§b to pick them up! §3§l<<<
03:01:28   
03:02:28 §f               §7You have §313,298 §7materials stashed away!
03:02:28 §f              §8(This totals 5 types of materials stashed!)
03:02:28 §f                §3§l>>> §3§lCLICK HERE§b to pick them up! §3§l<<<
03:02:28   
03:03:28 §f               §7You have §313,298 §7materials stashed away!
03:03:28 §f              §8(This totals 5 types of materials stashed!)
03:03:28 §f                §3§l>>> §3§lCLICK HERE§b to pick them up! §3§l<<<
03:03:28   
03:04:29 §f               §7You have §313,298 §7materials stashed away!
03:04:29 §f              §8(This totals 5 types of materials stashed!)
03:04:29 §f                §3§l>>> §3§lCLICK HERE§b to pick them up! §3§l<<<
03:04:29   
03:05:40 §f               §7You have §313,298 §7materials stashed away!
03:05:40 §f              §8(This totals 5 types of materials stashed!)
03:05:40 §f                §3§l>>> §3§lCLICK HERE§b to pick them up! §3§l<<<
03:05:40   
03:06:40 §f               §7You have §313,298 §7materials stashed away!
03:06:40 §f              §8(This totals 5 types of materials stashed!)
03:06:40 §f                §3§l>>> §3§lCLICK HERE§b to pick them up! §3§l<<<
03:06:40   
03:07:07 §f               §7You have §313,298 §7materials stashed away!
03:07:07 §f              §8(This totals 5 types of materials stashed!)
03:07:07 §f                §3§l>>> §3§lCLICK HERE§b to pick them up! §3§l<<<
03:07:07   
03:08:07 §f               §7You have §313,298 §7materials stashed away!
03:08:07 §f              §8(This totals 5 types of materials stashed!)
03:08:07 §f                §3§l>>> §3§lCLICK HERE§b to pick them up! §3§l<<<
03:08:07   
03:09:07 §f               §7You have §313,298 §7materials stashed away!
03:09:07 §f              §8(This totals 5 types of materials stashed!)
03:09:07 §f                §3§l>>> §3§lCLICK HERE§b to pick them up! §3§l<<<
03:09:07   
03:10:09 §f               §7You have §313,298 §7materials stashed away!
03:10:09 §f              §8(This totals 5 types of materials stashed!)
03:10:09 §f                §3§l>>> §3§lCLICK HERE§b to pick them up! §3§l<<<
03:10:09   
03:11:10 §f               §7You have §313,298 §7materials stashed away!
03:11:10 §f              §8(This totals 5 types of materials stashed!)
03:11:10 §f                §3§l>>> §3§lCLICK HERE§b to pick them up! §3§l<<<
03:11:10   
03:12:12 §f               §7You have §313,298 §7materials stashed away!
03:12:12 §f              §8(This totals 5 types of materials stashed!)
03:12:12 §f                §3§l>>> §3§lCLICK HERE§b to pick them up! §3§l<<<
03:12:12   
03:13:12 §f               §7You have §313,298 §7materials stashed away!
03:13:12 §f              §8(This totals 5 types of materials stashed!)
03:13:12 §f                §3§l>>> §3§lCLICK HERE§b to pick them up! §3§l<<<
03:13:12   
03:14:12 §f               §7You have §313,298 §7materials stashed away!
03:14:12 §f              §8(This totals 5 types of materials stashed!)
03:14:12 §f                §3§l>>> §3§lCLICK HERE§b to pick them up! §3§l<<<
03:14:12   
03:15:13 §f               §7You have §313,298 §7materials stashed away!
03:15:13 §f              §8(This totals 5 types of materials stashed!)
03:15:13 §f                §3§l>>> §3§lCLICK HERE§b to pick them up! §3§l<<<
03:15:13   
03:16:13 §f               §7You have §313,298 §7materials stashed away!
03:16:13 §f              §8(This totals 5 types of materials stashed!)
03:16:13 §f                §3§l>>> §3§lCLICK HERE§b to pick them up! §3§l<<<
03:16:13   
03:17:13 §f               §7You have §313,298 §7materials stashed away!
03:17:13 §f              §8(This totals 5 types of materials stashed!)
03:17:13 §f                §3§l>>> §3§lCLICK HERE§b to pick them up! §3§l<<<
03:17:13   
03:18:06 §f               §7You have §313,298 §7materials stashed away!
03:18:06 §f              §8(This totals 5 types of materials stashed!)
03:18:06 §f                §3§l>>> §3§lCLICK HERE§b to pick them up! §3§l<<<
03:18:06   
03:19:07 §f               §7You have §313,298 §7materials stashed away!
03:19:07 §f              §8(This totals 5 types of materials stashed!)
03:19:07 §f                §3§l>>> §3§lCLICK HERE§b to pick them up! §3§l<<<
03:19:07   
03:19:21 §f               §7You have §313,298 §7materials stashed away!
03:19:21 §f              §8(This totals 5 types of materials stashed!)
03:19:21 §f                §3§l>>> §3§lCLICK HERE§b to pick them up! §3§l<<<
03:19:21   
03:20:22 §f               §7You have §313,298 §7materials stashed away!
03:20:22 §f              §8(This totals 5 types of materials stashed!)
03:20:22 §f                §3§l>>> §3§lCLICK HERE§b to pick them up! §3§l<<<
03:20:22   
03:21:25 §f               §7You have §313,298 §7materials stashed away!
03:21:25 §f              §8(This totals 5 types of materials stashed!)
03:21:25 §f                §3§l>>> §3§lCLICK HERE§b to pick them up! §3§l<<<
03:21:25   
03:22:26 §f               §7You have §313,298 §7materials stashed away!
03:22:26 §f              §8(This totals 5 types of materials stashed!)
03:22:26 §f                §3§l>>> §3§lCLICK HERE§b to pick them up! §3§l<<<
03:22:26   
03:23:27 §f               §7You have §313,298 §7materials stashed away!
03:23:27 §f              §8(This totals 5 types of materials stashed!)
03:23:27 §f                §3§l>>> §3§lCLICK HERE§b to pick them up! §3§l<<<
03:23:27   
03:24:28 §f               §7You have §313,298 §7materials stashed away!
03:24:28 §f              §8(This totals 5 types of materials stashed!)
03:24:28 §f                §3§l>>> §3§lCLICK HERE§b to pick them up! §3§l<<<
03:24:28   
03:25:29 §f               §7You have §313,298 §7materials stashed away!
03:25:29 §f              §8(This totals 5 types of materials stashed!)
03:25:29 §f                §3§l>>> §3§lCLICK HERE§b to pick them up! §3§l<<<
03:25:29   
03:26:29 §f               §7You have §313,298 §7materials stashed away!
03:26:29 §f              §8(This totals 5 types of materials stashed!)
03:26:29 §f                §3§l>>> §3§lCLICK HERE§b to pick them up! §3§l<<<
03:26:29   
03:27:30 §f               §7You have §313,298 §7materials stashed away!
03:27:30 §f              §8(This totals 5 types of materials stashed!)
03:27:30 §f                §3§l>>> §3§lCLICK HERE§b to pick them up! §3§l<<<
03:27:30   
03:28:31 §f               §7You have §313,298 §7materials stashed away!
03:28:31 §f              §8(This totals 5 types of materials stashed!)
03:28:31 §f                §3§l>>> §3§lCLICK HERE§b to pick them up! §3§l<<<
03:28:31   
03:29:31 §f               §7You have §313,298 §7materials stashed away!
03:29:31 §f              §8(This totals 5 types of materials stashed!)
03:29:31 §f                §3§l>>> §3§lCLICK HERE§b to pick them up! §3§l<<<
03:29:31   
03:30:31 §f               §7You have §313,298 §7materials stashed away!
03:30:31 §f              §8(This totals 5 types of materials stashed!)
03:30:31 §f                §3§l>>> §3§lCLICK HERE§b to pick them up! §3§l<<<
03:30:31   
03:31:23 §f               §7You have §313,298 §7materials stashed away!
03:31:23 §f              §8(This totals 5 types of materials stashed!)
03:31:23 §f                §3§l>>> §3§lCLICK HERE§b to pick them up! §3§l<<<
03:31:23   
03:32:24 §f               §7You have §313,298 §7materials stashed away!
03:32:24 §f              §8(This totals 5 types of materials stashed!)
03:32:24 §f                §3§l>>> §3§lCLICK HERE§b to pick them up! §3§l<<<
03:32:24   
03:33:26 §f               §7You have §313,298 §7materials stashed away!
03:33:26 §f              §8(This totals 5 types of materials stashed!)
03:33:26 §f                §3§l>>> §3§lCLICK HERE§b to pick them up! §3§l<<<
03:33:26   
03:34:28 §f               §7You have §313,298 §7materials stashed away!
03:34:28 §f              §8(This totals 5 types of materials stashed!)
03:34:28 §f                §3§l>>> §3§lCLICK HERE§b to pick them up! §3§l<<<
03:34:28   
03:35:29 §f               §7You have §313,298 §7materials stashed away!
03:35:29 §f              §8(This totals 5 types of materials stashed!)
03:35:29 §f                §3§l>>> §3§lCLICK HERE§b to pick them up! §3§l<<<
03:35:29   
03:36:30 §f               §7You have §313,298 §7materials stashed away!
03:36:30 §f              §8(This totals 5 types of materials stashed!)
03:36:30 §f                §3§l>>> §3§lCLICK HERE§b to pick them up! §3§l<<<
03:36:30   
03:37:32 §f               §7You have §313,298 §7materials stashed away!
03:37:32 §f              §8(This totals 5 types of materials stashed!)
03:37:32 §f                §3§l>>> §3§lCLICK HERE§b to pick them up! §3§l<<<
03:37:32   
03:38:32 §f               §7You have §313,298 §7materials stashed away!
03:38:32 §f              §8(This totals 5 types of materials stashed!)
03:38:32 §f                §3§l>>> §3§lCLICK HERE§b to pick them up! §3§l<<<
03:38:32   
03:39:47 §f               §7You have §313,298 §7materials stashed away!
03:39:47 §f              §8(This totals 5 types of materials stashed!)
03:39:47 §f                §3§l>>> §3§lCLICK HERE§b to pick them up! §3§l<<<
03:39:47   
03:40:51 §f               §7You have §313,298 §7materials stashed away!
03:40:51 §f              §8(This totals 5 types of materials stashed!)
03:40:51 §f                §3§l>>> §3§lCLICK HERE§b to pick them up! §3§l<<<
03:40:51   
03:41:52 §f               §7You have §313,298 §7materials stashed away!
03:41:52 §f              §8(This totals 5 types of materials stashed!)
03:41:52 §f                §3§l>>> §3§lCLICK HERE§b to pick them up! §3§l<<<
03:41:52   
03:42:57 §f               §7You have §313,298 §7materials stashed away!
03:42:57 §f              §8(This totals 5 types of materials stashed!)
03:42:57 §f                §3§l>>> §3§lCLICK HERE§b to pick them up! §3§l<<<
03:42:57   
03:43:58 §f               §7You have §313,298 §7materials stashed away!
03:43:58 §f              §8(This totals 5 types of materials stashed!)
03:43:58 §f                §3§l>>> §3§lCLICK HERE§b to pick them up! §3§l<<<
03:43:58   
03:44:59 §f               §7You have §313,298 §7materials stashed away!
03:44:59 §f              §8(This totals 5 types of materials stashed!)
03:44:59 §f                §3§l>>> §3§lCLICK HERE§b to pick them up! §3§l<<<
03:44:59   
03:46:02 §f               §7You have §313,298 §7materials stashed away!
03:46:02 §f              §8(This totals 5 types of materials stashed!)
03:46:02 §f                §3§l>>> §3§lCLICK HERE§b to pick them up! §3§l<<<
03:46:02   
03:46:48 §f               §7You have §313,298 §7materials stashed away!
03:46:48 §f              §8(This totals 5 types of materials stashed!)
03:46:48 §f                §3§l>>> §3§lCLICK HERE§b to pick them up! §3§l<<<
03:46:48   
03:47:12 §f               §7You have §313,298 §7materials stashed away!
03:47:12 §f              §8(This totals 5 types of materials stashed!)
03:47:12 §f                §3§l>>> §3§lCLICK HERE§b to pick them up! §3§l<<<
03:47:12   
03:48:06 §f               §7You have §313,298 §7materials stashed away!
03:48:06 §f              §8(This totals 5 types of materials stashed!)
03:48:06 §f                §3§l>>> §3§lCLICK HERE§b to pick them up! §3§l<<<
03:48:06   
03:49:09 §f               §7You have §313,298 §7materials stashed away!
03:49:09 §f              §8(This totals 5 types of materials stashed!)
03:49:09 §f                §3§l>>> §3§lCLICK HERE§b to pick them up! §3§l<<<
03:49:09   
03:50:09 §f               §7You have §313,298 §7materials stashed away!
03:50:09 §f              §8(This totals 5 types of materials stashed!)
03:50:09 §f                §3§l>>> §3§lCLICK HERE§b to pick them up! §3§l<<<
03:50:09   
03:51:14 §f               §7You have §313,298 §7materials stashed away!
03:51:14 §f              §8(This totals 5 types of materials stashed!)
03:51:14 §f                §3§l>>> §3§lCLICK HERE§b to pick them up! §3§l<<<
03:51:14   
03:52:15 §f               §7You have §313,298 §7materials stashed away!
03:52:15 §f              §8(This totals 5 types of materials stashed!)
03:52:15 §f                §3§l>>> §3§lCLICK HERE§b to pick them up! §3§l<<<
03:52:15   
03:53:15 §f               §7You have §313,298 §7materials stashed away!
03:53:15 §f              §8(This totals 5 types of materials stashed!)
03:53:15 §f                §3§l>>> §3§lCLICK HERE§b to pick them up! §3§l<<<
03:53:15   
03:54:15 §f               §7You have §313,298 §7materials stashed away!
03:54:15 §f              §8(This totals 5 types of materials stashed!)
03:54:15 §f                §3§l>>> §3§lCLICK HERE§b to pick them up! §3§l<<<
03:54:15   
03:55:16 §f               §7You have §313,298 §7materials stashed away!
03:55:16 §f              §8(This totals 5 types of materials stashed!)
03:55:16 §f                §3§l>>> §3§lCLICK HERE§b to pick them up! §3§l<<<
03:55:16   
03:56:16 §f               §7You have §313,298 §7materials stashed away!
03:56:16 §f              §8(This totals 5 types of materials stashed!)
03:56:16 §f                §3§l>>> §3§lCLICK HERE§b to pick them up! §3§l<<<
03:56:16   
03:57:17 §f               §7You have §313,298 §7materials stashed away!
03:57:17 §f              §8(This totals 5 types of materials stashed!)
03:57:17 §f                §3§l>>> §3§lCLICK HERE§b to pick them up! §3§l<<<
03:57:17   
03:58:17 §f               §7You have §313,298 §7materials stashed away!
03:58:17 §f              §8(This totals 5 types of materials stashed!)
03:58:17 §f                §3§l>>> §3§lCLICK HERE§b to pick them up! §3§l<<<
03:58:17   
03:59:59 §f               §7You have §313,298 §7materials stashed away!
03:59:59 §f              §8(This totals 5 types of materials stashed!)
03:59:59 §f                §3§l>>> §3§lCLICK HERE§b to pick them up! §3§l<<<
03:59:59   
04:01:00 §f               §7You have §313,298 §7materials stashed away!
04:01:00 §f              §8(This totals 5 types of materials stashed!)
04:01:00 §f                §3§l>>> §3§lCLICK HERE§b to pick them up! §3§l<<<
04:01:00   
04:02:00 §f               §7You have §313,298 §7materials stashed away!
04:02:00 §f              §8(This totals 5 types of materials stashed!)
04:02:00 §f                §3§l>>> §3§lCLICK HERE§b to pick them up! §3§l<<<
04:02:00   
04:03:01 §f               §7You have §313,298 §7materials stashed away!
04:03:01 §f              §8(This totals 5 types of materials stashed!)
04:03:01 §f                §3§l>>> §3§lCLICK HERE§b to pick them up! §3§l<<<
04:03:01   
04:04:01 §f               §7You have §313,298 §7materials stashed away!
04:04:01 §f              §8(This totals 5 types of materials stashed!)
04:04:01 §f                §3§l>>> §3§lCLICK HERE§b to pick them up! §3§l<<<
04:04:01   
04:05:01 §f               §7You have §313,298 §7materials stashed away!
04:05:01 §f              §8(This totals 5 types of materials stashed!)
04:05:01 §f                §3§l>>> §3§lCLICK HERE§b to pick them up! §3§l<<<
04:05:01   
04:06:02 §f               §7You have §313,298 §7materials stashed away!
04:06:02 §f              §8(This totals 5 types of materials stashed!)
04:06:02 §f                §3§l>>> §3§lCLICK HERE§b to pick them up! §3§l<<<
04:06:02   
04:07:02 §f               §7You have §313,298 §7materials stashed away!
04:07:02 §f              §8(This totals 5 types of materials stashed!)
04:07:02 §f                §3§l>>> §3§lCLICK HERE§b to pick them up! §3§l<<<
04:07:02   
04:08:02 §f               §7You have §313,298 §7materials stashed away!
04:08:02 §f              §8(This totals 5 types of materials stashed!)
04:08:02 §f                §3§l>>> §3§lCLICK HERE§b to pick them up! §3§l<<<
04:08:02   
04:09:02 §f               §7You have §313,298 §7materials stashed away!
04:09:02 §f              §8(This totals 5 types of materials stashed!)
04:09:02 §f                §3§l>>> §3§lCLICK HERE§b to pick them up! §3§l<<<
04:09:02   
04:10:02 §f               §7You have §313,298 §7materials stashed away!
04:10:02 §f              §8(This totals 5 types of materials stashed!)
04:10:02 §f                §3§l>>> §3§lCLICK HERE§b to pick them up! §3§l<<<
04:10:02   
04:11:04 §f               §7You have §313,298 §7materials stashed away!
04:11:04 §f              §8(This totals 5 types of materials stashed!)
04:11:04 §f                §3§l>>> §3§lCLICK HERE§b to pick them up! §3§l<<<
04:11:04   
04:12:06 §f               §7You have §313,298 §7materials stashed away!
04:12:06 §f              §8(This totals 5 types of materials stashed!)
04:12:06 §f                §3§l>>> §3§lCLICK HERE§b to pick them up! §3§l<<<
04:12:06   
04:12:53 §f               §7You have §313,298 §7materials stashed away!
04:12:53 §f              §8(This totals 5 types of materials stashed!)
04:12:53 §f                §3§l>>> §3§lCLICK HERE§b to pick them up! §3§l<<<
04:12:53   
04:13:54 §f               §7You have §313,298 §7materials stashed away!
04:13:54 §f              §8(This totals 5 types of materials stashed!)
04:13:54 §f                §3§l>>> §3§lCLICK HERE§b to pick them up! §3§l<<<
04:13:54   
04:14:55 §f               §7You have §313,298 §7materials stashed away!
04:14:55 §f              §8(This totals 5 types of materials stashed!)
04:14:55 §f                §3§l>>> §3§lCLICK HERE§b to pick them up! §3§l<<<
04:14:55   
04:15:56 §f               §7You have §313,298 §7materials stashed away!
04:15:56 §f              §8(This totals 5 types of materials stashed!)
04:15:56 §f                §3§l>>> §3§lCLICK HERE§b to pick them up! §3§l<<<
04:15:56   
04:16:57 §f               §7You have §313,298 §7materials stashed away!
04:16:57 §f              §8(This totals 5 types of materials stashed!)
04:16:57 §f                §3§l>>> §3§lCLICK HERE§b to pick them up! §3§l<<<
04:16:57   
04:17:57 §f               §7You have §313,298 §7materials stashed away!
04:17:57 §f              §8(This totals 5 types of materials stashed!)
04:17:57 §f                §3§l>>> §3§lCLICK HERE§b to pick them up! §3§l<<<
04:17:57   
04:19:00 §f               §7You have §313,298 §7materials stashed away!
04:19:00 §f              §8(This totals 5 types of materials stashed!)
04:19:00 §f                §3§l>>> §3§lCLICK HERE§b to pick them up! §3§l<<<
04:19:00   
04:20:00 §f               §7You have §313,298 §7materials stashed away!
04:20:00 §f              §8(This totals 5 types of materials stashed!)
04:20:00 §f                §3§l>>> §3§lCLICK HERE§b to pick them up! §3§l<<<
04:20:00   
04:21:01 §f               §7You have §313,298 §7materials stashed away!
04:21:01 §f              §8(This totals 5 types of materials stashed!)
04:21:01 §f                §3§l>>> §3§lCLICK HERE§b to pick them up! §3§l<<<
04:21:01   
04:22:01 §f               §7You have §313,298 §7materials stashed away!
04:22:01 §f              §8(This totals 5 types of materials stashed!)
04:22:01 §f                §3§l>>> §3§lCLICK HERE§b to pick them up! §3§l<<<
04:22:01   
04:23:03 §f               §7You have §313,298 §7materials stashed away!
04:23:03 §f              §8(This totals 5 types of materials stashed!)
04:23:03 §f                §3§l>>> §3§lCLICK HERE§b to pick them up! §3§l<<<
04:23:03   
04:24:03 §f               §7You have §313,298 §7materials stashed away!
04:24:03 §f              §8(This totals 5 types of materials stashed!)
04:24:03 §f                §3§l>>> §3§lCLICK HERE§b to pick them up! §3§l<<<
04:24:03   
04:25:04 §f               §7You have §313,298 §7materials stashed away!
04:25:04 §f              §8(This totals 5 types of materials stashed!)
04:25:04 §f                §3§l>>> §3§lCLICK HERE§b to pick them up! §3§l<<<
04:25:04   
04:26:59 §f               §7You have §313,298 §7materials stashed away!
04:26:59 §f              §8(This totals 5 types of materials stashed!)
04:26:59 §f                §3§l>>> §3§lCLICK HERE§b to pick them up! §3§l<<<
04:26:59   
04:27:05 §f               §7You have §313,298 §7materials stashed away!
04:27:05 §f              §8(This totals 5 types of materials stashed!)
04:27:05 §f                §3§l>>> §3§lCLICK HERE§b to pick them up! §3§l<<<
04:27:05   
04:28:05 §f               §7You have §313,298 §7materials stashed away!
04:28:05 §f              §8(This totals 5 types of materials stashed!)
04:28:05 §f                §3§l>>> §3§lCLICK HERE§b to pick them up! §3§l<<<
04:28:05   
04:29:06 §f               §7You have §313,298 §7materials stashed away!
04:29:06 §f              §8(This totals 5 types of materials stashed!)
04:29:06 §f                §3§l>>> §3§lCLICK HERE§b to pick them up! §3§l<<<
04:29:06   
04:30:08 §f               §7You have §313,298 §7materials stashed away!
04:30:08 §f              §8(This totals 5 types of materials stashed!)
04:30:08 §f                §3§l>>> §3§lCLICK HERE§b to pick them up! §3§l<<<
04:30:08   
04:31:10 §f               §7You have §313,298 §7materials stashed away!
04:31:10 §f              §8(This totals 5 types of materials stashed!)
04:31:10 §f                §3§l>>> §3§lCLICK HERE§b to pick them up! §3§l<<<
04:31:10   
04:32:10 §f               §7You have §313,298 §7materials stashed away!
04:32:10 §f              §8(This totals 5 types of materials stashed!)
04:32:10 §f                §3§l>>> §3§lCLICK HERE§b to pick them up! §3§l<<<
04:32:10   
04:33:10 §f               §7You have §313,298 §7materials stashed away!
04:33:10 §f              §8(This totals 5 types of materials stashed!)
04:33:10 §f                §3§l>>> §3§lCLICK HERE§b to pick them up! §3§l<<<
04:33:10   
04:34:16 §f               §7You have §313,298 §7materials stashed away!
04:34:16 §f              §8(This totals 5 types of materials stashed!)
04:34:16 §f                §3§l>>> §3§lCLICK HERE§b to pick them up! §3§l<<<
04:34:16   
04:35:17 §f               §7You have §313,298 §7materials stashed away!
04:35:17 §f              §8(This totals 5 types of materials stashed!)
04:35:17 §f                §3§l>>> §3§lCLICK HERE§b to pick them up! §3§l<<<
04:35:17   
04:36:22 §f               §7You have §313,298 §7materials stashed away!
04:36:22 §f              §8(This totals 5 types of materials stashed!)
04:36:22 §f                §3§l>>> §3§lCLICK HERE§b to pick them up! §3§l<<<
04:36:22   
04:37:23 §f               §7You have §313,298 §7materials stashed away!
04:37:23 §f              §8(This totals 5 types of materials stashed!)
04:37:23 §f                §3§l>>> §3§lCLICK HERE§b to pick them up! §3§l<<<
04:37:23   
04:39:12 §f               §7You have §313,298 §7materials stashed away!
04:39:12 §f              §8(This totals 5 types of materials stashed!)
04:39:12 §f                §3§l>>> §3§lCLICK HERE§b to pick them up! §3§l<<<
04:39:12   
04:40:12 §f               §7You have §313,298 §7materials stashed away!
04:40:12 §f              §8(This totals 5 types of materials stashed!)
04:40:12 §f                §3§l>>> §3§lCLICK HERE§b to pick them up! §3§l<<<
04:40:12   
04:41:13 §f               §7You have §313,298 §7materials stashed away!
04:41:13 §f              §8(This totals 5 types of materials stashed!)
04:41:13 §f                §3§l>>> §3§lCLICK HERE§b to pick them up! §3§l<<<
04:41:13   
04:42:13 §f               §7You have §313,298 §7materials stashed away!
04:42:13 §f              §8(This totals 5 types of materials stashed!)
04:42:13 §f                §3§l>>> §3§lCLICK HERE§b to pick them up! §3§l<<<
04:42:13   
04:43:14 §f               §7You have §313,298 §7materials stashed away!
04:43:14 §f              §8(This totals 5 types of materials stashed!)
04:43:14 §f                §3§l>>> §3§lCLICK HERE§b to pick them up! §3§l<<<
04:43:14   
04:44:14 §f               §7You have §313,298 §7materials stashed away!
04:44:14 §f              §8(This totals 5 types of materials stashed!)
04:44:14 §f                §3§l>>> §3§lCLICK HERE§b to pick them up! §3§l<<<
04:44:14   
04:45:14 §f               §7You have §313,298 §7materials stashed away!
04:45:14 §f              §8(This totals 5 types of materials stashed!)
04:45:14 §f                §3§l>>> §3§lCLICK HERE§b to pick them up! §3§l<<<
04:45:14   
04:46:15 §f               §7You have §313,298 §7materials stashed away!
04:46:15 §f              §8(This totals 5 types of materials stashed!)
04:46:15 §f                §3§l>>> §3§lCLICK HERE§b to pick them up! §3§l<<<
04:46:15   
04:47:15 §f               §7You have §313,298 §7materials stashed away!
04:47:15 §f              §8(This totals 5 types of materials stashed!)
04:47:15 §f                §3§l>>> §3§lCLICK HERE§b to pick them up! §3§l<<<
04:47:15   
04:48:16 §f               §7You have §313,298 §7materials stashed away!
04:48:16 §f              §8(This totals 5 types of materials stashed!)
04:48:16 §f                §3§l>>> §3§lCLICK HERE§b to pick them up! §3§l<<<
04:48:16   
04:49:16 §f               §7You have §313,298 §7materials stashed away!
04:49:16 §f              §8(This totals 5 types of materials stashed!)
04:49:16 §f                §3§l>>> §3§lCLICK HERE§b to pick them up! §3§l<<<
04:49:16   
04:50:18 §f               §7You have §313,298 §7materials stashed away!
04:50:18 §f              §8(This totals 5 types of materials stashed!)
04:50:18 §f                §3§l>>> §3§lCLICK HERE§b to pick them up! §3§l<<<
04:50:18   
04:51:18 §f               §7You have §313,298 §7materials stashed away!
04:51:18 §f              §8(This totals 5 types of materials stashed!)
04:51:18 §f                §3§l>>> §3§lCLICK HERE§b to pick them up! §3§l<<<
04:51:18   
04:52:20 §f               §7You have §313,298 §7materials stashed away!
04:52:20 §f              §8(This totals 5 types of materials stashed!)
04:52:20 §f                §3§l>>> §3§lCLICK HERE§b to pick them up! §3§l<<<
04:52:20   
04:52:38 §f               §7You have §313,298 §7materials stashed away!
04:52:38 §f              §8(This totals 5 types of materials stashed!)
04:52:38 §f                §3§l>>> §3§lCLICK HERE§b to pick them up! §3§l<<<
04:52:38   
04:53:38 §f               §7You have §313,298 §7materials stashed away!
04:53:38 §f              §8(This totals 5 types of materials stashed!)
04:53:38 §f                §3§l>>> §3§lCLICK HERE§b to pick them up! §3§l<<<
04:53:38   
04:54:38 §f               §7You have §313,298 §7materials stashed away!
04:54:38 §f              §8(This totals 5 types of materials stashed!)
04:54:38 §f                §3§l>>> §3§lCLICK HERE§b to pick them up! §3§l<<<
04:54:38   
04:55:39 §f               §7You have §313,298 §7materials stashed away!
04:55:39 §f              §8(This totals 5 types of materials stashed!)
04:55:39 §f                §3§l>>> §3§lCLICK HERE§b to pick them up! §3§l<<<
04:55:39   
04:56:39 §f               §7You have §313,298 §7materials stashed away!
04:56:39 §f              §8(This totals 5 types of materials stashed!)
04:56:39 §f                §3§l>>> §3§lCLICK HERE§b to pick them up! §3§l<<<
04:56:39   
04:56:46 §f               §7You have §313,298 §7materials stashed away!
04:56:46 §f              §8(This totals 5 types of materials stashed!)
04:56:46 §f                §3§l>>> §3§lCLICK HERE§b to pick them up! §3§l<<<
04:56:46   
04:57:47 §f               §7You have §313,298 §7materials stashed away!
04:57:47 §f              §8(This totals 5 types of materials stashed!)
04:57:47 §f                §3§l>>> §3§lCLICK HERE§b to pick them up! §3§l<<<
04:57:47   
04:58:47 §f               §7You have §313,298 §7materials stashed away!
04:58:47 §f              §8(This totals 5 types of materials stashed!)
04:58:47 §f                §3§l>>> §3§lCLICK HERE§b to pick them up! §3§l<<<
04:58:47   
04:59:50 §f               §7You have §313,298 §7materials stashed away!
04:59:50 §f              §8(This totals 5 types of materials stashed!)
04:59:50 §f                §3§l>>> §3§lCLICK HERE§b to pick them up! §3§l<<<
04:59:50   
05:00:49 §f               §7You have §313,298 §7materials stashed away!
05:00:49 §f              §8(This totals 5 types of materials stashed!)
05:00:49 §f                §3§l>>> §3§lCLICK HERE§b to pick them up! §3§l<<<
05:00:49   
05:01:50 §f               §7You have §313,298 §7materials stashed away!
05:01:50 §f              §8(This totals 5 types of materials stashed!)
05:01:50 §f                §3§l>>> §3§lCLICK HERE§b to pick them up! §3§l<<<
05:01:50   
05:02:50 §f               §7You have §313,298 §7materials stashed away!
05:02:50 §f              §8(This totals 5 types of materials stashed!)
05:02:50 §f                §3§l>>> §3§lCLICK HERE§b to pick them up! §3§l<<<
05:02:50   
05:03:51 §f               §7You have §313,298 §7materials stashed away!
05:03:51 §f              §8(This totals 5 types of materials stashed!)
05:03:51 §f                §3§l>>> §3§lCLICK HERE§b to pick them up! §3§l<<<
05:03:51   
05:04:51 §f               §7You have §313,298 §7materials stashed away!
05:04:51 §f              §8(This totals 5 types of materials stashed!)
05:04:51 §f                §3§l>>> §3§lCLICK HERE§b to pick them up! §3§l<<<
05:04:51   
05:05:52 §f               §7You have §313,298 §7materials stashed away!
05:05:52 §f              §8(This totals 5 types of materials stashed!)
05:05:52 §f                §3§l>>> §3§lCLICK HERE§b to pick them up! §3§l<<<
05:05:52   
05:06:52 §f               §7You have §313,298 §7materials stashed away!
05:06:52 §f              §8(This totals 5 types of materials stashed!)
05:06:52 §f                §3§l>>> §3§lCLICK HERE§b to pick them up! §3§l<<<
05:06:52   
05:09:58 §f               §7You have §313,298 §7materials stashed away!
05:09:58 §f              §8(This totals 5 types of materials stashed!)
05:09:58 §f                §3§l>>> §3§lCLICK HERE§b to pick them up! §3§l<<<
05:09:58   
05:10:59 §f               §7You have §313,298 §7materials stashed away!
05:10:59 §f              §8(This totals 5 types of materials stashed!)
05:10:59 §f                §3§l>>> §3§lCLICK HERE§b to pick them up! §3§l<<<
05:10:59   
05:11:36 §f               §7You have §313,298 §7materials stashed away!
05:11:36 §f              §8(This totals 5 types of materials stashed!)
05:11:36 §f                §3§l>>> §3§lCLICK HERE§b to pick them up! §3§l<<<
05:11:36   
05:12:37 §f               §7You have §313,298 §7materials stashed away!
05:12:37 §f              §8(This totals 5 types of materials stashed!)
05:12:37 §f                §3§l>>> §3§lCLICK HERE§b to pick them up! §3§l<<<
05:12:37   
05:13:38 §f               §7You have §313,298 §7materials stashed away!
05:13:38 §f              §8(This totals 5 types of materials stashed!)
05:13:38 §f                §3§l>>> §3§lCLICK HERE§b to pick them up! §3§l<<<
05:13:38   
05:14:39 §f               §7You have §313,298 §7materials stashed away!
05:14:39 §f              §8(This totals 5 types of materials stashed!)
05:14:39 §f                §3§l>>> §3§lCLICK HERE§b to pick them up! §3§l<<<
05:14:39   
05:15:40 §f               §7You have §313,298 §7materials stashed away!
05:15:40 §f              §8(This totals 5 types of materials stashed!)
05:15:40 §f                §3§l>>> §3§lCLICK HERE§b to pick them up! §3§l<<<
05:15:40   
05:16:41 §f               §7You have §313,298 §7materials stashed away!
05:16:41 §f              §8(This totals 5 types of materials stashed!)
05:16:41 §f                §3§l>>> §3§lCLICK HERE§b to pick them up! §3§l<<<
05:16:41   
05:17:41 §f               §7You have §313,298 §7materials stashed away!
05:17:41 §f              §8(This totals 5 types of materials stashed!)
05:17:41 §f                §3§l>>> §3§lCLICK HERE§b to pick them up! §3§l<<<
05:17:41   
05:18:42 §f               §7You have §313,298 §7materials stashed away!
05:18:42 §f              §8(This totals 5 types of materials stashed!)
05:18:42 §f                §3§l>>> §3§lCLICK HERE§b to pick them up! §3§l<<<
05:18:42   
