20:03:18 §f                     §7You have §a2 §7items stashed away!
20:03:18 §f                §6§l>>> §6§lCLICK HERE§e to pick them up! §6§l<<<
20:03:18   
20:03:18 §f                §7You have §31,785 §7materials stashed away!
20:03:18 §f               §8(This totals 1 type of material stashed!)
20:03:18 §f                §3§l>>> §3§lCLICK HERE§b to pick them up! §3§l<<<
20:03:18   
20:04:18 §f                     §7You have §a2 §7items stashed away!
20:04:18 §f                §6§l>>> §6§lCLICK HERE§e to pick them up! §6§l<<<
20:04:18   
20:04:18 §f                §7You have §31,785 §7materials stashed away!
20:04:18 §f               §8(This totals 1 type of material stashed!)
20:04:18 §f                §3§l>>> §3§lCLICK HERE§b to pick them up! §3§l<<<
20:04:18   
20:05:19 §f                     §7You have §a2 §7items stashed away!
20:05:19 §f                §6§l>>> §6§lCLICK HERE§e to pick them up! §6§l<<<
20:05:19   
20:05:19 §f                §7You have §31,785 §7materials stashed away!
20:05:19 §f               §8(This totals 1 type of material stashed!)
20:05:19 §f                §3§l>>> §3§lCLICK HERE§b to pick them up! §3§l<<<
20:05:19   
20:06:19 §f                     §7You have §a2 §7items stashed away!
20:06:19 §f                §6§l>>> §6§lCLICK HERE§e to pick them up! §6§l<<<
20:06:19   
20:06:19 §f                §7You have §31,785 §7materials stashed away!
20:06:19 §f               §8(This totals 1 type of material stashed!)
20:06:19 §f                §3§l>>> §3§lCLICK HERE§b to pick them up! §3§l<<<
20:06:19   
20:06:27 §f                     §7You have §a2 §7items stashed away!
20:06:27 §f                §6§l>>> §6§lCLICK HERE§e to pick them up! §6§l<<<
20:06:27   
20:06:27 §f                §7You have §31,785 §7materials stashed away!
20:06:27 §f               §8(This totals 1 type of material stashed!)
20:06:27 §f                §3§l>>> §3§lCLICK HERE§b to pick them up! §3§l<<<
20:06:27   
20:07:27 §f                     §7You have §a2 §7items stashed away!
20:07:27 §f                §6§l>>> §6§lCLICK HERE§e to pick them up! §6§l<<<
20:07:27   
20:07:27 §f                §7You have §31,785 §7materials stashed away!
20:07:27 §f               §8(This totals 1 type of material stashed!)
20:07:27 §f                §3§l>>> §3§lCLICK HERE§b to pick them up! §3§l<<<
20:07:27   
20:08:33 §f                     §7You have §a2 §7items stashed away!
20:08:33 §f                §6§l>>> §6§lCLICK HERE§e to pick them up! §6§l<<<
20:08:33   
20:08:33 §f                §7You have §31,785 §7materials stashed away!
20:08:33 §f               §8(This totals 1 type of material stashed!)
20:08:33 §f                §3§l>>> §3§lCLICK HERE§b to pick them up! §3§l<<<
20:08:33   
20:09:33 §f                     §7You have §a2 §7items stashed away!
20:09:33 §f                §6§l>>> §6§lCLICK HERE§e to pick them up! §6§l<<<
20:09:33   
20:09:33 §f                §7You have §31,785 §7materials stashed away!
20:09:33 §f               §8(This totals 1 type of material stashed!)
20:09:33 §f                §3§l>>> §3§lCLICK HERE§b to pick them up! §3§l<<<
20:09:33   
20:10:34 §f                     §7You have §a2 §7items stashed away!
20:10:34 §f                §6§l>>> §6§lCLICK HERE§e to pick them up! §6§l<<<
20:10:34   
20:10:34 §f                §7You have §31,785 §7materials stashed away!
20:10:34 §f               §8(This totals 1 type of material stashed!)
20:10:34 §f                §3§l>>> §3§lCLICK HERE§b to pick them up! §3§l<<<
20:10:34   
20:11:34 §f                     §7You have §a2 §7items stashed away!
20:11:34 §f                §6§l>>> §6§lCLICK HERE§e to pick them up! §6§l<<<
20:11:34   
20:11:34 §f                §7You have §31,785 §7materials stashed away!
20:11:34 §f               §8(This totals 1 type of material stashed!)
20:11:34 §f                §3§l>>> §3§lCLICK HERE§b to pick them up! §3§l<<<
20:11:34   
20:12:35 §f                     §7You have §a2 §7items stashed away!
20:12:35 §f                §6§l>>> §6§lCLICK HERE§e to pick them up! §6§l<<<
20:12:35   
20:12:35 §f                §7You have §31,785 §7materials stashed away!
20:12:35 §f               §8(This totals 1 type of material stashed!)
20:12:35 §f                §3§l>>> §3§lCLICK HERE§b to pick them up! §3§l<<<
20:12:35   
20:13:35 §f                     §7You have §a2 §7items stashed away!
20:13:35 §f                §6§l>>> §6§lCLICK HERE§e to pick them up! §6§l<<<
20:13:35   
20:13:35 §f                §7You have §31,785 §7materials stashed away!
20:13:35 §f               §8(This totals 1 type of material stashed!)
20:13:35 §f                §3§l>>> §3§lCLICK HERE§b to pick them up! §3§l<<<
20:13:35   
20:14:36 §f                     §7You have §a2 §7items stashed away!
20:14:36 §f                §6§l>>> §6§lCLICK HERE§e to pick them up! §6§l<<<
20:14:36   
20:14:36 §f                §7You have §31,785 §7materials stashed away!
20:14:36 §f               §8(This totals 1 type of material stashed!)
20:14:36 §f                §3§l>>> §3§lCLICK HERE§b to pick them up! §3§l<<<
20:14:36   
20:15:36 §f                     §7You have §a2 §7items stashed away!
20:15:36 §f                §6§l>>> §6§lCLICK HERE§e to pick them up! §6§l<<<
20:15:36   
20:15:36 §f                §7You have §31,785 §7materials stashed away!
20:15:36 §f               §8(This totals 1 type of material stashed!)
20:15:36 §f                §3§l>>> §3§lCLICK HERE§b to pick them up! §3§l<<<
20:15:36   
20:16:37 §f                     §7You have §a2 §7items stashed away!
20:16:37 §f                §6§l>>> §6§lCLICK HERE§e to pick them up! §6§l<<<
20:16:37   
20:16:37 §f                §7You have §31,785 §7materials stashed away!
20:16:37 §f               §8(This totals 1 type of material stashed!)
20:16:37 §f                §3§l>>> §3§lCLICK HERE§b to pick them up! §3§l<<<
20:16:37   
20:17:37 §f                     §7You have §a2 §7items stashed away!
20:17:37 §f                §6§l>>> §6§lCLICK HERE§e to pick them up! §6§l<<<
20:17:37   
20:17:37 §f                §7You have §31,785 §7materials stashed away!
20:17:37 §f               §8(This totals 1 type of material stashed!)
20:17:37 §f                §3§l>>> §3§lCLICK HERE§b to pick them up! §3§l<<<
20:17:37   
20:18:38 §f                     §7You have §a2 §7items stashed away!
20:18:38 §f                §6§l>>> §6§lCLICK HERE§e to pick them up! §6§l<<<
20:18:38   
20:18:38 §f                §7You have §31,785 §7materials stashed away!
20:18:38 §f               §8(This totals 1 type of material stashed!)
20:18:38 §f                §3§l>>> §3§lCLICK HERE§b to pick them up! §3§l<<<
20:18:38   
20:19:38 §f                     §7You have §a2 §7items stashed away!
20:19:38 §f                §6§l>>> §6§lCLICK HERE§e to pick them up! §6§l<<<
20:19:38   
20:19:38 §f                §7You have §31,785 §7materials stashed away!
20:19:38 §f               §8(This totals 1 type of material stashed!)
20:19:38 §f                §3§l>>> §3§lCLICK HERE§b to pick them up! §3§l<<<
20:19:38   
20:20:39 §f                     §7You have §a2 §7items stashed away!
20:20:39 §f                §6§l>>> §6§lCLICK HERE§e to pick them up! §6§l<<<
20:20:39   
20:20:39 §f                §7You have §31,785 §7materials stashed away!
20:20:39 §f               §8(This totals 1 type of material stashed!)
20:20:39 §f                §3§l>>> §3§lCLICK HERE§b to pick them up! §3§l<<<
20:20:39   
20:21:39 §f                     §7You have §a2 §7items stashed away!
20:21:39 §f                §6§l>>> §6§lCLICK HERE§e to pick them up! §6§l<<<
20:21:39   
20:21:39 §f                §7You have §31,785 §7materials stashed away!
20:21:39 §f               §8(This totals 1 type of material stashed!)
20:21:39 §f                §3§l>>> §3§lCLICK HERE§b to pick them up! §3§l<<<
20:21:39   
20:22:40 §f                     §7You have §a2 §7items stashed away!
20:22:40 §f                §6§l>>> §6§lCLICK HERE§e to pick them up! §6§l<<<
20:22:40   
20:22:40 §f                §7You have §31,785 §7materials stashed away!
20:22:40 §f               §8(This totals 1 type of material stashed!)
20:22:40 §f                §3§l>>> §3§lCLICK HERE§b to pick them up! §3§l<<<
20:22:40   
20:23:40 §f                     §7You have §a2 §7items stashed away!
20:23:40 §f                §6§l>>> §6§lCLICK HERE§e to pick them up! §6§l<<<
20:23:40   
20:23:40 §f                §7You have §31,785 §7materials stashed away!
20:23:40 §f               §8(This totals 1 type of material stashed!)
20:23:40 §f                §3§l>>> §3§lCLICK HERE§b to pick them up! §3§l<<<
20:23:40   
20:24:41 §f                     §7You have §a2 §7items stashed away!
20:24:41 §f                §6§l>>> §6§lCLICK HERE§e to pick them up! §6§l<<<
20:24:41   
20:24:41 §f                §7You have §31,785 §7materials stashed away!
20:24:41 §f               §8(This totals 1 type of material stashed!)
20:24:41 §f                §3§l>>> §3§lCLICK HERE§b to pick them up! §3§l<<<
20:24:41   
20:25:41 §f                     §7You have §a2 §7items stashed away!
20:25:41 §f                §6§l>>> §6§lCLICK HERE§e to pick them up! §6§l<<<
20:25:41   
20:25:41 §f                §7You have §31,785 §7materials stashed away!
20:25:41 §f               §8(This totals 1 type of material stashed!)
20:25:41 §f                §3§l>>> §3§lCLICK HERE§b to pick them up! §3§l<<<
20:25:41   
20:26:42 §f                     §7You have §a2 §7items stashed away!
20:26:42 §f                §6§l>>> §6§lCLICK HERE§e to pick them up! §6§l<<<
20:26:42   
20:26:42 §f                §7You have §31,785 §7materials stashed away!
20:26:42 §f               §8(This totals 1 type of material stashed!)
20:26:42 §f                §3§l>>> §3§lCLICK HERE§b to pick them up! §3§l<<<
20:26:42   
20:27:43 §f                     §7You have §a2 §7items stashed away!
20:27:43 §f                §6§l>>> §6§lCLICK HERE§e to pick them up! §6§l<<<
20:27:43   
20:27:43 §f                §7You have §31,785 §7materials stashed away!
20:27:43 §f               §8(This totals 1 type of material stashed!)
20:27:43 §f                §3§l>>> §3§lCLICK HERE§b to pick them up! §3§l<<<
20:27:43   
20:28:43 §f                     §7You have §a2 §7items stashed away!
20:28:43 §f                §6§l>>> §6§lCLICK HERE§e to pick them up! §6§l<<<
20:28:43   
20:28:43 §f                §7You have §31,785 §7materials stashed away!
20:28:43 §f               §8(This totals 1 type of material stashed!)
20:28:43 §f                §3§l>>> §3§lCLICK HERE§b to pick them up! §3§l<<<
20:28:43   
20:29:44 §f                     §7You have §a2 §7items stashed away!
20:29:44 §f                §6§l>>> §6§lCLICK HERE§e to pick them up! §6§l<<<
20:29:44   
20:29:44 §f                §7You have §31,785 §7materials stashed away!
20:29:44 §f               §8(This totals 1 type of material stashed!)
20:29:44 §f                §3§l>>> §3§lCLICK HERE§b to pick them up! §3§l<<<
20:29:44   
20:30:44 §f                     §7You have §a2 §7items stashed away!
20:30:44 §f                §6§l>>> §6§lCLICK HERE§e to pick them up! §6§l<<<
20:30:44   
20:30:44 §f                §7You have §31,785 §7materials stashed away!
20:30:44 §f               §8(This totals 1 type of material stashed!)
20:30:44 §f                §3§l>>> §3§lCLICK HERE§b to pick them up! §3§l<<<
20:30:44   
20:31:45 §f                     §7You have §a2 §7items stashed away!
20:31:45 §f                §6§l>>> §6§lCLICK HERE§e to pick them up! §6§l<<<
20:31:45   
20:31:45 §f                §7You have §31,785 §7materials stashed away!
20:31:45 §f               §8(This totals 1 type of material stashed!)
20:31:45 §f                §3§l>>> §3§lCLICK HERE§b to pick them up! §3§l<<<
20:31:45   
20:32:45 §f                     §7You have §a2 §7items stashed away!
20:32:45 §f                §6§l>>> §6§lCLICK HERE§e to pick them up! §6§l<<<
20:32:45   
20:32:45 §f                §7You have §31,785 §7materials stashed away!
20:32:45 §f               §8(This totals 1 type of material stashed!)
20:32:45 §f                §3§l>>> §3§lCLICK HERE§b to pick them up! §3§l<<<
20:32:45   
20:33:46 §f                     §7You have §a2 §7items stashed away!
20:33:46 §f                §6§l>>> §6§lCLICK HERE§e to pick them up! §6§l<<<
20:33:46   
20:33:46 §f                §7You have §31,785 §7materials stashed away!
20:33:46 §f               §8(This totals 1 type of material stashed!)
20:33:46 §f                §3§l>>> §3§lCLICK HERE§b to pick them up! §3§l<<<
20:33:46   
20:34:46 §f                     §7You have §a2 §7items stashed away!
20:34:46 §f                §6§l>>> §6§lCLICK HERE§e to pick them up! §6§l<<<
20:34:46   
20:34:46 §f                §7You have §31,785 §7materials stashed away!
20:34:46 §f               §8(This totals 1 type of material stashed!)
20:34:46 §f                §3§l>>> §3§lCLICK HERE§b to pick them up! §3§l<<<
20:34:46   
20:35:47 §f                     §7You have §a2 §7items stashed away!
20:35:47 §f                §6§l>>> §6§lCLICK HERE§e to pick them up! §6§l<<<
20:35:47   
20:35:47 §f                §7You have §31,785 §7materials stashed away!
20:35:47 §f               §8(This totals 1 type of material stashed!)
20:35:47 §f                §3§l>>> §3§lCLICK HERE§b to pick them up! §3§l<<<
20:35:47   
20:36:47 §f                     §7You have §a2 §7items stashed away!
20:36:47 §f                §6§l>>> §6§lCLICK HERE§e to pick them up! §6§l<<<
20:36:47   
20:36:47 §f                §7You have §31,785 §7materials stashed away!
20:36:47 §f               §8(This totals 1 type of material stashed!)
20:36:47 §f                §3§l>>> §3§lCLICK HERE§b to pick them up! §3§l<<<
20:36:47   
20:37:48 §f                     §7You have §a2 §7items stashed away!
20:37:48 §f                §6§l>>> §6§lCLICK HERE§e to pick them up! §6§l<<<
20:37:48   
20:37:48 §f                §7You have §31,785 §7materials stashed away!
20:37:48 §f               §8(This totals 1 type of material stashed!)
20:37:48 §f                §3§l>>> §3§lCLICK HERE§b to pick them up! §3§l<<<
20:37:48   
20:38:49 §f                     §7You have §a2 §7items stashed away!
20:38:49 §f                §6§l>>> §6§lCLICK HERE§e to pick them up! §6§l<<<
20:38:49   
20:38:49 §f                §7You have §31,785 §7materials stashed away!
20:38:49 §f               §8(This totals 1 type of material stashed!)
20:38:49 §f                §3§l>>> §3§lCLICK HERE§b to pick them up! §3§l<<<
20:38:49   
20:39:49 §f                     §7You have §a2 §7items stashed away!
20:39:49 §f                §6§l>>> §6§lCLICK HERE§e to pick them up! §6§l<<<
20:39:49   
20:39:49 §f                §7You have §31,785 §7materials stashed away!
20:39:49 §f               §8(This totals 1 type of material stashed!)
20:39:49 §f                §3§l>>> §3§lCLICK HERE§b to pick them up! §3§l<<<
20:39:49   
20:40:50 §f                     §7You have §a2 §7items stashed away!
20:40:50 §f                §6§l>>> §6§lCLICK HERE§e to pick them up! §6§l<<<
20:40:50   
20:40:50 §f                §7You have §31,785 §7materials stashed away!
20:40:50 §f               §8(This totals 1 type of material stashed!)
20:40:50 §f                §3§l>>> §3§lCLICK HERE§b to pick them up! §3§l<<<
20:40:50   
20:41:50 §f                     §7You have §a2 §7items stashed away!
20:41:50 §f                §6§l>>> §6§lCLICK HERE§e to pick them up! §6§l<<<
20:41:50   
20:41:50 §f                §7You have §31,785 §7materials stashed away!
20:41:50 §f               §8(This totals 1 type of material stashed!)
20:41:50 §f                §3§l>>> §3§lCLICK HERE§b to pick them up! §3§l<<<
20:41:50   
20:43:52 §f                     §7You have §a2 §7items stashed away!
20:43:52 §f                §6§l>>> §6§lCLICK HERE§e to pick them up! §6§l<<<
20:43:52   
20:43:52 §f                §7You have §31,785 §7materials stashed away!
20:43:52 §f               §8(This totals 1 type of material stashed!)
20:43:52 §f                §3§l>>> §3§lCLICK HERE§b to pick them up! §3§l<<<
20:43:52   
20:44:52 §f                     §7You have §a2 §7items stashed away!
20:44:52 §f                §6§l>>> §6§lCLICK HERE§e to pick them up! §6§l<<<
20:44:52   
20:44:52 §f                §7You have §31,785 §7materials stashed away!
20:44:52 §f               §8(This totals 1 type of material stashed!)
20:44:52 §f                §3§l>>> §3§lCLICK HERE§b to pick them up! §3§l<<<
20:44:52   
20:45:52 §f                     §7You have §a2 §7items stashed away!
20:45:52 §f                §6§l>>> §6§lCLICK HERE§e to pick them up! §6§l<<<
20:45:52   
20:45:52 §f                §7You have §31,785 §7materials stashed away!
20:45:52 §f               §8(This totals 1 type of material stashed!)
20:45:52 §f                §3§l>>> §3§lCLICK HERE§b to pick them up! §3§l<<<
20:45:52   
20:46:53 §f                     §7You have §a2 §7items stashed away!
20:46:53 §f                §6§l>>> §6§lCLICK HERE§e to pick them up! §6§l<<<
20:46:53   
20:46:53 §f                §7You have §31,785 §7materials stashed away!
20:46:53 §f               §8(This totals 1 type of material stashed!)
20:46:53 §f                §3§l>>> §3§lCLICK HERE§b to pick them up! §3§l<<<
20:46:53   
20:47:53 §f                     §7You have §a2 §7items stashed away!
20:47:53 §f                §6§l>>> §6§lCLICK HERE§e to pick them up! §6§l<<<
20:47:53   
20:47:53 §f                §7You have §31,785 §7materials stashed away!
20:47:53 §f               §8(This totals 1 type of material stashed!)
20:47:53 §f                §3§l>>> §3§lCLICK HERE§b to pick them up! §3§l<<<
20:47:53   
20:48:54 §f                     §7You have §a2 §7items stashed away!
20:48:54 §f                §6§l>>> §6§lCLICK HERE§e to pick them up! §6§l<<<
20:48:54   
20:48:54 §f                §7You have §31,785 §7materials stashed away!
20:48:54 §f               §8(This totals 1 type of material stashed!)
20:48:54 §f                §3§l>>> §3§lCLICK HERE§b to pick them up! §3§l<<<
20:48:54   
20:49:54 §f                     §7You have §a2 §7items stashed away!
20:49:54 §f                §6§l>>> §6§lCLICK HERE§e to pick them up! §6§l<<<
20:49:54   
20:49:54 §f                §7You have §31,785 §7materials stashed away!
20:49:54 §f               §8(This totals 1 type of material stashed!)
20:49:54 §f                §3§l>>> §3§lCLICK HERE§b to pick them up! §3§l<<<
20:49:54   
20:50:55 §f                     §7You have §a2 §7items stashed away!
20:50:55 §f                §6§l>>> §6§lCLICK HERE§e to pick them up! §6§l<<<
20:50:55   
20:50:55 §f                §7You have §31,785 §7materials stashed away!
20:50:55 §f               §8(This totals 1 type of material stashed!)
20:50:55 §f                §3§l>>> §3§lCLICK HERE§b to pick them up! §3§l<<<
20:50:55   
20:51:55 §f                     §7You have §a2 §7items stashed away!
20:51:55 §f                §6§l>>> §6§lCLICK HERE§e to pick them up! §6§l<<<
20:51:55   
20:51:55 §f                §7You have §31,785 §7materials stashed away!
20:51:55 §f               §8(This totals 1 type of material stashed!)
20:51:55 §f                §3§l>>> §3§lCLICK HERE§b to pick them up! §3§l<<<
20:51:55   
20:52:56 §f                     §7You have §a2 §7items stashed away!
20:52:56 §f                §6§l>>> §6§lCLICK HERE§e to pick them up! §6§l<<<
20:52:56   
20:52:56 §f                §7You have §31,785 §7materials stashed away!
20:52:56 §f               §8(This totals 1 type of material stashed!)
20:52:56 §f                §3§l>>> §3§lCLICK HERE§b to pick them up! §3§l<<<
20:52:56   
20:53:57 §f                     §7You have §a2 §7items stashed away!
20:53:57 §f                §6§l>>> §6§lCLICK HERE§e to pick them up! §6§l<<<
20:53:57   
20:53:57 §f                §7You have §31,785 §7materials stashed away!
20:53:57 §f               §8(This totals 1 type of material stashed!)
20:53:57 §f                §3§l>>> §3§lCLICK HERE§b to pick them up! §3§l<<<
20:53:57   
20:54:57 §f                     §7You have §a2 §7items stashed away!
20:54:57 §f                §6§l>>> §6§lCLICK HERE§e to pick them up! §6§l<<<
20:54:57   
20:54:57 §f                §7You have §31,785 §7materials stashed away!
20:54:57 §f               §8(This totals 1 type of material stashed!)
20:54:57 §f                §3§l>>> §3§lCLICK HERE§b to pick them up! §3§l<<<
20:54:57   
20:55:58 §f                     §7You have §a2 §7items stashed away!
20:55:58 §f                §6§l>>> §6§lCLICK HERE§e to pick them up! §6§l<<<
20:55:58   
20:55:58 §f                §7You have §31,785 §7materials stashed away!
20:55:58 §f               §8(This totals 1 type of material stashed!)
20:55:58 §f                §3§l>>> §3§lCLICK HERE§b to pick them up! §3§l<<<
20:55:58   
20:56:59 §f                     §7You have §a2 §7items stashed away!
20:56:59 §f                §6§l>>> §6§lCLICK HERE§e to pick them up! §6§l<<<
20:56:59   
20:56:59 §f                §7You have §31,785 §7materials stashed away!
20:56:59 §f               §8(This totals 1 type of material stashed!)
20:56:59 §f                §3§l>>> §3§lCLICK HERE§b to pick them up! §3§l<<<
20:56:59   
20:58:00 §f                     §7You have §a2 §7items stashed away!
20:58:00 §f                §6§l>>> §6§lCLICK HERE§e to pick them up! §6§l<<<
20:58:00   
20:58:00 §f                §7You have §31,785 §7materials stashed away!
20:58:00 §f               §8(This totals 1 type of material stashed!)
20:58:00 §f                §3§l>>> §3§lCLICK HERE§b to pick them up! §3§l<<<
20:58:00   
20:59:00 §f                     §7You have §a2 §7items stashed away!
20:59:00 §f                §6§l>>> §6§lCLICK HERE§e to pick them up! §6§l<<<
20:59:00   
20:59:00 §f                §7You have §31,785 §7materials stashed away!
20:59:00 §f               §8(This totals 1 type of material stashed!)
20:59:00 §f                §3§l>>> §3§lCLICK HERE§b to pick them up! §3§l<<<
20:59:00   
21:00:01 §f                     §7You have §a2 §7items stashed away!
21:00:01 §f                §6§l>>> §6§lCLICK HERE§e to pick them up! §6§l<<<
21:00:01   
21:00:01 §f                §7You have §31,785 §7materials stashed away!
21:00:01 §f               §8(This totals 1 type of material stashed!)
21:00:01 §f                §3§l>>> §3§lCLICK HERE§b to pick them up! §3§l<<<
21:00:01   
21:01:02 §f                     §7You have §a2 §7items stashed away!
21:01:02 §f                §6§l>>> §6§lCLICK HERE§e to pick them up! §6§l<<<
21:01:02   
21:01:02 §f                §7You have §31,785 §7materials stashed away!
21:01:02 §f               §8(This totals 1 type of material stashed!)
21:01:02 §f                §3§l>>> §3§lCLICK HERE§b to pick them up! §3§l<<<
21:01:02   
21:02:02 §f                     §7You have §a2 §7items stashed away!
21:02:02 §f                §6§l>>> §6§lCLICK HERE§e to pick them up! §6§l<<<
21:02:02   
21:02:02 §f                §7You have §31,785 §7materials stashed away!
21:02:02 §f               §8(This totals 1 type of material stashed!)
21:02:02 §f                §3§l>>> §3§lCLICK HERE§b to pick them up! §3§l<<<
21:02:02   
21:03:03 §f                     §7You have §a2 §7items stashed away!
21:03:03 §f                §6§l>>> §6§lCLICK HERE§e to pick them up! §6§l<<<
21:03:03   
21:03:03 §f                §7You have §31,785 §7materials stashed away!
21:03:03 §f               §8(This totals 1 type of material stashed!)
21:03:03 §f                §3§l>>> §3§lCLICK HERE§b to pick them up! §3§l<<<
21:03:03   
21:04:04 §f                     §7You have §a2 §7items stashed away!
21:04:04 §f                §6§l>>> §6§lCLICK HERE§e to pick them up! §6§l<<<
21:04:04   
21:04:04 §f                §7You have §31,785 §7materials stashed away!
21:04:04 §f               §8(This totals 1 type of material stashed!)
21:04:04 §f                §3§l>>> §3§lCLICK HERE§b to pick them up! §3§l<<<
21:04:04   
21:05:05 §f                     §7You have §a2 §7items stashed away!
21:05:05 §f                §6§l>>> §6§lCLICK HERE§e to pick them up! §6§l<<<
21:05:05   
21:05:05 §f                §7You have §31,785 §7materials stashed away!
21:05:05 §f               §8(This totals 1 type of material stashed!)
21:05:05 §f                §3§l>>> §3§lCLICK HERE§b to pick them up! §3§l<<<
21:05:05   
21:06:06 §f                     §7You have §a2 §7items stashed away!
21:06:06 §f                §6§l>>> §6§lCLICK HERE§e to pick them up! §6§l<<<
21:06:06   
21:06:06 §f                §7You have §31,785 §7materials stashed away!
21:06:06 §f               §8(This totals 1 type of material stashed!)
21:06:06 §f                §3§l>>> §3§lCLICK HERE§b to pick them up! §3§l<<<
21:06:06   
21:07:06 §f                     §7You have §a2 §7items stashed away!
21:07:06 §f                §6§l>>> §6§lCLICK HERE§e to pick them up! §6§l<<<
21:07:06   
21:07:06 §f                §7You have §31,785 §7materials stashed away!
21:07:06 §f               §8(This totals 1 type of material stashed!)
21:07:06 §f                §3§l>>> §3§lCLICK HERE§b to pick them up! §3§l<<<
21:07:06   
21:08:07 §f                     §7You have §a2 §7items stashed away!
21:08:07 §f                §6§l>>> §6§lCLICK HERE§e to pick them up! §6§l<<<
21:08:07   
21:08:07 §f                §7You have §31,785 §7materials stashed away!
21:08:07 §f               §8(This totals 1 type of material stashed!)
21:08:07 §f                §3§l>>> §3§lCLICK HERE§b to pick them up! §3§l<<<
21:08:07   
21:09:08 §f                     §7You have §a2 §7items stashed away!
21:09:08 §f                §6§l>>> §6§lCLICK HERE§e to pick them up! §6§l<<<
21:09:08   
21:09:08 §f                §7You have §31,785 §7materials stashed away!
21:09:08 §f               §8(This totals 1 type of material stashed!)
21:09:08 §f                §3§l>>> §3§lCLICK HERE§b to pick them up! §3§l<<<
21:09:08   
21:10:09 §f                     §7You have §a2 §7items stashed away!
21:10:09 §f                §6§l>>> §6§lCLICK HERE§e to pick them up! §6§l<<<
21:10:09   
21:10:09 §f                §7You have §31,785 §7materials stashed away!
21:10:09 §f               §8(This totals 1 type of material stashed!)
21:10:09 §f                §3§l>>> §3§lCLICK HERE§b to pick them up! §3§l<<<
21:10:09   
21:11:09 §f                     §7You have §a2 §7items stashed away!
21:11:09 §f                §6§l>>> §6§lCLICK HERE§e to pick them up! §6§l<<<
21:11:09   
21:11:09 §f                §7You have §31,785 §7materials stashed away!
21:11:09 §f               §8(This totals 1 type of material stashed!)
21:11:09 §f                §3§l>>> §3§lCLICK HERE§b to pick them up! §3§l<<<
21:11:09   
21:12:10 §f                     §7You have §a2 §7items stashed away!
21:12:10 §f                §6§l>>> §6§lCLICK HERE§e to pick them up! §6§l<<<
21:12:10   
21:12:10 §f                §7You have §31,785 §7materials stashed away!
21:12:10 §f               §8(This totals 1 type of material stashed!)
21:12:10 §f                §3§l>>> §3§lCLICK HERE§b to pick them up! §3§l<<<
21:12:10   
21:13:11 §f                     §7You have §a2 §7items stashed away!
21:13:11 §f                §6§l>>> §6§lCLICK HERE§e to pick them up! §6§l<<<
21:13:11   
21:13:11 §f                §7You have §31,785 §7materials stashed away!
21:13:11 §f               §8(This totals 1 type of material stashed!)
21:13:11 §f                §3§l>>> §3§lCLICK HERE§b to pick them up! §3§l<<<
21:13:11   
21:14:11 §f                     §7You have §a2 §7items stashed away!
21:14:11 §f                §6§l>>> §6§lCLICK HERE§e to pick them up! §6§l<<<
21:14:11   
21:14:11 §f                §7You have §31,785 §7materials stashed away!
21:14:11 §f               §8(This totals 1 type of material stashed!)
21:14:11 §f                §3§l>>> §3§lCLICK HERE§b to pick them up! §3§l<<<
21:14:11   
21:15:12 §f                     §7You have §a2 §7items stashed away!
21:15:12 §f                §6§l>>> §6§lCLICK HERE§e to pick them up! §6§l<<<
21:15:12   
21:15:12 §f                §7You have §31,785 §7materials stashed away!
21:15:12 §f               §8(This totals 1 type of material stashed!)
21:15:12 §f                §3§l>>> §3§lCLICK HERE§b to pick them up! §3§l<<<
21:15:12   
21:16:12 §f                     §7You have §a2 §7items stashed away!
21:16:12 §f                §6§l>>> §6§lCLICK HERE§e to pick them up! §6§l<<<
21:16:12   
21:16:12 §f                §7You have §31,785 §7materials stashed away!
21:16:12 §f               §8(This totals 1 type of material stashed!)
21:16:12 §f                §3§l>>> §3§lCLICK HERE§b to pick them up! §3§l<<<
21:16:12   
21:17:13 §f                     §7You have §a2 §7items stashed away!
21:17:13 §f                §6§l>>> §6§lCLICK HERE§e to pick them up! §6§l<<<
21:17:13   
21:17:13 §f                §7You have §31,785 §7materials stashed away!
21:17:13 §f               §8(This totals 1 type of material stashed!)
21:17:13 §f                §3§l>>> §3§lCLICK HERE§b to pick them up! §3§l<<<
21:17:13   
21:18:14 §f                     §7You have §a2 §7items stashed away!
21:18:14 §f                §6§l>>> §6§lCLICK HERE§e to pick them up! §6§l<<<
21:18:14   
21:18:14 §f                §7You have §31,785 §7materials stashed away!
21:18:14 §f               §8(This totals 1 type of material stashed!)
21:18:14 §f                §3§l>>> §3§lCLICK HERE§b to pick them up! §3§l<<<
21:18:14   
21:19:14 §f                     §7You have §a2 §7items stashed away!
21:19:14 §f                §6§l>>> §6§lCLICK HERE§e to pick them up! §6§l<<<
21:19:14   
21:19:14 §f                §7You have §31,785 §7materials stashed away!
21:19:14 §f               §8(This totals 1 type of material stashed!)
21:19:14 §f                §3§l>>> §3§lCLICK HERE§b to pick them up! §3§l<<<
21:19:14   
21:20:15 §f                     §7You have §a2 §7items stashed away!
21:20:15 §f                §6§l>>> §6§lCLICK HERE§e to pick them up! §6§l<<<
21:20:15   
21:20:15 §f                §7You have §31,785 §7materials stashed away!
21:20:15 §f               §8(This totals 1 type of material stashed!)
21:20:15 §f                §3§l>>> §3§lCLICK HERE§b to pick them up! §3§l<<<
21:20:15   
21:21:15 §f                     §7You have §a2 §7items stashed away!
21:21:15 §f                §6§l>>> §6§lCLICK HERE§e to pick them up! §6§l<<<
21:21:16   
21:21:16 §f                §7You have §31,785 §7materials stashed away!
21:21:16 §f               §8(This totals 1 type of material stashed!)
21:21:16 §f                §3§l>>> §3§lCLICK HERE§b to pick them up! §3§l<<<
21:21:16   
21:22:16 §f                     §7You have §a2 §7items stashed away!
21:22:16 §f                §6§l>>> §6§lCLICK HERE§e to pick them up! §6§l<<<
21:22:16   
21:22:16 §f                §7You have §31,785 §7materials stashed away!
21:22:16 §f               §8(This totals 1 type of material stashed!)
21:22:16 §f                §3§l>>> §3§lCLICK HERE§b to pick them up! §3§l<<<
21:22:16   
21:23:17 §f                     §7You have §a2 §7items stashed away!
21:23:17 §f                §6§l>>> §6§lCLICK HERE§e to pick them up! §6§l<<<
21:23:17   
21:23:17 §f                §7You have §31,785 §7materials stashed away!
21:23:17 §f               §8(This totals 1 type of material stashed!)
21:23:17 §f                §3§l>>> §3§lCLICK HERE§b to pick them up! §3§l<<<
21:23:17   
21:24:17 §f                     §7You have §a2 §7items stashed away!
21:24:17 §f                §6§l>>> §6§lCLICK HERE§e to pick them up! §6§l<<<
21:24:17   
21:24:17 §f                §7You have §31,785 §7materials stashed away!
21:24:17 §f               §8(This totals 1 type of material stashed!)
21:24:17 §f                §3§l>>> §3§lCLICK HERE§b to pick them up! §3§l<<<
21:24:17   
21:25:18 §f                     §7You have §a2 §7items stashed away!
21:25:18 §f                §6§l>>> §6§lCLICK HERE§e to pick them up! §6§l<<<
21:25:18   
21:25:18 §f                §7You have §31,785 §7materials stashed away!
21:25:18 §f               §8(This totals 1 type of material stashed!)
21:25:18 §f                §3§l>>> §3§lCLICK HERE§b to pick them up! §3§l<<<
21:25:18   
21:26:18 §f                     §7You have §a2 §7items stashed away!
21:26:18 §f                §6§l>>> §6§lCLICK HERE§e to pick them up! §6§l<<<
21:26:18   
21:26:18 §f                §7You have §31,785 §7materials stashed away!
21:26:18 §f               §8(This totals 1 type of material stashed!)
21:26:18 §f                §3§l>>> §3§lCLICK HERE§b to pick them up! §3§l<<<
21:26:18   
21:27:19 §f                     §7You have §a2 §7items stashed away!
21:27:19 §f                §6§l>>> §6§lCLICK HERE§e to pick them up! §6§l<<<
21:27:19   
21:27:19 §f                §7You have §31,785 §7materials stashed away!
21:27:19 §f               §8(This totals 1 type of material stashed!)
21:27:19 §f                §3§l>>> §3§lCLICK HERE§b to pick them up! §3§l<<<
21:27:19   
21:28:20 §f                     §7You have §a2 §7items stashed away!
21:28:20 §f                §6§l>>> §6§lCLICK HERE§e to pick them up! §6§l<<<
21:28:20   
21:28:20 §f                §7You have §31,785 §7materials stashed away!
21:28:20 §f               §8(This totals 1 type of material stashed!)
21:28:20 §f                §3§l>>> §3§lCLICK HERE§b to pick them up! §3§l<<<
21:28:20   
21:29:20 §f                     §7You have §a2 §7items stashed away!
21:29:20 §f                §6§l>>> §6§lCLICK HERE§e to pick them up! §6§l<<<
21:29:20   
21:29:20 §f                §7You have §31,785 §7materials stashed away!
21:29:20 §f               §8(This totals 1 type of material stashed!)
21:29:20 §f                §3§l>>> §3§lCLICK HERE§b to pick them up! §3§l<<<
21:29:20   
21:30:21 §f                     §7You have §a2 §7items stashed away!
21:30:21 §f                §6§l>>> §6§lCLICK HERE§e to pick them up! §6§l<<<
21:30:21   
21:30:21 §f                §7You have §31,785 §7materials stashed away!
21:30:21 §f               §8(This totals 1 type of material stashed!)
21:30:21 §f                §3§l>>> §3§lCLICK HERE§b to pick them up! §3§l<<<
21:30:21   
21:31:22 §f                     §7You have §a2 §7items stashed away!
21:31:22 §f                §6§l>>> §6§lCLICK HERE§e to pick them up! §6§l<<<
21:31:22   
21:31:22 §f                §7You have §31,785 §7materials stashed away!
21:31:22 §f               §8(This totals 1 type of material stashed!)
21:31:22 §f                §3§l>>> §3§lCLICK HERE§b to pick them up! §3§l<<<
21:31:22   
21:32:22 §f                     §7You have §a2 §7items stashed away!
21:32:22 §f                §6§l>>> §6§lCLICK HERE§e to pick them up! §6§l<<<
21:32:22   
21:32:22 §f                §7You have §31,785 §7materials stashed away!
21:32:22 §f               §8(This totals 1 type of material stashed!)
21:32:22 §f                §3§l>>> §3§lCLICK HERE§b to pick them up! §3§l<<<
21:32:22   
21:33:23 §f                     §7You have §a2 §7items stashed away!
21:33:23 §f                §6§l>>> §6§lCLICK HERE§e to pick them up! §6§l<<<
21:33:23   
21:33:23 §f                §7You have §31,785 §7materials stashed away!
21:33:23 §f               §8(This totals 1 type of material stashed!)
21:33:23 §f                §3§l>>> §3§lCLICK HERE§b to pick them up! §3§l<<<
21:33:23   
21:34:24 §f                     §7You have §a2 §7items stashed away!
21:34:24 §f                §6§l>>> §6§lCLICK HERE§e to pick them up! §6§l<<<
21:34:24   
21:34:24 §f                §7You have §31,785 §7materials stashed away!
21:34:24 §f               §8(This totals 1 type of material stashed!)
21:34:24 §f                §3§l>>> §3§lCLICK HERE§b to pick them up! §3§l<<<
21:34:24   
21:35:25 §f                     §7You have §a2 §7items stashed away!
21:35:25 §f                §6§l>>> §6§lCLICK HERE§e to pick them up! §6§l<<<
21:35:25   
21:35:25 §f                §7You have §31,785 §7materials stashed away!
21:35:25 §f               §8(This totals 1 type of material stashed!)
21:35:25 §f                §3§l>>> §3§lCLICK HERE§b to pick them up! §3§l<<<
21:35:25   
21:36:25 §f                     §7You have §a2 §7items stashed away!
21:36:25 §f                §6§l>>> §6§lCLICK HERE§e to pick them up! §6§l<<<
21:36:25   
21:36:25 §f                §7You have §31,785 §7materials stashed away!
21:36:25 §f               §8(This totals 1 type of material stashed!)
21:36:25 §f                §3§l>>> §3§lCLICK HERE§b to pick them up! §3§l<<<
21:36:25   
21:37:25 §f                     §7You have §a2 §7items stashed away!
21:37:25 §f                §6§l>>> §6§lCLICK HERE§e to pick them up! §6§l<<<
21:37:25   
21:37:25 §f                §7You have §31,785 §7materials stashed away!
21:37:25 §f               §8(This totals 1 type of material stashed!)
21:37:25 §f                §3§l>>> §3§lCLICK HERE§b to pick them up! §3§l<<<
21:37:25   
21:38:26 §f                     §7You have §a2 §7items stashed away!
21:38:26 §f                §6§l>>> §6§lCLICK HERE§e to pick them up! §6§l<<<
21:38:26   
21:38:26 §f                §7You have §31,785 §7materials stashed away!
21:38:26 §f               §8(This totals 1 type of material stashed!)
21:38:26 §f                §3§l>>> §3§lCLICK HERE§b to pick them up! §3§l<<<
21:38:26   
21:39:26 §f                     §7You have §a2 §7items stashed away!
21:39:26 §f                §6§l>>> §6§lCLICK HERE§e to pick them up! §6§l<<<
21:39:26   
21:39:26 §f                §7You have §31,785 §7materials stashed away!
21:39:26 §f               §8(This totals 1 type of material stashed!)
21:39:26 §f                §3§l>>> §3§lCLICK HERE§b to pick them up! §3§l<<<
21:39:26   
21:40:27 §f                     §7You have §a2 §7items stashed away!
21:40:27 §f                §6§l>>> §6§lCLICK HERE§e to pick them up! §6§l<<<
21:40:27   
21:40:27 §f                §7You have §31,785 §7materials stashed away!
21:40:27 §f               §8(This totals 1 type of material stashed!)
21:40:27 §f                §3§l>>> §3§lCLICK HERE§b to pick them up! §3§l<<<
21:40:27   
21:41:27 §f                     §7You have §a2 §7items stashed away!
21:41:27 §f                §6§l>>> §6§lCLICK HERE§e to pick them up! §6§l<<<
21:41:27   
21:41:27 §f                §7You have §31,785 §7materials stashed away!
21:41:27 §f               §8(This totals 1 type of material stashed!)
21:41:27 §f                §3§l>>> §3§lCLICK HERE§b to pick them up! §3§l<<<
21:41:27   
21:42:28 §f                     §7You have §a2 §7items stashed away!
21:42:28 §f                §6§l>>> §6§lCLICK HERE§e to pick them up! §6§l<<<
21:42:28   
21:42:28 §f                §7You have §31,785 §7materials stashed away!
21:42:28 §f               §8(This totals 1 type of material stashed!)
21:42:28 §f                §3§l>>> §3§lCLICK HERE§b to pick them up! §3§l<<<
21:42:28   
21:43:29 §f                     §7You have §a2 §7items stashed away!
21:43:29 §f                §6§l>>> §6§lCLICK HERE§e to pick them up! §6§l<<<
21:43:29   
21:43:29 §f                §7You have §31,785 §7materials stashed away!
21:43:29 §f               §8(This totals 1 type of material stashed!)
21:43:29 §f                §3§l>>> §3§lCLICK HERE§b to pick them up! §3§l<<<
21:43:29   
21:44:30 §f                     §7You have §a2 §7items stashed away!
21:44:30 §f                §6§l>>> §6§lCLICK HERE§e to pick them up! §6§l<<<
21:44:30   
21:44:30 §f                §7You have §31,785 §7materials stashed away!
21:44:30 §f               §8(This totals 1 type of material stashed!)
21:44:30 §f                §3§l>>> §3§lCLICK HERE§b to pick them up! §3§l<<<
21:44:30   
21:45:31 §f                     §7You have §a2 §7items stashed away!
21:45:31 §f                §6§l>>> §6§lCLICK HERE§e to pick them up! §6§l<<<
21:45:31   
21:45:31 §f                §7You have §31,785 §7materials stashed away!
21:45:31 §f               §8(This totals 1 type of material stashed!)
21:45:31 §f                §3§l>>> §3§lCLICK HERE§b to pick them up! §3§l<<<
21:45:31   
21:46:31 §f                     §7You have §a2 §7items stashed away!
21:46:31 §f                §6§l>>> §6§lCLICK HERE§e to pick them up! §6§l<<<
21:46:31   
21:46:31 §f                §7You have §31,785 §7materials stashed away!
21:46:31 §f               §8(This totals 1 type of material stashed!)
21:46:31 §f                §3§l>>> §3§lCLICK HERE§b to pick them up! §3§l<<<
21:46:31   
21:47:31 §f                     §7You have §a2 §7items stashed away!
21:47:31 §f                §6§l>>> §6§lCLICK HERE§e to pick them up! §6§l<<<
21:47:31   
21:47:31 §f                §7You have §31,785 §7materials stashed away!
21:47:31 §f               §8(This totals 1 type of material stashed!)
21:47:31 §f                §3§l>>> §3§lCLICK HERE§b to pick them up! §3§l<<<
21:47:31   
21:48:32 §f                     §7You have §a2 §7items stashed away!
21:48:32 §f                §6§l>>> §6§lCLICK HERE§e to pick them up! §6§l<<<
21:48:32   
21:48:32 §f                §7You have §31,785 §7materials stashed away!
21:48:32 §f               §8(This totals 1 type of material stashed!)
21:48:32 §f                §3§l>>> §3§lCLICK HERE§b to pick them up! §3§l<<<
21:48:32   
21:49:32 §f                     §7You have §a2 §7items stashed away!
21:49:32 §f                §6§l>>> §6§lCLICK HERE§e to pick them up! §6§l<<<
21:49:32   
21:49:32 §f                §7You have §31,785 §7materials stashed away!
21:49:32 §f               §8(This totals 1 type of material stashed!)
21:49:32 §f                §3§l>>> §3§lCLICK HERE§b to pick them up! §3§l<<<
21:49:32   
21:50:33 §f                     §7You have §a2 §7items stashed away!
21:50:33 §f                §6§l>>> §6§lCLICK HERE§e to pick them up! §6§l<<<
21:50:33   
21:50:33 §f                §7You have §31,785 §7materials stashed away!
21:50:33 §f               §8(This totals 1 type of material stashed!)
21:50:33 §f                §3§l>>> §3§lCLICK HERE§b to pick them up! §3§l<<<
21:50:33   
21:51:33 §f                     §7You have §a2 §7items stashed away!
21:51:33 §f                §6§l>>> §6§lCLICK HERE§e to pick them up! §6§l<<<
21:51:33   
21:51:33 §f                §7You have §31,785 §7materials stashed away!
21:51:33 §f               §8(This totals 1 type of material stashed!)
21:51:33 §f                §3§l>>> §3§lCLICK HERE§b to pick them up! §3§l<<<
21:51:33   
21:52:37 §f                     §7You have §a2 §7items stashed away!
21:52:37 §f                §6§l>>> §6§lCLICK HERE§e to pick them up! §6§l<<<
21:52:37   
21:52:37 §f                §7You have §31,785 §7materials stashed away!
21:52:37 §f               §8(This totals 1 type of material stashed!)
21:52:37 §f                §3§l>>> §3§lCLICK HERE§b to pick them up! §3§l<<<
21:52:37   
21:52:43 §f                     §7You have §a2 §7items stashed away!
21:52:43 §f                §6§l>>> §6§lCLICK HERE§e to pick them up! §6§l<<<
21:52:43   
21:52:43 §f                §7You have §31,785 §7materials stashed away!
21:52:43 §f               §8(This totals 1 type of material stashed!)
21:52:43 §f                §3§l>>> §3§lCLICK HERE§b to pick them up! §3§l<<<
21:52:43   
21:53:10 §f                     §7You have §a2 §7items stashed away!
21:53:10 §f                §6§l>>> §6§lCLICK HERE§e to pick them up! §6§l<<<
21:53:10   
21:53:10 §f                §7You have §31,785 §7materials stashed away!
21:53:10 §f               §8(This totals 1 type of material stashed!)
21:53:10 §f                §3§l>>> §3§lCLICK HERE§b to pick them up! §3§l<<<
21:53:10   
21:53:21 §f                     §7You have §a2 §7items stashed away!
21:53:21 §f                §6§l>>> §6§lCLICK HERE§e to pick them up! §6§l<<<
21:53:21   
21:53:21 §f                §7You have §31,785 §7materials stashed away!
21:53:21 §f               §8(This totals 1 type of material stashed!)
21:53:21 §f                §3§l>>> §3§lCLICK HERE§b to pick them up! §3§l<<<
21:53:21   
21:54:21 §f                     §7You have §a2 §7items stashed away!
21:54:21 §f                §6§l>>> §6§lCLICK HERE§e to pick them up! §6§l<<<
21:54:21   
21:54:21 §f                §7You have §31,785 §7materials stashed away!
21:54:21 §f               §8(This totals 1 type of material stashed!)
21:54:21 §f                §3§l>>> §3§lCLICK HERE§b to pick them up! §3§l<<<
21:54:21   
21:55:21 §f                     §7You have §a2 §7items stashed away!
21:55:21 §f                §6§l>>> §6§lCLICK HERE§e to pick them up! §6§l<<<
21:55:21   
21:55:21 §f                §7You have §31,785 §7materials stashed away!
21:55:21 §f               §8(This totals 1 type of material stashed!)
21:55:21 §f                §3§l>>> §3§lCLICK HERE§b to pick them up! §3§l<<<
21:55:21   
21:56:21 §f                     §7You have §a2 §7items stashed away!
21:56:21 §f                §6§l>>> §6§lCLICK HERE§e to pick them up! §6§l<<<
21:56:21   
21:56:21 §f                §7You have §31,785 §7materials stashed away!
21:56:21 §f               §8(This totals 1 type of material stashed!)
21:56:21 §f                §3§l>>> §3§lCLICK HERE§b to pick them up! §3§l<<<
21:56:21   
21:57:21 §f                     §7You have §a2 §7items stashed away!
21:57:21 §f                §6§l>>> §6§lCLICK HERE§e to pick them up! §6§l<<<
21:57:21   
21:57:21 §f                §7You have §31,785 §7materials stashed away!
21:57:21 §f               §8(This totals 1 type of material stashed!)
21:57:21 §f                §3§l>>> §3§lCLICK HERE§b to pick them up! §3§l<<<
21:57:21   
21:58:21 §f                     §7You have §a2 §7items stashed away!
21:58:21 §f                §6§l>>> §6§lCLICK HERE§e to pick them up! §6§l<<<
21:58:21   
21:58:21 §f                §7You have §31,785 §7materials stashed away!
21:58:21 §f               §8(This totals 1 type of material stashed!)
21:58:21 §f                §3§l>>> §3§lCLICK HERE§b to pick them up! §3§l<<<
21:58:21   
21:59:21 §f                     §7You have §a2 §7items stashed away!
21:59:21 §f                §6§l>>> §6§lCLICK HERE§e to pick them up! §6§l<<<
21:59:21   
21:59:21 §f                §7You have §31,785 §7materials stashed away!
21:59:21 §f               §8(This totals 1 type of material stashed!)
21:59:21 §f                §3§l>>> §3§lCLICK HERE§b to pick them up! §3§l<<<
21:59:21   
22:00:22 §f                     §7You have §a2 §7items stashed away!
22:00:22 §f                §6§l>>> §6§lCLICK HERE§e to pick them up! §6§l<<<
22:00:22   
22:00:22 §f                §7You have §31,785 §7materials stashed away!
22:00:22 §f               §8(This totals 1 type of material stashed!)
22:00:22 §f                §3§l>>> §3§lCLICK HERE§b to pick them up! §3§l<<<
22:00:22   
22:01:22 §f                     §7You have §a2 §7items stashed away!
22:01:22 §f                §6§l>>> §6§lCLICK HERE§e to pick them up! §6§l<<<
22:01:22   
22:01:22 §f                §7You have §31,785 §7materials stashed away!
22:01:22 §f               §8(This totals 1 type of material stashed!)
22:01:22 §f                §3§l>>> §3§lCLICK HERE§b to pick them up! §3§l<<<
22:01:22   
22:02:22 §f                     §7You have §a2 §7items stashed away!
22:02:22 §f                §6§l>>> §6§lCLICK HERE§e to pick them up! §6§l<<<
22:02:22   
22:02:22 §f                §7You have §31,785 §7materials stashed away!
22:02:22 §f               §8(This totals 1 type of material stashed!)
22:02:22 §f                §3§l>>> §3§lCLICK HERE§b to pick them up! §3§l<<<
22:02:22   
22:03:22 §f                     §7You have §a2 §7items stashed away!
22:03:22 §f                §6§l>>> §6§lCLICK HERE§e to pick them up! §6§l<<<
22:03:22   
22:03:22 §f                §7You have §31,785 §7materials stashed away!
22:03:22 §f               §8(This totals 1 type of material stashed!)
22:03:22 §f                §3§l>>> §3§lCLICK HERE§b to pick them up! §3§l<<<
22:03:22   
22:04:22 §f                     §7You have §a2 §7items stashed away!
22:04:22 §f                §6§l>>> §6§lCLICK HERE§e to pick them up! §6§l<<<
22:04:22   
22:04:22 §f                §7You have §31,785 §7materials stashed away!
22:04:22 §f               §8(This totals 1 type of material stashed!)
22:04:22 §f                §3§l>>> §3§lCLICK HERE§b to pick them up! §3§l<<<
22:04:22   
22:05:29 §f                     §7You have §a2 §7items stashed away!
22:05:29 §f                §6§l>>> §6§lCLICK HERE§e to pick them up! §6§l<<<
22:05:29   
22:05:29 §f                §7You have §31,785 §7materials stashed away!
22:05:29 §f               §8(This totals 1 type of material stashed!)
22:05:29 §f                §3§l>>> §3§lCLICK HERE§b to pick them up! §3§l<<<
22:05:29   
22:06:30 §f                     §7You have §a2 §7items stashed away!
22:06:30 §f                §6§l>>> §6§lCLICK HERE§e to pick them up! §6§l<<<
22:06:30   
22:06:30 §f                §7You have §31,785 §7materials stashed away!
22:06:30 §f               §8(This totals 1 type of material stashed!)
22:06:30 §f                §3§l>>> §3§lCLICK HERE§b to pick them up! §3§l<<<
22:06:30   
22:07:21 §f                     §7You have §a2 §7items stashed away!
22:07:21 §f                §6§l>>> §6§lCLICK HERE§e to pick them up! §6§l<<<
22:07:21   
22:07:21 §f                §7You have §31,785 §7materials stashed away!
22:07:21 §f               §8(This totals 1 type of material stashed!)
22:07:21 §f                §3§l>>> §3§lCLICK HERE§b to pick them up! §3§l<<<
22:07:21   
22:08:21 §f                     §7You have §a2 §7items stashed away!
22:08:21 §f                §6§l>>> §6§lCLICK HERE§e to pick them up! §6§l<<<
22:08:21   
22:08:21 §f                §7You have §31,785 §7materials stashed away!
22:08:21 §f               §8(This totals 1 type of material stashed!)
22:08:21 §f                §3§l>>> §3§lCLICK HERE§b to pick them up! §3§l<<<
22:08:21   
22:09:21 §f                     §7You have §a2 §7items stashed away!
22:09:21 §f                §6§l>>> §6§lCLICK HERE§e to pick them up! §6§l<<<
22:09:21   
22:09:21 §f                §7You have §31,785 §7materials stashed away!
22:09:21 §f               §8(This totals 1 type of material stashed!)
22:09:21 §f                §3§l>>> §3§lCLICK HERE§b to pick them up! §3§l<<<
22:09:21   
22:10:21 §f                     §7You have §a2 §7items stashed away!
22:10:21 §f                §6§l>>> §6§lCLICK HERE§e to pick them up! §6§l<<<
22:10:21   
22:10:22 §f                §7You have §31,856 §7materials stashed away!
22:10:22 §f              §8(This totals 3 types of materials stashed!)
22:10:22 §f                §3§l>>> §3§lCLICK HERE§b to pick them up! §3§l<<<
22:10:22   
22:11:31 §f                     §7You have §a2 §7items stashed away!
22:11:31 §f                §6§l>>> §6§lCLICK HERE§e to pick them up! §6§l<<<
22:11:31   
22:11:31 §f                §7You have §31,856 §7materials stashed away!
22:11:31 §f              §8(This totals 3 types of materials stashed!)
22:11:31 §f                §3§l>>> §3§lCLICK HERE§b to pick them up! §3§l<<<
22:11:31   
22:12:31 §f                     §7You have §a2 §7items stashed away!
22:12:31 §f                §6§l>>> §6§lCLICK HERE§e to pick them up! §6§l<<<
22:12:31   
22:12:31 §f                §7You have §31,856 §7materials stashed away!
22:12:31 §f              §8(This totals 3 types of materials stashed!)
22:12:31 §f                §3§l>>> §3§lCLICK HERE§b to pick them up! §3§l<<<
22:12:31   
