00:11:51 [allowed] §f §r§r§r§f §r§r§r§1 §r§r§r§0 §r§r§r§2 §r§r§r§f §r§r§r§f §r§r§r§2 §r§r§r§0 §r§r§r§4 §r§r§r§3 §r§r§r§9 §r§r§r§2 §r§r§r§0 §r§r§r§0 §r§r§r§3 §r§r§r§9 §r§r§r§2 §r§r§r§0 §r§r§r§0 §r§r§r§3 §r§r§r§9 §r§r§r§2 §r§r§r§0 §r§r§r§0 
00:11:52 [allowed]  §b>§c>§a>§r §r§6[MVP§6++§6] ImJu5tAPengu1n§f §6joined the lobby!§r §a<§c<§b<
00:11:52 [allowed] §aYou have §b27 §aunclaimed leveling rewards!
00:11:52 [allowed] §eClick here to view them!
00:11:52 [allowed] §aYou have §62 §aunclaimed achievement rewards!
00:11:52 [allowed] §eClick here to view them!
00:11:52 [allowed] §b[MVP§f+§b] Ricos§f §6joined the lobby!
00:11:52 [allowed] §b[MVP§c+§b] AndyMorin§f §6joined the lobby!
00:11:53 [allowed]   §r§f§l➤ §r§6You have reached your Hype limit! Add Hype to Prototype Lobby minigames by right-clicking with the Hype Diamond!
00:11:55 [allowed] §7Sending to server mini189BF...
00:11:56 [allowed] §8 §r§8 §r§1 §r§3 §r§3 §r§7 §r§8 
00:11:58 [allowed] 
00:11:58 [allowed] §eWelcome to §r§aHypixel SkyBlock§r§e!
00:11:58 [allowed] 
00:11:58 [allowed] §eLatest update: §bSkyBlock v0.23.1 §e§lCLICK
00:11:59 [allowed] §aYou are playing on profile: §ePear§b (Co-op)
00:11:59 [allowed] §8Profile ID: da202b41-03b4-4acb-b131-26b3b789ffbc
00:12:00 [allowed]  
00:12:00 [STASH_COMPACT] §f                     §7You have §a2 §7items stashed away!
00:12:00 [STASH_COMPACT] §f                §6§l>>> §6§lCLICK HERE§e to pick them up! §6§l<<<
00:12:00 [STASH_COMPACT]   
00:12:00 [allowed]  
00:12:00 [STASH_COMPACT] §f                §7You have §32,261 §7materials stashed away!
00:12:00 [STASH_COMPACT] §f              §8(This totals 5 types of materials stashed!)
00:12:00 [STASH_COMPACT] §f                §3§l>>> §3§lCLICK HERE§b to pick them up! §3§l<<<
00:12:00 [STASH_COMPACT]   
00:12:02 [allowed] §9§m-----------------------------------------------------
00:12:02 [allowed] §cYou are not currently in a party.
00:12:02 [allowed] §9§m-----------------------------------------------------
00:12:05 [allowed] 
00:12:05 [allowed] §6§k§lA§r §c§lFIRE SALE §r§6§k§lA
§r§c♨ §eSelling an item for a limited time!
§r§c   ♨ §aFrog Dye §e(§a48,192 left§e)§c§r
§r§c♨ §a§l[WARP] §eTo Elizabeth in the next §c3d 0h 47m §eto grab yours!
00:12:05 [allowed] 
00:12:08 [allowed] §7Warping you to your SkyBlock island...
00:12:08 [allowed] §7Sending to server mini181DP...
00:12:08 [allowed] §8 §r§8 §r§1 §r§3 §r§3 §r§7 §r§8 
00:12:11 [allowed] §aYou are playing on profile: §ePear§b (Co-op)
00:12:11 [allowed] §8Profile ID: da202b41-03b4-4acb-b131-26b3b789ffbc
00:12:13 [allowed]  
00:12:13 [STASH_COMPACT] §f                     §7You have §a2 §7items stashed away!
00:12:13 [STASH_COMPACT] §f                §6§l>>> §6§lCLICK HERE§e to pick them up! §6§l<<<
00:12:13 [STASH_COMPACT]   
00:12:13 [allowed]  
00:12:13 [STASH_COMPACT] §f                §7You have §32,261 §7materials stashed away!
00:12:13 [STASH_COMPACT] §f              §8(This totals 5 types of materials stashed!)
00:12:13 [STASH_COMPACT] §f                §3§l>>> §3§lCLICK HERE§b to pick them up! §3§l<<<
00:12:13 [STASH_COMPACT]   
00:12:22 [allowed] §9§m-----------------------------------------------------
00:12:22 [allowed] §eYou have joined §r§7lumivic's §r§eparty!
00:12:22 [allowed] §f
00:12:22 [allowed] §eYou'll be partying with: §r§b[MVP§r§2+§r§b] Rinnegan_X§r§e, §r§b[MVP§r§d+§r§b] LordJaku§r§e, §r§a[VIP§r§6+§r§a] cinskychleba
00:12:23 [allowed] §9§m-----------------------------------------------------
00:12:27 [allowed] §9§m-----------------------------
§r§7lumivic§r§7 §r§eentered §r§aThe Catacombs§r§e, §r§eFloor VI§r§e!
§r§9§m-----------------------------
00:12:29 [allowed] §7Sending to server mini36A...
00:12:30 [allowed] §8 §r§8 §r§1 §r§3 §r§3 §r§7 §r§8 
00:12:30 [allowed] §aYou are not allowed to use Potion Effects while in Dungeon, therefore all active effects have been paused and stored. They will be restored when you leave Dungeon!
