01:32:12 [STASH_COMPACT] §f                     §7You have §a7 §7items stashed away!
01:32:12 [STASH_COMPACT] §f                §6§l>>> §6§lCLICK HERE§e to pick them up! §6§l<<<
01:32:12 [STASH_COMPACT]   
01:32:12 [STASH_COMPACT] §f                §7You have §31,798 §7materials stashed away!
01:32:12 [STASH_COMPACT] §f               §8(This totals 1 type of material stashed!)
01:32:12 [STASH_COMPACT] §f                §3§l>>> §3§lCLICK HERE§b to pick them up! §3§l<<<
01:32:12 [STASH_COMPACT]   
01:33:12 [STASH_COMPACT] §f                     §7You have §a7 §7items stashed away!
01:33:12 [STASH_COMPACT] §f                §6§l>>> §6§lCLICK HERE§e to pick them up! §6§l<<<
01:33:12 [STASH_COMPACT]   
01:33:12 [STASH_COMPACT] §f                §7You have §31,798 §7materials stashed away!
01:33:12 [STASH_COMPACT] §f               §8(This totals 1 type of material stashed!)
01:33:12 [STASH_COMPACT] §f                §3§l>>> §3§lCLICK HERE§b to pick them up! §3§l<<<
01:33:12 [STASH_COMPACT]   
01:34:12 [STASH_COMPACT] §f                     §7You have §a7 §7items stashed away!
01:34:12 [STASH_COMPACT] §f                §6§l>>> §6§lCLICK HERE§e to pick them up! §6§l<<<
01:34:12 [STASH_COMPACT]   
01:34:12 [STASH_COMPACT] §f                §7You have §31,798 §7materials stashed away!
01:34:12 [STASH_COMPACT] §f               §8(This totals 1 type of material stashed!)
01:34:12 [STASH_COMPACT] §f                §3§l>>> §3§lCLICK HERE§b to pick them up! §3§l<<<
01:34:12 [STASH_COMPACT]   
01:34:52 [STASH_COMPACT] §f                     §7You have §a7 §7items stashed away!
01:34:52 [STASH_COMPACT] §f                §6§l>>> §6§lCLICK HERE§e to pick them up! §6§l<<<
01:34:52 [STASH_COMPACT]   
01:34:52 [STASH_COMPACT] §f                §7You have §31,798 §7materials stashed away!
01:34:52 [STASH_COMPACT] §f               §8(This totals 1 type of material stashed!)
01:34:52 [STASH_COMPACT] §f                §3§l>>> §3§lCLICK HERE§b to pick them up! §3§l<<<
01:34:52 [STASH_COMPACT]   
01:35:53 [STASH_COMPACT] §f                     §7You have §a7 §7items stashed away!
01:35:53 [STASH_COMPACT] §f                §6§l>>> §6§lCLICK HERE§e to pick them up! §6§l<<<
01:35:53 [STASH_COMPACT]   
01:35:53 [STASH_COMPACT] §f                §7You have §31,798 §7materials stashed away!
01:35:53 [STASH_COMPACT] §f               §8(This totals 1 type of material stashed!)
01:35:53 [STASH_COMPACT] §f                §3§l>>> §3§lCLICK HERE§b to pick them up! §3§l<<<
01:35:53 [STASH_COMPACT]   
01:36:53 [STASH_COMPACT] §f                     §7You have §a7 §7items stashed away!
01:36:53 [STASH_COMPACT] §f                §6§l>>> §6§lCLICK HERE§e to pick them up! §6§l<<<
01:36:53 [STASH_COMPACT]   
01:36:53 [STASH_COMPACT] §f                §7You have §31,798 §7materials stashed away!
01:36:53 [STASH_COMPACT] §f               §8(This totals 1 type of material stashed!)
01:36:53 [STASH_COMPACT] §f                §3§l>>> §3§lCLICK HERE§b to pick them up! §3§l<<<
01:36:53 [STASH_COMPACT]   
01:37:54 [STASH_COMPACT] §f                     §7You have §a7 §7items stashed away!
01:37:54 [STASH_COMPACT] §f                §6§l>>> §6§lCLICK HERE§e to pick them up! §6§l<<<
01:37:54 [STASH_COMPACT]   
01:37:54 [STASH_COMPACT] §f                §7You have §31,798 §7materials stashed away!
01:37:54 [STASH_COMPACT] §f               §8(This totals 1 type of material stashed!)
01:37:54 [STASH_COMPACT] §f                §3§l>>> §3§lCLICK HERE§b to pick them up! §3§l<<<
01:37:54 [STASH_COMPACT]   
01:39:29 [STASH_COMPACT] §f                     §7You have §a7 §7items stashed away!
01:39:29 [STASH_COMPACT] §f                §6§l>>> §6§lCLICK HERE§e to pick them up! §6§l<<<
01:39:29 [STASH_COMPACT]   
01:39:29 [STASH_COMPACT] §f                §7You have §31,798 §7materials stashed away!
01:39:29 [STASH_COMPACT] §f               §8(This totals 1 type of material stashed!)
01:39:29 [STASH_COMPACT] §f                §3§l>>> §3§lCLICK HERE§b to pick them up! §3§l<<<
01:39:29 [STASH_COMPACT]   
01:40:16 [STASH_COMPACT] §f                     §7You have §a7 §7items stashed away!
01:40:16 [STASH_COMPACT] §f                §6§l>>> §6§lCLICK HERE§e to pick them up! §6§l<<<
01:40:16 [STASH_COMPACT]   
01:40:16 [STASH_COMPACT] §f                §7You have §31,798 §7materials stashed away!
01:40:16 [STASH_COMPACT] §f               §8(This totals 1 type of material stashed!)
01:40:16 [STASH_COMPACT] §f                §3§l>>> §3§lCLICK HERE§b to pick them up! §3§l<<<
01:40:16 [STASH_COMPACT]   
01:47:53 [STASH_COMPACT] §f                     §7You have §a7 §7items stashed away!
01:47:53 [STASH_COMPACT] §f                §6§l>>> §6§lCLICK HERE§e to pick them up! §6§l<<<
01:47:53 [STASH_COMPACT]   
01:47:53 [STASH_COMPACT] §f                §7You have §31,798 §7materials stashed away!
01:47:53 [STASH_COMPACT] §f               §8(This totals 1 type of material stashed!)
01:47:53 [STASH_COMPACT] §f                §3§l>>> §3§lCLICK HERE§b to pick them up! §3§l<<<
01:47:53 [STASH_COMPACT]   
01:48:53 [STASH_COMPACT] §f                     §7You have §a7 §7items stashed away!
01:48:53 [STASH_COMPACT] §f                §6§l>>> §6§lCLICK HERE§e to pick them up! §6§l<<<
01:48:53 [STASH_COMPACT]   
01:48:53 [STASH_COMPACT] §f                §7You have §31,798 §7materials stashed away!
01:48:53 [STASH_COMPACT] §f               §8(This totals 1 type of material stashed!)
01:48:53 [STASH_COMPACT] §f                §3§l>>> §3§lCLICK HERE§b to pick them up! §3§l<<<
01:48:53 [STASH_COMPACT]   
01:49:53 [STASH_COMPACT] §f                     §7You have §a7 §7items stashed away!
01:49:53 [STASH_COMPACT] §f                §6§l>>> §6§lCLICK HERE§e to pick them up! §6§l<<<
01:49:53 [STASH_COMPACT]   
01:49:53 [STASH_COMPACT] §f                §7You have §31,798 §7materials stashed away!
01:49:53 [STASH_COMPACT] §f               §8(This totals 1 type of material stashed!)
01:49:53 [STASH_COMPACT] §f                §3§l>>> §3§lCLICK HERE§b to pick them up! §3§l<<<
01:49:53 [STASH_COMPACT]   
01:50:18 [STASH_COMPACT] §f                     §7You have §a7 §7items stashed away!
01:50:18 [STASH_COMPACT] §f                §6§l>>> §6§lCLICK HERE§e to pick them up! §6§l<<<
01:50:18 [STASH_COMPACT]   
01:50:18 [STASH_COMPACT] §f                §7You have §31,798 §7materials stashed away!
01:50:18 [STASH_COMPACT] §f               §8(This totals 1 type of material stashed!)
01:50:18 [STASH_COMPACT] §f                §3§l>>> §3§lCLICK HERE§b to pick them up! §3§l<<<
01:50:18 [STASH_COMPACT]   
01:51:19 [STASH_COMPACT] §f                     §7You have §a7 §7items stashed away!
01:51:19 [STASH_COMPACT] §f                §6§l>>> §6§lCLICK HERE§e to pick them up! §6§l<<<
01:51:19 [STASH_COMPACT]   
01:51:19 [STASH_COMPACT] §f                §7You have §31,798 §7materials stashed away!
01:51:19 [STASH_COMPACT] §f               §8(This totals 1 type of material stashed!)
01:51:19 [STASH_COMPACT] §f                §3§l>>> §3§lCLICK HERE§b to pick them up! §3§l<<<
01:51:19 [STASH_COMPACT]   
01:52:19 [STASH_COMPACT] §f                     §7You have §a7 §7items stashed away!
01:52:19 [STASH_COMPACT] §f                §6§l>>> §6§lCLICK HERE§e to pick them up! §6§l<<<
01:52:19 [STASH_COMPACT]   
01:52:19 [STASH_COMPACT] §f                §7You have §31,798 §7materials stashed away!
01:52:19 [STASH_COMPACT] §f               §8(This totals 1 type of material stashed!)
01:52:19 [STASH_COMPACT] §f                §3§l>>> §3§lCLICK HERE§b to pick them up! §3§l<<<
01:52:19 [STASH_COMPACT]   
01:52:47 [STASH_COMPACT] §f                     §7You have §a7 §7items stashed away!
01:52:47 [STASH_COMPACT] §f                §6§l>>> §6§lCLICK HERE§e to pick them up! §6§l<<<
01:52:47 [STASH_COMPACT]   
01:52:47 [STASH_COMPACT] §f                §7You have §31,798 §7materials stashed away!
01:52:47 [STASH_COMPACT] §f               §8(This totals 1 type of material stashed!)
01:52:47 [STASH_COMPACT] §f                §3§l>>> §3§lCLICK HERE§b to pick them up! §3§l<<<
01:52:47 [STASH_COMPACT]   
01:53:47 [STASH_COMPACT] §f                     §7You have §a7 §7items stashed away!
01:53:47 [STASH_COMPACT] §f                §6§l>>> §6§lCLICK HERE§e to pick them up! §6§l<<<
01:53:47 [STASH_COMPACT]   
01:53:47 [STASH_COMPACT] §f                §7You have §31,798 §7materials stashed away!
01:53:47 [STASH_COMPACT] §f               §8(This totals 1 type of material stashed!)
01:53:47 [STASH_COMPACT] §f                §3§l>>> §3§lCLICK HERE§b to pick them up! §3§l<<<
01:53:47 [STASH_COMPACT]   
01:54:48 [STASH_COMPACT] §f                     §7You have §a7 §7items stashed away!
01:54:48 [STASH_COMPACT] §f                §6§l>>> §6§lCLICK HERE§e to pick them up! §6§l<<<
01:54:48 [STASH_COMPACT]   
01:54:48 [STASH_COMPACT] §f                §7You have §31,798 §7materials stashed away!
01:54:48 [STASH_COMPACT] §f               §8(This totals 1 type of material stashed!)
01:54:48 [STASH_COMPACT] §f                §3§l>>> §3§lCLICK HERE§b to pick them up! §3§l<<<
01:54:48 [STASH_COMPACT]   
01:55:48 [STASH_COMPACT] §f                     §7You have §a7 §7items stashed away!
01:55:48 [STASH_COMPACT] §f                §6§l>>> §6§lCLICK HERE§e to pick them up! §6§l<<<
01:55:48 [STASH_COMPACT]   
01:55:48 [STASH_COMPACT] §f                §7You have §31,798 §7materials stashed away!
01:55:48 [STASH_COMPACT] §f               §8(This totals 1 type of material stashed!)
01:55:48 [STASH_COMPACT] §f                §3§l>>> §3§lCLICK HERE§b to pick them up! §3§l<<<
01:55:48 [STASH_COMPACT]   
01:56:49 [STASH_COMPACT] §f                     §7You have §a7 §7items stashed away!
01:56:49 [STASH_COMPACT] §f                §6§l>>> §6§lCLICK HERE§e to pick them up! §6§l<<<
01:56:49 [STASH_COMPACT]   
01:56:49 [STASH_COMPACT] §f                §7You have §31,798 §7materials stashed away!
01:56:49 [STASH_COMPACT] §f               §8(This totals 1 type of material stashed!)
01:56:49 [STASH_COMPACT] §f                §3§l>>> §3§lCLICK HERE§b to pick them up! §3§l<<<
01:56:49 [STASH_COMPACT]   
01:57:51 [STASH_COMPACT] §f                     §7You have §a7 §7items stashed away!
01:57:51 [STASH_COMPACT] §f                §6§l>>> §6§lCLICK HERE§e to pick them up! §6§l<<<
01:57:51 [STASH_COMPACT]   
01:57:51 [STASH_COMPACT] §f                §7You have §31,798 §7materials stashed away!
01:57:51 [STASH_COMPACT] §f               §8(This totals 1 type of material stashed!)
01:57:51 [STASH_COMPACT] §f                §3§l>>> §3§lCLICK HERE§b to pick them up! §3§l<<<
01:57:51 [STASH_COMPACT]   
01:58:52 [STASH_COMPACT] §f                     §7You have §a7 §7items stashed away!
01:58:52 [STASH_COMPACT] §f                §6§l>>> §6§lCLICK HERE§e to pick them up! §6§l<<<
01:58:52 [STASH_COMPACT]   
01:58:52 [STASH_COMPACT] §f                §7You have §31,798 §7materials stashed away!
01:58:52 [STASH_COMPACT] §f               §8(This totals 1 type of material stashed!)
01:58:52 [STASH_COMPACT] §f                §3§l>>> §3§lCLICK HERE§b to pick them up! §3§l<<<
01:58:52 [STASH_COMPACT]   
01:59:54 [STASH_COMPACT] §f                     §7You have §a7 §7items stashed away!
01:59:54 [STASH_COMPACT] §f                §6§l>>> §6§lCLICK HERE§e to pick them up! §6§l<<<
01:59:54 [STASH_COMPACT]   
01:59:54 [STASH_COMPACT] §f                §7You have §31,798 §7materials stashed away!
01:59:54 [STASH_COMPACT] §f               §8(This totals 1 type of material stashed!)
01:59:54 [STASH_COMPACT] §f                §3§l>>> §3§lCLICK HERE§b to pick them up! §3§l<<<
01:59:54 [STASH_COMPACT]   
02:00:56 [STASH_COMPACT] §f                     §7You have §a7 §7items stashed away!
02:00:56 [STASH_COMPACT] §f                §6§l>>> §6§lCLICK HERE§e to pick them up! §6§l<<<
02:00:56 [STASH_COMPACT]   
02:00:56 [STASH_COMPACT] §f                §7You have §31,798 §7materials stashed away!
02:00:56 [STASH_COMPACT] §f               §8(This totals 1 type of material stashed!)
02:00:56 [STASH_COMPACT] §f                §3§l>>> §3§lCLICK HERE§b to pick them up! §3§l<<<
02:00:56 [STASH_COMPACT]   
02:01:51 [BESTIARY] §f                                  §6§lBESTIARY
02:01:51 [BESTIARY] §f                        §b§lWither Miner §7§8XVIII §8➡§b §bXIX
02:01:51 [BESTIARY] 
02:01:51 [BESTIARY] §f                                  §r§6§lREWARDS
02:01:51 [BESTIARY] §f                      §r§8+§r§a5 Wither Miner §r§b✯ Magic Find
02:01:51 [BESTIARY] §f                       §r§8+§r§a5 Wither Miner §r§c❁ Strength
02:01:51 [BESTIARY] §f                          §r§8+§r§62% §r§aWither Miner §r§7coins
02:01:51 [BESTIARY] §f                    §r§8+§r§a50% §r§7chance for extra XP orbs
02:01:51 [BESTIARY] §f                               §r§8+§r§b1 SkyBlock XP
02:01:51 [BESTIARY] 
02:01:51 [BESTIARY] §3§l▬▬▬▬▬▬▬▬▬▬▬▬▬▬▬▬▬▬▬▬▬▬▬▬▬▬▬▬▬▬▬▬▬▬▬▬▬▬▬▬▬▬▬▬▬▬▬▬▬▬▬▬▬▬▬▬▬▬▬▬▬▬▬▬
02:01:56 [STASH_COMPACT] §f                     §7You have §a7 §7items stashed away!
02:01:56 [STASH_COMPACT] §f                §6§l>>> §6§lCLICK HERE§e to pick them up! §6§l<<<
02:01:56 [STASH_COMPACT]   
02:01:56 [STASH_COMPACT] §f                §7You have §31,798 §7materials stashed away!
02:01:56 [STASH_COMPACT] §f               §8(This totals 1 type of material stashed!)
02:01:56 [STASH_COMPACT] §f                §3§l>>> §3§lCLICK HERE§b to pick them up! §3§l<<<
02:01:56 [STASH_COMPACT]   
02:02:57 [STASH_COMPACT] §f                     §7You have §a7 §7items stashed away!
02:02:57 [STASH_COMPACT] §f                §6§l>>> §6§lCLICK HERE§e to pick them up! §6§l<<<
02:02:57 [STASH_COMPACT]   
02:02:57 [STASH_COMPACT] §f                §7You have §31,798 §7materials stashed away!
02:02:57 [STASH_COMPACT] §f               §8(This totals 1 type of material stashed!)
02:02:57 [STASH_COMPACT] §f                §3§l>>> §3§lCLICK HERE§b to pick them up! §3§l<<<
02:02:57 [STASH_COMPACT]   
02:03:57 [STASH_COMPACT] §f                     §7You have §a7 §7items stashed away!
02:03:57 [STASH_COMPACT] §f                §6§l>>> §6§lCLICK HERE§e to pick them up! §6§l<<<
02:03:57 [STASH_COMPACT]   
02:03:57 [STASH_COMPACT] §f                §7You have §31,798 §7materials stashed away!
02:03:57 [STASH_COMPACT] §f               §8(This totals 1 type of material stashed!)
02:03:57 [STASH_COMPACT] §f                §3§l>>> §3§lCLICK HERE§b to pick them up! §3§l<<<
02:03:57 [STASH_COMPACT]   
02:05:00 [STASH_COMPACT] §f                     §7You have §a7 §7items stashed away!
02:05:00 [STASH_COMPACT] §f                §6§l>>> §6§lCLICK HERE§e to pick them up! §6§l<<<
02:05:00 [STASH_COMPACT]   
02:05:00 [STASH_COMPACT] §f                §7You have §31,798 §7materials stashed away!
02:05:00 [STASH_COMPACT] §f               §8(This totals 1 type of material stashed!)
02:05:00 [STASH_COMPACT] §f                §3§l>>> §3§lCLICK HERE§b to pick them up! §3§l<<<
02:05:00 [STASH_COMPACT]   
02:06:02 [STASH_COMPACT] §f                     §7You have §a7 §7items stashed away!
02:06:02 [STASH_COMPACT] §f                §6§l>>> §6§lCLICK HERE§e to pick them up! §6§l<<<
02:06:02 [STASH_COMPACT]   
02:06:02 [STASH_COMPACT] §f                §7You have §31,798 §7materials stashed away!
02:06:02 [STASH_COMPACT] §f               §8(This totals 1 type of material stashed!)
02:06:02 [STASH_COMPACT] §f                §3§l>>> §3§lCLICK HERE§b to pick them up! §3§l<<<
02:06:02 [STASH_COMPACT]   
02:12:11 [STASH_COMPACT] §f                     §7You have §a7 §7items stashed away!
02:12:11 [STASH_COMPACT] §f                §6§l>>> §6§lCLICK HERE§e to pick them up! §6§l<<<
02:12:11 [STASH_COMPACT]   
02:12:11 [STASH_COMPACT] §f                §7You have §31,798 §7materials stashed away!
02:12:11 [STASH_COMPACT] §f               §8(This totals 1 type of material stashed!)
02:12:11 [STASH_COMPACT] §f                §3§l>>> §3§lCLICK HERE§b to pick them up! §3§l<<<
02:12:11 [STASH_COMPACT]   
02:12:13 [STASH_COMPACT] §eOne or more items didn't fit in your inventory and were added to your item stash! §6Click here §eto pick them up!
