17:36:36 §f                                  §6§lBESTIARY
17:36:36 §f                          §b§lStar Sentry §7§8VI §8➡§b §bVII
17:36:36 
17:36:36 §f                                  §r§6§lREWARDS
17:36:36 §f                      §r§8+§r§a3 §r§5Star Sentry §r§b✯ Magic Find
17:36:36 §f                       §r§8+§r§a3 §r§5Star Sentry §r§c❁ Strength
17:36:36 §f                          §r§8+§r§62% §r§a§r§5Star Sentry §r§7coins
17:36:36 §f                    §r§8+§r§a50% §r§7chance for extra XP orbs
17:36:36 §f                               §r§8+§r§b1 SkyBlock XP
17:36:36 
17:36:36 §3§l▬▬▬▬▬▬▬▬▬▬▬▬▬▬▬▬▬▬▬▬▬▬▬▬▬▬▬▬▬▬▬▬▬▬▬▬▬▬▬▬▬▬▬▬▬▬▬▬▬▬▬▬▬▬▬▬▬▬▬▬▬▬▬▬
19:10:19 §f                                  §6§lBESTIARY
19:10:19 §f                         §b§lStar Sentry §7§8VII §8➡§b §bVIII
19:10:19 
19:10:19 §f                                  §r§6§lREWARDS
19:10:19 §f                      §r§8+§r§a3 §r§5Star Sentry §r§b✯ Magic Find
19:10:19 §f                       §r§8+§r§a3 §r§5Star Sentry §r§c❁ Strength
19:10:19 §f                          §r§8+§r§62% §r§a§r§5Star Sentry §r§7coins
19:10:19 §f                    §r§8+§r§a50% §r§7chance for extra XP orbs
19:10:19 §f                               §r§8+§r§b1 SkyBlock XP
19:10:19 
19:10:19   §r§f                         §6§lBESTIARY MILESTONE
19:10:19   §r§f                                  §8XCIV➡§eXCV
19:10:19 
19:10:19 §3§l▬▬▬▬▬▬▬▬▬▬▬▬▬▬▬▬▬▬▬▬▬▬▬▬▬▬▬▬▬▬▬▬▬▬▬▬▬▬▬▬▬▬▬▬▬▬▬▬▬▬▬▬▬▬▬▬▬▬▬▬▬▬▬▬
19:18:09 §f                                  §6§lBESTIARY
19:18:09 §f                              §b§lGoblin §7§8VI §8➡§b §bVII
19:18:09 
19:18:09 §f                                  §r§6§lREWARDS
19:18:09 §f                          §r§8+§r§a3 Goblin §r§b✯ Magic Find
19:18:09 §f                           §r§8+§r§a3 Goblin §r§c❁ Strength
19:18:09 §f                              §r§8+§r§62% §r§aGoblin §r§7coins
19:18:09 §f                    §r§8+§r§a50% §r§7chance for extra XP orbs
19:18:09 §f                               §r§8+§r§b1 SkyBlock XP
19:18:09 
19:18:09 §3§l▬▬▬▬▬▬▬▬▬▬▬▬▬▬▬▬▬▬▬▬▬▬▬▬▬▬▬▬▬▬▬▬▬▬▬▬▬▬▬▬▬▬▬▬▬▬▬▬▬▬▬▬▬▬▬▬▬▬▬▬▬▬▬▬
