17:35:34 §f                     §7You have §a2 §7items stashed away!
17:35:34 §f                §6§l>>> §6§lCLICK HERE§e to pick them up! §6§l<<<
17:35:34   
17:35:34 §f                §7You have §31,856 §7materials stashed away!
17:35:34 §f              §8(This totals 3 types of materials stashed!)
17:35:34 §f                §3§l>>> §3§lCLICK HERE§b to pick them up! §3§l<<<
17:35:34   
17:36:35 §f                     §7You have §a2 §7items stashed away!
17:36:35 §f                §6§l>>> §6§lCLICK HERE§e to pick them up! §6§l<<<
17:36:35   
17:36:35 §f                §7You have §31,856 §7materials stashed away!
17:36:35 §f              §8(This totals 3 types of materials stashed!)
17:36:35 §f                §3§l>>> §3§lCLICK HERE§b to pick them up! §3§l<<<
17:36:35   
17:37:35 §f                     §7You have §a2 §7items stashed away!
17:37:35 §f                §6§l>>> §6§lCLICK HERE§e to pick them up! §6§l<<<
17:37:35   
17:37:35 §f                §7You have §31,856 §7materials stashed away!
17:37:35 §f              §8(This totals 3 types of materials stashed!)
17:37:35 §f                §3§l>>> §3§lCLICK HERE§b to pick them up! §3§l<<<
17:37:35   
17:38:48 §f                     §7You have §a2 §7items stashed away!
17:38:48 §f                §6§l>>> §6§lCLICK HERE§e to pick them up! §6§l<<<
17:38:48   
17:38:48 §f                §7You have §31,856 §7materials stashed away!
17:38:48 §f              §8(This totals 3 types of materials stashed!)
17:38:48 §f                §3§l>>> §3§lCLICK HERE§b to pick them up! §3§l<<<
17:38:48   
17:39:48 §f                     §7You have §a2 §7items stashed away!
17:39:48 §f                §6§l>>> §6§lCLICK HERE§e to pick them up! §6§l<<<
17:39:48   
17:39:48 §f                §7You have §31,856 §7materials stashed away!
17:39:48 §f              §8(This totals 3 types of materials stashed!)
17:39:48 §f                §3§l>>> §3§lCLICK HERE§b to pick them up! §3§l<<<
17:39:48   
17:40:48 §f                     §7You have §a2 §7items stashed away!
17:40:48 §f                §6§l>>> §6§lCLICK HERE§e to pick them up! §6§l<<<
17:40:48   
17:40:48 §f                §7You have §31,856 §7materials stashed away!
17:40:48 §f              §8(This totals 3 types of materials stashed!)
17:40:48 §f                §3§l>>> §3§lCLICK HERE§b to pick them up! §3§l<<<
17:40:48   
17:41:28 §f                     §7You have §a2 §7items stashed away!
17:41:28 §f                §6§l>>> §6§lCLICK HERE§e to pick them up! §6§l<<<
17:41:28   
17:41:28 §f                §7You have §31,856 §7materials stashed away!
17:41:28 §f              §8(This totals 3 types of materials stashed!)
17:41:28 §f                §3§l>>> §3§lCLICK HERE§b to pick them up! §3§l<<<
17:41:28   
17:42:29 §f                     §7You have §a2 §7items stashed away!
17:42:29 §f                §6§l>>> §6§lCLICK HERE§e to pick them up! §6§l<<<
17:42:29   
17:42:29 §f                §7You have §31,856 §7materials stashed away!
17:42:29 §f              §8(This totals 3 types of materials stashed!)
17:42:29 §f                §3§l>>> §3§lCLICK HERE§b to pick them up! §3§l<<<
17:42:29   
17:43:30 §f                     §7You have §a2 §7items stashed away!
17:43:30 §f                §6§l>>> §6§lCLICK HERE§e to pick them up! §6§l<<<
17:43:30   
17:43:30 §f                §7You have §31,856 §7materials stashed away!
17:43:30 §f              §8(This totals 3 types of materials stashed!)
17:43:30 §f                §3§l>>> §3§lCLICK HERE§b to pick them up! §3§l<<<
17:43:30   
17:44:31 §f                     §7You have §a2 §7items stashed away!
17:44:31 §f                §6§l>>> §6§lCLICK HERE§e to pick them up! §6§l<<<
17:44:31   
17:44:31 §f                §7You have §31,856 §7materials stashed away!
17:44:31 §f              §8(This totals 3 types of materials stashed!)
17:44:31 §f                §3§l>>> §3§lCLICK HERE§b to pick them up! §3§l<<<
17:44:31   
17:45:32 §f                     §7You have §a2 §7items stashed away!
17:45:32 §f                §6§l>>> §6§lCLICK HERE§e to pick them up! §6§l<<<
17:45:32   
17:45:32 §f                §7You have §31,856 §7materials stashed away!
17:45:32 §f              §8(This totals 3 types of materials stashed!)
17:45:32 §f                §3§l>>> §3§lCLICK HERE§b to pick them up! §3§l<<<
17:45:32   
17:46:26 §f                     §7You have §a2 §7items stashed away!
17:46:26 §f                §6§l>>> §6§lCLICK HERE§e to pick them up! §6§l<<<
17:46:26   
17:46:26 §f                §7You have §31,856 §7materials stashed away!
17:46:26 §f              §8(This totals 3 types of materials stashed!)
17:46:26 §f                §3§l>>> §3§lCLICK HERE§b to pick them up! §3§l<<<
17:46:26   
17:47:22 §f                     §7You have §a2 §7items stashed away!
17:47:22 §f                §6§l>>> §6§lCLICK HERE§e to pick them up! §6§l<<<
17:47:22   
17:47:22 §f                §7You have §31,856 §7materials stashed away!
17:47:22 §f              §8(This totals 3 types of materials stashed!)
17:47:22 §f                §3§l>>> §3§lCLICK HERE§b to pick them up! §3§l<<<
17:47:22   
17:48:20 §f                     §7You have §a2 §7items stashed away!
17:48:20 §f                §6§l>>> §6§lCLICK HERE§e to pick them up! §6§l<<<
17:48:20   
17:48:20 §f                §7You have §31,856 §7materials stashed away!
17:48:20 §f              §8(This totals 3 types of materials stashed!)
17:48:20 §f                §3§l>>> §3§lCLICK HERE§b to pick them up! §3§l<<<
17:48:20   
17:49:20 §f                     §7You have §a2 §7items stashed away!
17:49:20 §f                §6§l>>> §6§lCLICK HERE§e to pick them up! §6§l<<<
17:49:20   
17:49:20 §f                §7You have §31,856 §7materials stashed away!
17:49:20 §f              §8(This totals 3 types of materials stashed!)
17:49:20 §f                §3§l>>> §3§lCLICK HERE§b to pick them up! §3§l<<<
17:49:20   
17:50:20 §f                     §7You have §a2 §7items stashed away!
17:50:20 §f                §6§l>>> §6§lCLICK HERE§e to pick them up! §6§l<<<
17:50:20   
17:50:20 §f                §7You have §31,856 §7materials stashed away!
17:50:20 §f              §8(This totals 3 types of materials stashed!)
17:50:20 §f                §3§l>>> §3§lCLICK HERE§b to pick them up! §3§l<<<
17:50:20   
17:51:21 §f                     §7You have §a2 §7items stashed away!
17:51:21 §f                §6§l>>> §6§lCLICK HERE§e to pick them up! §6§l<<<
17:51:21   
17:51:21 §f                §7You have §31,856 §7materials stashed away!
17:51:21 §f              §8(This totals 3 types of materials stashed!)
17:51:21 §f                §3§l>>> §3§lCLICK HERE§b to pick them up! §3§l<<<
17:51:21   
17:52:21 §f                     §7You have §a2 §7items stashed away!
17:52:21 §f                §6§l>>> §6§lCLICK HERE§e to pick them up! §6§l<<<
17:52:21   
17:52:21 §f                §7You have §31,856 §7materials stashed away!
17:52:21 §f              §8(This totals 3 types of materials stashed!)
17:52:21 §f                §3§l>>> §3§lCLICK HERE§b to pick them up! §3§l<<<
17:52:21   
17:53:21 §f                     §7You have §a2 §7items stashed away!
17:53:21 §f                §6§l>>> §6§lCLICK HERE§e to pick them up! §6§l<<<
17:53:21   
17:53:21 §f                §7You have §31,856 §7materials stashed away!
17:53:21 §f              §8(This totals 3 types of materials stashed!)
17:53:21 §f                §3§l>>> §3§lCLICK HERE§b to pick them up! §3§l<<<
17:53:21   
17:54:54 §f                     §7You have §a2 §7items stashed away!
17:54:54 §f                §6§l>>> §6§lCLICK HERE§e to pick them up! §6§l<<<
17:54:54   
17:54:54 §f                §7You have §31,856 §7materials stashed away!
17:54:54 §f              §8(This totals 3 types of materials stashed!)
17:54:54 §f                §3§l>>> §3§lCLICK HERE§b to pick them up! §3§l<<<
17:54:54   
17:55:54 §f                     §7You have §a2 §7items stashed away!
17:55:54 §f                §6§l>>> §6§lCLICK HERE§e to pick them up! §6§l<<<
17:55:54   
17:55:54 §f                §7You have §31,856 §7materials stashed away!
17:55:54 §f              §8(This totals 3 types of materials stashed!)
17:55:54 §f                §3§l>>> §3§lCLICK HERE§b to pick them up! §3§l<<<
17:55:54   
17:56:55 §f                     §7You have §a2 §7items stashed away!
17:56:55 §f                §6§l>>> §6§lCLICK HERE§e to pick them up! §6§l<<<
17:56:55   
17:56:55 §f                §7You have §31,856 §7materials stashed away!
17:56:55 §f              §8(This totals 3 types of materials stashed!)
17:56:55 §f                §3§l>>> §3§lCLICK HERE§b to pick them up! §3§l<<<
17:56:55   
17:57:57 §f                     §7You have §a2 §7items stashed away!
17:57:57 §f                §6§l>>> §6§lCLICK HERE§e to pick them up! §6§l<<<
17:57:57   
17:57:57 §f                §7You have §31,856 §7materials stashed away!
17:57:57 §f              §8(This totals 3 types of materials stashed!)
17:57:57 §f                §3§l>>> §3§lCLICK HERE§b to pick them up! §3§l<<<
17:57:57   
17:58:58 §f                     §7You have §a2 §7items stashed away!
17:58:58 §f                §6§l>>> §6§lCLICK HERE§e to pick them up! §6§l<<<
17:58:58   
17:58:58 §f                §7You have §31,856 §7materials stashed away!
17:58:58 §f              §8(This totals 3 types of materials stashed!)
17:58:58 §f                §3§l>>> §3§lCLICK HERE§b to pick them up! §3§l<<<
17:58:58   
17:59:59 §f                     §7You have §a2 §7items stashed away!
17:59:59 §f                §6§l>>> §6§lCLICK HERE§e to pick them up! §6§l<<<
17:59:59   
17:59:59 §f                §7You have §31,856 §7materials stashed away!
17:59:59 §f              §8(This totals 3 types of materials stashed!)
17:59:59 §f                §3§l>>> §3§lCLICK HERE§b to pick them up! §3§l<<<
17:59:59   
18:01:02 §f                     §7You have §a2 §7items stashed away!
18:01:02 §f                §6§l>>> §6§lCLICK HERE§e to pick them up! §6§l<<<
18:01:02   
18:01:02 §f                §7You have §31,856 §7materials stashed away!
18:01:02 §f              §8(This totals 3 types of materials stashed!)
18:01:02 §f                §3§l>>> §3§lCLICK HERE§b to pick them up! §3§l<<<
18:01:02   
18:02:01 §f                     §7You have §a2 §7items stashed away!
18:02:01 §f                §6§l>>> §6§lCLICK HERE§e to pick them up! §6§l<<<
18:02:01   
18:02:01 §f                §7You have §31,856 §7materials stashed away!
18:02:01 §f              §8(This totals 3 types of materials stashed!)
18:02:01 §f                §3§l>>> §3§lCLICK HERE§b to pick them up! §3§l<<<
18:02:01   
18:03:02 §f                     §7You have §a2 §7items stashed away!
18:03:02 §f                §6§l>>> §6§lCLICK HERE§e to pick them up! §6§l<<<
18:03:02   
18:03:02 §f                §7You have §31,856 §7materials stashed away!
18:03:02 §f              §8(This totals 3 types of materials stashed!)
18:03:02 §f                §3§l>>> §3§lCLICK HERE§b to pick them up! §3§l<<<
18:03:02   
18:04:02 §f                     §7You have §a2 §7items stashed away!
18:04:02 §f                §6§l>>> §6§lCLICK HERE§e to pick them up! §6§l<<<
18:04:02   
18:04:02 §f                §7You have §31,856 §7materials stashed away!
18:04:02 §f              §8(This totals 3 types of materials stashed!)
18:04:02 §f                §3§l>>> §3§lCLICK HERE§b to pick them up! §3§l<<<
18:04:02   
18:05:03 §f                     §7You have §a2 §7items stashed away!
18:05:03 §f                §6§l>>> §6§lCLICK HERE§e to pick them up! §6§l<<<
18:05:03   
18:05:03 §f                §7You have §31,856 §7materials stashed away!
18:05:03 §f              §8(This totals 3 types of materials stashed!)
18:05:03 §f                §3§l>>> §3§lCLICK HERE§b to pick them up! §3§l<<<
18:05:03   
18:06:04 §f                     §7You have §a2 §7items stashed away!
18:06:04 §f                §6§l>>> §6§lCLICK HERE§e to pick them up! §6§l<<<
18:06:04   
18:06:04 §f                §7You have §31,856 §7materials stashed away!
18:06:04 §f              §8(This totals 3 types of materials stashed!)
18:06:04 §f                §3§l>>> §3§lCLICK HERE§b to pick them up! §3§l<<<
18:06:04   
18:07:05 §f                     §7You have §a2 §7items stashed away!
18:07:05 §f                §6§l>>> §6§lCLICK HERE§e to pick them up! §6§l<<<
18:07:05   
18:07:05 §f                §7You have §31,856 §7materials stashed away!
18:07:05 §f              §8(This totals 3 types of materials stashed!)
18:07:05 §f                §3§l>>> §3§lCLICK HERE§b to pick them up! §3§l<<<
18:07:05   
18:08:06 §f                     §7You have §a2 §7items stashed away!
18:08:06 §f                §6§l>>> §6§lCLICK HERE§e to pick them up! §6§l<<<
18:08:06   
18:08:06 §f                §7You have §31,856 §7materials stashed away!
18:08:06 §f              §8(This totals 3 types of materials stashed!)
18:08:06 §f                §3§l>>> §3§lCLICK HERE§b to pick them up! §3§l<<<
18:08:06   
18:09:07 §f                     §7You have §a2 §7items stashed away!
18:09:07 §f                §6§l>>> §6§lCLICK HERE§e to pick them up! §6§l<<<
18:09:07   
18:09:07 §f                §7You have §31,856 §7materials stashed away!
18:09:07 §f              §8(This totals 3 types of materials stashed!)
18:09:07 §f                §3§l>>> §3§lCLICK HERE§b to pick them up! §3§l<<<
18:09:07   
18:10:08 §f                     §7You have §a2 §7items stashed away!
18:10:08 §f                §6§l>>> §6§lCLICK HERE§e to pick them up! §6§l<<<
18:10:08   
18:10:08 §f                §7You have §31,856 §7materials stashed away!
18:10:08 §f              §8(This totals 3 types of materials stashed!)
18:10:08 §f                §3§l>>> §3§lCLICK HERE§b to pick them up! §3§l<<<
18:10:08   
18:11:09 §f                     §7You have §a2 §7items stashed away!
18:11:09 §f                §6§l>>> §6§lCLICK HERE§e to pick them up! §6§l<<<
18:11:09   
18:11:09 §f                §7You have §31,856 §7materials stashed away!
18:11:09 §f              §8(This totals 3 types of materials stashed!)
18:11:09 §f                §3§l>>> §3§lCLICK HERE§b to pick them up! §3§l<<<
18:11:09   
18:12:10 §f                     §7You have §a2 §7items stashed away!
18:12:10 §f                §6§l>>> §6§lCLICK HERE§e to pick them up! §6§l<<<
18:12:10   
18:12:10 §f                §7You have §31,856 §7materials stashed away!
18:12:10 §f              §8(This totals 3 types of materials stashed!)
18:12:10 §f                §3§l>>> §3§lCLICK HERE§b to pick them up! §3§l<<<
18:12:10   
18:13:12 §f                     §7You have §a2 §7items stashed away!
18:13:12 §f                §6§l>>> §6§lCLICK HERE§e to pick them up! §6§l<<<
18:13:12   
18:13:12 §f                §7You have §31,856 §7materials stashed away!
18:13:12 §f              §8(This totals 3 types of materials stashed!)
18:13:12 §f                §3§l>>> §3§lCLICK HERE§b to pick them up! §3§l<<<
18:13:12   
18:14:13 §f                     §7You have §a2 §7items stashed away!
18:14:13 §f                §6§l>>> §6§lCLICK HERE§e to pick them up! §6§l<<<
18:14:13   
18:14:13 §f                §7You have §31,856 §7materials stashed away!
18:14:13 §f              §8(This totals 3 types of materials stashed!)
18:14:13 §f                §3§l>>> §3§lCLICK HERE§b to pick them up! §3§l<<<
18:14:13   
18:15:14 §f                     §7You have §a2 §7items stashed away!
18:15:14 §f                §6§l>>> §6§lCLICK HERE§e to pick them up! §6§l<<<
18:15:14   
18:15:14 §f                §7You have §31,856 §7materials stashed away!
18:15:14 §f              §8(This totals 3 types of materials stashed!)
18:15:14 §f                §3§l>>> §3§lCLICK HERE§b to pick them up! §3§l<<<
18:15:14   
18:16:15 §f                     §7You have §a2 §7items stashed away!
18:16:15 §f                §6§l>>> §6§lCLICK HERE§e to pick them up! §6§l<<<
18:16:15   
18:16:15 §f                §7You have §31,856 §7materials stashed away!
18:16:15 §f              §8(This totals 3 types of materials stashed!)
18:16:15 §f                §3§l>>> §3§lCLICK HERE§b to pick them up! §3§l<<<
18:16:15   
18:17:16 §f                     §7You have §a2 §7items stashed away!
18:17:16 §f                §6§l>>> §6§lCLICK HERE§e to pick them up! §6§l<<<
18:17:16   
18:17:16 §f                §7You have §31,856 §7materials stashed away!
18:17:16 §f              §8(This totals 3 types of materials stashed!)
18:17:16 §f                §3§l>>> §3§lCLICK HERE§b to pick them up! §3§l<<<
18:17:16   
18:18:17 §f                     §7You have §a2 §7items stashed away!
18:18:17 §f                §6§l>>> §6§lCLICK HERE§e to pick them up! §6§l<<<
18:18:17   
18:18:17 §f                §7You have §31,856 §7materials stashed away!
18:18:17 §f              §8(This totals 3 types of materials stashed!)
18:18:17 §f                §3§l>>> §3§lCLICK HERE§b to pick them up! §3§l<<<
18:18:17   
18:19:18 §f                     §7You have §a2 §7items stashed away!
18:19:18 §f                §6§l>>> §6§lCLICK HERE§e to pick them up! §6§l<<<
18:19:18   
18:19:18 §f                §7You have §31,856 §7materials stashed away!
18:19:18 §f              §8(This totals 3 types of materials stashed!)
18:19:18 §f                §3§l>>> §3§lCLICK HERE§b to pick them up! §3§l<<<
18:19:18   
18:20:19 §f                     §7You have §a2 §7items stashed away!
18:20:19 §f                §6§l>>> §6§lCLICK HERE§e to pick them up! §6§l<<<
18:20:19   
18:20:19 §f                §7You have §31,856 §7materials stashed away!
18:20:19 §f              §8(This totals 3 types of materials stashed!)
18:20:19 §f                §3§l>>> §3§lCLICK HERE§b to pick them up! §3§l<<<
18:20:19   
18:21:20 §f                     §7You have §a2 §7items stashed away!
18:21:20 §f                §6§l>>> §6§lCLICK HERE§e to pick them up! §6§l<<<
18:21:20   
18:21:20 §f                §7You have §31,856 §7materials stashed away!
18:21:20 §f              §8(This totals 3 types of materials stashed!)
18:21:20 §f                §3§l>>> §3§lCLICK HERE§b to pick them up! §3§l<<<
18:21:20   
18:22:22 §f                     §7You have §a2 §7items stashed away!
18:22:22 §f                §6§l>>> §6§lCLICK HERE§e to pick them up! §6§l<<<
18:22:22   
18:22:22 §f                §7You have §31,856 §7materials stashed away!
18:22:22 §f              §8(This totals 3 types of materials stashed!)
18:22:22 §f                §3§l>>> §3§lCLICK HERE§b to pick them up! §3§l<<<
18:22:22   
18:23:22 §f                     §7You have §a2 §7items stashed away!
18:23:22 §f                §6§l>>> §6§lCLICK HERE§e to pick them up! §6§l<<<
18:23:22   
18:23:22 §f                §7You have §31,856 §7materials stashed away!
18:23:22 §f              §8(This totals 3 types of materials stashed!)
18:23:22 §f                §3§l>>> §3§lCLICK HERE§b to pick them up! §3§l<<<
18:23:22   
18:24:23 §f                     §7You have §a2 §7items stashed away!
18:24:23 §f                §6§l>>> §6§lCLICK HERE§e to pick them up! §6§l<<<
18:24:23   
18:24:23 §f                §7You have §31,856 §7materials stashed away!
18:24:23 §f              §8(This totals 3 types of materials stashed!)
18:24:23 §f                §3§l>>> §3§lCLICK HERE§b to pick them up! §3§l<<<
18:24:23   
18:25:25 §f                     §7You have §a2 §7items stashed away!
18:25:25 §f                §6§l>>> §6§lCLICK HERE§e to pick them up! §6§l<<<
18:25:25   
18:25:25 §f                §7You have §31,856 §7materials stashed away!
18:25:25 §f              §8(This totals 3 types of materials stashed!)
18:25:25 §f                §3§l>>> §3§lCLICK HERE§b to pick them up! §3§l<<<
18:25:25   
18:26:26 §f                     §7You have §a2 §7items stashed away!
18:26:26 §f                §6§l>>> §6§lCLICK HERE§e to pick them up! §6§l<<<
18:26:26   
18:26:26 §f                §7You have §31,856 §7materials stashed away!
18:26:26 §f              §8(This totals 3 types of materials stashed!)
18:26:26 §f                §3§l>>> §3§lCLICK HERE§b to pick them up! §3§l<<<
18:26:26   
18:27:27 §f                     §7You have §a2 §7items stashed away!
18:27:27 §f                §6§l>>> §6§lCLICK HERE§e to pick them up! §6§l<<<
18:27:27   
18:27:27 §f                §7You have §31,856 §7materials stashed away!
18:27:27 §f              §8(This totals 3 types of materials stashed!)
18:27:27 §f                §3§l>>> §3§lCLICK HERE§b to pick them up! §3§l<<<
18:27:27   
18:28:28 §f                     §7You have §a2 §7items stashed away!
18:28:28 §f                §6§l>>> §6§lCLICK HERE§e to pick them up! §6§l<<<
18:28:28   
18:28:28 §f                §7You have §31,856 §7materials stashed away!
18:28:28 §f              §8(This totals 3 types of materials stashed!)
18:28:28 §f                §3§l>>> §3§lCLICK HERE§b to pick them up! §3§l<<<
18:28:28   
18:29:30 §f                     §7You have §a2 §7items stashed away!
18:29:30 §f                §6§l>>> §6§lCLICK HERE§e to pick them up! §6§l<<<
18:29:30   
18:29:30 §f                §7You have §31,856 §7materials stashed away!
18:29:30 §f              §8(This totals 3 types of materials stashed!)
18:29:30 §f                §3§l>>> §3§lCLICK HERE§b to pick them up! §3§l<<<
18:29:30   
18:30:31 §f                     §7You have §a2 §7items stashed away!
18:30:31 §f                §6§l>>> §6§lCLICK HERE§e to pick them up! §6§l<<<
18:30:31   
18:30:31 §f                §7You have §31,856 §7materials stashed away!
18:30:31 §f              §8(This totals 3 types of materials stashed!)
18:30:31 §f                §3§l>>> §3§lCLICK HERE§b to pick them up! §3§l<<<
18:30:31   
18:31:32 §f                     §7You have §a2 §7items stashed away!
18:31:32 §f                §6§l>>> §6§lCLICK HERE§e to pick them up! §6§l<<<
18:31:32   
18:31:32 §f                §7You have §31,856 §7materials stashed away!
18:31:32 §f              §8(This totals 3 types of materials stashed!)
18:31:32 §f                §3§l>>> §3§lCLICK HERE§b to pick them up! §3§l<<<
18:31:32   
18:32:33 §f                     §7You have §a2 §7items stashed away!
18:32:33 §f                §6§l>>> §6§lCLICK HERE§e to pick them up! §6§l<<<
18:32:33   
18:32:33 §f                §7You have §31,856 §7materials stashed away!
18:32:33 §f              §8(This totals 3 types of materials stashed!)
18:32:33 §f                §3§l>>> §3§lCLICK HERE§b to pick them up! §3§l<<<
18:32:33   
18:33:34 §f                     §7You have §a2 §7items stashed away!
18:33:34 §f                §6§l>>> §6§lCLICK HERE§e to pick them up! §6§l<<<
18:33:34   
18:33:34 §f                §7You have §31,856 §7materials stashed away!
18:33:34 §f              §8(This totals 3 types of materials stashed!)
18:33:34 §f                §3§l>>> §3§lCLICK HERE§b to pick them up! §3§l<<<
18:33:34   
18:34:35 §f                     §7You have §a2 §7items stashed away!
18:34:35 §f                §6§l>>> §6§lCLICK HERE§e to pick them up! §6§l<<<
18:34:35   
18:34:35 §f                §7You have §31,856 §7materials stashed away!
18:34:35 §f              §8(This totals 3 types of materials stashed!)
18:34:35 §f                §3§l>>> §3§lCLICK HERE§b to pick them up! §3§l<<<
18:34:35   
18:35:36 §f                     §7You have §a2 §7items stashed away!
18:35:36 §f                §6§l>>> §6§lCLICK HERE§e to pick them up! §6§l<<<
18:35:36   
18:35:36 §f                §7You have §31,856 §7materials stashed away!
18:35:36 §f              §8(This totals 3 types of materials stashed!)
18:35:36 §f                §3§l>>> §3§lCLICK HERE§b to pick them up! §3§l<<<
18:35:36   
18:36:37 §f                     §7You have §a2 §7items stashed away!
18:36:37 §f                §6§l>>> §6§lCLICK HERE§e to pick them up! §6§l<<<
18:36:37   
18:36:37 §f                §7You have §31,856 §7materials stashed away!
18:36:37 §f              §8(This totals 3 types of materials stashed!)
18:36:37 §f                §3§l>>> §3§lCLICK HERE§b to pick them up! §3§l<<<
18:36:37   
18:37:38 §f                     §7You have §a2 §7items stashed away!
18:37:38 §f                §6§l>>> §6§lCLICK HERE§e to pick them up! §6§l<<<
18:37:38   
18:37:38 §f                §7You have §31,856 §7materials stashed away!
18:37:38 §f              §8(This totals 3 types of materials stashed!)
18:37:38 §f                §3§l>>> §3§lCLICK HERE§b to pick them up! §3§l<<<
18:37:38   
18:38:39 §f                     §7You have §a2 §7items stashed away!
18:38:39 §f                §6§l>>> §6§lCLICK HERE§e to pick them up! §6§l<<<
18:38:39   
18:38:39 §f                §7You have §31,856 §7materials stashed away!
18:38:39 §f              §8(This totals 3 types of materials stashed!)
18:38:39 §f                §3§l>>> §3§lCLICK HERE§b to pick them up! §3§l<<<
18:38:39   
18:39:40 §f                     §7You have §a2 §7items stashed away!
18:39:40 §f                §6§l>>> §6§lCLICK HERE§e to pick them up! §6§l<<<
18:39:40   
18:39:40 §f                §7You have §31,856 §7materials stashed away!
18:39:40 §f              §8(This totals 3 types of materials stashed!)
18:39:40 §f                §3§l>>> §3§lCLICK HERE§b to pick them up! §3§l<<<
18:39:40   
18:40:41 §f                     §7You have §a2 §7items stashed away!
18:40:41 §f                §6§l>>> §6§lCLICK HERE§e to pick them up! §6§l<<<
18:40:41   
18:40:41 §f                §7You have §31,856 §7materials stashed away!
18:40:41 §f              §8(This totals 3 types of materials stashed!)
18:40:41 §f                §3§l>>> §3§lCLICK HERE§b to pick them up! §3§l<<<
18:40:41   
18:41:42 §f                     §7You have §a2 §7items stashed away!
18:41:42 §f                §6§l>>> §6§lCLICK HERE§e to pick them up! §6§l<<<
18:41:42   
18:41:42 §f                §7You have §31,856 §7materials stashed away!
18:41:42 §f              §8(This totals 3 types of materials stashed!)
18:41:42 §f                §3§l>>> §3§lCLICK HERE§b to pick them up! §3§l<<<
18:41:42   
18:42:44 §f                     §7You have §a2 §7items stashed away!
18:42:44 §f                §6§l>>> §6§lCLICK HERE§e to pick them up! §6§l<<<
18:42:44   
18:42:44 §f                §7You have §31,856 §7materials stashed away!
18:42:44 §f              §8(This totals 3 types of materials stashed!)
18:42:44 §f                §3§l>>> §3§lCLICK HERE§b to pick them up! §3§l<<<
18:42:44   
18:43:45 §f                     §7You have §a2 §7items stashed away!
18:43:45 §f                §6§l>>> §6§lCLICK HERE§e to pick them up! §6§l<<<
18:43:45   
18:43:45 §f                §7You have §31,856 §7materials stashed away!
18:43:45 §f              §8(This totals 3 types of materials stashed!)
18:43:45 §f                §3§l>>> §3§lCLICK HERE§b to pick them up! §3§l<<<
18:43:45   
18:44:46 §f                     §7You have §a2 §7items stashed away!
18:44:46 §f                §6§l>>> §6§lCLICK HERE§e to pick them up! §6§l<<<
18:44:46   
18:44:46 §f                §7You have §31,856 §7materials stashed away!
18:44:46 §f              §8(This totals 3 types of materials stashed!)
18:44:46 §f                §3§l>>> §3§lCLICK HERE§b to pick them up! §3§l<<<
18:44:46   
18:45:47 §f                     §7You have §a2 §7items stashed away!
18:45:47 §f                §6§l>>> §6§lCLICK HERE§e to pick them up! §6§l<<<
18:45:47   
18:45:47 §f                §7You have §31,856 §7materials stashed away!
18:45:47 §f              §8(This totals 3 types of materials stashed!)
18:45:47 §f                §3§l>>> §3§lCLICK HERE§b to pick them up! §3§l<<<
18:45:47   
18:46:47 §f                     §7You have §a2 §7items stashed away!
18:46:47 §f                §6§l>>> §6§lCLICK HERE§e to pick them up! §6§l<<<
18:46:47   
18:46:47 §f                §7You have §31,856 §7materials stashed away!
18:46:47 §f              §8(This totals 3 types of materials stashed!)
18:46:47 §f                §3§l>>> §3§lCLICK HERE§b to pick them up! §3§l<<<
18:46:47   
18:47:48 §f                     §7You have §a2 §7items stashed away!
18:47:48 §f                §6§l>>> §6§lCLICK HERE§e to pick them up! §6§l<<<
18:47:48   
18:47:48 §f                §7You have §31,856 §7materials stashed away!
18:47:48 §f              §8(This totals 3 types of materials stashed!)
18:47:48 §f                §3§l>>> §3§lCLICK HERE§b to pick them up! §3§l<<<
18:47:48   
18:48:49 §f                     §7You have §a2 §7items stashed away!
18:48:49 §f                §6§l>>> §6§lCLICK HERE§e to pick them up! §6§l<<<
18:48:49   
18:48:49 §f                §7You have §31,856 §7materials stashed away!
18:48:49 §f              §8(This totals 3 types of materials stashed!)
18:48:49 §f                §3§l>>> §3§lCLICK HERE§b to pick them up! §3§l<<<
18:48:49   
18:49:50 §f                     §7You have §a2 §7items stashed away!
18:49:50 §f                §6§l>>> §6§lCLICK HERE§e to pick them up! §6§l<<<
18:49:50   
18:49:50 §f                §7You have §31,856 §7materials stashed away!
18:49:50 §f              §8(This totals 3 types of materials stashed!)
18:49:50 §f                §3§l>>> §3§lCLICK HERE§b to pick them up! §3§l<<<
18:49:50   
18:50:51 §f                     §7You have §a2 §7items stashed away!
18:50:51 §f                §6§l>>> §6§lCLICK HERE§e to pick them up! §6§l<<<
18:50:51   
18:50:51 §f                §7You have §31,856 §7materials stashed away!
18:50:51 §f              §8(This totals 3 types of materials stashed!)
18:50:51 §f                §3§l>>> §3§lCLICK HERE§b to pick them up! §3§l<<<
18:50:51   
18:51:52 §f                     §7You have §a2 §7items stashed away!
18:51:52 §f                §6§l>>> §6§lCLICK HERE§e to pick them up! §6§l<<<
18:51:52   
18:51:52 §f                §7You have §31,856 §7materials stashed away!
18:51:52 §f              §8(This totals 3 types of materials stashed!)
18:51:52 §f                §3§l>>> §3§lCLICK HERE§b to pick them up! §3§l<<<
18:51:52   
18:52:54 §f                     §7You have §a2 §7items stashed away!
18:52:54 §f                §6§l>>> §6§lCLICK HERE§e to pick them up! §6§l<<<
18:52:54   
18:52:54 §f                §7You have §31,856 §7materials stashed away!
18:52:54 §f              §8(This totals 3 types of materials stashed!)
18:52:54 §f                §3§l>>> §3§lCLICK HERE§b to pick them up! §3§l<<<
18:52:54   
18:53:55 §f                     §7You have §a2 §7items stashed away!
18:53:55 §f                §6§l>>> §6§lCLICK HERE§e to pick them up! §6§l<<<
18:53:55   
18:53:55 §f                §7You have §31,856 §7materials stashed away!
18:53:55 §f              §8(This totals 3 types of materials stashed!)
18:53:55 §f                §3§l>>> §3§lCLICK HERE§b to pick them up! §3§l<<<
18:53:55   
18:54:56 §f                     §7You have §a2 §7items stashed away!
18:54:56 §f                §6§l>>> §6§lCLICK HERE§e to pick them up! §6§l<<<
18:54:56   
18:54:56 §f                §7You have §31,856 §7materials stashed away!
18:54:56 §f              §8(This totals 3 types of materials stashed!)
18:54:56 §f                §3§l>>> §3§lCLICK HERE§b to pick them up! §3§l<<<
18:54:56   
18:55:58 §f                     §7You have §a2 §7items stashed away!
18:55:58 §f                §6§l>>> §6§lCLICK HERE§e to pick them up! §6§l<<<
18:55:58   
18:55:58 §f                §7You have §31,856 §7materials stashed away!
18:55:58 §f              §8(This totals 3 types of materials stashed!)
18:55:58 §f                §3§l>>> §3§lCLICK HERE§b to pick them up! §3§l<<<
18:55:58   
18:57:27 §f                     §7You have §a2 §7items stashed away!
18:57:27 §f                §6§l>>> §6§lCLICK HERE§e to pick them up! §6§l<<<
18:57:27   
18:57:27 §f                §7You have §31,856 §7materials stashed away!
18:57:27 §f              §8(This totals 3 types of materials stashed!)
18:57:27 §f                §3§l>>> §3§lCLICK HERE§b to pick them up! §3§l<<<
18:57:27   
18:58:27 §f                     §7You have §a2 §7items stashed away!
18:58:27 §f                §6§l>>> §6§lCLICK HERE§e to pick them up! §6§l<<<
18:58:27   
18:58:27 §f                §7You have §31,856 §7materials stashed away!
18:58:27 §f              §8(This totals 3 types of materials stashed!)
18:58:27 §f                §3§l>>> §3§lCLICK HERE§b to pick them up! §3§l<<<
18:58:27   
18:59:27 §f                     §7You have §a2 §7items stashed away!
18:59:27 §f                §6§l>>> §6§lCLICK HERE§e to pick them up! §6§l<<<
18:59:27   
18:59:27 §f                §7You have §31,856 §7materials stashed away!
18:59:27 §f              §8(This totals 3 types of materials stashed!)
18:59:27 §f                §3§l>>> §3§lCLICK HERE§b to pick them up! §3§l<<<
18:59:27   
19:00:27 §f                     §7You have §a2 §7items stashed away!
19:00:27 §f                §6§l>>> §6§lCLICK HERE§e to pick them up! §6§l<<<
19:00:27   
19:00:27 §f                §7You have §31,856 §7materials stashed away!
19:00:27 §f              §8(This totals 3 types of materials stashed!)
19:00:27 §f                §3§l>>> §3§lCLICK HERE§b to pick them up! §3§l<<<
19:00:27   
19:02:33 §f                     §7You have §a2 §7items stashed away!
19:02:33 §f                §6§l>>> §6§lCLICK HERE§e to pick them up! §6§l<<<
19:02:33   
19:02:33 §f                §7You have §31,856 §7materials stashed away!
19:02:33 §f              §8(This totals 3 types of materials stashed!)
19:02:33 §f                §3§l>>> §3§lCLICK HERE§b to pick them up! §3§l<<<
19:02:33   
19:03:31 §f                     §7You have §a2 §7items stashed away!
19:03:31 §f                §6§l>>> §6§lCLICK HERE§e to pick them up! §6§l<<<
19:03:31   
19:03:31 §f                §7You have §31,856 §7materials stashed away!
19:03:31 §f              §8(This totals 3 types of materials stashed!)
19:03:31 §f                §3§l>>> §3§lCLICK HERE§b to pick them up! §3§l<<<
19:03:31   
19:04:31 §f                     §7You have §a2 §7items stashed away!
19:04:31 §f                §6§l>>> §6§lCLICK HERE§e to pick them up! §6§l<<<
19:04:31   
19:04:31 §f                §7You have §31,856 §7materials stashed away!
19:04:31 §f              §8(This totals 3 types of materials stashed!)
19:04:31 §f                §3§l>>> §3§lCLICK HERE§b to pick them up! §3§l<<<
19:04:31   
19:04:54 §f                     §7You have §a2 §7items stashed away!
19:04:54 §f                §6§l>>> §6§lCLICK HERE§e to pick them up! §6§l<<<
19:04:54   
19:04:54 §f                §7You have §31,856 §7materials stashed away!
19:04:54 §f              §8(This totals 3 types of materials stashed!)
19:04:54 §f                §3§l>>> §3§lCLICK HERE§b to pick them up! §3§l<<<
19:04:54   
19:05:44 §f                     §7You have §a2 §7items stashed away!
19:05:44 §f                §6§l>>> §6§lCLICK HERE§e to pick them up! §6§l<<<
19:05:44   
19:05:44 §f                §7You have §31,856 §7materials stashed away!
19:05:44 §f              §8(This totals 3 types of materials stashed!)
19:05:44 §f                §3§l>>> §3§lCLICK HERE§b to pick them up! §3§l<<<
19:05:44   
19:06:53 §f                     §7You have §a2 §7items stashed away!
19:06:53 §f                §6§l>>> §6§lCLICK HERE§e to pick them up! §6§l<<<
19:06:53   
19:06:53 §f                §7You have §31,856 §7materials stashed away!
19:06:53 §f              §8(This totals 3 types of materials stashed!)
19:06:53 §f                §3§l>>> §3§lCLICK HERE§b to pick them up! §3§l<<<
19:06:53   
19:07:53 §f                     §7You have §a2 §7items stashed away!
19:07:53 §f                §6§l>>> §6§lCLICK HERE§e to pick them up! §6§l<<<
19:07:53   
19:07:53 §f                §7You have §31,856 §7materials stashed away!
19:07:53 §f              §8(This totals 3 types of materials stashed!)
19:07:53 §f                §3§l>>> §3§lCLICK HERE§b to pick them up! §3§l<<<
19:07:53   
19:08:54 §f                     §7You have §a2 §7items stashed away!
19:08:54 §f                §6§l>>> §6§lCLICK HERE§e to pick them up! §6§l<<<
19:08:54   
19:08:54 §f                §7You have §31,856 §7materials stashed away!
19:08:54 §f              §8(This totals 3 types of materials stashed!)
19:08:54 §f                §3§l>>> §3§lCLICK HERE§b to pick them up! §3§l<<<
19:08:54   
19:09:20 §f                     §7You have §a2 §7items stashed away!
19:09:20 §f                §6§l>>> §6§lCLICK HERE§e to pick them up! §6§l<<<
19:09:20   
19:09:20 §f                §7You have §31,856 §7materials stashed away!
19:09:20 §f              §8(This totals 3 types of materials stashed!)
19:09:20 §f                §3§l>>> §3§lCLICK HERE§b to pick them up! §3§l<<<
19:09:20   
19:10:14 §f                     §7You have §a2 §7items stashed away!
19:10:14 §f                §6§l>>> §6§lCLICK HERE§e to pick them up! §6§l<<<
19:10:14   
19:10:14 §f                §7You have §31,856 §7materials stashed away!
19:10:14 §f              §8(This totals 3 types of materials stashed!)
19:10:14 §f                §3§l>>> §3§lCLICK HERE§b to pick them up! §3§l<<<
19:10:14   
19:11:14 §f                     §7You have §a2 §7items stashed away!
19:11:14 §f                §6§l>>> §6§lCLICK HERE§e to pick them up! §6§l<<<
19:11:14   
19:11:14 §f                §7You have §31,856 §7materials stashed away!
19:11:14 §f              §8(This totals 3 types of materials stashed!)
19:11:14 §f                §3§l>>> §3§lCLICK HERE§b to pick them up! §3§l<<<
19:11:14   
19:12:15 §f                     §7You have §a2 §7items stashed away!
19:12:15 §f                §6§l>>> §6§lCLICK HERE§e to pick them up! §6§l<<<
19:12:15   
19:12:15 §f                §7You have §31,856 §7materials stashed away!
19:12:15 §f              §8(This totals 3 types of materials stashed!)
19:12:15 §f                §3§l>>> §3§lCLICK HERE§b to pick them up! §3§l<<<
19:12:15   
19:13:16 §f                     §7You have §a2 §7items stashed away!
19:13:16 §f                §6§l>>> §6§lCLICK HERE§e to pick them up! §6§l<<<
19:13:16   
19:13:16 §f                §7You have §31,856 §7materials stashed away!
19:13:16 §f              §8(This totals 3 types of materials stashed!)
19:13:16 §f                §3§l>>> §3§lCLICK HERE§b to pick them up! §3§l<<<
19:13:16   
19:14:16 §f                     §7You have §a2 §7items stashed away!
19:14:16 §f                §6§l>>> §6§lCLICK HERE§e to pick them up! §6§l<<<
19:14:16   
19:14:16 §f                §7You have §31,856 §7materials stashed away!
19:14:16 §f              §8(This totals 3 types of materials stashed!)
19:14:16 §f                §3§l>>> §3§lCLICK HERE§b to pick them up! §3§l<<<
19:14:16   
19:15:16 §f                     §7You have §a2 §7items stashed away!
19:15:16 §f                §6§l>>> §6§lCLICK HERE§e to pick them up! §6§l<<<
19:15:16   
19:15:16 §f                §7You have §31,856 §7materials stashed away!
19:15:16 §f              §8(This totals 3 types of materials stashed!)
19:15:16 §f                §3§l>>> §3§lCLICK HERE§b to pick them up! §3§l<<<
19:15:16   
19:16:17 §f                     §7You have §a2 §7items stashed away!
19:16:17 §f                §6§l>>> §6§lCLICK HERE§e to pick them up! §6§l<<<
19:16:17   
19:16:17 §f                §7You have §31,856 §7materials stashed away!
19:16:17 §f              §8(This totals 3 types of materials stashed!)
19:16:17 §f                §3§l>>> §3§lCLICK HERE§b to pick them up! §3§l<<<
19:16:17   
19:17:18 §f                     §7You have §a2 §7items stashed away!
19:17:18 §f                §6§l>>> §6§lCLICK HERE§e to pick them up! §6§l<<<
19:17:18   
19:17:18 §f                §7You have §31,856 §7materials stashed away!
19:17:18 §f              §8(This totals 3 types of materials stashed!)
19:17:18 §f                §3§l>>> §3§lCLICK HERE§b to pick them up! §3§l<<<
19:17:18   
19:18:18 §f                     §7You have §a2 §7items stashed away!
19:18:19 §f                §6§l>>> §6§lCLICK HERE§e to pick them up! §6§l<<<
19:18:19   
19:18:19 §f                §7You have §31,856 §7materials stashed away!
19:18:19 §f              §8(This totals 3 types of materials stashed!)
19:18:19 §f                §3§l>>> §3§lCLICK HERE§b to pick them up! §3§l<<<
19:18:19   
19:19:19 §f                     §7You have §a2 §7items stashed away!
19:19:19 §f                §6§l>>> §6§lCLICK HERE§e to pick them up! §6§l<<<
19:19:19   
19:19:19 §f                §7You have §31,856 §7materials stashed away!
19:19:19 §f              §8(This totals 3 types of materials stashed!)
19:19:19 §f                §3§l>>> §3§lCLICK HERE§b to pick them up! §3§l<<<
19:19:19   
19:20:20 §f                     §7You have §a2 §7items stashed away!
19:20:20 §f                §6§l>>> §6§lCLICK HERE§e to pick them up! §6§l<<<
19:20:20   
19:20:20 §f                §7You have §31,856 §7materials stashed away!
19:20:20 §f              §8(This totals 3 types of materials stashed!)
19:20:20 §f                §3§l>>> §3§lCLICK HERE§b to pick them up! §3§l<<<
19:20:20   
19:21:20 §f                     §7You have §a2 §7items stashed away!
19:21:20 §f                §6§l>>> §6§lCLICK HERE§e to pick them up! §6§l<<<
19:21:20   
19:21:20 §f                §7You have §31,856 §7materials stashed away!
19:21:20 §f              §8(This totals 3 types of materials stashed!)
19:21:20 §f                §3§l>>> §3§lCLICK HERE§b to pick them up! §3§l<<<
19:21:20   
19:22:21 §f                     §7You have §a2 §7items stashed away!
19:22:21 §f                §6§l>>> §6§lCLICK HERE§e to pick them up! §6§l<<<
19:22:21   
19:22:21 §f                §7You have §31,856 §7materials stashed away!
19:22:21 §f              §8(This totals 3 types of materials stashed!)
19:22:21 §f                §3§l>>> §3§lCLICK HERE§b to pick them up! §3§l<<<
19:22:21   
19:23:22 §f                     §7You have §a2 §7items stashed away!
19:23:22 §f                §6§l>>> §6§lCLICK HERE§e to pick them up! §6§l<<<
19:23:22   
19:23:22 §f                §7You have §31,856 §7materials stashed away!
19:23:22 §f              §8(This totals 3 types of materials stashed!)
19:23:22 §f                §3§l>>> §3§lCLICK HERE§b to pick them up! §3§l<<<
19:23:22   
19:24:22 §f                     §7You have §a2 §7items stashed away!
19:24:22 §f                §6§l>>> §6§lCLICK HERE§e to pick them up! §6§l<<<
19:24:22   
19:24:22 §f                §7You have §31,856 §7materials stashed away!
19:24:22 §f              §8(This totals 3 types of materials stashed!)
19:24:22 §f                §3§l>>> §3§lCLICK HERE§b to pick them up! §3§l<<<
19:24:22   
19:25:23 §f                     §7You have §a2 §7items stashed away!
19:25:23 §f                §6§l>>> §6§lCLICK HERE§e to pick them up! §6§l<<<
19:25:23   
19:25:23 §f                §7You have §31,856 §7materials stashed away!
19:25:23 §f              §8(This totals 3 types of materials stashed!)
19:25:23 §f                §3§l>>> §3§lCLICK HERE§b to pick them up! §3§l<<<
19:25:23   
19:26:23 §f                     §7You have §a2 §7items stashed away!
19:26:23 §f                §6§l>>> §6§lCLICK HERE§e to pick them up! §6§l<<<
19:26:23   
19:26:23 §f                §7You have §31,856 §7materials stashed away!
19:26:23 §f              §8(This totals 3 types of materials stashed!)
19:26:23 §f                §3§l>>> §3§lCLICK HERE§b to pick them up! §3§l<<<
19:26:23   
19:27:24 §f                     §7You have §a2 §7items stashed away!
19:27:24 §f                §6§l>>> §6§lCLICK HERE§e to pick them up! §6§l<<<
19:27:24   
19:27:24 §f                §7You have §31,856 §7materials stashed away!
19:27:24 §f              §8(This totals 3 types of materials stashed!)
19:27:24 §f                §3§l>>> §3§lCLICK HERE§b to pick them up! §3§l<<<
19:27:24   
19:28:25 §f                     §7You have §a2 §7items stashed away!
19:28:25 §f                §6§l>>> §6§lCLICK HERE§e to pick them up! §6§l<<<
19:28:25   
19:28:25 §f                §7You have §31,856 §7materials stashed away!
19:28:25 §f              §8(This totals 3 types of materials stashed!)
19:28:25 §f                §3§l>>> §3§lCLICK HERE§b to pick them up! §3§l<<<
19:28:25   
19:29:25 §f                     §7You have §a2 §7items stashed away!
19:29:25 §f                §6§l>>> §6§lCLICK HERE§e to pick them up! §6§l<<<
19:29:25   
19:29:25 §f                §7You have §31,856 §7materials stashed away!
19:29:25 §f              §8(This totals 3 types of materials stashed!)
19:29:25 §f                §3§l>>> §3§lCLICK HERE§b to pick them up! §3§l<<<
19:29:25   
19:30:26 §f                     §7You have §a2 §7items stashed away!
19:30:26 §f                §6§l>>> §6§lCLICK HERE§e to pick them up! §6§l<<<
19:30:26   
19:30:26 §f                §7You have §31,856 §7materials stashed away!
19:30:26 §f              §8(This totals 3 types of materials stashed!)
19:30:26 §f                §3§l>>> §3§lCLICK HERE§b to pick them up! §3§l<<<
19:30:26   
19:31:26 §f                     §7You have §a2 §7items stashed away!
19:31:26 §f                §6§l>>> §6§lCLICK HERE§e to pick them up! §6§l<<<
19:31:26   
19:31:26 §f                §7You have §31,856 §7materials stashed away!
19:31:26 §f              §8(This totals 3 types of materials stashed!)
19:31:26 §f                §3§l>>> §3§lCLICK HERE§b to pick them up! §3§l<<<
19:31:26   
