20:03:18 [STASH_COMPACT] §f                     §7You have §a2 §7items stashed away!
20:03:18 [STASH_COMPACT] §f                §6§l>>> §6§lCLICK HERE§e to pick them up! §6§l<<<
20:03:18 [STASH_COMPACT]   
20:03:18 [STASH_COMPACT] §f                §7You have §31,785 §7materials stashed away!
20:03:18 [STASH_COMPACT] §f               §8(This totals 1 type of material stashed!)
20:03:18 [STASH_COMPACT] §f                §3§l>>> §3§lCLICK HERE§b to pick them up! §3§l<<<
20:03:18 [STASH_COMPACT]   
20:04:18 [STASH_COMPACT] §f                     §7You have §a2 §7items stashed away!
20:04:18 [STASH_COMPACT] §f                §6§l>>> §6§lCLICK HERE§e to pick them up! §6§l<<<
20:04:18 [STASH_COMPACT]   
20:04:18 [STASH_COMPACT] §f                §7You have §31,785 §7materials stashed away!
20:04:18 [STASH_COMPACT] §f               §8(This totals 1 type of material stashed!)
20:04:18 [STASH_COMPACT] §f                §3§l>>> §3§lCLICK HERE§b to pick them up! §3§l<<<
20:04:18 [STASH_COMPACT]   
20:04:30 [NEW_VISITOR_ARRIVED] §a§r§aAndrew §r§ehas arrived on your §r§aGarden§r§e!
20:04:50 [BESTIARY] §f                                  §6§lBESTIARY
20:04:50 [BESTIARY] §f                                  §b§lRat §7§8I §8➡§b §bII
20:04:50 [BESTIARY] 
20:04:50 [BESTIARY] §f                                  §r§6§lREWARDS
20:04:50 [BESTIARY] §f                          §r§6+0.4☘ Farming Fortune
20:04:50 [BESTIARY] §f                                §r§8+§r§62% §r§aRat §r§7coins
20:04:50 [BESTIARY] §f                    §r§8+§r§a50% §r§7chance for extra XP orbs
20:04:50 [BESTIARY] §f                               §r§8+§r§b1 SkyBlock XP
20:04:50 [BESTIARY] 
20:04:50 [BESTIARY] §3§l▬▬▬▬▬▬▬▬▬▬▬▬▬▬▬▬▬▬▬▬▬▬▬▬▬▬▬▬▬▬▬▬▬▬▬▬▬▬▬▬▬▬▬▬▬▬▬▬▬▬▬▬▬▬▬▬▬▬▬▬▬▬▬▬
20:04:50 [PEST_DROP] §eYou received §a20x Enchanted Pumpkin §efor killing a §2Rat§e!
20:05:02 [GARDEN_VISITOR_MESSAGE] §e[NPC] §aAndrew§f: §rDid you know that SkyBlock has been running for §b5189 §fin-game months already? Time flies.
20:05:19 [STASH_COMPACT] §f                     §7You have §a2 §7items stashed away!
20:05:19 [STASH_COMPACT] §f                §6§l>>> §6§lCLICK HERE§e to pick them up! §6§l<<<
20:05:19 [STASH_COMPACT]   
20:05:19 [STASH_COMPACT] §f                §7You have §31,785 §7materials stashed away!
20:05:19 [STASH_COMPACT] §f               §8(This totals 1 type of material stashed!)
20:05:19 [STASH_COMPACT] §f                §3§l>>> §3§lCLICK HERE§b to pick them up! §3§l<<<
20:05:19 [STASH_COMPACT]   
20:06:19 [STASH_COMPACT] §f                     §7You have §a2 §7items stashed away!
20:06:19 [STASH_COMPACT] §f                §6§l>>> §6§lCLICK HERE§e to pick them up! §6§l<<<
20:06:19 [STASH_COMPACT]   
20:06:19 [STASH_COMPACT] §f                §7You have §31,785 §7materials stashed away!
20:06:19 [STASH_COMPACT] §f               §8(This totals 1 type of material stashed!)
20:06:19 [STASH_COMPACT] §f                §3§l>>> §3§lCLICK HERE§b to pick them up! §3§l<<<
20:06:19 [STASH_COMPACT]   
20:06:27 [STASH_COMPACT] §f                     §7You have §a2 §7items stashed away!
20:06:27 [STASH_COMPACT] §f                §6§l>>> §6§lCLICK HERE§e to pick them up! §6§l<<<
20:06:27 [STASH_COMPACT]   
20:06:27 [STASH_COMPACT] §f                §7You have §31,785 §7materials stashed away!
20:06:27 [STASH_COMPACT] §f               §8(This totals 1 type of material stashed!)
20:06:27 [STASH_COMPACT] §f                §3§l>>> §3§lCLICK HERE§b to pick them up! §3§l<<<
20:06:27 [STASH_COMPACT]   
20:07:27 [STASH_COMPACT] §f                     §7You have §a2 §7items stashed away!
20:07:27 [STASH_COMPACT] §f                §6§l>>> §6§lCLICK HERE§e to pick them up! §6§l<<<
20:07:27 [STASH_COMPACT]   
20:07:27 [STASH_COMPACT] §f                §7You have §31,785 §7materials stashed away!
20:07:27 [STASH_COMPACT] §f               §8(This totals 1 type of material stashed!)
20:07:27 [STASH_COMPACT] §f                §3§l>>> §3§lCLICK HERE§b to pick them up! §3§l<<<
20:07:27 [STASH_COMPACT]   
20:08:33 [STASH_COMPACT] §f                     §7You have §a2 §7items stashed away!
20:08:33 [STASH_COMPACT] §f                §6§l>>> §6§lCLICK HERE§e to pick them up! §6§l<<<
20:08:33 [STASH_COMPACT]   
20:08:33 [STASH_COMPACT] §f                §7You have §31,785 §7materials stashed away!
20:08:33 [STASH_COMPACT] §f               §8(This totals 1 type of material stashed!)
20:08:33 [STASH_COMPACT] §f                §3§l>>> §3§lCLICK HERE§b to pick them up! §3§l<<<
20:08:33 [STASH_COMPACT]   
20:09:33 [STASH_COMPACT] §f                     §7You have §a2 §7items stashed away!
20:09:33 [STASH_COMPACT] §f                §6§l>>> §6§lCLICK HERE§e to pick them up! §6§l<<<
20:09:33 [STASH_COMPACT]   
20:09:33 [STASH_COMPACT] §f                §7You have §31,785 §7materials stashed away!
20:09:33 [STASH_COMPACT] §f               §8(This totals 1 type of material stashed!)
20:09:33 [STASH_COMPACT] §f                §3§l>>> §3§lCLICK HERE§b to pick them up! §3§l<<<
20:09:33 [STASH_COMPACT]   
20:10:34 [STASH_COMPACT] §f                     §7You have §a2 §7items stashed away!
20:10:34 [STASH_COMPACT] §f                §6§l>>> §6§lCLICK HERE§e to pick them up! §6§l<<<
20:10:34 [STASH_COMPACT]   
20:10:34 [STASH_COMPACT] §f                §7You have §31,785 §7materials stashed away!
20:10:34 [STASH_COMPACT] §f               §8(This totals 1 type of material stashed!)
20:10:34 [STASH_COMPACT] §f                §3§l>>> §3§lCLICK HERE§b to pick them up! §3§l<<<
20:10:34 [STASH_COMPACT]   
20:11:34 [STASH_COMPACT] §f                     §7You have §a2 §7items stashed away!
20:11:34 [STASH_COMPACT] §f                §6§l>>> §6§lCLICK HERE§e to pick them up! §6§l<<<
20:11:34 [STASH_COMPACT]   
20:11:34 [STASH_COMPACT] §f                §7You have §31,785 §7materials stashed away!
20:11:34 [STASH_COMPACT] §f               §8(This totals 1 type of material stashed!)
20:11:34 [STASH_COMPACT] §f                §3§l>>> §3§lCLICK HERE§b to pick them up! §3§l<<<
20:11:34 [STASH_COMPACT]   
20:12:35 [STASH_COMPACT] §f                     §7You have §a2 §7items stashed away!
20:12:35 [STASH_COMPACT] §f                §6§l>>> §6§lCLICK HERE§e to pick them up! §6§l<<<
20:12:35 [STASH_COMPACT]   
20:12:35 [STASH_COMPACT] §f                §7You have §31,785 §7materials stashed away!
20:12:35 [STASH_COMPACT] §f               §8(This totals 1 type of material stashed!)
20:12:35 [STASH_COMPACT] §f                §3§l>>> §3§lCLICK HERE§b to pick them up! §3§l<<<
20:12:35 [STASH_COMPACT]   
20:13:35 [STASH_COMPACT] §f                     §7You have §a2 §7items stashed away!
20:13:35 [STASH_COMPACT] §f                §6§l>>> §6§lCLICK HERE§e to pick them up! §6§l<<<
20:13:35 [STASH_COMPACT]   
20:13:35 [STASH_COMPACT] §f                §7You have §31,785 §7materials stashed away!
20:13:35 [STASH_COMPACT] §f               §8(This totals 1 type of material stashed!)
20:13:35 [STASH_COMPACT] §f                §3§l>>> §3§lCLICK HERE§b to pick them up! §3§l<<<
20:13:35 [STASH_COMPACT]   
20:14:36 [STASH_COMPACT] §f                     §7You have §a2 §7items stashed away!
20:14:36 [STASH_COMPACT] §f                §6§l>>> §6§lCLICK HERE§e to pick them up! §6§l<<<
20:14:36 [STASH_COMPACT]   
20:14:36 [STASH_COMPACT] §f                §7You have §31,785 §7materials stashed away!
20:14:36 [STASH_COMPACT] §f               §8(This totals 1 type of material stashed!)
20:14:36 [STASH_COMPACT] §f                §3§l>>> §3§lCLICK HERE§b to pick them up! §3§l<<<
20:14:36 [STASH_COMPACT]   
20:15:36 [STASH_COMPACT] §f                     §7You have §a2 §7items stashed away!
20:15:36 [STASH_COMPACT] §f                §6§l>>> §6§lCLICK HERE§e to pick them up! §6§l<<<
20:15:36 [STASH_COMPACT]   
20:15:36 [STASH_COMPACT] §f                §7You have §31,785 §7materials stashed away!
20:15:36 [STASH_COMPACT] §f               §8(This totals 1 type of material stashed!)
20:15:36 [STASH_COMPACT] §f                §3§l>>> §3§lCLICK HERE§b to pick them up! §3§l<<<
20:15:36 [STASH_COMPACT]   
20:16:37 [STASH_COMPACT] §f                     §7You have §a2 §7items stashed away!
20:16:37 [STASH_COMPACT] §f                §6§l>>> §6§lCLICK HERE§e to pick them up! §6§l<<<
20:16:37 [STASH_COMPACT]   
20:16:37 [STASH_COMPACT] §f                §7You have §31,785 §7materials stashed away!
20:16:37 [STASH_COMPACT] §f               §8(This totals 1 type of material stashed!)
20:16:37 [STASH_COMPACT] §f                §3§l>>> §3§lCLICK HERE§b to pick them up! §3§l<<<
20:16:37 [STASH_COMPACT]   
20:17:37 [STASH_COMPACT] §f                     §7You have §a2 §7items stashed away!
20:17:37 [STASH_COMPACT] §f                §6§l>>> §6§lCLICK HERE§e to pick them up! §6§l<<<
20:17:37 [STASH_COMPACT]   
20:17:37 [STASH_COMPACT] §f                §7You have §31,785 §7materials stashed away!
20:17:37 [STASH_COMPACT] §f               §8(This totals 1 type of material stashed!)
20:17:37 [STASH_COMPACT] §f                §3§l>>> §3§lCLICK HERE§b to pick them up! §3§l<<<
20:17:37 [STASH_COMPACT]   
20:18:38 [STASH_COMPACT] §f                     §7You have §a2 §7items stashed away!
20:18:38 [STASH_COMPACT] §f                §6§l>>> §6§lCLICK HERE§e to pick them up! §6§l<<<
20:18:38 [STASH_COMPACT]   
20:18:38 [STASH_COMPACT] §f                §7You have §31,785 §7materials stashed away!
20:18:38 [STASH_COMPACT] §f               §8(This totals 1 type of material stashed!)
20:18:38 [STASH_COMPACT] §f                §3§l>>> §3§lCLICK HERE§b to pick them up! §3§l<<<
20:18:38 [STASH_COMPACT]   
20:19:38 [STASH_COMPACT] §f                     §7You have §a2 §7items stashed away!
20:19:38 [STASH_COMPACT] §f                §6§l>>> §6§lCLICK HERE§e to pick them up! §6§l<<<
20:19:38 [STASH_COMPACT]   
20:19:38 [STASH_COMPACT] §f                §7You have §31,785 §7materials stashed away!
20:19:38 [STASH_COMPACT] §f               §8(This totals 1 type of material stashed!)
20:19:38 [STASH_COMPACT] §f                §3§l>>> §3§lCLICK HERE§b to pick them up! §3§l<<<
20:19:38 [STASH_COMPACT]   
20:20:39 [STASH_COMPACT] §f                     §7You have §a2 §7items stashed away!
20:20:39 [STASH_COMPACT] §f                §6§l>>> §6§lCLICK HERE§e to pick them up! §6§l<<<
20:20:39 [STASH_COMPACT]   
20:20:39 [STASH_COMPACT] §f                §7You have §31,785 §7materials stashed away!
20:20:39 [STASH_COMPACT] §f               §8(This totals 1 type of material stashed!)
20:20:39 [STASH_COMPACT] §f                §3§l>>> §3§lCLICK HERE§b to pick them up! §3§l<<<
20:20:39 [STASH_COMPACT]   
20:21:39 [STASH_COMPACT] §f                     §7You have §a2 §7items stashed away!
20:21:39 [STASH_COMPACT] §f                §6§l>>> §6§lCLICK HERE§e to pick them up! §6§l<<<
20:21:39 [STASH_COMPACT]   
20:21:39 [STASH_COMPACT] §f                §7You have §31,785 §7materials stashed away!
20:21:39 [STASH_COMPACT] §f               §8(This totals 1 type of material stashed!)
20:21:39 [STASH_COMPACT] §f                §3§l>>> §3§lCLICK HERE§b to pick them up! §3§l<<<
20:21:39 [STASH_COMPACT]   
20:22:40 [STASH_COMPACT] §f                     §7You have §a2 §7items stashed away!
20:22:40 [STASH_COMPACT] §f                §6§l>>> §6§lCLICK HERE§e to pick them up! §6§l<<<
20:22:40 [STASH_COMPACT]   
20:22:40 [STASH_COMPACT] §f                §7You have §31,785 §7materials stashed away!
20:22:40 [STASH_COMPACT] §f               §8(This totals 1 type of material stashed!)
20:22:40 [STASH_COMPACT] §f                §3§l>>> §3§lCLICK HERE§b to pick them up! §3§l<<<
20:22:40 [STASH_COMPACT]   
20:23:40 [STASH_COMPACT] §f                     §7You have §a2 §7items stashed away!
20:23:40 [STASH_COMPACT] §f                §6§l>>> §6§lCLICK HERE§e to pick them up! §6§l<<<
20:23:40 [STASH_COMPACT]   
20:23:40 [STASH_COMPACT] §f                §7You have §31,785 §7materials stashed away!
20:23:40 [STASH_COMPACT] §f               §8(This totals 1 type of material stashed!)
20:23:40 [STASH_COMPACT] §f                §3§l>>> §3§lCLICK HERE§b to pick them up! §3§l<<<
20:23:40 [STASH_COMPACT]   
20:24:04 [BESTIARY] §f                                  §6§lBESTIARY
20:24:04 [BESTIARY] §f                         §b§lGlacite Walker §7§8IX §8➡§b §bX
20:24:04 [BESTIARY] 
20:24:04 [BESTIARY] §f                                  §r§6§lREWARDS
20:24:04 [BESTIARY] §f                     §r§8+§r§a3 Glacite Walker §r§b✯ Magic Find
20:24:04 [BESTIARY] §f                      §r§8+§r§a3 Glacite Walker §r§c❁ Strength
20:24:04 [BESTIARY] §f                         §r§8+§r§62% §r§aGlacite Walker §r§7coins
20:24:04 [BESTIARY] §f                    §r§8+§r§a50% §r§7chance for extra XP orbs
20:24:04 [BESTIARY] §f                               §r§8+§r§b1 SkyBlock XP
20:24:04 [BESTIARY] 
20:24:04 [BESTIARY] §3§l▬▬▬▬▬▬▬▬▬▬▬▬▬▬▬▬▬▬▬▬▬▬▬▬▬▬▬▬▬▬▬▬▬▬▬▬▬▬▬▬▬▬▬▬▬▬▬▬▬▬▬▬▬▬▬▬▬▬▬▬▬▬▬▬
20:24:41 [STASH_COMPACT] §f                     §7You have §a2 §7items stashed away!
20:24:41 [STASH_COMPACT] §f                §6§l>>> §6§lCLICK HERE§e to pick them up! §6§l<<<
20:24:41 [STASH_COMPACT]   
20:24:41 [STASH_COMPACT] §f                §7You have §31,785 §7materials stashed away!
20:24:41 [STASH_COMPACT] §f               §8(This totals 1 type of material stashed!)
20:24:41 [STASH_COMPACT] §f                §3§l>>> §3§lCLICK HERE§b to pick them up! §3§l<<<
20:24:41 [STASH_COMPACT]   
20:25:41 [STASH_COMPACT] §f                     §7You have §a2 §7items stashed away!
20:25:41 [STASH_COMPACT] §f                §6§l>>> §6§lCLICK HERE§e to pick them up! §6§l<<<
20:25:41 [STASH_COMPACT]   
20:25:41 [STASH_COMPACT] §f                §7You have §31,785 §7materials stashed away!
20:25:41 [STASH_COMPACT] §f               §8(This totals 1 type of material stashed!)
20:25:41 [STASH_COMPACT] §f                §3§l>>> §3§lCLICK HERE§b to pick them up! §3§l<<<
20:25:41 [STASH_COMPACT]   
20:26:42 [STASH_COMPACT] §f                     §7You have §a2 §7items stashed away!
20:26:42 [STASH_COMPACT] §f                §6§l>>> §6§lCLICK HERE§e to pick them up! §6§l<<<
20:26:42 [STASH_COMPACT]   
20:26:42 [STASH_COMPACT] §f                §7You have §31,785 §7materials stashed away!
20:26:42 [STASH_COMPACT] §f               §8(This totals 1 type of material stashed!)
20:26:42 [STASH_COMPACT] §f                §3§l>>> §3§lCLICK HERE§b to pick them up! §3§l<<<
20:26:42 [STASH_COMPACT]   
20:27:43 [STASH_COMPACT] §f                     §7You have §a2 §7items stashed away!
20:27:43 [STASH_COMPACT] §f                §6§l>>> §6§lCLICK HERE§e to pick them up! §6§l<<<
20:27:43 [STASH_COMPACT]   
20:27:43 [STASH_COMPACT] §f                §7You have §31,785 §7materials stashed away!
20:27:43 [STASH_COMPACT] §f               §8(This totals 1 type of material stashed!)
20:27:43 [STASH_COMPACT] §f                §3§l>>> §3§lCLICK HERE§b to pick them up! §3§l<<<
20:27:43 [STASH_COMPACT]   
20:28:43 [STASH_COMPACT] §f                     §7You have §a2 §7items stashed away!
20:28:43 [STASH_COMPACT] §f                §6§l>>> §6§lCLICK HERE§e to pick them up! §6§l<<<
20:28:43 [STASH_COMPACT]   
20:28:43 [STASH_COMPACT] §f                §7You have §31,785 §7materials stashed away!
20:28:43 [STASH_COMPACT] §f               §8(This totals 1 type of material stashed!)
20:28:43 [STASH_COMPACT] §f                §3§l>>> §3§lCLICK HERE§b to pick them up! §3§l<<<
20:28:43 [STASH_COMPACT]   
20:29:44 [STASH_COMPACT] §f                     §7You have §a2 §7items stashed away!
20:29:44 [STASH_COMPACT] §f                §6§l>>> §6§lCLICK HERE§e to pick them up! §6§l<<<
20:29:44 [STASH_COMPACT]   
20:29:44 [STASH_COMPACT] §f                §7You have §31,785 §7materials stashed away!
20:29:44 [STASH_COMPACT] §f               §8(This totals 1 type of material stashed!)
20:29:44 [STASH_COMPACT] §f                §3§l>>> §3§lCLICK HERE§b to pick them up! §3§l<<<
20:29:44 [STASH_COMPACT]   
20:30:29 [BESTIARY] §f                                  §6§lBESTIARY
20:30:29 [BESTIARY] §f                                   §b§lGoblin §7§bI
20:30:29 [BESTIARY] 
20:30:29 [BESTIARY] §f                                  §r§6§lREWARDS
20:30:29 [BESTIARY] §f                          §r§8+§r§a2 Goblin §r§b✯ Magic Find
20:30:29 [BESTIARY] §f                           §r§8+§r§a2 Goblin §r§c❁ Strength
20:30:29 [BESTIARY] §f                              §r§8+§r§62% §r§aGoblin §r§7coins
20:30:29 [BESTIARY] §f                    §r§8+§r§a50% §r§7chance for extra XP orbs
20:30:29 [BESTIARY] §f                               §r§8+§r§b1 SkyBlock XP
20:30:29 [BESTIARY] 
20:30:29 [BESTIARY] §3§l▬▬▬▬▬▬▬▬▬▬▬▬▬▬▬▬▬▬▬▬▬▬▬▬▬▬▬▬▬▬▬▬▬▬▬▬▬▬▬▬▬▬▬▬▬▬▬▬▬▬▬▬▬▬▬▬▬▬▬▬▬▬▬▬
20:30:35 [BESTIARY] §f                                  §6§lBESTIARY
20:30:35 [BESTIARY] §f                                §b§lGoblin §7§8I §8➡§b §bII
20:30:35 [BESTIARY] 
20:30:35 [BESTIARY] §f                                  §r§6§lREWARDS
20:30:35 [BESTIARY] §f                          §r§8+§r§a2 Goblin §r§b✯ Magic Find
20:30:35 [BESTIARY] §f                           §r§8+§r§a2 Goblin §r§c❁ Strength
20:30:35 [BESTIARY] §f                              §r§8+§r§62% §r§aGoblin §r§7coins
20:30:35 [BESTIARY] §f                    §r§8+§r§a50% §r§7chance for extra XP orbs
20:30:35 [BESTIARY] §f                               §r§8+§r§b1 SkyBlock XP
20:30:35 [BESTIARY] 
20:30:35 [BESTIARY] §3§l▬▬▬▬▬▬▬▬▬▬▬▬▬▬▬▬▬▬▬▬▬▬▬▬▬▬▬▬▬▬▬▬▬▬▬▬▬▬▬▬▬▬▬▬▬▬▬▬▬▬▬▬▬▬▬▬▬▬▬▬▬▬▬▬
20:30:40 [BESTIARY] §f                                  §6§lBESTIARY
20:30:40 [BESTIARY] §f                               §b§lGoblin §7§8II §8➡§b §bIII
20:30:40 [BESTIARY] 
20:30:40 [BESTIARY] §f                                  §r§6§lREWARDS
20:30:40 [BESTIARY] §f                          §r§8+§r§a2 Goblin §r§b✯ Magic Find
20:30:40 [BESTIARY] §f                           §r§8+§r§a2 Goblin §r§c❁ Strength
20:30:40 [BESTIARY] §f                              §r§8+§r§62% §r§aGoblin §r§7coins
20:30:40 [BESTIARY] §f                    §r§8+§r§a50% §r§7chance for extra XP orbs
20:30:40 [BESTIARY] §f                               §r§8+§r§b1 SkyBlock XP
20:30:40 [BESTIARY] 
20:30:40 [BESTIARY]   §r§f                         §6§lBESTIARY MILESTONE
20:30:40 [BESTIARY]   §r§f                              §8LXXXVIII➡§eLXXXIX
20:30:40 [BESTIARY] 
20:30:40 [BESTIARY] §3§l▬▬▬▬▬▬▬▬▬▬▬▬▬▬▬▬▬▬▬▬▬▬▬▬▬▬▬▬▬▬▬▬▬▬▬▬▬▬▬▬▬▬▬▬▬▬▬▬▬▬▬▬▬▬▬▬▬▬▬▬▬▬▬▬
20:30:44 [STASH_COMPACT] §f                     §7You have §a2 §7items stashed away!
20:30:44 [STASH_COMPACT] §f                §6§l>>> §6§lCLICK HERE§e to pick them up! §6§l<<<
20:30:44 [STASH_COMPACT]   
20:30:44 [STASH_COMPACT] §f                §7You have §31,785 §7materials stashed away!
20:30:44 [STASH_COMPACT] §f               §8(This totals 1 type of material stashed!)
20:30:44 [STASH_COMPACT] §f                §3§l>>> §3§lCLICK HERE§b to pick them up! §3§l<<<
20:30:44 [STASH_COMPACT]   
20:31:03 [BESTIARY] §f                                  §6§lBESTIARY
20:31:03 [BESTIARY] §f                              §b§lStar Sentry §7§bI
20:31:03 [BESTIARY] 
20:31:03 [BESTIARY] §f                                  §r§6§lREWARDS
20:31:03 [BESTIARY] §f                      §r§8+§r§a2 §r§5Star Sentry §r§b✯ Magic Find
20:31:03 [BESTIARY] §f                       §r§8+§r§a2 §r§5Star Sentry §r§c❁ Strength
20:31:03 [BESTIARY] §f                          §r§8+§r§62% §r§a§r§5Star Sentry §r§7coins
20:31:03 [BESTIARY] §f                    §r§8+§r§a50% §r§7chance for extra XP orbs
20:31:03 [BESTIARY] §f                               §r§8+§r§b1 SkyBlock XP
20:31:03 [BESTIARY] 
20:31:03 [BESTIARY] §3§l▬▬▬▬▬▬▬▬▬▬▬▬▬▬▬▬▬▬▬▬▬▬▬▬▬▬▬▬▬▬▬▬▬▬▬▬▬▬▬▬▬▬▬▬▬▬▬▬▬▬▬▬▬▬▬▬▬▬▬▬▬▬▬▬
20:31:08 [BESTIARY] §f                                  §6§lBESTIARY
20:31:08 [BESTIARY] §f                           §b§lStar Sentry §7§8I §8➡§b §bII
20:31:08 [BESTIARY] 
20:31:08 [BESTIARY] §f                                  §r§6§lREWARDS
20:31:08 [BESTIARY] §f                      §r§8+§r§a2 §r§5Star Sentry §r§b✯ Magic Find
20:31:08 [BESTIARY] §f                       §r§8+§r§a2 §r§5Star Sentry §r§c❁ Strength
20:31:08 [BESTIARY] §f                          §r§8+§r§62% §r§a§r§5Star Sentry §r§7coins
20:31:08 [BESTIARY] §f                    §r§8+§r§a50% §r§7chance for extra XP orbs
20:31:08 [BESTIARY] §f                               §r§8+§r§b1 SkyBlock XP
20:31:08 [BESTIARY] 
20:31:08 [BESTIARY] §3§l▬▬▬▬▬▬▬▬▬▬▬▬▬▬▬▬▬▬▬▬▬▬▬▬▬▬▬▬▬▬▬▬▬▬▬▬▬▬▬▬▬▬▬▬▬▬▬▬▬▬▬▬▬▬▬▬▬▬▬▬▬▬▬▬
20:31:28 [BESTIARY] §f                                  §6§lBESTIARY
20:31:28 [BESTIARY] §f                          §b§lStar Sentry §7§8II §8➡§b §bIII
20:31:28 [BESTIARY] 
20:31:28 [BESTIARY] §f                                  §r§6§lREWARDS
20:31:28 [BESTIARY] §f                      §r§8+§r§a2 §r§5Star Sentry §r§b✯ Magic Find
20:31:28 [BESTIARY] §f                       §r§8+§r§a2 §r§5Star Sentry §r§c❁ Strength
20:31:28 [BESTIARY] §f                          §r§8+§r§62% §r§a§r§5Star Sentry §r§7coins
20:31:28 [BESTIARY] §f                    §r§8+§r§a50% §r§7chance for extra XP orbs
20:31:28 [BESTIARY] §f                               §r§8+§r§b1 SkyBlock XP
20:31:28 [BESTIARY] 
20:31:28 [BESTIARY] §3§l▬▬▬▬▬▬▬▬▬▬▬▬▬▬▬▬▬▬▬▬▬▬▬▬▬▬▬▬▬▬▬▬▬▬▬▬▬▬▬▬▬▬▬▬▬▬▬▬▬▬▬▬▬▬▬▬▬▬▬▬▬▬▬▬
20:31:45 [STASH_COMPACT] §f                     §7You have §a2 §7items stashed away!
20:31:45 [STASH_COMPACT] §f                §6§l>>> §6§lCLICK HERE§e to pick them up! §6§l<<<
20:31:45 [STASH_COMPACT]   
20:31:45 [STASH_COMPACT] §f                §7You have §31,785 §7materials stashed away!
20:31:45 [STASH_COMPACT] §f               §8(This totals 1 type of material stashed!)
20:31:45 [STASH_COMPACT] §f                §3§l>>> §3§lCLICK HERE§b to pick them up! §3§l<<<
20:31:45 [STASH_COMPACT]   
20:32:45 [STASH_COMPACT] §f                     §7You have §a2 §7items stashed away!
20:32:45 [STASH_COMPACT] §f                §6§l>>> §6§lCLICK HERE§e to pick them up! §6§l<<<
20:32:45 [STASH_COMPACT]   
20:32:45 [STASH_COMPACT] §f                §7You have §31,785 §7materials stashed away!
20:32:45 [STASH_COMPACT] §f               §8(This totals 1 type of material stashed!)
20:32:45 [STASH_COMPACT] §f                §3§l>>> §3§lCLICK HERE§b to pick them up! §3§l<<<
20:32:45 [STASH_COMPACT]   
20:33:12 [BESTIARY] §f                                  §6§lBESTIARY
20:33:12 [BESTIARY] §f                              §b§lGoblin §7§8III §8➡§b §bIV
20:33:12 [BESTIARY] 
20:33:12 [BESTIARY] §f                                  §r§6§lREWARDS
20:33:12 [BESTIARY] §f                          §r§8+§r§a2 Goblin §r§b✯ Magic Find
20:33:12 [BESTIARY] §f                           §r§8+§r§a2 Goblin §r§c❁ Strength
20:33:12 [BESTIARY] §f                              §r§8+§r§62% §r§aGoblin §r§7coins
20:33:12 [BESTIARY] §f                    §r§8+§r§a50% §r§7chance for extra XP orbs
20:33:12 [BESTIARY] §f                               §r§8+§r§b1 SkyBlock XP
20:33:12 [BESTIARY] 
20:33:12 [BESTIARY] §3§l▬▬▬▬▬▬▬▬▬▬▬▬▬▬▬▬▬▬▬▬▬▬▬▬▬▬▬▬▬▬▬▬▬▬▬▬▬▬▬▬▬▬▬▬▬▬▬▬▬▬▬▬▬▬▬▬▬▬▬▬▬▬▬▬
20:33:46 [STASH_COMPACT] §f                     §7You have §a2 §7items stashed away!
20:33:46 [STASH_COMPACT] §f                §6§l>>> §6§lCLICK HERE§e to pick them up! §6§l<<<
20:33:46 [STASH_COMPACT]   
20:33:46 [STASH_COMPACT] §f                §7You have §31,785 §7materials stashed away!
20:33:46 [STASH_COMPACT] §f               §8(This totals 1 type of material stashed!)
20:33:46 [STASH_COMPACT] §f                §3§l>>> §3§lCLICK HERE§b to pick them up! §3§l<<<
20:33:46 [STASH_COMPACT]   
20:34:46 [STASH_COMPACT] §f                     §7You have §a2 §7items stashed away!
20:34:46 [STASH_COMPACT] §f                §6§l>>> §6§lCLICK HERE§e to pick them up! §6§l<<<
20:34:46 [STASH_COMPACT]   
20:34:46 [STASH_COMPACT] §f                §7You have §31,785 §7materials stashed away!
20:34:46 [STASH_COMPACT] §f               §8(This totals 1 type of material stashed!)
20:34:46 [STASH_COMPACT] §f                §3§l>>> §3§lCLICK HERE§b to pick them up! §3§l<<<
20:34:46 [STASH_COMPACT]   
20:35:16 [BESTIARY] §f                                  §6§lBESTIARY
20:35:16 [BESTIARY] §f                               §b§lGoblin §7§8IV §8➡§b §bV
20:35:16 [BESTIARY] 
20:35:16 [BESTIARY] §f                                  §r§6§lREWARDS
20:35:16 [BESTIARY] §f                          §r§8+§r§a2 Goblin §r§b✯ Magic Find
20:35:16 [BESTIARY] §f                           §r§8+§r§a2 Goblin §r§c❁ Strength
20:35:16 [BESTIARY] §f                              §r§8+§r§62% §r§aGoblin §r§7coins
20:35:16 [BESTIARY] §f                    §r§8+§r§a50% §r§7chance for extra XP orbs
20:35:16 [BESTIARY] §f                               §r§8+§r§b1 SkyBlock XP
20:35:16 [BESTIARY] 
20:35:16 [BESTIARY] §3§l▬▬▬▬▬▬▬▬▬▬▬▬▬▬▬▬▬▬▬▬▬▬▬▬▬▬▬▬▬▬▬▬▬▬▬▬▬▬▬▬▬▬▬▬▬▬▬▬▬▬▬▬▬▬▬▬▬▬▬▬▬▬▬▬
20:35:47 [STASH_COMPACT] §f                     §7You have §a2 §7items stashed away!
20:35:47 [STASH_COMPACT] §f                §6§l>>> §6§lCLICK HERE§e to pick them up! §6§l<<<
20:35:47 [STASH_COMPACT]   
20:35:47 [STASH_COMPACT] §f                §7You have §31,785 §7materials stashed away!
20:35:47 [STASH_COMPACT] §f               §8(This totals 1 type of material stashed!)
20:35:47 [STASH_COMPACT] §f                §3§l>>> §3§lCLICK HERE§b to pick them up! §3§l<<<
20:35:47 [STASH_COMPACT]   
20:36:47 [STASH_COMPACT] §f                     §7You have §a2 §7items stashed away!
20:36:47 [STASH_COMPACT] §f                §6§l>>> §6§lCLICK HERE§e to pick them up! §6§l<<<
20:36:47 [STASH_COMPACT]   
20:36:47 [STASH_COMPACT] §f                §7You have §31,785 §7materials stashed away!
20:36:47 [STASH_COMPACT] §f               §8(This totals 1 type of material stashed!)
20:36:47 [STASH_COMPACT] §f                §3§l>>> §3§lCLICK HERE§b to pick them up! §3§l<<<
20:36:47 [STASH_COMPACT]   
20:37:48 [STASH_COMPACT] §f                     §7You have §a2 §7items stashed away!
20:37:48 [STASH_COMPACT] §f                §6§l>>> §6§lCLICK HERE§e to pick them up! §6§l<<<
20:37:48 [STASH_COMPACT]   
20:37:48 [STASH_COMPACT] §f                §7You have §31,785 §7materials stashed away!
20:37:48 [STASH_COMPACT] §f               §8(This totals 1 type of material stashed!)
20:37:48 [STASH_COMPACT] §f                §3§l>>> §3§lCLICK HERE§b to pick them up! §3§l<<<
20:37:48 [STASH_COMPACT]   
20:38:25 [BESTIARY] §f                                  §6§lBESTIARY
20:38:25 [BESTIARY] §f                               §b§lGoblin §7§8V §8➡§b §bVI
20:38:25 [BESTIARY] 
20:38:25 [BESTIARY] §f                                  §r§6§lREWARDS
20:38:25 [BESTIARY] §f                          §r§8+§r§a3 Goblin §r§b✯ Magic Find
20:38:25 [BESTIARY] §f                           §r§8+§r§a3 Goblin §r§c❁ Strength
20:38:25 [BESTIARY] §f                              §r§8+§r§62% §r§aGoblin §r§7coins
20:38:25 [BESTIARY] §f                    §r§8+§r§a50% §r§7chance for extra XP orbs
20:38:25 [BESTIARY] §f                               §r§8+§r§b1 SkyBlock XP
20:38:25 [BESTIARY] 
20:38:25 [BESTIARY] §3§l▬▬▬▬▬▬▬▬▬▬▬▬▬▬▬▬▬▬▬▬▬▬▬▬▬▬▬▬▬▬▬▬▬▬▬▬▬▬▬▬▬▬▬▬▬▬▬▬▬▬▬▬▬▬▬▬▬▬▬▬▬▬▬▬
20:38:49 [STASH_COMPACT] §f                     §7You have §a2 §7items stashed away!
20:38:49 [STASH_COMPACT] §f                §6§l>>> §6§lCLICK HERE§e to pick them up! §6§l<<<
20:38:49 [STASH_COMPACT]   
20:38:49 [STASH_COMPACT] §f                §7You have §31,785 §7materials stashed away!
20:38:49 [STASH_COMPACT] §f               §8(This totals 1 type of material stashed!)
20:38:49 [STASH_COMPACT] §f                §3§l>>> §3§lCLICK HERE§b to pick them up! §3§l<<<
20:38:49 [STASH_COMPACT]   
20:39:49 [STASH_COMPACT] §f                     §7You have §a2 §7items stashed away!
20:39:49 [STASH_COMPACT] §f                §6§l>>> §6§lCLICK HERE§e to pick them up! §6§l<<<
20:39:49 [STASH_COMPACT]   
20:39:49 [STASH_COMPACT] §f                §7You have §31,785 §7materials stashed away!
20:39:49 [STASH_COMPACT] §f               §8(This totals 1 type of material stashed!)
20:39:49 [STASH_COMPACT] §f                §3§l>>> §3§lCLICK HERE§b to pick them up! §3§l<<<
20:39:49 [STASH_COMPACT]   
20:40:50 [STASH_COMPACT] §f                     §7You have §a2 §7items stashed away!
20:40:50 [STASH_COMPACT] §f                §6§l>>> §6§lCLICK HERE§e to pick them up! §6§l<<<
20:40:50 [STASH_COMPACT]   
20:40:50 [STASH_COMPACT] §f                §7You have §31,785 §7materials stashed away!
20:40:50 [STASH_COMPACT] §f               §8(This totals 1 type of material stashed!)
20:40:50 [STASH_COMPACT] §f                §3§l>>> §3§lCLICK HERE§b to pick them up! §3§l<<<
20:40:50 [STASH_COMPACT]   
20:41:50 [STASH_COMPACT] §f                     §7You have §a2 §7items stashed away!
20:41:50 [STASH_COMPACT] §f                §6§l>>> §6§lCLICK HERE§e to pick them up! §6§l<<<
20:41:50 [STASH_COMPACT]   
20:41:50 [STASH_COMPACT] §f                §7You have §31,785 §7materials stashed away!
20:41:50 [STASH_COMPACT] §f               §8(This totals 1 type of material stashed!)
20:41:50 [STASH_COMPACT] §f                §3§l>>> §3§lCLICK HERE§b to pick them up! §3§l<<<
20:41:50 [STASH_COMPACT]   
20:43:52 [STASH_COMPACT] §f                     §7You have §a2 §7items stashed away!
20:43:52 [STASH_COMPACT] §f                §6§l>>> §6§lCLICK HERE§e to pick them up! §6§l<<<
20:43:52 [STASH_COMPACT]   
20:43:52 [STASH_COMPACT] §f                §7You have §31,785 §7materials stashed away!
20:43:52 [STASH_COMPACT] §f               §8(This totals 1 type of material stashed!)
20:43:52 [STASH_COMPACT] §f                §3§l>>> §3§lCLICK HERE§b to pick them up! §3§l<<<
20:43:52 [STASH_COMPACT]   
20:44:52 [STASH_COMPACT] §f                     §7You have §a2 §7items stashed away!
20:44:52 [STASH_COMPACT] §f                §6§l>>> §6§lCLICK HERE§e to pick them up! §6§l<<<
20:44:52 [STASH_COMPACT]   
20:44:52 [STASH_COMPACT] §f                §7You have §31,785 §7materials stashed away!
20:44:52 [STASH_COMPACT] §f               §8(This totals 1 type of material stashed!)
20:44:52 [STASH_COMPACT] §f                §3§l>>> §3§lCLICK HERE§b to pick them up! §3§l<<<
20:44:52 [STASH_COMPACT]   
20:45:52 [STASH_COMPACT] §f                     §7You have §a2 §7items stashed away!
20:45:52 [STASH_COMPACT] §f                §6§l>>> §6§lCLICK HERE§e to pick them up! §6§l<<<
20:45:52 [STASH_COMPACT]   
20:45:52 [STASH_COMPACT] §f                §7You have §31,785 §7materials stashed away!
20:45:52 [STASH_COMPACT] §f               §8(This totals 1 type of material stashed!)
20:45:52 [STASH_COMPACT] §f                §3§l>>> §3§lCLICK HERE§b to pick them up! §3§l<<<
20:45:52 [STASH_COMPACT]   
20:46:53 [STASH_COMPACT] §f                     §7You have §a2 §7items stashed away!
20:46:53 [STASH_COMPACT] §f                §6§l>>> §6§lCLICK HERE§e to pick them up! §6§l<<<
20:46:53 [STASH_COMPACT]   
20:46:53 [STASH_COMPACT] §f                §7You have §31,785 §7materials stashed away!
20:46:53 [STASH_COMPACT] §f               §8(This totals 1 type of material stashed!)
20:46:53 [STASH_COMPACT] §f                §3§l>>> §3§lCLICK HERE§b to pick them up! §3§l<<<
20:46:53 [STASH_COMPACT]   
20:47:53 [STASH_COMPACT] §f                     §7You have §a2 §7items stashed away!
20:47:53 [STASH_COMPACT] §f                §6§l>>> §6§lCLICK HERE§e to pick them up! §6§l<<<
20:47:53 [STASH_COMPACT]   
20:47:53 [STASH_COMPACT] §f                §7You have §31,785 §7materials stashed away!
20:47:53 [STASH_COMPACT] §f               §8(This totals 1 type of material stashed!)
20:47:53 [STASH_COMPACT] §f                §3§l>>> §3§lCLICK HERE§b to pick them up! §3§l<<<
20:47:53 [STASH_COMPACT]   
20:48:54 [STASH_COMPACT] §f                     §7You have §a2 §7items stashed away!
20:48:54 [STASH_COMPACT] §f                §6§l>>> §6§lCLICK HERE§e to pick them up! §6§l<<<
20:48:54 [STASH_COMPACT]   
20:48:54 [STASH_COMPACT] §f                §7You have §31,785 §7materials stashed away!
20:48:54 [STASH_COMPACT] §f               §8(This totals 1 type of material stashed!)
20:48:54 [STASH_COMPACT] §f                §3§l>>> §3§lCLICK HERE§b to pick them up! §3§l<<<
20:48:54 [STASH_COMPACT]   
20:49:54 [STASH_COMPACT] §f                     §7You have §a2 §7items stashed away!
20:49:54 [STASH_COMPACT] §f                §6§l>>> §6§lCLICK HERE§e to pick them up! §6§l<<<
20:49:54 [STASH_COMPACT]   
20:49:54 [STASH_COMPACT] §f                §7You have §31,785 §7materials stashed away!
20:49:54 [STASH_COMPACT] §f               §8(This totals 1 type of material stashed!)
20:49:54 [STASH_COMPACT] §f                §3§l>>> §3§lCLICK HERE§b to pick them up! §3§l<<<
20:49:54 [STASH_COMPACT]   
20:50:55 [STASH_COMPACT] §f                     §7You have §a2 §7items stashed away!
20:50:55 [STASH_COMPACT] §f                §6§l>>> §6§lCLICK HERE§e to pick them up! §6§l<<<
20:50:55 [STASH_COMPACT]   
20:50:55 [STASH_COMPACT] §f                §7You have §31,785 §7materials stashed away!
20:50:55 [STASH_COMPACT] §f               §8(This totals 1 type of material stashed!)
20:50:55 [STASH_COMPACT] §f                §3§l>>> §3§lCLICK HERE§b to pick them up! §3§l<<<
20:50:55 [STASH_COMPACT]   
20:51:55 [STASH_COMPACT] §f                     §7You have §a2 §7items stashed away!
20:51:55 [STASH_COMPACT] §f                §6§l>>> §6§lCLICK HERE§e to pick them up! §6§l<<<
20:51:55 [STASH_COMPACT]   
20:51:55 [STASH_COMPACT] §f                §7You have §31,785 §7materials stashed away!
20:51:55 [STASH_COMPACT] §f               §8(This totals 1 type of material stashed!)
20:51:55 [STASH_COMPACT] §f                §3§l>>> §3§lCLICK HERE§b to pick them up! §3§l<<<
20:51:55 [STASH_COMPACT]   
20:52:56 [STASH_COMPACT] §f                     §7You have §a2 §7items stashed away!
20:52:56 [STASH_COMPACT] §f                §6§l>>> §6§lCLICK HERE§e to pick them up! §6§l<<<
20:52:56 [STASH_COMPACT]   
20:52:56 [STASH_COMPACT] §f                §7You have §31,785 §7materials stashed away!
20:52:56 [STASH_COMPACT] §f               §8(This totals 1 type of material stashed!)
20:52:56 [STASH_COMPACT] §f                §3§l>>> §3§lCLICK HERE§b to pick them up! §3§l<<<
20:52:56 [STASH_COMPACT]   
20:53:57 [STASH_COMPACT] §f                     §7You have §a2 §7items stashed away!
20:53:57 [STASH_COMPACT] §f                §6§l>>> §6§lCLICK HERE§e to pick them up! §6§l<<<
20:53:57 [STASH_COMPACT]   
20:53:57 [STASH_COMPACT] §f                §7You have §31,785 §7materials stashed away!
20:53:57 [STASH_COMPACT] §f               §8(This totals 1 type of material stashed!)
20:53:57 [STASH_COMPACT] §f                §3§l>>> §3§lCLICK HERE§b to pick them up! §3§l<<<
20:53:57 [STASH_COMPACT]   
20:54:57 [STASH_COMPACT] §f                     §7You have §a2 §7items stashed away!
20:54:57 [STASH_COMPACT] §f                §6§l>>> §6§lCLICK HERE§e to pick them up! §6§l<<<
20:54:57 [STASH_COMPACT]   
20:54:57 [STASH_COMPACT] §f                §7You have §31,785 §7materials stashed away!
20:54:57 [STASH_COMPACT] §f               §8(This totals 1 type of material stashed!)
20:54:57 [STASH_COMPACT] §f                §3§l>>> §3§lCLICK HERE§b to pick them up! §3§l<<<
20:54:57 [STASH_COMPACT]   
20:55:58 [STASH_COMPACT] §f                     §7You have §a2 §7items stashed away!
20:55:58 [STASH_COMPACT] §f                §6§l>>> §6§lCLICK HERE§e to pick them up! §6§l<<<
20:55:58 [STASH_COMPACT]   
20:55:58 [STASH_COMPACT] §f                §7You have §31,785 §7materials stashed away!
20:55:58 [STASH_COMPACT] §f               §8(This totals 1 type of material stashed!)
20:55:58 [STASH_COMPACT] §f                §3§l>>> §3§lCLICK HERE§b to pick them up! §3§l<<<
20:55:58 [STASH_COMPACT]   
20:56:59 [STASH_COMPACT] §f                     §7You have §a2 §7items stashed away!
20:56:59 [STASH_COMPACT] §f                §6§l>>> §6§lCLICK HERE§e to pick them up! §6§l<<<
20:56:59 [STASH_COMPACT]   
20:56:59 [STASH_COMPACT] §f                §7You have §31,785 §7materials stashed away!
20:56:59 [STASH_COMPACT] §f               §8(This totals 1 type of material stashed!)
20:56:59 [STASH_COMPACT] §f                §3§l>>> §3§lCLICK HERE§b to pick them up! §3§l<<<
20:56:59 [STASH_COMPACT]   
20:58:00 [STASH_COMPACT] §f                     §7You have §a2 §7items stashed away!
20:58:00 [STASH_COMPACT] §f                §6§l>>> §6§lCLICK HERE§e to pick them up! §6§l<<<
20:58:00 [STASH_COMPACT]   
20:58:00 [STASH_COMPACT] §f                §7You have §31,785 §7materials stashed away!
20:58:00 [STASH_COMPACT] §f               §8(This totals 1 type of material stashed!)
20:58:00 [STASH_COMPACT] §f                §3§l>>> §3§lCLICK HERE§b to pick them up! §3§l<<<
20:58:00 [STASH_COMPACT]   
20:59:00 [STASH_COMPACT] §f                     §7You have §a2 §7items stashed away!
20:59:00 [STASH_COMPACT] §f                §6§l>>> §6§lCLICK HERE§e to pick them up! §6§l<<<
20:59:00 [STASH_COMPACT]   
20:59:00 [STASH_COMPACT] §f                §7You have §31,785 §7materials stashed away!
20:59:00 [STASH_COMPACT] §f               §8(This totals 1 type of material stashed!)
20:59:00 [STASH_COMPACT] §f                §3§l>>> §3§lCLICK HERE§b to pick them up! §3§l<<<
20:59:00 [STASH_COMPACT]   
21:00:01 [STASH_COMPACT] §f                     §7You have §a2 §7items stashed away!
21:00:01 [STASH_COMPACT] §f                §6§l>>> §6§lCLICK HERE§e to pick them up! §6§l<<<
21:00:01 [STASH_COMPACT]   
21:00:01 [STASH_COMPACT] §f                §7You have §31,785 §7materials stashed away!
21:00:01 [STASH_COMPACT] §f               §8(This totals 1 type of material stashed!)
21:00:01 [STASH_COMPACT] §f                §3§l>>> §3§lCLICK HERE§b to pick them up! §3§l<<<
21:00:01 [STASH_COMPACT]   
21:01:02 [STASH_COMPACT] §f                     §7You have §a2 §7items stashed away!
21:01:02 [STASH_COMPACT] §f                §6§l>>> §6§lCLICK HERE§e to pick them up! §6§l<<<
21:01:02 [STASH_COMPACT]   
21:01:02 [STASH_COMPACT] §f                §7You have §31,785 §7materials stashed away!
21:01:02 [STASH_COMPACT] §f               §8(This totals 1 type of material stashed!)
21:01:02 [STASH_COMPACT] §f                §3§l>>> §3§lCLICK HERE§b to pick them up! §3§l<<<
21:01:02 [STASH_COMPACT]   
21:02:02 [STASH_COMPACT] §f                     §7You have §a2 §7items stashed away!
21:02:02 [STASH_COMPACT] §f                §6§l>>> §6§lCLICK HERE§e to pick them up! §6§l<<<
21:02:02 [STASH_COMPACT]   
21:02:02 [STASH_COMPACT] §f                §7You have §31,785 §7materials stashed away!
21:02:02 [STASH_COMPACT] §f               §8(This totals 1 type of material stashed!)
21:02:02 [STASH_COMPACT] §f                §3§l>>> §3§lCLICK HERE§b to pick them up! §3§l<<<
21:02:02 [STASH_COMPACT]   
21:03:03 [STASH_COMPACT] §f                     §7You have §a2 §7items stashed away!
21:03:03 [STASH_COMPACT] §f                §6§l>>> §6§lCLICK HERE§e to pick them up! §6§l<<<
21:03:03 [STASH_COMPACT]   
21:03:03 [STASH_COMPACT] §f                §7You have §31,785 §7materials stashed away!
21:03:03 [STASH_COMPACT] §f               §8(This totals 1 type of material stashed!)
21:03:03 [STASH_COMPACT] §f                §3§l>>> §3§lCLICK HERE§b to pick them up! §3§l<<<
21:03:03 [STASH_COMPACT]   
21:04:04 [STASH_COMPACT] §f                     §7You have §a2 §7items stashed away!
21:04:04 [STASH_COMPACT] §f                §6§l>>> §6§lCLICK HERE§e to pick them up! §6§l<<<
21:04:04 [STASH_COMPACT]   
21:04:04 [STASH_COMPACT] §f                §7You have §31,785 §7materials stashed away!
21:04:04 [STASH_COMPACT] §f               §8(This totals 1 type of material stashed!)
21:04:04 [STASH_COMPACT] §f                §3§l>>> §3§lCLICK HERE§b to pick them up! §3§l<<<
21:04:04 [STASH_COMPACT]   
21:05:05 [STASH_COMPACT] §f                     §7You have §a2 §7items stashed away!
21:05:05 [STASH_COMPACT] §f                §6§l>>> §6§lCLICK HERE§e to pick them up! §6§l<<<
21:05:05 [STASH_COMPACT]   
21:05:05 [STASH_COMPACT] §f                §7You have §31,785 §7materials stashed away!
21:05:05 [STASH_COMPACT] §f               §8(This totals 1 type of material stashed!)
21:05:05 [STASH_COMPACT] §f                §3§l>>> §3§lCLICK HERE§b to pick them up! §3§l<<<
21:05:05 [STASH_COMPACT]   
21:06:06 [STASH_COMPACT] §f                     §7You have §a2 §7items stashed away!
21:06:06 [STASH_COMPACT] §f                §6§l>>> §6§lCLICK HERE§e to pick them up! §6§l<<<
21:06:06 [STASH_COMPACT]   
21:06:06 [STASH_COMPACT] §f                §7You have §31,785 §7materials stashed away!
21:06:06 [STASH_COMPACT] §f               §8(This totals 1 type of material stashed!)
21:06:06 [STASH_COMPACT] §f                §3§l>>> §3§lCLICK HERE§b to pick them up! §3§l<<<
21:06:06 [STASH_COMPACT]   
21:07:06 [STASH_COMPACT] §f                     §7You have §a2 §7items stashed away!
21:07:06 [STASH_COMPACT] §f                §6§l>>> §6§lCLICK HERE§e to pick them up! §6§l<<<
21:07:06 [STASH_COMPACT]   
21:07:06 [STASH_COMPACT] §f                §7You have §31,785 §7materials stashed away!
21:07:06 [STASH_COMPACT] §f               §8(This totals 1 type of material stashed!)
21:07:06 [STASH_COMPACT] §f                §3§l>>> §3§lCLICK HERE§b to pick them up! §3§l<<<
21:07:06 [STASH_COMPACT]   
21:08:07 [STASH_COMPACT] §f                     §7You have §a2 §7items stashed away!
21:08:07 [STASH_COMPACT] §f                §6§l>>> §6§lCLICK HERE§e to pick them up! §6§l<<<
21:08:07 [STASH_COMPACT]   
21:08:07 [STASH_COMPACT] §f                §7You have §31,785 §7materials stashed away!
21:08:07 [STASH_COMPACT] §f               §8(This totals 1 type of material stashed!)
21:08:07 [STASH_COMPACT] §f                §3§l>>> §3§lCLICK HERE§b to pick them up! §3§l<<<
21:08:07 [STASH_COMPACT]   
21:09:08 [STASH_COMPACT] §f                     §7You have §a2 §7items stashed away!
21:09:08 [STASH_COMPACT] §f                §6§l>>> §6§lCLICK HERE§e to pick them up! §6§l<<<
21:09:08 [STASH_COMPACT]   
21:09:08 [STASH_COMPACT] §f                §7You have §31,785 §7materials stashed away!
21:09:08 [STASH_COMPACT] §f               §8(This totals 1 type of material stashed!)
21:09:08 [STASH_COMPACT] §f                §3§l>>> §3§lCLICK HERE§b to pick them up! §3§l<<<
21:09:08 [STASH_COMPACT]   
21:10:09 [STASH_COMPACT] §f                     §7You have §a2 §7items stashed away!
21:10:09 [STASH_COMPACT] §f                §6§l>>> §6§lCLICK HERE§e to pick them up! §6§l<<<
21:10:09 [STASH_COMPACT]   
21:10:09 [STASH_COMPACT] §f                §7You have §31,785 §7materials stashed away!
21:10:09 [STASH_COMPACT] §f               §8(This totals 1 type of material stashed!)
21:10:09 [STASH_COMPACT] §f                §3§l>>> §3§lCLICK HERE§b to pick them up! §3§l<<<
21:10:09 [STASH_COMPACT]   
21:11:09 [STASH_COMPACT] §f                     §7You have §a2 §7items stashed away!
21:11:09 [STASH_COMPACT] §f                §6§l>>> §6§lCLICK HERE§e to pick them up! §6§l<<<
21:11:09 [STASH_COMPACT]   
21:11:09 [STASH_COMPACT] §f                §7You have §31,785 §7materials stashed away!
21:11:09 [STASH_COMPACT] §f               §8(This totals 1 type of material stashed!)
21:11:09 [STASH_COMPACT] §f                §3§l>>> §3§lCLICK HERE§b to pick them up! §3§l<<<
21:11:09 [STASH_COMPACT]   
21:12:10 [STASH_COMPACT] §f                     §7You have §a2 §7items stashed away!
21:12:10 [STASH_COMPACT] §f                §6§l>>> §6§lCLICK HERE§e to pick them up! §6§l<<<
21:12:10 [STASH_COMPACT]   
21:12:10 [STASH_COMPACT] §f                §7You have §31,785 §7materials stashed away!
21:12:10 [STASH_COMPACT] §f               §8(This totals 1 type of material stashed!)
21:12:10 [STASH_COMPACT] §f                §3§l>>> §3§lCLICK HERE§b to pick them up! §3§l<<<
21:12:10 [STASH_COMPACT]   
21:13:11 [STASH_COMPACT] §f                     §7You have §a2 §7items stashed away!
21:13:11 [STASH_COMPACT] §f                §6§l>>> §6§lCLICK HERE§e to pick them up! §6§l<<<
21:13:11 [STASH_COMPACT]   
21:13:11 [STASH_COMPACT] §f                §7You have §31,785 §7materials stashed away!
21:13:11 [STASH_COMPACT] §f               §8(This totals 1 type of material stashed!)
21:13:11 [STASH_COMPACT] §f                §3§l>>> §3§lCLICK HERE§b to pick them up! §3§l<<<
21:13:11 [STASH_COMPACT]   
21:14:11 [STASH_COMPACT] §f                     §7You have §a2 §7items stashed away!
21:14:11 [STASH_COMPACT] §f                §6§l>>> §6§lCLICK HERE§e to pick them up! §6§l<<<
21:14:11 [STASH_COMPACT]   
21:14:11 [STASH_COMPACT] §f                §7You have §31,785 §7materials stashed away!
21:14:11 [STASH_COMPACT] §f               §8(This totals 1 type of material stashed!)
21:14:11 [STASH_COMPACT] §f                §3§l>>> §3§lCLICK HERE§b to pick them up! §3§l<<<
21:14:11 [STASH_COMPACT]   
21:15:12 [STASH_COMPACT] §f                     §7You have §a2 §7items stashed away!
21:15:12 [STASH_COMPACT] §f                §6§l>>> §6§lCLICK HERE§e to pick them up! §6§l<<<
21:15:12 [STASH_COMPACT]   
21:15:12 [STASH_COMPACT] §f                §7You have §31,785 §7materials stashed away!
21:15:12 [STASH_COMPACT] §f               §8(This totals 1 type of material stashed!)
21:15:12 [STASH_COMPACT] §f                §3§l>>> §3§lCLICK HERE§b to pick them up! §3§l<<<
21:15:12 [STASH_COMPACT]   
21:16:12 [STASH_COMPACT] §f                     §7You have §a2 §7items stashed away!
21:16:12 [STASH_COMPACT] §f                §6§l>>> §6§lCLICK HERE§e to pick them up! §6§l<<<
21:16:12 [STASH_COMPACT]   
21:16:12 [STASH_COMPACT] §f                §7You have §31,785 §7materials stashed away!
21:16:12 [STASH_COMPACT] §f               §8(This totals 1 type of material stashed!)
21:16:12 [STASH_COMPACT] §f                §3§l>>> §3§lCLICK HERE§b to pick them up! §3§l<<<
21:16:12 [STASH_COMPACT]   
21:17:13 [STASH_COMPACT] §f                     §7You have §a2 §7items stashed away!
21:17:13 [STASH_COMPACT] §f                §6§l>>> §6§lCLICK HERE§e to pick them up! §6§l<<<
21:17:13 [STASH_COMPACT]   
21:17:13 [STASH_COMPACT] §f                §7You have §31,785 §7materials stashed away!
21:17:13 [STASH_COMPACT] §f               §8(This totals 1 type of material stashed!)
21:17:13 [STASH_COMPACT] §f                §3§l>>> §3§lCLICK HERE§b to pick them up! §3§l<<<
21:17:13 [STASH_COMPACT]   
21:18:14 [STASH_COMPACT] §f                     §7You have §a2 §7items stashed away!
21:18:14 [STASH_COMPACT] §f                §6§l>>> §6§lCLICK HERE§e to pick them up! §6§l<<<
21:18:14 [STASH_COMPACT]   
21:18:14 [STASH_COMPACT] §f                §7You have §31,785 §7materials stashed away!
21:18:14 [STASH_COMPACT] §f               §8(This totals 1 type of material stashed!)
21:18:14 [STASH_COMPACT] §f                §3§l>>> §3§lCLICK HERE§b to pick them up! §3§l<<<
21:18:14 [STASH_COMPACT]   
21:19:14 [STASH_COMPACT] §f                     §7You have §a2 §7items stashed away!
21:19:14 [STASH_COMPACT] §f                §6§l>>> §6§lCLICK HERE§e to pick them up! §6§l<<<
21:19:14 [STASH_COMPACT]   
21:19:14 [STASH_COMPACT] §f                §7You have §31,785 §7materials stashed away!
21:19:14 [STASH_COMPACT] §f               §8(This totals 1 type of material stashed!)
21:19:14 [STASH_COMPACT] §f                §3§l>>> §3§lCLICK HERE§b to pick them up! §3§l<<<
21:19:14 [STASH_COMPACT]   
21:20:05 [BESTIARY] §f                                  §6§lBESTIARY
21:20:05 [BESTIARY] §f                             §b§lGolden Goblin §7§bI
21:20:05 [BESTIARY] 
21:20:05 [BESTIARY] §f                                  §r§6§lREWARDS
21:20:05 [BESTIARY] §f                      §r§8+§r§a2 Golden Goblin §r§b✯ Magic Find
21:20:05 [BESTIARY] §f                      §r§8+§r§a2 Golden Goblin §r§c❁ Strength
21:20:05 [BESTIARY] §f                          §r§8+§r§62% §r§aGolden Goblin §r§7coins
21:20:05 [BESTIARY] §f                    §r§8+§r§a50% §r§7chance for extra XP orbs
21:20:05 [BESTIARY] §f                               §r§8+§r§b1 SkyBlock XP
21:20:05 [BESTIARY] 
21:20:05 [BESTIARY] §3§l▬▬▬▬▬▬▬▬▬▬▬▬▬▬▬▬▬▬▬▬▬▬▬▬▬▬▬▬▬▬▬▬▬▬▬▬▬▬▬▬▬▬▬▬▬▬▬▬▬▬▬▬▬▬▬▬▬▬▬▬▬▬▬▬
21:20:15 [STASH_COMPACT] §f                     §7You have §a2 §7items stashed away!
21:20:15 [STASH_COMPACT] §f                §6§l>>> §6§lCLICK HERE§e to pick them up! §6§l<<<
21:20:15 [STASH_COMPACT]   
21:20:15 [STASH_COMPACT] §f                §7You have §31,785 §7materials stashed away!
21:20:15 [STASH_COMPACT] §f               §8(This totals 1 type of material stashed!)
21:20:15 [STASH_COMPACT] §f                §3§l>>> §3§lCLICK HERE§b to pick them up! §3§l<<<
21:20:15 [STASH_COMPACT]   
21:21:15 [STASH_COMPACT] §f                     §7You have §a2 §7items stashed away!
21:21:15 [STASH_COMPACT] §f                §6§l>>> §6§lCLICK HERE§e to pick them up! §6§l<<<
21:21:16 [STASH_COMPACT]   
21:21:16 [STASH_COMPACT] §f                §7You have §31,785 §7materials stashed away!
21:21:16 [STASH_COMPACT] §f               §8(This totals 1 type of material stashed!)
21:21:16 [STASH_COMPACT] §f                §3§l>>> §3§lCLICK HERE§b to pick them up! §3§l<<<
21:21:16 [STASH_COMPACT]   
21:22:16 [STASH_COMPACT] §f                     §7You have §a2 §7items stashed away!
21:22:16 [STASH_COMPACT] §f                §6§l>>> §6§lCLICK HERE§e to pick them up! §6§l<<<
21:22:16 [STASH_COMPACT]   
21:22:16 [STASH_COMPACT] §f                §7You have §31,785 §7materials stashed away!
21:22:16 [STASH_COMPACT] §f               §8(This totals 1 type of material stashed!)
21:22:16 [STASH_COMPACT] §f                §3§l>>> §3§lCLICK HERE§b to pick them up! §3§l<<<
21:22:16 [STASH_COMPACT]   
21:23:17 [STASH_COMPACT] §f                     §7You have §a2 §7items stashed away!
21:23:17 [STASH_COMPACT] §f                §6§l>>> §6§lCLICK HERE§e to pick them up! §6§l<<<
21:23:17 [STASH_COMPACT]   
21:23:17 [STASH_COMPACT] §f                §7You have §31,785 §7materials stashed away!
21:23:17 [STASH_COMPACT] §f               §8(This totals 1 type of material stashed!)
21:23:17 [STASH_COMPACT] §f                §3§l>>> §3§lCLICK HERE§b to pick them up! §3§l<<<
21:23:17 [STASH_COMPACT]   
21:24:17 [STASH_COMPACT] §f                     §7You have §a2 §7items stashed away!
21:24:17 [STASH_COMPACT] §f                §6§l>>> §6§lCLICK HERE§e to pick them up! §6§l<<<
21:24:17 [STASH_COMPACT]   
21:24:17 [STASH_COMPACT] §f                §7You have §31,785 §7materials stashed away!
21:24:17 [STASH_COMPACT] §f               §8(This totals 1 type of material stashed!)
21:24:17 [STASH_COMPACT] §f                §3§l>>> §3§lCLICK HERE§b to pick them up! §3§l<<<
21:24:17 [STASH_COMPACT]   
21:25:18 [STASH_COMPACT] §f                     §7You have §a2 §7items stashed away!
21:25:18 [STASH_COMPACT] §f                §6§l>>> §6§lCLICK HERE§e to pick them up! §6§l<<<
21:25:18 [STASH_COMPACT]   
21:25:18 [STASH_COMPACT] §f                §7You have §31,785 §7materials stashed away!
21:25:18 [STASH_COMPACT] §f               §8(This totals 1 type of material stashed!)
21:25:18 [STASH_COMPACT] §f                §3§l>>> §3§lCLICK HERE§b to pick them up! §3§l<<<
21:25:18 [STASH_COMPACT]   
21:26:18 [STASH_COMPACT] §f                     §7You have §a2 §7items stashed away!
21:26:18 [STASH_COMPACT] §f                §6§l>>> §6§lCLICK HERE§e to pick them up! §6§l<<<
21:26:18 [STASH_COMPACT]   
21:26:18 [STASH_COMPACT] §f                §7You have §31,785 §7materials stashed away!
21:26:18 [STASH_COMPACT] §f               §8(This totals 1 type of material stashed!)
21:26:18 [STASH_COMPACT] §f                §3§l>>> §3§lCLICK HERE§b to pick them up! §3§l<<<
21:26:18 [STASH_COMPACT]   
21:27:19 [STASH_COMPACT] §f                     §7You have §a2 §7items stashed away!
21:27:19 [STASH_COMPACT] §f                §6§l>>> §6§lCLICK HERE§e to pick them up! §6§l<<<
21:27:19 [STASH_COMPACT]   
21:27:19 [STASH_COMPACT] §f                §7You have §31,785 §7materials stashed away!
21:27:19 [STASH_COMPACT] §f               §8(This totals 1 type of material stashed!)
21:27:19 [STASH_COMPACT] §f                §3§l>>> §3§lCLICK HERE§b to pick them up! §3§l<<<
21:27:19 [STASH_COMPACT]   
21:28:20 [STASH_COMPACT] §f                     §7You have §a2 §7items stashed away!
21:28:20 [STASH_COMPACT] §f                §6§l>>> §6§lCLICK HERE§e to pick them up! §6§l<<<
21:28:20 [STASH_COMPACT]   
21:28:20 [STASH_COMPACT] §f                §7You have §31,785 §7materials stashed away!
21:28:20 [STASH_COMPACT] §f               §8(This totals 1 type of material stashed!)
21:28:20 [STASH_COMPACT] §f                §3§l>>> §3§lCLICK HERE§b to pick them up! §3§l<<<
21:28:20 [STASH_COMPACT]   
21:29:20 [STASH_COMPACT] §f                     §7You have §a2 §7items stashed away!
21:29:20 [STASH_COMPACT] §f                §6§l>>> §6§lCLICK HERE§e to pick them up! §6§l<<<
21:29:20 [STASH_COMPACT]   
21:29:20 [STASH_COMPACT] §f                §7You have §31,785 §7materials stashed away!
21:29:20 [STASH_COMPACT] §f               §8(This totals 1 type of material stashed!)
21:29:20 [STASH_COMPACT] §f                §3§l>>> §3§lCLICK HERE§b to pick them up! §3§l<<<
21:29:20 [STASH_COMPACT]   
21:30:21 [STASH_COMPACT] §f                     §7You have §a2 §7items stashed away!
21:30:21 [STASH_COMPACT] §f                §6§l>>> §6§lCLICK HERE§e to pick them up! §6§l<<<
21:30:21 [STASH_COMPACT]   
21:30:21 [STASH_COMPACT] §f                §7You have §31,785 §7materials stashed away!
21:30:21 [STASH_COMPACT] §f               §8(This totals 1 type of material stashed!)
21:30:21 [STASH_COMPACT] §f                §3§l>>> §3§lCLICK HERE§b to pick them up! §3§l<<<
21:30:21 [STASH_COMPACT]   
21:31:22 [STASH_COMPACT] §f                     §7You have §a2 §7items stashed away!
21:31:22 [STASH_COMPACT] §f                §6§l>>> §6§lCLICK HERE§e to pick them up! §6§l<<<
21:31:22 [STASH_COMPACT]   
21:31:22 [STASH_COMPACT] §f                §7You have §31,785 §7materials stashed away!
21:31:22 [STASH_COMPACT] §f               §8(This totals 1 type of material stashed!)
21:31:22 [STASH_COMPACT] §f                §3§l>>> §3§lCLICK HERE§b to pick them up! §3§l<<<
21:31:22 [STASH_COMPACT]   
21:32:22 [STASH_COMPACT] §f                     §7You have §a2 §7items stashed away!
21:32:22 [STASH_COMPACT] §f                §6§l>>> §6§lCLICK HERE§e to pick them up! §6§l<<<
21:32:22 [STASH_COMPACT]   
21:32:22 [STASH_COMPACT] §f                §7You have §31,785 §7materials stashed away!
21:32:22 [STASH_COMPACT] §f               §8(This totals 1 type of material stashed!)
21:32:22 [STASH_COMPACT] §f                §3§l>>> §3§lCLICK HERE§b to pick them up! §3§l<<<
21:32:22 [STASH_COMPACT]   
21:33:23 [STASH_COMPACT] §f                     §7You have §a2 §7items stashed away!
21:33:23 [STASH_COMPACT] §f                §6§l>>> §6§lCLICK HERE§e to pick them up! §6§l<<<
21:33:23 [STASH_COMPACT]   
21:33:23 [STASH_COMPACT] §f                §7You have §31,785 §7materials stashed away!
21:33:23 [STASH_COMPACT] §f               §8(This totals 1 type of material stashed!)
21:33:23 [STASH_COMPACT] §f                §3§l>>> §3§lCLICK HERE§b to pick them up! §3§l<<<
21:33:23 [STASH_COMPACT]   
21:34:24 [STASH_COMPACT] §f                     §7You have §a2 §7items stashed away!
21:34:24 [STASH_COMPACT] §f                §6§l>>> §6§lCLICK HERE§e to pick them up! §6§l<<<
21:34:24 [STASH_COMPACT]   
21:34:24 [STASH_COMPACT] §f                §7You have §31,785 §7materials stashed away!
21:34:24 [STASH_COMPACT] §f               §8(This totals 1 type of material stashed!)
21:34:24 [STASH_COMPACT] §f                §3§l>>> §3§lCLICK HERE§b to pick them up! §3§l<<<
21:34:24 [STASH_COMPACT]   
21:35:25 [STASH_COMPACT] §f                     §7You have §a2 §7items stashed away!
21:35:25 [STASH_COMPACT] §f                §6§l>>> §6§lCLICK HERE§e to pick them up! §6§l<<<
21:35:25 [STASH_COMPACT]   
21:35:25 [STASH_COMPACT] §f                §7You have §31,785 §7materials stashed away!
21:35:25 [STASH_COMPACT] §f               §8(This totals 1 type of material stashed!)
21:35:25 [STASH_COMPACT] §f                §3§l>>> §3§lCLICK HERE§b to pick them up! §3§l<<<
21:35:25 [STASH_COMPACT]   
21:36:25 [STASH_COMPACT] §f                     §7You have §a2 §7items stashed away!
21:36:25 [STASH_COMPACT] §f                §6§l>>> §6§lCLICK HERE§e to pick them up! §6§l<<<
21:36:25 [STASH_COMPACT]   
21:36:25 [STASH_COMPACT] §f                §7You have §31,785 §7materials stashed away!
21:36:25 [STASH_COMPACT] §f               §8(This totals 1 type of material stashed!)
21:36:25 [STASH_COMPACT] §f                §3§l>>> §3§lCLICK HERE§b to pick them up! §3§l<<<
21:36:25 [STASH_COMPACT]   
21:37:25 [STASH_COMPACT] §f                     §7You have §a2 §7items stashed away!
21:37:25 [STASH_COMPACT] §f                §6§l>>> §6§lCLICK HERE§e to pick them up! §6§l<<<
21:37:25 [STASH_COMPACT]   
21:37:25 [STASH_COMPACT] §f                §7You have §31,785 §7materials stashed away!
21:37:25 [STASH_COMPACT] §f               §8(This totals 1 type of material stashed!)
21:37:25 [STASH_COMPACT] §f                §3§l>>> §3§lCLICK HERE§b to pick them up! §3§l<<<
21:37:25 [STASH_COMPACT]   
21:38:26 [STASH_COMPACT] §f                     §7You have §a2 §7items stashed away!
21:38:26 [STASH_COMPACT] §f                §6§l>>> §6§lCLICK HERE§e to pick them up! §6§l<<<
21:38:26 [STASH_COMPACT]   
21:38:26 [STASH_COMPACT] §f                §7You have §31,785 §7materials stashed away!
21:38:26 [STASH_COMPACT] §f               §8(This totals 1 type of material stashed!)
21:38:26 [STASH_COMPACT] §f                §3§l>>> §3§lCLICK HERE§b to pick them up! §3§l<<<
21:38:26 [STASH_COMPACT]   
21:39:26 [STASH_COMPACT] §f                     §7You have §a2 §7items stashed away!
21:39:26 [STASH_COMPACT] §f                §6§l>>> §6§lCLICK HERE§e to pick them up! §6§l<<<
21:39:26 [STASH_COMPACT]   
21:39:26 [STASH_COMPACT] §f                §7You have §31,785 §7materials stashed away!
21:39:26 [STASH_COMPACT] §f               §8(This totals 1 type of material stashed!)
21:39:26 [STASH_COMPACT] §f                §3§l>>> §3§lCLICK HERE§b to pick them up! §3§l<<<
21:39:26 [STASH_COMPACT]   
21:40:27 [STASH_COMPACT] §f                     §7You have §a2 §7items stashed away!
21:40:27 [STASH_COMPACT] §f                §6§l>>> §6§lCLICK HERE§e to pick them up! §6§l<<<
21:40:27 [STASH_COMPACT]   
21:40:27 [STASH_COMPACT] §f                §7You have §31,785 §7materials stashed away!
21:40:27 [STASH_COMPACT] §f               §8(This totals 1 type of material stashed!)
21:40:27 [STASH_COMPACT] §f                §3§l>>> §3§lCLICK HERE§b to pick them up! §3§l<<<
21:40:27 [STASH_COMPACT]   
21:41:27 [STASH_COMPACT] §f                     §7You have §a2 §7items stashed away!
21:41:27 [STASH_COMPACT] §f                §6§l>>> §6§lCLICK HERE§e to pick them up! §6§l<<<
21:41:27 [STASH_COMPACT]   
21:41:27 [STASH_COMPACT] §f                §7You have §31,785 §7materials stashed away!
21:41:27 [STASH_COMPACT] §f               §8(This totals 1 type of material stashed!)
21:41:27 [STASH_COMPACT] §f                §3§l>>> §3§lCLICK HERE§b to pick them up! §3§l<<<
21:41:27 [STASH_COMPACT]   
21:42:28 [STASH_COMPACT] §f                     §7You have §a2 §7items stashed away!
21:42:28 [STASH_COMPACT] §f                §6§l>>> §6§lCLICK HERE§e to pick them up! §6§l<<<
21:42:28 [STASH_COMPACT]   
21:42:28 [STASH_COMPACT] §f                §7You have §31,785 §7materials stashed away!
21:42:28 [STASH_COMPACT] §f               §8(This totals 1 type of material stashed!)
21:42:28 [STASH_COMPACT] §f                §3§l>>> §3§lCLICK HERE§b to pick them up! §3§l<<<
21:42:28 [STASH_COMPACT]   
21:43:29 [STASH_COMPACT] §f                     §7You have §a2 §7items stashed away!
21:43:29 [STASH_COMPACT] §f                §6§l>>> §6§lCLICK HERE§e to pick them up! §6§l<<<
21:43:29 [STASH_COMPACT]   
21:43:29 [STASH_COMPACT] §f                §7You have §31,785 §7materials stashed away!
21:43:29 [STASH_COMPACT] §f               §8(This totals 1 type of material stashed!)
21:43:29 [STASH_COMPACT] §f                §3§l>>> §3§lCLICK HERE§b to pick them up! §3§l<<<
21:43:29 [STASH_COMPACT]   
21:44:30 [STASH_COMPACT] §f                     §7You have §a2 §7items stashed away!
21:44:30 [STASH_COMPACT] §f                §6§l>>> §6§lCLICK HERE§e to pick them up! §6§l<<<
21:44:30 [STASH_COMPACT]   
21:44:30 [STASH_COMPACT] §f                §7You have §31,785 §7materials stashed away!
21:44:30 [STASH_COMPACT] §f               §8(This totals 1 type of material stashed!)
21:44:30 [STASH_COMPACT] §f                §3§l>>> §3§lCLICK HERE§b to pick them up! §3§l<<<
21:44:30 [STASH_COMPACT]   
21:45:31 [STASH_COMPACT] §f                     §7You have §a2 §7items stashed away!
21:45:31 [STASH_COMPACT] §f                §6§l>>> §6§lCLICK HERE§e to pick them up! §6§l<<<
21:45:31 [STASH_COMPACT]   
21:45:31 [STASH_COMPACT] §f                §7You have §31,785 §7materials stashed away!
21:45:31 [STASH_COMPACT] §f               §8(This totals 1 type of material stashed!)
21:45:31 [STASH_COMPACT] §f                §3§l>>> §3§lCLICK HERE§b to pick them up! §3§l<<<
21:45:31 [STASH_COMPACT]   
21:46:31 [STASH_COMPACT] §f                     §7You have §a2 §7items stashed away!
21:46:31 [STASH_COMPACT] §f                §6§l>>> §6§lCLICK HERE§e to pick them up! §6§l<<<
21:46:31 [STASH_COMPACT]   
21:46:31 [STASH_COMPACT] §f                §7You have §31,785 §7materials stashed away!
21:46:31 [STASH_COMPACT] §f               §8(This totals 1 type of material stashed!)
21:46:31 [STASH_COMPACT] §f                §3§l>>> §3§lCLICK HERE§b to pick them up! §3§l<<<
21:46:31 [STASH_COMPACT]   
21:47:31 [STASH_COMPACT] §f                     §7You have §a2 §7items stashed away!
21:47:31 [STASH_COMPACT] §f                §6§l>>> §6§lCLICK HERE§e to pick them up! §6§l<<<
21:47:31 [STASH_COMPACT]   
21:47:31 [STASH_COMPACT] §f                §7You have §31,785 §7materials stashed away!
21:47:31 [STASH_COMPACT] §f               §8(This totals 1 type of material stashed!)
21:47:31 [STASH_COMPACT] §f                §3§l>>> §3§lCLICK HERE§b to pick them up! §3§l<<<
21:47:31 [STASH_COMPACT]   
21:48:32 [STASH_COMPACT] §f                     §7You have §a2 §7items stashed away!
21:48:32 [STASH_COMPACT] §f                §6§l>>> §6§lCLICK HERE§e to pick them up! §6§l<<<
21:48:32 [STASH_COMPACT]   
21:48:32 [STASH_COMPACT] §f                §7You have §31,785 §7materials stashed away!
21:48:32 [STASH_COMPACT] §f               §8(This totals 1 type of material stashed!)
21:48:32 [STASH_COMPACT] §f                §3§l>>> §3§lCLICK HERE§b to pick them up! §3§l<<<
21:48:32 [STASH_COMPACT]   
21:49:32 [STASH_COMPACT] §f                     §7You have §a2 §7items stashed away!
21:49:32 [STASH_COMPACT] §f                §6§l>>> §6§lCLICK HERE§e to pick them up! §6§l<<<
21:49:32 [STASH_COMPACT]   
21:49:32 [STASH_COMPACT] §f                §7You have §31,785 §7materials stashed away!
21:49:32 [STASH_COMPACT] §f               §8(This totals 1 type of material stashed!)
21:49:32 [STASH_COMPACT] §f                §3§l>>> §3§lCLICK HERE§b to pick them up! §3§l<<<
21:49:32 [STASH_COMPACT]   
21:50:33 [STASH_COMPACT] §f                     §7You have §a2 §7items stashed away!
21:50:33 [STASH_COMPACT] §f                §6§l>>> §6§lCLICK HERE§e to pick them up! §6§l<<<
21:50:33 [STASH_COMPACT]   
21:50:33 [STASH_COMPACT] §f                §7You have §31,785 §7materials stashed away!
21:50:33 [STASH_COMPACT] §f               §8(This totals 1 type of material stashed!)
21:50:33 [STASH_COMPACT] §f                §3§l>>> §3§lCLICK HERE§b to pick them up! §3§l<<<
21:50:33 [STASH_COMPACT]   
21:51:33 [STASH_COMPACT] §f                     §7You have §a2 §7items stashed away!
21:51:33 [STASH_COMPACT] §f                §6§l>>> §6§lCLICK HERE§e to pick them up! §6§l<<<
21:51:33 [STASH_COMPACT]   
21:51:33 [STASH_COMPACT] §f                §7You have §31,785 §7materials stashed away!
21:51:33 [STASH_COMPACT] §f               §8(This totals 1 type of material stashed!)
21:51:33 [STASH_COMPACT] §f                §3§l>>> §3§lCLICK HERE§b to pick them up! §3§l<<<
21:51:33 [STASH_COMPACT]   
21:52:37 [STASH_COMPACT] §f                     §7You have §a2 §7items stashed away!
21:52:37 [STASH_COMPACT] §f                §6§l>>> §6§lCLICK HERE§e to pick them up! §6§l<<<
21:52:37 [STASH_COMPACT]   
21:52:37 [STASH_COMPACT] §f                §7You have §31,785 §7materials stashed away!
21:52:37 [STASH_COMPACT] §f               §8(This totals 1 type of material stashed!)
21:52:37 [STASH_COMPACT] §f                §3§l>>> §3§lCLICK HERE§b to pick them up! §3§l<<<
21:52:37 [STASH_COMPACT]   
21:52:43 [STASH_COMPACT] §f                     §7You have §a2 §7items stashed away!
21:52:43 [STASH_COMPACT] §f                §6§l>>> §6§lCLICK HERE§e to pick them up! §6§l<<<
21:52:43 [STASH_COMPACT]   
21:52:43 [STASH_COMPACT] §f                §7You have §31,785 §7materials stashed away!
21:52:43 [STASH_COMPACT] §f               §8(This totals 1 type of material stashed!)
21:52:43 [STASH_COMPACT] §f                §3§l>>> §3§lCLICK HERE§b to pick them up! §3§l<<<
21:52:43 [STASH_COMPACT]   
21:53:10 [STASH_COMPACT] §f                     §7You have §a2 §7items stashed away!
21:53:10 [STASH_COMPACT] §f                §6§l>>> §6§lCLICK HERE§e to pick them up! §6§l<<<
21:53:10 [STASH_COMPACT]   
21:53:10 [STASH_COMPACT] §f                §7You have §31,785 §7materials stashed away!
21:53:10 [STASH_COMPACT] §f               §8(This totals 1 type of material stashed!)
21:53:10 [STASH_COMPACT] §f                §3§l>>> §3§lCLICK HERE§b to pick them up! §3§l<<<
21:53:10 [STASH_COMPACT]   
21:53:21 [STASH_COMPACT] §f                     §7You have §a2 §7items stashed away!
21:53:21 [STASH_COMPACT] §f                §6§l>>> §6§lCLICK HERE§e to pick them up! §6§l<<<
21:53:21 [STASH_COMPACT]   
21:53:21 [STASH_COMPACT] §f                §7You have §31,785 §7materials stashed away!
21:53:21 [STASH_COMPACT] §f               §8(This totals 1 type of material stashed!)
21:53:21 [STASH_COMPACT] §f                §3§l>>> §3§lCLICK HERE§b to pick them up! §3§l<<<
21:53:21 [STASH_COMPACT]   
21:54:21 [STASH_COMPACT] §f                     §7You have §a2 §7items stashed away!
21:54:21 [STASH_COMPACT] §f                §6§l>>> §6§lCLICK HERE§e to pick them up! §6§l<<<
21:54:21 [STASH_COMPACT]   
21:54:21 [STASH_COMPACT] §f                §7You have §31,785 §7materials stashed away!
21:54:21 [STASH_COMPACT] §f               §8(This totals 1 type of material stashed!)
21:54:21 [STASH_COMPACT] §f                §3§l>>> §3§lCLICK HERE§b to pick them up! §3§l<<<
21:54:21 [STASH_COMPACT]   
21:55:21 [STASH_COMPACT] §f                     §7You have §a2 §7items stashed away!
21:55:21 [STASH_COMPACT] §f                §6§l>>> §6§lCLICK HERE§e to pick them up! §6§l<<<
21:55:21 [STASH_COMPACT]   
21:55:21 [STASH_COMPACT] §f                §7You have §31,785 §7materials stashed away!
21:55:21 [STASH_COMPACT] §f               §8(This totals 1 type of material stashed!)
21:55:21 [STASH_COMPACT] §f                §3§l>>> §3§lCLICK HERE§b to pick them up! §3§l<<<
21:55:21 [STASH_COMPACT]   
21:56:21 [STASH_COMPACT] §f                     §7You have §a2 §7items stashed away!
21:56:21 [STASH_COMPACT] §f                §6§l>>> §6§lCLICK HERE§e to pick them up! §6§l<<<
21:56:21 [STASH_COMPACT]   
21:56:21 [STASH_COMPACT] §f                §7You have §31,785 §7materials stashed away!
21:56:21 [STASH_COMPACT] §f               §8(This totals 1 type of material stashed!)
21:56:21 [STASH_COMPACT] §f                §3§l>>> §3§lCLICK HERE§b to pick them up! §3§l<<<
21:56:21 [STASH_COMPACT]   
21:57:21 [STASH_COMPACT] §f                     §7You have §a2 §7items stashed away!
21:57:21 [STASH_COMPACT] §f                §6§l>>> §6§lCLICK HERE§e to pick them up! §6§l<<<
21:57:21 [STASH_COMPACT]   
21:57:21 [STASH_COMPACT] §f                §7You have §31,785 §7materials stashed away!
21:57:21 [STASH_COMPACT] §f               §8(This totals 1 type of material stashed!)
21:57:21 [STASH_COMPACT] §f                §3§l>>> §3§lCLICK HERE§b to pick them up! §3§l<<<
21:57:21 [STASH_COMPACT]   
21:58:21 [STASH_COMPACT] §f                     §7You have §a2 §7items stashed away!
21:58:21 [STASH_COMPACT] §f                §6§l>>> §6§lCLICK HERE§e to pick them up! §6§l<<<
21:58:21 [STASH_COMPACT]   
21:58:21 [STASH_COMPACT] §f                §7You have §31,785 §7materials stashed away!
21:58:21 [STASH_COMPACT] §f               §8(This totals 1 type of material stashed!)
21:58:21 [STASH_COMPACT] §f                §3§l>>> §3§lCLICK HERE§b to pick them up! §3§l<<<
21:58:21 [STASH_COMPACT]   
21:59:21 [STASH_COMPACT] §f                     §7You have §a2 §7items stashed away!
21:59:21 [STASH_COMPACT] §f                §6§l>>> §6§lCLICK HERE§e to pick them up! §6§l<<<
21:59:21 [STASH_COMPACT]   
21:59:21 [STASH_COMPACT] §f                §7You have §31,785 §7materials stashed away!
21:59:21 [STASH_COMPACT] §f               §8(This totals 1 type of material stashed!)
21:59:21 [STASH_COMPACT] §f                §3§l>>> §3§lCLICK HERE§b to pick them up! §3§l<<<
21:59:21 [STASH_COMPACT]   
22:00:22 [STASH_COMPACT] §f                     §7You have §a2 §7items stashed away!
22:00:22 [STASH_COMPACT] §f                §6§l>>> §6§lCLICK HERE§e to pick them up! §6§l<<<
22:00:22 [STASH_COMPACT]   
22:00:22 [STASH_COMPACT] §f                §7You have §31,785 §7materials stashed away!
22:00:22 [STASH_COMPACT] §f               §8(This totals 1 type of material stashed!)
22:00:22 [STASH_COMPACT] §f                §3§l>>> §3§lCLICK HERE§b to pick them up! §3§l<<<
22:00:22 [STASH_COMPACT]   
22:01:22 [STASH_COMPACT] §f                     §7You have §a2 §7items stashed away!
22:01:22 [STASH_COMPACT] §f                §6§l>>> §6§lCLICK HERE§e to pick them up! §6§l<<<
22:01:22 [STASH_COMPACT]   
22:01:22 [STASH_COMPACT] §f                §7You have §31,785 §7materials stashed away!
22:01:22 [STASH_COMPACT] §f               §8(This totals 1 type of material stashed!)
22:01:22 [STASH_COMPACT] §f                §3§l>>> §3§lCLICK HERE§b to pick them up! §3§l<<<
22:01:22 [STASH_COMPACT]   
22:02:22 [STASH_COMPACT] §f                     §7You have §a2 §7items stashed away!
22:02:22 [STASH_COMPACT] §f                §6§l>>> §6§lCLICK HERE§e to pick them up! §6§l<<<
22:02:22 [STASH_COMPACT]   
22:02:22 [STASH_COMPACT] §f                §7You have §31,785 §7materials stashed away!
22:02:22 [STASH_COMPACT] §f               §8(This totals 1 type of material stashed!)
22:02:22 [STASH_COMPACT] §f                §3§l>>> §3§lCLICK HERE§b to pick them up! §3§l<<<
22:02:22 [STASH_COMPACT]   
22:03:22 [STASH_COMPACT] §f                     §7You have §a2 §7items stashed away!
22:03:22 [STASH_COMPACT] §f                §6§l>>> §6§lCLICK HERE§e to pick them up! §6§l<<<
22:03:22 [STASH_COMPACT]   
22:03:22 [STASH_COMPACT] §f                §7You have §31,785 §7materials stashed away!
22:03:22 [STASH_COMPACT] §f               §8(This totals 1 type of material stashed!)
22:03:22 [STASH_COMPACT] §f                §3§l>>> §3§lCLICK HERE§b to pick them up! §3§l<<<
22:03:22 [STASH_COMPACT]   
22:04:22 [STASH_COMPACT] §f                     §7You have §a2 §7items stashed away!
22:04:22 [STASH_COMPACT] §f                §6§l>>> §6§lCLICK HERE§e to pick them up! §6§l<<<
22:04:22 [STASH_COMPACT]   
22:04:22 [STASH_COMPACT] §f                §7You have §31,785 §7materials stashed away!
22:04:22 [STASH_COMPACT] §f               §8(This totals 1 type of material stashed!)
22:04:22 [STASH_COMPACT] §f                §3§l>>> §3§lCLICK HERE§b to pick them up! §3§l<<<
22:04:22 [STASH_COMPACT]   
22:05:29 [STASH_COMPACT] §f                     §7You have §a2 §7items stashed away!
22:05:29 [STASH_COMPACT] §f                §6§l>>> §6§lCLICK HERE§e to pick them up! §6§l<<<
22:05:29 [STASH_COMPACT]   
22:05:29 [STASH_COMPACT] §f                §7You have §31,785 §7materials stashed away!
22:05:29 [STASH_COMPACT] §f               §8(This totals 1 type of material stashed!)
22:05:29 [STASH_COMPACT] §f                §3§l>>> §3§lCLICK HERE§b to pick them up! §3§l<<<
22:05:29 [STASH_COMPACT]   
22:06:30 [STASH_COMPACT] §f                     §7You have §a2 §7items stashed away!
22:06:30 [STASH_COMPACT] §f                §6§l>>> §6§lCLICK HERE§e to pick them up! §6§l<<<
22:06:30 [STASH_COMPACT]   
22:06:30 [STASH_COMPACT] §f                §7You have §31,785 §7materials stashed away!
22:06:30 [STASH_COMPACT] §f               §8(This totals 1 type of material stashed!)
22:06:30 [STASH_COMPACT] §f                §3§l>>> §3§lCLICK HERE§b to pick them up! §3§l<<<
22:06:30 [STASH_COMPACT]   
22:07:21 [STASH_COMPACT] §f                     §7You have §a2 §7items stashed away!
22:07:21 [STASH_COMPACT] §f                §6§l>>> §6§lCLICK HERE§e to pick them up! §6§l<<<
22:07:21 [STASH_COMPACT]   
22:07:21 [STASH_COMPACT] §f                §7You have §31,785 §7materials stashed away!
22:07:21 [STASH_COMPACT] §f               §8(This totals 1 type of material stashed!)
22:07:21 [STASH_COMPACT] §f                §3§l>>> §3§lCLICK HERE§b to pick them up! §3§l<<<
22:07:21 [STASH_COMPACT]   
22:08:21 [STASH_COMPACT] §f                     §7You have §a2 §7items stashed away!
22:08:21 [STASH_COMPACT] §f                §6§l>>> §6§lCLICK HERE§e to pick them up! §6§l<<<
22:08:21 [STASH_COMPACT]   
22:08:21 [STASH_COMPACT] §f                §7You have §31,785 §7materials stashed away!
22:08:21 [STASH_COMPACT] §f               §8(This totals 1 type of material stashed!)
22:08:21 [STASH_COMPACT] §f                §3§l>>> §3§lCLICK HERE§b to pick them up! §3§l<<<
22:08:21 [STASH_COMPACT]   
22:09:21 [STASH_COMPACT] §f                     §7You have §a2 §7items stashed away!
22:09:21 [STASH_COMPACT] §f                §6§l>>> §6§lCLICK HERE§e to pick them up! §6§l<<<
22:09:21 [STASH_COMPACT]   
22:09:21 [STASH_COMPACT] §f                §7You have §31,785 §7materials stashed away!
22:09:21 [STASH_COMPACT] §f               §8(This totals 1 type of material stashed!)
22:09:21 [STASH_COMPACT] §f                §3§l>>> §3§lCLICK HERE§b to pick them up! §3§l<<<
22:09:21 [STASH_COMPACT]   
22:10:21 [STASH_COMPACT] §f                     §7You have §a2 §7items stashed away!
22:10:21 [STASH_COMPACT] §f                §6§l>>> §6§lCLICK HERE§e to pick them up! §6§l<<<
22:10:21 [STASH_COMPACT]   
22:10:22 [STASH_COMPACT] §f                §7You have §31,856 §7materials stashed away!
22:10:22 [STASH_COMPACT] §f              §8(This totals 3 types of materials stashed!)
22:10:22 [STASH_COMPACT] §f                §3§l>>> §3§lCLICK HERE§b to pick them up! §3§l<<<
22:10:22 [STASH_COMPACT]   
22:11:31 [STASH_COMPACT] §f                     §7You have §a2 §7items stashed away!
22:11:31 [STASH_COMPACT] §f                §6§l>>> §6§lCLICK HERE§e to pick them up! §6§l<<<
22:11:31 [STASH_COMPACT]   
22:11:31 [STASH_COMPACT] §f                §7You have §31,856 §7materials stashed away!
22:11:31 [STASH_COMPACT] §f              §8(This totals 3 types of materials stashed!)
22:11:31 [STASH_COMPACT] §f                §3§l>>> §3§lCLICK HERE§b to pick them up! §3§l<<<
22:11:31 [STASH_COMPACT]   
22:12:31 [STASH_COMPACT] §f                     §7You have §a2 §7items stashed away!
22:12:31 [STASH_COMPACT] §f                §6§l>>> §6§lCLICK HERE§e to pick them up! §6§l<<<
22:12:31 [STASH_COMPACT]   
22:12:31 [STASH_COMPACT] §f                §7You have §31,856 §7materials stashed away!
22:12:31 [STASH_COMPACT] §f              §8(This totals 3 types of materials stashed!)
22:12:31 [STASH_COMPACT] §f                §3§l>>> §3§lCLICK HERE§b to pick them up! §3§l<<<
22:12:31 [STASH_COMPACT]   
