20:02:23 §e[SkyHanni] Reloaded 7531 items in the NEU repo§r
20:03:15 §e[SkyHanni] Successfully loaded this year's contests from elitebot.dev automatically!§r
20:03:18 §e[SkyHanni] §eYou have §62 §eitems in stash. §eClick to §6pickup §eyour stash!§r
20:03:18 §e[SkyHanni] §bYou have §31.7k §bmaterials in stash, §btotalling §31 type§b. §bClick to §3pickup §byour stash!§r
20:04:32 §e[SkyHanni] §aAndrew §eis visiting your garden!§r
20:04:50 §6§lBESTIARY §r§b§lRat §7§8I §8➡§b §bII§r
20:06:27 §e[SkyHanni] §eYou have §62 §eitems in stash. §eClick to §6pickup §eyour stash!§r
20:06:27 §e[SkyHanni] §bYou have §31.7k §bmaterials in stash, §btotalling §31 type§b. §bClick to §3pickup §byour stash!§r
20:08:33 §e[SkyHanni] §eYou have §62 §eitems in stash. §eClick to §6pickup §eyour stash!§r
20:08:33 §e[SkyHanni] §bYou have §31.7k §bmaterials in stash, §btotalling §31 type§b. §bClick to §3pickup §byour stash!§r
20:22:48 §e[SkyHanni] §b+1 SkyBlock XP §7(Attribute Levels§7)§b (84/100)§r
20:24:04 §6§lBESTIARY §r§b§lGlacite Walker §7§8IX §8➡§b §bX§r
20:30:29 §6§lBESTIARY §r§b§lGoblin §7§bI§r
20:30:35 §6§lBESTIARY §r§b§lGoblin §7§8I §8➡§b §bII§r
20:30:40 §6§lBESTIARY §r§b§lGoblin §7§8II §8➡§b §bIII§r
20:31:03 §6§lBESTIARY §r§b§lStar Sentry §7§bI§r
20:31:08 §6§lBESTIARY §r§b§lStar Sentry §7§8I §8➡§b §bII§r
20:31:28 §6§lBESTIARY §r§b§lStar Sentry §7§8II §8➡§b §bIII§r
20:33:12 §6§lBESTIARY §r§b§lGoblin §7§8III §8➡§b §bIV§r
20:35:16 §6§lBESTIARY §r§b§lGoblin §7§8IV §8➡§b §bV§r
20:38:25 §6§lBESTIARY §r§b§lGoblin §7§8V §8➡§b §bVI§r
20:43:52 §e[SkyHanni] §eYou have §62 §eitems in stash. §eClick to §6pickup §eyour stash!§r
20:43:52 §e[SkyHanni] §bYou have §31.7k §bmaterials in stash, §btotalling §31 type§b. §bClick to §3pickup §byour stash!§r
20:59:31 §e[SkyHanni] §b+20 SkyBlock XP §7(Commission Milestone§7)§b (59/100)§r
21:04:11 §e[SkyHanni] §b+8 SkyBlock XP §7(HOTM Progression§7)§b (67/100)§r
21:20:05 §6§lBESTIARY §r§b§lGolden Goblin §7§bI§r
21:20:05 §e[SkyHanni] §b+1 SkyBlock XP §7(HOTM Progression§7)§b (70/100)§r
21:22:02 §e[SkyHanni] §b+1 SkyBlock XP §7(HOTM Progression§7)§b (71/100)§r
21:22:08 §e[SkyHanni] §b+1 SkyBlock XP §7(HOTM Progression§7)§b (72/100)§r
21:22:14 §e[SkyHanni] §b+1 SkyBlock XP §7(HOTM Progression§7)§b (73/100)§r
21:52:37 §e[SkyHanni] §eYou have §62 §eitems in stash. §eClick to §6pickup §eyour stash!§r
21:52:37 §e[SkyHanni] §bYou have §31.7k §bmaterials in stash, §btotalling §31 type§b. §bClick to §3pickup §byour stash!§r
21:52:43 §e[SkyHanni] §eYou have §62 §eitems in stash. §eClick to §6pickup §eyour stash!§r
21:52:43 §e[SkyHanni] §bYou have §31.7k §bmaterials in stash, §btotalling §31 type§b. §bClick to §3pickup §byour stash!§r
21:53:10 §e[SkyHanni] §eYou have §62 §eitems in stash. §eClick to §6pickup §eyour stash!§r
21:53:10 §e[SkyHanni] §bYou have §31.7k §bmaterials in stash, §btotalling §31 type§b. §bClick to §3pickup §byour stash!§r
21:53:21 §e[SkyHanni] §eYou have §62 §eitems in stash. §eClick to §6pickup §eyour stash!§r
21:53:21 §e[SkyHanni] §bYou have §31.7k §bmaterials in stash, §btotalling §31 type§b. §bClick to §3pickup §byour stash!§r
22:05:29 §e[SkyHanni] §eYou have §62 §eitems in stash. §eClick to §6pickup §eyour stash!§r
22:05:29 §e[SkyHanni] §bYou have §31.7k §bmaterials in stash, §btotalling §31 type§b. §bClick to §3pickup §byour stash!§r
22:07:21 §e[SkyHanni] §eYou have §62 §eitems in stash. §eClick to §6pickup §eyour stash!§r
22:07:21 §e[SkyHanni] §bYou have §31.7k §bmaterials in stash, §btotalling §31 type§b. §bClick to §3pickup §byour stash!§r
22:08:21 §e[SkyHanni] §eYou have §62 §eitems in stash. §eClick to §6pickup §eyour stash!§r
22:08:21 §e[SkyHanni] §bYou have §31.7k §bmaterials in stash, §btotalling §31 type§b. §bClick to §3pickup §byour stash!§r
22:10:22 §e[SkyHanni] §bYou have §31.8k §bmaterials in stash, §btotalling §33 types§b. §bClick to §3pickup §byour stash!§r
22:11:31 §e[SkyHanni] §eYou have §62 §eitems in stash. §eClick to §6pickup §eyour stash!§r
22:11:31 §e[SkyHanni] §bYou have §31.8k §bmaterials in stash, §btotalling §33 types§b. §bClick to §3pickup §byour stash!§r
