15:17:46 `274r15n3xl`351 missed {
 is already Found: false).
 Position: LorenzVec(x=51.5, y=79.0, z=-13.5)
 DistanceC: 22.80000001192093
Relative Position: LorenzVec(x=5.3999861363309805, y=10.0, z=22.80000001192093)
 }
15:18:02 `1ny4406h7k`228 missed {
 is already Found: false).
 Position: LorenzVec(x=22.0, y=71.0, z=-45.5)
 DistanceC: 7.376275107554939
Relative Position: LorenzVec(x=-5.191339914911886, y=2.0, z=7.376275107554939)
 }
15:18:10 `9a5t4q1qi5`421 missed {
 is already Found: false).
 Position: LorenzVec(x=-31.0, y=73.0, z=-85.5)
 DistanceC: 17.501817014618606
Relative Position: LorenzVec(x=-17.501817014618606, y=3.0, z=-16.671236386837165)
 }
15:18:10 `0j7d1899gl`15730 missed {
 is already Found: false).
 Position: LorenzVec(x=7.0, y=70.0, z=-85.0)
 DistanceC: 20.498182985381394
Relative Position: LorenzVec(x=20.498182985381394, y=0.0, z=-16.171236386837165)
 }
15:18:38 `Villager`363 missed {
 is already Found: false).
 Position: LorenzVec(x=28.0, y=70.0, z=-116.0)
 DistanceC: 20.69535737898309
Relative Position: LorenzVec(x=-1.949999988079071, y=-19.0, z=-20.69535737898309)
 }
15:18:38 `84m823x179`499 missed {
 is already Found: false).
 Position: LorenzVec(x=15.5, y=70.0, z=-71.8125)
 DistanceC: 23.49214262101691
Relative Position: LorenzVec(x=-14.449999988079071, y=-19.0, z=23.49214262101691)
 }
15:18:38 `0j7d1899gl`15730 missed {
 is already Found: false).
 Position: LorenzVec(x=7.0, y=70.0, z=-85.0)
 DistanceC: 22.94999998807907
Relative Position: LorenzVec(x=-22.94999998807907, y=-19.0, z=10.30464262101691)
 }
15:18:48 `47808410g1`594 missed {
 is already Found: false).
 Position: LorenzVec(x=0.5, y=70.0, z=-90.5)
 DistanceC: 13.27176060887571
Relative Position: LorenzVec(x=-8.764222695007327, y=-29.01557608309126, z=13.27176060887571)
 }
15:19:03 `d1371339pn`1643 missed {
 is already Found: false).
 Position: LorenzVec(x=-2.5, y=72.0, z=-109.5)
 DistanceC: 19.779663027043654
Relative Position: LorenzVec(x=-1.8338213573513922, y=2.0, z=-19.779663027043654)
 }
15:19:07 `hvf22pd50q`497 missed {
 is already Found: false).
 Position: LorenzVec(x=23.0, y=71.0, z=-69.0)
 DistanceC: 23.43937345217735
Relative Position: LorenzVec(x=23.43937345217735, y=1.0, z=20.85632391896887)
 }
15:19:07 `pe7hg3z50w`498 missed {
 is already Found: false).
 Position: LorenzVec(x=23.0, y=77.0, z=-69.5)
 DistanceC: 23.43937345217735
Relative Position: LorenzVec(x=23.43937345217735, y=7.0, z=20.35632391896887)
 }
15:19:39 `7q8s5tlbu4`332 missed {
 is already Found: false).
 Position: LorenzVec(x=31.5, y=71.0, z=-101.5)
 DistanceC: 19.57500441466446
Relative Position: LorenzVec(x=19.57500441466446, y=1.0, z=-18.066611998787835)
 }
15:19:40 `63387dmg09`331 missed {
 is already Found: false).
 Position: LorenzVec(x=34.5, y=71.0, z=-96.5)
 DistanceC: 22.57500441466446
Relative Position: LorenzVec(x=22.57500441466446, y=1.0, z=-13.066611998787835)
 }
15:19:41 `r515e4o566`530 missed {
 is already Found: false).
 Position: LorenzVec(x=-6.5, y=55.0, z=-95.5)
 DistanceC: 18.42499558533554
Relative Position: LorenzVec(x=-18.42499558533554, y=-15.0, z=-12.066611998787835)
 }
15:19:53 `Villager`367 missed {
 is already Found: false).
 Position: LorenzVec(x=-0.5, y=70.0, z=-54.5)
 DistanceC: 20.337184495665355
Relative Position: LorenzVec(x=-18.19999998807907, y=-7.0, z=20.337184495665355)
 }
15:19:54 `e1ml7l0h6m`334 missed {
 is already Found: false).
 Position: LorenzVec(x=38.5, y=70.0, z=-88.5)
 DistanceC: 20.80000001192093
Relative Position: LorenzVec(x=20.80000001192093, y=-7.0, z=-13.662815504334645)
 }
15:19:55 `Witch`344 missed {
 is already Found: false).
 Position: LorenzVec(x=41.5, y=70.0, z=-63.5)
 DistanceC: 23.74267927166569
Relative Position: LorenzVec(x=23.74267927166569, y=-12.784303310172447, z=11.444239251837303)
 }
15:20:20 `1ny4406h7k`228 missed {
 is already Found: false).
 Position: LorenzVec(x=22.0, y=71.0, z=-45.5)
 DistanceC: 19.926692937390374
Relative Position: LorenzVec(x=19.926692937390374, y=0.5, z=17.799897354925108)
 }
15:20:20 `Villager`361 missed {
 is already Found: false).
 Position: LorenzVec(x=-16.5, y=70.0, z=-81.5)
 DistanceC: 18.573307062609626
Relative Position: LorenzVec(x=-18.573307062609626, y=-0.5, z=-18.200102645074892)
 }
15:20:21 `2fc004uhq1`229 missed {
 is already Found: false).
 Position: LorenzVec(x=25.0, y=65.0, z=-41.0)
 DistanceC: 22.921533681341874
Relative Position: LorenzVec(x=22.921533681341874, y=-5.421599998474122, z=22.54682092875872)
 }
15:20:59 `r515e4o566`530 missed {
 is already Found: false).
 Position: LorenzVec(x=-6.5, y=55.0, z=-95.5)
 DistanceC: 21.69130983431711
Relative Position: LorenzVec(x=-2.7786841155699125, y=-19.1315633992116, z=-21.69130983431711)
 }
15:21:56 `8uln2dpt0s`338 missed {
 is already Found: false).
 Position: LorenzVec(x=-37.5, y=68.0, z=-125.5)
 DistanceC: 22.704201749418804
Relative Position: LorenzVec(x=-22.704201749418804, y=0.0, z=-21.036207892746546)
 }
15:23:16 `Bat`1164430 missed {
 is already Found: false).
 Position: LorenzVec(x=-89.5, y=67.40625, z=-169.5)
 DistanceC: 18.55634849372575
Relative Position: LorenzVec(x=-4.935193798219274, y=-1.59375, z=-18.55634849372575)
 }
15:23:16 `Bat`1164432 missed {
 is already Found: false).
 Position: LorenzVec(x=-89.5, y=67.40625, z=-168.5)
 DistanceC: 17.55634849372575
Relative Position: LorenzVec(x=-4.935193798219274, y=-1.59375, z=-17.55634849372575)
 }
15:23:16 `Bat`1164434 missed {
 is already Found: false).
 Position: LorenzVec(x=-89.5, y=67.40625, z=-167.5)
 DistanceC: 16.55634849372575
Relative Position: LorenzVec(x=-4.935193798219274, y=-1.59375, z=-16.55634849372575)
 }
15:23:16 `Bat`1164436 missed {
 is already Found: false).
 Position: LorenzVec(x=-89.5, y=68.40625, z=-169.5)
 DistanceC: 18.55634849372575
Relative Position: LorenzVec(x=-4.935193798219274, y=-0.59375, z=-18.55634849372575)
 }
15:23:16 `Bat`1164438 missed {
 is already Found: false).
 Position: LorenzVec(x=-89.5, y=68.40625, z=-168.5)
 DistanceC: 17.55634849372575
Relative Position: LorenzVec(x=-4.935193798219274, y=-0.59375, z=-17.55634849372575)
 }
15:23:16 `Bat`1164440 missed {
 is already Found: false).
 Position: LorenzVec(x=-89.5, y=68.40625, z=-167.5)
 DistanceC: 16.55634849372575
Relative Position: LorenzVec(x=-4.935193798219274, y=-0.59375, z=-16.55634849372575)
 }
15:23:16 `Bat`1164442 missed {
 is already Found: false).
 Position: LorenzVec(x=-89.5, y=69.40625, z=-169.5)
 DistanceC: 18.55634849372575
Relative Position: LorenzVec(x=-4.935193798219274, y=0.40625, z=-18.55634849372575)
 }
15:23:16 `Bat`1164444 missed {
 is already Found: false).
 Position: LorenzVec(x=-89.5, y=69.40625, z=-168.5)
 DistanceC: 17.55634849372575
Relative Position: LorenzVec(x=-4.935193798219274, y=0.40625, z=-17.55634849372575)
 }
15:23:16 `Bat`1164446 missed {
 is already Found: false).
 Position: LorenzVec(x=-89.5, y=69.40625, z=-167.5)
 DistanceC: 16.55634849372575
Relative Position: LorenzVec(x=-4.935193798219274, y=0.40625, z=-16.55634849372575)
 }
15:23:16 `Bat`1164448 missed {
 is already Found: false).
 Position: LorenzVec(x=-89.5, y=70.40625, z=-169.5)
 DistanceC: 18.55634849372575
Relative Position: LorenzVec(x=-4.935193798219274, y=1.40625, z=-18.55634849372575)
 }
15:23:16 `Bat`1164450 missed {
 is already Found: false).
 Position: LorenzVec(x=-89.5, y=70.40625, z=-168.5)
 DistanceC: 17.55634849372575
Relative Position: LorenzVec(x=-4.935193798219274, y=1.40625, z=-17.55634849372575)
 }
15:23:16 `Bat`1164452 missed {
 is already Found: false).
 Position: LorenzVec(x=-89.5, y=70.40625, z=-167.5)
 DistanceC: 16.55634849372575
Relative Position: LorenzVec(x=-4.935193798219274, y=1.40625, z=-16.55634849372575)
 }
15:23:16 `Bat`1164454 missed {
 is already Found: false).
 Position: LorenzVec(x=-88.5, y=67.40625, z=-169.5)
 DistanceC: 18.55634849372575
Relative Position: LorenzVec(x=-3.9351937982192737, y=-1.59375, z=-18.55634849372575)
 }
15:23:16 `Bat`1164456 missed {
 is already Found: false).
 Position: LorenzVec(x=-88.5, y=67.40625, z=-168.5)
 DistanceC: 17.55634849372575
Relative Position: LorenzVec(x=-3.9351937982192737, y=-1.59375, z=-17.55634849372575)
 }
15:23:16 `Bat`1164458 missed {
 is already Found: false).
 Position: LorenzVec(x=-88.5, y=67.40625, z=-167.5)
 DistanceC: 16.55634849372575
Relative Position: LorenzVec(x=-3.9351937982192737, y=-1.59375, z=-16.55634849372575)
 }
15:23:16 `Bat`1164460 missed {
 is already Found: false).
 Position: LorenzVec(x=-88.5, y=68.40625, z=-169.5)
 DistanceC: 18.55634849372575
Relative Position: LorenzVec(x=-3.9351937982192737, y=-0.59375, z=-18.55634849372575)
 }
15:23:16 `Bat`1164462 missed {
 is already Found: false).
 Position: LorenzVec(x=-88.5, y=68.40625, z=-168.5)
 DistanceC: 17.55634849372575
Relative Position: LorenzVec(x=-3.9351937982192737, y=-0.59375, z=-17.55634849372575)
 }
15:23:16 `Bat`1164464 missed {
 is already Found: false).
 Position: LorenzVec(x=-88.5, y=68.40625, z=-167.5)
 DistanceC: 16.55634849372575
Relative Position: LorenzVec(x=-3.9351937982192737, y=-0.59375, z=-16.55634849372575)
 }
15:23:16 `Bat`1164466 missed {
 is already Found: false).
 Position: LorenzVec(x=-88.5, y=69.40625, z=-169.5)
 DistanceC: 18.55634849372575
Relative Position: LorenzVec(x=-3.9351937982192737, y=0.40625, z=-18.55634849372575)
 }
15:23:16 `Bat`1164468 missed {
 is already Found: false).
 Position: LorenzVec(x=-88.5, y=69.40625, z=-168.5)
 DistanceC: 17.55634849372575
Relative Position: LorenzVec(x=-3.9351937982192737, y=0.40625, z=-17.55634849372575)
 }
15:23:16 `Bat`1164470 missed {
 is already Found: false).
 Position: LorenzVec(x=-88.5, y=69.40625, z=-167.5)
 DistanceC: 16.55634849372575
Relative Position: LorenzVec(x=-3.9351937982192737, y=0.40625, z=-16.55634849372575)
 }
15:23:16 `Bat`1164472 missed {
 is already Found: false).
 Position: LorenzVec(x=-88.5, y=70.40625, z=-169.5)
 DistanceC: 18.55634849372575
Relative Position: LorenzVec(x=-3.9351937982192737, y=1.40625, z=-18.55634849372575)
 }
15:23:16 `Bat`1164474 missed {
 is already Found: false).
 Position: LorenzVec(x=-88.5, y=70.40625, z=-168.5)
 DistanceC: 17.55634849372575
Relative Position: LorenzVec(x=-3.9351937982192737, y=1.40625, z=-17.55634849372575)
 }
15:23:16 `Bat`1164476 missed {
 is already Found: false).
 Position: LorenzVec(x=-88.5, y=70.40625, z=-167.5)
 DistanceC: 16.55634849372575
Relative Position: LorenzVec(x=-3.9351937982192737, y=1.40625, z=-16.55634849372575)
 }
15:23:16 `Bat`1164478 missed {
 is already Found: false).
 Position: LorenzVec(x=-87.5, y=67.40625, z=-169.5)
 DistanceC: 18.55634849372575
Relative Position: LorenzVec(x=-2.9351937982192737, y=-1.59375, z=-18.55634849372575)
 }
15:23:16 `Bat`1164480 missed {
 is already Found: false).
 Position: LorenzVec(x=-87.5, y=67.40625, z=-168.5)
 DistanceC: 17.55634849372575
Relative Position: LorenzVec(x=-2.9351937982192737, y=-1.59375, z=-17.55634849372575)
 }
15:23:16 `Bat`1164482 missed {
 is already Found: false).
 Position: LorenzVec(x=-87.5, y=67.40625, z=-167.5)
 DistanceC: 16.55634849372575
Relative Position: LorenzVec(x=-2.9351937982192737, y=-1.59375, z=-16.55634849372575)
 }
15:23:16 `Bat`1164484 missed {
 is already Found: false).
 Position: LorenzVec(x=-87.5, y=68.40625, z=-169.5)
 DistanceC: 18.55634849372575
Relative Position: LorenzVec(x=-2.9351937982192737, y=-0.59375, z=-18.55634849372575)
 }
15:23:16 `Bat`1164486 missed {
 is already Found: false).
 Position: LorenzVec(x=-87.5, y=68.40625, z=-168.5)
 DistanceC: 17.55634849372575
Relative Position: LorenzVec(x=-2.9351937982192737, y=-0.59375, z=-17.55634849372575)
 }
15:23:16 `Bat`1164488 missed {
 is already Found: false).
 Position: LorenzVec(x=-87.5, y=68.40625, z=-167.5)
 DistanceC: 16.55634849372575
Relative Position: LorenzVec(x=-2.9351937982192737, y=-0.59375, z=-16.55634849372575)
 }
15:23:16 `Bat`1164490 missed {
 is already Found: false).
 Position: LorenzVec(x=-87.5, y=69.40625, z=-169.5)
 DistanceC: 18.55634849372575
Relative Position: LorenzVec(x=-2.9351937982192737, y=0.40625, z=-18.55634849372575)
 }
15:23:16 `Bat`1164492 missed {
 is already Found: false).
 Position: LorenzVec(x=-87.5, y=69.40625, z=-168.5)
 DistanceC: 17.55634849372575
Relative Position: LorenzVec(x=-2.9351937982192737, y=0.40625, z=-17.55634849372575)
 }
15:23:16 `Bat`1164494 missed {
 is already Found: false).
 Position: LorenzVec(x=-87.5, y=69.40625, z=-167.5)
 DistanceC: 16.55634849372575
Relative Position: LorenzVec(x=-2.9351937982192737, y=0.40625, z=-16.55634849372575)
 }
15:23:16 `Bat`1164496 missed {
 is already Found: false).
 Position: LorenzVec(x=-87.5, y=70.40625, z=-169.5)
 DistanceC: 18.55634849372575
Relative Position: LorenzVec(x=-2.9351937982192737, y=1.40625, z=-18.55634849372575)
 }
15:23:16 `Bat`1164498 missed {
 is already Found: false).
 Position: LorenzVec(x=-87.5, y=70.40625, z=-168.5)
 DistanceC: 17.55634849372575
Relative Position: LorenzVec(x=-2.9351937982192737, y=1.40625, z=-17.55634849372575)
 }
15:23:16 `Bat`1164500 missed {
 is already Found: false).
 Position: LorenzVec(x=-87.5, y=70.40625, z=-167.5)
 DistanceC: 16.55634849372575
Relative Position: LorenzVec(x=-2.9351937982192737, y=1.40625, z=-16.55634849372575)
 }
15:23:25 `Bat`1165357 missed {
 is already Found: false).
 Position: LorenzVec(x=-105.5, y=64.28125, z=-121.5)
 DistanceC: 19.19999998807907
Relative Position: LorenzVec(x=19.19999998807907, y=-5.734305072702199, z=-9.487500011920929)
 }
15:23:25 `Bat`1165359 missed {
 is already Found: false).
 Position: LorenzVec(x=-105.5, y=64.28125, z=-120.5)
 DistanceC: 19.19999998807907
Relative Position: LorenzVec(x=19.19999998807907, y=-5.734305072702199, z=-8.487500011920929)
 }
15:23:25 `Bat`1165361 missed {
 is already Found: false).
 Position: LorenzVec(x=-105.5, y=64.28125, z=-119.5)
 DistanceC: 19.19999998807907
Relative Position: LorenzVec(x=19.19999998807907, y=-5.734305072702199, z=-7.487500011920929)
 }
15:23:25 `Bat`1165363 missed {
 is already Found: false).
 Position: LorenzVec(x=-105.5, y=65.28125, z=-121.5)
 DistanceC: 19.19999998807907
Relative Position: LorenzVec(x=19.19999998807907, y=-4.734305072702199, z=-9.487500011920929)
 }
15:23:25 `Bat`1165365 missed {
 is already Found: false).
 Position: LorenzVec(x=-105.5, y=65.28125, z=-120.5)
 DistanceC: 19.19999998807907
Relative Position: LorenzVec(x=19.19999998807907, y=-4.734305072702199, z=-8.487500011920929)
 }
15:23:25 `Bat`1165367 missed {
 is already Found: false).
 Position: LorenzVec(x=-105.5, y=65.28125, z=-119.5)
 DistanceC: 19.19999998807907
Relative Position: LorenzVec(x=19.19999998807907, y=-4.734305072702199, z=-7.487500011920929)
 }
15:23:25 `Bat`1165369 missed {
 is already Found: false).
 Position: LorenzVec(x=-105.5, y=66.28125, z=-121.5)
 DistanceC: 19.19999998807907
Relative Position: LorenzVec(x=19.19999998807907, y=-3.734305072702199, z=-9.487500011920929)
 }
15:23:25 `Bat`1165371 missed {
 is already Found: false).
 Position: LorenzVec(x=-105.5, y=66.28125, z=-120.5)
 DistanceC: 19.19999998807907
Relative Position: LorenzVec(x=19.19999998807907, y=-3.734305072702199, z=-8.487500011920929)
 }
15:23:25 `Bat`1165373 missed {
 is already Found: false).
 Position: LorenzVec(x=-105.5, y=66.28125, z=-119.5)
 DistanceC: 19.19999998807907
Relative Position: LorenzVec(x=19.19999998807907, y=-3.734305072702199, z=-7.487500011920929)
 }
15:23:25 `Bat`1165375 missed {
 is already Found: false).
 Position: LorenzVec(x=-105.5, y=67.28125, z=-121.5)
 DistanceC: 19.19999998807907
Relative Position: LorenzVec(x=19.19999998807907, y=-2.734305072702199, z=-9.487500011920929)
 }
15:23:25 `Bat`1165377 missed {
 is already Found: false).
 Position: LorenzVec(x=-105.5, y=67.28125, z=-120.5)
 DistanceC: 19.19999998807907
Relative Position: LorenzVec(x=19.19999998807907, y=-2.734305072702199, z=-8.487500011920929)
 }
15:23:25 `Bat`1165379 missed {
 is already Found: false).
 Position: LorenzVec(x=-105.5, y=67.28125, z=-119.5)
 DistanceC: 19.19999998807907
Relative Position: LorenzVec(x=19.19999998807907, y=-2.734305072702199, z=-7.487500011920929)
 }
15:23:25 `Bat`1165381 missed {
 is already Found: false).
 Position: LorenzVec(x=-104.5, y=64.28125, z=-121.5)
 DistanceC: 20.19999998807907
Relative Position: LorenzVec(x=20.19999998807907, y=-5.734305072702199, z=-9.487500011920929)
 }
15:23:25 `Bat`1165383 missed {
 is already Found: false).
 Position: LorenzVec(x=-104.5, y=64.28125, z=-120.5)
 DistanceC: 20.19999998807907
Relative Position: LorenzVec(x=20.19999998807907, y=-5.734305072702199, z=-8.487500011920929)
 }
15:23:25 `Bat`1165385 missed {
 is already Found: false).
 Position: LorenzVec(x=-104.5, y=64.28125, z=-119.5)
 DistanceC: 20.19999998807907
Relative Position: LorenzVec(x=20.19999998807907, y=-5.734305072702199, z=-7.487500011920929)
 }
15:23:25 `Bat`1165387 missed {
 is already Found: false).
 Position: LorenzVec(x=-104.5, y=65.28125, z=-121.5)
 DistanceC: 20.19999998807907
Relative Position: LorenzVec(x=20.19999998807907, y=-4.734305072702199, z=-9.487500011920929)
 }
15:23:25 `Bat`1165389 missed {
 is already Found: false).
 Position: LorenzVec(x=-104.5, y=65.28125, z=-120.5)
 DistanceC: 20.19999998807907
Relative Position: LorenzVec(x=20.19999998807907, y=-4.734305072702199, z=-8.487500011920929)
 }
15:23:25 `Bat`1165391 missed {
 is already Found: false).
 Position: LorenzVec(x=-104.5, y=65.28125, z=-119.5)
 DistanceC: 20.19999998807907
Relative Position: LorenzVec(x=20.19999998807907, y=-4.734305072702199, z=-7.487500011920929)
 }
15:23:25 `Bat`1165393 missed {
 is already Found: false).
 Position: LorenzVec(x=-104.5, y=66.28125, z=-121.5)
 DistanceC: 20.19999998807907
Relative Position: LorenzVec(x=20.19999998807907, y=-3.734305072702199, z=-9.487500011920929)
 }
15:23:25 `Bat`1165395 missed {
 is already Found: false).
 Position: LorenzVec(x=-104.5, y=66.28125, z=-120.5)
 DistanceC: 20.19999998807907
Relative Position: LorenzVec(x=20.19999998807907, y=-3.734305072702199, z=-8.487500011920929)
 }
15:23:25 `Bat`1165397 missed {
 is already Found: false).
 Position: LorenzVec(x=-104.5, y=66.28125, z=-119.5)
 DistanceC: 20.19999998807907
Relative Position: LorenzVec(x=20.19999998807907, y=-3.734305072702199, z=-7.487500011920929)
 }
15:23:25 `Bat`1165399 missed {
 is already Found: false).
 Position: LorenzVec(x=-104.5, y=67.28125, z=-121.5)
 DistanceC: 20.19999998807907
Relative Position: LorenzVec(x=20.19999998807907, y=-2.734305072702199, z=-9.487500011920929)
 }
15:23:25 `Bat`1165401 missed {
 is already Found: false).
 Position: LorenzVec(x=-104.5, y=67.28125, z=-120.5)
 DistanceC: 20.19999998807907
Relative Position: LorenzVec(x=20.19999998807907, y=-2.734305072702199, z=-8.487500011920929)
 }
15:23:25 `Bat`1165403 missed {
 is already Found: false).
 Position: LorenzVec(x=-104.5, y=67.28125, z=-119.5)
 DistanceC: 20.19999998807907
Relative Position: LorenzVec(x=20.19999998807907, y=-2.734305072702199, z=-7.487500011920929)
 }
15:23:25 `Bat`1165405 missed {
 is already Found: false).
 Position: LorenzVec(x=-103.5, y=64.28125, z=-121.5)
 DistanceC: 21.19999998807907
Relative Position: LorenzVec(x=21.19999998807907, y=-5.734305072702199, z=-9.487500011920929)
 }
15:23:25 `Bat`1165407 missed {
 is already Found: false).
 Position: LorenzVec(x=-103.5, y=64.28125, z=-120.5)
 DistanceC: 21.19999998807907
Relative Position: LorenzVec(x=21.19999998807907, y=-5.734305072702199, z=-8.487500011920929)
 }
15:23:25 `Bat`1165409 missed {
 is already Found: false).
 Position: LorenzVec(x=-103.5, y=64.28125, z=-119.5)
 DistanceC: 21.19999998807907
Relative Position: LorenzVec(x=21.19999998807907, y=-5.734305072702199, z=-7.487500011920929)
 }
15:23:25 `Bat`1165411 missed {
 is already Found: false).
 Position: LorenzVec(x=-103.5, y=65.28125, z=-121.5)
 DistanceC: 21.19999998807907
Relative Position: LorenzVec(x=21.19999998807907, y=-4.734305072702199, z=-9.487500011920929)
 }
15:23:25 `Bat`1165413 missed {
 is already Found: false).
 Position: LorenzVec(x=-103.5, y=65.28125, z=-120.5)
 DistanceC: 21.19999998807907
Relative Position: LorenzVec(x=21.19999998807907, y=-4.734305072702199, z=-8.487500011920929)
 }
15:23:25 `Bat`1165415 missed {
 is already Found: false).
 Position: LorenzVec(x=-103.5, y=65.28125, z=-119.5)
 DistanceC: 21.19999998807907
Relative Position: LorenzVec(x=21.19999998807907, y=-4.734305072702199, z=-7.487500011920929)
 }
15:23:25 `Bat`1165417 missed {
 is already Found: false).
 Position: LorenzVec(x=-103.5, y=66.28125, z=-121.5)
 DistanceC: 21.19999998807907
Relative Position: LorenzVec(x=21.19999998807907, y=-3.734305072702199, z=-9.487500011920929)
 }
15:23:25 `Bat`1165419 missed {
 is already Found: false).
 Position: LorenzVec(x=-103.5, y=66.28125, z=-120.5)
 DistanceC: 21.19999998807907
Relative Position: LorenzVec(x=21.19999998807907, y=-3.734305072702199, z=-8.487500011920929)
 }
15:23:25 `Bat`1165421 missed {
 is already Found: false).
 Position: LorenzVec(x=-103.5, y=66.28125, z=-119.5)
 DistanceC: 21.19999998807907
Relative Position: LorenzVec(x=21.19999998807907, y=-3.734305072702199, z=-7.487500011920929)
 }
15:23:25 `Bat`1165423 missed {
 is already Found: false).
 Position: LorenzVec(x=-103.5, y=67.28125, z=-121.5)
 DistanceC: 21.19999998807907
Relative Position: LorenzVec(x=21.19999998807907, y=-2.734305072702199, z=-9.487500011920929)
 }
15:23:25 `Bat`1165425 missed {
 is already Found: false).
 Position: LorenzVec(x=-103.5, y=67.28125, z=-120.5)
 DistanceC: 21.19999998807907
Relative Position: LorenzVec(x=21.19999998807907, y=-2.734305072702199, z=-8.487500011920929)
 }
15:23:25 `Bat`1165427 missed {
 is already Found: false).
 Position: LorenzVec(x=-103.5, y=67.28125, z=-119.5)
 DistanceC: 21.19999998807907
Relative Position: LorenzVec(x=21.19999998807907, y=-2.5037777037892397, z=-7.487500011920929)
 }
15:23:37 `Bat`1165948 missed {
 is already Found: false).
 Position: LorenzVec(x=-121.5, y=64.28125, z=-105.5)
 DistanceC: 13.078559814388115
Relative Position: LorenzVec(x=-0.012945846760345603, y=-4.71875, z=-13.078559814388115)
 }
15:23:37 `Bat`1165950 missed {
 is already Found: false).
 Position: LorenzVec(x=-121.5, y=64.28125, z=-104.5)
 DistanceC: 12.078559814388115
Relative Position: LorenzVec(x=-0.012945846760345603, y=-4.71875, z=-12.078559814388115)
 }
15:23:37 `Bat`1165952 missed {
 is already Found: false).
 Position: LorenzVec(x=-121.5, y=64.28125, z=-103.5)
 DistanceC: 11.078559814388115
Relative Position: LorenzVec(x=-0.012945846760345603, y=-4.71875, z=-11.078559814388115)
 }
15:23:37 `Bat`1165954 missed {
 is already Found: false).
 Position: LorenzVec(x=-121.5, y=65.28125, z=-105.5)
 DistanceC: 13.078559814388115
Relative Position: LorenzVec(x=-0.012945846760345603, y=-3.71875, z=-13.078559814388115)
 }
15:23:37 `Bat`1165956 missed {
 is already Found: false).
 Position: LorenzVec(x=-121.5, y=65.28125, z=-104.5)
 DistanceC: 12.078559814388115
Relative Position: LorenzVec(x=-0.012945846760345603, y=-3.71875, z=-12.078559814388115)
 }
15:23:37 `Bat`1165958 missed {
 is already Found: false).
 Position: LorenzVec(x=-121.5, y=65.28125, z=-103.5)
 DistanceC: 11.078559814388115
Relative Position: LorenzVec(x=-0.012945846760345603, y=-3.71875, z=-11.078559814388115)
 }
15:23:37 `Bat`1165960 missed {
 is already Found: false).
 Position: LorenzVec(x=-121.5, y=66.28125, z=-105.5)
 DistanceC: 13.078559814388115
Relative Position: LorenzVec(x=-0.012945846760345603, y=-2.71875, z=-13.078559814388115)
 }
15:23:37 `Bat`1165962 missed {
 is already Found: false).
 Position: LorenzVec(x=-121.5, y=66.28125, z=-104.5)
 DistanceC: 12.078559814388115
Relative Position: LorenzVec(x=-0.012945846760345603, y=-2.71875, z=-12.078559814388115)
 }
15:23:37 `Bat`1165964 missed {
 is already Found: false).
 Position: LorenzVec(x=-121.5, y=66.28125, z=-103.5)
 DistanceC: 11.078559814388115
Relative Position: LorenzVec(x=-0.012945846760345603, y=-2.71875, z=-11.078559814388115)
 }
15:23:37 `Bat`1165966 missed {
 is already Found: false).
 Position: LorenzVec(x=-121.5, y=67.28125, z=-105.5)
 DistanceC: 13.078559814388115
Relative Position: LorenzVec(x=-0.012945846760345603, y=-1.71875, z=-13.078559814388115)
 }
15:23:37 `Bat`1165968 missed {
 is already Found: false).
 Position: LorenzVec(x=-121.5, y=67.28125, z=-104.5)
 DistanceC: 12.078559814388115
Relative Position: LorenzVec(x=-0.012945846760345603, y=-1.71875, z=-12.078559814388115)
 }
15:23:37 `Bat`1165970 missed {
 is already Found: false).
 Position: LorenzVec(x=-121.5, y=67.28125, z=-103.5)
 DistanceC: 11.078559814388115
Relative Position: LorenzVec(x=-0.012945846760345603, y=-1.71875, z=-11.078559814388115)
 }
15:23:37 `Bat`1165972 missed {
 is already Found: false).
 Position: LorenzVec(x=-120.5, y=64.28125, z=-105.5)
 DistanceC: 13.078559814388115
Relative Position: LorenzVec(x=0.9870541532396544, y=-4.71875, z=-13.078559814388115)
 }
15:23:37 `Bat`1165974 missed {
 is already Found: false).
 Position: LorenzVec(x=-120.5, y=64.28125, z=-104.5)
 DistanceC: 12.078559814388115
Relative Position: LorenzVec(x=0.9870541532396544, y=-4.71875, z=-12.078559814388115)
 }
15:23:37 `Bat`1165976 missed {
 is already Found: false).
 Position: LorenzVec(x=-120.5, y=64.28125, z=-103.5)
 DistanceC: 11.078559814388115
Relative Position: LorenzVec(x=0.9870541532396544, y=-4.71875, z=-11.078559814388115)
 }
15:23:37 `Bat`1165978 missed {
 is already Found: false).
 Position: LorenzVec(x=-120.5, y=65.28125, z=-105.5)
 DistanceC: 13.078559814388115
Relative Position: LorenzVec(x=0.9870541532396544, y=-3.71875, z=-13.078559814388115)
 }
15:23:37 `Bat`1165980 missed {
 is already Found: false).
 Position: LorenzVec(x=-120.5, y=65.28125, z=-104.5)
 DistanceC: 12.078559814388115
Relative Position: LorenzVec(x=0.9870541532396544, y=-3.71875, z=-12.078559814388115)
 }
15:23:37 `Bat`1165982 missed {
 is already Found: false).
 Position: LorenzVec(x=-120.5, y=65.28125, z=-103.5)
 DistanceC: 11.291307725913725
Relative Position: LorenzVec(x=0.7344918737691586, y=-3.71875, z=-11.291307725913725)
 }
15:23:37 `Bat`1165984 missed {
 is already Found: false).
 Position: LorenzVec(x=-120.5, y=66.28125, z=-105.5)
 DistanceC: 13.291307725913725
Relative Position: LorenzVec(x=0.7344918737691586, y=-2.71875, z=-13.291307725913725)
 }
15:23:37 `Bat`1165986 missed {
 is already Found: false).
 Position: LorenzVec(x=-120.5, y=66.28125, z=-104.5)
 DistanceC: 12.291307725913725
Relative Position: LorenzVec(x=0.7344918737691586, y=-2.71875, z=-12.291307725913725)
 }
15:23:37 `Bat`1165988 missed {
 is already Found: false).
 Position: LorenzVec(x=-120.5, y=66.28125, z=-103.5)
 DistanceC: 11.291307725913725
Relative Position: LorenzVec(x=0.7344918737691586, y=-2.71875, z=-11.291307725913725)
 }
15:23:37 `Bat`1165990 missed {
 is already Found: false).
 Position: LorenzVec(x=-120.5, y=67.28125, z=-105.5)
 DistanceC: 13.291307725913725
Relative Position: LorenzVec(x=0.7344918737691586, y=-1.71875, z=-13.291307725913725)
 }
15:23:37 `Bat`1165992 missed {
 is already Found: false).
 Position: LorenzVec(x=-120.5, y=67.28125, z=-104.5)
 DistanceC: 12.291307725913725
Relative Position: LorenzVec(x=0.7344918737691586, y=-1.71875, z=-12.291307725913725)
 }
15:23:37 `Bat`1165994 missed {
 is already Found: false).
 Position: LorenzVec(x=-120.5, y=67.28125, z=-103.5)
 DistanceC: 11.291307725913725
Relative Position: LorenzVec(x=0.7344918737691586, y=-1.71875, z=-11.291307725913725)
 }
15:23:37 `Bat`1165996 missed {
 is already Found: false).
 Position: LorenzVec(x=-119.5, y=64.28125, z=-105.5)
 DistanceC: 13.291307725913725
Relative Position: LorenzVec(x=1.7344918737691586, y=-4.71875, z=-13.291307725913725)
 }
15:23:37 `Bat`1165998 missed {
 is already Found: false).
 Position: LorenzVec(x=-119.5, y=64.28125, z=-104.5)
 DistanceC: 12.291307725913725
Relative Position: LorenzVec(x=1.7344918737691586, y=-4.71875, z=-12.291307725913725)
 }
15:23:37 `Bat`1166000 missed {
 is already Found: false).
 Position: LorenzVec(x=-119.5, y=64.28125, z=-103.5)
 DistanceC: 11.291307725913725
Relative Position: LorenzVec(x=1.7344918737691586, y=-4.71875, z=-11.291307725913725)
 }
15:23:37 `Bat`1166002 missed {
 is already Found: false).
 Position: LorenzVec(x=-119.5, y=65.28125, z=-105.5)
 DistanceC: 13.291307725913725
Relative Position: LorenzVec(x=1.7344918737691586, y=-3.71875, z=-13.291307725913725)
 }
15:23:37 `Bat`1166004 missed {
 is already Found: false).
 Position: LorenzVec(x=-119.5, y=65.28125, z=-104.5)
 DistanceC: 12.291307725913725
Relative Position: LorenzVec(x=1.7344918737691586, y=-3.71875, z=-12.291307725913725)
 }
15:23:37 `Bat`1166006 missed {
 is already Found: false).
 Position: LorenzVec(x=-119.5, y=65.28125, z=-103.5)
 DistanceC: 11.291307725913725
Relative Position: LorenzVec(x=1.7344918737691586, y=-3.71875, z=-11.291307725913725)
 }
15:23:37 `Bat`1166008 missed {
 is already Found: false).
 Position: LorenzVec(x=-119.5, y=66.28125, z=-105.5)
 DistanceC: 13.291307725913725
Relative Position: LorenzVec(x=1.7344918737691586, y=-2.71875, z=-13.291307725913725)
 }
15:23:37 `Bat`1166010 missed {
 is already Found: false).
 Position: LorenzVec(x=-119.5, y=66.28125, z=-104.5)
 DistanceC: 12.291307725913725
Relative Position: LorenzVec(x=1.7344918737691586, y=-2.71875, z=-12.291307725913725)
 }
15:23:37 `Bat`1166012 missed {
 is already Found: false).
 Position: LorenzVec(x=-119.5, y=66.28125, z=-103.5)
 DistanceC: 11.291307725913725
Relative Position: LorenzVec(x=1.7344918737691586, y=-2.71875, z=-11.291307725913725)
 }
15:23:37 `Bat`1166014 missed {
 is already Found: false).
 Position: LorenzVec(x=-119.5, y=67.28125, z=-105.5)
 DistanceC: 13.291307725913725
Relative Position: LorenzVec(x=1.7344918737691586, y=-1.71875, z=-13.291307725913725)
 }
15:23:37 `Bat`1166016 missed {
 is already Found: false).
 Position: LorenzVec(x=-119.5, y=67.28125, z=-104.5)
 DistanceC: 12.291307725913725
Relative Position: LorenzVec(x=1.7344918737691586, y=-1.71875, z=-12.291307725913725)
 }
15:23:37 `Bat`1166018 missed {
 is already Found: false).
 Position: LorenzVec(x=-119.5, y=67.28125, z=-103.5)
 DistanceC: 11.291307725913725
Relative Position: LorenzVec(x=1.7344918737691586, y=-1.71875, z=-11.291307725913725)
 }
15:23:38 `Crypt Dreadlord`1166057 missed {
 is already Found: false).
 Position: LorenzVec(x=-140.5, y=69.0, z=-84.5)
 DistanceC: 18.98798109818003
Relative Position: LorenzVec(x=-18.98798109818003, y=-0.5, z=6.79557361629216)
 }
15:23:52 `Bat`1166796 missed {
 is already Found: false).
 Position: LorenzVec(x=-89.5, y=64.28125, z=-73.5)
 DistanceC: 8.00787237686312
Relative Position: LorenzVec(x=-7.950186453151886, y=-4.71875, z=-8.00787237686312)
 }
15:23:52 `Bat`1166798 missed {
 is already Found: false).
 Position: LorenzVec(x=-89.5, y=64.28125, z=-72.5)
 DistanceC: 7.950186453151886
Relative Position: LorenzVec(x=-7.950186453151886, y=-4.71875, z=-7.007872376863119)
 }
15:23:52 `Bat`1166800 missed {
 is already Found: false).
 Position: LorenzVec(x=-89.5, y=64.28125, z=-71.5)
 DistanceC: 7.950186453151886
Relative Position: LorenzVec(x=-7.950186453151886, y=-4.71875, z=-6.007872376863119)
 }
15:23:52 `Bat`1166802 missed {
 is already Found: false).
 Position: LorenzVec(x=-89.5, y=65.28125, z=-73.5)
 DistanceC: 8.00787237686312
Relative Position: LorenzVec(x=-7.950186453151886, y=-3.71875, z=-8.00787237686312)
 }
15:23:52 `Bat`1166804 missed {
 is already Found: false).
 Position: LorenzVec(x=-89.5, y=65.28125, z=-72.5)
 DistanceC: 7.950186453151886
Relative Position: LorenzVec(x=-7.950186453151886, y=-3.71875, z=-7.007872376863119)
 }
15:23:52 `Bat`1166806 missed {
 is already Found: false).
 Position: LorenzVec(x=-89.5, y=65.28125, z=-71.5)
 DistanceC: 7.950186453151886
Relative Position: LorenzVec(x=-7.950186453151886, y=-3.71875, z=-6.007872376863119)
 }
15:23:52 `Bat`1166808 missed {
 is already Found: false).
 Position: LorenzVec(x=-89.5, y=66.28125, z=-73.5)
 DistanceC: 8.00787237686312
Relative Position: LorenzVec(x=-7.950186453151886, y=-2.71875, z=-8.00787237686312)
 }
15:23:52 `Bat`1166810 missed {
 is already Found: false).
 Position: LorenzVec(x=-89.5, y=66.28125, z=-72.5)
 DistanceC: 7.950186453151886
Relative Position: LorenzVec(x=-7.950186453151886, y=-2.71875, z=-7.007872376863119)
 }
15:23:52 `Bat`1166812 missed {
 is already Found: false).
 Position: LorenzVec(x=-89.5, y=66.28125, z=-71.5)
 DistanceC: 7.950186453151886
Relative Position: LorenzVec(x=-7.950186453151886, y=-2.71875, z=-6.007872376863119)
 }
15:23:52 `Bat`1166814 missed {
 is already Found: false).
 Position: LorenzVec(x=-89.5, y=67.28125, z=-73.5)
 DistanceC: 8.00787237686312
Relative Position: LorenzVec(x=-7.950186453151886, y=-1.71875, z=-8.00787237686312)
 }
15:23:52 `Bat`1166816 missed {
 is already Found: false).
 Position: LorenzVec(x=-89.5, y=67.28125, z=-72.5)
 DistanceC: 7.950186453151886
Relative Position: LorenzVec(x=-7.950186453151886, y=-1.71875, z=-7.007872376863119)
 }
15:23:52 `Bat`1166818 missed {
 is already Found: false).
 Position: LorenzVec(x=-89.5, y=67.28125, z=-71.5)
 DistanceC: 7.950186453151886
Relative Position: LorenzVec(x=-7.950186453151886, y=-1.71875, z=-6.007872376863119)
 }
15:23:52 `Bat`1166820 missed {
 is already Found: false).
 Position: LorenzVec(x=-88.5, y=64.28125, z=-73.5)
 DistanceC: 8.00787237686312
Relative Position: LorenzVec(x=-6.950186453151886, y=-4.71875, z=-8.00787237686312)
 }
15:23:52 `Bat`1166822 missed {
 is already Found: false).
 Position: LorenzVec(x=-88.5, y=64.28125, z=-72.5)
 DistanceC: 7.007872376863119
Relative Position: LorenzVec(x=-6.950186453151886, y=-4.71875, z=-7.007872376863119)
 }
15:23:52 `Bat`1166824 missed {
 is already Found: false).
 Position: LorenzVec(x=-88.5, y=64.28125, z=-71.5)
 DistanceC: 6.950186453151886
Relative Position: LorenzVec(x=-6.950186453151886, y=-4.71875, z=-6.007872376863119)
 }
15:23:52 `Bat`1166826 missed {
 is already Found: false).
 Position: LorenzVec(x=-88.5, y=65.28125, z=-73.5)
 DistanceC: 8.00787237686312
Relative Position: LorenzVec(x=-6.950186453151886, y=-3.71875, z=-8.00787237686312)
 }
15:23:52 `Bat`1166828 missed {
 is already Found: false).
 Position: LorenzVec(x=-88.5, y=65.28125, z=-72.5)
 DistanceC: 7.007872376863119
Relative Position: LorenzVec(x=-6.950186453151886, y=-3.71875, z=-7.007872376863119)
 }
15:23:52 `Bat`1166830 missed {
 is already Found: false).
 Position: LorenzVec(x=-88.5, y=65.28125, z=-71.5)
 DistanceC: 6.950186453151886
Relative Position: LorenzVec(x=-6.950186453151886, y=-3.71875, z=-6.007872376863119)
 }
15:23:52 `Bat`1166832 missed {
 is already Found: false).
 Position: LorenzVec(x=-88.5, y=66.28125, z=-73.5)
 DistanceC: 8.00787237686312
Relative Position: LorenzVec(x=-6.950186453151886, y=-2.71875, z=-8.00787237686312)
 }
15:23:52 `Bat`1166834 missed {
 is already Found: false).
 Position: LorenzVec(x=-88.5, y=66.28125, z=-72.5)
 DistanceC: 7.007872376863119
Relative Position: LorenzVec(x=-6.950186453151886, y=-2.71875, z=-7.007872376863119)
 }
15:23:52 `Bat`1166836 missed {
 is already Found: false).
 Position: LorenzVec(x=-88.5, y=66.28125, z=-71.5)
 DistanceC: 6.950186453151886
Relative Position: LorenzVec(x=-6.950186453151886, y=-2.71875, z=-6.007872376863119)
 }
15:23:52 `Bat`1166838 missed {
 is already Found: false).
 Position: LorenzVec(x=-88.5, y=67.28125, z=-73.5)
 DistanceC: 8.00787237686312
Relative Position: LorenzVec(x=-6.950186453151886, y=-1.71875, z=-8.00787237686312)
 }
15:23:52 `Bat`1166840 missed {
 is already Found: false).
 Position: LorenzVec(x=-88.5, y=67.28125, z=-72.5)
 DistanceC: 7.007872376863119
Relative Position: LorenzVec(x=-6.950186453151886, y=-1.71875, z=-7.007872376863119)
 }
15:23:52 `Bat`1166842 missed {
 is already Found: false).
 Position: LorenzVec(x=-88.5, y=67.28125, z=-71.5)
 DistanceC: 6.950186453151886
Relative Position: LorenzVec(x=-6.950186453151886, y=-1.71875, z=-6.007872376863119)
 }
15:23:52 `Bat`1166844 missed {
 is already Found: false).
 Position: LorenzVec(x=-87.5, y=64.28125, z=-73.5)
 DistanceC: 8.00787237686312
Relative Position: LorenzVec(x=-5.950186453151886, y=-4.71875, z=-8.00787237686312)
 }
15:23:52 `Bat`1166846 missed {
 is already Found: false).
 Position: LorenzVec(x=-87.5, y=64.28125, z=-72.5)
 DistanceC: 7.007872376863119
Relative Position: LorenzVec(x=-5.950186453151886, y=-4.71875, z=-7.007872376863119)
 }
15:23:52 `Bat`1166848 missed {
 is already Found: false).
 Position: LorenzVec(x=-87.5, y=64.28125, z=-71.5)
 DistanceC: 6.007872376863119
Relative Position: LorenzVec(x=-5.950186453151886, y=-4.71875, z=-6.007872376863119)
 }
15:23:52 `Bat`1166850 missed {
 is already Found: false).
 Position: LorenzVec(x=-87.5, y=65.28125, z=-73.5)
 DistanceC: 8.00787237686312
Relative Position: LorenzVec(x=-5.950186453151886, y=-3.71875, z=-8.00787237686312)
 }
15:23:52 `Bat`1166852 missed {
 is already Found: false).
 Position: LorenzVec(x=-87.5, y=65.28125, z=-72.5)
 DistanceC: 7.007872376863119
Relative Position: LorenzVec(x=-5.950186453151886, y=-3.71875, z=-7.007872376863119)
 }
15:23:52 `Bat`1166854 missed {
 is already Found: false).
 Position: LorenzVec(x=-87.5, y=65.28125, z=-71.5)
 DistanceC: 6.007872376863119
Relative Position: LorenzVec(x=-5.950186453151886, y=-3.71875, z=-6.007872376863119)
 }
15:23:52 `Bat`1166856 missed {
 is already Found: false).
 Position: LorenzVec(x=-87.5, y=66.28125, z=-73.5)
 DistanceC: 8.00787237686312
Relative Position: LorenzVec(x=-5.950186453151886, y=-2.71875, z=-8.00787237686312)
 }
15:23:52 `Bat`1166858 missed {
 is already Found: false).
 Position: LorenzVec(x=-87.5, y=66.28125, z=-72.5)
 DistanceC: 7.007872376863119
Relative Position: LorenzVec(x=-5.950186453151886, y=-2.71875, z=-7.007872376863119)
 }
15:23:52 `Bat`1166860 missed {
 is already Found: false).
 Position: LorenzVec(x=-87.5, y=66.28125, z=-71.5)
 DistanceC: 6.007872376863119
Relative Position: LorenzVec(x=-5.950186453151886, y=-2.71875, z=-6.007872376863119)
 }
15:23:52 `Bat`1166862 missed {
 is already Found: false).
 Position: LorenzVec(x=-87.5, y=67.28125, z=-73.5)
 DistanceC: 8.00787237686312
Relative Position: LorenzVec(x=-5.950186453151886, y=-1.71875, z=-8.00787237686312)
 }
15:23:52 `Bat`1166864 missed {
 is already Found: false).
 Position: LorenzVec(x=-87.5, y=67.28125, z=-72.5)
 DistanceC: 7.007872376863119
Relative Position: LorenzVec(x=-5.950186453151886, y=-1.71875, z=-7.007872376863119)
 }
15:23:52 `Bat`1166866 missed {
 is already Found: false).
 Position: LorenzVec(x=-87.5, y=67.28125, z=-71.5)
 DistanceC: 6.007872376863119
Relative Position: LorenzVec(x=-5.950186453151886, y=-1.71875, z=-6.007872376863119)
 }
15:24:13 `Bat`1167663 missed {
 is already Found: false).
 Position: LorenzVec(x=-135.5, y=64.28125, z=-25.5)
 DistanceC: 6.653150463914471
Relative Position: LorenzVec(x=-6.653150463914471, y=-4.71875, z=0.04260428400502292)
 }
15:24:13 `Bat`1167665 missed {
 is already Found: false).
 Position: LorenzVec(x=-135.5, y=64.28125, z=-24.5)
 DistanceC: 6.653150463914471
Relative Position: LorenzVec(x=-6.653150463914471, y=-4.71875, z=1.042604284005023)
 }
15:24:13 `Bat`1167667 missed {
 is already Found: false).
 Position: LorenzVec(x=-135.5, y=64.28125, z=-23.5)
 DistanceC: 6.653150463914471
Relative Position: LorenzVec(x=-6.653150463914471, y=-4.71875, z=2.042604284005023)
 }
15:24:13 `Bat`1167669 missed {
 is already Found: false).
 Position: LorenzVec(x=-135.5, y=65.28125, z=-25.5)
 DistanceC: 6.653150463914471
Relative Position: LorenzVec(x=-6.653150463914471, y=-3.71875, z=0.04260428400502292)
 }
15:24:13 `Bat`1167671 missed {
 is already Found: false).
 Position: LorenzVec(x=-135.5, y=65.28125, z=-24.5)
 DistanceC: 6.653150463914471
Relative Position: LorenzVec(x=-6.653150463914471, y=-3.71875, z=1.042604284005023)
 }
15:24:13 `Bat`1167673 missed {
 is already Found: false).
 Position: LorenzVec(x=-135.5, y=65.28125, z=-23.5)
 DistanceC: 6.653150463914471
Relative Position: LorenzVec(x=-6.653150463914471, y=-3.71875, z=2.042604284005023)
 }
15:24:13 `Bat`1167675 missed {
 is already Found: false).
 Position: LorenzVec(x=-135.5, y=66.28125, z=-25.5)
 DistanceC: 6.653150463914471
Relative Position: LorenzVec(x=-6.653150463914471, y=-2.71875, z=0.04260428400502292)
 }
15:24:13 `Bat`1167677 missed {
 is already Found: false).
 Position: LorenzVec(x=-135.5, y=66.28125, z=-24.5)
 DistanceC: 6.653150463914471
Relative Position: LorenzVec(x=-6.653150463914471, y=-2.71875, z=1.042604284005023)
 }
15:24:13 `Bat`1167679 missed {
 is already Found: false).
 Position: LorenzVec(x=-135.5, y=66.28125, z=-23.5)
 DistanceC: 6.653150463914471
Relative Position: LorenzVec(x=-6.653150463914471, y=-2.71875, z=2.042604284005023)
 }
15:24:13 `Bat`1167681 missed {
 is already Found: false).
 Position: LorenzVec(x=-135.5, y=67.28125, z=-25.5)
 DistanceC: 6.653150463914471
Relative Position: LorenzVec(x=-6.653150463914471, y=-1.71875, z=0.04260428400502292)
 }
15:24:13 `Bat`1167683 missed {
 is already Found: false).
 Position: LorenzVec(x=-135.5, y=67.28125, z=-24.5)
 DistanceC: 6.653150463914471
Relative Position: LorenzVec(x=-6.653150463914471, y=-1.71875, z=1.042604284005023)
 }
15:24:13 `Bat`1167685 missed {
 is already Found: false).
 Position: LorenzVec(x=-135.5, y=67.28125, z=-23.5)
 DistanceC: 6.653150463914471
Relative Position: LorenzVec(x=-6.653150463914471, y=-1.71875, z=2.042604284005023)
 }
15:24:13 `Bat`1167639 missed {
 is already Found: false).
 Position: LorenzVec(x=-136.5, y=64.28125, z=-25.5)
 DistanceC: 8.237449512390754
Relative Position: LorenzVec(x=-8.237449512390754, y=-4.71875, z=-0.11306128670994653)
 }
15:24:13 `Bat`1167641 missed {
 is already Found: false).
 Position: LorenzVec(x=-136.5, y=64.28125, z=-24.5)
 DistanceC: 8.237449512390754
Relative Position: LorenzVec(x=-8.237449512390754, y=-4.71875, z=0.8869387132900535)
 }
15:24:13 `Bat`1167643 missed {
 is already Found: false).
 Position: LorenzVec(x=-136.5, y=64.28125, z=-23.5)
 DistanceC: 8.237449512390754
Relative Position: LorenzVec(x=-8.237449512390754, y=-4.71875, z=1.8869387132900535)
 }
15:24:13 `Bat`1167645 missed {
 is already Found: false).
 Position: LorenzVec(x=-136.5, y=65.28125, z=-25.5)
 DistanceC: 8.237449512390754
Relative Position: LorenzVec(x=-8.237449512390754, y=-3.71875, z=-0.11306128670994653)
 }
15:24:13 `Bat`1167647 missed {
 is already Found: false).
 Position: LorenzVec(x=-136.5, y=65.28125, z=-24.5)
 DistanceC: 8.237449512390754
Relative Position: LorenzVec(x=-8.237449512390754, y=-3.71875, z=0.8869387132900535)
 }
15:24:13 `Bat`1167649 missed {
 is already Found: false).
 Position: LorenzVec(x=-136.5, y=65.28125, z=-23.5)
 DistanceC: 8.237449512390754
Relative Position: LorenzVec(x=-8.237449512390754, y=-3.71875, z=1.8869387132900535)
 }
15:24:13 `Bat`1167651 missed {
 is already Found: false).
 Position: LorenzVec(x=-136.5, y=66.28125, z=-25.5)
 DistanceC: 8.237449512390754
Relative Position: LorenzVec(x=-8.237449512390754, y=-2.71875, z=-0.11306128670994653)
 }
15:24:13 `Bat`1167653 missed {
 is already Found: false).
 Position: LorenzVec(x=-136.5, y=66.28125, z=-24.5)
 DistanceC: 8.237449512390754
Relative Position: LorenzVec(x=-8.237449512390754, y=-2.71875, z=0.8869387132900535)
 }
15:24:13 `Bat`1167655 missed {
 is already Found: false).
 Position: LorenzVec(x=-136.5, y=66.28125, z=-23.5)
 DistanceC: 8.237449512390754
Relative Position: LorenzVec(x=-8.237449512390754, y=-2.71875, z=1.8869387132900535)
 }
15:24:13 `Bat`1167657 missed {
 is already Found: false).
 Position: LorenzVec(x=-136.5, y=67.28125, z=-25.5)
 DistanceC: 8.237449512390754
Relative Position: LorenzVec(x=-8.237449512390754, y=-1.71875, z=-0.11306128670994653)
 }
15:24:13 `Bat`1167659 missed {
 is already Found: false).
 Position: LorenzVec(x=-136.5, y=67.28125, z=-24.5)
 DistanceC: 8.237449512390754
Relative Position: LorenzVec(x=-8.237449512390754, y=-1.71875, z=0.8869387132900535)
 }
15:24:13 `Bat`1167661 missed {
 is already Found: false).
 Position: LorenzVec(x=-136.5, y=67.28125, z=-23.5)
 DistanceC: 8.237449512390754
Relative Position: LorenzVec(x=-8.237449512390754, y=-1.71875, z=1.8869387132900535)
 }
15:24:13 `Bat`1167615 missed {
 is already Found: false).
 Position: LorenzVec(x=-137.5, y=64.28125, z=-25.5)
 DistanceC: 10.07772858288726
Relative Position: LorenzVec(x=-10.07772858288726, y=-5.138749986886978, z=-0.2764479656601466)
 }
15:24:13 `Bat`1167617 missed {
 is already Found: false).
 Position: LorenzVec(x=-137.5, y=64.28125, z=-24.5)
 DistanceC: 10.07772858288726
Relative Position: LorenzVec(x=-10.07772858288726, y=-5.138749986886978, z=0.7235520343398534)
 }
15:24:13 `Bat`1167619 missed {
 is already Found: false).
 Position: LorenzVec(x=-137.5, y=64.28125, z=-23.5)
 DistanceC: 10.07772858288726
Relative Position: LorenzVec(x=-10.07772858288726, y=-5.138749986886978, z=1.7235520343398534)
 }
15:24:13 `Bat`1167621 missed {
 is already Found: false).
 Position: LorenzVec(x=-137.5, y=65.28125, z=-25.5)
 DistanceC: 10.07772858288726
Relative Position: LorenzVec(x=-10.07772858288726, y=-4.138749986886978, z=-0.2764479656601466)
 }
15:24:13 `Bat`1167623 missed {
 is already Found: false).
 Position: LorenzVec(x=-137.5, y=65.28125, z=-24.5)
 DistanceC: 10.07772858288726
Relative Position: LorenzVec(x=-10.07772858288726, y=-4.138749986886978, z=0.7235520343398534)
 }
15:24:13 `Bat`1167625 missed {
 is already Found: false).
 Position: LorenzVec(x=-137.5, y=65.28125, z=-23.5)
 DistanceC: 10.07772858288726
Relative Position: LorenzVec(x=-10.07772858288726, y=-4.138749986886978, z=1.7235520343398534)
 }
15:24:13 `Bat`1167627 missed {
 is already Found: false).
 Position: LorenzVec(x=-137.5, y=66.28125, z=-25.5)
 DistanceC: 10.07772858288726
Relative Position: LorenzVec(x=-10.07772858288726, y=-3.138749986886978, z=-0.2764479656601466)
 }
15:24:13 `Bat`1167629 missed {
 is already Found: false).
 Position: LorenzVec(x=-137.5, y=66.28125, z=-24.5)
 DistanceC: 10.07772858288726
Relative Position: LorenzVec(x=-10.07772858288726, y=-3.138749986886978, z=0.7235520343398534)
 }
15:24:13 `Bat`1167631 missed {
 is already Found: false).
 Position: LorenzVec(x=-137.5, y=66.28125, z=-23.5)
 DistanceC: 10.07772858288726
Relative Position: LorenzVec(x=-10.07772858288726, y=-3.138749986886978, z=1.7235520343398534)
 }
15:24:13 `Bat`1167633 missed {
 is already Found: false).
 Position: LorenzVec(x=-137.5, y=67.28125, z=-25.5)
 DistanceC: 10.07772858288726
Relative Position: LorenzVec(x=-10.07772858288726, y=-2.138749986886978, z=-0.2764479656601466)
 }
15:24:13 `Bat`1167635 missed {
 is already Found: false).
 Position: LorenzVec(x=-137.5, y=67.28125, z=-24.5)
 DistanceC: 10.07772858288726
Relative Position: LorenzVec(x=-10.07772858288726, y=-2.138749986886978, z=0.7235520343398534)
 }
15:24:13 `Bat`1167637 missed {
 is already Found: false).
 Position: LorenzVec(x=-137.5, y=67.28125, z=-23.5)
 DistanceC: 10.07772858288726
Relative Position: LorenzVec(x=-10.07772858288726, y=-2.138749986886978, z=1.7235520343398534)
 }
15:25:45 `Bat`1167214 missed {
 is already Found: false).
 Position: LorenzVec(x=-89.5, y=64.28125, z=-39.5)
 DistanceC: 19.58282893657281
Relative Position: LorenzVec(x=19.58282893657281, y=-22.573643299348362, z=-16.195659355743135)
 }
15:25:45 `Bat`1167220 missed {
 is already Found: false).
 Position: LorenzVec(x=-89.5, y=65.28125, z=-39.5)
 DistanceC: 19.58282893657281
Relative Position: LorenzVec(x=19.58282893657281, y=-21.573643299348362, z=-16.195659355743135)
 }
15:25:45 `Bat`1167226 missed {
 is already Found: false).
 Position: LorenzVec(x=-89.5, y=66.28125, z=-39.5)
 DistanceC: 19.58282893657281
Relative Position: LorenzVec(x=19.58282893657281, y=-20.573643299348362, z=-16.195659355743135)
 }
15:25:45 `Bat`1167232 missed {
 is already Found: false).
 Position: LorenzVec(x=-89.5, y=67.28125, z=-39.5)
 DistanceC: 19.58282893657281
Relative Position: LorenzVec(x=19.58282893657281, y=-19.573643299348362, z=-16.195659355743135)
 }
15:25:46 `Bat`1167212 missed {
 is already Found: false).
 Position: LorenzVec(x=-89.5, y=64.28125, z=-40.5)
 DistanceC: 19.043007900869128
Relative Position: LorenzVec(x=19.043007900869128, y=-20.372479617588596, z=-17.497924497024094)
 }
15:25:46 `Bat`1167218 missed {
 is already Found: false).
 Position: LorenzVec(x=-89.5, y=65.28125, z=-40.5)
 DistanceC: 19.043007900869128
Relative Position: LorenzVec(x=19.043007900869128, y=-19.372479617588596, z=-17.497924497024094)
 }
15:25:46 `Bat`1167224 missed {
 is already Found: false).
 Position: LorenzVec(x=-89.5, y=66.28125, z=-40.5)
 DistanceC: 19.043007900869128
Relative Position: LorenzVec(x=19.043007900869128, y=-18.372479617588596, z=-17.497924497024094)
 }
15:25:46 `Bat`1167230 missed {
 is already Found: false).
 Position: LorenzVec(x=-89.5, y=67.28125, z=-40.5)
 DistanceC: 19.043007900869128
Relative Position: LorenzVec(x=19.043007900869128, y=-17.372479617588596, z=-17.497924497024094)
 }
15:25:46 `Bat`1167238 missed {
 is already Found: false).
 Position: LorenzVec(x=-88.5, y=64.28125, z=-39.5)
 DistanceC: 19.74679517714695
Relative Position: LorenzVec(x=19.74679517714695, y=-18.874271752943116, z=-16.71501857367397)
 }
15:25:46 `Bat`1167244 missed {
 is already Found: false).
 Position: LorenzVec(x=-88.5, y=65.28125, z=-39.5)
 DistanceC: 19.74679517714695
Relative Position: LorenzVec(x=19.74679517714695, y=-17.874271752943116, z=-16.71501857367397)
 }
15:25:46 `Bat`1167250 missed {
 is already Found: false).
 Position: LorenzVec(x=-88.5, y=66.28125, z=-39.5)
 DistanceC: 19.74679517714695
Relative Position: LorenzVec(x=19.74679517714695, y=-16.874271752943116, z=-16.71501857367397)
 }
15:25:46 `Bat`1167256 missed {
 is already Found: false).
 Position: LorenzVec(x=-88.5, y=67.28125, z=-39.5)
 DistanceC: 19.74679517714695
Relative Position: LorenzVec(x=19.74679517714695, y=-15.874271752943116, z=-16.71501857367397)
 }
15:25:46 `Bat`1167210 missed {
 is already Found: false).
 Position: LorenzVec(x=-89.5, y=64.28125, z=-41.5)
 DistanceC: 18.913335568549595
Relative Position: LorenzVec(x=18.487580365442298, y=-17.21875, z=-18.913335568549595)
 }
15:25:46 `Bat`1167216 missed {
 is already Found: false).
 Position: LorenzVec(x=-89.5, y=65.28125, z=-41.5)
 DistanceC: 18.913335568549595
Relative Position: LorenzVec(x=18.487580365442298, y=-16.21875, z=-18.913335568549595)
 }
15:25:46 `Bat`1167222 missed {
 is already Found: false).
 Position: LorenzVec(x=-89.5, y=66.28125, z=-41.5)
 DistanceC: 18.913335568549595
Relative Position: LorenzVec(x=18.487580365442298, y=-15.21875, z=-18.913335568549595)
 }
15:25:46 `Bat`1167228 missed {
 is already Found: false).
 Position: LorenzVec(x=-89.5, y=67.28125, z=-41.5)
 DistanceC: 18.913335568549595
Relative Position: LorenzVec(x=18.487580365442298, y=-14.21875, z=-18.913335568549595)
 }
15:25:46 `Bat`1167236 missed {
 is already Found: false).
 Position: LorenzVec(x=-88.5, y=64.28125, z=-40.5)
 DistanceC: 19.313832788122895
Relative Position: LorenzVec(x=19.313832788122895, y=-17.21875, z=-18.046264305045426)
 }
15:25:46 `Bat`1167242 missed {
 is already Found: false).
 Position: LorenzVec(x=-88.5, y=65.28125, z=-40.5)
 DistanceC: 19.313832788122895
Relative Position: LorenzVec(x=19.313832788122895, y=-16.21875, z=-18.046264305045426)
 }
15:25:46 `Bat`1167248 missed {
 is already Found: false).
 Position: LorenzVec(x=-88.5, y=66.28125, z=-40.5)
 DistanceC: 19.313832788122895
Relative Position: LorenzVec(x=19.313832788122895, y=-15.21875, z=-18.046264305045426)
 }
15:25:46 `Bat`1167254 missed {
 is already Found: false).
 Position: LorenzVec(x=-88.5, y=67.28125, z=-40.5)
 DistanceC: 19.313832788122895
Relative Position: LorenzVec(x=19.313832788122895, y=-14.21875, z=-18.046264305045426)
 }
15:25:46 `Bat`1167262 missed {
 is already Found: false).
 Position: LorenzVec(x=-87.5, y=64.28125, z=-39.5)
 DistanceC: 20.25204780908193
Relative Position: LorenzVec(x=20.25204780908193, y=-17.21875, z=-17.09353402428438)
 }
15:25:46 `Bat`1167268 missed {
 is already Found: false).
 Position: LorenzVec(x=-87.5, y=65.28125, z=-39.5)
 DistanceC: 20.25204780908193
Relative Position: LorenzVec(x=20.25204780908193, y=-16.21875, z=-17.09353402428438)
 }
15:25:46 `Bat`1167274 missed {
 is already Found: false).
 Position: LorenzVec(x=-87.5, y=66.28125, z=-39.5)
 DistanceC: 20.25204780908193
Relative Position: LorenzVec(x=20.25204780908193, y=-15.21875, z=-17.09353402428438)
 }
15:25:46 `Bat`1167280 missed {
 is already Found: false).
 Position: LorenzVec(x=-87.5, y=67.28125, z=-39.5)
 DistanceC: 20.25204780908193
Relative Position: LorenzVec(x=20.25204780908193, y=-14.21875, z=-17.09353402428438)
 }
15:25:46 `Bat`1167234 missed {
 is already Found: false).
 Position: LorenzVec(x=-88.5, y=64.28125, z=-41.5)
 DistanceC: 19.24659434174903
Relative Position: LorenzVec(x=19.24659434174903, y=-17.21875, z=-19.09353402428438)
 }
15:25:46 `Bat`1167240 missed {
 is already Found: false).
 Position: LorenzVec(x=-88.5, y=65.28125, z=-41.5)
 DistanceC: 19.24659434174903
Relative Position: LorenzVec(x=19.24659434174903, y=-16.21875, z=-19.09353402428438)
 }
15:25:46 `Bat`1167246 missed {
 is already Found: false).
 Position: LorenzVec(x=-88.5, y=66.28125, z=-41.5)
 DistanceC: 19.24659434174903
Relative Position: LorenzVec(x=19.24659434174903, y=-15.21875, z=-19.09353402428438)
 }
15:25:46 `Bat`1167252 missed {
 is already Found: false).
 Position: LorenzVec(x=-88.5, y=67.28125, z=-41.5)
 DistanceC: 19.24659434174903
Relative Position: LorenzVec(x=19.24659434174903, y=-14.21875, z=-19.09353402428438)
 }
15:25:46 `Bat`1167260 missed {
 is already Found: false).
 Position: LorenzVec(x=-87.5, y=64.28125, z=-40.5)
 DistanceC: 20.24659434174903
Relative Position: LorenzVec(x=20.24659434174903, y=-17.21875, z=-18.09353402428438)
 }
15:25:46 `Bat`1167266 missed {
 is already Found: false).
 Position: LorenzVec(x=-87.5, y=65.28125, z=-40.5)
 DistanceC: 20.24659434174903
Relative Position: LorenzVec(x=20.24659434174903, y=-16.21875, z=-18.09353402428438)
 }
15:25:46 `Bat`1167272 missed {
 is already Found: false).
 Position: LorenzVec(x=-87.5, y=66.28125, z=-40.5)
 DistanceC: 20.24659434174903
Relative Position: LorenzVec(x=20.24659434174903, y=-15.21875, z=-18.09353402428438)
 }
15:25:46 `Bat`1167278 missed {
 is already Found: false).
 Position: LorenzVec(x=-87.5, y=67.28125, z=-40.5)
 DistanceC: 20.24659434174903
Relative Position: LorenzVec(x=20.24659434174903, y=-14.21875, z=-18.09353402428438)
 }
15:25:46 `Bat`1167258 missed {
 is already Found: false).
 Position: LorenzVec(x=-87.5, y=64.28125, z=-41.5)
 DistanceC: 19.783509867193224
Relative Position: LorenzVec(x=19.281000428374924, y=-17.21875, z=-19.783509867193224)
 }
15:25:46 `Bat`1167264 missed {
 is already Found: false).
 Position: LorenzVec(x=-87.5, y=65.28125, z=-41.5)
 DistanceC: 19.783509867193224
Relative Position: LorenzVec(x=19.281000428374924, y=-16.21875, z=-19.783509867193224)
 }
15:25:46 `Bat`1167270 missed {
 is already Found: false).
 Position: LorenzVec(x=-87.5, y=66.28125, z=-41.5)
 DistanceC: 19.783509867193224
Relative Position: LorenzVec(x=19.281000428374924, y=-15.21875, z=-19.783509867193224)
 }
15:25:46 `Bat`1167276 missed {
 is already Found: false).
 Position: LorenzVec(x=-87.5, y=67.28125, z=-41.5)
 DistanceC: 19.783509867193224
Relative Position: LorenzVec(x=19.281000428374924, y=-14.21875, z=-19.783509867193224)
 }
15:25:48 `Bat`1168336 missed {
 is already Found: false).
 Position: LorenzVec(x=-102.5, y=62.125, z=-29.5)
 DistanceC: 9.580298061931742
Relative Position: LorenzVec(x=-9.580298061931742, y=-18.875, z=-5.165556577575472)
 }
15:25:48 `Bat`1168338 missed {
 is already Found: false).
 Position: LorenzVec(x=-102.5, y=62.125, z=-28.5)
 DistanceC: 9.580298061931742
Relative Position: LorenzVec(x=-9.580298061931742, y=-18.875, z=-4.165556577575472)
 }
15:25:48 `Bat`1168340 missed {
 is already Found: false).
 Position: LorenzVec(x=-102.5, y=62.125, z=-27.5)
 DistanceC: 9.580298061931742
Relative Position: LorenzVec(x=-9.580298061931742, y=-18.875, z=-3.1655565775754724)
 }
15:25:48 `Bat`1168342 missed {
 is already Found: false).
 Position: LorenzVec(x=-102.5, y=63.125, z=-29.5)
 DistanceC: 9.580298061931742
Relative Position: LorenzVec(x=-9.580298061931742, y=-17.875, z=-5.165556577575472)
 }
15:25:48 `Bat`1168344 missed {
 is already Found: false).
 Position: LorenzVec(x=-102.5, y=63.125, z=-28.5)
 DistanceC: 9.580298061931742
Relative Position: LorenzVec(x=-9.580298061931742, y=-17.875, z=-4.165556577575472)
 }
15:25:48 `Bat`1168346 missed {
 is already Found: false).
 Position: LorenzVec(x=-102.5, y=63.125, z=-27.5)
 DistanceC: 9.580298061931742
Relative Position: LorenzVec(x=-9.580298061931742, y=-17.875, z=-3.1655565775754724)
 }
15:25:48 `Bat`1168348 missed {
 is already Found: false).
 Position: LorenzVec(x=-102.5, y=64.125, z=-29.5)
 DistanceC: 9.580298061931742
Relative Position: LorenzVec(x=-9.580298061931742, y=-16.875, z=-5.165556577575472)
 }
15:25:48 `Bat`1168350 missed {
 is already Found: false).
 Position: LorenzVec(x=-102.5, y=64.125, z=-28.5)
 DistanceC: 9.580298061931742
Relative Position: LorenzVec(x=-9.580298061931742, y=-16.875, z=-4.165556577575472)
 }
15:25:48 `Bat`1168352 missed {
 is already Found: false).
 Position: LorenzVec(x=-102.5, y=64.125, z=-27.5)
 DistanceC: 9.580298061931742
Relative Position: LorenzVec(x=-9.580298061931742, y=-16.875, z=-3.1655565775754724)
 }
15:25:48 `Bat`1168354 missed {
 is already Found: false).
 Position: LorenzVec(x=-102.5, y=65.125, z=-29.5)
 DistanceC: 9.580298061931742
Relative Position: LorenzVec(x=-9.580298061931742, y=-15.875, z=-5.165556577575472)
 }
15:25:48 `Bat`1168356 missed {
 is already Found: false).
 Position: LorenzVec(x=-102.5, y=65.125, z=-28.5)
 DistanceC: 9.580298061931742
Relative Position: LorenzVec(x=-9.580298061931742, y=-15.875, z=-4.165556577575472)
 }
15:25:48 `Bat`1168358 missed {
 is already Found: false).
 Position: LorenzVec(x=-102.5, y=65.125, z=-27.5)
 DistanceC: 9.580298061931742
Relative Position: LorenzVec(x=-9.580298061931742, y=-15.875, z=-3.1655565775754724)
 }
15:32:27 `47up057q38`1191549 missed {
 is already Found: false).
 Position: LorenzVec(x=12.6875, y=77.0, z=-3.71875)
 DistanceC: 22.691829291388323
Relative Position: LorenzVec(x=10.354003999509137, y=8.0, z=-22.691829291388323)
 }
