18:51:08 `t656sk8yrb`530 missed {
 is already Found: false).
 Position: LorenzVec(x=-6.5, y=55.0, z=-95.5)
 DistanceC: 23.140874585037796
Relative Position: LorenzVec(x=-23.140874585037796, y=-15.0, z=-7.228665022345183)
 }
18:51:14 `90mavre2dj`228 missed {
 is already Found: false).
 Position: LorenzVec(x=22.0, y=71.0, z=-45.5)
 DistanceC: 21.761921169685905
Relative Position: LorenzVec(x=-0.931842744466234, y=0.0, z=21.761921169685905)
 }
18:51:15 `Villager`375 missed {
 is already Found: false).
 Position: LorenzVec(x=38.5, y=68.0, z=-46.5)
 DistanceC: 20.78708064374564
Relative Position: LorenzVec(x=15.56176266365943, y=-3.419999986886978, z=20.78708064374564)
 }
18:51:59 `Cow`264 missed {
 is already Found: false).
 Position: LorenzVec(x=48.5, y=72.0, z=-159.5)
 DistanceC: 22.51813053600353
Relative Position: LorenzVec(x=22.51813053600353, y=2.0, z=-13.576659176699138)
 }
18:52:00 `qx2yy5u8k4`262 missed {
 is already Found: false).
 Position: LorenzVec(x=44.5, y=72.0, z=-162.5)
 DistanceC: 19.185487647849584
Relative Position: LorenzVec(x=16.710237864975667, y=2.0, z=-19.185487647849584)
 }
18:52:29 `33d981jq3f`1641 missed {
 is already Found: false).
 Position: LorenzVec(x=-0.5, y=72.0, z=-111.5)
 DistanceC: 21.386880708403233
Relative Position: LorenzVec(x=-21.386880708403233, y=1.519289123668301, z=-21.274663564384454)
 }
18:52:36 `t656sk8yrb`530 missed {
 is already Found: false).
 Position: LorenzVec(x=-6.5, y=55.0, z=-95.5)
 DistanceC: 22.423469793246795
Relative Position: LorenzVec(x=-22.110686346594093, y=-15.0, z=-22.423469793246795)
 }
18:54:35 `kn9960d63t`333 missed {
 is already Found: false).
 Position: LorenzVec(x=31.5, y=70.0, z=-94.5)
 DistanceC: 16.982453614152988
Relative Position: LorenzVec(x=15.181636460473268, y=-0.48071087633169896, z=-16.982453614152988)
 }
18:54:49 `Zombie`232786 missed {
 is already Found: false).
 Position: LorenzVec(x=46.21875, y=72.0, z=-160.53125)
 DistanceC: 20.591855528854893
Relative Position: LorenzVec(x=-20.591855528854893, y=0.0, z=-4.37394398109916)
 }
18:57:15 `5je97qxb55`530 missed {
 is already Found: false).
 Position: LorenzVec(x=-6.5, y=55.0, z=-95.5)
 DistanceC: 21.38628949903503
Relative Position: LorenzVec(x=-21.38628949903503, y=-15.0, z=-12.741343036926196)
 }
18:57:24 `Villager`375 missed {
 is already Found: false).
 Position: LorenzVec(x=38.5, y=68.0, z=-46.5)
 DistanceC: 23.008546710398896
Relative Position: LorenzVec(x=23.008546710398896, y=-2.0, z=22.747751414964682)
 }
18:57:24 `60b50240wi`228 missed {
 is already Found: false).
 Position: LorenzVec(x=22.0, y=71.0, z=-45.5)
 DistanceC: 23.747751414964682
Relative Position: LorenzVec(x=6.508546710398898, y=1.0, z=23.747751414964682)
 }
19:01:30 `4rdjy2277q`530 missed {
 is already Found: false).
 Position: LorenzVec(x=-6.5, y=55.0, z=-95.5)
 DistanceC: 23.886985286638662
Relative Position: LorenzVec(x=-22.21280207393005, y=-15.0, z=-23.886985286638662)
 }
19:01:38 `Villager`375 missed {
 is already Found: false).
 Position: LorenzVec(x=38.5, y=68.0, z=-46.5)
 DistanceC: 19.444724496172412
Relative Position: LorenzVec(x=15.059439155608828, y=-3.0, z=19.444724496172412)
 }
19:01:38 `2251cjk6j2`228 missed {
 is already Found: false).
 Position: LorenzVec(x=22.0, y=71.0, z=-45.5)
 DistanceC: 20.635284559947607
Relative Position: LorenzVec(x=-1.3568859278778866, y=0.0, z=20.635284559947607)
 }
19:02:20 `2251cjk6j2`228 missed {
 is already Found: false).
 Position: LorenzVec(x=22.0, y=71.0, z=-45.5)
 DistanceC: 20.86247379745467
Relative Position: LorenzVec(x=2.300000011920929, y=0.0, z=20.86247379745467)
 }
19:02:24 `65n9sf7qx0`334 missed {
 is already Found: false).
 Position: LorenzVec(x=38.5, y=70.0, z=-88.5)
 DistanceC: 21.101168262728095
Relative Position: LorenzVec(x=19.483221791553028, y=-1.0, z=-21.101168262728095)
 }
19:02:24 `Villager`375 missed {
 is already Found: false).
 Position: LorenzVec(x=38.5, y=68.0, z=-46.5)
 DistanceC: 20.898831737271905
Relative Position: LorenzVec(x=19.483221791553028, y=-3.0, z=20.898831737271905)
 }
19:02:59 `xckhrrw225`333 missed {
 is already Found: false).
 Position: LorenzVec(x=31.5, y=70.0, z=-94.5)
 DistanceC: 19.178211095942103
Relative Position: LorenzVec(x=16.189539030331304, y=0.0, z=-19.178211095942103)
 }
19:03:00 `4rdjy2277q`530 missed {
 is already Found: false).
 Position: LorenzVec(x=-6.5, y=55.0, z=-95.5)
 DistanceC: 21.810460969668696
Relative Position: LorenzVec(x=-21.810460969668696, y=-15.0, z=-20.178211095942103)
 }
19:03:01 `ei4iy02kvq`331 missed {
 is already Found: false).
 Position: LorenzVec(x=34.5, y=71.0, z=-96.5)
 DistanceC: 20.859759900905686
Relative Position: LorenzVec(x=19.127907310469734, y=1.0, z=-20.859759900905686)
 }
19:03:22 `2ibyzkosip`1634 missed {
 is already Found: false).
 Position: LorenzVec(x=-2.5, y=72.0, z=-109.5)
 DistanceC: 21.906586113734818
Relative Position: LorenzVec(x=-21.906586113734818, y=-1.1707870772188045, z=16.55466268982596)
 }
19:04:27 `Zombie`63207 missed {
 is already Found: false).
 Position: LorenzVec(x=46.75, y=72.0, z=-161.53125)
 DistanceC: 21.859346000383933
Relative Position: LorenzVec(x=21.859346000383933, y=2.0, z=-20.07478192528808)
 }
19:06:10 `2ibyzkosip`1634 missed {
 is already Found: false).
 Position: LorenzVec(x=-2.5, y=72.0, z=-109.5)
 DistanceC: 23.212768203891585
Relative Position: LorenzVec(x=-9.12088213077664, y=2.0, z=-23.212768203891585)
 }
19:08:49 `844gr9klm5`417 missed {
 is already Found: false).
 Position: LorenzVec(x=7.0, y=70.0, z=-85.0)
 DistanceC: 22.510627431399342
Relative Position: LorenzVec(x=-18.883075797363315, y=0.0, z=22.510627431399342)
 }
19:08:59 `4rdjy2277q`530 missed {
 is already Found: false).
 Position: LorenzVec(x=-6.5, y=55.0, z=-95.5)
 DistanceC: 23.093847429906432
Relative Position: LorenzVec(x=-22.090921631147424, y=-15.0, z=-23.093847429906432)
 }
19:13:39 `Villager`355 missed {
 is already Found: false).
 Position: LorenzVec(x=28.5, y=69.0, z=-57.5)
 DistanceC: 20.96348231364462
Relative Position: LorenzVec(x=20.96348231364462, y=-1.0, z=18.15879987288433)
 }
19:14:03 `2251cjk6j2`228 missed {
 is already Found: false).
 Position: LorenzVec(x=22.0, y=71.0, z=-45.5)
 DistanceC: 19.168007078299766
Relative Position: LorenzVec(x=-5.44081291770182, y=-3.5, z=19.168007078299766)
 }
19:14:04 `65n9sf7qx0`334 missed {
 is already Found: false).
 Position: LorenzVec(x=38.5, y=70.0, z=-88.5)
 DistanceC: 19.95843348210221
Relative Position: LorenzVec(x=15.48844977541571, y=-7.78502770378924, z=-19.95843348210221)
 }
19:14:35 `2ibyzkosip`1634 missed {
 is already Found: false).
 Position: LorenzVec(x=-2.5, y=72.0, z=-109.5)
 DistanceC: 20.448420626629428
Relative Position: LorenzVec(x=-20.281511085018472, y=2.0, z=-20.448420626629428)
 }
19:14:36 `223x56b852`1633 missed {
 is already Found: false).
 Position: LorenzVec(x=-0.5, y=72.0, z=-111.5)
 DistanceC: 22.0422338816864
Relative Position: LorenzVec(x=-18.389782477273002, y=2.0, z=-22.0422338816864)
 }
19:14:49 `rz107ilnib`500 missed {
 is already Found: false).
 Position: LorenzVec(x=5.5, y=61.0, z=-134.0)
 DistanceC: 19.754038650313923
Relative Position: LorenzVec(x=-19.754038650313923, y=-9.0, z=-17.505570664324864)
 }
19:15:26 `cfqhcdb5i9`262 missed {
 is already Found: false).
 Position: LorenzVec(x=44.5, y=72.0, z=-162.5)
 DistanceC: 18.293831205412047
Relative Position: LorenzVec(x=18.293831205412047, y=2.0, z=-16.240871283578485)
 }
19:15:27 `Cow`264 missed {
 is already Found: false).
 Position: LorenzVec(x=48.5, y=72.0, z=-159.5)
 DistanceC: 20.509383945097238
Relative Position: LorenzVec(x=20.509383945097238, y=2.0, z=-14.212022642219551)
 }
19:16:42 `Villager`375 missed {
 is already Found: false).
 Position: LorenzVec(x=38.5, y=68.0, z=-46.5)
 DistanceC: 22.116292765521663
Relative Position: LorenzVec(x=20.454856620521223, y=-3.0, z=22.116292765521663)
 }
19:16:42 `2251cjk6j2`228 missed {
 is already Found: false).
 Position: LorenzVec(x=22.0, y=71.0, z=-45.5)
 DistanceC: 23.187503381434567
Relative Position: LorenzVec(x=5.086904858088449, y=0.0, z=23.187503381434567)
 }
19:23:13 `72n3c73338`530 missed {
 is already Found: false).
 Position: LorenzVec(x=-6.5, y=55.0, z=-95.5)
 DistanceC: 23.11438672565683
Relative Position: LorenzVec(x=-22.244363696272664, y=-15.0, z=-23.11438672565683)
 }
19:26:22 `6k3p2qeo2x`18 missed {
 is already Found: false).
 Position: LorenzVec(x=-3.5, y=72.0, z=-101.5)
 DistanceC: 23.863643485879887
Relative Position: LorenzVec(x=-23.863643485879887, y=1.2149722962107603, z=-8.943935606998664)
 }
