18:50:13 §e[SkyHanni] Reloaded 7531 items in the NEU repo§r
18:50:48 §d§l▬▬▬▬▬▬▬▬▬▬▬▬▬▬▬▬▬▬▬▬▬▬▬▬▬▬▬▬▬▬▬▬▬▬▬▬▬▬▬▬▬▬▬▬▬▬▬▬▬▬▬▬▬▬▬▬▬▬▬▬▬▬▬▬
                          §d§lHoppity's Hunt #87 Stats


    §c§lNothing to show!
    §c§oFind some eggs in the future!
§d§l▬▬▬▬▬▬▬▬▬▬▬▬▬▬▬▬▬▬▬▬▬▬▬▬▬▬▬▬▬▬▬▬▬▬▬▬▬▬▬▬▬▬▬▬▬▬▬▬▬▬▬▬▬▬▬▬▬▬▬▬▬▬▬▬§r
18:52:19 §e[SkyHanni] §b+4 SkyBlock XP §7(Collections§7)§b (71/100)§r
18:53:03 §e[SkyHanni] §b+5 SkyBlock XP §7(Complete Objective§7)§b (76/100)§r
18:56:05 §e[SkyHanni] §b+4 SkyBlock XP §7(Collections§7)§b (90/100)§r
19:05:47 §e[SkyHanni] §b+1 SkyBlock XP §7(Crafted Minion§7)§b (13/100)§r
19:05:49 §e[SkyHanni] §b+1 SkyBlock XP §7(Crafted Minion§7)§b (14/100)§r
19:09:36 §e[SkyHanni] §b+1 SkyBlock XP §7(Crafted Minion§7)§b (15/100)§r
19:18:40 §e[SkyHanni] §b+4 SkyBlock XP §7(Collections§7)§b (41/100)§r
19:19:10 §e[SkyHanni] §b+4 SkyBlock XP §7(Collections§7)§b (45/100)§r
19:19:22 §e[SkyHanni] §b+4 SkyBlock XP §7(Collections§7)§b (49/100)§r
19:27:47 §e[SkyHanni] §b+4 SkyBlock XP §7(Collections§7)§b (57/100)§r
19:32:27 §e[SkyHanni] §fYou were in Limbo for §e1m 30s§f! §d§lPERSONAL BEST§r§f!§r
19:32:27 §e[SkyHanni] §fYour §aPersonal Bests§f perk is now granting you §a+0.07✴ SkyHanni User Luck§f!§r
19:35:17 §e[SkyHanni] §d§lPERSONAL BEST§f! You've surpassed your previous record of §e1m 30s§f!§r
19:35:17 §e[SkyHanni] §fKeep it up!§r
19:45:44 §e[SkyHanni] §fYou were in Limbo for §e11m 57s§f! §d§lPERSONAL BEST§r§f!§r
19:45:44 §e[SkyHanni] §fYour previous Personal Best was §e1m 30s.§r
19:45:44 §e[SkyHanni] §fYour §aPersonal Bests§f perk is now granting you §a+0.58✴ SkyHanni User Luck§f!§r
19:45:58 §e[SkyHanni] §cExtra Information from Tab list not found! Enable it: SkyBlock Menu ➜ Settings ➜ Personal ➜ User Interface ➜ Player List Info§r
