21:56:07 [allowed] §7§m----------------§7[ §b§lSkyblockAddons §7]§7§m----------------
21:56:07 [allowed] §bA new update (1.10.10) is available!

21:56:07 [allowed] §a§l[Auto Download]§r §r§b[Download]§r §r§e[Open Mods Folder]§r §r§9[Changelog]§r 
21:56:07 [allowed] §7§m--------------------------------------------------
21:56:07 [allowed] §f §r§r§r§f §r§r§r§1 §r§r§r§0 §r§r§r§2 §r§r§r§f §r§r§r§f §r§r§r§2 §r§r§r§0 §r§r§r§4 §r§r§r§3 §r§r§r§9 §r§r§r§2 §r§r§r§0 §r§r§r§0 §r§r§r§3 §r§r§r§9 §r§r§r§2 §r§r§r§0 §r§r§r§0 §r§r§r§3 §r§r§r§9 §r§r§r§2 §r§r§r§0 §r§r§r§0 
21:56:11 [allowed] §aYou have §b32 §aunclaimed leveling rewards!
21:56:11 [allowed] §eClick here to view them!
21:56:11 [allowed] §aYou have §63 §aunclaimed achievement rewards!
21:56:11 [allowed] §eClick here to view them!
21:56:11 [allowed] §b[MVP§d+§b] DynamiCo_Nya§f §6joined the lobby!
21:56:14 [allowed] §b[MVP§c+§b] Acon3000§f §6joined the lobby!
21:56:14 [allowed] §b[MVP§c+§b] ayefries§f §6joined the lobby!
21:56:23 [allowed] §cYour connection timed out to the server, so you have been routed to limbo!
21:56:24 [allowed] §cYou were spawned in Limbo.
21:56:24 [allowed] §b/limbo for more information.
21:56:24 [allowed] §9Party §8> §b[MVP§c+§b] _P4RANOID§f: §rright side
21:56:27 [allowed] §f §r§r§r§f §r§r§r§1 §r§r§r§0 §r§r§r§2 §r§r§r§f §r§r§r§f §r§r§r§2 §r§r§r§0 §r§r§r§4 §r§r§r§3 §r§r§r§9 §r§r§r§2 §r§r§r§0 §r§r§r§0 §r§r§r§3 §r§r§r§9 §r§r§r§2 §r§r§r§0 §r§r§r§0 §r§r§r§3 §r§r§r§9 §r§r§r§2 §r§r§r§0 §r§r§r§0 
21:56:29 [allowed] §aYou have §b32 §aunclaimed leveling rewards!
21:56:29 [allowed] §eClick here to view them!
21:56:29 [allowed] §aYou have §63 §aunclaimed achievement rewards!
21:56:29 [allowed] §eClick here to view them!
21:56:30 [allowed] §b[MVP§5+§b] MarcProBow_13§f §6joined the lobby!
21:56:31 [allowed] §7Sending to server mini142CP...
21:56:32 [allowed] §8 §r§8 §r§1 §r§3 §r§3 §r§7 §r§8 
21:56:32 [allowed] 
21:56:32 [allowed] §eWelcome to §r§aHypixel SkyBlock§r§e!
21:56:32 [allowed] 
21:56:32 [allowed] §eLatest update: §bSkyBlock v0.23.2 §e§lCLICK
21:56:33 [allowed] §aYou are playing on profile: §ePear§b (Co-op)
21:56:33 [allowed] §8Profile ID: da202b41-03b4-4acb-b131-26b3b789ffbc
21:56:35 [allowed] §9§m-----------------------------------------------------
21:56:35 [allowed] §6Party Members (5)
21:56:35 [allowed] §f
21:56:35 [allowed] §eParty Leader: §r§a[VIP] AngryChapStick §r§a●
21:56:35 [allowed] §eParty Members: §r§7mgl_WARRIOR§r§a ● §r§a[VIP§r§6+§r§a] longfenownsheat§r§a ● §r§b[MVP§r§c+§r§b] Skidero§r§a ● §r§b[MVP§r§c+§r§b] _P4RANOID§r§a ● 
21:56:35 [allowed] §9§m-----------------------------------------------------
21:56:35 [allowed]  
21:56:44 [allowed] §9§m-----------------------------------------------------
21:56:44 [allowed] §eYou left the party.
21:56:44 [allowed] §9§m-----------------------------------------------------
21:56:45 [allowed] §7Warping...
21:56:45 [allowed] §7Sending to server mini62DS...
21:56:45 [allowed] §8 §r§8 §r§1 §r§3 §r§3 §r§7 §r§8 
21:56:49 [allowed] §aYou are playing on profile: §ePear§b (Co-op)
21:56:49 [allowed] §8Profile ID: da202b41-03b4-4acb-b131-26b3b789ffbc
21:56:56 [allowed] §dParty Finder §r§f> §r§cThis group is full and has been de-listed!
21:56:56 [allowed] §aAttempting to add you to the party...
21:57:08 [allowed] §aRefreshing...
21:57:09 [allowed] §6[Auction] §bArcherBalls §ebought §fFervor Leggings ✪✪ §efor §6210,000 coins §lCLICK
21:57:10 [allowed]  
21:57:12 [allowed] §6§lRARE REWARD! §r§a_X_DEAD §r§efound a §r§6Recombobulator 3000 §r§ein their Bedrock Chest§r§e!
21:57:13 [allowed] §dParty Finder §r§f> §r§alongfenownsheat §r§ejoined the dungeon group! (§r§bArcher Level 29§r§e)
21:57:13 [allowed] §aAttempting to add you to the party...
21:57:17 [allowed] §eYou collected §r§6380,000 coins §r§efrom selling §r§f§r§6Crimson Helmet §r§6✪✪ §r§eto §r§a[VIP] Mayreal §r§ein an auction!
21:57:17 [allowed] §b-----------------------------------------------------
21:57:17 [allowed] §a[VIP§r§6+§r§a] longfenownsheat§r§f §r§ecollected an auction for §r§6380,000 coins§r§e!
21:57:17 [allowed] §b-----------------------------------------------------
21:57:17 [allowed] §b-----------------------------------------------------
21:57:17 [allowed] §a[VIP§r§6+§r§a] longfenownsheat§r§f §r§ecollected an auction for §r§6210,000 coins§r§e!
21:57:17 [allowed] §b-----------------------------------------------------
21:57:17 [allowed] §eYou collected §r§6210,000 coins §r§efrom selling §r§f§r§6Fervor Leggings §r§6✪✪ §r§eto §r§b[MVP§r§c+§r§b] ArcherBalls §r§ein an auction!
21:57:18 [allowed] §9§m-----------------------------
§r§a[VIP] zahgel13§r§f §r§eentered §r§aThe Catacombs§r§e, §r§eFloor VI§r§e!
§r§9§m-----------------------------
