16:49:27 §f                     §7You have §a1 §7item stashed away!
16:49:27 §f                  §6§l>>> §6§lCLICK HERE§e to pick it up! §6§l<<<
16:49:27   
16:49:27 §f               §7You have §313,280 §7materials stashed away!
16:49:27 §f              §8(This totals 4 types of materials stashed!)
16:49:27 §f                §3§l>>> §3§lCLICK HERE§b to pick them up! §3§l<<<
16:49:27   
16:50:28 §f                     §7You have §a1 §7item stashed away!
16:50:28 §f                  §6§l>>> §6§lCLICK HERE§e to pick it up! §6§l<<<
16:50:28   
16:50:28 §f               §7You have §313,280 §7materials stashed away!
16:50:28 §f              §8(This totals 4 types of materials stashed!)
16:50:28 §f                §3§l>>> §3§lCLICK HERE§b to pick them up! §3§l<<<
16:50:28   
16:51:28 §f                     §7You have §a1 §7item stashed away!
16:51:28 §f                  §6§l>>> §6§lCLICK HERE§e to pick it up! §6§l<<<
16:51:28   
16:51:28 §f               §7You have §313,280 §7materials stashed away!
16:51:28 §f              §8(This totals 4 types of materials stashed!)
16:51:28 §f                §3§l>>> §3§lCLICK HERE§b to pick them up! §3§l<<<
16:51:28   
16:51:29 §eOne or more items didn't fit in your inventory and were added to your material stash! §6Click here §eto pick them up!
16:51:29 §eOne or more items didn't fit in your inventory and were added to your item stash! §6Click here §eto pick them up!
16:52:28 §f                     §7You have §a1 §7item stashed away!
16:52:28 §f                  §6§l>>> §6§lCLICK HERE§e to pick it up! §6§l<<<
16:52:28   
16:52:28 §f               §7You have §313,281 §7materials stashed away!
16:52:28 §f              §8(This totals 5 types of materials stashed!)
16:52:28 §f                §3§l>>> §3§lCLICK HERE§b to pick them up! §3§l<<<
16:52:28   
16:53:13 §eOne or more items didn't fit in your inventory and were added to your material stash! §6Click here §eto pick them up!
16:53:13 §eOne or more items didn't fit in your inventory and were added to your item stash! §6Click here §eto pick them up!
16:53:28  
16:53:28 §f                     §7You have §a1 §7item stashed away!
16:53:28 §f                  §6§l>>> §6§lCLICK HERE§e to pick it up! §6§l<<<
16:53:28   
16:53:28 §f               §7You have §313,282 §7materials stashed away!
16:53:28 §f              §8(This totals 5 types of materials stashed!)
16:53:28 §f                §3§l>>> §3§lCLICK HERE§b to pick them up! §3§l<<<
16:53:28   
16:54:28 §f                     §7You have §a1 §7item stashed away!
16:54:28 §f                  §6§l>>> §6§lCLICK HERE§e to pick it up! §6§l<<<
16:54:28   
16:54:28 §f               §7You have §313,282 §7materials stashed away!
16:54:28 §f              §8(This totals 5 types of materials stashed!)
16:54:28 §f                §3§l>>> §3§lCLICK HERE§b to pick them up! §3§l<<<
16:54:28   
16:55:28 §f                     §7You have §a1 §7item stashed away!
16:55:28 §f                  §6§l>>> §6§lCLICK HERE§e to pick it up! §6§l<<<
16:55:28   
16:55:28 §f               §7You have §313,282 §7materials stashed away!
16:55:28 §f              §8(This totals 5 types of materials stashed!)
16:55:28 §f                §3§l>>> §3§lCLICK HERE§b to pick them up! §3§l<<<
16:55:28   
16:55:31 §eOne or more items didn't fit in your inventory and were added to your material stash! §6Click here §eto pick them up!
16:55:31 §eOne or more items didn't fit in your inventory and were added to your item stash! §6Click here §eto pick them up!
16:56:28 §f                     §7You have §a1 §7item stashed away!
16:56:28 §f                  §6§l>>> §6§lCLICK HERE§e to pick it up! §6§l<<<
16:56:28   
16:56:28 §f               §7You have §313,285 §7materials stashed away!
16:56:28 §f              §8(This totals 5 types of materials stashed!)
16:56:28 §f                §3§l>>> §3§lCLICK HERE§b to pick them up! §3§l<<<
16:56:28   
16:57:22 §eOne or more items didn't fit in your inventory and were added to your material stash! §6Click here §eto pick them up!
16:57:22 §eOne or more items didn't fit in your inventory and were added to your item stash! §6Click here §eto pick them up!
16:57:28  
16:57:28 §f                     §7You have §a1 §7item stashed away!
16:57:28 §f                  §6§l>>> §6§lCLICK HERE§e to pick it up! §6§l<<<
16:57:28   
16:57:28 §f               §7You have §313,349 §7materials stashed away!
16:57:28 §f              §8(This totals 5 types of materials stashed!)
16:57:28 §f                §3§l>>> §3§lCLICK HERE§b to pick them up! §3§l<<<
16:57:28   
16:58:28 §f                     §7You have §a1 §7item stashed away!
16:58:28 §f                  §6§l>>> §6§lCLICK HERE§e to pick it up! §6§l<<<
16:58:28   
16:58:28 §f               §7You have §313,280 §7materials stashed away!
16:58:28 §f              §8(This totals 4 types of materials stashed!)
16:58:28 §f                §3§l>>> §3§lCLICK HERE§b to pick them up! §3§l<<<
16:58:28   
16:59:27 §eOne or more items didn't fit in your inventory and were added to your material stash! §6Click here §eto pick them up!
16:59:27 §eOne or more items didn't fit in your inventory and were added to your item stash! §6Click here §eto pick them up!
16:59:29 §f                     §7You have §a1 §7item stashed away!
16:59:29 §f                  §6§l>>> §6§lCLICK HERE§e to pick it up! §6§l<<<
16:59:29   
16:59:29 §f               §7You have §313,285 §7materials stashed away!
16:59:29 §f              §8(This totals 5 types of materials stashed!)
16:59:29 §f                §3§l>>> §3§lCLICK HERE§b to pick them up! §3§l<<<
16:59:29   
17:00:29 §f                     §7You have §a1 §7item stashed away!
17:00:29 §f                  §6§l>>> §6§lCLICK HERE§e to pick it up! §6§l<<<
17:00:29   
17:00:29 §f               §7You have §313,285 §7materials stashed away!
17:00:29 §f              §8(This totals 5 types of materials stashed!)
17:00:29 §f                §3§l>>> §3§lCLICK HERE§b to pick them up! §3§l<<<
17:00:29   
17:01:29 §f                     §7You have §a1 §7item stashed away!
17:01:29 §f                  §6§l>>> §6§lCLICK HERE§e to pick it up! §6§l<<<
17:01:29   
17:01:29 §f               §7You have §313,285 §7materials stashed away!
17:01:29 §f              §8(This totals 5 types of materials stashed!)
17:01:29 §f                §3§l>>> §3§lCLICK HERE§b to pick them up! §3§l<<<
17:01:29   
17:01:31 §eOne or more items didn't fit in your inventory and were added to your material stash! §6Click here §eto pick them up!
17:01:31 §eOne or more items didn't fit in your inventory and were added to your item stash! §6Click here §eto pick them up!
17:01:46 §eOne or more items didn't fit in your inventory and were added to your material stash! §6Click here §eto pick them up!
17:01:46 §eOne or more items didn't fit in your inventory and were added to your item stash! §6Click here §eto pick them up!
17:02:29 §f                     §7You have §a1 §7item stashed away!
17:02:29 §f                  §6§l>>> §6§lCLICK HERE§e to pick it up! §6§l<<<
17:02:29   
17:02:29 §f               §7You have §313,293 §7materials stashed away!
17:02:29 §f              §8(This totals 5 types of materials stashed!)
17:02:29 §f                §3§l>>> §3§lCLICK HERE§b to pick them up! §3§l<<<
17:02:29   
17:03:29 §f                     §7You have §a1 §7item stashed away!
17:03:29 §f                  §6§l>>> §6§lCLICK HERE§e to pick it up! §6§l<<<
17:03:29   
17:03:29 §f               §7You have §313,293 §7materials stashed away!
17:03:29 §f              §8(This totals 5 types of materials stashed!)
17:03:29 §f                §3§l>>> §3§lCLICK HERE§b to pick them up! §3§l<<<
17:03:29   
17:04:29 §f                     §7You have §a1 §7item stashed away!
17:04:29 §f                  §6§l>>> §6§lCLICK HERE§e to pick it up! §6§l<<<
17:04:29   
17:04:29 §f               §7You have §313,293 §7materials stashed away!
17:04:29 §f              §8(This totals 5 types of materials stashed!)
17:04:29 §f                §3§l>>> §3§lCLICK HERE§b to pick them up! §3§l<<<
17:04:29   
17:05:30 §f                     §7You have §a1 §7item stashed away!
17:05:30 §f                  §6§l>>> §6§lCLICK HERE§e to pick it up! §6§l<<<
17:05:30   
17:05:30 §f               §7You have §313,293 §7materials stashed away!
17:05:30 §f              §8(This totals 5 types of materials stashed!)
17:05:30 §f                §3§l>>> §3§lCLICK HERE§b to pick them up! §3§l<<<
17:05:30   
17:05:34 §eOne or more items didn't fit in your inventory and were added to your material stash! §6Click here §eto pick them up!
17:05:34 §eOne or more items didn't fit in your inventory and were added to your item stash! §6Click here §eto pick them up!
17:05:55 §eOne or more items didn't fit in your inventory and were added to your material stash! §6Click here §eto pick them up!
17:05:55 §eOne or more items didn't fit in your inventory and were added to your item stash! §6Click here §eto pick them up!
17:06:30 §f                     §7You have §a1 §7item stashed away!
17:06:30 §f                  §6§l>>> §6§lCLICK HERE§e to pick it up! §6§l<<<
17:06:30   
17:06:30 §f               §7You have §313,298 §7materials stashed away!
17:06:30 §f              §8(This totals 5 types of materials stashed!)
17:06:30 §f                §3§l>>> §3§lCLICK HERE§b to pick them up! §3§l<<<
17:06:30   
17:07:30 §f                     §7You have §a1 §7item stashed away!
17:07:30 §f                  §6§l>>> §6§lCLICK HERE§e to pick it up! §6§l<<<
17:07:30   
17:07:30 §f               §7You have §313,298 §7materials stashed away!
17:07:30 §f              §8(This totals 5 types of materials stashed!)
17:07:30 §f                §3§l>>> §3§lCLICK HERE§b to pick them up! §3§l<<<
17:07:30   
17:08:31 §f                     §7You have §a1 §7item stashed away!
17:08:31 §f                  §6§l>>> §6§lCLICK HERE§e to pick it up! §6§l<<<
17:08:31   
17:08:31 §f               §7You have §313,298 §7materials stashed away!
17:08:31 §f              §8(This totals 5 types of materials stashed!)
17:08:31 §f                §3§l>>> §3§lCLICK HERE§b to pick them up! §3§l<<<
17:08:31   
17:09:31 §f                     §7You have §a1 §7item stashed away!
17:09:31 §f                  §6§l>>> §6§lCLICK HERE§e to pick it up! §6§l<<<
17:09:31   
17:09:31 §f               §7You have §313,298 §7materials stashed away!
17:09:31 §f              §8(This totals 5 types of materials stashed!)
17:09:31 §f                §3§l>>> §3§lCLICK HERE§b to pick them up! §3§l<<<
17:09:31   
17:09:48 §f                     §7You have §a1 §7item stashed away!
17:09:48 §f                  §6§l>>> §6§lCLICK HERE§e to pick it up! §6§l<<<
17:09:48   
17:09:48 §f               §7You have §313,298 §7materials stashed away!
17:09:48 §f              §8(This totals 5 types of materials stashed!)
17:09:48 §f                §3§l>>> §3§lCLICK HERE§b to pick them up! §3§l<<<
17:09:48   
17:10:48 §f                     §7You have §a1 §7item stashed away!
17:10:48 §f                  §6§l>>> §6§lCLICK HERE§e to pick it up! §6§l<<<
17:10:48   
17:10:48 §f               §7You have §313,298 §7materials stashed away!
17:10:48 §f              §8(This totals 5 types of materials stashed!)
17:10:48 §f                §3§l>>> §3§lCLICK HERE§b to pick them up! §3§l<<<
17:10:48   
17:11:49 §f                     §7You have §a1 §7item stashed away!
17:11:49 §f                  §6§l>>> §6§lCLICK HERE§e to pick it up! §6§l<<<
17:11:49   
17:11:49 §f               §7You have §313,298 §7materials stashed away!
17:11:49 §f              §8(This totals 5 types of materials stashed!)
17:11:49 §f                §3§l>>> §3§lCLICK HERE§b to pick them up! §3§l<<<
17:11:49   
17:12:49 §f                     §7You have §a1 §7item stashed away!
17:12:49 §f                  §6§l>>> §6§lCLICK HERE§e to pick it up! §6§l<<<
17:12:49   
17:12:49 §f               §7You have §313,298 §7materials stashed away!
17:12:49 §f              §8(This totals 5 types of materials stashed!)
17:12:49 §f                §3§l>>> §3§lCLICK HERE§b to pick them up! §3§l<<<
17:12:49   
17:13:49 §f                     §7You have §a1 §7item stashed away!
17:13:49 §f                  §6§l>>> §6§lCLICK HERE§e to pick it up! §6§l<<<
17:13:49   
17:13:49 §f               §7You have §313,298 §7materials stashed away!
17:13:49 §f              §8(This totals 5 types of materials stashed!)
17:13:49 §f                §3§l>>> §3§lCLICK HERE§b to pick them up! §3§l<<<
17:13:49   
17:14:49 §f                     §7You have §a1 §7item stashed away!
17:14:49 §f                  §6§l>>> §6§lCLICK HERE§e to pick it up! §6§l<<<
17:14:49   
17:14:49 §f               §7You have §313,298 §7materials stashed away!
17:14:49 §f              §8(This totals 5 types of materials stashed!)
17:14:49 §f                §3§l>>> §3§lCLICK HERE§b to pick them up! §3§l<<<
17:14:49   
17:15:49 §f                     §7You have §a1 §7item stashed away!
17:15:49 §f                  §6§l>>> §6§lCLICK HERE§e to pick it up! §6§l<<<
17:15:49   
17:15:49 §f               §7You have §313,298 §7materials stashed away!
17:15:49 §f              §8(This totals 5 types of materials stashed!)
17:15:49 §f                §3§l>>> §3§lCLICK HERE§b to pick them up! §3§l<<<
17:15:49   
17:16:08 §f                     §7You have §a1 §7item stashed away!
17:16:08 §f                  §6§l>>> §6§lCLICK HERE§e to pick it up! §6§l<<<
17:16:08   
17:16:08 §f               §7You have §313,298 §7materials stashed away!
17:16:08 §f              §8(This totals 5 types of materials stashed!)
17:16:08 §f                §3§l>>> §3§lCLICK HERE§b to pick them up! §3§l<<<
17:16:08   
17:16:25 §f                     §7You have §a1 §7item stashed away!
17:16:25 §f                  §6§l>>> §6§lCLICK HERE§e to pick it up! §6§l<<<
17:16:25   
17:16:25 §f               §7You have §313,298 §7materials stashed away!
17:16:25 §f              §8(This totals 5 types of materials stashed!)
17:16:25 §f                §3§l>>> §3§lCLICK HERE§b to pick them up! §3§l<<<
17:16:25   
17:17:32 §f                     §7You have §a1 §7item stashed away!
17:17:32 §f                  §6§l>>> §6§lCLICK HERE§e to pick it up! §6§l<<<
17:17:32   
17:17:32 §f               §7You have §313,298 §7materials stashed away!
17:17:32 §f              §8(This totals 5 types of materials stashed!)
17:17:32 §f                §3§l>>> §3§lCLICK HERE§b to pick them up! §3§l<<<
17:17:32   
17:17:48 §f                     §7You have §a1 §7item stashed away!
17:17:48 §f                  §6§l>>> §6§lCLICK HERE§e to pick it up! §6§l<<<
17:17:48   
17:17:48 §f               §7You have §313,298 §7materials stashed away!
17:17:48 §f              §8(This totals 5 types of materials stashed!)
17:17:48 §f                §3§l>>> §3§lCLICK HERE§b to pick them up! §3§l<<<
17:17:48   
17:18:48 §f                     §7You have §a1 §7item stashed away!
17:18:48 §f                  §6§l>>> §6§lCLICK HERE§e to pick it up! §6§l<<<
17:18:48   
17:18:48 §f               §7You have §313,298 §7materials stashed away!
17:18:48 §f              §8(This totals 5 types of materials stashed!)
17:18:48 §f                §3§l>>> §3§lCLICK HERE§b to pick them up! §3§l<<<
17:18:48   
17:19:52 §f                     §7You have §a1 §7item stashed away!
17:19:52 §f                  §6§l>>> §6§lCLICK HERE§e to pick it up! §6§l<<<
17:19:52   
17:19:52 §f               §7You have §313,298 §7materials stashed away!
17:19:52 §f              §8(This totals 5 types of materials stashed!)
17:19:52 §f                §3§l>>> §3§lCLICK HERE§b to pick them up! §3§l<<<
17:19:52   
17:20:51 §f                     §7You have §a1 §7item stashed away!
17:20:51 §f                  §6§l>>> §6§lCLICK HERE§e to pick it up! §6§l<<<
17:20:51   
17:20:51 §f               §7You have §313,298 §7materials stashed away!
17:20:51 §f              §8(This totals 5 types of materials stashed!)
17:20:51 §f                §3§l>>> §3§lCLICK HERE§b to pick them up! §3§l<<<
17:20:51   
17:21:52 §f                     §7You have §a1 §7item stashed away!
17:21:52 §f                  §6§l>>> §6§lCLICK HERE§e to pick it up! §6§l<<<
17:21:52   
17:21:52 §f               §7You have §313,298 §7materials stashed away!
17:21:52 §f              §8(This totals 5 types of materials stashed!)
17:21:52 §f                §3§l>>> §3§lCLICK HERE§b to pick them up! §3§l<<<
17:21:52   
17:22:52 §f                     §7You have §a1 §7item stashed away!
17:22:52 §f                  §6§l>>> §6§lCLICK HERE§e to pick it up! §6§l<<<
17:22:52   
17:22:52 §f               §7You have §313,298 §7materials stashed away!
17:22:52 §f              §8(This totals 5 types of materials stashed!)
17:22:52 §f                §3§l>>> §3§lCLICK HERE§b to pick them up! §3§l<<<
17:22:52   
17:23:58 §f                     §7You have §a1 §7item stashed away!
17:23:58 §f                  §6§l>>> §6§lCLICK HERE§e to pick it up! §6§l<<<
17:23:58   
17:23:58 §f               §7You have §313,298 §7materials stashed away!
17:23:58 §f              §8(This totals 5 types of materials stashed!)
17:23:58 §f                §3§l>>> §3§lCLICK HERE§b to pick them up! §3§l<<<
17:23:58   
17:24:59 §f                     §7You have §a1 §7item stashed away!
17:24:59 §f                  §6§l>>> §6§lCLICK HERE§e to pick it up! §6§l<<<
17:24:59   
17:24:59 §f               §7You have §313,298 §7materials stashed away!
17:24:59 §f              §8(This totals 5 types of materials stashed!)
17:24:59 §f                §3§l>>> §3§lCLICK HERE§b to pick them up! §3§l<<<
17:24:59   
17:26:08 §f                     §7You have §a1 §7item stashed away!
17:26:08 §f                  §6§l>>> §6§lCLICK HERE§e to pick it up! §6§l<<<
17:26:08   
17:26:08 §f               §7You have §313,298 §7materials stashed away!
17:26:08 §f              §8(This totals 5 types of materials stashed!)
17:26:08 §f                §3§l>>> §3§lCLICK HERE§b to pick them up! §3§l<<<
17:26:08   
17:27:09 §f                     §7You have §a1 §7item stashed away!
17:27:09 §f                  §6§l>>> §6§lCLICK HERE§e to pick it up! §6§l<<<
17:27:09   
17:27:09 §f               §7You have §313,298 §7materials stashed away!
17:27:09 §f              §8(This totals 5 types of materials stashed!)
17:27:09 §f                §3§l>>> §3§lCLICK HERE§b to pick them up! §3§l<<<
17:27:09   
17:28:12 §f                     §7You have §a1 §7item stashed away!
17:28:12 §f                  §6§l>>> §6§lCLICK HERE§e to pick it up! §6§l<<<
17:28:12   
17:28:12 §f               §7You have §313,298 §7materials stashed away!
17:28:12 §f              §8(This totals 5 types of materials stashed!)
17:28:12 §f                §3§l>>> §3§lCLICK HERE§b to pick them up! §3§l<<<
17:28:12   
17:29:13 §f                     §7You have §a1 §7item stashed away!
17:29:13 §f                  §6§l>>> §6§lCLICK HERE§e to pick it up! §6§l<<<
17:29:13   
17:29:13 §f               §7You have §313,298 §7materials stashed away!
17:29:13 §f              §8(This totals 5 types of materials stashed!)
17:29:13 §f                §3§l>>> §3§lCLICK HERE§b to pick them up! §3§l<<<
17:29:13   
17:30:13 §f                     §7You have §a1 §7item stashed away!
17:30:13 §f                  §6§l>>> §6§lCLICK HERE§e to pick it up! §6§l<<<
17:30:13   
17:30:13 §f               §7You have §313,298 §7materials stashed away!
17:30:13 §f              §8(This totals 5 types of materials stashed!)
17:30:13 §f                §3§l>>> §3§lCLICK HERE§b to pick them up! §3§l<<<
17:30:13   
17:31:16 §f                     §7You have §a1 §7item stashed away!
17:31:16 §f                  §6§l>>> §6§lCLICK HERE§e to pick it up! §6§l<<<
17:31:16   
17:31:16 §f               §7You have §313,298 §7materials stashed away!
17:31:16 §f              §8(This totals 5 types of materials stashed!)
17:31:16 §f                §3§l>>> §3§lCLICK HERE§b to pick them up! §3§l<<<
17:31:16   
17:32:16 §f                     §7You have §a1 §7item stashed away!
17:32:16 §f                  §6§l>>> §6§lCLICK HERE§e to pick it up! §6§l<<<
17:32:16   
17:32:16 §f               §7You have §313,298 §7materials stashed away!
17:32:16 §f              §8(This totals 5 types of materials stashed!)
17:32:16 §f                §3§l>>> §3§lCLICK HERE§b to pick them up! §3§l<<<
17:32:16   
17:33:16 §f                     §7You have §a1 §7item stashed away!
17:33:16 §f                  §6§l>>> §6§lCLICK HERE§e to pick it up! §6§l<<<
17:33:16   
17:33:16 §f               §7You have §313,298 §7materials stashed away!
17:33:16 §f              §8(This totals 5 types of materials stashed!)
17:33:16 §f                §3§l>>> §3§lCLICK HERE§b to pick them up! §3§l<<<
17:33:16   
17:33:41 §eOne or more items didn't fit in your inventory and were added to your item stash! §6Click here §eto pick them up!
17:34:16 §f                     §7You have §a2 §7items stashed away!
17:34:16 §f                §6§l>>> §6§lCLICK HERE§e to pick them up! §6§l<<<
17:34:16   
17:34:16 §f               §7You have §313,298 §7materials stashed away!
17:34:16 §f              §8(This totals 5 types of materials stashed!)
17:34:16 §f                §3§l>>> §3§lCLICK HERE§b to pick them up! §3§l<<<
17:34:16   
17:35:29 §f                     §7You have §a2 §7items stashed away!
17:35:29 §f                §6§l>>> §6§lCLICK HERE§e to pick them up! §6§l<<<
17:35:29   
17:35:30 §f               §7You have §313,298 §7materials stashed away!
17:35:30 §f              §8(This totals 5 types of materials stashed!)
17:35:30 §f                §3§l>>> §3§lCLICK HERE§b to pick them up! §3§l<<<
17:35:30   
17:36:30 §f                     §7You have §a2 §7items stashed away!
17:36:30 §f                §6§l>>> §6§lCLICK HERE§e to pick them up! §6§l<<<
17:36:30   
17:36:30 §f               §7You have §313,298 §7materials stashed away!
17:36:30 §f              §8(This totals 5 types of materials stashed!)
17:36:30 §f                §3§l>>> §3§lCLICK HERE§b to pick them up! §3§l<<<
17:36:30   
17:37:30 §f                     §7You have §a2 §7items stashed away!
17:37:30 §f                §6§l>>> §6§lCLICK HERE§e to pick them up! §6§l<<<
17:37:30   
17:37:30 §f               §7You have §313,298 §7materials stashed away!
17:37:30 §f              §8(This totals 5 types of materials stashed!)
17:37:30 §f                §3§l>>> §3§lCLICK HERE§b to pick them up! §3§l<<<
17:37:30   
17:38:30 §f                     §7You have §a2 §7items stashed away!
17:38:30 §f                §6§l>>> §6§lCLICK HERE§e to pick them up! §6§l<<<
17:38:30   
17:38:30 §f               §7You have §313,298 §7materials stashed away!
17:38:30 §f              §8(This totals 5 types of materials stashed!)
17:38:30 §f                §3§l>>> §3§lCLICK HERE§b to pick them up! §3§l<<<
17:38:30   
17:39:30 §f                     §7You have §a2 §7items stashed away!
17:39:30 §f                §6§l>>> §6§lCLICK HERE§e to pick them up! §6§l<<<
17:39:30   
17:39:30 §f               §7You have §313,298 §7materials stashed away!
17:39:30 §f              §8(This totals 5 types of materials stashed!)
17:39:30 §f                §3§l>>> §3§lCLICK HERE§b to pick them up! §3§l<<<
17:39:30   
17:40:30 §f                     §7You have §a2 §7items stashed away!
17:40:30 §f                §6§l>>> §6§lCLICK HERE§e to pick them up! §6§l<<<
17:40:30   
17:40:30 §f               §7You have §313,298 §7materials stashed away!
17:40:30 §f              §8(This totals 5 types of materials stashed!)
17:40:30 §f                §3§l>>> §3§lCLICK HERE§b to pick them up! §3§l<<<
17:40:30   
17:41:31 §f                     §7You have §a2 §7items stashed away!
17:41:31 §f                §6§l>>> §6§lCLICK HERE§e to pick them up! §6§l<<<
17:41:31   
17:41:31 §f               §7You have §313,298 §7materials stashed away!
17:41:31 §f              §8(This totals 5 types of materials stashed!)
17:41:31 §f                §3§l>>> §3§lCLICK HERE§b to pick them up! §3§l<<<
17:41:31   
17:42:31 §f                     §7You have §a2 §7items stashed away!
17:42:31 §f                §6§l>>> §6§lCLICK HERE§e to pick them up! §6§l<<<
17:42:31   
17:42:31 §f               §7You have §313,298 §7materials stashed away!
17:42:31 §f              §8(This totals 5 types of materials stashed!)
17:42:31 §f                §3§l>>> §3§lCLICK HERE§b to pick them up! §3§l<<<
17:42:31   
17:43:34 §f                     §7You have §a2 §7items stashed away!
17:43:34 §f                §6§l>>> §6§lCLICK HERE§e to pick them up! §6§l<<<
17:43:34   
17:43:34 §f               §7You have §313,298 §7materials stashed away!
17:43:34 §f              §8(This totals 5 types of materials stashed!)
17:43:34 §f                §3§l>>> §3§lCLICK HERE§b to pick them up! §3§l<<<
17:43:34   
17:45:10 §f                     §7You have §a2 §7items stashed away!
17:45:10 §f                §6§l>>> §6§lCLICK HERE§e to pick them up! §6§l<<<
17:45:10   
17:45:10 §f               §7You have §313,298 §7materials stashed away!
17:45:10 §f              §8(This totals 5 types of materials stashed!)
17:45:10 §f                §3§l>>> §3§lCLICK HERE§b to pick them up! §3§l<<<
17:45:10   
17:46:11 §f                     §7You have §a2 §7items stashed away!
17:46:11 §f                §6§l>>> §6§lCLICK HERE§e to pick them up! §6§l<<<
17:46:11   
17:46:11 §f               §7You have §313,298 §7materials stashed away!
17:46:11 §f              §8(This totals 5 types of materials stashed!)
17:46:11 §f                §3§l>>> §3§lCLICK HERE§b to pick them up! §3§l<<<
17:46:11   
17:47:11 §f                     §7You have §a2 §7items stashed away!
17:47:11 §f                §6§l>>> §6§lCLICK HERE§e to pick them up! §6§l<<<
17:47:11   
17:47:11 §f               §7You have §313,298 §7materials stashed away!
17:47:11 §f              §8(This totals 5 types of materials stashed!)
17:47:11 §f                §3§l>>> §3§lCLICK HERE§b to pick them up! §3§l<<<
17:47:11   
17:48:12 §f                     §7You have §a2 §7items stashed away!
17:48:12 §f                §6§l>>> §6§lCLICK HERE§e to pick them up! §6§l<<<
17:48:12   
17:48:12 §f               §7You have §313,298 §7materials stashed away!
17:48:12 §f              §8(This totals 5 types of materials stashed!)
17:48:12 §f                §3§l>>> §3§lCLICK HERE§b to pick them up! §3§l<<<
17:48:12   
17:48:24 §f                     §7You have §a2 §7items stashed away!
17:48:24 §f                §6§l>>> §6§lCLICK HERE§e to pick them up! §6§l<<<
17:48:24   
17:48:24 §f               §7You have §313,298 §7materials stashed away!
17:48:24 §f              §8(This totals 5 types of materials stashed!)
17:48:24 §f                §3§l>>> §3§lCLICK HERE§b to pick them up! §3§l<<<
17:48:24   
17:49:24 §f                     §7You have §a2 §7items stashed away!
17:49:24 §f                §6§l>>> §6§lCLICK HERE§e to pick them up! §6§l<<<
17:49:24   
17:49:24 §f               §7You have §313,298 §7materials stashed away!
17:49:24 §f              §8(This totals 5 types of materials stashed!)
17:49:24 §f                §3§l>>> §3§lCLICK HERE§b to pick them up! §3§l<<<
17:49:24   
17:50:25 §f                     §7You have §a2 §7items stashed away!
17:50:25 §f                §6§l>>> §6§lCLICK HERE§e to pick them up! §6§l<<<
17:50:25   
17:50:25 §f               §7You have §313,298 §7materials stashed away!
17:50:25 §f              §8(This totals 5 types of materials stashed!)
17:50:25 §f                §3§l>>> §3§lCLICK HERE§b to pick them up! §3§l<<<
17:50:25   
17:51:25 §f                     §7You have §a2 §7items stashed away!
17:51:25 §f                §6§l>>> §6§lCLICK HERE§e to pick them up! §6§l<<<
17:51:25   
17:51:25 §f               §7You have §313,298 §7materials stashed away!
17:51:25 §f              §8(This totals 5 types of materials stashed!)
17:51:25 §f                §3§l>>> §3§lCLICK HERE§b to pick them up! §3§l<<<
17:51:25   
17:52:25 §f                     §7You have §a2 §7items stashed away!
17:52:25 §f                §6§l>>> §6§lCLICK HERE§e to pick them up! §6§l<<<
17:52:25   
17:52:25 §f               §7You have §313,298 §7materials stashed away!
17:52:25 §f              §8(This totals 5 types of materials stashed!)
17:52:25 §f                §3§l>>> §3§lCLICK HERE§b to pick them up! §3§l<<<
17:52:25   
17:53:25 §f                     §7You have §a2 §7items stashed away!
17:53:25 §f                §6§l>>> §6§lCLICK HERE§e to pick them up! §6§l<<<
17:53:25   
17:53:25 §f               §7You have §313,298 §7materials stashed away!
17:53:25 §f              §8(This totals 5 types of materials stashed!)
17:53:25 §f                §3§l>>> §3§lCLICK HERE§b to pick them up! §3§l<<<
17:53:25   
17:54:25 §f                     §7You have §a2 §7items stashed away!
17:54:25 §f                §6§l>>> §6§lCLICK HERE§e to pick them up! §6§l<<<
17:54:25   
17:54:25 §f               §7You have §313,298 §7materials stashed away!
17:54:25 §f              §8(This totals 5 types of materials stashed!)
17:54:25 §f                §3§l>>> §3§lCLICK HERE§b to pick them up! §3§l<<<
17:54:25   
17:55:25 §f                     §7You have §a2 §7items stashed away!
17:55:25 §f                §6§l>>> §6§lCLICK HERE§e to pick them up! §6§l<<<
17:55:25   
17:55:25 §f               §7You have §313,298 §7materials stashed away!
17:55:25 §f              §8(This totals 5 types of materials stashed!)
17:55:25 §f                §3§l>>> §3§lCLICK HERE§b to pick them up! §3§l<<<
17:55:25   
17:56:26 §f                     §7You have §a2 §7items stashed away!
17:56:26 §f                §6§l>>> §6§lCLICK HERE§e to pick them up! §6§l<<<
17:56:26   
17:56:26 §f               §7You have §313,298 §7materials stashed away!
17:56:26 §f              §8(This totals 5 types of materials stashed!)
17:56:26 §f                §3§l>>> §3§lCLICK HERE§b to pick them up! §3§l<<<
17:56:26   
17:57:26 §f                     §7You have §a2 §7items stashed away!
17:57:26 §f                §6§l>>> §6§lCLICK HERE§e to pick them up! §6§l<<<
17:57:26   
17:57:26 §f               §7You have §313,298 §7materials stashed away!
17:57:26 §f              §8(This totals 5 types of materials stashed!)
17:57:26 §f                §3§l>>> §3§lCLICK HERE§b to pick them up! §3§l<<<
17:57:26   
17:58:26 §f                     §7You have §a2 §7items stashed away!
17:58:26 §f                §6§l>>> §6§lCLICK HERE§e to pick them up! §6§l<<<
17:58:26   
17:58:26 §f               §7You have §313,298 §7materials stashed away!
17:58:26 §f              §8(This totals 5 types of materials stashed!)
17:58:26 §f                §3§l>>> §3§lCLICK HERE§b to pick them up! §3§l<<<
17:58:26   
17:59:26 §f                     §7You have §a2 §7items stashed away!
17:59:26 §f                §6§l>>> §6§lCLICK HERE§e to pick them up! §6§l<<<
17:59:26   
17:59:26 §f               §7You have §313,298 §7materials stashed away!
17:59:26 §f              §8(This totals 5 types of materials stashed!)
17:59:26 §f                §3§l>>> §3§lCLICK HERE§b to pick them up! §3§l<<<
17:59:26   
18:00:26 §f                     §7You have §a2 §7items stashed away!
18:00:26 §f                §6§l>>> §6§lCLICK HERE§e to pick them up! §6§l<<<
18:00:26   
18:00:26 §f               §7You have §313,298 §7materials stashed away!
18:00:26 §f              §8(This totals 5 types of materials stashed!)
18:00:26 §f                §3§l>>> §3§lCLICK HERE§b to pick them up! §3§l<<<
18:00:26   
18:01:26 §f                     §7You have §a2 §7items stashed away!
18:01:26 §f                §6§l>>> §6§lCLICK HERE§e to pick them up! §6§l<<<
18:01:26   
18:01:26 §f               §7You have §313,298 §7materials stashed away!
18:01:26 §f              §8(This totals 5 types of materials stashed!)
18:01:26 §f                §3§l>>> §3§lCLICK HERE§b to pick them up! §3§l<<<
18:01:26   
18:02:27 §f                     §7You have §a2 §7items stashed away!
18:02:27 §f                §6§l>>> §6§lCLICK HERE§e to pick them up! §6§l<<<
18:02:27   
18:02:27 §f               §7You have §313,298 §7materials stashed away!
18:02:27 §f              §8(This totals 5 types of materials stashed!)
18:02:27 §f                §3§l>>> §3§lCLICK HERE§b to pick them up! §3§l<<<
18:02:27   
18:03:27 §f                     §7You have §a2 §7items stashed away!
18:03:27 §f                §6§l>>> §6§lCLICK HERE§e to pick them up! §6§l<<<
18:03:27   
18:03:27 §f               §7You have §313,298 §7materials stashed away!
18:03:27 §f              §8(This totals 5 types of materials stashed!)
18:03:27 §f                §3§l>>> §3§lCLICK HERE§b to pick them up! §3§l<<<
18:03:27   
18:04:27 §f                     §7You have §a2 §7items stashed away!
18:04:27 §f                §6§l>>> §6§lCLICK HERE§e to pick them up! §6§l<<<
18:04:27   
18:04:27 §f               §7You have §313,298 §7materials stashed away!
18:04:27 §f              §8(This totals 5 types of materials stashed!)
18:04:27 §f                §3§l>>> §3§lCLICK HERE§b to pick them up! §3§l<<<
18:04:27   
18:05:27 §f                     §7You have §a2 §7items stashed away!
18:05:27 §f                §6§l>>> §6§lCLICK HERE§e to pick them up! §6§l<<<
18:05:27   
18:05:27 §f               §7You have §313,298 §7materials stashed away!
18:05:27 §f              §8(This totals 5 types of materials stashed!)
18:05:27 §f                §3§l>>> §3§lCLICK HERE§b to pick them up! §3§l<<<
18:05:27   
18:06:27 §f                     §7You have §a2 §7items stashed away!
18:06:27 §f                §6§l>>> §6§lCLICK HERE§e to pick them up! §6§l<<<
18:06:27   
18:06:27 §f               §7You have §313,298 §7materials stashed away!
18:06:27 §f              §8(This totals 5 types of materials stashed!)
18:06:27 §f                §3§l>>> §3§lCLICK HERE§b to pick them up! §3§l<<<
18:06:27   
18:07:27 §f                     §7You have §a2 §7items stashed away!
18:07:27 §f                §6§l>>> §6§lCLICK HERE§e to pick them up! §6§l<<<
18:07:27   
18:07:27 §f               §7You have §313,298 §7materials stashed away!
18:07:27 §f              §8(This totals 5 types of materials stashed!)
18:07:27 §f                §3§l>>> §3§lCLICK HERE§b to pick them up! §3§l<<<
18:07:27   
18:08:28 §f                     §7You have §a2 §7items stashed away!
18:08:28 §f                §6§l>>> §6§lCLICK HERE§e to pick them up! §6§l<<<
18:08:28   
18:08:28 §f               §7You have §313,298 §7materials stashed away!
18:08:28 §f              §8(This totals 5 types of materials stashed!)
18:08:28 §f                §3§l>>> §3§lCLICK HERE§b to pick them up! §3§l<<<
18:08:28   
18:09:28 §f                     §7You have §a2 §7items stashed away!
18:09:28 §f                §6§l>>> §6§lCLICK HERE§e to pick them up! §6§l<<<
18:09:28   
18:09:28 §f               §7You have §313,298 §7materials stashed away!
18:09:28 §f              §8(This totals 5 types of materials stashed!)
18:09:28 §f                §3§l>>> §3§lCLICK HERE§b to pick them up! §3§l<<<
18:09:28   
18:10:28 §f                     §7You have §a2 §7items stashed away!
18:10:28 §f                §6§l>>> §6§lCLICK HERE§e to pick them up! §6§l<<<
18:10:28   
18:10:28 §f               §7You have §313,298 §7materials stashed away!
18:10:28 §f              §8(This totals 5 types of materials stashed!)
18:10:28 §f                §3§l>>> §3§lCLICK HERE§b to pick them up! §3§l<<<
18:10:28   
18:11:29 §f                     §7You have §a2 §7items stashed away!
18:11:29 §f                §6§l>>> §6§lCLICK HERE§e to pick them up! §6§l<<<
18:11:29   
18:11:29 §f               §7You have §313,298 §7materials stashed away!
18:11:29 §f              §8(This totals 5 types of materials stashed!)
18:11:29 §f                §3§l>>> §3§lCLICK HERE§b to pick them up! §3§l<<<
18:11:29   
18:12:29 §f                     §7You have §a2 §7items stashed away!
18:12:29 §f                §6§l>>> §6§lCLICK HERE§e to pick them up! §6§l<<<
18:12:29   
18:12:29 §f               §7You have §313,298 §7materials stashed away!
18:12:29 §f              §8(This totals 5 types of materials stashed!)
18:12:29 §f                §3§l>>> §3§lCLICK HERE§b to pick them up! §3§l<<<
18:12:29   
18:13:29 §f                     §7You have §a2 §7items stashed away!
18:13:29 §f                §6§l>>> §6§lCLICK HERE§e to pick them up! §6§l<<<
18:13:29   
18:13:29 §f               §7You have §313,298 §7materials stashed away!
18:13:29 §f              §8(This totals 5 types of materials stashed!)
18:13:29 §f                §3§l>>> §3§lCLICK HERE§b to pick them up! §3§l<<<
18:13:29   
18:14:29 §f                     §7You have §a2 §7items stashed away!
18:14:29 §f                §6§l>>> §6§lCLICK HERE§e to pick them up! §6§l<<<
18:14:29   
18:14:29 §f               §7You have §313,298 §7materials stashed away!
18:14:29 §f              §8(This totals 5 types of materials stashed!)
18:14:29 §f                §3§l>>> §3§lCLICK HERE§b to pick them up! §3§l<<<
18:14:29   
18:15:30 §f                     §7You have §a2 §7items stashed away!
18:15:30 §f                §6§l>>> §6§lCLICK HERE§e to pick them up! §6§l<<<
18:15:30   
18:15:30 §f               §7You have §313,298 §7materials stashed away!
18:15:30 §f              §8(This totals 5 types of materials stashed!)
18:15:30 §f                §3§l>>> §3§lCLICK HERE§b to pick them up! §3§l<<<
18:15:30   
18:16:29 §f                     §7You have §a2 §7items stashed away!
18:16:29 §f                §6§l>>> §6§lCLICK HERE§e to pick them up! §6§l<<<
18:16:29   
18:16:29 §f               §7You have §313,298 §7materials stashed away!
18:16:29 §f              §8(This totals 5 types of materials stashed!)
18:16:29 §f                §3§l>>> §3§lCLICK HERE§b to pick them up! §3§l<<<
18:16:29   
18:17:30 §f                     §7You have §a2 §7items stashed away!
18:17:30 §f                §6§l>>> §6§lCLICK HERE§e to pick them up! §6§l<<<
18:17:30   
18:17:30 §f               §7You have §313,298 §7materials stashed away!
18:17:30 §f              §8(This totals 5 types of materials stashed!)
18:17:30 §f                §3§l>>> §3§lCLICK HERE§b to pick them up! §3§l<<<
18:17:30   
18:18:30 §f                     §7You have §a2 §7items stashed away!
18:18:30 §f                §6§l>>> §6§lCLICK HERE§e to pick them up! §6§l<<<
18:18:30   
18:18:30 §f               §7You have §313,298 §7materials stashed away!
18:18:30 §f              §8(This totals 5 types of materials stashed!)
18:18:30 §f                §3§l>>> §3§lCLICK HERE§b to pick them up! §3§l<<<
18:18:30   
18:19:30 §f                     §7You have §a2 §7items stashed away!
18:19:30 §f                §6§l>>> §6§lCLICK HERE§e to pick them up! §6§l<<<
18:19:30   
18:19:30 §f               §7You have §313,298 §7materials stashed away!
18:19:30 §f              §8(This totals 5 types of materials stashed!)
18:19:30 §f                §3§l>>> §3§lCLICK HERE§b to pick them up! §3§l<<<
18:19:30   
21:38:50 §f                     §7You have §a2 §7items stashed away!
21:38:50 §f                §6§l>>> §6§lCLICK HERE§e to pick them up! §6§l<<<
21:38:50   
21:38:50 §f               §7You have §313,298 §7materials stashed away!
21:38:50 §f              §8(This totals 5 types of materials stashed!)
21:38:50 §f                §3§l>>> §3§lCLICK HERE§b to pick them up! §3§l<<<
21:38:50   
21:39:51 §f                     §7You have §a2 §7items stashed away!
21:39:51 §f                §6§l>>> §6§lCLICK HERE§e to pick them up! §6§l<<<
21:39:51   
21:39:51 §f               §7You have §313,298 §7materials stashed away!
21:39:51 §f              §8(This totals 5 types of materials stashed!)
21:39:51 §f                §3§l>>> §3§lCLICK HERE§b to pick them up! §3§l<<<
21:39:51   
21:39:57 §f                     §7You have §a2 §7items stashed away!
21:39:57 §f                §6§l>>> §6§lCLICK HERE§e to pick them up! §6§l<<<
21:39:57   
21:39:57 §f               §7You have §313,298 §7materials stashed away!
21:39:57 §f              §8(This totals 5 types of materials stashed!)
21:39:57 §f                §3§l>>> §3§lCLICK HERE§b to pick them up! §3§l<<<
21:39:57   
21:41:01 §f                     §7You have §a2 §7items stashed away!
21:41:01 §f                §6§l>>> §6§lCLICK HERE§e to pick them up! §6§l<<<
21:41:01   
21:41:01 §f               §7You have §313,298 §7materials stashed away!
21:41:01 §f              §8(This totals 5 types of materials stashed!)
21:41:01 §f                §3§l>>> §3§lCLICK HERE§b to pick them up! §3§l<<<
21:41:01   
21:42:02 §f                     §7You have §a2 §7items stashed away!
21:42:02 §f                §6§l>>> §6§lCLICK HERE§e to pick them up! §6§l<<<
21:42:02   
21:42:02 §f               §7You have §313,298 §7materials stashed away!
21:42:02 §f              §8(This totals 5 types of materials stashed!)
21:42:02 §f                §3§l>>> §3§lCLICK HERE§b to pick them up! §3§l<<<
21:42:02   
21:43:02 §f                     §7You have §a2 §7items stashed away!
21:43:02 §f                §6§l>>> §6§lCLICK HERE§e to pick them up! §6§l<<<
21:43:02   
21:43:02 §f               §7You have §313,298 §7materials stashed away!
21:43:02 §f              §8(This totals 5 types of materials stashed!)
21:43:02 §f                §3§l>>> §3§lCLICK HERE§b to pick them up! §3§l<<<
21:43:02   
21:44:03 §f                     §7You have §a2 §7items stashed away!
21:44:03 §f                §6§l>>> §6§lCLICK HERE§e to pick them up! §6§l<<<
21:44:03   
21:44:03 §f               §7You have §313,298 §7materials stashed away!
21:44:03 §f              §8(This totals 5 types of materials stashed!)
21:44:03 §f                §3§l>>> §3§lCLICK HERE§b to pick them up! §3§l<<<
21:44:03   
21:45:03 §f                     §7You have §a2 §7items stashed away!
21:45:03 §f                §6§l>>> §6§lCLICK HERE§e to pick them up! §6§l<<<
21:45:03   
21:45:03 §f               §7You have §313,298 §7materials stashed away!
21:45:03 §f              §8(This totals 5 types of materials stashed!)
21:45:03 §f                §3§l>>> §3§lCLICK HERE§b to pick them up! §3§l<<<
21:45:03   
21:47:01 §f                     §7You have §a2 §7items stashed away!
21:47:01 §f                §6§l>>> §6§lCLICK HERE§e to pick them up! §6§l<<<
21:47:01   
21:47:01 §f               §7You have §313,298 §7materials stashed away!
21:47:01 §f              §8(This totals 5 types of materials stashed!)
21:47:01 §f                §3§l>>> §3§lCLICK HERE§b to pick them up! §3§l<<<
21:47:01   
21:48:01 §f                     §7You have §a2 §7items stashed away!
21:48:01 §f                §6§l>>> §6§lCLICK HERE§e to pick them up! §6§l<<<
21:48:01   
21:48:01 §f               §7You have §313,298 §7materials stashed away!
21:48:01 §f              §8(This totals 5 types of materials stashed!)
21:48:01 §f                §3§l>>> §3§lCLICK HERE§b to pick them up! §3§l<<<
21:48:01   
21:49:03 §f                     §7You have §a2 §7items stashed away!
21:49:03 §f                §6§l>>> §6§lCLICK HERE§e to pick them up! §6§l<<<
21:49:03   
21:49:03 §f               §7You have §313,298 §7materials stashed away!
21:49:03 §f              §8(This totals 5 types of materials stashed!)
21:49:03 §f                §3§l>>> §3§lCLICK HERE§b to pick them up! §3§l<<<
21:49:03   
21:49:10 §f                     §7You have §a2 §7items stashed away!
21:49:10 §f                §6§l>>> §6§lCLICK HERE§e to pick them up! §6§l<<<
21:49:10   
21:49:10 §f               §7You have §313,298 §7materials stashed away!
21:49:10 §f              §8(This totals 5 types of materials stashed!)
21:49:10 §f                §3§l>>> §3§lCLICK HERE§b to pick them up! §3§l<<<
21:49:10   
21:50:16 §f                     §7You have §a2 §7items stashed away!
21:50:16 §f                §6§l>>> §6§lCLICK HERE§e to pick them up! §6§l<<<
21:50:16   
21:50:16 §f               §7You have §313,298 §7materials stashed away!
21:50:16 §f              §8(This totals 5 types of materials stashed!)
21:50:16 §f                §3§l>>> §3§lCLICK HERE§b to pick them up! §3§l<<<
21:50:16   
21:51:17 §f                     §7You have §a2 §7items stashed away!
21:51:17 §f                §6§l>>> §6§lCLICK HERE§e to pick them up! §6§l<<<
21:51:17   
21:51:17 §f               §7You have §313,298 §7materials stashed away!
21:51:17 §f              §8(This totals 5 types of materials stashed!)
21:51:17 §f                §3§l>>> §3§lCLICK HERE§b to pick them up! §3§l<<<
21:51:17   
21:51:51 §f                     §7You have §a2 §7items stashed away!
21:51:51 §f                §6§l>>> §6§lCLICK HERE§e to pick them up! §6§l<<<
21:51:51   
21:51:51 §f               §7You have §313,298 §7materials stashed away!
21:51:51 §f              §8(This totals 5 types of materials stashed!)
21:51:51 §f                §3§l>>> §3§lCLICK HERE§b to pick them up! §3§l<<<
21:51:51   
21:52:34 §f                     §7You have §a2 §7items stashed away!
21:52:34 §f                §6§l>>> §6§lCLICK HERE§e to pick them up! §6§l<<<
21:52:34   
21:52:34 §f               §7You have §313,298 §7materials stashed away!
21:52:34 §f              §8(This totals 5 types of materials stashed!)
21:52:34 §f                §3§l>>> §3§lCLICK HERE§b to pick them up! §3§l<<<
21:52:34   
21:53:35 §f                     §7You have §a2 §7items stashed away!
21:53:35 §f                §6§l>>> §6§lCLICK HERE§e to pick them up! §6§l<<<
21:53:35   
21:53:35 §f               §7You have §313,298 §7materials stashed away!
21:53:35 §f              §8(This totals 5 types of materials stashed!)
21:53:35 §f                §3§l>>> §3§lCLICK HERE§b to pick them up! §3§l<<<
21:53:35   
21:54:22 §f                     §7You have §a2 §7items stashed away!
21:54:22 §f                §6§l>>> §6§lCLICK HERE§e to pick them up! §6§l<<<
21:54:22   
21:54:22 §f               §7You have §313,298 §7materials stashed away!
21:54:22 §f              §8(This totals 5 types of materials stashed!)
21:54:22 §f                §3§l>>> §3§lCLICK HERE§b to pick them up! §3§l<<<
21:54:22   
21:55:23 §f                     §7You have §a2 §7items stashed away!
21:55:23 §f                §6§l>>> §6§lCLICK HERE§e to pick them up! §6§l<<<
21:55:23   
21:55:23 §f               §7You have §313,298 §7materials stashed away!
21:55:23 §f              §8(This totals 5 types of materials stashed!)
21:55:23 §f                §3§l>>> §3§lCLICK HERE§b to pick them up! §3§l<<<
21:55:23   
21:56:23 §f                     §7You have §a2 §7items stashed away!
21:56:23 §f                §6§l>>> §6§lCLICK HERE§e to pick them up! §6§l<<<
21:56:23   
21:56:23 §f               §7You have §313,298 §7materials stashed away!
21:56:23 §f              §8(This totals 5 types of materials stashed!)
21:56:23 §f                §3§l>>> §3§lCLICK HERE§b to pick them up! §3§l<<<
21:56:23   
21:57:23 §f                     §7You have §a2 §7items stashed away!
21:57:23 §f                §6§l>>> §6§lCLICK HERE§e to pick them up! §6§l<<<
21:57:24   
21:57:24 §f               §7You have §313,298 §7materials stashed away!
21:57:24 §f              §8(This totals 5 types of materials stashed!)
21:57:24 §f                §3§l>>> §3§lCLICK HERE§b to pick them up! §3§l<<<
21:57:24   
21:58:25 §f                     §7You have §a2 §7items stashed away!
21:58:25 §f                §6§l>>> §6§lCLICK HERE§e to pick them up! §6§l<<<
21:58:25   
21:58:25 §f               §7You have §313,298 §7materials stashed away!
21:58:25 §f              §8(This totals 5 types of materials stashed!)
21:58:25 §f                §3§l>>> §3§lCLICK HERE§b to pick them up! §3§l<<<
21:58:25   
21:59:26 §f                     §7You have §a2 §7items stashed away!
21:59:26 §f                §6§l>>> §6§lCLICK HERE§e to pick them up! §6§l<<<
21:59:26   
21:59:26 §f               §7You have §313,298 §7materials stashed away!
21:59:26 §f              §8(This totals 5 types of materials stashed!)
21:59:26 §f                §3§l>>> §3§lCLICK HERE§b to pick them up! §3§l<<<
21:59:26   
22:00:26 §f                     §7You have §a2 §7items stashed away!
22:00:26 §f                §6§l>>> §6§lCLICK HERE§e to pick them up! §6§l<<<
22:00:26   
22:00:26 §f               §7You have §313,298 §7materials stashed away!
22:00:26 §f              §8(This totals 5 types of materials stashed!)
22:00:26 §f                §3§l>>> §3§lCLICK HERE§b to pick them up! §3§l<<<
22:00:26   
22:01:29 §f                     §7You have §a2 §7items stashed away!
22:01:29 §f                §6§l>>> §6§lCLICK HERE§e to pick them up! §6§l<<<
22:01:29   
22:01:29 §f               §7You have §313,298 §7materials stashed away!
22:01:29 §f              §8(This totals 5 types of materials stashed!)
22:01:29 §f                §3§l>>> §3§lCLICK HERE§b to pick them up! §3§l<<<
22:01:29   
22:02:30 §f                     §7You have §a2 §7items stashed away!
22:02:30 §f                §6§l>>> §6§lCLICK HERE§e to pick them up! §6§l<<<
22:02:30   
22:02:30 §f               §7You have §313,298 §7materials stashed away!
22:02:30 §f              §8(This totals 5 types of materials stashed!)
22:02:30 §f                §3§l>>> §3§lCLICK HERE§b to pick them up! §3§l<<<
22:02:30   
22:03:31 §f                     §7You have §a2 §7items stashed away!
22:03:31 §f                §6§l>>> §6§lCLICK HERE§e to pick them up! §6§l<<<
22:03:31   
22:03:31 §f               §7You have §313,298 §7materials stashed away!
22:03:31 §f              §8(This totals 5 types of materials stashed!)
22:03:31 §f                §3§l>>> §3§lCLICK HERE§b to pick them up! §3§l<<<
22:03:31   
22:04:33 §f                     §7You have §a2 §7items stashed away!
22:04:33 §f                §6§l>>> §6§lCLICK HERE§e to pick them up! §6§l<<<
22:04:33   
22:04:33 §f               §7You have §313,298 §7materials stashed away!
22:04:33 §f              §8(This totals 5 types of materials stashed!)
22:04:33 §f                §3§l>>> §3§lCLICK HERE§b to pick them up! §3§l<<<
22:04:33   
22:05:34 §f                     §7You have §a2 §7items stashed away!
22:05:34 §f                §6§l>>> §6§lCLICK HERE§e to pick them up! §6§l<<<
22:05:34   
22:05:34 §f               §7You have §313,298 §7materials stashed away!
22:05:34 §f              §8(This totals 5 types of materials stashed!)
22:05:34 §f                §3§l>>> §3§lCLICK HERE§b to pick them up! §3§l<<<
22:05:34   
22:06:35 §f                     §7You have §a2 §7items stashed away!
22:06:35 §f                §6§l>>> §6§lCLICK HERE§e to pick them up! §6§l<<<
22:06:35   
22:06:35 §f               §7You have §313,298 §7materials stashed away!
22:06:35 §f              §8(This totals 5 types of materials stashed!)
22:06:35 §f                §3§l>>> §3§lCLICK HERE§b to pick them up! §3§l<<<
22:06:35   
22:07:37 §f                     §7You have §a2 §7items stashed away!
22:07:37 §f                §6§l>>> §6§lCLICK HERE§e to pick them up! §6§l<<<
22:07:37   
22:07:37 §f               §7You have §313,298 §7materials stashed away!
22:07:37 §f              §8(This totals 5 types of materials stashed!)
22:07:37 §f                §3§l>>> §3§lCLICK HERE§b to pick them up! §3§l<<<
22:07:37   
22:08:38 §f                     §7You have §a2 §7items stashed away!
22:08:38 §f                §6§l>>> §6§lCLICK HERE§e to pick them up! §6§l<<<
22:08:38   
22:08:38 §f               §7You have §313,298 §7materials stashed away!
22:08:38 §f              §8(This totals 5 types of materials stashed!)
22:08:38 §f                §3§l>>> §3§lCLICK HERE§b to pick them up! §3§l<<<
22:08:38   
22:09:39 §f                     §7You have §a2 §7items stashed away!
22:09:39 §f                §6§l>>> §6§lCLICK HERE§e to pick them up! §6§l<<<
22:09:39   
22:09:39 §f               §7You have §313,298 §7materials stashed away!
22:09:39 §f              §8(This totals 5 types of materials stashed!)
22:09:39 §f                §3§l>>> §3§lCLICK HERE§b to pick them up! §3§l<<<
22:09:39   
22:10:41 §f                     §7You have §a2 §7items stashed away!
22:10:41 §f                §6§l>>> §6§lCLICK HERE§e to pick them up! §6§l<<<
22:10:41   
22:10:41 §f               §7You have §313,298 §7materials stashed away!
22:10:41 §f              §8(This totals 5 types of materials stashed!)
22:10:41 §f                §3§l>>> §3§lCLICK HERE§b to pick them up! §3§l<<<
22:10:41   
22:11:42 §f                     §7You have §a2 §7items stashed away!
22:11:42 §f                §6§l>>> §6§lCLICK HERE§e to pick them up! §6§l<<<
22:11:42   
22:11:42 §f               §7You have §313,298 §7materials stashed away!
22:11:42 §f              §8(This totals 5 types of materials stashed!)
22:11:42 §f                §3§l>>> §3§lCLICK HERE§b to pick them up! §3§l<<<
22:11:42   
22:12:26 §f               §7You have §313,298 §7materials stashed away!
22:12:26 §f              §8(This totals 5 types of materials stashed!)
22:12:26 §f                §3§l>>> §3§lCLICK HERE§b to pick them up! §3§l<<<
22:12:26   
22:12:43 §f                     §7You have §a2 §7items stashed away!
22:12:43 §f                §6§l>>> §6§lCLICK HERE§e to pick them up! §6§l<<<
22:12:43   
22:12:43 §f               §7You have §313,298 §7materials stashed away!
22:12:43 §f              §8(This totals 5 types of materials stashed!)
22:12:43 §f                §3§l>>> §3§lCLICK HERE§b to pick them up! §3§l<<<
22:12:43   
22:12:54 §eOne or more items didn't fit in your inventory and were added to your item stash! §6Click here §eto pick them up!
22:13:44 §f                     §7You have §a3 §7items stashed away!
22:13:44 §f                §6§l>>> §6§lCLICK HERE§e to pick them up! §6§l<<<
22:13:44   
22:13:44 §f               §7You have §313,298 §7materials stashed away!
22:13:44 §f              §8(This totals 5 types of materials stashed!)
22:13:44 §f                §3§l>>> §3§lCLICK HERE§b to pick them up! §3§l<<<
22:13:44   
22:14:45 §f               §7You have §313,298 §7materials stashed away!
22:14:45 §f              §8(This totals 5 types of materials stashed!)
22:14:45 §f                §3§l>>> §3§lCLICK HERE§b to pick them up! §3§l<<<
22:14:45   
22:15:46 §f               §7You have §313,298 §7materials stashed away!
22:15:46 §f              §8(This totals 5 types of materials stashed!)
22:15:46 §f                §3§l>>> §3§lCLICK HERE§b to pick them up! §3§l<<<
22:15:46   
22:16:47 §f               §7You have §313,298 §7materials stashed away!
22:16:47 §f              §8(This totals 5 types of materials stashed!)
22:16:47 §f                §3§l>>> §3§lCLICK HERE§b to pick them up! §3§l<<<
22:16:47   
22:17:49 §f               §7You have §313,298 §7materials stashed away!
22:17:49 §f              §8(This totals 5 types of materials stashed!)
22:17:49 §f                §3§l>>> §3§lCLICK HERE§b to pick them up! §3§l<<<
22:17:49   
22:18:50 §f               §7You have §313,298 §7materials stashed away!
22:18:50 §f              §8(This totals 5 types of materials stashed!)
22:18:50 §f                §3§l>>> §3§lCLICK HERE§b to pick them up! §3§l<<<
22:18:50   
22:19:51 §f               §7You have §313,298 §7materials stashed away!
22:19:51 §f              §8(This totals 5 types of materials stashed!)
22:19:51 §f                §3§l>>> §3§lCLICK HERE§b to pick them up! §3§l<<<
22:19:51   
22:20:53 §f               §7You have §313,298 §7materials stashed away!
22:20:53 §f              §8(This totals 5 types of materials stashed!)
22:20:53 §f                §3§l>>> §3§lCLICK HERE§b to pick them up! §3§l<<<
22:20:53   
22:21:54 §f               §7You have §313,298 §7materials stashed away!
22:21:54 §f              §8(This totals 5 types of materials stashed!)
22:21:54 §f                §3§l>>> §3§lCLICK HERE§b to pick them up! §3§l<<<
22:21:54   
22:22:56 §f               §7You have §313,298 §7materials stashed away!
22:22:56 §f              §8(This totals 5 types of materials stashed!)
22:22:56 §f                §3§l>>> §3§lCLICK HERE§b to pick them up! §3§l<<<
22:22:56   
22:23:57 §f               §7You have §313,298 §7materials stashed away!
22:23:57 §f              §8(This totals 5 types of materials stashed!)
22:23:57 §f                §3§l>>> §3§lCLICK HERE§b to pick them up! §3§l<<<
22:23:57   
22:24:58 §f               §7You have §313,298 §7materials stashed away!
22:24:58 §f              §8(This totals 5 types of materials stashed!)
22:24:58 §f                §3§l>>> §3§lCLICK HERE§b to pick them up! §3§l<<<
22:24:58   
22:26:00 §f               §7You have §313,298 §7materials stashed away!
22:26:00 §f              §8(This totals 5 types of materials stashed!)
22:26:00 §f                §3§l>>> §3§lCLICK HERE§b to pick them up! §3§l<<<
22:26:00   
22:27:01 §f               §7You have §313,298 §7materials stashed away!
22:27:01 §f              §8(This totals 5 types of materials stashed!)
22:27:01 §f                §3§l>>> §3§lCLICK HERE§b to pick them up! §3§l<<<
22:27:01   
22:28:02 §f               §7You have §313,298 §7materials stashed away!
22:28:02 §f              §8(This totals 5 types of materials stashed!)
22:28:02 §f                §3§l>>> §3§lCLICK HERE§b to pick them up! §3§l<<<
22:28:02   
22:29:03 §f               §7You have §313,298 §7materials stashed away!
22:29:03 §f              §8(This totals 5 types of materials stashed!)
22:29:03 §f                §3§l>>> §3§lCLICK HERE§b to pick them up! §3§l<<<
22:29:03   
22:30:04 §f               §7You have §313,298 §7materials stashed away!
22:30:04 §f              §8(This totals 5 types of materials stashed!)
22:30:04 §f                §3§l>>> §3§lCLICK HERE§b to pick them up! §3§l<<<
22:30:04   
22:31:05 §f               §7You have §313,298 §7materials stashed away!
22:31:05 §f              §8(This totals 5 types of materials stashed!)
22:31:05 §f                §3§l>>> §3§lCLICK HERE§b to pick them up! §3§l<<<
22:31:05   
22:32:06 §f               §7You have §313,298 §7materials stashed away!
22:32:06 §f              §8(This totals 5 types of materials stashed!)
22:32:06 §f                §3§l>>> §3§lCLICK HERE§b to pick them up! §3§l<<<
22:32:06   
22:33:08 §f               §7You have §313,298 §7materials stashed away!
22:33:08 §f              §8(This totals 5 types of materials stashed!)
22:33:08 §f                §3§l>>> §3§lCLICK HERE§b to pick them up! §3§l<<<
22:33:08   
22:34:09 §f               §7You have §313,298 §7materials stashed away!
22:34:09 §f              §8(This totals 5 types of materials stashed!)
22:34:09 §f                §3§l>>> §3§lCLICK HERE§b to pick them up! §3§l<<<
22:34:09   
22:35:10 §f               §7You have §313,298 §7materials stashed away!
22:35:10 §f              §8(This totals 5 types of materials stashed!)
22:35:10 §f                §3§l>>> §3§lCLICK HERE§b to pick them up! §3§l<<<
22:35:10   
22:36:11 §f               §7You have §313,298 §7materials stashed away!
22:36:11 §f              §8(This totals 5 types of materials stashed!)
22:36:11 §f                §3§l>>> §3§lCLICK HERE§b to pick them up! §3§l<<<
22:36:11   
22:37:13 §f               §7You have §313,298 §7materials stashed away!
22:37:13 §f              §8(This totals 5 types of materials stashed!)
22:37:13 §f                §3§l>>> §3§lCLICK HERE§b to pick them up! §3§l<<<
22:37:13   
22:38:14 §f               §7You have §313,298 §7materials stashed away!
22:38:14 §f              §8(This totals 5 types of materials stashed!)
22:38:14 §f                §3§l>>> §3§lCLICK HERE§b to pick them up! §3§l<<<
22:38:14   
22:38:51 §f               §7You have §313,298 §7materials stashed away!
22:38:51 §f              §8(This totals 5 types of materials stashed!)
22:38:51 §f                §3§l>>> §3§lCLICK HERE§b to pick them up! §3§l<<<
22:38:51   
22:39:49 §f               §7You have §313,298 §7materials stashed away!
22:39:49 §f              §8(This totals 5 types of materials stashed!)
22:39:49 §f                §3§l>>> §3§lCLICK HERE§b to pick them up! §3§l<<<
22:39:49   
22:40:50 §f               §7You have §313,298 §7materials stashed away!
22:40:50 §f              §8(This totals 5 types of materials stashed!)
22:40:50 §f                §3§l>>> §3§lCLICK HERE§b to pick them up! §3§l<<<
22:40:50   
22:41:51 §f               §7You have §313,298 §7materials stashed away!
22:41:51 §f              §8(This totals 5 types of materials stashed!)
22:41:51 §f                §3§l>>> §3§lCLICK HERE§b to pick them up! §3§l<<<
22:41:51   
22:42:52 §f               §7You have §313,298 §7materials stashed away!
22:42:52 §f              §8(This totals 5 types of materials stashed!)
22:42:52 §f                §3§l>>> §3§lCLICK HERE§b to pick them up! §3§l<<<
22:42:52   
22:43:53 §f               §7You have §313,298 §7materials stashed away!
22:43:53 §f              §8(This totals 5 types of materials stashed!)
22:43:53 §f                §3§l>>> §3§lCLICK HERE§b to pick them up! §3§l<<<
22:43:53   
22:44:54 §f               §7You have §313,298 §7materials stashed away!
22:44:54 §f              §8(This totals 5 types of materials stashed!)
22:44:54 §f                §3§l>>> §3§lCLICK HERE§b to pick them up! §3§l<<<
22:44:54   
22:45:55 §f               §7You have §313,298 §7materials stashed away!
22:45:55 §f              §8(This totals 5 types of materials stashed!)
22:45:55 §f                §3§l>>> §3§lCLICK HERE§b to pick them up! §3§l<<<
22:45:55   
22:46:56 §f               §7You have §313,298 §7materials stashed away!
22:46:56 §f              §8(This totals 5 types of materials stashed!)
22:46:56 §f                §3§l>>> §3§lCLICK HERE§b to pick them up! §3§l<<<
22:46:56   
22:47:58 §f               §7You have §313,298 §7materials stashed away!
22:47:58 §f              §8(This totals 5 types of materials stashed!)
22:47:58 §f                §3§l>>> §3§lCLICK HERE§b to pick them up! §3§l<<<
22:47:58   
22:48:59 §f               §7You have §313,298 §7materials stashed away!
22:48:59 §f              §8(This totals 5 types of materials stashed!)
22:48:59 §f                §3§l>>> §3§lCLICK HERE§b to pick them up! §3§l<<<
22:48:59   
22:50:00 §f               §7You have §313,298 §7materials stashed away!
22:50:00 §f              §8(This totals 5 types of materials stashed!)
22:50:00 §f                §3§l>>> §3§lCLICK HERE§b to pick them up! §3§l<<<
22:50:00   
22:51:01 §f               §7You have §313,298 §7materials stashed away!
22:51:01 §f              §8(This totals 5 types of materials stashed!)
22:51:01 §f                §3§l>>> §3§lCLICK HERE§b to pick them up! §3§l<<<
22:51:01   
22:52:02 §f               §7You have §313,298 §7materials stashed away!
22:52:02 §f              §8(This totals 5 types of materials stashed!)
22:52:02 §f                §3§l>>> §3§lCLICK HERE§b to pick them up! §3§l<<<
22:52:02   
22:53:03 §f               §7You have §313,298 §7materials stashed away!
22:53:03 §f              §8(This totals 5 types of materials stashed!)
22:53:03 §f                §3§l>>> §3§lCLICK HERE§b to pick them up! §3§l<<<
22:53:03   
22:54:04 §f               §7You have §313,298 §7materials stashed away!
22:54:04 §f              §8(This totals 5 types of materials stashed!)
22:54:04 §f                §3§l>>> §3§lCLICK HERE§b to pick them up! §3§l<<<
22:54:04   
22:55:05 §f               §7You have §313,298 §7materials stashed away!
22:55:05 §f              §8(This totals 5 types of materials stashed!)
22:55:05 §f                §3§l>>> §3§lCLICK HERE§b to pick them up! §3§l<<<
22:55:05   
22:56:06 §f               §7You have §313,298 §7materials stashed away!
22:56:06 §f              §8(This totals 5 types of materials stashed!)
22:56:06 §f                §3§l>>> §3§lCLICK HERE§b to pick them up! §3§l<<<
22:56:06   
22:57:08 §f               §7You have §313,298 §7materials stashed away!
22:57:08 §f              §8(This totals 5 types of materials stashed!)
22:57:08 §f                §3§l>>> §3§lCLICK HERE§b to pick them up! §3§l<<<
22:57:08   
22:58:09 §f               §7You have §313,298 §7materials stashed away!
22:58:09 §f              §8(This totals 5 types of materials stashed!)
22:58:09 §f                §3§l>>> §3§lCLICK HERE§b to pick them up! §3§l<<<
22:58:09   
22:59:11 §f               §7You have §313,298 §7materials stashed away!
22:59:11 §f              §8(This totals 5 types of materials stashed!)
22:59:11 §f                §3§l>>> §3§lCLICK HERE§b to pick them up! §3§l<<<
22:59:11   
23:00:12 §f               §7You have §313,298 §7materials stashed away!
23:00:12 §f              §8(This totals 5 types of materials stashed!)
23:00:12 §f                §3§l>>> §3§lCLICK HERE§b to pick them up! §3§l<<<
23:00:12   
23:01:13 §f               §7You have §313,298 §7materials stashed away!
23:01:13 §f              §8(This totals 5 types of materials stashed!)
23:01:13 §f                §3§l>>> §3§lCLICK HERE§b to pick them up! §3§l<<<
23:01:13   
23:02:14 §f               §7You have §313,298 §7materials stashed away!
23:02:14 §f              §8(This totals 5 types of materials stashed!)
23:02:14 §f                §3§l>>> §3§lCLICK HERE§b to pick them up! §3§l<<<
23:02:14   
23:02:49 §f               §7You have §313,298 §7materials stashed away!
23:02:49 §f              §8(This totals 5 types of materials stashed!)
23:02:49 §f                §3§l>>> §3§lCLICK HERE§b to pick them up! §3§l<<<
23:02:49   
23:03:49 §f               §7You have §313,298 §7materials stashed away!
23:03:49 §f              §8(This totals 5 types of materials stashed!)
23:03:49 §f                §3§l>>> §3§lCLICK HERE§b to pick them up! §3§l<<<
23:03:49   
23:04:49 §f               §7You have §313,298 §7materials stashed away!
23:04:49 §f              §8(This totals 5 types of materials stashed!)
23:04:49 §f                §3§l>>> §3§lCLICK HERE§b to pick them up! §3§l<<<
23:04:49   
23:05:16 §f               §7You have §313,298 §7materials stashed away!
23:05:16 §f              §8(This totals 5 types of materials stashed!)
23:05:16 §f                §3§l>>> §3§lCLICK HERE§b to pick them up! §3§l<<<
23:05:16   
23:06:16 §f               §7You have §313,298 §7materials stashed away!
23:06:16 §f              §8(This totals 5 types of materials stashed!)
23:06:16 §f                §3§l>>> §3§lCLICK HERE§b to pick them up! §3§l<<<
23:06:16   
23:07:17 §f               §7You have §313,298 §7materials stashed away!
23:07:17 §f              §8(This totals 5 types of materials stashed!)
23:07:17 §f                §3§l>>> §3§lCLICK HERE§b to pick them up! §3§l<<<
23:07:17   
23:08:17 §f               §7You have §313,298 §7materials stashed away!
23:08:17 §f              §8(This totals 5 types of materials stashed!)
23:08:17 §f                §3§l>>> §3§lCLICK HERE§b to pick them up! §3§l<<<
23:08:17   
23:09:17 §f               §7You have §313,298 §7materials stashed away!
23:09:17 §f              §8(This totals 5 types of materials stashed!)
23:09:17 §f                §3§l>>> §3§lCLICK HERE§b to pick them up! §3§l<<<
23:09:17   
23:10:17 §f               §7You have §313,298 §7materials stashed away!
23:10:17 §f              §8(This totals 5 types of materials stashed!)
23:10:17 §f                §3§l>>> §3§lCLICK HERE§b to pick them up! §3§l<<<
23:10:17   
23:11:17 §f               §7You have §313,298 §7materials stashed away!
23:11:17 §f              §8(This totals 5 types of materials stashed!)
23:11:17 §f                §3§l>>> §3§lCLICK HERE§b to pick them up! §3§l<<<
23:11:17   
23:12:17 §f               §7You have §313,298 §7materials stashed away!
23:12:17 §f              §8(This totals 5 types of materials stashed!)
23:12:17 §f                §3§l>>> §3§lCLICK HERE§b to pick them up! §3§l<<<
23:12:17   
23:13:17 §f               §7You have §313,298 §7materials stashed away!
23:13:17 §f              §8(This totals 5 types of materials stashed!)
23:13:17 §f                §3§l>>> §3§lCLICK HERE§b to pick them up! §3§l<<<
23:13:17   
23:14:17 §f               §7You have §313,298 §7materials stashed away!
23:14:17 §f              §8(This totals 5 types of materials stashed!)
23:14:17 §f                §3§l>>> §3§lCLICK HERE§b to pick them up! §3§l<<<
23:14:17   
23:15:17 §f               §7You have §313,298 §7materials stashed away!
23:15:17 §f              §8(This totals 5 types of materials stashed!)
23:15:17 §f                §3§l>>> §3§lCLICK HERE§b to pick them up! §3§l<<<
23:15:17   
23:16:18 §f               §7You have §313,298 §7materials stashed away!
23:16:18 §f              §8(This totals 5 types of materials stashed!)
23:16:18 §f                §3§l>>> §3§lCLICK HERE§b to pick them up! §3§l<<<
23:16:18   
23:17:28 §f               §7You have §313,298 §7materials stashed away!
23:17:28 §f              §8(This totals 5 types of materials stashed!)
23:17:28 §f                §3§l>>> §3§lCLICK HERE§b to pick them up! §3§l<<<
23:17:28   
23:18:29 §f               §7You have §313,298 §7materials stashed away!
23:18:29 §f              §8(This totals 5 types of materials stashed!)
23:18:29 §f                §3§l>>> §3§lCLICK HERE§b to pick them up! §3§l<<<
23:18:29   
23:19:29 §f               §7You have §313,298 §7materials stashed away!
23:19:29 §f              §8(This totals 5 types of materials stashed!)
23:19:29 §f                §3§l>>> §3§lCLICK HERE§b to pick them up! §3§l<<<
23:19:29   
23:20:23 §f               §7You have §313,298 §7materials stashed away!
23:20:23 §f              §8(This totals 5 types of materials stashed!)
23:20:23 §f                §3§l>>> §3§lCLICK HERE§b to pick them up! §3§l<<<
23:20:23   
23:21:38 §f               §7You have §313,298 §7materials stashed away!
23:21:38 §f              §8(This totals 5 types of materials stashed!)
23:21:38 §f                §3§l>>> §3§lCLICK HERE§b to pick them up! §3§l<<<
23:21:38   
23:22:38 §f               §7You have §313,298 §7materials stashed away!
23:22:38 §f              §8(This totals 5 types of materials stashed!)
23:22:38 §f                §3§l>>> §3§lCLICK HERE§b to pick them up! §3§l<<<
23:22:38   
23:23:39 §f               §7You have §313,298 §7materials stashed away!
23:23:39 §f              §8(This totals 5 types of materials stashed!)
23:23:39 §f                §3§l>>> §3§lCLICK HERE§b to pick them up! §3§l<<<
23:23:39   
23:24:39 §f               §7You have §313,298 §7materials stashed away!
23:24:39 §f              §8(This totals 5 types of materials stashed!)
23:24:39 §f                §3§l>>> §3§lCLICK HERE§b to pick them up! §3§l<<<
23:24:39   
23:25:39 §f               §7You have §313,298 §7materials stashed away!
23:25:39 §f              §8(This totals 5 types of materials stashed!)
23:25:39 §f                §3§l>>> §3§lCLICK HERE§b to pick them up! §3§l<<<
23:25:39   
23:26:39 §f               §7You have §313,298 §7materials stashed away!
23:26:39 §f              §8(This totals 5 types of materials stashed!)
23:26:39 §f                §3§l>>> §3§lCLICK HERE§b to pick them up! §3§l<<<
23:26:39   
23:27:39 §f               §7You have §313,298 §7materials stashed away!
23:27:39 §f              §8(This totals 5 types of materials stashed!)
23:27:39 §f                §3§l>>> §3§lCLICK HERE§b to pick them up! §3§l<<<
23:27:39   
23:28:39 §f               §7You have §313,298 §7materials stashed away!
23:28:39 §f              §8(This totals 5 types of materials stashed!)
23:28:39 §f                §3§l>>> §3§lCLICK HERE§b to pick them up! §3§l<<<
23:28:39   
23:29:39 §f               §7You have §313,298 §7materials stashed away!
23:29:39 §f              §8(This totals 5 types of materials stashed!)
23:29:39 §f                §3§l>>> §3§lCLICK HERE§b to pick them up! §3§l<<<
23:29:39   
23:30:40 §f               §7You have §313,298 §7materials stashed away!
23:30:40 §f              §8(This totals 5 types of materials stashed!)
23:30:40 §f                §3§l>>> §3§lCLICK HERE§b to pick them up! §3§l<<<
23:30:40   
23:31:40 §f               §7You have §313,298 §7materials stashed away!
23:31:40 §f              §8(This totals 5 types of materials stashed!)
23:31:40 §f                §3§l>>> §3§lCLICK HERE§b to pick them up! §3§l<<<
23:31:40   
23:33:08 §f               §7You have §313,298 §7materials stashed away!
23:33:08 §f              §8(This totals 5 types of materials stashed!)
23:33:08 §f                §3§l>>> §3§lCLICK HERE§b to pick them up! §3§l<<<
23:33:08   
23:34:09 §f               §7You have §313,298 §7materials stashed away!
23:34:09 §f              §8(This totals 5 types of materials stashed!)
23:34:09 §f                §3§l>>> §3§lCLICK HERE§b to pick them up! §3§l<<<
23:34:09   
23:35:10 §f               §7You have §313,298 §7materials stashed away!
23:35:10 §f              §8(This totals 5 types of materials stashed!)
23:35:10 §f                §3§l>>> §3§lCLICK HERE§b to pick them up! §3§l<<<
23:35:10   
23:36:11 §f               §7You have §313,298 §7materials stashed away!
23:36:11 §f              §8(This totals 5 types of materials stashed!)
23:36:11 §f                §3§l>>> §3§lCLICK HERE§b to pick them up! §3§l<<<
23:36:11   
23:37:11 §f               §7You have §313,298 §7materials stashed away!
23:37:11 §f              §8(This totals 5 types of materials stashed!)
23:37:11 §f                §3§l>>> §3§lCLICK HERE§b to pick them up! §3§l<<<
23:37:11   
23:38:12 §f               §7You have §313,298 §7materials stashed away!
23:38:12 §f              §8(This totals 5 types of materials stashed!)
23:38:12 §f                §3§l>>> §3§lCLICK HERE§b to pick them up! §3§l<<<
23:38:12   
23:39:13 §f               §7You have §313,298 §7materials stashed away!
23:39:13 §f              §8(This totals 5 types of materials stashed!)
23:39:13 §f                §3§l>>> §3§lCLICK HERE§b to pick them up! §3§l<<<
23:39:13   
23:40:14 §f               §7You have §313,298 §7materials stashed away!
23:40:14 §f              §8(This totals 5 types of materials stashed!)
23:40:14 §f                §3§l>>> §3§lCLICK HERE§b to pick them up! §3§l<<<
23:40:14   
23:41:14 §f               §7You have §313,298 §7materials stashed away!
23:41:14 §f              §8(This totals 5 types of materials stashed!)
23:41:14 §f                §3§l>>> §3§lCLICK HERE§b to pick them up! §3§l<<<
23:41:14   
23:42:15 §f               §7You have §313,298 §7materials stashed away!
23:42:15 §f              §8(This totals 5 types of materials stashed!)
23:42:15 §f                §3§l>>> §3§lCLICK HERE§b to pick them up! §3§l<<<
23:42:15   
23:43:15 §f               §7You have §313,298 §7materials stashed away!
23:43:15 §f              §8(This totals 5 types of materials stashed!)
23:43:15 §f                §3§l>>> §3§lCLICK HERE§b to pick them up! §3§l<<<
23:43:15   
23:44:16 §f               §7You have §313,298 §7materials stashed away!
23:44:16 §f              §8(This totals 5 types of materials stashed!)
23:44:16 §f                §3§l>>> §3§lCLICK HERE§b to pick them up! §3§l<<<
23:44:16   
23:45:16 §f               §7You have §313,298 §7materials stashed away!
23:45:16 §f              §8(This totals 5 types of materials stashed!)
23:45:16 §f                §3§l>>> §3§lCLICK HERE§b to pick them up! §3§l<<<
23:45:16   
23:46:17 §f               §7You have §313,298 §7materials stashed away!
23:46:17 §f              §8(This totals 5 types of materials stashed!)
23:46:17 §f                §3§l>>> §3§lCLICK HERE§b to pick them up! §3§l<<<
23:46:17   
23:47:17 §f               §7You have §313,298 §7materials stashed away!
23:47:17 §f              §8(This totals 5 types of materials stashed!)
23:47:17 §f                §3§l>>> §3§lCLICK HERE§b to pick them up! §3§l<<<
23:47:17   
23:48:18 §f               §7You have §313,298 §7materials stashed away!
23:48:18 §f              §8(This totals 5 types of materials stashed!)
23:48:18 §f                §3§l>>> §3§lCLICK HERE§b to pick them up! §3§l<<<
23:48:18   
23:49:18 §f               §7You have §313,298 §7materials stashed away!
23:49:18 §f              §8(This totals 5 types of materials stashed!)
23:49:18 §f                §3§l>>> §3§lCLICK HERE§b to pick them up! §3§l<<<
23:49:18   
23:50:18 §f               §7You have §313,298 §7materials stashed away!
23:50:18 §f              §8(This totals 5 types of materials stashed!)
23:50:18 §f                §3§l>>> §3§lCLICK HERE§b to pick them up! §3§l<<<
23:50:18   
23:51:19 §f               §7You have §313,298 §7materials stashed away!
23:51:19 §f              §8(This totals 5 types of materials stashed!)
23:51:19 §f                §3§l>>> §3§lCLICK HERE§b to pick them up! §3§l<<<
23:51:19   
23:52:19 §f               §7You have §313,298 §7materials stashed away!
23:52:19 §f              §8(This totals 5 types of materials stashed!)
23:52:19 §f                §3§l>>> §3§lCLICK HERE§b to pick them up! §3§l<<<
23:52:19   
23:53:20 §f               §7You have §313,298 §7materials stashed away!
23:53:20 §f              §8(This totals 5 types of materials stashed!)
23:53:20 §f                §3§l>>> §3§lCLICK HERE§b to pick them up! §3§l<<<
23:53:20   
