02:58:13 [allowed] §f §r§r§r§f §r§r§r§1 §r§r§r§0 §r§r§r§2 §r§r§r§f §r§r§r§f §r§r§r§2 §r§r§r§0 §r§r§r§4 §r§r§r§3 §r§r§r§9 §r§r§r§2 §r§r§r§0 §r§r§r§0 §r§r§r§3 §r§r§r§9 §r§r§r§2 §r§r§r§0 §r§r§r§0 §r§r§r§3 §r§r§r§9 §r§r§r§2 §r§r§r§0 §r§r§r§0 
02:58:13 [allowed] §e§ka§a>>   §aAchievement Unlocked: §6§r§6Not forever alone...§r§a   <<§e§ka
02:58:15 [allowed] §aYou have §b1 §aunclaimed leveling reward!
02:58:15 [allowed] §eClick here to view it!
02:58:15 [allowed] §aYou have §62 §aunclaimed achievement rewards!
02:58:15 [allowed] §eClick here to view them!
02:58:15 [allowed] §b[MVP§d+§b] Ericsoul§f §6joined the lobby!
02:58:23 [allowed] §a[VIP] nikolaizoo§f§r§f: can someone here gift me mvp+ ot vip+
02:58:30 [allowed] §7SassySonic564§7§r§7: If you wanted to join a realm, would you prefer A: Lifesteal, B: Custom Cave Biomes, C: Custom Enchants, or D: Vanilla Minecraft: Just pick your favorite, A, B, C, or D!
02:58:43 [allowed] §b[MVP§a+§b] EliteRedstoner§f §6joined the lobby!
02:58:45 [allowed] §b[MVP§3+§b] Uninstal§f §6joined the lobby!
02:58:47 [allowed] §b[MVP§3+§b] dotakimu999§f §6joined the lobby!
02:58:50 [allowed] §b[MVP§c+§b] roebelicious§f §6joined the lobby!
02:58:50 [allowed] §b[MVP§6+§b] Joekeloere§f §6joined the lobby!
02:58:51 [allowed] §aSuccessfully set the icon for this slot!
02:58:53 [allowed] §7Sending to server mini150AB...
02:58:54 [allowed] §8 §r§8 §r§1 §r§3 §r§3 §r§7 §r§8 
02:58:56 [allowed] 
02:58:56 [allowed] §eWelcome to §r§aHypixel SkyBlock§r§e!
02:58:56 [allowed] 
02:58:56 [allowed] §eLatest update: §bSkyBlock v0.23.1 §e§lCLICK
