21:27:09 §e[SkyHanni] Reloaded 7531 items in the NEU repo§r
21:28:24 §e[SkyHanni] §eYou have §62 §eitems in stash. §eClick to §6pickup §eyour stash!§r
21:28:24 §e[SkyHanni] §bYou have §31.7k §bmaterials in stash, §btotalling §32 types§b. §bClick to §3pickup §byour stash!§r
21:29:42 §e[SkyHanni] §eYou have §62 §eitems in stash. §eClick to §6pickup §eyour stash!§r
21:29:42 §e[SkyHanni] §bYou have §31.7k §bmaterials in stash, §btotalling §32 types§b. §bClick to §3pickup §byour stash!§r
21:33:12 §e[SkyHanni] Click here to share the location of this chocolate egg with the server!§r
21:33:17 §e[SkyHanni] Click here to share the location of this chocolate egg with the server!§r
21:33:51 §e[SkyHanni] §eYou have §62 §eitems in stash. §eClick to §6pickup §eyour stash!§r
21:33:51 §e[SkyHanni] §bYou have §31.7k §bmaterials in stash, §btotalling §32 types§b. §bClick to §3pickup §byour stash!§r
21:38:51 §a§lPotion Effect! §r§4Regeneration IV§r
21:38:51 §a§lPotion Effect! §r§4Strength V§r
21:38:51 §a§lPotion Effect! §r§4Critical III§r
21:38:51 §a§lPotion Effect! §r§9Speed III§r
21:38:51 §a§lPotion Effect! §r§aResistance V§r
21:38:51 §a§lPotion Effect! §r§bArchery III§r
21:45:00 §e[SkyHanni] §eYou have §62 §eitems in stash. §eClick to §6pickup §eyour stash!§r
21:45:00 §e[SkyHanni] §bYou have §31.7k §bmaterials in stash, §btotalling §32 types§b. §bClick to §3pickup §byour stash!§r
21:45:02 §e[SkyHanni] Click here to share the location of this chocolate egg with the server!§r
21:53:41 §e[SkyHanni] §fYou were in Limbo for §e5m 56s§f.§r
21:55:27 §e[SkyHanni] §eYou have §62 §eitems in stash. §eClick to §6pickup §eyour stash!§r
21:55:27 §e[SkyHanni] §bYou have §31.7k §bmaterials in stash, §btotalling §32 types§b. §bClick to §3pickup §byour stash!§r
21:55:39 §e[SkyHanni] Low on arrows §e(0 left)§r
21:57:35 §e[SkyHanni] Click here to share the location of this chocolate egg with the server!§r
21:57:35 §e[SkyHanni] §eYou have §62 §eitems in stash. §eClick to §6pickup §eyour stash!§r
21:57:35 §e[SkyHanni] §bYou have §31.7k §bmaterials in stash, §btotalling §32 types§b. §bClick to §3pickup §byour stash!§r
21:57:40 §e[SkyHanni] §eNext egg available in §b3m 9s§e.§r
21:58:10 §e[SkyHanni] §eYou have §62 §eitems in stash. §eClick to §6pickup §eyour stash!§r
21:58:10 §e[SkyHanni] §bYou have §31.7k §bmaterials in stash, §btotalling §32 types§b. §bClick to §3pickup §byour stash!§r
21:58:15 §a§lPotion Effect! §r§4Regeneration IV§r
21:58:15 §a§lPotion Effect! §r§4Strength V§r
21:58:15 §a§lPotion Effect! §r§4Critical III§r
21:58:15 §a§lPotion Effect! §r§9Speed III§r
21:58:15 §a§lPotion Effect! §r§aResistance V§r
21:58:15 §a§lPotion Effect! §r§bArchery III§r
22:14:03 §e[SkyHanni] §eYou have §62 §eitems in stash. §eClick to §6pickup §eyour stash!§r
22:14:03 §e[SkyHanni] §bYou have §31.7k §bmaterials in stash, §btotalling §32 types§b. §bClick to §3pickup §byour stash!§r
22:14:34 §e[SkyHanni] §eNext egg available in §b6m 15s§e.§r
22:17:16 §e[SkyHanni] §eYou have §62 §eitems in stash. §eClick to §6pickup §eyour stash!§r
22:17:16 §e[SkyHanni] §bYou have §31.7k §bmaterials in stash, §btotalling §32 types§b. §bClick to §3pickup §byour stash!§r
22:17:37 §a§lPotion Effect! §r§4Regeneration IV§r
22:17:37 §a§lPotion Effect! §r§4Strength V§r
22:17:37 §a§lPotion Effect! §r§4Critical III§r
22:17:37 §a§lPotion Effect! §r§9Speed III§r
22:17:37 §a§lPotion Effect! §r§aResistance V§r
22:17:37 §a§lPotion Effect! §r§bArchery III§r
22:21:50 §6§lBESTIARY §r§b§lWithermancer §7§8XVI §8➡§b §bXVII§r
22:29:09 §e[SkyHanni] §eYou have §62 §eitems in stash. §eClick to §6pickup §eyour stash!§r
22:29:09 §e[SkyHanni] §bYou have §31.7k §bmaterials in stash, §btotalling §32 types§b. §bClick to §3pickup §byour stash!§r
22:31:17 §e[SkyHanni] Click here to share the location of this chocolate egg with the server!§r
22:37:13 §e[SkyHanni] §eYou have §62 §eitems in stash. §eClick to §6pickup §eyour stash!§r
22:37:13 §e[SkyHanni] §bYou have §31.7k §bmaterials in stash, §btotalling §32 types§b. §bClick to §3pickup §byour stash!§r
22:40:04 §e[SkyHanni] §eYou have §62 §eitems in stash. §eClick to §6pickup §eyour stash!§r
22:40:04 §e[SkyHanni] §bYou have §31.7k §bmaterials in stash, §btotalling §32 types§b. §bClick to §3pickup §byour stash!§r
22:53:19 §e[SkyHanni] §eYou have §62 §eitems in stash. §eClick to §6pickup §eyour stash!§r
22:53:19 §e[SkyHanni] §bYou have §31.7k §bmaterials in stash, §btotalling §32 types§b. §bClick to §3pickup §byour stash!§r
22:53:36 §e[SkyHanni] §eYou have §62 §eitems in stash. §eClick to §6pickup §eyour stash!§r
22:53:36 §e[SkyHanni] §bYou have §31.7k §bmaterials in stash, §btotalling §32 types§b. §bClick to §3pickup §byour stash!§r
22:54:36 §e[SkyHanni] §eYou have §62 §eitems in stash. §eClick to §6pickup §eyour stash!§r
22:54:36 §e[SkyHanni] §bYou have §31.7k §bmaterials in stash, §btotalling §32 types§b. §bClick to §3pickup §byour stash!§r
22:54:54 §e[SkyHanni] Click here to load 2 more collected egg locations from NEU PV!§r
22:54:54 §e[SkyHanni] Click here to load Trophy Fishing data from NEU PV!§r
22:56:32 §e[SkyHanni] §b+1 SkyBlock XP §7(Museum Donations§7)§b (35/100)§r
22:56:54 §e[SkyHanni] §eYou have §62 §eitems in stash. §eClick to §6pickup §eyour stash!§r
22:56:54 §e[SkyHanni] §bYou have §31.7k §bmaterials in stash, §btotalling §32 types§b. §bClick to §3pickup §byour stash!§r
22:57:58 §e[SkyHanni] §eYou have §62 §eitems in stash. §eClick to §6pickup §eyour stash!§r
22:57:58 §e[SkyHanni] §bYou have §31.7k §bmaterials in stash, §btotalling §32 types§b. §bClick to §3pickup §byour stash!§r
22:59:05 §e[SkyHanni] §b+4 SkyBlock XP §7(Museum Donations§7)§b (39/100)§r
22:59:25 §e[SkyHanni] §eYou have §62 §eitems in stash. §eClick to §6pickup §eyour stash!§r
22:59:25 §e[SkyHanni] §bYou have §31.7k §bmaterials in stash, §btotalling §32 types§b. §bClick to §3pickup §byour stash!§r
23:00:08 §e[SkyHanni] §eYou have §62 §eitems in stash. §eClick to §6pickup §eyour stash!§r
23:00:08 §e[SkyHanni] §bYou have §31.7k §bmaterials in stash, §btotalling §32 types§b. §bClick to §3pickup §byour stash!§r
23:01:13 §e[SkyHanni] §b+3 SkyBlock XP §7(Museum Donations§7)§b (42/100)§r
23:01:17 §e[SkyHanni] §b+2 SkyBlock XP §7(Museum Donations§7)§b (44/100)§r
23:01:19 §e[SkyHanni] §b+3 SkyBlock XP §7(Museum Donations§7)§b (47/100)§r
23:01:21 §e[SkyHanni] §b+3 SkyBlock XP §7(Museum Donations§7)§b (50/100)§r
23:01:23 §e[SkyHanni] §b+4 SkyBlock XP §7(Museum Donations§7)§b (54/100)§r
23:01:26 §e[SkyHanni] §b+3 SkyBlock XP §7(Museum Donations§7)§b (57/100)§r
23:01:45 §e[SkyHanni] §eYou have §62 §eitems in stash. §eClick to §6pickup §eyour stash!§r
23:01:45 §e[SkyHanni] §bYou have §31.7k §bmaterials in stash, §btotalling §32 types§b. §bClick to §3pickup §byour stash!§r
23:03:03 §e[SkyHanni] §eYou have §62 §eitems in stash. §eClick to §6pickup §eyour stash!§r
23:03:03 §e[SkyHanni] §bYou have §31.7k §bmaterials in stash, §btotalling §32 types§b. §bClick to §3pickup §byour stash!§r
23:25:42 §e[SkyHanni] §eYou have §62 §eitems in stash. §eClick to §6pickup §eyour stash!§r
23:25:42 §e[SkyHanni] §bYou have §31.7k §bmaterials in stash, §btotalling §32 types§b. §bClick to §3pickup §byour stash!§r
23:25:46 §e[SkyHanni] §eYou have §62 §eitems in stash. §eClick to §6pickup §eyour stash!§r
23:25:46 §e[SkyHanni] §bYou have §31.7k §bmaterials in stash, §btotalling §32 types§b. §bClick to §3pickup §byour stash!§r
23:26:27 §e[SkyHanni] Low on arrows §e(0 left)§r
23:26:48 §e[SkyHanni] §eYou have §62 §eitems in stash. §eClick to §6pickup §eyour stash!§r
23:26:48 §e[SkyHanni] §bYou have §31.7k §bmaterials in stash, §btotalling §32 types§b. §bClick to §3pickup §byour stash!§r
23:27:49 §e[SkyHanni] §bYou have §31.8k §bmaterials in stash, §btotalling §33 types§b. §bClick to §3pickup §byour stash!§r
23:28:50 §e[SkyHanni] §bYou have §31.7k §bmaterials in stash, §btotalling §31 type§b. §bClick to §3pickup §byour stash!§r
23:29:24 §e[SkyHanni] Wrong slayer selected! You have Tarantula Broodfather selected and you are in an Voidgloom Seraph area!§r
23:29:34 §e[SkyHanni] Wrong slayer selected! You have Tarantula Broodfather selected and you are in an Voidgloom Seraph area!§r
23:29:42 §e[SkyHanni] §f                §r§eYour Weight: §r§a10§r
23:29:45 §e[SkyHanni] Wrong slayer selected! You have Tarantula Broodfather selected and you are in an Voidgloom Seraph area!§r
23:29:49 §e[SkyHanni] §eYou have §62 §eitems in stash. §eClick to §6pickup §eyour stash!§r
23:29:49 §e[SkyHanni] §bYou have §31.7k §bmaterials in stash, §btotalling §31 type§b. §bClick to §3pickup §byour stash!§r
23:29:55 §e[SkyHanni] Wrong slayer selected! You have Tarantula Broodfather selected and you are in an Voidgloom Seraph area!§r
23:30:09 §e[SkyHanni] Wrong slayer selected! You have Tarantula Broodfather selected and you are in an Voidgloom Seraph area!§r
23:30:20 §e[SkyHanni] Wrong slayer selected! You have Tarantula Broodfather selected and you are in an Voidgloom Seraph area!§r
23:30:33 §e[SkyHanni] Wrong slayer selected! You have Tarantula Broodfather selected and you are in an Voidgloom Seraph area!§r
23:30:46 §e[SkyHanni] Wrong slayer selected! You have Tarantula Broodfather selected and you are in an Voidgloom Seraph area!§r
23:30:56 §e[SkyHanni] Wrong slayer selected! You have Tarantula Broodfather selected and you are in an Voidgloom Seraph area!§r
23:31:10 §e[SkyHanni] Wrong slayer selected! You have Tarantula Broodfather selected and you are in an Voidgloom Seraph area!§r
23:31:20 §e[SkyHanni] Wrong slayer selected! You have Tarantula Broodfather selected and you are in an Voidgloom Seraph area!§r
23:31:30 §e[SkyHanni] Wrong slayer selected! You have Tarantula Broodfather selected and you are in an Voidgloom Seraph area!§r
23:31:42 §e[SkyHanni] Wrong slayer selected! You have Tarantula Broodfather selected and you are in an Voidgloom Seraph area!§r
23:31:56 §e[SkyHanni] Wrong slayer selected! You have Tarantula Broodfather selected and you are in an Voidgloom Seraph area!§r
23:32:26 §e[SkyHanni] Wrong slayer selected! You have Tarantula Broodfather selected and you are in an Voidgloom Seraph area!§r
23:33:01 §e[SkyHanni] Wrong slayer selected! You have Tarantula Broodfather selected and you are in an Voidgloom Seraph area!§r
23:33:14 §e[SkyHanni] Wrong slayer selected! You have Tarantula Broodfather selected and you are in an Voidgloom Seraph area!§r
23:33:25 §e[SkyHanni] Wrong slayer selected! You have Tarantula Broodfather selected and you are in an Voidgloom Seraph area!§r
23:33:37 §e[SkyHanni] Wrong slayer selected! You have Tarantula Broodfather selected and you are in an Voidgloom Seraph area!§r
23:34:00 §e[SkyHanni] Wrong slayer selected! You have Tarantula Broodfather selected and you are in an Voidgloom Seraph area!§r
23:34:10 §e[SkyHanni] Wrong slayer selected! You have Tarantula Broodfather selected and you are in an Voidgloom Seraph area!§r
23:34:24 §e[SkyHanni] Wrong slayer selected! You have Tarantula Broodfather selected and you are in an Voidgloom Seraph area!§r
23:34:34 §e[SkyHanni] Wrong slayer selected! You have Tarantula Broodfather selected and you are in an Voidgloom Seraph area!§r
23:34:46 §e[SkyHanni] Wrong slayer selected! You have Tarantula Broodfather selected and you are in an Voidgloom Seraph area!§r
23:35:10 §e[SkyHanni] Wrong slayer selected! You have Tarantula Broodfather selected and you are in an Voidgloom Seraph area!§r
23:35:21 §e[SkyHanni] Wrong slayer selected! You have Tarantula Broodfather selected and you are in an Voidgloom Seraph area!§r
23:35:35 §e[SkyHanni] Wrong slayer selected! You have Tarantula Broodfather selected and you are in an Voidgloom Seraph area!§r
23:35:49 §e[SkyHanni] Wrong slayer selected! You have Tarantula Broodfather selected and you are in an Voidgloom Seraph area!§r
23:36:43 §e[SkyHanni] Wrong slayer selected! You have Tarantula Broodfather selected and you are in an Voidgloom Seraph area!§r
23:37:06 §e[SkyHanni] Wrong slayer selected! You have Tarantula Broodfather selected and you are in an Voidgloom Seraph area!§r
23:37:32 §e[SkyHanni] Wrong slayer selected! You have Tarantula Broodfather selected and you are in an Voidgloom Seraph area!§r
23:37:50 §e[SkyHanni] Wrong slayer selected! You have Tarantula Broodfather selected and you are in an Voidgloom Seraph area!§r
23:38:01 §e[SkyHanni] Wrong slayer selected! You have Tarantula Broodfather selected and you are in an Voidgloom Seraph area!§r
23:38:22 §e[SkyHanni] Wrong slayer selected! You have Tarantula Broodfather selected and you are in an Voidgloom Seraph area!§r
23:38:54 §e[SkyHanni] Wrong slayer selected! You have Tarantula Broodfather selected and you are in an Voidgloom Seraph area!§r
23:39:06 §e[SkyHanni] Wrong slayer selected! You have Tarantula Broodfather selected and you are in an Voidgloom Seraph area!§r
23:39:17 §e[SkyHanni] Wrong slayer selected! You have Tarantula Broodfather selected and you are in an Voidgloom Seraph area!§r
23:39:27 §e[SkyHanni] Wrong slayer selected! You have Tarantula Broodfather selected and you are in an Voidgloom Seraph area!§r
23:39:37 §e[SkyHanni] Wrong slayer selected! You have Tarantula Broodfather selected and you are in an Voidgloom Seraph area!§r
23:40:19 §e[SkyHanni] Wrong slayer selected! You have Tarantula Broodfather selected and you are in an Voidgloom Seraph area!§r
23:40:31 §e[SkyHanni] Wrong slayer selected! You have Tarantula Broodfather selected and you are in an Voidgloom Seraph area!§r
23:41:01 §e[SkyHanni] Wrong slayer selected! You have Tarantula Broodfather selected and you are in an Voidgloom Seraph area!§r
23:41:15 §e[SkyHanni] Wrong slayer selected! You have Tarantula Broodfather selected and you are in an Voidgloom Seraph area!§r
23:41:26 §e[SkyHanni] Wrong slayer selected! You have Tarantula Broodfather selected and you are in an Voidgloom Seraph area!§r
23:41:59 §e[SkyHanni] Wrong slayer selected! You have Tarantula Broodfather selected and you are in an Voidgloom Seraph area!§r
23:42:19 §e[SkyHanni] Wrong slayer selected! You have Tarantula Broodfather selected and you are in an Voidgloom Seraph area!§r
23:42:30 §e[SkyHanni] Wrong slayer selected! You have Tarantula Broodfather selected and you are in an Voidgloom Seraph area!§r
23:42:41 §e[SkyHanni] Wrong slayer selected! You have Tarantula Broodfather selected and you are in an Voidgloom Seraph area!§r
23:42:53 §e[SkyHanni] Wrong slayer selected! You have Tarantula Broodfather selected and you are in an Voidgloom Seraph area!§r
23:43:23 §e[SkyHanni] Wrong slayer selected! You have Tarantula Broodfather selected and you are in an Voidgloom Seraph area!§r
23:43:37 §e[SkyHanni] Wrong slayer selected! You have Tarantula Broodfather selected and you are in an Voidgloom Seraph area!§r
23:43:50 §e[SkyHanni] Wrong slayer selected! You have Tarantula Broodfather selected and you are in an Voidgloom Seraph area!§r
23:44:02 §e[SkyHanni] Wrong slayer selected! You have Tarantula Broodfather selected and you are in an Voidgloom Seraph area!§r
23:44:16 §e[SkyHanni] Wrong slayer selected! You have Tarantula Broodfather selected and you are in an Voidgloom Seraph area!§r
23:44:27 §e[SkyHanni] Wrong slayer selected! You have Tarantula Broodfather selected and you are in an Voidgloom Seraph area!§r
23:44:39 §e[SkyHanni] Wrong slayer selected! You have Tarantula Broodfather selected and you are in an Voidgloom Seraph area!§r
23:44:49 §e[SkyHanni] Wrong slayer selected! You have Tarantula Broodfather selected and you are in an Voidgloom Seraph area!§r
23:45:08 §e[SkyHanni] Wrong slayer selected! You have Tarantula Broodfather selected and you are in an Voidgloom Seraph area!§r
23:45:18 §e[SkyHanni] Wrong slayer selected! You have Tarantula Broodfather selected and you are in an Voidgloom Seraph area!§r
23:45:29 §e[SkyHanni] Wrong slayer selected! You have Tarantula Broodfather selected and you are in an Voidgloom Seraph area!§r
23:46:00 §e[SkyHanni] Wrong slayer selected! You have Tarantula Broodfather selected and you are in an Voidgloom Seraph area!§r
23:46:17 §e[SkyHanni] Wrong slayer selected! You have Tarantula Broodfather selected and you are in an Voidgloom Seraph area!§r
23:46:32 §e[SkyHanni] Wrong slayer selected! You have Tarantula Broodfather selected and you are in an Voidgloom Seraph area!§r
23:46:42 §e[SkyHanni] Wrong slayer selected! You have Tarantula Broodfather selected and you are in an Voidgloom Seraph area!§r
23:46:53 §e[SkyHanni] Wrong slayer selected! You have Tarantula Broodfather selected and you are in an Voidgloom Seraph area!§r
23:47:25 §e[SkyHanni] Wrong slayer selected! You have Tarantula Broodfather selected and you are in an Voidgloom Seraph area!§r
23:47:38 §e[SkyHanni] §f                §r§eYour Weight: §r§a10§r
23:47:38 §e[SkyHanni] Profit for Dragon§e: §6430§r
23:47:39 §e[SkyHanni] Wrong slayer selected! You have Tarantula Broodfather selected and you are in an Voidgloom Seraph area!§r
23:47:49 §e[SkyHanni] Wrong slayer selected! You have Tarantula Broodfather selected and you are in an Voidgloom Seraph area!§r
23:48:00 §e[SkyHanni] Wrong slayer selected! You have Tarantula Broodfather selected and you are in an Voidgloom Seraph area!§r
23:48:10 §e[SkyHanni] Wrong slayer selected! You have Tarantula Broodfather selected and you are in an Voidgloom Seraph area!§r
23:48:23 §e[SkyHanni] Wrong slayer selected! You have Tarantula Broodfather selected and you are in an Voidgloom Seraph area!§r
23:48:41 §e[SkyHanni] Wrong slayer selected! You have Tarantula Broodfather selected and you are in an Voidgloom Seraph area!§r
23:49:42 §e[SkyHanni] §f                §r§eYour Weight: §r§a10§r
23:49:42 §e[SkyHanni] Profit for Dragon§e: §6432§r
23:50:09 §e[SkyHanni] Wrong slayer selected! You have Tarantula Broodfather selected and you are in an Voidgloom Seraph area!§r
23:50:24 §e[SkyHanni] Wrong slayer selected! You have Tarantula Broodfather selected and you are in an Voidgloom Seraph area!§r
23:50:44 §e[SkyHanni] Click here to share the location of this chocolate egg with the server!§r
23:51:21 §e[SkyHanni] Wrong slayer selected! You have Tarantula Broodfather selected and you are in an Voidgloom Seraph area!§r
23:51:36 §e[SkyHanni] Wrong slayer selected! You have Tarantula Broodfather selected and you are in an Voidgloom Seraph area!§r
23:51:47 §e[SkyHanni] Wrong slayer selected! You have Tarantula Broodfather selected and you are in an Voidgloom Seraph area!§r
23:51:56 §6§lBESTIARY §r§b§lZealot §7§8XII §8➡§b §bXIII§r
23:51:57 §e[SkyHanni] §f                §r§eYour Weight: §r§a10§r
23:51:57 §e[SkyHanni] Profit for Dragon§e: §6431§r
23:52:01 §e[SkyHanni] Wrong slayer selected! You have Tarantula Broodfather selected and you are in an Voidgloom Seraph area!§r
23:52:13 §e[SkyHanni] Wrong slayer selected! You have Tarantula Broodfather selected and you are in an Voidgloom Seraph area!§r
23:52:26 §e[SkyHanni] Wrong slayer selected! You have Tarantula Broodfather selected and you are in an Voidgloom Seraph area!§r
23:52:39 §e[SkyHanni] Wrong slayer selected! You have Tarantula Broodfather selected and you are in an Voidgloom Seraph area!§r
23:53:03 §e[SkyHanni] Wrong slayer selected! You have Tarantula Broodfather selected and you are in an Voidgloom Seraph area!§r
23:53:16 §e[SkyHanni] Wrong slayer selected! You have Tarantula Broodfather selected and you are in an Voidgloom Seraph area!§r
23:53:26 §e[SkyHanni] Wrong slayer selected! You have Tarantula Broodfather selected and you are in an Voidgloom Seraph area!§r
23:53:43 §e[SkyHanni] Wrong slayer selected! You have Tarantula Broodfather selected and you are in an Voidgloom Seraph area!§r
23:53:57 §e[SkyHanni] Wrong slayer selected! You have Tarantula Broodfather selected and you are in an Voidgloom Seraph area!§r
23:54:07 §e[SkyHanni] Wrong slayer selected! You have Tarantula Broodfather selected and you are in an Voidgloom Seraph area!§r
23:54:21 §e[SkyHanni] Wrong slayer selected! You have Tarantula Broodfather selected and you are in an Voidgloom Seraph area!§r
23:54:32 §e[SkyHanni] Wrong slayer selected! You have Tarantula Broodfather selected and you are in an Voidgloom Seraph area!§r
23:55:18 §e[SkyHanni] §eYou have §62 §eitems in stash. §eClick to §6pickup §eyour stash!§r
23:55:18 §e[SkyHanni] §bYou have §31.7k §bmaterials in stash, §btotalling §31 type§b. §bClick to §3pickup §byour stash!§r
23:55:23 §e[SkyHanni] §eYou have §62 §eitems in stash. §eClick to §6pickup §eyour stash!§r
23:55:23 §e[SkyHanni] §bYou have §31.7k §bmaterials in stash, §btotalling §31 type§b. §bClick to §3pickup §byour stash!§r
23:59:14 §e[SkyHanni] §eYou have §62 §eitems in stash. §eClick to §6pickup §eyour stash!§r
23:59:14 §e[SkyHanni] §bYou have §31.7k §bmaterials in stash, §btotalling §31 type§b. §bClick to §3pickup §byour stash!§r
23:59:57 §e[SkyHanni] §eYou have §62 §eitems in stash. §eClick to §6pickup §eyour stash!§r
23:59:57 §e[SkyHanni] §bYou have §31.7k §bmaterials in stash, §btotalling §31 type§b. §bClick to §3pickup §byour stash!§r
00:01:32 §e[SkyHanni] §eYou have §62 §eitems in stash. §eClick to §6pickup §eyour stash!§r
00:01:32 §e[SkyHanni] §bYou have §31.7k §bmaterials in stash, §btotalling §31 type§b. §bClick to §3pickup §byour stash!§r
00:01:38 §a§lPotion Effect! §r§4Regeneration IV§r
00:01:38 §a§lPotion Effect! §r§4Strength V§r
00:01:38 §a§lPotion Effect! §r§4Critical III§r
00:01:38 §a§lPotion Effect! §r§9Speed III§r
00:01:38 §a§lPotion Effect! §r§aResistance V§r
00:01:38 §a§lPotion Effect! §r§bArchery III§r
00:14:04 §e[SkyHanni] §eYou have §62 §eitems in stash. §eClick to §6pickup §eyour stash!§r
00:14:04 §e[SkyHanni] §bYou have §31.7k §bmaterials in stash, §btotalling §31 type§b. §bClick to §3pickup §byour stash!§r
00:14:34 §e[SkyHanni] Low on arrows §e(0 left)§r
00:14:50 §e[SkyHanni] §eYou have §62 §eitems in stash. §eClick to §6pickup §eyour stash!§r
00:14:50 §e[SkyHanni] §bYou have §31.7k §bmaterials in stash, §btotalling §31 type§b. §bClick to §3pickup §byour stash!§r
00:15:30 §e[SkyHanni] §eYou have §62 §eitems in stash. §eClick to §6pickup §eyour stash!§r
00:15:30 §e[SkyHanni] §bYou have §31.7k §bmaterials in stash, §btotalling §31 type§b. §bClick to §3pickup §byour stash!§r
00:17:22 §e[SkyHanni] §eYou have §62 §eitems in stash. §eClick to §6pickup §eyour stash!§r
00:17:22 §e[SkyHanni] §bYou have §31.7k §bmaterials in stash, §btotalling §31 type§b. §bClick to §3pickup §byour stash!§r
00:21:50 §e[SkyHanni] §eNext egg available in §b4m 49s§e.§r
00:28:05 §e[SkyHanni] §eYou have §62 §eitems in stash. §eClick to §6pickup §eyour stash!§r
00:28:05 §e[SkyHanni] §bYou have §31.7k §bmaterials in stash, §btotalling §31 type§b. §bClick to §3pickup §byour stash!§r
00:29:11 §e[SkyHanni] §eYou have §62 §eitems in stash. §eClick to §6pickup §eyour stash!§r
00:29:11 §e[SkyHanni] §bYou have §31.7k §bmaterials in stash, §btotalling §31 type§b. §bClick to §3pickup §byour stash!§r
00:29:44 §e[SkyHanni] Click here to share the location of this chocolate egg with the server!§r
00:30:49 §e[SkyHanni] §eYou have §62 §eitems in stash. §eClick to §6pickup §eyour stash!§r
00:30:49 §e[SkyHanni] §bYou have §31.7k §bmaterials in stash, §btotalling §31 type§b. §bClick to §3pickup §byour stash!§r
00:30:50 §a§lPotion Effect! §r§4Regeneration IV§r
00:30:50 §a§lPotion Effect! §r§4Strength V§r
00:30:50 §a§lPotion Effect! §r§4Critical III§r
00:30:50 §a§lPotion Effect! §r§9Speed III§r
00:30:50 §a§lPotion Effect! §r§aResistance V§r
00:30:50 §a§lPotion Effect! §r§bArchery III§r
00:36:46 §6§lBESTIARY §r§b§lWither Miner §7§8XXI §8➡§b §bXXII§r
00:43:30 §e[SkyHanni] Click here to share the location of this chocolate egg with the server!§r
00:43:42 §e[SkyHanni] §eNext egg available in §b2m 57s§e.§r
00:43:43 §e[SkyHanni] §eNext egg available in §b2m 56s§e.§r
00:43:45 §e[SkyHanni] §eYou have §62 §eitems in stash. §eClick to §6pickup §eyour stash!§r
00:43:45 §e[SkyHanni] §bYou have §31.7k §bmaterials in stash, §btotalling §31 type§b. §bClick to §3pickup §byour stash!§r
00:53:49 §e[SkyHanni] §eNext egg available in §b7m§e.§r
01:02:51 §e[SkyHanni] §eNext egg available in §b3m 48s§e.§r
01:03:55 §e[SkyHanni] §eYou have §62 §eitems in stash. §eClick to §6pickup §eyour stash!§r
01:03:55 §e[SkyHanni] §bYou have §31.7k §bmaterials in stash, §btotalling §31 type§b. §bClick to §3pickup §byour stash!§r
01:05:07 §e[SkyHanni] §eYou have §62 §eitems in stash. §eClick to §6pickup §eyour stash!§r
01:05:07 §e[SkyHanni] §bYou have §31.7k §bmaterials in stash, §btotalling §31 type§b. §bClick to §3pickup §byour stash!§r
01:05:19 §e[SkyHanni] §eYou have §62 §eitems in stash. §eClick to §6pickup §eyour stash!§r
01:05:19 §e[SkyHanni] §bYou have §31.7k §bmaterials in stash, §btotalling §31 type§b. §bClick to §3pickup §byour stash!§r
01:07:08 §e[SkyHanni] §eYou have §62 §eitems in stash. §eClick to §6pickup §eyour stash!§r
01:07:09 §e[SkyHanni] §bYou have §31.7k §bmaterials in stash, §btotalling §31 type§b. §bClick to §3pickup §byour stash!§r
01:12:52 §e[SkyHanni] Wrong slayer selected! You have Tarantula Broodfather selected and you are in an Revenant Horror area!§r
01:13:11 §e[SkyHanni] Wrong slayer selected! You have Tarantula Broodfather selected and you are in an Revenant Horror area!§r
01:13:13 §e[SkyHanni] §eYou have §62 §eitems in stash. §eClick to §6pickup §eyour stash!§r
01:13:13 §e[SkyHanni] §bYou have §31.7k §bmaterials in stash, §btotalling §31 type§b. §bClick to §3pickup §byour stash!§r
01:13:22 §e[SkyHanni] Wrong slayer selected! You have Tarantula Broodfather selected and you are in an Revenant Horror area!§r
01:13:33 §e[SkyHanni] Wrong slayer selected! You have Tarantula Broodfather selected and you are in an Revenant Horror area!§r
01:13:57 §e[SkyHanni] Wrong slayer selected! You have Tarantula Broodfather selected and you are in an Revenant Horror area!§r
01:14:25 §e[SkyHanni] Wrong slayer selected! You have Tarantula Broodfather selected and you are in an Revenant Horror area!§r
01:14:40 §e[SkyHanni] Wrong slayer selected! You have Tarantula Broodfather selected and you are in an Revenant Horror area!§r
01:15:09 §e[SkyHanni] Wrong slayer selected! You have Tarantula Broodfather selected and you are in an Revenant Horror area!§r
01:15:26 §e[SkyHanni] Wrong slayer selected! You have Tarantula Broodfather selected and you are in an Revenant Horror area!§r
01:15:51 §e[SkyHanni] Wrong slayer selected! You have Tarantula Broodfather selected and you are in an Revenant Horror area!§r
01:16:06 §e[SkyHanni] §eYou have §62 §eitems in stash. §eClick to §6pickup §eyour stash!§r
01:16:06 §e[SkyHanni] §bYou have §31.7k §bmaterials in stash, §btotalling §31 type§b. §bClick to §3pickup §byour stash!§r
01:32:03 §e[SkyHanni] §eYou have §62 §eitems in stash. §eClick to §6pickup §eyour stash!§r
01:32:03 §e[SkyHanni] §bYou have §31.7k §bmaterials in stash, §btotalling §31 type§b. §bClick to §3pickup §byour stash!§r
01:34:37 §e[SkyHanni] Wrong slayer selected! You have Tarantula Broodfather selected and you are in an Sven Packmaster area!§r
01:35:47 §e[SkyHanni] §eYou have §62 §eitems in stash. §eClick to §6pickup §eyour stash!§r
01:35:47 §e[SkyHanni] §bYou have §31.7k §bmaterials in stash, §btotalling §31 type§b. §bClick to §3pickup §byour stash!§r
01:39:47 §6§lBESTIARY §r§b§lSplitter Spider §7§8VIII §8➡§b §bIX§r
01:41:20 §e[SkyHanni] The Broodmother was killed!§r
01:43:24 §e[SkyHanni] §eYou have §62 §eitems in stash. §eClick to §6pickup §eyour stash!§r
01:43:24 §e[SkyHanni] §bYou have §31.7k §bmaterials in stash, §btotalling §31 type§b. §bClick to §3pickup §byour stash!§r
01:45:37 §e[SkyHanni] §eYou have §62 §eitems in stash. §eClick to §6pickup §eyour stash!§r
01:45:37 §e[SkyHanni] §bYou have §31.7k §bmaterials in stash, §btotalling §31 type§b. §bClick to §3pickup §byour stash!§r
01:47:18 §e[SkyHanni] §b+2 SkyBlock XP §7(Attribute Levels§7)§b (62/100)§r
01:50:44 §e[SkyHanni] §eYou have §62 §eitems in stash. §eClick to §6pickup §eyour stash!§r
01:50:44 §e[SkyHanni] §bYou have §31.7k §bmaterials in stash, §btotalling §31 type§b. §bClick to §3pickup §byour stash!§r
01:51:37 §e[SkyHanni] §eYou have §62 §eitems in stash. §eClick to §6pickup §eyour stash!§r
01:51:37 §e[SkyHanni] §bYou have §31.7k §bmaterials in stash, §btotalling §31 type§b. §bClick to §3pickup §byour stash!§r
01:53:36 §6§lBESTIARY §r§b§lVoracious Spider §7§8IX §8➡§b §bX§r
01:54:58 §e[SkyHanni] §eYou have §62 §eitems in stash. §eClick to §6pickup §eyour stash!§r
01:54:58 §e[SkyHanni] §bYou have §31.7k §bmaterials in stash, §btotalling §31 type§b. §bClick to §3pickup §byour stash!§r
02:05:56 §e[SkyHanni] §eYou have §62 §eitems in stash. §eClick to §6pickup §eyour stash!§r
02:05:56 §e[SkyHanni] §bYou have §31.7k §bmaterials in stash, §btotalling §31 type§b. §bClick to §3pickup §byour stash!§r
02:06:41 §e[SkyHanni] §eYou have §62 §eitems in stash. §eClick to §6pickup §eyour stash!§r
02:06:41 §e[SkyHanni] §bYou have §31.7k §bmaterials in stash, §btotalling §31 type§b. §bClick to §3pickup §byour stash!§r
02:06:59 §e[SkyHanni] §eYou have §62 §eitems in stash. §eClick to §6pickup §eyour stash!§r
02:06:59 §e[SkyHanni] §bYou have §31.7k §bmaterials in stash, §btotalling §31 type§b. §bClick to §3pickup §byour stash!§r
02:10:27 §6§lBESTIARY §r§b§lArachne's Brood §7§8IV §8➡§b §bV§r
02:10:35 §6§lBESTIARY §r§b§lArachne §7§8I §8➡§b §bII§r
02:11:25 §6§lBESTIARY §r§b§lArachne's Brood §7§8V §8➡§b §bVI§r
02:12:04                    §eArachne took §b56.9s§e seconds to kill.§r
02:12:04 §6§lBESTIARY §r§b§lArachne §7§8II §8➡§b §bIII§r
02:12:38 §6§lBESTIARY §r§b§lArachne's Brood §7§8VI §8➡§b §bVII§r
02:12:46 §6§lBESTIARY §r§b§lArachne's Brood §7§8VII §8➡§b §bVIII§r
02:12:51                    §eArachne took §b17.0s§e seconds to kill.§r
02:13:00 §6§lBESTIARY §r§b§lArachne's Keeper §7§8V §8➡§b §bVI§r
02:13:33 §6§lBESTIARY §r§b§lArachne's Brood §7§8VIII §8➡§b §bIX§r
02:13:44                    §eArachne took §b19.6s§e seconds to kill.§r
02:13:44 §6§lBESTIARY §r§b§lArachne §7§8III §8➡§b §bIV§r
02:13:54 §e[SkyHanni] The Broodmother was killed!§r
02:14:40                    §eArachne took §b22.5s§e seconds to kill.§r
02:15:35                    §eArachne took §b25.4s§e seconds to kill.§r
02:15:35 §6§lBESTIARY §r§b§lArachne §7§8IV §8➡§b §bV§r
02:16:14 §6§lBESTIARY §r§b§lArachne's Brood §7§8IX §8➡§b §bX§r
02:16:20                    §eArachne took §b17.3s§e seconds to kill.§r
02:17:09                    §eArachne took §b16.2s§e seconds to kill.§r
02:17:10 §6§lBESTIARY §r§b§lArachne §7§8V §8➡§b §bVI§r
02:18:09                    §eArachne took §b15.8s§e seconds to kill.§r
02:19:36                    §eArachne took §b22.6s§e seconds to kill.§r
02:19:36 §6§lBESTIARY §r§b§lArachne §7§8VI §8➡§b §bVII§r
02:20:42                    §eArachne took §b17.8s§e seconds to kill.§r
02:21:36                    §eArachne took §b19.3s§e seconds to kill.§r
02:22:32                    §eArachne took §b16.9s§e seconds to kill.§r
02:22:32 §6§lBESTIARY §r§b§lArachne §7§8VII §8➡§b §bVIII§r
02:23:20 §6§lBESTIARY §r§b§lArachne's Brood §7§8X §8➡§b §bXI§r
02:23:30                    §eArachne took §b22.4s§e seconds to kill.§r
02:24:08 §e[SkyHanni] The Broodmother was killed!§r
02:24:23                    §eArachne took §b17.9s§e seconds to kill.§r
02:25:11                    §eArachne took §b14.7s§e seconds to kill.§r
02:25:11 §6§lBESTIARY §r§b§lArachne §7§8VIII §8➡§b §bIX§r
02:26:01                    §eArachne took §b15.2s§e seconds to kill.§r
02:26:57                    §eArachne took §b24.0s§e seconds to kill.§r
02:27:48 §6§lBESTIARY §r§b§lArachne §7§8IX §8➡§b §bX§r
02:28:58 §e[SkyHanni] §b+21 SkyBlock XP §7(Collections§7)§b (84/100)§r
02:29:40                    §eArachne took §b29.0s§e seconds to kill.§r
02:30:36                    §eArachne took §b22.3s§e seconds to kill.§r
02:31:27                    §eArachne took §b19.4s§e seconds to kill.§r
02:32:32 §6§lBESTIARY §r§b§lArachne's Brood §7§8XI §8➡§b §bXII§r
02:32:42                    §eArachne took §b29.1s§e seconds to kill.§r
02:33:31                    §eArachne took §b16.8s§e seconds to kill.§r
02:34:24 §e[SkyHanni] The Broodmother was killed!§r
02:34:26                    §eArachne took §b20.4s§e seconds to kill.§r
02:35:18                    §eArachne took §b22.8s§e seconds to kill.§r
02:36:05                    §eArachne took §b18.7s§e seconds to kill.§r
02:36:51                    §eArachne took §b14.9s§e seconds to kill.§r
02:36:51 §6§lBESTIARY §r§b§lArachne §7§8X §8➡§b §bXI§r
02:37:42                    §eArachne took §b13.4s§e seconds to kill.§r
02:38:30                    §eArachne took §b15.1s§e seconds to kill.§r
02:39:26                    §eArachne took §b19.9s§e seconds to kill.§r
02:40:26                    §eArachne took §b31.2s§e seconds to kill.§r
02:41:24                    §eArachne took §b19.0s§e seconds to kill.§r
02:42:19                    §eArachne took §b21.2s§e seconds to kill.§r
02:43:08                    §eArachne took §b15.5s§e seconds to kill.§r
02:43:59                    §eArachne took §b17.4s§e seconds to kill.§r
02:44:14 §e[SkyHanni] §b+6 SkyBlock XP §7(Collections§7)§b (90/100)§r
02:44:46 §e[SkyHanni] The Broodmother was killed!§r
02:44:53                    §eArachne took §b14.4s§e seconds to kill.§r
02:45:44                    §eArachne took §b19.3s§e seconds to kill.§r
02:45:44 §6§lBESTIARY §r§b§lArachne §7§8XI §8➡§b §bXII§r
02:46:35 §6§lBESTIARY §r§b§lArachne's Brood §7§8XII §8➡§b §bXIII§r
02:46:40                    §eArachne took §b24.1s§e seconds to kill.§r
02:47:37                    §eArachne took §b20.4s§e seconds to kill.§r
02:48:29                    §eArachne took §b24.1s§e seconds to kill.§r
02:49:28                    §eArachne took §b14.3s§e seconds to kill.§r
02:50:12                    §eArachne took §b15.1s§e seconds to kill.§r
02:51:04                    §eArachne took §b17.1s§e seconds to kill.§r
02:51:49                    §eArachne took §b15.7s§e seconds to kill.§r
02:52:37                    §eArachne took §b17.3s§e seconds to kill.§r
02:53:27                    §eArachne took §b18.6s§e seconds to kill.§r
02:53:32 §6§lBESTIARY §r§b§lArachne's Keeper §7§8VI §8➡§b §bVII§r
02:54:13                    §eArachne took §b14.9s§e seconds to kill.§r
02:55:06                    §eArachne took §b17.4s§e seconds to kill.§r
02:55:32 §e[SkyHanni] §eYou have §62 §eitems in stash. §eClick to §6pickup §eyour stash!§r
02:55:32 §e[SkyHanni] §bYou have §31.7k §bmaterials in stash, §btotalling §31 type§b. §bClick to §3pickup §byour stash!§r
02:57:02 §e[SkyHanni] Wrong slayer selected! You have Tarantula Broodfather selected and you are in an Revenant Horror area!§r
02:57:22 §e[SkyHanni] §eYou have §62 §eitems in stash. §eClick to §6pickup §eyour stash!§r
02:57:22 §e[SkyHanni] §bYou have §31.7k §bmaterials in stash, §btotalling §31 type§b. §bClick to §3pickup §byour stash!§r
02:57:37 §e[SkyHanni] Wrong slayer selected! You have Tarantula Broodfather selected and you are in an Revenant Horror area!§r
02:58:30 §e[SkyHanni] §eYou have §62 §eitems in stash. §eClick to §6pickup §eyour stash!§r
02:58:30 §e[SkyHanni] §bYou have §31.7k §bmaterials in stash, §btotalling §31 type§b. §bClick to §3pickup §byour stash!§r
03:03:00 §e[SkyHanni] §eYou have §62 §eitems in stash. §eClick to §6pickup §eyour stash!§r
03:03:00 §e[SkyHanni] §bYou have §31.7k §bmaterials in stash, §btotalling §31 type§b. §bClick to §3pickup §byour stash!§r
03:03:57 §e[SkyHanni] §eYou have §62 §eitems in stash. §eClick to §6pickup §eyour stash!§r
03:03:57 §e[SkyHanni] §bYou have §31.7k §bmaterials in stash, §btotalling §31 type§b. §bClick to §3pickup §byour stash!§r
03:04:37 §e[SkyHanni] §eYou have §62 §eitems in stash. §eClick to §6pickup §eyour stash!§r
03:04:37 §e[SkyHanni] §bYou have §31.7k §bmaterials in stash, §btotalling §31 type§b. §bClick to §3pickup §byour stash!§r
03:17:54 §6§lBESTIARY §r§b§lMagma Cube Rider §7§8XV §8➡§b §bXVI§r
03:26:12 §e[SkyHanni] Wrong slayer selected! You have Inferno Demonlord selected and you are in an Tarantula Broodfather area!§r
03:38:26 §6§lBESTIARY §r§b§lWither Spectre §7§bI§r
03:38:27 §6§lBESTIARY §r§b§lWither Spectre §7§8I §8➡§b §bII§r
03:38:32 §6§lBESTIARY §r§b§lBlaze §7§bI§r
03:38:34 §6§lBESTIARY §r§b§lBlaze §7§8I §8➡§b §bII§r
03:38:36 §6§lBESTIARY §r§b§lBlaze §7§8II §8➡§b §bIII§r
03:38:47 §6§lBESTIARY §r§b§lWither Spectre §7§8II §8➡§b §bIII§r
03:38:52 §6§lBESTIARY §r§b§lWither Spectre §7§8III §8➡§b §bIV§r
03:38:53 §6§lBESTIARY §r§b§lWither Spectre §7§8IV §8➡§b §bV§r
03:39:15 §6§lBESTIARY §r§b§lBlaze §7§8III §8➡§b §bIV§r
03:39:16 §6§lBESTIARY §r§b§lBlaze §7§8IV §8➡§b §bV§r
03:39:17 §6§lBESTIARY §r§b§lBlaze §7§8V §8➡§b §bVI§r
03:39:37 §6§lBESTIARY §r§b§lWither Spectre §7§8V §8➡§b §bVI§r
03:40:51 §e[SkyHanni] Click here to share the location of this chocolate egg with the server!§r
03:41:46 §6§lBESTIARY §r§b§lBlaze §7§8VI §8➡§b §bVII§r
03:42:02 §6§lBESTIARY §r§b§lWither Skeleton §7§8I §8➡§b §bII§r
03:42:15 §6§lBESTIARY §r§b§lBlaze §7§8VII §8➡§b §bVIII§r
03:42:24 §6§lBESTIARY §r§b§lBlaze §7§8VIII §8➡§b §bIX§r
03:54:01 §6§lBESTIARY §r§b§lBladesoul §7§bI§r
04:05:53 §e[SkyHanni] §eYou have §62 §eitems in stash. §eClick to §6pickup §eyour stash!§r
04:05:53 §e[SkyHanni] §bYou have §31.7k §bmaterials in stash, §btotalling §31 type§b. §bClick to §3pickup §byour stash!§r
04:06:36 §e[SkyHanni] §eYou have §62 §eitems in stash. §eClick to §6pickup §eyour stash!§r
04:06:36 §e[SkyHanni] §bYou have §31.7k §bmaterials in stash, §btotalling §31 type§b. §bClick to §3pickup §byour stash!§r
04:08:27 §e[SkyHanni] §eYou have §62 §eitems in stash. §eClick to §6pickup §eyour stash!§r
04:08:27 §e[SkyHanni] §bYou have §31.7k §bmaterials in stash, §btotalling §31 type§b. §bClick to §3pickup §byour stash!§r
04:08:49 §e[SkyHanni] §eYou have §62 §eitems in stash. §eClick to §6pickup §eyour stash!§r
04:08:49 §e[SkyHanni] §bYou have §31.7k §bmaterials in stash, §btotalling §31 type§b. §bClick to §3pickup §byour stash!§r
04:08:59 §e[SkyHanni] Click here to share the location of this chocolate egg with the server!§r
04:09:13 §6§lBESTIARY §r§b§lSeer §7§8IX §8➡§b §bX§r
04:09:25 §6§lBESTIARY §r§b§lObsidian Defender §7§8VI §8➡§b §bVII§r
04:09:47 §6§lBESTIARY §r§b§lObsidian Defender §7§8VII §8➡§b §bVIII§r
04:13:37 §e[SkyHanni] §eYou have §62 §eitems in stash. §eClick to §6pickup §eyour stash!§r
04:13:37 §e[SkyHanni] §bYou have §31.7k §bmaterials in stash, §btotalling §31 type§b. §bClick to §3pickup §byour stash!§r
04:13:44 §e[SkyHanni] Click here to share the location of this chocolate egg with the server!§r
04:14:02 §e[SkyHanni] §eNext egg available in §b6m 47s§e.§r
04:14:03 §e[SkyHanni] §eNext egg available in §b6m 46s§e.§r
04:14:05 §6§lBESTIARY §r§b§lObsidian Defender §7§8VIII §8➡§b §bIX§r
04:15:13 §e[SkyHanni] §eYou have §62 §eitems in stash. §eClick to §6pickup §eyour stash!§r
04:15:14 §e[SkyHanni] §bYou have §31.7k §bmaterials in stash, §btotalling §31 type§b. §bClick to §3pickup §byour stash!§r
04:15:17 §6§lBESTIARY §r§b§lObsidian Defender §7§8IX §8➡§b §bX§r
04:17:24 §e[SkyHanni] Wrong slayer selected! You have Inferno Demonlord selected and you are in an Voidgloom Seraph area!§r
04:17:37 §e[SkyHanni] Click here to share the location of this chocolate egg with the server!§r
04:17:37 §e[SkyHanni] Wrong slayer selected! You have Inferno Demonlord selected and you are in an Voidgloom Seraph area!§r
04:17:49 §e[SkyHanni] Wrong slayer selected! You have Inferno Demonlord selected and you are in an Voidgloom Seraph area!§r
04:18:38 §e[SkyHanni] Wrong slayer selected! You have Inferno Demonlord selected and you are in an Voidgloom Seraph area!§r
04:19:08 §e[SkyHanni] Wrong slayer selected! You have Inferno Demonlord selected and you are in an Voidgloom Seraph area!§r
04:21:25 §6§lBESTIARY §r§b§lSeer §7§8X §8➡§b §bXI§r
04:22:18 §e[SkyHanni] §eNext egg available in §b4m 21s§e.§r
04:22:23 §6§lBESTIARY §r§b§lObsidian Defender §7§8X §8➡§b §bXI§r
04:28:53 §e[SkyHanni] Wrong slayer selected! You have Inferno Demonlord selected and you are in an Voidgloom Seraph area!§r
04:28:56 §6§lBESTIARY §r§b§lZealot §7§8XIII §8➡§b §bXIV§r
04:29:03 §e[SkyHanni] §eNext egg available in §b3m 26s§e.§r
04:29:07 §e[SkyHanni] Wrong slayer selected! You have Inferno Demonlord selected and you are in an Voidgloom Seraph area!§r
04:29:17 §e[SkyHanni] Wrong slayer selected! You have Inferno Demonlord selected and you are in an Voidgloom Seraph area!§r
04:29:28 §e[SkyHanni] Wrong slayer selected! You have Inferno Demonlord selected and you are in an Voidgloom Seraph area!§r
04:29:39 §e[SkyHanni] Wrong slayer selected! You have Inferno Demonlord selected and you are in an Voidgloom Seraph area!§r
04:29:53 §e[SkyHanni] Wrong slayer selected! You have Inferno Demonlord selected and you are in an Voidgloom Seraph area!§r
04:30:04 §e[SkyHanni] §f                §r§eYour Weight: §r§a110§r
04:30:04 §e[SkyHanni] Wrong slayer selected! You have Inferno Demonlord selected and you are in an Voidgloom Seraph area!§r
04:30:14 §e[SkyHanni] Wrong slayer selected! You have Inferno Demonlord selected and you are in an Voidgloom Seraph area!§r
04:30:25 §e[SkyHanni] Wrong slayer selected! You have Inferno Demonlord selected and you are in an Voidgloom Seraph area!§r
04:31:31 §e[SkyHanni] §f                §r§eYour Weight: §r§a204§r
04:31:31 §6§lBESTIARY §r§b§lDragon §7§8II §8➡§b §bIII§r
04:31:32 §e[SkyHanni] Profit for Dragon§e: §6106k§r
04:33:28 §e[SkyHanni] §f                §r§eYour Weight: §r§a264§r
04:33:28 §e[SkyHanni] Profit for Dragon§e: §6121k§r
04:33:29 §e[SkyHanni] §b+27 SkyBlock XP §7(Killed Old Dragon§7)§b (34/100)§r
04:34:06 §e[SkyHanni] Wrong slayer selected! You have Inferno Demonlord selected and you are in an Voidgloom Seraph area!§r
04:34:16 §e[SkyHanni] Wrong slayer selected! You have Inferno Demonlord selected and you are in an Voidgloom Seraph area!§r
04:34:26 §e[SkyHanni] Wrong slayer selected! You have Inferno Demonlord selected and you are in an Voidgloom Seraph area!§r
04:34:37 §e[SkyHanni] Wrong slayer selected! You have Inferno Demonlord selected and you are in an Voidgloom Seraph area!§r
04:34:48 §e[SkyHanni] Wrong slayer selected! You have Inferno Demonlord selected and you are in an Voidgloom Seraph area!§r
04:34:59 §e[SkyHanni] Wrong slayer selected! You have Inferno Demonlord selected and you are in an Voidgloom Seraph area!§r
04:35:12 §e[SkyHanni] Wrong slayer selected! You have Inferno Demonlord selected and you are in an Voidgloom Seraph area!§r
04:35:23 §e[SkyHanni] Wrong slayer selected! You have Inferno Demonlord selected and you are in an Voidgloom Seraph area!§r
04:35:33 §e[SkyHanni] Wrong slayer selected! You have Inferno Demonlord selected and you are in an Voidgloom Seraph area!§r
04:35:45 §e[SkyHanni] Wrong slayer selected! You have Inferno Demonlord selected and you are in an Voidgloom Seraph area!§r
04:35:55 §e[SkyHanni] Wrong slayer selected! You have Inferno Demonlord selected and you are in an Voidgloom Seraph area!§r
04:36:05 §e[SkyHanni] Wrong slayer selected! You have Inferno Demonlord selected and you are in an Voidgloom Seraph area!§r
04:36:17 §e[SkyHanni] Wrong slayer selected! You have Inferno Demonlord selected and you are in an Voidgloom Seraph area!§r
04:36:28 §e[SkyHanni] Wrong slayer selected! You have Inferno Demonlord selected and you are in an Voidgloom Seraph area!§r
04:36:40 §e[SkyHanni] Wrong slayer selected! You have Inferno Demonlord selected and you are in an Voidgloom Seraph area!§r
04:36:50 §e[SkyHanni] Wrong slayer selected! You have Inferno Demonlord selected and you are in an Voidgloom Seraph area!§r
04:37:00 §e[SkyHanni] Wrong slayer selected! You have Inferno Demonlord selected and you are in an Voidgloom Seraph area!§r
04:37:14 §e[SkyHanni] Wrong slayer selected! You have Inferno Demonlord selected and you are in an Voidgloom Seraph area!§r
04:37:24 §e[SkyHanni] Wrong slayer selected! You have Inferno Demonlord selected and you are in an Voidgloom Seraph area!§r
04:37:34 §e[SkyHanni] Wrong slayer selected! You have Inferno Demonlord selected and you are in an Voidgloom Seraph area!§r
04:37:46 §e[SkyHanni] Wrong slayer selected! You have Inferno Demonlord selected and you are in an Voidgloom Seraph area!§r
04:37:57 §e[SkyHanni] Wrong slayer selected! You have Inferno Demonlord selected and you are in an Voidgloom Seraph area!§r
04:38:07 §e[SkyHanni] Wrong slayer selected! You have Inferno Demonlord selected and you are in an Voidgloom Seraph area!§r
04:38:18 §e[SkyHanni] Wrong slayer selected! You have Inferno Demonlord selected and you are in an Voidgloom Seraph area!§r
04:38:32 §e[SkyHanni] Wrong slayer selected! You have Inferno Demonlord selected and you are in an Voidgloom Seraph area!§r
04:38:44 §e[SkyHanni] Wrong slayer selected! You have Inferno Demonlord selected and you are in an Voidgloom Seraph area!§r
04:38:54 §e[SkyHanni] Wrong slayer selected! You have Inferno Demonlord selected and you are in an Voidgloom Seraph area!§r
04:39:04 §e[SkyHanni] Wrong slayer selected! You have Inferno Demonlord selected and you are in an Voidgloom Seraph area!§r
04:39:16 §e[SkyHanni] Wrong slayer selected! You have Inferno Demonlord selected and you are in an Voidgloom Seraph area!§r
04:39:26 §e[SkyHanni] Wrong slayer selected! You have Inferno Demonlord selected and you are in an Voidgloom Seraph area!§r
04:39:34 §6§lBESTIARY §r§b§lZealot §7§8XIV §8➡§b §bXV§r
04:39:38 §e[SkyHanni] Wrong slayer selected! You have Inferno Demonlord selected and you are in an Voidgloom Seraph area!§r
04:39:49 §e[SkyHanni] Wrong slayer selected! You have Inferno Demonlord selected and you are in an Voidgloom Seraph area!§r
04:40:01 §e[SkyHanni] Wrong slayer selected! You have Inferno Demonlord selected and you are in an Voidgloom Seraph area!§r
04:40:21 §e[SkyHanni] Wrong slayer selected! You have Inferno Demonlord selected and you are in an Voidgloom Seraph area!§r
04:40:32 §e[SkyHanni] Wrong slayer selected! You have Inferno Demonlord selected and you are in an Voidgloom Seraph area!§r
04:40:42 §e[SkyHanni] Wrong slayer selected! You have Inferno Demonlord selected and you are in an Voidgloom Seraph area!§r
04:40:52 §e[SkyHanni] Wrong slayer selected! You have Inferno Demonlord selected and you are in an Voidgloom Seraph area!§r
04:41:04 §e[SkyHanni] Wrong slayer selected! You have Inferno Demonlord selected and you are in an Voidgloom Seraph area!§r
04:41:14 §e[SkyHanni] Wrong slayer selected! You have Inferno Demonlord selected and you are in an Voidgloom Seraph area!§r
04:41:26 §e[SkyHanni] Wrong slayer selected! You have Inferno Demonlord selected and you are in an Voidgloom Seraph area!§r
04:41:39 §e[SkyHanni] Wrong slayer selected! You have Inferno Demonlord selected and you are in an Voidgloom Seraph area!§r
04:41:53 §e[SkyHanni] Wrong slayer selected! You have Inferno Demonlord selected and you are in an Voidgloom Seraph area!§r
04:42:06 §e[SkyHanni] Wrong slayer selected! You have Inferno Demonlord selected and you are in an Voidgloom Seraph area!§r
04:42:16 §e[SkyHanni] Wrong slayer selected! You have Inferno Demonlord selected and you are in an Voidgloom Seraph area!§r
04:42:31 §e[SkyHanni] Wrong slayer selected! You have Inferno Demonlord selected and you are in an Voidgloom Seraph area!§r
04:42:41 §e[SkyHanni] Wrong slayer selected! You have Inferno Demonlord selected and you are in an Voidgloom Seraph area!§r
04:42:55 §e[SkyHanni] Wrong slayer selected! You have Inferno Demonlord selected and you are in an Voidgloom Seraph area!§r
04:43:05 §e[SkyHanni] Wrong slayer selected! You have Inferno Demonlord selected and you are in an Voidgloom Seraph area!§r
04:43:17 §e[SkyHanni] Wrong slayer selected! You have Inferno Demonlord selected and you are in an Voidgloom Seraph area!§r
04:43:28 §e[SkyHanni] Wrong slayer selected! You have Inferno Demonlord selected and you are in an Voidgloom Seraph area!§r
04:43:40 §e[SkyHanni] Wrong slayer selected! You have Inferno Demonlord selected and you are in an Voidgloom Seraph area!§r
04:43:50 §e[SkyHanni] Wrong slayer selected! You have Inferno Demonlord selected and you are in an Voidgloom Seraph area!§r
04:44:01 §e[SkyHanni] Wrong slayer selected! You have Inferno Demonlord selected and you are in an Voidgloom Seraph area!§r
04:44:28 §e[SkyHanni] Wrong slayer selected! You have Inferno Demonlord selected and you are in an Voidgloom Seraph area!§r
04:44:40 §e[SkyHanni] Wrong slayer selected! You have Inferno Demonlord selected and you are in an Voidgloom Seraph area!§r
04:44:51 §e[SkyHanni] Wrong slayer selected! You have Inferno Demonlord selected and you are in an Voidgloom Seraph area!§r
04:45:02 §e[SkyHanni] Wrong slayer selected! You have Inferno Demonlord selected and you are in an Voidgloom Seraph area!§r
04:45:17 §e[SkyHanni] Wrong slayer selected! You have Inferno Demonlord selected and you are in an Voidgloom Seraph area!§r
04:45:29 §e[SkyHanni] Wrong slayer selected! You have Inferno Demonlord selected and you are in an Voidgloom Seraph area!§r
04:45:41 §e[SkyHanni] Wrong slayer selected! You have Inferno Demonlord selected and you are in an Voidgloom Seraph area!§r
04:45:54 §e[SkyHanni] Wrong slayer selected! You have Inferno Demonlord selected and you are in an Voidgloom Seraph area!§r
04:46:05 §e[SkyHanni] Wrong slayer selected! You have Inferno Demonlord selected and you are in an Voidgloom Seraph area!§r
04:46:16 §e[SkyHanni] Wrong slayer selected! You have Inferno Demonlord selected and you are in an Voidgloom Seraph area!§r
04:46:29 §e[SkyHanni] Wrong slayer selected! You have Inferno Demonlord selected and you are in an Voidgloom Seraph area!§r
04:46:43 §e[SkyHanni] Wrong slayer selected! You have Inferno Demonlord selected and you are in an Voidgloom Seraph area!§r
04:46:56 §e[SkyHanni] Wrong slayer selected! You have Inferno Demonlord selected and you are in an Voidgloom Seraph area!§r
04:47:09 §e[SkyHanni] Wrong slayer selected! You have Inferno Demonlord selected and you are in an Voidgloom Seraph area!§r
04:47:21 §e[SkyHanni] Wrong slayer selected! You have Inferno Demonlord selected and you are in an Voidgloom Seraph area!§r
04:47:31 §e[SkyHanni] Wrong slayer selected! You have Inferno Demonlord selected and you are in an Voidgloom Seraph area!§r
04:47:41 §e[SkyHanni] Wrong slayer selected! You have Inferno Demonlord selected and you are in an Voidgloom Seraph area!§r
04:47:51 §e[SkyHanni] Wrong slayer selected! You have Inferno Demonlord selected and you are in an Voidgloom Seraph area!§r
04:48:02 §e[SkyHanni] Wrong slayer selected! You have Inferno Demonlord selected and you are in an Voidgloom Seraph area!§r
04:48:13 §e[SkyHanni] Wrong slayer selected! You have Inferno Demonlord selected and you are in an Voidgloom Seraph area!§r
04:48:23 §e[SkyHanni] Wrong slayer selected! You have Inferno Demonlord selected and you are in an Voidgloom Seraph area!§r
04:48:35 §e[SkyHanni] Wrong slayer selected! You have Inferno Demonlord selected and you are in an Voidgloom Seraph area!§r
04:48:47 §e[SkyHanni] Wrong slayer selected! You have Inferno Demonlord selected and you are in an Voidgloom Seraph area!§r
04:48:57 §e[SkyHanni] Wrong slayer selected! You have Inferno Demonlord selected and you are in an Voidgloom Seraph area!§r
04:49:08 §e[SkyHanni] Wrong slayer selected! You have Inferno Demonlord selected and you are in an Voidgloom Seraph area!§r
04:49:19 §e[SkyHanni] Wrong slayer selected! You have Inferno Demonlord selected and you are in an Voidgloom Seraph area!§r
04:49:32 §e[SkyHanni] Wrong slayer selected! You have Inferno Demonlord selected and you are in an Voidgloom Seraph area!§r
