17:10:53 [allowed] §f §r§r§r§f §r§r§r§1 §r§r§r§0 §r§r§r§2 §r§r§r§f §r§r§r§f §r§r§r§2 §r§r§r§0 §r§r§r§4 §r§r§r§3 §r§r§r§9 §r§r§r§2 §r§r§r§0 §r§r§r§0 §r§r§r§3 §r§r§r§9 §r§r§r§2 §r§r§r§0 §r§r§r§0 §r§r§r§3 §r§r§r§9 §r§r§r§2 §r§r§r§0 §r§r§r§0 
17:10:54 [allowed] §aYou have §b1 §aunclaimed leveling reward!
17:10:54 [allowed] §eClick here to view it!
17:10:54 [allowed] §aYou have §62 §aunclaimed achievement rewards!
17:10:54 [allowed] §eClick here to view them!
17:10:57 [allowed]  §b>§c>§a>§r §r§6[MVP§c++§6] 1o7i§f §6joined the lobby!§r §a<§c<§b<
17:11:00 [allowed]  §b>§c>§a>§r §r§6[MVP§0++§6] scutes§f §6joined the lobby!§r §a<§c<§b<
17:11:02 [allowed] §7Sending to server mini22AD...
17:11:03 [allowed] §8 §r§8 §r§1 §r§3 §r§3 §r§7 §r§8 
17:11:05 [allowed] 
17:11:05 [allowed] §eWelcome to §r§aHypixel SkyBlock§r§e!
17:11:05 [allowed] 
17:11:05 [allowed] §eLatest update: §bSkyBlock v0.23.1 §e§lCLICK
17:11:06 [allowed] §aYou are playing on profile: §ePear§b (Co-op)
17:11:06 [allowed] §8Profile ID: da202b41-03b4-4acb-b131-26b3b789ffbc
17:11:07 [allowed] §6§lALLOWANCE! §r§eYou earned §r§640,000 coins§r§e!
17:11:13 [allowed] 
17:11:13 [allowed] §6§k§lA§r §c§lFIRE SALE §r§6§k§lA
§r§c♨ §eSelling an item for a limited time!
§r§c   ♨ §aFrog Dye §e(§a46,914 left§e)§c§r
§r§c♨ §a§l[WARP] §eTo Elizabeth in the next §c2d 7h 48m §eto grab yours!
17:11:13 [allowed] 
17:11:45 [allowed] §7Warping...
17:11:45 [allowed] §7Sending to server mini8CC...
17:11:46 [allowed] §8 §r§8 §r§1 §r§3 §r§3 §r§7 §r§8 
17:11:49 [allowed] §aYou are playing on profile: §ePear§b (Co-op)
17:11:49 [allowed] §8Profile ID: da202b41-03b4-4acb-b131-26b3b789ffbc
17:13:39 [allowed] §aYou earned §r§e120 Event EXP §r§afrom playing SkyBlock!
17:15:04 [allowed] §e[NPC] Jacob§f: §rMy contest has started!
17:15:44 [allowed] §7Warping you to your SkyBlock island...
17:15:44 [allowed] §7Sending to server mini29AS...
17:15:45 [allowed] §8 §r§8 §r§1 §r§3 §r§3 §r§7 §r§8 
17:15:48 [allowed] §aYou are playing on profile: §ePear§b (Co-op)
17:15:48 [allowed] §8Profile ID: da202b41-03b4-4acb-b131-26b3b789ffbc
18:00:43 [allowed] §f §r§r§r§f §r§r§r§1 §r§r§r§0 §r§r§r§2 §r§r§r§f §r§r§r§f §r§r§r§2 §r§r§r§0 §r§r§r§4 §r§r§r§3 §r§r§r§9 §r§r§r§2 §r§r§r§0 §r§r§r§0 §r§r§r§3 §r§r§r§9 §r§r§r§2 §r§r§r§0 §r§r§r§0 §r§r§r§3 §r§r§r§9 §r§r§r§2 §r§r§r§0 §r§r§r§0 
18:00:44 [allowed] §aYou have §b1 §aunclaimed leveling reward!
18:00:44 [allowed] §eClick here to view it!
18:00:44 [allowed] §aYou have §62 §aunclaimed achievement rewards!
18:00:44 [allowed] §eClick here to view them!
18:01:12 [allowed] §7Sending to server mini267N...
18:01:14 [allowed] §8 §r§8 §r§1 §r§3 §r§3 §r§7 §r§8 
18:01:16 [allowed] 
18:01:16 [allowed] §eWelcome to §r§aHypixel SkyBlock§r§e!
18:01:16 [allowed] 
18:01:16 [allowed] §eLatest update: §bSkyBlock v0.23.1 §e§lCLICK
18:01:16 [allowed] §aYou are playing on profile: §ePear§b (Co-op)
18:01:16 [allowed] §8Profile ID: da202b41-03b4-4acb-b131-26b3b789ffbc
18:01:16 [allowed] 
18:01:16 [allowed] §6§k§lA§r §c§lFIRE SALE §r§6§k§lA
§r§c♨ §eSelling an item for a limited time!
§r§c   ♨ §aFrog Dye §e(§a46,895 left§e)§c§r
§r§c♨ §a§l[WARP] §eTo Elizabeth in the next §c2d 6h 59m §eto grab yours!
18:01:16 [allowed] 
18:31:00 [allowed] §f §r§r§r§f §r§r§r§1 §r§r§r§0 §r§r§r§2 §r§r§r§f §r§r§r§f §r§r§r§2 §r§r§r§0 §r§r§r§4 §r§r§r§3 §r§r§r§9 §r§r§r§2 §r§r§r§0 §r§r§r§0 §r§r§r§3 §r§r§r§9 §r§r§r§2 §r§r§r§0 §r§r§r§0 §r§r§r§3 §r§r§r§9 §r§r§r§2 §r§r§r§0 §r§r§r§0 
18:31:01 [allowed] §aYou have §b1 §aunclaimed leveling reward!
18:31:01 [allowed] §eClick here to view it!
18:31:01 [allowed] §aYou have §62 §aunclaimed achievement rewards!
18:31:01 [allowed] §eClick here to view them!
18:31:01 [allowed] §b[MVP§9+§b] y4an§f §6joined the lobby!
18:31:01 [allowed] §b[MVP§9+§b] Shaum_IT§f §6joined the lobby!
18:31:03 [allowed] §cYou are sending commands too fast! Please slow down.
18:31:04 [allowed] §7Sending to server mini187BN...
18:31:04 [allowed] §8 §r§8 §r§1 §r§3 §r§3 §r§7 §r§8 
18:31:05 [allowed] 
18:31:05 [allowed] §eWelcome to §r§aHypixel SkyBlock§r§e!
18:31:05 [allowed] 
18:31:05 [allowed] §eLatest update: §bSkyBlock v0.23.1 §e§lCLICK
18:31:06 [allowed] §aYou are playing on profile: §ePear§b (Co-op)
18:31:06 [allowed] §8Profile ID: da202b41-03b4-4acb-b131-26b3b789ffbc
18:31:13 [allowed] 
18:31:13 [allowed] §6§k§lA§r §c§lFIRE SALE §r§6§k§lA
§r§c♨ §eSelling an item for a limited time!
§r§c   ♨ §aFrog Dye §e(§a46,878 left§e)§c§r
§r§c♨ §a§l[WARP] §eTo Elizabeth in the next §c2d 6h 28m §eto grab yours!
18:31:13 [allowed] 
