23:34:26 [STASH_COMPACT] §f               §7You have §353,640 §7materials stashed away!
23:34:26 [STASH_COMPACT] §f              §8(This totals 6 types of materials stashed!)
23:34:26 [STASH_COMPACT] §f                §3§l>>> §3§lCLICK HERE§b to pick them up! §3§l<<<
23:34:26 [STASH_COMPACT]   
23:35:12 [STASH_COMPACT] §f               §7You have §353,640 §7materials stashed away!
23:35:12 [STASH_COMPACT] §f              §8(This totals 6 types of materials stashed!)
23:35:12 [STASH_COMPACT] §f                §3§l>>> §3§lCLICK HERE§b to pick them up! §3§l<<<
23:35:12 [STASH_COMPACT]   
23:36:12 [STASH_COMPACT] §f               §7You have §353,640 §7materials stashed away!
23:36:12 [STASH_COMPACT] §f              §8(This totals 6 types of materials stashed!)
23:36:12 [STASH_COMPACT] §f                §3§l>>> §3§lCLICK HERE§b to pick them up! §3§l<<<
23:36:12 [STASH_COMPACT]   
23:37:12 [STASH_COMPACT] §f               §7You have §353,640 §7materials stashed away!
23:37:12 [STASH_COMPACT] §f              §8(This totals 6 types of materials stashed!)
23:37:12 [STASH_COMPACT] §f                §3§l>>> §3§lCLICK HERE§b to pick them up! §3§l<<<
23:37:12 [STASH_COMPACT]   
23:39:29 [STASH_COMPACT] §f               §7You have §353,640 §7materials stashed away!
23:39:29 [STASH_COMPACT] §f              §8(This totals 6 types of materials stashed!)
23:39:29 [STASH_COMPACT] §f                §3§l>>> §3§lCLICK HERE§b to pick them up! §3§l<<<
23:39:29 [STASH_COMPACT]   
23:40:30 [STASH_COMPACT] §f               §7You have §353,640 §7materials stashed away!
23:40:30 [STASH_COMPACT] §f              §8(This totals 6 types of materials stashed!)
23:40:30 [STASH_COMPACT] §f                §3§l>>> §3§lCLICK HERE§b to pick them up! §3§l<<<
23:40:30 [STASH_COMPACT]   
23:41:31 [STASH_COMPACT] §f               §7You have §353,640 §7materials stashed away!
23:41:31 [STASH_COMPACT] §f              §8(This totals 6 types of materials stashed!)
23:41:31 [STASH_COMPACT] §f                §3§l>>> §3§lCLICK HERE§b to pick them up! §3§l<<<
23:41:31 [STASH_COMPACT]   
23:42:32 [STASH_COMPACT] §f               §7You have §353,640 §7materials stashed away!
23:42:32 [STASH_COMPACT] §f              §8(This totals 6 types of materials stashed!)
23:42:32 [STASH_COMPACT] §f                §3§l>>> §3§lCLICK HERE§b to pick them up! §3§l<<<
23:42:32 [STASH_COMPACT]   
23:43:34 [STASH_COMPACT] §f               §7You have §353,640 §7materials stashed away!
23:43:34 [STASH_COMPACT] §f              §8(This totals 6 types of materials stashed!)
23:43:34 [STASH_COMPACT] §f                §3§l>>> §3§lCLICK HERE§b to pick them up! §3§l<<<
23:43:34 [STASH_COMPACT]   
23:44:35 [STASH_COMPACT] §f               §7You have §353,640 §7materials stashed away!
23:44:35 [STASH_COMPACT] §f              §8(This totals 6 types of materials stashed!)
23:44:35 [STASH_COMPACT] §f                §3§l>>> §3§lCLICK HERE§b to pick them up! §3§l<<<
23:44:35 [STASH_COMPACT]   
23:45:36 [STASH_COMPACT] §f               §7You have §353,640 §7materials stashed away!
23:45:36 [STASH_COMPACT] §f              §8(This totals 6 types of materials stashed!)
23:45:36 [STASH_COMPACT] §f                §3§l>>> §3§lCLICK HERE§b to pick them up! §3§l<<<
23:45:36 [STASH_COMPACT]   
23:46:37 [STASH_COMPACT] §f               §7You have §353,640 §7materials stashed away!
23:46:37 [STASH_COMPACT] §f              §8(This totals 6 types of materials stashed!)
23:46:37 [STASH_COMPACT] §f                §3§l>>> §3§lCLICK HERE§b to pick them up! §3§l<<<
23:46:37 [STASH_COMPACT]   
23:47:38 [STASH_COMPACT] §f               §7You have §353,640 §7materials stashed away!
23:47:38 [STASH_COMPACT] §f              §8(This totals 6 types of materials stashed!)
23:47:38 [STASH_COMPACT] §f                §3§l>>> §3§lCLICK HERE§b to pick them up! §3§l<<<
23:47:38 [STASH_COMPACT]   
23:48:40 [STASH_COMPACT] §f               §7You have §353,640 §7materials stashed away!
23:48:40 [STASH_COMPACT] §f              §8(This totals 6 types of materials stashed!)
23:48:40 [STASH_COMPACT] §f                §3§l>>> §3§lCLICK HERE§b to pick them up! §3§l<<<
23:48:40 [STASH_COMPACT]   
23:49:41 [STASH_COMPACT] §f               §7You have §353,640 §7materials stashed away!
23:49:41 [STASH_COMPACT] §f              §8(This totals 6 types of materials stashed!)
23:49:41 [STASH_COMPACT] §f                §3§l>>> §3§lCLICK HERE§b to pick them up! §3§l<<<
23:49:41 [STASH_COMPACT]   
23:50:42 [STASH_COMPACT] §f               §7You have §353,640 §7materials stashed away!
23:50:42 [STASH_COMPACT] §f              §8(This totals 6 types of materials stashed!)
23:50:42 [STASH_COMPACT] §f                §3§l>>> §3§lCLICK HERE§b to pick them up! §3§l<<<
23:50:42 [STASH_COMPACT]   
23:51:44 [STASH_COMPACT] §f               §7You have §353,640 §7materials stashed away!
23:51:44 [STASH_COMPACT] §f              §8(This totals 6 types of materials stashed!)
23:51:44 [STASH_COMPACT] §f                §3§l>>> §3§lCLICK HERE§b to pick them up! §3§l<<<
23:51:44 [STASH_COMPACT]   
23:52:45 [STASH_COMPACT] §f               §7You have §353,640 §7materials stashed away!
23:52:45 [STASH_COMPACT] §f              §8(This totals 6 types of materials stashed!)
23:52:45 [STASH_COMPACT] §f                §3§l>>> §3§lCLICK HERE§b to pick them up! §3§l<<<
23:52:45 [STASH_COMPACT]   
23:53:46 [STASH_COMPACT] §f               §7You have §353,640 §7materials stashed away!
23:53:46 [STASH_COMPACT] §f              §8(This totals 6 types of materials stashed!)
23:53:46 [STASH_COMPACT] §f                §3§l>>> §3§lCLICK HERE§b to pick them up! §3§l<<<
23:53:46 [STASH_COMPACT]   
23:54:47 [STASH_COMPACT] §f               §7You have §353,640 §7materials stashed away!
23:54:47 [STASH_COMPACT] §f              §8(This totals 6 types of materials stashed!)
23:54:47 [STASH_COMPACT] §f                §3§l>>> §3§lCLICK HERE§b to pick them up! §3§l<<<
23:54:47 [STASH_COMPACT]   
23:55:49 [STASH_COMPACT] §f               §7You have §353,640 §7materials stashed away!
23:55:49 [STASH_COMPACT] §f              §8(This totals 6 types of materials stashed!)
23:55:49 [STASH_COMPACT] §f                §3§l>>> §3§lCLICK HERE§b to pick them up! §3§l<<<
23:55:49 [STASH_COMPACT]   
23:56:50 [STASH_COMPACT] §f               §7You have §353,640 §7materials stashed away!
23:56:50 [STASH_COMPACT] §f              §8(This totals 6 types of materials stashed!)
23:56:50 [STASH_COMPACT] §f                §3§l>>> §3§lCLICK HERE§b to pick them up! §3§l<<<
23:56:50 [STASH_COMPACT]   
23:57:51 [STASH_COMPACT] §f               §7You have §353,640 §7materials stashed away!
23:57:51 [STASH_COMPACT] §f              §8(This totals 6 types of materials stashed!)
23:57:51 [STASH_COMPACT] §f                §3§l>>> §3§lCLICK HERE§b to pick them up! §3§l<<<
23:57:51 [STASH_COMPACT]   
23:58:52 [STASH_COMPACT] §f               §7You have §353,640 §7materials stashed away!
23:58:52 [STASH_COMPACT] §f              §8(This totals 6 types of materials stashed!)
23:58:52 [STASH_COMPACT] §f                §3§l>>> §3§lCLICK HERE§b to pick them up! §3§l<<<
23:58:52 [STASH_COMPACT]   
23:59:40 [STASH_COMPACT] §f               §7You have §353,640 §7materials stashed away!
23:59:40 [STASH_COMPACT] §f              §8(This totals 6 types of materials stashed!)
23:59:40 [STASH_COMPACT] §f                §3§l>>> §3§lCLICK HERE§b to pick them up! §3§l<<<
23:59:40 [STASH_COMPACT]   
00:00:40 [STASH_COMPACT] §f               §7You have §353,640 §7materials stashed away!
00:00:40 [STASH_COMPACT] §f              §8(This totals 6 types of materials stashed!)
00:00:40 [STASH_COMPACT] §f                §3§l>>> §3§lCLICK HERE§b to pick them up! §3§l<<<
00:00:40 [STASH_COMPACT]   
00:01:41 [STASH_COMPACT] §f               §7You have §353,640 §7materials stashed away!
00:01:41 [STASH_COMPACT] §f              §8(This totals 6 types of materials stashed!)
00:01:41 [STASH_COMPACT] §f                §3§l>>> §3§lCLICK HERE§b to pick them up! §3§l<<<
00:01:41 [STASH_COMPACT]   
00:01:51 [HOPPITY_EGG] §cYou have already collected this Chocolate Breakfast Egg§r§c! Try again when it respawns!
00:02:42 [STASH_COMPACT] §f               §7You have §353,640 §7materials stashed away!
00:02:42 [STASH_COMPACT] §f              §8(This totals 6 types of materials stashed!)
00:02:42 [STASH_COMPACT] §f                §3§l>>> §3§lCLICK HERE§b to pick them up! §3§l<<<
00:02:42 [STASH_COMPACT]   
00:03:43 [STASH_COMPACT] §f               §7You have §353,640 §7materials stashed away!
00:03:43 [STASH_COMPACT] §f              §8(This totals 6 types of materials stashed!)
00:03:44 [STASH_COMPACT] §f                §3§l>>> §3§lCLICK HERE§b to pick them up! §3§l<<<
00:03:44 [STASH_COMPACT]   
00:04:59 [STASH_COMPACT] §f               §7You have §353,640 §7materials stashed away!
00:04:59 [STASH_COMPACT] §f              §8(This totals 6 types of materials stashed!)
00:04:59 [STASH_COMPACT] §f                §3§l>>> §3§lCLICK HERE§b to pick them up! §3§l<<<
00:04:59 [STASH_COMPACT]   
00:06:44 [STASH_COMPACT] §f               §7You have §353,640 §7materials stashed away!
00:06:44 [STASH_COMPACT] §f              §8(This totals 6 types of materials stashed!)
00:06:44 [STASH_COMPACT] §f                §3§l>>> §3§lCLICK HERE§b to pick them up! §3§l<<<
00:06:44 [STASH_COMPACT]   
00:07:45 [STASH_COMPACT] §f               §7You have §353,640 §7materials stashed away!
00:07:45 [STASH_COMPACT] §f              §8(This totals 6 types of materials stashed!)
00:07:45 [STASH_COMPACT] §f                §3§l>>> §3§lCLICK HERE§b to pick them up! §3§l<<<
00:07:45 [STASH_COMPACT]   
00:08:45 [STASH_COMPACT] §f               §7You have §353,640 §7materials stashed away!
00:08:45 [STASH_COMPACT] §f              §8(This totals 6 types of materials stashed!)
00:08:45 [STASH_COMPACT] §f                §3§l>>> §3§lCLICK HERE§b to pick them up! §3§l<<<
00:08:45 [STASH_COMPACT]   
00:08:59 [HOPPITY_EGG] §cYou have already collected this Chocolate Breakfast Egg§r§c! Try again when it respawns!
00:09:22 [HOPPITY_EGG] §cYou have already collected this Chocolate Breakfast Egg§r§c! Try again when it respawns!
00:09:45 [STASH_COMPACT] §f               §7You have §353,640 §7materials stashed away!
00:09:45 [STASH_COMPACT] §f              §8(This totals 6 types of materials stashed!)
00:09:45 [STASH_COMPACT] §f                §3§l>>> §3§lCLICK HERE§b to pick them up! §3§l<<<
00:09:45 [STASH_COMPACT]   
00:10:27 [STASH_COMPACT] §f               §7You have §353,640 §7materials stashed away!
00:10:27 [STASH_COMPACT] §f              §8(This totals 6 types of materials stashed!)
00:10:27 [STASH_COMPACT] §f                §3§l>>> §3§lCLICK HERE§b to pick them up! §3§l<<<
00:10:27 [STASH_COMPACT]   
00:10:34 [COMPACT_POTION_EFFECT] §a§lBUFF! §fYou have gained §r§4Regeneration IV§r§f! Press TAB or type /effects to view your active effects!
00:10:34 [COMPACT_POTION_EFFECT] §a§lBUFF! §fYou have gained §r§4Strength V§r§f! Press TAB or type /effects to view your active effects!
00:10:34 [COMPACT_POTION_EFFECT] §a§lBUFF! §fYou have gained §r§4Critical III§r§f! Press TAB or type /effects to view your active effects!
00:10:34 [COMPACT_POTION_EFFECT] §a§lBUFF! §fYou have gained §r§9Speed III§r§f! Press TAB or type /effects to view your active effects!
00:10:34 [COMPACT_POTION_EFFECT] §a§lBUFF! §fYou have gained §r§aResistance V§r§f! Press TAB or type /effects to view your active effects!
00:10:34 [COMPACT_POTION_EFFECT] §a§lBUFF! §fYou have gained §r§bArchery III§r§f! Press TAB or type /effects to view your active effects!
00:11:29 [STASH_COMPACT] §f               §7You have §353,640 §7materials stashed away!
00:11:29 [STASH_COMPACT] §f              §8(This totals 6 types of materials stashed!)
00:11:29 [STASH_COMPACT] §f                §3§l>>> §3§lCLICK HERE§b to pick them up! §3§l<<<
00:11:29 [STASH_COMPACT]   
00:12:26 [STASH_COMPACT] §f               §7You have §353,640 §7materials stashed away!
00:12:26 [STASH_COMPACT] §f              §8(This totals 6 types of materials stashed!)
00:12:26 [STASH_COMPACT] §f                §3§l>>> §3§lCLICK HERE§b to pick them up! §3§l<<<
00:12:26 [STASH_COMPACT]   
00:13:31 [STASH_COMPACT] §f               §7You have §353,640 §7materials stashed away!
00:13:31 [STASH_COMPACT] §f              §8(This totals 6 types of materials stashed!)
00:13:31 [STASH_COMPACT] §f                §3§l>>> §3§lCLICK HERE§b to pick them up! §3§l<<<
00:13:31 [STASH_COMPACT]   
00:14:33 [STASH_COMPACT] §f               §7You have §353,640 §7materials stashed away!
00:14:33 [STASH_COMPACT] §f              §8(This totals 6 types of materials stashed!)
00:14:33 [STASH_COMPACT] §f                §3§l>>> §3§lCLICK HERE§b to pick them up! §3§l<<<
00:14:33 [STASH_COMPACT]   
00:15:35 [STASH_COMPACT] §f               §7You have §353,640 §7materials stashed away!
00:15:35 [STASH_COMPACT] §f              §8(This totals 6 types of materials stashed!)
00:15:35 [STASH_COMPACT] §f                §3§l>>> §3§lCLICK HERE§b to pick them up! §3§l<<<
00:15:35 [STASH_COMPACT]   
00:16:35 [STASH_COMPACT] §f               §7You have §353,640 §7materials stashed away!
00:16:35 [STASH_COMPACT] §f              §8(This totals 6 types of materials stashed!)
00:16:35 [STASH_COMPACT] §f                §3§l>>> §3§lCLICK HERE§b to pick them up! §3§l<<<
00:16:35 [STASH_COMPACT]   
00:17:38 [STASH_COMPACT] §f               §7You have §353,640 §7materials stashed away!
00:17:38 [STASH_COMPACT] §f              §8(This totals 6 types of materials stashed!)
00:17:38 [STASH_COMPACT] §f                §3§l>>> §3§lCLICK HERE§b to pick them up! §3§l<<<
00:17:38 [STASH_COMPACT]   
00:19:39 [STASH_COMPACT] §f               §7You have §353,640 §7materials stashed away!
00:19:39 [STASH_COMPACT] §f              §8(This totals 6 types of materials stashed!)
00:19:39 [STASH_COMPACT] §f                §3§l>>> §3§lCLICK HERE§b to pick them up! §3§l<<<
00:19:39 [STASH_COMPACT]   
00:20:40 [STASH_COMPACT] §f               §7You have §353,640 §7materials stashed away!
00:20:40 [STASH_COMPACT] §f              §8(This totals 6 types of materials stashed!)
00:20:40 [STASH_COMPACT] §f                §3§l>>> §3§lCLICK HERE§b to pick them up! §3§l<<<
00:20:40 [STASH_COMPACT]   
00:21:40 [STASH_COMPACT] §f               §7You have §353,640 §7materials stashed away!
00:21:40 [STASH_COMPACT] §f              §8(This totals 6 types of materials stashed!)
00:21:40 [STASH_COMPACT] §f                §3§l>>> §3§lCLICK HERE§b to pick them up! §3§l<<<
00:21:40 [STASH_COMPACT]   
00:23:18 [STASH_COMPACT] §f               §7You have §353,640 §7materials stashed away!
00:23:18 [STASH_COMPACT] §f              §8(This totals 6 types of materials stashed!)
00:23:18 [STASH_COMPACT] §f                §3§l>>> §3§lCLICK HERE§b to pick them up! §3§l<<<
00:23:18 [STASH_COMPACT]   
00:23:53 [STASH_COMPACT] §f               §7You have §353,640 §7materials stashed away!
00:23:53 [STASH_COMPACT] §f              §8(This totals 6 types of materials stashed!)
00:23:53 [STASH_COMPACT] §f                §3§l>>> §3§lCLICK HERE§b to pick them up! §3§l<<<
00:23:53 [STASH_COMPACT]   
