23:33:08 §e[SkyHanni] Reloaded 7532 items in the NEU repo§r
23:34:19 §e[SkyHanni] Successfully loaded this year's contests from elitebot.dev automatically!§r
23:34:26 §e[SkyHanni] §bYou have §353k §bmaterials in stash, §btotalling §36 types§b. §bClick to §3pickup §byour stash!§r
23:35:12 §e[SkyHanni] §bYou have §353k §bmaterials in stash, §btotalling §36 types§b. §bClick to §3pickup §byour stash!§r
23:39:29 §e[SkyHanni] §bYou have §353k §bmaterials in stash, §btotalling §36 types§b. §bClick to §3pickup §byour stash!§r
23:41:32 §e[SkyHanni] Start a new slayer quest! The old slayer quest has failed!§r
23:43:44 §e[SkyHanni] §b+75 SkyBlock XP §7(Defeating Slayer§7)§b (52/100)§r
23:52:57 §e[SkyHanni] Start a new slayer quest! You have no Auto-Slayer active!§r
23:59:40 §e[SkyHanni] §bYou have §353k §bmaterials in stash, §btotalling §36 types§b. §bClick to §3pickup §byour stash!§r
00:00:59 §e[SkyHanni] Click here to share the location of this chocolate egg with the server!§r
00:01:51 §e[SkyHanni] §eNext egg available in §b4m 48s§e.§r
00:05:09 §e[SkyHanni] §fYou were in Limbo for §e6s§f.§r
00:06:44 §e[SkyHanni] §bYou have §353k §bmaterials in stash, §btotalling §36 types§b. §bClick to §3pickup §byour stash!§r
00:08:59 §e[SkyHanni] §eNext egg available in §b3m 30s§e.§r
00:09:22 §e[SkyHanni] §eNext egg available in §b3m 7s§e.§r
00:09:28 §e[SkyHanni] Click here to share the location of this chocolate egg with the server!§r
00:10:27 §e[SkyHanni] §bYou have §353k §bmaterials in stash, §btotalling §36 types§b. §bClick to §3pickup §byour stash!§r
00:10:34 §a§lPotion Effect! §r§4Regeneration IV§r
00:10:34 §a§lPotion Effect! §r§4Strength V§r
00:10:34 §a§lPotion Effect! §r§4Critical III§r
00:10:34 §a§lPotion Effect! §r§9Speed III§r
00:10:34 §a§lPotion Effect! §r§aResistance V§r
00:10:34 §a§lPotion Effect! §r§bArchery III§r
00:12:26 §e[SkyHanni] §bYou have §353k §bmaterials in stash, §btotalling §36 types§b. §bClick to §3pickup §byour stash!§r
00:13:10 §e[SkyHanni] §cExtra Information from Tab list not found! Enable it: SkyBlock Menu ➜ Settings ➜ Personal ➜ User Interface ➜ Player List Info§r
00:13:14 §c[SkyHanni 4.0.0 1.8.9]: Could not find server id§c. Click here to copy the error into the clipboard.§r
00:13:31 §e[SkyHanni] §bYou have §353k §bmaterials in stash, §btotalling §36 types§b. §bClick to §3pickup §byour stash!§r
00:19:39 §e[SkyHanni] §bYou have §353k §bmaterials in stash, §btotalling §36 types§b. §bClick to §3pickup §byour stash!§r
00:23:18 §e[SkyHanni] §bYou have §353k §bmaterials in stash, §btotalling §36 types§b. §bClick to §3pickup §byour stash!§r
00:23:53 §e[SkyHanni] §bYou have §353k §bmaterials in stash, §btotalling §36 types§b. §bClick to §3pickup §byour stash!§r
