21:49:18 PRIVATE_ISLAND
21:53:05 NONE
21:53:07 DUNGEON_HUB
21:55:08 NONE
21:55:10 CATACOMBS
22:10:10 NONE
22:10:11 DUNGEON_HUB
22:11:16 NONE
22:11:16 CATACOMBS
22:25:17 NONE
22:25:19 DUNGEON_HUB
22:28:55 NONE
22:28:56 CATACOMBS
22:42:13 NONE
22:42:14 DUNGEON_HUB
22:44:01 CATACOMBS
22:56:46 NONE
22:56:47 DUNGEON_HUB
22:56:56 NONE
22:56:56 HUB
22:57:52 NONE
22:57:53 DUNGEON_HUB
22:58:22 NONE
22:58:23 CATACOMBS
23:12:40 NONE
23:12:41 DUNGEON_HUB
23:26:23 NONE
23:26:23 PRIVATE_ISLAND_GUEST
23:28:19 NONE
23:28:20 CATACOMBS
23:42:45 NONE
23:42:47 DUNGEON_HUB
23:44:46 NONE
23:44:46 CATACOMBS
23:55:46 NONE
23:55:48 DUNGEON_HUB
23:56:36 NONE
23:56:38 CATACOMBS
00:06:54 NONE
00:06:55 DUNGEON_HUB
00:14:42 NONE
00:14:43 CATACOMBS
00:28:51 NONE
00:28:53 HUB
00:28:57 NONE
00:28:58 PRIVATE_ISLAND
00:30:31 NONE
00:30:33 HUB
00:30:53 NONE
00:30:55 DUNGEON_HUB
00:32:28 NONE
00:32:30 HUB
00:33:47 NONE
00:33:48 PRIVATE_ISLAND
00:38:28 NONE
00:38:29 DUNGEON_HUB
00:38:39 NONE
00:38:40 CATACOMBS
00:48:48 NONE
00:49:06 CATACOMBS
00:56:33 NONE
00:56:34 DUNGEON_HUB
01:05:06 NONE
01:05:21 DUNGEON_HUB
01:06:44 NONE
01:47:13 DUNGEON_HUB
01:47:36 NONE
01:47:37 PRIVATE_ISLAND
01:58:31 NONE
01:58:33 DUNGEON_HUB
01:58:48 NONE
01:58:49 PRIVATE_ISLAND
02:15:12 NONE
02:15:14 DUNGEON_HUB
02:16:54 NONE
02:16:55 PRIVATE_ISLAND
02:19:30 NONE
02:19:31 PRIVATE_ISLAND_GUEST
02:19:34 NONE
02:19:35 DWARVEN_MINES
02:23:22 NONE
02:23:23 DUNGEON_HUB
02:23:45 NONE
02:23:46 HUB
02:24:24 NONE
02:24:25 DUNGEON_HUB
02:26:55 NONE
02:26:56 CATACOMBS
02:27:47 NONE
02:27:47 DUNGEON_HUB
02:29:09 NONE
02:29:09 CATACOMBS
02:35:20 DUNGEON_HUB
02:36:42 NONE
02:36:42 CATACOMBS
02:45:42 NONE
02:45:43 DUNGEON_HUB
02:46:42 NONE
02:46:43 CATACOMBS
02:46:48 NONE
02:46:48 DUNGEON_HUB
02:48:07 CATACOMBS
03:04:24 PRIVATE_ISLAND
03:04:39 NONE
03:04:39 DUNGEON_HUB
03:11:10 NONE
03:11:10 CATACOMBS
03:13:03 DUNGEON_HUB
03:14:52 CATACOMBS
03:24:00 DUNGEON_HUB
03:25:20 NONE
03:25:20 PRIVATE_ISLAND_GUEST
03:26:08 NONE
03:26:13 PRIVATE_ISLAND
03:26:23 NONE
03:26:24 HUB
03:30:36 HUB
03:38:10 NONE
03:38:11 PRIVATE_ISLAND_GUEST
03:38:51 NONE
03:38:52 HUB
03:44:47 NONE
03:44:47 PRIVATE_ISLAND
03:53:51 NONE
03:53:53 DUNGEON_HUB
04:00:32 NONE
04:00:32 CATACOMBS
04:35:19 NONE
04:35:20 DUNGEON_HUB
04:47:38 NONE
04:47:39 PRIVATE_ISLAND
04:47:57 DUNGEON_HUB
04:59:30 NONE
04:59:49 DUNGEON_HUB
05:01:07 NONE
05:01:07 HUB
05:03:27 NONE
05:03:31 DUNGEON_HUB
05:08:35 NONE
05:08:36 PRIVATE_ISLAND_GUEST
05:13:56 NONE
05:14:02 PRIVATE_ISLAND
05:14:20 NONE
05:14:21 DUNGEON_HUB
