18:49:42 Visitor status change for '§aFear Mongerer': NEW -> WAITING (tooltipMissingItems)
18:49:53 Visitor status change for '§aFear Mongerer': WAITING -> READY (hasItems)
18:50:02 Visitor status change for '§aFear Mongerer': READY -> ACCEPTED (accepted)
18:50:20 Visitor status change for '§dMaeve': NEW -> WAITING (tooltipMissingItems)
18:50:37 Visitor status change for '§dMaeve': WAITING -> READY (hasItems)
18:50:38 Visitor status change for '§dMaeve': READY -> ACCEPTED (accepted)
18:51:02 Visitor status change for '§aArthur': NEW -> WAITING (tooltipMissingItems)
18:51:14 Visitor status change for '§aArthur': WAITING -> READY (hasItems)
18:51:15 Visitor status change for '§aArthur': READY -> ACCEPTED (accepted)
18:51:20 Visitor status change for '§aMason': NEW -> WAITING (tooltipMissingItems)
18:51:27 Visitor status change for '§aMason': WAITING -> READY (hasItems)
18:51:28 Visitor status change for '§aMason': READY -> ACCEPTED (accepted)
18:51:32 Visitor status change for '§aWeaponsmith': NEW -> WAITING (tooltipMissingItems)
18:51:43 Visitor status change for '§aWeaponsmith': WAITING -> READY (hasItems)
18:51:43 Visitor status change for '§aWeaponsmith': READY -> ACCEPTED (accepted)
22:04:49 Visitor status change for '§9Shifty': NEW -> WAITING (tooltipMissingItems)
22:05:21 Visitor status change for '§9Shifty': WAITING -> READY (hasItems)
22:05:21 Visitor status change for '§9Shifty': READY -> ACCEPTED (accepted)
22:05:31 Visitor status change for '§aGimley': NEW -> WAITING (tooltipMissingItems)
22:05:42 Visitor status change for '§aGimley': WAITING -> READY (tooltipClickToGive)
22:05:42 Visitor status change for '§aGimley': READY -> WAITING (noLongerHasItems)
22:05:43 Visitor status change for '§aGimley': WAITING -> ACCEPTED (accepted)
22:05:48 Visitor status change for '§9Lumina': NEW -> WAITING (tooltipMissingItems)
22:05:56 Visitor status change for '§9Lumina': WAITING -> READY (hasItems)
22:05:57 Visitor status change for '§9Lumina': READY -> ACCEPTED (accepted)
22:06:01 Visitor status change for '§aTerry': NEW -> WAITING (tooltipMissingItems)
22:06:12 Visitor status change for '§aTerry': WAITING -> READY (hasItems)
22:06:13 Visitor status change for '§aTerry': READY -> ACCEPTED (accepted)
22:24:10 Visitor status change for '§aLeo': NEW -> WAITING (tooltipMissingItems)
22:24:22 Visitor status change for '§aLeo': WAITING -> READY (hasItems)
22:24:23 Visitor status change for '§aLeo': READY -> ACCEPTED (accepted)
22:24:27 Visitor status change for '§aTrevor': NEW -> WAITING (tooltipMissingItems)
22:24:47 Visitor status change for '§aTrevor': WAITING -> READY (hasItems)
22:24:48 Visitor status change for '§aTrevor': READY -> ACCEPTED (accepted)
22:24:52 Visitor status change for '§aAndrew': NEW -> WAITING (tooltipMissingItems)
22:25:04 Visitor status change for '§aAndrew': WAITING -> READY (hasItems)
22:25:04 Visitor status change for '§aAndrew': READY -> ACCEPTED (accepted)
22:30:43 Visitor status change for '§aJack': NEW -> WAITING (tooltipMissingItems)
22:31:40 Visitor status change for '§aJack': WAITING -> READY (hasItems)
22:31:41 Visitor status change for '§aJack': READY -> ACCEPTED (accepted)
