01:31:28 Trying to load config from config\skyhanni\config.json
01:31:28 load-config-now
01:31:28 Loaded config from file
01:31:28 Trying to load sacks from config\skyhanni\sacks.json
01:31:28 Setting sacks to be blank as it did not exist. It will be saved once something is written to it
01:31:28 Trying to load friends from config\skyhanni\friends.json
01:31:28 Setting friends to be blank as it did not exist. It will be saved once something is written to it
01:31:28 Trying to load known_features from config\skyhanni\known_features.json
01:31:28 Setting known_features to be blank as it did not exist. It will be saved once something is written to it
01:31:28 Trying to load jacob_contests from config\skyhanni\jacob_contests.json
01:31:28 Setting jacob_contests to be blank as it did not exist. It will be saved once something is written to it
01:31:28 Trying to load visual_words from config\skyhanni\visual_words.json
01:31:28 Setting visual_words to be blank as it did not exist. It will be saved once something is written to it
01:32:02 saveConfig: Save file
01:32:02 Saving friends file
01:32:02 Saved friends file successfully
01:32:02 saveConfig: Save file
01:32:02 Saving friends file
01:32:02 Saved friends file successfully
01:32:02 saveConfig: Updated known feature flags
01:32:02 Saving known_features file
01:32:02 Saved known_features file successfully
01:32:02 saveConfig: Updated known feature flags
01:32:02 Saving known_features file
01:32:02 Saved known_features file successfully
01:32:28 saveConfig: auto-save-60s
01:32:28 Saving config file
01:32:28 Saved config file successfully
01:32:28 saveConfig: auto-save-60s
01:32:28 Saving config file
01:32:28 Saved config file successfully
01:33:28 saveConfig: auto-save-60s
01:33:28 Saving config file
01:33:28 Saved config file successfully
01:33:28 saveConfig: auto-save-60s
01:33:28 Saving config file
01:33:28 Saved config file successfully
01:34:28 saveConfig: auto-save-60s
01:34:28 Saving config file
01:34:28 Saved config file successfully
01:34:28 saveConfig: auto-save-60s
01:34:28 Saving config file
01:34:28 Saved config file successfully
01:35:28 saveConfig: auto-save-60s
01:35:28 Saving config file
01:35:28 Saved config file successfully
01:35:28 saveConfig: auto-save-60s
01:35:28 Saving config file
01:35:28 Saved config file successfully
01:36:28 saveConfig: auto-save-60s
01:36:28 Saving config file
01:36:28 Saved config file successfully
01:36:28 saveConfig: auto-save-60s
01:36:28 Saving config file
01:36:28 Saved config file successfully
01:37:28 saveConfig: auto-save-60s
01:37:28 Saving config file
01:37:28 Saved config file successfully
01:37:28 saveConfig: auto-save-60s
01:37:28 Saving config file
01:37:28 Saved config file successfully
01:38:28 saveConfig: auto-save-60s
01:38:28 Saving config file
01:38:28 Saved config file successfully
01:38:28 saveConfig: auto-save-60s
01:38:28 Saving config file
01:38:28 Saved config file successfully
01:39:28 saveConfig: auto-save-60s
01:39:28 Saving config file
01:39:28 Saved config file successfully
01:39:28 saveConfig: auto-save-60s
01:39:28 Saving config file
01:39:28 Saved config file successfully
01:40:28 saveConfig: auto-save-60s
01:40:28 Saving config file
01:40:28 Saved config file successfully
01:40:28 saveConfig: auto-save-60s
01:40:28 Saving config file
01:40:28 Saved config file successfully
01:41:28 saveConfig: auto-save-60s
01:41:28 Saving config file
01:41:28 Saved config file successfully
01:41:28 saveConfig: auto-save-60s
01:41:28 Saving config file
01:41:28 Saved config file successfully
01:42:28 saveConfig: auto-save-60s
01:42:28 Saving config file
01:42:28 Saved config file successfully
01:42:28 saveConfig: auto-save-60s
01:42:28 Saving config file
01:42:28 Saved config file successfully
01:43:28 saveConfig: auto-save-60s
01:43:28 Saving config file
01:43:28 Saved config file successfully
01:43:28 saveConfig: auto-save-60s
01:43:28 Saving config file
01:43:28 Saved config file successfully
01:44:28 saveConfig: auto-save-60s
01:44:28 Saving config file
01:44:28 Saved config file successfully
01:44:28 saveConfig: auto-save-60s
01:44:28 Saving config file
01:44:28 Saved config file successfully
01:45:28 saveConfig: auto-save-60s
01:45:28 Saving config file
01:45:28 Saved config file successfully
01:45:28 saveConfig: auto-save-60s
01:45:28 Saving config file
01:45:28 Saved config file successfully
01:46:28 saveConfig: auto-save-60s
01:46:28 Saving config file
01:46:28 Saved config file successfully
01:46:28 saveConfig: auto-save-60s
01:46:28 Saving config file
01:46:28 Saved config file successfully
01:47:28 saveConfig: auto-save-60s
01:47:28 Saving config file
01:47:28 Saved config file successfully
01:47:28 saveConfig: auto-save-60s
01:47:28 Saving config file
01:47:28 Saved config file successfully
01:48:28 saveConfig: auto-save-60s
01:48:28 Saving config file
01:48:28 Saved config file successfully
01:48:28 saveConfig: auto-save-60s
01:48:28 Saving config file
01:48:28 Saved config file successfully
01:49:28 saveConfig: auto-save-60s
01:49:28 Saving config file
01:49:28 Saved config file successfully
01:49:28 saveConfig: auto-save-60s
01:49:28 Saving config file
01:49:28 Saved config file successfully
01:50:28 saveConfig: auto-save-60s
01:50:28 Saving config file
01:50:28 Saved config file successfully
01:50:28 saveConfig: auto-save-60s
01:50:28 Saving config file
01:50:28 Saved config file successfully
01:51:28 saveConfig: auto-save-60s
01:51:28 Saving config file
01:51:28 Saved config file successfully
01:51:28 saveConfig: auto-save-60s
01:51:28 Saving config file
01:51:28 Saved config file successfully
01:52:28 saveConfig: auto-save-60s
01:52:28 Saving config file
01:52:28 Saved config file successfully
01:52:28 saveConfig: auto-save-60s
01:52:28 Saving config file
01:52:28 Saved config file successfully
01:53:28 saveConfig: auto-save-60s
01:53:28 Saving config file
01:53:28 Saved config file successfully
01:53:28 saveConfig: auto-save-60s
01:53:28 Saving config file
01:53:28 Saved config file successfully
01:54:28 saveConfig: auto-save-60s
01:54:28 Saving config file
01:54:28 Saved config file successfully
01:54:28 saveConfig: auto-save-60s
01:54:28 Saving config file
01:54:28 Saved config file successfully
01:55:28 saveConfig: auto-save-60s
01:55:28 Saving config file
01:55:28 Saved config file successfully
01:55:28 saveConfig: auto-save-60s
01:55:28 Saving config file
01:55:28 Saved config file successfully
01:56:28 saveConfig: auto-save-60s
01:56:28 Saving config file
01:56:28 Saved config file successfully
01:56:28 saveConfig: auto-save-60s
01:56:28 Saving config file
01:56:28 Saved config file successfully
01:57:28 saveConfig: auto-save-60s
01:57:28 Saving config file
01:57:28 Saved config file successfully
01:57:28 saveConfig: auto-save-60s
01:57:28 Saving config file
01:57:28 Saved config file successfully
01:58:28 saveConfig: auto-save-60s
01:58:28 Saving config file
01:58:28 Saved config file successfully
01:58:28 saveConfig: auto-save-60s
01:58:28 Saving config file
01:58:28 Saved config file successfully
01:59:28 saveConfig: auto-save-60s
01:59:28 Saving config file
01:59:28 Saved config file successfully
01:59:28 saveConfig: auto-save-60s
01:59:28 Saving config file
01:59:28 Saved config file successfully
02:00:28 saveConfig: auto-save-60s
02:00:28 Saving config file
02:00:28 Saved config file successfully
02:00:28 saveConfig: auto-save-60s
02:00:28 Saving config file
02:00:28 Saved config file successfully
02:01:28 saveConfig: auto-save-60s
02:01:28 Saving config file
02:01:28 Saved config file successfully
02:01:28 saveConfig: auto-save-60s
02:01:28 Saving config file
02:01:28 Saved config file successfully
02:02:28 saveConfig: auto-save-60s
02:02:28 Saving config file
02:02:28 Saved config file successfully
02:02:28 saveConfig: auto-save-60s
02:02:28 Saving config file
02:02:28 Saved config file successfully
02:03:28 saveConfig: auto-save-60s
02:03:28 Saving config file
02:03:28 Saved config file successfully
02:03:28 saveConfig: auto-save-60s
02:03:28 Saving config file
02:03:28 Saved config file successfully
02:04:28 saveConfig: auto-save-60s
02:04:28 Saving config file
02:04:28 Saved config file successfully
02:04:28 saveConfig: auto-save-60s
02:04:28 Saving config file
02:04:28 Saved config file successfully
02:05:28 saveConfig: auto-save-60s
02:05:28 Saving config file
02:05:28 Saved config file successfully
02:05:28 saveConfig: auto-save-60s
02:05:28 Saving config file
02:05:28 Saved config file successfully
02:06:28 saveConfig: auto-save-60s
02:06:28 Saving config file
02:06:28 Saved config file successfully
02:06:28 saveConfig: auto-save-60s
02:06:28 Saving config file
02:06:28 Saved config file successfully
02:07:28 saveConfig: auto-save-60s
02:07:28 Saving config file
02:07:28 Saved config file successfully
02:07:28 saveConfig: auto-save-60s
02:07:28 Saving config file
02:07:28 Saved config file successfully
02:08:28 saveConfig: auto-save-60s
02:08:28 Saving config file
02:08:28 Saved config file successfully
02:08:28 saveConfig: auto-save-60s
02:08:28 Saving config file
02:08:28 Saved config file successfully
02:09:28 saveConfig: auto-save-60s
02:09:28 Saving config file
02:09:28 Saved config file successfully
02:09:28 saveConfig: auto-save-60s
02:09:28 Saving config file
02:09:28 Saved config file successfully
02:10:28 saveConfig: auto-save-60s
02:10:28 Saving config file
02:10:28 Saved config file successfully
02:10:28 saveConfig: auto-save-60s
02:10:28 Saving config file
02:10:28 Saved config file successfully
02:11:28 saveConfig: auto-save-60s
02:11:28 Saving config file
02:11:28 Saved config file successfully
02:11:28 saveConfig: auto-save-60s
02:11:28 Saving config file
02:11:28 Saved config file successfully
02:12:13 saveConfig: shutdown-hook
02:12:13 Saving config file
