15:51:29 [STASH_COMPACT] §f                §7You have §33,720 §7materials stashed away!
15:51:29 [STASH_COMPACT] §f              §8(This totals 6 types of materials stashed!)
15:51:29 [STASH_COMPACT] §f                §3§l>>> §3§lCLICK HERE§b to pick them up! §3§l<<<
15:51:29 [STASH_COMPACT]   
15:52:29 [STASH_COMPACT] §f                §7You have §33,720 §7materials stashed away!
15:52:29 [STASH_COMPACT] §f              §8(This totals 6 types of materials stashed!)
15:52:29 [STASH_COMPACT] §f                §3§l>>> §3§lCLICK HERE§b to pick them up! §3§l<<<
15:52:29 [STASH_COMPACT]   
15:53:08 [STASH_COMPACT] §f                §7You have §33,720 §7materials stashed away!
15:53:08 [STASH_COMPACT] §f              §8(This totals 6 types of materials stashed!)
15:53:08 [STASH_COMPACT] §f                §3§l>>> §3§lCLICK HERE§b to pick them up! §3§l<<<
15:53:08 [STASH_COMPACT]   
15:53:17 [STASH_COMPACT] §f                §7You have §33,720 §7materials stashed away!
15:53:17 [STASH_COMPACT] §f              §8(This totals 6 types of materials stashed!)
15:53:17 [STASH_COMPACT] §f                §3§l>>> §3§lCLICK HERE§b to pick them up! §3§l<<<
15:53:17 [STASH_COMPACT]   
15:53:30 [STASH_COMPACT] §f                §7You have §33,720 §7materials stashed away!
15:53:30 [STASH_COMPACT] §f              §8(This totals 6 types of materials stashed!)
15:53:30 [STASH_COMPACT] §f                §3§l>>> §3§lCLICK HERE§b to pick them up! §3§l<<<
15:53:30 [STASH_COMPACT]   
15:53:38 [PEST_DROP] §eYou received §a10x Enchanted Pumpkin §efor killing a §2Rat§e!
15:53:45 [PEST_DROP] §eYou received §a47x Enchanted Cocoa Beans §efor killing a §2Moth§e!
15:53:58 [PEST_DROP] §eYou received §a22x Enchanted Wheat §efor killing a §2Fly§e!
15:54:17 [PEST_DROP] §eYou received §a50x Enchanted Cactus Green §efor killing a §2Mite§e!
15:54:23 [PEST_DROP] §eYou received §a92x Enchanted Carrot §efor killing a §2Cricket§e!
15:54:31 [STASH_COMPACT] §f                §7You have §33,720 §7materials stashed away!
15:54:31 [STASH_COMPACT] §f              §8(This totals 6 types of materials stashed!)
15:54:31 [STASH_COMPACT] §f                §3§l>>> §3§lCLICK HERE§b to pick them up! §3§l<<<
15:54:31 [STASH_COMPACT]   
15:54:32 [PEST_DROP] §eYou received §a29x Enchanted Wheat §efor killing a §2Fly§e!
15:54:47 [BESTIARY] §f                                  §6§lBESTIARY
15:54:47 [BESTIARY] §f                               §b§lLocust §7§8IX §8➡§b §bX
15:54:47 [BESTIARY] 
15:54:47 [BESTIARY] §f                                  §r§6§lREWARDS
15:54:47 [BESTIARY] §f                          §r§6+0.4☘ Farming Fortune
15:54:47 [BESTIARY] §f                              §r§8+§r§62% §r§aLocust §r§7coins
15:54:47 [BESTIARY] §f                    §r§8+§r§a50% §r§7chance for extra XP orbs
15:54:47 [BESTIARY] §f                               §r§8+§r§b1 SkyBlock XP
15:54:47 [BESTIARY] 
15:54:47 [BESTIARY] §3§l▬▬▬▬▬▬▬▬▬▬▬▬▬▬▬▬▬▬▬▬▬▬▬▬▬▬▬▬▬▬▬▬▬▬▬▬▬▬▬▬▬▬▬▬▬▬▬▬▬▬▬▬▬▬▬▬▬▬▬▬▬▬▬▬
15:54:47 [PEST_DROP] §eYou received §a96x Enchanted Potato §efor killing a §2Locust§e!
15:54:51 [PEST_DROP] §eYou received §a29x Enchanted Wheat §efor killing a §2Fly§e!
15:55:00 [GARDEN_VISITOR_MESSAGE] §e[NPC] §aFarmhand§f: §r§fI took a break from work for too long! Now I need your help to meet my quota!
15:55:07 [GARDEN_VISITOR_MESSAGE] §e[NPC] §aLynn§f: §r§fIf you ever get lost, you should check on the Desk on what to do next.
15:55:14 [GARDEN_VISITOR_MESSAGE] §e[NPC] §aOringo§f: §r§fHey, you got some wheat for my pets by any chance? Gotta keep those little monsters fed, haha!
15:55:20 [GARDEN_VISITOR_MESSAGE] §e[NPC] §aGimley§f: §r§fbUuUrP!?!?
15:55:26 [GARDEN_VISITOR_MESSAGE] §e[NPC] §aFisherman Gerald§f: §r§fA Carrot King has been scaring off all the good fish, I need to deal with it before I lose more fish.
15:55:31 [STASH_COMPACT] §f                §7You have §33,720 §7materials stashed away!
15:55:31 [STASH_COMPACT] §f              §8(This totals 6 types of materials stashed!)
15:55:31 [STASH_COMPACT] §f                §3§l>>> §3§lCLICK HERE§b to pick them up! §3§l<<<
15:55:31 [STASH_COMPACT]   
15:55:44 [GARDEN_VISITOR_MESSAGE] §e[NPC] §aFarmhand§f: §r§fExactly what I needed. I think I will take the remainder of the day off.
15:55:47 [NEW_VISITOR_ARRIVED] §a§r§aGeonathan Greatforge §r§ehas arrived on your §r§aGarden§r§e!
15:55:51 [GARDEN_VISITOR_MESSAGE] §e[NPC] §aGeonathan Greatforge§f: §r§fI usually only work with Oil Barrels, but I'd like to try making some Biofuel from compost.
15:56:09 [GARDEN_VISITOR_MESSAGE] §e[NPC] §aLynn§f: §r§fHave a good one.
15:56:18 [GARDEN_VISITOR_MESSAGE] §e[NPC] §aFisherman Gerald§f: §r§fHoly Mackerel! You got me the whole nine yards.
15:56:31 [STASH_COMPACT] §f                §7You have §33,720 §7materials stashed away!
15:56:31 [STASH_COMPACT] §f              §8(This totals 6 types of materials stashed!)
15:56:31 [STASH_COMPACT] §f                §3§l>>> §3§lCLICK HERE§b to pick them up! §3§l<<<
15:56:31 [STASH_COMPACT]   
15:56:32 [GARDEN_VISITOR_MESSAGE] §e[NPC] §aOringo§f: §r§fYou know how it is, they never stop eating haha, thank you very much!
15:56:34 [GARDEN_VISITOR_MESSAGE] §e[NPC] §aGimley§f: §r§fBuRRrP Burp!
15:56:47 [GARDEN_VISITOR_MESSAGE] §e[NPC] §aGeonathan Greatforge§f: §r§fOil Barrels are far superior, but at least this is 100% renewable. Pretty neat!
15:57:31 [STASH_COMPACT] §f                §7You have §33,720 §7materials stashed away!
15:57:31 [STASH_COMPACT] §f              §8(This totals 6 types of materials stashed!)
15:57:31 [STASH_COMPACT] §f                §3§l>>> §3§lCLICK HERE§b to pick them up! §3§l<<<
15:57:31 [STASH_COMPACT]   
15:58:31 [STASH_COMPACT] §f                §7You have §33,720 §7materials stashed away!
15:58:31 [STASH_COMPACT] §f              §8(This totals 6 types of materials stashed!)
15:58:31 [STASH_COMPACT] §f                §3§l>>> §3§lCLICK HERE§b to pick them up! §3§l<<<
15:58:31 [STASH_COMPACT]   
15:59:31 [STASH_COMPACT] §f                §7You have §33,720 §7materials stashed away!
15:59:31 [STASH_COMPACT] §f              §8(This totals 6 types of materials stashed!)
15:59:31 [STASH_COMPACT] §f                §3§l>>> §3§lCLICK HERE§b to pick them up! §3§l<<<
15:59:31 [STASH_COMPACT]   
16:00:31 [STASH_COMPACT] §f                §7You have §33,720 §7materials stashed away!
16:00:31 [STASH_COMPACT] §f              §8(This totals 6 types of materials stashed!)
16:00:31 [STASH_COMPACT] §f                §3§l>>> §3§lCLICK HERE§b to pick them up! §3§l<<<
16:00:31 [STASH_COMPACT]   
16:01:29 [NEW_VISITOR_ARRIVED] §9§r§9Dalbrek §r§ehas arrived on your §r§aGarden§r§e!
16:01:31 [STASH_COMPACT] §f                §7You have §33,720 §7materials stashed away!
16:01:31 [STASH_COMPACT] §f              §8(This totals 6 types of materials stashed!)
16:01:31 [STASH_COMPACT] §f                §3§l>>> §3§lCLICK HERE§b to pick them up! §3§l<<<
16:01:31 [STASH_COMPACT]   
16:02:31 [STASH_COMPACT] §f                §7You have §33,720 §7materials stashed away!
16:02:31 [STASH_COMPACT] §f              §8(This totals 6 types of materials stashed!)
16:02:31 [STASH_COMPACT] §f                §3§l>>> §3§lCLICK HERE§b to pick them up! §3§l<<<
16:02:31 [STASH_COMPACT]   
16:03:31 [STASH_COMPACT] §f                §7You have §33,720 §7materials stashed away!
16:03:31 [STASH_COMPACT] §f              §8(This totals 6 types of materials stashed!)
16:03:31 [STASH_COMPACT] §f                §3§l>>> §3§lCLICK HERE§b to pick them up! §3§l<<<
16:03:31 [STASH_COMPACT]   
16:04:49 [STASH_COMPACT] §f                §7You have §33,720 §7materials stashed away!
16:04:49 [STASH_COMPACT] §f              §8(This totals 6 types of materials stashed!)
16:04:49 [STASH_COMPACT] §f                §3§l>>> §3§lCLICK HERE§b to pick them up! §3§l<<<
16:04:49 [STASH_COMPACT]   
16:05:41 [STASH_COMPACT] §f                §7You have §33,720 §7materials stashed away!
16:05:41 [STASH_COMPACT] §f              §8(This totals 6 types of materials stashed!)
16:05:41 [STASH_COMPACT] §f                §3§l>>> §3§lCLICK HERE§b to pick them up! §3§l<<<
16:05:41 [STASH_COMPACT]   
16:05:54 [STASH_COMPACT] §f                §7You have §33,720 §7materials stashed away!
16:05:54 [STASH_COMPACT] §f              §8(This totals 6 types of materials stashed!)
16:05:54 [STASH_COMPACT] §f                §3§l>>> §3§lCLICK HERE§b to pick them up! §3§l<<<
16:05:54 [STASH_COMPACT]   
16:06:54 [STASH_COMPACT] §f                §7You have §33,720 §7materials stashed away!
16:06:54 [STASH_COMPACT] §f              §8(This totals 6 types of materials stashed!)
16:06:54 [STASH_COMPACT] §f                §3§l>>> §3§lCLICK HERE§b to pick them up! §3§l<<<
16:06:54 [STASH_COMPACT]   
16:07:25 [STASH_COMPACT] §f                §7You have §33,720 §7materials stashed away!
16:07:25 [STASH_COMPACT] §f              §8(This totals 6 types of materials stashed!)
16:07:25 [STASH_COMPACT] §f                §3§l>>> §3§lCLICK HERE§b to pick them up! §3§l<<<
16:07:25 [STASH_COMPACT]   
16:07:39 [STASH_COMPACT] §f                §7You have §33,720 §7materials stashed away!
16:07:39 [STASH_COMPACT] §f              §8(This totals 6 types of materials stashed!)
16:07:39 [STASH_COMPACT] §f                §3§l>>> §3§lCLICK HERE§b to pick them up! §3§l<<<
16:07:39 [STASH_COMPACT]   
16:08:39 [STASH_COMPACT] §f                §7You have §33,720 §7materials stashed away!
16:08:39 [STASH_COMPACT] §f              §8(This totals 6 types of materials stashed!)
16:08:39 [STASH_COMPACT] §f                §3§l>>> §3§lCLICK HERE§b to pick them up! §3§l<<<
16:08:39 [STASH_COMPACT]   
16:09:39 [STASH_COMPACT] §f                §7You have §33,720 §7materials stashed away!
16:09:39 [STASH_COMPACT] §f              §8(This totals 6 types of materials stashed!)
16:09:39 [STASH_COMPACT] §f                §3§l>>> §3§lCLICK HERE§b to pick them up! §3§l<<<
16:09:39 [STASH_COMPACT]   
16:10:21 [PEST_DROP] §eYou received §a29x Enchanted Wheat §efor killing a §2Fly§e!
16:10:25 [PEST_DROP] §eYou received §a29x Enchanted Wheat §efor killing a §2Fly§e!
16:10:40 [STASH_COMPACT] §f                §7You have §33,720 §7materials stashed away!
16:10:40 [STASH_COMPACT] §f              §8(This totals 6 types of materials stashed!)
16:10:40 [STASH_COMPACT] §f                §3§l>>> §3§lCLICK HERE§b to pick them up! §3§l<<<
16:10:40 [STASH_COMPACT]   
16:10:47 [GARDEN_VISITOR_MESSAGE] §e[NPC] §9Dalbrek§f: §r§fI saw some weird guy in a mask go into a tiny hole inside the Dwarven Mines, maybe he's part of the Cult of the Fallen Star?
16:11:04 [GARDEN_VISITOR_MESSAGE] §e[NPC] §9Dalbrek§f: §r§fThese guys... are scaring me. I'm not quite sure what they are planning in there, but I'd also rather not want to know.
16:11:40 [STASH_COMPACT] §f                §7You have §33,720 §7materials stashed away!
16:11:40 [STASH_COMPACT] §f              §8(This totals 6 types of materials stashed!)
16:11:40 [STASH_COMPACT] §f                §3§l>>> §3§lCLICK HERE§b to pick them up! §3§l<<<
16:11:40 [STASH_COMPACT]   
16:12:09 [NEW_VISITOR_ARRIVED] §a§r§aGuy §r§ehas arrived on your §r§aGarden§r§e!
16:12:40 [STASH_COMPACT] §f                §7You have §33,720 §7materials stashed away!
16:12:40 [STASH_COMPACT] §f              §8(This totals 6 types of materials stashed!)
16:12:40 [STASH_COMPACT] §f                §3§l>>> §3§lCLICK HERE§b to pick them up! §3§l<<<
16:12:40 [STASH_COMPACT]   
16:13:40 [STASH_COMPACT] §f                §7You have §33,720 §7materials stashed away!
16:13:40 [STASH_COMPACT] §f              §8(This totals 6 types of materials stashed!)
16:13:40 [STASH_COMPACT] §f                §3§l>>> §3§lCLICK HERE§b to pick them up! §3§l<<<
16:13:40 [STASH_COMPACT]   
16:14:40 [STASH_COMPACT] §f                §7You have §33,720 §7materials stashed away!
16:14:40 [STASH_COMPACT] §f              §8(This totals 6 types of materials stashed!)
16:14:40 [STASH_COMPACT] §f                §3§l>>> §3§lCLICK HERE§b to pick them up! §3§l<<<
16:14:40 [STASH_COMPACT]   
16:15:40 [STASH_COMPACT] §f                §7You have §33,720 §7materials stashed away!
16:15:40 [STASH_COMPACT] §f              §8(This totals 6 types of materials stashed!)
16:15:40 [STASH_COMPACT] §f                §3§l>>> §3§lCLICK HERE§b to pick them up! §3§l<<<
16:15:40 [STASH_COMPACT]   
16:16:41 [STASH_COMPACT] §f                §7You have §33,720 §7materials stashed away!
16:16:41 [STASH_COMPACT] §f              §8(This totals 6 types of materials stashed!)
16:16:41 [STASH_COMPACT] §f                §3§l>>> §3§lCLICK HERE§b to pick them up! §3§l<<<
16:16:41 [STASH_COMPACT]   
16:16:46 [NEW_VISITOR_ARRIVED] §9§r§9Emissary Sisko §r§ehas arrived on your §r§aGarden§r§e!
16:17:41 [STASH_COMPACT] §f                §7You have §33,720 §7materials stashed away!
16:17:41 [STASH_COMPACT] §f              §8(This totals 6 types of materials stashed!)
16:17:41 [STASH_COMPACT] §f                §3§l>>> §3§lCLICK HERE§b to pick them up! §3§l<<<
16:17:41 [STASH_COMPACT]   
16:18:41 [STASH_COMPACT] §f                §7You have §33,720 §7materials stashed away!
16:18:41 [STASH_COMPACT] §f              §8(This totals 6 types of materials stashed!)
16:18:41 [STASH_COMPACT] §f                §3§l>>> §3§lCLICK HERE§b to pick them up! §3§l<<<
16:18:41 [STASH_COMPACT]   
16:19:41 [STASH_COMPACT] §f                §7You have §33,720 §7materials stashed away!
16:19:41 [STASH_COMPACT] §f              §8(This totals 6 types of materials stashed!)
16:19:41 [STASH_COMPACT] §f                §3§l>>> §3§lCLICK HERE§b to pick them up! §3§l<<<
16:19:41 [STASH_COMPACT]   
16:20:42 [STASH_COMPACT] §f                §7You have §33,720 §7materials stashed away!
16:20:42 [STASH_COMPACT] §f              §8(This totals 6 types of materials stashed!)
16:20:42 [STASH_COMPACT] §f                §3§l>>> §3§lCLICK HERE§b to pick them up! §3§l<<<
16:20:42 [STASH_COMPACT]   
16:21:14 [NEW_VISITOR_ARRIVED] §a§r§aTerry §r§ehas arrived on your §r§aGarden§r§e!
16:21:42 [STASH_COMPACT] §f                §7You have §33,720 §7materials stashed away!
16:21:42 [STASH_COMPACT] §f              §8(This totals 6 types of materials stashed!)
16:21:42 [STASH_COMPACT] §f                §3§l>>> §3§lCLICK HERE§b to pick them up! §3§l<<<
16:21:42 [STASH_COMPACT]   
16:24:26 [STASH_COMPACT] §f                §7You have §33,720 §7materials stashed away!
16:24:26 [STASH_COMPACT] §f              §8(This totals 6 types of materials stashed!)
16:24:26 [STASH_COMPACT] §f                §3§l>>> §3§lCLICK HERE§b to pick them up! §3§l<<<
16:24:26 [STASH_COMPACT]   
16:25:18 [GARDEN_VISITOR_MESSAGE] §e[NPC] §aGuy§f: §r§fHeard you may got some mushrooms...I've been looking for some...
16:25:25 [GARDEN_VISITOR_MESSAGE] §e[NPC] §9Emissary Sisko§f: §r§fI've heard I can find the best mushrooms here, and as the King's favorite emissary I will bring them to him!
16:25:26 [STASH_COMPACT] §f                §7You have §33,720 §7materials stashed away!
16:25:26 [STASH_COMPACT] §f              §8(This totals 6 types of materials stashed!)
16:25:26 [STASH_COMPACT] §f                §3§l>>> §3§lCLICK HERE§b to pick them up! §3§l<<<
16:25:26 [STASH_COMPACT]   
16:25:33 [GARDEN_VISITOR_MESSAGE] §e[NPC] §aTerry§f: §r§fAhoy, §alongfenownsheat§f! People always tell me they like ice cream, but ice never really tastes like anything for me!
16:25:52 [GARDEN_VISITOR_MESSAGE] §e[NPC] §aGuy§f: §r§fThank ya man, I knew I could trust you! These will come in good use!
16:25:53 [GARDEN_VISITOR_MESSAGE] §e[NPC] §9Emissary Sisko§f: §r§fMy standing as the King's favorite emissary is secured as soon as I bring these back home!
16:26:13 [GARDEN_VISITOR_MESSAGE] §e[NPC] §aTerry§f: §r§fYou are saying I need to combine these items with ice to have a taste? I'll believe it when I see it!
16:26:26 [STASH_COMPACT] §f                §7You have §33,720 §7materials stashed away!
16:26:26 [STASH_COMPACT] §f              §8(This totals 6 types of materials stashed!)
16:26:26 [STASH_COMPACT] §f                §3§l>>> §3§lCLICK HERE§b to pick them up! §3§l<<<
16:26:26 [STASH_COMPACT]   
16:27:26 [STASH_COMPACT] §f                §7You have §33,720 §7materials stashed away!
16:27:27 [STASH_COMPACT] §f              §8(This totals 6 types of materials stashed!)
16:27:27 [STASH_COMPACT] §f                §3§l>>> §3§lCLICK HERE§b to pick them up! §3§l<<<
16:27:27 [STASH_COMPACT]   
16:28:27 [STASH_COMPACT] §f                §7You have §33,720 §7materials stashed away!
16:28:27 [STASH_COMPACT] §f              §8(This totals 6 types of materials stashed!)
16:28:27 [STASH_COMPACT] §f                §3§l>>> §3§lCLICK HERE§b to pick them up! §3§l<<<
16:28:27 [STASH_COMPACT]   
16:29:10 [NEW_VISITOR_ARRIVED] §a§r§aWeaponsmith §r§ehas arrived on your §r§aGarden§r§e!
16:29:27 [STASH_COMPACT] §f                §7You have §33,720 §7materials stashed away!
16:29:27 [STASH_COMPACT] §f              §8(This totals 6 types of materials stashed!)
16:29:27 [STASH_COMPACT] §f                §3§l>>> §3§lCLICK HERE§b to pick them up! §3§l<<<
16:29:27 [STASH_COMPACT]   
16:39:48 [PEST_DROP] §eYou received §a69x Enchanted Sugar §efor killing a §2Mosquito§e!
16:39:48 [PEST_DROP] §eYou received §a34x Enchanted Wheat §efor killing a §2Fly§e!
16:39:58 [PEST_DROP] §eYou received §a35x Enchanted Wheat §efor killing a §2Fly§e!
16:39:59 [NEW_VISITOR_ARRIVED] §a§r§aFisherman Gerald §r§ehas arrived on your §r§aGarden§r§e!
16:40:22 [STASH_COMPACT] §f                §7You have §33,720 §7materials stashed away!
16:40:22 [STASH_COMPACT] §f              §8(This totals 6 types of materials stashed!)
16:40:22 [STASH_COMPACT] §f                §3§l>>> §3§lCLICK HERE§b to pick them up! §3§l<<<
16:40:22 [STASH_COMPACT]   
16:41:22 [STASH_COMPACT] §f                §7You have §33,720 §7materials stashed away!
16:41:22 [STASH_COMPACT] §f              §8(This totals 6 types of materials stashed!)
16:41:22 [STASH_COMPACT] §f                §3§l>>> §3§lCLICK HERE§b to pick them up! §3§l<<<
16:41:22 [STASH_COMPACT]   
16:42:22 [STASH_COMPACT] §f                §7You have §33,720 §7materials stashed away!
16:42:22 [STASH_COMPACT] §f              §8(This totals 6 types of materials stashed!)
16:42:22 [STASH_COMPACT] §f                §3§l>>> §3§lCLICK HERE§b to pick them up! §3§l<<<
16:42:22 [STASH_COMPACT]   
16:43:22 [STASH_COMPACT] §f                §7You have §33,720 §7materials stashed away!
16:43:22 [STASH_COMPACT] §f              §8(This totals 6 types of materials stashed!)
16:43:22 [STASH_COMPACT] §f                §3§l>>> §3§lCLICK HERE§b to pick them up! §3§l<<<
16:43:22 [STASH_COMPACT]   
16:44:23 [STASH_COMPACT] §f                §7You have §33,720 §7materials stashed away!
16:44:23 [STASH_COMPACT] §f              §8(This totals 6 types of materials stashed!)
16:44:23 [STASH_COMPACT] §f                §3§l>>> §3§lCLICK HERE§b to pick them up! §3§l<<<
16:44:23 [STASH_COMPACT]   
16:45:47 [STASH_COMPACT] §f                §7You have §33,720 §7materials stashed away!
16:45:47 [STASH_COMPACT] §f              §8(This totals 6 types of materials stashed!)
16:45:47 [STASH_COMPACT] §f                §3§l>>> §3§lCLICK HERE§b to pick them up! §3§l<<<
16:45:47 [STASH_COMPACT]   
16:46:32 [STASH_COMPACT] §f                §7You have §33,720 §7materials stashed away!
16:46:32 [STASH_COMPACT] §f              §8(This totals 6 types of materials stashed!)
16:46:32 [STASH_COMPACT] §f                §3§l>>> §3§lCLICK HERE§b to pick them up! §3§l<<<
16:46:32 [STASH_COMPACT]   
16:47:32 [STASH_COMPACT] §f                §7You have §33,720 §7materials stashed away!
16:47:32 [STASH_COMPACT] §f              §8(This totals 6 types of materials stashed!)
16:47:32 [STASH_COMPACT] §f                §3§l>>> §3§lCLICK HERE§b to pick them up! §3§l<<<
16:47:32 [STASH_COMPACT]   
16:48:33 [STASH_COMPACT] §f                §7You have §33,720 §7materials stashed away!
16:48:33 [STASH_COMPACT] §f              §8(This totals 6 types of materials stashed!)
16:48:33 [STASH_COMPACT] §f                §3§l>>> §3§lCLICK HERE§b to pick them up! §3§l<<<
16:48:33 [STASH_COMPACT]   
16:49:08 [STASH_COMPACT] §f                §7You have §33,720 §7materials stashed away!
16:49:08 [STASH_COMPACT] §f              §8(This totals 6 types of materials stashed!)
16:49:08 [STASH_COMPACT] §f                §3§l>>> §3§lCLICK HERE§b to pick them up! §3§l<<<
16:49:08 [STASH_COMPACT]   
16:49:41 [STASH_COMPACT] §f                §7You have §33,720 §7materials stashed away!
16:49:41 [STASH_COMPACT] §f              §8(This totals 6 types of materials stashed!)
16:49:41 [STASH_COMPACT] §f                §3§l>>> §3§lCLICK HERE§b to pick them up! §3§l<<<
16:49:41 [STASH_COMPACT]   
16:50:42 [STASH_COMPACT] §f                §7You have §33,720 §7materials stashed away!
16:50:42 [STASH_COMPACT] §f              §8(This totals 6 types of materials stashed!)
16:50:42 [STASH_COMPACT] §f                §3§l>>> §3§lCLICK HERE§b to pick them up! §3§l<<<
16:50:42 [STASH_COMPACT]   
16:51:37 [STASH_COMPACT] §f                §7You have §33,720 §7materials stashed away!
16:51:37 [STASH_COMPACT] §f              §8(This totals 6 types of materials stashed!)
16:51:37 [STASH_COMPACT] §f                §3§l>>> §3§lCLICK HERE§b to pick them up! §3§l<<<
16:51:37 [STASH_COMPACT]   
16:51:43 [COMPACT_POTION_EFFECT] §a§lBUFF! §fYou have gained §r§4Regeneration IV§r§f! Press TAB or type /effects to view your active effects!
16:51:43 [COMPACT_POTION_EFFECT] §a§lBUFF! §fYou have gained §r§4Strength V§r§f! Press TAB or type /effects to view your active effects!
16:51:43 [COMPACT_POTION_EFFECT] §a§lBUFF! §fYou have gained §r§4Critical III§r§f! Press TAB or type /effects to view your active effects!
16:51:43 [COMPACT_POTION_EFFECT] §a§lBUFF! §fYou have gained §r§9Speed III§r§f! Press TAB or type /effects to view your active effects!
16:51:43 [COMPACT_POTION_EFFECT] §a§lBUFF! §fYou have gained §r§aResistance V§r§f! Press TAB or type /effects to view your active effects!
16:51:43 [COMPACT_POTION_EFFECT] §a§lBUFF! §fYou have gained §r§bArchery III§r§f! Press TAB or type /effects to view your active effects!
16:52:37 [STASH_COMPACT] §f                §7You have §33,720 §7materials stashed away!
16:52:37 [STASH_COMPACT] §f              §8(This totals 6 types of materials stashed!)
16:52:37 [STASH_COMPACT] §f                §3§l>>> §3§lCLICK HERE§b to pick them up! §3§l<<<
16:52:37 [STASH_COMPACT]   
16:53:37 [STASH_COMPACT] §f                §7You have §33,720 §7materials stashed away!
16:53:37 [STASH_COMPACT] §f              §8(This totals 6 types of materials stashed!)
16:53:37 [STASH_COMPACT] §f                §3§l>>> §3§lCLICK HERE§b to pick them up! §3§l<<<
16:53:37 [STASH_COMPACT]   
16:54:38 [STASH_COMPACT] §f                §7You have §33,720 §7materials stashed away!
16:54:38 [STASH_COMPACT] §f              §8(This totals 6 types of materials stashed!)
16:54:38 [STASH_COMPACT] §f                §3§l>>> §3§lCLICK HERE§b to pick them up! §3§l<<<
16:54:38 [STASH_COMPACT]   
16:55:38 [STASH_COMPACT] §f                §7You have §33,720 §7materials stashed away!
16:55:38 [STASH_COMPACT] §f              §8(This totals 6 types of materials stashed!)
16:55:38 [STASH_COMPACT] §f                §3§l>>> §3§lCLICK HERE§b to pick them up! §3§l<<<
16:55:38 [STASH_COMPACT]   
16:56:38 [STASH_COMPACT] §f                §7You have §33,720 §7materials stashed away!
16:56:38 [STASH_COMPACT] §f              §8(This totals 6 types of materials stashed!)
16:56:38 [STASH_COMPACT] §f                §3§l>>> §3§lCLICK HERE§b to pick them up! §3§l<<<
16:56:38 [STASH_COMPACT]   
16:57:38 [STASH_COMPACT] §f                §7You have §33,720 §7materials stashed away!
16:57:38 [STASH_COMPACT] §f              §8(This totals 6 types of materials stashed!)
16:57:38 [STASH_COMPACT] §f                §3§l>>> §3§lCLICK HERE§b to pick them up! §3§l<<<
16:57:38 [STASH_COMPACT]   
16:58:38 [STASH_COMPACT] §f                §7You have §33,720 §7materials stashed away!
16:58:38 [STASH_COMPACT] §f              §8(This totals 6 types of materials stashed!)
16:58:38 [STASH_COMPACT] §f                §3§l>>> §3§lCLICK HERE§b to pick them up! §3§l<<<
16:58:38 [STASH_COMPACT]   
16:59:39 [STASH_COMPACT] §f                §7You have §33,720 §7materials stashed away!
16:59:39 [STASH_COMPACT] §f              §8(This totals 6 types of materials stashed!)
16:59:39 [STASH_COMPACT] §f                §3§l>>> §3§lCLICK HERE§b to pick them up! §3§l<<<
16:59:39 [STASH_COMPACT]   
17:00:39 [STASH_COMPACT] §f                §7You have §33,720 §7materials stashed away!
17:00:39 [STASH_COMPACT] §f              §8(This totals 6 types of materials stashed!)
17:00:39 [STASH_COMPACT] §f                §3§l>>> §3§lCLICK HERE§b to pick them up! §3§l<<<
17:00:39 [STASH_COMPACT]   
17:01:41 [STASH_COMPACT] §f                §7You have §33,720 §7materials stashed away!
17:01:41 [STASH_COMPACT] §f              §8(This totals 6 types of materials stashed!)
17:01:41 [STASH_COMPACT] §f                §3§l>>> §3§lCLICK HERE§b to pick them up! §3§l<<<
17:01:41 [STASH_COMPACT]   
17:02:41 [STASH_COMPACT] §f                §7You have §33,720 §7materials stashed away!
17:02:41 [STASH_COMPACT] §f              §8(This totals 6 types of materials stashed!)
17:02:41 [STASH_COMPACT] §f                §3§l>>> §3§lCLICK HERE§b to pick them up! §3§l<<<
17:02:41 [STASH_COMPACT]   
18:09:09 [STASH_COMPACT] §f               §7You have §313,280 §7materials stashed away!
18:09:09 [STASH_COMPACT] §f              §8(This totals 4 types of materials stashed!)
18:09:09 [STASH_COMPACT] §f                §3§l>>> §3§lCLICK HERE§b to pick them up! §3§l<<<
18:09:09 [STASH_COMPACT]   
18:10:09 [STASH_COMPACT] §f               §7You have §313,280 §7materials stashed away!
18:10:09 [STASH_COMPACT] §f              §8(This totals 4 types of materials stashed!)
18:10:09 [STASH_COMPACT] §f                §3§l>>> §3§lCLICK HERE§b to pick them up! §3§l<<<
18:10:09 [STASH_COMPACT]   
18:10:51 [NEW_VISITOR_ARRIVED] §a§r§aTerry §r§ehas arrived on your §r§aGarden§r§e!
18:11:09 [STASH_COMPACT] §f               §7You have §313,280 §7materials stashed away!
18:11:09 [STASH_COMPACT] §f              §8(This totals 4 types of materials stashed!)
18:11:09 [STASH_COMPACT] §f                §3§l>>> §3§lCLICK HERE§b to pick them up! §3§l<<<
18:11:09 [STASH_COMPACT]   
18:12:09 [STASH_COMPACT] §f               §7You have §313,280 §7materials stashed away!
18:12:09 [STASH_COMPACT] §f              §8(This totals 4 types of materials stashed!)
18:12:09 [STASH_COMPACT] §f                §3§l>>> §3§lCLICK HERE§b to pick them up! §3§l<<<
18:12:09 [STASH_COMPACT]   
18:12:46 [GARDEN_VISITOR_MESSAGE] §e[NPC] §aTerry§f: §r§fAhoy, §alongfenownsheat§f! People always tell me they like ice cream, but ice never really tastes like anything for me!
18:13:04 [GARDEN_VISITOR_MESSAGE] §e[NPC] §aTerry§f: §r§fYou are saying I need to combine these items with ice to have a taste? I'll believe it when I see it!
18:13:09 [STASH_COMPACT] §f               §7You have §313,280 §7materials stashed away!
18:13:09 [STASH_COMPACT] §f              §8(This totals 4 types of materials stashed!)
18:13:09 [STASH_COMPACT] §f                §3§l>>> §3§lCLICK HERE§b to pick them up! §3§l<<<
18:13:09 [STASH_COMPACT]   
18:13:48 [STASH_COMPACT] §f               §7You have §313,280 §7materials stashed away!
18:13:48 [STASH_COMPACT] §f              §8(This totals 4 types of materials stashed!)
18:13:48 [STASH_COMPACT] §f                §3§l>>> §3§lCLICK HERE§b to pick them up! §3§l<<<
18:13:48 [STASH_COMPACT]   
18:14:48 [STASH_COMPACT] §f               §7You have §313,280 §7materials stashed away!
18:14:48 [STASH_COMPACT] §f              §8(This totals 4 types of materials stashed!)
18:14:48 [STASH_COMPACT] §f                §3§l>>> §3§lCLICK HERE§b to pick them up! §3§l<<<
18:14:48 [STASH_COMPACT]   
18:15:48 [STASH_COMPACT] §f               §7You have §313,280 §7materials stashed away!
18:15:48 [STASH_COMPACT] §f              §8(This totals 4 types of materials stashed!)
18:15:48 [STASH_COMPACT] §f                §3§l>>> §3§lCLICK HERE§b to pick them up! §3§l<<<
18:15:48 [STASH_COMPACT]   
18:16:24 [STASH_COMPACT] §f               §7You have §313,280 §7materials stashed away!
18:16:24 [STASH_COMPACT] §f              §8(This totals 4 types of materials stashed!)
18:16:24 [STASH_COMPACT] §f                §3§l>>> §3§lCLICK HERE§b to pick them up! §3§l<<<
18:16:24 [STASH_COMPACT]   
18:17:27 [STASH_COMPACT] §f               §7You have §313,280 §7materials stashed away!
18:17:27 [STASH_COMPACT] §f              §8(This totals 4 types of materials stashed!)
18:17:27 [STASH_COMPACT] §f                §3§l>>> §3§lCLICK HERE§b to pick them up! §3§l<<<
18:17:27 [STASH_COMPACT]   
18:17:29 [COMPACT_POTION_EFFECT] §a§lBUFF! §fYou have gained §r§4Regeneration IV§r§f! Press TAB or type /effects to view your active effects!
18:17:29 [COMPACT_POTION_EFFECT] §a§lBUFF! §fYou have gained §r§4Strength V§r§f! Press TAB or type /effects to view your active effects!
18:17:29 [COMPACT_POTION_EFFECT] §a§lBUFF! §fYou have gained §r§4Critical III§r§f! Press TAB or type /effects to view your active effects!
18:17:29 [COMPACT_POTION_EFFECT] §a§lBUFF! §fYou have gained §r§9Speed III§r§f! Press TAB or type /effects to view your active effects!
18:17:29 [COMPACT_POTION_EFFECT] §a§lBUFF! §fYou have gained §r§aResistance V§r§f! Press TAB or type /effects to view your active effects!
18:17:29 [COMPACT_POTION_EFFECT] §a§lBUFF! §fYou have gained §r§bArchery III§r§f! Press TAB or type /effects to view your active effects!
18:18:29 [STASH_COMPACT] §f               §7You have §313,280 §7materials stashed away!
18:18:29 [STASH_COMPACT] §f              §8(This totals 4 types of materials stashed!)
18:18:29 [STASH_COMPACT] §f                §3§l>>> §3§lCLICK HERE§b to pick them up! §3§l<<<
18:18:29 [STASH_COMPACT]   
18:19:30 [STASH_COMPACT] §f               §7You have §313,280 §7materials stashed away!
18:19:30 [STASH_COMPACT] §f              §8(This totals 4 types of materials stashed!)
18:19:30 [STASH_COMPACT] §f                §3§l>>> §3§lCLICK HERE§b to pick them up! §3§l<<<
18:19:30 [STASH_COMPACT]   
18:20:30 [STASH_COMPACT] §f               §7You have §313,280 §7materials stashed away!
18:20:30 [STASH_COMPACT] §f              §8(This totals 4 types of materials stashed!)
18:20:30 [STASH_COMPACT] §f                §3§l>>> §3§lCLICK HERE§b to pick them up! §3§l<<<
18:20:30 [STASH_COMPACT]   
18:21:31 [STASH_COMPACT] §f               §7You have §313,280 §7materials stashed away!
18:21:31 [STASH_COMPACT] §f              §8(This totals 4 types of materials stashed!)
18:21:31 [STASH_COMPACT] §f                §3§l>>> §3§lCLICK HERE§b to pick them up! §3§l<<<
18:21:31 [STASH_COMPACT]   
18:22:31 [STASH_COMPACT] §f               §7You have §313,280 §7materials stashed away!
18:22:31 [STASH_COMPACT] §f              §8(This totals 4 types of materials stashed!)
18:22:31 [STASH_COMPACT] §f                §3§l>>> §3§lCLICK HERE§b to pick them up! §3§l<<<
18:22:31 [STASH_COMPACT]   
18:23:32 [STASH_COMPACT] §f               §7You have §313,280 §7materials stashed away!
18:23:32 [STASH_COMPACT] §f              §8(This totals 4 types of materials stashed!)
18:23:32 [STASH_COMPACT] §f                §3§l>>> §3§lCLICK HERE§b to pick them up! §3§l<<<
18:23:32 [STASH_COMPACT]   
18:24:34 [STASH_COMPACT] §f               §7You have §313,280 §7materials stashed away!
18:24:34 [STASH_COMPACT] §f              §8(This totals 4 types of materials stashed!)
18:24:34 [STASH_COMPACT] §f                §3§l>>> §3§lCLICK HERE§b to pick them up! §3§l<<<
18:24:34 [STASH_COMPACT]   
18:25:34 [STASH_COMPACT] §f               §7You have §313,280 §7materials stashed away!
18:25:34 [STASH_COMPACT] §f              §8(This totals 4 types of materials stashed!)
18:25:34 [STASH_COMPACT] §f                §3§l>>> §3§lCLICK HERE§b to pick them up! §3§l<<<
18:25:34 [STASH_COMPACT]   
18:26:37 [STASH_COMPACT] §f               §7You have §313,280 §7materials stashed away!
18:26:37 [STASH_COMPACT] §f              §8(This totals 4 types of materials stashed!)
18:26:37 [STASH_COMPACT] §f                §3§l>>> §3§lCLICK HERE§b to pick them up! §3§l<<<
18:26:37 [STASH_COMPACT]   
18:27:38 [STASH_COMPACT] §f               §7You have §313,280 §7materials stashed away!
18:27:38 [STASH_COMPACT] §f              §8(This totals 4 types of materials stashed!)
18:27:38 [STASH_COMPACT] §f                §3§l>>> §3§lCLICK HERE§b to pick them up! §3§l<<<
18:27:38 [STASH_COMPACT]   
18:28:38 [STASH_COMPACT] §f               §7You have §313,280 §7materials stashed away!
18:28:38 [STASH_COMPACT] §f              §8(This totals 4 types of materials stashed!)
18:28:38 [STASH_COMPACT] §f                §3§l>>> §3§lCLICK HERE§b to pick them up! §3§l<<<
18:28:38 [STASH_COMPACT]   
18:30:29 [STASH_COMPACT] §f               §7You have §313,280 §7materials stashed away!
18:30:29 [STASH_COMPACT] §f              §8(This totals 4 types of materials stashed!)
18:30:29 [STASH_COMPACT] §f                §3§l>>> §3§lCLICK HERE§b to pick them up! §3§l<<<
18:30:29 [STASH_COMPACT]   
18:31:01 [STASH_COMPACT] §f               §7You have §313,280 §7materials stashed away!
18:31:01 [STASH_COMPACT] §f              §8(This totals 4 types of materials stashed!)
18:31:01 [STASH_COMPACT] §f                §3§l>>> §3§lCLICK HERE§b to pick them up! §3§l<<<
18:31:01 [STASH_COMPACT]   
18:31:11 [COMPACT_POTION_EFFECT] §a§lBUFF! §fYou have gained §r§4Regeneration IV§r§f! Press TAB or type /effects to view your active effects!
18:31:11 [COMPACT_POTION_EFFECT] §a§lBUFF! §fYou have gained §r§4Strength V§r§f! Press TAB or type /effects to view your active effects!
18:31:11 [COMPACT_POTION_EFFECT] §a§lBUFF! §fYou have gained §r§4Critical III§r§f! Press TAB or type /effects to view your active effects!
18:31:11 [COMPACT_POTION_EFFECT] §a§lBUFF! §fYou have gained §r§9Speed III§r§f! Press TAB or type /effects to view your active effects!
18:31:11 [COMPACT_POTION_EFFECT] §a§lBUFF! §fYou have gained §r§aResistance V§r§f! Press TAB or type /effects to view your active effects!
18:31:11 [COMPACT_POTION_EFFECT] §a§lBUFF! §fYou have gained §r§bArchery III§r§f! Press TAB or type /effects to view your active effects!
18:32:02 [STASH_COMPACT] §f               §7You have §313,280 §7materials stashed away!
18:32:02 [STASH_COMPACT] §f              §8(This totals 4 types of materials stashed!)
18:32:02 [STASH_COMPACT] §f                §3§l>>> §3§lCLICK HERE§b to pick them up! §3§l<<<
18:32:02 [STASH_COMPACT]   
18:33:03 [STASH_COMPACT] §f               §7You have §313,280 §7materials stashed away!
18:33:03 [STASH_COMPACT] §f              §8(This totals 4 types of materials stashed!)
18:33:03 [STASH_COMPACT] §f                §3§l>>> §3§lCLICK HERE§b to pick them up! §3§l<<<
18:33:03 [STASH_COMPACT]   
18:34:06 [STASH_COMPACT] §f               §7You have §313,280 §7materials stashed away!
18:34:06 [STASH_COMPACT] §f              §8(This totals 4 types of materials stashed!)
18:34:06 [STASH_COMPACT] §f                §3§l>>> §3§lCLICK HERE§b to pick them up! §3§l<<<
18:34:06 [STASH_COMPACT]   
18:35:07 [STASH_COMPACT] §f               §7You have §313,280 §7materials stashed away!
18:35:07 [STASH_COMPACT] §f              §8(This totals 4 types of materials stashed!)
18:35:07 [STASH_COMPACT] §f                §3§l>>> §3§lCLICK HERE§b to pick them up! §3§l<<<
18:35:07 [STASH_COMPACT]   
18:36:08 [STASH_COMPACT] §f               §7You have §313,280 §7materials stashed away!
18:36:08 [STASH_COMPACT] §f              §8(This totals 4 types of materials stashed!)
18:36:08 [STASH_COMPACT] §f                §3§l>>> §3§lCLICK HERE§b to pick them up! §3§l<<<
18:36:08 [STASH_COMPACT]   
18:37:08 [STASH_COMPACT] §f               §7You have §313,280 §7materials stashed away!
18:37:08 [STASH_COMPACT] §f              §8(This totals 4 types of materials stashed!)
18:37:08 [STASH_COMPACT] §f                §3§l>>> §3§lCLICK HERE§b to pick them up! §3§l<<<
18:37:08 [STASH_COMPACT]   
18:38:09 [STASH_COMPACT] §f               §7You have §313,280 §7materials stashed away!
18:38:09 [STASH_COMPACT] §f              §8(This totals 4 types of materials stashed!)
18:38:09 [STASH_COMPACT] §f                §3§l>>> §3§lCLICK HERE§b to pick them up! §3§l<<<
18:38:09 [STASH_COMPACT]   
18:39:09 [STASH_COMPACT] §f               §7You have §313,280 §7materials stashed away!
18:39:09 [STASH_COMPACT] §f              §8(This totals 4 types of materials stashed!)
18:39:09 [STASH_COMPACT] §f                §3§l>>> §3§lCLICK HERE§b to pick them up! §3§l<<<
18:39:09 [STASH_COMPACT]   
18:40:10 [STASH_COMPACT] §f               §7You have §313,280 §7materials stashed away!
18:40:10 [STASH_COMPACT] §f              §8(This totals 4 types of materials stashed!)
18:40:10 [STASH_COMPACT] §f                §3§l>>> §3§lCLICK HERE§b to pick them up! §3§l<<<
18:40:10 [STASH_COMPACT]   
18:41:10 [STASH_COMPACT] §f               §7You have §313,280 §7materials stashed away!
18:41:10 [STASH_COMPACT] §f              §8(This totals 4 types of materials stashed!)
18:41:10 [STASH_COMPACT] §f                §3§l>>> §3§lCLICK HERE§b to pick them up! §3§l<<<
18:41:10 [STASH_COMPACT]   
18:42:11 [STASH_COMPACT] §f               §7You have §313,280 §7materials stashed away!
18:42:11 [STASH_COMPACT] §f              §8(This totals 4 types of materials stashed!)
18:42:11 [STASH_COMPACT] §f                §3§l>>> §3§lCLICK HERE§b to pick them up! §3§l<<<
18:42:11 [STASH_COMPACT]   
18:43:11 [STASH_COMPACT] §f               §7You have §313,280 §7materials stashed away!
18:43:11 [STASH_COMPACT] §f              §8(This totals 4 types of materials stashed!)
18:43:11 [STASH_COMPACT] §f                §3§l>>> §3§lCLICK HERE§b to pick them up! §3§l<<<
18:43:11 [STASH_COMPACT]   
18:44:04 [STASH_COMPACT] §f               §7You have §313,280 §7materials stashed away!
18:44:04 [STASH_COMPACT] §f              §8(This totals 4 types of materials stashed!)
18:44:04 [STASH_COMPACT] §f                §3§l>>> §3§lCLICK HERE§b to pick them up! §3§l<<<
18:44:04 [STASH_COMPACT]   
18:44:56 [STASH_COMPACT] §f               §7You have §313,280 §7materials stashed away!
18:44:56 [STASH_COMPACT] §f              §8(This totals 4 types of materials stashed!)
18:44:56 [STASH_COMPACT] §f                §3§l>>> §3§lCLICK HERE§b to pick them up! §3§l<<<
18:44:56 [STASH_COMPACT]   
18:45:58 [STASH_COMPACT] §f               §7You have §313,280 §7materials stashed away!
18:45:58 [STASH_COMPACT] §f              §8(This totals 4 types of materials stashed!)
18:45:58 [STASH_COMPACT] §f                §3§l>>> §3§lCLICK HERE§b to pick them up! §3§l<<<
18:45:58 [STASH_COMPACT]   
18:46:58 [STASH_COMPACT] §f               §7You have §313,280 §7materials stashed away!
18:46:58 [STASH_COMPACT] §f              §8(This totals 4 types of materials stashed!)
18:46:58 [STASH_COMPACT] §f                §3§l>>> §3§lCLICK HERE§b to pick them up! §3§l<<<
18:46:58 [STASH_COMPACT]   
18:47:59 [STASH_COMPACT] §f               §7You have §313,280 §7materials stashed away!
18:47:59 [STASH_COMPACT] §f              §8(This totals 4 types of materials stashed!)
18:47:59 [STASH_COMPACT] §f                §3§l>>> §3§lCLICK HERE§b to pick them up! §3§l<<<
18:47:59 [STASH_COMPACT]   
18:48:54 [BESTIARY] §f                                  §6§lBESTIARY
18:48:54 [BESTIARY] §f                          §b§lCellar Spider §7§8X §8➡§b §bXI
18:48:54 [BESTIARY] 
18:48:54 [BESTIARY] §f                                  §r§6§lREWARDS
18:48:54 [BESTIARY] §f                      §r§8+§r§a4 Cellar Spider §r§b✯ Magic Find
18:48:54 [BESTIARY] §f                      §r§8+§r§a4 Cellar Spider §r§c❁ Strength
18:48:54 [BESTIARY] §f                          §r§8+§r§62% §r§aCellar Spider §r§7coins
18:48:54 [BESTIARY] §f                    §r§8+§r§a50% §r§7chance for extra XP orbs
18:48:54 [BESTIARY] §f                               §r§8+§r§b1 SkyBlock XP
18:48:54 [BESTIARY] 
18:48:54 [BESTIARY] §3§l▬▬▬▬▬▬▬▬▬▬▬▬▬▬▬▬▬▬▬▬▬▬▬▬▬▬▬▬▬▬▬▬▬▬▬▬▬▬▬▬▬▬▬▬▬▬▬▬▬▬▬▬▬▬▬▬▬▬▬▬▬▬▬▬
18:49:00 [STASH_COMPACT] §f               §7You have §313,280 §7materials stashed away!
18:49:00 [STASH_COMPACT] §f              §8(This totals 4 types of materials stashed!)
18:49:00 [STASH_COMPACT] §f                §3§l>>> §3§lCLICK HERE§b to pick them up! §3§l<<<
18:49:00 [STASH_COMPACT]   
18:50:00 [STASH_COMPACT] §f               §7You have §313,280 §7materials stashed away!
18:50:00 [STASH_COMPACT] §f              §8(This totals 4 types of materials stashed!)
18:50:00 [STASH_COMPACT] §f                §3§l>>> §3§lCLICK HERE§b to pick them up! §3§l<<<
18:50:00 [STASH_COMPACT]   
18:51:03 [STASH_COMPACT] §f               §7You have §313,280 §7materials stashed away!
18:51:03 [STASH_COMPACT] §f              §8(This totals 4 types of materials stashed!)
18:51:03 [STASH_COMPACT] §f                §3§l>>> §3§lCLICK HERE§b to pick them up! §3§l<<<
18:51:03 [STASH_COMPACT]   
18:52:04 [STASH_COMPACT] §f               §7You have §313,280 §7materials stashed away!
18:52:04 [STASH_COMPACT] §f              §8(This totals 4 types of materials stashed!)
18:52:04 [STASH_COMPACT] §f                §3§l>>> §3§lCLICK HERE§b to pick them up! §3§l<<<
18:52:04 [STASH_COMPACT]   
18:53:05 [STASH_COMPACT] §f               §7You have §313,280 §7materials stashed away!
18:53:05 [STASH_COMPACT] §f              §8(This totals 4 types of materials stashed!)
18:53:05 [STASH_COMPACT] §f                §3§l>>> §3§lCLICK HERE§b to pick them up! §3§l<<<
18:53:05 [STASH_COMPACT]   
18:54:05 [STASH_COMPACT] §f               §7You have §313,280 §7materials stashed away!
18:54:05 [STASH_COMPACT] §f              §8(This totals 4 types of materials stashed!)
18:54:05 [STASH_COMPACT] §f                §3§l>>> §3§lCLICK HERE§b to pick them up! §3§l<<<
18:54:05 [STASH_COMPACT]   
18:55:01 [STASH_COMPACT] §f               §7You have §313,280 §7materials stashed away!
18:55:01 [STASH_COMPACT] §f              §8(This totals 4 types of materials stashed!)
18:55:01 [STASH_COMPACT] §f                §3§l>>> §3§lCLICK HERE§b to pick them up! §3§l<<<
18:55:01 [STASH_COMPACT]   
18:55:06 [STASH_COMPACT] §f               §7You have §313,280 §7materials stashed away!
18:55:06 [STASH_COMPACT] §f              §8(This totals 4 types of materials stashed!)
18:55:06 [STASH_COMPACT] §f                §3§l>>> §3§lCLICK HERE§b to pick them up! §3§l<<<
18:55:06 [STASH_COMPACT]   
18:56:06 [STASH_COMPACT] §f               §7You have §313,280 §7materials stashed away!
18:56:06 [STASH_COMPACT] §f              §8(This totals 4 types of materials stashed!)
18:56:06 [STASH_COMPACT] §f                §3§l>>> §3§lCLICK HERE§b to pick them up! §3§l<<<
18:56:06 [STASH_COMPACT]   
18:57:09 [STASH_COMPACT] §f               §7You have §313,280 §7materials stashed away!
18:57:09 [STASH_COMPACT] §f              §8(This totals 4 types of materials stashed!)
18:57:09 [STASH_COMPACT] §f                §3§l>>> §3§lCLICK HERE§b to pick them up! §3§l<<<
18:57:09 [STASH_COMPACT]   
18:58:10 [STASH_COMPACT] §f               §7You have §313,280 §7materials stashed away!
18:58:10 [STASH_COMPACT] §f              §8(This totals 4 types of materials stashed!)
18:58:10 [STASH_COMPACT] §f                §3§l>>> §3§lCLICK HERE§b to pick them up! §3§l<<<
18:58:10 [STASH_COMPACT]   
18:59:10 [STASH_COMPACT] §f               §7You have §313,280 §7materials stashed away!
18:59:10 [STASH_COMPACT] §f              §8(This totals 4 types of materials stashed!)
18:59:10 [STASH_COMPACT] §f                §3§l>>> §3§lCLICK HERE§b to pick them up! §3§l<<<
18:59:10 [STASH_COMPACT]   
19:00:11 [STASH_COMPACT] §f               §7You have §313,280 §7materials stashed away!
19:00:11 [STASH_COMPACT] §f              §8(This totals 4 types of materials stashed!)
19:00:11 [STASH_COMPACT] §f                §3§l>>> §3§lCLICK HERE§b to pick them up! §3§l<<<
19:00:11 [STASH_COMPACT]   
19:01:11 [STASH_COMPACT] §f               §7You have §313,280 §7materials stashed away!
19:01:11 [STASH_COMPACT] §f              §8(This totals 4 types of materials stashed!)
19:01:11 [STASH_COMPACT] §f                §3§l>>> §3§lCLICK HERE§b to pick them up! §3§l<<<
19:01:11 [STASH_COMPACT]   
19:02:12 [STASH_COMPACT] §f               §7You have §313,280 §7materials stashed away!
19:02:12 [STASH_COMPACT] §f              §8(This totals 4 types of materials stashed!)
19:02:12 [STASH_COMPACT] §f                §3§l>>> §3§lCLICK HERE§b to pick them up! §3§l<<<
19:02:12 [STASH_COMPACT]   
19:03:12 [STASH_COMPACT] §f               §7You have §313,280 §7materials stashed away!
19:03:12 [STASH_COMPACT] §f              §8(This totals 4 types of materials stashed!)
19:03:12 [STASH_COMPACT] §f                §3§l>>> §3§lCLICK HERE§b to pick them up! §3§l<<<
19:03:12 [STASH_COMPACT]   
19:04:14 [STASH_COMPACT] §f               §7You have §313,280 §7materials stashed away!
19:04:14 [STASH_COMPACT] §f              §8(This totals 4 types of materials stashed!)
19:04:14 [STASH_COMPACT] §f                §3§l>>> §3§lCLICK HERE§b to pick them up! §3§l<<<
19:04:14 [STASH_COMPACT]   
19:05:15 [STASH_COMPACT] §f               §7You have §313,280 §7materials stashed away!
19:05:15 [STASH_COMPACT] §f              §8(This totals 4 types of materials stashed!)
19:05:15 [STASH_COMPACT] §f                §3§l>>> §3§lCLICK HERE§b to pick them up! §3§l<<<
19:05:15 [STASH_COMPACT]   
19:06:02 [STASH_COMPACT] §f               §7You have §313,280 §7materials stashed away!
19:06:02 [STASH_COMPACT] §f              §8(This totals 4 types of materials stashed!)
19:06:02 [STASH_COMPACT] §f                §3§l>>> §3§lCLICK HERE§b to pick them up! §3§l<<<
19:06:02 [STASH_COMPACT]   
19:07:03 [STASH_COMPACT] §f               §7You have §313,280 §7materials stashed away!
19:07:03 [STASH_COMPACT] §f              §8(This totals 4 types of materials stashed!)
19:07:03 [STASH_COMPACT] §f                §3§l>>> §3§lCLICK HERE§b to pick them up! §3§l<<<
19:07:03 [STASH_COMPACT]   
19:08:03 [STASH_COMPACT] §f               §7You have §313,280 §7materials stashed away!
19:08:03 [STASH_COMPACT] §f              §8(This totals 4 types of materials stashed!)
19:08:03 [STASH_COMPACT] §f                §3§l>>> §3§lCLICK HERE§b to pick them up! §3§l<<<
19:08:03 [STASH_COMPACT]   
19:09:04 [STASH_COMPACT] §f               §7You have §313,280 §7materials stashed away!
19:09:04 [STASH_COMPACT] §f              §8(This totals 4 types of materials stashed!)
19:09:04 [STASH_COMPACT] §f                §3§l>>> §3§lCLICK HERE§b to pick them up! §3§l<<<
19:09:04 [STASH_COMPACT]   
19:10:07 [STASH_COMPACT] §f               §7You have §313,280 §7materials stashed away!
19:10:07 [STASH_COMPACT] §f              §8(This totals 4 types of materials stashed!)
19:10:07 [STASH_COMPACT] §f                §3§l>>> §3§lCLICK HERE§b to pick them up! §3§l<<<
19:10:07 [STASH_COMPACT]   
19:10:29 [STASH_COMPACT] §f               §7You have §313,280 §7materials stashed away!
19:10:29 [STASH_COMPACT] §f              §8(This totals 4 types of materials stashed!)
19:10:29 [STASH_COMPACT] §f                §3§l>>> §3§lCLICK HERE§b to pick them up! §3§l<<<
19:10:29 [STASH_COMPACT]   
19:10:30 [BESTIARY] §f                                  §6§lBESTIARY
19:10:30 [BESTIARY] §f                          §b§lMagma Cube §7§8XI §8➡§b §bXII
19:10:30 [BESTIARY] 
19:10:30 [BESTIARY] §f                                  §r§6§lREWARDS
19:10:30 [BESTIARY] §f                       §r§8+§r§a4 Magma Cube §r§b✯ Magic Find
19:10:30 [BESTIARY] §f                       §r§8+§r§a4 Magma Cube §r§c❁ Strength
19:10:30 [BESTIARY] §f                           §r§8+§r§62% §r§aMagma Cube §r§7coins
19:10:30 [BESTIARY] §f                    §r§8+§r§a50% §r§7chance for extra XP orbs
19:10:30 [BESTIARY] §f                               §r§8+§r§b1 SkyBlock XP
19:10:30 [BESTIARY] 
19:10:30 [BESTIARY] §3§l▬▬▬▬▬▬▬▬▬▬▬▬▬▬▬▬▬▬▬▬▬▬▬▬▬▬▬▬▬▬▬▬▬▬▬▬▬▬▬▬▬▬▬▬▬▬▬▬▬▬▬▬▬▬▬▬▬▬▬▬▬▬▬▬
19:11:30 [STASH_COMPACT] §f               §7You have §313,280 §7materials stashed away!
19:11:30 [STASH_COMPACT] §f              §8(This totals 4 types of materials stashed!)
19:11:30 [STASH_COMPACT] §f                §3§l>>> §3§lCLICK HERE§b to pick them up! §3§l<<<
19:11:30 [STASH_COMPACT]   
19:12:31 [STASH_COMPACT] §f               §7You have §313,280 §7materials stashed away!
19:12:31 [STASH_COMPACT] §f              §8(This totals 4 types of materials stashed!)
19:12:31 [STASH_COMPACT] §f                §3§l>>> §3§lCLICK HERE§b to pick them up! §3§l<<<
19:12:31 [STASH_COMPACT]   
19:13:33 [STASH_COMPACT] §f               §7You have §313,280 §7materials stashed away!
19:13:33 [STASH_COMPACT] §f              §8(This totals 4 types of materials stashed!)
19:13:33 [STASH_COMPACT] §f                §3§l>>> §3§lCLICK HERE§b to pick them up! §3§l<<<
19:13:33 [STASH_COMPACT]   
19:14:34 [STASH_COMPACT] §f               §7You have §313,280 §7materials stashed away!
19:14:34 [STASH_COMPACT] §f              §8(This totals 4 types of materials stashed!)
19:14:34 [STASH_COMPACT] §f                §3§l>>> §3§lCLICK HERE§b to pick them up! §3§l<<<
19:14:34 [STASH_COMPACT]   
19:15:35 [STASH_COMPACT] §f               §7You have §313,280 §7materials stashed away!
19:15:35 [STASH_COMPACT] §f              §8(This totals 4 types of materials stashed!)
19:15:35 [STASH_COMPACT] §f                §3§l>>> §3§lCLICK HERE§b to pick them up! §3§l<<<
19:15:35 [STASH_COMPACT]   
19:16:36 [STASH_COMPACT] §f               §7You have §313,280 §7materials stashed away!
19:16:36 [STASH_COMPACT] §f              §8(This totals 4 types of materials stashed!)
19:16:36 [STASH_COMPACT] §f                §3§l>>> §3§lCLICK HERE§b to pick them up! §3§l<<<
19:16:36 [STASH_COMPACT]   
19:17:23 [STASH_COMPACT] §f               §7You have §313,280 §7materials stashed away!
19:17:23 [STASH_COMPACT] §f              §8(This totals 4 types of materials stashed!)
19:17:23 [STASH_COMPACT] §f                §3§l>>> §3§lCLICK HERE§b to pick them up! §3§l<<<
19:17:23 [STASH_COMPACT]   
19:17:38 [STASH_COMPACT] §f               §7You have §313,280 §7materials stashed away!
19:17:38 [STASH_COMPACT] §f              §8(This totals 4 types of materials stashed!)
19:17:38 [STASH_COMPACT] §f                §3§l>>> §3§lCLICK HERE§b to pick them up! §3§l<<<
19:17:38 [STASH_COMPACT]   
19:17:43 [BESTIARY] §f                                  §6§lBESTIARY
19:17:43 [BESTIARY] §f                                   §b§lGhast §7§bI
19:17:43 [BESTIARY] 
19:17:43 [BESTIARY] §f                                  §r§6§lREWARDS
19:17:43 [BESTIARY] §f                          §r§8+§r§a2 Ghast §r§b✯ Magic Find
19:17:43 [BESTIARY] §f                           §r§8+§r§a2 Ghast §r§c❁ Strength
19:17:43 [BESTIARY] §f                              §r§8+§r§62% §r§aGhast §r§7coins
19:17:43 [BESTIARY] §f                    §r§8+§r§a50% §r§7chance for extra XP orbs
19:17:43 [BESTIARY] §f                               §r§8+§r§b1 SkyBlock XP
19:17:43 [BESTIARY] 
19:17:43 [BESTIARY] §3§l▬▬▬▬▬▬▬▬▬▬▬▬▬▬▬▬▬▬▬▬▬▬▬▬▬▬▬▬▬▬▬▬▬▬▬▬▬▬▬▬▬▬▬▬▬▬▬▬▬▬▬▬▬▬▬▬▬▬▬▬▬▬▬▬
19:17:45 [BESTIARY] §f                                  §6§lBESTIARY
19:17:45 [BESTIARY] §f                                §b§lGhast §7§8I §8➡§b §bII
19:17:45 [BESTIARY] 
19:17:45 [BESTIARY] §f                                  §r§6§lREWARDS
19:17:45 [BESTIARY] §f                          §r§8+§r§a2 Ghast §r§b✯ Magic Find
19:17:45 [BESTIARY] §f                           §r§8+§r§a2 Ghast §r§c❁ Strength
19:17:45 [BESTIARY] §f                              §r§8+§r§62% §r§aGhast §r§7coins
19:17:45 [BESTIARY] §f                    §r§8+§r§a50% §r§7chance for extra XP orbs
19:17:45 [BESTIARY] §f                               §r§8+§r§b1 SkyBlock XP
19:17:45 [BESTIARY] 
19:17:45 [BESTIARY] §3§l▬▬▬▬▬▬▬▬▬▬▬▬▬▬▬▬▬▬▬▬▬▬▬▬▬▬▬▬▬▬▬▬▬▬▬▬▬▬▬▬▬▬▬▬▬▬▬▬▬▬▬▬▬▬▬▬▬▬▬▬▬▬▬▬
19:17:51 [BESTIARY] §f                                  §6§lBESTIARY
19:17:51 [BESTIARY] §f                               §b§lGhast §7§8II §8➡§b §bIII
19:17:51 [BESTIARY] 
19:17:51 [BESTIARY] §f                                  §r§6§lREWARDS
19:17:51 [BESTIARY] §f                          §r§8+§r§a2 Ghast §r§b✯ Magic Find
19:17:51 [BESTIARY] §f                           §r§8+§r§a2 Ghast §r§c❁ Strength
19:17:51 [BESTIARY] §f                              §r§8+§r§62% §r§aGhast §r§7coins
19:17:51 [BESTIARY] §f                    §r§8+§r§a50% §r§7chance for extra XP orbs
19:17:51 [BESTIARY] §f                               §r§8+§r§b1 SkyBlock XP
19:17:51 [BESTIARY] 
19:17:51 [BESTIARY] §3§l▬▬▬▬▬▬▬▬▬▬▬▬▬▬▬▬▬▬▬▬▬▬▬▬▬▬▬▬▬▬▬▬▬▬▬▬▬▬▬▬▬▬▬▬▬▬▬▬▬▬▬▬▬▬▬▬▬▬▬▬▬▬▬▬
19:17:57 [BESTIARY] §f                                  §6§lBESTIARY
19:17:57 [BESTIARY] §f                               §b§lGhast §7§8III §8➡§b §bIV
19:17:57 [BESTIARY] 
19:17:57 [BESTIARY] §f                                  §r§6§lREWARDS
19:17:57 [BESTIARY] §f                          §r§8+§r§a2 Ghast §r§b✯ Magic Find
19:17:57 [BESTIARY] §f                           §r§8+§r§a2 Ghast §r§c❁ Strength
19:17:57 [BESTIARY] §f                              §r§8+§r§62% §r§aGhast §r§7coins
19:17:57 [BESTIARY] §f                    §r§8+§r§a50% §r§7chance for extra XP orbs
19:17:57 [BESTIARY] §f                               §r§8+§r§b1 SkyBlock XP
19:17:57 [BESTIARY] 
19:17:57 [BESTIARY] §3§l▬▬▬▬▬▬▬▬▬▬▬▬▬▬▬▬▬▬▬▬▬▬▬▬▬▬▬▬▬▬▬▬▬▬▬▬▬▬▬▬▬▬▬▬▬▬▬▬▬▬▬▬▬▬▬▬▬▬▬▬▬▬▬▬
19:18:12 [BESTIARY] §f                                  §6§lBESTIARY
19:18:12 [BESTIARY] §f                               §b§lGhast §7§8IV §8➡§b §bV
19:18:12 [BESTIARY] 
19:18:12 [BESTIARY] §f                                  §r§6§lREWARDS
19:18:12 [BESTIARY] §f                          §r§8+§r§a2 Ghast §r§b✯ Magic Find
19:18:12 [BESTIARY] §f                           §r§8+§r§a2 Ghast §r§c❁ Strength
19:18:12 [BESTIARY] §f                              §r§8+§r§62% §r§aGhast §r§7coins
19:18:12 [BESTIARY] §f                    §r§8+§r§a50% §r§7chance for extra XP orbs
19:18:12 [BESTIARY] §f                               §r§8+§r§b1 SkyBlock XP
19:18:12 [BESTIARY] 
19:18:12 [BESTIARY]   §r§f                         §6§lBESTIARY MILESTONE
19:18:12 [BESTIARY]   §r§f                                   §8CII➡§eCIII
19:18:12 [BESTIARY] 
19:18:12 [BESTIARY] §3§l▬▬▬▬▬▬▬▬▬▬▬▬▬▬▬▬▬▬▬▬▬▬▬▬▬▬▬▬▬▬▬▬▬▬▬▬▬▬▬▬▬▬▬▬▬▬▬▬▬▬▬▬▬▬▬▬▬▬▬▬▬▬▬▬
19:18:25 [BESTIARY] §f                                  §6§lBESTIARY
19:18:25 [BESTIARY] §f                               §b§lGhast §7§8V §8➡§b §bVI
19:18:25 [BESTIARY] 
19:18:25 [BESTIARY] §f                                  §r§6§lREWARDS
19:18:25 [BESTIARY] §f                          §r§8+§r§a3 Ghast §r§b✯ Magic Find
19:18:25 [BESTIARY] §f                           §r§8+§r§a3 Ghast §r§c❁ Strength
19:18:25 [BESTIARY] §f                              §r§8+§r§62% §r§aGhast §r§7coins
19:18:25 [BESTIARY] §f                    §r§8+§r§a50% §r§7chance for extra XP orbs
19:18:25 [BESTIARY] §f                               §r§8+§r§b1 SkyBlock XP
19:18:25 [BESTIARY] 
19:18:25 [BESTIARY] §3§l▬▬▬▬▬▬▬▬▬▬▬▬▬▬▬▬▬▬▬▬▬▬▬▬▬▬▬▬▬▬▬▬▬▬▬▬▬▬▬▬▬▬▬▬▬▬▬▬▬▬▬▬▬▬▬▬▬▬▬▬▬▬▬▬
19:18:39 [STASH_COMPACT] §f               §7You have §313,280 §7materials stashed away!
19:18:39 [STASH_COMPACT] §f              §8(This totals 4 types of materials stashed!)
19:18:39 [STASH_COMPACT] §f                §3§l>>> §3§lCLICK HERE§b to pick them up! §3§l<<<
19:18:39 [STASH_COMPACT]   
19:18:46 [BESTIARY] §f                                  §6§lBESTIARY
19:18:46 [BESTIARY] §f                              §b§lGhast §7§8VI §8➡§b §bVII
19:18:46 [BESTIARY] 
19:18:46 [BESTIARY] §f                                  §r§6§lREWARDS
19:18:46 [BESTIARY] §f                          §r§8+§r§a3 Ghast §r§b✯ Magic Find
19:18:46 [BESTIARY] §f                           §r§8+§r§a3 Ghast §r§c❁ Strength
19:18:46 [BESTIARY] §f                              §r§8+§r§62% §r§aGhast §r§7coins
19:18:46 [BESTIARY] §f                    §r§8+§r§a50% §r§7chance for extra XP orbs
19:18:46 [BESTIARY] §f                               §r§8+§r§b1 SkyBlock XP
19:18:46 [BESTIARY] 
19:18:46 [BESTIARY] §3§l▬▬▬▬▬▬▬▬▬▬▬▬▬▬▬▬▬▬▬▬▬▬▬▬▬▬▬▬▬▬▬▬▬▬▬▬▬▬▬▬▬▬▬▬▬▬▬▬▬▬▬▬▬▬▬▬▬▬▬▬▬▬▬▬
19:19:15 [BESTIARY] §f                                  §6§lBESTIARY
19:19:15 [BESTIARY] §f                             §b§lGhast §7§8VII §8➡§b §bVIII
19:19:15 [BESTIARY] 
19:19:15 [BESTIARY] §f                                  §r§6§lREWARDS
19:19:15 [BESTIARY] §f                          §r§8+§r§a3 Ghast §r§b✯ Magic Find
19:19:15 [BESTIARY] §f                           §r§8+§r§a3 Ghast §r§c❁ Strength
19:19:15 [BESTIARY] §f                              §r§8+§r§62% §r§aGhast §r§7coins
19:19:15 [BESTIARY] §f                    §r§8+§r§a50% §r§7chance for extra XP orbs
19:19:15 [BESTIARY] §f                               §r§8+§r§b1 SkyBlock XP
19:19:15 [BESTIARY] 
19:19:15 [BESTIARY] §3§l▬▬▬▬▬▬▬▬▬▬▬▬▬▬▬▬▬▬▬▬▬▬▬▬▬▬▬▬▬▬▬▬▬▬▬▬▬▬▬▬▬▬▬▬▬▬▬▬▬▬▬▬▬▬▬▬▬▬▬▬▬▬▬▬
19:19:40 [STASH_COMPACT] §f               §7You have §313,280 §7materials stashed away!
19:19:40 [STASH_COMPACT] §f              §8(This totals 4 types of materials stashed!)
19:19:40 [STASH_COMPACT] §f                §3§l>>> §3§lCLICK HERE§b to pick them up! §3§l<<<
19:19:40 [STASH_COMPACT]   
19:20:42 [STASH_COMPACT] §f               §7You have §313,280 §7materials stashed away!
19:20:42 [STASH_COMPACT] §f              §8(This totals 4 types of materials stashed!)
19:20:42 [STASH_COMPACT] §f                §3§l>>> §3§lCLICK HERE§b to pick them up! §3§l<<<
19:20:42 [STASH_COMPACT]   
19:21:13 [STASH_COMPACT] §f               §7You have §313,280 §7materials stashed away!
19:21:13 [STASH_COMPACT] §f              §8(This totals 4 types of materials stashed!)
19:21:13 [STASH_COMPACT] §f                §3§l>>> §3§lCLICK HERE§b to pick them up! §3§l<<<
19:21:13 [STASH_COMPACT]   
19:22:15 [STASH_COMPACT] §f               §7You have §313,280 §7materials stashed away!
19:22:15 [STASH_COMPACT] §f              §8(This totals 4 types of materials stashed!)
19:22:15 [STASH_COMPACT] §f                §3§l>>> §3§lCLICK HERE§b to pick them up! §3§l<<<
19:22:15 [STASH_COMPACT]   
19:23:15 [STASH_COMPACT] §f               §7You have §313,280 §7materials stashed away!
19:23:15 [STASH_COMPACT] §f              §8(This totals 4 types of materials stashed!)
19:23:15 [STASH_COMPACT] §f                §3§l>>> §3§lCLICK HERE§b to pick them up! §3§l<<<
19:23:15 [STASH_COMPACT]   
19:24:43 [STASH_COMPACT] §f               §7You have §313,280 §7materials stashed away!
19:24:43 [STASH_COMPACT] §f              §8(This totals 4 types of materials stashed!)
19:24:43 [STASH_COMPACT] §f                §3§l>>> §3§lCLICK HERE§b to pick them up! §3§l<<<
19:24:43 [STASH_COMPACT]   
19:27:37 [STASH_COMPACT] §f               §7You have §313,280 §7materials stashed away!
19:27:37 [STASH_COMPACT] §f              §8(This totals 4 types of materials stashed!)
19:27:37 [STASH_COMPACT] §f                §3§l>>> §3§lCLICK HERE§b to pick them up! §3§l<<<
19:27:37 [STASH_COMPACT]   
19:29:11 [STASH_COMPACT] §f               §7You have §313,280 §7materials stashed away!
19:29:11 [STASH_COMPACT] §f              §8(This totals 4 types of materials stashed!)
19:29:11 [STASH_COMPACT] §f                §3§l>>> §3§lCLICK HERE§b to pick them up! §3§l<<<
19:29:11 [STASH_COMPACT]   
19:30:14 [STASH_COMPACT] §f               §7You have §313,280 §7materials stashed away!
19:30:14 [STASH_COMPACT] §f              §8(This totals 4 types of materials stashed!)
19:30:14 [STASH_COMPACT] §f                §3§l>>> §3§lCLICK HERE§b to pick them up! §3§l<<<
19:30:14 [STASH_COMPACT]   
19:31:15 [STASH_COMPACT] §f               §7You have §313,280 §7materials stashed away!
19:31:15 [STASH_COMPACT] §f              §8(This totals 4 types of materials stashed!)
19:31:15 [STASH_COMPACT] §f                §3§l>>> §3§lCLICK HERE§b to pick them up! §3§l<<<
19:31:15 [STASH_COMPACT]   
19:32:17 [STASH_COMPACT] §f               §7You have §313,280 §7materials stashed away!
19:32:17 [STASH_COMPACT] §f              §8(This totals 4 types of materials stashed!)
19:32:17 [STASH_COMPACT] §f                §3§l>>> §3§lCLICK HERE§b to pick them up! §3§l<<<
19:32:17 [STASH_COMPACT]   
19:33:19 [STASH_COMPACT] §f               §7You have §313,280 §7materials stashed away!
19:33:19 [STASH_COMPACT] §f              §8(This totals 4 types of materials stashed!)
19:33:19 [STASH_COMPACT] §f                §3§l>>> §3§lCLICK HERE§b to pick them up! §3§l<<<
19:33:19 [STASH_COMPACT]   
19:34:20 [STASH_COMPACT] §f               §7You have §313,280 §7materials stashed away!
19:34:20 [STASH_COMPACT] §f              §8(This totals 4 types of materials stashed!)
19:34:20 [STASH_COMPACT] §f                §3§l>>> §3§lCLICK HERE§b to pick them up! §3§l<<<
19:34:20 [STASH_COMPACT]   
19:35:22 [STASH_COMPACT] §f               §7You have §313,280 §7materials stashed away!
19:35:22 [STASH_COMPACT] §f              §8(This totals 4 types of materials stashed!)
19:35:22 [STASH_COMPACT] §f                §3§l>>> §3§lCLICK HERE§b to pick them up! §3§l<<<
19:35:22 [STASH_COMPACT]   
19:36:24 [STASH_COMPACT] §f               §7You have §313,280 §7materials stashed away!
19:36:24 [STASH_COMPACT] §f              §8(This totals 4 types of materials stashed!)
19:36:24 [STASH_COMPACT] §f                §3§l>>> §3§lCLICK HERE§b to pick them up! §3§l<<<
19:36:24 [STASH_COMPACT]   
19:37:26 [STASH_COMPACT] §f               §7You have §313,280 §7materials stashed away!
19:37:26 [STASH_COMPACT] §f              §8(This totals 4 types of materials stashed!)
19:37:26 [STASH_COMPACT] §f                §3§l>>> §3§lCLICK HERE§b to pick them up! §3§l<<<
19:37:26 [STASH_COMPACT]   
19:38:20 [STASH_COMPACT] §f               §7You have §313,280 §7materials stashed away!
19:38:20 [STASH_COMPACT] §f              §8(This totals 4 types of materials stashed!)
19:38:20 [STASH_COMPACT] §f                §3§l>>> §3§lCLICK HERE§b to pick them up! §3§l<<<
19:38:20 [STASH_COMPACT]   
19:39:31 [STASH_COMPACT] §f               §7You have §313,280 §7materials stashed away!
19:39:31 [STASH_COMPACT] §f              §8(This totals 4 types of materials stashed!)
19:39:31 [STASH_COMPACT] §f                §3§l>>> §3§lCLICK HERE§b to pick them up! §3§l<<<
19:39:31 [STASH_COMPACT]   
19:40:35 [STASH_COMPACT] §f               §7You have §313,280 §7materials stashed away!
19:40:35 [STASH_COMPACT] §f              §8(This totals 4 types of materials stashed!)
19:40:35 [STASH_COMPACT] §f                §3§l>>> §3§lCLICK HERE§b to pick them up! §3§l<<<
19:40:35 [STASH_COMPACT]   
19:41:37 [STASH_COMPACT] §f               §7You have §313,280 §7materials stashed away!
19:41:37 [STASH_COMPACT] §f              §8(This totals 4 types of materials stashed!)
19:41:37 [STASH_COMPACT] §f                §3§l>>> §3§lCLICK HERE§b to pick them up! §3§l<<<
19:41:37 [STASH_COMPACT]   
19:42:37 [STASH_COMPACT] §f               §7You have §313,280 §7materials stashed away!
19:42:37 [STASH_COMPACT] §f              §8(This totals 4 types of materials stashed!)
19:42:37 [STASH_COMPACT] §f                §3§l>>> §3§lCLICK HERE§b to pick them up! §3§l<<<
19:42:37 [STASH_COMPACT]   
19:43:39 [STASH_COMPACT] §f               §7You have §313,280 §7materials stashed away!
19:43:39 [STASH_COMPACT] §f              §8(This totals 4 types of materials stashed!)
19:43:39 [STASH_COMPACT] §f                §3§l>>> §3§lCLICK HERE§b to pick them up! §3§l<<<
19:43:39 [STASH_COMPACT]   
19:44:40 [STASH_COMPACT] §f               §7You have §313,280 §7materials stashed away!
19:44:40 [STASH_COMPACT] §f              §8(This totals 4 types of materials stashed!)
19:44:40 [STASH_COMPACT] §f                §3§l>>> §3§lCLICK HERE§b to pick them up! §3§l<<<
19:44:40 [STASH_COMPACT]   
19:45:47 [STASH_COMPACT] §f               §7You have §313,280 §7materials stashed away!
19:45:47 [STASH_COMPACT] §f              §8(This totals 4 types of materials stashed!)
19:45:47 [STASH_COMPACT] §f                §3§l>>> §3§lCLICK HERE§b to pick them up! §3§l<<<
19:45:47 [STASH_COMPACT]   
19:46:54 [STASH_COMPACT] §f               §7You have §313,280 §7materials stashed away!
19:46:54 [STASH_COMPACT] §f              §8(This totals 4 types of materials stashed!)
19:46:54 [STASH_COMPACT] §f                §3§l>>> §3§lCLICK HERE§b to pick them up! §3§l<<<
19:46:54 [STASH_COMPACT]   
19:47:56 [STASH_COMPACT] §f               §7You have §313,280 §7materials stashed away!
19:47:56 [STASH_COMPACT] §f              §8(This totals 4 types of materials stashed!)
19:47:56 [STASH_COMPACT] §f                §3§l>>> §3§lCLICK HERE§b to pick them up! §3§l<<<
19:47:56 [STASH_COMPACT]   
19:48:58 [STASH_COMPACT] §f               §7You have §313,280 §7materials stashed away!
19:48:58 [STASH_COMPACT] §f              §8(This totals 4 types of materials stashed!)
19:48:58 [STASH_COMPACT] §f                §3§l>>> §3§lCLICK HERE§b to pick them up! §3§l<<<
19:48:58 [STASH_COMPACT]   
19:50:00 [STASH_COMPACT] §f               §7You have §313,280 §7materials stashed away!
19:50:00 [STASH_COMPACT] §f              §8(This totals 4 types of materials stashed!)
19:50:00 [STASH_COMPACT] §f                §3§l>>> §3§lCLICK HERE§b to pick them up! §3§l<<<
19:50:00 [STASH_COMPACT]   
19:51:01 [STASH_COMPACT] §f               §7You have §313,280 §7materials stashed away!
19:51:01 [STASH_COMPACT] §f              §8(This totals 4 types of materials stashed!)
19:51:01 [STASH_COMPACT] §f                §3§l>>> §3§lCLICK HERE§b to pick them up! §3§l<<<
19:51:01 [STASH_COMPACT]   
19:52:02 [STASH_COMPACT] §f               §7You have §313,280 §7materials stashed away!
19:52:02 [STASH_COMPACT] §f              §8(This totals 4 types of materials stashed!)
19:52:02 [STASH_COMPACT] §f                §3§l>>> §3§lCLICK HERE§b to pick them up! §3§l<<<
19:52:02 [STASH_COMPACT]   
19:53:04 [STASH_COMPACT] §f               §7You have §313,280 §7materials stashed away!
19:53:04 [STASH_COMPACT] §f              §8(This totals 4 types of materials stashed!)
19:53:04 [STASH_COMPACT] §f                §3§l>>> §3§lCLICK HERE§b to pick them up! §3§l<<<
19:53:04 [STASH_COMPACT]   
19:54:03 [STASH_COMPACT] §f               §7You have §313,280 §7materials stashed away!
19:54:03 [STASH_COMPACT] §f              §8(This totals 4 types of materials stashed!)
19:54:03 [STASH_COMPACT] §f                §3§l>>> §3§lCLICK HERE§b to pick them up! §3§l<<<
19:54:03 [STASH_COMPACT]   
19:55:03 [STASH_COMPACT] §f               §7You have §313,280 §7materials stashed away!
19:55:03 [STASH_COMPACT] §f              §8(This totals 4 types of materials stashed!)
19:55:03 [STASH_COMPACT] §f                §3§l>>> §3§lCLICK HERE§b to pick them up! §3§l<<<
19:55:03 [STASH_COMPACT]   
19:56:03 [STASH_COMPACT] §f               §7You have §313,280 §7materials stashed away!
19:56:03 [STASH_COMPACT] §f              §8(This totals 4 types of materials stashed!)
19:56:03 [STASH_COMPACT] §f                §3§l>>> §3§lCLICK HERE§b to pick them up! §3§l<<<
19:56:03 [STASH_COMPACT]   
19:57:03 [STASH_COMPACT] §f               §7You have §313,280 §7materials stashed away!
19:57:03 [STASH_COMPACT] §f              §8(This totals 4 types of materials stashed!)
19:57:03 [STASH_COMPACT] §f                §3§l>>> §3§lCLICK HERE§b to pick them up! §3§l<<<
19:57:03 [STASH_COMPACT]   
19:58:04 [STASH_COMPACT] §f               §7You have §313,280 §7materials stashed away!
19:58:04 [STASH_COMPACT] §f              §8(This totals 4 types of materials stashed!)
19:58:04 [STASH_COMPACT] §f                §3§l>>> §3§lCLICK HERE§b to pick them up! §3§l<<<
19:58:04 [STASH_COMPACT]   
19:59:04 [STASH_COMPACT] §f               §7You have §313,280 §7materials stashed away!
19:59:04 [STASH_COMPACT] §f              §8(This totals 4 types of materials stashed!)
19:59:04 [STASH_COMPACT] §f                §3§l>>> §3§lCLICK HERE§b to pick them up! §3§l<<<
19:59:04 [STASH_COMPACT]   
20:00:04 [STASH_COMPACT] §f               §7You have §313,280 §7materials stashed away!
20:00:04 [STASH_COMPACT] §f              §8(This totals 4 types of materials stashed!)
20:00:04 [STASH_COMPACT] §f                §3§l>>> §3§lCLICK HERE§b to pick them up! §3§l<<<
20:00:04 [STASH_COMPACT]   
20:01:04 [STASH_COMPACT] §f               §7You have §313,280 §7materials stashed away!
20:01:04 [STASH_COMPACT] §f              §8(This totals 4 types of materials stashed!)
20:01:04 [STASH_COMPACT] §f                §3§l>>> §3§lCLICK HERE§b to pick them up! §3§l<<<
20:01:04 [STASH_COMPACT]   
20:02:04 [STASH_COMPACT] §f               §7You have §313,280 §7materials stashed away!
20:02:04 [STASH_COMPACT] §f              §8(This totals 4 types of materials stashed!)
20:02:04 [STASH_COMPACT] §f                §3§l>>> §3§lCLICK HERE§b to pick them up! §3§l<<<
20:02:04 [STASH_COMPACT]   
20:03:04 [STASH_COMPACT] §f               §7You have §313,280 §7materials stashed away!
20:03:04 [STASH_COMPACT] §f              §8(This totals 4 types of materials stashed!)
20:03:04 [STASH_COMPACT] §f                §3§l>>> §3§lCLICK HERE§b to pick them up! §3§l<<<
20:03:04 [STASH_COMPACT]   
20:04:04 [STASH_COMPACT] §f               §7You have §313,280 §7materials stashed away!
20:04:04 [STASH_COMPACT] §f              §8(This totals 4 types of materials stashed!)
20:04:04 [STASH_COMPACT] §f                §3§l>>> §3§lCLICK HERE§b to pick them up! §3§l<<<
20:04:04 [STASH_COMPACT]   
20:05:06 [STASH_COMPACT] §f               §7You have §313,280 §7materials stashed away!
20:05:06 [STASH_COMPACT] §f              §8(This totals 4 types of materials stashed!)
20:05:06 [STASH_COMPACT] §f                §3§l>>> §3§lCLICK HERE§b to pick them up! §3§l<<<
20:05:06 [STASH_COMPACT]   
20:06:04 [STASH_COMPACT] §f               §7You have §313,280 §7materials stashed away!
20:06:04 [STASH_COMPACT] §f              §8(This totals 4 types of materials stashed!)
20:06:04 [STASH_COMPACT] §f                §3§l>>> §3§lCLICK HERE§b to pick them up! §3§l<<<
20:06:04 [STASH_COMPACT]   
20:07:04 [STASH_COMPACT] §f               §7You have §313,280 §7materials stashed away!
20:07:04 [STASH_COMPACT] §f              §8(This totals 4 types of materials stashed!)
20:07:04 [STASH_COMPACT] §f                §3§l>>> §3§lCLICK HERE§b to pick them up! §3§l<<<
20:07:04 [STASH_COMPACT]   
20:08:06 [STASH_COMPACT] §f               §7You have §313,280 §7materials stashed away!
20:08:06 [STASH_COMPACT] §f              §8(This totals 4 types of materials stashed!)
20:08:06 [STASH_COMPACT] §f                §3§l>>> §3§lCLICK HERE§b to pick them up! §3§l<<<
20:08:06 [STASH_COMPACT]   
20:09:04 [STASH_COMPACT] §f               §7You have §313,280 §7materials stashed away!
20:09:04 [STASH_COMPACT] §f              §8(This totals 4 types of materials stashed!)
20:09:04 [STASH_COMPACT] §f                §3§l>>> §3§lCLICK HERE§b to pick them up! §3§l<<<
20:09:04 [STASH_COMPACT]   
20:10:04 [STASH_COMPACT] §f               §7You have §313,280 §7materials stashed away!
20:10:04 [STASH_COMPACT] §f              §8(This totals 4 types of materials stashed!)
20:10:04 [STASH_COMPACT] §f                §3§l>>> §3§lCLICK HERE§b to pick them up! §3§l<<<
20:10:04 [STASH_COMPACT]   
20:11:06 [STASH_COMPACT] §f               §7You have §313,280 §7materials stashed away!
20:11:06 [STASH_COMPACT] §f              §8(This totals 4 types of materials stashed!)
20:11:06 [STASH_COMPACT] §f                §3§l>>> §3§lCLICK HERE§b to pick them up! §3§l<<<
20:11:06 [STASH_COMPACT]   
20:12:04 [STASH_COMPACT] §f               §7You have §313,280 §7materials stashed away!
20:12:04 [STASH_COMPACT] §f              §8(This totals 4 types of materials stashed!)
20:12:04 [STASH_COMPACT] §f                §3§l>>> §3§lCLICK HERE§b to pick them up! §3§l<<<
20:12:04 [STASH_COMPACT]   
20:13:04 [STASH_COMPACT] §f               §7You have §313,280 §7materials stashed away!
20:13:04 [STASH_COMPACT] §f              §8(This totals 4 types of materials stashed!)
20:13:04 [STASH_COMPACT] §f                §3§l>>> §3§lCLICK HERE§b to pick them up! §3§l<<<
20:13:04 [STASH_COMPACT]   
