15:51:02 §e[SkyHanni] Reloaded 7558 items in the NEU repo§r
15:51:25 §d§l▬▬▬▬▬▬▬▬▬▬▬▬▬▬▬▬▬▬▬▬▬▬▬▬▬▬▬▬▬▬▬▬▬▬▬▬▬▬▬▬▬▬▬▬▬▬▬▬▬▬▬▬▬▬▬▬▬▬▬▬▬▬▬▬
                          §d§lHoppity's Hunt #88 Stats

    §7You found §b15§7/§a330 §6Chocolate Meal Eggs§7.

    §7Unique Rabbits: §f13
     §f11 §7- §a1 §7- §91 §7- §50 §7- §60 §7- §d0 §7- §b0

    §7Duplicate Rabbits: §f2
     §f2 §7- §a0 §7- §90 §7- §50 §7- §60 §7- §d0 §7- §b0
     §6+2,145,124 Chocolate

    §7You spent §b2m 8s §7in the §6Chocolate Factory§7.
    §7Leaderboard: §b#419,124 §c-> §b#409,845
     §7(§a+9,279 spots§7) §7Top §a5.33% §c-> §7Top §a5.21%
§d§l▬▬▬▬▬▬▬▬▬▬▬▬▬▬▬▬▬▬▬▬▬▬▬▬▬▬▬▬▬▬▬▬▬▬▬▬▬▬▬▬▬▬▬▬▬▬▬▬▬▬▬▬▬▬▬▬▬▬▬▬▬▬▬▬§r
15:51:29 §e[SkyHanni] §bYou have §33.7k §bmaterials in stash, §btotalling §36 types§b. §bClick to §3pickup §byour stash!§r
15:53:06 §e[SkyHanni] Successfully loaded this year's contests from elitebot.dev automatically!§r
15:53:08 §e[SkyHanni] §bYou have §33.7k §bmaterials in stash, §btotalling §36 types§b. §bClick to §3pickup §byour stash!§r
15:53:17 §e[SkyHanni] §bYou have §33.7k §bmaterials in stash, §btotalling §36 types§b. §bClick to §3pickup §byour stash!§r
15:53:30 §e[SkyHanni] §bYou have §33.7k §bmaterials in stash, §btotalling §36 types§b. §bClick to §3pickup §byour stash!§r
15:54:47 §6§lBESTIARY §r§b§lLocust §7§8IX §8➡§b §bX§r
15:54:54 §e[SkyHanni] Loaded Wheat milestone data from tab list!§r
15:55:48 §e[SkyHanni] §aGeonathan Greatforge §eis visiting your garden!§r
16:01:30 §e[SkyHanni] §9Dalbrek §eis visiting your garden!§r
16:04:49 §e[SkyHanni] §bYou have §33.7k §bmaterials in stash, §btotalling §36 types§b. §bClick to §3pickup §byour stash!§r
16:05:41 §e[SkyHanni] §bYou have §33.7k §bmaterials in stash, §btotalling §36 types§b. §bClick to §3pickup §byour stash!§r
16:05:54 §e[SkyHanni] §bYou have §33.7k §bmaterials in stash, §btotalling §36 types§b. §bClick to §3pickup §byour stash!§r
16:07:25 §e[SkyHanni] §bYou have §33.7k §bmaterials in stash, §btotalling §36 types§b. §bClick to §3pickup §byour stash!§r
16:07:39 §e[SkyHanni] §bYou have §33.7k §bmaterials in stash, §btotalling §36 types§b. §bClick to §3pickup §byour stash!§r
16:12:12 §e[SkyHanni] §aGuy §eis visiting your garden!§r
16:16:49 §e[SkyHanni] §9Emissary Sisko §eis visiting your garden!§r
16:21:14 §e[SkyHanni] §aTerry §eis visiting your garden!§r
16:24:26 §e[SkyHanni] §bYou have §33.7k §bmaterials in stash, §btotalling §36 types§b. §bClick to §3pickup §byour stash!§r
16:25:53 §e[SkyHanni] §b+1 SkyBlock XP §7(HOTM Progression§7)§b (73/100)§r
16:29:11 §e[SkyHanni] §aWeaponsmith §eis visiting your garden!§r
16:40:02 §e[SkyHanni] §aFisherman Gerald §eis visiting your garden!§r
16:40:22 §e[SkyHanni] §bYou have §33.7k §bmaterials in stash, §btotalling §36 types§b. §bClick to §3pickup §byour stash!§r
16:45:47 §e[SkyHanni] §bYou have §33.7k §bmaterials in stash, §btotalling §36 types§b. §bClick to §3pickup §byour stash!§r
16:46:32 §e[SkyHanni] §bYou have §33.7k §bmaterials in stash, §btotalling §36 types§b. §bClick to §3pickup §byour stash!§r
16:49:08 §e[SkyHanni] §bYou have §33.7k §bmaterials in stash, §btotalling §36 types§b. §bClick to §3pickup §byour stash!§r
16:49:41 §e[SkyHanni] §bYou have §33.7k §bmaterials in stash, §btotalling §36 types§b. §bClick to §3pickup §byour stash!§r
16:51:37 §e[SkyHanni] §bYou have §33.7k §bmaterials in stash, §btotalling §36 types§b. §bClick to §3pickup §byour stash!§r
16:51:43 §a§lPotion Effect! §r§4Regeneration IV§r
16:51:43 §a§lPotion Effect! §r§4Strength V§r
16:51:43 §a§lPotion Effect! §r§4Critical III§r
16:51:43 §a§lPotion Effect! §r§9Speed III§r
16:51:43 §a§lPotion Effect! §r§aResistance V§r
16:51:43 §a§lPotion Effect! §r§bArchery III§r
18:09:09 §e[SkyHanni] §bYou have §313k §bmaterials in stash, §btotalling §34 types§b. §bClick to §3pickup §byour stash!§r
18:10:53 §e[SkyHanni] §aTerry §eis visiting your garden!§r
18:13:48 §e[SkyHanni] §bYou have §313k §bmaterials in stash, §btotalling §34 types§b. §bClick to §3pickup §byour stash!§r
18:16:24 §e[SkyHanni] §bYou have §313k §bmaterials in stash, §btotalling §34 types§b. §bClick to §3pickup §byour stash!§r
18:17:27 §e[SkyHanni] §bYou have §313k §bmaterials in stash, §btotalling §34 types§b. §bClick to §3pickup §byour stash!§r
18:17:29 §a§lPotion Effect! §r§4Regeneration IV§r
18:17:29 §a§lPotion Effect! §r§4Strength V§r
18:17:29 §a§lPotion Effect! §r§4Critical III§r
18:17:29 §a§lPotion Effect! §r§9Speed III§r
18:17:29 §a§lPotion Effect! §r§aResistance V§r
18:17:29 §a§lPotion Effect! §r§bArchery III§r
18:30:29 §e[SkyHanni] §bYou have §313k §bmaterials in stash, §btotalling §34 types§b. §bClick to §3pickup §byour stash!§r
18:31:01 §e[SkyHanni] §bYou have §313k §bmaterials in stash, §btotalling §34 types§b. §bClick to §3pickup §byour stash!§r
18:31:11 §a§lPotion Effect! §r§4Regeneration IV§r
18:31:11 §a§lPotion Effect! §r§4Strength V§r
18:31:11 §a§lPotion Effect! §r§4Critical III§r
18:31:11 §a§lPotion Effect! §r§9Speed III§r
18:31:11 §a§lPotion Effect! §r§aResistance V§r
18:31:11 §a§lPotion Effect! §r§bArchery III§r
18:44:04 §e[SkyHanni] §bYou have §313k §bmaterials in stash, §btotalling §34 types§b. §bClick to §3pickup §byour stash!§r
18:44:56 §e[SkyHanni] §bYou have §313k §bmaterials in stash, §btotalling §34 types§b. §bClick to §3pickup §byour stash!§r
18:48:54 §6§lBESTIARY §r§b§lCellar Spider §7§8X §8➡§b §bXI§r
18:55:01 §e[SkyHanni] §bYou have §313k §bmaterials in stash, §btotalling §34 types§b. §bClick to §3pickup §byour stash!§r
18:55:06 §e[SkyHanni] §bYou have §313k §bmaterials in stash, §btotalling §34 types§b. §bClick to §3pickup §byour stash!§r
19:06:02 §e[SkyHanni] §bYou have §313k §bmaterials in stash, §btotalling §34 types§b. §bClick to §3pickup §byour stash!§r
19:10:07 §e[SkyHanni] §bYou have §313k §bmaterials in stash, §btotalling §34 types§b. §bClick to §3pickup §byour stash!§r
19:10:29 §e[SkyHanni] §bYou have §313k §bmaterials in stash, §btotalling §34 types§b. §bClick to §3pickup §byour stash!§r
19:10:30 §6§lBESTIARY §r§b§lMagma Cube §7§8XI §8➡§b §bXII§r
19:11:13 §e[SkyHanni] Updated 3 Trophy Fishes from Odger.§r
19:17:14 §e[SkyHanni] Updated 3 Trophy Fishes from Odger.§r
19:17:43 §6§lBESTIARY §r§b§lGhast §7§bI§r
19:17:45 §6§lBESTIARY §r§b§lGhast §7§8I §8➡§b §bII§r
19:17:51 §6§lBESTIARY §r§b§lGhast §7§8II §8➡§b §bIII§r
19:17:57 §6§lBESTIARY §r§b§lGhast §7§8III §8➡§b §bIV§r
19:18:12 §6§lBESTIARY §r§b§lGhast §7§8IV §8➡§b §bV§r
19:18:25 §6§lBESTIARY §r§b§lGhast §7§8V §8➡§b §bVI§r
19:18:46 §6§lBESTIARY §r§b§lGhast §7§8VI §8➡§b §bVII§r
19:19:15 §6§lBESTIARY §r§b§lGhast §7§8VII §8➡§b §bVIII§r
19:21:13 §e[SkyHanni] §bYou have §313k §bmaterials in stash, §btotalling §34 types§b. §bClick to §3pickup §byour stash!§r
19:23:15 §e[SkyHanni] §bYou have §313k §bmaterials in stash, §btotalling §34 types§b. §bClick to §3pickup §byour stash!§r
19:27:37 §e[SkyHanni] §bYou have §313k §bmaterials in stash, §btotalling §34 types§b. §bClick to §3pickup §byour stash!§r
19:29:11 §e[SkyHanni] §bYou have §313k §bmaterials in stash, §btotalling §34 types§b. §bClick to §3pickup §byour stash!§r
19:38:20 §e[SkyHanni] §bYou have §313k §bmaterials in stash, §btotalling §34 types§b. §bClick to §3pickup §byour stash!§r
19:39:31 §e[SkyHanni] §bYou have §313k §bmaterials in stash, §btotalling §34 types§b. §bClick to §3pickup §byour stash!§r
19:44:40 §e[SkyHanni] §bYou have §313k §bmaterials in stash, §btotalling §34 types§b. §bClick to §3pickup §byour stash!§r
