04:00:31 [allowed] §f §r§r§r§f §r§r§r§1 §r§r§r§0 §r§r§r§2 §r§r§r§f §r§r§r§f §r§r§r§2 §r§r§r§0 §r§r§r§4 §r§r§r§3 §r§r§r§9 §r§r§r§2 §r§r§r§0 §r§r§r§0 §r§r§r§3 §r§r§r§9 §r§r§r§2 §r§r§r§0 §r§r§r§0 §r§r§r§3 §r§r§r§9 §r§r§r§2 §r§r§r§0 §r§r§r§0 
04:00:32 [allowed] §aYou have §b26 §aunclaimed leveling rewards!
04:00:32 [allowed] §eClick here to view them!
04:00:32 [allowed] §aYou have §62 §aunclaimed achievement rewards!
04:00:32 [allowed] §eClick here to view them!
04:00:44 [allowed] §b[MVP§c+§b] ZuluAlpha0426§f §6joined the lobby!
04:00:44 [allowed] §7Sending to server mini33BH...
04:00:45 [allowed] §8 §r§8 §r§1 §r§3 §r§3 §r§7 §r§8 
04:00:47 [allowed] 
04:00:47 [allowed] §eWelcome to §r§aHypixel SkyBlock§r§e!
04:00:47 [allowed] 
04:00:47 [allowed] §eLatest update: §bSkyBlock v0.23.1 §e§lCLICK
04:00:48 [allowed] §aYou are playing on profile: §ePear§b (Co-op)
04:00:48 [allowed] §8Profile ID: da202b41-03b4-4acb-b131-26b3b789ffbc
04:01:21 [allowed] §cThere are blocks in the way!
04:01:21 [allowed] §cThere are blocks in the way!
04:01:24 [allowed] §cThere are blocks in the way!
04:01:40 [allowed]  §d⚑ §eThe §dBetter Together §eevent starts in §a20 §eseconds!
 §eThis is a passive event! §bIt's happening everywhere in the §bDwarven Mines!
04:01:41 [allowed]  
04:01:41 [STASH_COMPACT] §f                     §7You have §a2 §7items stashed away!
04:01:41 [STASH_COMPACT] §f                §6§l>>> §6§lCLICK HERE§e to pick them up! §6§l<<<
04:01:41 [STASH_COMPACT]   
04:01:41 [allowed]  
04:01:41 [STASH_COMPACT] §f                §7You have §31,856 §7materials stashed away!
04:01:41 [STASH_COMPACT] §f              §8(This totals 3 types of materials stashed!)
04:01:41 [STASH_COMPACT] §f                §3§l>>> §3§lCLICK HERE§b to pick them up! §3§l<<<
04:01:41 [STASH_COMPACT]   
04:01:57 [allowed] §6The sound of pickaxes clashing against the rock has attracted the attention of the §r§6§lPOWDER GHAST!
04:01:57 [allowed] §eFind the §r§6Powder Ghast§r§e near the §r§bRampart's Quarry§r§e!
04:02:01 [allowed] §a§l▬▬▬▬▬▬▬▬▬▬▬▬▬▬▬▬▬▬▬▬▬▬▬▬▬▬▬▬▬▬▬▬▬▬▬▬▬▬▬▬▬▬▬▬▬▬▬▬▬▬▬▬▬▬▬▬▬▬▬▬▬▬▬▬
04:02:01 [allowed] §f                    §r§d§lBETTER TOGETHER STARTED!
04:02:01 [allowed] §f                           §r§7Passive Active Event
04:02:01 [allowed] §f                                        
04:02:01 [allowed] §f  The §r§dBetter Together §r§ffestival is underway! While this event is
04:02:01 [allowed] §f§r§f    §r§factive, gain §r§6+250⸕ Mining Speed §r§fand §r§6+20☘ Mining Fortune
04:02:01 [allowed] §6§r§f    §r§f§r§ffor each player in the same zone as you! §r§7(Max 5 players)
04:02:01 [allowed] §a§l▬▬▬▬▬▬▬▬▬▬▬▬▬▬▬▬▬▬▬▬▬▬▬▬▬▬▬▬▬▬▬▬▬▬▬▬▬▬▬▬▬▬▬▬▬▬▬▬▬▬▬▬▬▬▬▬▬▬▬▬▬▬▬▬
04:02:01 [allowed] §7§oYou can hear cooperative chattering coming from town...
04:02:01 [allowed] §7§oThe Better Together festival is active for 20 minutes!
04:02:09 [allowed] §3§l▬▬▬▬▬▬▬▬▬▬▬▬▬▬▬▬▬▬▬▬▬▬▬▬▬▬▬▬▬▬▬▬▬▬▬▬▬▬▬▬▬▬▬▬▬▬▬▬▬▬▬▬▬▬▬▬▬▬▬▬▬▬▬▬
04:02:09 [allowed]  
04:02:09 [BESTIARY] §f                                  §6§lBESTIARY
04:02:09 [BESTIARY] §f                           §b§lStar Sentry §7§8V §8➡§b §bVI
04:02:09 [BESTIARY] 
04:02:09 [BESTIARY] §f                                  §r§6§lREWARDS
04:02:09 [BESTIARY] §f                      §r§8+§r§a3 §r§5Star Sentry §r§b✯ Magic Find
04:02:09 [BESTIARY] §f                       §r§8+§r§a3 §r§5Star Sentry §r§c❁ Strength
04:02:09 [BESTIARY] §f                          §r§8+§r§62% §r§a§r§5Star Sentry §r§7coins
04:02:09 [BESTIARY] §f                    §r§8+§r§a50% §r§7chance for extra XP orbs
04:02:09 [BESTIARY] §f                               §r§8+§r§b1 SkyBlock XP
04:02:09 [BESTIARY] 
04:02:10 [BESTIARY] §3§l▬▬▬▬▬▬▬▬▬▬▬▬▬▬▬▬▬▬▬▬▬▬▬▬▬▬▬▬▬▬▬▬▬▬▬▬▬▬▬▬▬▬▬▬▬▬▬▬▬▬▬▬▬▬▬▬▬▬▬▬▬▬▬▬
04:02:39 [allowed] §cThere are blocks in the way!
04:02:43 [allowed]  
04:02:43 [STASH_COMPACT] §f                     §7You have §a2 §7items stashed away!
04:02:43 [STASH_COMPACT] §f                §6§l>>> §6§lCLICK HERE§e to pick them up! §6§l<<<
04:02:43 [STASH_COMPACT]   
04:02:43 [allowed]  
04:02:43 [STASH_COMPACT] §f                §7You have §31,856 §7materials stashed away!
04:02:43 [STASH_COMPACT] §f              §8(This totals 3 types of materials stashed!)
04:02:43 [STASH_COMPACT] §f                §3§l>>> §3§lCLICK HERE§b to pick them up! §3§l<<<
04:02:43 [STASH_COMPACT]   
04:03:18 [allowed] §8[§r§b227§r§8] §r§6§lᛝ §r§b[MVP§d+§b] ArdaDerBreite§f§r§f: visit me for free coins!
04:03:22 [allowed] §a§lRAMPART'S QUARRY TITANIUM §r§eCommission Complete! Visit the King §r§eto claim your rewards!
04:03:30 [allowed] §8[§r§a126§r§8] §r§b[MVP§c+§b] uGaeBMP §7♲§f§r§f: how many? 2?
04:03:33 [allowed] §8[§r§4484§r§8] §r§b[MVP§0+§b] BigDip123§f§r§f: real
04:03:35 [allowed] §8[§r§b227§r§8] §r§6§lᛝ §r§b[MVP§d+§b] ArdaDerBreite§f§r§f: no
04:03:35 [allowed] §8[§r§75§r§8] §r§b[MVP§6+§b] pbly§f§r§f: no 3
04:03:36 [allowed] §8[§r§b227§r§8] §r§6§lᛝ §r§b[MVP§d+§b] ArdaDerBreite§f§r§f: more
04:03:38 [allowed] §8[§r§4484§r§8] §r§b[MVP§0+§b] BigDip123§f§r§f: social xp has entered the chat
04:03:41 [allowed] §8[§r§b227§r§8] §r§6§lᛝ §r§b[MVP§d+§b] ArdaDerBreite§f§r§f: [SkyBlock] [MVP+] ninjasteve3071 is visiting Your Island!
04:03:42 [allowed] §8[§r§b227§r§8] §r§6§lᛝ §r§b[MVP§d+§b] ArdaDerBreite§f§r§f: ggs
04:03:42 [allowed] §8[§r§a126§r§8] §r§b[MVP§c+§b] uGaeBMP §7♲§f§r§f: oh boy!
04:03:43 [allowed] §8[§r§4484§r§8] §r§b[MVP§0+§b] BigDip123§f§r§f: LOL
04:03:43 [allowed]  
04:03:43 [STASH_COMPACT] §f                     §7You have §a2 §7items stashed away!
04:03:43 [STASH_COMPACT] §f                §6§l>>> §6§lCLICK HERE§e to pick them up! §6§l<<<
04:03:43 [STASH_COMPACT]   
04:03:43 [allowed]  
04:03:43 [STASH_COMPACT] §f                §7You have §31,856 §7materials stashed away!
04:03:43 [STASH_COMPACT] §f              §8(This totals 3 types of materials stashed!)
04:03:43 [STASH_COMPACT] §f                §3§l>>> §3§lCLICK HERE§b to pick them up! §3§l<<<
04:03:43 [STASH_COMPACT]   
04:03:52 [allowed] §7You have met §r§e5§r§7/§r§e7§r§7 Kings. A reward may follow.
04:03:59 [allowed] §8[§r§b227§r§8] §r§6§lᛝ §r§b[MVP§d+§b] ArdaDerBreite§f§r§f: easy social xp
04:04:27 [allowed] §8[§r§a138§r§8] §r§7☃ §r§b[MVP§2+§b] InkySaky §7♲§f§r§f: RAHHH
04:04:31 [allowed] §8[§r§a138§r§8] §r§7☃ §r§b[MVP§2+§b] InkySaky §7♲§f§r§f: watching dexter epi 3
04:04:33 [allowed] §8[§r§a138§r§8] §r§7☃ §r§b[MVP§2+§b] InkySaky §7♲§f§r§f: peak
04:04:37 [allowed] §8[§r§f54§r§8] §r§7YAHIAlSRH§7§r§7: dexter dies
04:04:44 [allowed]  
04:04:44 [STASH_COMPACT] §f                     §7You have §a2 §7items stashed away!
04:04:44 [STASH_COMPACT] §f                §6§l>>> §6§lCLICK HERE§e to pick them up! §6§l<<<
04:04:44 [STASH_COMPACT]   
04:04:44 [allowed]  
04:04:44 [STASH_COMPACT] §f                §7You have §31,856 §7materials stashed away!
04:04:44 [STASH_COMPACT] §f              §8(This totals 3 types of materials stashed!)
04:04:44 [STASH_COMPACT] §f                §3§l>>> §3§lCLICK HERE§b to pick them up! §3§l<<<
04:04:44 [STASH_COMPACT]   
04:04:55 [allowed] §8[§r§a138§r§8] §r§7☃ §r§b[MVP§2+§b] InkySaky §7♲§f§r§f: i meant of the new season that just came out-
04:05:09 [allowed] §8[§r§a126§r§8] §r§b[MVP§c+§b] uGaeBMP §7♲§f§r§f: nooo who's gonna take care of his laboratory now???
04:05:45 [allowed]  
04:05:45 [STASH_COMPACT] §f                     §7You have §a2 §7items stashed away!
04:05:45 [STASH_COMPACT] §f                §6§l>>> §6§lCLICK HERE§e to pick them up! §6§l<<<
04:05:45 [STASH_COMPACT]   
04:05:45 [allowed]  
04:05:45 [STASH_COMPACT] §f                §7You have §31,856 §7materials stashed away!
04:05:45 [STASH_COMPACT] §f              §8(This totals 3 types of materials stashed!)
04:05:45 [STASH_COMPACT] §f                §3§l>>> §3§lCLICK HERE§b to pick them up! §3§l<<<
04:05:45 [STASH_COMPACT]   
04:05:59 [allowed] §c ☠ §r§7§r§7Oldham587§r§7 was killed by Glacite Walker§r§7§r§7.
04:06:46 [allowed]  
04:06:46 [STASH_COMPACT] §f                     §7You have §a2 §7items stashed away!
04:06:46 [STASH_COMPACT] §f                §6§l>>> §6§lCLICK HERE§e to pick them up! §6§l<<<
04:06:46 [STASH_COMPACT]   
04:06:46 [allowed]  
04:06:46 [STASH_COMPACT] §f                §7You have §31,856 §7materials stashed away!
04:06:46 [STASH_COMPACT] §f              §8(This totals 3 types of materials stashed!)
04:06:46 [STASH_COMPACT] §f                §3§l>>> §3§lCLICK HERE§b to pick them up! §3§l<<<
04:06:46 [STASH_COMPACT]   
04:06:49 [allowed] §7You have reset your §r§5Heart of the Mountain§r§7! Your §r§aPerks §r§7and §r§aAbilities §r§7have been reset.
04:06:49 [allowed] §7The following has been credited to your profile:
04:06:49 [allowed]   §r§8- §r§53 §r§5Token of the Mountain
04:06:49 [allowed]   §r§8- §r§229,232 Mithril Powder
04:06:58 [allowed] §cYou don't have enough Mithril Powder!
04:06:58 [allowed] §cYou don't have enough Mithril Powder!
04:07:02 [allowed] §cYou don't have enough Mithril Powder!
04:07:03 [allowed] §cYou don't have enough Mithril Powder!
04:07:46 [allowed]  
04:07:46 [STASH_COMPACT] §f                     §7You have §a2 §7items stashed away!
04:07:46 [STASH_COMPACT] §f                §6§l>>> §6§lCLICK HERE§e to pick them up! §6§l<<<
04:07:46 [STASH_COMPACT]   
04:07:46 [allowed]  
04:07:46 [STASH_COMPACT] §f                §7You have §31,856 §7materials stashed away!
04:07:46 [STASH_COMPACT] §f              §8(This totals 3 types of materials stashed!)
04:07:46 [STASH_COMPACT] §f                §3§l>>> §3§lCLICK HERE§b to pick them up! §3§l<<<
04:07:46 [STASH_COMPACT]   
04:08:47 [allowed]  
04:08:47 [STASH_COMPACT] §f                     §7You have §a2 §7items stashed away!
04:08:47 [STASH_COMPACT] §f                §6§l>>> §6§lCLICK HERE§e to pick them up! §6§l<<<
04:08:47 [STASH_COMPACT]   
04:08:47 [allowed]  
04:08:47 [STASH_COMPACT] §f                §7You have §31,856 §7materials stashed away!
04:08:47 [STASH_COMPACT] §f              §8(This totals 3 types of materials stashed!)
04:08:47 [STASH_COMPACT] §f                §3§l>>> §3§lCLICK HERE§b to pick them up! §3§l<<<
04:08:47 [STASH_COMPACT]   
04:09:24 [allowed] §8[§r§9305§r§8] §r§6▒ §r§a[VIP] Syonix040 §7♲§f§r§f: InkySaky i was mining diamonds here first and im not gonna leave so u can tell ur friend to stop wasting their time tryna warp me
04:09:30 [allowed] §8[§r§f67§r§8] §r§b[MVP§e+§b] C4ptcha§f§r§f: je tu nějakej čech?
04:09:48 [allowed]  
04:09:48 [STASH_COMPACT] §f                     §7You have §a2 §7items stashed away!
04:09:48 [STASH_COMPACT] §f                §6§l>>> §6§lCLICK HERE§e to pick them up! §6§l<<<
04:09:48 [STASH_COMPACT]   
04:09:48 [allowed]  
04:09:48 [STASH_COMPACT] §f                §7You have §31,856 §7materials stashed away!
04:09:48 [STASH_COMPACT] §f              §8(This totals 3 types of materials stashed!)
04:09:48 [STASH_COMPACT] §f                §3§l>>> §3§lCLICK HERE§b to pick them up! §3§l<<<
04:09:48 [STASH_COMPACT]   
04:10:48 [allowed]  
04:10:48 [STASH_COMPACT] §f                     §7You have §a2 §7items stashed away!
04:10:48 [STASH_COMPACT] §f                §6§l>>> §6§lCLICK HERE§e to pick them up! §6§l<<<
04:10:48 [STASH_COMPACT]   
04:10:48 [allowed]  
04:10:48 [STASH_COMPACT] §f                §7You have §31,856 §7materials stashed away!
04:10:48 [STASH_COMPACT] §f              §8(This totals 3 types of materials stashed!)
04:10:48 [STASH_COMPACT] §f                §3§l>>> §3§lCLICK HERE§b to pick them up! §3§l<<<
04:10:48 [STASH_COMPACT]   
04:10:58 [allowed] §6A Golden Goblin has spawned!
04:11:01 [allowed] §8[§r§76§r§8] §r§b[MVP§6+§b] pbly§f§r§f: is mining 17 for a 4 hour old profile good or bad
04:11:02 [allowed] §aYou received §r§2200 ᠅ Mithril Powder §r§afrom killing a §r§6§lGolden Goblin§r§a!
04:11:02 [allowed]   §r§7+§r§62 Gold Essence
04:11:02 [allowed] §3§l▬▬▬▬▬▬▬▬▬▬▬▬▬▬▬▬▬▬▬▬▬▬▬▬▬▬▬▬▬▬▬▬▬▬▬▬▬▬▬▬▬▬▬▬▬▬▬▬▬▬▬▬▬▬▬▬▬▬▬▬▬▬▬▬
04:11:02 [allowed]  
04:11:02 [BESTIARY] §f                                  §6§lBESTIARY
04:11:02 [BESTIARY] §f                          §b§lGolden Goblin §7§8I §8➡§b §bII
04:11:02 [BESTIARY] 
04:11:02 [BESTIARY] §f                                  §r§6§lREWARDS
04:11:02 [BESTIARY] §f                      §r§8+§r§a2 Golden Goblin §r§b✯ Magic Find
04:11:02 [BESTIARY] §f                      §r§8+§r§a2 Golden Goblin §r§c❁ Strength
04:11:02 [BESTIARY] §f                          §r§8+§r§62% §r§aGolden Goblin §r§7coins
04:11:02 [BESTIARY] §f                    §r§8+§r§a50% §r§7chance for extra XP orbs
04:11:02 [BESTIARY] §f                               §r§8+§r§b1 SkyBlock XP
04:11:02 [BESTIARY] 
04:11:02 [BESTIARY]   §r§f                         §6§lBESTIARY MILESTONE
04:11:02 [BESTIARY]   §r§f                                  §8XCII➡§eXCIII
04:11:02 [BESTIARY] 
04:11:02 [BESTIARY] §3§l▬▬▬▬▬▬▬▬▬▬▬▬▬▬▬▬▬▬▬▬▬▬▬▬▬▬▬▬▬▬▬▬▬▬▬▬▬▬▬▬▬▬▬▬▬▬▬▬▬▬▬▬▬▬▬▬▬▬▬▬▬▬▬▬
04:11:13 [allowed] §8[§r§f73§r§8] §r§b[MVP§9+§b] ChaseNgl§f§r§f: not hard at all
04:11:19 [allowed] §8[§r§76§r§8] §r§b[MVP§6+§b] pbly§f§r§f: awwww
04:11:35 [allowed] §8[§r§f73§r§8] §r§b[MVP§9+§b] ChaseNgl§f§r§f: u can get that in like an hour if u get a golden shovel and go do sand
04:11:48 [allowed]  
04:11:48 [STASH_COMPACT] §f                     §7You have §a2 §7items stashed away!
04:11:48 [STASH_COMPACT] §f                §6§l>>> §6§lCLICK HERE§e to pick them up! §6§l<<<
04:11:48 [STASH_COMPACT]   
04:11:48 [allowed]  
04:11:48 [STASH_COMPACT] §f                §7You have §31,856 §7materials stashed away!
04:11:48 [STASH_COMPACT] §f              §8(This totals 3 types of materials stashed!)
04:11:48 [STASH_COMPACT] §f                §3§l>>> §3§lCLICK HERE§b to pick them up! §3§l<<<
04:11:48 [STASH_COMPACT]   
04:11:49 [allowed] §8[§r§76§r§8] §r§b[MVP§6+§b] pbly§f§r§f: i did that up until 12
04:12:35 [allowed] §6[Bazaar] §r§7Executing instant sell...
04:12:35 [allowed] §6[Bazaar] §r§7Sold §r§a1§r§7x §r§9Blast Protection VI §r§7for §r§60.1 coins§r§7!
04:12:35 [allowed] §6[Bazaar] §r§7Sold §r§a34§r§7x §r§9Starfall §r§7for §r§647,933 coins§r§7!
04:12:35 [allowed] §6[Bazaar] §r§7Sold §r§a17§r§7x §r§fMithril §r§7for §r§6117.3 coins§r§7!
04:12:35 [allowed] §6[Bazaar] §r§7Sold §r§a29§r§7x §r§fRed Mushroom §r§7for §r§6208.8 coins§r§7!
04:12:35 [allowed] §6[Bazaar] §r§7Sold §r§a90§r§7x §r§9Titanium §r§7for §r§61,494 coins§r§7!
04:12:35 [allowed] §6[Bazaar] §r§7Sold §r§a14§r§7x §r§fCobblestone §r§7for §r§61.4 coins§r§7!
04:12:35 [allowed] §6[Bazaar] §r§7Sold §r§a12§r§7x §r§9Enchanted Mithril §r§7for §r§614,527 coins§r§7!
04:12:35 [allowed] §6[Bazaar] §r§7Sold §r§a1§r§7x §r§aDwarven O's Ore Oats §r§7for §r§650.0 coins§r§7!
04:12:56 [allowed]  
04:12:56 [STASH_COMPACT] §f                     §7You have §a2 §7items stashed away!
04:12:56 [STASH_COMPACT] §f                §6§l>>> §6§lCLICK HERE§e to pick them up! §6§l<<<
04:12:56 [STASH_COMPACT]   
04:12:56 [allowed]  
04:12:56 [STASH_COMPACT] §f                §7You have §31,856 §7materials stashed away!
04:12:56 [STASH_COMPACT] §f              §8(This totals 3 types of materials stashed!)
04:12:56 [STASH_COMPACT] §f                §3§l>>> §3§lCLICK HERE§b to pick them up! §3§l<<<
04:12:56 [STASH_COMPACT]   
