04:01:41 [STASH_COMPACT] §f                     §7You have §a2 §7items stashed away!
04:01:41 [STASH_COMPACT] §f                §6§l>>> §6§lCLICK HERE§e to pick them up! §6§l<<<
04:01:41 [STASH_COMPACT]   
04:01:41 [STASH_COMPACT] §f                §7You have §31,856 §7materials stashed away!
04:01:41 [STASH_COMPACT] §f              §8(This totals 3 types of materials stashed!)
04:01:41 [STASH_COMPACT] §f                §3§l>>> §3§lCLICK HERE§b to pick them up! §3§l<<<
04:01:41 [STASH_COMPACT]   
04:02:09 [BESTIARY] §f                                  §6§lBESTIARY
04:02:09 [BESTIARY] §f                           §b§lStar Sentry §7§8V §8➡§b §bVI
04:02:09 [BESTIARY] 
04:02:09 [BESTIARY] §f                                  §r§6§lREWARDS
04:02:09 [BESTIARY] §f                      §r§8+§r§a3 §r§5Star Sentry §r§b✯ Magic Find
04:02:09 [BESTIARY] §f                       §r§8+§r§a3 §r§5Star Sentry §r§c❁ Strength
04:02:09 [BESTIARY] §f                          §r§8+§r§62% §r§a§r§5Star Sentry §r§7coins
04:02:09 [BESTIARY] §f                    §r§8+§r§a50% §r§7chance for extra XP orbs
04:02:09 [BESTIARY] §f                               §r§8+§r§b1 SkyBlock XP
04:02:09 [BESTIARY] 
04:02:10 [BESTIARY] §3§l▬▬▬▬▬▬▬▬▬▬▬▬▬▬▬▬▬▬▬▬▬▬▬▬▬▬▬▬▬▬▬▬▬▬▬▬▬▬▬▬▬▬▬▬▬▬▬▬▬▬▬▬▬▬▬▬▬▬▬▬▬▬▬▬
04:02:43 [STASH_COMPACT] §f                     §7You have §a2 §7items stashed away!
04:02:43 [STASH_COMPACT] §f                §6§l>>> §6§lCLICK HERE§e to pick them up! §6§l<<<
04:02:43 [STASH_COMPACT]   
04:02:43 [STASH_COMPACT] §f                §7You have §31,856 §7materials stashed away!
04:02:43 [STASH_COMPACT] §f              §8(This totals 3 types of materials stashed!)
04:02:43 [STASH_COMPACT] §f                §3§l>>> §3§lCLICK HERE§b to pick them up! §3§l<<<
04:02:43 [STASH_COMPACT]   
04:03:43 [STASH_COMPACT] §f                     §7You have §a2 §7items stashed away!
04:03:43 [STASH_COMPACT] §f                §6§l>>> §6§lCLICK HERE§e to pick them up! §6§l<<<
04:03:43 [STASH_COMPACT]   
04:03:43 [STASH_COMPACT] §f                §7You have §31,856 §7materials stashed away!
04:03:43 [STASH_COMPACT] §f              §8(This totals 3 types of materials stashed!)
04:03:43 [STASH_COMPACT] §f                §3§l>>> §3§lCLICK HERE§b to pick them up! §3§l<<<
04:03:43 [STASH_COMPACT]   
04:04:44 [STASH_COMPACT] §f                     §7You have §a2 §7items stashed away!
04:04:44 [STASH_COMPACT] §f                §6§l>>> §6§lCLICK HERE§e to pick them up! §6§l<<<
04:04:44 [STASH_COMPACT]   
04:04:44 [STASH_COMPACT] §f                §7You have §31,856 §7materials stashed away!
04:04:44 [STASH_COMPACT] §f              §8(This totals 3 types of materials stashed!)
04:04:44 [STASH_COMPACT] §f                §3§l>>> §3§lCLICK HERE§b to pick them up! §3§l<<<
04:04:44 [STASH_COMPACT]   
04:05:45 [STASH_COMPACT] §f                     §7You have §a2 §7items stashed away!
04:05:45 [STASH_COMPACT] §f                §6§l>>> §6§lCLICK HERE§e to pick them up! §6§l<<<
04:05:45 [STASH_COMPACT]   
04:05:45 [STASH_COMPACT] §f                §7You have §31,856 §7materials stashed away!
04:05:45 [STASH_COMPACT] §f              §8(This totals 3 types of materials stashed!)
04:05:45 [STASH_COMPACT] §f                §3§l>>> §3§lCLICK HERE§b to pick them up! §3§l<<<
04:05:45 [STASH_COMPACT]   
04:06:46 [STASH_COMPACT] §f                     §7You have §a2 §7items stashed away!
04:06:46 [STASH_COMPACT] §f                §6§l>>> §6§lCLICK HERE§e to pick them up! §6§l<<<
04:06:46 [STASH_COMPACT]   
04:06:46 [STASH_COMPACT] §f                §7You have §31,856 §7materials stashed away!
04:06:46 [STASH_COMPACT] §f              §8(This totals 3 types of materials stashed!)
04:06:46 [STASH_COMPACT] §f                §3§l>>> §3§lCLICK HERE§b to pick them up! §3§l<<<
04:06:46 [STASH_COMPACT]   
04:07:46 [STASH_COMPACT] §f                     §7You have §a2 §7items stashed away!
04:07:46 [STASH_COMPACT] §f                §6§l>>> §6§lCLICK HERE§e to pick them up! §6§l<<<
04:07:46 [STASH_COMPACT]   
04:07:46 [STASH_COMPACT] §f                §7You have §31,856 §7materials stashed away!
04:07:46 [STASH_COMPACT] §f              §8(This totals 3 types of materials stashed!)
04:07:46 [STASH_COMPACT] §f                §3§l>>> §3§lCLICK HERE§b to pick them up! §3§l<<<
04:07:46 [STASH_COMPACT]   
04:08:47 [STASH_COMPACT] §f                     §7You have §a2 §7items stashed away!
04:08:47 [STASH_COMPACT] §f                §6§l>>> §6§lCLICK HERE§e to pick them up! §6§l<<<
04:08:47 [STASH_COMPACT]   
04:08:47 [STASH_COMPACT] §f                §7You have §31,856 §7materials stashed away!
04:08:47 [STASH_COMPACT] §f              §8(This totals 3 types of materials stashed!)
04:08:47 [STASH_COMPACT] §f                §3§l>>> §3§lCLICK HERE§b to pick them up! §3§l<<<
04:08:47 [STASH_COMPACT]   
04:09:48 [STASH_COMPACT] §f                     §7You have §a2 §7items stashed away!
04:09:48 [STASH_COMPACT] §f                §6§l>>> §6§lCLICK HERE§e to pick them up! §6§l<<<
04:09:48 [STASH_COMPACT]   
04:09:48 [STASH_COMPACT] §f                §7You have §31,856 §7materials stashed away!
04:09:48 [STASH_COMPACT] §f              §8(This totals 3 types of materials stashed!)
04:09:48 [STASH_COMPACT] §f                §3§l>>> §3§lCLICK HERE§b to pick them up! §3§l<<<
04:09:48 [STASH_COMPACT]   
04:10:48 [STASH_COMPACT] §f                     §7You have §a2 §7items stashed away!
04:10:48 [STASH_COMPACT] §f                §6§l>>> §6§lCLICK HERE§e to pick them up! §6§l<<<
04:10:48 [STASH_COMPACT]   
04:10:48 [STASH_COMPACT] §f                §7You have §31,856 §7materials stashed away!
04:10:48 [STASH_COMPACT] §f              §8(This totals 3 types of materials stashed!)
04:10:48 [STASH_COMPACT] §f                §3§l>>> §3§lCLICK HERE§b to pick them up! §3§l<<<
04:10:48 [STASH_COMPACT]   
04:11:02 [BESTIARY] §f                                  §6§lBESTIARY
04:11:02 [BESTIARY] §f                          §b§lGolden Goblin §7§8I §8➡§b §bII
04:11:02 [BESTIARY] 
04:11:02 [BESTIARY] §f                                  §r§6§lREWARDS
04:11:02 [BESTIARY] §f                      §r§8+§r§a2 Golden Goblin §r§b✯ Magic Find
04:11:02 [BESTIARY] §f                      §r§8+§r§a2 Golden Goblin §r§c❁ Strength
04:11:02 [BESTIARY] §f                          §r§8+§r§62% §r§aGolden Goblin §r§7coins
04:11:02 [BESTIARY] §f                    §r§8+§r§a50% §r§7chance for extra XP orbs
04:11:02 [BESTIARY] §f                               §r§8+§r§b1 SkyBlock XP
04:11:02 [BESTIARY] 
04:11:02 [BESTIARY]   §r§f                         §6§lBESTIARY MILESTONE
04:11:02 [BESTIARY]   §r§f                                  §8XCII➡§eXCIII
04:11:02 [BESTIARY] 
04:11:02 [BESTIARY] §3§l▬▬▬▬▬▬▬▬▬▬▬▬▬▬▬▬▬▬▬▬▬▬▬▬▬▬▬▬▬▬▬▬▬▬▬▬▬▬▬▬▬▬▬▬▬▬▬▬▬▬▬▬▬▬▬▬▬▬▬▬▬▬▬▬
04:11:48 [STASH_COMPACT] §f                     §7You have §a2 §7items stashed away!
04:11:48 [STASH_COMPACT] §f                §6§l>>> §6§lCLICK HERE§e to pick them up! §6§l<<<
04:11:48 [STASH_COMPACT]   
04:11:48 [STASH_COMPACT] §f                §7You have §31,856 §7materials stashed away!
04:11:48 [STASH_COMPACT] §f              §8(This totals 3 types of materials stashed!)
04:11:48 [STASH_COMPACT] §f                §3§l>>> §3§lCLICK HERE§b to pick them up! §3§l<<<
04:11:48 [STASH_COMPACT]   
04:12:56 [STASH_COMPACT] §f                     §7You have §a2 §7items stashed away!
04:12:56 [STASH_COMPACT] §f                §6§l>>> §6§lCLICK HERE§e to pick them up! §6§l<<<
04:12:56 [STASH_COMPACT]   
04:12:56 [STASH_COMPACT] §f                §7You have §31,856 §7materials stashed away!
04:12:56 [STASH_COMPACT] §f              §8(This totals 3 types of materials stashed!)
04:12:56 [STASH_COMPACT] §f                §3§l>>> §3§lCLICK HERE§b to pick them up! §3§l<<<
04:12:56 [STASH_COMPACT]   
