00:51:58 [STASH_COMPACT] §f               §7You have §313,241 §7materials stashed away!
00:51:58 [STASH_COMPACT] §f              §8(This totals 3 types of materials stashed!)
00:51:58 [STASH_COMPACT] §f                §3§l>>> §3§lCLICK HERE§b to pick them up! §3§l<<<
00:51:58 [STASH_COMPACT]   
00:53:12 [STASH_COMPACT] §f               §7You have §313,241 §7materials stashed away!
00:53:12 [STASH_COMPACT] §f              §8(This totals 3 types of materials stashed!)
00:53:12 [STASH_COMPACT] §f                §3§l>>> §3§lCLICK HERE§b to pick them up! §3§l<<<
00:53:12 [STASH_COMPACT]   
00:54:25 [STASH_COMPACT] §f               §7You have §313,241 §7materials stashed away!
00:54:25 [STASH_COMPACT] §f              §8(This totals 3 types of materials stashed!)
00:54:25 [STASH_COMPACT] §f                §3§l>>> §3§lCLICK HERE§b to pick them up! §3§l<<<
00:54:25 [STASH_COMPACT]   
00:55:03 [STASH_COMPACT] §f               §7You have §313,241 §7materials stashed away!
00:55:03 [STASH_COMPACT] §f              §8(This totals 3 types of materials stashed!)
00:55:03 [STASH_COMPACT] §f                §3§l>>> §3§lCLICK HERE§b to pick them up! §3§l<<<
00:55:03 [STASH_COMPACT]   
00:55:28 [STASH_COMPACT] §f               §7You have §313,241 §7materials stashed away!
00:55:28 [STASH_COMPACT] §f              §8(This totals 3 types of materials stashed!)
00:55:28 [STASH_COMPACT] §f                §3§l>>> §3§lCLICK HERE§b to pick them up! §3§l<<<
00:55:28 [STASH_COMPACT]   
00:56:17 [STASH_COMPACT] §f               §7You have §313,241 §7materials stashed away!
00:56:17 [STASH_COMPACT] §f              §8(This totals 3 types of materials stashed!)
00:56:17 [STASH_COMPACT] §f                §3§l>>> §3§lCLICK HERE§b to pick them up! §3§l<<<
00:56:17 [STASH_COMPACT]   
00:57:18 [STASH_COMPACT] §f               §7You have §313,241 §7materials stashed away!
00:57:18 [STASH_COMPACT] §f              §8(This totals 3 types of materials stashed!)
00:57:18 [STASH_COMPACT] §f                §3§l>>> §3§lCLICK HERE§b to pick them up! §3§l<<<
00:57:18 [STASH_COMPACT]   
00:58:18 [STASH_COMPACT] §f               §7You have §313,241 §7materials stashed away!
00:58:18 [STASH_COMPACT] §f              §8(This totals 3 types of materials stashed!)
00:58:18 [STASH_COMPACT] §f                §3§l>>> §3§lCLICK HERE§b to pick them up! §3§l<<<
00:58:18 [STASH_COMPACT]   
00:58:54 [STASH_COMPACT] §f               §7You have §313,241 §7materials stashed away!
00:58:54 [STASH_COMPACT] §f              §8(This totals 3 types of materials stashed!)
00:58:54 [STASH_COMPACT] §f                §3§l>>> §3§lCLICK HERE§b to pick them up! §3§l<<<
00:58:54 [STASH_COMPACT]   
00:59:54 [STASH_COMPACT] §f               §7You have §313,241 §7materials stashed away!
00:59:54 [STASH_COMPACT] §f              §8(This totals 3 types of materials stashed!)
00:59:54 [STASH_COMPACT] §f                §3§l>>> §3§lCLICK HERE§b to pick them up! §3§l<<<
00:59:54 [STASH_COMPACT]   
01:00:55 [STASH_COMPACT] §f               §7You have §313,241 §7materials stashed away!
01:00:55 [STASH_COMPACT] §f              §8(This totals 3 types of materials stashed!)
01:00:55 [STASH_COMPACT] §f                §3§l>>> §3§lCLICK HERE§b to pick them up! §3§l<<<
01:00:55 [STASH_COMPACT]   
01:01:55 [STASH_COMPACT] §f               §7You have §313,241 §7materials stashed away!
01:01:55 [STASH_COMPACT] §f              §8(This totals 3 types of materials stashed!)
01:01:55 [STASH_COMPACT] §f                §3§l>>> §3§lCLICK HERE§b to pick them up! §3§l<<<
01:01:55 [STASH_COMPACT]   
01:03:07 [STASH_COMPACT] §f               §7You have §313,241 §7materials stashed away!
01:03:07 [STASH_COMPACT] §f              §8(This totals 3 types of materials stashed!)
01:03:07 [STASH_COMPACT] §f                §3§l>>> §3§lCLICK HERE§b to pick them up! §3§l<<<
01:03:07 [STASH_COMPACT]   
01:04:07 [STASH_COMPACT] §f               §7You have §313,241 §7materials stashed away!
01:04:07 [STASH_COMPACT] §f              §8(This totals 3 types of materials stashed!)
01:04:07 [STASH_COMPACT] §f                §3§l>>> §3§lCLICK HERE§b to pick them up! §3§l<<<
01:04:07 [STASH_COMPACT]   
01:05:09 [STASH_COMPACT] §f               §7You have §313,241 §7materials stashed away!
01:05:09 [STASH_COMPACT] §f              §8(This totals 3 types of materials stashed!)
01:05:09 [STASH_COMPACT] §f                §3§l>>> §3§lCLICK HERE§b to pick them up! §3§l<<<
01:05:09 [STASH_COMPACT]   
01:06:09 [STASH_COMPACT] §f               §7You have §313,241 §7materials stashed away!
01:06:09 [STASH_COMPACT] §f              §8(This totals 3 types of materials stashed!)
01:06:09 [STASH_COMPACT] §f                §3§l>>> §3§lCLICK HERE§b to pick them up! §3§l<<<
01:06:09 [STASH_COMPACT]   
01:07:10 [STASH_COMPACT] §f               §7You have §313,241 §7materials stashed away!
01:07:10 [STASH_COMPACT] §f              §8(This totals 3 types of materials stashed!)
01:07:10 [STASH_COMPACT] §f                §3§l>>> §3§lCLICK HERE§b to pick them up! §3§l<<<
01:07:10 [STASH_COMPACT]   
01:08:11 [STASH_COMPACT] §f               §7You have §313,241 §7materials stashed away!
01:08:11 [STASH_COMPACT] §f              §8(This totals 3 types of materials stashed!)
01:08:11 [STASH_COMPACT] §f                §3§l>>> §3§lCLICK HERE§b to pick them up! §3§l<<<
01:08:11 [STASH_COMPACT]   
01:09:12 [STASH_COMPACT] §f               §7You have §313,241 §7materials stashed away!
01:09:12 [STASH_COMPACT] §f              §8(This totals 3 types of materials stashed!)
01:09:12 [STASH_COMPACT] §f                §3§l>>> §3§lCLICK HERE§b to pick them up! §3§l<<<
01:09:12 [STASH_COMPACT]   
01:10:13 [STASH_COMPACT] §f               §7You have §313,241 §7materials stashed away!
01:10:13 [STASH_COMPACT] §f              §8(This totals 3 types of materials stashed!)
01:10:13 [STASH_COMPACT] §f                §3§l>>> §3§lCLICK HERE§b to pick them up! §3§l<<<
01:10:13 [STASH_COMPACT]   
01:11:14 [STASH_COMPACT] §f               §7You have §313,241 §7materials stashed away!
01:11:14 [STASH_COMPACT] §f              §8(This totals 3 types of materials stashed!)
01:11:14 [STASH_COMPACT] §f                §3§l>>> §3§lCLICK HERE§b to pick them up! §3§l<<<
01:11:14 [STASH_COMPACT]   
01:12:15 [STASH_COMPACT] §f               §7You have §313,241 §7materials stashed away!
01:12:15 [STASH_COMPACT] §f              §8(This totals 3 types of materials stashed!)
01:12:15 [STASH_COMPACT] §f                §3§l>>> §3§lCLICK HERE§b to pick them up! §3§l<<<
01:12:15 [STASH_COMPACT]   
01:13:15 [STASH_COMPACT] §f               §7You have §313,241 §7materials stashed away!
01:13:15 [STASH_COMPACT] §f              §8(This totals 3 types of materials stashed!)
01:13:15 [STASH_COMPACT] §f                §3§l>>> §3§lCLICK HERE§b to pick them up! §3§l<<<
01:13:15 [STASH_COMPACT]   
01:13:41 [STASH_COMPACT] §f               §7You have §313,241 §7materials stashed away!
01:13:41 [STASH_COMPACT] §f              §8(This totals 3 types of materials stashed!)
01:13:41 [STASH_COMPACT] §f                §3§l>>> §3§lCLICK HERE§b to pick them up! §3§l<<<
01:13:41 [STASH_COMPACT]   
01:13:54 [COMPACT_POTION_EFFECT] §a§lBUFF! §fYou have gained §r§4Regeneration IV§r§f! Press TAB or type /effects to view your active effects!
01:13:54 [COMPACT_POTION_EFFECT] §a§lBUFF! §fYou have gained §r§4Strength V§r§f! Press TAB or type /effects to view your active effects!
01:13:54 [COMPACT_POTION_EFFECT] §a§lBUFF! §fYou have gained §r§4Critical III§r§f! Press TAB or type /effects to view your active effects!
01:13:54 [COMPACT_POTION_EFFECT] §a§lBUFF! §fYou have gained §r§9Speed III§r§f! Press TAB or type /effects to view your active effects!
01:13:54 [COMPACT_POTION_EFFECT] §a§lBUFF! §fYou have gained §r§aResistance V§r§f! Press TAB or type /effects to view your active effects!
01:13:54 [COMPACT_POTION_EFFECT] §a§lBUFF! §fYou have gained §r§bArchery III§r§f! Press TAB or type /effects to view your active effects!
01:14:44 [STASH_COMPACT] §f               §7You have §313,241 §7materials stashed away!
01:14:44 [STASH_COMPACT] §f              §8(This totals 3 types of materials stashed!)
01:14:44 [STASH_COMPACT] §f                §3§l>>> §3§lCLICK HERE§b to pick them up! §3§l<<<
01:14:44 [STASH_COMPACT]   
01:15:45 [STASH_COMPACT] §f               §7You have §313,241 §7materials stashed away!
01:15:45 [STASH_COMPACT] §f              §8(This totals 3 types of materials stashed!)
01:15:45 [STASH_COMPACT] §f                §3§l>>> §3§lCLICK HERE§b to pick them up! §3§l<<<
01:15:45 [STASH_COMPACT]   
01:16:45 [STASH_COMPACT] §f               §7You have §313,241 §7materials stashed away!
01:16:45 [STASH_COMPACT] §f              §8(This totals 3 types of materials stashed!)
01:16:45 [STASH_COMPACT] §f                §3§l>>> §3§lCLICK HERE§b to pick them up! §3§l<<<
01:16:45 [STASH_COMPACT]   
01:17:46 [STASH_COMPACT] §f               §7You have §313,241 §7materials stashed away!
01:17:46 [STASH_COMPACT] §f              §8(This totals 3 types of materials stashed!)
01:17:46 [STASH_COMPACT] §f                §3§l>>> §3§lCLICK HERE§b to pick them up! §3§l<<<
01:17:46 [STASH_COMPACT]   
01:18:46 [STASH_COMPACT] §f               §7You have §313,241 §7materials stashed away!
01:18:46 [STASH_COMPACT] §f              §8(This totals 3 types of materials stashed!)
01:18:46 [STASH_COMPACT] §f                §3§l>>> §3§lCLICK HERE§b to pick them up! §3§l<<<
01:18:46 [STASH_COMPACT]   
01:19:46 [STASH_COMPACT] §f               §7You have §313,241 §7materials stashed away!
01:19:46 [STASH_COMPACT] §f              §8(This totals 3 types of materials stashed!)
01:19:46 [STASH_COMPACT] §f                §3§l>>> §3§lCLICK HERE§b to pick them up! §3§l<<<
01:19:46 [STASH_COMPACT]   
01:20:46 [STASH_COMPACT] §f               §7You have §313,241 §7materials stashed away!
01:20:46 [STASH_COMPACT] §f              §8(This totals 3 types of materials stashed!)
01:20:46 [STASH_COMPACT] §f                §3§l>>> §3§lCLICK HERE§b to pick them up! §3§l<<<
01:20:46 [STASH_COMPACT]   
01:21:47 [STASH_COMPACT] §f               §7You have §313,241 §7materials stashed away!
01:21:47 [STASH_COMPACT] §f              §8(This totals 3 types of materials stashed!)
01:21:47 [STASH_COMPACT] §f                §3§l>>> §3§lCLICK HERE§b to pick them up! §3§l<<<
01:21:47 [STASH_COMPACT]   
01:22:47 [STASH_COMPACT] §f               §7You have §313,241 §7materials stashed away!
01:22:47 [STASH_COMPACT] §f              §8(This totals 3 types of materials stashed!)
01:22:47 [STASH_COMPACT] §f                §3§l>>> §3§lCLICK HERE§b to pick them up! §3§l<<<
01:22:47 [STASH_COMPACT]   
01:23:47 [STASH_COMPACT] §f               §7You have §313,241 §7materials stashed away!
01:23:47 [STASH_COMPACT] §f              §8(This totals 3 types of materials stashed!)
01:23:47 [STASH_COMPACT] §f                §3§l>>> §3§lCLICK HERE§b to pick them up! §3§l<<<
01:23:47 [STASH_COMPACT]   
01:24:47 [STASH_COMPACT] §f               §7You have §313,241 §7materials stashed away!
01:24:47 [STASH_COMPACT] §f              §8(This totals 3 types of materials stashed!)
01:24:47 [STASH_COMPACT] §f                §3§l>>> §3§lCLICK HERE§b to pick them up! §3§l<<<
01:24:47 [STASH_COMPACT]   
01:25:49 [STASH_COMPACT] §f               §7You have §313,241 §7materials stashed away!
01:25:49 [STASH_COMPACT] §f              §8(This totals 3 types of materials stashed!)
01:25:49 [STASH_COMPACT] §f                §3§l>>> §3§lCLICK HERE§b to pick them up! §3§l<<<
01:25:49 [STASH_COMPACT]   
01:26:50 [STASH_COMPACT] §f               §7You have §313,241 §7materials stashed away!
01:26:50 [STASH_COMPACT] §f              §8(This totals 3 types of materials stashed!)
01:26:50 [STASH_COMPACT] §f                §3§l>>> §3§lCLICK HERE§b to pick them up! §3§l<<<
01:26:50 [STASH_COMPACT]   
01:27:50 [STASH_COMPACT] §f               §7You have §313,241 §7materials stashed away!
01:27:50 [STASH_COMPACT] §f              §8(This totals 3 types of materials stashed!)
01:27:50 [STASH_COMPACT] §f                §3§l>>> §3§lCLICK HERE§b to pick them up! §3§l<<<
01:27:50 [STASH_COMPACT]   
01:29:39 [STASH_COMPACT] §f               §7You have §313,241 §7materials stashed away!
01:29:39 [STASH_COMPACT] §f              §8(This totals 3 types of materials stashed!)
01:29:39 [STASH_COMPACT] §f                §3§l>>> §3§lCLICK HERE§b to pick them up! §3§l<<<
01:29:39 [STASH_COMPACT]   
01:30:39 [STASH_COMPACT] §f               §7You have §313,241 §7materials stashed away!
01:30:39 [STASH_COMPACT] §f              §8(This totals 3 types of materials stashed!)
01:30:39 [STASH_COMPACT] §f                §3§l>>> §3§lCLICK HERE§b to pick them up! §3§l<<<
01:30:39 [STASH_COMPACT]   
01:31:40 [STASH_COMPACT] §f               §7You have §313,241 §7materials stashed away!
01:31:40 [STASH_COMPACT] §f              §8(This totals 3 types of materials stashed!)
01:31:40 [STASH_COMPACT] §f                §3§l>>> §3§lCLICK HERE§b to pick them up! §3§l<<<
01:31:40 [STASH_COMPACT]   
01:32:40 [STASH_COMPACT] §f               §7You have §313,241 §7materials stashed away!
01:32:40 [STASH_COMPACT] §f              §8(This totals 3 types of materials stashed!)
01:32:40 [STASH_COMPACT] §f                §3§l>>> §3§lCLICK HERE§b to pick them up! §3§l<<<
01:32:40 [STASH_COMPACT]   
01:34:41 [STASH_COMPACT] §f               §7You have §313,241 §7materials stashed away!
01:34:41 [STASH_COMPACT] §f              §8(This totals 3 types of materials stashed!)
01:34:41 [STASH_COMPACT] §f                §3§l>>> §3§lCLICK HERE§b to pick them up! §3§l<<<
01:34:41 [STASH_COMPACT]   
01:35:42 [STASH_COMPACT] §f               §7You have §313,241 §7materials stashed away!
01:35:42 [STASH_COMPACT] §f              §8(This totals 3 types of materials stashed!)
01:35:42 [STASH_COMPACT] §f                §3§l>>> §3§lCLICK HERE§b to pick them up! §3§l<<<
01:35:42 [STASH_COMPACT]   
01:36:42 [STASH_COMPACT] §f               §7You have §313,241 §7materials stashed away!
01:36:42 [STASH_COMPACT] §f              §8(This totals 3 types of materials stashed!)
01:36:42 [STASH_COMPACT] §f                §3§l>>> §3§lCLICK HERE§b to pick them up! §3§l<<<
01:36:42 [STASH_COMPACT]   
01:37:45 [STASH_COMPACT] §f               §7You have §313,241 §7materials stashed away!
01:37:45 [STASH_COMPACT] §f              §8(This totals 3 types of materials stashed!)
01:37:45 [STASH_COMPACT] §f                §3§l>>> §3§lCLICK HERE§b to pick them up! §3§l<<<
01:37:45 [STASH_COMPACT]   
01:38:12 [COMPACT_POTION_EFFECT] §a§lBUFF! §fYou have gained §r§4Regeneration IV§r§f! Press TAB or type /effects to view your active effects!
01:38:12 [COMPACT_POTION_EFFECT] §a§lBUFF! §fYou have gained §r§4Strength V§r§f! Press TAB or type /effects to view your active effects!
01:38:12 [COMPACT_POTION_EFFECT] §a§lBUFF! §fYou have gained §r§4Critical III§r§f! Press TAB or type /effects to view your active effects!
01:38:12 [COMPACT_POTION_EFFECT] §a§lBUFF! §fYou have gained §r§9Speed III§r§f! Press TAB or type /effects to view your active effects!
01:38:12 [COMPACT_POTION_EFFECT] §a§lBUFF! §fYou have gained §r§aResistance V§r§f! Press TAB or type /effects to view your active effects!
01:38:12 [COMPACT_POTION_EFFECT] §a§lBUFF! §fYou have gained §r§bArchery III§r§f! Press TAB or type /effects to view your active effects!
01:38:43 [BESTIARY] §f                                  §6§lBESTIARY
01:38:43 [BESTIARY] §f                        §b§lSuper Archer §7§8XIX §8➡§b §bXX
01:38:43 [BESTIARY] 
01:38:43 [BESTIARY] §f                                  §r§6§lREWARDS
01:38:43 [BESTIARY] §f                     §r§8+§r§a5 Super Archer §r§b✯ Magic Find
01:38:43 [BESTIARY] §f                      §r§8+§r§a5 Super Archer §r§c❁ Strength
01:38:43 [BESTIARY] §f                         §r§8+§r§62% §r§aSuper Archer §r§7coins
01:38:43 [BESTIARY] §f                    §r§8+§r§a50% §r§7chance for extra XP orbs
01:38:43 [BESTIARY] §f                               §r§8+§r§b1 SkyBlock XP
01:38:43 [BESTIARY] 
01:38:43 [BESTIARY] §3§l▬▬▬▬▬▬▬▬▬▬▬▬▬▬▬▬▬▬▬▬▬▬▬▬▬▬▬▬▬▬▬▬▬▬▬▬▬▬▬▬▬▬▬▬▬▬▬▬▬▬▬▬▬▬▬▬▬▬▬▬▬▬▬▬
01:38:45 [STASH_COMPACT] §f               §7You have §313,241 §7materials stashed away!
01:38:45 [STASH_COMPACT] §f              §8(This totals 3 types of materials stashed!)
01:38:45 [STASH_COMPACT] §f                §3§l>>> §3§lCLICK HERE§b to pick them up! §3§l<<<
01:38:45 [STASH_COMPACT]   
01:39:46 [STASH_COMPACT] §f               §7You have §313,241 §7materials stashed away!
01:39:46 [STASH_COMPACT] §f              §8(This totals 3 types of materials stashed!)
01:39:46 [STASH_COMPACT] §f                §3§l>>> §3§lCLICK HERE§b to pick them up! §3§l<<<
01:39:46 [STASH_COMPACT]   
01:40:46 [STASH_COMPACT] §f               §7You have §313,241 §7materials stashed away!
01:40:46 [STASH_COMPACT] §f              §8(This totals 3 types of materials stashed!)
01:40:46 [STASH_COMPACT] §f                §3§l>>> §3§lCLICK HERE§b to pick them up! §3§l<<<
01:40:46 [STASH_COMPACT]   
01:41:47 [STASH_COMPACT] §f               §7You have §313,241 §7materials stashed away!
01:41:47 [STASH_COMPACT] §f              §8(This totals 3 types of materials stashed!)
01:41:47 [STASH_COMPACT] §f                §3§l>>> §3§lCLICK HERE§b to pick them up! §3§l<<<
01:41:47 [STASH_COMPACT]   
01:42:47 [STASH_COMPACT] §f               §7You have §313,241 §7materials stashed away!
01:42:47 [STASH_COMPACT] §f              §8(This totals 3 types of materials stashed!)
01:42:47 [STASH_COMPACT] §f                §3§l>>> §3§lCLICK HERE§b to pick them up! §3§l<<<
01:42:47 [STASH_COMPACT]   
01:43:48 [STASH_COMPACT] §f               §7You have §313,241 §7materials stashed away!
01:43:48 [STASH_COMPACT] §f              §8(This totals 3 types of materials stashed!)
01:43:48 [STASH_COMPACT] §f                §3§l>>> §3§lCLICK HERE§b to pick them up! §3§l<<<
01:43:48 [STASH_COMPACT]   
01:44:48 [STASH_COMPACT] §f               §7You have §313,241 §7materials stashed away!
01:44:48 [STASH_COMPACT] §f              §8(This totals 3 types of materials stashed!)
01:44:48 [STASH_COMPACT] §f                §3§l>>> §3§lCLICK HERE§b to pick them up! §3§l<<<
01:44:48 [STASH_COMPACT]   
01:45:49 [STASH_COMPACT] §f               §7You have §313,241 §7materials stashed away!
01:45:49 [STASH_COMPACT] §f              §8(This totals 3 types of materials stashed!)
01:45:49 [STASH_COMPACT] §f                §3§l>>> §3§lCLICK HERE§b to pick them up! §3§l<<<
01:45:49 [STASH_COMPACT]   
01:46:49 [STASH_COMPACT] §f               §7You have §313,241 §7materials stashed away!
01:46:49 [STASH_COMPACT] §f              §8(This totals 3 types of materials stashed!)
01:46:49 [STASH_COMPACT] §f                §3§l>>> §3§lCLICK HERE§b to pick them up! §3§l<<<
01:46:49 [STASH_COMPACT]   
01:47:51 [STASH_COMPACT] §f               §7You have §313,241 §7materials stashed away!
01:47:51 [STASH_COMPACT] §f              §8(This totals 3 types of materials stashed!)
01:47:51 [STASH_COMPACT] §f                §3§l>>> §3§lCLICK HERE§b to pick them up! §3§l<<<
01:47:51 [STASH_COMPACT]   
01:48:52 [STASH_COMPACT] §f               §7You have §313,241 §7materials stashed away!
01:48:52 [STASH_COMPACT] §f              §8(This totals 3 types of materials stashed!)
01:48:52 [STASH_COMPACT] §f                §3§l>>> §3§lCLICK HERE§b to pick them up! §3§l<<<
01:48:52 [STASH_COMPACT]   
01:49:53 [STASH_COMPACT] §f               §7You have §313,241 §7materials stashed away!
01:49:53 [STASH_COMPACT] §f              §8(This totals 3 types of materials stashed!)
01:49:53 [STASH_COMPACT] §f                §3§l>>> §3§lCLICK HERE§b to pick them up! §3§l<<<
01:49:53 [STASH_COMPACT]   
01:50:53 [STASH_COMPACT] §f               §7You have §313,241 §7materials stashed away!
01:50:53 [STASH_COMPACT] §f              §8(This totals 3 types of materials stashed!)
01:50:53 [STASH_COMPACT] §f                §3§l>>> §3§lCLICK HERE§b to pick them up! §3§l<<<
01:50:53 [STASH_COMPACT]   
01:51:43 [STASH_COMPACT] §f               §7You have §313,241 §7materials stashed away!
01:51:43 [STASH_COMPACT] §f              §8(This totals 3 types of materials stashed!)
01:51:43 [STASH_COMPACT] §f                §3§l>>> §3§lCLICK HERE§b to pick them up! §3§l<<<
01:51:43 [STASH_COMPACT]   
01:52:44 [STASH_COMPACT] §f               §7You have §313,241 §7materials stashed away!
01:52:44 [STASH_COMPACT] §f              §8(This totals 3 types of materials stashed!)
01:52:44 [STASH_COMPACT] §f                §3§l>>> §3§lCLICK HERE§b to pick them up! §3§l<<<
01:52:44 [STASH_COMPACT]   
01:53:44 [STASH_COMPACT] §f               §7You have §313,241 §7materials stashed away!
01:53:44 [STASH_COMPACT] §f              §8(This totals 3 types of materials stashed!)
01:53:44 [STASH_COMPACT] §f                §3§l>>> §3§lCLICK HERE§b to pick them up! §3§l<<<
01:53:44 [STASH_COMPACT]   
01:54:44 [STASH_COMPACT] §f               §7You have §313,241 §7materials stashed away!
01:54:44 [STASH_COMPACT] §f              §8(This totals 3 types of materials stashed!)
01:54:44 [STASH_COMPACT] §f                §3§l>>> §3§lCLICK HERE§b to pick them up! §3§l<<<
01:54:44 [STASH_COMPACT]   
01:55:45 [STASH_COMPACT] §f               §7You have §313,241 §7materials stashed away!
01:55:45 [STASH_COMPACT] §f              §8(This totals 3 types of materials stashed!)
01:55:45 [STASH_COMPACT] §f                §3§l>>> §3§lCLICK HERE§b to pick them up! §3§l<<<
01:55:45 [STASH_COMPACT]   
01:56:30 [STASH_COMPACT] §f               §7You have §313,241 §7materials stashed away!
01:56:30 [STASH_COMPACT] §f              §8(This totals 3 types of materials stashed!)
01:56:30 [STASH_COMPACT] §f                §3§l>>> §3§lCLICK HERE§b to pick them up! §3§l<<<
01:56:30 [STASH_COMPACT]   
01:56:51 [STASH_COMPACT] §f               §7You have §313,241 §7materials stashed away!
01:56:51 [STASH_COMPACT] §f              §8(This totals 3 types of materials stashed!)
01:56:51 [STASH_COMPACT] §f                §3§l>>> §3§lCLICK HERE§b to pick them up! §3§l<<<
01:56:51 [STASH_COMPACT]   
01:58:09 [STASH_COMPACT] §f               §7You have §313,241 §7materials stashed away!
01:58:09 [STASH_COMPACT] §f              §8(This totals 3 types of materials stashed!)
01:58:09 [STASH_COMPACT] §f                §3§l>>> §3§lCLICK HERE§b to pick them up! §3§l<<<
01:58:09 [STASH_COMPACT]   
01:59:09 [STASH_COMPACT] §f               §7You have §313,241 §7materials stashed away!
01:59:09 [STASH_COMPACT] §f              §8(This totals 3 types of materials stashed!)
01:59:09 [STASH_COMPACT] §f                §3§l>>> §3§lCLICK HERE§b to pick them up! §3§l<<<
01:59:09 [STASH_COMPACT]   
02:00:10 [STASH_COMPACT] §f               §7You have §313,241 §7materials stashed away!
02:00:10 [STASH_COMPACT] §f              §8(This totals 3 types of materials stashed!)
02:00:10 [STASH_COMPACT] §f                §3§l>>> §3§lCLICK HERE§b to pick them up! §3§l<<<
02:00:10 [STASH_COMPACT]   
02:01:10 [STASH_COMPACT] §f               §7You have §313,241 §7materials stashed away!
02:01:10 [STASH_COMPACT] §f              §8(This totals 3 types of materials stashed!)
02:01:10 [STASH_COMPACT] §f                §3§l>>> §3§lCLICK HERE§b to pick them up! §3§l<<<
02:01:10 [STASH_COMPACT]   
02:02:10 [STASH_COMPACT] §f               §7You have §313,241 §7materials stashed away!
02:02:10 [STASH_COMPACT] §f              §8(This totals 3 types of materials stashed!)
02:02:10 [STASH_COMPACT] §f                §3§l>>> §3§lCLICK HERE§b to pick them up! §3§l<<<
02:02:10 [STASH_COMPACT]   
02:03:11 [STASH_COMPACT] §f               §7You have §313,241 §7materials stashed away!
02:03:11 [STASH_COMPACT] §f              §8(This totals 3 types of materials stashed!)
02:03:11 [STASH_COMPACT] §f                §3§l>>> §3§lCLICK HERE§b to pick them up! §3§l<<<
02:03:11 [STASH_COMPACT]   
02:04:11 [STASH_COMPACT] §f               §7You have §313,241 §7materials stashed away!
02:04:11 [STASH_COMPACT] §f              §8(This totals 3 types of materials stashed!)
02:04:11 [STASH_COMPACT] §f                §3§l>>> §3§lCLICK HERE§b to pick them up! §3§l<<<
02:04:11 [STASH_COMPACT]   
02:05:12 [STASH_COMPACT] §f               §7You have §313,241 §7materials stashed away!
02:05:12 [STASH_COMPACT] §f              §8(This totals 3 types of materials stashed!)
02:05:12 [STASH_COMPACT] §f                §3§l>>> §3§lCLICK HERE§b to pick them up! §3§l<<<
02:05:12 [STASH_COMPACT]   
02:06:12 [STASH_COMPACT] §f               §7You have §313,241 §7materials stashed away!
02:06:12 [STASH_COMPACT] §f              §8(This totals 3 types of materials stashed!)
02:06:12 [STASH_COMPACT] §f                §3§l>>> §3§lCLICK HERE§b to pick them up! §3§l<<<
02:06:12 [STASH_COMPACT]   
02:07:13 [STASH_COMPACT] §f               §7You have §313,241 §7materials stashed away!
02:07:13 [STASH_COMPACT] §f              §8(This totals 3 types of materials stashed!)
02:07:13 [STASH_COMPACT] §f                §3§l>>> §3§lCLICK HERE§b to pick them up! §3§l<<<
02:07:13 [STASH_COMPACT]   
02:08:13 [STASH_COMPACT] §f               §7You have §313,241 §7materials stashed away!
02:08:13 [STASH_COMPACT] §f              §8(This totals 3 types of materials stashed!)
02:08:13 [STASH_COMPACT] §f                §3§l>>> §3§lCLICK HERE§b to pick them up! §3§l<<<
02:08:13 [STASH_COMPACT]   
02:09:14 [STASH_COMPACT] §f               §7You have §313,241 §7materials stashed away!
02:09:14 [STASH_COMPACT] §f              §8(This totals 3 types of materials stashed!)
02:09:14 [STASH_COMPACT] §f                §3§l>>> §3§lCLICK HERE§b to pick them up! §3§l<<<
02:09:14 [STASH_COMPACT]   
02:10:14 [STASH_COMPACT] §f               §7You have §313,241 §7materials stashed away!
02:10:14 [STASH_COMPACT] §f              §8(This totals 3 types of materials stashed!)
02:10:14 [STASH_COMPACT] §f                §3§l>>> §3§lCLICK HERE§b to pick them up! §3§l<<<
02:10:14 [STASH_COMPACT]   
02:11:14 [STASH_COMPACT] §f               §7You have §313,241 §7materials stashed away!
02:11:14 [STASH_COMPACT] §f              §8(This totals 3 types of materials stashed!)
02:11:14 [STASH_COMPACT] §f                §3§l>>> §3§lCLICK HERE§b to pick them up! §3§l<<<
02:11:14 [STASH_COMPACT]   
02:12:15 [STASH_COMPACT] §f               §7You have §313,241 §7materials stashed away!
02:12:15 [STASH_COMPACT] §f              §8(This totals 3 types of materials stashed!)
02:12:15 [STASH_COMPACT] §f                §3§l>>> §3§lCLICK HERE§b to pick them up! §3§l<<<
02:12:15 [STASH_COMPACT]   
02:13:13 [STASH_COMPACT] §f               §7You have §313,241 §7materials stashed away!
02:13:13 [STASH_COMPACT] §f              §8(This totals 3 types of materials stashed!)
02:13:13 [STASH_COMPACT] §f                §3§l>>> §3§lCLICK HERE§b to pick them up! §3§l<<<
02:13:13 [STASH_COMPACT]   
02:14:15 [STASH_COMPACT] §f               §7You have §313,241 §7materials stashed away!
02:14:15 [STASH_COMPACT] §f              §8(This totals 3 types of materials stashed!)
02:14:15 [STASH_COMPACT] §f                §3§l>>> §3§lCLICK HERE§b to pick them up! §3§l<<<
02:14:15 [STASH_COMPACT]   
02:15:16 [STASH_COMPACT] §f               §7You have §313,241 §7materials stashed away!
02:15:16 [STASH_COMPACT] §f              §8(This totals 3 types of materials stashed!)
02:15:16 [STASH_COMPACT] §f                §3§l>>> §3§lCLICK HERE§b to pick them up! §3§l<<<
02:15:16 [STASH_COMPACT]   
02:16:17 [STASH_COMPACT] §f               §7You have §313,241 §7materials stashed away!
02:16:17 [STASH_COMPACT] §f              §8(This totals 3 types of materials stashed!)
02:16:17 [STASH_COMPACT] §f                §3§l>>> §3§lCLICK HERE§b to pick them up! §3§l<<<
02:16:17 [STASH_COMPACT]   
02:17:18 [STASH_COMPACT] §f               §7You have §313,241 §7materials stashed away!
02:17:18 [STASH_COMPACT] §f              §8(This totals 3 types of materials stashed!)
02:17:18 [STASH_COMPACT] §f                §3§l>>> §3§lCLICK HERE§b to pick them up! §3§l<<<
02:17:18 [STASH_COMPACT]   
02:18:18 [STASH_COMPACT] §f               §7You have §313,241 §7materials stashed away!
02:18:18 [STASH_COMPACT] §f              §8(This totals 3 types of materials stashed!)
02:18:18 [STASH_COMPACT] §f                §3§l>>> §3§lCLICK HERE§b to pick them up! §3§l<<<
02:18:18 [STASH_COMPACT]   
02:19:19 [STASH_COMPACT] §f               §7You have §313,241 §7materials stashed away!
02:19:19 [STASH_COMPACT] §f              §8(This totals 3 types of materials stashed!)
02:19:19 [STASH_COMPACT] §f                §3§l>>> §3§lCLICK HERE§b to pick them up! §3§l<<<
02:19:19 [STASH_COMPACT]   
02:20:19 [STASH_COMPACT] §f               §7You have §313,241 §7materials stashed away!
02:20:19 [STASH_COMPACT] §f              §8(This totals 3 types of materials stashed!)
02:20:19 [STASH_COMPACT] §f                §3§l>>> §3§lCLICK HERE§b to pick them up! §3§l<<<
02:20:19 [STASH_COMPACT]   
02:21:19 [STASH_COMPACT] §f               §7You have §313,241 §7materials stashed away!
02:21:19 [STASH_COMPACT] §f              §8(This totals 3 types of materials stashed!)
02:21:19 [STASH_COMPACT] §f                §3§l>>> §3§lCLICK HERE§b to pick them up! §3§l<<<
02:21:19 [STASH_COMPACT]   
02:22:20 [STASH_COMPACT] §f               §7You have §313,241 §7materials stashed away!
02:22:20 [STASH_COMPACT] §f              §8(This totals 3 types of materials stashed!)
02:22:20 [STASH_COMPACT] §f                §3§l>>> §3§lCLICK HERE§b to pick them up! §3§l<<<
02:22:20 [STASH_COMPACT]   
02:23:21 [STASH_COMPACT] §f               §7You have §313,241 §7materials stashed away!
02:23:21 [STASH_COMPACT] §f              §8(This totals 3 types of materials stashed!)
02:23:21 [STASH_COMPACT] §f                §3§l>>> §3§lCLICK HERE§b to pick them up! §3§l<<<
02:23:21 [STASH_COMPACT]   
02:24:21 [STASH_COMPACT] §f               §7You have §313,241 §7materials stashed away!
02:24:21 [STASH_COMPACT] §f              §8(This totals 3 types of materials stashed!)
02:24:21 [STASH_COMPACT] §f                §3§l>>> §3§lCLICK HERE§b to pick them up! §3§l<<<
02:24:21 [STASH_COMPACT]   
02:25:22 [STASH_COMPACT] §f               §7You have §313,241 §7materials stashed away!
02:25:22 [STASH_COMPACT] §f              §8(This totals 3 types of materials stashed!)
02:25:22 [STASH_COMPACT] §f                §3§l>>> §3§lCLICK HERE§b to pick them up! §3§l<<<
02:25:22 [STASH_COMPACT]   
02:26:23 [STASH_COMPACT] §f               §7You have §313,241 §7materials stashed away!
02:26:23 [STASH_COMPACT] §f              §8(This totals 3 types of materials stashed!)
02:26:23 [STASH_COMPACT] §f                §3§l>>> §3§lCLICK HERE§b to pick them up! §3§l<<<
02:26:23 [STASH_COMPACT]   
02:27:23 [STASH_COMPACT] §f               §7You have §313,241 §7materials stashed away!
02:27:23 [STASH_COMPACT] §f              §8(This totals 3 types of materials stashed!)
02:27:23 [STASH_COMPACT] §f                §3§l>>> §3§lCLICK HERE§b to pick them up! §3§l<<<
02:27:23 [STASH_COMPACT]   
02:28:24 [STASH_COMPACT] §f               §7You have §313,241 §7materials stashed away!
02:28:24 [STASH_COMPACT] §f              §8(This totals 3 types of materials stashed!)
02:28:24 [STASH_COMPACT] §f                §3§l>>> §3§lCLICK HERE§b to pick them up! §3§l<<<
02:28:24 [STASH_COMPACT]   
02:28:42 [STASH_COMPACT] §f               §7You have §313,241 §7materials stashed away!
02:28:42 [STASH_COMPACT] §f              §8(This totals 3 types of materials stashed!)
02:28:42 [STASH_COMPACT] §f                §3§l>>> §3§lCLICK HERE§b to pick them up! §3§l<<<
02:28:42 [STASH_COMPACT]   
02:29:08 [STASH_COMPACT] §f               §7You have §313,241 §7materials stashed away!
02:29:08 [STASH_COMPACT] §f              §8(This totals 3 types of materials stashed!)
02:29:08 [STASH_COMPACT] §f                §3§l>>> §3§lCLICK HERE§b to pick them up! §3§l<<<
02:29:08 [STASH_COMPACT]   
02:30:09 [STASH_COMPACT] §f               §7You have §313,241 §7materials stashed away!
02:30:09 [STASH_COMPACT] §f              §8(This totals 3 types of materials stashed!)
02:30:09 [STASH_COMPACT] §f                §3§l>>> §3§lCLICK HERE§b to pick them up! §3§l<<<
02:30:09 [STASH_COMPACT]   
02:30:17 [STASH_COMPACT] §f               §7You have §313,241 §7materials stashed away!
02:30:17 [STASH_COMPACT] §f              §8(This totals 3 types of materials stashed!)
02:30:17 [STASH_COMPACT] §f                §3§l>>> §3§lCLICK HERE§b to pick them up! §3§l<<<
02:30:17 [STASH_COMPACT]   
02:30:32 [BESTIARY] §f                                  §6§lBESTIARY
02:30:32 [BESTIARY] §f                 §b§lAngry Archaeologist §7§8XVII §8➡§b §bXVIII
02:30:32 [BESTIARY] 
02:30:32 [BESTIARY] §f                                  §r§6§lREWARDS
02:30:32 [BESTIARY] §f               §r§8+§r§a5 §r§d§lAngry Archaeologist §r§b✯ Magic Find
02:30:32 [BESTIARY] §f               §r§8+§r§a5 §r§d§lAngry Archaeologist §r§c❁ Strength
02:30:32 [BESTIARY] §f                   §r§8+§r§62% §r§a§r§d§lAngry Archaeologist §r§7coins
02:30:32 [BESTIARY] §f                    §r§8+§r§a50% §r§7chance for extra XP orbs
02:30:32 [BESTIARY] §f                               §r§8+§r§b1 SkyBlock XP
02:30:32 [BESTIARY] 
02:30:32 [BESTIARY] §3§l▬▬▬▬▬▬▬▬▬▬▬▬▬▬▬▬▬▬▬▬▬▬▬▬▬▬▬▬▬▬▬▬▬▬▬▬▬▬▬▬▬▬▬▬▬▬▬▬▬▬▬▬▬▬▬▬▬▬▬▬▬▬▬▬
02:31:18 [STASH_COMPACT] §f               §7You have §313,241 §7materials stashed away!
02:31:18 [STASH_COMPACT] §f              §8(This totals 3 types of materials stashed!)
02:31:18 [STASH_COMPACT] §f                §3§l>>> §3§lCLICK HERE§b to pick them up! §3§l<<<
02:31:18 [STASH_COMPACT]   
02:32:20 [STASH_COMPACT] §f               §7You have §313,241 §7materials stashed away!
02:32:20 [STASH_COMPACT] §f              §8(This totals 3 types of materials stashed!)
02:32:20 [STASH_COMPACT] §f                §3§l>>> §3§lCLICK HERE§b to pick them up! §3§l<<<
02:32:20 [STASH_COMPACT]   
02:33:23 [STASH_COMPACT] §f               §7You have §313,241 §7materials stashed away!
02:33:23 [STASH_COMPACT] §f              §8(This totals 3 types of materials stashed!)
02:33:23 [STASH_COMPACT] §f                §3§l>>> §3§lCLICK HERE§b to pick them up! §3§l<<<
02:33:23 [STASH_COMPACT]   
02:34:23 [STASH_COMPACT] §f               §7You have §313,241 §7materials stashed away!
02:34:23 [STASH_COMPACT] §f              §8(This totals 3 types of materials stashed!)
02:34:23 [STASH_COMPACT] §f                §3§l>>> §3§lCLICK HERE§b to pick them up! §3§l<<<
02:34:23 [STASH_COMPACT]   
02:35:26 [STASH_COMPACT] §f               §7You have §313,241 §7materials stashed away!
02:35:26 [STASH_COMPACT] §f              §8(This totals 3 types of materials stashed!)
02:35:26 [STASH_COMPACT] §f                §3§l>>> §3§lCLICK HERE§b to pick them up! §3§l<<<
02:35:26 [STASH_COMPACT]   
02:36:27 [STASH_COMPACT] §f               §7You have §313,241 §7materials stashed away!
02:36:27 [STASH_COMPACT] §f              §8(This totals 3 types of materials stashed!)
02:36:27 [STASH_COMPACT] §f                §3§l>>> §3§lCLICK HERE§b to pick them up! §3§l<<<
02:36:27 [STASH_COMPACT]   
02:37:28 [STASH_COMPACT] §f               §7You have §313,241 §7materials stashed away!
02:37:28 [STASH_COMPACT] §f              §8(This totals 3 types of materials stashed!)
02:37:28 [STASH_COMPACT] §f                §3§l>>> §3§lCLICK HERE§b to pick them up! §3§l<<<
02:37:28 [STASH_COMPACT]   
02:38:28 [STASH_COMPACT] §f               §7You have §313,241 §7materials stashed away!
02:38:28 [STASH_COMPACT] §f              §8(This totals 3 types of materials stashed!)
02:38:28 [STASH_COMPACT] §f                §3§l>>> §3§lCLICK HERE§b to pick them up! §3§l<<<
02:38:28 [STASH_COMPACT]   
02:39:28 [STASH_COMPACT] §f               §7You have §313,241 §7materials stashed away!
02:39:28 [STASH_COMPACT] §f              §8(This totals 3 types of materials stashed!)
02:39:28 [STASH_COMPACT] §f                §3§l>>> §3§lCLICK HERE§b to pick them up! §3§l<<<
02:39:28 [STASH_COMPACT]   
02:40:58 [STASH_COMPACT] §f               §7You have §313,241 §7materials stashed away!
02:40:58 [STASH_COMPACT] §f              §8(This totals 3 types of materials stashed!)
02:40:58 [STASH_COMPACT] §f                §3§l>>> §3§lCLICK HERE§b to pick them up! §3§l<<<
02:40:58 [STASH_COMPACT]   
02:41:45 [STASH_COMPACT] §f               §7You have §313,241 §7materials stashed away!
02:41:45 [STASH_COMPACT] §f              §8(This totals 3 types of materials stashed!)
02:41:45 [STASH_COMPACT] §f                §3§l>>> §3§lCLICK HERE§b to pick them up! §3§l<<<
02:41:45 [STASH_COMPACT]   
02:43:31 [STASH_COMPACT] §f               §7You have §313,241 §7materials stashed away!
02:43:31 [STASH_COMPACT] §f              §8(This totals 3 types of materials stashed!)
02:43:31 [STASH_COMPACT] §f                §3§l>>> §3§lCLICK HERE§b to pick them up! §3§l<<<
02:43:31 [STASH_COMPACT]   
02:45:11 [STASH_COMPACT] §f               §7You have §313,241 §7materials stashed away!
02:45:11 [STASH_COMPACT] §f              §8(This totals 3 types of materials stashed!)
02:45:11 [STASH_COMPACT] §f                §3§l>>> §3§lCLICK HERE§b to pick them up! §3§l<<<
02:45:11 [STASH_COMPACT]   
02:46:49 [STASH_COMPACT] §f               §7You have §313,241 §7materials stashed away!
02:46:49 [STASH_COMPACT] §f              §8(This totals 3 types of materials stashed!)
02:46:49 [STASH_COMPACT] §f                §3§l>>> §3§lCLICK HERE§b to pick them up! §3§l<<<
02:46:49 [STASH_COMPACT]   
02:48:06 [STASH_COMPACT] §f               §7You have §313,241 §7materials stashed away!
02:48:06 [STASH_COMPACT] §f              §8(This totals 3 types of materials stashed!)
02:48:06 [STASH_COMPACT] §f                §3§l>>> §3§lCLICK HERE§b to pick them up! §3§l<<<
02:48:06 [STASH_COMPACT]   
02:49:16 [STASH_COMPACT] §f               §7You have §313,241 §7materials stashed away!
02:49:16 [STASH_COMPACT] §f              §8(This totals 3 types of materials stashed!)
02:49:16 [STASH_COMPACT] §f                §3§l>>> §3§lCLICK HERE§b to pick them up! §3§l<<<
02:49:16 [STASH_COMPACT]   
02:50:19 [STASH_COMPACT] §f               §7You have §313,241 §7materials stashed away!
02:50:19 [STASH_COMPACT] §f              §8(This totals 3 types of materials stashed!)
02:50:19 [STASH_COMPACT] §f                §3§l>>> §3§lCLICK HERE§b to pick them up! §3§l<<<
02:50:19 [STASH_COMPACT]   
02:51:21 [STASH_COMPACT] §f               §7You have §313,241 §7materials stashed away!
02:51:21 [STASH_COMPACT] §f              §8(This totals 3 types of materials stashed!)
02:51:21 [STASH_COMPACT] §f                §3§l>>> §3§lCLICK HERE§b to pick them up! §3§l<<<
02:51:21 [STASH_COMPACT]   
02:52:24 [STASH_COMPACT] §f               §7You have §313,241 §7materials stashed away!
02:52:24 [STASH_COMPACT] §f              §8(This totals 3 types of materials stashed!)
02:52:24 [STASH_COMPACT] §f                §3§l>>> §3§lCLICK HERE§b to pick them up! §3§l<<<
02:52:24 [STASH_COMPACT]   
02:53:25 [STASH_COMPACT] §f               §7You have §313,241 §7materials stashed away!
02:53:25 [STASH_COMPACT] §f              §8(This totals 3 types of materials stashed!)
02:53:25 [STASH_COMPACT] §f                §3§l>>> §3§lCLICK HERE§b to pick them up! §3§l<<<
02:53:25 [STASH_COMPACT]   
02:54:22 [STASH_COMPACT] §f               §7You have §313,241 §7materials stashed away!
02:54:22 [STASH_COMPACT] §f              §8(This totals 3 types of materials stashed!)
02:54:22 [STASH_COMPACT] §f                §3§l>>> §3§lCLICK HERE§b to pick them up! §3§l<<<
02:54:22 [STASH_COMPACT]   
