00:43:26 §e[SkyHanni] Reloaded 7559 items in the NEU repo§r
00:51:28 §e[SkyHanni] §fYou were in Limbo for §e4s§f.§r
00:51:58 §e[SkyHanni] §bYou have §313k §bmaterials in stash, §btotalling §33 types§b. §bClick to §3pickup §byour stash!§r
00:55:03 §e[SkyHanni] Updated 7 Trophy Fishes from Odger.§r
00:56:17 §e[SkyHanni] §bYou have §313k §bmaterials in stash, §btotalling §33 types§b. §bClick to §3pickup §byour stash!§r
00:58:54 §e[SkyHanni] §bYou have §313k §bmaterials in stash, §btotalling §33 types§b. §bClick to §3pickup §byour stash!§r
01:01:35 §e[SkyHanni] §b+3 SkyBlock XP §7(Attribute Levels§7)§b (9/100)§r
01:03:07 §e[SkyHanni] §bYou have §313k §bmaterials in stash, §btotalling §33 types§b. §bClick to §3pickup §byour stash!§r
01:13:41 §e[SkyHanni] §bYou have §313k §bmaterials in stash, §btotalling §33 types§b. §bClick to §3pickup §byour stash!§r
01:13:54 §a§lPotion Effect! §r§4Regeneration IV§r
01:13:54 §a§lPotion Effect! §r§4Strength V§r
01:13:54 §a§lPotion Effect! §r§4Critical III§r
01:13:54 §a§lPotion Effect! §r§9Speed III§r
01:13:54 §a§lPotion Effect! §r§aResistance V§r
01:13:54 §a§lPotion Effect! §r§bArchery III§r
01:28:23 §e[SkyHanni] You are close to the Croesus Limit. Please open your chests!§r
01:29:39 §e[SkyHanni] §bYou have §313k §bmaterials in stash, §btotalling §33 types§b. §bClick to §3pickup §byour stash!§r
01:34:41 §e[SkyHanni] §bYou have §313k §bmaterials in stash, §btotalling §33 types§b. §bClick to §3pickup §byour stash!§r
01:37:45 §e[SkyHanni] §bYou have §313k §bmaterials in stash, §btotalling §33 types§b. §bClick to §3pickup §byour stash!§r
01:38:12 §a§lPotion Effect! §r§4Regeneration IV§r
01:38:12 §a§lPotion Effect! §r§4Strength V§r
01:38:12 §a§lPotion Effect! §r§4Critical III§r
01:38:12 §a§lPotion Effect! §r§9Speed III§r
01:38:12 §a§lPotion Effect! §r§aResistance V§r
01:38:12 §a§lPotion Effect! §r§bArchery III§r
01:38:43 §6§lBESTIARY §r§b§lSuper Archer §7§8XIX §8➡§b §bXX§r
01:51:06 §e[SkyHanni] You are close to the Croesus Limit. Please open your chests!§r
01:51:43 §e[SkyHanni] §bYou have §313k §bmaterials in stash, §btotalling §33 types§b. §bClick to §3pickup §byour stash!§r
01:56:30 §e[SkyHanni] §bYou have §313k §bmaterials in stash, §btotalling §33 types§b. §bClick to §3pickup §byour stash!§r
01:56:51 §e[SkyHanni] §bYou have §313k §bmaterials in stash, §btotalling §33 types§b. §bClick to §3pickup §byour stash!§r
01:58:09 §e[SkyHanni] §bYou have §313k §bmaterials in stash, §btotalling §33 types§b. §bClick to §3pickup §byour stash!§r
02:13:13 §e[SkyHanni] §bYou have §313k §bmaterials in stash, §btotalling §33 types§b. §bClick to §3pickup §byour stash!§r
02:14:15 §e[SkyHanni] §bYou have §313k §bmaterials in stash, §btotalling §33 types§b. §bClick to §3pickup §byour stash!§r
02:28:42 §e[SkyHanni] §bYou have §313k §bmaterials in stash, §btotalling §33 types§b. §bClick to §3pickup §byour stash!§r
02:29:08 §e[SkyHanni] §bYou have §313k §bmaterials in stash, §btotalling §33 types§b. §bClick to §3pickup §byour stash!§r
02:30:17 §e[SkyHanni] §bYou have §313k §bmaterials in stash, §btotalling §33 types§b. §bClick to §3pickup §byour stash!§r
02:30:32 §6§lBESTIARY §r§b§lAngry Archaeologist §7§8XVII §8➡§b §bXVIII§r
02:39:54 §e[SkyHanni] You are close to the Croesus Limit. Please open your chests!§r
02:40:58 §e[SkyHanni] §bYou have §313k §bmaterials in stash, §btotalling §33 types§b. §bClick to §3pickup §byour stash!§r
02:41:45 §e[SkyHanni] §bYou have §313k §bmaterials in stash, §btotalling §33 types§b. §bClick to §3pickup §byour stash!§r
02:53:54 §e[SkyHanni] You are close to the Croesus Limit. Please open your chests!§r
02:54:22 §e[SkyHanni] §bYou have §313k §bmaterials in stash, §btotalling §33 types§b. §bClick to §3pickup §byour stash!§r
