18:05:32 Trying to load config from config\skyhanni\config.json
18:05:32 load-config-now
18:05:33 Loaded config from file
18:05:33 Trying to load sacks from config\skyhanni\sacks.json
18:05:33 Setting sacks to be blank as it did not exist. It will be saved once something is written to it
18:05:33 Trying to load friends from config\skyhanni\friends.json
18:05:33 load-friends-now
18:05:33 Loaded friends from file
18:05:33 Trying to load known_features from config\skyhanni\known_features.json
18:05:33 load-known_features-now
18:05:33 Loaded known_features from file
18:05:33 Trying to load jacob_contests from config\skyhanni\jacob_contests.json
18:05:33 Setting jacob_contests to be blank as it did not exist. It will be saved once something is written to it
18:05:33 Trying to load visual_words from config\skyhanni\visual_words.json
18:05:33 Setting visual_words to be blank as it did not exist. It will be saved once something is written to it
18:05:33 Trying to load pets from config\skyhanni\pets.json
18:05:33 load-pets-now
18:05:33 Loaded pets from file
18:06:33 saveConfig: auto-save-60s
18:06:33 Saving config file
18:06:33 Saved config file successfully
18:06:33 saveConfig: auto-save-60s
18:06:33 Saving config file
18:06:33 Saved config file successfully
18:07:33 saveConfig: auto-save-60s
18:07:33 Saving config file
18:07:33 Saved config file successfully
18:07:33 saveConfig: auto-save-60s
18:07:33 Saving config file
18:07:33 Saved config file successfully
18:08:33 saveConfig: auto-save-60s
18:08:33 Saving config file
18:08:33 Saved config file successfully
18:08:33 saveConfig: auto-save-60s
18:08:33 Saving config file
18:08:33 Saved config file successfully
18:09:33 saveConfig: auto-save-60s
18:09:33 Saving config file
18:09:33 Saved config file successfully
18:09:33 saveConfig: auto-save-60s
18:09:33 Saving config file
18:09:33 Saved config file successfully
18:10:13 saveConfig: Updated known feature flags
18:10:13 Saving known_features file
18:10:13 Saved known_features file successfully
18:10:13 saveConfig: Updated known feature flags
18:10:13 Saving known_features file
18:10:13 Saved known_features file successfully
18:10:33 saveConfig: auto-save-60s
18:10:33 Saving config file
18:10:33 Saved config file successfully
18:10:33 saveConfig: auto-save-60s
18:10:33 Saving config file
18:10:33 Saved config file successfully
18:11:33 saveConfig: auto-save-60s
18:11:33 Saving config file
18:11:33 Saved config file successfully
18:11:33 saveConfig: auto-save-60s
18:11:33 Saving config file
18:11:33 Saved config file successfully
18:12:33 saveConfig: auto-save-60s
18:12:33 Saving config file
18:12:33 Saved config file successfully
18:12:33 saveConfig: auto-save-60s
18:12:33 Saving config file
18:12:33 Saved config file successfully
18:13:33 saveConfig: auto-save-60s
18:13:33 Saving config file
18:13:33 Saved config file successfully
18:13:33 saveConfig: auto-save-60s
18:13:33 Saving config file
18:13:33 Saved config file successfully
