22:01:12 [BESTIARY] §f                                  §6§lBESTIARY
22:01:12 [BESTIARY] §f                  §b§lSuper Tank Zombie §7§8XVII §8➡§b §bXVIII
22:01:12 [BESTIARY] 
22:01:12 [BESTIARY] §f                                  §r§6§lREWARDS
22:01:12 [BESTIARY] §f                  §r§8+§r§a5 Super Tank Zombie §r§b✯ Magic Find
22:01:12 [BESTIARY] §f                   §r§8+§r§a5 Super Tank Zombie §r§c❁ Strength
22:01:12 [BESTIARY] §f                      §r§8+§r§62% §r§aSuper Tank Zombie §r§7coins
22:01:12 [BESTIARY] §f                    §r§8+§r§a50% §r§7chance for extra XP orbs
22:01:12 [BESTIARY] §f                               §r§8+§r§b1 SkyBlock XP
22:01:12 [BESTIARY] 
22:01:12 [BESTIARY] §3§l▬▬▬▬▬▬▬▬▬▬▬▬▬▬▬▬▬▬▬▬▬▬▬▬▬▬▬▬▬▬▬▬▬▬▬▬▬▬▬▬▬▬▬▬▬▬▬▬▬▬▬▬▬▬▬▬▬▬▬▬▬▬▬▬
22:01:27 [STASH_COMPACT] §f               §7You have §313,298 §7materials stashed away!
22:01:27 [STASH_COMPACT] §f              §8(This totals 5 types of materials stashed!)
22:01:27 [STASH_COMPACT] §f                §3§l>>> §3§lCLICK HERE§b to pick them up! §3§l<<<
22:01:27 [STASH_COMPACT]   
22:02:30 [STASH_COMPACT] §f               §7You have §313,298 §7materials stashed away!
22:02:30 [STASH_COMPACT] §f              §8(This totals 5 types of materials stashed!)
22:02:30 [STASH_COMPACT] §f                §3§l>>> §3§lCLICK HERE§b to pick them up! §3§l<<<
22:02:30 [STASH_COMPACT]   
22:03:31 [STASH_COMPACT] §f               §7You have §313,298 §7materials stashed away!
22:03:31 [STASH_COMPACT] §f              §8(This totals 5 types of materials stashed!)
22:03:31 [STASH_COMPACT] §f                §3§l>>> §3§lCLICK HERE§b to pick them up! §3§l<<<
22:03:31 [STASH_COMPACT]   
22:04:49 [STASH_COMPACT] §f               §7You have §313,298 §7materials stashed away!
22:04:50 [STASH_COMPACT] §f              §8(This totals 5 types of materials stashed!)
22:04:50 [STASH_COMPACT] §f                §3§l>>> §3§lCLICK HERE§b to pick them up! §3§l<<<
22:04:50 [STASH_COMPACT]   
22:06:33 [STASH_COMPACT] §f               §7You have §313,298 §7materials stashed away!
22:06:33 [STASH_COMPACT] §f              §8(This totals 5 types of materials stashed!)
22:06:33 [STASH_COMPACT] §f                §3§l>>> §3§lCLICK HERE§b to pick them up! §3§l<<<
22:06:33 [STASH_COMPACT]   
22:07:09 [STASH_COMPACT] §f               §7You have §313,298 §7materials stashed away!
22:07:09 [STASH_COMPACT] §f              §8(This totals 5 types of materials stashed!)
22:07:09 [STASH_COMPACT] §f                §3§l>>> §3§lCLICK HERE§b to pick them up! §3§l<<<
22:07:09 [STASH_COMPACT]   
22:08:44 [COMPACT_POTION_EFFECT] §a§lBUFF! §fYou have gained §r§4Regeneration IV§r§f! Press TAB or type /effects to view your active effects!
22:08:44 [COMPACT_POTION_EFFECT] §a§lBUFF! §fYou have gained §r§4Strength V§r§f! Press TAB or type /effects to view your active effects!
22:08:44 [COMPACT_POTION_EFFECT] §a§lBUFF! §fYou have gained §r§4Critical III§r§f! Press TAB or type /effects to view your active effects!
22:08:44 [COMPACT_POTION_EFFECT] §a§lBUFF! §fYou have gained §r§9Speed III§r§f! Press TAB or type /effects to view your active effects!
22:08:44 [COMPACT_POTION_EFFECT] §a§lBUFF! §fYou have gained §r§aResistance V§r§f! Press TAB or type /effects to view your active effects!
22:08:44 [COMPACT_POTION_EFFECT] §a§lBUFF! §fYou have gained §r§bArchery III§r§f! Press TAB or type /effects to view your active effects!
22:09:10 [STASH_COMPACT] §f               §7You have §313,298 §7materials stashed away!
22:09:10 [STASH_COMPACT] §f              §8(This totals 5 types of materials stashed!)
22:09:10 [STASH_COMPACT] §f                §3§l>>> §3§lCLICK HERE§b to pick them up! §3§l<<<
22:09:10 [STASH_COMPACT]   
22:10:11 [STASH_COMPACT] §f               §7You have §313,298 §7materials stashed away!
22:10:11 [STASH_COMPACT] §f              §8(This totals 5 types of materials stashed!)
22:10:11 [STASH_COMPACT] §f                §3§l>>> §3§lCLICK HERE§b to pick them up! §3§l<<<
22:10:11 [STASH_COMPACT]   
22:11:51 [STASH_COMPACT] §f               §7You have §313,298 §7materials stashed away!
22:11:51 [STASH_COMPACT] §f              §8(This totals 5 types of materials stashed!)
22:11:51 [STASH_COMPACT] §f                §3§l>>> §3§lCLICK HERE§b to pick them up! §3§l<<<
22:11:51 [STASH_COMPACT]   
22:13:11 [STASH_COMPACT] §f               §7You have §313,298 §7materials stashed away!
22:13:11 [STASH_COMPACT] §f              §8(This totals 5 types of materials stashed!)
22:13:11 [STASH_COMPACT] §f                §3§l>>> §3§lCLICK HERE§b to pick them up! §3§l<<<
22:13:11 [STASH_COMPACT]   
22:14:11 [STASH_COMPACT] §f               §7You have §313,298 §7materials stashed away!
22:14:11 [STASH_COMPACT] §f              §8(This totals 5 types of materials stashed!)
22:14:11 [STASH_COMPACT] §f                §3§l>>> §3§lCLICK HERE§b to pick them up! §3§l<<<
22:14:11 [STASH_COMPACT]   
22:15:12 [STASH_COMPACT] §f               §7You have §313,298 §7materials stashed away!
22:15:12 [STASH_COMPACT] §f              §8(This totals 5 types of materials stashed!)
22:15:12 [STASH_COMPACT] §f                §3§l>>> §3§lCLICK HERE§b to pick them up! §3§l<<<
22:15:12 [STASH_COMPACT]   
22:16:13 [STASH_COMPACT] §f               §7You have §313,298 §7materials stashed away!
22:16:13 [STASH_COMPACT] §f              §8(This totals 5 types of materials stashed!)
22:16:13 [STASH_COMPACT] §f                §3§l>>> §3§lCLICK HERE§b to pick them up! §3§l<<<
22:16:13 [STASH_COMPACT]   
