22:00:10 §e[SkyHanni] Reloaded 7559 items in the NEU repo§r
22:00:53 §c[SkyHanni 4.0.0 1.8.9]: Could not find server id§c. Click here to copy the error into the clipboard.§r
22:01:12 §6§lBESTIARY §r§b§lSuper Tank Zombie §7§8XVII §8➡§b §bXVIII§r
22:01:27 §e[SkyHanni] §bYou have §313k §bmaterials in stash, §btotalling §35 types§b. §bClick to §3pickup §byour stash!§r
22:05:00 §e[SkyHanni] §fYou were in Limbo for §e2s§f.§r
22:05:23 §e[SkyHanni] §cExtra Information from Tab list not found! Enable it: SkyBlock Menu ➜ Settings ➜ Personal ➜ User Interface ➜ Player List Info§r
22:05:26 §e[SkyHanni] §cExtra Information from Tab list not found! Enable it: SkyBlock Menu ➜ Settings ➜ Personal ➜ User Interface ➜ Player List Info§r§7 (2)§r
22:05:29 §e[SkyHanni] §cExtra Information from Tab list not found! Enable it: SkyBlock Menu ➜ Settings ➜ Personal ➜ User Interface ➜ Player List Info§r§7 (3)§r
22:05:32 §e[SkyHanni] §cExtra Information from Tab list not found! Enable it: SkyBlock Menu ➜ Settings ➜ Personal ➜ User Interface ➜ Player List Info§r§7 (4)§r
22:05:35 §e[SkyHanni] §cExtra Information from Tab list not found! Enable it: SkyBlock Menu ➜ Settings ➜ Personal ➜ User Interface ➜ Player List Info§r§7 (5)§r
22:05:38 §e[SkyHanni] §cExtra Information from Tab list not found! Enable it: SkyBlock Menu ➜ Settings ➜ Personal ➜ User Interface ➜ Player List Info§r§7 (6)§r
22:05:41 §e[SkyHanni] §cExtra Information from Tab list not found! Enable it: SkyBlock Menu ➜ Settings ➜ Personal ➜ User Interface ➜ Player List Info§r§7 (7)§r
22:05:44 §e[SkyHanni] §cExtra Information from Tab list not found! Enable it: SkyBlock Menu ➜ Settings ➜ Personal ➜ User Interface ➜ Player List Info§r§7 (8)§r
22:05:47 §e[SkyHanni] §cExtra Information from Tab list not found! Enable it: SkyBlock Menu ➜ Settings ➜ Personal ➜ User Interface ➜ Player List Info§r§7 (9)§r
22:05:50 §e[SkyHanni] §cExtra Information from Tab list not found! Enable it: SkyBlock Menu ➜ Settings ➜ Personal ➜ User Interface ➜ Player List Info§r§7 (10)§r
22:05:53 §e[SkyHanni] §cExtra Information from Tab list not found! Enable it: SkyBlock Menu ➜ Settings ➜ Personal ➜ User Interface ➜ Player List Info§r§7 (11)§r
22:05:56 §e[SkyHanni] §cExtra Information from Tab list not found! Enable it: SkyBlock Menu ➜ Settings ➜ Personal ➜ User Interface ➜ Player List Info§r§7 (12)§r
22:05:59 §e[SkyHanni] §cExtra Information from Tab list not found! Enable it: SkyBlock Menu ➜ Settings ➜ Personal ➜ User Interface ➜ Player List Info§r§7 (13)§r
22:06:02 §e[SkyHanni] §cExtra Information from Tab list not found! Enable it: SkyBlock Menu ➜ Settings ➜ Personal ➜ User Interface ➜ Player List Info§r§7 (14)§r
22:06:05 §e[SkyHanni] §cExtra Information from Tab list not found! Enable it: SkyBlock Menu ➜ Settings ➜ Personal ➜ User Interface ➜ Player List Info§r§7 (15)§r
22:06:29 §e[SkyHanni] You are close to the Croesus Limit. Please open your chests!§r
22:06:33 §e[SkyHanni] §bYou have §313k §bmaterials in stash, §btotalling §35 types§b. §bClick to §3pickup §byour stash!§r
22:07:09 §e[SkyHanni] §bYou have §313k §bmaterials in stash, §btotalling §35 types§b. §bClick to §3pickup §byour stash!§r
22:08:10 §e[SkyHanni] §fYou were in Limbo for §e3s§f.§r
22:08:44 §a§lPotion Effect! §r§4Regeneration IV§r
22:08:44 §a§lPotion Effect! §r§4Strength V§r
22:08:44 §a§lPotion Effect! §r§4Critical III§r
22:08:44 §a§lPotion Effect! §r§9Speed III§r
22:08:44 §a§lPotion Effect! §r§aResistance V§r
22:08:44 §a§lPotion Effect! §r§bArchery III§r
22:09:10 §e[SkyHanni] §bYou have §313k §bmaterials in stash, §btotalling §35 types§b. §bClick to §3pickup §byour stash!§r
22:10:53 §c[SkyHanni 4.0.0 1.8.9]: Could not find server id§c. Click here to copy the error into the clipboard.§r
22:12:16 §e[SkyHanni] §fYou were in Limbo for §e23s§f.§r
22:12:21 §e[SkyHanni] §cExtra Information from Tab list not found! Enable it: SkyBlock Menu ➜ Settings ➜ Personal ➜ User Interface ➜ Player List Info§r
22:12:24 §e[SkyHanni] §cExtra Information from Tab list not found! Enable it: SkyBlock Menu ➜ Settings ➜ Personal ➜ User Interface ➜ Player List Info§r§7 (2)§r
22:13:11 §e[SkyHanni] §bYou have §313k §bmaterials in stash, §btotalling §35 types§b. §bClick to §3pickup §byour stash!§r
