21:15:40 §f                                  §6§lBESTIARY
21:15:40 §f                      §b§lBarbarian Duke X §7§8III §8➡§b §bIV
21:15:40 
21:15:40 §f                                  §r§6§lREWARDS
21:15:40 §f                 §r§8+§r§a2 §r§8§lBarbarian Duke X §r§b✯ Magic Find
21:15:40 §f                  §r§8+§r§a2 §r§8§lBarbarian Duke X §r§c❁ Strength
21:15:40 §f                     §r§8+§r§62% §r§a§r§8§lBarbarian Duke X §r§7coins
21:15:40 §f                    §r§8+§r§a50% §r§7chance for extra XP orbs
21:15:40 §f                               §r§8+§r§b1 SkyBlock XP
21:15:40 
21:15:40 §3§l▬▬▬▬▬▬▬▬▬▬▬▬▬▬▬▬▬▬▬▬▬▬▬▬▬▬▬▬▬▬▬▬▬▬▬▬▬▬▬▬▬▬▬▬▬▬▬▬▬▬▬▬▬▬▬▬▬▬▬▬▬▬▬▬
21:18:20 §f                                  §6§lBESTIARY
21:18:20 §f                       §b§lKuudra Follower §7§8X §8➡§b §bXI
21:18:20 
21:18:20 §f                                  §r§6§lREWARDS
21:18:20 §f                    §r§8+§r§a4 Kuudra Follower §r§b✯ Magic Find
21:18:20 §f                    §r§8+§r§a4 Kuudra Follower §r§c❁ Strength
21:18:20 §f                        §r§8+§r§62% §r§aKuudra Follower §r§7coins
21:18:20 §f                    §r§8+§r§a50% §r§7chance for extra XP orbs
21:18:20 §f                               §r§8+§r§b1 SkyBlock XP
21:18:20 
21:18:20 §3§l▬▬▬▬▬▬▬▬▬▬▬▬▬▬▬▬▬▬▬▬▬▬▬▬▬▬▬▬▬▬▬▬▬▬▬▬▬▬▬▬▬▬▬▬▬▬▬▬▬▬▬▬▬▬▬▬▬▬▬▬▬▬▬▬
21:20:59 §f                                  §6§lBESTIARY
21:20:59 §f                   §b§lInferno Magma Cube §7§8XII §8➡§b §bXIII
21:20:59 
21:20:59 §f                                  §r§6§lREWARDS
21:20:59 §f                 §r§8+§r§a4 Inferno Magma Cube §r§b✯ Magic Find
21:20:59 §f                  §r§8+§r§a4 Inferno Magma Cube §r§c❁ Strength
21:20:59 §f                     §r§8+§r§62% §r§aInferno Magma Cube §r§7coins
21:20:59 §f                    §r§8+§r§a50% §r§7chance for extra XP orbs
21:20:59 §f                               §r§8+§r§b1 SkyBlock XP
21:20:59 
21:20:59 §3§l▬▬▬▬▬▬▬▬▬▬▬▬▬▬▬▬▬▬▬▬▬▬▬▬▬▬▬▬▬▬▬▬▬▬▬▬▬▬▬▬▬▬▬▬▬▬▬▬▬▬▬▬▬▬▬▬▬▬▬▬▬▬▬▬
21:27:14 §f                                  §6§lBESTIARY
21:27:14 §f                       §b§lKuudra Slasher §7§8VI §8➡§b §bVII
21:27:14 
21:27:14 §f                                  §r§6§lREWARDS
21:27:14 §f                    §r§8+§r§a3 Kuudra Slasher §r§b✯ Magic Find
21:27:14 §f                     §r§8+§r§a3 Kuudra Slasher §r§c❁ Strength
21:27:14 §f                        §r§8+§r§62% §r§aKuudra Slasher §r§7coins
21:27:14 §f                    §r§8+§r§a50% §r§7chance for extra XP orbs
21:27:14 §f                               §r§8+§r§b1 SkyBlock XP
21:27:14 
21:27:14 §3§l▬▬▬▬▬▬▬▬▬▬▬▬▬▬▬▬▬▬▬▬▬▬▬▬▬▬▬▬▬▬▬▬▬▬▬▬▬▬▬▬▬▬▬▬▬▬▬▬▬▬▬▬▬▬▬▬▬▬▬▬▬▬▬▬
21:30:20 §f                                  §6§lBESTIARY
21:30:20 §f                       §b§lKuudra Knocker §7§8XI §8➡§b §bXII
21:30:20 
21:30:20 §f                                  §r§6§lREWARDS
21:30:20 §f                    §r§8+§r§a4 Kuudra Knocker §r§b✯ Magic Find
21:30:20 §f                     §r§8+§r§a4 Kuudra Knocker §r§c❁ Strength
21:30:20 §f                        §r§8+§r§62% §r§aKuudra Knocker §r§7coins
21:30:20 §f                    §r§8+§r§a50% §r§7chance for extra XP orbs
21:30:20 §f                               §r§8+§r§b1 SkyBlock XP
21:30:20 
21:30:20   §r§f                         §6§lBESTIARY MILESTONE
21:30:20   §r§f                                  §8CXV➡§eCXVI
21:30:20 
21:30:20 §3§l▬▬▬▬▬▬▬▬▬▬▬▬▬▬▬▬▬▬▬▬▬▬▬▬▬▬▬▬▬▬▬▬▬▬▬▬▬▬▬▬▬▬▬▬▬▬▬▬▬▬▬▬▬▬▬▬▬▬▬▬▬▬▬▬
