21:28:02 HUB
21:28:57 NONE
21:29:00 DUNGEON_HUB
21:33:29 NONE
21:33:37 CATACOMBS
21:44:38 NONE
21:44:40 DUNGEON_HUB
21:47:45 NONE
21:54:36 DUNGEON_HUB
21:54:51 NONE
21:54:55 HUB
21:56:52 NONE
21:56:52 DUNGEON_HUB
21:58:04 NONE
21:58:07 CATACOMBS
22:13:49 NONE
22:13:52 DUNGEON_HUB
22:17:07 CATACOMBS
22:29:01 NONE
22:29:04 DUNGEON_HUB
22:36:00 NONE
22:36:28 DUNGEON_HUB
22:39:59 NONE
22:40:01 PRIVATE_ISLAND
22:53:08 NONE
22:53:15 PRIVATE_ISLAND
22:53:35 NONE
22:53:36 HUB
22:56:49 NONE
22:56:50 PRIVATE_ISLAND
22:57:19 NONE
22:57:21 HUB
22:57:54 NONE
22:57:54 PRIVATE_ISLAND
22:58:48 NONE
22:58:50 HUB
23:00:04 NONE
23:00:04 PRIVATE_ISLAND
23:00:58 NONE
23:00:58 HUB
23:02:59 NONE
23:02:59 PRIVATE_ISLAND
23:25:11 NONE
23:25:13 HUB
23:25:45 NONE
23:25:46 PRIVATE_ISLAND_GUEST
23:25:54 THE_END
23:26:18 HUB
23:29:13 PRIVATE_ISLAND_GUEST
23:29:15 NONE
23:29:17 THE_END
23:55:17 NONE
23:55:18 DUNGEON_HUB
23:55:21 NONE
23:55:21 PRIVATE_ISLAND
23:59:13 DUNGEON_HUB
23:59:24 NONE
23:59:24 HUB
23:59:37 NONE
23:59:38 DUNGEON_HUB
00:01:28 NONE
00:01:29 CATACOMBS
00:13:47 NONE
00:13:48 DUNGEON_HUB
00:14:09 NONE
00:14:10 HUB
00:14:53 NONE
00:14:54 DUNGEON_HUB
00:17:11 NONE
00:17:11 HUB
00:17:17 NONE
00:17:17 DUNGEON_HUB
00:28:01 NONE
00:28:02 CATACOMBS
00:28:41 NONE
00:28:41 DUNGEON_HUB
00:30:46 NONE
00:30:46 CATACOMBS
00:43:06 NONE
00:43:07 DUNGEON_HUB
01:02:56 HUB
01:05:02 NONE
01:05:03 PRIVATE_ISLAND
01:05:15 PRIVATE_ISLAND_GUEST
01:06:24 NONE
01:06:25 HUB
01:07:04 NONE
01:07:05 PRIVATE_ISLAND
01:12:34 NONE
01:12:34 HUB
01:16:02 NONE
01:16:02 PRIVATE_ISLAND
01:31:19 NONE
01:31:20 HUB
01:35:06 NONE
01:35:06 SPIDER_DEN
01:43:20 HUB
01:44:41 NONE
01:44:42 SPIDER_DEN
01:50:27 NONE
01:50:28 HUB
01:51:05 NONE
01:51:05 SPIDER_DEN
01:54:00 NONE
01:54:01 HUB
02:05:38 NONE
02:05:38 SPIDER_DEN
02:06:04 HUB
02:06:43 NONE
02:06:44 SPIDER_DEN
02:55:11 HUB
02:56:02 SPIDER_DEN
02:56:23 HUB
02:57:56 NONE
02:57:56 SPIDER_DEN
02:58:16 NONE
02:58:16 CRIMSON_ISLE
03:02:20 NONE
03:02:20 HUB
03:03:52 NONE
03:03:53 PRIVATE_ISLAND
03:04:02 NONE
03:04:05 PRIVATE_ISLAND_GUEST
03:04:06 CRIMSON_ISLE
04:05:32 PRIVATE_ISLAND_GUEST
04:05:33 NONE
04:05:35 THE_END
04:06:23 HUB
04:08:25 NONE
04:08:27 PRIVATE_ISLAND_GUEST
04:08:31 NONE
04:08:32 THE_END
04:13:33 NONE
04:13:37 THE_END
04:14:17 NONE
04:14:18 HUB
04:14:38 NONE
04:14:39 PRIVATE_ISLAND_GUEST
04:15:10 THE_END
