00:38:56 [allowed] §f §r§r§r§f §r§r§r§1 §r§r§r§0 §r§r§r§2 §r§r§r§f §r§r§r§f §r§r§r§2 §r§r§r§0 §r§r§r§4 §r§r§r§3 §r§r§r§9 §r§r§r§2 §r§r§r§0 §r§r§r§0 §r§r§r§3 §r§r§r§9 §r§r§r§2 §r§r§r§0 §r§r§r§0 §r§r§r§3 §r§r§r§9 §r§r§r§2 §r§r§r§0 §r§r§r§0 
00:38:56 [allowed] §aYou have §b27 §aunclaimed leveling rewards!
00:38:56 [allowed] §eClick here to view them!
00:38:56 [allowed] §aYou have §62 §aunclaimed achievement rewards!
00:38:56 [allowed] §eClick here to view them!
00:39:22 [allowed] §7Sending to server mini1011G...
00:39:23 [allowed] §8 §r§8 §r§1 §r§3 §r§3 §r§7 §r§8 
00:39:30 [allowed]  
00:39:30 [allowed] §f       §7You have §32 §7pending §3Bestiary Milestones §7to be claimed!
00:39:30 [allowed] §f                  §6§l>>> §6§lCLICK HERE§e to claim them! §6§l<<<
00:39:30 [allowed]   
00:39:32 [allowed] 
00:39:32 [allowed] §eWelcome to §r§aHypixel SkyBlock§r§e!
00:39:32 [allowed] 
00:39:32 [allowed] §eLatest update: §bSkyBlock v0.23.1 §e§lCLICK
00:39:32 [allowed] §aYou are playing on profile: §ePear§b (Co-op)
00:39:32 [allowed] §8Profile ID: da202b41-03b4-4acb-b131-26b3b789ffbc
00:39:32 [allowed]  
00:39:32 [allowed]  
00:40:01 [allowed] §aYou summoned your §r§6Silverfish§r§a!
00:40:05 [allowed]  
00:40:05 [allowed]  
00:40:58 [allowed] §7Finding player...
00:40:59 [allowed] §7Sending a visit request...
00:40:59 [allowed] §7Sending to server mini233F...
00:41:00 [allowed] §8 §r§8 §r§1 §r§3 §r§3 §r§7 §r§8 
00:41:04 [allowed] §f§m-----------------------------------------------------
§r§cYou should NEVER enter your Microsoft account details anywhere but on official Microsoft services!

§r§cExternal links from untrusted sources should be avoided.
§r§f§m-----------------------------------------------------
00:41:04 [allowed]  
00:41:04 [allowed] §f       §7You have §32 §7pending §3Bestiary Milestones §7to be claimed!
00:41:04 [allowed] §f                  §6§l>>> §6§lCLICK HERE§e to claim them! §6§l<<<
00:41:04 [allowed]   
00:41:04 [allowed] §cThis ability is disabled while guesting!
00:41:04 [allowed] §aYou are playing on profile: §ePear§b (Co-op)
00:41:04 [allowed] §8Profile ID: da202b41-03b4-4acb-b131-26b3b789ffbc
00:41:05 [allowed] §7Sending to server mini2BH...
00:41:05 [allowed] §8 §r§8 §r§1 §r§3 §r§3 §r§7 §r§8 
00:41:06 [allowed]  
00:41:06 [allowed] §f       §7You have §32 §7pending §3Bestiary Milestones §7to be claimed!
00:41:06 [allowed] §f                  §6§l>>> §6§lCLICK HERE§e to claim them! §6§l<<<
00:41:06 [allowed]   
00:41:08 [allowed] §aYou are playing on profile: §ePear§b (Co-op)
00:41:08 [allowed] §8Profile ID: da202b41-03b4-4acb-b131-26b3b789ffbc
00:41:12 [allowed]  §b⚑ §eThe §b2x Powder §eevent starts in §a20 §eseconds!
 §eThis is a passive event! §bIt's happening everywhere in the §bDwarven Mines!
00:41:15 [allowed]  
00:41:15 [allowed]  
00:41:18 [allowed] §3§l▬▬▬▬▬▬▬▬▬▬▬▬▬▬▬▬▬▬▬▬▬▬▬▬▬▬▬▬▬▬▬▬▬▬▬▬▬▬▬▬▬▬▬▬▬▬▬▬▬▬▬▬▬▬▬▬▬▬▬▬▬▬▬▬
00:41:18 [allowed]  
00:41:18 [allowed] §f                         §r§6§lBESTIARY MILESTONE
00:41:18 [allowed] §f                                 §r§8XCIV §r§8➡§r§e §r§eXCV
00:41:18 [allowed]  
00:41:18 [allowed] §f                                  §r§6§lREWARDS
00:41:18 [allowed] §f                                 §r§8+§r§a1 §r§c❤ Health
00:41:18 [allowed] §f                       §r§8+§r§3750,000 §r§7Combat Experience
00:41:18 [allowed]  
00:41:18 [allowed] §3§l▬▬▬▬▬▬▬▬▬▬▬▬▬▬▬▬▬▬▬▬▬▬▬▬▬▬▬▬▬▬▬▬▬▬▬▬▬▬▬▬▬▬▬▬▬▬▬▬▬▬▬▬▬▬▬▬▬▬▬▬▬▬▬▬
00:41:18 [allowed] §3§l▬▬▬▬▬▬▬▬▬▬▬▬▬▬▬▬▬▬▬▬▬▬▬▬▬▬▬▬▬▬▬▬▬▬▬▬▬▬▬▬▬▬▬▬▬▬▬▬▬▬▬▬▬▬▬▬▬▬▬▬▬▬▬▬
00:41:18 [allowed]   §r§b§lSKILL LEVEL UP §3Combat §8XXXVIII➜§3XXXIX
00:41:18 [allowed] 
00:41:18 [allowed]   §r§a§lREWARDS
00:41:18 [allowed]    §r§eWarrior XXXIX
00:41:18 [allowed]    §r  §7§fDeal §8152➜§a156%§f more damage to mobs.
00:41:18 [allowed]    §r§7§8+§a0.5% §9☣ Crit Chance
00:41:18 [allowed]    §r§7§8+§6650,000 §7Coins
00:41:18 [allowed]    §r§7§8+§b20 SkyBlock XP
00:41:18 [allowed] §3§l▬▬▬▬▬▬▬▬▬▬▬▬▬▬▬▬▬▬▬▬▬▬▬▬▬▬▬▬▬▬▬▬▬▬▬▬▬▬▬▬▬▬▬▬▬▬▬▬▬▬▬▬▬▬▬▬▬▬▬▬▬▬▬▬
00:41:20 [allowed] §3§l▬▬▬▬▬▬▬▬▬▬▬▬▬▬▬▬▬▬▬▬▬▬▬▬▬▬▬▬▬▬▬▬▬▬▬▬▬▬▬▬▬▬▬▬▬▬▬▬▬▬▬▬▬▬▬▬▬▬▬▬▬▬▬▬
00:41:20 [allowed]  
00:41:20 [allowed] §f                         §r§6§lBESTIARY MILESTONE
00:41:20 [allowed] §f                                 §r§8XCV §r§8➡§r§e §r§eXCVI
00:41:20 [allowed]  
00:41:20 [allowed] §f                                   §r§6§lREWARD
00:41:20 [allowed] §f                                 §r§8+§r§a1 §r§c❤ Health
00:41:20 [allowed]  
00:41:20 [allowed] §3§l▬▬▬▬▬▬▬▬▬▬▬▬▬▬▬▬▬▬▬▬▬▬▬▬▬▬▬▬▬▬▬▬▬▬▬▬▬▬▬▬▬▬▬▬▬▬▬▬▬▬▬▬▬▬▬▬▬▬▬▬▬▬▬▬
00:41:32 [allowed] §a§l▬▬▬▬▬▬▬▬▬▬▬▬▬▬▬▬▬▬▬▬▬▬▬▬▬▬▬▬▬▬▬▬▬▬▬▬▬▬▬▬▬▬▬▬▬▬▬▬▬▬▬▬▬▬▬▬▬▬▬▬▬▬▬▬
00:41:32 [allowed] §f                          §r§b§l2X POWDER STARTED!
00:41:32 [allowed] §f                           §r§7Passive Active Event
00:41:32 [allowed] §f                                        
00:41:32 [allowed] §f        Everybody gets twice as much powder of all types!
00:41:32 [allowed] §a§l▬▬▬▬▬▬▬▬▬▬▬▬▬▬▬▬▬▬▬▬▬▬▬▬▬▬▬▬▬▬▬▬▬▬▬▬▬▬▬▬▬▬▬▬▬▬▬▬▬▬▬▬▬▬▬▬▬▬▬▬▬▬▬▬
00:42:16 [allowed]  
00:42:16 [allowed]  
00:42:27 [allowed] §cThere are blocks in the way!
00:42:28 [allowed] §cThere are blocks in the way!
00:43:16 [allowed]  
00:43:16 [allowed]  
00:43:22 [allowed] §cYou need a tool with a §r§aBreaking Power §r§cof §r§65§r§c to mine Titanium§r§c! Speak to §r§dFragilis §r§cby the entrance to the Crystal Hollows to learn more!
00:43:26 [allowed] §a§lLAVA SPRINGS TITANIUM §r§eCommission Complete! Visit the King §r§eto claim your rewards!
00:43:59 [allowed] §8[§r§2198§r§8] §r§7❤ §r§a[VIP] _Failed§f§r§f: how do people 2-3 tap ghost
00:44:17 [allowed]  
00:44:17 [allowed]  
00:44:25 [allowed] §8[§r§d328§r§8] §r§b§lᛝ §r§b[MVP§d+§b] Cireh §7♲§f§r§f: lonesome miner, mithril golem pet
00:44:50 [allowed] §cYou need a tool with a §r§aBreaking Power §r§cof §r§65§r§c to mine Titanium§r§c! Speak to §r§dFragilis §r§cby the entrance to the Crystal Hollows to learn more!
00:45:18 [allowed]  
00:45:18 [allowed]  
00:45:20 [allowed] §c ☠ §r§7§r§7moist_towell_69§r§7 was killed by Ghost§r§7§r§7.
00:45:32 [allowed] §8[§r§2198§r§8] §r§7❤ §r§a[VIP] _Failed§f§r§f: what is a lonesome miner
00:45:41 [allowed] §8[§r§d328§r§8] §r§b§lᛝ §r§b[MVP§d+§b] Cireh §7♲§f§r§f: hotm perk
00:46:19 [allowed]  
00:46:19 [allowed]  
00:46:19 [allowed] §cYou need a tool with a §r§aBreaking Power §r§cof §r§65§r§c to mine Titanium§r§c! Speak to §r§dFragilis §r§cby the entrance to the Crystal Hollows to learn more!
00:46:44 [allowed] §cYou need a tool with a §r§aBreaking Power §r§cof §r§65§r§c to mine Titanium§r§c! Speak to §r§dFragilis §r§cby the entrance to the Crystal Hollows to learn more!
00:47:11 [allowed] §c ☠ §r§7§r§7moist_towell_69§r§7 was killed by Ghost§r§7§r§7.
00:47:19 [allowed]  
00:47:19 [allowed]  
00:47:31 [allowed] §cYou need a tool with a §r§aBreaking Power §r§cof §r§65§r§c to mine Titanium§r§c! Speak to §r§dFragilis §r§cby the entrance to the Crystal Hollows to learn more!
00:48:09 [allowed] §c ☠ §r§7§r§7moist_towell_69§r§7 was killed by Ghost§r§7§r§7.
00:48:20 [allowed]  
00:48:20 [allowed]  
00:49:02 [allowed] §c ☠ §r§7§r§7moist_towell_69§r§7 was killed by Ghost§r§7§r§7.
00:49:20 [allowed]  
00:49:20 [allowed]  
00:49:31 [allowed] §cYou need a tool with a §r§aBreaking Power §r§cof §r§65§r§c to mine Titanium§r§c! Speak to §r§dFragilis §r§cby the entrance to the Crystal Hollows to learn more!
00:50:09 [allowed] §cYou need a tool with a §r§aBreaking Power §r§cof §r§65§r§c to mine Titanium§r§c! Speak to §r§dFragilis §r§cby the entrance to the Crystal Hollows to learn more!
00:50:21 [allowed]  
00:50:21 [allowed]  
00:50:52 [allowed] §a§lROYAL MINES TITANIUM §r§eCommission Complete! Visit the King §r§eto claim your rewards!
00:51:18 [allowed] §cThere are blocks in the way!
00:51:22 [allowed]  
00:51:22 [allowed]  
00:51:33 [allowed] §aFriend > §r§7W4rrioz §r§ejoined.
00:51:34 [allowed] §aFriend > §r§7W4rrioz §r§eleft.
00:51:35 [allowed] §aFriend > §r§7W4rrioz §r§ejoined.
00:51:40 [allowed] §aFriend > §r§7W4rrioz §r§eleft.
00:52:01 [allowed] §aFriend > §r§7W4rrioz §r§ejoined.
00:52:02 [allowed] §aFriend > §r§7W4rrioz §r§eleft.
00:52:03 [allowed] §aFriend > §r§7W4rrioz §r§ejoined.
00:52:07 [allowed] §aFriend > §r§7W4rrioz §r§eleft.
00:52:16 [allowed] §cYou need a tool with a §r§aBreaking Power §r§cof §r§65§r§c to mine Titanium§r§c! Speak to §r§dFragilis §r§cby the entrance to the Crystal Hollows to learn more!
00:52:19 [allowed] §aFriend > §r§7W4rrioz §r§ejoined.
00:52:20 [allowed] §aFriend > §r§7W4rrioz §r§eleft.
00:52:21 [allowed] §aFriend > §r§7W4rrioz §r§ejoined.
00:52:22 [allowed]  
00:52:22 [allowed]  
00:52:27 [allowed] §cYou need a tool with a §r§aBreaking Power §r§cof §r§65§r§c to mine Titanium§r§c! Speak to §r§dFragilis §r§cby the entrance to the Crystal Hollows to learn more!
00:52:51 [allowed] §c ☠ §r§7§r§bMonkeyMaan_§r§7 was killed by Ghost§r§7§r§7.
00:52:57 [allowed] §dTo §r§7W4rrioz§r§7: §r§7whys bro fighting his connection lol
00:53:08 [allowed] §cYou need a tool with a §r§aBreaking Power §r§cof §r§65§r§c to mine Titanium§r§c! Speak to §r§dFragilis §r§cby the entrance to the Crystal Hollows to learn more!
00:53:19 [allowed] §dFrom §r§7W4rrioz§r§7: §r§7idk even xd
00:53:23 [allowed]  
00:53:23 [allowed]  
00:53:52 [allowed] §6The sound of pickaxes clashing against the rock has attracted the attention of the §r§6§lPOWDER GHAST!
00:53:52 [allowed] §eFind the §r§6Powder Ghast§r§e near the §r§bForge Basin§r§e!
00:54:05 [allowed] §cThere are blocks in the way!
00:54:23 [allowed]  
00:54:23 [allowed]  
00:54:43 [allowed] §cYou need a tool with a §r§aBreaking Power §r§cof §r§65§r§c to mine Titanium§r§c! Speak to §r§dFragilis §r§cby the entrance to the Crystal Hollows to learn more!
00:55:05 [allowed] §6[Bazaar] §r§7Executing instant sell...
00:55:05 [allowed] §6[Bazaar] §r§7Sold §r§a62§r§7x §r§9Titanium §r§7for §r§61,085 coins§r§7!
00:55:05 [allowed] §6[Bazaar] §r§7Sold §r§a2§r§7x §r§9Titanic Experience Bottle §r§7for §r§61,128,172 coins§r§7!
00:55:05 [allowed] §6[Bazaar] §r§7Sold §r§a8§r§7x §r§9Enchanted Mithril §r§7for §r§610,000 coins§r§7!
00:55:05 [allowed] §6[Bazaar] §r§7Sold §r§a114§r§7x §r§fMithril §r§7for §r§6695.4 coins§r§7!
00:55:08 [allowed] §cYou need a tool with a §r§aBreaking Power §r§cof §r§65§r§c to mine Titanium§r§c! Speak to §r§dFragilis §r§cby the entrance to the Crystal Hollows to learn more!
00:55:21 [allowed] §cYou need a tool with a §r§aBreaking Power §r§cof §r§65§r§c to mine Titanium§r§c! Speak to §r§dFragilis §r§cby the entrance to the Crystal Hollows to learn more!
00:55:24 [allowed]  
00:55:24 [allowed]  
00:55:33 [allowed] §cYou need a tool with a §r§aBreaking Power §r§cof §r§65§r§c to mine Titanium§r§c! Speak to §r§dFragilis §r§cby the entrance to the Crystal Hollows to learn more!
00:55:36 [allowed] §5§l✯ §r§eA §r§5Fallen Star §r§ehas crashed at §r§bCliffside Veins§r§e! Nearby ore and Powder drops are amplified!
00:55:39 [allowed] §8[§r§721§r§8] §r§b[MVP§c+§b] MonkeyMaan_§f§r§f: where can you find fetchur
00:55:44 [allowed] §8[§r§721§r§8] §r§b[MVP§c+§b] MonkeyMaan_§f§r§f: and puzzler
00:55:49 [allowed] §aYou reached a new Ore Mined Milestone of §r§92,500 §r§aores!
00:55:49 [allowed] §aA wild §r§fRock §r§ahas decided to befriend you!
00:55:51 [allowed]  
00:55:51 [allowed] §f                          §r§3§lSKYBLOCK LEVEL UP
00:55:51 [allowed] §f                             §r§aLevel §r§8136 ➡ §r§8[§r§a137§r§8]
00:55:51 [allowed]  
00:55:51 [allowed] §f                                  §r§6§lREWARDS
00:55:51 [allowed] §f                                 §r§8+§r§a5 §r§c❤ Health
00:55:51 [allowed]  
00:55:59 [allowed] §c ☠ §r§7§r§7MaenForaen§r§7 was killed by Ghost§r§7§r§7.
00:56:25 [allowed]  
00:56:25 [allowed]  
00:56:42 [allowed] §a§l▬▬▬▬▬▬▬▬▬▬▬▬▬▬▬▬▬▬▬▬▬▬▬▬▬▬▬▬▬▬▬▬▬▬▬▬▬▬▬▬▬▬▬▬▬▬▬▬▬▬▬▬▬▬▬▬▬▬▬▬▬▬▬▬
00:56:42 [allowed] §f                           §r§b§l2X POWDER ENDED!
00:56:42 [allowed] §f                           §r§7Passive Active Event
00:56:42 [allowed] 
00:56:42 [allowed] §f   Powder amount is back to normal, but there will be another
00:56:42 [allowed] §f§r§f                                 event soon!
00:56:42 [allowed] §a§l▬▬▬▬▬▬▬▬▬▬▬▬▬▬▬▬▬▬▬▬▬▬▬▬▬▬▬▬▬▬▬▬▬▬▬▬▬▬▬▬▬▬▬▬▬▬▬▬▬▬▬▬▬▬▬▬▬▬▬▬▬▬▬▬
00:56:50 [allowed] §a§lROYAL MINES MITHRIL §r§eCommission Complete! Visit the King §r§eto claim your rewards!
00:56:58 [allowed] §cThere are blocks in the way!
00:56:59 [allowed] §7You have met §r§e6§r§7/§r§e7§r§7 Kings. A reward may follow.
00:57:25 [allowed]  
00:57:25 [allowed]  
00:57:28 [allowed] §8[§r§721§r§8] §r§b[MVP§c+§b] MonkeyMaan_§f§r§f: what are the best pets for combat xp
00:57:47 [allowed] §8[§r§733§r§8] §r§a[VIP] JoHoste §7♲§f§r§f: wolf
00:57:53 [allowed] §8[§r§732§r§8] §r§7CrafterRepee§7§r§7: how to get wolf
00:58:24 [allowed] §3§l▬▬▬▬▬▬▬▬▬▬▬▬▬▬▬▬▬▬▬▬▬▬▬▬▬▬▬▬▬▬▬▬▬▬▬▬▬▬▬▬▬▬▬▬▬▬▬▬▬▬▬▬▬▬▬▬▬▬▬▬▬▬▬▬
00:58:24 [allowed]  
00:58:26 [allowed]  
00:58:26 [allowed]  
00:58:43 [allowed] §7MaenForaen §r§cis currently Hunting this monster with a Huntaxe. Don’t kill it!
00:59:01 [allowed] §e§lLOOT SHARE §r§r§r§fYou received loot for assisting §r§7MaenForaen§r§f!
00:59:03 [allowed] §7MaenForaen §r§cis currently Hunting this monster with a Huntaxe. Don’t kill it!
00:59:06 [allowed] §7MaenForaen §r§cis currently Hunting this monster with a Huntaxe. Don’t kill it!
00:59:13 [allowed] §e§lLOOT SHARE §r§r§r§fYou received loot for assisting §r§7MaenForaen§r§f!
00:59:15 [allowed] §e§lLOOT SHARE §r§r§r§fYou received loot for assisting §r§7MaenForaen§r§f!
00:59:15 [allowed] §7MaenForaen §r§cis currently Hunting this monster with a Huntaxe. Don’t kill it!
00:59:18 [allowed] §8[§r§a137§r§8] §r§a[VIP§r§6+§r§a] longfenownsheat§r§f: ....
00:59:20 [allowed] §7MaenForaen §r§cis currently Hunting this monster with a Huntaxe. Don’t kill it!
00:59:26 [allowed]  
00:59:26 [allowed]  
00:59:31 [allowed] §cYou cannot deal ranged damage to this enemy!
01:00:04 [allowed] §e§lLOOT SHARE §fYou received a §9Star Sentry §fShard for assisting §7MaenForaen§f!
01:00:19 [allowed] §8[§r§2189§r§8] §r§6§lᛝ §r§a[VIP] Iceclad§f§r§f: wurst
01:00:24 [allowed] §8[§r§2189§r§8] §r§6§lᛝ §r§a[VIP] Iceclad§f§r§f: is bad
01:00:27 [allowed]  
01:00:27 [allowed]  
01:00:29 [allowed] 
01:00:29 [allowed] §6§k§lA§r §c§lFIRE SALE §r§6§k§lA
§r§c♨ §eSelling an item for a limited time!
§r§c   ♨ §aFrog Dye §e(§a56,564 left§e)§c§r
§r§c♨ §a§l[WARP] §eTo Elizabeth in the next §c3d 23h 59m §eto grab yours!
01:00:29 [allowed] 
01:01:12 [allowed]  §b⚑ §eThe §bMithril Gourmand §eevent starts in §a20 §eseconds!
 §aClick here §eto teleport to §bGarry §eand prepare!
01:01:28 [allowed]  
01:01:28 [allowed]  
01:01:32 [allowed] §f
01:01:32 [allowed] §4[WATCHDOG ANNOUNCEMENT]
01:01:32 [allowed] §fWatchdog has banned §r§c§l8,990§r§f players in the last 7 days.
01:01:32 [allowed] §fStaff have banned an additional §r§c§l8,254§r§f in the last 7 days.
01:01:32 [allowed] §cBlacklisted modifications are a bannable offense!
01:01:32 [allowed] §c
01:01:32 [allowed] §a§l▬▬▬▬▬▬▬▬▬▬▬▬▬▬▬▬▬▬▬▬▬▬▬▬▬▬▬▬▬▬▬▬▬▬▬▬▬▬▬▬▬▬▬▬▬▬▬▬▬▬▬▬▬▬▬▬▬▬▬▬▬▬▬▬
01:01:32 [allowed] §f                    §r§b§lMITHRIL GOURMAND STARTED!
01:01:32 [allowed] §f                                 §r§7Mining Event
01:01:32 [allowed] §f                                        
01:01:32 [allowed] §f      Don Expresso wants some §r§aTasty Mithril §r§ffrom the §r§bGoblin
01:01:32 [allowed] §b§r§f  §r§bBurrows§r§f. Bring §r§c200 §r§f§r§aTasty Mithril §r§fto him at the §r§bDwarven Village§r§f!
01:01:32 [allowed] §f      Bring §r§c10 §r§fpersonally and you'll receive §r§6extra rewards§r§f.
01:01:32 [allowed] §f                                        
01:01:32 [allowed] §f               Go to §r§bGoblin Burrows §r§7(or talk to Garry)
01:01:32 [allowed] §a§l▬▬▬▬▬▬▬▬▬▬▬▬▬▬▬▬▬▬▬▬▬▬▬▬▬▬▬▬▬▬▬▬▬▬▬▬▬▬▬▬▬▬▬▬▬▬▬▬▬▬▬▬▬▬▬▬▬▬▬▬▬▬▬▬
01:01:37 [allowed] §a§l+5 Kill Combo §r§b+1% §r§b✯ Magic Find
01:01:43 [allowed] §cYour Kill Combo has expired! You reached a 5 Kill Combo!
01:02:27 [allowed] §a§lCLIFFSIDE VEINS TITANIUM §r§eCommission Complete! Visit the King §r§eto claim your rewards!
01:02:28 [allowed]  
01:02:28 [allowed]  
01:02:40 [allowed] §cThere are blocks in the way!
01:02:40 [allowed] §cThere are blocks in the way!
01:02:47 [allowed] §cThere are blocks in the way!
01:02:48 [allowed] §cThere are blocks in the way!
01:03:28 [allowed]  
01:03:28 [allowed]  
01:04:29 [allowed]  
01:04:29 [allowed]  
01:04:53 [allowed] §cYou need a tool with a §r§aBreaking Power §r§cof §r§65§r§c to mine Titanium§r§c! Speak to §r§dFragilis §r§cby the entrance to the Crystal Hollows to learn more!
01:05:22 [allowed] §c ☠ §r§7§r§aJoHoste§r§7 was killed by Goblin§r§7§r§7.
01:05:29 [allowed]  
01:05:29 [allowed]  
01:05:35 [allowed] §cYou need a tool with a §r§aBreaking Power §r§cof §r§65§r§c to mine Titanium§r§c! Speak to §r§dFragilis §r§cby the entrance to the Crystal Hollows to learn more!
01:05:56 [allowed] §cYou need a tool with a §r§aBreaking Power §r§cof §r§65§r§c to mine Titanium§r§c! Speak to §r§dFragilis §r§cby the entrance to the Crystal Hollows to learn more!
01:06:18 [allowed] §a§lLAVA SPRINGS TITANIUM §r§eCommission Complete! Visit the King §r§eto claim your rewards!
01:06:29 [allowed] §cThere are blocks in the way!
01:06:30 [allowed]  
01:06:30 [allowed]  
01:06:58 [allowed] §c ☠ §r§7§r§7MaenForaen§r§7 was killed by Ghost§r§7§r§7.
01:07:04 [allowed] §cThere are blocks in the way!
01:07:20 [allowed] §cThere are blocks in the way!
01:07:21 [allowed] §a§l▬▬▬▬▬▬▬▬▬▬▬▬▬▬▬▬▬▬▬▬▬▬▬▬▬▬▬▬▬▬▬▬▬▬▬▬▬▬▬▬▬▬▬▬▬▬▬▬▬▬▬▬▬▬▬▬▬▬▬▬▬▬▬▬
01:07:21 [allowed] §f                      §r§b§lMITHRIL GOURMAND ENDED!
01:07:21 [allowed] §f                                 §r§7Mining Event
01:07:21 [allowed] §f                          §r§cYou didn't participate...
01:07:21 [allowed] §a§l▬▬▬▬▬▬▬▬▬▬▬▬▬▬▬▬▬▬▬▬▬▬▬▬▬▬▬▬▬▬▬▬▬▬▬▬▬▬▬▬▬▬▬▬▬▬▬▬▬▬▬▬▬▬▬▬▬▬▬▬▬▬▬▬
01:07:22 [allowed] §cThere are blocks in the way!
01:07:27 [allowed] §cThere are blocks in the way!
01:07:27 [allowed] §cThere are blocks in the way!
01:07:30 [allowed]  
01:07:30 [allowed]  
01:07:36 [allowed] §8[§r§732§r§8] §r§7CrafterRepee§7§r§7: YO
01:07:46 [allowed] §8[§r§732§r§8] §r§7CrafterRepee§7§r§7: glacitre jewel 2 in a roww
01:07:47 [allowed] §6The sound of pickaxes clashing against the rock has attracted the attention of the §r§6§lPOWDER GHAST!
01:07:47 [allowed] §eFind the §r§6Powder Ghast§r§e near the §r§bForge Basin§r§e!
01:07:50 [allowed] §8[§r§732§r§8] §r§7CrafterRepee§7§r§7: easy free money
01:07:59 [allowed] §cThere are blocks in the way!
01:08:29 [allowed] §c ☠ §r§7§r§bMasterOrionMax§r§7 froze to death§r§7.
01:08:31 [allowed]  
01:08:31 [allowed]  
01:08:54 [allowed]   §r§3§lBESTIARY FAMILY UNLOCKED §bTreasure Hoarder
01:08:54 [allowed] §3§l▬▬▬▬▬▬▬▬▬▬▬▬▬▬▬▬▬▬▬▬▬▬▬▬▬▬▬▬▬▬▬▬▬▬▬▬▬▬▬▬▬▬▬▬▬▬▬▬▬▬▬▬▬▬▬▬▬▬▬▬▬▬▬▬
01:08:54 [allowed]  
01:09:31 [allowed]  
01:09:31 [allowed]  
01:09:38 [allowed] §cThere are blocks in the way!
01:09:39 [allowed] §cThere are blocks in the way!
01:09:48 [allowed] §cThere are blocks in the way!
01:10:32 [allowed]  
01:10:32 [allowed]  
01:11:32 [allowed]  
01:11:32 [allowed]  
01:12:33 [allowed]  
01:12:33 [allowed]  
01:12:45 [allowed] §cThis player is playing the §r§7Ironman gamemode §r§cwhich doesn't allow trading!
01:13:33 [allowed]  
01:13:33 [allowed]  
01:13:42 [allowed] §8[§r§c452§r§8] §r§b[MVP§2+§b] csjy§f§r§f: someone p and warp me when its 2x powd
01:14:03 [allowed] §8[§a139§8] §r§a[VIP§6+§a] A4S3ANa1§f§7 is holding §r§8[§5Glacite Amalgamation§8]
01:14:11 [allowed] §a§lTITANIUM MINER §r§eCommission Complete! Visit the King §r§eto claim your rewards!
01:14:26 [allowed] §c ☠ §r§7§r§7prismemarin§r§7 was killed by Glacite Walker§r§7§r§7.
01:14:34 [allowed]  
01:14:34 [allowed]  
01:14:57 [allowed] §aFriend > §r§bBababoi09 §r§eleft.
01:15:12 [allowed] §c ☠ §r§7§r§7prismemarin§r§7 fell to their death§r§7.
01:15:34 [allowed]  
01:15:34 [allowed]  
01:15:43 [allowed] §aYou bought §r§aBandaged Mithril Pickaxe§r§a!
01:15:55 [allowed] §aSuccessfully added §r§fRock §r§ato your pet menu!
01:16:11 [allowed] §6[Bazaar] §r§7Executing instant sell...
01:16:11 [allowed] §6[Bazaar] §r§7Sold §r§a57§r§7x §r§9Starfall §r§7for §r§680,410 coins§r§7!
01:16:11 [allowed] §6[Bazaar] §r§7Sold §r§a30§r§7x §r§fCobblestone §r§7for §r§618.0 coins§r§7!
01:16:11 [allowed] §6[Bazaar] §r§7Sold §r§a4§r§7x §r§9Enchanted Mithril §r§7for §r§65,000.8 coins§r§7!
01:16:11 [allowed] §6[Bazaar] §r§7Sold §r§a208§r§7x §r§9Titanium §r§7for §r§63,660.8 coins§r§7!
01:16:11 [allowed] §6[Bazaar] §r§7Sold §r§a136§r§7x §r§fMithril §r§7for §r§6856.8 coins§r§7!
01:16:16 [allowed] §6[Bazaar] §r§7Executing instant buy...
01:16:17 [allowed] §6[Bazaar] §r§7Bought §r§a64§r§7x §r§9Enchanted Mithril §r§7for §r§681,920 coins§r§7!
01:16:28 [allowed] §6[Bazaar] §r§7Executing instant buy...
01:16:28 [allowed] §6[Bazaar] §r§7Bought §r§a32§r§7x §r§aEnchanted Gold §r§7for §r§621,104 coins§r§7!
01:16:35 [allowed]  
01:16:35 [allowed]  
01:16:40 [allowed] §6[Bazaar] §r§7Executing instant buy...
01:16:40 [allowed] §6[Bazaar] §r§7Bought §r§a1§r§7x §r§9Bejeweled Handle §r§7for §r§6223,266 coins§r§7!
01:16:42 [allowed] §aYou bought §r§aMithril Pickaxe§r§a!
01:16:52 [allowed] §c ☠ §r§7§r§7prismemarin§r§7 was killed by Glacite Walker§r§7§r§7.
01:17:35 [allowed]  
01:17:35 [allowed]  
01:18:36 [allowed]  
01:18:36 [allowed]  
01:18:38 [allowed] §c ☠ §r§7§r§7prismemarin§r§7 was killed by Glacite Walker§r§7§r§7.
01:18:55 [allowed] §6The sound of pickaxes clashing against the rock has attracted the attention of the §r§6§lPOWDER GHAST!
01:18:55 [allowed] §eFind the §r§6Powder Ghast§r§e near the §r§bDivan's Gateway§r§e!
01:19:04 [allowed] §cThere are blocks in the way!
01:19:36 [allowed]  
01:19:36 [allowed]  
01:19:39 [allowed] §cThere are blocks in the way!
01:19:47 [allowed] §cThere are blocks in the way!
01:20:37 [allowed]  
01:20:37 [allowed]  
01:21:10 [allowed]  §9⚑ §eThe §9Gone with the Wind §eevent starts in §a20 §eseconds!
 §eThis is a passive event! §bIt's happening everywhere in the §bDwarven Mines!
01:21:30 [allowed] §a§l▬▬▬▬▬▬▬▬▬▬▬▬▬▬▬▬▬▬▬▬▬▬▬▬▬▬▬▬▬▬▬▬▬▬▬▬▬▬▬▬▬▬▬▬▬▬▬▬▬▬▬▬▬▬▬▬▬▬▬▬▬▬▬▬
01:21:30 [allowed] §f                   §r§9§lGONE WITH THE WIND STARTED!
01:21:30 [allowed] §f                           §r§7Passive Active Event
01:21:30 [allowed] §f                                        
01:21:30 [allowed] §f  The cavern is windy today! Mining in the direction of the wind
01:21:30 [allowed] §f§r§f                      will give §r§6+600⸕ Mining Speed§r§f.
01:21:30 [allowed] §a§l▬▬▬▬▬▬▬▬▬▬▬▬▬▬▬▬▬▬▬▬▬▬▬▬▬▬▬▬▬▬▬▬▬▬▬▬▬▬▬▬▬▬▬▬▬▬▬▬▬▬▬▬▬▬▬▬▬▬▬▬▬▬▬▬
01:21:35 [allowed] §c ☠ §r§7§r§7prismemarin§r§7 was killed by Glacite Walker§r§7§r§7.
01:21:37 [allowed]  
01:21:37 [allowed]  
01:22:31 [allowed] §aThe wind has changed direction!
01:22:38 [allowed]  
01:22:38 [allowed]  
01:23:15 [allowed] §a§lRAMPART'S QUARRY TITANIUM §r§eCommission Complete! Visit the King §r§eto claim your rewards!
01:23:39 [allowed]  
01:23:39 [allowed]  
01:24:22 [allowed] §aThe wind has changed direction!
01:24:24 [allowed] §3§l▬▬▬▬▬▬▬▬▬▬▬▬▬▬▬▬▬▬▬▬▬▬▬▬▬▬▬▬▬▬▬▬▬▬▬▬▬▬▬▬▬▬▬▬▬▬▬▬▬▬▬▬▬▬▬▬▬▬▬▬▬▬▬▬
01:24:24 [allowed]   §r§b§lSKILL LEVEL UP §3Taming §8XXXVIII➜§3XXXIX
01:24:24 [allowed] 
01:24:24 [allowed]   §r§a§lREWARDS
01:24:25 [allowed]    §r§eZoologist XXXIX
01:24:25 [allowed]    §r  §7§fGain §838➜§a39%§f extra pet exp.
01:24:25 [allowed]    §r§7§8+§fGain §87.6➜§a7.8% §fExp Share rate.
01:24:25 [allowed]    §r§7§8+§a1 §d♣ Pet Luck
01:24:25 [allowed]    §r§7§8+§6650,000 §7Coins
01:24:25 [allowed]    §r§7§8+§b20 SkyBlock XP
01:24:25 [allowed] §3§l▬▬▬▬▬▬▬▬▬▬▬▬▬▬▬▬▬▬▬▬▬▬▬▬▬▬▬▬▬▬▬▬▬▬▬▬▬▬▬▬▬▬▬▬▬▬▬▬▬▬▬▬▬▬▬▬▬▬▬▬▬▬▬▬
01:24:39 [allowed]  
01:24:39 [allowed]  
01:25:30 [allowed] §c ☠ §r§7§r§7prismemarin§r§7 was killed by Glacite Walker§r§7§r§7.
01:25:40 [allowed]  
01:25:40 [allowed]  
01:26:03 [allowed] §aThe wind has changed direction!
01:26:41 [allowed]  
01:26:41 [allowed]  
01:26:54 [allowed] §8[§r§3260§r§8] §r§6§lᛝ §r§a[VIP§6+§a] Chomusuke04§f§r§f: ty
01:27:34 [allowed] §aThe wind has changed direction!
01:27:41 [allowed]  
01:27:41 [allowed]  
01:28:25 [allowed] §8[§r§729§r§8] §r§a[VIP] DrGrant2009§f§r§f: anyone know a good way to get gold collection up or is just mining these gold blocks?
01:28:38 [allowed] §8[§r§e80§r§8] §r§7Crssl §7♲§7§r§7: mines of divan gold
01:28:42 [allowed]  
01:28:42 [allowed]  
01:28:42 [allowed] §8[§r§e109§r§8] §r§7ImpartialEu§7§r§7: mines of divan
01:28:46 [allowed] §8[§r§729§r§8] §r§a[VIP] DrGrant2009§f§r§f: ok
01:28:46 [allowed] §5§l✯ §r§eA §r§5Fallen Star §r§ehas crashed at §r§bRampart's Quarry§r§e! Nearby ore and Powder drops are amplified!
01:28:55 [allowed] §aThe wind has changed direction!
01:29:06 [allowed] §8[§r§729§r§8] §r§a[VIP] DrGrant2009§f§r§f: where is that?
01:29:19 [allowed] §8[§r§f45§r§8] §r§a[VIP] Galifire§f§r§f: its in the crystal hollows, not sure you have access to that yet
01:29:21 [allowed] §8[§r§e109§r§8] §r§7ImpartialEu§7§r§7: get hotm 4 to get in
01:29:30 [allowed] §aThe wind has changed direction!
01:29:32 [allowed] §8[§r§729§r§8] §r§a[VIP] DrGrant2009§f§r§f: i am just short of that
01:29:42 [allowed]  
01:29:42 [allowed]  
01:29:50 [allowed] §8[§r§e109§r§8] §r§7ImpartialEu§7§r§7: why do u want gold collection anyway
01:29:55 [allowed] §8[§r§e109§r§8] §r§7ImpartialEu§7§r§7: at so low lvl
01:29:56 [allowed] §8[§r§729§r§8] §r§a[VIP] DrGrant2009§f§r§f: upgrade bank
01:30:00 [allowed] §aThe wind has changed direction!
01:30:07 [allowed] §c ☠ §r§7§r§bPhilotom§r§7 was killed by Knifethrower§r§7§r§7.
01:30:13 [allowed] §8[§r§d344§r§8] §r§a[VIP] lienshart §7♲§f§r§f: get your powder up not your money up
01:30:31 [allowed] §aThe wind has changed direction!
01:30:33 [allowed] §8[§r§e109§r§8] §r§7ImpartialEu§7§r§7: bro got 50 mil at lvl 29?? wut
01:30:35 [allowed] §8[§r§729§r§8] §r§a[VIP] DrGrant2009§f§r§f: my coops bank is full
01:30:42 [allowed] §8[§r§e109§r§8] §r§7ImpartialEu§7§r§7: o coop
01:30:43 [allowed]  
01:30:43 [allowed]  
01:31:43 [allowed]  
01:31:43 [allowed]  
01:32:01 [allowed] §aThe wind has changed direction!
01:32:32 [allowed] §aThe wind has changed direction!
01:32:44 [allowed]  
01:32:44 [allowed]  
01:33:02 [allowed] §aThe wind has changed direction!
01:33:14 [allowed] §8[§r§724§r§8] §r§a[VIP] __Terrance__§f§r§f: \
01:33:42 [allowed] §a§lCLIFFSIDE VEINS TITANIUM §r§eCommission Complete! Visit the King §r§eto claim your rewards!
01:33:45 [allowed]  
01:33:45 [allowed]  
01:34:03 [allowed] §aThe wind has changed direction!
01:34:03 [allowed] §cThere are blocks in the way!
01:34:45 [allowed]  
01:34:45 [allowed]  
01:35:34 [allowed] §aThe wind has changed direction!
01:35:46 [allowed]  
01:35:46 [allowed]  
01:36:47 [allowed]  
01:36:47 [allowed]  
01:37:47 [allowed]  
01:37:47 [allowed]  
01:38:05 [allowed] §aThe wind has changed direction!
01:38:13 [allowed] §aFriend > §r§7W4rrioz §r§eleft.
01:38:36 [allowed] §aThe wind has changed direction!
01:38:48 [allowed]  
01:38:48 [allowed]  
01:38:54 [allowed] §a§lROYAL MINES TITANIUM §r§eCommission Complete! Visit the King §r§eto claim your rewards!
01:39:06 [allowed] §aThe wind has changed direction!
01:39:16 [allowed] §c ☠ §r§7§r§7unknowpotatoman§r§7 froze to death§r§7.
01:39:21 [allowed] §cYou need a tool with a §r§aBreaking Power §r§cof §r§65§r§c to mine Titanium§r§c! Speak to §r§dFragilis §r§cby the entrance to the Crystal Hollows to learn more!
01:39:29 [allowed] §8[§r§a120§r§8] §r§a[VIP§6+§a] Biohazard103§f§r§f: how are you invisible
01:39:40 [allowed] §8[§r§a120§r§8] §r§a[VIP§6+§a] Biohazard103§f§r§f: whoever is mining here
01:39:42 [allowed] §a§l▬▬▬▬▬▬▬▬▬▬▬▬▬▬▬▬▬▬▬▬▬▬▬▬▬▬▬▬▬▬▬▬▬▬▬▬▬▬▬▬▬▬▬▬▬▬▬▬▬▬▬▬▬▬▬▬▬▬▬▬▬▬▬▬
01:39:42 [allowed] §f                     §r§9§lGONE WITH THE WIND ENDED!
01:39:42 [allowed] §f                           §r§7Passive Active Event
01:39:42 [allowed] 
01:39:42 [allowed] §f     The wind has died down leading to normal mining speeds.
01:39:42 [allowed] §a§l▬▬▬▬▬▬▬▬▬▬▬▬▬▬▬▬▬▬▬▬▬▬▬▬▬▬▬▬▬▬▬▬▬▬▬▬▬▬▬▬▬▬▬▬▬▬▬▬▬▬▬▬▬▬▬▬▬▬▬▬▬▬▬▬
01:39:49 [allowed]  
01:39:49 [allowed]  
01:39:57 [allowed] §8[§r§2183§r§8] §r§b[MVP§c+§b] TacoSon§f§r§f: are you ok in the head
01:40:06 [allowed] §8[§r§a120§r§8] §r§a[VIP§6+§a] Biohazard103§f§r§f: i cant see you
01:40:11 [allowed] §aFriend > §r§bBababoi09 §r§ejoined.
01:40:13 [allowed] §8[§r§b209§r§8] §r§b§lᛝ §r§b[MVP§f+§b] GHGehSterben§f§r§f: reload textures
01:40:20 [allowed] §8[§r§a120§r§8] §r§a[VIP§6+§a] Biohazard103§f§r§f: how
01:40:24 [allowed] §8[§r§b209§r§8] §r§b§lᛝ §r§b[MVP§f+§b] GHGehSterben§f§r§f: f3 + t
01:40:39 [allowed] §8[§r§e111§r§8] §r§b[MVP§f+§b] SmartyFrutiy §7♲§f§r§f: f4 + alt
01:40:39 [allowed] §8[§r§2183§r§8] §r§b[MVP§c+§b] TacoSon§f§r§f: mb I thought you another one of those griefers
01:40:45 [allowed] §8[§r§2183§r§8] §r§b[MVP§c+§b] TacoSon§f§r§f: pretending to be a macro checker
01:40:50 [allowed]  
01:40:50 [allowed]  
01:40:54 [allowed] §8[§r§a120§r§8] §r§a[VIP§6+§a] Biohazard103§f§r§f: no i just cant see you
01:41:07 [allowed] §8[§r§a120§r§8] §r§a[VIP§6+§a] Biohazard103§f§r§f: f3 + t didnt work
01:41:10 [allowed]  §b⚑ §eThe §bMithril Gourmand §eevent starts in §a20 §eseconds!
 §aClick here §eto teleport to §bGarry §eand prepare!
01:41:13 [allowed] §8[§r§b209§r§8] §r§b§lᛝ §r§b[MVP§f+§b] GHGehSterben§f§r§f: f3 a
01:41:25 [allowed] §8[§r§a120§r§8] §r§a[VIP§6+§a] Biohazard103§f§r§f: wait now i can see you again
01:41:31 [allowed] §a§l▬▬▬▬▬▬▬▬▬▬▬▬▬▬▬▬▬▬▬▬▬▬▬▬▬▬▬▬▬▬▬▬▬▬▬▬▬▬▬▬▬▬▬▬▬▬▬▬▬▬▬▬▬▬▬▬▬▬▬▬▬▬▬▬
01:41:31 [allowed] §f                    §r§b§lMITHRIL GOURMAND STARTED!
01:41:31 [allowed] §f                                 §r§7Mining Event
01:41:31 [allowed] §f                                        
01:41:31 [allowed] §f       Don Expresso wants some §r§aTasty Mithril §r§ffrom the §r§bFar
01:41:31 [allowed] §b§r§f  §r§fReserve§r§f. Bring §r§c200 §r§f§r§aTasty Mithril §r§fto him at the §r§bDwarven Village§r§f!
01:41:31 [allowed] §f      Bring §r§c10 §r§fpersonally and you'll receive §r§6extra rewards§r§f.
01:41:31 [allowed] §f                                        
01:41:31 [allowed] §f                 Go to §r§bFar Reserve §r§7(or talk to Garry)
01:41:31 [allowed] §a§l▬▬▬▬▬▬▬▬▬▬▬▬▬▬▬▬▬▬▬▬▬▬▬▬▬▬▬▬▬▬▬▬▬▬▬▬▬▬▬▬▬▬▬▬▬▬▬▬▬▬▬▬▬▬▬▬▬▬▬▬▬▬▬▬
01:41:32 [allowed] §8[§r§a120§r§8] §r§a[VIP§6+§a] Biohazard103§f§r§f: ts gotta be some glitch with sorrow armor
01:41:48 [allowed] §8[§r§b209§r§8] §r§b§lᛝ §r§b[MVP§f+§b] GHGehSterben§f§r§f: bro sounds like a blind person seeing for the first time
01:41:50 [allowed]  
01:41:50 [allowed]  
01:42:51 [allowed]  
01:42:51 [allowed]  
01:43:51 [allowed]  
01:43:51 [allowed]  
01:44:52 [allowed]  
01:44:52 [allowed]  
01:44:58 [allowed] §a§l▬▬▬▬▬▬▬▬▬▬▬▬▬▬▬▬▬▬▬▬▬▬▬▬▬▬▬▬▬▬▬▬▬▬▬▬▬▬▬▬▬▬▬▬▬▬▬▬▬▬▬▬▬▬▬▬▬▬▬▬▬▬▬▬
01:44:58 [allowed] §f                      §r§b§lMITHRIL GOURMAND ENDED!
01:44:58 [allowed] §f                                 §r§7Mining Event
01:44:58 [allowed] §f                          §r§cYou didn't participate...
01:44:58 [allowed] §a§l▬▬▬▬▬▬▬▬▬▬▬▬▬▬▬▬▬▬▬▬▬▬▬▬▬▬▬▬▬▬▬▬▬▬▬▬▬▬▬▬▬▬▬▬▬▬▬▬▬▬▬▬▬▬▬▬▬▬▬▬▬▬▬▬
01:45:00 [allowed] §a§lLAVA SPRINGS TITANIUM §r§eCommission Complete! Visit the King §r§eto claim your rewards!
01:45:52 [allowed]  
01:45:52 [allowed]  
01:46:53 [allowed]  
01:46:53 [allowed]  
01:47:13 [allowed] §cYou don't have enough Mithril Powder!
01:47:20 [allowed] §8[§r§6404§r§8] §r§b§lᛝ §r§b[MVP§c+§b] SteveMcGowen§f§r§f: wow just mine right where someone else is already mining
01:47:31 [allowed] §8[§r§a141§r§8] §r§7§l⚝ §r§a[VIP] Primodjay§f§r§f: dont care got griefed in 4 diff lobbies
01:47:46 [allowed] §8[§r§2173§r§8] §r§7☠ §r§b[MVP§c+§b] PhillipMJ§f§r§f: if you cant beat them, join em
01:47:47 [allowed] §8[§r§6404§r§8] §r§b§lᛝ §r§b[MVP§c+§b] SteveMcGowen§f§r§f: now you are reported to mining cult as a griefer
01:47:54 [allowed]  
01:47:54 [allowed]  
01:47:54 [allowed] §8[§r§a141§r§8] §r§7§l⚝ §r§a[VIP] Primodjay§f§r§f: again
01:47:55 [allowed] §8[§r§a141§r§8] §r§7§l⚝ §r§a[VIP] Primodjay§f§r§f: dont care
01:48:02 [allowed] §8[§r§b209§r§8] §r§b§lᛝ §r§b[MVP§f+§b] GHGehSterben§f§r§f: bro takes if you cant beat them join them too srsly
01:48:13 [allowed] §8[§r§732§r§8] §r§b[MVP§6+§b] KingWolf222§f§r§f: huh
01:48:20 [allowed] §8[§r§a141§r§8] §r§7§l⚝ §r§a[VIP] Primodjay§f§r§f: omg Im reported on a discord server !!!!
01:48:31 [allowed] §8[§r§a141§r§8] §r§7§l⚝ §r§a[VIP] Primodjay§f§r§f: that Idgaf about
01:48:54 [allowed]  
01:48:54 [allowed]  
01:49:06 [allowed] §8[§r§724§r§8] §r§a[VIP] __Terrance__§f§r§f: how does one grief on this game
01:49:55 [allowed]  
01:49:55 [allowed]  
01:50:24 [allowed] §a§lRAMPART'S QUARRY MITHRIL §r§eCommission Complete! Visit the King §r§eto claim your rewards!
01:50:54 [allowed] §cThere are blocks in the way!
01:50:56 [allowed]  
01:50:56 [allowed]  
01:50:56 [allowed] §cThere are blocks in the way!
01:50:56 [allowed] §cThere are blocks in the way!
01:50:56 [allowed] §cThere are blocks in the way!
01:51:56 [allowed]  
01:51:56 [allowed]  
01:52:21 [allowed] §c ☠ §r§7§r§7PizzaGamer178§r§7 was killed by Ghost§r§7§r§7.
01:52:30 [allowed] §cYou must double tap the drop button to drop this item!
01:52:30 [allowed] §cYou can disable this in the §r§fSettings§r§c in your §r§aSkyBlock Menu§r§c!
01:52:32 [allowed] §c ☠ §r§7§r§aMister_eee§r§7 was killed by Ghost§r§7§r§7.
01:52:57 [allowed]  
01:52:57 [allowed]  
01:53:57 [allowed]  
01:53:57 [allowed]  
01:54:12 [allowed] §6The sound of pickaxes clashing against the rock has attracted the attention of the §r§6§lPOWDER GHAST!
01:54:12 [allowed] §eFind the §r§6Powder Ghast§r§e near the §r§bRampart's Quarry§r§e!
01:54:24 [allowed] §cThere are blocks in the way!
01:54:24 [allowed] §cThere are blocks in the way!
01:54:53 [allowed] §cThere are blocks in the way!
01:54:58 [allowed]  
01:54:58 [allowed]  
01:54:59 [allowed] §cThere are blocks in the way!
01:55:05 [allowed] §cYou need a tool with a §r§aBreaking Power §r§cof §r§65§r§c to mine Titanium§r§c! Speak to §r§dFragilis §r§cby the entrance to the Crystal Hollows to learn more!
01:55:59 [allowed]  
01:55:59 [allowed]  
01:56:06 [allowed] §a§lLAVA SPRINGS TITANIUM §r§eCommission Complete! Visit the King §r§eto claim your rewards!
01:56:59 [allowed]  
01:56:59 [allowed]  
01:58:00 [allowed]  
01:58:00 [allowed]  
01:58:32 [allowed] §6A Golden Goblin has spawned!
01:58:37 [allowed] §aYou received §r§2200 ᠅ Mithril Powder §r§afrom killing a §r§6§lGolden Goblin§r§a!
01:58:37 [allowed]   §r§7+§r§62 Gold Essence
01:58:37 [allowed] §3§l▬▬▬▬▬▬▬▬▬▬▬▬▬▬▬▬▬▬▬▬▬▬▬▬▬▬▬▬▬▬▬▬▬▬▬▬▬▬▬▬▬▬▬▬▬▬▬▬▬▬▬▬▬▬▬▬▬▬▬▬▬▬▬▬
01:58:37 [allowed]  
01:59:01 [allowed]  
01:59:01 [allowed]  
01:59:58 [allowed] §aFriend > §r§bBababoi09 §r§eleft.
02:00:01 [allowed]  
02:00:01 [allowed]  
02:01:02 [allowed]  
02:01:02 [allowed]  
02:01:04 [allowed] 
02:01:04 [allowed] §6§k§lA§r §c§lFIRE SALE §r§6§k§lA
§r§c♨ §eSelling an item for a limited time!
§r§c   ♨ §aFrog Dye §e(§a52,494 left§e)§c§r
§r§c♨ §a§l[WARP] §eTo Elizabeth in the next §c3d 22h 58m §eto grab yours!
02:01:04 [allowed] 
02:01:10 [allowed]  §d⚑ §eThe §dBetter Together §eevent starts in §a20 §eseconds!
 §eThis is a passive event! §bIt's happening everywhere in the §bDwarven Mines!
02:01:23 [allowed] §5§l✯ §r§eA §r§5Fallen Star §r§ehas crashed at §r§bRampart's Quarry§r§e! Nearby ore and Powder drops are amplified!
02:01:31 [allowed] §a§l▬▬▬▬▬▬▬▬▬▬▬▬▬▬▬▬▬▬▬▬▬▬▬▬▬▬▬▬▬▬▬▬▬▬▬▬▬▬▬▬▬▬▬▬▬▬▬▬▬▬▬▬▬▬▬▬▬▬▬▬▬▬▬▬
02:01:31 [allowed] §f                    §r§d§lBETTER TOGETHER STARTED!
02:01:31 [allowed] §f                           §r§7Passive Active Event
02:01:31 [allowed] §f                                        
02:01:31 [allowed] §f  The §r§dBetter Together §r§ffestival is underway! While this event is
02:01:31 [allowed] §f§r§f    §r§factive, gain §r§6+250⸕ Mining Speed §r§fand §r§6+20☘ Mining Fortune
02:01:31 [allowed] §6§r§f    §r§f§r§ffor each player in the same zone as you! §r§7(Max 5 players)
02:01:31 [allowed] §a§l▬▬▬▬▬▬▬▬▬▬▬▬▬▬▬▬▬▬▬▬▬▬▬▬▬▬▬▬▬▬▬▬▬▬▬▬▬▬▬▬▬▬▬▬▬▬▬▬▬▬▬▬▬▬▬▬▬▬▬▬▬▬▬▬
02:01:31 [allowed] §7§oYou can hear cooperative chattering coming from town...
02:01:31 [allowed] §7§oThe Better Together festival is active for 20 minutes!
02:01:49 [allowed] §a§lROYAL MINES MITHRIL §r§eCommission Complete! Visit the King §r§eto claim your rewards!
02:01:53 [allowed] §5§l▬▬▬▬▬▬▬▬▬▬▬▬▬▬▬▬▬▬▬▬▬▬▬▬▬▬▬▬▬▬▬▬▬▬▬▬▬▬▬▬▬▬▬▬▬▬▬▬▬▬▬▬▬▬▬▬▬▬▬▬▬▬▬▬
02:01:53 [allowed]   §r§5§lHEART OF THE MOUNTAIN §f§lTIER 3
02:01:53 [allowed] 
02:01:53 [allowed]   §r§a§lREWARDS
02:01:53 [allowed]     §r§7§8+§52 §5Token of the Mountain
02:01:53 [allowed]     §r§7§8+§a1 Forge Slot
02:01:53 [allowed]     §r§7§8+§6New Forgeable Items
02:01:53 [allowed]     §r§7§8+§b60 SkyBlock XP
02:01:53 [allowed] §5§l▬▬▬▬▬▬▬▬▬▬▬▬▬▬▬▬▬▬▬▬▬▬▬▬▬▬▬▬▬▬▬▬▬▬▬▬▬▬▬▬▬▬▬▬▬▬▬▬▬▬▬▬▬▬▬▬▬▬▬▬▬▬▬▬
02:02:02 [allowed]  
02:02:02 [allowed]  
02:02:23 [allowed] §e[NPC] Silnar§f: §rSee that giant cliff with the §dgiant crystal§r?
02:02:25 [allowed] §e[NPC] Silnar§f: §r§bAt night§r, my friends host a §5secret meeting §rin a nearby §5secret cave§r.
02:02:27 [allowed] §e[NPC] Silnar§f: §rDrop by some time, our §5secret club §ris open!
02:02:28 [allowed] §e[NPC] Silnar§f: §rIf my friends approve of you, they'll give you a special item.
02:02:29 [allowed] §e[NPC] Silnar§f: §rCome back to me then and show it to me!
02:02:40 [allowed] §cThere are blocks in the way!
02:02:43 [allowed] §cYou have unspent Tokens of the Mountain! Use /hotm to assign them!
02:03:03 [allowed]  
02:03:03 [allowed]  
02:03:15 [allowed] §cYou have unspent Tokens of the Mountain! Use /hotm to assign them!
02:03:29 [allowed] §aYou used your §r§6Pickobulus §r§aPickaxe Ability!
02:03:30 [allowed] §7Your §r§aPickobulus §r§7destroyed §r§e31 §r§7blocks!
02:04:04 [allowed]  
02:04:04 [allowed]  
02:04:30 [allowed] §a§r§6Pickobulus §r§ais now available!
02:04:38 [allowed] §aYou used your §r§6Pickobulus §r§aPickaxe Ability!
02:04:39 [allowed] §7Your §r§aPickobulus §r§7destroyed §r§e31 §r§7blocks!
02:05:04 [allowed]  
02:05:04 [allowed]  
02:05:39 [allowed] §a§r§6Pickobulus §r§ais now available!
02:06:02 [allowed] §aYou used your §r§6Pickobulus §r§aPickaxe Ability!
02:06:02 [allowed] §7Your §r§aPickobulus §r§7destroyed §r§e32 §r§7blocks!
02:06:05 [allowed]  
02:06:05 [allowed]  
02:07:01 [allowed] §6[Bazaar] §r§7Executing instant sell...
02:07:01 [allowed] §6[Bazaar] §r§7Sold §r§a356§r§7x §r§9Titanium §r§7for §r§66,230 coins§r§7!
02:07:01 [allowed] §6[Bazaar] §r§7Sold §r§a67§r§7x §r§fMithril §r§7for §r§6402.0 coins§r§7!
02:07:01 [allowed] §6[Bazaar] §r§7Sold §r§a41§r§7x §r§9Enchanted Mithril §r§7for §r§651,664 coins§r§7!
02:07:01 [allowed] §6[Bazaar] §r§7Sold §r§a48§r§7x §r§fCobblestone §r§7for §r§614.4 coins§r§7!
02:07:02 [allowed] §a§r§6Pickobulus §r§ais now available!
02:07:05 [allowed] §aYou used your §r§6Pickobulus §r§aPickaxe Ability!
02:07:05 [allowed] §7Your §r§aPickobulus §r§7destroyed §r§e37 §r§7blocks!
02:07:05 [allowed]  
02:07:05 [allowed]  
02:08:05 [allowed] §a§r§6Pickobulus §r§ais now available!
02:08:06 [allowed]  
02:08:06 [allowed]  
02:08:08 [allowed] §aYou used your §r§6Pickobulus §r§aPickaxe Ability!
02:08:08 [allowed] §7Your §r§aPickobulus §r§7destroyed §r§e41 §r§7blocks!
02:08:32 [allowed] §a§lCLIFFSIDE VEINS TITANIUM §r§eCommission Complete! Visit the King §r§eto claim your rewards!
02:08:32 [allowed] §d§l▬▬▬▬▬▬▬▬▬▬▬▬▬▬▬▬▬▬▬▬▬▬▬▬▬▬▬▬▬▬▬▬▬▬▬▬▬▬▬▬▬▬▬▬▬▬▬▬▬▬▬▬▬▬▬▬▬▬▬▬▬▬▬▬
02:08:32 [allowed]   §r§9§lCOMMISSION MILESTONE §bTIER II
02:08:32 [allowed] 
02:08:32 [allowed]   §r§a§lREWARDS
02:08:32 [allowed]     §r§7§8+§3200,000 §7Mining Experience
02:08:32 [allowed]     §r§7§8+§b30 SkyBlock XP
02:08:32 [allowed] §d§l▬▬▬▬▬▬▬▬▬▬▬▬▬▬▬▬▬▬▬▬▬▬▬▬▬▬▬▬▬▬▬▬▬▬▬▬▬▬▬▬▬▬▬▬▬▬▬▬▬▬▬▬▬▬▬▬▬▬▬▬▬▬▬▬
02:08:32 [allowed] §e§ka§a>>   §aAchievement Unlocked: §6§r§6Hard Working Miner II§r§a   <<§e§ka
02:08:32 [allowed] §6A Golden Goblin has spawned!
02:08:35 [allowed] §aYou received §r§2200 ᠅ Mithril Powder §r§afrom killing a §r§6§lGolden Goblin§r§a!
02:08:35 [allowed]   §r§7+§r§62 Gold Essence
02:08:38 [allowed] §3§l▬▬▬▬▬▬▬▬▬▬▬▬▬▬▬▬▬▬▬▬▬▬▬▬▬▬▬▬▬▬▬▬▬▬▬▬▬▬▬▬▬▬▬▬▬▬▬▬▬▬▬▬▬▬▬▬▬▬▬▬▬▬▬▬
02:08:38 [allowed]   §r§b§lSKILL LEVEL UP §3Mining §8XXIV➜§3XXV
02:08:38 [allowed] 
02:08:38 [allowed]   §r§a§lREWARDS
02:08:38 [allowed]    §r§eSpelunker XXV
02:08:38 [allowed]    §r  §7§fGrants §a+§896➜§a100§f §6☘ Mining Fortune§f, which increases your
02:08:38 [allowed]    §r  §fchance for multiple ore drops.
02:08:38 [allowed]    §r§7§8+§a2 §a❈ Defense
02:08:38 [allowed]    §r§7§5Giant Tooth §7Reforge
02:08:38 [allowed]    §r§7§5Andesite Whetstone §7Reforge
02:08:38 [allowed]    §r§7§5Bulky Stone §7Reforge
02:08:38 [allowed]    §r§7§9Midas Jewel §7Reforge
02:08:38 [allowed]    §r§7§5Sadan's Brooch §7Reforge
02:08:38 [allowed]    §r§7§5Dragon Horn §7Reforge
02:08:38 [allowed]    §r§7§5Toil Log §7Reforge
02:08:38 [allowed]    §r§7§5Blessed Fruit §7Reforge
02:08:38 [allowed]    §r§7§8+§6225,000 §7Coins
02:08:38 [allowed]    §r§7§8+§b10 SkyBlock XP
02:08:38 [allowed] §3§l▬▬▬▬▬▬▬▬▬▬▬▬▬▬▬▬▬▬▬▬▬▬▬▬▬▬▬▬▬▬▬▬▬▬▬▬▬▬▬▬▬▬▬▬▬▬▬▬▬▬▬▬▬▬▬▬▬▬▬▬▬▬▬▬
02:08:38 [allowed] §e§ka§a>>   §aAchievement Unlocked: §6§r§6Excavator V§r§a   <<§e§ka
02:08:40 [allowed]  
02:08:40 [allowed] §f                          §r§3§lSKYBLOCK LEVEL UP
02:08:40 [allowed] §f                             §r§aLevel §r§8137 ➡ §r§8[§r§a138§r§8]
02:08:40 [allowed]  
02:08:40 [allowed] §f                                  §r§6§lREWARDS
02:08:40 [allowed] §f                                 §r§8+§r§a5 §r§c❤ Health
02:08:40 [allowed]  
02:09:07 [allowed]  
02:09:07 [allowed]  
02:09:09 [allowed] §a§r§6Pickobulus §r§ais now available!
02:10:07 [allowed]  
02:10:07 [allowed]  
02:10:12 [allowed] §c ☠ §r§7§r§bSILVIA0987§r§7 fell to their death§r§7.
02:10:28 [allowed] §7Warping...
02:10:28 [allowed] §7Sending to server mini242J...
02:10:28 [allowed] §6The sound of pickaxes clashing against the rock has attracted the attention of the §r§6§lPOWDER GHAST!
02:10:28 [allowed] §eFind the §r§6Powder Ghast§r§e near the §r§bRampart's Quarry§r§e!
02:10:29 [allowed] §8 §r§8 §r§1 §r§3 §r§3 §r§7 §r§8 
02:10:30 [allowed]  
02:10:30 [allowed] §f       §7You have §31 §7pending §3Bestiary Milestone §7to be claimed!
02:10:30 [allowed] §f                    §6§l>>> §6§lCLICK HERE§e to claim it! §6§l<<<
02:10:30 [allowed]   
02:10:32 [allowed] §aYou are playing on profile: §ePear§b (Co-op)
02:10:32 [allowed] §8Profile ID: da202b41-03b4-4acb-b131-26b3b789ffbc
02:10:35 [allowed] §3§l▬▬▬▬▬▬▬▬▬▬▬▬▬▬▬▬▬▬▬▬▬▬▬▬▬▬▬▬▬▬▬▬▬▬▬▬▬▬▬▬▬▬▬▬▬▬▬▬▬▬▬▬▬▬▬▬▬▬▬▬▬▬▬▬
02:10:35 [allowed]  
02:10:35 [allowed] §f                         §r§6§lBESTIARY MILESTONE
02:10:35 [allowed] §f                                §r§8XCVI §r§8➡§r§e §r§eXCVII
02:10:35 [allowed]  
02:10:35 [allowed] §f                                   §r§6§lREWARD
02:10:35 [allowed] §f                                 §r§8+§r§a1 §r§c❤ Health
02:10:35 [allowed]  
02:10:35 [allowed] §3§l▬▬▬▬▬▬▬▬▬▬▬▬▬▬▬▬▬▬▬▬▬▬▬▬▬▬▬▬▬▬▬▬▬▬▬▬▬▬▬▬▬▬▬▬▬▬▬▬▬▬▬▬▬▬▬▬▬▬▬▬▬▬▬▬
02:10:56 [allowed]  
02:10:56 [allowed]  
02:11:12 [allowed] §7Warping...
02:11:13 [allowed] §7Sending to server mini83AH...
02:11:13 [allowed] §8 §r§8 §r§1 §r§3 §r§3 §r§7 §r§8 
02:11:15 [allowed] §6§lGROSS! §7A §2Pest §7has appeared in §aPlot §7- §b19§7!
02:11:15 [allowed]   §r§e§lCLICK HERE §eto teleport to the plot!
02:11:16 [allowed] §aYou are playing on profile: §ePear§b (Co-op)
02:11:16 [allowed] §8Profile ID: da202b41-03b4-4acb-b131-26b3b789ffbc
02:11:18 [allowed]  
02:11:18 [allowed]  
02:11:55 [allowed] §6[Sacks] §r§a+44§r§e items§r§e.§r§8 (Last 5s.)
02:12:18 [allowed]  
02:12:18 [allowed]  
02:12:23 [allowed] §cYou can't equip helmets with stack sizes greater than 1. §r§8(2)
02:12:23 [allowed] §6[Sacks] §r§a+44§r§e items§r§e.§r§8 (Last 5s.)
02:12:57 [allowed] §e[NPC] §dMaeve§f: §rI must say, this §aGarden §fis starting to grow on me. Figuratively, of course.
02:13:01 [allowed] §e[NPC] §dMaeve§f: §rAh, §9Cropie§f! Nature's little mystery. Got any?
02:13:18 [allowed]  
02:13:18 [allowed]  
02:13:31 [allowed] §6[Bazaar] §r§7Executing instant buy...
02:13:31 [allowed] §6[Bazaar] §r§7Bought §r§a12§r§7x §r§9Cropie §r§7for §r§6304,771 coins§r§7!
02:13:32 [allowed] §6§lOFFER ACCEPTED §r§8with §r§dMaeve §r§8(§r§d§lMYTHIC§r§8)
02:13:32 [allowed] 
02:13:32 [allowed]   §r§a§lREWARDS
02:13:32 [allowed]     §r§8+§r§275 §r§7Garden Experience
02:13:32 [allowed]     §r§8+§r§3100k §r§7Farming XP
02:13:32 [allowed]     §r§8+§r§c300 Copper
02:13:32 [allowed]     §r§7§9Harvest Harbinger V Potion
02:13:32 [allowed] 
02:13:32 [allowed] §e[NPC] §dMaeve§f: §rAh, a trade well made. A potion for you, brewed by yours truly.
02:14:01 [allowed] §aFriend > §r§bBababoi09 §r§ejoined.
02:14:18 [allowed]  
02:14:18 [allowed]  
02:15:05 [allowed] §e[NPC] Jacob§f: §rMy contest has started!
02:15:07 [allowed] §e[NPC] Jacob§f: §rYour §9Anita's Artifact §fis giving you §6+25☘ Cactus Fortune §fduring the contest!
02:15:18 [allowed]  
02:15:18 [allowed]  
02:16:03 [allowed] §e§l▬▬▬▬▬▬▬▬▬▬▬▬▬▬▬▬▬▬▬▬▬▬▬▬▬▬▬▬▬▬▬▬▬▬▬▬▬▬▬▬▬▬▬▬▬▬▬▬▬▬▬▬▬▬▬▬▬▬▬▬▬▬▬▬
02:16:03 [allowed]   §r§6§lCROP UPGRADE §eWheat§7 #2
02:16:03 [allowed]    §r§b§lCO-OP » §r§7You unlocked the tier
02:16:03 [allowed] 
02:16:03 [allowed]   §r§a§lREWARDS
02:16:03 [allowed]     §r§7§8+§b1 SkyBlock XP
02:16:03 [allowed]     §r§7§6+5☘ Wheat Fortune
02:16:03 [allowed] §e§l▬▬▬▬▬▬▬▬▬▬▬▬▬▬▬▬▬▬▬▬▬▬▬▬▬▬▬▬▬▬▬▬▬▬▬▬▬▬▬▬▬▬▬▬▬▬▬▬▬▬▬▬▬▬▬▬▬▬▬▬▬▬▬▬
02:16:06 [allowed] §e§l▬▬▬▬▬▬▬▬▬▬▬▬▬▬▬▬▬▬▬▬▬▬▬▬▬▬▬▬▬▬▬▬▬▬▬▬▬▬▬▬▬▬▬▬▬▬▬▬▬▬▬▬▬▬▬▬▬▬▬▬▬▬▬▬
02:16:06 [allowed]   §r§6§lCROP UPGRADE §eWheat§7 #3
02:16:06 [allowed]    §r§b§lCO-OP » §r§7You unlocked the tier
02:16:06 [allowed] 
02:16:06 [allowed]   §r§a§lREWARDS
02:16:06 [allowed]     §r§7§8+§b1 SkyBlock XP
02:16:06 [allowed]     §r§7§6+5☘ Wheat Fortune
02:16:06 [allowed] §e§l▬▬▬▬▬▬▬▬▬▬▬▬▬▬▬▬▬▬▬▬▬▬▬▬▬▬▬▬▬▬▬▬▬▬▬▬▬▬▬▬▬▬▬▬▬▬▬▬▬▬▬▬▬▬▬▬▬▬▬▬▬▬▬▬
02:16:07 [allowed] §e§l▬▬▬▬▬▬▬▬▬▬▬▬▬▬▬▬▬▬▬▬▬▬▬▬▬▬▬▬▬▬▬▬▬▬▬▬▬▬▬▬▬▬▬▬▬▬▬▬▬▬▬▬▬▬▬▬▬▬▬▬▬▬▬▬
02:16:07 [allowed]   §r§6§lCROP UPGRADE §eWheat§7 #4
02:16:07 [allowed]    §r§b§lCO-OP » §r§7You unlocked the tier
02:16:07 [allowed] 
02:16:07 [allowed]   §r§a§lREWARDS
02:16:07 [allowed]     §r§7§8+§b1 SkyBlock XP
02:16:07 [allowed]     §r§7§6+5☘ Wheat Fortune
02:16:07 [allowed] §e§l▬▬▬▬▬▬▬▬▬▬▬▬▬▬▬▬▬▬▬▬▬▬▬▬▬▬▬▬▬▬▬▬▬▬▬▬▬▬▬▬▬▬▬▬▬▬▬▬▬▬▬▬▬▬▬▬▬▬▬▬▬▬▬▬
02:16:08 [allowed] §e§l▬▬▬▬▬▬▬▬▬▬▬▬▬▬▬▬▬▬▬▬▬▬▬▬▬▬▬▬▬▬▬▬▬▬▬▬▬▬▬▬▬▬▬▬▬▬▬▬▬▬▬▬▬▬▬▬▬▬▬▬▬▬▬▬
02:16:08 [allowed]   §r§6§lCROP UPGRADE §eWheat§7 #5
02:16:08 [allowed]    §r§b§lCO-OP » §r§7You unlocked the tier
02:16:08 [allowed] 
02:16:08 [allowed]   §r§a§lREWARDS
02:16:08 [allowed]     §r§7§8+§b1 SkyBlock XP
02:16:08 [allowed]     §r§7§6+5☘ Wheat Fortune
02:16:08 [allowed] §e§l▬▬▬▬▬▬▬▬▬▬▬▬▬▬▬▬▬▬▬▬▬▬▬▬▬▬▬▬▬▬▬▬▬▬▬▬▬▬▬▬▬▬▬▬▬▬▬▬▬▬▬▬▬▬▬▬▬▬▬▬▬▬▬▬
02:16:09 [allowed] §e§l▬▬▬▬▬▬▬▬▬▬▬▬▬▬▬▬▬▬▬▬▬▬▬▬▬▬▬▬▬▬▬▬▬▬▬▬▬▬▬▬▬▬▬▬▬▬▬▬▬▬▬▬▬▬▬▬▬▬▬▬▬▬▬▬
02:16:09 [allowed]   §r§6§lCROP UPGRADE §eWheat§7 #6
02:16:09 [allowed]    §r§b§lCO-OP » §r§7You unlocked the tier
02:16:09 [allowed] 
02:16:09 [allowed]   §r§a§lREWARDS
02:16:09 [allowed]     §r§7§8+§b1 SkyBlock XP
02:16:09 [allowed]     §r§7§6+5☘ Wheat Fortune
02:16:09 [allowed] §e§l▬▬▬▬▬▬▬▬▬▬▬▬▬▬▬▬▬▬▬▬▬▬▬▬▬▬▬▬▬▬▬▬▬▬▬▬▬▬▬▬▬▬▬▬▬▬▬▬▬▬▬▬▬▬▬▬▬▬▬▬▬▬▬▬
02:16:10 [allowed] §e§l▬▬▬▬▬▬▬▬▬▬▬▬▬▬▬▬▬▬▬▬▬▬▬▬▬▬▬▬▬▬▬▬▬▬▬▬▬▬▬▬▬▬▬▬▬▬▬▬▬▬▬▬▬▬▬▬▬▬▬▬▬▬▬▬
02:16:11 [allowed]   §r§6§lCROP UPGRADE §eWheat§7 #7
02:16:11 [allowed]    §r§b§lCO-OP » §r§7You unlocked the tier
02:16:11 [allowed] 
02:16:11 [allowed]   §r§a§lREWARDS
02:16:11 [allowed]     §r§7§8+§b1 SkyBlock XP
02:16:11 [allowed]     §r§7§6+5☘ Wheat Fortune
02:16:11 [allowed] §e§l▬▬▬▬▬▬▬▬▬▬▬▬▬▬▬▬▬▬▬▬▬▬▬▬▬▬▬▬▬▬▬▬▬▬▬▬▬▬▬▬▬▬▬▬▬▬▬▬▬▬▬▬▬▬▬▬▬▬▬▬▬▬▬▬
02:16:17 [allowed] §e§l▬▬▬▬▬▬▬▬▬▬▬▬▬▬▬▬▬▬▬▬▬▬▬▬▬▬▬▬▬▬▬▬▬▬▬▬▬▬▬▬▬▬▬▬▬▬▬▬▬▬▬▬▬▬▬▬▬▬▬▬▬▬▬▬
02:16:17 [allowed]   §r§6§lCROP UPGRADE §eCarrot§7 #5
02:16:17 [allowed]    §r§b§lCO-OP » §r§7You unlocked the tier
02:16:17 [allowed] 
02:16:17 [allowed]   §r§a§lREWARDS
02:16:17 [allowed]     §r§7§8+§b1 SkyBlock XP
02:16:17 [allowed]     §r§7§6+5☘ Carrot Fortune
02:16:17 [allowed] §e§l▬▬▬▬▬▬▬▬▬▬▬▬▬▬▬▬▬▬▬▬▬▬▬▬▬▬▬▬▬▬▬▬▬▬▬▬▬▬▬▬▬▬▬▬▬▬▬▬▬▬▬▬▬▬▬▬▬▬▬▬▬▬▬▬
02:16:19 [allowed]  
02:16:19 [allowed]  
02:16:20 [allowed] §e§l▬▬▬▬▬▬▬▬▬▬▬▬▬▬▬▬▬▬▬▬▬▬▬▬▬▬▬▬▬▬▬▬▬▬▬▬▬▬▬▬▬▬▬▬▬▬▬▬▬▬▬▬▬▬▬▬▬▬▬▬▬▬▬▬
02:16:20 [allowed]   §r§6§lCROP UPGRADE §eCarrot§7 #6
02:16:20 [allowed]    §r§b§lCO-OP » §r§7You unlocked the tier
02:16:20 [allowed] 
02:16:20 [allowed]   §r§a§lREWARDS
02:16:20 [allowed]     §r§7§8+§b1 SkyBlock XP
02:16:20 [allowed]     §r§7§6+5☘ Carrot Fortune
02:16:20 [allowed] §e§l▬▬▬▬▬▬▬▬▬▬▬▬▬▬▬▬▬▬▬▬▬▬▬▬▬▬▬▬▬▬▬▬▬▬▬▬▬▬▬▬▬▬▬▬▬▬▬▬▬▬▬▬▬▬▬▬▬▬▬▬▬▬▬▬
02:16:24 [allowed] §e§l▬▬▬▬▬▬▬▬▬▬▬▬▬▬▬▬▬▬▬▬▬▬▬▬▬▬▬▬▬▬▬▬▬▬▬▬▬▬▬▬▬▬▬▬▬▬▬▬▬▬▬▬▬▬▬▬▬▬▬▬▬▬▬▬
02:16:24 [allowed]   §r§6§lCROP UPGRADE §ePotato§7 #6
02:16:24 [allowed]    §r§b§lCO-OP » §r§7You unlocked the tier
02:16:24 [allowed] 
02:16:24 [allowed]   §r§a§lREWARDS
02:16:24 [allowed]     §r§7§8+§b1 SkyBlock XP
02:16:24 [allowed]     §r§7§6+5☘ Potato Fortune
02:16:24 [allowed] §e§l▬▬▬▬▬▬▬▬▬▬▬▬▬▬▬▬▬▬▬▬▬▬▬▬▬▬▬▬▬▬▬▬▬▬▬▬▬▬▬▬▬▬▬▬▬▬▬▬▬▬▬▬▬▬▬▬▬▬▬▬▬▬▬▬
02:16:26 [allowed] §e§l▬▬▬▬▬▬▬▬▬▬▬▬▬▬▬▬▬▬▬▬▬▬▬▬▬▬▬▬▬▬▬▬▬▬▬▬▬▬▬▬▬▬▬▬▬▬▬▬▬▬▬▬▬▬▬▬▬▬▬▬▬▬▬▬
02:16:26 [allowed]   §r§6§lCROP UPGRADE §eSugar Cane§7 #4
02:16:26 [allowed]    §r§b§lCO-OP » §r§7You unlocked the tier
02:16:26 [allowed] 
02:16:26 [allowed]   §r§a§lREWARDS
02:16:26 [allowed]     §r§7§8+§b1 SkyBlock XP
02:16:26 [allowed]     §r§7§6+5☘ Sugar Cane Fortune
02:16:26 [allowed] §e§l▬▬▬▬▬▬▬▬▬▬▬▬▬▬▬▬▬▬▬▬▬▬▬▬▬▬▬▬▬▬▬▬▬▬▬▬▬▬▬▬▬▬▬▬▬▬▬▬▬▬▬▬▬▬▬▬▬▬▬▬▬▬▬▬
02:16:27 [allowed] §e§l▬▬▬▬▬▬▬▬▬▬▬▬▬▬▬▬▬▬▬▬▬▬▬▬▬▬▬▬▬▬▬▬▬▬▬▬▬▬▬▬▬▬▬▬▬▬▬▬▬▬▬▬▬▬▬▬▬▬▬▬▬▬▬▬
02:16:27 [allowed]   §r§6§lCROP UPGRADE §eSugar Cane§7 #5
02:16:27 [allowed]    §r§b§lCO-OP » §r§7You unlocked the tier
02:16:27 [allowed] 
02:16:27 [allowed]   §r§a§lREWARDS
02:16:27 [allowed]     §r§7§8+§b1 SkyBlock XP
02:16:27 [allowed]     §r§7§6+5☘ Sugar Cane Fortune
02:16:27 [allowed] §e§l▬▬▬▬▬▬▬▬▬▬▬▬▬▬▬▬▬▬▬▬▬▬▬▬▬▬▬▬▬▬▬▬▬▬▬▬▬▬▬▬▬▬▬▬▬▬▬▬▬▬▬▬▬▬▬▬▬▬▬▬▬▬▬▬
02:16:28 [allowed] §e§l▬▬▬▬▬▬▬▬▬▬▬▬▬▬▬▬▬▬▬▬▬▬▬▬▬▬▬▬▬▬▬▬▬▬▬▬▬▬▬▬▬▬▬▬▬▬▬▬▬▬▬▬▬▬▬▬▬▬▬▬▬▬▬▬
02:16:28 [allowed]   §r§6§lCROP UPGRADE §eSugar Cane§7 #6
02:16:28 [allowed]    §r§b§lCO-OP » §r§7You unlocked the tier
02:16:28 [allowed] 
02:16:28 [allowed]   §r§a§lREWARDS
02:16:28 [allowed]     §r§7§8+§b1 SkyBlock XP
02:16:28 [allowed]     §r§7§6+5☘ Sugar Cane Fortune
02:16:28 [allowed] §e§l▬▬▬▬▬▬▬▬▬▬▬▬▬▬▬▬▬▬▬▬▬▬▬▬▬▬▬▬▬▬▬▬▬▬▬▬▬▬▬▬▬▬▬▬▬▬▬▬▬▬▬▬▬▬▬▬▬▬▬▬▬▬▬▬
02:16:41 [allowed] §cYou don't have enough Copper to unlock this!
