00:39:32 [STASH_COMPACT] §f                     §7You have §a2 §7items stashed away!
00:39:32 [STASH_COMPACT] §f                §6§l>>> §6§lCLICK HERE§e to pick them up! §6§l<<<
00:39:32 [STASH_COMPACT]   
00:39:32 [STASH_COMPACT] §f                §7You have §31,856 §7materials stashed away!
00:39:32 [STASH_COMPACT] §f              §8(This totals 3 types of materials stashed!)
00:39:32 [STASH_COMPACT] §f                §3§l>>> §3§lCLICK HERE§b to pick them up! §3§l<<<
00:39:32 [STASH_COMPACT]   
00:40:05 [STASH_COMPACT] §f                     §7You have §a2 §7items stashed away!
00:40:05 [STASH_COMPACT] §f                §6§l>>> §6§lCLICK HERE§e to pick them up! §6§l<<<
00:40:05 [STASH_COMPACT]   
00:40:05 [STASH_COMPACT] §f                §7You have §31,856 §7materials stashed away!
00:40:05 [STASH_COMPACT] §f              §8(This totals 3 types of materials stashed!)
00:40:05 [STASH_COMPACT] §f                §3§l>>> §3§lCLICK HERE§b to pick them up! §3§l<<<
00:40:05 [STASH_COMPACT]   
00:41:15 [STASH_COMPACT] §f                     §7You have §a2 §7items stashed away!
00:41:15 [STASH_COMPACT] §f                §6§l>>> §6§lCLICK HERE§e to pick them up! §6§l<<<
00:41:15 [STASH_COMPACT]   
00:41:16 [STASH_COMPACT] §f                §7You have §31,856 §7materials stashed away!
00:41:16 [STASH_COMPACT] §f              §8(This totals 3 types of materials stashed!)
00:41:16 [STASH_COMPACT] §f                §3§l>>> §3§lCLICK HERE§b to pick them up! §3§l<<<
00:41:16 [STASH_COMPACT]   
00:42:16 [STASH_COMPACT] §f                     §7You have §a2 §7items stashed away!
00:42:16 [STASH_COMPACT] §f                §6§l>>> §6§lCLICK HERE§e to pick them up! §6§l<<<
00:42:16 [STASH_COMPACT]   
00:42:16 [STASH_COMPACT] §f                §7You have §31,856 §7materials stashed away!
00:42:16 [STASH_COMPACT] §f              §8(This totals 3 types of materials stashed!)
00:42:16 [STASH_COMPACT] §f                §3§l>>> §3§lCLICK HERE§b to pick them up! §3§l<<<
00:42:16 [STASH_COMPACT]   
00:43:16 [STASH_COMPACT] §f                     §7You have §a2 §7items stashed away!
00:43:16 [STASH_COMPACT] §f                §6§l>>> §6§lCLICK HERE§e to pick them up! §6§l<<<
00:43:16 [STASH_COMPACT]   
00:43:16 [STASH_COMPACT] §f                §7You have §31,856 §7materials stashed away!
00:43:16 [STASH_COMPACT] §f              §8(This totals 3 types of materials stashed!)
00:43:16 [STASH_COMPACT] §f                §3§l>>> §3§lCLICK HERE§b to pick them up! §3§l<<<
00:43:16 [STASH_COMPACT]   
00:44:17 [STASH_COMPACT] §f                     §7You have §a2 §7items stashed away!
00:44:17 [STASH_COMPACT] §f                §6§l>>> §6§lCLICK HERE§e to pick them up! §6§l<<<
00:44:17 [STASH_COMPACT]   
00:44:17 [STASH_COMPACT] §f                §7You have §31,856 §7materials stashed away!
00:44:17 [STASH_COMPACT] §f              §8(This totals 3 types of materials stashed!)
00:44:17 [STASH_COMPACT] §f                §3§l>>> §3§lCLICK HERE§b to pick them up! §3§l<<<
00:44:17 [STASH_COMPACT]   
00:45:18 [STASH_COMPACT] §f                     §7You have §a2 §7items stashed away!
00:45:18 [STASH_COMPACT] §f                §6§l>>> §6§lCLICK HERE§e to pick them up! §6§l<<<
00:45:18 [STASH_COMPACT]   
00:45:18 [STASH_COMPACT] §f                §7You have §31,856 §7materials stashed away!
00:45:18 [STASH_COMPACT] §f              §8(This totals 3 types of materials stashed!)
00:45:18 [STASH_COMPACT] §f                §3§l>>> §3§lCLICK HERE§b to pick them up! §3§l<<<
00:45:18 [STASH_COMPACT]   
00:46:19 [STASH_COMPACT] §f                     §7You have §a2 §7items stashed away!
00:46:19 [STASH_COMPACT] §f                §6§l>>> §6§lCLICK HERE§e to pick them up! §6§l<<<
00:46:19 [STASH_COMPACT]   
00:46:19 [STASH_COMPACT] §f                §7You have §31,856 §7materials stashed away!
00:46:19 [STASH_COMPACT] §f              §8(This totals 3 types of materials stashed!)
00:46:19 [STASH_COMPACT] §f                §3§l>>> §3§lCLICK HERE§b to pick them up! §3§l<<<
00:46:19 [STASH_COMPACT]   
00:47:19 [STASH_COMPACT] §f                     §7You have §a2 §7items stashed away!
00:47:19 [STASH_COMPACT] §f                §6§l>>> §6§lCLICK HERE§e to pick them up! §6§l<<<
00:47:19 [STASH_COMPACT]   
00:47:19 [STASH_COMPACT] §f                §7You have §31,856 §7materials stashed away!
00:47:19 [STASH_COMPACT] §f              §8(This totals 3 types of materials stashed!)
00:47:19 [STASH_COMPACT] §f                §3§l>>> §3§lCLICK HERE§b to pick them up! §3§l<<<
00:47:19 [STASH_COMPACT]   
00:48:20 [STASH_COMPACT] §f                     §7You have §a2 §7items stashed away!
00:48:20 [STASH_COMPACT] §f                §6§l>>> §6§lCLICK HERE§e to pick them up! §6§l<<<
00:48:20 [STASH_COMPACT]   
00:48:20 [STASH_COMPACT] §f                §7You have §31,856 §7materials stashed away!
00:48:20 [STASH_COMPACT] §f              §8(This totals 3 types of materials stashed!)
00:48:20 [STASH_COMPACT] §f                §3§l>>> §3§lCLICK HERE§b to pick them up! §3§l<<<
00:48:20 [STASH_COMPACT]   
00:49:20 [STASH_COMPACT] §f                     §7You have §a2 §7items stashed away!
00:49:20 [STASH_COMPACT] §f                §6§l>>> §6§lCLICK HERE§e to pick them up! §6§l<<<
00:49:20 [STASH_COMPACT]   
00:49:20 [STASH_COMPACT] §f                §7You have §31,856 §7materials stashed away!
00:49:20 [STASH_COMPACT] §f              §8(This totals 3 types of materials stashed!)
00:49:20 [STASH_COMPACT] §f                §3§l>>> §3§lCLICK HERE§b to pick them up! §3§l<<<
00:49:20 [STASH_COMPACT]   
00:50:21 [STASH_COMPACT] §f                     §7You have §a2 §7items stashed away!
00:50:21 [STASH_COMPACT] §f                §6§l>>> §6§lCLICK HERE§e to pick them up! §6§l<<<
00:50:21 [STASH_COMPACT]   
00:50:21 [STASH_COMPACT] §f                §7You have §31,856 §7materials stashed away!
00:50:21 [STASH_COMPACT] §f              §8(This totals 3 types of materials stashed!)
00:50:21 [STASH_COMPACT] §f                §3§l>>> §3§lCLICK HERE§b to pick them up! §3§l<<<
00:50:21 [STASH_COMPACT]   
00:51:22 [STASH_COMPACT] §f                     §7You have §a2 §7items stashed away!
00:51:22 [STASH_COMPACT] §f                §6§l>>> §6§lCLICK HERE§e to pick them up! §6§l<<<
00:51:22 [STASH_COMPACT]   
00:51:22 [STASH_COMPACT] §f                §7You have §31,856 §7materials stashed away!
00:51:22 [STASH_COMPACT] §f              §8(This totals 3 types of materials stashed!)
00:51:22 [STASH_COMPACT] §f                §3§l>>> §3§lCLICK HERE§b to pick them up! §3§l<<<
00:51:22 [STASH_COMPACT]   
00:52:22 [STASH_COMPACT] §f                     §7You have §a2 §7items stashed away!
00:52:22 [STASH_COMPACT] §f                §6§l>>> §6§lCLICK HERE§e to pick them up! §6§l<<<
00:52:22 [STASH_COMPACT]   
00:52:22 [STASH_COMPACT] §f                §7You have §31,856 §7materials stashed away!
00:52:22 [STASH_COMPACT] §f              §8(This totals 3 types of materials stashed!)
00:52:22 [STASH_COMPACT] §f                §3§l>>> §3§lCLICK HERE§b to pick them up! §3§l<<<
00:52:22 [STASH_COMPACT]   
00:53:23 [STASH_COMPACT] §f                     §7You have §a2 §7items stashed away!
00:53:23 [STASH_COMPACT] §f                §6§l>>> §6§lCLICK HERE§e to pick them up! §6§l<<<
00:53:23 [STASH_COMPACT]   
00:53:23 [STASH_COMPACT] §f                §7You have §31,856 §7materials stashed away!
00:53:23 [STASH_COMPACT] §f              §8(This totals 3 types of materials stashed!)
00:53:23 [STASH_COMPACT] §f                §3§l>>> §3§lCLICK HERE§b to pick them up! §3§l<<<
00:53:23 [STASH_COMPACT]   
00:54:23 [STASH_COMPACT] §f                     §7You have §a2 §7items stashed away!
00:54:23 [STASH_COMPACT] §f                §6§l>>> §6§lCLICK HERE§e to pick them up! §6§l<<<
00:54:23 [STASH_COMPACT]   
00:54:23 [STASH_COMPACT] §f                §7You have §31,856 §7materials stashed away!
00:54:23 [STASH_COMPACT] §f              §8(This totals 3 types of materials stashed!)
00:54:23 [STASH_COMPACT] §f                §3§l>>> §3§lCLICK HERE§b to pick them up! §3§l<<<
00:54:23 [STASH_COMPACT]   
00:55:24 [STASH_COMPACT] §f                     §7You have §a2 §7items stashed away!
00:55:24 [STASH_COMPACT] §f                §6§l>>> §6§lCLICK HERE§e to pick them up! §6§l<<<
00:55:24 [STASH_COMPACT]   
00:55:24 [STASH_COMPACT] §f                §7You have §31,856 §7materials stashed away!
00:55:24 [STASH_COMPACT] §f              §8(This totals 3 types of materials stashed!)
00:55:24 [STASH_COMPACT] §f                §3§l>>> §3§lCLICK HERE§b to pick them up! §3§l<<<
00:55:24 [STASH_COMPACT]   
00:56:25 [STASH_COMPACT] §f                     §7You have §a2 §7items stashed away!
00:56:25 [STASH_COMPACT] §f                §6§l>>> §6§lCLICK HERE§e to pick them up! §6§l<<<
00:56:25 [STASH_COMPACT]   
00:56:25 [STASH_COMPACT] §f                §7You have §31,856 §7materials stashed away!
00:56:25 [STASH_COMPACT] §f              §8(This totals 3 types of materials stashed!)
00:56:25 [STASH_COMPACT] §f                §3§l>>> §3§lCLICK HERE§b to pick them up! §3§l<<<
00:56:25 [STASH_COMPACT]   
00:57:25 [STASH_COMPACT] §f                     §7You have §a2 §7items stashed away!
00:57:25 [STASH_COMPACT] §f                §6§l>>> §6§lCLICK HERE§e to pick them up! §6§l<<<
00:57:25 [STASH_COMPACT]   
00:57:25 [STASH_COMPACT] §f                §7You have §31,856 §7materials stashed away!
00:57:25 [STASH_COMPACT] §f              §8(This totals 3 types of materials stashed!)
00:57:25 [STASH_COMPACT] §f                §3§l>>> §3§lCLICK HERE§b to pick them up! §3§l<<<
00:57:25 [STASH_COMPACT]   
00:58:24 [BESTIARY] §f                                  §6§lBESTIARY
00:58:24 [BESTIARY] §f                         §b§lStar Sentry §7§8VIII §8➡§b §bIX
00:58:24 [BESTIARY] 
00:58:24 [BESTIARY] §f                                  §r§6§lREWARDS
00:58:24 [BESTIARY] §f                      §r§8+§r§a3 §r§5Star Sentry §r§b✯ Magic Find
00:58:24 [BESTIARY] §f                       §r§8+§r§a3 §r§5Star Sentry §r§c❁ Strength
00:58:24 [BESTIARY] §f                          §r§8+§r§62% §r§a§r§5Star Sentry §r§7coins
00:58:24 [BESTIARY] §f                    §r§8+§r§a50% §r§7chance for extra XP orbs
00:58:24 [BESTIARY] §f                               §r§8+§r§b1 SkyBlock XP
00:58:24 [BESTIARY] 
00:58:24 [BESTIARY] §3§l▬▬▬▬▬▬▬▬▬▬▬▬▬▬▬▬▬▬▬▬▬▬▬▬▬▬▬▬▬▬▬▬▬▬▬▬▬▬▬▬▬▬▬▬▬▬▬▬▬▬▬▬▬▬▬▬▬▬▬▬▬▬▬▬
00:58:26 [STASH_COMPACT] §f                     §7You have §a2 §7items stashed away!
00:58:26 [STASH_COMPACT] §f                §6§l>>> §6§lCLICK HERE§e to pick them up! §6§l<<<
00:58:26 [STASH_COMPACT]   
00:58:26 [STASH_COMPACT] §f                §7You have §31,856 §7materials stashed away!
00:58:26 [STASH_COMPACT] §f              §8(This totals 3 types of materials stashed!)
00:58:26 [STASH_COMPACT] §f                §3§l>>> §3§lCLICK HERE§b to pick them up! §3§l<<<
00:58:26 [STASH_COMPACT]   
00:59:26 [STASH_COMPACT] §f                     §7You have §a2 §7items stashed away!
00:59:26 [STASH_COMPACT] §f                §6§l>>> §6§lCLICK HERE§e to pick them up! §6§l<<<
00:59:26 [STASH_COMPACT]   
00:59:26 [STASH_COMPACT] §f                §7You have §31,856 §7materials stashed away!
00:59:26 [STASH_COMPACT] §f              §8(This totals 3 types of materials stashed!)
00:59:26 [STASH_COMPACT] §f                §3§l>>> §3§lCLICK HERE§b to pick them up! §3§l<<<
00:59:26 [STASH_COMPACT]   
01:00:27 [STASH_COMPACT] §f                     §7You have §a2 §7items stashed away!
01:00:27 [STASH_COMPACT] §f                §6§l>>> §6§lCLICK HERE§e to pick them up! §6§l<<<
01:00:27 [STASH_COMPACT]   
01:00:27 [STASH_COMPACT] §f                §7You have §31,856 §7materials stashed away!
01:00:27 [STASH_COMPACT] §f              §8(This totals 3 types of materials stashed!)
01:00:27 [STASH_COMPACT] §f                §3§l>>> §3§lCLICK HERE§b to pick them up! §3§l<<<
01:00:27 [STASH_COMPACT]   
01:01:28 [STASH_COMPACT] §f                     §7You have §a2 §7items stashed away!
01:01:28 [STASH_COMPACT] §f                §6§l>>> §6§lCLICK HERE§e to pick them up! §6§l<<<
01:01:28 [STASH_COMPACT]   
01:01:28 [STASH_COMPACT] §f                §7You have §31,856 §7materials stashed away!
01:01:28 [STASH_COMPACT] §f              §8(This totals 3 types of materials stashed!)
01:01:28 [STASH_COMPACT] §f                §3§l>>> §3§lCLICK HERE§b to pick them up! §3§l<<<
01:01:28 [STASH_COMPACT]   
01:02:28 [STASH_COMPACT] §f                     §7You have §a2 §7items stashed away!
01:02:28 [STASH_COMPACT] §f                §6§l>>> §6§lCLICK HERE§e to pick them up! §6§l<<<
01:02:28 [STASH_COMPACT]   
01:02:28 [STASH_COMPACT] §f                §7You have §31,856 §7materials stashed away!
01:02:28 [STASH_COMPACT] §f              §8(This totals 3 types of materials stashed!)
01:02:28 [STASH_COMPACT] §f                §3§l>>> §3§lCLICK HERE§b to pick them up! §3§l<<<
01:02:28 [STASH_COMPACT]   
01:03:28 [STASH_COMPACT] §f                     §7You have §a2 §7items stashed away!
01:03:28 [STASH_COMPACT] §f                §6§l>>> §6§lCLICK HERE§e to pick them up! §6§l<<<
01:03:28 [STASH_COMPACT]   
01:03:28 [STASH_COMPACT] §f                §7You have §31,856 §7materials stashed away!
01:03:28 [STASH_COMPACT] §f              §8(This totals 3 types of materials stashed!)
01:03:28 [STASH_COMPACT] §f                §3§l>>> §3§lCLICK HERE§b to pick them up! §3§l<<<
01:03:28 [STASH_COMPACT]   
01:04:29 [STASH_COMPACT] §f                     §7You have §a2 §7items stashed away!
01:04:29 [STASH_COMPACT] §f                §6§l>>> §6§lCLICK HERE§e to pick them up! §6§l<<<
01:04:29 [STASH_COMPACT]   
01:04:29 [STASH_COMPACT] §f                §7You have §31,856 §7materials stashed away!
01:04:29 [STASH_COMPACT] §f              §8(This totals 3 types of materials stashed!)
01:04:29 [STASH_COMPACT] §f                §3§l>>> §3§lCLICK HERE§b to pick them up! §3§l<<<
01:04:29 [STASH_COMPACT]   
01:05:29 [STASH_COMPACT] §f                     §7You have §a2 §7items stashed away!
01:05:29 [STASH_COMPACT] §f                §6§l>>> §6§lCLICK HERE§e to pick them up! §6§l<<<
01:05:29 [STASH_COMPACT]   
01:05:29 [STASH_COMPACT] §f                §7You have §31,856 §7materials stashed away!
01:05:29 [STASH_COMPACT] §f              §8(This totals 3 types of materials stashed!)
01:05:29 [STASH_COMPACT] §f                §3§l>>> §3§lCLICK HERE§b to pick them up! §3§l<<<
01:05:29 [STASH_COMPACT]   
01:06:30 [STASH_COMPACT] §f                     §7You have §a2 §7items stashed away!
01:06:30 [STASH_COMPACT] §f                §6§l>>> §6§lCLICK HERE§e to pick them up! §6§l<<<
01:06:30 [STASH_COMPACT]   
01:06:30 [STASH_COMPACT] §f                §7You have §31,856 §7materials stashed away!
01:06:30 [STASH_COMPACT] §f              §8(This totals 3 types of materials stashed!)
01:06:30 [STASH_COMPACT] §f                §3§l>>> §3§lCLICK HERE§b to pick them up! §3§l<<<
01:06:30 [STASH_COMPACT]   
01:07:30 [STASH_COMPACT] §f                     §7You have §a2 §7items stashed away!
01:07:30 [STASH_COMPACT] §f                §6§l>>> §6§lCLICK HERE§e to pick them up! §6§l<<<
01:07:30 [STASH_COMPACT]   
01:07:30 [STASH_COMPACT] §f                §7You have §31,856 §7materials stashed away!
01:07:30 [STASH_COMPACT] §f              §8(This totals 3 types of materials stashed!)
01:07:30 [STASH_COMPACT] §f                §3§l>>> §3§lCLICK HERE§b to pick them up! §3§l<<<
01:07:30 [STASH_COMPACT]   
01:08:31 [STASH_COMPACT] §f                     §7You have §a2 §7items stashed away!
01:08:31 [STASH_COMPACT] §f                §6§l>>> §6§lCLICK HERE§e to pick them up! §6§l<<<
01:08:31 [STASH_COMPACT]   
01:08:31 [STASH_COMPACT] §f                §7You have §31,856 §7materials stashed away!
01:08:31 [STASH_COMPACT] §f              §8(This totals 3 types of materials stashed!)
01:08:31 [STASH_COMPACT] §f                §3§l>>> §3§lCLICK HERE§b to pick them up! §3§l<<<
01:08:31 [STASH_COMPACT]   
01:08:54 [BESTIARY] §f                                  §6§lBESTIARY
01:08:54 [BESTIARY] §f                          §b§lTreasure Hoarder §7§bI
01:08:54 [BESTIARY] 
01:08:54 [BESTIARY] §f                                  §r§6§lREWARDS
01:08:54 [BESTIARY] §f                  §r§8+§r§a2 Treasure Hoarder §r§b✯ Magic Find
01:08:54 [BESTIARY] §f                   §r§8+§r§a2 Treasure Hoarder §r§c❁ Strength
01:08:54 [BESTIARY] §f                      §r§8+§r§62% §r§aTreasure Hoarder §r§7coins
01:08:54 [BESTIARY] §f                    §r§8+§r§a50% §r§7chance for extra XP orbs
01:08:54 [BESTIARY] §f                               §r§8+§r§b1 SkyBlock XP
01:08:54 [BESTIARY] 
01:08:54 [BESTIARY] §3§l▬▬▬▬▬▬▬▬▬▬▬▬▬▬▬▬▬▬▬▬▬▬▬▬▬▬▬▬▬▬▬▬▬▬▬▬▬▬▬▬▬▬▬▬▬▬▬▬▬▬▬▬▬▬▬▬▬▬▬▬▬▬▬▬
01:09:31 [STASH_COMPACT] §f                     §7You have §a2 §7items stashed away!
01:09:31 [STASH_COMPACT] §f                §6§l>>> §6§lCLICK HERE§e to pick them up! §6§l<<<
01:09:31 [STASH_COMPACT]   
01:09:31 [STASH_COMPACT] §f                §7You have §31,856 §7materials stashed away!
01:09:31 [STASH_COMPACT] §f              §8(This totals 3 types of materials stashed!)
01:09:31 [STASH_COMPACT] §f                §3§l>>> §3§lCLICK HERE§b to pick them up! §3§l<<<
01:09:31 [STASH_COMPACT]   
01:10:32 [STASH_COMPACT] §f                     §7You have §a2 §7items stashed away!
01:10:32 [STASH_COMPACT] §f                §6§l>>> §6§lCLICK HERE§e to pick them up! §6§l<<<
01:10:32 [STASH_COMPACT]   
01:10:32 [STASH_COMPACT] §f                §7You have §31,856 §7materials stashed away!
01:10:32 [STASH_COMPACT] §f              §8(This totals 3 types of materials stashed!)
01:10:32 [STASH_COMPACT] §f                §3§l>>> §3§lCLICK HERE§b to pick them up! §3§l<<<
01:10:32 [STASH_COMPACT]   
01:11:32 [STASH_COMPACT] §f                     §7You have §a2 §7items stashed away!
01:11:32 [STASH_COMPACT] §f                §6§l>>> §6§lCLICK HERE§e to pick them up! §6§l<<<
01:11:32 [STASH_COMPACT]   
01:11:32 [STASH_COMPACT] §f                §7You have §31,856 §7materials stashed away!
01:11:32 [STASH_COMPACT] §f              §8(This totals 3 types of materials stashed!)
01:11:32 [STASH_COMPACT] §f                §3§l>>> §3§lCLICK HERE§b to pick them up! §3§l<<<
01:11:32 [STASH_COMPACT]   
01:12:33 [STASH_COMPACT] §f                     §7You have §a2 §7items stashed away!
01:12:33 [STASH_COMPACT] §f                §6§l>>> §6§lCLICK HERE§e to pick them up! §6§l<<<
01:12:33 [STASH_COMPACT]   
01:12:33 [STASH_COMPACT] §f                §7You have §31,856 §7materials stashed away!
01:12:33 [STASH_COMPACT] §f              §8(This totals 3 types of materials stashed!)
01:12:33 [STASH_COMPACT] §f                §3§l>>> §3§lCLICK HERE§b to pick them up! §3§l<<<
01:12:33 [STASH_COMPACT]   
01:13:33 [STASH_COMPACT] §f                     §7You have §a2 §7items stashed away!
01:13:33 [STASH_COMPACT] §f                §6§l>>> §6§lCLICK HERE§e to pick them up! §6§l<<<
01:13:33 [STASH_COMPACT]   
01:13:33 [STASH_COMPACT] §f                §7You have §31,856 §7materials stashed away!
01:13:33 [STASH_COMPACT] §f              §8(This totals 3 types of materials stashed!)
01:13:33 [STASH_COMPACT] §f                §3§l>>> §3§lCLICK HERE§b to pick them up! §3§l<<<
01:13:33 [STASH_COMPACT]   
01:14:34 [STASH_COMPACT] §f                     §7You have §a2 §7items stashed away!
01:14:34 [STASH_COMPACT] §f                §6§l>>> §6§lCLICK HERE§e to pick them up! §6§l<<<
01:14:34 [STASH_COMPACT]   
01:14:34 [STASH_COMPACT] §f                §7You have §31,856 §7materials stashed away!
01:14:34 [STASH_COMPACT] §f              §8(This totals 3 types of materials stashed!)
01:14:34 [STASH_COMPACT] §f                §3§l>>> §3§lCLICK HERE§b to pick them up! §3§l<<<
01:14:34 [STASH_COMPACT]   
01:15:34 [STASH_COMPACT] §f                     §7You have §a2 §7items stashed away!
01:15:34 [STASH_COMPACT] §f                §6§l>>> §6§lCLICK HERE§e to pick them up! §6§l<<<
01:15:34 [STASH_COMPACT]   
01:15:34 [STASH_COMPACT] §f                §7You have §31,856 §7materials stashed away!
01:15:34 [STASH_COMPACT] §f              §8(This totals 3 types of materials stashed!)
01:15:34 [STASH_COMPACT] §f                §3§l>>> §3§lCLICK HERE§b to pick them up! §3§l<<<
01:15:34 [STASH_COMPACT]   
01:16:35 [STASH_COMPACT] §f                     §7You have §a2 §7items stashed away!
01:16:35 [STASH_COMPACT] §f                §6§l>>> §6§lCLICK HERE§e to pick them up! §6§l<<<
01:16:35 [STASH_COMPACT]   
01:16:35 [STASH_COMPACT] §f                §7You have §31,856 §7materials stashed away!
01:16:35 [STASH_COMPACT] §f              §8(This totals 3 types of materials stashed!)
01:16:35 [STASH_COMPACT] §f                §3§l>>> §3§lCLICK HERE§b to pick them up! §3§l<<<
01:16:35 [STASH_COMPACT]   
01:17:35 [STASH_COMPACT] §f                     §7You have §a2 §7items stashed away!
01:17:35 [STASH_COMPACT] §f                §6§l>>> §6§lCLICK HERE§e to pick them up! §6§l<<<
01:17:35 [STASH_COMPACT]   
01:17:35 [STASH_COMPACT] §f                §7You have §31,856 §7materials stashed away!
01:17:35 [STASH_COMPACT] §f              §8(This totals 3 types of materials stashed!)
01:17:35 [STASH_COMPACT] §f                §3§l>>> §3§lCLICK HERE§b to pick them up! §3§l<<<
01:17:35 [STASH_COMPACT]   
01:18:36 [STASH_COMPACT] §f                     §7You have §a2 §7items stashed away!
01:18:36 [STASH_COMPACT] §f                §6§l>>> §6§lCLICK HERE§e to pick them up! §6§l<<<
01:18:36 [STASH_COMPACT]   
01:18:36 [STASH_COMPACT] §f                §7You have §31,856 §7materials stashed away!
01:18:36 [STASH_COMPACT] §f              §8(This totals 3 types of materials stashed!)
01:18:36 [STASH_COMPACT] §f                §3§l>>> §3§lCLICK HERE§b to pick them up! §3§l<<<
01:18:36 [STASH_COMPACT]   
01:19:36 [STASH_COMPACT] §f                     §7You have §a2 §7items stashed away!
01:19:36 [STASH_COMPACT] §f                §6§l>>> §6§lCLICK HERE§e to pick them up! §6§l<<<
01:19:36 [STASH_COMPACT]   
01:19:36 [STASH_COMPACT] §f                §7You have §31,856 §7materials stashed away!
01:19:36 [STASH_COMPACT] §f              §8(This totals 3 types of materials stashed!)
01:19:36 [STASH_COMPACT] §f                §3§l>>> §3§lCLICK HERE§b to pick them up! §3§l<<<
01:19:36 [STASH_COMPACT]   
01:20:37 [STASH_COMPACT] §f                     §7You have §a2 §7items stashed away!
01:20:37 [STASH_COMPACT] §f                §6§l>>> §6§lCLICK HERE§e to pick them up! §6§l<<<
01:20:37 [STASH_COMPACT]   
01:20:37 [STASH_COMPACT] §f                §7You have §31,856 §7materials stashed away!
01:20:37 [STASH_COMPACT] §f              §8(This totals 3 types of materials stashed!)
01:20:37 [STASH_COMPACT] §f                §3§l>>> §3§lCLICK HERE§b to pick them up! §3§l<<<
01:20:37 [STASH_COMPACT]   
01:21:37 [STASH_COMPACT] §f                     §7You have §a2 §7items stashed away!
01:21:37 [STASH_COMPACT] §f                §6§l>>> §6§lCLICK HERE§e to pick them up! §6§l<<<
01:21:37 [STASH_COMPACT]   
01:21:37 [STASH_COMPACT] §f                §7You have §31,856 §7materials stashed away!
01:21:37 [STASH_COMPACT] §f              §8(This totals 3 types of materials stashed!)
01:21:37 [STASH_COMPACT] §f                §3§l>>> §3§lCLICK HERE§b to pick them up! §3§l<<<
01:21:37 [STASH_COMPACT]   
01:22:38 [STASH_COMPACT] §f                     §7You have §a2 §7items stashed away!
01:22:38 [STASH_COMPACT] §f                §6§l>>> §6§lCLICK HERE§e to pick them up! §6§l<<<
01:22:38 [STASH_COMPACT]   
01:22:38 [STASH_COMPACT] §f                §7You have §31,856 §7materials stashed away!
01:22:38 [STASH_COMPACT] §f              §8(This totals 3 types of materials stashed!)
01:22:38 [STASH_COMPACT] §f                §3§l>>> §3§lCLICK HERE§b to pick them up! §3§l<<<
01:22:38 [STASH_COMPACT]   
01:23:39 [STASH_COMPACT] §f                     §7You have §a2 §7items stashed away!
01:23:39 [STASH_COMPACT] §f                §6§l>>> §6§lCLICK HERE§e to pick them up! §6§l<<<
01:23:39 [STASH_COMPACT]   
01:23:39 [STASH_COMPACT] §f                §7You have §31,856 §7materials stashed away!
01:23:39 [STASH_COMPACT] §f              §8(This totals 3 types of materials stashed!)
01:23:39 [STASH_COMPACT] §f                §3§l>>> §3§lCLICK HERE§b to pick them up! §3§l<<<
01:23:39 [STASH_COMPACT]   
01:24:39 [STASH_COMPACT] §f                     §7You have §a2 §7items stashed away!
01:24:39 [STASH_COMPACT] §f                §6§l>>> §6§lCLICK HERE§e to pick them up! §6§l<<<
01:24:39 [STASH_COMPACT]   
01:24:39 [STASH_COMPACT] §f                §7You have §31,856 §7materials stashed away!
01:24:39 [STASH_COMPACT] §f              §8(This totals 3 types of materials stashed!)
01:24:39 [STASH_COMPACT] §f                §3§l>>> §3§lCLICK HERE§b to pick them up! §3§l<<<
01:24:39 [STASH_COMPACT]   
01:25:40 [STASH_COMPACT] §f                     §7You have §a2 §7items stashed away!
01:25:40 [STASH_COMPACT] §f                §6§l>>> §6§lCLICK HERE§e to pick them up! §6§l<<<
01:25:40 [STASH_COMPACT]   
01:25:40 [STASH_COMPACT] §f                §7You have §31,856 §7materials stashed away!
01:25:40 [STASH_COMPACT] §f              §8(This totals 3 types of materials stashed!)
01:25:40 [STASH_COMPACT] §f                §3§l>>> §3§lCLICK HERE§b to pick them up! §3§l<<<
01:25:40 [STASH_COMPACT]   
01:26:41 [STASH_COMPACT] §f                     §7You have §a2 §7items stashed away!
01:26:41 [STASH_COMPACT] §f                §6§l>>> §6§lCLICK HERE§e to pick them up! §6§l<<<
01:26:41 [STASH_COMPACT]   
01:26:41 [STASH_COMPACT] §f                §7You have §31,856 §7materials stashed away!
01:26:41 [STASH_COMPACT] §f              §8(This totals 3 types of materials stashed!)
01:26:41 [STASH_COMPACT] §f                §3§l>>> §3§lCLICK HERE§b to pick them up! §3§l<<<
01:26:41 [STASH_COMPACT]   
01:27:41 [STASH_COMPACT] §f                     §7You have §a2 §7items stashed away!
01:27:41 [STASH_COMPACT] §f                §6§l>>> §6§lCLICK HERE§e to pick them up! §6§l<<<
01:27:41 [STASH_COMPACT]   
01:27:41 [STASH_COMPACT] §f                §7You have §31,856 §7materials stashed away!
01:27:41 [STASH_COMPACT] §f              §8(This totals 3 types of materials stashed!)
01:27:41 [STASH_COMPACT] §f                §3§l>>> §3§lCLICK HERE§b to pick them up! §3§l<<<
01:27:41 [STASH_COMPACT]   
01:28:42 [STASH_COMPACT] §f                     §7You have §a2 §7items stashed away!
01:28:42 [STASH_COMPACT] §f                §6§l>>> §6§lCLICK HERE§e to pick them up! §6§l<<<
01:28:42 [STASH_COMPACT]   
01:28:42 [STASH_COMPACT] §f                §7You have §31,856 §7materials stashed away!
01:28:42 [STASH_COMPACT] §f              §8(This totals 3 types of materials stashed!)
01:28:42 [STASH_COMPACT] §f                §3§l>>> §3§lCLICK HERE§b to pick them up! §3§l<<<
01:28:42 [STASH_COMPACT]   
01:29:42 [STASH_COMPACT] §f                     §7You have §a2 §7items stashed away!
01:29:42 [STASH_COMPACT] §f                §6§l>>> §6§lCLICK HERE§e to pick them up! §6§l<<<
01:29:42 [STASH_COMPACT]   
01:29:42 [STASH_COMPACT] §f                §7You have §31,856 §7materials stashed away!
01:29:42 [STASH_COMPACT] §f              §8(This totals 3 types of materials stashed!)
01:29:42 [STASH_COMPACT] §f                §3§l>>> §3§lCLICK HERE§b to pick them up! §3§l<<<
01:29:42 [STASH_COMPACT]   
01:30:43 [STASH_COMPACT] §f                     §7You have §a2 §7items stashed away!
01:30:43 [STASH_COMPACT] §f                §6§l>>> §6§lCLICK HERE§e to pick them up! §6§l<<<
01:30:43 [STASH_COMPACT]   
01:30:43 [STASH_COMPACT] §f                §7You have §31,856 §7materials stashed away!
01:30:43 [STASH_COMPACT] §f              §8(This totals 3 types of materials stashed!)
01:30:43 [STASH_COMPACT] §f                §3§l>>> §3§lCLICK HERE§b to pick them up! §3§l<<<
01:30:43 [STASH_COMPACT]   
01:31:43 [STASH_COMPACT] §f                     §7You have §a2 §7items stashed away!
01:31:43 [STASH_COMPACT] §f                §6§l>>> §6§lCLICK HERE§e to pick them up! §6§l<<<
01:31:43 [STASH_COMPACT]   
01:31:43 [STASH_COMPACT] §f                §7You have §31,856 §7materials stashed away!
01:31:43 [STASH_COMPACT] §f              §8(This totals 3 types of materials stashed!)
01:31:43 [STASH_COMPACT] §f                §3§l>>> §3§lCLICK HERE§b to pick them up! §3§l<<<
01:31:43 [STASH_COMPACT]   
01:32:44 [STASH_COMPACT] §f                     §7You have §a2 §7items stashed away!
01:32:44 [STASH_COMPACT] §f                §6§l>>> §6§lCLICK HERE§e to pick them up! §6§l<<<
01:32:44 [STASH_COMPACT]   
01:32:44 [STASH_COMPACT] §f                §7You have §31,856 §7materials stashed away!
01:32:44 [STASH_COMPACT] §f              §8(This totals 3 types of materials stashed!)
01:32:44 [STASH_COMPACT] §f                §3§l>>> §3§lCLICK HERE§b to pick them up! §3§l<<<
01:32:44 [STASH_COMPACT]   
01:33:45 [STASH_COMPACT] §f                     §7You have §a2 §7items stashed away!
01:33:45 [STASH_COMPACT] §f                §6§l>>> §6§lCLICK HERE§e to pick them up! §6§l<<<
01:33:45 [STASH_COMPACT]   
01:33:45 [STASH_COMPACT] §f                §7You have §31,856 §7materials stashed away!
01:33:45 [STASH_COMPACT] §f              §8(This totals 3 types of materials stashed!)
01:33:45 [STASH_COMPACT] §f                §3§l>>> §3§lCLICK HERE§b to pick them up! §3§l<<<
01:33:45 [STASH_COMPACT]   
01:34:45 [STASH_COMPACT] §f                     §7You have §a2 §7items stashed away!
01:34:45 [STASH_COMPACT] §f                §6§l>>> §6§lCLICK HERE§e to pick them up! §6§l<<<
01:34:45 [STASH_COMPACT]   
01:34:45 [STASH_COMPACT] §f                §7You have §31,856 §7materials stashed away!
01:34:45 [STASH_COMPACT] §f              §8(This totals 3 types of materials stashed!)
01:34:45 [STASH_COMPACT] §f                §3§l>>> §3§lCLICK HERE§b to pick them up! §3§l<<<
01:34:45 [STASH_COMPACT]   
01:35:46 [STASH_COMPACT] §f                     §7You have §a2 §7items stashed away!
01:35:46 [STASH_COMPACT] §f                §6§l>>> §6§lCLICK HERE§e to pick them up! §6§l<<<
01:35:46 [STASH_COMPACT]   
01:35:46 [STASH_COMPACT] §f                §7You have §31,856 §7materials stashed away!
01:35:46 [STASH_COMPACT] §f              §8(This totals 3 types of materials stashed!)
01:35:46 [STASH_COMPACT] §f                §3§l>>> §3§lCLICK HERE§b to pick them up! §3§l<<<
01:35:46 [STASH_COMPACT]   
01:36:47 [STASH_COMPACT] §f                     §7You have §a2 §7items stashed away!
01:36:47 [STASH_COMPACT] §f                §6§l>>> §6§lCLICK HERE§e to pick them up! §6§l<<<
01:36:47 [STASH_COMPACT]   
01:36:47 [STASH_COMPACT] §f                §7You have §31,856 §7materials stashed away!
01:36:47 [STASH_COMPACT] §f              §8(This totals 3 types of materials stashed!)
01:36:47 [STASH_COMPACT] §f                §3§l>>> §3§lCLICK HERE§b to pick them up! §3§l<<<
01:36:47 [STASH_COMPACT]   
01:37:47 [STASH_COMPACT] §f                     §7You have §a2 §7items stashed away!
01:37:47 [STASH_COMPACT] §f                §6§l>>> §6§lCLICK HERE§e to pick them up! §6§l<<<
01:37:47 [STASH_COMPACT]   
01:37:47 [STASH_COMPACT] §f                §7You have §31,856 §7materials stashed away!
01:37:47 [STASH_COMPACT] §f              §8(This totals 3 types of materials stashed!)
01:37:47 [STASH_COMPACT] §f                §3§l>>> §3§lCLICK HERE§b to pick them up! §3§l<<<
01:37:47 [STASH_COMPACT]   
01:38:48 [STASH_COMPACT] §f                     §7You have §a2 §7items stashed away!
01:38:48 [STASH_COMPACT] §f                §6§l>>> §6§lCLICK HERE§e to pick them up! §6§l<<<
01:38:48 [STASH_COMPACT]   
01:38:48 [STASH_COMPACT] §f                §7You have §31,856 §7materials stashed away!
01:38:48 [STASH_COMPACT] §f              §8(This totals 3 types of materials stashed!)
01:38:48 [STASH_COMPACT] §f                §3§l>>> §3§lCLICK HERE§b to pick them up! §3§l<<<
01:38:48 [STASH_COMPACT]   
01:39:49 [STASH_COMPACT] §f                     §7You have §a2 §7items stashed away!
01:39:49 [STASH_COMPACT] §f                §6§l>>> §6§lCLICK HERE§e to pick them up! §6§l<<<
01:39:49 [STASH_COMPACT]   
01:39:49 [STASH_COMPACT] §f                §7You have §31,856 §7materials stashed away!
01:39:49 [STASH_COMPACT] §f              §8(This totals 3 types of materials stashed!)
01:39:49 [STASH_COMPACT] §f                §3§l>>> §3§lCLICK HERE§b to pick them up! §3§l<<<
01:39:49 [STASH_COMPACT]   
01:40:50 [STASH_COMPACT] §f                     §7You have §a2 §7items stashed away!
01:40:50 [STASH_COMPACT] §f                §6§l>>> §6§lCLICK HERE§e to pick them up! §6§l<<<
01:40:50 [STASH_COMPACT]   
01:40:50 [STASH_COMPACT] §f                §7You have §31,856 §7materials stashed away!
01:40:50 [STASH_COMPACT] §f              §8(This totals 3 types of materials stashed!)
01:40:50 [STASH_COMPACT] §f                §3§l>>> §3§lCLICK HERE§b to pick them up! §3§l<<<
01:40:50 [STASH_COMPACT]   
01:41:50 [STASH_COMPACT] §f                     §7You have §a2 §7items stashed away!
01:41:50 [STASH_COMPACT] §f                §6§l>>> §6§lCLICK HERE§e to pick them up! §6§l<<<
01:41:50 [STASH_COMPACT]   
01:41:50 [STASH_COMPACT] §f                §7You have §31,856 §7materials stashed away!
01:41:50 [STASH_COMPACT] §f              §8(This totals 3 types of materials stashed!)
01:41:50 [STASH_COMPACT] §f                §3§l>>> §3§lCLICK HERE§b to pick them up! §3§l<<<
01:41:50 [STASH_COMPACT]   
01:42:51 [STASH_COMPACT] §f                     §7You have §a2 §7items stashed away!
01:42:51 [STASH_COMPACT] §f                §6§l>>> §6§lCLICK HERE§e to pick them up! §6§l<<<
01:42:51 [STASH_COMPACT]   
01:42:51 [STASH_COMPACT] §f                §7You have §31,856 §7materials stashed away!
01:42:51 [STASH_COMPACT] §f              §8(This totals 3 types of materials stashed!)
01:42:51 [STASH_COMPACT] §f                §3§l>>> §3§lCLICK HERE§b to pick them up! §3§l<<<
01:42:51 [STASH_COMPACT]   
01:43:51 [STASH_COMPACT] §f                     §7You have §a2 §7items stashed away!
01:43:51 [STASH_COMPACT] §f                §6§l>>> §6§lCLICK HERE§e to pick them up! §6§l<<<
01:43:51 [STASH_COMPACT]   
01:43:51 [STASH_COMPACT] §f                §7You have §31,856 §7materials stashed away!
01:43:51 [STASH_COMPACT] §f              §8(This totals 3 types of materials stashed!)
01:43:51 [STASH_COMPACT] §f                §3§l>>> §3§lCLICK HERE§b to pick them up! §3§l<<<
01:43:51 [STASH_COMPACT]   
01:44:52 [STASH_COMPACT] §f                     §7You have §a2 §7items stashed away!
01:44:52 [STASH_COMPACT] §f                §6§l>>> §6§lCLICK HERE§e to pick them up! §6§l<<<
01:44:52 [STASH_COMPACT]   
01:44:52 [STASH_COMPACT] §f                §7You have §31,856 §7materials stashed away!
01:44:52 [STASH_COMPACT] §f              §8(This totals 3 types of materials stashed!)
01:44:52 [STASH_COMPACT] §f                §3§l>>> §3§lCLICK HERE§b to pick them up! §3§l<<<
01:44:52 [STASH_COMPACT]   
01:45:52 [STASH_COMPACT] §f                     §7You have §a2 §7items stashed away!
01:45:52 [STASH_COMPACT] §f                §6§l>>> §6§lCLICK HERE§e to pick them up! §6§l<<<
01:45:52 [STASH_COMPACT]   
01:45:52 [STASH_COMPACT] §f                §7You have §31,856 §7materials stashed away!
01:45:52 [STASH_COMPACT] §f              §8(This totals 3 types of materials stashed!)
01:45:52 [STASH_COMPACT] §f                §3§l>>> §3§lCLICK HERE§b to pick them up! §3§l<<<
01:45:52 [STASH_COMPACT]   
01:46:53 [STASH_COMPACT] §f                     §7You have §a2 §7items stashed away!
01:46:53 [STASH_COMPACT] §f                §6§l>>> §6§lCLICK HERE§e to pick them up! §6§l<<<
01:46:53 [STASH_COMPACT]   
01:46:53 [STASH_COMPACT] §f                §7You have §31,856 §7materials stashed away!
01:46:53 [STASH_COMPACT] §f              §8(This totals 3 types of materials stashed!)
01:46:53 [STASH_COMPACT] §f                §3§l>>> §3§lCLICK HERE§b to pick them up! §3§l<<<
01:46:53 [STASH_COMPACT]   
01:47:54 [STASH_COMPACT] §f                     §7You have §a2 §7items stashed away!
01:47:54 [STASH_COMPACT] §f                §6§l>>> §6§lCLICK HERE§e to pick them up! §6§l<<<
01:47:54 [STASH_COMPACT]   
01:47:54 [STASH_COMPACT] §f                §7You have §31,856 §7materials stashed away!
01:47:54 [STASH_COMPACT] §f              §8(This totals 3 types of materials stashed!)
01:47:54 [STASH_COMPACT] §f                §3§l>>> §3§lCLICK HERE§b to pick them up! §3§l<<<
01:47:54 [STASH_COMPACT]   
01:48:54 [STASH_COMPACT] §f                     §7You have §a2 §7items stashed away!
01:48:54 [STASH_COMPACT] §f                §6§l>>> §6§lCLICK HERE§e to pick them up! §6§l<<<
01:48:54 [STASH_COMPACT]   
01:48:54 [STASH_COMPACT] §f                §7You have §31,856 §7materials stashed away!
01:48:54 [STASH_COMPACT] §f              §8(This totals 3 types of materials stashed!)
01:48:54 [STASH_COMPACT] §f                §3§l>>> §3§lCLICK HERE§b to pick them up! §3§l<<<
01:48:54 [STASH_COMPACT]   
01:49:55 [STASH_COMPACT] §f                     §7You have §a2 §7items stashed away!
01:49:55 [STASH_COMPACT] §f                §6§l>>> §6§lCLICK HERE§e to pick them up! §6§l<<<
01:49:55 [STASH_COMPACT]   
01:49:55 [STASH_COMPACT] §f                §7You have §31,856 §7materials stashed away!
01:49:55 [STASH_COMPACT] §f              §8(This totals 3 types of materials stashed!)
01:49:55 [STASH_COMPACT] §f                §3§l>>> §3§lCLICK HERE§b to pick them up! §3§l<<<
01:49:55 [STASH_COMPACT]   
01:50:56 [STASH_COMPACT] §f                     §7You have §a2 §7items stashed away!
01:50:56 [STASH_COMPACT] §f                §6§l>>> §6§lCLICK HERE§e to pick them up! §6§l<<<
01:50:56 [STASH_COMPACT]   
01:50:56 [STASH_COMPACT] §f                §7You have §31,856 §7materials stashed away!
01:50:56 [STASH_COMPACT] §f              §8(This totals 3 types of materials stashed!)
01:50:56 [STASH_COMPACT] §f                §3§l>>> §3§lCLICK HERE§b to pick them up! §3§l<<<
01:50:56 [STASH_COMPACT]   
01:51:56 [STASH_COMPACT] §f                     §7You have §a2 §7items stashed away!
01:51:56 [STASH_COMPACT] §f                §6§l>>> §6§lCLICK HERE§e to pick them up! §6§l<<<
01:51:56 [STASH_COMPACT]   
01:51:56 [STASH_COMPACT] §f                §7You have §31,856 §7materials stashed away!
01:51:56 [STASH_COMPACT] §f              §8(This totals 3 types of materials stashed!)
01:51:56 [STASH_COMPACT] §f                §3§l>>> §3§lCLICK HERE§b to pick them up! §3§l<<<
01:51:56 [STASH_COMPACT]   
01:52:57 [STASH_COMPACT] §f                     §7You have §a2 §7items stashed away!
01:52:57 [STASH_COMPACT] §f                §6§l>>> §6§lCLICK HERE§e to pick them up! §6§l<<<
01:52:57 [STASH_COMPACT]   
01:52:57 [STASH_COMPACT] §f                §7You have §31,856 §7materials stashed away!
01:52:57 [STASH_COMPACT] §f              §8(This totals 3 types of materials stashed!)
01:52:57 [STASH_COMPACT] §f                §3§l>>> §3§lCLICK HERE§b to pick them up! §3§l<<<
01:52:57 [STASH_COMPACT]   
01:53:57 [STASH_COMPACT] §f                     §7You have §a2 §7items stashed away!
01:53:57 [STASH_COMPACT] §f                §6§l>>> §6§lCLICK HERE§e to pick them up! §6§l<<<
01:53:57 [STASH_COMPACT]   
01:53:57 [STASH_COMPACT] §f                §7You have §31,856 §7materials stashed away!
01:53:57 [STASH_COMPACT] §f              §8(This totals 3 types of materials stashed!)
01:53:57 [STASH_COMPACT] §f                §3§l>>> §3§lCLICK HERE§b to pick them up! §3§l<<<
01:53:57 [STASH_COMPACT]   
01:54:58 [STASH_COMPACT] §f                     §7You have §a2 §7items stashed away!
01:54:58 [STASH_COMPACT] §f                §6§l>>> §6§lCLICK HERE§e to pick them up! §6§l<<<
01:54:58 [STASH_COMPACT]   
01:54:58 [STASH_COMPACT] §f                §7You have §31,856 §7materials stashed away!
01:54:58 [STASH_COMPACT] §f              §8(This totals 3 types of materials stashed!)
01:54:58 [STASH_COMPACT] §f                §3§l>>> §3§lCLICK HERE§b to pick them up! §3§l<<<
01:54:58 [STASH_COMPACT]   
01:55:59 [STASH_COMPACT] §f                     §7You have §a2 §7items stashed away!
01:55:59 [STASH_COMPACT] §f                §6§l>>> §6§lCLICK HERE§e to pick them up! §6§l<<<
01:55:59 [STASH_COMPACT]   
01:55:59 [STASH_COMPACT] §f                §7You have §31,856 §7materials stashed away!
01:55:59 [STASH_COMPACT] §f              §8(This totals 3 types of materials stashed!)
01:55:59 [STASH_COMPACT] §f                §3§l>>> §3§lCLICK HERE§b to pick them up! §3§l<<<
01:55:59 [STASH_COMPACT]   
01:56:59 [STASH_COMPACT] §f                     §7You have §a2 §7items stashed away!
01:56:59 [STASH_COMPACT] §f                §6§l>>> §6§lCLICK HERE§e to pick them up! §6§l<<<
01:56:59 [STASH_COMPACT]   
01:56:59 [STASH_COMPACT] §f                §7You have §31,856 §7materials stashed away!
01:56:59 [STASH_COMPACT] §f              §8(This totals 3 types of materials stashed!)
01:56:59 [STASH_COMPACT] §f                §3§l>>> §3§lCLICK HERE§b to pick them up! §3§l<<<
01:56:59 [STASH_COMPACT]   
01:58:00 [STASH_COMPACT] §f                     §7You have §a2 §7items stashed away!
01:58:00 [STASH_COMPACT] §f                §6§l>>> §6§lCLICK HERE§e to pick them up! §6§l<<<
01:58:00 [STASH_COMPACT]   
01:58:00 [STASH_COMPACT] §f                §7You have §31,856 §7materials stashed away!
01:58:00 [STASH_COMPACT] §f              §8(This totals 3 types of materials stashed!)
01:58:00 [STASH_COMPACT] §f                §3§l>>> §3§lCLICK HERE§b to pick them up! §3§l<<<
01:58:00 [STASH_COMPACT]   
01:58:37 [BESTIARY] §f                                  §6§lBESTIARY
01:58:37 [BESTIARY] §f                         §b§lGolden Goblin §7§8II §8➡§b §bIII
01:58:37 [BESTIARY] 
01:58:37 [BESTIARY] §f                                  §r§6§lREWARDS
01:58:37 [BESTIARY] §f                      §r§8+§r§a2 Golden Goblin §r§b✯ Magic Find
01:58:37 [BESTIARY] §f                      §r§8+§r§a2 Golden Goblin §r§c❁ Strength
01:58:37 [BESTIARY] §f                          §r§8+§r§62% §r§aGolden Goblin §r§7coins
01:58:37 [BESTIARY] §f                    §r§8+§r§a50% §r§7chance for extra XP orbs
01:58:37 [BESTIARY] §f                               §r§8+§r§b1 SkyBlock XP
01:58:37 [BESTIARY] 
01:58:37 [BESTIARY]   §r§f                         §6§lBESTIARY MILESTONE
01:58:37 [BESTIARY]   §r§f                                 §8XCVI➡§eXCVII
01:58:37 [BESTIARY] 
01:58:37 [BESTIARY] §3§l▬▬▬▬▬▬▬▬▬▬▬▬▬▬▬▬▬▬▬▬▬▬▬▬▬▬▬▬▬▬▬▬▬▬▬▬▬▬▬▬▬▬▬▬▬▬▬▬▬▬▬▬▬▬▬▬▬▬▬▬▬▬▬▬
01:59:01 [STASH_COMPACT] §f                     §7You have §a2 §7items stashed away!
01:59:01 [STASH_COMPACT] §f                §6§l>>> §6§lCLICK HERE§e to pick them up! §6§l<<<
01:59:01 [STASH_COMPACT]   
01:59:01 [STASH_COMPACT] §f                §7You have §31,856 §7materials stashed away!
01:59:01 [STASH_COMPACT] §f              §8(This totals 3 types of materials stashed!)
01:59:01 [STASH_COMPACT] §f                §3§l>>> §3§lCLICK HERE§b to pick them up! §3§l<<<
01:59:01 [STASH_COMPACT]   
02:00:01 [STASH_COMPACT] §f                     §7You have §a2 §7items stashed away!
02:00:01 [STASH_COMPACT] §f                §6§l>>> §6§lCLICK HERE§e to pick them up! §6§l<<<
02:00:01 [STASH_COMPACT]   
02:00:01 [STASH_COMPACT] §f                §7You have §31,856 §7materials stashed away!
02:00:01 [STASH_COMPACT] §f              §8(This totals 3 types of materials stashed!)
02:00:01 [STASH_COMPACT] §f                §3§l>>> §3§lCLICK HERE§b to pick them up! §3§l<<<
02:00:01 [STASH_COMPACT]   
02:01:02 [STASH_COMPACT] §f                     §7You have §a2 §7items stashed away!
02:01:02 [STASH_COMPACT] §f                §6§l>>> §6§lCLICK HERE§e to pick them up! §6§l<<<
02:01:02 [STASH_COMPACT]   
02:01:02 [STASH_COMPACT] §f                §7You have §31,856 §7materials stashed away!
02:01:02 [STASH_COMPACT] §f              §8(This totals 3 types of materials stashed!)
02:01:02 [STASH_COMPACT] §f                §3§l>>> §3§lCLICK HERE§b to pick them up! §3§l<<<
02:01:02 [STASH_COMPACT]   
02:02:02 [STASH_COMPACT] §f                     §7You have §a2 §7items stashed away!
02:02:02 [STASH_COMPACT] §f                §6§l>>> §6§lCLICK HERE§e to pick them up! §6§l<<<
02:02:02 [STASH_COMPACT]   
02:02:02 [STASH_COMPACT] §f                §7You have §31,856 §7materials stashed away!
02:02:02 [STASH_COMPACT] §f              §8(This totals 3 types of materials stashed!)
02:02:02 [STASH_COMPACT] §f                §3§l>>> §3§lCLICK HERE§b to pick them up! §3§l<<<
02:02:02 [STASH_COMPACT]   
02:03:03 [STASH_COMPACT] §f                     §7You have §a2 §7items stashed away!
02:03:03 [STASH_COMPACT] §f                §6§l>>> §6§lCLICK HERE§e to pick them up! §6§l<<<
02:03:03 [STASH_COMPACT]   
02:03:03 [STASH_COMPACT] §f                §7You have §31,856 §7materials stashed away!
02:03:03 [STASH_COMPACT] §f              §8(This totals 3 types of materials stashed!)
02:03:03 [STASH_COMPACT] §f                §3§l>>> §3§lCLICK HERE§b to pick them up! §3§l<<<
02:03:03 [STASH_COMPACT]   
02:04:04 [STASH_COMPACT] §f                     §7You have §a2 §7items stashed away!
02:04:04 [STASH_COMPACT] §f                §6§l>>> §6§lCLICK HERE§e to pick them up! §6§l<<<
02:04:04 [STASH_COMPACT]   
02:04:04 [STASH_COMPACT] §f                §7You have §31,856 §7materials stashed away!
02:04:04 [STASH_COMPACT] §f              §8(This totals 3 types of materials stashed!)
02:04:04 [STASH_COMPACT] §f                §3§l>>> §3§lCLICK HERE§b to pick them up! §3§l<<<
02:04:04 [STASH_COMPACT]   
02:05:04 [STASH_COMPACT] §f                     §7You have §a2 §7items stashed away!
02:05:04 [STASH_COMPACT] §f                §6§l>>> §6§lCLICK HERE§e to pick them up! §6§l<<<
02:05:04 [STASH_COMPACT]   
02:05:04 [STASH_COMPACT] §f                §7You have §31,856 §7materials stashed away!
02:05:04 [STASH_COMPACT] §f              §8(This totals 3 types of materials stashed!)
02:05:04 [STASH_COMPACT] §f                §3§l>>> §3§lCLICK HERE§b to pick them up! §3§l<<<
02:05:04 [STASH_COMPACT]   
02:06:05 [STASH_COMPACT] §f                     §7You have §a2 §7items stashed away!
02:06:05 [STASH_COMPACT] §f                §6§l>>> §6§lCLICK HERE§e to pick them up! §6§l<<<
02:06:05 [STASH_COMPACT]   
02:06:05 [STASH_COMPACT] §f                §7You have §31,877 §7materials stashed away!
02:06:05 [STASH_COMPACT] §f              §8(This totals 4 types of materials stashed!)
02:06:05 [STASH_COMPACT] §f                §3§l>>> §3§lCLICK HERE§b to pick them up! §3§l<<<
02:06:05 [STASH_COMPACT]   
02:07:05 [STASH_COMPACT] §f                     §7You have §a2 §7items stashed away!
02:07:05 [STASH_COMPACT] §f                §6§l>>> §6§lCLICK HERE§e to pick them up! §6§l<<<
02:07:05 [STASH_COMPACT]   
02:07:05 [STASH_COMPACT] §f                §7You have §31,877 §7materials stashed away!
02:07:05 [STASH_COMPACT] §f              §8(This totals 4 types of materials stashed!)
02:07:05 [STASH_COMPACT] §f                §3§l>>> §3§lCLICK HERE§b to pick them up! §3§l<<<
02:07:05 [STASH_COMPACT]   
02:08:06 [STASH_COMPACT] §f                     §7You have §a2 §7items stashed away!
02:08:06 [STASH_COMPACT] §f                §6§l>>> §6§lCLICK HERE§e to pick them up! §6§l<<<
02:08:06 [STASH_COMPACT]   
02:08:06 [STASH_COMPACT] §f                §7You have §31,877 §7materials stashed away!
02:08:06 [STASH_COMPACT] §f              §8(This totals 4 types of materials stashed!)
02:08:06 [STASH_COMPACT] §f                §3§l>>> §3§lCLICK HERE§b to pick them up! §3§l<<<
02:08:06 [STASH_COMPACT]   
02:09:07 [STASH_COMPACT] §f                     §7You have §a2 §7items stashed away!
02:09:07 [STASH_COMPACT] §f                §6§l>>> §6§lCLICK HERE§e to pick them up! §6§l<<<
02:09:07 [STASH_COMPACT]   
02:09:07 [STASH_COMPACT] §f                §7You have §31,877 §7materials stashed away!
02:09:07 [STASH_COMPACT] §f              §8(This totals 4 types of materials stashed!)
02:09:07 [STASH_COMPACT] §f                §3§l>>> §3§lCLICK HERE§b to pick them up! §3§l<<<
02:09:07 [STASH_COMPACT]   
02:10:07 [STASH_COMPACT] §f                     §7You have §a2 §7items stashed away!
02:10:07 [STASH_COMPACT] §f                §6§l>>> §6§lCLICK HERE§e to pick them up! §6§l<<<
02:10:07 [STASH_COMPACT]   
02:10:07 [STASH_COMPACT] §f                §7You have §31,877 §7materials stashed away!
02:10:07 [STASH_COMPACT] §f              §8(This totals 4 types of materials stashed!)
02:10:07 [STASH_COMPACT] §f                §3§l>>> §3§lCLICK HERE§b to pick them up! §3§l<<<
02:10:07 [STASH_COMPACT]   
02:10:56 [STASH_COMPACT] §f                     §7You have §a2 §7items stashed away!
02:10:56 [STASH_COMPACT] §f                §6§l>>> §6§lCLICK HERE§e to pick them up! §6§l<<<
02:10:56 [STASH_COMPACT]   
02:10:56 [STASH_COMPACT] §f                §7You have §31,877 §7materials stashed away!
02:10:56 [STASH_COMPACT] §f              §8(This totals 4 types of materials stashed!)
02:10:56 [STASH_COMPACT] §f                §3§l>>> §3§lCLICK HERE§b to pick them up! §3§l<<<
02:10:56 [STASH_COMPACT]   
02:11:18 [STASH_COMPACT] §f                     §7You have §a2 §7items stashed away!
02:11:18 [STASH_COMPACT] §f                §6§l>>> §6§lCLICK HERE§e to pick them up! §6§l<<<
02:11:18 [STASH_COMPACT]   
02:11:18 [STASH_COMPACT] §f                §7You have §31,877 §7materials stashed away!
02:11:18 [STASH_COMPACT] §f              §8(This totals 4 types of materials stashed!)
02:11:18 [STASH_COMPACT] §f                §3§l>>> §3§lCLICK HERE§b to pick them up! §3§l<<<
02:11:18 [STASH_COMPACT]   
02:11:50 [PEST_DROP] §eYou received §a44x Enchanted Cactus Green §efor killing a §2Mite§e!
02:12:17 [PEST_DROP] §eYou received §a44x Enchanted Sugar §efor killing a §2Mosquito§e!
02:12:18 [STASH_COMPACT] §f                     §7You have §a2 §7items stashed away!
02:12:18 [STASH_COMPACT] §f                §6§l>>> §6§lCLICK HERE§e to pick them up! §6§l<<<
02:12:18 [STASH_COMPACT]   
02:12:18 [STASH_COMPACT] §f                §7You have §31,877 §7materials stashed away!
02:12:18 [STASH_COMPACT] §f              §8(This totals 4 types of materials stashed!)
02:12:18 [STASH_COMPACT] §f                §3§l>>> §3§lCLICK HERE§b to pick them up! §3§l<<<
02:12:18 [STASH_COMPACT]   
02:13:18 [STASH_COMPACT] §f                     §7You have §a2 §7items stashed away!
02:13:18 [STASH_COMPACT] §f                §6§l>>> §6§lCLICK HERE§e to pick them up! §6§l<<<
02:13:18 [STASH_COMPACT]   
02:13:18 [STASH_COMPACT] §f                §7You have §31,877 §7materials stashed away!
02:13:18 [STASH_COMPACT] §f              §8(This totals 4 types of materials stashed!)
02:13:18 [STASH_COMPACT] §f                §3§l>>> §3§lCLICK HERE§b to pick them up! §3§l<<<
02:13:18 [STASH_COMPACT]   
02:13:43 [GARDEN_VISITOR_MESSAGE] §e[NPC] §9Bartender§f: §r§fI want to make some new brews, do you think you can give me some ingredients to work with?
02:14:18 [STASH_COMPACT] §f                     §7You have §a2 §7items stashed away!
02:14:18 [STASH_COMPACT] §f                §6§l>>> §6§lCLICK HERE§e to pick them up! §6§l<<<
02:14:18 [STASH_COMPACT]   
02:14:18 [STASH_COMPACT] §f                §7You have §31,877 §7materials stashed away!
02:14:18 [STASH_COMPACT] §f              §8(This totals 4 types of materials stashed!)
02:14:18 [STASH_COMPACT] §f                §3§l>>> §3§lCLICK HERE§b to pick them up! §3§l<<<
02:14:18 [STASH_COMPACT]   
02:15:18 [STASH_COMPACT] §f                     §7You have §a2 §7items stashed away!
02:15:18 [STASH_COMPACT] §f                §6§l>>> §6§lCLICK HERE§e to pick them up! §6§l<<<
02:15:18 [STASH_COMPACT]   
02:15:18 [STASH_COMPACT] §f                §7You have §31,877 §7materials stashed away!
02:15:18 [STASH_COMPACT] §f              §8(This totals 4 types of materials stashed!)
02:15:18 [STASH_COMPACT] §f                §3§l>>> §3§lCLICK HERE§b to pick them up! §3§l<<<
02:15:18 [STASH_COMPACT]   
02:16:19 [STASH_COMPACT] §f                     §7You have §a2 §7items stashed away!
02:16:19 [STASH_COMPACT] §f                §6§l>>> §6§lCLICK HERE§e to pick them up! §6§l<<<
02:16:19 [STASH_COMPACT]   
02:16:19 [STASH_COMPACT] §f                §7You have §31,877 §7materials stashed away!
02:16:19 [STASH_COMPACT] §f              §8(This totals 4 types of materials stashed!)
02:16:19 [STASH_COMPACT] §f                §3§l>>> §3§lCLICK HERE§b to pick them up! §3§l<<<
02:16:19 [STASH_COMPACT]   
