00:34:39 §e[SkyHanni] Reloaded 7531 items in the NEU repo§r
00:39:32 §e[SkyHanni] §eYou have §62 §eitems in stash. §eClick to §6pickup §eyour stash!§r
00:39:32 §e[SkyHanni] §bYou have §31.8k §bmaterials in stash, §btotalling §33 types§b. §bClick to §3pickup §byour stash!§r
00:39:35 §e[SkyHanni] Computer Time Offset calculation took longer than normal. Checking less often now.§r
00:41:15 §e[SkyHanni] §eYou have §62 §eitems in stash. §eClick to §6pickup §eyour stash!§r
00:41:16 §e[SkyHanni] §bYou have §31.8k §bmaterials in stash, §btotalling §33 types§b. §bClick to §3pickup §byour stash!§r
00:41:18 §e[SkyHanni] §b+20 SkyBlock XP §7(Skill Level Up§7)§b (82/100)§r
00:42:02 §e[SkyHanni] §b+1 SkyBlock XP §7(HOTM Progression§7)§b (83/100)§r
00:42:08 §e[SkyHanni] §b+1 SkyBlock XP §7(HOTM Progression§7)§b (84/100)§r
00:42:13 §e[SkyHanni] §b+1 SkyBlock XP §7(HOTM Progression§7)§b (85/100)§r
00:54:13 §e[SkyHanni] §b+1 SkyBlock XP §7(HOTM Progression§7)§b (87/100)§r
00:54:19 §e[SkyHanni] §b+1 SkyBlock XP §7(HOTM Progression§7)§b (88/100)§r
00:58:24 §6§lBESTIARY §r§b§lStar Sentry §7§8VIII §8➡§b §bIX§r
01:08:03 §e[SkyHanni] §b+1 SkyBlock XP §7(HOTM Progression§7)§b (10/100)§r
01:08:16 §e[SkyHanni] §b+1 SkyBlock XP §7(HOTM Progression§7)§b (11/100)§r
01:08:54 §6§lBESTIARY §r§b§lTreasure Hoarder §7§bI§r
01:19:25 §e[SkyHanni] §b+1 SkyBlock XP §7(HOTM Progression§7)§b (13/100)§r
01:54:28 §e[SkyHanni] §b+1 SkyBlock XP §7(HOTM Progression§7)§b (35/100)§r
01:54:41 §e[SkyHanni] §b+1 SkyBlock XP §7(HOTM Progression§7)§b (36/100)§r
01:58:37 §6§lBESTIARY §r§b§lGolden Goblin §7§8II §8➡§b §bIII§r
01:58:37 §e[SkyHanni] §b+1 SkyBlock XP §7(HOTM Progression§7)§b (37/100)§r
02:06:05 §e[SkyHanni] §bYou have §31.8k §bmaterials in stash, §btotalling §34 types§b. §bClick to §3pickup §byour stash!§r
02:08:38 §e[SkyHanni] §b+30 SkyBlock XP §7(Commission Milestone§7)§b (37/100)§r
02:10:56 §e[SkyHanni] §eYou have §62 §eitems in stash. §eClick to §6pickup §eyour stash!§r
02:10:56 §e[SkyHanni] §bYou have §31.8k §bmaterials in stash, §btotalling §34 types§b. §bClick to §3pickup §byour stash!§r
02:11:15 §e[SkyHanni] Successfully loaded this year's contests from elitebot.dev automatically!§r
02:11:18 §e[SkyHanni] §eYou have §62 §eitems in stash. §eClick to §6pickup §eyour stash!§r
02:11:18 §e[SkyHanni] §bYou have §31.8k §bmaterials in stash, §btotalling §34 types§b. §bClick to §3pickup §byour stash!§r
02:16:03 §e[SkyHanni] §b+1 SkyBlock XP §7(Crop Upgrades§7)§b (38/100)§r
02:16:06 §e[SkyHanni] §b+1 SkyBlock XP §7(Crop Upgrades§7)§b (39/100)§r
02:16:07 §e[SkyHanni] §b+1 SkyBlock XP §7(Crop Upgrades§7)§b (40/100)§r
02:16:08 §e[SkyHanni] §b+1 SkyBlock XP §7(Crop Upgrades§7)§b (41/100)§r
02:16:09 §e[SkyHanni] §b+1 SkyBlock XP §7(Crop Upgrades§7)§b (42/100)§r
02:16:11 §e[SkyHanni] §b+1 SkyBlock XP §7(Crop Upgrades§7)§b (43/100)§r
02:16:17 §e[SkyHanni] §b+1 SkyBlock XP §7(Crop Upgrades§7)§b (44/100)§r
02:16:20 §e[SkyHanni] §b+1 SkyBlock XP §7(Crop Upgrades§7)§b (45/100)§r
02:16:24 §e[SkyHanni] §b+1 SkyBlock XP §7(Crop Upgrades§7)§b (46/100)§r
02:16:26 §e[SkyHanni] §b+1 SkyBlock XP §7(Crop Upgrades§7)§b (47/100)§r
02:16:27 §e[SkyHanni] §b+1 SkyBlock XP §7(Crop Upgrades§7)§b (48/100)§r
02:16:28 §e[SkyHanni] §b+1 SkyBlock XP §7(Crop Upgrades§7)§b (49/100)§r
