15:31:48 PRIVATE_ISLAND
15:49:10 NONE
15:49:11 DUNGEON_HUB
15:49:21 NONE
15:49:22 HUB
15:50:01 NONE
15:50:01 DUNGEON_HUB
15:53:14 NONE
15:53:15 CATACOMBS
16:02:56 NONE
16:02:57 CATACOMBS
16:11:26 CATACOMBS
16:19:59 NONE
16:20:00 DUNGEON_HUB
16:20:14 NONE
16:20:14 CATACOMBS
16:29:58 NONE
16:29:58 CATACOMBS
16:40:27 NONE
16:40:28 DUNGEON_HUB
16:40:47 NONE
16:40:48 HUB
16:42:09 NONE
16:42:09 DUNGEON_HUB
16:50:56 NONE
16:50:57 PRIVATE_ISLAND
17:00:51 NONE
17:00:56 HUB
17:04:25 NONE
17:04:26 DUNGEON_HUB
17:04:41 NONE
17:04:42 CATACOMBS
17:07:37 NONE
17:07:38 DUNGEON_HUB
18:36:53 NONE
18:36:58 HUB
18:42:11 NONE
18:42:12 DUNGEON_HUB
18:42:32 NONE
18:42:33 CATACOMBS
19:03:13 NONE
19:03:24 PRIVATE_ISLAND
19:03:27 NONE
19:03:27 DUNGEON_HUB
19:03:54 NONE
19:03:54 CATACOMBS
19:20:29 NONE
19:20:30 DUNGEON_HUB
19:20:34 HUB
19:22:27 NONE
19:22:28 DUNGEON_HUB
19:23:26 CATACOMBS
19:31:10 NONE
19:37:42 PRIVATE_ISLAND
