21:55:13 Trying to load config from config\skyhanni\config.json
21:55:13 load-config-now
21:55:14 Loaded config from file
21:55:14 Trying to load sacks from config\skyhanni\sacks.json
21:55:14 load-sacks-now
21:55:14 Loaded sacks from file
21:55:14 Trying to load friends from config\skyhanni\friends.json
21:55:14 load-friends-now
21:55:14 Loaded friends from file
21:55:14 Trying to load known_features from config\skyhanni\known_features.json
21:55:14 load-known_features-now
21:55:14 Loaded known_features from file
21:55:14 Trying to load jacob_contests from config\skyhanni\jacob_contests.json
21:55:14 Setting jacob_contests to be blank as it did not exist. It will be saved once something is written to it
21:55:14 Trying to load visual_words from config\skyhanni\visual_words.json
21:55:14 Setting visual_words to be blank as it did not exist. It will be saved once something is written to it
21:55:14 Trying to load pets from config\skyhanni\pets.json
21:55:14 load-pets-now
21:55:14 Loaded pets from file
21:56:08 saveConfig: Updated known feature flags
21:56:08 Saving known_features file
21:56:08 Saved known_features file successfully
21:56:08 saveConfig: Updated known feature flags
21:56:08 Saving known_features file
21:56:08 Saved known_features file successfully
21:56:14 saveConfig: auto-save-60s
21:56:14 Saving config file
21:56:14 Saved config file successfully
21:56:14 saveConfig: auto-save-60s
21:56:14 Saving config file
21:56:14 Saved config file successfully
21:56:32 saveConfig: saving-data
21:56:32 Saving pets file
21:56:32 Saved pets file successfully
21:56:32 saveConfig: saving-data
21:56:32 Saving pets file
21:56:32 Saved pets file successfully
21:57:03 saveConfig: saving-data
21:57:03 Saving pets file
21:57:03 Saved pets file successfully
21:57:03 saveConfig: saving-data
21:57:03 Saving pets file
21:57:03 Saved pets file successfully
21:57:14 saveConfig: auto-save-60s
21:57:14 Saving config file
21:57:14 Saved config file successfully
21:57:14 saveConfig: auto-save-60s
21:57:14 Saving config file
21:57:14 Saved config file successfully
