21:07:33 [allowed] §f §r§r§r§f §r§r§r§1 §r§r§r§0 §r§r§r§2 §r§r§r§f §r§r§r§f §r§r§r§2 §r§r§r§0 §r§r§r§4 §r§r§r§3 §r§r§r§9 §r§r§r§2 §r§r§r§0 §r§r§r§0 §r§r§r§3 §r§r§r§9 §r§r§r§2 §r§r§r§0 §r§r§r§0 §r§r§r§3 §r§r§r§9 §r§r§r§2 §r§r§r§0 §r§r§r§0 
21:07:36 [allowed] §7americalloway§7§r§7: Finland and Finnish people should be ethnically, culturally, and linguistically North Germanic like the rest of Scandinavia.
21:07:36 [allowed] §aYou have §b32 §aunclaimed leveling rewards!
21:07:36 [allowed] §eClick here to view them!
21:07:36 [allowed] §aYou have §63 §aunclaimed achievement rewards!
21:07:36 [allowed] §eClick here to view them!
21:07:36 [allowed] §b[MVP§4+§b] AllayBoy§f §6joined the lobby!
21:07:36 [allowed] §cYou are sending commands too fast! Please slow down.
21:08:03 [allowed] §b[MVP§c+§b] TheRealCarZ§f §6joined the lobby!
21:08:04 [allowed] §7Sending to server mini242M...
21:08:05 [allowed] §8 §r§8 §r§1 §r§3 §r§3 §r§7 §r§8 
21:08:05 [allowed] 
21:08:06 [allowed] §eWelcome to §r§aHypixel SkyBlock§r§e!
21:08:06 [allowed] 
21:08:06 [allowed] §eLatest update: §bSkyBlock v0.23.2 §e§lCLICK
21:08:06 [allowed] §c ☠ §r§7§r§aFuria75§r§7 was killed by §r§5§lMage Outlaw§r§7§r§7.
21:08:06 [allowed] §aYou are playing on profile: §ePear§b (Co-op)
21:08:06 [allowed] §8Profile ID: da202b41-03b4-4acb-b131-26b3b789ffbc
21:08:06 [allowed] §cYour connection timed out to the server, so you have been routed to limbo!
21:08:06 [allowed] §cYou were spawned in Limbo.
21:08:06 [allowed] §b/limbo for more information.
21:08:09 [allowed] §f §r§r§r§f §r§r§r§1 §r§r§r§0 §r§r§r§2 §r§r§r§f §r§r§r§f §r§r§r§2 §r§r§r§0 §r§r§r§4 §r§r§r§3 §r§r§r§9 §r§r§r§2 §r§r§r§0 §r§r§r§0 §r§r§r§3 §r§r§r§9 §r§r§r§2 §r§r§r§0 §r§r§r§0 §r§r§r§3 §r§r§r§9 §r§r§r§2 §r§r§r§0 §r§r§r§0 
21:08:11 [allowed] §aYou have §b32 §aunclaimed leveling rewards!
21:08:11 [allowed] §eClick here to view them!
21:08:11 [allowed] §aYou have §63 §aunclaimed achievement rewards!
21:08:11 [allowed] §eClick here to view them!
21:08:15 [allowed] §7Sending to server mini242M...
21:08:15 [allowed] §cYou are sending commands too fast! Please slow down.
21:08:16 [allowed] §8 §r§8 §r§1 §r§3 §r§3 §r§7 §r§8 
21:08:18 [allowed] 
21:08:18 [allowed] §eWelcome to §r§aHypixel SkyBlock§r§e!
21:08:18 [allowed] 
21:08:18 [allowed] §eLatest update: §bSkyBlock v0.23.2 §e§lCLICK
21:08:18 [allowed] §aYou are playing on profile: §ePear§b (Co-op)
21:08:18 [allowed] §8Profile ID: da202b41-03b4-4acb-b131-26b3b789ffbc
21:08:19 [allowed] §cYou are sending commands too fast! Please slow down.
21:08:37 [allowed] §cYour connection timed out to the server, so you have been routed to limbo!
21:08:38 [allowed] §cYou were spawned in Limbo.
21:08:38 [allowed] §b/limbo for more information.
