00:42:44 Trying to load config from config\skyhanni\config.json
00:42:44 load-config-now
00:42:45 Loaded config from file
00:42:45 Trying to load sacks from config\skyhanni\sacks.json
00:42:45 load-sacks-now
00:42:45 Loaded sacks from file
00:42:45 Trying to load friends from config\skyhanni\friends.json
00:42:45 load-friends-now
00:42:45 Loaded friends from file
00:42:45 Trying to load known_features from config\skyhanni\known_features.json
00:42:45 load-known_features-now
00:42:45 Loaded known_features from file
00:42:45 Trying to load jacob_contests from config\skyhanni\jacob_contests.json
00:42:45 Setting jacob_contests to be blank as it did not exist. It will be saved once something is written to it
00:42:45 Trying to load visual_words from config\skyhanni\visual_words.json
00:42:45 Setting visual_words to be blank as it did not exist. It will be saved once something is written to it
00:42:45 Trying to load pets from config\skyhanni\pets.json
00:42:45 load-pets-now
00:42:45 Loaded pets from file
00:43:45 saveConfig: auto-save-60s
00:43:45 Saving config file
00:43:45 Saved config file successfully
00:43:45 saveConfig: auto-save-60s
00:43:45 Saving config file
00:43:45 Saved config file successfully
00:44:45 saveConfig: auto-save-60s
00:44:45 Saving config file
00:44:45 Saved config file successfully
00:44:45 saveConfig: auto-save-60s
00:44:45 Saving config file
00:44:45 Saved config file successfully
00:45:45 saveConfig: auto-save-60s
00:45:45 Saving config file
00:45:45 Saved config file successfully
00:45:45 saveConfig: auto-save-60s
00:45:45 Saving config file
00:45:45 Saved config file successfully
00:46:25 saveConfig: Updated known feature flags
00:46:25 Saving known_features file
00:46:25 Saved known_features file successfully
00:46:25 saveConfig: Updated known feature flags
00:46:25 Saving known_features file
00:46:25 Saved known_features file successfully
00:46:45 saveConfig: auto-save-60s
00:46:45 Saving config file
00:46:45 Saved config file successfully
00:46:45 saveConfig: auto-save-60s
00:46:45 Saving config file
00:46:45 Saved config file successfully
00:47:45 saveConfig: auto-save-60s
00:47:45 Saving config file
00:47:45 Saved config file successfully
00:47:45 saveConfig: auto-save-60s
00:47:45 Saving config file
00:47:45 Saved config file successfully
00:48:45 saveConfig: auto-save-60s
00:48:45 Saving config file
00:48:45 Saved config file successfully
00:48:45 saveConfig: auto-save-60s
00:48:45 Saving config file
00:48:45 Saved config file successfully
00:49:45 saveConfig: auto-save-60s
00:49:45 Saving config file
00:49:45 Saved config file successfully
00:49:45 saveConfig: auto-save-60s
00:49:45 Saving config file
00:49:45 Saved config file successfully
00:50:45 saveConfig: auto-save-60s
00:50:45 Saving config file
00:50:45 Saved config file successfully
00:50:45 saveConfig: auto-save-60s
00:50:45 Saving config file
00:50:45 Saved config file successfully
00:51:45 saveConfig: auto-save-60s
00:51:45 Saving config file
00:51:45 Saved config file successfully
00:51:45 saveConfig: auto-save-60s
00:51:45 Saving config file
00:51:45 Saved config file successfully
00:52:45 saveConfig: auto-save-60s
00:52:45 Saving config file
00:52:45 Saved config file successfully
00:52:45 saveConfig: auto-save-60s
00:52:45 Saving config file
00:52:45 Saved config file successfully
00:53:45 saveConfig: auto-save-60s
00:53:45 Saving config file
00:53:45 Saved config file successfully
00:53:45 saveConfig: auto-save-60s
00:53:45 Saving config file
00:53:45 Saved config file successfully
00:54:45 saveConfig: auto-save-60s
00:54:45 Saving config file
00:54:45 Saved config file successfully
00:54:45 saveConfig: auto-save-60s
00:54:45 Saving config file
00:54:45 Saved config file successfully
00:55:45 saveConfig: auto-save-60s
00:55:45 Saving config file
00:55:45 Saved config file successfully
00:55:45 saveConfig: auto-save-60s
00:55:45 Saving config file
00:55:45 Saved config file successfully
00:56:45 saveConfig: auto-save-60s
00:56:45 Saving config file
00:56:45 Saved config file successfully
00:56:45 saveConfig: auto-save-60s
00:56:45 Saving config file
00:56:45 Saved config file successfully
00:57:45 saveConfig: auto-save-60s
00:57:45 Saving config file
00:57:45 Saved config file successfully
00:57:45 saveConfig: auto-save-60s
00:57:45 Saving config file
00:57:45 Saved config file successfully
00:58:45 saveConfig: auto-save-60s
00:58:45 Saving config file
00:58:45 Saved config file successfully
00:58:45 saveConfig: auto-save-60s
00:58:45 Saving config file
00:58:45 Saved config file successfully
00:59:45 saveConfig: auto-save-60s
00:59:45 Saving config file
00:59:45 Saved config file successfully
00:59:45 saveConfig: auto-save-60s
00:59:45 Saving config file
00:59:45 Saved config file successfully
01:00:45 saveConfig: auto-save-60s
01:00:45 Saving config file
01:00:45 Saved config file successfully
01:00:45 saveConfig: auto-save-60s
01:00:45 Saving config file
01:00:45 Saved config file successfully
01:01:45 saveConfig: auto-save-60s
01:01:45 Saving config file
01:01:45 Saved config file successfully
01:01:45 saveConfig: auto-save-60s
01:01:45 Saving config file
01:01:45 Saved config file successfully
01:02:45 saveConfig: auto-save-60s
01:02:45 Saving config file
01:02:45 Saved config file successfully
01:02:45 saveConfig: auto-save-60s
01:02:45 Saving config file
01:02:45 Saved config file successfully
01:03:45 saveConfig: auto-save-60s
01:03:45 Saving config file
01:03:45 Saved config file successfully
01:03:45 saveConfig: auto-save-60s
01:03:45 Saving config file
01:03:45 Saved config file successfully
01:04:45 saveConfig: auto-save-60s
01:04:45 Saving config file
01:04:45 Saved config file successfully
01:04:45 saveConfig: auto-save-60s
01:04:45 Saving config file
01:04:45 Saved config file successfully
01:05:45 saveConfig: auto-save-60s
01:05:45 Saving config file
01:05:45 Saved config file successfully
01:05:45 saveConfig: auto-save-60s
01:05:45 Saving config file
01:05:45 Saved config file successfully
01:06:45 saveConfig: auto-save-60s
01:06:45 Saving config file
01:06:45 Saved config file successfully
01:06:45 saveConfig: auto-save-60s
01:06:45 Saving config file
01:06:45 Saved config file successfully
01:07:45 saveConfig: auto-save-60s
01:07:45 Saving config file
01:07:45 Saved config file successfully
01:07:45 saveConfig: auto-save-60s
01:07:45 Saving config file
01:07:45 Saved config file successfully
01:08:45 saveConfig: auto-save-60s
01:08:45 Saving config file
01:08:45 Saved config file successfully
01:08:45 saveConfig: auto-save-60s
01:08:45 Saving config file
01:08:45 Saved config file successfully
01:09:45 saveConfig: auto-save-60s
01:09:45 Saving config file
01:09:45 Saved config file successfully
01:09:45 saveConfig: auto-save-60s
01:09:45 Saving config file
01:09:45 Saved config file successfully
01:10:45 saveConfig: auto-save-60s
01:10:45 Saving config file
01:10:45 Saved config file successfully
01:10:45 saveConfig: auto-save-60s
01:10:45 Saving config file
01:10:45 Saved config file successfully
01:11:45 saveConfig: auto-save-60s
01:11:45 Saving config file
01:11:45 Saved config file successfully
01:11:45 saveConfig: auto-save-60s
01:11:45 Saving config file
01:11:45 Saved config file successfully
01:12:45 saveConfig: auto-save-60s
01:12:45 Saving config file
01:12:45 Saved config file successfully
01:12:45 saveConfig: auto-save-60s
01:12:45 Saving config file
01:12:45 Saved config file successfully
01:13:45 saveConfig: auto-save-60s
01:13:45 Saving config file
01:13:45 Saved config file successfully
01:13:45 saveConfig: auto-save-60s
01:13:45 Saving config file
01:13:45 Saved config file successfully
01:14:45 saveConfig: auto-save-60s
01:14:45 Saving config file
01:14:45 Saved config file successfully
01:14:45 saveConfig: auto-save-60s
01:14:45 Saving config file
01:14:45 Saved config file successfully
01:15:45 saveConfig: auto-save-60s
01:15:45 Saving config file
01:15:45 Saved config file successfully
01:15:45 saveConfig: auto-save-60s
01:15:45 Saving config file
01:15:45 Saved config file successfully
01:16:21 saveConfig: saving-data
01:16:21 Saving pets file
01:16:21 Saved pets file successfully
01:16:21 saveConfig: saving-data
01:16:21 Saving pets file
01:16:21 Saved pets file successfully
01:16:45 saveConfig: auto-save-60s
01:16:45 Saving config file
01:16:45 Saved config file successfully
01:16:45 saveConfig: auto-save-60s
01:16:45 Saving config file
01:16:45 Saved config file successfully
01:16:52 saveConfig: saving-data
01:16:52 Saving pets file
01:16:52 Saved pets file successfully
01:16:52 saveConfig: saving-data
01:16:52 Saving pets file
01:16:52 Saved pets file successfully
01:17:45 saveConfig: auto-save-60s
01:17:45 Saving config file
01:17:45 Saved config file successfully
01:17:45 saveConfig: auto-save-60s
01:17:45 Saving config file
01:17:45 Saved config file successfully
01:18:45 saveConfig: auto-save-60s
01:18:45 Saving config file
01:18:45 Saved config file successfully
01:18:45 saveConfig: auto-save-60s
01:18:45 Saving config file
01:18:45 Saved config file successfully
01:19:45 saveConfig: auto-save-60s
01:19:45 Saving config file
01:19:45 Saved config file successfully
01:19:45 saveConfig: auto-save-60s
01:19:45 Saving config file
01:19:45 Saved config file successfully
01:20:45 saveConfig: auto-save-60s
01:20:45 Saving config file
01:20:45 Saved config file successfully
01:20:45 saveConfig: auto-save-60s
01:20:45 Saving config file
01:20:45 Saved config file successfully
01:21:45 saveConfig: auto-save-60s
01:21:45 Saving config file
01:21:45 Saved config file successfully
01:21:45 saveConfig: auto-save-60s
01:21:45 Saving config file
01:21:45 Saved config file successfully
01:22:45 saveConfig: auto-save-60s
01:22:45 Saving config file
01:22:45 Saved config file successfully
01:22:45 saveConfig: auto-save-60s
01:22:45 Saving config file
01:22:45 Saved config file successfully
01:23:45 saveConfig: auto-save-60s
01:23:45 Saving config file
01:23:45 Saved config file successfully
01:23:45 saveConfig: auto-save-60s
01:23:45 Saving config file
01:23:45 Saved config file successfully
01:24:45 saveConfig: auto-save-60s
01:24:45 Saving config file
01:24:45 Saved config file successfully
01:24:45 saveConfig: auto-save-60s
01:24:45 Saving config file
01:24:45 Saved config file successfully
01:25:45 saveConfig: auto-save-60s
01:25:45 Saving config file
01:25:45 Saved config file successfully
01:25:45 saveConfig: auto-save-60s
01:25:45 Saving config file
01:25:45 Saved config file successfully
01:26:45 saveConfig: auto-save-60s
01:26:45 Saving config file
01:26:45 Saved config file successfully
01:26:45 saveConfig: auto-save-60s
01:26:45 Saving config file
01:26:45 Saved config file successfully
01:27:45 saveConfig: auto-save-60s
01:27:45 Saving config file
01:27:45 Saved config file successfully
01:27:45 saveConfig: auto-save-60s
01:27:45 Saving config file
01:27:45 Saved config file successfully
01:28:45 saveConfig: auto-save-60s
01:28:45 Saving config file
01:28:45 Saved config file successfully
01:28:45 saveConfig: auto-save-60s
01:28:45 Saving config file
01:28:45 Saved config file successfully
01:28:51 saveConfig: saving-data
01:28:51 Saving pets file
01:28:51 Saved pets file successfully
01:28:51 saveConfig: saving-data
01:28:51 Saving pets file
01:28:51 Saved pets file successfully
01:29:22 saveConfig: saving-data
01:29:22 Saving pets file
01:29:22 Saved pets file successfully
01:29:22 saveConfig: saving-data
01:29:22 Saving pets file
01:29:22 Saved pets file successfully
01:29:45 saveConfig: auto-save-60s
01:29:45 Saving config file
01:29:45 Saved config file successfully
01:29:45 saveConfig: auto-save-60s
01:29:45 Saving config file
01:29:45 Saved config file successfully
01:30:45 saveConfig: auto-save-60s
01:30:45 Saving config file
01:30:45 Saved config file successfully
01:30:45 saveConfig: auto-save-60s
01:30:45 Saving config file
01:30:45 Saved config file successfully
01:31:45 saveConfig: auto-save-60s
01:31:45 Saving config file
01:31:45 Saved config file successfully
01:31:45 saveConfig: auto-save-60s
01:31:45 Saving config file
01:31:45 Saved config file successfully
01:32:45 saveConfig: auto-save-60s
01:32:45 Saving config file
01:32:45 Saved config file successfully
01:32:45 saveConfig: auto-save-60s
01:32:45 Saving config file
01:32:45 Saved config file successfully
01:33:45 saveConfig: auto-save-60s
01:33:45 Saving config file
01:33:45 Saved config file successfully
01:33:45 saveConfig: auto-save-60s
01:33:45 Saving config file
01:33:45 Saved config file successfully
01:34:45 saveConfig: auto-save-60s
01:34:45 Saving config file
01:34:45 Saved config file successfully
01:34:45 saveConfig: auto-save-60s
01:34:45 Saving config file
01:34:45 Saved config file successfully
01:35:45 saveConfig: auto-save-60s
01:35:45 Saving config file
01:35:45 Saved config file successfully
01:35:45 saveConfig: auto-save-60s
01:35:45 Saving config file
01:35:45 Saved config file successfully
01:36:45 saveConfig: auto-save-60s
01:36:45 Saving config file
01:36:45 Saved config file successfully
01:36:45 saveConfig: auto-save-60s
01:36:45 Saving config file
01:36:45 Saved config file successfully
01:37:45 saveConfig: auto-save-60s
01:37:45 Saving config file
01:37:45 Saved config file successfully
01:37:45 saveConfig: auto-save-60s
01:37:45 Saving config file
01:37:45 Saved config file successfully
01:38:05 saveConfig: saving-data
01:38:05 Saving pets file
01:38:05 Saved pets file successfully
01:38:05 saveConfig: saving-data
01:38:05 Saving pets file
01:38:05 Saved pets file successfully
01:38:45 saveConfig: auto-save-60s
01:38:45 Saving config file
01:38:45 Saved config file successfully
01:38:45 saveConfig: auto-save-60s
01:38:45 Saving config file
01:38:45 Saved config file successfully
01:39:45 saveConfig: auto-save-60s
01:39:45 Saving config file
01:39:45 Saved config file successfully
01:39:45 saveConfig: auto-save-60s
01:39:45 Saving config file
01:39:45 Saved config file successfully
01:40:45 saveConfig: auto-save-60s
01:40:45 Saving config file
01:40:45 Saved config file successfully
01:40:45 saveConfig: auto-save-60s
01:40:45 Saving config file
01:40:45 Saved config file successfully
01:41:45 saveConfig: auto-save-60s
01:41:45 Saving config file
01:41:45 Saved config file successfully
01:41:45 saveConfig: auto-save-60s
01:41:45 Saving config file
01:41:45 Saved config file successfully
01:42:45 saveConfig: auto-save-60s
01:42:45 Saving config file
01:42:45 Saved config file successfully
01:42:45 saveConfig: auto-save-60s
01:42:45 Saving config file
01:42:45 Saved config file successfully
01:43:45 saveConfig: auto-save-60s
01:43:45 Saving config file
01:43:45 Saved config file successfully
01:43:45 saveConfig: auto-save-60s
01:43:45 Saving config file
01:43:45 Saved config file successfully
01:44:45 saveConfig: auto-save-60s
01:44:45 Saving config file
01:44:45 Saved config file successfully
01:44:45 saveConfig: auto-save-60s
01:44:45 Saving config file
01:44:45 Saved config file successfully
01:45:45 saveConfig: auto-save-60s
01:45:45 Saving config file
01:45:45 Saved config file successfully
01:45:45 saveConfig: auto-save-60s
01:45:45 Saving config file
01:45:45 Saved config file successfully
01:46:45 saveConfig: auto-save-60s
01:46:45 Saving config file
01:46:45 Saved config file successfully
01:46:45 saveConfig: auto-save-60s
01:46:45 Saving config file
01:46:45 Saved config file successfully
01:47:45 saveConfig: auto-save-60s
01:47:45 Saving config file
01:47:45 Saved config file successfully
01:47:45 saveConfig: auto-save-60s
01:47:45 Saving config file
01:47:45 Saved config file successfully
01:48:45 saveConfig: auto-save-60s
01:48:45 Saving config file
01:48:45 Saved config file successfully
01:48:45 saveConfig: auto-save-60s
01:48:45 Saving config file
01:48:45 Saved config file successfully
01:49:45 saveConfig: auto-save-60s
01:49:45 Saving config file
01:49:45 Saved config file successfully
01:49:45 saveConfig: auto-save-60s
01:49:45 Saving config file
01:49:45 Saved config file successfully
01:50:45 saveConfig: auto-save-60s
01:50:45 Saving config file
01:50:45 Saved config file successfully
01:50:45 saveConfig: auto-save-60s
01:50:45 Saving config file
01:50:45 Saved config file successfully
01:51:31 saveConfig: saving-data
01:51:31 Saving pets file
01:51:31 Saved pets file successfully
01:51:31 saveConfig: saving-data
01:51:31 Saving pets file
01:51:31 Saved pets file successfully
01:51:45 saveConfig: auto-save-60s
01:51:45 Saving config file
01:51:45 Saved config file successfully
01:51:45 saveConfig: auto-save-60s
01:51:45 Saving config file
01:51:45 Saved config file successfully
01:52:02 saveConfig: saving-data
01:52:02 Saving pets file
01:52:02 Saved pets file successfully
01:52:02 saveConfig: saving-data
01:52:02 Saving pets file
01:52:02 Saved pets file successfully
01:52:45 saveConfig: auto-save-60s
01:52:45 Saving config file
01:52:45 Saved config file successfully
01:52:45 saveConfig: auto-save-60s
01:52:45 Saving config file
01:52:45 Saved config file successfully
01:53:45 saveConfig: auto-save-60s
01:53:45 Saving config file
01:53:45 Saved config file successfully
01:53:45 saveConfig: auto-save-60s
01:53:45 Saving config file
01:53:45 Saved config file successfully
01:53:56 saveConfig: saving-data
01:53:56 Saving pets file
01:53:56 Saved pets file successfully
01:53:56 saveConfig: saving-data
01:53:56 Saving pets file
01:53:56 Saved pets file successfully
01:54:27 saveConfig: saving-data
01:54:27 Saving pets file
01:54:27 Saved pets file successfully
01:54:27 saveConfig: saving-data
01:54:27 Saving pets file
01:54:27 Saved pets file successfully
01:54:45 saveConfig: auto-save-60s
01:54:45 Saving config file
01:54:45 Saved config file successfully
01:54:45 saveConfig: auto-save-60s
01:54:45 Saving config file
01:54:45 Saved config file successfully
01:55:45 saveConfig: auto-save-60s
01:55:45 Saving config file
01:55:45 Saved config file successfully
01:55:45 saveConfig: auto-save-60s
01:55:45 Saving config file
01:55:45 Saved config file successfully
01:56:26 saveConfig: saving-data
01:56:26 Saving pets file
01:56:26 Saved pets file successfully
01:56:26 saveConfig: saving-data
01:56:26 Saving pets file
01:56:26 Saved pets file successfully
01:56:45 saveConfig: auto-save-60s
01:56:45 Saving config file
01:56:45 Saved config file successfully
01:56:45 saveConfig: auto-save-60s
01:56:45 Saving config file
01:56:45 Saved config file successfully
01:56:57 saveConfig: saving-data
01:56:57 Saving pets file
01:56:57 Saved pets file successfully
01:56:57 saveConfig: saving-data
01:56:57 Saving pets file
01:56:57 Saved pets file successfully
01:57:28 saveConfig: saving-data
01:57:28 Saving pets file
01:57:28 Saved pets file successfully
01:57:28 saveConfig: saving-data
01:57:28 Saving pets file
01:57:28 Saved pets file successfully
01:57:45 saveConfig: auto-save-60s
01:57:45 Saving config file
01:57:45 Saved config file successfully
01:57:45 saveConfig: auto-save-60s
01:57:45 Saving config file
01:57:45 Saved config file successfully
01:58:45 saveConfig: auto-save-60s
01:58:45 Saving config file
01:58:45 Saved config file successfully
01:58:45 saveConfig: auto-save-60s
01:58:45 Saving config file
01:58:45 Saved config file successfully
01:59:45 saveConfig: auto-save-60s
01:59:45 Saving config file
01:59:45 Saved config file successfully
01:59:45 saveConfig: auto-save-60s
01:59:45 Saving config file
01:59:45 Saved config file successfully
02:00:45 saveConfig: auto-save-60s
02:00:45 Saving config file
02:00:45 Saved config file successfully
02:00:45 saveConfig: auto-save-60s
02:00:45 Saving config file
02:00:45 Saved config file successfully
02:01:45 saveConfig: auto-save-60s
02:01:45 Saving config file
02:01:45 Saved config file successfully
02:01:45 saveConfig: auto-save-60s
02:01:45 Saving config file
02:01:45 Saved config file successfully
02:02:45 saveConfig: auto-save-60s
02:02:45 Saving config file
02:02:45 Saved config file successfully
02:02:45 saveConfig: auto-save-60s
02:02:45 Saving config file
02:02:45 Saved config file successfully
02:03:45 saveConfig: auto-save-60s
02:03:45 Saving config file
02:03:45 Saved config file successfully
02:03:45 saveConfig: auto-save-60s
02:03:45 Saving config file
02:03:45 Saved config file successfully
02:04:45 saveConfig: auto-save-60s
02:04:45 Saving config file
02:04:45 Saved config file successfully
02:04:45 saveConfig: auto-save-60s
02:04:45 Saving config file
02:04:45 Saved config file successfully
02:05:45 saveConfig: auto-save-60s
02:05:45 Saving config file
02:05:45 Saved config file successfully
02:05:45 saveConfig: auto-save-60s
02:05:45 Saving config file
02:05:45 Saved config file successfully
02:06:45 saveConfig: auto-save-60s
02:06:45 Saving config file
02:06:45 Saved config file successfully
02:06:45 saveConfig: auto-save-60s
02:06:45 Saving config file
02:06:45 Saved config file successfully
02:07:45 saveConfig: auto-save-60s
02:07:45 Saving config file
02:07:45 Saved config file successfully
02:07:45 saveConfig: auto-save-60s
02:07:45 Saving config file
02:07:45 Saved config file successfully
02:08:45 saveConfig: auto-save-60s
02:08:45 Saving config file
02:08:45 Saved config file successfully
02:08:45 saveConfig: auto-save-60s
02:08:45 Saving config file
02:08:45 Saved config file successfully
02:09:45 saveConfig: auto-save-60s
02:09:45 Saving config file
02:09:45 Saved config file successfully
02:09:45 saveConfig: auto-save-60s
02:09:45 Saving config file
02:09:45 Saved config file successfully
02:10:45 saveConfig: auto-save-60s
02:10:45 Saving config file
02:10:45 Saved config file successfully
02:10:45 saveConfig: auto-save-60s
02:10:45 Saving config file
02:10:45 Saved config file successfully
02:11:45 saveConfig: auto-save-60s
02:11:45 Saving config file
02:11:45 Saved config file successfully
02:11:45 saveConfig: auto-save-60s
02:11:45 Saving config file
02:11:45 Saved config file successfully
02:12:45 saveConfig: auto-save-60s
02:12:45 Saving config file
02:12:45 Saved config file successfully
02:12:45 saveConfig: auto-save-60s
02:12:45 Saving config file
02:12:45 Saved config file successfully
02:12:59 saveConfig: saving-data
02:12:59 Saving pets file
02:12:59 Saved pets file successfully
02:12:59 saveConfig: saving-data
02:12:59 Saving pets file
02:12:59 Saved pets file successfully
02:13:30 saveConfig: saving-data
02:13:30 Saving pets file
02:13:30 Saved pets file successfully
02:13:30 saveConfig: saving-data
02:13:30 Saving pets file
02:13:30 Saved pets file successfully
02:13:45 saveConfig: auto-save-60s
02:13:45 Saving config file
02:13:45 Saved config file successfully
02:13:45 saveConfig: auto-save-60s
02:13:45 Saving config file
02:13:45 Saved config file successfully
02:14:45 saveConfig: auto-save-60s
02:14:45 Saving config file
02:14:45 Saved config file successfully
02:14:45 saveConfig: auto-save-60s
02:14:45 Saving config file
02:14:45 Saved config file successfully
02:14:59 saveConfig: saving-data
02:14:59 Saving pets file
02:14:59 Saved pets file successfully
02:14:59 saveConfig: saving-data
02:14:59 Saving pets file
02:14:59 Saved pets file successfully
02:15:45 saveConfig: auto-save-60s
02:15:45 Saving config file
02:15:45 Saved config file successfully
02:15:45 saveConfig: auto-save-60s
02:15:45 Saving config file
02:15:45 Saved config file successfully
02:16:45 saveConfig: auto-save-60s
02:16:45 Saving config file
02:16:45 Saved config file successfully
02:16:45 saveConfig: auto-save-60s
02:16:45 Saving config file
02:16:45 Saved config file successfully
02:17:45 saveConfig: auto-save-60s
02:17:45 Saving config file
02:17:45 Saved config file successfully
02:17:45 saveConfig: auto-save-60s
02:17:45 Saving config file
02:17:45 Saved config file successfully
02:18:45 saveConfig: auto-save-60s
02:18:45 Saving config file
02:18:45 Saved config file successfully
02:18:45 saveConfig: auto-save-60s
02:18:45 Saving config file
02:18:45 Saved config file successfully
02:19:45 saveConfig: auto-save-60s
02:19:45 Saving config file
02:19:45 Saved config file successfully
02:19:45 saveConfig: auto-save-60s
02:19:45 Saving config file
02:19:45 Saved config file successfully
02:20:45 saveConfig: auto-save-60s
02:20:45 Saving config file
02:20:45 Saved config file successfully
02:20:45 saveConfig: auto-save-60s
02:20:45 Saving config file
02:20:45 Saved config file successfully
02:21:45 saveConfig: auto-save-60s
02:21:45 Saving config file
02:21:45 Saved config file successfully
02:21:45 saveConfig: auto-save-60s
02:21:45 Saving config file
02:21:45 Saved config file successfully
02:22:45 saveConfig: auto-save-60s
02:22:45 Saving config file
02:22:45 Saved config file successfully
02:22:45 saveConfig: auto-save-60s
02:22:45 Saving config file
02:22:45 Saved config file successfully
02:23:45 saveConfig: auto-save-60s
02:23:45 Saving config file
02:23:45 Saved config file successfully
02:23:45 saveConfig: auto-save-60s
02:23:45 Saving config file
02:23:45 Saved config file successfully
02:24:45 saveConfig: auto-save-60s
02:24:45 Saving config file
02:24:45 Saved config file successfully
02:24:45 saveConfig: auto-save-60s
02:24:45 Saving config file
02:24:45 Saved config file successfully
02:25:35 saveConfig: saving-data
02:25:35 Saving pets file
02:25:35 Saved pets file successfully
02:25:35 saveConfig: saving-data
02:25:35 Saving pets file
02:25:35 Saved pets file successfully
02:25:45 saveConfig: auto-save-60s
02:25:45 Saving config file
02:25:45 Saved config file successfully
02:25:45 saveConfig: auto-save-60s
02:25:45 Saving config file
02:25:45 Saved config file successfully
02:26:45 saveConfig: auto-save-60s
02:26:45 Saving config file
02:26:45 Saved config file successfully
02:26:45 saveConfig: auto-save-60s
02:26:45 Saving config file
02:26:45 Saved config file successfully
02:27:45 saveConfig: auto-save-60s
02:27:45 Saving config file
02:27:45 Saved config file successfully
02:27:45 saveConfig: auto-save-60s
02:27:45 Saving config file
02:27:45 Saved config file successfully
02:28:45 saveConfig: auto-save-60s
02:28:45 Saving config file
02:28:45 Saved config file successfully
02:28:45 saveConfig: auto-save-60s
02:28:45 Saving config file
02:28:45 Saved config file successfully
02:29:45 saveConfig: auto-save-60s
02:29:45 Saving config file
02:29:45 Saved config file successfully
02:29:45 saveConfig: auto-save-60s
02:29:45 Saving config file
02:29:45 Saved config file successfully
02:30:45 saveConfig: auto-save-60s
02:30:45 Saving config file
02:30:45 Saved config file successfully
02:30:45 saveConfig: auto-save-60s
02:30:45 Saving config file
02:30:45 Saved config file successfully
02:31:45 saveConfig: auto-save-60s
02:31:45 Saving config file
02:31:45 Saved config file successfully
02:31:45 saveConfig: auto-save-60s
02:31:45 Saving config file
02:31:45 Saved config file successfully
02:32:45 saveConfig: auto-save-60s
02:32:45 Saving config file
02:32:45 Saved config file successfully
02:32:45 saveConfig: auto-save-60s
02:32:45 Saving config file
02:32:45 Saved config file successfully
02:33:45 saveConfig: auto-save-60s
02:33:45 Saving config file
02:33:45 Saved config file successfully
02:33:45 saveConfig: auto-save-60s
02:33:45 Saving config file
02:33:45 Saved config file successfully
02:34:45 saveConfig: auto-save-60s
02:34:45 Saving config file
02:34:45 Saved config file successfully
02:34:45 saveConfig: auto-save-60s
02:34:45 Saving config file
02:34:45 Saved config file successfully
02:35:45 saveConfig: auto-save-60s
02:35:45 Saving config file
02:35:45 Saved config file successfully
02:35:45 saveConfig: auto-save-60s
02:35:45 Saving config file
02:35:45 Saved config file successfully
02:36:45 saveConfig: auto-save-60s
02:36:45 Saving config file
02:36:45 Saved config file successfully
02:36:45 saveConfig: auto-save-60s
02:36:45 Saving config file
02:36:45 Saved config file successfully
02:37:45 saveConfig: auto-save-60s
02:37:45 Saving config file
02:37:45 Saved config file successfully
02:37:45 saveConfig: auto-save-60s
02:37:45 Saving config file
02:37:45 Saved config file successfully
02:38:45 saveConfig: auto-save-60s
02:38:45 Saving config file
02:38:45 Saved config file successfully
02:38:45 saveConfig: auto-save-60s
02:38:45 Saving config file
02:38:45 Saved config file successfully
02:39:45 saveConfig: auto-save-60s
02:39:45 Saving config file
02:39:45 Saved config file successfully
02:39:45 saveConfig: auto-save-60s
02:39:45 Saving config file
02:39:45 Saved config file successfully
02:40:45 saveConfig: auto-save-60s
02:40:45 Saving config file
02:40:45 Saved config file successfully
02:40:45 saveConfig: auto-save-60s
02:40:45 Saving config file
02:40:45 Saved config file successfully
02:41:45 saveConfig: auto-save-60s
02:41:45 Saving config file
02:41:45 Saved config file successfully
02:41:45 saveConfig: auto-save-60s
02:41:45 Saving config file
02:41:45 Saved config file successfully
02:41:53 saveConfig: saving-data
02:41:53 Saving pets file
02:41:53 Saved pets file successfully
02:41:53 saveConfig: saving-data
02:41:53 Saving pets file
02:41:53 Saved pets file successfully
02:42:45 saveConfig: auto-save-60s
02:42:45 Saving config file
02:42:45 Saved config file successfully
02:42:45 saveConfig: auto-save-60s
02:42:45 Saving config file
02:42:45 Saved config file successfully
02:43:45 saveConfig: auto-save-60s
02:43:45 Saving config file
02:43:45 Saved config file successfully
02:43:45 saveConfig: auto-save-60s
02:43:45 Saving config file
02:43:45 Saved config file successfully
02:44:45 saveConfig: auto-save-60s
02:44:45 Saving config file
02:44:45 Saved config file successfully
02:44:45 saveConfig: auto-save-60s
02:44:45 Saving config file
02:44:45 Saved config file successfully
02:45:45 saveConfig: auto-save-60s
02:45:45 Saving config file
02:45:45 Saved config file successfully
02:45:45 saveConfig: auto-save-60s
02:45:45 Saving config file
02:45:45 Saved config file successfully
02:46:45 saveConfig: auto-save-60s
02:46:45 Saving config file
02:46:45 Saved config file successfully
02:46:45 saveConfig: auto-save-60s
02:46:45 Saving config file
02:46:45 Saved config file successfully
02:47:45 saveConfig: auto-save-60s
02:47:45 Saving config file
02:47:45 Saved config file successfully
02:47:45 saveConfig: auto-save-60s
02:47:45 Saving config file
02:47:45 Saved config file successfully
02:48:45 saveConfig: auto-save-60s
02:48:45 Saving config file
02:48:45 Saved config file successfully
02:48:45 saveConfig: auto-save-60s
02:48:45 Saving config file
02:48:45 Saved config file successfully
02:49:45 saveConfig: auto-save-60s
02:49:45 Saving config file
02:49:45 Saved config file successfully
02:49:45 saveConfig: auto-save-60s
02:49:45 Saving config file
02:49:45 Saved config file successfully
02:50:45 saveConfig: auto-save-60s
02:50:45 Saving config file
02:50:45 Saved config file successfully
02:50:45 saveConfig: auto-save-60s
02:50:45 Saving config file
02:50:45 Saved config file successfully
02:51:45 saveConfig: auto-save-60s
02:51:45 Saving config file
02:51:45 Saved config file successfully
02:51:45 saveConfig: auto-save-60s
02:51:45 Saving config file
02:51:45 Saved config file successfully
02:52:45 saveConfig: auto-save-60s
02:52:45 Saving config file
02:52:45 Saved config file successfully
02:52:45 saveConfig: auto-save-60s
02:52:45 Saving config file
02:52:45 Saved config file successfully
02:53:45 saveConfig: auto-save-60s
02:53:45 Saving config file
02:53:45 Saved config file successfully
02:53:45 saveConfig: auto-save-60s
02:53:45 Saving config file
02:53:45 Saved config file successfully
02:54:40 saveConfig: saving-data
02:54:40 Saving pets file
02:54:40 Saved pets file successfully
02:54:40 saveConfig: saving-data
02:54:40 Saving pets file
02:54:40 Saved pets file successfully
02:54:45 saveConfig: auto-save-60s
02:54:45 Saving config file
02:54:45 Saved config file successfully
02:54:45 saveConfig: auto-save-60s
02:54:45 Saving config file
02:54:45 Saved config file successfully
02:55:11 saveConfig: saving-data
02:55:11 Saving pets file
02:55:11 Saved pets file successfully
02:55:11 saveConfig: saving-data
02:55:11 Saving pets file
02:55:11 Saved pets file successfully
02:55:45 saveConfig: auto-save-60s
02:55:45 Saving config file
02:55:45 Saved config file successfully
02:55:45 saveConfig: auto-save-60s
02:55:45 Saving config file
02:55:45 Saved config file successfully
02:56:45 saveConfig: auto-save-60s
02:56:45 Saving config file
02:56:45 Saved config file successfully
02:56:45 saveConfig: auto-save-60s
02:56:45 Saving config file
02:56:45 Saved config file successfully
02:57:45 saveConfig: auto-save-60s
02:57:45 Saving config file
02:57:45 Saved config file successfully
02:57:45 saveConfig: auto-save-60s
02:57:45 Saving config file
02:57:45 Saved config file successfully
02:58:45 saveConfig: auto-save-60s
02:58:45 Saving config file
02:58:45 Saved config file successfully
02:58:45 saveConfig: auto-save-60s
02:58:45 Saving config file
02:58:45 Saved config file successfully
02:59:45 saveConfig: auto-save-60s
02:59:45 Saving config file
02:59:45 Saved config file successfully
02:59:45 saveConfig: auto-save-60s
02:59:45 Saving config file
02:59:45 Saved config file successfully
03:00:45 saveConfig: auto-save-60s
03:00:45 Saving config file
03:00:45 Saved config file successfully
03:00:45 saveConfig: auto-save-60s
03:00:45 Saving config file
03:00:45 Saved config file successfully
03:01:45 saveConfig: auto-save-60s
03:01:45 Saving config file
03:01:45 Saved config file successfully
03:01:45 saveConfig: auto-save-60s
03:01:45 Saving config file
03:01:45 Saved config file successfully
03:02:45 saveConfig: auto-save-60s
03:02:45 Saving config file
03:02:45 Saved config file successfully
03:02:45 saveConfig: auto-save-60s
03:02:45 Saving config file
03:02:45 Saved config file successfully
03:03:45 saveConfig: auto-save-60s
03:03:45 Saving config file
03:03:45 Saved config file successfully
03:03:45 saveConfig: auto-save-60s
03:03:45 Saving config file
03:03:45 Saved config file successfully
03:04:45 saveConfig: auto-save-60s
03:04:45 Saving config file
03:04:45 Saved config file successfully
03:04:45 saveConfig: auto-save-60s
03:04:45 Saving config file
03:04:45 Saved config file successfully
03:05:45 saveConfig: auto-save-60s
03:05:45 Saving config file
03:05:45 Saved config file successfully
03:05:45 saveConfig: auto-save-60s
03:05:45 Saving config file
03:05:45 Saved config file successfully
03:06:45 saveConfig: auto-save-60s
03:06:45 Saving config file
03:06:45 Saved config file successfully
03:06:45 saveConfig: auto-save-60s
03:06:45 Saving config file
03:06:45 Saved config file successfully
03:07:45 saveConfig: auto-save-60s
03:07:45 Saving config file
03:07:45 Saved config file successfully
03:07:45 saveConfig: auto-save-60s
03:07:45 Saving config file
03:07:45 Saved config file successfully
03:08:45 saveConfig: auto-save-60s
03:08:45 Saving config file
03:08:45 Saved config file successfully
03:08:45 saveConfig: auto-save-60s
03:08:45 Saving config file
03:08:45 Saved config file successfully
03:09:45 saveConfig: auto-save-60s
03:09:45 Saving config file
03:09:45 Saved config file successfully
03:09:45 saveConfig: auto-save-60s
03:09:45 Saving config file
03:09:45 Saved config file successfully
03:10:45 saveConfig: auto-save-60s
03:10:45 Saving config file
03:10:45 Saved config file successfully
03:10:45 saveConfig: auto-save-60s
03:10:45 Saving config file
03:10:45 Saved config file successfully
03:11:45 saveConfig: auto-save-60s
03:11:45 Saving config file
03:11:45 Saved config file successfully
03:11:45 saveConfig: auto-save-60s
03:11:45 Saving config file
03:11:45 Saved config file successfully
03:12:45 saveConfig: auto-save-60s
03:12:45 Saving config file
03:12:45 Saved config file successfully
03:12:45 saveConfig: auto-save-60s
03:12:45 Saving config file
03:12:45 Saved config file successfully
03:13:45 saveConfig: auto-save-60s
03:13:45 Saving config file
03:13:45 Saved config file successfully
03:13:45 saveConfig: auto-save-60s
03:13:45 Saving config file
03:13:45 Saved config file successfully
03:14:45 saveConfig: auto-save-60s
03:14:45 Saving config file
03:14:45 Saved config file successfully
03:14:45 saveConfig: auto-save-60s
03:14:45 Saving config file
03:14:45 Saved config file successfully
03:15:45 saveConfig: auto-save-60s
03:15:45 Saving config file
03:15:45 Saved config file successfully
03:15:45 saveConfig: auto-save-60s
03:15:45 Saving config file
03:15:45 Saved config file successfully
03:16:45 saveConfig: auto-save-60s
03:16:45 Saving config file
03:16:45 Saved config file successfully
03:16:45 saveConfig: auto-save-60s
03:16:45 Saving config file
03:16:45 Saved config file successfully
03:17:45 saveConfig: auto-save-60s
03:17:45 Saving config file
03:17:45 Saved config file successfully
03:17:45 saveConfig: auto-save-60s
03:17:45 Saving config file
03:17:45 Saved config file successfully
03:18:45 saveConfig: auto-save-60s
03:18:45 Saving config file
03:18:45 Saved config file successfully
03:18:45 saveConfig: auto-save-60s
03:18:45 Saving config file
03:18:45 Saved config file successfully
03:19:45 saveConfig: auto-save-60s
03:19:45 Saving config file
03:19:45 Saved config file successfully
03:19:45 saveConfig: auto-save-60s
03:19:45 Saving config file
03:19:45 Saved config file successfully
03:20:45 saveConfig: auto-save-60s
03:20:45 Saving config file
03:20:45 Saved config file successfully
03:20:45 saveConfig: auto-save-60s
03:20:45 Saving config file
03:20:45 Saved config file successfully
03:21:45 saveConfig: auto-save-60s
03:21:45 Saving config file
03:21:45 Saved config file successfully
03:21:45 saveConfig: auto-save-60s
03:21:45 Saving config file
03:21:45 Saved config file successfully
03:22:45 saveConfig: auto-save-60s
03:22:45 Saving config file
03:22:45 Saved config file successfully
03:22:45 saveConfig: auto-save-60s
03:22:45 Saving config file
03:22:45 Saved config file successfully
03:23:45 saveConfig: auto-save-60s
03:23:45 Saving config file
03:23:45 Saved config file successfully
03:23:45 saveConfig: auto-save-60s
03:23:45 Saving config file
03:23:45 Saved config file successfully
03:24:45 saveConfig: auto-save-60s
03:24:45 Saving config file
03:24:45 Saved config file successfully
03:24:45 saveConfig: auto-save-60s
03:24:45 Saving config file
03:24:45 Saved config file successfully
03:25:45 saveConfig: auto-save-60s
03:25:45 Saving config file
03:25:45 Saved config file successfully
03:25:45 saveConfig: auto-save-60s
03:25:45 Saving config file
03:25:45 Saved config file successfully
03:26:45 saveConfig: auto-save-60s
03:26:45 Saving config file
03:26:45 Saved config file successfully
03:26:45 saveConfig: auto-save-60s
03:26:45 Saving config file
03:26:45 Saved config file successfully
03:27:45 saveConfig: auto-save-60s
03:27:45 Saving config file
03:27:45 Saved config file successfully
03:27:45 saveConfig: auto-save-60s
03:27:45 Saving config file
03:27:45 Saved config file successfully
03:28:45 saveConfig: auto-save-60s
03:28:45 Saving config file
03:28:45 Saved config file successfully
03:28:45 saveConfig: auto-save-60s
03:28:45 Saving config file
03:28:45 Saved config file successfully
03:29:45 saveConfig: auto-save-60s
03:29:45 Saving config file
03:29:45 Saved config file successfully
03:29:45 saveConfig: auto-save-60s
03:29:45 Saving config file
03:29:45 Saved config file successfully
03:30:45 saveConfig: auto-save-60s
03:30:45 Saving config file
03:30:45 Saved config file successfully
03:30:45 saveConfig: auto-save-60s
03:30:45 Saving config file
03:30:45 Saved config file successfully
03:31:45 saveConfig: auto-save-60s
03:31:45 Saving config file
03:31:45 Saved config file successfully
03:31:45 saveConfig: auto-save-60s
03:31:45 Saving config file
03:31:45 Saved config file successfully
03:32:45 saveConfig: auto-save-60s
03:32:45 Saving config file
03:32:45 Saved config file successfully
03:32:45 saveConfig: auto-save-60s
03:32:45 Saving config file
03:32:45 Saved config file successfully
03:33:45 saveConfig: auto-save-60s
03:33:45 Saving config file
03:33:45 Saved config file successfully
03:33:45 saveConfig: auto-save-60s
03:33:45 Saving config file
03:33:45 Saved config file successfully
03:34:45 saveConfig: auto-save-60s
03:34:45 Saving config file
03:34:45 Saved config file successfully
03:34:45 saveConfig: auto-save-60s
03:34:45 Saving config file
03:34:45 Saved config file successfully
03:35:45 saveConfig: auto-save-60s
03:35:45 Saving config file
03:35:45 Saved config file successfully
03:35:45 saveConfig: auto-save-60s
03:35:45 Saving config file
03:35:45 Saved config file successfully
03:36:45 saveConfig: auto-save-60s
03:36:45 Saving config file
03:36:45 Saved config file successfully
03:36:45 saveConfig: auto-save-60s
03:36:45 Saving config file
03:36:45 Saved config file successfully
03:37:45 saveConfig: auto-save-60s
03:37:45 Saving config file
03:37:45 Saved config file successfully
03:37:45 saveConfig: auto-save-60s
03:37:45 Saving config file
03:37:45 Saved config file successfully
03:38:45 saveConfig: auto-save-60s
03:38:45 Saving config file
03:38:45 Saved config file successfully
03:38:45 saveConfig: auto-save-60s
03:38:45 Saving config file
03:38:45 Saved config file successfully
03:39:45 saveConfig: auto-save-60s
03:39:45 Saving config file
03:39:45 Saved config file successfully
03:39:45 saveConfig: auto-save-60s
03:39:45 Saving config file
03:39:45 Saved config file successfully
03:40:45 saveConfig: auto-save-60s
03:40:45 Saving config file
03:40:45 Saved config file successfully
03:40:45 saveConfig: auto-save-60s
03:40:45 Saving config file
03:40:45 Saved config file successfully
03:41:45 saveConfig: auto-save-60s
03:41:45 Saving config file
03:41:45 Saved config file successfully
03:41:45 saveConfig: auto-save-60s
03:41:45 Saving config file
03:41:45 Saved config file successfully
03:42:45 saveConfig: auto-save-60s
03:42:45 Saving config file
03:42:45 Saved config file successfully
03:42:45 saveConfig: auto-save-60s
03:42:45 Saving config file
03:42:45 Saved config file successfully
03:43:45 saveConfig: auto-save-60s
03:43:45 Saving config file
03:43:45 Saved config file successfully
03:43:45 saveConfig: auto-save-60s
03:43:45 Saving config file
03:43:45 Saved config file successfully
03:44:45 saveConfig: auto-save-60s
03:44:45 Saving config file
03:44:45 Saved config file successfully
03:44:45 saveConfig: auto-save-60s
03:44:45 Saving config file
03:44:45 Saved config file successfully
03:45:45 saveConfig: auto-save-60s
03:45:45 Saving config file
03:45:45 Saved config file successfully
03:45:45 saveConfig: auto-save-60s
03:45:45 Saving config file
03:45:45 Saved config file successfully
03:46:45 saveConfig: auto-save-60s
03:46:45 Saving config file
03:46:45 Saved config file successfully
03:46:45 saveConfig: auto-save-60s
03:46:45 Saving config file
03:46:45 Saved config file successfully
03:47:45 saveConfig: auto-save-60s
03:47:45 Saving config file
03:47:45 Saved config file successfully
03:47:45 saveConfig: auto-save-60s
03:47:45 Saving config file
03:47:45 Saved config file successfully
03:48:45 saveConfig: auto-save-60s
03:48:45 Saving config file
03:48:45 Saved config file successfully
03:48:45 saveConfig: auto-save-60s
03:48:45 Saving config file
03:48:45 Saved config file successfully
03:49:45 saveConfig: auto-save-60s
03:49:45 Saving config file
03:49:45 Saved config file successfully
03:49:45 saveConfig: auto-save-60s
03:49:45 Saving config file
03:49:45 Saved config file successfully
03:50:45 saveConfig: auto-save-60s
03:50:45 Saving config file
03:50:45 Saved config file successfully
03:50:45 saveConfig: auto-save-60s
03:50:45 Saving config file
03:50:45 Saved config file successfully
03:51:45 saveConfig: auto-save-60s
03:51:45 Saving config file
03:51:45 Saved config file successfully
03:51:45 saveConfig: auto-save-60s
03:51:45 Saving config file
03:51:45 Saved config file successfully
03:52:45 saveConfig: auto-save-60s
03:52:45 Saving config file
03:52:45 Saved config file successfully
03:52:45 saveConfig: auto-save-60s
03:52:45 Saving config file
03:52:45 Saved config file successfully
03:53:45 saveConfig: auto-save-60s
03:53:45 Saving config file
03:53:45 Saved config file successfully
03:53:45 saveConfig: auto-save-60s
03:53:45 Saving config file
03:53:45 Saved config file successfully
03:54:45 saveConfig: auto-save-60s
03:54:45 Saving config file
03:54:45 Saved config file successfully
03:54:45 saveConfig: auto-save-60s
03:54:45 Saving config file
03:54:45 Saved config file successfully
03:55:45 saveConfig: auto-save-60s
03:55:45 Saving config file
03:55:45 Saved config file successfully
03:55:45 saveConfig: auto-save-60s
03:55:45 Saving config file
03:55:45 Saved config file successfully
03:56:45 saveConfig: auto-save-60s
03:56:45 Saving config file
03:56:45 Saved config file successfully
03:56:45 saveConfig: auto-save-60s
03:56:45 Saving config file
03:56:45 Saved config file successfully
03:57:45 saveConfig: auto-save-60s
03:57:45 Saving config file
03:57:45 Saved config file successfully
03:57:45 saveConfig: auto-save-60s
03:57:45 Saving config file
03:57:45 Saved config file successfully
03:58:45 saveConfig: auto-save-60s
03:58:45 Saving config file
03:58:45 Saved config file successfully
03:58:45 saveConfig: auto-save-60s
03:58:45 Saving config file
03:58:45 Saved config file successfully
03:59:45 saveConfig: auto-save-60s
03:59:45 Saving config file
03:59:45 Saved config file successfully
03:59:45 saveConfig: auto-save-60s
03:59:45 Saving config file
03:59:45 Saved config file successfully
04:00:45 saveConfig: auto-save-60s
04:00:45 Saving config file
04:00:45 Saved config file successfully
04:00:45 saveConfig: auto-save-60s
04:00:45 Saving config file
04:00:45 Saved config file successfully
04:01:45 saveConfig: auto-save-60s
04:01:45 Saving config file
04:01:45 Saved config file successfully
04:01:45 saveConfig: auto-save-60s
04:01:45 Saving config file
04:01:45 Saved config file successfully
04:02:45 saveConfig: auto-save-60s
04:02:45 Saving config file
04:02:45 Saved config file successfully
04:02:45 saveConfig: auto-save-60s
04:02:45 Saving config file
04:02:45 Saved config file successfully
04:03:45 saveConfig: auto-save-60s
04:03:45 Saving config file
04:03:45 Saved config file successfully
04:03:45 saveConfig: auto-save-60s
04:03:45 Saving config file
04:03:45 Saved config file successfully
04:04:45 saveConfig: auto-save-60s
04:04:45 Saving config file
04:04:45 Saved config file successfully
04:04:45 saveConfig: auto-save-60s
04:04:45 Saving config file
04:04:45 Saved config file successfully
04:05:45 saveConfig: auto-save-60s
04:05:45 Saving config file
04:05:45 Saved config file successfully
04:05:45 saveConfig: auto-save-60s
04:05:45 Saving config file
04:05:45 Saved config file successfully
04:06:45 saveConfig: auto-save-60s
04:06:45 Saving config file
04:06:45 Saved config file successfully
04:06:45 saveConfig: auto-save-60s
04:06:45 Saving config file
04:06:45 Saved config file successfully
04:07:45 saveConfig: auto-save-60s
04:07:45 Saving config file
04:07:45 Saved config file successfully
04:07:45 saveConfig: auto-save-60s
04:07:45 Saving config file
04:07:45 Saved config file successfully
04:08:45 saveConfig: auto-save-60s
04:08:45 Saving config file
04:08:45 Saved config file successfully
04:08:45 saveConfig: auto-save-60s
04:08:45 Saving config file
04:08:45 Saved config file successfully
04:09:45 saveConfig: auto-save-60s
04:09:45 Saving config file
04:09:45 Saved config file successfully
04:09:45 saveConfig: auto-save-60s
04:09:45 Saving config file
04:09:45 Saved config file successfully
04:10:45 saveConfig: auto-save-60s
04:10:45 Saving config file
04:10:45 Saved config file successfully
04:10:45 saveConfig: auto-save-60s
04:10:45 Saving config file
04:10:45 Saved config file successfully
04:11:45 saveConfig: auto-save-60s
04:11:45 Saving config file
04:11:45 Saved config file successfully
04:11:45 saveConfig: auto-save-60s
04:11:45 Saving config file
04:11:45 Saved config file successfully
04:12:45 saveConfig: auto-save-60s
04:12:45 Saving config file
04:12:45 Saved config file successfully
04:12:45 saveConfig: auto-save-60s
04:12:45 Saving config file
04:12:45 Saved config file successfully
04:13:45 saveConfig: auto-save-60s
04:13:45 Saving config file
04:13:45 Saved config file successfully
04:13:45 saveConfig: auto-save-60s
04:13:45 Saving config file
04:13:45 Saved config file successfully
04:14:45 saveConfig: auto-save-60s
04:14:45 Saving config file
04:14:45 Saved config file successfully
04:14:45 saveConfig: auto-save-60s
04:14:45 Saving config file
04:14:45 Saved config file successfully
04:15:45 saveConfig: auto-save-60s
04:15:45 Saving config file
04:15:45 Saved config file successfully
04:15:45 saveConfig: auto-save-60s
04:15:45 Saving config file
04:15:45 Saved config file successfully
04:16:45 saveConfig: auto-save-60s
04:16:45 Saving config file
04:16:45 Saved config file successfully
04:16:45 saveConfig: auto-save-60s
04:16:45 Saving config file
04:16:45 Saved config file successfully
04:17:45 saveConfig: auto-save-60s
04:17:45 Saving config file
04:17:45 Saved config file successfully
04:17:45 saveConfig: auto-save-60s
04:17:45 Saving config file
04:17:45 Saved config file successfully
04:18:45 saveConfig: auto-save-60s
04:18:45 Saving config file
04:18:45 Saved config file successfully
04:18:45 saveConfig: auto-save-60s
04:18:45 Saving config file
04:18:45 Saved config file successfully
04:19:45 saveConfig: auto-save-60s
04:19:45 Saving config file
04:19:45 Saved config file successfully
04:19:45 saveConfig: auto-save-60s
04:19:45 Saving config file
04:19:45 Saved config file successfully
04:20:45 saveConfig: auto-save-60s
04:20:45 Saving config file
04:20:45 Saved config file successfully
04:20:45 saveConfig: auto-save-60s
04:20:45 Saving config file
04:20:45 Saved config file successfully
04:21:45 saveConfig: auto-save-60s
04:21:45 Saving config file
04:21:45 Saved config file successfully
04:21:45 saveConfig: auto-save-60s
04:21:45 Saving config file
04:21:45 Saved config file successfully
04:22:45 saveConfig: auto-save-60s
04:22:45 Saving config file
04:22:45 Saved config file successfully
04:22:45 saveConfig: auto-save-60s
04:22:45 Saving config file
04:22:45 Saved config file successfully
04:23:45 saveConfig: auto-save-60s
04:23:45 Saving config file
04:23:45 Saved config file successfully
04:23:45 saveConfig: auto-save-60s
04:23:45 Saving config file
04:23:45 Saved config file successfully
04:24:45 saveConfig: auto-save-60s
04:24:45 Saving config file
04:24:45 Saved config file successfully
04:24:45 saveConfig: auto-save-60s
04:24:45 Saving config file
04:24:45 Saved config file successfully
04:25:13 saveConfig: shutdown-hook
04:25:13 Saving config file
04:25:13 Saved config file successfully
04:25:13 saveConfig: shutdown-hook
04:25:13 Saving config file
