03:57:42 Trying to load config from config\skyhanni\config.json
03:57:42 load-config-now
03:57:42 Loaded config from file
03:57:42 Trying to load sacks from config\skyhanni\sacks.json
03:57:42 load-sacks-now
03:57:42 Loaded sacks from file
03:57:42 Trying to load friends from config\skyhanni\friends.json
03:57:42 load-friends-now
03:57:42 Loaded friends from file
03:57:42 Trying to load known_features from config\skyhanni\known_features.json
03:57:42 load-known_features-now
03:57:42 Loaded known_features from file
03:57:42 Trying to load jacob_contests from config\skyhanni\jacob_contests.json
03:57:42 Setting jacob_contests to be blank as it did not exist. It will be saved once something is written to it
03:57:42 Trying to load visual_words from config\skyhanni\visual_words.json
03:57:42 Setting visual_words to be blank as it did not exist. It will be saved once something is written to it
03:57:42 Trying to load pets from config\skyhanni\pets.json
03:57:42 load-pets-now
03:57:43 Loaded pets from file
03:58:43 saveConfig: auto-save-60s
03:58:43 Saving config file
03:58:43 Saved config file successfully
03:58:43 saveConfig: auto-save-60s
03:58:43 Saving config file
03:58:43 Saved config file successfully
03:59:18 saveConfig: Updated known feature flags
03:59:18 Saving known_features file
03:59:18 Saved known_features file successfully
03:59:18 saveConfig: Updated known feature flags
03:59:18 Saving known_features file
03:59:18 Saved known_features file successfully
03:59:21 saveConfig: saving-data
03:59:21 Saving pets file
03:59:21 Saved pets file successfully
03:59:21 saveConfig: saving-data
03:59:21 Saving pets file
03:59:21 Saved pets file successfully
03:59:43 saveConfig: auto-save-60s
03:59:43 Saving config file
03:59:43 Saved config file successfully
03:59:43 saveConfig: auto-save-60s
03:59:43 Saving config file
03:59:43 Saved config file successfully
03:59:52 saveConfig: saving-data
03:59:52 Saving pets file
03:59:52 Saved pets file successfully
03:59:52 saveConfig: saving-data
03:59:52 Saving pets file
03:59:52 Saved pets file successfully
04:00:23 saveConfig: saving-data
04:00:23 Saving pets file
04:00:23 Saved pets file successfully
04:00:23 saveConfig: saving-data
04:00:23 Saving pets file
04:00:23 Saved pets file successfully
04:00:43 saveConfig: auto-save-60s
04:00:43 Saving config file
04:00:43 Saved config file successfully
04:00:43 saveConfig: auto-save-60s
04:00:43 Saving config file
04:00:43 Saved config file successfully
04:01:43 saveConfig: auto-save-60s
04:01:43 Saving config file
04:01:43 Saved config file successfully
04:01:43 saveConfig: auto-save-60s
04:01:43 Saving config file
04:01:43 Saved config file successfully
04:01:44 saveConfig: saving-data
04:01:44 Saving pets file
04:01:44 Saved pets file successfully
04:01:44 saveConfig: saving-data
04:01:44 Saving pets file
04:01:44 Saved pets file successfully
04:02:43 saveConfig: auto-save-60s
04:02:43 Saving config file
04:02:43 Saved config file successfully
04:02:43 saveConfig: auto-save-60s
04:02:43 Saving config file
04:02:43 Saved config file successfully
04:02:46 saveConfig: saving-data
04:02:46 Saving pets file
04:02:46 Saved pets file successfully
04:02:46 saveConfig: saving-data
04:02:46 Saving pets file
04:02:46 Saved pets file successfully
04:03:17 saveConfig: saving-data
04:03:17 Saving pets file
04:03:17 Saved pets file successfully
04:03:17 saveConfig: saving-data
04:03:17 Saving pets file
04:03:17 Saved pets file successfully
04:03:43 saveConfig: auto-save-60s
04:03:43 Saving config file
04:03:43 Saved config file successfully
04:03:43 saveConfig: auto-save-60s
04:03:43 Saving config file
04:03:43 Saved config file successfully
04:03:48 saveConfig: saving-data
04:03:48 Saving pets file
04:03:48 Saved pets file successfully
04:03:48 saveConfig: saving-data
04:03:48 Saving pets file
04:03:48 Saved pets file successfully
04:04:42 saveConfig: saving-data
04:04:42 Saving pets file
04:04:42 Saved pets file successfully
04:04:42 saveConfig: saving-data
04:04:42 Saving pets file
04:04:42 Saved pets file successfully
04:04:43 saveConfig: auto-save-60s
04:04:43 Saving config file
04:04:43 Saved config file successfully
04:04:43 saveConfig: auto-save-60s
04:04:43 Saving config file
04:04:43 Saved config file successfully
04:05:13 saveConfig: saving-data
04:05:13 Saving pets file
04:05:13 Saved pets file successfully
04:05:13 saveConfig: saving-data
04:05:13 Saving pets file
04:05:13 Saved pets file successfully
04:05:43 saveConfig: auto-save-60s
04:05:43 Saving config file
04:05:43 Saved config file successfully
04:05:43 saveConfig: auto-save-60s
04:05:43 Saving config file
04:05:43 Saved config file successfully
04:06:43 saveConfig: auto-save-60s
04:06:43 Saving config file
04:06:43 Saved config file successfully
04:06:43 saveConfig: auto-save-60s
04:06:43 Saving config file
04:06:43 Saved config file successfully
04:07:43 saveConfig: auto-save-60s
04:07:43 Saving config file
04:07:43 Saved config file successfully
04:07:43 saveConfig: auto-save-60s
04:07:43 Saving config file
04:07:43 Saved config file successfully
04:08:18 saveConfig: saving-data
04:08:18 Saving pets file
04:08:18 Saved pets file successfully
04:08:18 saveConfig: saving-data
04:08:18 Saving pets file
04:08:18 Saved pets file successfully
04:08:43 saveConfig: auto-save-60s
04:08:43 Saving config file
04:08:43 Saved config file successfully
04:08:43 saveConfig: auto-save-60s
04:08:43 Saving config file
04:08:43 Saved config file successfully
04:09:32 saveConfig: saving-data
04:09:32 Saving pets file
04:09:32 Saved pets file successfully
04:09:32 saveConfig: saving-data
04:09:32 Saving pets file
04:09:32 Saved pets file successfully
04:09:43 saveConfig: auto-save-60s
04:09:43 Saving config file
04:09:43 Saved config file successfully
04:09:43 saveConfig: auto-save-60s
04:09:43 Saving config file
04:09:43 Saved config file successfully
04:10:43 saveConfig: auto-save-60s
04:10:43 Saving config file
04:10:43 Saved config file successfully
04:10:43 saveConfig: auto-save-60s
04:10:43 Saving config file
04:10:43 Saved config file successfully
04:10:43 saveConfig: saving-data
04:10:43 Saving pets file
04:10:43 Saved pets file successfully
04:10:43 saveConfig: saving-data
04:10:43 Saving pets file
04:10:43 Saved pets file successfully
04:11:43 saveConfig: auto-save-60s
04:11:43 Saving config file
04:11:43 Saved config file successfully
04:11:43 saveConfig: auto-save-60s
04:11:43 Saving config file
04:11:43 Saved config file successfully
04:12:43 saveConfig: auto-save-60s
04:12:43 Saving config file
04:12:43 Saved config file successfully
04:12:43 saveConfig: auto-save-60s
04:12:43 Saving config file
04:12:43 Saved config file successfully
04:13:43 saveConfig: auto-save-60s
04:13:43 Saving config file
04:13:43 Saved config file successfully
04:13:43 saveConfig: auto-save-60s
04:13:43 Saving config file
04:13:43 Saved config file successfully
04:14:43 saveConfig: auto-save-60s
04:14:43 Saving config file
04:14:43 Saved config file successfully
04:14:43 saveConfig: auto-save-60s
04:14:43 Saving config file
04:14:43 Saved config file successfully
04:14:43 saveConfig: saving-data
04:14:43 Saving pets file
04:14:43 Saved pets file successfully
04:14:43 saveConfig: saving-data
04:14:43 Saving pets file
04:14:43 Saved pets file successfully
04:15:14 saveConfig: saving-data
04:15:14 Saving pets file
04:15:14 Saved pets file successfully
04:15:14 saveConfig: saving-data
04:15:14 Saving pets file
04:15:14 Saved pets file successfully
04:15:43 saveConfig: auto-save-60s
04:15:43 Saving config file
04:15:43 Saved config file successfully
04:15:43 saveConfig: auto-save-60s
04:15:43 Saving config file
04:15:43 Saved config file successfully
04:15:53 saveConfig: saving-data
04:15:53 Saving pets file
04:15:53 Saved pets file successfully
04:15:53 saveConfig: saving-data
04:15:53 Saving pets file
04:15:53 Saved pets file successfully
04:16:24 saveConfig: saving-data
04:16:24 Saving pets file
04:16:24 Saved pets file successfully
04:16:24 saveConfig: saving-data
04:16:24 Saving pets file
04:16:24 Saved pets file successfully
04:16:43 saveConfig: auto-save-60s
04:16:43 Saving config file
04:16:43 Saved config file successfully
04:16:43 saveConfig: auto-save-60s
04:16:43 Saving config file
04:16:43 Saved config file successfully
04:17:26 saveConfig: saving-data
04:17:26 Saving pets file
04:17:26 Saved pets file successfully
04:17:26 saveConfig: saving-data
04:17:26 Saving pets file
04:17:26 Saved pets file successfully
04:17:43 saveConfig: auto-save-60s
04:17:43 Saving config file
04:17:43 Saved config file successfully
04:17:43 saveConfig: auto-save-60s
04:17:43 Saving config file
04:17:43 Saved config file successfully
04:17:57 saveConfig: saving-data
04:17:57 Saving pets file
04:17:57 Saved pets file successfully
04:17:57 saveConfig: saving-data
04:17:57 Saving pets file
04:17:57 Saved pets file successfully
04:18:28 saveConfig: saving-data
04:18:28 Saving pets file
04:18:28 Saved pets file successfully
04:18:28 saveConfig: saving-data
04:18:28 Saving pets file
04:18:28 Saved pets file successfully
04:18:43 saveConfig: auto-save-60s
04:18:43 Saving config file
04:18:43 Saved config file successfully
04:18:43 saveConfig: auto-save-60s
04:18:43 Saving config file
04:18:43 Saved config file successfully
04:19:43 saveConfig: auto-save-60s
04:19:43 Saving config file
04:19:43 Saved config file successfully
04:19:43 saveConfig: auto-save-60s
04:19:43 Saving config file
04:19:43 Saved config file successfully
04:20:15 saveConfig: saving-data
04:20:15 Saving pets file
04:20:15 Saved pets file successfully
04:20:15 saveConfig: saving-data
04:20:15 Saving pets file
04:20:15 Saved pets file successfully
04:20:43 saveConfig: auto-save-60s
04:20:43 Saving config file
04:20:43 Saved config file successfully
04:20:43 saveConfig: auto-save-60s
04:20:43 Saving config file
04:20:43 Saved config file successfully
04:20:46 saveConfig: saving-data
04:20:46 Saving pets file
04:20:46 Saved pets file successfully
04:20:46 saveConfig: saving-data
04:20:46 Saving pets file
04:20:46 Saved pets file successfully
04:21:43 saveConfig: auto-save-60s
04:21:43 Saving config file
04:21:43 Saved config file successfully
04:21:43 saveConfig: auto-save-60s
04:21:43 Saving config file
04:21:43 Saved config file successfully
04:21:57 saveConfig: saving-data
04:21:57 Saving pets file
04:21:57 Saved pets file successfully
04:21:57 saveConfig: saving-data
04:21:57 Saving pets file
04:21:57 Saved pets file successfully
04:22:28 saveConfig: saving-data
04:22:28 Saving pets file
04:22:28 Saved pets file successfully
04:22:28 saveConfig: saving-data
04:22:28 Saving pets file
04:22:28 Saved pets file successfully
04:22:43 saveConfig: auto-save-60s
04:22:43 Saving config file
04:22:43 Saved config file successfully
04:22:43 saveConfig: auto-save-60s
04:22:43 Saving config file
04:22:43 Saved config file successfully
04:23:26 saveConfig: saving-data
04:23:26 Saving pets file
04:23:26 Saved pets file successfully
04:23:26 saveConfig: saving-data
04:23:26 Saving pets file
04:23:26 Saved pets file successfully
04:23:43 saveConfig: auto-save-60s
04:23:43 Saving config file
04:23:43 Saved config file successfully
04:23:43 saveConfig: auto-save-60s
04:23:43 Saving config file
04:23:43 Saved config file successfully
04:23:57 saveConfig: saving-data
04:23:57 Saving pets file
04:23:57 Saved pets file successfully
04:23:57 saveConfig: saving-data
04:23:57 Saving pets file
04:23:57 Saved pets file successfully
04:24:28 saveConfig: saving-data
04:24:28 Saving pets file
04:24:28 Saved pets file successfully
04:24:28 saveConfig: saving-data
04:24:28 Saving pets file
04:24:28 Saved pets file successfully
04:24:43 saveConfig: auto-save-60s
04:24:43 Saving config file
04:24:43 Saved config file successfully
04:24:43 saveConfig: auto-save-60s
04:24:43 Saving config file
04:24:43 Saved config file successfully
04:25:37 saveConfig: saving-data
04:25:37 Saving pets file
04:25:37 Saved pets file successfully
04:25:37 saveConfig: saving-data
04:25:37 Saving pets file
04:25:37 Saved pets file successfully
04:25:43 saveConfig: auto-save-60s
04:25:43 Saving config file
04:25:43 Saved config file successfully
04:25:43 saveConfig: auto-save-60s
04:25:43 Saving config file
04:25:43 Saved config file successfully
04:26:08 saveConfig: saving-data
04:26:08 Saving pets file
04:26:08 Saved pets file successfully
04:26:08 saveConfig: saving-data
04:26:08 Saving pets file
04:26:08 Saved pets file successfully
04:26:39 saveConfig: saving-data
04:26:39 Saving pets file
04:26:39 Saved pets file successfully
04:26:39 saveConfig: saving-data
04:26:39 Saving pets file
04:26:39 Saved pets file successfully
04:26:43 saveConfig: auto-save-60s
04:26:43 Saving config file
04:26:43 Saved config file successfully
04:26:43 saveConfig: auto-save-60s
04:26:43 Saving config file
04:26:43 Saved config file successfully
04:27:43 saveConfig: auto-save-60s
04:27:43 Saving config file
04:27:43 Saved config file successfully
04:27:43 saveConfig: auto-save-60s
04:27:43 Saving config file
04:27:43 Saved config file successfully
04:28:43 saveConfig: auto-save-60s
04:28:43 Saving config file
04:28:43 Saved config file successfully
04:28:43 saveConfig: auto-save-60s
04:28:43 Saving config file
04:28:43 Saved config file successfully
04:29:43 saveConfig: auto-save-60s
04:29:43 Saving config file
04:29:43 Saved config file successfully
04:29:43 saveConfig: auto-save-60s
04:29:43 Saving config file
04:29:43 Saved config file successfully
04:30:43 saveConfig: auto-save-60s
04:30:43 Saving config file
04:30:43 Saved config file successfully
04:30:43 saveConfig: auto-save-60s
04:30:43 Saving config file
04:30:43 Saved config file successfully
04:31:43 saveConfig: auto-save-60s
04:31:43 Saving config file
04:31:43 Saved config file successfully
04:31:43 saveConfig: auto-save-60s
04:31:43 Saving config file
04:31:43 Saved config file successfully
04:32:43 saveConfig: auto-save-60s
04:32:43 Saving config file
04:32:43 Saved config file successfully
04:32:43 saveConfig: auto-save-60s
04:32:43 Saving config file
04:32:43 Saved config file successfully
04:33:43 saveConfig: auto-save-60s
04:33:43 Saving config file
04:33:43 Saved config file successfully
04:33:43 saveConfig: auto-save-60s
04:33:43 Saving config file
04:33:43 Saved config file successfully
04:34:43 saveConfig: auto-save-60s
04:34:43 Saving config file
04:34:43 Saved config file successfully
04:34:43 saveConfig: auto-save-60s
04:34:43 Saving config file
04:34:43 Saved config file successfully
04:35:43 saveConfig: auto-save-60s
04:35:43 Saving config file
04:35:43 Saved config file successfully
04:35:43 saveConfig: auto-save-60s
04:35:43 Saving config file
04:35:43 Saved config file successfully
04:36:43 saveConfig: auto-save-60s
04:36:43 Saving config file
04:36:43 Saved config file successfully
04:36:43 saveConfig: auto-save-60s
04:36:43 Saving config file
04:36:43 Saved config file successfully
04:37:43 saveConfig: auto-save-60s
04:37:43 Saving config file
04:37:43 Saved config file successfully
04:37:43 saveConfig: auto-save-60s
04:37:43 Saving config file
04:37:43 Saved config file successfully
04:37:58 saveConfig: saving-data
04:37:58 Saving sacks file
04:37:58 Saved sacks file successfully
04:37:58 saveConfig: saving-data
04:37:58 Saving sacks file
04:37:58 Saved sacks file successfully
04:38:43 saveConfig: auto-save-60s
04:38:43 Saving config file
04:38:43 Saved config file successfully
04:38:43 saveConfig: auto-save-60s
04:38:43 Saving config file
04:38:43 Saved config file successfully
04:39:28 saveConfig: saving-data
04:39:28 Saving pets file
04:39:28 Saved pets file successfully
04:39:28 saveConfig: saving-data
04:39:28 Saving pets file
04:39:28 Saved pets file successfully
04:39:43 saveConfig: auto-save-60s
04:39:43 Saving config file
04:39:43 Saved config file successfully
04:39:43 saveConfig: auto-save-60s
04:39:43 Saving config file
04:39:43 Saved config file successfully
04:40:43 saveConfig: auto-save-60s
04:40:43 Saving config file
04:40:43 Saved config file successfully
04:40:43 saveConfig: auto-save-60s
04:40:43 Saving config file
04:40:43 Saved config file successfully
04:41:03 saveConfig: saving-data
04:41:03 Saving pets file
04:41:03 Saved pets file successfully
04:41:03 saveConfig: saving-data
04:41:03 Saving pets file
04:41:03 Saved pets file successfully
04:41:34 saveConfig: saving-data
04:41:34 Saving pets file
04:41:34 Saved pets file successfully
04:41:34 saveConfig: saving-data
04:41:34 Saving pets file
04:41:34 Saved pets file successfully
04:41:43 saveConfig: auto-save-60s
04:41:43 Saving config file
04:41:43 Saved config file successfully
04:41:43 saveConfig: auto-save-60s
04:41:43 Saving config file
04:41:43 Saved config file successfully
04:42:43 saveConfig: auto-save-60s
04:42:43 Saving config file
04:42:43 Saved config file successfully
04:42:43 saveConfig: auto-save-60s
04:42:43 Saving config file
04:42:43 Saved config file successfully
04:43:21 saveConfig: saving-data
04:43:21 Saving pets file
04:43:21 Saved pets file successfully
04:43:21 saveConfig: saving-data
04:43:21 Saving pets file
04:43:21 Saved pets file successfully
04:43:43 saveConfig: auto-save-60s
04:43:43 Saving config file
04:43:43 Saved config file successfully
04:43:43 saveConfig: auto-save-60s
04:43:43 Saving config file
04:43:43 Saved config file successfully
04:44:43 saveConfig: auto-save-60s
04:44:43 Saving config file
04:44:43 Saved config file successfully
04:44:43 saveConfig: auto-save-60s
04:44:43 Saving config file
04:44:43 Saved config file successfully
04:45:43 saveConfig: auto-save-60s
04:45:43 Saving config file
04:45:43 Saved config file successfully
04:45:43 saveConfig: auto-save-60s
04:45:43 Saving config file
04:45:43 Saved config file successfully
04:46:02 saveConfig: saving-data
04:46:02 Saving pets file
04:46:02 Saved pets file successfully
04:46:02 saveConfig: saving-data
04:46:02 Saving pets file
04:46:02 Saved pets file successfully
04:46:33 saveConfig: saving-data
04:46:33 Saving pets file
04:46:33 Saved pets file successfully
04:46:33 saveConfig: saving-data
04:46:33 Saving pets file
04:46:33 Saved pets file successfully
04:46:43 saveConfig: auto-save-60s
04:46:43 Saving config file
04:46:43 Saved config file successfully
04:46:43 saveConfig: auto-save-60s
04:46:43 Saving config file
04:46:43 Saved config file successfully
04:47:43 saveConfig: auto-save-60s
04:47:43 Saving config file
04:47:43 Saved config file successfully
04:47:43 saveConfig: auto-save-60s
04:47:43 Saving config file
04:47:43 Saved config file successfully
04:48:43 saveConfig: auto-save-60s
04:48:43 Saving config file
04:48:43 Saved config file successfully
04:48:43 saveConfig: auto-save-60s
04:48:43 Saving config file
04:48:43 Saved config file successfully
04:49:43 saveConfig: auto-save-60s
04:49:43 Saving config file
04:49:43 Saved config file successfully
04:49:43 saveConfig: auto-save-60s
04:49:43 Saving config file
04:49:43 Saved config file successfully
04:50:43 saveConfig: auto-save-60s
04:50:43 Saving config file
04:50:43 Saved config file successfully
04:50:43 saveConfig: auto-save-60s
04:50:43 Saving config file
04:50:43 Saved config file successfully
04:51:43 saveConfig: auto-save-60s
04:51:43 Saving config file
04:51:43 Saved config file successfully
04:51:43 saveConfig: auto-save-60s
04:51:43 Saving config file
04:51:43 Saved config file successfully
04:52:43 saveConfig: auto-save-60s
04:52:43 Saving config file
04:52:43 Saved config file successfully
04:52:43 saveConfig: auto-save-60s
04:52:43 Saving config file
04:52:43 Saved config file successfully
04:53:43 saveConfig: auto-save-60s
04:53:43 Saving config file
04:53:43 Saved config file successfully
04:53:43 saveConfig: auto-save-60s
04:53:43 Saving config file
04:53:43 Saved config file successfully
04:54:43 saveConfig: auto-save-60s
04:54:43 Saving config file
04:54:43 Saved config file successfully
04:54:43 saveConfig: auto-save-60s
04:54:43 Saving config file
04:54:43 Saved config file successfully
04:55:43 saveConfig: auto-save-60s
04:55:43 Saving config file
04:55:43 Saved config file successfully
04:55:43 saveConfig: auto-save-60s
04:55:43 Saving config file
04:55:43 Saved config file successfully
04:56:43 saveConfig: auto-save-60s
04:56:43 Saving config file
04:56:43 Saved config file successfully
04:56:43 saveConfig: auto-save-60s
04:56:43 Saving config file
04:56:43 Saved config file successfully
04:57:43 saveConfig: auto-save-60s
04:57:43 Saving config file
04:57:43 Saved config file successfully
04:57:43 saveConfig: auto-save-60s
04:57:43 Saving config file
04:57:43 Saved config file successfully
04:58:43 saveConfig: auto-save-60s
04:58:43 Saving config file
04:58:43 Saved config file successfully
04:58:43 saveConfig: auto-save-60s
04:58:43 Saving config file
04:58:43 Saved config file successfully
04:59:43 saveConfig: auto-save-60s
04:59:43 Saving config file
04:59:43 Saved config file successfully
04:59:43 saveConfig: auto-save-60s
04:59:43 Saving config file
04:59:43 Saved config file successfully
05:00:43 saveConfig: auto-save-60s
05:00:43 Saving config file
05:00:43 Saved config file successfully
05:00:43 saveConfig: auto-save-60s
05:00:43 Saving config file
05:00:43 Saved config file successfully
05:01:43 saveConfig: auto-save-60s
05:01:43 Saving config file
05:01:43 Saved config file successfully
05:01:43 saveConfig: auto-save-60s
05:01:43 Saving config file
05:01:43 Saved config file successfully
05:02:40 saveConfig: saving-data
05:02:40 Saving pets file
05:02:40 Saved pets file successfully
05:02:40 saveConfig: saving-data
05:02:40 Saving pets file
05:02:40 Saved pets file successfully
05:02:43 saveConfig: auto-save-60s
05:02:43 Saving config file
05:02:43 Saved config file successfully
05:02:43 saveConfig: auto-save-60s
05:02:43 Saving config file
05:02:43 Saved config file successfully
05:03:11 saveConfig: saving-data
05:03:11 Saving pets file
05:03:11 Saved pets file successfully
05:03:11 saveConfig: saving-data
05:03:11 Saving pets file
05:03:11 Saved pets file successfully
05:03:42 saveConfig: saving-data
05:03:42 Saving pets file
05:03:42 Saved pets file successfully
05:03:42 saveConfig: saving-data
05:03:42 Saving pets file
05:03:42 Saved pets file successfully
05:03:43 saveConfig: auto-save-60s
05:03:43 Saving config file
05:03:43 Saved config file successfully
05:03:43 saveConfig: auto-save-60s
05:03:43 Saving config file
05:03:43 Saved config file successfully
05:04:13 saveConfig: saving-data
05:04:13 Saving pets file
05:04:13 Saved pets file successfully
05:04:13 saveConfig: saving-data
05:04:13 Saving pets file
05:04:13 Saved pets file successfully
05:04:43 saveConfig: auto-save-60s
05:04:43 Saving config file
05:04:43 Saved config file successfully
05:04:43 saveConfig: auto-save-60s
05:04:43 Saving config file
05:04:43 Saved config file successfully
05:04:43 saveConfig: saving-data
05:04:43 Saving pets file
05:04:43 Saved pets file successfully
05:04:43 saveConfig: saving-data
05:04:43 Saving pets file
05:04:43 Saved pets file successfully
05:05:13 saveConfig: saving-data
05:05:13 Saving pets file
05:05:13 Saved pets file successfully
05:05:13 saveConfig: saving-data
05:05:13 Saving pets file
05:05:13 Saved pets file successfully
05:05:43 saveConfig: auto-save-60s
05:05:43 Saving config file
05:05:43 Saved config file successfully
05:05:43 saveConfig: auto-save-60s
05:05:43 Saving config file
05:05:43 Saved config file successfully
05:05:44 saveConfig: saving-data
05:05:44 Saving pets file
05:05:44 Saved pets file successfully
05:05:44 saveConfig: saving-data
05:05:44 Saving pets file
05:05:44 Saved pets file successfully
05:06:43 saveConfig: auto-save-60s
05:06:43 Saving config file
05:06:43 Saved config file successfully
05:06:43 saveConfig: auto-save-60s
05:06:43 Saving config file
05:06:43 Saved config file successfully
05:07:43 saveConfig: auto-save-60s
05:07:43 Saving config file
05:07:43 Saved config file successfully
05:07:43 saveConfig: auto-save-60s
05:07:43 Saving config file
05:07:43 Saved config file successfully
05:08:43 saveConfig: auto-save-60s
05:08:43 Saving config file
05:08:43 Saved config file successfully
05:08:43 saveConfig: auto-save-60s
05:08:43 Saving config file
05:08:43 Saved config file successfully
05:09:43 saveConfig: auto-save-60s
05:09:43 Saving config file
05:09:43 Saved config file successfully
05:09:43 saveConfig: auto-save-60s
05:09:43 Saving config file
05:09:43 Saved config file successfully
05:10:43 saveConfig: auto-save-60s
05:10:43 Saving config file
05:10:43 Saved config file successfully
05:10:43 saveConfig: auto-save-60s
05:10:43 Saving config file
05:10:43 Saved config file successfully
05:11:43 saveConfig: auto-save-60s
05:11:43 Saving config file
05:11:43 Saved config file successfully
05:11:43 saveConfig: auto-save-60s
05:11:43 Saving config file
05:11:43 Saved config file successfully
05:12:43 saveConfig: auto-save-60s
05:12:43 Saving config file
05:12:43 Saved config file successfully
05:12:43 saveConfig: auto-save-60s
05:12:43 Saving config file
05:12:43 Saved config file successfully
05:13:43 saveConfig: auto-save-60s
05:13:43 Saving config file
05:13:43 Saved config file successfully
05:13:43 saveConfig: auto-save-60s
05:13:43 Saving config file
05:13:43 Saved config file successfully
05:14:43 saveConfig: auto-save-60s
05:14:43 Saving config file
05:14:43 Saved config file successfully
05:14:43 saveConfig: auto-save-60s
05:14:43 Saving config file
05:14:43 Saved config file successfully
05:15:43 saveConfig: auto-save-60s
05:15:43 Saving config file
05:15:43 Saved config file successfully
05:15:43 saveConfig: auto-save-60s
05:15:43 Saving config file
05:15:43 Saved config file successfully
05:16:43 saveConfig: auto-save-60s
05:16:43 Saving config file
05:16:43 Saved config file successfully
05:16:43 saveConfig: auto-save-60s
05:16:43 Saving config file
05:16:43 Saved config file successfully
05:17:43 saveConfig: auto-save-60s
05:17:43 Saving config file
05:17:43 Saved config file successfully
05:17:43 saveConfig: auto-save-60s
05:17:43 Saving config file
05:17:43 Saved config file successfully
05:18:43 saveConfig: auto-save-60s
05:18:43 Saving config file
05:18:43 Saved config file successfully
05:18:43 saveConfig: auto-save-60s
05:18:43 Saving config file
05:18:43 Saved config file successfully
05:19:43 saveConfig: auto-save-60s
05:19:43 Saving config file
05:19:43 Saved config file successfully
05:19:43 saveConfig: auto-save-60s
05:19:43 Saving config file
05:19:43 Saved config file successfully
05:20:43 saveConfig: auto-save-60s
05:20:43 Saving config file
05:20:43 Saved config file successfully
05:20:43 saveConfig: auto-save-60s
05:20:43 Saving config file
05:20:43 Saved config file successfully
05:21:43 saveConfig: auto-save-60s
05:21:43 Saving config file
05:21:43 Saved config file successfully
05:21:43 saveConfig: auto-save-60s
05:21:43 Saving config file
05:21:43 Saved config file successfully
05:22:43 saveConfig: auto-save-60s
05:22:43 Saving config file
05:22:43 Saved config file successfully
05:22:43 saveConfig: auto-save-60s
05:22:43 Saving config file
05:22:43 Saved config file successfully
05:23:43 saveConfig: auto-save-60s
05:23:43 Saving config file
05:23:43 Saved config file successfully
05:23:43 saveConfig: auto-save-60s
05:23:43 Saving config file
05:23:43 Saved config file successfully
05:24:43 saveConfig: auto-save-60s
05:24:43 Saving config file
05:24:43 Saved config file successfully
05:24:43 saveConfig: auto-save-60s
05:24:43 Saving config file
05:24:43 Saved config file successfully
05:25:43 saveConfig: auto-save-60s
05:25:43 Saving config file
05:25:43 Saved config file successfully
05:25:43 saveConfig: auto-save-60s
05:25:43 Saving config file
05:25:43 Saved config file successfully
05:25:51 saveConfig: saving-data
05:25:51 Saving pets file
05:25:51 Saved pets file successfully
05:25:51 saveConfig: saving-data
05:25:51 Saving pets file
05:25:51 Saved pets file successfully
05:26:22 saveConfig: saving-data
05:26:22 Saving pets file
05:26:22 Saved pets file successfully
05:26:22 saveConfig: saving-data
05:26:22 Saving pets file
05:26:22 Saved pets file successfully
05:26:43 saveConfig: auto-save-60s
05:26:43 Saving config file
05:26:43 Saved config file successfully
05:26:43 saveConfig: auto-save-60s
05:26:43 Saving config file
05:26:43 Saved config file successfully
05:27:43 saveConfig: auto-save-60s
05:27:43 Saving config file
05:27:43 Saved config file successfully
05:27:43 saveConfig: auto-save-60s
05:27:43 Saving config file
05:27:43 Saved config file successfully
05:28:43 saveConfig: auto-save-60s
05:28:43 Saving config file
05:28:43 Saved config file successfully
05:28:43 saveConfig: auto-save-60s
05:28:43 Saving config file
05:28:43 Saved config file successfully
05:29:43 saveConfig: auto-save-60s
05:29:43 Saving config file
05:29:43 Saved config file successfully
05:29:43 saveConfig: auto-save-60s
05:29:43 Saving config file
05:29:43 Saved config file successfully
05:30:43 saveConfig: auto-save-60s
05:30:43 Saving config file
05:30:43 Saved config file successfully
05:30:43 saveConfig: auto-save-60s
05:30:43 Saving config file
05:30:43 Saved config file successfully
05:31:43 saveConfig: auto-save-60s
05:31:43 Saving config file
05:31:43 Saved config file successfully
05:31:43 saveConfig: auto-save-60s
05:31:43 Saving config file
05:31:43 Saved config file successfully
05:32:43 saveConfig: auto-save-60s
05:32:43 Saving config file
05:32:43 Saved config file successfully
05:32:43 saveConfig: auto-save-60s
05:32:43 Saving config file
05:32:43 Saved config file successfully
05:33:43 saveConfig: auto-save-60s
05:33:43 Saving config file
05:33:43 Saved config file successfully
05:33:43 saveConfig: auto-save-60s
05:33:43 Saving config file
05:33:43 Saved config file successfully
05:34:43 saveConfig: auto-save-60s
05:34:43 Saving config file
05:34:43 Saved config file successfully
05:34:43 saveConfig: auto-save-60s
05:34:43 Saving config file
05:34:43 Saved config file successfully
05:35:43 saveConfig: auto-save-60s
05:35:43 Saving config file
05:35:43 Saved config file successfully
05:35:43 saveConfig: auto-save-60s
05:35:43 Saving config file
05:35:43 Saved config file successfully
05:36:43 saveConfig: auto-save-60s
05:36:43 Saving config file
05:36:43 Saved config file successfully
05:36:43 saveConfig: auto-save-60s
05:36:43 Saving config file
05:36:43 Saved config file successfully
05:37:43 saveConfig: auto-save-60s
05:37:43 Saving config file
05:37:43 Saved config file successfully
05:37:43 saveConfig: auto-save-60s
05:37:43 Saving config file
05:37:43 Saved config file successfully
05:38:43 saveConfig: auto-save-60s
05:38:43 Saving config file
05:38:43 Saved config file successfully
05:38:43 saveConfig: auto-save-60s
05:38:43 Saving config file
05:38:43 Saved config file successfully
05:39:43 saveConfig: auto-save-60s
05:39:43 Saving config file
05:39:43 Saved config file successfully
05:39:43 saveConfig: auto-save-60s
05:39:43 Saving config file
05:39:43 Saved config file successfully
05:40:43 saveConfig: auto-save-60s
05:40:43 Saving config file
05:40:43 Saved config file successfully
05:40:43 saveConfig: auto-save-60s
05:40:43 Saving config file
05:40:43 Saved config file successfully
05:41:43 saveConfig: auto-save-60s
05:41:43 Saving config file
05:41:43 Saved config file successfully
05:41:43 saveConfig: auto-save-60s
05:41:43 Saving config file
05:41:43 Saved config file successfully
05:42:43 saveConfig: auto-save-60s
05:42:43 Saving config file
05:42:43 Saved config file successfully
05:42:43 saveConfig: auto-save-60s
05:42:43 Saving config file
05:42:43 Saved config file successfully
05:43:43 saveConfig: auto-save-60s
05:43:43 Saving config file
05:43:43 Saved config file successfully
05:43:43 saveConfig: auto-save-60s
05:43:43 Saving config file
05:43:43 Saved config file successfully
05:44:43 saveConfig: auto-save-60s
05:44:43 Saving config file
05:44:43 Saved config file successfully
05:44:43 saveConfig: auto-save-60s
05:44:43 Saving config file
05:44:43 Saved config file successfully
05:45:43 saveConfig: auto-save-60s
05:45:43 Saving config file
05:45:43 Saved config file successfully
05:45:43 saveConfig: auto-save-60s
05:45:43 Saving config file
05:45:43 Saved config file successfully
05:46:43 saveConfig: auto-save-60s
05:46:43 Saving config file
05:46:43 Saved config file successfully
05:46:43 saveConfig: auto-save-60s
05:46:43 Saving config file
05:46:43 Saved config file successfully
05:47:43 saveConfig: auto-save-60s
05:47:43 Saving config file
05:47:43 Saved config file successfully
05:47:43 saveConfig: auto-save-60s
05:47:43 Saving config file
05:47:43 Saved config file successfully
05:48:43 saveConfig: auto-save-60s
05:48:43 Saving config file
05:48:43 Saved config file successfully
05:48:43 saveConfig: auto-save-60s
05:48:43 Saving config file
05:48:43 Saved config file successfully
05:49:43 saveConfig: auto-save-60s
05:49:43 Saving config file
05:49:43 Saved config file successfully
05:49:43 saveConfig: auto-save-60s
05:49:43 Saving config file
05:49:43 Saved config file successfully
05:50:43 saveConfig: auto-save-60s
05:50:43 Saving config file
05:50:43 Saved config file successfully
05:50:43 saveConfig: auto-save-60s
05:50:43 Saving config file
05:50:43 Saved config file successfully
05:51:43 saveConfig: auto-save-60s
05:51:43 Saving config file
05:51:43 Saved config file successfully
05:51:43 saveConfig: auto-save-60s
05:51:43 Saving config file
05:51:43 Saved config file successfully
05:52:43 saveConfig: auto-save-60s
05:52:43 Saving config file
05:52:43 Saved config file successfully
05:52:43 saveConfig: auto-save-60s
05:52:43 Saving config file
05:52:43 Saved config file successfully
05:53:20 saveConfig: shutdown-hook
05:53:20 Saving config file
