00:17:25 §e[SkyHanni] §eYou have §62 §eitems in stash. §eClick to §6pickup §eyour stash!§r
00:17:25 §e[SkyHanni] §bYou have §32.2k §bmaterials in stash, §btotalling §35 types§b. §bClick to §3pickup §byour stash!§r
00:17:32 §e[SkyHanni] Reloaded 7532 items in the NEU repo§r
00:18:42 §e[SkyHanni] §eYou have §62 §eitems in stash. §eClick to §6pickup §eyour stash!§r
00:18:42 §e[SkyHanni] §bYou have §32.2k §bmaterials in stash, §btotalling §35 types§b. §bClick to §3pickup §byour stash!§r
00:19:44 §a§lPotion Effect! §r§4Regeneration IV§r
00:19:44 §a§lPotion Effect! §r§4Strength V§r
00:19:44 §a§lPotion Effect! §r§4Critical III§r
00:19:44 §a§lPotion Effect! §r§9Speed III§r
00:19:44 §a§lPotion Effect! §r§aResistance V§r
00:19:44 §a§lPotion Effect! §r§bArchery III§r
00:24:31 §e[SkyHanni] §eYou have §62 §eitems in stash. §eClick to §6pickup §eyour stash!§r
00:24:31 §e[SkyHanni] §bYou have §32.2k §bmaterials in stash, §btotalling §35 types§b. §bClick to §3pickup §byour stash!§r
00:24:59 §e[SkyHanni] §eYou have §62 §eitems in stash. §eClick to §6pickup §eyour stash!§r
00:24:59 §e[SkyHanni] §bYou have §32.2k §bmaterials in stash, §btotalling §35 types§b. §bClick to §3pickup §byour stash!§r
00:25:11 §a§lPotion Effect! §r§4Regeneration IV§r
00:25:11 §a§lPotion Effect! §r§4Strength V§r
00:25:11 §a§lPotion Effect! §r§4Critical III§r
00:25:11 §a§lPotion Effect! §r§9Speed III§r
00:25:11 §a§lPotion Effect! §r§aResistance V§r
00:25:11 §a§lPotion Effect! §r§bArchery III§r
00:31:20 §e[SkyHanni] §eYou have §62 §eitems in stash. §eClick to §6pickup §eyour stash!§r
00:31:20 §e[SkyHanni] §bYou have §32.2k §bmaterials in stash, §btotalling §35 types§b. §bClick to §3pickup §byour stash!§r
00:33:11 §e[SkyHanni] §eYou have §62 §eitems in stash. §eClick to §6pickup §eyour stash!§r
00:33:11 §e[SkyHanni] §bYou have §32.2k §bmaterials in stash, §btotalling §35 types§b. §bClick to §3pickup §byour stash!§r
00:33:11 §a§lPotion Effect! §r§4Regeneration IV§r
00:33:11 §a§lPotion Effect! §r§4Strength V§r
00:33:11 §a§lPotion Effect! §r§4Critical III§r
00:33:11 §a§lPotion Effect! §r§9Speed III§r
00:33:11 §a§lPotion Effect! §r§aResistance V§r
00:33:11 §a§lPotion Effect! §r§bArchery III§r
00:38:45 §e[SkyHanni] §eYou have §62 §eitems in stash. §eClick to §6pickup §eyour stash!§r
00:38:45 §e[SkyHanni] §bYou have §32.2k §bmaterials in stash, §btotalling §35 types§b. §bClick to §3pickup §byour stash!§r
00:40:09 §e[SkyHanni] §eYou have §62 §eitems in stash. §eClick to §6pickup §eyour stash!§r
00:40:09 §e[SkyHanni] §bYou have §32.2k §bmaterials in stash, §btotalling §35 types§b. §bClick to §3pickup §byour stash!§r
00:40:20 §a§lPotion Effect! §r§4Regeneration IV§r
00:40:20 §a§lPotion Effect! §r§4Strength V§r
00:40:20 §a§lPotion Effect! §r§4Critical III§r
00:40:20 §a§lPotion Effect! §r§9Speed III§r
00:40:20 §a§lPotion Effect! §r§aResistance V§r
00:40:20 §a§lPotion Effect! §r§bArchery III§r
00:50:23 §e[SkyHanni] §eYou have §62 §eitems in stash. §eClick to §6pickup §eyour stash!§r
00:50:23 §e[SkyHanni] §bYou have §32.2k §bmaterials in stash, §btotalling §35 types§b. §bClick to §3pickup §byour stash!§r
00:51:22 §e[SkyHanni] §eYou have §62 §eitems in stash. §eClick to §6pickup §eyour stash!§r
00:51:22 §e[SkyHanni] §bYou have §32.2k §bmaterials in stash, §btotalling §35 types§b. §bClick to §3pickup §byour stash!§r
00:51:29 §e[SkyHanni] §eYou have §62 §eitems in stash. §eClick to §6pickup §eyour stash!§r
00:51:29 §e[SkyHanni] §bYou have §32.2k §bmaterials in stash, §btotalling §35 types§b. §bClick to §3pickup §byour stash!§r
00:52:57 §e[SkyHanni] §eYou have §62 §eitems in stash. §eClick to §6pickup §eyour stash!§r
00:53:30 §e[SkyHanni] §eYou have §62 §eitems in stash. §eClick to §6pickup §eyour stash!§r
00:53:30 §e[SkyHanni] §bYou have §32.2k §bmaterials in stash, §btotalling §35 types§b. §bClick to §3pickup §byour stash!§r
00:53:34 §e[SkyHanni] §eYou have §62 §eitems in stash. §eClick to §6pickup §eyour stash!§r
00:53:34 §e[SkyHanni] §bYou have §32.2k §bmaterials in stash, §btotalling §35 types§b. §bClick to §3pickup §byour stash!§r
00:54:35 §e[SkyHanni] §eYou have §62 §eitems in stash. §eClick to §6pickup §eyour stash!§r
00:54:35 §e[SkyHanni] §bYou have §32.2k §bmaterials in stash, §btotalling §35 types§b. §bClick to §3pickup §byour stash!§r
01:09:28 §e[SkyHanni] §eYou have §62 §eitems in stash. §eClick to §6pickup §eyour stash!§r
01:09:28 §e[SkyHanni] §bYou have §32.2k §bmaterials in stash, §btotalling §35 types§b. §bClick to §3pickup §byour stash!§r
01:31:32 §e[SkyHanni] §eYou have §62 §eitems in stash. §eClick to §6pickup §eyour stash!§r
01:31:32 §e[SkyHanni] §bYou have §32.2k §bmaterials in stash, §btotalling §35 types§b. §bClick to §3pickup §byour stash!§r
01:32:44 §e[SkyHanni] §eYou have §62 §eitems in stash. §eClick to §6pickup §eyour stash!§r
01:32:44 §e[SkyHanni] §bYou have §32.2k §bmaterials in stash, §btotalling §35 types§b. §bClick to §3pickup §byour stash!§r
01:33:42 §e[SkyHanni] §eYou have §62 §eitems in stash. §eClick to §6pickup §eyour stash!§r
01:33:42 §e[SkyHanni] §bYou have §32.2k §bmaterials in stash, §btotalling §35 types§b. §bClick to §3pickup §byour stash!§r
01:33:45 §a§lPotion Effect! §r§4Regeneration IV§r
01:33:45 §a§lPotion Effect! §r§4Strength V§r
01:33:45 §a§lPotion Effect! §r§4Critical III§r
01:33:45 §a§lPotion Effect! §r§9Speed III§r
01:33:45 §a§lPotion Effect! §r§aResistance V§r
01:33:45 §a§lPotion Effect! §r§bArchery III§r
01:35:03 §e[SkyHanni] §eYou have §62 §eitems in stash. §eClick to §6pickup §eyour stash!§r
01:35:03 §e[SkyHanni] §bYou have §32.2k §bmaterials in stash, §btotalling §35 types§b. §bClick to §3pickup §byour stash!§r
01:35:29 §e[SkyHanni] §eYou have §62 §eitems in stash. §eClick to §6pickup §eyour stash!§r
01:35:29 §e[SkyHanni] §bYou have §32.2k §bmaterials in stash, §btotalling §35 types§b. §bClick to §3pickup §byour stash!§r
01:35:32 §a§lPotion Effect! §r§4Regeneration IV§r
01:35:32 §a§lPotion Effect! §r§4Strength V§r
01:35:32 §a§lPotion Effect! §r§4Critical III§r
01:35:32 §a§lPotion Effect! §r§9Speed III§r
01:35:32 §a§lPotion Effect! §r§aResistance V§r
01:35:32 §a§lPotion Effect! §r§bArchery III§r
01:47:06 §e[SkyHanni] §eYou have §62 §eitems in stash. §eClick to §6pickup §eyour stash!§r
01:47:06 §e[SkyHanni] §bYou have §32.2k §bmaterials in stash, §btotalling §35 types§b. §bClick to §3pickup §byour stash!§r
01:47:29 §e[SkyHanni] §eYou have §62 §eitems in stash. §eClick to §6pickup §eyour stash!§r
01:47:29 §e[SkyHanni] §bYou have §32.2k §bmaterials in stash, §btotalling §35 types§b. §bClick to §3pickup §byour stash!§r
01:47:38 §a§lPotion Effect! §r§4Regeneration IV§r
01:47:38 §a§lPotion Effect! §r§4Strength V§r
01:47:38 §a§lPotion Effect! §r§4Critical III§r
01:47:38 §a§lPotion Effect! §r§9Speed III§r
01:47:38 §a§lPotion Effect! §r§aResistance V§r
01:47:38 §a§lPotion Effect! §r§bArchery III§r
01:49:06 §6§lBESTIARY §r§b§lCrypt Dreadlord §7§8XVIII §8➡§b §bXIX§r
01:56:08 §e[SkyHanni] §eYou have §62 §eitems in stash. §eClick to §6pickup §eyour stash!§r
01:56:08 §e[SkyHanni] §bYou have §32.2k §bmaterials in stash, §btotalling §35 types§b. §bClick to §3pickup §byour stash!§r
01:57:38 §e[SkyHanni] §eYou have §62 §eitems in stash. §eClick to §6pickup §eyour stash!§r
01:57:38 §e[SkyHanni] §bYou have §32.2k §bmaterials in stash, §btotalling §35 types§b. §bClick to §3pickup §byour stash!§r
01:58:07 §e[SkyHanni] §b+2 SkyBlock XP §7(Essence Shop§7)§b (79/100)§r
01:58:08 §e[SkyHanni] §b+2 SkyBlock XP §7(Essence Shop§7)§b (81/100)§r
01:58:42 §e[SkyHanni] §b+2 SkyBlock XP §7(Essence Shop§7)§b (83/100)§r
01:58:55 §e[SkyHanni] §b+3 SkyBlock XP §7(Essence Shop§7)§b (86/100)§r
02:12:40 §e[SkyHanni] §eYou have §62 §eitems in stash. §eClick to §6pickup §eyour stash!§r
02:12:40 §e[SkyHanni] §bYou have §32.2k §bmaterials in stash, §btotalling §35 types§b. §bClick to §3pickup §byour stash!§r
02:12:45 §a§lPotion Effect! §r§4Regeneration IV§r
02:12:45 §a§lPotion Effect! §r§4Strength V§r
02:12:45 §a§lPotion Effect! §r§4Critical III§r
02:12:45 §a§lPotion Effect! §r§9Speed III§r
02:12:45 §a§lPotion Effect! §r§aResistance V§r
02:12:45 §a§lPotion Effect! §r§bArchery III§r
02:22:28 §6§lBESTIARY §r§b§lWithermancer §7§8XVII §8➡§b §bXVIII§r
02:31:18 §e[SkyHanni] §eYou have §62 §eitems in stash. §eClick to §6pickup §eyour stash!§r
02:31:18 §e[SkyHanni] §bYou have §32.2k §bmaterials in stash, §btotalling §35 types§b. §bClick to §3pickup §byour stash!§r
02:32:14 §e[SkyHanni] §eYou have §62 §eitems in stash. §eClick to §6pickup §eyour stash!§r
02:32:14 §e[SkyHanni] §bYou have §32.2k §bmaterials in stash, §btotalling §35 types§b. §bClick to §3pickup §byour stash!§r
02:32:55 §e[SkyHanni] §eRemoved invalid Account Upgrade information.§r
02:40:24 §e[SkyHanni] §eYou have §62 §eitems in stash. §eClick to §6pickup §eyour stash!§r
02:40:24 §e[SkyHanni] §bYou have §32.2k §bmaterials in stash, §btotalling §35 types§b. §bClick to §3pickup §byour stash!§r
02:41:17 §e[SkyHanni] §eYou have §62 §eitems in stash. §eClick to §6pickup §eyour stash!§r
02:41:17 §e[SkyHanni] §bYou have §32.2k §bmaterials in stash, §btotalling §35 types§b. §bClick to §3pickup §byour stash!§r
02:52:17 §e[SkyHanni] §b+5 SkyBlock XP §7(Complete Objective§7)§b (92/100)§r
02:55:35 §e[SkyHanni] §eYou have §62 §eitems in stash. §eClick to §6pickup §eyour stash!§r
02:55:35 §e[SkyHanni] §bYou have §32.2k §bmaterials in stash, §btotalling §35 types§b. §bClick to §3pickup §byour stash!§r
02:59:57 §e[SkyHanni] §eYou have §62 §eitems in stash. §eClick to §6pickup §eyour stash!§r
02:59:57 §e[SkyHanni] §bYou have §32.2k §bmaterials in stash, §btotalling §35 types§b. §bClick to §3pickup §byour stash!§r
03:01:09 §e[SkyHanni] §eYou have §62 §eitems in stash. §eClick to §6pickup §eyour stash!§r
03:01:09 §e[SkyHanni] §bYou have §32.2k §bmaterials in stash, §btotalling §35 types§b. §bClick to §3pickup §byour stash!§r
03:03:36 §a§lPotion Effect! §r§4Regeneration IV§r
03:03:36 §a§lPotion Effect! §r§4Strength V§r
03:03:36 §a§lPotion Effect! §r§4Critical III§r
03:03:36 §a§lPotion Effect! §r§9Speed III§r
03:03:36 §a§lPotion Effect! §r§aResistance V§r
03:03:36 §a§lPotion Effect! §r§bArchery III§r
03:07:05 §e[SkyHanni] §eYou have §62 §eitems in stash. §eClick to §6pickup §eyour stash!§r
03:07:05 §e[SkyHanni] §bYou have §32.2k §bmaterials in stash, §btotalling §35 types§b. §bClick to §3pickup §byour stash!§r
03:07:41 §e[SkyHanni] §eYou have §62 §eitems in stash. §eClick to §6pickup §eyour stash!§r
03:07:41 §e[SkyHanni] §bYou have §32.2k §bmaterials in stash, §btotalling §35 types§b. §bClick to §3pickup §byour stash!§r
03:09:22 §e[SkyHanni] §eYou have §62 §eitems in stash. §eClick to §6pickup §eyour stash!§r
03:09:22 §e[SkyHanni] §bYou have §32.2k §bmaterials in stash, §btotalling §35 types§b. §bClick to §3pickup §byour stash!§r
03:10:21 §e[SkyHanni] §eYou have §62 §eitems in stash. §eClick to §6pickup §eyour stash!§r
03:10:21 §e[SkyHanni] §bYou have §32.2k §bmaterials in stash, §btotalling §35 types§b. §bClick to §3pickup §byour stash!§r
03:11:54 §e[SkyHanni] Successfully loaded this year's contests from elitebot.dev automatically!§r
03:11:56 §e[SkyHanni] §eYou have §62 §eitems in stash. §eClick to §6pickup §eyour stash!§r
03:11:56 §e[SkyHanni] §bYou have §32.2k §bmaterials in stash, §btotalling §35 types§b. §bClick to §3pickup §byour stash!§r
03:12:11 §e[SkyHanni] §eYou have §62 §eitems in stash. §eClick to §6pickup §eyour stash!§r
03:12:11 §e[SkyHanni] §bYou have §32.2k §bmaterials in stash, §btotalling §35 types§b. §bClick to §3pickup §byour stash!§r
03:12:45 §e[SkyHanni] You have gained §b250 §eBits.§r
03:13:05 §e[SkyHanni] §eYou have §62 §eitems in stash. §eClick to §6pickup §eyour stash!§r
03:13:05 §e[SkyHanni] §bYou have §32.2k §bmaterials in stash, §btotalling §35 types§b. §bClick to §3pickup §byour stash!§r
03:13:24 §e[SkyHanni] §eYou have §62 §eitems in stash. §eClick to §6pickup §eyour stash!§r
03:13:24 §e[SkyHanni] §bYou have §32.2k §bmaterials in stash, §btotalling §35 types§b. §bClick to §3pickup §byour stash!§r
03:13:58 §e[SkyHanni] You have gained §b5 §eBits.§r
03:14:02 §e[SkyHanni] §aBanker Broadjaw §eis visiting your garden!§r
03:14:35 §e[SkyHanni] You have gained §b5 §eBits.§r
03:15:55 §e[SkyHanni] §eYou have §62 §eitems in stash. §eClick to §6pickup §eyour stash!§r
03:15:55 §e[SkyHanni] §bYou have §32.2k §bmaterials in stash, §btotalling §35 types§b. §bClick to §3pickup §byour stash!§r
05:23:30 §e[SkyHanni] §eYou have §62 §eitems in stash. §eClick to §6pickup §eyour stash!§r
05:23:30 §e[SkyHanni] §bYou have §32.2k §bmaterials in stash, §btotalling §35 types§b. §bClick to §3pickup §byour stash!§r
05:25:24 §e[SkyHanni] §eYou have §62 §eitems in stash. §eClick to §6pickup §eyour stash!§r
05:25:24 §e[SkyHanni] §bYou have §32.2k §bmaterials in stash, §btotalling §35 types§b. §bClick to §3pickup §byour stash!§r
05:25:41 §e[SkyHanni] §eYou have §62 §eitems in stash. §eClick to §6pickup §eyour stash!§r
05:25:41 §e[SkyHanni] §bYou have §32.2k §bmaterials in stash, §btotalling §35 types§b. §bClick to §3pickup §byour stash!§r
05:25:54 §a§lPotion Effect! §r§4Regeneration IV§r
05:25:54 §a§lPotion Effect! §r§4Strength V§r
05:25:54 §a§lPotion Effect! §r§4Critical III§r
05:25:54 §a§lPotion Effect! §r§9Speed III§r
05:25:54 §a§lPotion Effect! §r§aResistance V§r
05:25:54 §a§lPotion Effect! §r§bArchery III§r
05:37:58 §e[SkyHanni] You have gained §b245 §eBits.§r
05:38:18 §e[SkyHanni] §eYou have §62 §eitems in stash. §eClick to §6pickup §eyour stash!§r
05:38:18 §e[SkyHanni] §bYou have §32.2k §bmaterials in stash, §btotalling §35 types§b. §bClick to §3pickup §byour stash!§r
05:39:17 §e[SkyHanni] §eYou have §62 §eitems in stash. §eClick to §6pickup §eyour stash!§r
05:39:17 §e[SkyHanni] §bYou have §32.2k §bmaterials in stash, §btotalling §35 types§b. §bClick to §3pickup §byour stash!§r
05:40:19 §e[SkyHanni] §eYou have §62 §eitems in stash. §eClick to §6pickup §eyour stash!§r
05:40:19 §e[SkyHanni] §bYou have §32.2k §bmaterials in stash, §btotalling §35 types§b. §bClick to §3pickup §byour stash!§r
05:40:22 §a§lPotion Effect! §r§4Regeneration IV§r
05:40:22 §a§lPotion Effect! §r§4Strength V§r
05:40:22 §a§lPotion Effect! §r§4Critical III§r
05:40:22 §a§lPotion Effect! §r§9Speed III§r
05:40:22 §a§lPotion Effect! §r§aResistance V§r
05:40:22 §a§lPotion Effect! §r§bArchery III§r
05:53:19 §e[SkyHanni] §b+4 SkyBlock XP §7(Class Level Up§7)§b (18/100)§r
05:53:24 §e[SkyHanni] You have gained §b275 §eBits.§r
05:53:32 §e[SkyHanni] §eYou have §62 §eitems in stash. §eClick to §6pickup §eyour stash!§r
05:53:32 §e[SkyHanni] §bYou have §32.2k §bmaterials in stash, §btotalling §35 types§b. §bClick to §3pickup §byour stash!§r
05:54:04 §e[SkyHanni] §eYou have §62 §eitems in stash. §eClick to §6pickup §eyour stash!§r
05:54:04 §e[SkyHanni] §bYou have §32.2k §bmaterials in stash, §btotalling §35 types§b. §bClick to §3pickup §byour stash!§r
05:54:09 §a§lPotion Effect! §r§4Regeneration IV§r
05:54:09 §a§lPotion Effect! §r§4Strength V§r
05:54:09 §a§lPotion Effect! §r§4Critical III§r
05:54:09 §a§lPotion Effect! §r§9Speed III§r
05:54:09 §a§lPotion Effect! §r§aResistance V§r
05:54:09 §a§lPotion Effect! §r§bArchery III§r
05:54:16 §6§lBESTIARY §r§b§lZombie Lord §7§8XI §8➡§b §bXII§r
05:58:00 §6§lBESTIARY §r§b§lSuper Archer §7§8XVII §8➡§b §bXVIII§r
06:05:35 §e[SkyHanni] §eYou have §62 §eitems in stash. §eClick to §6pickup §eyour stash!§r
06:05:35 §e[SkyHanni] §bYou have §32.2k §bmaterials in stash, §btotalling §35 types§b. §bClick to §3pickup §byour stash!§r
06:07:46 §c[SkyHanni 4.0.0 1.8.9]: Error rendering§c. Click here to copy the error into the clipboard.§r
06:07:58 §e[SkyHanni] §eYou have §62 §eitems in stash. §eClick to §6pickup §eyour stash!§r
06:07:58 §e[SkyHanni] §bYou have §32.2k §bmaterials in stash, §btotalling §35 types§b. §bClick to §3pickup §byour stash!§r
06:07:59 §a§lPotion Effect! §r§4Regeneration IV§r
06:07:59 §a§lPotion Effect! §r§4Strength V§r
06:07:59 §a§lPotion Effect! §r§4Critical III§r
06:07:59 §a§lPotion Effect! §r§9Speed III§r
06:07:59 §a§lPotion Effect! §r§aResistance V§r
06:07:59 §a§lPotion Effect! §r§bArchery III§r
06:12:04 §6§lBESTIARY §r§b§lSkeleton Lord §7§8XI §8➡§b §bXII§r
06:22:53 §e[SkyHanni] §eYou have §62 §eitems in stash. §eClick to §6pickup §eyour stash!§r
06:22:53 §e[SkyHanni] §bYou have §32.2k §bmaterials in stash, §btotalling §35 types§b. §bClick to §3pickup §byour stash!§r
06:24:29 §e[SkyHanni] §eYou have §62 §eitems in stash. §eClick to §6pickup §eyour stash!§r
06:24:29 §e[SkyHanni] §bYou have §32.2k §bmaterials in stash, §btotalling §35 types§b. §bClick to §3pickup §byour stash!§r
06:24:29 §a§lPotion Effect! §r§4Regeneration IV§r
06:24:29 §a§lPotion Effect! §r§4Strength V§r
06:24:29 §a§lPotion Effect! §r§4Critical III§r
06:24:29 §a§lPotion Effect! §r§9Speed III§r
06:24:29 §a§lPotion Effect! §r§aResistance V§r
06:24:29 §a§lPotion Effect! §r§bArchery III§r
06:26:11 §6§lBESTIARY §r§b§lCrypt Souleater §7§8XVI §8➡§b §bXVII§r
06:28:46 §6§lBESTIARY §r§b§lSuper Tank Zombie §7§8XVI §8➡§b §bXVII§r
06:36:58 §e[SkyHanni] §eYou have §62 §eitems in stash. §eClick to §6pickup §eyour stash!§r
06:36:58 §e[SkyHanni] §bYou have §32.2k §bmaterials in stash, §btotalling §35 types§b. §bClick to §3pickup §byour stash!§r
06:37:40 §e[SkyHanni] §eYou have §62 §eitems in stash. §eClick to §6pickup §eyour stash!§r
06:37:40 §e[SkyHanni] §bYou have §32.2k §bmaterials in stash, §btotalling §35 types§b. §bClick to §3pickup §byour stash!§r
06:37:41 §a§lPotion Effect! §r§4Regeneration IV§r
06:37:41 §a§lPotion Effect! §r§4Strength V§r
06:37:41 §a§lPotion Effect! §r§4Critical III§r
06:37:41 §a§lPotion Effect! §r§9Speed III§r
06:37:41 §a§lPotion Effect! §r§aResistance V§r
06:37:41 §a§lPotion Effect! §r§bArchery III§r
06:49:22 §e[SkyHanni] §eYou have §62 §eitems in stash. §eClick to §6pickup §eyour stash!§r
06:49:22 §e[SkyHanni] §bYou have §32.2k §bmaterials in stash, §btotalling §35 types§b. §bClick to §3pickup §byour stash!§r
06:51:12 §e[SkyHanni] §eYou have §62 §eitems in stash. §eClick to §6pickup §eyour stash!§r
06:51:12 §e[SkyHanni] §bYou have §32.2k §bmaterials in stash, §btotalling §35 types§b. §bClick to §3pickup §byour stash!§r
07:05:31 §e[SkyHanni] §eYou have §62 §eitems in stash. §eClick to §6pickup §eyour stash!§r
07:05:31 §e[SkyHanni] §bYou have §32.2k §bmaterials in stash, §btotalling §35 types§b. §bClick to §3pickup §byour stash!§r
07:10:13 §e[SkyHanni] §eYou have §62 §eitems in stash. §eClick to §6pickup §eyour stash!§r
07:10:13 §e[SkyHanni] §bYou have §32.2k §bmaterials in stash, §btotalling §35 types§b. §bClick to §3pickup §byour stash!§r
07:11:27 §6§lBESTIARY §r§b§lSniper §7§8VIII §8➡§b §bIX§r
07:36:24 §e[SkyHanni] §eYou have §62 §eitems in stash. §eClick to §6pickup §eyour stash!§r
07:36:24 §e[SkyHanni] §bYou have §32.2k §bmaterials in stash, §btotalling §35 types§b. §bClick to §3pickup §byour stash!§r
07:36:35 §a§lPotion Effect! §r§4Regeneration IV§r
07:36:35 §a§lPotion Effect! §r§4Strength V§r
07:36:35 §a§lPotion Effect! §r§4Critical III§r
07:36:35 §a§lPotion Effect! §r§9Speed III§r
07:36:35 §a§lPotion Effect! §r§aResistance V§r
07:36:35 §a§lPotion Effect! §r§bArchery III§r
07:41:58 §e[SkyHanni] Low on arrows §e(100 left)§r
07:45:45 §e[SkyHanni] Low on arrows §e(99 left)§r
07:48:28 §e[SkyHanni] Low on arrows §e(96 left)§r
07:49:02 §e[SkyHanni] Low on arrows §e(95 left)§r
07:49:44 §e[SkyHanni] Low on arrows §e(90 left)§r
07:50:18 §e[SkyHanni] Low on arrows §e(80 left)§r
07:50:48 §e[SkyHanni] Low on arrows §e(37 left)§r
07:51:19 §e[SkyHanni] Low on arrows §e(14 left)§r
07:52:02 §e[SkyHanni] Low on arrows §e(9 left)§r
07:53:48 §e[SkyHanni] §eYou have §62 §eitems in stash. §eClick to §6pickup §eyour stash!§r
07:53:48 §e[SkyHanni] §bYou have §32.2k §bmaterials in stash, §btotalling §35 types§b. §bClick to §3pickup §byour stash!§r
07:56:59 §e[SkyHanni] §eYou have §62 §eitems in stash. §eClick to §6pickup §eyour stash!§r
07:56:59 §e[SkyHanni] §bYou have §32.2k §bmaterials in stash, §btotalling §35 types§b. §bClick to §3pickup §byour stash!§r
07:57:05 §a§lPotion Effect! §r§4Regeneration IV§r
07:57:05 §a§lPotion Effect! §r§4Strength V§r
07:57:05 §a§lPotion Effect! §r§4Critical III§r
07:57:05 §a§lPotion Effect! §r§9Speed III§r
07:57:05 §a§lPotion Effect! §r§aResistance V§r
07:57:05 §a§lPotion Effect! §r§bArchery III§r
07:57:47 §e[SkyHanni] You have gained §b1,100 §eBits.§r
07:58:08 §e[SkyHanni] §eYou have §62 §eitems in stash. §eClick to §6pickup §eyour stash!§r
07:58:08 §e[SkyHanni] §bYou have §32.2k §bmaterials in stash, §btotalling §35 types§b. §bClick to §3pickup §byour stash!§r
07:58:15 §a§lPotion Effect! §r§4Regeneration IV§r
07:58:15 §a§lPotion Effect! §r§4Strength V§r
07:58:15 §a§lPotion Effect! §r§4Critical III§r
07:58:15 §a§lPotion Effect! §r§9Speed III§r
07:58:15 §a§lPotion Effect! §r§aResistance V§r
07:58:15 §a§lPotion Effect! §r§bArchery III§r
08:08:39 §e[SkyHanni] §eYou have §62 §eitems in stash. §eClick to §6pickup §eyour stash!§r
08:08:39 §e[SkyHanni] §bYou have §32.2k §bmaterials in stash, §btotalling §35 types§b. §bClick to §3pickup §byour stash!§r
08:09:16 §e[SkyHanni] §eYou have §62 §eitems in stash. §eClick to §6pickup §eyour stash!§r
08:09:16 §e[SkyHanni] §bYou have §32.2k §bmaterials in stash, §btotalling §35 types§b. §bClick to §3pickup §byour stash!§r
08:09:24 §a§lPotion Effect! §r§4Regeneration IV§r
08:09:24 §a§lPotion Effect! §r§4Strength V§r
08:09:24 §a§lPotion Effect! §r§4Critical III§r
08:09:24 §a§lPotion Effect! §r§9Speed III§r
08:09:24 §a§lPotion Effect! §r§aResistance V§r
08:09:24 §a§lPotion Effect! §r§bArchery III§r
08:24:37 §e[SkyHanni] §eYou have §62 §eitems in stash. §eClick to §6pickup §eyour stash!§r
08:24:37 §e[SkyHanni] §bYou have §32.2k §bmaterials in stash, §btotalling §35 types§b. §bClick to §3pickup §byour stash!§r
08:26:56 §e[SkyHanni] §eYou have §62 §eitems in stash. §eClick to §6pickup §eyour stash!§r
08:26:56 §e[SkyHanni] §bYou have §32.2k §bmaterials in stash, §btotalling §35 types§b. §bClick to §3pickup §byour stash!§r
08:27:11 §a§lPotion Effect! §r§4Regeneration IV§r
08:27:11 §a§lPotion Effect! §r§4Strength V§r
08:27:11 §a§lPotion Effect! §r§4Critical III§r
08:27:11 §a§lPotion Effect! §r§9Speed III§r
08:27:11 §a§lPotion Effect! §r§aResistance V§r
08:27:11 §a§lPotion Effect! §r§bArchery III§r
08:30:08 §e[SkyHanni] §eYou have §62 §eitems in stash. §eClick to §6pickup §eyour stash!§r
08:30:08 §e[SkyHanni] §bYou have §32.2k §bmaterials in stash, §btotalling §35 types§b. §bClick to §3pickup §byour stash!§r
08:30:32 §e[SkyHanni] §eYou have §62 §eitems in stash. §eClick to §6pickup §eyour stash!§r
08:30:32 §e[SkyHanni] §bYou have §32.2k §bmaterials in stash, §btotalling §35 types§b. §bClick to §3pickup §byour stash!§r
08:30:47 §a§lPotion Effect! §r§4Regeneration IV§r
08:30:47 §a§lPotion Effect! §r§4Strength V§r
08:30:47 §a§lPotion Effect! §r§4Critical III§r
08:30:47 §a§lPotion Effect! §r§9Speed III§r
08:30:47 §a§lPotion Effect! §r§aResistance V§r
08:30:47 §a§lPotion Effect! §r§bArchery III§r
08:49:54 §e[SkyHanni] §eYou have §62 §eitems in stash. §eClick to §6pickup §eyour stash!§r
08:49:55 §e[SkyHanni] §bYou have §32.2k §bmaterials in stash, §btotalling §35 types§b. §bClick to §3pickup §byour stash!§r
08:50:31 §e[SkyHanni] §eYou have §62 §eitems in stash. §eClick to §6pickup §eyour stash!§r
08:50:31 §e[SkyHanni] §bYou have §32.2k §bmaterials in stash, §btotalling §35 types§b. §bClick to §3pickup §byour stash!§r
08:50:44 §a§lPotion Effect! §r§4Regeneration IV§r
08:50:44 §a§lPotion Effect! §r§4Strength V§r
08:50:44 §a§lPotion Effect! §r§4Critical III§r
08:50:44 §a§lPotion Effect! §r§9Speed III§r
08:50:44 §a§lPotion Effect! §r§aResistance V§r
08:50:44 §a§lPotion Effect! §r§bArchery III§r
09:04:56 §e[SkyHanni] You have gained §b575 §eBits.§r
09:05:42 §e[SkyHanni] §eYou have §63 §eitems in stash. §eClick to §6pickup §eyour stash!§r
09:05:42 §e[SkyHanni] §bYou have §32.2k §bmaterials in stash, §btotalling §35 types§b. §bClick to §3pickup §byour stash!§r
09:06:19 §e[SkyHanni] §eYou have §63 §eitems in stash. §eClick to §6pickup §eyour stash!§r
09:06:19 §e[SkyHanni] §bYou have §32.2k §bmaterials in stash, §btotalling §35 types§b. §bClick to §3pickup §byour stash!§r
09:06:27 §a§lPotion Effect! §r§4Regeneration IV§r
09:06:27 §a§lPotion Effect! §r§4Strength V§r
09:06:27 §a§lPotion Effect! §r§4Critical III§r
09:06:27 §a§lPotion Effect! §r§9Speed III§r
09:06:27 §a§lPotion Effect! §r§aResistance V§r
09:06:27 §a§lPotion Effect! §r§bArchery III§r
09:11:37 §6§lBESTIARY §r§b§lUndead Skeleton §7§8XIX §8➡§b §bXX§r
09:18:26 §e[SkyHanni] §b+1 SkyBlock XP §7(Class Level Up§7)§b (53/100)§r
09:19:23 §e[SkyHanni] §eYou have §63 §eitems in stash. §eClick to §6pickup §eyour stash!§r
09:19:24 §e[SkyHanni] §bYou have §32.2k §bmaterials in stash, §btotalling §35 types§b. §bClick to §3pickup §byour stash!§r
09:23:26 §e[SkyHanni] §eYou have §610 §eitems in stash. §eClick to §6pickup §eyour stash!§r
09:24:26 §e[SkyHanni] §eYou have §624 §eitems in stash. §eClick to §6pickup §eyour stash!§r
