05:38:14 Trying to load config from config\skyhanni\config.json
05:38:14 load-config-now
05:38:15 Loaded config from file
05:38:15 Trying to load sacks from config\skyhanni\sacks.json
05:38:15 Setting sacks to be blank as it did not exist. It will be saved once something is written to it
05:38:15 Trying to load friends from config\skyhanni\friends.json
05:38:15 load-friends-now
05:38:15 Loaded friends from file
05:38:15 Trying to load known_features from config\skyhanni\known_features.json
05:38:15 load-known_features-now
05:38:15 Loaded known_features from file
05:38:15 Trying to load jacob_contests from config\skyhanni\jacob_contests.json
05:38:15 Setting jacob_contests to be blank as it did not exist. It will be saved once something is written to it
05:38:15 Trying to load visual_words from config\skyhanni\visual_words.json
05:38:15 Setting visual_words to be blank as it did not exist. It will be saved once something is written to it
05:38:15 Trying to load pets from config\skyhanni\pets.json
05:38:15 Setting pets to be blank as it did not exist. It will be saved once something is written to it
05:38:38 saveConfig: Updated known feature flags
05:38:38 Saving known_features file
05:38:38 Saved known_features file successfully
05:38:38 saveConfig: Updated known feature flags
05:38:38 Saving known_features file
05:38:38 Saved known_features file successfully
05:38:44 saveConfig: close-gui
05:38:44 Saving config file
05:38:44 Saved config file successfully
05:38:44 saveConfig: close-gui
05:38:44 Saving config file
05:38:44 Saved config file successfully
05:39:15 saveConfig: auto-save-60s
05:39:15 Saving config file
05:39:15 Saved config file successfully
05:39:15 saveConfig: auto-save-60s
05:39:15 Saving config file
05:39:15 Saved config file successfully
05:40:15 saveConfig: auto-save-60s
05:40:15 Saving config file
05:40:15 Saved config file successfully
05:40:15 saveConfig: auto-save-60s
05:40:15 Saving config file
05:40:15 Saved config file successfully
05:41:15 saveConfig: auto-save-60s
05:41:15 Saving config file
05:41:15 Saved config file successfully
05:41:15 saveConfig: auto-save-60s
05:41:15 Saving config file
05:41:15 Saved config file successfully
05:42:15 saveConfig: auto-save-60s
05:42:15 Saving config file
05:42:15 Saved config file successfully
05:42:15 saveConfig: auto-save-60s
05:42:15 Saving config file
05:42:15 Saved config file successfully
05:43:15 saveConfig: auto-save-60s
05:43:15 Saving config file
05:43:15 Saved config file successfully
05:43:15 saveConfig: auto-save-60s
05:43:15 Saving config file
05:43:15 Saved config file successfully
05:44:15 saveConfig: auto-save-60s
05:44:15 Saving config file
05:44:15 Saved config file successfully
05:44:15 saveConfig: auto-save-60s
05:44:15 Saving config file
05:44:15 Saved config file successfully
05:45:15 saveConfig: auto-save-60s
05:45:15 Saving config file
05:45:15 Saved config file successfully
05:45:15 saveConfig: auto-save-60s
05:45:15 Saving config file
05:45:15 Saved config file successfully
05:46:06 saveConfig: close-gui
05:46:06 Saving config file
05:46:06 Saved config file successfully
05:46:06 saveConfig: close-gui
05:46:06 Saving config file
05:46:06 Saved config file successfully
05:46:15 saveConfig: auto-save-60s
05:46:15 Saving config file
05:46:15 Saved config file successfully
05:46:15 saveConfig: auto-save-60s
05:46:15 Saving config file
05:46:15 Saved config file successfully
05:47:15 saveConfig: auto-save-60s
05:47:15 Saving config file
05:47:15 Saved config file successfully
05:47:15 saveConfig: auto-save-60s
05:47:15 Saving config file
05:47:15 Saved config file successfully
05:48:15 saveConfig: auto-save-60s
05:48:15 Saving config file
05:48:15 Saved config file successfully
05:48:15 saveConfig: auto-save-60s
05:48:15 Saving config file
05:48:15 Saved config file successfully
05:49:15 saveConfig: auto-save-60s
05:49:15 Saving config file
05:49:15 Saved config file successfully
05:49:15 saveConfig: auto-save-60s
05:49:15 Saving config file
05:49:15 Saved config file successfully
05:50:15 saveConfig: auto-save-60s
05:50:15 Saving config file
05:50:15 Saved config file successfully
05:50:15 saveConfig: auto-save-60s
05:50:15 Saving config file
05:50:15 Saved config file successfully
05:51:15 saveConfig: auto-save-60s
05:51:15 Saving config file
05:51:15 Saved config file successfully
05:51:15 saveConfig: auto-save-60s
05:51:15 Saving config file
05:51:15 Saved config file successfully
05:52:15 saveConfig: auto-save-60s
05:52:15 Saving config file
05:52:15 Saved config file successfully
05:52:15 saveConfig: auto-save-60s
05:52:15 Saving config file
05:52:15 Saved config file successfully
05:53:15 saveConfig: auto-save-60s
05:53:15 Saving config file
05:53:15 Saved config file successfully
05:53:15 saveConfig: auto-save-60s
05:53:15 Saving config file
05:53:15 Saved config file successfully
05:54:15 saveConfig: auto-save-60s
05:54:15 Saving config file
05:54:15 Saved config file successfully
05:54:15 saveConfig: auto-save-60s
05:54:15 Saving config file
05:54:15 Saved config file successfully
05:55:15 saveConfig: auto-save-60s
05:55:15 Saving config file
05:55:15 Saved config file successfully
05:55:15 saveConfig: auto-save-60s
05:55:15 Saving config file
05:55:15 Saved config file successfully
05:56:15 saveConfig: auto-save-60s
05:56:15 Saving config file
05:56:15 Saved config file successfully
05:56:15 saveConfig: auto-save-60s
05:56:15 Saving config file
05:56:15 Saved config file successfully
05:57:15 saveConfig: auto-save-60s
05:57:15 Saving config file
05:57:15 Saved config file successfully
05:57:15 saveConfig: auto-save-60s
05:57:15 Saving config file
05:57:15 Saved config file successfully
05:58:15 saveConfig: auto-save-60s
05:58:15 Saving config file
05:58:15 Saved config file successfully
05:58:15 saveConfig: auto-save-60s
05:58:15 Saving config file
05:58:15 Saved config file successfully
05:59:15 saveConfig: auto-save-60s
05:59:15 Saving config file
05:59:15 Saved config file successfully
05:59:15 saveConfig: auto-save-60s
05:59:15 Saving config file
05:59:15 Saved config file successfully
06:00:15 saveConfig: auto-save-60s
06:00:15 Saving config file
06:00:15 Saved config file successfully
06:00:15 saveConfig: auto-save-60s
06:00:15 Saving config file
06:00:15 Saved config file successfully
06:01:15 saveConfig: auto-save-60s
06:01:15 Saving config file
06:01:15 Saved config file successfully
06:01:15 saveConfig: auto-save-60s
06:01:15 Saving config file
06:01:15 Saved config file successfully
06:02:15 saveConfig: auto-save-60s
06:02:15 Saving config file
06:02:15 Saved config file successfully
06:02:15 saveConfig: auto-save-60s
06:02:15 Saving config file
06:02:15 Saved config file successfully
06:03:15 saveConfig: close-gui
06:03:15 Saving config file
06:03:15 Saved config file successfully
06:03:15 saveConfig: close-gui
06:03:15 Saving config file
06:03:15 Saved config file successfully
06:03:15 saveConfig: auto-save-60s
06:03:15 Saving config file
06:03:15 Saved config file successfully
06:03:15 saveConfig: auto-save-60s
06:03:15 Saving config file
06:03:15 Saved config file successfully
06:04:15 saveConfig: auto-save-60s
06:04:15 Saving config file
06:04:15 Saved config file successfully
06:04:15 saveConfig: auto-save-60s
06:04:15 Saving config file
06:04:15 Saved config file successfully
06:05:15 saveConfig: auto-save-60s
06:05:15 Saving config file
06:05:15 Saved config file successfully
06:05:15 saveConfig: auto-save-60s
06:05:15 Saving config file
06:05:15 Saved config file successfully
06:06:15 saveConfig: auto-save-60s
06:06:15 Saving config file
06:06:15 Saved config file successfully
06:06:15 saveConfig: auto-save-60s
06:06:15 Saving config file
06:06:15 Saved config file successfully
06:07:15 saveConfig: auto-save-60s
06:07:15 Saving config file
06:07:15 Saved config file successfully
06:07:15 saveConfig: auto-save-60s
06:07:15 Saving config file
06:07:15 Saved config file successfully
06:08:15 saveConfig: auto-save-60s
06:08:15 Saving config file
06:08:15 Saved config file successfully
06:08:15 saveConfig: auto-save-60s
06:08:15 Saving config file
06:08:15 Saved config file successfully
06:09:15 saveConfig: auto-save-60s
06:09:15 Saving config file
06:09:15 Saved config file successfully
06:09:15 saveConfig: auto-save-60s
06:09:15 Saving config file
06:09:15 Saved config file successfully
06:10:15 saveConfig: auto-save-60s
06:10:15 Saving config file
06:10:15 Saved config file successfully
06:10:15 saveConfig: auto-save-60s
06:10:15 Saving config file
06:10:15 Saved config file successfully
06:11:15 saveConfig: auto-save-60s
06:11:15 Saving config file
06:11:15 Saved config file successfully
06:11:15 saveConfig: auto-save-60s
06:11:15 Saving config file
06:11:15 Saved config file successfully
06:12:15 saveConfig: auto-save-60s
06:12:15 Saving config file
06:12:15 Saved config file successfully
06:12:15 saveConfig: auto-save-60s
06:12:15 Saving config file
06:12:15 Saved config file successfully
06:13:15 saveConfig: auto-save-60s
06:13:15 Saving config file
06:13:15 Saved config file successfully
06:13:15 saveConfig: auto-save-60s
06:13:15 Saving config file
06:13:15 Saved config file successfully
06:14:15 saveConfig: auto-save-60s
06:14:15 Saving config file
06:14:15 Saved config file successfully
06:14:15 saveConfig: auto-save-60s
06:14:15 Saving config file
06:14:15 Saved config file successfully
06:15:15 saveConfig: auto-save-60s
06:15:15 Saving config file
06:15:15 Saved config file successfully
06:15:15 saveConfig: auto-save-60s
06:15:15 Saving config file
06:15:15 Saved config file successfully
06:16:15 saveConfig: auto-save-60s
06:16:15 Saving config file
06:16:15 Saved config file successfully
06:16:15 saveConfig: auto-save-60s
06:16:15 Saving config file
06:16:15 Saved config file successfully
06:17:15 saveConfig: auto-save-60s
06:17:15 Saving config file
06:17:15 Saved config file successfully
06:17:15 saveConfig: auto-save-60s
06:17:15 Saving config file
06:17:15 Saved config file successfully
06:18:15 saveConfig: auto-save-60s
06:18:15 Saving config file
06:18:15 Saved config file successfully
06:18:15 saveConfig: auto-save-60s
06:18:15 Saving config file
06:18:15 Saved config file successfully
06:19:15 saveConfig: auto-save-60s
06:19:15 Saving config file
06:19:15 Saved config file successfully
06:19:15 saveConfig: auto-save-60s
06:19:15 Saving config file
06:19:15 Saved config file successfully
06:20:15 saveConfig: auto-save-60s
06:20:15 Saving config file
06:20:15 Saved config file successfully
06:20:15 saveConfig: auto-save-60s
06:20:15 Saving config file
06:20:15 Saved config file successfully
06:21:15 saveConfig: auto-save-60s
06:21:15 Saving config file
06:21:15 Saved config file successfully
06:21:15 saveConfig: auto-save-60s
06:21:15 Saving config file
06:21:15 Saved config file successfully
06:22:15 saveConfig: auto-save-60s
06:22:15 Saving config file
06:22:15 Saved config file successfully
06:22:15 saveConfig: auto-save-60s
06:22:15 Saving config file
06:22:15 Saved config file successfully
06:23:15 saveConfig: auto-save-60s
06:23:15 Saving config file
06:23:15 Saved config file successfully
06:23:15 saveConfig: auto-save-60s
06:23:15 Saving config file
06:23:15 Saved config file successfully
06:24:15 saveConfig: auto-save-60s
06:24:15 Saving config file
06:24:15 Saved config file successfully
06:24:15 saveConfig: auto-save-60s
06:24:15 Saving config file
06:24:15 Saved config file successfully
06:25:15 saveConfig: auto-save-60s
06:25:15 Saving config file
06:25:15 Saved config file successfully
06:25:15 saveConfig: auto-save-60s
06:25:15 Saving config file
06:25:15 Saved config file successfully
06:26:15 saveConfig: auto-save-60s
06:26:15 Saving config file
06:26:15 Saved config file successfully
06:26:15 saveConfig: auto-save-60s
06:26:15 Saving config file
06:26:15 Saved config file successfully
06:27:15 saveConfig: auto-save-60s
06:27:15 Saving config file
06:27:15 Saved config file successfully
06:27:15 saveConfig: auto-save-60s
06:27:15 Saving config file
06:27:15 Saved config file successfully
06:28:15 saveConfig: auto-save-60s
06:28:15 Saving config file
06:28:15 Saved config file successfully
06:28:15 saveConfig: auto-save-60s
06:28:15 Saving config file
06:28:15 Saved config file successfully
06:29:15 saveConfig: auto-save-60s
06:29:15 Saving config file
06:29:15 Saved config file successfully
06:29:15 saveConfig: auto-save-60s
06:29:15 Saving config file
06:29:15 Saved config file successfully
06:30:15 saveConfig: auto-save-60s
06:30:15 Saving config file
06:30:15 Saved config file successfully
06:30:15 saveConfig: auto-save-60s
06:30:15 Saving config file
06:30:15 Saved config file successfully
06:31:15 saveConfig: auto-save-60s
06:31:15 Saving config file
06:31:15 Saved config file successfully
06:31:15 saveConfig: auto-save-60s
06:31:15 Saving config file
06:31:15 Saved config file successfully
06:32:15 saveConfig: auto-save-60s
06:32:15 Saving config file
06:32:15 Saved config file successfully
06:32:15 saveConfig: auto-save-60s
06:32:15 Saving config file
06:32:15 Saved config file successfully
06:33:15 saveConfig: auto-save-60s
06:33:15 Saving config file
06:33:15 Saved config file successfully
06:33:15 saveConfig: auto-save-60s
06:33:15 Saving config file
06:33:15 Saved config file successfully
06:34:15 saveConfig: auto-save-60s
06:34:15 Saving config file
06:34:15 Saved config file successfully
06:34:15 saveConfig: auto-save-60s
06:34:15 Saving config file
06:34:15 Saved config file successfully
06:35:15 saveConfig: auto-save-60s
06:35:15 Saving config file
06:35:15 Saved config file successfully
06:35:15 saveConfig: auto-save-60s
06:35:15 Saving config file
06:35:15 Saved config file successfully
06:36:15 saveConfig: auto-save-60s
06:36:15 Saving config file
06:36:15 Saved config file successfully
06:36:15 saveConfig: auto-save-60s
06:36:15 Saving config file
06:36:15 Saved config file successfully
06:37:15 saveConfig: auto-save-60s
06:37:15 Saving config file
06:37:15 Saved config file successfully
06:37:15 saveConfig: auto-save-60s
06:37:15 Saving config file
06:37:15 Saved config file successfully
06:38:15 saveConfig: auto-save-60s
06:38:15 Saving config file
06:38:15 Saved config file successfully
06:38:15 saveConfig: auto-save-60s
06:38:15 Saving config file
06:38:15 Saved config file successfully
06:39:15 saveConfig: auto-save-60s
06:39:15 Saving config file
06:39:15 Saved config file successfully
06:39:15 saveConfig: auto-save-60s
06:39:15 Saving config file
06:39:15 Saved config file successfully
06:40:15 saveConfig: auto-save-60s
06:40:15 Saving config file
06:40:15 Saved config file successfully
06:40:15 saveConfig: auto-save-60s
06:40:15 Saving config file
06:40:15 Saved config file successfully
06:41:15 saveConfig: auto-save-60s
06:41:15 Saving config file
06:41:15 Saved config file successfully
06:41:15 saveConfig: auto-save-60s
06:41:15 Saving config file
06:41:15 Saved config file successfully
06:42:15 saveConfig: auto-save-60s
06:42:15 Saving config file
06:42:15 Saved config file successfully
06:42:15 saveConfig: auto-save-60s
06:42:15 Saving config file
06:42:15 Saved config file successfully
06:43:15 saveConfig: auto-save-60s
06:43:15 Saving config file
06:43:15 Saved config file successfully
06:43:15 saveConfig: auto-save-60s
06:43:15 Saving config file
06:43:15 Saved config file successfully
06:44:15 saveConfig: auto-save-60s
06:44:15 Saving config file
06:44:15 Saved config file successfully
06:44:15 saveConfig: auto-save-60s
06:44:15 Saving config file
06:44:15 Saved config file successfully
06:45:15 saveConfig: auto-save-60s
06:45:15 Saving config file
06:45:15 Saved config file successfully
06:45:15 saveConfig: auto-save-60s
06:45:15 Saving config file
06:45:15 Saved config file successfully
06:46:15 saveConfig: auto-save-60s
06:46:15 Saving config file
06:46:15 Saved config file successfully
06:46:15 saveConfig: auto-save-60s
06:46:15 Saving config file
06:46:15 Saved config file successfully
06:47:15 saveConfig: auto-save-60s
06:47:15 Saving config file
06:47:15 Saved config file successfully
06:47:15 saveConfig: auto-save-60s
06:47:15 Saving config file
06:47:15 Saved config file successfully
06:48:15 saveConfig: auto-save-60s
06:48:15 Saving config file
06:48:15 Saved config file successfully
06:48:15 saveConfig: auto-save-60s
06:48:15 Saving config file
06:48:15 Saved config file successfully
06:49:15 saveConfig: auto-save-60s
06:49:15 Saving config file
06:49:15 Saved config file successfully
06:49:15 saveConfig: auto-save-60s
06:49:15 Saving config file
06:49:15 Saved config file successfully
06:50:15 saveConfig: auto-save-60s
06:50:15 Saving config file
06:50:15 Saved config file successfully
06:50:15 saveConfig: auto-save-60s
06:50:15 Saving config file
06:50:15 Saved config file successfully
06:51:15 saveConfig: auto-save-60s
06:51:15 Saving config file
06:51:15 Saved config file successfully
06:51:15 saveConfig: auto-save-60s
06:51:15 Saving config file
06:51:15 Saved config file successfully
06:52:15 saveConfig: auto-save-60s
06:52:15 Saving config file
06:52:15 Saved config file successfully
06:52:15 saveConfig: auto-save-60s
06:52:15 Saving config file
06:52:15 Saved config file successfully
06:53:15 saveConfig: auto-save-60s
06:53:15 Saving config file
06:53:15 Saved config file successfully
06:53:15 saveConfig: auto-save-60s
06:53:15 Saving config file
06:53:15 Saved config file successfully
06:54:15 saveConfig: auto-save-60s
06:54:15 Saving config file
06:54:15 Saved config file successfully
06:54:15 saveConfig: auto-save-60s
06:54:15 Saving config file
06:54:15 Saved config file successfully
06:55:15 saveConfig: auto-save-60s
06:55:15 Saving config file
06:55:15 Saved config file successfully
06:55:15 saveConfig: auto-save-60s
06:55:15 Saving config file
06:55:15 Saved config file successfully
06:56:15 saveConfig: auto-save-60s
06:56:15 Saving config file
06:56:15 Saved config file successfully
06:56:15 saveConfig: auto-save-60s
06:56:15 Saving config file
06:56:15 Saved config file successfully
06:57:15 saveConfig: auto-save-60s
06:57:15 Saving config file
06:57:15 Saved config file successfully
06:57:15 saveConfig: auto-save-60s
06:57:15 Saving config file
06:57:15 Saved config file successfully
06:58:15 saveConfig: auto-save-60s
06:58:15 Saving config file
06:58:15 Saved config file successfully
06:58:15 saveConfig: auto-save-60s
06:58:15 Saving config file
06:58:15 Saved config file successfully
06:59:15 saveConfig: auto-save-60s
06:59:15 Saving config file
06:59:15 Saved config file successfully
06:59:15 saveConfig: auto-save-60s
06:59:15 Saving config file
06:59:15 Saved config file successfully
07:00:15 saveConfig: auto-save-60s
07:00:15 Saving config file
07:00:15 Saved config file successfully
07:00:15 saveConfig: auto-save-60s
07:00:15 Saving config file
07:00:15 Saved config file successfully
07:01:15 saveConfig: auto-save-60s
07:01:15 Saving config file
07:01:15 Saved config file successfully
07:01:15 saveConfig: auto-save-60s
07:01:15 Saving config file
07:01:15 Saved config file successfully
07:02:15 saveConfig: auto-save-60s
07:02:15 Saving config file
07:02:15 Saved config file successfully
07:02:15 saveConfig: auto-save-60s
07:02:15 Saving config file
07:02:15 Saved config file successfully
07:02:22 saveConfig: saving-data
07:02:22 Saving pets file
07:02:22 Saved pets file successfully
07:02:22 saveConfig: saving-data
07:02:22 Saving pets file
07:02:22 Saved pets file successfully
07:03:15 saveConfig: auto-save-60s
07:03:15 Saving config file
07:03:15 Saved config file successfully
07:03:15 saveConfig: auto-save-60s
07:03:15 Saving config file
07:03:15 Saved config file successfully
07:04:15 saveConfig: auto-save-60s
07:04:15 Saving config file
07:04:15 Saved config file successfully
07:04:15 saveConfig: auto-save-60s
07:04:15 Saving config file
07:04:15 Saved config file successfully
07:04:21 saveConfig: saving-data
07:04:21 Saving pets file
07:04:21 Saved pets file successfully
07:04:21 saveConfig: saving-data
07:04:21 Saving pets file
07:04:21 Saved pets file successfully
07:04:52 saveConfig: saving-data
07:04:52 Saving pets file
07:04:52 Saved pets file successfully
07:04:52 saveConfig: saving-data
07:04:52 Saving pets file
07:04:52 Saved pets file successfully
07:05:15 saveConfig: auto-save-60s
07:05:15 Saving config file
07:05:15 Saved config file successfully
07:05:15 saveConfig: auto-save-60s
07:05:15 Saving config file
07:05:15 Saved config file successfully
07:06:15 saveConfig: auto-save-60s
07:06:15 Saving config file
07:06:15 Saved config file successfully
07:06:15 saveConfig: auto-save-60s
07:06:15 Saving config file
07:06:15 Saved config file successfully
07:07:15 saveConfig: auto-save-60s
07:07:15 Saving config file
07:07:15 Saved config file successfully
07:07:15 saveConfig: auto-save-60s
07:07:15 Saving config file
07:07:15 Saved config file successfully
07:08:15 saveConfig: auto-save-60s
07:08:15 Saving config file
07:08:15 Saved config file successfully
07:08:15 saveConfig: auto-save-60s
07:08:15 Saving config file
07:08:15 Saved config file successfully
07:09:15 saveConfig: auto-save-60s
07:09:15 Saving config file
07:09:15 Saved config file successfully
07:09:15 saveConfig: auto-save-60s
07:09:15 Saving config file
07:09:15 Saved config file successfully
07:10:15 saveConfig: auto-save-60s
07:10:15 Saving config file
07:10:15 Saved config file successfully
07:10:15 saveConfig: auto-save-60s
07:10:15 Saving config file
07:10:15 Saved config file successfully
07:11:15 saveConfig: auto-save-60s
07:11:15 Saving config file
07:11:15 Saved config file successfully
07:11:15 saveConfig: auto-save-60s
07:11:15 Saving config file
07:11:15 Saved config file successfully
07:12:15 saveConfig: auto-save-60s
07:12:15 Saving config file
07:12:15 Saved config file successfully
07:12:15 saveConfig: auto-save-60s
07:12:15 Saving config file
07:12:15 Saved config file successfully
07:13:15 saveConfig: auto-save-60s
07:13:15 Saving config file
07:13:15 Saved config file successfully
07:13:15 saveConfig: auto-save-60s
07:13:15 Saving config file
07:13:15 Saved config file successfully
07:14:15 saveConfig: auto-save-60s
07:14:15 Saving config file
07:14:15 Saved config file successfully
07:14:15 saveConfig: auto-save-60s
07:14:15 Saving config file
07:14:15 Saved config file successfully
07:15:15 saveConfig: auto-save-60s
07:15:15 Saving config file
07:15:15 Saved config file successfully
07:15:15 saveConfig: auto-save-60s
07:15:15 Saving config file
07:15:15 Saved config file successfully
07:16:15 saveConfig: auto-save-60s
07:16:15 Saving config file
07:16:15 Saved config file successfully
07:16:15 saveConfig: auto-save-60s
07:16:15 Saving config file
07:16:15 Saved config file successfully
07:17:15 saveConfig: auto-save-60s
07:17:15 Saving config file
07:17:15 Saved config file successfully
07:17:15 saveConfig: auto-save-60s
07:17:15 Saving config file
07:17:15 Saved config file successfully
07:18:15 saveConfig: auto-save-60s
07:18:15 Saving config file
07:18:15 Saved config file successfully
07:18:15 saveConfig: auto-save-60s
07:18:15 Saving config file
07:18:15 Saved config file successfully
07:19:15 saveConfig: auto-save-60s
07:19:15 Saving config file
07:19:15 Saved config file successfully
07:19:15 saveConfig: auto-save-60s
07:19:15 Saving config file
07:19:15 Saved config file successfully
07:20:15 saveConfig: auto-save-60s
07:20:15 Saving config file
07:20:15 Saved config file successfully
07:20:15 saveConfig: auto-save-60s
07:20:15 Saving config file
07:20:15 Saved config file successfully
07:21:15 saveConfig: auto-save-60s
07:21:15 Saving config file
07:21:15 Saved config file successfully
07:21:15 saveConfig: auto-save-60s
07:21:15 Saving config file
07:21:15 Saved config file successfully
07:22:15 saveConfig: auto-save-60s
07:22:15 Saving config file
07:22:15 Saved config file successfully
07:22:15 saveConfig: auto-save-60s
07:22:15 Saving config file
07:22:15 Saved config file successfully
07:23:15 saveConfig: auto-save-60s
07:23:15 Saving config file
07:23:15 Saved config file successfully
07:23:15 saveConfig: auto-save-60s
07:23:15 Saving config file
07:23:15 Saved config file successfully
07:24:15 saveConfig: auto-save-60s
07:24:15 Saving config file
07:24:15 Saved config file successfully
07:24:15 saveConfig: auto-save-60s
07:24:15 Saving config file
07:24:15 Saved config file successfully
07:25:15 saveConfig: auto-save-60s
07:25:15 Saving config file
07:25:15 Saved config file successfully
07:25:15 saveConfig: auto-save-60s
07:25:15 Saving config file
07:25:15 Saved config file successfully
07:26:15 saveConfig: auto-save-60s
07:26:15 Saving config file
07:26:15 Saved config file successfully
07:26:15 saveConfig: auto-save-60s
07:26:15 Saving config file
07:26:15 Saved config file successfully
07:27:15 saveConfig: auto-save-60s
07:27:15 Saving config file
07:27:15 Saved config file successfully
07:27:15 saveConfig: auto-save-60s
07:27:15 Saving config file
07:27:15 Saved config file successfully
07:28:15 saveConfig: auto-save-60s
07:28:15 Saving config file
07:28:15 Saved config file successfully
07:28:15 saveConfig: auto-save-60s
07:28:15 Saving config file
07:28:15 Saved config file successfully
07:29:15 saveConfig: auto-save-60s
07:29:15 Saving config file
07:29:15 Saved config file successfully
07:29:15 saveConfig: auto-save-60s
07:29:15 Saving config file
07:29:15 Saved config file successfully
07:30:15 saveConfig: auto-save-60s
07:30:15 Saving config file
07:30:15 Saved config file successfully
07:30:15 saveConfig: auto-save-60s
07:30:15 Saving config file
07:30:15 Saved config file successfully
07:31:15 saveConfig: auto-save-60s
07:31:15 Saving config file
07:31:15 Saved config file successfully
07:31:15 saveConfig: auto-save-60s
07:31:15 Saving config file
07:31:15 Saved config file successfully
07:32:15 saveConfig: auto-save-60s
07:32:15 Saving config file
07:32:15 Saved config file successfully
07:32:15 saveConfig: auto-save-60s
07:32:15 Saving config file
07:32:15 Saved config file successfully
07:33:15 saveConfig: auto-save-60s
07:33:15 Saving config file
07:33:15 Saved config file successfully
07:33:15 saveConfig: auto-save-60s
07:33:15 Saving config file
07:33:15 Saved config file successfully
07:34:15 saveConfig: auto-save-60s
07:34:15 Saving config file
07:34:15 Saved config file successfully
07:34:15 saveConfig: auto-save-60s
07:34:15 Saving config file
07:34:15 Saved config file successfully
07:35:15 saveConfig: auto-save-60s
07:35:15 Saving config file
07:35:15 Saved config file successfully
07:35:15 saveConfig: auto-save-60s
07:35:15 Saving config file
07:35:15 Saved config file successfully
07:36:15 saveConfig: auto-save-60s
07:36:15 Saving config file
07:36:15 Saved config file successfully
07:36:15 saveConfig: auto-save-60s
07:36:15 Saving config file
07:36:15 Saved config file successfully
07:37:15 saveConfig: auto-save-60s
07:37:15 Saving config file
07:37:15 Saved config file successfully
07:37:15 saveConfig: auto-save-60s
07:37:15 Saving config file
07:37:15 Saved config file successfully
07:38:15 saveConfig: auto-save-60s
07:38:15 Saving config file
07:38:15 Saved config file successfully
07:38:15 saveConfig: auto-save-60s
07:38:15 Saving config file
07:38:15 Saved config file successfully
07:39:15 saveConfig: auto-save-60s
07:39:15 Saving config file
07:39:15 Saved config file successfully
07:39:15 saveConfig: auto-save-60s
07:39:15 Saving config file
07:39:15 Saved config file successfully
07:40:15 saveConfig: auto-save-60s
07:40:15 Saving config file
07:40:15 Saved config file successfully
07:40:15 saveConfig: auto-save-60s
07:40:15 Saving config file
07:40:15 Saved config file successfully
07:41:15 saveConfig: auto-save-60s
07:41:15 Saving config file
07:41:15 Saved config file successfully
07:41:15 saveConfig: auto-save-60s
07:41:15 Saving config file
07:41:15 Saved config file successfully
07:42:15 saveConfig: auto-save-60s
07:42:15 Saving config file
07:42:15 Saved config file successfully
07:42:15 saveConfig: auto-save-60s
07:42:15 Saving config file
07:42:15 Saved config file successfully
07:43:15 saveConfig: auto-save-60s
07:43:15 Saving config file
07:43:15 Saved config file successfully
07:43:15 saveConfig: auto-save-60s
07:43:15 Saving config file
07:43:15 Saved config file successfully
07:44:15 saveConfig: auto-save-60s
07:44:15 Saving config file
07:44:15 Saved config file successfully
07:44:15 saveConfig: auto-save-60s
07:44:15 Saving config file
07:44:15 Saved config file successfully
07:45:15 saveConfig: auto-save-60s
07:45:15 Saving config file
07:45:15 Saved config file successfully
07:45:15 saveConfig: auto-save-60s
07:45:15 Saving config file
07:45:15 Saved config file successfully
07:46:15 saveConfig: auto-save-60s
07:46:15 Saving config file
07:46:15 Saved config file successfully
07:46:15 saveConfig: auto-save-60s
07:46:15 Saving config file
07:46:15 Saved config file successfully
07:47:15 saveConfig: auto-save-60s
07:47:15 Saving config file
07:47:15 Saved config file successfully
07:47:15 saveConfig: auto-save-60s
07:47:15 Saving config file
07:47:15 Saved config file successfully
07:48:15 saveConfig: auto-save-60s
07:48:15 Saving config file
07:48:15 Saved config file successfully
07:48:15 saveConfig: auto-save-60s
07:48:15 Saving config file
07:48:15 Saved config file successfully
07:49:15 saveConfig: auto-save-60s
07:49:15 Saving config file
07:49:15 Saved config file successfully
07:49:15 saveConfig: auto-save-60s
07:49:15 Saving config file
07:49:15 Saved config file successfully
07:50:15 saveConfig: auto-save-60s
07:50:15 Saving config file
07:50:15 Saved config file successfully
07:50:15 saveConfig: auto-save-60s
07:50:15 Saving config file
07:50:15 Saved config file successfully
07:51:15 saveConfig: auto-save-60s
07:51:15 Saving config file
07:51:15 Saved config file successfully
07:51:15 saveConfig: auto-save-60s
07:51:15 Saving config file
07:51:15 Saved config file successfully
07:52:15 saveConfig: auto-save-60s
07:52:15 Saving config file
07:52:15 Saved config file successfully
07:52:15 saveConfig: auto-save-60s
07:52:15 Saving config file
07:52:15 Saved config file successfully
07:53:15 saveConfig: auto-save-60s
07:53:15 Saving config file
07:53:15 Saved config file successfully
07:53:15 saveConfig: auto-save-60s
07:53:15 Saving config file
07:53:15 Saved config file successfully
07:54:15 saveConfig: auto-save-60s
07:54:15 Saving config file
07:54:15 Saved config file successfully
07:54:15 saveConfig: auto-save-60s
07:54:15 Saving config file
07:54:15 Saved config file successfully
07:55:15 saveConfig: auto-save-60s
07:55:15 Saving config file
07:55:15 Saved config file successfully
07:55:15 saveConfig: auto-save-60s
07:55:15 Saving config file
07:55:15 Saved config file successfully
07:56:15 saveConfig: auto-save-60s
07:56:15 Saving config file
07:56:15 Saved config file successfully
07:56:15 saveConfig: auto-save-60s
07:56:15 Saving config file
07:56:15 Saved config file successfully
07:57:15 saveConfig: auto-save-60s
07:57:15 Saving config file
07:57:15 Saved config file successfully
07:57:15 saveConfig: auto-save-60s
07:57:15 Saving config file
07:57:15 Saved config file successfully
07:58:15 saveConfig: auto-save-60s
07:58:15 Saving config file
07:58:15 Saved config file successfully
07:58:15 saveConfig: auto-save-60s
07:58:15 Saving config file
07:58:15 Saved config file successfully
07:59:15 saveConfig: auto-save-60s
07:59:15 Saving config file
07:59:15 Saved config file successfully
07:59:15 saveConfig: auto-save-60s
07:59:15 Saving config file
07:59:15 Saved config file successfully
08:00:15 saveConfig: auto-save-60s
08:00:15 Saving config file
08:00:15 Saved config file successfully
08:00:15 saveConfig: auto-save-60s
08:00:15 Saving config file
08:00:15 Saved config file successfully
08:01:15 saveConfig: auto-save-60s
08:01:15 Saving config file
08:01:15 Saved config file successfully
08:01:15 saveConfig: auto-save-60s
08:01:15 Saving config file
08:01:15 Saved config file successfully
08:02:15 saveConfig: auto-save-60s
08:02:15 Saving config file
08:02:15 Saved config file successfully
08:02:15 saveConfig: auto-save-60s
08:02:15 Saving config file
08:02:15 Saved config file successfully
08:03:15 saveConfig: auto-save-60s
08:03:15 Saving config file
08:03:15 Saved config file successfully
08:03:15 saveConfig: auto-save-60s
08:03:15 Saving config file
08:03:15 Saved config file successfully
08:04:15 saveConfig: auto-save-60s
08:04:15 Saving config file
08:04:15 Saved config file successfully
08:04:15 saveConfig: auto-save-60s
08:04:15 Saving config file
08:04:15 Saved config file successfully
08:05:15 saveConfig: auto-save-60s
08:05:15 Saving config file
08:05:15 Saved config file successfully
08:05:15 saveConfig: auto-save-60s
08:05:15 Saving config file
08:05:15 Saved config file successfully
08:06:15 saveConfig: auto-save-60s
08:06:15 Saving config file
08:06:15 Saved config file successfully
08:06:15 saveConfig: auto-save-60s
08:06:15 Saving config file
08:06:15 Saved config file successfully
08:07:15 saveConfig: auto-save-60s
08:07:15 Saving config file
08:07:15 Saved config file successfully
08:07:15 saveConfig: auto-save-60s
08:07:15 Saving config file
08:07:15 Saved config file successfully
08:08:15 saveConfig: auto-save-60s
08:08:15 Saving config file
08:08:15 Saved config file successfully
08:08:15 saveConfig: auto-save-60s
08:08:15 Saving config file
08:08:15 Saved config file successfully
08:09:15 saveConfig: auto-save-60s
08:09:15 Saving config file
08:09:15 Saved config file successfully
08:09:15 saveConfig: auto-save-60s
08:09:15 Saving config file
08:09:15 Saved config file successfully
08:10:15 saveConfig: auto-save-60s
08:10:15 Saving config file
08:10:15 Saved config file successfully
08:10:15 saveConfig: auto-save-60s
08:10:15 Saving config file
08:10:15 Saved config file successfully
08:11:15 saveConfig: auto-save-60s
08:11:15 Saving config file
08:11:15 Saved config file successfully
08:11:15 saveConfig: auto-save-60s
08:11:15 Saving config file
08:11:15 Saved config file successfully
08:12:15 saveConfig: auto-save-60s
08:12:15 Saving config file
08:12:15 Saved config file successfully
08:12:15 saveConfig: auto-save-60s
08:12:15 Saving config file
08:12:15 Saved config file successfully
08:13:15 saveConfig: auto-save-60s
08:13:15 Saving config file
08:13:15 Saved config file successfully
08:13:15 saveConfig: auto-save-60s
08:13:15 Saving config file
08:13:15 Saved config file successfully
08:14:15 saveConfig: auto-save-60s
08:14:15 Saving config file
08:14:15 Saved config file successfully
08:14:15 saveConfig: auto-save-60s
08:14:15 Saving config file
08:14:15 Saved config file successfully
08:15:15 saveConfig: auto-save-60s
08:15:15 Saving config file
08:15:15 Saved config file successfully
08:15:15 saveConfig: auto-save-60s
08:15:15 Saving config file
08:15:15 Saved config file successfully
08:16:15 saveConfig: auto-save-60s
08:16:15 Saving config file
08:16:15 Saved config file successfully
08:16:15 saveConfig: auto-save-60s
08:16:15 Saving config file
08:16:15 Saved config file successfully
08:17:15 saveConfig: auto-save-60s
08:17:15 Saving config file
08:17:15 Saved config file successfully
08:17:15 saveConfig: auto-save-60s
08:17:15 Saving config file
08:17:15 Saved config file successfully
08:18:15 saveConfig: auto-save-60s
08:18:15 Saving config file
08:18:15 Saved config file successfully
08:18:15 saveConfig: auto-save-60s
08:18:15 Saving config file
08:18:15 Saved config file successfully
08:19:15 saveConfig: auto-save-60s
08:19:15 Saving config file
08:19:15 Saved config file successfully
08:19:15 saveConfig: auto-save-60s
08:19:15 Saving config file
08:19:15 Saved config file successfully
08:20:15 saveConfig: auto-save-60s
08:20:15 Saving config file
08:20:15 Saved config file successfully
08:20:15 saveConfig: auto-save-60s
08:20:15 Saving config file
08:20:15 Saved config file successfully
08:21:15 saveConfig: auto-save-60s
08:21:15 Saving config file
08:21:15 Saved config file successfully
08:21:15 saveConfig: auto-save-60s
08:21:15 Saving config file
08:21:15 Saved config file successfully
08:22:15 saveConfig: auto-save-60s
08:22:15 Saving config file
08:22:15 Saved config file successfully
08:22:15 saveConfig: auto-save-60s
08:22:15 Saving config file
08:22:15 Saved config file successfully
08:23:15 saveConfig: auto-save-60s
08:23:15 Saving config file
08:23:15 Saved config file successfully
08:23:15 saveConfig: auto-save-60s
08:23:15 Saving config file
08:23:15 Saved config file successfully
08:24:15 saveConfig: auto-save-60s
08:24:15 Saving config file
08:24:15 Saved config file successfully
08:24:15 saveConfig: auto-save-60s
08:24:15 Saving config file
08:24:15 Saved config file successfully
08:25:15 saveConfig: auto-save-60s
08:25:15 Saving config file
08:25:15 Saved config file successfully
08:25:15 saveConfig: auto-save-60s
08:25:15 Saving config file
08:25:15 Saved config file successfully
08:26:15 saveConfig: auto-save-60s
08:26:15 Saving config file
08:26:15 Saved config file successfully
08:26:15 saveConfig: auto-save-60s
08:26:15 Saving config file
08:26:15 Saved config file successfully
08:27:15 saveConfig: auto-save-60s
08:27:15 Saving config file
08:27:15 Saved config file successfully
08:27:15 saveConfig: auto-save-60s
08:27:15 Saving config file
08:27:15 Saved config file successfully
08:28:15 saveConfig: auto-save-60s
08:28:15 Saving config file
08:28:15 Saved config file successfully
08:28:15 saveConfig: auto-save-60s
08:28:15 Saving config file
08:28:15 Saved config file successfully
08:29:15 saveConfig: auto-save-60s
08:29:15 Saving config file
08:29:15 Saved config file successfully
08:29:15 saveConfig: auto-save-60s
08:29:15 Saving config file
08:29:15 Saved config file successfully
08:30:15 saveConfig: auto-save-60s
08:30:15 Saving config file
08:30:15 Saved config file successfully
08:30:15 saveConfig: auto-save-60s
08:30:15 Saving config file
08:30:15 Saved config file successfully
08:31:15 saveConfig: auto-save-60s
08:31:15 Saving config file
08:31:15 Saved config file successfully
08:31:15 saveConfig: auto-save-60s
08:31:15 Saving config file
08:31:15 Saved config file successfully
08:32:15 saveConfig: auto-save-60s
08:32:15 Saving config file
08:32:15 Saved config file successfully
08:32:15 saveConfig: auto-save-60s
08:32:15 Saving config file
08:32:15 Saved config file successfully
08:33:15 saveConfig: auto-save-60s
08:33:15 Saving config file
08:33:15 Saved config file successfully
08:33:15 saveConfig: auto-save-60s
08:33:15 Saving config file
08:33:15 Saved config file successfully
08:34:15 saveConfig: auto-save-60s
08:34:15 Saving config file
08:34:15 Saved config file successfully
08:34:15 saveConfig: auto-save-60s
08:34:15 Saving config file
08:34:15 Saved config file successfully
08:35:15 saveConfig: auto-save-60s
08:35:15 Saving config file
08:35:15 Saved config file successfully
08:35:15 saveConfig: auto-save-60s
08:35:15 Saving config file
08:35:15 Saved config file successfully
08:36:15 saveConfig: auto-save-60s
08:36:15 Saving config file
08:36:15 Saved config file successfully
08:36:15 saveConfig: auto-save-60s
08:36:15 Saving config file
08:36:15 Saved config file successfully
08:37:15 saveConfig: auto-save-60s
08:37:15 Saving config file
08:37:15 Saved config file successfully
08:37:15 saveConfig: auto-save-60s
08:37:15 Saving config file
08:37:15 Saved config file successfully
08:38:15 saveConfig: auto-save-60s
08:38:15 Saving config file
08:38:15 Saved config file successfully
08:38:15 saveConfig: auto-save-60s
08:38:15 Saving config file
08:38:15 Saved config file successfully
08:39:15 saveConfig: auto-save-60s
08:39:15 Saving config file
08:39:15 Saved config file successfully
08:39:15 saveConfig: auto-save-60s
08:39:15 Saving config file
08:39:15 Saved config file successfully
08:40:15 saveConfig: auto-save-60s
08:40:15 Saving config file
08:40:15 Saved config file successfully
08:40:15 saveConfig: auto-save-60s
08:40:15 Saving config file
08:40:15 Saved config file successfully
08:41:15 saveConfig: auto-save-60s
08:41:15 Saving config file
08:41:15 Saved config file successfully
08:41:15 saveConfig: auto-save-60s
08:41:15 Saving config file
08:41:15 Saved config file successfully
08:42:15 saveConfig: auto-save-60s
08:42:15 Saving config file
08:42:15 Saved config file successfully
08:42:15 saveConfig: auto-save-60s
08:42:15 Saving config file
08:42:15 Saved config file successfully
08:43:15 saveConfig: auto-save-60s
08:43:15 Saving config file
08:43:15 Saved config file successfully
08:43:15 saveConfig: auto-save-60s
08:43:15 Saving config file
08:43:15 Saved config file successfully
08:44:15 saveConfig: auto-save-60s
08:44:15 Saving config file
08:44:15 Saved config file successfully
08:44:15 saveConfig: auto-save-60s
08:44:15 Saving config file
08:44:15 Saved config file successfully
08:45:15 saveConfig: auto-save-60s
08:45:15 Saving config file
08:45:15 Saved config file successfully
08:45:15 saveConfig: auto-save-60s
08:45:15 Saving config file
08:45:15 Saved config file successfully
08:46:15 saveConfig: auto-save-60s
08:46:15 Saving config file
08:46:15 Saved config file successfully
08:46:15 saveConfig: auto-save-60s
08:46:15 Saving config file
08:46:15 Saved config file successfully
08:47:15 saveConfig: auto-save-60s
08:47:15 Saving config file
08:47:15 Saved config file successfully
08:47:15 saveConfig: auto-save-60s
08:47:15 Saving config file
08:47:15 Saved config file successfully
08:48:15 saveConfig: auto-save-60s
08:48:15 Saving config file
08:48:15 Saved config file successfully
08:48:15 saveConfig: auto-save-60s
08:48:15 Saving config file
08:48:15 Saved config file successfully
08:49:15 saveConfig: auto-save-60s
08:49:15 Saving config file
08:49:15 Saved config file successfully
08:49:15 saveConfig: auto-save-60s
08:49:15 Saving config file
08:49:15 Saved config file successfully
08:50:15 saveConfig: auto-save-60s
08:50:15 Saving config file
08:50:15 Saved config file successfully
08:50:15 saveConfig: auto-save-60s
08:50:15 Saving config file
08:50:15 Saved config file successfully
08:51:15 saveConfig: auto-save-60s
08:51:15 Saving config file
08:51:15 Saved config file successfully
08:51:15 saveConfig: auto-save-60s
08:51:15 Saving config file
08:51:15 Saved config file successfully
08:52:15 saveConfig: auto-save-60s
08:52:15 Saving config file
08:52:15 Saved config file successfully
08:52:15 saveConfig: auto-save-60s
08:52:15 Saving config file
08:52:15 Saved config file successfully
08:53:15 saveConfig: auto-save-60s
08:53:15 Saving config file
08:53:15 Saved config file successfully
08:53:15 saveConfig: auto-save-60s
08:53:15 Saving config file
08:53:15 Saved config file successfully
08:54:15 saveConfig: auto-save-60s
08:54:15 Saving config file
08:54:15 Saved config file successfully
08:54:15 saveConfig: auto-save-60s
08:54:15 Saving config file
08:54:15 Saved config file successfully
08:55:15 saveConfig: auto-save-60s
08:55:15 Saving config file
08:55:15 Saved config file successfully
08:55:15 saveConfig: auto-save-60s
08:55:15 Saving config file
08:55:15 Saved config file successfully
08:56:15 saveConfig: auto-save-60s
08:56:15 Saving config file
08:56:15 Saved config file successfully
08:56:15 saveConfig: auto-save-60s
08:56:15 Saving config file
08:56:15 Saved config file successfully
08:57:15 saveConfig: auto-save-60s
08:57:15 Saving config file
08:57:15 Saved config file successfully
08:57:15 saveConfig: auto-save-60s
08:57:15 Saving config file
08:57:15 Saved config file successfully
08:58:15 saveConfig: auto-save-60s
08:58:15 Saving config file
08:58:15 Saved config file successfully
08:58:15 saveConfig: auto-save-60s
08:58:15 Saving config file
08:58:15 Saved config file successfully
08:59:15 saveConfig: auto-save-60s
08:59:15 Saving config file
08:59:15 Saved config file successfully
08:59:15 saveConfig: auto-save-60s
08:59:15 Saving config file
08:59:15 Saved config file successfully
09:00:15 saveConfig: auto-save-60s
09:00:15 Saving config file
09:00:15 Saved config file successfully
09:00:15 saveConfig: auto-save-60s
09:00:15 Saving config file
09:00:15 Saved config file successfully
09:01:15 saveConfig: auto-save-60s
09:01:15 Saving config file
09:01:15 Saved config file successfully
09:01:15 saveConfig: auto-save-60s
09:01:15 Saving config file
09:01:15 Saved config file successfully
09:02:15 saveConfig: auto-save-60s
09:02:15 Saving config file
09:02:15 Saved config file successfully
09:02:15 saveConfig: auto-save-60s
09:02:15 Saving config file
09:02:15 Saved config file successfully
09:03:15 saveConfig: auto-save-60s
09:03:15 Saving config file
09:03:15 Saved config file successfully
09:03:15 saveConfig: auto-save-60s
09:03:15 Saving config file
09:03:15 Saved config file successfully
09:04:15 saveConfig: auto-save-60s
09:04:15 Saving config file
09:04:15 Saved config file successfully
09:04:15 saveConfig: auto-save-60s
09:04:15 Saving config file
09:04:15 Saved config file successfully
09:05:15 saveConfig: auto-save-60s
09:05:15 Saving config file
09:05:15 Saved config file successfully
09:05:15 saveConfig: auto-save-60s
09:05:15 Saving config file
09:05:15 Saved config file successfully
09:06:15 saveConfig: auto-save-60s
09:06:15 Saving config file
09:06:15 Saved config file successfully
09:06:15 saveConfig: auto-save-60s
09:06:15 Saving config file
09:06:15 Saved config file successfully
09:07:15 saveConfig: auto-save-60s
09:07:15 Saving config file
09:07:15 Saved config file successfully
09:07:15 saveConfig: auto-save-60s
09:07:15 Saving config file
09:07:15 Saved config file successfully
09:08:15 saveConfig: auto-save-60s
09:08:15 Saving config file
09:08:15 Saved config file successfully
09:08:15 saveConfig: auto-save-60s
09:08:15 Saving config file
09:08:15 Saved config file successfully
09:09:15 saveConfig: auto-save-60s
09:09:15 Saving config file
09:09:15 Saved config file successfully
09:09:15 saveConfig: auto-save-60s
09:09:15 Saving config file
09:09:15 Saved config file successfully
09:10:15 saveConfig: auto-save-60s
09:10:15 Saving config file
09:10:15 Saved config file successfully
09:10:15 saveConfig: auto-save-60s
09:10:15 Saving config file
09:10:15 Saved config file successfully
09:11:15 saveConfig: auto-save-60s
09:11:15 Saving config file
09:11:15 Saved config file successfully
09:11:15 saveConfig: auto-save-60s
09:11:15 Saving config file
09:11:15 Saved config file successfully
09:12:15 saveConfig: auto-save-60s
09:12:15 Saving config file
09:12:15 Saved config file successfully
09:12:15 saveConfig: auto-save-60s
09:12:15 Saving config file
09:12:15 Saved config file successfully
09:13:15 saveConfig: auto-save-60s
09:13:15 Saving config file
09:13:15 Saved config file successfully
09:13:15 saveConfig: auto-save-60s
09:13:15 Saving config file
09:13:15 Saved config file successfully
09:14:15 saveConfig: auto-save-60s
09:14:15 Saving config file
09:14:15 Saved config file successfully
09:14:15 saveConfig: auto-save-60s
09:14:15 Saving config file
09:14:15 Saved config file successfully
09:15:15 saveConfig: auto-save-60s
09:15:15 Saving config file
09:15:15 Saved config file successfully
09:15:15 saveConfig: auto-save-60s
09:15:15 Saving config file
09:15:15 Saved config file successfully
09:16:15 saveConfig: auto-save-60s
09:16:15 Saving config file
09:16:15 Saved config file successfully
09:16:15 saveConfig: auto-save-60s
09:16:15 Saving config file
09:16:15 Saved config file successfully
09:17:15 saveConfig: auto-save-60s
09:17:15 Saving config file
09:17:15 Saved config file successfully
09:17:15 saveConfig: auto-save-60s
09:17:15 Saving config file
09:17:15 Saved config file successfully
09:18:15 saveConfig: auto-save-60s
09:18:15 Saving config file
09:18:15 Saved config file successfully
09:18:15 saveConfig: auto-save-60s
09:18:15 Saving config file
09:18:15 Saved config file successfully
09:19:15 saveConfig: auto-save-60s
09:19:15 Saving config file
09:19:15 Saved config file successfully
09:19:15 saveConfig: auto-save-60s
09:19:15 Saving config file
09:19:15 Saved config file successfully
09:20:15 saveConfig: auto-save-60s
09:20:15 Saving config file
09:20:15 Saved config file successfully
09:20:15 saveConfig: auto-save-60s
09:20:15 Saving config file
09:20:15 Saved config file successfully
09:21:15 saveConfig: auto-save-60s
09:21:15 Saving config file
09:21:15 Saved config file successfully
09:21:15 saveConfig: auto-save-60s
09:21:15 Saving config file
09:21:15 Saved config file successfully
09:22:15 saveConfig: auto-save-60s
09:22:15 Saving config file
09:22:15 Saved config file successfully
09:22:15 saveConfig: auto-save-60s
09:22:15 Saving config file
09:22:15 Saved config file successfully
09:23:15 saveConfig: auto-save-60s
09:23:15 Saving config file
09:23:15 Saved config file successfully
09:23:15 saveConfig: auto-save-60s
09:23:15 Saving config file
09:23:15 Saved config file successfully
09:24:15 saveConfig: auto-save-60s
09:24:15 Saving config file
09:24:15 Saved config file successfully
09:24:15 saveConfig: auto-save-60s
09:24:15 Saving config file
09:24:15 Saved config file successfully
09:25:15 saveConfig: auto-save-60s
09:25:15 Saving config file
09:25:15 Saved config file successfully
09:25:15 saveConfig: auto-save-60s
09:25:15 Saving config file
09:25:15 Saved config file successfully
09:26:15 saveConfig: auto-save-60s
09:26:15 Saving config file
09:26:15 Saved config file successfully
09:26:15 saveConfig: auto-save-60s
09:26:15 Saving config file
09:26:15 Saved config file successfully
09:27:15 saveConfig: auto-save-60s
09:27:15 Saving config file
09:27:15 Saved config file successfully
09:27:15 saveConfig: auto-save-60s
09:27:15 Saving config file
09:27:15 Saved config file successfully
09:28:15 saveConfig: auto-save-60s
09:28:15 Saving config file
09:28:15 Saved config file successfully
09:28:15 saveConfig: auto-save-60s
09:28:15 Saving config file
09:28:15 Saved config file successfully
09:29:15 saveConfig: auto-save-60s
09:29:15 Saving config file
09:29:15 Saved config file successfully
09:29:15 saveConfig: auto-save-60s
09:29:15 Saving config file
09:29:15 Saved config file successfully
09:30:15 saveConfig: auto-save-60s
09:30:15 Saving config file
09:30:15 Saved config file successfully
09:30:15 saveConfig: auto-save-60s
09:30:15 Saving config file
09:30:15 Saved config file successfully
09:31:15 saveConfig: auto-save-60s
09:31:15 Saving config file
09:31:15 Saved config file successfully
09:31:15 saveConfig: auto-save-60s
09:31:15 Saving config file
09:31:15 Saved config file successfully
09:32:15 saveConfig: auto-save-60s
09:32:15 Saving config file
09:32:15 Saved config file successfully
09:32:15 saveConfig: auto-save-60s
09:32:15 Saving config file
09:32:15 Saved config file successfully
09:33:15 saveConfig: auto-save-60s
09:33:15 Saving config file
09:33:15 Saved config file successfully
09:33:15 saveConfig: auto-save-60s
09:33:15 Saving config file
09:33:15 Saved config file successfully
09:34:15 saveConfig: auto-save-60s
09:34:15 Saving config file
09:34:15 Saved config file successfully
09:34:15 saveConfig: auto-save-60s
09:34:15 Saving config file
09:34:15 Saved config file successfully
09:35:15 saveConfig: auto-save-60s
09:35:15 Saving config file
09:35:15 Saved config file successfully
09:35:15 saveConfig: auto-save-60s
09:35:15 Saving config file
09:35:15 Saved config file successfully
09:36:15 saveConfig: auto-save-60s
09:36:15 Saving config file
09:36:15 Saved config file successfully
09:36:15 saveConfig: auto-save-60s
09:36:15 Saving config file
09:36:15 Saved config file successfully
09:37:15 saveConfig: auto-save-60s
09:37:15 Saving config file
09:37:15 Saved config file successfully
09:37:15 saveConfig: auto-save-60s
09:37:15 Saving config file
09:37:15 Saved config file successfully
09:38:15 saveConfig: auto-save-60s
09:38:15 Saving config file
09:38:15 Saved config file successfully
09:38:15 saveConfig: auto-save-60s
09:38:15 Saving config file
09:38:15 Saved config file successfully
09:39:15 saveConfig: auto-save-60s
09:39:15 Saving config file
09:39:15 Saved config file successfully
09:39:15 saveConfig: auto-save-60s
09:39:15 Saving config file
09:39:15 Saved config file successfully
09:40:15 saveConfig: auto-save-60s
09:40:15 Saving config file
09:40:15 Saved config file successfully
09:40:15 saveConfig: auto-save-60s
09:40:15 Saving config file
09:40:15 Saved config file successfully
09:41:15 saveConfig: auto-save-60s
09:41:15 Saving config file
09:41:15 Saved config file successfully
09:41:15 saveConfig: auto-save-60s
09:41:15 Saving config file
09:41:15 Saved config file successfully
09:42:15 saveConfig: auto-save-60s
09:42:15 Saving config file
09:42:15 Saved config file successfully
09:42:15 saveConfig: auto-save-60s
09:42:15 Saving config file
09:42:15 Saved config file successfully
09:43:15 saveConfig: auto-save-60s
09:43:15 Saving config file
09:43:15 Saved config file successfully
09:43:15 saveConfig: auto-save-60s
09:43:15 Saving config file
09:43:15 Saved config file successfully
09:44:15 saveConfig: auto-save-60s
09:44:15 Saving config file
09:44:15 Saved config file successfully
09:44:15 saveConfig: auto-save-60s
09:44:15 Saving config file
09:44:15 Saved config file successfully
09:45:15 saveConfig: auto-save-60s
09:45:15 Saving config file
09:45:15 Saved config file successfully
09:45:15 saveConfig: auto-save-60s
09:45:15 Saving config file
09:45:15 Saved config file successfully
09:46:15 saveConfig: auto-save-60s
09:46:15 Saving config file
09:46:15 Saved config file successfully
09:46:15 saveConfig: auto-save-60s
09:46:15 Saving config file
09:46:15 Saved config file successfully
09:47:15 saveConfig: auto-save-60s
09:47:15 Saving config file
09:47:15 Saved config file successfully
09:47:15 saveConfig: auto-save-60s
09:47:15 Saving config file
09:47:15 Saved config file successfully
09:48:15 saveConfig: auto-save-60s
09:48:15 Saving config file
09:48:15 Saved config file successfully
09:48:15 saveConfig: auto-save-60s
09:48:15 Saving config file
09:48:15 Saved config file successfully
09:49:15 saveConfig: auto-save-60s
09:49:15 Saving config file
09:49:15 Saved config file successfully
09:49:15 saveConfig: auto-save-60s
09:49:15 Saving config file
09:49:15 Saved config file successfully
09:50:15 saveConfig: auto-save-60s
09:50:15 Saving config file
09:50:15 Saved config file successfully
09:50:15 saveConfig: auto-save-60s
09:50:15 Saving config file
09:50:15 Saved config file successfully
09:51:15 saveConfig: auto-save-60s
09:51:15 Saving config file
09:51:15 Saved config file successfully
09:51:15 saveConfig: auto-save-60s
09:51:15 Saving config file
09:51:15 Saved config file successfully
09:52:15 saveConfig: auto-save-60s
09:52:15 Saving config file
09:52:15 Saved config file successfully
09:52:15 saveConfig: auto-save-60s
09:52:15 Saving config file
09:52:15 Saved config file successfully
09:53:15 saveConfig: auto-save-60s
09:53:15 Saving config file
09:53:15 Saved config file successfully
09:53:15 saveConfig: auto-save-60s
09:53:15 Saving config file
09:53:15 Saved config file successfully
09:54:15 saveConfig: auto-save-60s
09:54:15 Saving config file
09:54:15 Saved config file successfully
09:54:15 saveConfig: auto-save-60s
09:54:15 Saving config file
09:54:15 Saved config file successfully
09:55:15 saveConfig: auto-save-60s
09:55:15 Saving config file
09:55:15 Saved config file successfully
09:55:15 saveConfig: auto-save-60s
09:55:15 Saving config file
09:55:15 Saved config file successfully
09:56:15 saveConfig: auto-save-60s
09:56:15 Saving config file
09:56:15 Saved config file successfully
09:56:15 saveConfig: auto-save-60s
09:56:15 Saving config file
09:56:15 Saved config file successfully
09:57:15 saveConfig: auto-save-60s
09:57:15 Saving config file
09:57:15 Saved config file successfully
09:57:15 saveConfig: auto-save-60s
09:57:15 Saving config file
09:57:15 Saved config file successfully
09:58:15 saveConfig: auto-save-60s
09:58:15 Saving config file
09:58:15 Saved config file successfully
09:58:15 saveConfig: auto-save-60s
09:58:15 Saving config file
09:58:15 Saved config file successfully
09:59:15 saveConfig: auto-save-60s
09:59:15 Saving config file
09:59:15 Saved config file successfully
09:59:15 saveConfig: auto-save-60s
09:59:15 Saving config file
09:59:15 Saved config file successfully
10:00:15 saveConfig: auto-save-60s
10:00:15 Saving config file
10:00:15 Saved config file successfully
10:00:15 saveConfig: auto-save-60s
10:00:15 Saving config file
10:00:15 Saved config file successfully
10:01:15 saveConfig: auto-save-60s
10:01:15 Saving config file
10:01:15 Saved config file successfully
10:01:15 saveConfig: auto-save-60s
10:01:15 Saving config file
10:01:15 Saved config file successfully
10:02:15 saveConfig: auto-save-60s
10:02:15 Saving config file
10:02:15 Saved config file successfully
10:02:15 saveConfig: auto-save-60s
10:02:15 Saving config file
10:02:15 Saved config file successfully
10:03:15 saveConfig: auto-save-60s
10:03:15 Saving config file
10:03:15 Saved config file successfully
10:03:15 saveConfig: auto-save-60s
10:03:15 Saving config file
10:03:15 Saved config file successfully
10:04:15 saveConfig: auto-save-60s
10:04:15 Saving config file
10:04:15 Saved config file successfully
10:04:15 saveConfig: auto-save-60s
10:04:15 Saving config file
10:04:15 Saved config file successfully
10:05:15 saveConfig: auto-save-60s
10:05:15 Saving config file
10:05:15 Saved config file successfully
10:05:15 saveConfig: auto-save-60s
10:05:15 Saving config file
10:05:15 Saved config file successfully
10:06:15 saveConfig: auto-save-60s
10:06:15 Saving config file
10:06:15 Saved config file successfully
10:06:15 saveConfig: auto-save-60s
10:06:15 Saving config file
10:06:15 Saved config file successfully
10:07:15 saveConfig: auto-save-60s
10:07:15 Saving config file
10:07:15 Saved config file successfully
10:07:15 saveConfig: auto-save-60s
10:07:15 Saving config file
10:07:15 Saved config file successfully
10:08:15 saveConfig: auto-save-60s
10:08:15 Saving config file
10:08:15 Saved config file successfully
10:08:15 saveConfig: auto-save-60s
10:08:15 Saving config file
10:08:15 Saved config file successfully
10:09:15 saveConfig: auto-save-60s
10:09:15 Saving config file
10:09:15 Saved config file successfully
10:09:15 saveConfig: auto-save-60s
10:09:15 Saving config file
10:09:15 Saved config file successfully
10:10:15 saveConfig: auto-save-60s
10:10:15 Saving config file
10:10:15 Saved config file successfully
10:10:15 saveConfig: auto-save-60s
10:10:15 Saving config file
10:10:15 Saved config file successfully
10:11:15 saveConfig: auto-save-60s
10:11:15 Saving config file
10:11:15 Saved config file successfully
10:11:15 saveConfig: auto-save-60s
10:11:15 Saving config file
10:11:15 Saved config file successfully
10:12:15 saveConfig: auto-save-60s
10:12:15 Saving config file
10:12:15 Saved config file successfully
10:12:15 saveConfig: auto-save-60s
10:12:15 Saving config file
10:12:15 Saved config file successfully
10:13:15 saveConfig: auto-save-60s
10:13:15 Saving config file
10:13:15 Saved config file successfully
10:13:15 saveConfig: auto-save-60s
10:13:15 Saving config file
10:13:15 Saved config file successfully
10:14:15 saveConfig: auto-save-60s
10:14:15 Saving config file
10:14:15 Saved config file successfully
10:14:15 saveConfig: auto-save-60s
10:14:15 Saving config file
10:14:15 Saved config file successfully
10:15:15 saveConfig: auto-save-60s
10:15:15 Saving config file
10:15:15 Saved config file successfully
10:15:15 saveConfig: auto-save-60s
10:15:15 Saving config file
10:15:15 Saved config file successfully
10:16:15 saveConfig: auto-save-60s
10:16:15 Saving config file
10:16:15 Saved config file successfully
10:16:15 saveConfig: auto-save-60s
10:16:15 Saving config file
10:16:15 Saved config file successfully
10:17:15 saveConfig: auto-save-60s
10:17:15 Saving config file
10:17:15 Saved config file successfully
10:17:15 saveConfig: auto-save-60s
10:17:15 Saving config file
10:17:15 Saved config file successfully
10:18:15 saveConfig: auto-save-60s
10:18:15 Saving config file
10:18:15 Saved config file successfully
10:18:15 saveConfig: auto-save-60s
10:18:15 Saving config file
10:18:15 Saved config file successfully
10:19:15 saveConfig: auto-save-60s
10:19:15 Saving config file
10:19:15 Saved config file successfully
10:19:15 saveConfig: auto-save-60s
10:19:15 Saving config file
10:19:15 Saved config file successfully
10:20:15 saveConfig: auto-save-60s
10:20:15 Saving config file
10:20:15 Saved config file successfully
10:20:15 saveConfig: auto-save-60s
10:20:15 Saving config file
10:20:15 Saved config file successfully
10:21:15 saveConfig: auto-save-60s
10:21:15 Saving config file
10:21:15 Saved config file successfully
10:21:15 saveConfig: auto-save-60s
10:21:15 Saving config file
10:21:15 Saved config file successfully
10:22:15 saveConfig: auto-save-60s
10:22:15 Saving config file
10:22:15 Saved config file successfully
10:22:15 saveConfig: auto-save-60s
10:22:15 Saving config file
10:22:15 Saved config file successfully
10:23:15 saveConfig: auto-save-60s
10:23:15 Saving config file
10:23:15 Saved config file successfully
10:23:15 saveConfig: auto-save-60s
10:23:15 Saving config file
10:23:15 Saved config file successfully
10:24:15 saveConfig: auto-save-60s
10:24:15 Saving config file
10:24:15 Saved config file successfully
10:24:15 saveConfig: auto-save-60s
10:24:15 Saving config file
10:24:15 Saved config file successfully
10:25:15 saveConfig: auto-save-60s
10:25:15 Saving config file
10:25:15 Saved config file successfully
10:25:15 saveConfig: auto-save-60s
10:25:15 Saving config file
10:25:15 Saved config file successfully
10:26:15 saveConfig: auto-save-60s
10:26:15 Saving config file
10:26:15 Saved config file successfully
10:26:15 saveConfig: auto-save-60s
10:26:15 Saving config file
10:26:15 Saved config file successfully
10:27:15 saveConfig: auto-save-60s
10:27:15 Saving config file
10:27:15 Saved config file successfully
10:27:15 saveConfig: auto-save-60s
10:27:15 Saving config file
10:27:15 Saved config file successfully
10:28:15 saveConfig: auto-save-60s
10:28:15 Saving config file
10:28:15 Saved config file successfully
10:28:15 saveConfig: auto-save-60s
10:28:15 Saving config file
10:28:15 Saved config file successfully
10:29:15 saveConfig: auto-save-60s
10:29:15 Saving config file
10:29:15 Saved config file successfully
10:29:15 saveConfig: auto-save-60s
10:29:15 Saving config file
10:29:15 Saved config file successfully
10:30:15 saveConfig: auto-save-60s
10:30:15 Saving config file
10:30:15 Saved config file successfully
10:30:15 saveConfig: auto-save-60s
10:30:15 Saving config file
10:30:15 Saved config file successfully
10:31:15 saveConfig: auto-save-60s
10:31:15 Saving config file
10:31:15 Saved config file successfully
10:31:15 saveConfig: auto-save-60s
10:31:15 Saving config file
10:31:15 Saved config file successfully
10:32:15 saveConfig: auto-save-60s
10:32:15 Saving config file
10:32:15 Saved config file successfully
10:32:15 saveConfig: auto-save-60s
10:32:15 Saving config file
10:32:15 Saved config file successfully
10:33:15 saveConfig: auto-save-60s
10:33:15 Saving config file
10:33:15 Saved config file successfully
10:33:15 saveConfig: auto-save-60s
10:33:15 Saving config file
10:33:15 Saved config file successfully
10:34:15 saveConfig: auto-save-60s
10:34:15 Saving config file
10:34:15 Saved config file successfully
10:34:15 saveConfig: auto-save-60s
10:34:15 Saving config file
10:34:15 Saved config file successfully
10:35:15 saveConfig: auto-save-60s
10:35:15 Saving config file
10:35:15 Saved config file successfully
10:35:15 saveConfig: auto-save-60s
10:35:15 Saving config file
10:35:15 Saved config file successfully
10:36:15 saveConfig: auto-save-60s
10:36:15 Saving config file
10:36:15 Saved config file successfully
10:36:15 saveConfig: auto-save-60s
10:36:15 Saving config file
10:36:15 Saved config file successfully
10:37:15 saveConfig: auto-save-60s
10:37:15 Saving config file
10:37:15 Saved config file successfully
10:37:15 saveConfig: auto-save-60s
10:37:15 Saving config file
10:37:15 Saved config file successfully
10:38:15 saveConfig: auto-save-60s
10:38:15 Saving config file
10:38:15 Saved config file successfully
10:38:15 saveConfig: auto-save-60s
10:38:15 Saving config file
10:38:15 Saved config file successfully
10:39:15 saveConfig: auto-save-60s
10:39:15 Saving config file
10:39:15 Saved config file successfully
10:39:15 saveConfig: auto-save-60s
10:39:15 Saving config file
10:39:15 Saved config file successfully
10:40:15 saveConfig: auto-save-60s
10:40:15 Saving config file
10:40:15 Saved config file successfully
10:40:15 saveConfig: auto-save-60s
10:40:15 Saving config file
10:40:15 Saved config file successfully
10:41:15 saveConfig: auto-save-60s
10:41:15 Saving config file
10:41:15 Saved config file successfully
10:41:15 saveConfig: auto-save-60s
10:41:15 Saving config file
10:41:15 Saved config file successfully
10:42:15 saveConfig: auto-save-60s
10:42:15 Saving config file
10:42:15 Saved config file successfully
10:42:15 saveConfig: auto-save-60s
10:42:15 Saving config file
10:42:15 Saved config file successfully
10:43:15 saveConfig: auto-save-60s
10:43:15 Saving config file
10:43:15 Saved config file successfully
10:43:15 saveConfig: auto-save-60s
10:43:15 Saving config file
10:43:15 Saved config file successfully
10:44:15 saveConfig: auto-save-60s
10:44:15 Saving config file
10:44:15 Saved config file successfully
10:44:15 saveConfig: auto-save-60s
10:44:15 Saving config file
10:44:15 Saved config file successfully
10:45:15 saveConfig: auto-save-60s
10:45:15 Saving config file
10:45:15 Saved config file successfully
10:45:15 saveConfig: auto-save-60s
10:45:15 Saving config file
10:45:15 Saved config file successfully
10:46:15 saveConfig: auto-save-60s
10:46:15 Saving config file
10:46:15 Saved config file successfully
10:46:15 saveConfig: auto-save-60s
10:46:15 Saving config file
10:46:15 Saved config file successfully
10:47:15 saveConfig: auto-save-60s
10:47:15 Saving config file
10:47:15 Saved config file successfully
10:47:15 saveConfig: auto-save-60s
10:47:15 Saving config file
10:47:15 Saved config file successfully
10:48:15 saveConfig: auto-save-60s
10:48:15 Saving config file
10:48:15 Saved config file successfully
10:48:15 saveConfig: auto-save-60s
10:48:15 Saving config file
10:48:15 Saved config file successfully
10:49:15 saveConfig: auto-save-60s
10:49:15 Saving config file
10:49:15 Saved config file successfully
10:49:15 saveConfig: auto-save-60s
10:49:15 Saving config file
10:49:15 Saved config file successfully
10:50:15 saveConfig: auto-save-60s
10:50:15 Saving config file
10:50:15 Saved config file successfully
10:50:15 saveConfig: auto-save-60s
10:50:15 Saving config file
10:50:15 Saved config file successfully
10:51:15 saveConfig: auto-save-60s
10:51:15 Saving config file
10:51:15 Saved config file successfully
10:51:15 saveConfig: auto-save-60s
10:51:15 Saving config file
10:51:15 Saved config file successfully
10:52:15 saveConfig: auto-save-60s
10:52:15 Saving config file
10:52:15 Saved config file successfully
10:52:15 saveConfig: auto-save-60s
10:52:15 Saving config file
10:52:15 Saved config file successfully
10:53:15 saveConfig: auto-save-60s
10:53:15 Saving config file
10:53:15 Saved config file successfully
10:53:15 saveConfig: auto-save-60s
10:53:15 Saving config file
10:53:15 Saved config file successfully
10:54:15 saveConfig: auto-save-60s
10:54:15 Saving config file
10:54:15 Saved config file successfully
10:54:15 saveConfig: auto-save-60s
10:54:15 Saving config file
10:54:15 Saved config file successfully
10:55:15 saveConfig: auto-save-60s
10:55:15 Saving config file
10:55:15 Saved config file successfully
10:55:15 saveConfig: auto-save-60s
10:55:15 Saving config file
10:55:15 Saved config file successfully
10:56:15 saveConfig: auto-save-60s
10:56:15 Saving config file
10:56:15 Saved config file successfully
10:56:15 saveConfig: auto-save-60s
10:56:15 Saving config file
10:56:15 Saved config file successfully
10:57:15 saveConfig: auto-save-60s
10:57:15 Saving config file
10:57:15 Saved config file successfully
10:57:15 saveConfig: auto-save-60s
10:57:15 Saving config file
10:57:15 Saved config file successfully
10:58:15 saveConfig: auto-save-60s
10:58:15 Saving config file
10:58:15 Saved config file successfully
10:58:15 saveConfig: auto-save-60s
10:58:15 Saving config file
10:58:15 Saved config file successfully
10:59:15 saveConfig: auto-save-60s
10:59:15 Saving config file
10:59:15 Saved config file successfully
10:59:15 saveConfig: auto-save-60s
10:59:15 Saving config file
10:59:15 Saved config file successfully
11:00:15 saveConfig: auto-save-60s
11:00:15 Saving config file
11:00:15 Saved config file successfully
11:00:15 saveConfig: auto-save-60s
11:00:15 Saving config file
11:00:15 Saved config file successfully
11:01:15 saveConfig: auto-save-60s
11:01:15 Saving config file
11:01:15 Saved config file successfully
11:01:15 saveConfig: auto-save-60s
11:01:15 Saving config file
11:01:15 Saved config file successfully
11:02:15 saveConfig: auto-save-60s
11:02:15 Saving config file
11:02:15 Saved config file successfully
11:02:15 saveConfig: auto-save-60s
11:02:15 Saving config file
11:02:15 Saved config file successfully
11:03:15 saveConfig: auto-save-60s
11:03:15 Saving config file
11:03:15 Saved config file successfully
11:03:15 saveConfig: auto-save-60s
11:03:15 Saving config file
11:03:15 Saved config file successfully
11:04:15 saveConfig: auto-save-60s
11:04:15 Saving config file
11:04:15 Saved config file successfully
11:04:15 saveConfig: auto-save-60s
11:04:15 Saving config file
11:04:15 Saved config file successfully
11:05:15 saveConfig: auto-save-60s
11:05:15 Saving config file
11:05:15 Saved config file successfully
11:05:15 saveConfig: auto-save-60s
11:05:15 Saving config file
11:05:15 Saved config file successfully
11:06:15 saveConfig: auto-save-60s
11:06:15 Saving config file
11:06:15 Saved config file successfully
11:06:15 saveConfig: auto-save-60s
11:06:15 Saving config file
11:06:15 Saved config file successfully
11:07:15 saveConfig: auto-save-60s
11:07:15 Saving config file
11:07:15 Saved config file successfully
11:07:15 saveConfig: auto-save-60s
11:07:15 Saving config file
11:07:15 Saved config file successfully
11:08:15 saveConfig: auto-save-60s
11:08:15 Saving config file
11:08:15 Saved config file successfully
11:08:15 saveConfig: auto-save-60s
11:08:15 Saving config file
11:08:15 Saved config file successfully
11:09:15 saveConfig: auto-save-60s
11:09:15 Saving config file
11:09:15 Saved config file successfully
11:09:15 saveConfig: auto-save-60s
11:09:15 Saving config file
11:09:15 Saved config file successfully
11:10:15 saveConfig: auto-save-60s
11:10:15 Saving config file
11:10:15 Saved config file successfully
11:10:15 saveConfig: auto-save-60s
11:10:15 Saving config file
11:10:15 Saved config file successfully
11:11:15 saveConfig: auto-save-60s
11:11:15 Saving config file
11:11:15 Saved config file successfully
11:11:15 saveConfig: auto-save-60s
11:11:15 Saving config file
11:11:15 Saved config file successfully
11:12:15 saveConfig: auto-save-60s
11:12:15 Saving config file
11:12:15 Saved config file successfully
11:12:15 saveConfig: auto-save-60s
11:12:15 Saving config file
11:12:15 Saved config file successfully
11:13:15 saveConfig: auto-save-60s
11:13:15 Saving config file
11:13:15 Saved config file successfully
11:13:15 saveConfig: auto-save-60s
11:13:15 Saving config file
11:13:15 Saved config file successfully
11:14:15 saveConfig: auto-save-60s
11:14:15 Saving config file
11:14:15 Saved config file successfully
11:14:15 saveConfig: auto-save-60s
11:14:15 Saving config file
11:14:15 Saved config file successfully
11:15:15 saveConfig: auto-save-60s
11:15:15 Saving config file
11:15:15 Saved config file successfully
11:15:15 saveConfig: auto-save-60s
11:15:15 Saving config file
11:15:15 Saved config file successfully
11:16:15 saveConfig: auto-save-60s
11:16:15 Saving config file
11:16:15 Saved config file successfully
11:16:15 saveConfig: auto-save-60s
11:16:15 Saving config file
11:16:15 Saved config file successfully
11:17:15 saveConfig: auto-save-60s
11:17:15 Saving config file
11:17:15 Saved config file successfully
11:17:15 saveConfig: auto-save-60s
11:17:15 Saving config file
11:17:15 Saved config file successfully
11:18:15 saveConfig: auto-save-60s
11:18:15 Saving config file
11:18:15 Saved config file successfully
11:18:15 saveConfig: auto-save-60s
11:18:15 Saving config file
11:18:15 Saved config file successfully
11:19:15 saveConfig: auto-save-60s
11:19:15 Saving config file
11:19:15 Saved config file successfully
11:19:15 saveConfig: auto-save-60s
11:19:15 Saving config file
11:19:15 Saved config file successfully
11:20:15 saveConfig: auto-save-60s
11:20:15 Saving config file
11:20:15 Saved config file successfully
11:20:15 saveConfig: auto-save-60s
11:20:15 Saving config file
11:20:15 Saved config file successfully
11:21:15 saveConfig: auto-save-60s
11:21:15 Saving config file
11:21:15 Saved config file successfully
11:21:15 saveConfig: auto-save-60s
11:21:15 Saving config file
11:21:15 Saved config file successfully
11:22:15 saveConfig: auto-save-60s
11:22:15 Saving config file
11:22:15 Saved config file successfully
11:22:15 saveConfig: auto-save-60s
11:22:15 Saving config file
11:22:15 Saved config file successfully
11:23:15 saveConfig: auto-save-60s
11:23:15 Saving config file
11:23:15 Saved config file successfully
11:23:15 saveConfig: auto-save-60s
11:23:15 Saving config file
11:23:15 Saved config file successfully
11:24:15 saveConfig: auto-save-60s
11:24:15 Saving config file
11:24:15 Saved config file successfully
11:24:15 saveConfig: auto-save-60s
11:24:15 Saving config file
11:24:15 Saved config file successfully
11:25:15 saveConfig: auto-save-60s
11:25:15 Saving config file
11:25:15 Saved config file successfully
11:25:15 saveConfig: auto-save-60s
11:25:15 Saving config file
11:25:15 Saved config file successfully
11:26:15 saveConfig: auto-save-60s
11:26:15 Saving config file
11:26:15 Saved config file successfully
11:26:15 saveConfig: auto-save-60s
11:26:15 Saving config file
11:26:15 Saved config file successfully
11:27:15 saveConfig: auto-save-60s
11:27:15 Saving config file
11:27:15 Saved config file successfully
11:27:15 saveConfig: auto-save-60s
11:27:15 Saving config file
11:27:15 Saved config file successfully
11:28:15 saveConfig: auto-save-60s
11:28:15 Saving config file
11:28:15 Saved config file successfully
11:28:15 saveConfig: auto-save-60s
11:28:15 Saving config file
11:28:15 Saved config file successfully
11:29:15 saveConfig: auto-save-60s
11:29:15 Saving config file
11:29:15 Saved config file successfully
11:29:15 saveConfig: auto-save-60s
11:29:15 Saving config file
11:29:15 Saved config file successfully
11:30:15 saveConfig: auto-save-60s
11:30:15 Saving config file
11:30:15 Saved config file successfully
11:30:15 saveConfig: auto-save-60s
11:30:15 Saving config file
11:30:15 Saved config file successfully
11:31:15 saveConfig: auto-save-60s
11:31:15 Saving config file
11:31:15 Saved config file successfully
11:31:15 saveConfig: auto-save-60s
11:31:15 Saving config file
11:31:15 Saved config file successfully
11:32:15 saveConfig: auto-save-60s
11:32:15 Saving config file
11:32:15 Saved config file successfully
11:32:15 saveConfig: auto-save-60s
11:32:15 Saving config file
11:32:15 Saved config file successfully
11:33:15 saveConfig: auto-save-60s
11:33:15 Saving config file
11:33:15 Saved config file successfully
11:33:15 saveConfig: auto-save-60s
11:33:15 Saving config file
11:33:15 Saved config file successfully
11:34:15 saveConfig: auto-save-60s
11:34:15 Saving config file
11:34:15 Saved config file successfully
11:34:15 saveConfig: auto-save-60s
11:34:15 Saving config file
11:34:15 Saved config file successfully
11:35:15 saveConfig: auto-save-60s
11:35:15 Saving config file
11:35:15 Saved config file successfully
11:35:15 saveConfig: auto-save-60s
11:35:15 Saving config file
11:35:15 Saved config file successfully
11:36:15 saveConfig: auto-save-60s
11:36:15 Saving config file
11:36:15 Saved config file successfully
11:36:15 saveConfig: auto-save-60s
11:36:15 Saving config file
11:36:15 Saved config file successfully
11:37:15 saveConfig: auto-save-60s
11:37:15 Saving config file
11:37:15 Saved config file successfully
11:37:15 saveConfig: auto-save-60s
11:37:15 Saving config file
11:37:15 Saved config file successfully
11:38:15 saveConfig: auto-save-60s
11:38:15 Saving config file
11:38:15 Saved config file successfully
11:38:15 saveConfig: auto-save-60s
11:38:15 Saving config file
11:38:15 Saved config file successfully
11:39:15 saveConfig: auto-save-60s
11:39:15 Saving config file
11:39:15 Saved config file successfully
11:39:15 saveConfig: auto-save-60s
11:39:15 Saving config file
11:39:15 Saved config file successfully
11:40:15 saveConfig: auto-save-60s
11:40:15 Saving config file
11:40:15 Saved config file successfully
11:40:15 saveConfig: auto-save-60s
11:40:15 Saving config file
11:40:15 Saved config file successfully
11:41:15 saveConfig: auto-save-60s
11:41:15 Saving config file
11:41:15 Saved config file successfully
11:41:15 saveConfig: auto-save-60s
11:41:15 Saving config file
11:41:15 Saved config file successfully
11:42:15 saveConfig: auto-save-60s
11:42:15 Saving config file
11:42:15 Saved config file successfully
11:42:15 saveConfig: auto-save-60s
11:42:15 Saving config file
11:42:15 Saved config file successfully
11:43:15 saveConfig: auto-save-60s
11:43:15 Saving config file
11:43:15 Saved config file successfully
11:43:15 saveConfig: auto-save-60s
11:43:15 Saving config file
11:43:15 Saved config file successfully
11:44:15 saveConfig: auto-save-60s
11:44:15 Saving config file
11:44:15 Saved config file successfully
11:44:15 saveConfig: auto-save-60s
11:44:15 Saving config file
11:44:15 Saved config file successfully
11:45:15 saveConfig: auto-save-60s
11:45:15 Saving config file
11:45:15 Saved config file successfully
11:45:15 saveConfig: auto-save-60s
11:45:15 Saving config file
11:45:15 Saved config file successfully
11:46:15 saveConfig: auto-save-60s
11:46:15 Saving config file
11:46:15 Saved config file successfully
11:46:15 saveConfig: auto-save-60s
11:46:15 Saving config file
11:46:15 Saved config file successfully
11:47:15 saveConfig: auto-save-60s
11:47:15 Saving config file
11:47:15 Saved config file successfully
11:47:15 saveConfig: auto-save-60s
11:47:15 Saving config file
11:47:15 Saved config file successfully
11:48:15 saveConfig: auto-save-60s
11:48:15 Saving config file
11:48:15 Saved config file successfully
11:48:15 saveConfig: auto-save-60s
11:48:15 Saving config file
11:48:15 Saved config file successfully
11:49:15 saveConfig: auto-save-60s
11:49:15 Saving config file
11:49:15 Saved config file successfully
11:49:15 saveConfig: auto-save-60s
11:49:15 Saving config file
11:49:15 Saved config file successfully
11:50:15 saveConfig: auto-save-60s
11:50:15 Saving config file
11:50:15 Saved config file successfully
11:50:15 saveConfig: auto-save-60s
11:50:15 Saving config file
11:50:15 Saved config file successfully
11:51:15 saveConfig: auto-save-60s
11:51:15 Saving config file
11:51:15 Saved config file successfully
11:51:15 saveConfig: auto-save-60s
11:51:15 Saving config file
11:51:15 Saved config file successfully
11:52:15 saveConfig: auto-save-60s
11:52:15 Saving config file
11:52:15 Saved config file successfully
11:52:15 saveConfig: auto-save-60s
11:52:15 Saving config file
11:52:15 Saved config file successfully
11:53:15 saveConfig: auto-save-60s
11:53:15 Saving config file
11:53:15 Saved config file successfully
11:53:15 saveConfig: auto-save-60s
11:53:15 Saving config file
11:53:15 Saved config file successfully
11:54:15 saveConfig: auto-save-60s
11:54:15 Saving config file
11:54:15 Saved config file successfully
11:54:15 saveConfig: auto-save-60s
11:54:15 Saving config file
11:54:15 Saved config file successfully
11:55:15 saveConfig: auto-save-60s
11:55:15 Saving config file
11:55:15 Saved config file successfully
11:55:15 saveConfig: auto-save-60s
11:55:15 Saving config file
11:55:15 Saved config file successfully
11:56:15 saveConfig: auto-save-60s
11:56:15 Saving config file
11:56:15 Saved config file successfully
11:56:15 saveConfig: auto-save-60s
11:56:15 Saving config file
11:56:15 Saved config file successfully
11:57:15 saveConfig: auto-save-60s
11:57:15 Saving config file
11:57:15 Saved config file successfully
11:57:15 saveConfig: auto-save-60s
11:57:15 Saving config file
11:57:15 Saved config file successfully
11:58:15 saveConfig: auto-save-60s
11:58:15 Saving config file
11:58:15 Saved config file successfully
11:58:15 saveConfig: auto-save-60s
11:58:15 Saving config file
11:58:15 Saved config file successfully
11:59:15 saveConfig: auto-save-60s
11:59:15 Saving config file
11:59:15 Saved config file successfully
11:59:15 saveConfig: auto-save-60s
11:59:15 Saving config file
11:59:15 Saved config file successfully
12:00:15 saveConfig: auto-save-60s
12:00:15 Saving config file
12:00:15 Saved config file successfully
12:00:15 saveConfig: auto-save-60s
12:00:15 Saving config file
12:00:15 Saved config file successfully
12:01:15 saveConfig: auto-save-60s
12:01:15 Saving config file
12:01:15 Saved config file successfully
12:01:15 saveConfig: auto-save-60s
12:01:15 Saving config file
12:01:15 Saved config file successfully
12:02:15 saveConfig: auto-save-60s
12:02:15 Saving config file
12:02:15 Saved config file successfully
12:02:15 saveConfig: auto-save-60s
12:02:15 Saving config file
12:02:15 Saved config file successfully
12:03:15 saveConfig: auto-save-60s
12:03:15 Saving config file
12:03:15 Saved config file successfully
12:03:15 saveConfig: auto-save-60s
12:03:15 Saving config file
12:03:15 Saved config file successfully
12:04:15 saveConfig: auto-save-60s
12:04:15 Saving config file
12:04:15 Saved config file successfully
12:04:15 saveConfig: auto-save-60s
12:04:15 Saving config file
12:04:15 Saved config file successfully
12:05:15 saveConfig: auto-save-60s
12:05:15 Saving config file
12:05:15 Saved config file successfully
12:05:15 saveConfig: auto-save-60s
12:05:15 Saving config file
12:05:15 Saved config file successfully
12:06:15 saveConfig: auto-save-60s
12:06:15 Saving config file
12:06:15 Saved config file successfully
12:06:15 saveConfig: auto-save-60s
12:06:15 Saving config file
12:06:15 Saved config file successfully
12:07:15 saveConfig: auto-save-60s
12:07:15 Saving config file
12:07:15 Saved config file successfully
12:07:15 saveConfig: auto-save-60s
12:07:15 Saving config file
12:07:15 Saved config file successfully
12:08:15 saveConfig: auto-save-60s
12:08:15 Saving config file
12:08:15 Saved config file successfully
12:08:15 saveConfig: auto-save-60s
12:08:15 Saving config file
12:08:15 Saved config file successfully
12:09:15 saveConfig: auto-save-60s
12:09:15 Saving config file
12:09:15 Saved config file successfully
12:09:15 saveConfig: auto-save-60s
12:09:15 Saving config file
12:09:15 Saved config file successfully
12:10:15 saveConfig: auto-save-60s
12:10:15 Saving config file
12:10:15 Saved config file successfully
12:10:15 saveConfig: auto-save-60s
12:10:15 Saving config file
12:10:15 Saved config file successfully
12:11:15 saveConfig: auto-save-60s
12:11:15 Saving config file
12:11:15 Saved config file successfully
12:11:15 saveConfig: auto-save-60s
12:11:15 Saving config file
12:11:15 Saved config file successfully
12:12:15 saveConfig: auto-save-60s
12:12:15 Saving config file
12:12:15 Saved config file successfully
12:12:15 saveConfig: auto-save-60s
12:12:15 Saving config file
12:12:15 Saved config file successfully
12:13:15 saveConfig: auto-save-60s
12:13:15 Saving config file
12:13:15 Saved config file successfully
12:13:15 saveConfig: auto-save-60s
12:13:15 Saving config file
12:13:15 Saved config file successfully
12:14:15 saveConfig: auto-save-60s
12:14:15 Saving config file
12:14:15 Saved config file successfully
12:14:15 saveConfig: auto-save-60s
12:14:15 Saving config file
12:14:15 Saved config file successfully
12:15:15 saveConfig: auto-save-60s
12:15:15 Saving config file
12:15:15 Saved config file successfully
12:15:15 saveConfig: auto-save-60s
12:15:15 Saving config file
12:15:15 Saved config file successfully
12:16:15 saveConfig: auto-save-60s
12:16:15 Saving config file
12:16:15 Saved config file successfully
12:16:15 saveConfig: auto-save-60s
12:16:15 Saving config file
12:16:15 Saved config file successfully
12:17:15 saveConfig: auto-save-60s
12:17:15 Saving config file
12:17:15 Saved config file successfully
12:17:15 saveConfig: auto-save-60s
12:17:15 Saving config file
12:17:15 Saved config file successfully
12:18:15 saveConfig: auto-save-60s
12:18:15 Saving config file
12:18:15 Saved config file successfully
12:18:15 saveConfig: auto-save-60s
12:18:15 Saving config file
12:18:15 Saved config file successfully
12:19:15 saveConfig: auto-save-60s
12:19:15 Saving config file
12:19:15 Saved config file successfully
12:19:15 saveConfig: auto-save-60s
12:19:15 Saving config file
12:19:15 Saved config file successfully
12:20:15 saveConfig: auto-save-60s
12:20:15 Saving config file
12:20:15 Saved config file successfully
12:20:15 saveConfig: auto-save-60s
12:20:15 Saving config file
12:20:15 Saved config file successfully
12:21:15 saveConfig: auto-save-60s
12:21:15 Saving config file
12:21:15 Saved config file successfully
12:21:15 saveConfig: auto-save-60s
12:21:15 Saving config file
12:21:15 Saved config file successfully
12:22:15 saveConfig: auto-save-60s
12:22:15 Saving config file
12:22:15 Saved config file successfully
12:22:15 saveConfig: auto-save-60s
12:22:15 Saving config file
12:22:15 Saved config file successfully
12:23:15 saveConfig: auto-save-60s
12:23:15 Saving config file
12:23:15 Saved config file successfully
12:23:15 saveConfig: auto-save-60s
12:23:15 Saving config file
12:23:15 Saved config file successfully
12:24:15 saveConfig: auto-save-60s
12:24:15 Saving config file
12:24:15 Saved config file successfully
12:24:15 saveConfig: auto-save-60s
12:24:15 Saving config file
12:24:15 Saved config file successfully
12:25:15 saveConfig: auto-save-60s
12:25:15 Saving config file
12:25:15 Saved config file successfully
12:25:15 saveConfig: auto-save-60s
12:25:15 Saving config file
12:25:15 Saved config file successfully
12:26:02 saveConfig: saving-data
12:26:02 Saving pets file
12:26:02 Saved pets file successfully
12:26:02 saveConfig: saving-data
12:26:02 Saving pets file
12:26:02 Saved pets file successfully
12:26:15 saveConfig: auto-save-60s
12:26:15 Saving config file
12:26:15 Saved config file successfully
12:26:15 saveConfig: auto-save-60s
12:26:15 Saving config file
12:26:15 Saved config file successfully
12:26:16 saveConfig: Save file
12:26:16 Saving friends file
12:26:16 Saved friends file successfully
12:26:16 saveConfig: Save file
12:26:16 Saving friends file
12:26:16 Saved friends file successfully
12:26:33 saveConfig: saving-data
12:26:33 Saving pets file
12:26:33 Saved pets file successfully
12:26:33 saveConfig: saving-data
12:26:33 Saving pets file
12:26:33 Saved pets file successfully
12:27:15 saveConfig: shutdown-hook
12:27:15 Saving config file
