15:31:02 §e[SkyHanni] Reloaded 7531 items in the NEU repo§r
15:31:49 §e[SkyHanni] §eYou have §62 §eitems in stash. §eClick to §6pickup §eyour stash!§r
15:31:49 §e[SkyHanni] §bYou have §31.7k §bmaterials in stash, §btotalling §32 types§b. §bClick to §3pickup §byour stash!§r
15:49:13 §e[SkyHanni] §eYou have §62 §eitems in stash. §eClick to §6pickup §eyour stash!§r
15:49:13 §e[SkyHanni] §bYou have §31.7k §bmaterials in stash, §btotalling §32 types§b. §bClick to §3pickup §byour stash!§r
15:49:57 §e[SkyHanni] §eYou have §62 §eitems in stash. §eClick to §6pickup §eyour stash!§r
15:49:57 §e[SkyHanni] §bYou have §31.7k §bmaterials in stash, §btotalling §32 types§b. §bClick to §3pickup §byour stash!§r
15:50:32 §e[SkyHanni] §b+100 SkyBlock XP §7(Slayer Level Up§7)§b (16/100)§r
15:50:46 §e[SkyHanni] §b+50 SkyBlock XP §7(Slayer Level Up§7)§b (66/100)§r
15:50:53 §e[SkyHanni] §eYou have §62 §eitems in stash. §eClick to §6pickup §eyour stash!§r
15:50:53 §e[SkyHanni] §bYou have §31.7k §bmaterials in stash, §btotalling §32 types§b. §bClick to §3pickup §byour stash!§r
15:50:55 §e[SkyHanni] §b+75 SkyBlock XP §7(Slayer Level Up§7)§b (41/100)§r
15:51:56 §e[SkyHanni] Click here to share the location of this chocolate egg with the server!§r
15:53:18 §a§lPotion Effect! §r§4Regeneration IV§r
15:53:18 §a§lPotion Effect! §r§4Strength V§r
15:53:18 §a§lPotion Effect! §r§4Critical III§r
15:53:18 §a§lPotion Effect! §r§9Speed III§r
15:53:18 §a§lPotion Effect! §r§aResistance V§r
15:53:18 §a§lPotion Effect! §r§bArchery III§r
15:53:18 §e[SkyHanni] §eYou have §62 §eitems in stash. §eClick to §6pickup §eyour stash!§r
15:53:18 §e[SkyHanni] §bYou have §31.7k §bmaterials in stash, §btotalling §32 types§b. §bClick to §3pickup §byour stash!§r
16:03:00 §e[SkyHanni] §eYou have §62 §eitems in stash. §eClick to §6pickup §eyour stash!§r
16:03:00 §e[SkyHanni] §bYou have §31.7k §bmaterials in stash, §btotalling §32 types§b. §bClick to §3pickup §byour stash!§r
16:03:06 §a§lPotion Effect! §r§4Regeneration IV§r
16:03:06 §a§lPotion Effect! §r§4Strength V§r
16:03:06 §a§lPotion Effect! §r§4Critical III§r
16:03:06 §a§lPotion Effect! §r§9Speed III§r
16:03:06 §a§lPotion Effect! §r§aResistance V§r
16:03:06 §a§lPotion Effect! §r§bArchery III§r
16:11:29 §e[SkyHanni] §eYou have §62 §eitems in stash. §eClick to §6pickup §eyour stash!§r
16:11:29 §e[SkyHanni] §bYou have §31.7k §bmaterials in stash, §btotalling §32 types§b. §bClick to §3pickup §byour stash!§r
16:11:33 §a§lPotion Effect! §r§4Regeneration IV§r
16:11:33 §a§lPotion Effect! §r§4Strength V§r
16:11:33 §a§lPotion Effect! §r§4Critical III§r
16:11:33 §a§lPotion Effect! §r§9Speed III§r
16:11:33 §a§lPotion Effect! §r§aResistance V§r
16:11:33 §a§lPotion Effect! §r§bArchery III§r
16:20:17 §e[SkyHanni] §eYou have §62 §eitems in stash. §eClick to §6pickup §eyour stash!§r
16:20:17 §e[SkyHanni] §bYou have §31.7k §bmaterials in stash, §btotalling §32 types§b. §bClick to §3pickup §byour stash!§r
16:20:18 §a§lPotion Effect! §r§4Regeneration IV§r
16:20:18 §a§lPotion Effect! §r§4Strength V§r
16:20:18 §a§lPotion Effect! §r§4Critical III§r
16:20:18 §a§lPotion Effect! §r§9Speed III§r
16:20:18 §a§lPotion Effect! §r§aResistance V§r
16:20:18 §a§lPotion Effect! §r§bArchery III§r
16:30:01 §e[SkyHanni] §eYou have §62 §eitems in stash. §eClick to §6pickup §eyour stash!§r
16:30:01 §e[SkyHanni] §bYou have §31.7k §bmaterials in stash, §btotalling §32 types§b. §bClick to §3pickup §byour stash!§r
16:30:37 §6§lBESTIARY §r§b§lShadow Assassin §7§8XIX §8➡§b §bXX§r
16:40:16 §e[SkyHanni] §b+1 SkyBlock XP §7(Catacombs Level Up§7)§b (46/100)§r
16:40:50 §e[SkyHanni] You have gained §b625 §eBits.§r
16:41:02 §e[SkyHanni] §eYou have §62 §eitems in stash. §eClick to §6pickup §eyour stash!§r
16:41:02 §e[SkyHanni] §bYou have §31.7k §bmaterials in stash, §btotalling §32 types§b. §bClick to §3pickup §byour stash!§r
16:42:40 §e[SkyHanni] §eYou have §62 §eitems in stash. §eClick to §6pickup §eyour stash!§r
16:42:40 §e[SkyHanni] §bYou have §31.7k §bmaterials in stash, §btotalling §32 types§b. §bClick to §3pickup §byour stash!§r
16:49:16 §e[SkyHanni] Click here to share the location of this chocolate egg with the server!§r
16:49:27 §e[SkyHanni] Click here to share the location of this chocolate egg with the server!§r
16:51:00 §e[SkyHanni] §eYou have §62 §eitems in stash. §eClick to §6pickup §eyour stash!§r
16:51:00 §e[SkyHanni] §bYou have §31.7k §bmaterials in stash, §btotalling §32 types§b. §bClick to §3pickup §byour stash!§r
16:52:20 §e[SkyHanni] §cYour Time Tower just expired and has 2 charges remaining. Click here to open the Chocolate Factory Menu.§r
17:00:56 §e[SkyHanni] §eYou have §62 §eitems in stash. §eClick to §6pickup §eyour stash!§r
17:00:56 §e[SkyHanni] §bYou have §31.7k §bmaterials in stash, §btotalling §32 types§b. §bClick to §3pickup §byour stash!§r
17:01:53 §e[SkyHanni] §eYou have §62 §eitems in stash. §eClick to §6pickup §eyour stash!§r
17:01:53 §e[SkyHanni] §bYou have §31.7k §bmaterials in stash, §btotalling §32 types§b. §bClick to §3pickup §byour stash!§r
17:03:14 §e[SkyHanni] You have gained §b250 §eBits.§r
17:04:45 §e[SkyHanni] §eYou have §62 §eitems in stash. §eClick to §6pickup §eyour stash!§r
17:04:45 §e[SkyHanni] §bYou have §31.7k §bmaterials in stash, §btotalling §32 types§b. §bClick to §3pickup §byour stash!§r
17:07:56 §e[SkyHanni] Click here to share the location of this chocolate egg with the server!§r
17:08:30 §e[SkyHanni] §eYou have §62 §eitems in stash. §eClick to §6pickup §eyour stash!§r
17:08:30 §e[SkyHanni] §bYou have §31.7k §bmaterials in stash, §btotalling §32 types§b. §bClick to §3pickup §byour stash!§r
17:33:43 §e[SkyHanni] You have gained §b250 §eBits.§r
17:43:47 §e[SkyHanni] Click here to share the location of this chocolate egg with the server!§r
17:43:51 §e[SkyHanni] §eNext egg available in §b2m 48s§e.§r
17:43:52 §e[SkyHanni] §eNext egg available in §b2m 47s§e.§r
17:45:48 §e[SkyHanni] §eNext egg available in §b51s§e.§r
18:03:56 §e[SkyHanni] You have gained §b250 §eBits.§r
18:34:15 §e[SkyHanni] You have gained §b250 §eBits.§r
18:37:50 §e[SkyHanni] §eYou have §62 §eitems in stash. §eClick to §6pickup §eyour stash!§r
18:37:50 §e[SkyHanni] §bYou have §31.7k §bmaterials in stash, §btotalling §32 types§b. §bClick to §3pickup §byour stash!§r
18:42:23 §e[SkyHanni] Click here to share the location of this chocolate egg with the server!§r
18:42:30 §e[SkyHanni] §eYou have §62 §eitems in stash. §eClick to §6pickup §eyour stash!§r
18:42:30 §e[SkyHanni] §bYou have §31.7k §bmaterials in stash, §btotalling §32 types§b. §bClick to §3pickup §byour stash!§r
18:42:35 §e[SkyHanni] §eYou have §62 §eitems in stash. §eClick to §6pickup §eyour stash!§r
18:42:35 §e[SkyHanni] §bYou have §31.7k §bmaterials in stash, §btotalling §32 types§b. §bClick to §3pickup §byour stash!§r
18:42:42 §a§lPotion Effect! §r§4Regeneration IV§r
18:42:42 §a§lPotion Effect! §r§4Strength V§r
18:42:42 §a§lPotion Effect! §r§4Critical III§r
18:42:42 §a§lPotion Effect! §r§9Speed III§r
18:42:42 §a§lPotion Effect! §r§aResistance V§r
18:42:42 §a§lPotion Effect! §r§bArchery III§r
18:43:16 §6§lBESTIARY §r§b§lSkeletor §7§8XIX §8➡§b §bXX§r
19:03:39 §e[SkyHanni] §eYou have §62 §eitems in stash. §eClick to §6pickup §eyour stash!§r
19:03:39 §e[SkyHanni] §bYou have §31.7k §bmaterials in stash, §btotalling §32 types§b. §bClick to §3pickup §byour stash!§r
19:03:57 §e[SkyHanni] §eYou have §62 §eitems in stash. §eClick to §6pickup §eyour stash!§r
19:03:57 §e[SkyHanni] §bYou have §31.7k §bmaterials in stash, §btotalling §32 types§b. §bClick to §3pickup §byour stash!§r
19:03:59 §a§lPotion Effect! §r§4Regeneration IV§r
19:03:59 §a§lPotion Effect! §r§4Strength V§r
19:03:59 §a§lPotion Effect! §r§4Critical III§r
19:03:59 §a§lPotion Effect! §r§9Speed III§r
19:03:59 §a§lPotion Effect! §r§aResistance V§r
19:03:59 §a§lPotion Effect! §r§bArchery III§r
19:21:27 §e[SkyHanni] §eYou have §62 §eitems in stash. §eClick to §6pickup §eyour stash!§r
19:21:27 §e[SkyHanni] §bYou have §31.7k §bmaterials in stash, §btotalling §32 types§b. §bClick to §3pickup §byour stash!§r
19:23:19 §e[SkyHanni] §eYou have §62 §eitems in stash. §eClick to §6pickup §eyour stash!§r
19:23:19 §e[SkyHanni] §bYou have §31.7k §bmaterials in stash, §btotalling §32 types§b. §bClick to §3pickup §byour stash!§r
19:23:28 §e[SkyHanni] §eYou have §62 §eitems in stash. §eClick to §6pickup §eyour stash!§r
19:23:28 §e[SkyHanni] §bYou have §31.7k §bmaterials in stash, §btotalling §32 types§b. §bClick to §3pickup §byour stash!§r
19:23:38 §a§lPotion Effect! §r§4Regeneration IV§r
19:23:38 §a§lPotion Effect! §r§4Strength V§r
19:23:38 §a§lPotion Effect! §r§4Critical III§r
19:23:38 §a§lPotion Effect! §r§9Speed III§r
19:23:38 §a§lPotion Effect! §r§aResistance V§r
19:23:38 §a§lPotion Effect! §r§bArchery III§r
19:37:34 §e[SkyHanni] §fYou were in Limbo for §e3s§f.§r
19:37:45 §e[SkyHanni] §eYou have §62 §eitems in stash. §eClick to §6pickup §eyour stash!§r
19:37:45 §e[SkyHanni] §bYou have §31.7k §bmaterials in stash, §btotalling §32 types§b. §bClick to §3pickup §byour stash!§r
19:37:45 §e[SkyHanni] You have gained §b500 §eBits.§r
