22:00:02 [allowed] §f §r§r§r§f §r§r§r§1 §r§r§r§0 §r§r§r§2 §r§r§r§f §r§r§r§f §r§r§r§2 §r§r§r§0 §r§r§r§4 §r§r§r§3 §r§r§r§9 §r§r§r§2 §r§r§r§0 §r§r§r§0 §r§r§r§3 §r§r§r§9 §r§r§r§2 §r§r§r§0 §r§r§r§0 §r§r§r§3 §r§r§r§9 §r§r§r§2 §r§r§r§0 §r§r§r§0 
22:00:02 [allowed] §b[MVP§e+§b] Kenado§f §6joined the lobby!
22:00:03 [allowed] §aYou have §b30 §aunclaimed leveling rewards!
22:00:03 [allowed] §eClick here to view them!
22:00:03 [allowed] §aYou have §63 §aunclaimed achievement rewards!
22:00:03 [allowed] §eClick here to view them!
22:00:04 [allowed]  §b>§c>§a>§r §r§6[MVP§8++§6] bllz§f §6joined the lobby!§r §a<§c<§b<
22:00:04 [allowed] §b[MVP§d+§b] Vantol§f §6joined the lobby!
22:00:08 [allowed] §b[MVP§c+§b] bergeken§f §6joined the lobby!
22:00:08 [allowed] §b[MVP§6+§b] ABOLFAZL85§f §6joined the lobby!
22:00:08 [allowed] §b[MVP§d+§b] JeffreyR5§f §6joined the lobby!
22:00:11 [allowed] §b[MVP§c+§b] DerL3mm1ng§f §6joined the lobby!
22:00:11 [allowed] §b[MVP§f+§b] kreativetime§f §6joined the lobby!
22:00:12 [allowed] §b[MVP§6+§b] tatjanadodie§f§r§f: meow
22:00:14 [allowed] §b[MVP§a+§b] Bomba3§f §6joined the lobby!
22:00:16 [allowed] §a[VIP] jcdf§f§r§f: anyone one lagginbg like hell
22:00:20 [allowed] §b[MVP§c+§b] aZooNut§f §6joined the lobby!
22:00:20 [allowed] §b[MVP§c+§b] James79§f §6joined the lobby!
22:00:24 [allowed] §b[MVP§c+§b] HMT2015§f§r§f: me
22:00:24 [allowed] §b[MVP§6+§b] tatjanadodie§f§r§f: me too
22:00:25 [allowed] §b[MVP§2+§b] xTimi_§f §6joined the lobby!
22:00:28 [allowed] §b[MVP§c+§b] Demmon_Wolf§f §6joined the lobby!
22:00:29 [allowed] §b[MVP§c+§b] thelinator§f §6joined the lobby!
22:00:33 [allowed] §a[VIP] LoryAnvoled§f§r§f: lagpixel
22:00:33 [allowed] §b[MVP§6+§b] tatjanadodie§f§r§f: quite strange cause i have 416 mbit down rn
22:00:34 [allowed] §b[MVP§d+§b] Nyxona§f §6joined the lobby!
22:00:35 [allowed] §b[MVP§c+§b] _FURKAN_KOSAL_§f §6joined the lobby!
22:00:37 [allowed] §b[MVP§c+§b] _Blue_Doge_§f §6joined the lobby!
22:00:37 [allowed] §b[MVP§2+§b] MVPcatt§f §6joined the lobby!
22:00:37 [allowed] §a[VIP] Reweboiii§f§r§f: whats with the servers bro
22:00:37 [allowed] §a[VIP] jcdf§f§r§f: ok least its not just me
22:00:41 [allowed] §b[MVP§c+§b] HMT2015§f§r§f: very true
22:00:44 [allowed] §7OJK_MC§7§r§7: Yee it's real bad
22:00:44 [allowed] §b[MVP§2+§b] TechSnake33§f §6joined the lobby!
22:00:45 [allowed] §b[MVP§4+§b] GoldenSword6§f §6joined the lobby!
22:00:45 [allowed] §b[MVP§d+§b] JeffreyR5§f§r§f: hypixel is highpixel today
22:00:46 [allowed] §b[MVP§6+§b] tatjanadodie§f§r§f: 97 mbit up doe only
22:00:46 [allowed] §b[MVP§d+§b] JeffreyR5§f§r§f: but we love our pagpickle
22:00:50 [allowed] §a[VIP] LoryAnvoled§f§r§f: the best server in the world
22:00:51 [allowed] §b[MVP§c+§b] HMT2015§f§r§f: laggypixel
22:00:52 [allowed]  §b>§c>§a>§r §r§6[MVP§0++§6] oktai§f §6joined the lobby!§r §a<§c<§b<
22:00:53 [allowed] §b[MVP§c+§b] Kbeatz01§f §6joined the lobby!
22:00:53 [allowed] §b[MVP§c+§b] YetiRod§f §6joined the lobby!
22:00:54 [allowed] §b[MVP§0+§b] AusaCausa§f §6joined the lobby!
22:00:54 [allowed] §b[MVP§c+§b] HypeMage1§f §6joined the lobby!
22:00:57 [allowed] §a[VIP] Reweboiii§f§r§f: unplayable like the 10th time i gotten into limbo
22:01:04 [allowed] §b[MVP§c+§b] CattyBandit§f §6joined the lobby!
22:01:06 [allowed] §b[MVP§c+§b] HMT2015§f§r§f: 2nd time for me
22:01:07 [allowed] §b[MVP§9+§b] DrCart§f §6joined the lobby!
22:01:11 [allowed]  §b>§c>§a>§r §r§6[MVP§2++§6] Awantura§f §6joined the lobby!§r §a<§c<§b<
22:01:13 [allowed] §b[MVP§6+§b] tatjanadodie§f§r§f: i guess their helm structure failed lmao
22:01:15 [allowed] §b[MVP§3+§b] AXAX14§f §6joined the lobby!
22:01:15 [allowed] §b[MVP§c+§b] FilipG4MER§f §6joined the lobby!
22:01:21 [allowed]  §b>§c>§a>§r §r§6[MVP§4++§6] Majshu§f §6joined the lobby!§r §a<§c<§b<
22:01:22 [allowed] §b[MVP§d+§b] AspectOfTheDie§f §6joined the lobby!
22:01:22 [allowed] §b[MVP§3+§b] gabri13wolf§f §6joined the lobby!
22:01:22 [allowed] §b[MVP§9+§b] Lucas_Astley§f §6joined the lobby!
22:01:22 [allowed] §b[MVP§c+§b] HMT2015§f§r§f: crapixel
22:01:22 [allowed] §b[MVP§c+§b] AlqaidaOfficiel§f §6joined the lobby!
22:01:22 [allowed] §b[MVP§2+§b] Creeper_Kongen§f §6joined the lobby!
22:01:26 [allowed] §b[MVP§f+§b] 8Law§f §6joined the lobby!
22:01:30 [allowed] §b[MVP§a+§b] Lici1234§f §6joined the lobby!
22:01:30 [allowed] §b[MVP§0+§b] PolioPlays§f §6joined the lobby!
22:01:39 [allowed] §b[MVP§c+§b] Embyrx§f §6joined the lobby!
22:01:39 [allowed] §b[MVP§2+§b] cagal§f §6joined the lobby!
22:01:39 [allowed]  §b>§c>§a>§r §r§6[MVP§6++§6] 4nysor§f §6joined the lobby!§r §a<§c<§b<
22:01:39 [allowed] §b[MVP§d+§b] Preece04§f §6joined the lobby!
22:01:39 [allowed]  §b>§c>§a>§r §r§6[MVP§a++§6] IronFloppa§f §6joined the lobby!§r §a<§c<§b<
22:01:41 [allowed] §b[MVP§d+§b] NRV_Fonc§f §6joined the lobby!
22:01:41 [allowed] §b[MVP§6+§b] xF12§f §6joined the lobby!
22:01:42 [allowed] §b[MVP§f+§b] hamster0000§f §6joined the lobby!
22:01:44 [allowed] §b[MVP§e+§b] Zugatti45§f §6joined the lobby!
22:01:44 [allowed] §b[MVP§c+§b] MinecraftBedrocc§f §6joined the lobby!
22:01:44 [allowed] §7Sending to server mini31R...
22:01:45 [allowed] §b[MVP§c+§b] _NyanNeko_§f §6joined the lobby!
22:01:45 [allowed] §8 §r§8 §r§1 §r§3 §r§3 §r§7 §r§8 
22:01:47 [allowed] 
22:01:47 [allowed] §eWelcome to §r§aHypixel SkyBlock§r§e!
22:01:47 [allowed] 
22:01:47 [allowed] §eLatest update: §bSkyBlock v0.23.2 §e§lCLICK
22:01:48 [allowed] §aYou are playing on profile: §ePear§b (Co-op)
22:01:48 [allowed] §8Profile ID: da202b41-03b4-4acb-b131-26b3b789ffbc
22:01:55 [allowed] 
22:01:55 [allowed] §6§k§lA§r §c§lFIRE SALE §r§6§k§lA
§r§c♨ §eSelling an item for a limited time!
§r§c   ♨ §aFrog Dye §e(§c43,535 left§e)§c§r
§r§c♨ §a§l[WARP] §eTo Elizabeth in the next §c0d 2h 58m §eto grab yours!
22:01:55 [allowed] 
22:01:56 [allowed]  
22:01:56 [STASH_COMPACT] §f               §7You have §313,280 §7materials stashed away!
22:01:56 [STASH_COMPACT] §f              §8(This totals 4 types of materials stashed!)
22:01:56 [STASH_COMPACT] §f                §3§l>>> §3§lCLICK HERE§b to pick them up! §3§l<<<
22:01:56 [STASH_COMPACT]   
22:02:05 [allowed] §8[§r§9302§r§8] §r§7§lツ §r§b[MVP§d+§b] Painz__ §5ቾ§f§r§f: t
22:02:08 [allowed] §aFriend > §r§aHOLYEISMYGOAT §r§ejoined.
22:02:13 [allowed] §8[§r§9302§r§8] §r§7§lツ §r§b[MVP§d+§b] Painz__ §5ቾ§f§r§f: still lagging that bad?
22:02:32 [allowed] §cThere are blocks in the way!
22:02:32 [allowed] §cThere are blocks in the way!
22:02:32 [allowed] §cThere are blocks in the way!
22:02:41 [allowed] §cThere are blocks in the way!
22:02:42 [allowed] §cThere are blocks in the way!
22:02:50 [allowed] §e[NPC] §cElle§f: §rAre you ready?
22:02:50 [allowed] §eSelect an option: §r§a§l[YES] §r§c§l[NO] 
22:02:52 [allowed] ▬▬▬▬▬▬▬▬▬▬▬▬▬▬▬▬▬▬▬▬▬▬▬▬▬▬▬▬▬▬▬▬▬▬▬▬▬▬▬▬▬▬▬▬▬▬▬▬▬▬▬▬▬▬▬▬▬▬▬▬▬▬▬▬
22:02:52 [allowed] §f                                §r§a§k#§r§6 LEVEL UP! §r§a§k#
22:02:52 [allowed] 
22:02:52 [allowed] §f                      §r§7You are now §r§3Hypixel Level §r§a33§r§7!
22:02:52 [allowed] 
22:02:52 [allowed] §f                     §r§eClaim your reward in the lobby!
22:02:52 [allowed] ▬▬▬▬▬▬▬▬▬▬▬▬▬▬▬▬▬▬▬▬▬▬▬▬▬▬▬▬▬▬▬▬▬▬▬▬▬▬▬▬▬▬▬▬▬▬▬▬▬▬▬▬▬▬▬▬▬▬▬▬▬▬▬▬
22:02:52 [allowed] §aYou earned §r§e20 Event EXP §r§afrom playing SkyBlock!
22:02:53 [allowed] §e[NPC] §cElle§f: §rAre you ready?
22:02:53 [allowed] §eSelect an option: §r§a§l[YES] §r§c§l[NO] 
22:02:56 [allowed] §e[NPC] §cElle§f: §rPerfect! Let's fight!
22:02:56 [allowed]  
22:02:56 [STASH_COMPACT] §f               §7You have §313,280 §7materials stashed away!
22:02:56 [STASH_COMPACT] §f              §8(This totals 4 types of materials stashed!)
22:02:56 [STASH_COMPACT] §f                §3§l>>> §3§lCLICK HERE§b to pick them up! §3§l<<<
22:02:56 [STASH_COMPACT]   
22:03:00 [allowed] §c ☠ §r§7§r§bAka_420§r§7 was killed by Primordial Minion§r§7§r§7.
22:03:11 [allowed] §cThere are blocks in the way!
22:03:13 [allowed] §e[NPC] §cElle§f: §rAre you ready?
22:03:13 [allowed] §eSelect an option: §r§a§l[YES] §r§c§l[NO] 
22:03:15 [allowed] §e[NPC] §cElle§f: §rPerfect! Let's fight!
22:03:19 [allowed] §aRefreshing...
22:03:26 [allowed] §e[NPC] §cElle§f: §rAre you ready?
22:03:26 [allowed] §eSelect an option: §r§a§l[YES] §r§c§l[NO] 
22:03:26 [allowed] §e[NPC] §cElle§f: §rAre you ready?
22:03:26 [allowed] §eSelect an option: §r§a§l[YES] §r§c§l[NO] 
22:03:28 [allowed] §e[NPC] §cElle§f: §rPerfect! Let's fight!
22:03:31 [allowed] §e[NPC] §cElle§f: §rAre you ready?
22:03:31 [allowed] §eSelect an option: §r§a§l[YES] §r§c§l[NO] 
22:03:34 [allowed] §e[NPC] §cElle§f: §rPerfect! Let's fight!
22:03:44 [allowed] §aRefreshing...
22:03:50 [allowed] §dParty Finder §r§f> §r§aYour party has been queued in the party finder!
22:03:50 [allowed] §eQueueing your party...
22:04:01 [allowed]  
22:04:01 [STASH_COMPACT] §f               §7You have §313,280 §7materials stashed away!
22:04:01 [STASH_COMPACT] §f              §8(This totals 4 types of materials stashed!)
22:04:01 [STASH_COMPACT] §f                §3§l>>> §3§lCLICK HERE§b to pick them up! §3§l<<<
22:04:01 [STASH_COMPACT]   
22:04:12 [allowed] §c ☠ §r§7§r§bKinggDamage§r§7 was killed by Smoldering Blaze§r§7§r§7.
22:04:21 [allowed] §dParty Finder §r§f> §r§bali010 §r§ejoined the group! (§r§3Combat Level 29§r§e)
22:04:39 [allowed] §9§m-----------------------------------------------------
22:04:39 [allowed] §6Party Members (2)
22:04:39 [allowed] §f
22:04:39 [allowed] §eParty Leader: §r§a[VIP§r§6+§r§a] longfenownsheat §r§a●
22:04:39 [allowed] §eParty Members: §r§b[MVP§r§9+§r§b] ali010§r§a ● 
22:04:39 [allowed] §9§m-----------------------------------------------------
22:04:57 [allowed]  
22:04:57 [STASH_COMPACT] §f               §7You have §313,280 §7materials stashed away!
22:04:57 [STASH_COMPACT] §f              §8(This totals 4 types of materials stashed!)
22:04:57 [STASH_COMPACT] §f                §3§l>>> §3§lCLICK HERE§b to pick them up! §3§l<<<
22:04:57 [STASH_COMPACT]   
22:05:04 [allowed] §c ☠ §r§7§r§bZugatti45§r§7 was killed by Primordial Minion§r§7§r§7.
22:05:36 [allowed] §c ☠ §r§7§r§bPainz__§r§7 was killed by Smoldering Blaze§r§7§r§7.
22:05:38 [allowed] §9§m-----------------------------------------------------
22:05:38 [allowed] §6Party Members (2)
22:05:38 [allowed] §f
22:05:38 [allowed] §eParty Leader: §r§a[VIP§r§6+§r§a] longfenownsheat §r§a●
22:05:38 [allowed] §eParty Members: §r§b[MVP§r§9+§r§b] ali010§r§a ● 
22:05:38 [allowed] §9§m-----------------------------------------------------
22:05:43 [allowed] §e[NPC] §cElle§f: §rAre you ready?
22:05:43 [allowed] §eSelect an option: §r§a§l[YES] §r§c§l[NO] 
22:05:45 [allowed] §e[NPC] §cElle§f: §rPerfect! Let's fight!
22:05:57 [allowed]  
22:05:57 [STASH_COMPACT] §f               §7You have §313,280 §7materials stashed away!
22:05:57 [STASH_COMPACT] §f              §8(This totals 4 types of materials stashed!)
22:05:57 [STASH_COMPACT] §f                §3§l>>> §3§lCLICK HERE§b to pick them up! §3§l<<<
22:05:57 [STASH_COMPACT]   
22:07:03 [allowed]  
22:07:03 [STASH_COMPACT] §f               §7You have §313,280 §7materials stashed away!
22:07:03 [STASH_COMPACT] §f              §8(This totals 4 types of materials stashed!)
22:07:03 [STASH_COMPACT] §f                §3§l>>> §3§lCLICK HERE§b to pick them up! §3§l<<<
22:07:03 [STASH_COMPACT]   
22:07:05 [allowed] §9§m-----------------------------------------------------
22:07:05 [allowed] §6Party Members (2)
22:07:05 [allowed] §f
22:07:05 [allowed] §eParty Leader: §r§a[VIP§r§6+§r§a] longfenownsheat §r§a●
22:07:05 [allowed] §eParty Members: §r§b[MVP§r§9+§r§b] ali010§r§a ● 
22:07:05 [allowed] §9§m-----------------------------------------------------
22:07:10 [allowed] §e[NPC] §cElle§f: §rAre you ready?
22:07:10 [allowed] §eSelect an option: §r§a§l[YES] §r§c§l[NO] 
22:07:12 [allowed] §e[NPC] §cElle§f: §rPerfect! Let's fight!
22:07:57 [allowed] §aYou earned §r§e1,500 Event EXP §r§afrom playing SkyBlock!
22:07:58 [allowed]  
22:07:58 [STASH_COMPACT] §f               §7You have §313,280 §7materials stashed away!
22:07:58 [STASH_COMPACT] §f              §8(This totals 4 types of materials stashed!)
22:07:58 [STASH_COMPACT] §f                §3§l>>> §3§lCLICK HERE§b to pick them up! §3§l<<<
22:07:58 [STASH_COMPACT]   
22:08:05 [allowed] §8[§r§6401§r§8] §r§7☣ §r§a[VIP] Rhinosquid §5ቾ§f§r§f: CRAZY RARE DROP! (Tarantula Talisman) (+217% ✯ Magic Find)
22:08:19 [allowed] §8[§r§d327§r§8] §r§a[VIP§6+§a] IRedBerryI §5ቾ§f§r§f: OMG !!
22:09:27 [allowed] §f §r§r§r§f §r§r§r§1 §r§r§r§0 §r§r§r§2 §r§r§r§f §r§r§r§f §r§r§r§2 §r§r§r§0 §r§r§r§4 §r§r§r§3 §r§r§r§9 §r§r§r§2 §r§r§r§0 §r§r§r§0 §r§r§r§3 §r§r§r§9 §r§r§r§2 §r§r§r§0 §r§r§r§0 §r§r§r§3 §r§r§r§9 §r§r§r§2 §r§r§r§0 §r§r§r§0 
22:09:28 [allowed] §aYou have §b31 §aunclaimed leveling rewards!
22:09:28 [allowed] §eClick here to view them!
22:09:28 [allowed] §aYou have §63 §aunclaimed achievement rewards!
22:09:28 [allowed] §eClick here to view them!
22:09:30 [allowed] §b[MVP§f+§b] Gueck§f §6joined the lobby!
22:09:31 [allowed] §b[MVP§c+§b] Dummii§f §6joined the lobby!
22:09:37 [allowed] §b[MVP§0+§b] Fuyuka§f §6joined the lobby!
22:10:12 [allowed] §b[MVP§c+§b] BigTastyBierchen§f §6joined the lobby!
22:10:28 [allowed] §b[MVP§d+§b] blank467§f §6joined the lobby!
22:10:28 [allowed]  §b>§c>§a>§r §r§6[MVP§c++§6] _gice§f §6joined the lobby!§r §a<§c<§b<
22:10:29 [allowed] §b[MVP§9+§b] stupidlysmart§f §6joined the lobby!
22:10:42 [allowed] §7Sending to server mini31R...
22:10:42 [allowed] §8 §r§8 §r§1 §r§3 §r§3 §r§7 §r§8 
22:10:44 [allowed] 
22:10:44 [allowed] §eWelcome to §r§aHypixel SkyBlock§r§e!
22:10:44 [allowed] 
22:10:44 [allowed] §eLatest update: §bSkyBlock v0.23.2 §e§lCLICK
22:10:44 [allowed] §cThere are blocks in the way!
22:10:45 [allowed] §aYou are playing on profile: §ePear§b (Co-op)
22:10:45 [allowed] §8Profile ID: da202b41-03b4-4acb-b131-26b3b789ffbc
22:10:52 [allowed] 
22:10:52 [allowed] §6§k§lA§r §c§lFIRE SALE §r§6§k§lA
§r§c♨ §eSelling an item for a limited time!
§r§c   ♨ §aFrog Dye §e(§c43,518 left§e)§c§r
§r§c♨ §a§l[WARP] §eTo Elizabeth in the next §c0d 2h 49m §eto grab yours!
22:10:52 [allowed] 
22:10:59 [allowed]  
22:10:59 [STASH_COMPACT] §f               §7You have §313,280 §7materials stashed away!
22:10:59 [STASH_COMPACT] §f              §8(This totals 4 types of materials stashed!)
22:10:59 [STASH_COMPACT] §f                §3§l>>> §3§lCLICK HERE§b to pick them up! §3§l<<<
22:10:59 [STASH_COMPACT]   
22:11:09 [allowed] §c ☠ §r§7§r§aIRedBerryI§r§7 was killed by §r§8§lBladesoul§r§7§r§7.
22:11:18 [allowed] §c ☠ §r§7§r§bSreks_§r§7 was killed by Smoldering Blaze§r§7§r§7.
22:11:18 [allowed] §c ☠ §r§7§r§6SpicyChipp§r§7 was killed by Magma Cube§r§7§r§7.
22:11:18 [allowed] §c ☠ §r§7§r§bIronmanTransFem§r§7 was killed by Primordial Bat§r§7§r§7.
22:11:38 [allowed] §cThere are blocks in the way!
22:11:38 [allowed] §7Your Implosion hit §r§c1 §r§7enemy for §r§c1,249,488.4 §r§7damage.
22:11:38 [allowed] §cThere are blocks in the way!
22:11:39 [allowed] §7Your Implosion hit §r§c1 §r§7enemy for §r§c1,186,402.2 §r§7damage.
22:11:40 [allowed] §7Your Implosion hit §r§c1 §r§7enemy for §r§c1,187,017.9 §r§7damage.
22:11:41 [allowed] §cThere are blocks in the way!
22:11:41 [allowed] §a§l+5 Kill Combo §r§b+1% §r§b✯ Magic Find
22:11:41 [allowed] §7Your Implosion hit §r§c1 §r§7enemy for §r§c1,250,989.1 §r§7damage.
22:11:46 [allowed] §7Warping you to your SkyBlock island...
22:11:46 [allowed] §7Sending to server mini33T...
22:11:47 [allowed] §8 §r§8 §r§1 §r§3 §r§3 §r§7 §r§8 
22:11:49 [allowed] §cThere are blocks in the way!
22:11:50 [allowed] §aYou are playing on profile: §ePear§b (Co-op)
22:11:50 [allowed] §8Profile ID: da202b41-03b4-4acb-b131-26b3b789ffbc
22:11:54 [allowed]  
22:11:54 [STASH_COMPACT] §f               §7You have §313,280 §7materials stashed away!
22:11:54 [STASH_COMPACT] §f              §8(This totals 4 types of materials stashed!)
22:11:54 [STASH_COMPACT] §f                §3§l>>> §3§lCLICK HERE§b to pick them up! §3§l<<<
22:11:54 [STASH_COMPACT]   
22:12:00 [allowed] §b-----------------------------------------------------
22:12:00 [allowed] §a[VIP§r§6+§r§a] longfenownsheat §r§ahas set the beacon profile stat to §r§c+4๑ Ability Damage§r§a.
22:12:00 [allowed] §b-----------------------------------------------------
22:12:08 [allowed]  §9§l» §bali010 §eis traveling to §aHub §e§lFOLLOW
22:12:14 [allowed] §7[§bSkyblockAddons§7] §cA feature has stopped you from dropping this "rare" item or tool from your hotbar.
22:12:24 [allowed]  §9§l» §bali010 §eis traveling to §aHub §e§lFOLLOW
22:12:51 [allowed]  
22:12:51 [STASH_COMPACT] §f               §7You have §313,280 §7materials stashed away!
22:12:51 [STASH_COMPACT] §f              §8(This totals 4 types of materials stashed!)
22:12:51 [STASH_COMPACT] §f                §3§l>>> §3§lCLICK HERE§b to pick them up! §3§l<<<
22:12:51 [STASH_COMPACT]   
22:12:55 [allowed] §cThere are blocks in the way!
22:13:00 [allowed] §cThere are blocks in the way!
22:13:07 [allowed] §cThere are blocks in the way!
22:13:51 [allowed] §cThere are blocks in the way!
22:13:51 [allowed]  
22:13:51 [STASH_COMPACT] §f               §7You have §313,280 §7materials stashed away!
22:13:51 [STASH_COMPACT] §f              §8(This totals 4 types of materials stashed!)
22:13:51 [STASH_COMPACT] §f                §3§l>>> §3§lCLICK HERE§b to pick them up! §3§l<<<
22:13:51 [STASH_COMPACT]   
22:13:53 [allowed] §9§m-----------------------------------------------------
22:13:53 [allowed] §cThe party was disbanded because all invites expired and the party was empty.
22:13:53 [allowed] §9§m-----------------------------------------------------
22:13:53 [allowed] §9§m-----------------------------------------------------
22:13:53 [allowed] §b[MVP§r§9+§r§b] ali010 §r§ehas left the party.
22:13:53 [allowed] §9§m-----------------------------------------------------
22:14:02 [allowed] §9§m-----------------------------------------------------
22:14:02 [allowed] §cYou are not in a party right now.
22:14:02 [allowed] §9§m-----------------------------------------------------
22:14:12 [allowed] §cThere are blocks in the way!
22:14:12 [allowed] §cThere are blocks in the way!
22:14:19 [allowed] §cThere are blocks in the way!
22:14:19 [allowed] §cThere are blocks in the way!
22:14:22 [allowed] §cThere are blocks in the way!
22:14:23 [allowed] §cThere are blocks in the way!
22:14:51 [allowed]  
22:14:51 [STASH_COMPACT] §f               §7You have §313,280 §7materials stashed away!
22:14:51 [STASH_COMPACT] §f              §8(This totals 4 types of materials stashed!)
22:14:51 [STASH_COMPACT] §f                §3§l>>> §3§lCLICK HERE§b to pick them up! §3§l<<<
22:14:51 [STASH_COMPACT]   
22:16:22 [allowed] §f §r§r§r§f §r§r§r§1 §r§r§r§0 §r§r§r§2 §r§r§r§f §r§r§r§f §r§r§r§2 §r§r§r§0 §r§r§r§4 §r§r§r§3 §r§r§r§9 §r§r§r§2 §r§r§r§0 §r§r§r§0 §r§r§r§3 §r§r§r§9 §r§r§r§2 §r§r§r§0 §r§r§r§0 §r§r§r§3 §r§r§r§9 §r§r§r§2 §r§r§r§0 §r§r§r§0 
22:16:26 [allowed] §aYou have §b31 §aunclaimed leveling rewards!
22:16:26 [allowed] §eClick here to view them!
22:16:26 [allowed] §aYou have §63 §aunclaimed achievement rewards!
22:16:26 [allowed] §eClick here to view them!
22:16:28 [allowed] §b[MVP§a+§b] celestial4SR§f §6joined the lobby!
22:16:30 [allowed] §b[MVP§3+§b] DerDiamant§f §6joined the lobby!
22:16:32 [allowed] §7swegui§7§r§7: so basically almost everyone out of 12k players has spent at least 25 bucks here
22:16:32 [allowed] §b[MVP§c+§b] Somebody98§f §6joined the lobby!
22:16:32 [allowed] §b[MVP§a+§b] Rasorens§f §6joined the lobby!
22:16:37 [allowed] §b[MVP§c+§b] TheRealWorr§f §6joined the lobby!
22:16:43 [allowed] §b[MVP§3+§b] LandwirtLukas§f §6joined the lobby!
22:16:44 [allowed] §b[MVP§2+§b] ChimpNuts§f §6joined the lobby!
22:16:44 [allowed] §a[VIP] missorange12345§f§r§f: yeh
22:16:45 [allowed] §a[VIP] marcoorion1§f§r§f: I spent 12 on my old acc
22:16:46 [allowed] §b[MVP§f+§b] Gatmin§f §6joined the lobby!
22:16:47 [allowed] §b[MVP§e+§b] shenyi§f §6joined the lobby!
22:16:50 [allowed] §7swegui§7§r§7: lets have 10k just for the simplier calculations
22:16:55 [allowed] §b[MVP§d+§b] Tato2411§f §6joined the lobby!
22:16:55 [allowed] §a[VIP] marcoorion1§f§r§f: for vip+
22:16:55 [allowed] §b[MVP§c+§b] RedOrca_x§f §6joined the lobby!
22:16:55 [allowed]  §b>§c>§a>§r §r§6[MVP§d++§6] Fuscum§f §6joined the lobby!§r §a<§c<§b<
22:17:03 [allowed] §b[MVP§c+§b] andy_the_hero§f §6joined the lobby!
22:17:05 [allowed] §b[MVP§c+§b] D4nThEcOokiE§f §6joined the lobby!
22:17:07 [allowed] §b[MVP§2+§b] xwavveyy§f §6joined the lobby!
22:17:13 [allowed] §b[MVP§c+§b] Gauxi§f §6joined the lobby!
22:17:14 [allowed] §7Sending to server mini252V...
22:17:15 [allowed] §8 §r§8 §r§1 §r§3 §r§3 §r§7 §r§8 
22:17:17 [allowed] 
22:17:17 [allowed] §eWelcome to §r§aHypixel SkyBlock§r§e!
22:17:17 [allowed] 
22:17:17 [allowed] §eLatest update: §bSkyBlock v0.23.2 §e§lCLICK
22:17:17 [allowed] §aYou are playing on profile: §ePear§b (Co-op)
22:17:17 [allowed] §8Profile ID: da202b41-03b4-4acb-b131-26b3b789ffbc
22:17:19 [allowed]  
22:17:19 [STASH_COMPACT] §f               §7You have §313,280 §7materials stashed away!
22:17:19 [STASH_COMPACT] §f              §8(This totals 4 types of materials stashed!)
22:17:19 [STASH_COMPACT] §f                §3§l>>> §3§lCLICK HERE§b to pick them up! §3§l<<<
22:17:19 [STASH_COMPACT]   
22:17:24 [allowed] 
22:17:24 [allowed] §6§k§lA§r §c§lFIRE SALE §r§6§k§lA
§r§c♨ §eSelling an item for a limited time!
§r§c   ♨ §aFrog Dye §e(§c43,515 left§e)§c§r
§r§c♨ §a§l[WARP] §eTo Elizabeth in the next §c0d 2h 42m §eto grab yours!
22:17:24 [allowed] 
22:17:52 [allowed] §6[Bazaar] §r§7Executing instant sell...
22:17:52 [allowed] §6[Bazaar] §r§cCouldn't find any buyers for Inflatable Jerry!
22:17:52 [allowed] §6[Bazaar] §r§7Sold §r§a3§r§7x §r§aMagma Chunk §r§7for §r§6397.5 coins§r§7!
22:17:52 [allowed] §6[Bazaar] §r§7Sold §r§a20§r§7x §r§fMagma Cream §r§7for §r§638.0 coins§r§7!
22:17:56 [allowed] §7Warping...
22:17:56 [allowed] §7Sending to server mini188R...
22:17:56 [allowed] §8 §r§8 §r§1 §r§3 §r§3 §r§7 §r§8 
22:18:00 [allowed] §aYou are playing on profile: §ePear§b (Co-op)
22:18:00 [allowed] §8Profile ID: da202b41-03b4-4acb-b131-26b3b789ffbc
22:18:07 [allowed] §cYou don't have any Epic items in your inventory to salvage!
22:18:07 [allowed]  
22:18:07 [STASH_COMPACT] §f               §7You have §313,280 §7materials stashed away!
22:18:07 [STASH_COMPACT] §f              §8(This totals 4 types of materials stashed!)
22:18:07 [STASH_COMPACT] §f                §3§l>>> §3§lCLICK HERE§b to pick them up! §3§l<<<
22:18:07 [STASH_COMPACT]   
22:18:09 [allowed] §cYou don't have any Rare items in your inventory to salvage!
22:18:11 [allowed] §cYou don't have any Epic items in your inventory to salvage!
22:18:12 [allowed] §cWhoa! Slow down there!
22:18:29 [allowed] §aYou salvaged §b1 §aitem for:
22:18:29 [allowed]    §r§f5x §r§dUndead Essence§r§f!
22:18:36 [allowed] §cThere are blocks in the way!
22:18:44 [allowed] §cThere are blocks in the way!
22:18:44 [allowed] §cThere are blocks in the way!
22:18:52 [allowed] §cThere are blocks in the way!
22:19:00 [allowed] §cThere are blocks in the way!
22:19:03 [allowed] §aYou earned §r§e30 Event EXP §r§afrom playing SkyBlock!
22:19:07 [allowed]  
22:19:07 [STASH_COMPACT] §f               §7You have §313,280 §7materials stashed away!
22:19:07 [STASH_COMPACT] §f              §8(This totals 4 types of materials stashed!)
22:19:07 [STASH_COMPACT] §f                §3§l>>> §3§lCLICK HERE§b to pick them up! §3§l<<<
22:19:07 [STASH_COMPACT]   
22:19:18 [allowed] §cThere are blocks in the way!
22:19:22 [allowed] §cThere are blocks in the way!
22:19:24 [allowed] §cThere are blocks in the way!
22:19:29 [allowed] §cThere are blocks in the way!
22:19:40 [allowed] §cThere are blocks in the way!
22:19:40 [allowed] §cThere are blocks in the way!
22:19:40 [allowed] §cThere are blocks in the way!
22:19:41 [allowed] §cThere are blocks in the way!
22:19:42 [allowed] §cThere are blocks in the way!
22:19:44 [allowed] §cThere are blocks in the way!
22:19:45 [allowed] §cThere are blocks in the way!
22:19:47 [allowed] §cThere are blocks in the way!
22:19:56 [allowed] §cThere are blocks in the way!
22:19:57 [allowed] §cThere are blocks in the way!
22:19:57 [allowed] §cThere are blocks in the way!
22:20:03 [allowed] §cThere are blocks in the way!
22:20:10 [allowed]  
22:20:10 [STASH_COMPACT] §f               §7You have §313,280 §7materials stashed away!
22:20:10 [STASH_COMPACT] §f              §8(This totals 4 types of materials stashed!)
22:20:10 [STASH_COMPACT] §f                §3§l>>> §3§lCLICK HERE§b to pick them up! §3§l<<<
22:20:10 [STASH_COMPACT]   
22:20:10 [allowed] §cThere are blocks in the way!
22:20:10 [allowed] §cThere are blocks in the way!
22:20:12 [allowed] §cThere are blocks in the way!
22:20:13 [allowed] §cThere are blocks in the way!
22:20:14 [allowed] §cThere are blocks in the way!
22:20:21 [allowed] §cThere are blocks in the way!
22:20:30 [allowed] §cThere are blocks in the way!
22:20:35 [allowed] §cThere are blocks in the way!
22:20:36 [allowed] §cThere are blocks in the way!
22:20:52 [allowed] §cThere are blocks in the way!
22:20:55 [allowed] §cThere are blocks in the way!
22:20:57 [allowed] §cThere are blocks in the way!
22:20:58 [allowed] §cThere are blocks in the way!
