03:02:11 [allowed] §f §r§r§r§f §r§r§r§1 §r§r§r§0 §r§r§r§2 §r§r§r§f §r§r§r§f §r§r§r§2 §r§r§r§0 §r§r§r§4 §r§r§r§3 §r§r§r§9 §r§r§r§2 §r§r§r§0 §r§r§r§0 §r§r§r§3 §r§r§r§9 §r§r§r§2 §r§r§r§0 §r§r§r§0 §r§r§r§3 §r§r§r§9 §r§r§r§2 §r§r§r§0 §r§r§r§0 
03:02:12 [allowed] §aYou have §b1 §aunclaimed leveling reward!
03:02:12 [allowed] §eClick here to view it!
03:02:12 [allowed] §aYou have §62 §aunclaimed achievement rewards!
03:02:12 [allowed] §eClick here to view them!
03:02:12 [allowed] §b[MVP§2+§b] dande_bisquet§f §6joined the lobby!
03:02:12 [allowed] §b[MVP§4+§b] bedwars69§f §6joined the lobby!
03:02:13 [allowed] §b[MVP§c+§b] GOLDROR§f §6joined the lobby!
03:02:13 [allowed]  §b>§c>§a>§r §r§6[MVP§c++§6] _Mouette_§f §6joined the lobby!§r §a<§c<§b<
03:02:16 [allowed] §7Sending to server mini150AB...
03:02:16 [allowed] §8 §r§8 §r§1 §r§3 §r§3 §r§7 §r§8 
03:02:18 [allowed] 
03:02:18 [allowed] §eWelcome to §r§aHypixel SkyBlock§r§e!
03:02:18 [allowed] 
03:02:18 [allowed] §eLatest update: §bSkyBlock v0.23.1 §e§lCLICK
03:02:19 [allowed] §aYou are playing on profile: §ePear§b (Co-op)
03:02:19 [allowed] §8Profile ID: da202b41-03b4-4acb-b131-26b3b789ffbc
03:02:26 [allowed] 
03:02:26 [allowed] §6§k§lA§r §c§lFIRE SALE §r§6§k§lA
§r§c♨ §eSelling an item for a limited time!
§r§c   ♨ §aFrog Dye §e(§a51,919 left§e)§c§r
§r§c♨ §a§l[WARP] §eTo Elizabeth in the next §c3d 21h 57m §eto grab yours!
03:02:26 [allowed] 
03:03:47 [allowed] §aFriend > §r§alongfenownsheat §r§eleft.
03:04:12 [allowed] §aSuccessfully added §r§5Enderman §r§ato your pet menu!
03:04:14 [allowed]  
03:04:14 [allowed] §f                          §r§3§lSKYBLOCK LEVEL UP
03:04:14 [allowed] §f                              §r§7Level §r§837 ➡ §r§8[§r§738§r§8]
03:04:14 [allowed]  
03:04:14 [allowed] §f                                  §r§6§lREWARDS
03:04:14 [allowed] §f                                 §r§8+§r§a5 §r§c❤ Health
03:04:14 [allowed]  
03:04:43 [allowed] §7Added §r§bKarylle's Diary §r§7to your dungeon journal collection!
03:06:10 [allowed] §b-----------------------------------------------------
03:06:10 [allowed] §7NotBars §r§ahas set the beacon profile stat to §r§9+4☣ Crit Chance§r§a.
03:06:10 [allowed] §b-----------------------------------------------------
03:06:30 [allowed] §e⚠ §aYour drops can't be seen by other players in §bSkyBlock§a!
§aOnly you and your §bco-op partners §acan pickup your drops!
§eClick here to disable this alert forever!
03:07:17 [allowed] §aYou earned §r§e364 Event EXP §r§afrom playing SkyBlock!
03:09:40 [allowed] §a§lAUTO-PICKUP! §fDrop sent to your inventory! §2§l[I GET IT]
03:09:40 [allowed] §cThis Teleport Pad does not have a destination set!
03:09:42 [allowed] §a§lAUTO-PICKUP! §fDrop sent to your inventory! §2§l[I GET IT]
03:09:43 [allowed] §aItems from mob and block drops directly go into your inventory...
03:09:43 [allowed] §aBut you will no longer be bothered about it!
03:09:51 [allowed] §cThis Teleport Pad does not have a destination set!
03:11:47 [allowed] §cThis Teleport Pad does not have a destination set!
03:11:53 [allowed] §aWarped from the §r§eYellow Teleport Pad§r§a to the §r§cRed Teleport Pad§r§a!
03:11:59 [allowed] §aWarped from the §r§eYellow Teleport Pad§r§a to the §r§cRed Teleport Pad§r§a!
03:12:05 [allowed] §aWarped from the §r§eYellow Teleport Pad§r§a to the §r§cRed Teleport Pad§r§a!
03:12:10 [allowed] §aWarped from the §r§eYellow Teleport Pad§r§a to the §r§cRed Teleport Pad§r§a!
03:12:13 [allowed] §cThis Teleport Pad does not have a destination set!
03:12:17 [allowed] §aWarped from the §r§eYellow Teleport Pad§r§a to the §r§cRed Teleport Pad§r§a!
03:12:18 [allowed] §aYou earned §r§e636 Event EXP §r§afrom playing SkyBlock!
03:12:32 [allowed] §7Warping...
03:12:55 [allowed] §7Warping...
03:13:04 [allowed] §cYou must be at least Enchanting Level 10!
03:13:05 [allowed] §cYou must be at least Enchanting Level 10!
03:13:05 [allowed] §cYou must be at least Enchanting Level 10!
03:13:21 [allowed] Unknown command. Type "/help" for help. ('hun')
03:13:22 [allowed] §7Warping...
03:13:23 [allowed] §7Sending to server mini35BG...
03:13:23 [allowed] §e§ka§a>>   §aAchievement Unlocked: §6§r§6Your adventure begins...§r§a   <<§e§ka
03:13:23 [allowed] §8 §r§8 §r§1 §r§3 §r§3 §r§7 §r§8 
03:13:26 [allowed] 
03:13:26 [allowed]  §r§6§lNEW AREA DISCOVERED!
03:13:26 [allowed] §7  ⏣ §r§b§r§bVillage
03:13:26 [allowed] 
03:13:26 [allowed] §7   ■ §r§f§r§7§r§fExplore the area to learn more about §r§bSkyBlock§r§f.
03:13:26 [allowed] §7   ■ §r§f§r§7§r§fVisit the §r§6Auction House§r§f.
03:13:26 [allowed] §7   ■ §r§f§r§7§r§fManage your §r§6coins §r§fin the §r§6Bank§r§f.
03:13:26 [allowed] §7   ■ §r§f§r§7§r§fEnchant items in the §r§bLibrary§r§f.
03:13:26 [allowed] 
03:13:31 [allowed] 
03:13:31 [allowed]   §r§6§lNEW OBJECTIVE
03:13:31 [allowed]   §r§fTalk to Sam
03:13:31 [allowed] 
03:13:31 [allowed] §aYou are playing on profile: §ePear§b (Co-op)
03:13:31 [allowed] §8Profile ID: da202b41-03b4-4acb-b131-26b3b789ffbc
03:13:39 [allowed] 
03:13:39 [allowed]  §r§6§lNEW AREA DISCOVERED!
03:13:39 [allowed] §7  ⏣ §r§b§r§eBazaar Alley
03:13:39 [allowed] 
03:13:39 [allowed] §7   ■ §r§f§r§7§r§fBuy and sell materials in bulk at the §r§6Bazaar§r§f.
03:13:39 [allowed] 
03:13:44 [allowed] §6[Bazaar] §r§7Executing instant sell...
03:13:44 [allowed] §6[Bazaar] §r§7Sold §r§a752§r§7x §r§fCobblestone §r§7for §r§6225.6 coins§r§7!
03:13:49 [allowed] §7Warping...
03:13:49 [allowed] §7Sending to server mini14AH...
03:13:50 [allowed] §8 §r§8 §r§1 §r§3 §r§3 §r§7 §r§8 
03:13:53 [allowed] §aYou are playing on profile: §ePear§b (Co-op)
03:13:53 [allowed] §8Profile ID: da202b41-03b4-4acb-b131-26b3b789ffbc
03:14:12 [allowed] §e[NPC] §bSam§f: §r§fI am so excited to have you here!
03:14:15 [allowed] §e[NPC] §bSam§f: §r§fYou can come to me anytime you need help, but first let's clear out a plot to grow your crops.
03:14:20 [allowed] §e[NPC] §bSam§f: §r§fFor that however... I need some Compost... If you can bring me some Wheat, I can make some Compost out of it!
03:14:22 [allowed] 
03:14:22 [allowed]   §r§6§lNEW OBJECTIVE
03:14:22 [allowed]   §r§fBring 25 Wheat to Sam
03:14:22 [allowed] 
03:15:05 [allowed] §7Warping...
03:15:05 [allowed] §7Sending to server mini29CG...
03:15:06 [allowed] §8 §r§8 §r§1 §r§3 §r§3 §r§7 §r§8 
03:15:09 [allowed] §aYou are playing on profile: §ePear§b (Co-op)
03:15:09 [allowed] §8Profile ID: da202b41-03b4-4acb-b131-26b3b789ffbc
03:15:20 [allowed] §6[Bazaar] §r§7Executing instant buy...
03:15:20 [allowed] §6[Bazaar] §r§7Bought §r§a25§r§7x §r§fWheat §r§7for §r§6170.0 coins§r§7!
03:15:47 [allowed] 
03:15:47 [allowed]  §r§6§lNEW AREA DISCOVERED!
03:15:47 [allowed] §7  ⏣ §r§b§r§9Weaponsmith
03:15:47 [allowed] 
03:15:47 [allowed] §7   ■ §r§f§r§7§r§fExplore the §r§9Weaponsmith House §r§fto learn more about gear
03:15:47 [allowed]    §r§f§r§fand weapons.
03:15:47 [allowed] §7   ■ §r§f§r§7§r§fPurchase §r§cWeapons §r§ffrom the Weaponsmith.
03:15:47 [allowed] §7   ■ §r§f§r§7§r§fPurchase §r§eStarter Gear §r§fand train with Rosetta§r§f.
03:15:47 [allowed] 
03:15:50 [allowed] 
03:15:50 [allowed]  §r§6§lNEW AREA DISCOVERED!
03:15:50 [allowed] §7  ⏣ §r§b§r§9Archery Range
03:15:50 [allowed] 
03:15:50 [allowed] §7   ■ §r§f§r§7§r§fTalk to Jax to forge special arrows!
03:15:50 [allowed] 
03:15:55 [allowed] §7Warping...
03:15:56 [allowed] §7Sending to server mini4CN...
03:15:57 [allowed] §8 §r§8 §r§1 §r§3 §r§3 §r§7 §r§8 
03:16:00 [allowed] §aYou are playing on profile: §ePear§b (Co-op)
03:16:00 [allowed] §8Profile ID: da202b41-03b4-4acb-b131-26b3b789ffbc
03:16:02 [allowed] §e[NPC] §bSam§f: §r§fWow, you did it!
03:16:03 [allowed] §e[NPC] §bSam§f: §r§fNow I can finally produce some Compost... let's head inside!
03:16:03 [allowed] 
03:16:03 [allowed]   §r§6§lQUEST COMPLETE
03:16:03 [allowed] 
03:16:03 [allowed]     §r§a§lREWARD
03:16:03 [allowed]     §r§7§8+§b5 SkyBlock XP
03:16:03 [allowed] 
03:16:05 [allowed] 
03:16:05 [allowed]   §r§6§lNEW OBJECTIVE
03:16:05 [allowed]   §r§fTalk to Sam at the Composter
03:16:05 [allowed] 
03:16:10 [allowed] §e[NPC] §bSam§f: §r§fYou see this machine here...
03:16:12 [allowed] §e[NPC] §bSam§f: §r§fIt produces Compost when you put crops inside of it... somehow... but that's what I need to increase the §lamount of plots §fwe can have! So exciting!
03:16:20 [allowed] §e[NPC] §bSam§f: §r§fIt needs machine fuel to operate... luckily we can order fuel online!
03:16:25 [allowed] §e[NPC] §bSam§f: §r§fHead over to the desk, there you can browse SkyMart to order some fuel.
03:16:27 [allowed] 
03:16:27 [allowed]   §r§6§lNEW OBJECTIVE
03:16:27 [allowed]   §r§fPurchase Fuel from SkyMart
03:16:27 [allowed] 
03:16:42 [allowed] §aYou bought §r§9Biofuel §r§afor §r§620,000 Coins§r§a!
03:16:44 [allowed] §e[NPC] §bSam§f: §r§fGreat! Now, you can go open the composter and put the fuel in there, and it'll start doing... whatever it does!
03:16:44 [allowed] §e[NPC] §bSam§f: §rHave you refuelled the Composter yet?
03:16:44 [allowed] 
03:16:44 [allowed]   §r§6§lNEW OBJECTIVE
03:16:44 [allowed]   §r§fPut Fuel in the Composter
03:16:44 [allowed] 
03:16:45 [allowed] §e[NPC] §bSam§f: §rHave you refuelled the Composter yet?
03:16:46 [allowed] §e[NPC] §bSam§f: §rHave you refuelled the Composter yet?
03:16:48 [allowed] §aAdded §r§23,000 §r§afuel to the composter!
03:16:50 [allowed] 
03:16:50 [allowed]   §r§6§lNEW OBJECTIVE
03:16:50 [allowed]   §r§fTake Compost from the Composter
03:16:50 [allowed] 
03:16:54 [allowed] 
03:16:54 [allowed] §6§k§lA§r §c§lFIRE SALE §r§6§k§lA
§r§c♨ §eSelling an item for a limited time!
§r§c   ♨ §aFrog Dye §e(§a51,833 left§e)§c§r
§r§c♨ §a§l[WARP] §eTo Elizabeth in the next §c3d 21h 43m §eto grab yours!
03:16:54 [allowed] 
03:16:58 [allowed] §e[NPC] §bSam§f: §rOh the Composter is done!
03:17:01 [allowed] §e[NPC] §bSam§f: §rWe can finally free up a plot! Take out the compost when you are ready!
03:17:03 [allowed] 
03:17:03 [allowed]   §r§6§lQUEST COMPLETE
03:17:03 [allowed] 
03:17:03 [allowed]     §r§a§lREWARD
03:17:03 [allowed]     §r§7§8+§b5 SkyBlock XP
03:17:03 [allowed] 
03:17:03 [allowed] §aPicked up 1 Compost!
03:17:05 [allowed] 
03:17:05 [allowed]   §r§6§lNEW OBJECTIVE
03:17:05 [allowed]   §r§fPurchase a Garden Plot at the Desk
03:17:05 [allowed] 
03:19:20 [allowed] §c§r§eYou need the §r§dCookie Buff §r§eto use this feature!
03:19:20 [allowed] §eObtain a §r§6Booster Cookie §r§efrom the community shop in the hub!
03:19:23 [allowed] §7Warping...
03:19:23 [allowed] §7Sending to server mini12AQ...
03:19:23 [allowed] §8 §r§8 §r§1 §r§3 §r§3 §r§7 §r§8 
03:19:28 [allowed] §aYou are playing on profile: §ePear§b (Co-op)
03:19:28 [allowed] §8Profile ID: da202b41-03b4-4acb-b131-26b3b789ffbc
03:19:31 [allowed] §6[Bazaar] §r§7Executing instant sell...
03:19:31 [allowed] §6[Bazaar] §r§c§r§cYou don't have enough of an item in your inventories.
03:19:31 [allowed] §6[Bazaar] §r§7Sold §r§a2§r§7x §r§aEnchanted Red Mushroom §r§7for §r§62,931 coins§r§7!
03:19:31 [allowed] §6[Bazaar] §r§7Sold §r§a1§r§7x §r§aCompost §r§7for §r§612,918 coins§r§7!
03:19:31 [allowed] §6[Bazaar] §r§7Sold §r§a190§r§7x §r§fRed Mushroom §r§7for §r§61,197 coins§r§7!
03:20:25 [allowed] §aFriend > §r§alongfenownsheat §r§ejoined.
03:20:33 [allowed] §blongfenownsheat joined SkyBlock.
03:20:41 [allowed] §cInvalid usage! Correct usage: /chat channel
03:20:41 [allowed] §cValid channels: all, party, guild, officer, skyblock-coop
03:20:46 [allowed] §aYou are now in the §r§6SKYBLOCK CO-OP§r§a channel
03:20:51 [allowed] §bCo-op > §7NotBars§f: §rlock in
03:21:17 [allowed] §aYou earned §r§e133 Event EXP §r§afrom playing SkyBlock!
03:21:25 [allowed] §bCo-op > §7NotBars§f: §rlock the helly in
03:22:23 [allowed] 
03:22:23 [allowed] §6§k§lA§r §c§lFIRE SALE §r§6§k§lA
§r§c♨ §eSelling an item for a limited time!
§r§c   ♨ §aFrog Dye §e(§a51,810 left§e)§c§r
§r§c♨ §a§l[WARP] §eTo Elizabeth in the next §c3d 21h 37m §eto grab yours!
03:22:23 [allowed] 
03:22:58 [allowed] 
03:22:58 [allowed]  §r§6§lNEW AREA DISCOVERED!
03:22:58 [allowed] §7  ⏣ §r§b§r§6Bank
03:22:58 [allowed] 
03:22:58 [allowed] §7   ■ §r§f§r§7§r§fTalk to the Banker§r§f.
03:22:58 [allowed] §7   ■ §r§f§r§7§r§fStore your coins to keep them safe.
03:22:58 [allowed] §7   ■ §r§f§r§7§r§fEarn interest on your coins.
03:22:58 [allowed] 
03:23:20 [allowed] §e[NPC] Banker§f: §r§fHello there!
03:23:22 [allowed] §e[NPC] Banker§f: §r§fYou may want to store your §6Coins §fin a safe place while you are off adventuring.
03:23:24 [allowed] §e[NPC] Banker§f: §r§fStoring them in your §6Bank §fkeeps them safe and allows you to earn interest at the start of every season!
03:23:24 [allowed] 
03:23:24 [allowed]   §r§6§lOBJECTIVE COMPLETE
03:23:24 [allowed] 
03:23:24 [allowed]     §r§a§lREWARD
03:23:24 [allowed]     §r§7§8+§b5 SkyBlock XP
03:23:24 [allowed] 
03:23:40 [allowed] §c ☠ §r§7§r§7XXBallsToucherXX§r§7 was killed by Crypt Ghoul§r§7§r§7.
03:23:40 [allowed] §8Depositing coins...
03:23:40 [allowed] 
03:23:40 [allowed]   §r§6§lQUEST COMPLETE
03:23:40 [allowed] 
03:23:40 [allowed]     §r§a§lREWARD
03:23:40 [allowed]     §r§7§8+§610 §7Coins
03:23:40 [allowed] 
03:23:40 [allowed] §aDeposited §r§6352.4k coins§r§a! There's now §r§6352.4k coins §r§ain the account!
03:23:59 [allowed] 
03:23:59 [allowed]  §r§6§lNEW AREA DISCOVERED!
03:23:59 [allowed] §7  ⏣ §r§b§r§bBlacksmith
03:23:59 [allowed] 
03:23:59 [allowed] §7   ■ §r§f§r§7§r§fTalk to the Blacksmith §r§fabout §r§aReforges§r§f.
03:23:59 [allowed] §7   ■ §r§f§r§7§r§fCombine items in the Anvil.
03:23:59 [allowed] §7   ■ §r§f§r§7§r§fApply §r§5runes §r§fat the §r§5Rune Pedestal§r§f.
03:23:59 [allowed] 
03:24:11 [allowed] §e[NPC] §5Dusk§f: §r§fYou can apply §5runes §fto weapons and armor with the §5Rune Pedestal §fbehind me.
03:24:13 [allowed] §e[NPC] §5Dusk§f: §r§fYou can also combine two runes for a chance to create a higher level rune with a better effect!
03:24:21 [allowed] §e[NPC] §5Dusk§f: §r§fYou can apply §5runes §fto weapons and armor with the §5Rune Pedestal §fbehind me.
03:24:23 [allowed] §e[NPC] §5Dusk§f: §r§fYou can also combine two runes for a chance to create a higher level rune with a better effect!
03:24:45 [allowed] 
03:24:45 [allowed]  §r§6§lNEW AREA DISCOVERED!
03:24:45 [allowed] §7  ⏣ §r§b§r§bCoal Mine
03:24:45 [allowed] 
03:24:45 [allowed] §7   ■ §r§f§r§7§r§fMine Coal.
03:24:45 [allowed] §7   ■ §r§f§r§7§r§fTravel to the §r§6Gold Mine§r§f.
03:24:45 [allowed] 
03:25:14 [allowed] 
03:25:14 [allowed]  §r§6§lNEW AREA DISCOVERED!
03:25:14 [allowed] §7  ⏣ §r§b§r§bForest
03:25:14 [allowed] 
03:25:14 [allowed] §7   ■ §r§f§r§7§r§fTalk to §r§aLumber Jack§r§f.
03:25:14 [allowed] §7   ■ §r§f§r§7§r§fChop down trees.
03:25:14 [allowed] §7   ■ §r§f§r§7§r§fTravel to the §r§aBirch Park§r§f.
03:25:14 [allowed] 
03:25:14 [allowed] 
03:25:14 [allowed]  §r§6§lNEW AREA DISCOVERED!
03:25:14 [allowed] §7  ⏣ §r§b§r§cGraveyard
03:25:14 [allowed] 
03:25:14 [allowed] §7   ■ §r§f§r§7§r§fFight Zombies.
03:25:14 [allowed] §7   ■ §r§f§r§7§r§fTravel to the §r§cSpider's Den§r§f.
03:25:14 [allowed] §7   ■ §r§f§r§7§r§fTalk to §r§7Pat§r§f.
03:25:14 [allowed] §7   ■ §r§f§r§7§r§fInvestigate the Catacombs.
03:25:14 [allowed] 
03:25:26 [allowed] §e[NPC] Bartender§f: §r§fWelcome to the Bar, friend!
03:25:28 [allowed] §e[NPC] Bartender§f: §r§fThese are trying times, indeed. The §cGraveyard §fis overflowing with monsters! Anyone who comes in is spooked off by the grunts of zombies in the distance.
03:25:30 [allowed] §e[NPC] Bartender§f: §r§fCould you give me a hand? If you help clear out some of these monsters, I'll pay you for it!
03:25:32 [allowed] 
03:25:32 [allowed]   §r§6§lNEW OBJECTIVE
03:25:32 [allowed]   §r§fKill Zombies
03:25:32 [allowed] 
03:26:20 [allowed] §aYou earned §r§e750 Event EXP §r§afrom playing SkyBlock!
03:26:41 [allowed] §8[§r§2191§r§8] §r§7ᛃ §r§a[VIP] TheBestSamurai§f§r§f: LOWBALLING 300M Purse! Normal Rules /visit TheBestSamurai !!!'''''''''''''
03:27:26 [allowed] §c ☠ §r§7§r§7XXBallsToucherXX§r§7 was killed by Crypt Ghoul§r§7§r§7.
03:28:07 [allowed] 
03:28:07 [allowed]   §r§6§lOBJECTIVE COMPLETE
03:28:07 [allowed] 
03:28:07 [allowed]     §r§a§lREWARDS
03:28:07 [allowed]     §r§7§8+§b5 SkyBlock XP
03:28:07 [allowed]     §r§7§8+§3100 §7Combat Experience
03:28:07 [allowed] 
03:28:17 [allowed] §e[NPC] Bartender§f: §r§fWords cannot describe how thankful I am, §7NotBars§f!
03:28:19 [allowed] §e[NPC] Bartender§f: §r§fThat whole area is very dangerous, but can be quite rewarding for a warrior such as yourself.
03:28:21 [allowed] §e[NPC] Bartender§f: §r§fIf you're up for the challenge, both the §cGraveyard §fand the §cSpider's Den §fbeyond it are great training grounds for improving your §aCombat Skill§f.
03:28:24 [allowed] §e[NPC] Bartender§f: §r§fFor now, here's a reward for helping me out!
03:28:24 [allowed] 
03:28:24 [allowed]   §r§6§lOBJECTIVE COMPLETE
03:28:24 [allowed] 
03:28:24 [allowed]     §r§a§lREWARD
03:28:24 [allowed]     §r§7§8+§6100 §7Coins
03:28:24 [allowed] 
03:28:28 [allowed] §e[NPC] Bartender§f: §r§fBe careful in the §cGraveyard §fduring the night time, the Zombies are stronger and even more of them like to show up!
03:28:31 [allowed] §e[NPC] Bartender§f: §r§fBe careful in the §cGraveyard §fduring the night time, the Zombies are stronger and even more of them like to show up!
03:28:31 [allowed] §e[NPC] Bartender§f: §r§fBe careful in the §cGraveyard §fduring the night time, the Zombies are stronger and even more of them like to show up!
03:28:44 [allowed] §e[NPC] §5Maddox§f: §r§fDo you thirst for adventure?
03:28:46 [allowed] §e[NPC] §5Maddox§f: §r§fDo you wish to slay the mightiest beasts of the land?
03:28:49 [allowed] §e[NPC] §5Maddox§f: §r§fComplete §5Slayer Quests §fand fight bosses to unlock exotic rewards!
03:28:51 [allowed] §cYou cannot afford to start this quest! :(
03:31:23 [allowed] §aYou earned §r§e750 Event EXP §r§afrom playing SkyBlock!
03:31:25 [allowed] §8[§r§b201§r§8] §r§b[MVP§2+§b] CallMeKodah§f§r§f: -600m
03:31:29 [allowed] §8[§r§b201§r§8] §r§b[MVP§2+§b] CallMeKodah§f§r§f: that feels putrid
03:31:55 [allowed] §8[§r§f55§r§8] §r§7✧ §r§7ScorpioSlayer987§7§r§7: anyone got wise armour
03:32:05 [allowed] §6§lRARE DROP! §r§fPotato
03:32:05 [allowed] §eUse /togglerds to toggle the rare drop sound.
03:32:10 [allowed] §8[§r§f55§r§8] §r§7✧ §r§7ScorpioSlayer987§7§r§7: i need to do a quest and i need to borrow it , i have the collateral
03:33:04 [allowed] §8[§r§719§r§8] §r§7Notlvl70§7§r§7: what equipment do you guys reccomend for archer in dungeons?
03:33:11 [allowed] §8[§r§a137§r§8] §r§7§lꈔ §r§a[VIP§6+§a] jerrettheferret§f§r§f: juju
03:33:14 [allowed] §8[§r§a137§r§8] §r§7§lꈔ §r§a[VIP§6+§a] jerrettheferret§f§r§f: grind eman
03:33:18 [allowed] §8[§r§71§r§8] §r§7sabber222§7§r§7: Thanks a bunch
03:33:19 [allowed] §8[§r§f55§r§8] §r§7✧ §r§7ScorpioSlayer987§7§r§7: jerrettheferret hes level 19
03:33:22 [allowed] §8[§r§a137§r§8] §r§7§lꈔ §r§a[VIP§6+§a] jerrettheferret§f§r§f: ik
03:33:32 [allowed] §8[§r§719§r§8] §r§7Notlvl70§7§r§7: how about armor
03:33:34 [allowed] §8[§r§f48§r§8] §r§b[MVP§c+§b] HSJAshey22§f§r§f: dragon shortbow ig
03:33:39 [allowed] §8[§r§a144§r§8] §r§6▒ §r§b[MVP§c+§b] TheDeityPanda §7♲§f§r§f: trust eman is easy just wear ender armor
03:33:43 [allowed] §8[§r§719§r§8] §r§7Notlvl70§7§r§7: armor?
03:33:50 [allowed] §8[§r§719§r§8] §r§7Notlvl70§7§r§7: what armor should i use for archer
03:33:52 [allowed] §8[§r§a144§r§8] §r§6▒ §r§b[MVP§c+§b] TheDeityPanda §7♲§f§r§f: I am not being seriuos
03:34:00 [allowed] §8[§r§a144§r§8] §r§6▒ §r§b[MVP§c+§b] TheDeityPanda §7♲§f§r§f: in dungeons?
03:34:07 [allowed] §8[§r§719§r§8] §r§7Notlvl70§7§r§7: ye
03:34:32 [allowed] §8[§r§f55§r§8] §r§7✧ §r§7ScorpioSlayer987§7§r§7: skeleton master
03:34:43 [allowed] §8[§r§a144§r§8] §r§6▒ §r§b[MVP§c+§b] TheDeityPanda §7♲§f§r§f: if your high enough dungeon level yuh
03:34:52 [allowed] §8[§r§2163§r§8] §r§7a_long1 §7♲§7§r§7: where can I get snow?
03:35:02 [allowed] §e[NPC] Jacob§r§f: The Farming Contest is over!
03:35:02 [allowed] §e[NPC] Jacob§r§f: Let me count the final results eh?
03:35:06 [allowed] §e[NPC] Jacob§f: §rYou didn't earn a medal, but you may claim a participation reward in the §aMushroom Contest§f!
03:35:10 [allowed] §8[§r§a144§r§8] §r§6▒ §r§b[MVP§c+§b] TheDeityPanda §7♲§f§r§f: then once you beat f5 use 3/4 shadow assain with skeleton master chestplate
03:35:12 [allowed] §e[NPC] Jacob§f: §rYou collected §e510 §fitems!
03:35:14 [allowed] §e[NPC] Jacob§f: §rCome see me in the §aHub §fto claim your reward!
03:35:21 [allowed] §8[§r§719§r§8] §r§7Notlvl70§7§r§7: alr thanks
03:36:26 [allowed] §aYou earned §r§e750 Event EXP §r§afrom playing SkyBlock!
03:40:25 [allowed] §f §r§r§r§f §r§r§r§1 §r§r§r§0 §r§r§r§2 §r§r§r§f §r§r§r§f §r§r§r§2 §r§r§r§0 §r§r§r§4 §r§r§r§3 §r§r§r§9 §r§r§r§2 §r§r§r§0 §r§r§r§0 §r§r§r§3 §r§r§r§9 §r§r§r§2 §r§r§r§0 §r§r§r§0 §r§r§r§3 §r§r§r§9 §r§r§r§2 §r§r§r§0 §r§r§r§0 
03:40:26 [allowed] §aYou have §b1 §aunclaimed leveling reward!
03:40:26 [allowed] §eClick here to view it!
03:40:26 [allowed] §aYou have §62 §aunclaimed achievement rewards!
03:40:26 [allowed] §eClick here to view them!
03:40:27 [allowed] §b[MVP§f+§b] Wxzing§f §6joined the lobby!
03:40:30 [allowed] §b[MVP§c+§b] Rico2410§f §6joined the lobby!
03:40:31 [allowed] §b[MVP§c+§b] Master_Cayde§f §6joined the lobby!
03:40:32 [allowed] §7Sending to server mini12AQ...
03:40:32 [allowed] §8 §r§8 §r§1 §r§3 §r§3 §r§7 §r§8 
03:40:34 [allowed] 
03:40:34 [allowed] §eWelcome to §r§aHypixel SkyBlock§r§e!
03:40:34 [allowed] 
03:40:34 [allowed] §eLatest update: §bSkyBlock v0.23.1 §e§lCLICK
03:40:35 [allowed] §aYou are playing on profile: §ePear§b (Co-op)
03:40:35 [allowed] §8Profile ID: da202b41-03b4-4acb-b131-26b3b789ffbc
03:40:41 [allowed] 
03:40:41 [allowed] §6§k§lA§r §c§lFIRE SALE §r§6§k§lA
§r§c♨ §eSelling an item for a limited time!
§r§c   ♨ §aFrog Dye §e(§a51,718 left§e)§c§r
§r§c♨ §a§l[WARP] §eTo Elizabeth in the next §c3d 21h 19m §eto grab yours!
03:40:41 [allowed] 
03:41:30 [allowed] §aYou earned §r§e583 Event EXP §r§afrom playing SkyBlock!
03:41:55 [allowed] §cYou're already in this channel!
03:42:23 [allowed] §bCo-op > §7NotBars§f: §rlock the helly in pls
03:42:36 [allowed] 
03:42:36 [allowed] §6§k§lA§r §c§lFIRE SALE §r§6§k§lA
§r§c♨ §eSelling an item for a limited time!
§r§c   ♨ §aFrog Dye §e(§a51,700 left§e)§c§r
§r§c♨ §a§l[WARP] §eTo Elizabeth in the next §c3d 21h 17m §eto grab yours!
03:42:36 [allowed] 
03:46:34 [allowed] §aYou earned §r§e95 Event EXP §r§afrom playing SkyBlock!
03:46:38 [allowed] §8[§r§f43§r§8] §r§a[VIP] BibosMen§f§r§f: what to put on strong drag armour
03:46:48 [allowed] §8[§r§f43§r§8] §r§a[VIP] BibosMen§f§r§f: I mean reforge
03:46:57 [allowed] §8[§r§f43§r§8] §r§a[VIP] BibosMen§f§r§f: like pure or wise
03:49:54 [allowed] §8[§r§e80§r§8] §r§7Olyndra§7§r§7: x: -93, y: 39, z: -77
03:51:37 [allowed] §aYou earned §r§e183 Event EXP §r§afrom playing SkyBlock!
