17:35:31 `8122rw5l83`124 missed {
 is already Found: false).
 Position: LorenzVec(x=-15.5, y=201.0, z=-98.5)
 DistanceC: 23.0
Relative Position: LorenzVec(x=15.018794686871008, y=1.0, z=23.0)
 }
17:35:31 `dnhzjp8hf3`123 missed {
 is already Found: false).
 Position: LorenzVec(x=-10.5, y=201.0, z=-103.5)
 DistanceC: 20.018794686871008
Relative Position: LorenzVec(x=20.018794686871008, y=1.0, z=18.0)
 }
17:37:52 `3w01vfe5io`122 missed {
 is already Found: false).
 Position: LorenzVec(x=-9.0, y=128.0, z=59.0)
 DistanceC: 23.583577468375083
Relative Position: LorenzVec(x=14.582981600547392, y=-1.0, z=23.583577468375083)
 }
17:38:29 `Mooshroom`393 missed {
 is already Found: false).
 Position: LorenzVec(x=296.0, y=52.0, z=-389.5625)
 DistanceC: 13.071953453896583
Relative Position: LorenzVec(x=-12.868003935870718, y=-24.0, z=-13.071953453896583)
 }
17:38:36 `Mooshroom`397 missed {
 is already Found: false).
 Position: LorenzVec(x=297.875, y=52.0, z=-397.46875)
 DistanceC: 23.334353271512498
Relative Position: LorenzVec(x=23.334353271512498, y=-24.0, z=-16.364714833050016)
 }
17:39:00 `Mooshroom`393 missed {
 is already Found: false).
 Position: LorenzVec(x=296.0, y=52.0, z=-389.5625)
 DistanceC: 17.56612244807627
Relative Position: LorenzVec(x=-0.9795077167725594, y=-24.0, z=-17.56612244807627)
 }
17:39:06 `Mooshroom`397 missed {
 is already Found: false).
 Position: LorenzVec(x=296.65625, y=52.0, z=-392.0625)
 DistanceC: 13.587452583742277
Relative Position: LorenzVec(x=-6.288001839552123, y=-24.0, z=-13.587452583742277)
 }
17:41:23 `Villager`359 missed {
 is already Found: false).
 Position: LorenzVec(x=-21.5, y=68.0, z=-124.5)
 DistanceC: 23.054086957403513
Relative Position: LorenzVec(x=-19.80000001192093, y=-4.0, z=-23.054086957403513)
 }
17:42:08 `Villager`365 missed {
 is already Found: false).
 Position: LorenzVec(x=17.5, y=70.0, z=-99.0)
 DistanceC: 21.64971360665166
Relative Position: LorenzVec(x=17.582617150092137, y=0.0, z=-21.64971360665166)
 }
17:42:09 `5mt4tcfedq`498 missed {
 is already Found: false).
 Position: LorenzVec(x=23.0, y=77.0, z=-69.5)
 DistanceC: 23.082617150092137
Relative Position: LorenzVec(x=23.082617150092137, y=7.0, z=7.850286393348341)
 }
17:42:27 `5n17t1c90f`530 missed {
 is already Found: false).
 Position: LorenzVec(x=-6.5, y=55.0, z=-95.5)
 DistanceC: 21.378053419594153
Relative Position: LorenzVec(x=-4.201245481971391, y=-15.0, z=-21.378053419594153)
 }
17:42:35 `8y74dfqh44`228 missed {
 is already Found: false).
 Position: LorenzVec(x=22.0, y=71.0, z=-45.5)
 DistanceC: 15.56279127927813
Relative Position: LorenzVec(x=13.688274594441879, y=1.0, z=15.56279127927813)
 }
17:42:36 `11l2iog5z5`229 missed {
 is already Found: false).
 Position: LorenzVec(x=25.0, y=65.0, z=-41.0)
 DistanceC: 20.06279127927813
Relative Position: LorenzVec(x=16.68827459444188, y=-5.0, z=20.06279127927813)
 }
17:44:00 `ljqzer8r58`335 missed {
 is already Found: false).
 Position: LorenzVec(x=15.5, y=72.0, z=-21.5)
 DistanceC: 21.44999998807907
Relative Position: LorenzVec(x=-1.7510296169179966, y=-9.0, z=21.44999998807907)
 }
17:44:07 `Witch`344 missed {
 is already Found: false).
 Position: LorenzVec(x=41.5, y=70.0, z=-63.5)
 DistanceC: 23.110053052145197
Relative Position: LorenzVec(x=23.110053052145197, y=0.0, z=-9.544987521391356)
 }
17:44:07 `me7844mb82`512 missed {
 is already Found: false).
 Position: LorenzVec(x=41.5, y=70.0, z=-39.5)
 DistanceC: 23.110053052145197
Relative Position: LorenzVec(x=23.110053052145197, y=0.0, z=14.455012478608644)
 }
17:44:37 `5csu9wj7fp`244 missed {
 is already Found: false).
 Position: LorenzVec(x=-42.5, y=72.0, z=-54.5)
 DistanceC: 21.652426948179667
Relative Position: LorenzVec(x=-11.800000011920929, y=2.0, z=21.652426948179667)
 }
17:54:09 `Slime`6274554 missed {
 is already Found: false).
 Position: LorenzVec(x=-15.34375, y=85.0, z=22.041666666666664)
 DistanceC: 21.842806312211906
Relative Position: LorenzVec(x=-21.842806312211906, y=72.32306778686987, z=18.22691735811639)
 }
17:54:09 `Slime`6276873 missed {
 is already Found: false).
 Position: LorenzVec(x=-15.34375, y=85.0, z=14.90625)
 DistanceC: 21.839640391946887
Relative Position: LorenzVec(x=-21.839640391946887, y=74.60916050536993, z=7.984879723190059)
 }
17:54:09 `Slime`6278683 missed {
 is already Found: false).
 Position: LorenzVec(x=-15.34375, y=80.0, z=15.0)
 DistanceC: 21.839640391946887
Relative Position: LorenzVec(x=-21.839640391946887, y=69.60916050536993, z=8.078629723190058)
 }
17:56:19 `Enderman`43957 missed {
 is already Found: false).
 Position: LorenzVec(x=-530.5625, y=101.0, z=-273.03125)
 DistanceC: 18.28481778389039
Relative Position: LorenzVec(x=-18.28481778389039, y=0.0, z=-6.7770376202674925)
 }
17:58:03 `ed0cjo6n14`7 missed {
 is already Found: false).
 Position: LorenzVec(x=-494.5, y=121.0, z=-241.5)
 DistanceC: 23.63110174658209
Relative Position: LorenzVec(x=9.068438642924889, y=20.0, z=23.63110174658209)
 }
17:59:30 `Enderman`51051 missed {
 is already Found: false).
 Position: LorenzVec(x=-680.5, y=5.0, z=-257.5)
 DistanceC: 19.683521678147088
Relative Position: LorenzVec(x=-9.611833427480178, y=-5.0, z=19.683521678147088)
 }
17:59:31 `Enderman`51049 missed {
 is already Found: false).
 Position: LorenzVec(x=-651.5, y=5.0, z=-271.5)
 DistanceC: 19.388166572519822
Relative Position: LorenzVec(x=19.388166572519822, y=-5.0, z=5.683521678147088)
 }
17:59:32 `Skeleton`51039 missed {
 is already Found: false).
 Position: LorenzVec(x=-642.84375, y=6.0, z=-258.3125)
 DistanceC: 20.830351629378924
Relative Position: LorenzVec(x=20.830351629378924, y=-2.0, z=20.709478044096386)
 }
18:41:23 `Guardian`241025 missed {
 is already Found: false).
 Position: LorenzVec(x=-697.34375, y=5.1875, z=-263.28125)
 DistanceC: 21.41874998807907
Relative Position: LorenzVec(x=7.1885564787946805, y=0.1875, z=21.41874998807907)
 }
18:41:23 `Guardian`241027 missed {
 is already Found: false).
 Position: LorenzVec(x=-697.34375, y=6.59375, z=-263.28125)
 DistanceC: 21.41874998807907
Relative Position: LorenzVec(x=7.1885564787946805, y=1.59375, z=21.41874998807907)
 }
18:41:23 `Guardian`241029 missed {
 is already Found: false).
 Position: LorenzVec(x=-697.34375, y=8.0, z=-263.28125)
 DistanceC: 21.41874998807907
Relative Position: LorenzVec(x=7.1885564787946805, y=3.0, z=21.41874998807907)
 }
18:41:23 `Guardian`241031 missed {
 is already Found: false).
 Position: LorenzVec(x=-697.34375, y=5.1875, z=-263.28125)
 DistanceC: 21.41874998807907
Relative Position: LorenzVec(x=7.1885564787946805, y=0.1875, z=21.41874998807907)
 }
18:41:23 `Guardian`241033 missed {
 is already Found: false).
 Position: LorenzVec(x=-697.34375, y=6.59375, z=-263.28125)
 DistanceC: 21.41874998807907
Relative Position: LorenzVec(x=7.1885564787946805, y=1.59375, z=21.41874998807907)
 }
18:41:23 `Guardian`241035 missed {
 is already Found: false).
 Position: LorenzVec(x=-697.34375, y=8.0, z=-263.28125)
 DistanceC: 21.41874998807907
Relative Position: LorenzVec(x=7.1885564787946805, y=3.0, z=21.41874998807907)
 }
18:41:23 `Guardian`241037 missed {
 is already Found: false).
 Position: LorenzVec(x=-697.34375, y=5.1875, z=-263.28125)
 DistanceC: 21.41874998807907
Relative Position: LorenzVec(x=7.1885564787946805, y=0.1875, z=21.41874998807907)
 }
18:41:23 `Guardian`241039 missed {
 is already Found: false).
 Position: LorenzVec(x=-697.34375, y=6.59375, z=-263.28125)
 DistanceC: 21.41874998807907
Relative Position: LorenzVec(x=7.1885564787946805, y=1.59375, z=21.41874998807907)
 }
18:41:23 `Guardian`241041 missed {
 is already Found: false).
 Position: LorenzVec(x=-697.34375, y=8.0, z=-263.28125)
 DistanceC: 21.41874998807907
Relative Position: LorenzVec(x=7.1885564787946805, y=3.0, z=21.41874998807907)
 }
18:41:23 `Guardian`241043 missed {
 is already Found: false).
 Position: LorenzVec(x=-697.34375, y=5.1875, z=-263.28125)
 DistanceC: 21.41874998807907
Relative Position: LorenzVec(x=7.1885564787946805, y=0.1875, z=21.41874998807907)
 }
18:41:23 `Guardian`241045 missed {
 is already Found: false).
 Position: LorenzVec(x=-697.34375, y=6.59375, z=-263.28125)
 DistanceC: 21.41874998807907
Relative Position: LorenzVec(x=7.1885564787946805, y=1.59375, z=21.41874998807907)
 }
18:41:23 `Guardian`241047 missed {
 is already Found: false).
 Position: LorenzVec(x=-697.34375, y=8.0, z=-263.28125)
 DistanceC: 21.41874998807907
Relative Position: LorenzVec(x=7.1885564787946805, y=3.0, z=21.41874998807907)
 }
18:41:33 `Guardian`242075 missed {
 is already Found: false).
 Position: LorenzVec(x=-692.03125, y=5.1875, z=-273.21875)
 DistanceC: 12.50105647879468
Relative Position: LorenzVec(x=12.50105647879468, y=0.1875, z=11.481249988079071)
 }
18:41:33 `Guardian`242077 missed {
 is already Found: false).
 Position: LorenzVec(x=-692.03125, y=6.59375, z=-273.21875)
 DistanceC: 12.50105647879468
Relative Position: LorenzVec(x=12.50105647879468, y=1.59375, z=11.481249988079071)
 }
18:41:33 `Guardian`242079 missed {
 is already Found: false).
 Position: LorenzVec(x=-692.03125, y=8.0, z=-273.21875)
 DistanceC: 12.50105647879468
Relative Position: LorenzVec(x=12.50105647879468, y=3.0, z=11.481249988079071)
 }
18:41:33 `Guardian`242081 missed {
 is already Found: false).
 Position: LorenzVec(x=-692.03125, y=5.1875, z=-273.21875)
 DistanceC: 12.50105647879468
Relative Position: LorenzVec(x=12.50105647879468, y=0.1875, z=11.481249988079071)
 }
18:41:33 `Guardian`242083 missed {
 is already Found: false).
 Position: LorenzVec(x=-692.03125, y=6.59375, z=-273.21875)
 DistanceC: 12.50105647879468
Relative Position: LorenzVec(x=12.50105647879468, y=1.59375, z=11.481249988079071)
 }
18:41:33 `Guardian`242085 missed {
 is already Found: false).
 Position: LorenzVec(x=-692.03125, y=8.0, z=-273.21875)
 DistanceC: 12.50105647879468
Relative Position: LorenzVec(x=12.50105647879468, y=3.0, z=11.481249988079071)
 }
18:41:33 `Guardian`242087 missed {
 is already Found: false).
 Position: LorenzVec(x=-692.03125, y=5.1875, z=-273.21875)
 DistanceC: 12.50105647879468
Relative Position: LorenzVec(x=12.50105647879468, y=0.1875, z=11.481249988079071)
 }
18:41:33 `Guardian`242089 missed {
 is already Found: false).
 Position: LorenzVec(x=-692.03125, y=6.59375, z=-273.21875)
 DistanceC: 12.50105647879468
Relative Position: LorenzVec(x=12.50105647879468, y=1.59375, z=11.481249988079071)
 }
18:41:33 `Guardian`242091 missed {
 is already Found: false).
 Position: LorenzVec(x=-692.03125, y=8.0, z=-273.21875)
 DistanceC: 12.50105647879468
Relative Position: LorenzVec(x=12.50105647879468, y=3.0, z=11.481249988079071)
 }
18:41:33 `Guardian`242093 missed {
 is already Found: false).
 Position: LorenzVec(x=-692.03125, y=5.1875, z=-273.21875)
 DistanceC: 12.50105647879468
Relative Position: LorenzVec(x=12.50105647879468, y=0.1875, z=11.481249988079071)
 }
18:41:33 `Guardian`242095 missed {
 is already Found: false).
 Position: LorenzVec(x=-692.03125, y=6.59375, z=-273.21875)
 DistanceC: 12.50105647879468
Relative Position: LorenzVec(x=12.50105647879468, y=1.59375, z=11.481249988079071)
 }
18:41:33 `Guardian`242097 missed {
 is already Found: false).
 Position: LorenzVec(x=-692.03125, y=8.0, z=-273.21875)
 DistanceC: 12.50105647879468
Relative Position: LorenzVec(x=12.50105647879468, y=3.0, z=11.481249988079071)
 }
19:08:06 `Slime`7010788 missed {
 is already Found: false).
 Position: LorenzVec(x=-15.34375, y=90.0, z=14.875)
 DistanceC: 14.714204542822527
Relative Position: LorenzVec(x=-14.714204542822527, y=82.0, z=-12.198721179160284)
 }
19:08:06 `Slime`7014700 missed {
 is already Found: false).
 Position: LorenzVec(x=-15.34375, y=68.0, z=30.90625)
 DistanceC: 14.9142031928361
Relative Position: LorenzVec(x=-14.9142031928361, y=60.0, z=2.911481524767769)
 }
19:11:20 `dlt8659kui`186 missed {
 is already Found: false).
 Position: LorenzVec(x=53.0625, y=141.5, z=19.5)
 DistanceC: 23.763002461603147
Relative Position: LorenzVec(x=23.763002461603147, y=12.5, z=-11.46099967791309)
 }
