16:40:07 [STASH_COMPACT] §f                     §7You have §a2 §7items stashed away!
16:40:07 [STASH_COMPACT] §f                §6§l>>> §6§lCLICK HERE§e to pick them up! §6§l<<<
16:40:07 [STASH_COMPACT]   
16:40:07 [STASH_COMPACT] §f                §7You have §31,785 §7materials stashed away!
16:40:07 [STASH_COMPACT] §f               §8(This totals 1 type of material stashed!)
16:40:07 [STASH_COMPACT] §f                §3§l>>> §3§lCLICK HERE§b to pick them up! §3§l<<<
16:40:07 [STASH_COMPACT]   
16:41:08 [STASH_COMPACT] §f                     §7You have §a2 §7items stashed away!
16:41:08 [STASH_COMPACT] §f                §6§l>>> §6§lCLICK HERE§e to pick them up! §6§l<<<
16:41:08 [STASH_COMPACT]   
16:41:08 [STASH_COMPACT] §f                §7You have §31,785 §7materials stashed away!
16:41:08 [STASH_COMPACT] §f               §8(This totals 1 type of material stashed!)
16:41:08 [STASH_COMPACT] §f                §3§l>>> §3§lCLICK HERE§b to pick them up! §3§l<<<
16:41:08 [STASH_COMPACT]   
16:42:11 [STASH_COMPACT] §f                     §7You have §a2 §7items stashed away!
16:42:11 [STASH_COMPACT] §f                §6§l>>> §6§lCLICK HERE§e to pick them up! §6§l<<<
16:42:11 [STASH_COMPACT]   
16:42:11 [STASH_COMPACT] §f                §7You have §31,785 §7materials stashed away!
16:42:11 [STASH_COMPACT] §f               §8(This totals 1 type of material stashed!)
16:42:11 [STASH_COMPACT] §f                §3§l>>> §3§lCLICK HERE§b to pick them up! §3§l<<<
16:42:11 [STASH_COMPACT]   
16:43:12 [STASH_COMPACT] §f                     §7You have §a2 §7items stashed away!
16:43:12 [STASH_COMPACT] §f                §6§l>>> §6§lCLICK HERE§e to pick them up! §6§l<<<
16:43:12 [STASH_COMPACT]   
16:43:12 [STASH_COMPACT] §f                §7You have §31,785 §7materials stashed away!
16:43:12 [STASH_COMPACT] §f               §8(This totals 1 type of material stashed!)
16:43:12 [STASH_COMPACT] §f                §3§l>>> §3§lCLICK HERE§b to pick them up! §3§l<<<
16:43:12 [STASH_COMPACT]   
16:43:31 [BESTIARY] §f                                  §6§lBESTIARY
16:43:31 [BESTIARY] §f                             §b§lZealot §7§8XV §8➡§b §bXVI
16:43:31 [BESTIARY] 
16:43:31 [BESTIARY] §f                                  §r§6§lREWARDS
16:43:31 [BESTIARY] §f                          §r§8+§r§a5 Zealot §r§b✯ Magic Find
16:43:31 [BESTIARY] §f                           §r§8+§r§a5 Zealot §r§c❁ Strength
16:43:31 [BESTIARY] §f                              §r§8+§r§62% §r§aZealot §r§7coins
16:43:31 [BESTIARY] §f                    §r§8+§r§a50% §r§7chance for extra XP orbs
16:43:31 [BESTIARY] §f                               §r§8+§r§b1 SkyBlock XP
16:43:31 [BESTIARY] 
16:43:31 [BESTIARY] §3§l▬▬▬▬▬▬▬▬▬▬▬▬▬▬▬▬▬▬▬▬▬▬▬▬▬▬▬▬▬▬▬▬▬▬▬▬▬▬▬▬▬▬▬▬▬▬▬▬▬▬▬▬▬▬▬▬▬▬▬▬▬▬▬▬
16:44:13 [STASH_COMPACT] §f                     §7You have §a2 §7items stashed away!
16:44:13 [STASH_COMPACT] §f                §6§l>>> §6§lCLICK HERE§e to pick them up! §6§l<<<
16:44:13 [STASH_COMPACT]   
16:44:13 [STASH_COMPACT] §f                §7You have §31,785 §7materials stashed away!
16:44:13 [STASH_COMPACT] §f               §8(This totals 1 type of material stashed!)
16:44:13 [STASH_COMPACT] §f                §3§l>>> §3§lCLICK HERE§b to pick them up! §3§l<<<
16:44:13 [STASH_COMPACT]   
16:45:03 [BESTIARY] §f                                  §6§lBESTIARY
16:45:03 [BESTIARY] §f                              §b§lDragon §7§8III §8➡§b §bIV
16:45:03 [BESTIARY] 
16:45:03 [BESTIARY] §f                                  §r§6§lREWARDS
16:45:03 [BESTIARY] §f                         §r§8+§r§a2 Dragon §r§b✯ Magic Find
16:45:03 [BESTIARY] §f                          §r§8+§r§a2 Dragon §r§c❁ Strength
16:45:03 [BESTIARY] §f                             §r§8+§r§62% §r§aDragon §r§7coins
16:45:03 [BESTIARY] §f                    §r§8+§r§a50% §r§7chance for extra XP orbs
16:45:03 [BESTIARY] §f                               §r§8+§r§b1 SkyBlock XP
16:45:03 [BESTIARY] 
16:45:03 [BESTIARY] §3§l▬▬▬▬▬▬▬▬▬▬▬▬▬▬▬▬▬▬▬▬▬▬▬▬▬▬▬▬▬▬▬▬▬▬▬▬▬▬▬▬▬▬▬▬▬▬▬▬▬▬▬▬▬▬▬▬▬▬▬▬▬▬▬▬
16:45:15 [STASH_COMPACT] §f                     §7You have §a2 §7items stashed away!
16:45:15 [STASH_COMPACT] §f                §6§l>>> §6§lCLICK HERE§e to pick them up! §6§l<<<
16:45:15 [STASH_COMPACT]   
16:45:15 [STASH_COMPACT] §f                §7You have §31,785 §7materials stashed away!
16:45:15 [STASH_COMPACT] §f               §8(This totals 1 type of material stashed!)
16:45:15 [STASH_COMPACT] §f                §3§l>>> §3§lCLICK HERE§b to pick them up! §3§l<<<
16:45:15 [STASH_COMPACT]   
16:46:32 [STASH_COMPACT] §f                     §7You have §a2 §7items stashed away!
16:46:32 [STASH_COMPACT] §f                §6§l>>> §6§lCLICK HERE§e to pick them up! §6§l<<<
16:46:32 [STASH_COMPACT]   
16:46:32 [STASH_COMPACT] §f                §7You have §31,785 §7materials stashed away!
16:46:32 [STASH_COMPACT] §f               §8(This totals 1 type of material stashed!)
16:46:32 [STASH_COMPACT] §f                §3§l>>> §3§lCLICK HERE§b to pick them up! §3§l<<<
16:46:32 [STASH_COMPACT]   
16:47:32 [STASH_COMPACT] §f                     §7You have §a2 §7items stashed away!
16:47:32 [STASH_COMPACT] §f                §6§l>>> §6§lCLICK HERE§e to pick them up! §6§l<<<
16:47:32 [STASH_COMPACT]   
16:47:32 [STASH_COMPACT] §f                §7You have §31,785 §7materials stashed away!
16:47:32 [STASH_COMPACT] §f               §8(This totals 1 type of material stashed!)
16:47:32 [STASH_COMPACT] §f                §3§l>>> §3§lCLICK HERE§b to pick them up! §3§l<<<
16:47:32 [STASH_COMPACT]   
16:48:32 [STASH_COMPACT] §f                     §7You have §a2 §7items stashed away!
16:48:32 [STASH_COMPACT] §f                §6§l>>> §6§lCLICK HERE§e to pick them up! §6§l<<<
16:48:32 [STASH_COMPACT]   
16:48:32 [STASH_COMPACT] §f                §7You have §31,785 §7materials stashed away!
16:48:32 [STASH_COMPACT] §f               §8(This totals 1 type of material stashed!)
16:48:32 [STASH_COMPACT] §f                §3§l>>> §3§lCLICK HERE§b to pick them up! §3§l<<<
16:48:32 [STASH_COMPACT]   
16:49:32 [STASH_COMPACT] §f                     §7You have §a2 §7items stashed away!
16:49:32 [STASH_COMPACT] §f                §6§l>>> §6§lCLICK HERE§e to pick them up! §6§l<<<
16:49:32 [STASH_COMPACT]   
16:49:32 [STASH_COMPACT] §f                §7You have §31,785 §7materials stashed away!
16:49:32 [STASH_COMPACT] §f               §8(This totals 1 type of material stashed!)
16:49:32 [STASH_COMPACT] §f                §3§l>>> §3§lCLICK HERE§b to pick them up! §3§l<<<
16:49:32 [STASH_COMPACT]   
16:50:32 [STASH_COMPACT] §f                     §7You have §a2 §7items stashed away!
16:50:32 [STASH_COMPACT] §f                §6§l>>> §6§lCLICK HERE§e to pick them up! §6§l<<<
16:50:32 [STASH_COMPACT]   
16:50:32 [STASH_COMPACT] §f                §7You have §31,785 §7materials stashed away!
16:50:32 [STASH_COMPACT] §f               §8(This totals 1 type of material stashed!)
16:50:32 [STASH_COMPACT] §f                §3§l>>> §3§lCLICK HERE§b to pick them up! §3§l<<<
16:50:32 [STASH_COMPACT]   
16:51:32 [STASH_COMPACT] §f                     §7You have §a2 §7items stashed away!
16:51:32 [STASH_COMPACT] §f                §6§l>>> §6§lCLICK HERE§e to pick them up! §6§l<<<
16:51:32 [STASH_COMPACT]   
16:51:32 [STASH_COMPACT] §f                §7You have §31,785 §7materials stashed away!
16:51:32 [STASH_COMPACT] §f               §8(This totals 1 type of material stashed!)
16:51:32 [STASH_COMPACT] §f                §3§l>>> §3§lCLICK HERE§b to pick them up! §3§l<<<
16:51:32 [STASH_COMPACT]   
16:51:35 [BESTIARY] §f                                  §6§lBESTIARY
16:51:35 [BESTIARY] §f                         §b§lGolden Ghoul §7§8XI §8➡§b §bXII
16:51:35 [BESTIARY] 
16:51:35 [BESTIARY] §f                                  §r§6§lREWARDS
16:51:35 [BESTIARY] §f                      §r§8+§r§a4 §r§6Golden Ghoul §r§b✯ Magic Find
16:51:35 [BESTIARY] §f                       §r§8+§r§a4 §r§6Golden Ghoul §r§c❁ Strength
16:51:35 [BESTIARY] §f                          §r§8+§r§62% §r§a§r§6Golden Ghoul §r§7coins
16:51:35 [BESTIARY] §f                    §r§8+§r§a50% §r§7chance for extra XP orbs
16:51:35 [BESTIARY] §f                               §r§8+§r§b1 SkyBlock XP
16:51:35 [BESTIARY] 
16:51:35 [BESTIARY] §3§l▬▬▬▬▬▬▬▬▬▬▬▬▬▬▬▬▬▬▬▬▬▬▬▬▬▬▬▬▬▬▬▬▬▬▬▬▬▬▬▬▬▬▬▬▬▬▬▬▬▬▬▬▬▬▬▬▬▬▬▬▬▬▬▬
16:52:33 [STASH_COMPACT] §f                     §7You have §a2 §7items stashed away!
16:52:33 [STASH_COMPACT] §f                §6§l>>> §6§lCLICK HERE§e to pick them up! §6§l<<<
16:52:33 [STASH_COMPACT]   
16:52:33 [STASH_COMPACT] §f                §7You have §31,785 §7materials stashed away!
16:52:33 [STASH_COMPACT] §f               §8(This totals 1 type of material stashed!)
16:52:33 [STASH_COMPACT] §f                §3§l>>> §3§lCLICK HERE§b to pick them up! §3§l<<<
16:52:33 [STASH_COMPACT]   
16:53:33 [STASH_COMPACT] §f                     §7You have §a2 §7items stashed away!
16:53:33 [STASH_COMPACT] §f                §6§l>>> §6§lCLICK HERE§e to pick them up! §6§l<<<
16:53:33 [STASH_COMPACT]   
16:53:33 [STASH_COMPACT] §f                §7You have §31,785 §7materials stashed away!
16:53:33 [STASH_COMPACT] §f               §8(This totals 1 type of material stashed!)
16:53:33 [STASH_COMPACT] §f                §3§l>>> §3§lCLICK HERE§b to pick them up! §3§l<<<
16:53:33 [STASH_COMPACT]   
16:54:33 [STASH_COMPACT] §f                     §7You have §a2 §7items stashed away!
16:54:33 [STASH_COMPACT] §f                §6§l>>> §6§lCLICK HERE§e to pick them up! §6§l<<<
16:54:33 [STASH_COMPACT]   
16:54:33 [STASH_COMPACT] §f                §7You have §31,785 §7materials stashed away!
16:54:33 [STASH_COMPACT] §f               §8(This totals 1 type of material stashed!)
16:54:33 [STASH_COMPACT] §f                §3§l>>> §3§lCLICK HERE§b to pick them up! §3§l<<<
16:54:33 [STASH_COMPACT]   
16:55:33 [STASH_COMPACT] §f                     §7You have §a2 §7items stashed away!
16:55:33 [STASH_COMPACT] §f                §6§l>>> §6§lCLICK HERE§e to pick them up! §6§l<<<
16:55:33 [STASH_COMPACT]   
16:55:33 [STASH_COMPACT] §f                §7You have §31,785 §7materials stashed away!
16:55:33 [STASH_COMPACT] §f               §8(This totals 1 type of material stashed!)
16:55:33 [STASH_COMPACT] §f                §3§l>>> §3§lCLICK HERE§b to pick them up! §3§l<<<
16:55:33 [STASH_COMPACT]   
16:56:33 [STASH_COMPACT] §f                     §7You have §a2 §7items stashed away!
16:56:33 [STASH_COMPACT] §f                §6§l>>> §6§lCLICK HERE§e to pick them up! §6§l<<<
16:56:33 [STASH_COMPACT]   
16:56:33 [STASH_COMPACT] §f                §7You have §31,785 §7materials stashed away!
16:56:33 [STASH_COMPACT] §f               §8(This totals 1 type of material stashed!)
16:56:33 [STASH_COMPACT] §f                §3§l>>> §3§lCLICK HERE§b to pick them up! §3§l<<<
16:56:33 [STASH_COMPACT]   
16:58:33 [STASH_COMPACT] §f                     §7You have §a2 §7items stashed away!
16:58:33 [STASH_COMPACT] §f                §6§l>>> §6§lCLICK HERE§e to pick them up! §6§l<<<
16:58:33 [STASH_COMPACT]   
16:58:33 [STASH_COMPACT] §f                §7You have §31,785 §7materials stashed away!
16:58:33 [STASH_COMPACT] §f               §8(This totals 1 type of material stashed!)
16:58:33 [STASH_COMPACT] §f                §3§l>>> §3§lCLICK HERE§b to pick them up! §3§l<<<
16:58:33 [STASH_COMPACT]   
16:59:33 [STASH_COMPACT] §f                     §7You have §a2 §7items stashed away!
16:59:33 [STASH_COMPACT] §f                §6§l>>> §6§lCLICK HERE§e to pick them up! §6§l<<<
16:59:33 [STASH_COMPACT]   
16:59:33 [STASH_COMPACT] §f                §7You have §31,785 §7materials stashed away!
16:59:33 [STASH_COMPACT] §f               §8(This totals 1 type of material stashed!)
16:59:33 [STASH_COMPACT] §f                §3§l>>> §3§lCLICK HERE§b to pick them up! §3§l<<<
16:59:33 [STASH_COMPACT]   
17:00:33 [STASH_COMPACT] §f                     §7You have §a2 §7items stashed away!
17:00:33 [STASH_COMPACT] §f                §6§l>>> §6§lCLICK HERE§e to pick them up! §6§l<<<
17:00:33 [STASH_COMPACT]   
17:00:33 [STASH_COMPACT] §f                §7You have §31,785 §7materials stashed away!
17:00:33 [STASH_COMPACT] §f               §8(This totals 1 type of material stashed!)
17:00:33 [STASH_COMPACT] §f                §3§l>>> §3§lCLICK HERE§b to pick them up! §3§l<<<
17:00:33 [STASH_COMPACT]   
17:01:33 [STASH_COMPACT] §f                     §7You have §a2 §7items stashed away!
17:01:33 [STASH_COMPACT] §f                §6§l>>> §6§lCLICK HERE§e to pick them up! §6§l<<<
17:01:33 [STASH_COMPACT]   
17:01:33 [STASH_COMPACT] §f                §7You have §31,785 §7materials stashed away!
17:01:33 [STASH_COMPACT] §f               §8(This totals 1 type of material stashed!)
17:01:33 [STASH_COMPACT] §f                §3§l>>> §3§lCLICK HERE§b to pick them up! §3§l<<<
17:01:33 [STASH_COMPACT]   
17:02:33 [STASH_COMPACT] §f                     §7You have §a2 §7items stashed away!
17:02:33 [STASH_COMPACT] §f                §6§l>>> §6§lCLICK HERE§e to pick them up! §6§l<<<
17:02:33 [STASH_COMPACT]   
17:02:33 [STASH_COMPACT] §f                §7You have §31,785 §7materials stashed away!
17:02:33 [STASH_COMPACT] §f               §8(This totals 1 type of material stashed!)
17:02:33 [STASH_COMPACT] §f                §3§l>>> §3§lCLICK HERE§b to pick them up! §3§l<<<
17:02:33 [STASH_COMPACT]   
17:03:33 [STASH_COMPACT] §f                     §7You have §a2 §7items stashed away!
17:03:33 [STASH_COMPACT] §f                §6§l>>> §6§lCLICK HERE§e to pick them up! §6§l<<<
17:03:33 [STASH_COMPACT]   
17:03:33 [STASH_COMPACT] §f                §7You have §31,785 §7materials stashed away!
17:03:33 [STASH_COMPACT] §f               §8(This totals 1 type of material stashed!)
17:03:33 [STASH_COMPACT] §f                §3§l>>> §3§lCLICK HERE§b to pick them up! §3§l<<<
17:03:33 [STASH_COMPACT]   
17:04:33 [STASH_COMPACT] §f                     §7You have §a2 §7items stashed away!
17:04:33 [STASH_COMPACT] §f                §6§l>>> §6§lCLICK HERE§e to pick them up! §6§l<<<
17:04:33 [STASH_COMPACT]   
17:04:33 [STASH_COMPACT] §f                §7You have §31,785 §7materials stashed away!
17:04:33 [STASH_COMPACT] §f               §8(This totals 1 type of material stashed!)
17:04:33 [STASH_COMPACT] §f                §3§l>>> §3§lCLICK HERE§b to pick them up! §3§l<<<
17:04:33 [STASH_COMPACT]   
17:05:33 [STASH_COMPACT] §f                     §7You have §a2 §7items stashed away!
17:05:33 [STASH_COMPACT] §f                §6§l>>> §6§lCLICK HERE§e to pick them up! §6§l<<<
17:05:33 [STASH_COMPACT]   
17:05:33 [STASH_COMPACT] §f                §7You have §31,785 §7materials stashed away!
17:05:33 [STASH_COMPACT] §f               §8(This totals 1 type of material stashed!)
17:05:33 [STASH_COMPACT] §f                §3§l>>> §3§lCLICK HERE§b to pick them up! §3§l<<<
17:05:33 [STASH_COMPACT]   
17:06:33 [STASH_COMPACT] §f                     §7You have §a2 §7items stashed away!
17:06:33 [STASH_COMPACT] §f                §6§l>>> §6§lCLICK HERE§e to pick them up! §6§l<<<
17:06:33 [STASH_COMPACT]   
17:06:33 [STASH_COMPACT] §f                §7You have §31,785 §7materials stashed away!
17:06:33 [STASH_COMPACT] §f               §8(This totals 1 type of material stashed!)
17:06:33 [STASH_COMPACT] §f                §3§l>>> §3§lCLICK HERE§b to pick them up! §3§l<<<
17:06:33 [STASH_COMPACT]   
17:07:34 [STASH_COMPACT] §f                     §7You have §a2 §7items stashed away!
17:07:34 [STASH_COMPACT] §f                §6§l>>> §6§lCLICK HERE§e to pick them up! §6§l<<<
17:07:34 [STASH_COMPACT]   
17:07:34 [STASH_COMPACT] §f                §7You have §31,785 §7materials stashed away!
17:07:34 [STASH_COMPACT] §f               §8(This totals 1 type of material stashed!)
17:07:34 [STASH_COMPACT] §f                §3§l>>> §3§lCLICK HERE§b to pick them up! §3§l<<<
17:07:34 [STASH_COMPACT]   
17:08:34 [STASH_COMPACT] §f                     §7You have §a2 §7items stashed away!
17:08:34 [STASH_COMPACT] §f                §6§l>>> §6§lCLICK HERE§e to pick them up! §6§l<<<
17:08:34 [STASH_COMPACT]   
17:08:34 [STASH_COMPACT] §f                §7You have §31,785 §7materials stashed away!
17:08:34 [STASH_COMPACT] §f               §8(This totals 1 type of material stashed!)
17:08:34 [STASH_COMPACT] §f                §3§l>>> §3§lCLICK HERE§b to pick them up! §3§l<<<
17:08:34 [STASH_COMPACT]   
17:09:34 [STASH_COMPACT] §f                     §7You have §a2 §7items stashed away!
17:09:34 [STASH_COMPACT] §f                §6§l>>> §6§lCLICK HERE§e to pick them up! §6§l<<<
17:09:34 [STASH_COMPACT]   
17:09:34 [STASH_COMPACT] §f                §7You have §31,785 §7materials stashed away!
17:09:34 [STASH_COMPACT] §f               §8(This totals 1 type of material stashed!)
17:09:34 [STASH_COMPACT] §f                §3§l>>> §3§lCLICK HERE§b to pick them up! §3§l<<<
17:09:34 [STASH_COMPACT]   
17:10:34 [STASH_COMPACT] §f                     §7You have §a2 §7items stashed away!
17:10:34 [STASH_COMPACT] §f                §6§l>>> §6§lCLICK HERE§e to pick them up! §6§l<<<
17:10:34 [STASH_COMPACT]   
17:10:34 [STASH_COMPACT] §f                §7You have §31,785 §7materials stashed away!
17:10:34 [STASH_COMPACT] §f               §8(This totals 1 type of material stashed!)
17:10:34 [STASH_COMPACT] §f                §3§l>>> §3§lCLICK HERE§b to pick them up! §3§l<<<
17:10:34 [STASH_COMPACT]   
17:11:34 [STASH_COMPACT] §f                     §7You have §a2 §7items stashed away!
17:11:34 [STASH_COMPACT] §f                §6§l>>> §6§lCLICK HERE§e to pick them up! §6§l<<<
17:11:34 [STASH_COMPACT]   
17:11:34 [STASH_COMPACT] §f                §7You have §31,785 §7materials stashed away!
17:11:34 [STASH_COMPACT] §f               §8(This totals 1 type of material stashed!)
17:11:34 [STASH_COMPACT] §f                §3§l>>> §3§lCLICK HERE§b to pick them up! §3§l<<<
17:11:34 [STASH_COMPACT]   
17:12:34 [STASH_COMPACT] §f                     §7You have §a2 §7items stashed away!
17:12:34 [STASH_COMPACT] §f                §6§l>>> §6§lCLICK HERE§e to pick them up! §6§l<<<
17:12:34 [STASH_COMPACT]   
17:12:34 [STASH_COMPACT] §f                §7You have §31,785 §7materials stashed away!
17:12:34 [STASH_COMPACT] §f               §8(This totals 1 type of material stashed!)
17:12:34 [STASH_COMPACT] §f                §3§l>>> §3§lCLICK HERE§b to pick them up! §3§l<<<
17:12:34 [STASH_COMPACT]   
17:13:34 [STASH_COMPACT] §f                     §7You have §a2 §7items stashed away!
17:13:34 [STASH_COMPACT] §f                §6§l>>> §6§lCLICK HERE§e to pick them up! §6§l<<<
17:13:34 [STASH_COMPACT]   
17:13:34 [STASH_COMPACT] §f                §7You have §31,785 §7materials stashed away!
17:13:34 [STASH_COMPACT] §f               §8(This totals 1 type of material stashed!)
17:13:34 [STASH_COMPACT] §f                §3§l>>> §3§lCLICK HERE§b to pick them up! §3§l<<<
17:13:34 [STASH_COMPACT]   
17:14:34 [STASH_COMPACT] §f                     §7You have §a2 §7items stashed away!
17:14:34 [STASH_COMPACT] §f                §6§l>>> §6§lCLICK HERE§e to pick them up! §6§l<<<
17:14:34 [STASH_COMPACT]   
17:14:34 [STASH_COMPACT] §f                §7You have §31,785 §7materials stashed away!
17:14:34 [STASH_COMPACT] §f               §8(This totals 1 type of material stashed!)
17:14:34 [STASH_COMPACT] §f                §3§l>>> §3§lCLICK HERE§b to pick them up! §3§l<<<
17:14:34 [STASH_COMPACT]   
17:15:34 [STASH_COMPACT] §f                     §7You have §a2 §7items stashed away!
17:15:34 [STASH_COMPACT] §f                §6§l>>> §6§lCLICK HERE§e to pick them up! §6§l<<<
17:15:34 [STASH_COMPACT]   
17:15:34 [STASH_COMPACT] §f                §7You have §31,785 §7materials stashed away!
17:15:34 [STASH_COMPACT] §f               §8(This totals 1 type of material stashed!)
17:15:34 [STASH_COMPACT] §f                §3§l>>> §3§lCLICK HERE§b to pick them up! §3§l<<<
17:15:34 [STASH_COMPACT]   
17:16:34 [STASH_COMPACT] §f                     §7You have §a2 §7items stashed away!
17:16:34 [STASH_COMPACT] §f                §6§l>>> §6§lCLICK HERE§e to pick them up! §6§l<<<
17:16:34 [STASH_COMPACT]   
17:16:34 [STASH_COMPACT] §f                §7You have §31,785 §7materials stashed away!
17:16:34 [STASH_COMPACT] §f               §8(This totals 1 type of material stashed!)
17:16:34 [STASH_COMPACT] §f                §3§l>>> §3§lCLICK HERE§b to pick them up! §3§l<<<
17:16:34 [STASH_COMPACT]   
17:17:34 [STASH_COMPACT] §f                     §7You have §a2 §7items stashed away!
17:17:34 [STASH_COMPACT] §f                §6§l>>> §6§lCLICK HERE§e to pick them up! §6§l<<<
17:17:34 [STASH_COMPACT]   
17:17:34 [STASH_COMPACT] §f                §7You have §31,785 §7materials stashed away!
17:17:34 [STASH_COMPACT] §f               §8(This totals 1 type of material stashed!)
17:17:34 [STASH_COMPACT] §f                §3§l>>> §3§lCLICK HERE§b to pick them up! §3§l<<<
17:17:34 [STASH_COMPACT]   
17:18:34 [STASH_COMPACT] §f                     §7You have §a2 §7items stashed away!
17:18:34 [STASH_COMPACT] §f                §6§l>>> §6§lCLICK HERE§e to pick them up! §6§l<<<
17:18:34 [STASH_COMPACT]   
17:18:34 [STASH_COMPACT] §f                §7You have §31,785 §7materials stashed away!
17:18:34 [STASH_COMPACT] §f               §8(This totals 1 type of material stashed!)
17:18:34 [STASH_COMPACT] §f                §3§l>>> §3§lCLICK HERE§b to pick them up! §3§l<<<
17:18:34 [STASH_COMPACT]   
17:19:34 [STASH_COMPACT] §f                     §7You have §a2 §7items stashed away!
17:19:34 [STASH_COMPACT] §f                §6§l>>> §6§lCLICK HERE§e to pick them up! §6§l<<<
17:19:34 [STASH_COMPACT]   
17:19:34 [STASH_COMPACT] §f                §7You have §31,785 §7materials stashed away!
17:19:34 [STASH_COMPACT] §f               §8(This totals 1 type of material stashed!)
17:19:34 [STASH_COMPACT] §f                §3§l>>> §3§lCLICK HERE§b to pick them up! §3§l<<<
17:19:34 [STASH_COMPACT]   
17:20:34 [STASH_COMPACT] §f                     §7You have §a2 §7items stashed away!
17:20:34 [STASH_COMPACT] §f                §6§l>>> §6§lCLICK HERE§e to pick them up! §6§l<<<
17:20:34 [STASH_COMPACT]   
17:20:34 [STASH_COMPACT] §f                §7You have §31,785 §7materials stashed away!
17:20:34 [STASH_COMPACT] §f               §8(This totals 1 type of material stashed!)
17:20:34 [STASH_COMPACT] §f                §3§l>>> §3§lCLICK HERE§b to pick them up! §3§l<<<
17:20:34 [STASH_COMPACT]   
17:21:34 [STASH_COMPACT] §f                     §7You have §a2 §7items stashed away!
17:21:34 [STASH_COMPACT] §f                §6§l>>> §6§lCLICK HERE§e to pick them up! §6§l<<<
17:21:34 [STASH_COMPACT]   
17:21:34 [STASH_COMPACT] §f                §7You have §31,785 §7materials stashed away!
17:21:34 [STASH_COMPACT] §f               §8(This totals 1 type of material stashed!)
17:21:34 [STASH_COMPACT] §f                §3§l>>> §3§lCLICK HERE§b to pick them up! §3§l<<<
17:21:34 [STASH_COMPACT]   
17:22:34 [STASH_COMPACT] §f                     §7You have §a2 §7items stashed away!
17:22:34 [STASH_COMPACT] §f                §6§l>>> §6§lCLICK HERE§e to pick them up! §6§l<<<
17:22:34 [STASH_COMPACT]   
17:22:34 [STASH_COMPACT] §f                §7You have §31,785 §7materials stashed away!
17:22:34 [STASH_COMPACT] §f               §8(This totals 1 type of material stashed!)
17:22:34 [STASH_COMPACT] §f                §3§l>>> §3§lCLICK HERE§b to pick them up! §3§l<<<
17:22:34 [STASH_COMPACT]   
17:23:34 [STASH_COMPACT] §f                     §7You have §a2 §7items stashed away!
17:23:34 [STASH_COMPACT] §f                §6§l>>> §6§lCLICK HERE§e to pick them up! §6§l<<<
17:23:34 [STASH_COMPACT]   
17:23:34 [STASH_COMPACT] §f                §7You have §31,785 §7materials stashed away!
17:23:34 [STASH_COMPACT] §f               §8(This totals 1 type of material stashed!)
17:23:34 [STASH_COMPACT] §f                §3§l>>> §3§lCLICK HERE§b to pick them up! §3§l<<<
17:23:34 [STASH_COMPACT]   
17:24:34 [STASH_COMPACT] §f                     §7You have §a2 §7items stashed away!
17:24:34 [STASH_COMPACT] §f                §6§l>>> §6§lCLICK HERE§e to pick them up! §6§l<<<
17:24:34 [STASH_COMPACT]   
17:24:34 [STASH_COMPACT] §f                §7You have §31,785 §7materials stashed away!
17:24:34 [STASH_COMPACT] §f               §8(This totals 1 type of material stashed!)
17:24:34 [STASH_COMPACT] §f                §3§l>>> §3§lCLICK HERE§b to pick them up! §3§l<<<
17:24:34 [STASH_COMPACT]   
17:25:34 [STASH_COMPACT] §f                     §7You have §a2 §7items stashed away!
17:25:34 [STASH_COMPACT] §f                §6§l>>> §6§lCLICK HERE§e to pick them up! §6§l<<<
17:25:34 [STASH_COMPACT]   
17:25:34 [STASH_COMPACT] §f                §7You have §31,785 §7materials stashed away!
17:25:34 [STASH_COMPACT] §f               §8(This totals 1 type of material stashed!)
17:25:34 [STASH_COMPACT] §f                §3§l>>> §3§lCLICK HERE§b to pick them up! §3§l<<<
17:25:34 [STASH_COMPACT]   
17:26:34 [STASH_COMPACT] §f                     §7You have §a2 §7items stashed away!
17:26:34 [STASH_COMPACT] §f                §6§l>>> §6§lCLICK HERE§e to pick them up! §6§l<<<
17:26:34 [STASH_COMPACT]   
17:26:34 [STASH_COMPACT] §f                §7You have §31,785 §7materials stashed away!
17:26:34 [STASH_COMPACT] §f               §8(This totals 1 type of material stashed!)
17:26:34 [STASH_COMPACT] §f                §3§l>>> §3§lCLICK HERE§b to pick them up! §3§l<<<
17:26:34 [STASH_COMPACT]   
17:27:34 [STASH_COMPACT] §f                     §7You have §a2 §7items stashed away!
17:27:34 [STASH_COMPACT] §f                §6§l>>> §6§lCLICK HERE§e to pick them up! §6§l<<<
17:27:34 [STASH_COMPACT]   
17:27:34 [STASH_COMPACT] §f                §7You have §31,785 §7materials stashed away!
17:27:34 [STASH_COMPACT] §f               §8(This totals 1 type of material stashed!)
17:27:34 [STASH_COMPACT] §f                §3§l>>> §3§lCLICK HERE§b to pick them up! §3§l<<<
17:27:34 [STASH_COMPACT]   
17:28:34 [STASH_COMPACT] §f                     §7You have §a2 §7items stashed away!
17:28:34 [STASH_COMPACT] §f                §6§l>>> §6§lCLICK HERE§e to pick them up! §6§l<<<
17:28:34 [STASH_COMPACT]   
17:28:34 [STASH_COMPACT] §f                §7You have §31,785 §7materials stashed away!
17:28:34 [STASH_COMPACT] §f               §8(This totals 1 type of material stashed!)
17:28:34 [STASH_COMPACT] §f                §3§l>>> §3§lCLICK HERE§b to pick them up! §3§l<<<
17:28:34 [STASH_COMPACT]   
17:29:34 [STASH_COMPACT] §f                     §7You have §a2 §7items stashed away!
17:29:34 [STASH_COMPACT] §f                §6§l>>> §6§lCLICK HERE§e to pick them up! §6§l<<<
17:29:34 [STASH_COMPACT]   
17:29:34 [STASH_COMPACT] §f                §7You have §31,785 §7materials stashed away!
17:29:34 [STASH_COMPACT] §f               §8(This totals 1 type of material stashed!)
17:29:34 [STASH_COMPACT] §f                §3§l>>> §3§lCLICK HERE§b to pick them up! §3§l<<<
17:29:34 [STASH_COMPACT]   
17:30:34 [STASH_COMPACT] §f                     §7You have §a2 §7items stashed away!
17:30:34 [STASH_COMPACT] §f                §6§l>>> §6§lCLICK HERE§e to pick them up! §6§l<<<
17:30:34 [STASH_COMPACT]   
17:30:34 [STASH_COMPACT] §f                §7You have §31,785 §7materials stashed away!
17:30:34 [STASH_COMPACT] §f               §8(This totals 1 type of material stashed!)
17:30:34 [STASH_COMPACT] §f                §3§l>>> §3§lCLICK HERE§b to pick them up! §3§l<<<
17:30:34 [STASH_COMPACT]   
17:31:34 [STASH_COMPACT] §f                     §7You have §a2 §7items stashed away!
17:31:34 [STASH_COMPACT] §f                §6§l>>> §6§lCLICK HERE§e to pick them up! §6§l<<<
17:31:34 [STASH_COMPACT]   
17:31:34 [STASH_COMPACT] §f                §7You have §31,785 §7materials stashed away!
17:31:34 [STASH_COMPACT] §f               §8(This totals 1 type of material stashed!)
17:31:34 [STASH_COMPACT] §f                §3§l>>> §3§lCLICK HERE§b to pick them up! §3§l<<<
17:31:34 [STASH_COMPACT]   
17:32:34 [STASH_COMPACT] §f                     §7You have §a2 §7items stashed away!
17:32:34 [STASH_COMPACT] §f                §6§l>>> §6§lCLICK HERE§e to pick them up! §6§l<<<
17:32:34 [STASH_COMPACT]   
17:32:34 [STASH_COMPACT] §f                §7You have §31,785 §7materials stashed away!
17:32:34 [STASH_COMPACT] §f               §8(This totals 1 type of material stashed!)
17:32:34 [STASH_COMPACT] §f                §3§l>>> §3§lCLICK HERE§b to pick them up! §3§l<<<
17:32:34 [STASH_COMPACT]   
17:33:34 [STASH_COMPACT] §f                     §7You have §a2 §7items stashed away!
17:33:34 [STASH_COMPACT] §f                §6§l>>> §6§lCLICK HERE§e to pick them up! §6§l<<<
17:33:34 [STASH_COMPACT]   
17:33:34 [STASH_COMPACT] §f                §7You have §31,785 §7materials stashed away!
17:33:34 [STASH_COMPACT] §f               §8(This totals 1 type of material stashed!)
17:33:34 [STASH_COMPACT] §f                §3§l>>> §3§lCLICK HERE§b to pick them up! §3§l<<<
17:33:34 [STASH_COMPACT]   
17:34:34 [STASH_COMPACT] §f                     §7You have §a2 §7items stashed away!
17:34:34 [STASH_COMPACT] §f                §6§l>>> §6§lCLICK HERE§e to pick them up! §6§l<<<
17:34:34 [STASH_COMPACT]   
17:34:34 [STASH_COMPACT] §f                §7You have §31,785 §7materials stashed away!
17:34:34 [STASH_COMPACT] §f               §8(This totals 1 type of material stashed!)
17:34:34 [STASH_COMPACT] §f                §3§l>>> §3§lCLICK HERE§b to pick them up! §3§l<<<
17:34:34 [STASH_COMPACT]   
17:35:35 [STASH_COMPACT] §f                     §7You have §a2 §7items stashed away!
17:35:35 [STASH_COMPACT] §f                §6§l>>> §6§lCLICK HERE§e to pick them up! §6§l<<<
17:35:35 [STASH_COMPACT]   
17:35:35 [STASH_COMPACT] §f                §7You have §31,785 §7materials stashed away!
17:35:35 [STASH_COMPACT] §f               §8(This totals 1 type of material stashed!)
17:35:35 [STASH_COMPACT] §f                §3§l>>> §3§lCLICK HERE§b to pick them up! §3§l<<<
17:35:35 [STASH_COMPACT]   
17:36:35 [STASH_COMPACT] §f                     §7You have §a2 §7items stashed away!
17:36:35 [STASH_COMPACT] §f                §6§l>>> §6§lCLICK HERE§e to pick them up! §6§l<<<
17:36:35 [STASH_COMPACT]   
17:36:35 [STASH_COMPACT] §f                §7You have §31,785 §7materials stashed away!
17:36:35 [STASH_COMPACT] §f               §8(This totals 1 type of material stashed!)
17:36:35 [STASH_COMPACT] §f                §3§l>>> §3§lCLICK HERE§b to pick them up! §3§l<<<
17:36:35 [STASH_COMPACT]   
17:37:35 [STASH_COMPACT] §f                     §7You have §a2 §7items stashed away!
17:37:35 [STASH_COMPACT] §f                §6§l>>> §6§lCLICK HERE§e to pick them up! §6§l<<<
17:37:35 [STASH_COMPACT]   
17:37:35 [STASH_COMPACT] §f                §7You have §31,785 §7materials stashed away!
17:37:35 [STASH_COMPACT] §f               §8(This totals 1 type of material stashed!)
17:37:35 [STASH_COMPACT] §f                §3§l>>> §3§lCLICK HERE§b to pick them up! §3§l<<<
17:37:35 [STASH_COMPACT]   
17:38:35 [STASH_COMPACT] §f                     §7You have §a2 §7items stashed away!
17:38:35 [STASH_COMPACT] §f                §6§l>>> §6§lCLICK HERE§e to pick them up! §6§l<<<
17:38:35 [STASH_COMPACT]   
17:38:35 [STASH_COMPACT] §f                §7You have §31,785 §7materials stashed away!
17:38:35 [STASH_COMPACT] §f               §8(This totals 1 type of material stashed!)
17:38:35 [STASH_COMPACT] §f                §3§l>>> §3§lCLICK HERE§b to pick them up! §3§l<<<
17:38:35 [STASH_COMPACT]   
17:39:35 [STASH_COMPACT] §f                     §7You have §a2 §7items stashed away!
17:39:35 [STASH_COMPACT] §f                §6§l>>> §6§lCLICK HERE§e to pick them up! §6§l<<<
17:39:35 [STASH_COMPACT]   
17:39:35 [STASH_COMPACT] §f                §7You have §31,785 §7materials stashed away!
17:39:35 [STASH_COMPACT] §f               §8(This totals 1 type of material stashed!)
17:39:35 [STASH_COMPACT] §f                §3§l>>> §3§lCLICK HERE§b to pick them up! §3§l<<<
17:39:35 [STASH_COMPACT]   
17:40:35 [STASH_COMPACT] §f                     §7You have §a2 §7items stashed away!
17:40:35 [STASH_COMPACT] §f                §6§l>>> §6§lCLICK HERE§e to pick them up! §6§l<<<
17:40:35 [STASH_COMPACT]   
17:40:35 [STASH_COMPACT] §f                §7You have §31,785 §7materials stashed away!
17:40:35 [STASH_COMPACT] §f               §8(This totals 1 type of material stashed!)
17:40:35 [STASH_COMPACT] §f                §3§l>>> §3§lCLICK HERE§b to pick them up! §3§l<<<
17:40:35 [STASH_COMPACT]   
17:41:35 [STASH_COMPACT] §f                     §7You have §a2 §7items stashed away!
17:41:35 [STASH_COMPACT] §f                §6§l>>> §6§lCLICK HERE§e to pick them up! §6§l<<<
17:41:35 [STASH_COMPACT]   
17:41:35 [STASH_COMPACT] §f                §7You have §31,785 §7materials stashed away!
17:41:35 [STASH_COMPACT] §f               §8(This totals 1 type of material stashed!)
17:41:35 [STASH_COMPACT] §f                §3§l>>> §3§lCLICK HERE§b to pick them up! §3§l<<<
17:41:35 [STASH_COMPACT]   
17:45:35 [STASH_COMPACT] §f                     §7You have §a2 §7items stashed away!
17:45:35 [STASH_COMPACT] §f                §6§l>>> §6§lCLICK HERE§e to pick them up! §6§l<<<
17:45:35 [STASH_COMPACT]   
17:45:35 [STASH_COMPACT] §f                §7You have §31,785 §7materials stashed away!
17:45:35 [STASH_COMPACT] §f               §8(This totals 1 type of material stashed!)
17:45:35 [STASH_COMPACT] §f                §3§l>>> §3§lCLICK HERE§b to pick them up! §3§l<<<
17:45:35 [STASH_COMPACT]   
17:46:35 [STASH_COMPACT] §f                     §7You have §a2 §7items stashed away!
17:46:35 [STASH_COMPACT] §f                §6§l>>> §6§lCLICK HERE§e to pick them up! §6§l<<<
17:46:35 [STASH_COMPACT]   
17:46:35 [STASH_COMPACT] §f                §7You have §31,785 §7materials stashed away!
17:46:35 [STASH_COMPACT] §f               §8(This totals 1 type of material stashed!)
17:46:35 [STASH_COMPACT] §f                §3§l>>> §3§lCLICK HERE§b to pick them up! §3§l<<<
17:46:35 [STASH_COMPACT]   
