15:55:37 §e[SkyHanni] Reloaded 7531 items in the NEU repo§r
16:39:36 §d§l▬▬▬▬▬▬▬▬▬▬▬▬▬▬▬▬▬▬▬▬▬▬▬▬▬▬▬▬▬▬▬▬▬▬▬▬▬▬▬▬▬▬▬▬▬▬▬▬▬▬▬▬▬▬▬▬▬▬▬▬▬▬▬▬
                          §d§lHoppity's Hunt #87 Stats

    §7You found §b23§7/§a375 §6Chocolate Meal Eggs§7.

    §7Unique Rabbits: §f21
     §f12 §7- §a4 §7- §93 §7- §52 §7- §60 §7- §d0 §7- §b0

    §7Duplicate Rabbits: §f2
     §f1 §7- §a1 §7- §90 §7- §50 §7- §60 §7- §d0 §7- §b0
     §6+3,492,503 Chocolate

    §7You spent §b1m 45s §7in the §6Chocolate Factory§7.
    §7Leaderboard: §b#457,555 §c-> §b#442,495
     §7(§a+15,060 spots§7) §7Top §a5.85% §c-> §7Top §a5.65%
§d§l▬▬▬▬▬▬▬▬▬▬▬▬▬▬▬▬▬▬▬▬▬▬▬▬▬▬▬▬▬▬▬▬▬▬▬▬▬▬▬▬▬▬▬▬▬▬▬▬▬▬▬▬▬▬▬▬▬▬▬▬▬▬▬▬§r
16:40:01 §e[SkyHanni] Wrong slayer selected! You have Inferno Demonlord selected and you are in an Voidgloom Seraph area!§r
16:40:07 §e[SkyHanni] §eYou have §62 §eitems in stash. §eClick to §6pickup §eyour stash!§r
16:40:07 §e[SkyHanni] §bYou have §31.7k §bmaterials in stash, §btotalling §31 type§b. §bClick to §3pickup §byour stash!§r
16:40:25 §e[SkyHanni] Wrong slayer selected! You have Inferno Demonlord selected and you are in an Voidgloom Seraph area!§r
16:40:59 §e[SkyHanni] Wrong slayer selected! You have Inferno Demonlord selected and you are in an Voidgloom Seraph area!§r
16:41:39 §e[SkyHanni] Wrong slayer selected! You have Inferno Demonlord selected and you are in an Voidgloom Seraph area!§r
16:42:11 §e[SkyHanni] Wrong slayer selected! You have Inferno Demonlord selected and you are in an Voidgloom Seraph area!§r
16:42:15 §e[SkyHanni] §f                §r§eYour Weight: §r§a10§r
16:42:15 §e[SkyHanni] Profit for Dragon§e: §6118§r
16:42:55 §e[SkyHanni] Wrong slayer selected! You have Inferno Demonlord selected and you are in an Voidgloom Seraph area!§r
16:43:08 §e[SkyHanni] Wrong slayer selected! You have Inferno Demonlord selected and you are in an Voidgloom Seraph area!§r
16:43:30 §e[SkyHanni] Wrong slayer selected! You have Inferno Demonlord selected and you are in an Voidgloom Seraph area!§r
16:43:31 §6§lBESTIARY §r§b§lZealot §7§8XV §8➡§b §bXVI§r
16:43:41 §e[SkyHanni] Wrong slayer selected! You have Inferno Demonlord selected and you are in an Voidgloom Seraph area!§r
16:43:53 §e[SkyHanni] Wrong slayer selected! You have Inferno Demonlord selected and you are in an Voidgloom Seraph area!§r
16:44:05 §e[SkyHanni] Wrong slayer selected! You have Inferno Demonlord selected and you are in an Voidgloom Seraph area!§r
16:45:03 §e[SkyHanni] §f                §r§eYour Weight: §r§a700§r
16:45:03 §6§lBESTIARY §r§b§lDragon §7§8III §8➡§b §bIV§r
16:45:03 §e[SkyHanni] §b+27 SkyBlock XP §7(Killed Strong Dragon§7)§b (62/100)§r
16:45:13 §e[SkyHanni] Profit for Dragon§e: §c-3M§r
16:46:32 §e[SkyHanni] §eYou have §62 §eitems in stash. §eClick to §6pickup §eyour stash!§r
16:46:32 §e[SkyHanni] §bYou have §31.7k §bmaterials in stash, §btotalling §31 type§b. §bClick to §3pickup §byour stash!§r
16:46:43 §e[SkyHanni] Wrong slayer selected! You have Inferno Demonlord selected and you are in an Revenant Horror area!§r
16:46:56 §e[SkyHanni] Wrong slayer selected! You have Inferno Demonlord selected and you are in an Revenant Horror area!§r
16:47:07 §e[SkyHanni] Wrong slayer selected! You have Inferno Demonlord selected and you are in an Revenant Horror area!§r
16:47:18 §e[SkyHanni] Wrong slayer selected! You have Inferno Demonlord selected and you are in an Revenant Horror area!§r
16:47:48 §e[SkyHanni] Wrong slayer selected! You have Inferno Demonlord selected and you are in an Revenant Horror area!§r
16:51:35 §6§lBESTIARY §r§b§lGolden Ghoul §7§8XI §8➡§b §bXII§r
16:58:33 §e[SkyHanni] §eYou have §62 §eitems in stash. §eClick to §6pickup §eyour stash!§r
16:58:33 §e[SkyHanni] §bYou have §31.7k §bmaterials in stash, §btotalling §31 type§b. §bClick to §3pickup §byour stash!§r
17:02:02 §e[SkyHanni] Start a new slayer quest! The old slayer quest has failed!§r
17:02:20 §e[SkyHanni] Start a new slayer quest! The old slayer quest has failed!§r
17:03:08 §e[SkyHanni] Start a new slayer quest! The old slayer quest has failed!§r
17:03:19 §e[SkyHanni] Start a new slayer quest! The old slayer quest has failed!§r
17:03:47 §e[SkyHanni] Start a new slayer quest! The old slayer quest has failed!§r
17:04:27 §e[SkyHanni] Start a new slayer quest! The old slayer quest has failed!§r
17:05:33 §e[SkyHanni] §eYou have §62 §eitems in stash. §eClick to §6pickup §eyour stash!§r
17:05:33 §e[SkyHanni] §bYou have §31.7k §bmaterials in stash, §btotalling §31 type§b. §bClick to §3pickup §byour stash!§r
17:05:58 §e[SkyHanni] Start a new slayer quest! The old slayer quest has failed!§r
17:06:09 §e[SkyHanni] Start a new slayer quest! The old slayer quest has failed!§r
17:06:35 §e[SkyHanni] Start a new slayer quest! The old slayer quest has failed!§r
17:07:01 §e[SkyHanni] Start a new slayer quest! The old slayer quest has failed!§r
17:07:20 §e[SkyHanni] Start a new slayer quest! The old slayer quest has failed!§r
17:07:37 §e[SkyHanni] Start a new slayer quest! The old slayer quest has failed!§r
17:07:53 §e[SkyHanni] Start a new slayer quest! The old slayer quest has failed!§r
17:08:07 §e[SkyHanni] Start a new slayer quest! The old slayer quest has failed!§r
17:08:40 §e[SkyHanni] Start a new slayer quest! The old slayer quest has failed!§r
17:08:59 §e[SkyHanni] Start a new slayer quest! The old slayer quest has failed!§r
17:09:09 §e[SkyHanni] Start a new slayer quest! The old slayer quest has failed!§r
17:12:39 §e[SkyHanni] Start a new slayer quest! The old slayer quest has failed!§r
17:12:59 §e[SkyHanni] Start a new slayer quest! The old slayer quest has failed!§r
17:13:17 §e[SkyHanni] Start a new slayer quest! The old slayer quest has failed!§r
17:13:29 §e[SkyHanni] Start a new slayer quest! The old slayer quest has failed!§r
17:13:48 §e[SkyHanni] Start a new slayer quest! The old slayer quest has failed!§r
17:14:01 §e[SkyHanni] Start a new slayer quest! The old slayer quest has failed!§r
17:14:15 §e[SkyHanni] Start a new slayer quest! The old slayer quest has failed!§r
17:15:34 §e[SkyHanni] §eYou have §62 §eitems in stash. §eClick to §6pickup §eyour stash!§r
17:15:34 §e[SkyHanni] §bYou have §31.7k §bmaterials in stash, §btotalling §31 type§b. §bClick to §3pickup §byour stash!§r
17:17:05 §e[SkyHanni] Start a new slayer quest! The old slayer quest has failed!§r
17:18:02 §e[SkyHanni] Start a new slayer quest! The old slayer quest has failed!§r
17:18:45 §e[SkyHanni] Start a new slayer quest! The old slayer quest has failed!§r
17:18:56 §e[SkyHanni] Start a new slayer quest! The old slayer quest has failed!§r
17:19:15 §e[SkyHanni] Start a new slayer quest! The old slayer quest has failed!§r
17:19:28 §e[SkyHanni] Start a new slayer quest! The old slayer quest has failed!§r
17:19:43 §e[SkyHanni] Start a new slayer quest! The old slayer quest has failed!§r
17:20:02 §e[SkyHanni] Start a new slayer quest! The old slayer quest has failed!§r
17:20:41 §e[SkyHanni] Start a new slayer quest! The old slayer quest has failed!§r
17:22:06 §e[SkyHanni] Start a new slayer quest! The old slayer quest has failed!§r
17:22:32 §e[SkyHanni] Start a new slayer quest! The old slayer quest has failed!§r
17:22:55 §e[SkyHanni] Start a new slayer quest! The old slayer quest has failed!§r
17:23:15 §e[SkyHanni] Start a new slayer quest! The old slayer quest has failed!§r
17:23:26 §e[SkyHanni] Start a new slayer quest! The old slayer quest has failed!§r
17:23:50 §e[SkyHanni] Start a new slayer quest! The old slayer quest has failed!§r
17:24:02 §e[SkyHanni] Start a new slayer quest! The old slayer quest has failed!§r
17:24:12 §e[SkyHanni] Start a new slayer quest! The old slayer quest has failed!§r
17:24:53 §e[SkyHanni] Start a new slayer quest! The old slayer quest has failed!§r
17:25:06 §e[SkyHanni] Start a new slayer quest! The old slayer quest has failed!§r
17:25:16 §e[SkyHanni] Start a new slayer quest! The old slayer quest has failed!§r
17:26:23 §e[SkyHanni] Start a new slayer quest! The old slayer quest has failed!§r
17:27:04 §e[SkyHanni] Start a new slayer quest! The old slayer quest has failed!§r
17:38:00 §e[SkyHanni] Start a new slayer quest! The old slayer quest has failed!§r
17:38:18 §e[SkyHanni] Start a new slayer quest! The old slayer quest has failed!§r
17:39:36 §e[SkyHanni] Start a new slayer quest! The old slayer quest has failed!§r
17:40:24 §e[SkyHanni] Start a new slayer quest! The old slayer quest has failed!§r
17:45:35 §e[SkyHanni] §eYou have §62 §eitems in stash. §eClick to §6pickup §eyour stash!§r
17:45:35 §e[SkyHanni] §bYou have §31.7k §bmaterials in stash, §btotalling §31 type§b. §bClick to §3pickup §byour stash!§r
