20:01:34 Trying to load config from config\skyhanni\config.json
20:01:34 load-config-now
20:01:34 Loaded config from file
20:01:34 Trying to load sacks from config\skyhanni\sacks.json
20:01:34 load-sacks-now
20:01:34 Loaded sacks from file
20:01:34 Trying to load friends from config\skyhanni\friends.json
20:01:34 load-friends-now
20:01:34 Loaded friends from file
20:01:34 Trying to load known_features from config\skyhanni\known_features.json
20:01:34 load-known_features-now
20:01:34 Loaded known_features from file
20:01:34 Trying to load jacob_contests from config\skyhanni\jacob_contests.json
20:01:34 Setting jacob_contests to be blank as it did not exist. It will be saved once something is written to it
20:01:34 Trying to load visual_words from config\skyhanni\visual_words.json
20:01:34 Setting visual_words to be blank as it did not exist. It will be saved once something is written to it
20:01:34 Trying to load pets from config\skyhanni\pets.json
20:01:34 load-pets-now
20:01:34 Loaded pets from file
20:02:34 saveConfig: auto-save-60s
20:02:34 Saving config file
20:02:34 Saved config file successfully
20:02:34 saveConfig: auto-save-60s
20:02:34 Saving config file
20:02:34 Saved config file successfully
20:02:53 saveConfig: Updated known feature flags
20:02:53 Saving known_features file
20:02:53 Saved known_features file successfully
20:02:53 saveConfig: Updated known feature flags
20:02:53 Saving known_features file
20:02:53 Saved known_features file successfully
20:03:32 saveConfig: saving-data
20:03:32 Saving sacks file
20:03:32 Saved sacks file successfully
20:03:32 saveConfig: saving-data
20:03:32 Saving sacks file
20:03:32 Saved sacks file successfully
20:03:34 saveConfig: auto-save-60s
20:03:34 Saving config file
20:03:34 Saved config file successfully
20:03:34 saveConfig: auto-save-60s
20:03:34 Saving config file
20:03:34 Saved config file successfully
20:04:19 saveConfig: saving-data
20:04:19 Saving sacks file
20:04:19 Saved sacks file successfully
20:04:19 saveConfig: saving-data
20:04:19 Saving sacks file
20:04:19 Saved sacks file successfully
20:04:34 saveConfig: auto-save-60s
20:04:34 Saving config file
20:04:34 Saved config file successfully
20:04:34 saveConfig: auto-save-60s
20:04:34 Saving config file
20:04:34 Saved config file successfully
20:04:43 saveConfig: saving-data
20:04:43 Saving sacks file
20:04:43 Saved sacks file successfully
20:04:43 saveConfig: saving-data
20:04:43 Saving sacks file
20:04:43 Saved sacks file successfully
20:04:55 saveConfig: saving-data
20:04:55 Saving sacks file
20:04:55 Saved sacks file successfully
20:04:55 saveConfig: saving-data
20:04:55 Saving sacks file
20:04:55 Saved sacks file successfully
20:05:34 saveConfig: auto-save-60s
20:05:34 Saving config file
20:05:34 Saved config file successfully
20:05:34 saveConfig: auto-save-60s
20:05:34 Saving config file
20:05:34 Saved config file successfully
20:06:34 saveConfig: auto-save-60s
20:06:34 Saving config file
20:06:34 Saved config file successfully
20:06:34 saveConfig: auto-save-60s
20:06:34 Saving config file
20:06:34 Saved config file successfully
20:07:34 saveConfig: auto-save-60s
20:07:34 Saving config file
20:07:34 Saved config file successfully
20:07:34 saveConfig: auto-save-60s
20:07:34 Saving config file
20:07:34 Saved config file successfully
20:08:34 saveConfig: auto-save-60s
20:08:34 Saving config file
20:08:34 Saved config file successfully
20:08:34 saveConfig: auto-save-60s
20:08:34 Saving config file
20:08:34 Saved config file successfully
20:09:34 saveConfig: auto-save-60s
20:09:34 Saving config file
20:09:34 Saved config file successfully
20:09:34 saveConfig: auto-save-60s
20:09:34 Saving config file
20:09:34 Saved config file successfully
20:10:34 saveConfig: auto-save-60s
20:10:34 Saving config file
20:10:34 Saved config file successfully
20:10:34 saveConfig: auto-save-60s
20:10:34 Saving config file
20:10:34 Saved config file successfully
20:11:34 saveConfig: auto-save-60s
20:11:34 Saving config file
20:11:34 Saved config file successfully
20:11:34 saveConfig: auto-save-60s
20:11:34 Saving config file
20:11:34 Saved config file successfully
20:12:34 saveConfig: auto-save-60s
20:12:34 Saving config file
20:12:34 Saved config file successfully
20:12:34 saveConfig: auto-save-60s
20:12:34 Saving config file
20:12:34 Saved config file successfully
20:13:34 saveConfig: auto-save-60s
20:13:34 Saving config file
20:13:34 Saved config file successfully
20:13:34 saveConfig: auto-save-60s
20:13:34 Saving config file
20:13:34 Saved config file successfully
20:14:34 saveConfig: auto-save-60s
20:14:34 Saving config file
20:14:34 Saved config file successfully
20:14:34 saveConfig: auto-save-60s
20:14:34 Saving config file
20:14:34 Saved config file successfully
20:15:34 saveConfig: auto-save-60s
20:15:34 Saving config file
20:15:34 Saved config file successfully
20:15:34 saveConfig: auto-save-60s
20:15:34 Saving config file
20:15:34 Saved config file successfully
20:16:34 saveConfig: auto-save-60s
20:16:34 Saving config file
20:16:34 Saved config file successfully
20:16:34 saveConfig: auto-save-60s
20:16:34 Saving config file
20:16:34 Saved config file successfully
20:17:34 saveConfig: auto-save-60s
20:17:34 Saving config file
20:17:34 Saved config file successfully
20:17:34 saveConfig: auto-save-60s
20:17:34 Saving config file
20:17:34 Saved config file successfully
20:18:34 saveConfig: auto-save-60s
20:18:34 Saving config file
20:18:34 Saved config file successfully
20:18:34 saveConfig: auto-save-60s
20:18:34 Saving config file
20:18:34 Saved config file successfully
20:19:34 saveConfig: auto-save-60s
20:19:34 Saving config file
20:19:34 Saved config file successfully
20:19:34 saveConfig: auto-save-60s
20:19:34 Saving config file
20:19:34 Saved config file successfully
20:20:34 saveConfig: auto-save-60s
20:20:34 Saving config file
20:20:34 Saved config file successfully
20:20:34 saveConfig: auto-save-60s
20:20:34 Saving config file
20:20:34 Saved config file successfully
20:21:34 saveConfig: auto-save-60s
20:21:34 Saving config file
20:21:34 Saved config file successfully
20:21:34 saveConfig: auto-save-60s
20:21:34 Saving config file
20:21:34 Saved config file successfully
20:22:34 saveConfig: auto-save-60s
20:22:34 Saving config file
20:22:34 Saved config file successfully
20:22:34 saveConfig: auto-save-60s
20:22:34 Saving config file
20:22:34 Saved config file successfully
20:23:34 saveConfig: auto-save-60s
20:23:34 Saving config file
20:23:34 Saved config file successfully
20:23:34 saveConfig: auto-save-60s
20:23:34 Saving config file
20:23:34 Saved config file successfully
20:24:34 saveConfig: auto-save-60s
20:24:34 Saving config file
20:24:34 Saved config file successfully
20:24:34 saveConfig: auto-save-60s
20:24:34 Saving config file
20:24:34 Saved config file successfully
20:25:34 saveConfig: auto-save-60s
20:25:34 Saving config file
20:25:34 Saved config file successfully
20:25:34 saveConfig: auto-save-60s
20:25:34 Saving config file
20:25:34 Saved config file successfully
20:26:34 saveConfig: auto-save-60s
20:26:34 Saving config file
20:26:34 Saved config file successfully
20:26:34 saveConfig: auto-save-60s
20:26:34 Saving config file
20:26:34 Saved config file successfully
20:27:34 saveConfig: auto-save-60s
20:27:34 Saving config file
20:27:34 Saved config file successfully
20:27:34 saveConfig: auto-save-60s
20:27:34 Saving config file
20:27:34 Saved config file successfully
20:28:34 saveConfig: auto-save-60s
20:28:34 Saving config file
20:28:34 Saved config file successfully
20:28:34 saveConfig: auto-save-60s
20:28:34 Saving config file
20:28:34 Saved config file successfully
20:29:34 saveConfig: auto-save-60s
20:29:34 Saving config file
20:29:34 Saved config file successfully
20:29:34 saveConfig: auto-save-60s
20:29:34 Saving config file
20:29:34 Saved config file successfully
20:30:34 saveConfig: auto-save-60s
20:30:34 Saving config file
20:30:34 Saved config file successfully
20:30:34 saveConfig: auto-save-60s
20:30:34 Saving config file
20:30:34 Saved config file successfully
20:31:34 saveConfig: auto-save-60s
20:31:34 Saving config file
20:31:34 Saved config file successfully
20:31:34 saveConfig: auto-save-60s
20:31:34 Saving config file
20:31:34 Saved config file successfully
20:32:34 saveConfig: auto-save-60s
20:32:34 Saving config file
20:32:34 Saved config file successfully
20:32:34 saveConfig: auto-save-60s
20:32:34 Saving config file
20:32:34 Saved config file successfully
20:33:34 saveConfig: auto-save-60s
20:33:34 Saving config file
20:33:34 Saved config file successfully
20:33:34 saveConfig: auto-save-60s
20:33:34 Saving config file
20:33:34 Saved config file successfully
20:34:34 saveConfig: auto-save-60s
20:34:34 Saving config file
20:34:34 Saved config file successfully
20:34:34 saveConfig: auto-save-60s
20:34:34 Saving config file
20:34:34 Saved config file successfully
20:35:34 saveConfig: auto-save-60s
20:35:34 Saving config file
20:35:34 Saved config file successfully
20:35:34 saveConfig: auto-save-60s
20:35:34 Saving config file
20:35:34 Saved config file successfully
20:36:34 saveConfig: auto-save-60s
20:36:34 Saving config file
20:36:34 Saved config file successfully
20:36:34 saveConfig: auto-save-60s
20:36:34 Saving config file
20:36:34 Saved config file successfully
20:37:34 saveConfig: auto-save-60s
20:37:34 Saving config file
20:37:34 Saved config file successfully
20:37:34 saveConfig: auto-save-60s
20:37:34 Saving config file
20:37:34 Saved config file successfully
20:38:34 saveConfig: auto-save-60s
20:38:34 Saving config file
20:38:34 Saved config file successfully
20:38:34 saveConfig: auto-save-60s
20:38:34 Saving config file
20:38:34 Saved config file successfully
20:39:34 saveConfig: auto-save-60s
20:39:34 Saving config file
20:39:34 Saved config file successfully
20:39:34 saveConfig: auto-save-60s
20:39:34 Saving config file
20:39:34 Saved config file successfully
20:40:34 saveConfig: auto-save-60s
20:40:34 Saving config file
20:40:34 Saved config file successfully
20:40:34 saveConfig: auto-save-60s
20:40:34 Saving config file
20:40:34 Saved config file successfully
20:41:34 saveConfig: auto-save-60s
20:41:34 Saving config file
20:41:34 Saved config file successfully
20:41:34 saveConfig: auto-save-60s
20:41:34 Saving config file
20:41:34 Saved config file successfully
20:42:34 saveConfig: auto-save-60s
20:42:34 Saving config file
20:42:34 Saved config file successfully
20:42:34 saveConfig: auto-save-60s
20:42:34 Saving config file
20:42:34 Saved config file successfully
20:43:34 saveConfig: auto-save-60s
20:43:34 Saving config file
20:43:34 Saved config file successfully
20:43:34 saveConfig: auto-save-60s
20:43:34 Saving config file
20:43:34 Saved config file successfully
20:44:34 saveConfig: auto-save-60s
20:44:34 Saving config file
20:44:34 Saved config file successfully
20:44:34 saveConfig: auto-save-60s
20:44:34 Saving config file
20:44:34 Saved config file successfully
20:45:34 saveConfig: auto-save-60s
20:45:34 Saving config file
20:45:34 Saved config file successfully
20:45:34 saveConfig: auto-save-60s
20:45:34 Saving config file
20:45:34 Saved config file successfully
20:46:34 saveConfig: auto-save-60s
20:46:34 Saving config file
20:46:34 Saved config file successfully
20:46:34 saveConfig: auto-save-60s
20:46:34 Saving config file
20:46:34 Saved config file successfully
20:47:34 saveConfig: auto-save-60s
20:47:34 Saving config file
20:47:34 Saved config file successfully
20:47:34 saveConfig: auto-save-60s
20:47:34 Saving config file
20:47:34 Saved config file successfully
20:48:34 saveConfig: auto-save-60s
20:48:34 Saving config file
20:48:34 Saved config file successfully
20:48:34 saveConfig: auto-save-60s
20:48:34 Saving config file
20:48:34 Saved config file successfully
20:49:34 saveConfig: auto-save-60s
20:49:34 Saving config file
20:49:34 Saved config file successfully
20:49:34 saveConfig: auto-save-60s
20:49:34 Saving config file
20:49:34 Saved config file successfully
20:49:50 saveConfig: saving-data
20:49:50 Saving pets file
20:49:50 Saved pets file successfully
20:49:50 saveConfig: saving-data
20:49:50 Saving pets file
20:49:50 Saved pets file successfully
20:50:21 saveConfig: saving-data
20:50:21 Saving pets file
20:50:21 Saved pets file successfully
20:50:21 saveConfig: saving-data
20:50:21 Saving pets file
20:50:21 Saved pets file successfully
20:50:34 saveConfig: auto-save-60s
20:50:34 Saving config file
20:50:34 Saved config file successfully
20:50:34 saveConfig: auto-save-60s
20:50:34 Saving config file
20:50:34 Saved config file successfully
20:51:34 saveConfig: auto-save-60s
20:51:34 Saving config file
20:51:34 Saved config file successfully
20:51:34 saveConfig: auto-save-60s
20:51:34 Saving config file
20:51:34 Saved config file successfully
20:51:47 saveConfig: saving-data
20:51:47 Saving pets file
20:51:47 Saved pets file successfully
20:51:47 saveConfig: saving-data
20:51:47 Saving pets file
20:51:47 Saved pets file successfully
20:52:18 saveConfig: saving-data
20:52:18 Saving pets file
20:52:18 Saved pets file successfully
20:52:18 saveConfig: saving-data
20:52:18 Saving pets file
20:52:18 Saved pets file successfully
20:52:34 saveConfig: auto-save-60s
20:52:34 Saving config file
20:52:34 Saved config file successfully
20:52:34 saveConfig: auto-save-60s
20:52:34 Saving config file
20:52:34 Saved config file successfully
20:52:49 saveConfig: saving-data
20:52:49 Saving pets file
20:52:49 Saved pets file successfully
20:52:49 saveConfig: saving-data
20:52:49 Saving pets file
20:52:49 Saved pets file successfully
20:53:34 saveConfig: auto-save-60s
20:53:34 Saving config file
20:53:34 Saved config file successfully
20:53:34 saveConfig: auto-save-60s
20:53:34 Saving config file
20:53:34 Saved config file successfully
20:54:34 saveConfig: auto-save-60s
20:54:34 Saving config file
20:54:34 Saved config file successfully
20:54:34 saveConfig: auto-save-60s
20:54:34 Saving config file
20:54:34 Saved config file successfully
20:55:34 saveConfig: auto-save-60s
20:55:34 Saving config file
20:55:34 Saved config file successfully
20:55:34 saveConfig: auto-save-60s
20:55:34 Saving config file
20:55:34 Saved config file successfully
20:56:34 saveConfig: auto-save-60s
20:56:34 Saving config file
20:56:34 Saved config file successfully
20:56:34 saveConfig: auto-save-60s
20:56:34 Saving config file
20:56:34 Saved config file successfully
20:57:34 saveConfig: auto-save-60s
20:57:34 Saving config file
20:57:34 Saved config file successfully
20:57:34 saveConfig: auto-save-60s
20:57:34 Saving config file
20:57:34 Saved config file successfully
20:58:34 saveConfig: auto-save-60s
20:58:34 Saving config file
20:58:34 Saved config file successfully
20:58:34 saveConfig: auto-save-60s
20:58:34 Saving config file
20:58:34 Saved config file successfully
20:59:34 saveConfig: auto-save-60s
20:59:34 Saving config file
20:59:34 Saved config file successfully
20:59:34 saveConfig: auto-save-60s
20:59:34 Saving config file
20:59:34 Saved config file successfully
21:00:34 saveConfig: auto-save-60s
21:00:34 Saving config file
21:00:34 Saved config file successfully
21:00:34 saveConfig: auto-save-60s
21:00:34 Saving config file
21:00:34 Saved config file successfully
21:01:34 saveConfig: auto-save-60s
21:01:34 Saving config file
21:01:34 Saved config file successfully
21:01:34 saveConfig: auto-save-60s
21:01:34 Saving config file
21:01:34 Saved config file successfully
21:01:43 saveConfig: saving-data
21:01:43 Saving pets file
21:01:43 Saved pets file successfully
21:01:43 saveConfig: saving-data
21:01:43 Saving pets file
21:01:43 Saved pets file successfully
21:02:34 saveConfig: auto-save-60s
21:02:34 Saving config file
21:02:34 Saved config file successfully
21:02:34 saveConfig: auto-save-60s
21:02:34 Saving config file
21:02:34 Saved config file successfully
21:03:34 saveConfig: auto-save-60s
21:03:34 Saving config file
21:03:34 Saved config file successfully
21:03:34 saveConfig: auto-save-60s
21:03:34 Saving config file
21:03:34 Saved config file successfully
21:04:34 saveConfig: auto-save-60s
21:04:34 Saving config file
21:04:34 Saved config file successfully
21:04:34 saveConfig: auto-save-60s
21:04:34 Saving config file
21:04:34 Saved config file successfully
21:04:41 saveConfig: saving-data
21:04:41 Saving pets file
21:04:41 Saved pets file successfully
21:04:41 saveConfig: saving-data
21:04:41 Saving pets file
21:04:41 Saved pets file successfully
21:05:34 saveConfig: auto-save-60s
21:05:34 Saving config file
21:05:34 Saved config file successfully
21:05:34 saveConfig: auto-save-60s
21:05:34 Saving config file
21:05:34 Saved config file successfully
21:06:34 saveConfig: auto-save-60s
21:06:34 Saving config file
21:06:34 Saved config file successfully
21:06:34 saveConfig: auto-save-60s
21:06:34 Saving config file
21:06:34 Saved config file successfully
21:07:34 saveConfig: auto-save-60s
21:07:34 Saving config file
21:07:34 Saved config file successfully
21:07:34 saveConfig: auto-save-60s
21:07:34 Saving config file
21:07:34 Saved config file successfully
21:07:55 saveConfig: saving-data
21:07:55 Saving pets file
21:07:55 Saved pets file successfully
21:07:55 saveConfig: saving-data
21:07:55 Saving pets file
21:07:55 Saved pets file successfully
21:08:34 saveConfig: auto-save-60s
21:08:34 Saving config file
21:08:34 Saved config file successfully
21:08:34 saveConfig: auto-save-60s
21:08:34 Saving config file
21:08:34 Saved config file successfully
21:09:34 saveConfig: auto-save-60s
21:09:34 Saving config file
21:09:34 Saved config file successfully
21:09:34 saveConfig: auto-save-60s
21:09:34 Saving config file
21:09:34 Saved config file successfully
21:10:34 saveConfig: auto-save-60s
21:10:34 Saving config file
21:10:34 Saved config file successfully
21:10:34 saveConfig: auto-save-60s
21:10:34 Saving config file
21:10:34 Saved config file successfully
21:11:34 saveConfig: auto-save-60s
21:11:34 Saving config file
21:11:34 Saved config file successfully
21:11:34 saveConfig: auto-save-60s
21:11:34 Saving config file
21:11:34 Saved config file successfully
21:12:34 saveConfig: auto-save-60s
21:12:34 Saving config file
21:12:34 Saved config file successfully
21:12:34 saveConfig: auto-save-60s
21:12:34 Saving config file
21:12:34 Saved config file successfully
21:13:34 saveConfig: auto-save-60s
21:13:34 Saving config file
21:13:34 Saved config file successfully
21:13:34 saveConfig: auto-save-60s
21:13:34 Saving config file
21:13:34 Saved config file successfully
21:14:34 saveConfig: auto-save-60s
21:14:34 Saving config file
21:14:34 Saved config file successfully
21:14:34 saveConfig: auto-save-60s
21:14:34 Saving config file
21:14:34 Saved config file successfully
21:15:34 saveConfig: auto-save-60s
21:15:34 Saving config file
21:15:34 Saved config file successfully
21:15:34 saveConfig: auto-save-60s
21:15:34 Saving config file
21:15:34 Saved config file successfully
21:16:30 saveConfig: saving-data
21:16:30 Saving pets file
21:16:30 Saved pets file successfully
21:16:30 saveConfig: saving-data
21:16:30 Saving pets file
21:16:30 Saved pets file successfully
21:16:34 saveConfig: auto-save-60s
21:16:34 Saving config file
21:16:34 Saved config file successfully
21:16:34 saveConfig: auto-save-60s
21:16:34 Saving config file
21:16:34 Saved config file successfully
21:17:01 saveConfig: saving-data
21:17:01 Saving pets file
21:17:01 Saved pets file successfully
21:17:01 saveConfig: saving-data
21:17:01 Saving pets file
21:17:01 Saved pets file successfully
21:17:34 saveConfig: auto-save-60s
21:17:34 Saving config file
21:17:34 Saved config file successfully
21:17:34 saveConfig: auto-save-60s
21:17:34 Saving config file
21:17:34 Saved config file successfully
21:17:54 saveConfig: Save file
21:17:54 Saving friends file
21:17:54 Saved friends file successfully
21:17:54 saveConfig: Save file
21:17:54 Saving friends file
21:17:54 Saved friends file successfully
21:18:18 saveConfig: saving-data
21:18:18 Saving sacks file
21:18:18 Saved sacks file successfully
21:18:18 saveConfig: saving-data
21:18:18 Saving sacks file
21:18:18 Saved sacks file successfully
21:18:34 saveConfig: auto-save-60s
21:18:34 Saving config file
21:18:34 Saved config file successfully
21:18:34 saveConfig: auto-save-60s
21:18:34 Saving config file
21:18:34 Saved config file successfully
21:19:34 saveConfig: auto-save-60s
21:19:34 Saving config file
21:19:34 Saved config file successfully
21:19:34 saveConfig: auto-save-60s
21:19:34 Saving config file
21:19:34 Saved config file successfully
21:20:34 saveConfig: auto-save-60s
21:20:34 Saving config file
21:20:34 Saved config file successfully
21:20:34 saveConfig: auto-save-60s
21:20:34 Saving config file
21:20:34 Saved config file successfully
21:21:34 saveConfig: auto-save-60s
21:21:34 Saving config file
21:21:34 Saved config file successfully
21:21:34 saveConfig: auto-save-60s
21:21:34 Saving config file
21:21:34 Saved config file successfully
21:22:34 saveConfig: auto-save-60s
21:22:34 Saving config file
21:22:34 Saved config file successfully
21:22:34 saveConfig: auto-save-60s
21:22:34 Saving config file
21:22:34 Saved config file successfully
21:23:34 saveConfig: auto-save-60s
21:23:34 Saving config file
21:23:34 Saved config file successfully
21:23:34 saveConfig: auto-save-60s
21:23:34 Saving config file
21:23:34 Saved config file successfully
21:24:34 saveConfig: auto-save-60s
21:24:34 Saving config file
21:24:34 Saved config file successfully
21:24:34 saveConfig: auto-save-60s
21:24:34 Saving config file
21:24:34 Saved config file successfully
21:25:05 saveConfig: saving-data
21:25:05 Saving pets file
21:25:05 Saved pets file successfully
21:25:05 saveConfig: saving-data
21:25:05 Saving pets file
21:25:05 Saved pets file successfully
21:25:34 saveConfig: auto-save-60s
21:25:34 Saving config file
21:25:34 Saved config file successfully
21:25:34 saveConfig: auto-save-60s
21:25:34 Saving config file
21:25:34 Saved config file successfully
21:26:34 saveConfig: auto-save-60s
21:26:34 Saving config file
21:26:34 Saved config file successfully
21:26:34 saveConfig: auto-save-60s
21:26:34 Saving config file
21:26:34 Saved config file successfully
21:27:34 saveConfig: auto-save-60s
21:27:34 Saving config file
21:27:34 Saved config file successfully
21:27:34 saveConfig: auto-save-60s
21:27:34 Saving config file
21:27:34 Saved config file successfully
21:28:34 saveConfig: auto-save-60s
21:28:34 Saving config file
21:28:34 Saved config file successfully
21:28:34 saveConfig: auto-save-60s
21:28:34 Saving config file
21:28:34 Saved config file successfully
21:29:34 saveConfig: auto-save-60s
21:29:34 Saving config file
21:29:34 Saved config file successfully
21:29:34 saveConfig: auto-save-60s
21:29:34 Saving config file
21:29:34 Saved config file successfully
21:30:34 saveConfig: auto-save-60s
21:30:34 Saving config file
21:30:34 Saved config file successfully
21:30:34 saveConfig: auto-save-60s
21:30:34 Saving config file
21:30:34 Saved config file successfully
21:31:34 saveConfig: auto-save-60s
21:31:34 Saving config file
21:31:34 Saved config file successfully
21:31:34 saveConfig: auto-save-60s
21:31:34 Saving config file
21:31:34 Saved config file successfully
21:32:34 saveConfig: auto-save-60s
21:32:34 Saving config file
21:32:34 Saved config file successfully
21:32:34 saveConfig: auto-save-60s
21:32:34 Saving config file
21:32:34 Saved config file successfully
21:33:34 saveConfig: auto-save-60s
21:33:34 Saving config file
21:33:34 Saved config file successfully
21:33:34 saveConfig: auto-save-60s
21:33:34 Saving config file
21:33:34 Saved config file successfully
21:34:34 saveConfig: auto-save-60s
21:34:34 Saving config file
21:34:34 Saved config file successfully
21:34:34 saveConfig: auto-save-60s
21:34:34 Saving config file
21:34:34 Saved config file successfully
21:35:34 saveConfig: auto-save-60s
21:35:34 Saving config file
21:35:34 Saved config file successfully
21:35:34 saveConfig: auto-save-60s
21:35:34 Saving config file
21:35:34 Saved config file successfully
21:36:34 saveConfig: auto-save-60s
21:36:34 Saving config file
21:36:34 Saved config file successfully
21:36:34 saveConfig: auto-save-60s
21:36:34 Saving config file
21:36:34 Saved config file successfully
21:37:34 saveConfig: auto-save-60s
21:37:34 Saving config file
21:37:34 Saved config file successfully
21:37:34 saveConfig: auto-save-60s
21:37:34 Saving config file
21:37:34 Saved config file successfully
21:38:34 saveConfig: auto-save-60s
21:38:34 Saving config file
21:38:34 Saved config file successfully
21:38:34 saveConfig: auto-save-60s
21:38:34 Saving config file
21:38:34 Saved config file successfully
21:39:34 saveConfig: auto-save-60s
21:39:34 Saving config file
21:39:34 Saved config file successfully
21:39:34 saveConfig: auto-save-60s
21:39:34 Saving config file
21:39:34 Saved config file successfully
21:40:34 saveConfig: auto-save-60s
21:40:34 Saving config file
21:40:34 Saved config file successfully
21:40:34 saveConfig: auto-save-60s
21:40:34 Saving config file
21:40:34 Saved config file successfully
21:41:34 saveConfig: auto-save-60s
21:41:34 Saving config file
21:41:34 Saved config file successfully
21:41:34 saveConfig: auto-save-60s
21:41:34 Saving config file
21:41:34 Saved config file successfully
21:42:34 saveConfig: auto-save-60s
21:42:34 Saving config file
21:42:34 Saved config file successfully
21:42:34 saveConfig: auto-save-60s
21:42:34 Saving config file
21:42:34 Saved config file successfully
21:43:34 saveConfig: auto-save-60s
21:43:34 Saving config file
21:43:34 Saved config file successfully
21:43:34 saveConfig: auto-save-60s
21:43:34 Saving config file
21:43:34 Saved config file successfully
21:44:34 saveConfig: auto-save-60s
21:44:34 Saving config file
21:44:34 Saved config file successfully
21:44:34 saveConfig: auto-save-60s
21:44:34 Saving config file
21:44:34 Saved config file successfully
21:45:34 saveConfig: auto-save-60s
21:45:34 Saving config file
21:45:34 Saved config file successfully
21:45:34 saveConfig: auto-save-60s
21:45:34 Saving config file
21:45:34 Saved config file successfully
21:46:34 saveConfig: auto-save-60s
21:46:34 Saving config file
21:46:34 Saved config file successfully
21:46:34 saveConfig: auto-save-60s
21:46:34 Saving config file
21:46:34 Saved config file successfully
21:47:34 saveConfig: auto-save-60s
21:47:34 Saving config file
21:47:34 Saved config file successfully
21:47:34 saveConfig: auto-save-60s
21:47:34 Saving config file
21:47:34 Saved config file successfully
21:48:34 saveConfig: auto-save-60s
21:48:34 Saving config file
21:48:34 Saved config file successfully
21:48:34 saveConfig: auto-save-60s
21:48:34 Saving config file
21:48:34 Saved config file successfully
21:49:34 saveConfig: auto-save-60s
21:49:34 Saving config file
21:49:34 Saved config file successfully
21:49:34 saveConfig: auto-save-60s
21:49:34 Saving config file
21:49:34 Saved config file successfully
21:50:34 saveConfig: auto-save-60s
21:50:34 Saving config file
21:50:34 Saved config file successfully
21:50:34 saveConfig: auto-save-60s
21:50:34 Saving config file
21:50:34 Saved config file successfully
21:51:34 saveConfig: auto-save-60s
21:51:34 Saving config file
21:51:34 Saved config file successfully
21:51:34 saveConfig: auto-save-60s
21:51:34 Saving config file
21:51:34 Saved config file successfully
21:52:12 saveConfig: saving-data
21:52:12 Saving pets file
21:52:12 Saved pets file successfully
21:52:12 saveConfig: saving-data
21:52:12 Saving pets file
21:52:12 Saved pets file successfully
21:52:34 saveConfig: auto-save-60s
21:52:34 Saving config file
21:52:34 Saved config file successfully
21:52:34 saveConfig: auto-save-60s
21:52:34 Saving config file
21:52:34 Saved config file successfully
21:52:43 saveConfig: saving-data
21:52:43 Saving pets file
21:52:43 Saved pets file successfully
21:52:43 saveConfig: saving-data
21:52:43 Saving pets file
21:52:43 Saved pets file successfully
21:53:13 saveConfig: saving-data
21:53:13 Saving pets file
21:53:13 Saved pets file successfully
21:53:13 saveConfig: saving-data
21:53:13 Saving pets file
21:53:13 Saved pets file successfully
21:53:34 saveConfig: auto-save-60s
21:53:34 Saving config file
21:53:34 Saved config file successfully
21:53:34 saveConfig: auto-save-60s
21:53:34 Saving config file
21:53:34 Saved config file successfully
21:53:44 saveConfig: saving-data
21:53:44 Saving pets file
21:53:44 Saved pets file successfully
21:53:44 saveConfig: saving-data
21:53:44 Saving pets file
21:53:44 Saved pets file successfully
21:54:15 saveConfig: saving-data
21:54:15 Saving pets file
21:54:15 Saved pets file successfully
21:54:15 saveConfig: saving-data
21:54:15 Saving pets file
21:54:15 Saved pets file successfully
21:54:34 saveConfig: auto-save-60s
21:54:34 Saving config file
21:54:34 Saved config file successfully
21:54:34 saveConfig: auto-save-60s
21:54:34 Saving config file
21:54:34 Saved config file successfully
21:55:34 saveConfig: auto-save-60s
21:55:34 Saving config file
21:55:34 Saved config file successfully
21:55:34 saveConfig: auto-save-60s
21:55:34 Saving config file
21:55:34 Saved config file successfully
21:56:34 saveConfig: auto-save-60s
21:56:34 Saving config file
21:56:34 Saved config file successfully
21:56:34 saveConfig: auto-save-60s
21:56:34 Saving config file
21:56:34 Saved config file successfully
21:57:34 saveConfig: auto-save-60s
21:57:34 Saving config file
21:57:34 Saved config file successfully
21:57:34 saveConfig: auto-save-60s
21:57:34 Saving config file
21:57:34 Saved config file successfully
21:58:34 saveConfig: auto-save-60s
21:58:34 Saving config file
21:58:34 Saved config file successfully
21:58:34 saveConfig: auto-save-60s
21:58:34 Saving config file
21:58:34 Saved config file successfully
21:59:34 saveConfig: auto-save-60s
21:59:34 Saving config file
21:59:34 Saved config file successfully
21:59:34 saveConfig: auto-save-60s
21:59:34 Saving config file
21:59:34 Saved config file successfully
22:00:34 saveConfig: auto-save-60s
22:00:34 Saving config file
22:00:34 Saved config file successfully
22:00:34 saveConfig: auto-save-60s
22:00:34 Saving config file
22:00:34 Saved config file successfully
22:01:34 saveConfig: auto-save-60s
22:01:34 Saving config file
22:01:34 Saved config file successfully
22:01:34 saveConfig: auto-save-60s
22:01:34 Saving config file
22:01:34 Saved config file successfully
22:02:34 saveConfig: auto-save-60s
22:02:34 Saving config file
22:02:34 Saved config file successfully
22:02:34 saveConfig: auto-save-60s
22:02:34 Saving config file
22:02:34 Saved config file successfully
22:02:46 saveConfig: saving-data
22:02:46 Saving pets file
22:02:46 Saved pets file successfully
22:02:46 saveConfig: saving-data
22:02:46 Saving pets file
22:02:46 Saved pets file successfully
22:03:34 saveConfig: auto-save-60s
22:03:34 Saving config file
22:03:34 Saved config file successfully
22:03:34 saveConfig: auto-save-60s
22:03:34 Saving config file
22:03:34 Saved config file successfully
22:04:34 saveConfig: auto-save-60s
22:04:34 Saving config file
22:04:34 Saved config file successfully
22:04:34 saveConfig: auto-save-60s
22:04:34 Saving config file
22:04:34 Saved config file successfully
22:05:04 saveConfig: saving-data
22:05:04 Saving pets file
22:05:04 Saved pets file successfully
22:05:04 saveConfig: saving-data
22:05:04 Saving pets file
22:05:04 Saved pets file successfully
22:05:34 saveConfig: auto-save-60s
22:05:34 Saving config file
22:05:34 Saved config file successfully
22:05:34 saveConfig: auto-save-60s
22:05:34 Saving config file
22:05:34 Saved config file successfully
22:05:35 saveConfig: saving-data
22:05:35 Saving pets file
22:05:35 Saved pets file successfully
22:05:35 saveConfig: saving-data
22:05:35 Saving pets file
22:05:35 Saved pets file successfully
22:06:34 saveConfig: auto-save-60s
22:06:34 Saving config file
22:06:34 Saved config file successfully
22:06:34 saveConfig: auto-save-60s
22:06:34 Saving config file
22:06:34 Saved config file successfully
22:07:08 saveConfig: saving-data
22:07:08 Saving pets file
22:07:08 Saved pets file successfully
22:07:08 saveConfig: saving-data
22:07:08 Saving pets file
22:07:08 Saved pets file successfully
22:07:34 saveConfig: auto-save-60s
22:07:34 Saving config file
22:07:34 Saved config file successfully
22:07:34 saveConfig: auto-save-60s
22:07:34 Saving config file
22:07:34 Saved config file successfully
22:07:39 saveConfig: saving-data
22:07:39 Saving pets file
22:07:39 Saved pets file successfully
22:07:39 saveConfig: saving-data
22:07:39 Saving pets file
22:07:39 Saved pets file successfully
22:08:10 saveConfig: saving-data
22:08:10 Saving pets file
22:08:10 Saved pets file successfully
22:08:10 saveConfig: saving-data
22:08:10 Saving pets file
22:08:10 Saved pets file successfully
22:08:34 saveConfig: auto-save-60s
22:08:34 Saving config file
22:08:34 Saved config file successfully
22:08:34 saveConfig: auto-save-60s
22:08:34 Saving config file
22:08:34 Saved config file successfully
22:09:34 saveConfig: auto-save-60s
22:09:34 Saving config file
22:09:34 Saved config file successfully
22:09:34 saveConfig: auto-save-60s
22:09:34 Saving config file
22:09:34 Saved config file successfully
22:10:34 saveConfig: auto-save-60s
22:10:34 Saving config file
22:10:34 Saved config file successfully
22:10:34 saveConfig: auto-save-60s
22:10:34 Saving config file
22:10:34 Saved config file successfully
22:10:38 saveConfig: saving-data
22:10:38 Saving pets file
22:10:38 Saved pets file successfully
22:10:38 saveConfig: saving-data
22:10:38 Saving pets file
22:10:38 Saved pets file successfully
22:11:09 saveConfig: saving-data
22:11:09 Saving pets file
22:11:09 Saved pets file successfully
22:11:09 saveConfig: saving-data
22:11:09 Saving pets file
22:11:09 Saved pets file successfully
22:11:34 saveConfig: auto-save-60s
22:11:34 Saving config file
22:11:34 Saved config file successfully
22:11:34 saveConfig: auto-save-60s
22:11:34 Saving config file
22:11:34 Saved config file successfully
22:12:34 saveConfig: auto-save-60s
22:12:34 Saving config file
22:12:34 Saved config file successfully
22:12:34 saveConfig: auto-save-60s
22:12:34 Saving config file
22:12:34 Saved config file successfully
22:13:34 saveConfig: auto-save-60s
22:13:34 Saving config file
22:13:34 Saved config file successfully
22:13:34 saveConfig: auto-save-60s
22:13:34 Saving config file
22:13:34 Saved config file successfully
22:14:34 saveConfig: auto-save-60s
22:14:34 Saving config file
22:14:34 Saved config file successfully
22:14:34 saveConfig: auto-save-60s
22:14:34 Saving config file
22:14:34 Saved config file successfully
22:15:34 saveConfig: auto-save-60s
22:15:34 Saving config file
22:15:34 Saved config file successfully
22:15:34 saveConfig: auto-save-60s
22:15:34 Saving config file
22:15:34 Saved config file successfully
22:16:34 saveConfig: auto-save-60s
22:16:34 Saving config file
22:16:34 Saved config file successfully
22:16:34 saveConfig: auto-save-60s
22:16:34 Saving config file
22:16:34 Saved config file successfully
22:17:34 saveConfig: auto-save-60s
22:17:34 Saving config file
22:17:34 Saved config file successfully
22:17:34 saveConfig: auto-save-60s
22:17:34 Saving config file
22:17:34 Saved config file successfully
22:18:34 saveConfig: auto-save-60s
22:18:34 Saving config file
22:18:34 Saved config file successfully
22:18:34 saveConfig: auto-save-60s
22:18:34 Saving config file
22:18:34 Saved config file successfully
22:19:34 saveConfig: auto-save-60s
22:19:34 Saving config file
22:19:34 Saved config file successfully
22:19:34 saveConfig: auto-save-60s
22:19:34 Saving config file
22:19:34 Saved config file successfully
22:20:34 saveConfig: auto-save-60s
22:20:34 Saving config file
22:20:34 Saved config file successfully
22:20:34 saveConfig: auto-save-60s
22:20:34 Saving config file
22:20:34 Saved config file successfully
22:21:34 saveConfig: auto-save-60s
22:21:34 Saving config file
22:21:34 Saved config file successfully
22:21:34 saveConfig: auto-save-60s
22:21:34 Saving config file
22:21:34 Saved config file successfully
22:22:34 saveConfig: auto-save-60s
22:22:34 Saving config file
22:22:34 Saved config file successfully
22:22:34 saveConfig: auto-save-60s
22:22:34 Saving config file
22:22:34 Saved config file successfully
22:23:34 saveConfig: auto-save-60s
22:23:34 Saving config file
22:23:34 Saved config file successfully
22:23:34 saveConfig: auto-save-60s
22:23:34 Saving config file
22:23:34 Saved config file successfully
22:24:34 saveConfig: auto-save-60s
22:24:34 Saving config file
22:24:34 Saved config file successfully
22:24:34 saveConfig: auto-save-60s
22:24:34 Saving config file
22:24:34 Saved config file successfully
22:25:34 saveConfig: auto-save-60s
22:25:34 Saving config file
22:25:34 Saved config file successfully
22:25:34 saveConfig: auto-save-60s
22:25:34 Saving config file
22:25:34 Saved config file successfully
22:26:34 saveConfig: auto-save-60s
22:26:34 Saving config file
22:26:34 Saved config file successfully
22:26:34 saveConfig: auto-save-60s
22:26:34 Saving config file
22:26:34 Saved config file successfully
22:27:34 saveConfig: auto-save-60s
22:27:34 Saving config file
22:27:34 Saved config file successfully
22:27:34 saveConfig: auto-save-60s
22:27:34 Saving config file
22:27:34 Saved config file successfully
22:28:34 saveConfig: auto-save-60s
22:28:34 Saving config file
22:28:34 Saved config file successfully
22:28:34 saveConfig: auto-save-60s
22:28:34 Saving config file
22:28:34 Saved config file successfully
22:29:11 saveConfig: shutdown-hook
22:29:11 Saving config file
