01:10:30 Trying to load config from config\skyhanni\config.json
01:10:30 Setting config to be blank as it did not exist. It will be saved once something is written to it
01:10:30 Trying to load sacks from config\skyhanni\sacks.json
01:10:30 Setting sacks to be blank as it did not exist. It will be saved once something is written to it
01:10:30 Trying to load friends from config\skyhanni\friends.json
01:10:30 Setting friends to be blank as it did not exist. It will be saved once something is written to it
01:10:30 Trying to load known_features from config\skyhanni\known_features.json
01:10:30 Setting known_features to be blank as it did not exist. It will be saved once something is written to it
01:10:30 Trying to load jacob_contests from config\skyhanni\jacob_contests.json
01:10:30 Setting jacob_contests to be blank as it did not exist. It will be saved once something is written to it
01:10:30 Trying to load visual_words from config\skyhanni\visual_words.json
01:10:30 Setting visual_words to be blank as it did not exist. It will be saved once something is written to it
01:11:30 saveConfig: auto-save-60s
01:11:30 Saving config file
01:11:30 Saved config file successfully
01:11:30 saveConfig: auto-save-60s
01:11:30 Saving config file
01:11:30 Saved config file successfully
01:12:30 saveConfig: auto-save-60s
01:12:30 Saving config file
01:12:30 Saved config file successfully
01:12:30 saveConfig: auto-save-60s
01:12:30 Saving config file
01:12:30 Saved config file successfully
01:13:30 saveConfig: auto-save-60s
01:13:30 Saving config file
01:13:30 Saved config file successfully
01:13:30 saveConfig: auto-save-60s
01:13:30 Saving config file
01:13:30 Saved config file successfully
01:14:30 saveConfig: auto-save-60s
01:14:30 Saving config file
01:14:30 Saved config file successfully
01:14:30 saveConfig: auto-save-60s
01:14:30 Saving config file
01:14:30 Saved config file successfully
01:15:30 saveConfig: auto-save-60s
01:15:30 Saving config file
01:15:30 Saved config file successfully
01:15:30 saveConfig: auto-save-60s
01:15:30 Saving config file
01:15:30 Saved config file successfully
01:16:30 saveConfig: auto-save-60s
01:16:30 Saving config file
01:16:30 Saved config file successfully
01:16:30 saveConfig: auto-save-60s
01:16:30 Saving config file
01:16:30 Saved config file successfully
01:17:30 saveConfig: auto-save-60s
01:17:30 Saving config file
01:17:30 Saved config file successfully
01:17:30 saveConfig: auto-save-60s
01:17:30 Saving config file
01:17:30 Saved config file successfully
01:18:30 saveConfig: auto-save-60s
01:18:30 Saving config file
01:18:30 Saved config file successfully
01:18:30 saveConfig: auto-save-60s
01:18:30 Saving config file
01:18:30 Saved config file successfully
01:19:30 saveConfig: auto-save-60s
01:19:30 Saving config file
01:19:30 Saved config file successfully
01:19:30 saveConfig: auto-save-60s
01:19:30 Saving config file
01:19:30 Saved config file successfully
01:20:30 saveConfig: auto-save-60s
01:20:30 Saving config file
01:20:30 Saved config file successfully
01:20:30 saveConfig: auto-save-60s
01:20:30 Saving config file
01:20:30 Saved config file successfully
01:21:30 saveConfig: auto-save-60s
01:21:30 Saving config file
01:21:30 Saved config file successfully
01:21:30 saveConfig: auto-save-60s
01:21:30 Saving config file
01:21:30 Saved config file successfully
01:22:30 saveConfig: auto-save-60s
01:22:30 Saving config file
01:22:30 Saved config file successfully
01:22:30 saveConfig: auto-save-60s
01:22:30 Saving config file
01:22:30 Saved config file successfully
01:23:30 saveConfig: auto-save-60s
01:23:30 Saving config file
01:23:30 Saved config file successfully
01:23:30 saveConfig: auto-save-60s
01:23:30 Saving config file
01:23:30 Saved config file successfully
01:24:30 saveConfig: auto-save-60s
01:24:30 Saving config file
01:24:30 Saved config file successfully
01:24:30 saveConfig: auto-save-60s
01:24:30 Saving config file
01:24:30 Saved config file successfully
01:25:30 saveConfig: auto-save-60s
01:25:30 Saving config file
01:25:30 Saved config file successfully
01:25:30 saveConfig: auto-save-60s
01:25:30 Saving config file
01:25:30 Saved config file successfully
01:26:30 saveConfig: auto-save-60s
01:26:30 Saving config file
01:26:30 Saved config file successfully
01:26:30 saveConfig: auto-save-60s
01:26:30 Saving config file
01:26:30 Saved config file successfully
01:27:30 saveConfig: auto-save-60s
01:27:30 Saving config file
01:27:30 Saved config file successfully
01:27:30 saveConfig: auto-save-60s
01:27:30 Saving config file
01:27:30 Saved config file successfully
01:28:30 saveConfig: auto-save-60s
01:28:30 Saving config file
01:28:30 Saved config file successfully
01:28:30 saveConfig: auto-save-60s
01:28:30 Saving config file
01:28:30 Saved config file successfully
01:29:30 saveConfig: auto-save-60s
01:29:30 Saving config file
01:29:30 Saved config file successfully
01:29:30 saveConfig: auto-save-60s
01:29:30 Saving config file
01:29:30 Saved config file successfully
01:30:30 saveConfig: auto-save-60s
01:30:30 Saving config file
01:30:30 Saved config file successfully
01:30:30 saveConfig: auto-save-60s
01:30:30 Saving config file
01:30:30 Saved config file successfully
01:30:41 saveConfig: shutdown-hook
01:30:41 Saving config file
