15:51:25 PRIVATE_ISLAND
15:53:04 NONE
15:53:04 GARDEN
15:53:13 NONE
15:53:15 PRIVATE_ISLAND
15:53:26 GARDEN
16:04:39 NONE
16:04:45 GARDEN
16:05:37 PRIVATE_ISLAND
16:05:50 NONE
16:05:50 GARDEN
16:07:20 NONE
16:07:21 PRIVATE_ISLAND
16:07:35 NONE
16:07:35 GARDEN
16:24:18 NONE
16:24:22 GARDEN
16:39:20 NONE
16:39:24 GARDEN
16:45:37 NONE
16:45:43 GARDEN
16:46:28 NONE
16:46:28 PRIVATE_ISLAND
16:49:04 NONE
16:49:04 DUNGEON_HUB
16:49:08 NONE
16:49:09 HUB
16:49:37 DUNGEON_HUB
16:51:33 NONE
16:51:34 CATACOMBS
18:09:05 GARDEN
18:13:43 NONE
18:13:44 PRIVATE_ISLAND
18:16:20 NONE
18:16:21 DUNGEON_HUB
18:17:24 NONE
18:17:24 CATACOMBS
18:29:36 NONE
18:29:36 DUNGEON_HUB
18:30:58 NONE
18:30:59 CATACOMBS
18:43:52 NONE
18:43:52 DUNGEON_HUB
18:44:53 NONE
18:44:53 CATACOMBS
18:54:27 DUNGEON_HUB
18:55:03 NONE
18:55:04 CATACOMBS
19:05:17 NONE
19:05:18 DUNGEON_HUB
19:09:29 NONE
19:09:29 HUB
19:09:52 NONE
19:09:52 SPIDER_DEN
19:10:13 NONE
19:10:13 CRIMSON_ISLE
19:21:10 NONE
19:21:13 CRIMSON_ISLE
19:22:24 NONE
19:22:27 HUB
19:22:48 SPIDER_DEN
19:23:07 NONE
19:23:08 CRIMSON_ISLE
19:27:09 NONE
19:27:18 CRIMSON_ISLE
19:27:33 NONE
19:27:33 HUB
19:28:00 NONE
19:28:00 SPIDER_DEN
19:28:15 NONE
19:28:16 CRIMSON_ISLE
19:38:07 NONE
19:38:07 HUB
19:38:17 NONE
19:38:17 SPIDER_DEN
19:39:04 SPIDER_DEN
19:39:13 NONE
19:39:14 CRIMSON_ISLE
19:44:32 NONE
19:44:35 CRIMSON_ISLE
