21:24:00 [allowed] §f §r§r§r§f §r§r§r§1 §r§r§r§0 §r§r§r§2 §r§r§r§f §r§r§r§f §r§r§r§2 §r§r§r§0 §r§r§r§4 §r§r§r§3 §r§r§r§9 §r§r§r§2 §r§r§r§0 §r§r§r§0 §r§r§r§3 §r§r§r§9 §r§r§r§2 §r§r§r§0 §r§r§r§0 §r§r§r§3 §r§r§r§9 §r§r§r§2 §r§r§r§0 §r§r§r§0 
21:24:09 [allowed] §aYou have §b24 §aunclaimed leveling rewards!
21:24:09 [allowed] §eClick here to view them!
21:24:09 [allowed] §aYou have §61 §aunclaimed achievement reward!
21:24:09 [allowed] §eClick here to view it!
21:24:23 [allowed] §7Sending to server mini24CB...
21:24:23 [allowed] §8 §r§8 §r§1 §r§3 §r§3 §r§7 §r§8 
21:24:34 [allowed] 
21:24:34 [allowed] §eWelcome to §r§aHypixel SkyBlock§r§e!
21:24:34 [allowed] 
21:24:34 [allowed] §eLatest update: §bSkyBlock v0.23.1 §e§lCLICK
21:24:35 [allowed] §aYou are playing on profile: §ePear§b (Co-op)
21:24:35 [allowed] §8Profile ID: da202b41-03b4-4acb-b131-26b3b789ffbc
21:24:36 [allowed]  
21:24:37 [allowed]  
21:25:16 [allowed] §6[Bazaar] §r§7Executing instant buy...
21:25:16 [allowed] §6[Bazaar] §r§7Bought §r§a16§r§7x §r§aEnchanted Sand §r§7for §r§68,273.6 coins§r§7!
21:25:19 [allowed] §aJax forged §r§9Armorshred Arrow§r§8 x512§r§a!
21:25:22 [allowed]  
21:25:22 [allowed]  
