01:20:51 [STASH_COMPACT] §f               §7You have §313,298 §7materials stashed away!
01:20:51 [STASH_COMPACT] §f              §8(This totals 5 types of materials stashed!)
01:20:51 [STASH_COMPACT] §f                §3§l>>> §3§lCLICK HERE§b to pick them up! §3§l<<<
01:20:51 [STASH_COMPACT]   
01:21:39 [STASH_COMPACT] §f               §7You have §313,298 §7materials stashed away!
01:21:39 [STASH_COMPACT] §f              §8(This totals 5 types of materials stashed!)
01:21:39 [STASH_COMPACT] §f                §3§l>>> §3§lCLICK HERE§b to pick them up! §3§l<<<
01:21:39 [STASH_COMPACT]   
01:22:40 [STASH_COMPACT] §f               §7You have §313,298 §7materials stashed away!
01:22:40 [STASH_COMPACT] §f              §8(This totals 5 types of materials stashed!)
01:22:40 [STASH_COMPACT] §f                §3§l>>> §3§lCLICK HERE§b to pick them up! §3§l<<<
01:22:40 [STASH_COMPACT]   
01:23:40 [STASH_COMPACT] §f               §7You have §313,298 §7materials stashed away!
01:23:40 [STASH_COMPACT] §f              §8(This totals 5 types of materials stashed!)
01:23:40 [STASH_COMPACT] §f                §3§l>>> §3§lCLICK HERE§b to pick them up! §3§l<<<
01:23:40 [STASH_COMPACT]   
01:24:21 [STASH_COMPACT] §f               §7You have §313,298 §7materials stashed away!
01:24:21 [STASH_COMPACT] §f              §8(This totals 5 types of materials stashed!)
01:24:21 [STASH_COMPACT] §f                §3§l>>> §3§lCLICK HERE§b to pick them up! §3§l<<<
01:24:21 [STASH_COMPACT]   
01:24:23 [COMPACT_POTION_EFFECT] §a§lBUFF! §fYou have gained §r§4Regeneration IV§r§f! Press TAB or type /effects to view your active effects!
01:24:23 [COMPACT_POTION_EFFECT] §a§lBUFF! §fYou have gained §r§4Strength V§r§f! Press TAB or type /effects to view your active effects!
01:24:23 [COMPACT_POTION_EFFECT] §a§lBUFF! §fYou have gained §r§4Critical III§r§f! Press TAB or type /effects to view your active effects!
01:24:23 [COMPACT_POTION_EFFECT] §a§lBUFF! §fYou have gained §r§9Speed III§r§f! Press TAB or type /effects to view your active effects!
01:24:23 [COMPACT_POTION_EFFECT] §a§lBUFF! §fYou have gained §r§aResistance V§r§f! Press TAB or type /effects to view your active effects!
01:24:23 [COMPACT_POTION_EFFECT] §a§lBUFF! §fYou have gained §r§bArchery III§r§f! Press TAB or type /effects to view your active effects!
01:25:22 [STASH_COMPACT] §f               §7You have §313,298 §7materials stashed away!
01:25:22 [STASH_COMPACT] §f              §8(This totals 5 types of materials stashed!)
01:25:22 [STASH_COMPACT] §f                §3§l>>> §3§lCLICK HERE§b to pick them up! §3§l<<<
01:25:22 [STASH_COMPACT]   
01:26:23 [STASH_COMPACT] §f               §7You have §313,298 §7materials stashed away!
01:26:23 [STASH_COMPACT] §f              §8(This totals 5 types of materials stashed!)
01:26:23 [STASH_COMPACT] §f                §3§l>>> §3§lCLICK HERE§b to pick them up! §3§l<<<
01:26:23 [STASH_COMPACT]   
01:27:24 [STASH_COMPACT] §f               §7You have §313,298 §7materials stashed away!
01:27:24 [STASH_COMPACT] §f              §8(This totals 5 types of materials stashed!)
01:27:24 [STASH_COMPACT] §f                §3§l>>> §3§lCLICK HERE§b to pick them up! §3§l<<<
01:27:24 [STASH_COMPACT]   
01:28:24 [STASH_COMPACT] §f               §7You have §313,298 §7materials stashed away!
01:28:24 [STASH_COMPACT] §f              §8(This totals 5 types of materials stashed!)
01:28:24 [STASH_COMPACT] §f                §3§l>>> §3§lCLICK HERE§b to pick them up! §3§l<<<
01:28:24 [STASH_COMPACT]   
01:29:25 [STASH_COMPACT] §f               §7You have §313,298 §7materials stashed away!
01:29:25 [STASH_COMPACT] §f              §8(This totals 5 types of materials stashed!)
01:29:25 [STASH_COMPACT] §f                §3§l>>> §3§lCLICK HERE§b to pick them up! §3§l<<<
01:29:25 [STASH_COMPACT]   
01:30:28 [STASH_COMPACT] §f               §7You have §313,298 §7materials stashed away!
01:30:28 [STASH_COMPACT] §f              §8(This totals 5 types of materials stashed!)
01:30:28 [STASH_COMPACT] §f                §3§l>>> §3§lCLICK HERE§b to pick them up! §3§l<<<
01:30:28 [STASH_COMPACT]   
01:31:29 [STASH_COMPACT] §f               §7You have §313,298 §7materials stashed away!
01:31:29 [STASH_COMPACT] §f              §8(This totals 5 types of materials stashed!)
01:31:29 [STASH_COMPACT] §f                §3§l>>> §3§lCLICK HERE§b to pick them up! §3§l<<<
01:31:29 [STASH_COMPACT]   
01:32:29 [STASH_COMPACT] §f               §7You have §313,298 §7materials stashed away!
01:32:29 [STASH_COMPACT] §f              §8(This totals 5 types of materials stashed!)
01:32:29 [STASH_COMPACT] §f                §3§l>>> §3§lCLICK HERE§b to pick them up! §3§l<<<
01:32:29 [STASH_COMPACT]   
01:33:30 [STASH_COMPACT] §f               §7You have §313,298 §7materials stashed away!
01:33:30 [STASH_COMPACT] §f              §8(This totals 5 types of materials stashed!)
01:33:30 [STASH_COMPACT] §f                §3§l>>> §3§lCLICK HERE§b to pick them up! §3§l<<<
01:33:30 [STASH_COMPACT]   
01:34:31 [STASH_COMPACT] §f               §7You have §313,298 §7materials stashed away!
01:34:31 [STASH_COMPACT] §f              §8(This totals 5 types of materials stashed!)
01:34:31 [STASH_COMPACT] §f                §3§l>>> §3§lCLICK HERE§b to pick them up! §3§l<<<
01:34:31 [STASH_COMPACT]   
01:35:31 [STASH_COMPACT] §f               §7You have §313,298 §7materials stashed away!
01:35:31 [STASH_COMPACT] §f              §8(This totals 5 types of materials stashed!)
01:35:31 [STASH_COMPACT] §f                §3§l>>> §3§lCLICK HERE§b to pick them up! §3§l<<<
01:35:31 [STASH_COMPACT]   
01:36:31 [STASH_COMPACT] §f               §7You have §313,298 §7materials stashed away!
01:36:31 [STASH_COMPACT] §f              §8(This totals 5 types of materials stashed!)
01:36:31 [STASH_COMPACT] §f                §3§l>>> §3§lCLICK HERE§b to pick them up! §3§l<<<
01:36:31 [STASH_COMPACT]   
01:37:10 [STASH_COMPACT] §f               §7You have §313,298 §7materials stashed away!
01:37:10 [STASH_COMPACT] §f              §8(This totals 5 types of materials stashed!)
01:37:10 [STASH_COMPACT] §f                §3§l>>> §3§lCLICK HERE§b to pick them up! §3§l<<<
01:37:10 [STASH_COMPACT]   
01:37:54 [STASH_COMPACT] §f               §7You have §313,298 §7materials stashed away!
01:37:54 [STASH_COMPACT] §f              §8(This totals 5 types of materials stashed!)
01:37:54 [STASH_COMPACT] §f                §3§l>>> §3§lCLICK HERE§b to pick them up! §3§l<<<
01:37:54 [STASH_COMPACT]   
01:38:55 [STASH_COMPACT] §f               §7You have §313,298 §7materials stashed away!
01:38:55 [STASH_COMPACT] §f              §8(This totals 5 types of materials stashed!)
01:38:55 [STASH_COMPACT] §f                §3§l>>> §3§lCLICK HERE§b to pick them up! §3§l<<<
01:38:55 [STASH_COMPACT]   
01:39:57 [STASH_COMPACT] §f               §7You have §313,298 §7materials stashed away!
01:39:57 [STASH_COMPACT] §f              §8(This totals 5 types of materials stashed!)
01:39:57 [STASH_COMPACT] §f                §3§l>>> §3§lCLICK HERE§b to pick them up! §3§l<<<
01:39:57 [STASH_COMPACT]   
01:40:59 [STASH_COMPACT] §f               §7You have §313,298 §7materials stashed away!
01:40:59 [STASH_COMPACT] §f              §8(This totals 5 types of materials stashed!)
01:40:59 [STASH_COMPACT] §f                §3§l>>> §3§lCLICK HERE§b to pick them up! §3§l<<<
01:40:59 [STASH_COMPACT]   
01:42:02 [STASH_COMPACT] §f               §7You have §313,298 §7materials stashed away!
01:42:02 [STASH_COMPACT] §f              §8(This totals 5 types of materials stashed!)
01:42:02 [STASH_COMPACT] §f                §3§l>>> §3§lCLICK HERE§b to pick them up! §3§l<<<
01:42:02 [STASH_COMPACT]   
01:43:03 [STASH_COMPACT] §f               §7You have §313,298 §7materials stashed away!
01:43:03 [STASH_COMPACT] §f              §8(This totals 5 types of materials stashed!)
01:43:03 [STASH_COMPACT] §f                §3§l>>> §3§lCLICK HERE§b to pick them up! §3§l<<<
01:43:03 [STASH_COMPACT]   
01:43:14 [BESTIARY] §f                                  §6§lBESTIARY
01:43:14 [BESTIARY] §f                      §b§lCrypt Dreadlord §7§8XIX §8➡§b §bXX
01:43:14 [BESTIARY] 
01:43:14 [BESTIARY] §f                                  §r§6§lREWARDS
01:43:14 [BESTIARY] §f                    §r§8+§r§a5 Crypt Dreadlord §r§b✯ Magic Find
01:43:14 [BESTIARY] §f                    §r§8+§r§a5 Crypt Dreadlord §r§c❁ Strength
01:43:14 [BESTIARY] §f                        §r§8+§r§62% §r§aCrypt Dreadlord §r§7coins
01:43:14 [BESTIARY] §f                    §r§8+§r§a50% §r§7chance for extra XP orbs
01:43:14 [BESTIARY] §f                               §r§8+§r§b1 SkyBlock XP
01:43:14 [BESTIARY] 
01:43:14 [BESTIARY] §3§l▬▬▬▬▬▬▬▬▬▬▬▬▬▬▬▬▬▬▬▬▬▬▬▬▬▬▬▬▬▬▬▬▬▬▬▬▬▬▬▬▬▬▬▬▬▬▬▬▬▬▬▬▬▬▬▬▬▬▬▬▬▬▬▬
01:44:06 [STASH_COMPACT] §f               §7You have §313,298 §7materials stashed away!
01:44:06 [STASH_COMPACT] §f              §8(This totals 5 types of materials stashed!)
01:44:06 [STASH_COMPACT] §f                §3§l>>> §3§lCLICK HERE§b to pick them up! §3§l<<<
01:44:06 [STASH_COMPACT]   
01:45:07 [STASH_COMPACT] §f               §7You have §313,298 §7materials stashed away!
01:45:07 [STASH_COMPACT] §f              §8(This totals 5 types of materials stashed!)
01:45:07 [STASH_COMPACT] §f                §3§l>>> §3§lCLICK HERE§b to pick them up! §3§l<<<
01:45:07 [STASH_COMPACT]   
01:46:07 [STASH_COMPACT] §f               §7You have §313,298 §7materials stashed away!
01:46:07 [STASH_COMPACT] §f              §8(This totals 5 types of materials stashed!)
01:46:07 [STASH_COMPACT] §f                §3§l>>> §3§lCLICK HERE§b to pick them up! §3§l<<<
01:46:07 [STASH_COMPACT]   
01:47:08 [STASH_COMPACT] §f               §7You have §313,298 §7materials stashed away!
01:47:08 [STASH_COMPACT] §f              §8(This totals 5 types of materials stashed!)
01:47:08 [STASH_COMPACT] §f                §3§l>>> §3§lCLICK HERE§b to pick them up! §3§l<<<
01:47:08 [STASH_COMPACT]   
01:48:08 [STASH_COMPACT] §f               §7You have §313,298 §7materials stashed away!
01:48:08 [STASH_COMPACT] §f              §8(This totals 5 types of materials stashed!)
01:48:08 [STASH_COMPACT] §f                §3§l>>> §3§lCLICK HERE§b to pick them up! §3§l<<<
01:48:08 [STASH_COMPACT]   
01:48:53 [COMPACT_POTION_EFFECT] §a§lBUFF! §fYou have gained §r§4Regeneration IV§r§f! Press TAB or type /effects to view your active effects!
01:48:53 [COMPACT_POTION_EFFECT] §a§lBUFF! §fYou have gained §r§4Strength V§r§f! Press TAB or type /effects to view your active effects!
01:48:53 [COMPACT_POTION_EFFECT] §a§lBUFF! §fYou have gained §r§4Critical III§r§f! Press TAB or type /effects to view your active effects!
01:48:53 [COMPACT_POTION_EFFECT] §a§lBUFF! §fYou have gained §r§9Speed III§r§f! Press TAB or type /effects to view your active effects!
01:48:53 [COMPACT_POTION_EFFECT] §a§lBUFF! §fYou have gained §r§aResistance V§r§f! Press TAB or type /effects to view your active effects!
01:48:53 [COMPACT_POTION_EFFECT] §a§lBUFF! §fYou have gained §r§bArchery III§r§f! Press TAB or type /effects to view your active effects!
01:49:09 [STASH_COMPACT] §f               §7You have §313,298 §7materials stashed away!
01:49:09 [STASH_COMPACT] §f              §8(This totals 5 types of materials stashed!)
01:49:09 [STASH_COMPACT] §f                §3§l>>> §3§lCLICK HERE§b to pick them up! §3§l<<<
01:49:09 [STASH_COMPACT]   
01:50:09 [STASH_COMPACT] §f               §7You have §313,298 §7materials stashed away!
01:50:09 [STASH_COMPACT] §f              §8(This totals 5 types of materials stashed!)
01:50:09 [STASH_COMPACT] §f                §3§l>>> §3§lCLICK HERE§b to pick them up! §3§l<<<
01:50:09 [STASH_COMPACT]   
01:51:10 [STASH_COMPACT] §f               §7You have §313,298 §7materials stashed away!
01:51:10 [STASH_COMPACT] §f              §8(This totals 5 types of materials stashed!)
01:51:10 [STASH_COMPACT] §f                §3§l>>> §3§lCLICK HERE§b to pick them up! §3§l<<<
01:51:10 [STASH_COMPACT]   
01:52:10 [STASH_COMPACT] §f               §7You have §313,298 §7materials stashed away!
01:52:10 [STASH_COMPACT] §f              §8(This totals 5 types of materials stashed!)
01:52:10 [STASH_COMPACT] §f                §3§l>>> §3§lCLICK HERE§b to pick them up! §3§l<<<
01:52:10 [STASH_COMPACT]   
01:52:27 [STASH_COMPACT] §f               §7You have §313,298 §7materials stashed away!
01:52:27 [STASH_COMPACT] §f              §8(This totals 5 types of materials stashed!)
01:52:27 [STASH_COMPACT] §f                §3§l>>> §3§lCLICK HERE§b to pick them up! §3§l<<<
01:52:27 [STASH_COMPACT]   
01:53:30 [STASH_COMPACT] §f               §7You have §313,298 §7materials stashed away!
01:53:30 [STASH_COMPACT] §f              §8(This totals 5 types of materials stashed!)
01:53:30 [STASH_COMPACT] §f                §3§l>>> §3§lCLICK HERE§b to pick them up! §3§l<<<
01:53:30 [STASH_COMPACT]   
01:54:33 [STASH_COMPACT] §f               §7You have §313,298 §7materials stashed away!
01:54:33 [STASH_COMPACT] §f              §8(This totals 5 types of materials stashed!)
01:54:33 [STASH_COMPACT] §f                §3§l>>> §3§lCLICK HERE§b to pick them up! §3§l<<<
01:54:33 [STASH_COMPACT]   
01:55:33 [STASH_COMPACT] §f               §7You have §313,298 §7materials stashed away!
01:55:33 [STASH_COMPACT] §f              §8(This totals 5 types of materials stashed!)
01:55:33 [STASH_COMPACT] §f                §3§l>>> §3§lCLICK HERE§b to pick them up! §3§l<<<
01:55:33 [STASH_COMPACT]   
01:56:34 [STASH_COMPACT] §f               §7You have §313,298 §7materials stashed away!
01:56:34 [STASH_COMPACT] §f              §8(This totals 5 types of materials stashed!)
01:56:34 [STASH_COMPACT] §f                §3§l>>> §3§lCLICK HERE§b to pick them up! §3§l<<<
01:56:34 [STASH_COMPACT]   
01:57:37 [STASH_COMPACT] §f               §7You have §313,298 §7materials stashed away!
01:57:37 [STASH_COMPACT] §f              §8(This totals 5 types of materials stashed!)
01:57:37 [STASH_COMPACT] §f                §3§l>>> §3§lCLICK HERE§b to pick them up! §3§l<<<
01:57:37 [STASH_COMPACT]   
01:58:38 [STASH_COMPACT] §f               §7You have §313,298 §7materials stashed away!
01:58:38 [STASH_COMPACT] §f              §8(This totals 5 types of materials stashed!)
01:58:38 [STASH_COMPACT] §f                §3§l>>> §3§lCLICK HERE§b to pick them up! §3§l<<<
01:58:38 [STASH_COMPACT]   
01:59:38 [STASH_COMPACT] §f               §7You have §313,298 §7materials stashed away!
01:59:38 [STASH_COMPACT] §f              §8(This totals 5 types of materials stashed!)
01:59:38 [STASH_COMPACT] §f                §3§l>>> §3§lCLICK HERE§b to pick them up! §3§l<<<
01:59:38 [STASH_COMPACT]   
02:00:42 [STASH_COMPACT] §f               §7You have §313,298 §7materials stashed away!
02:00:42 [STASH_COMPACT] §f              §8(This totals 5 types of materials stashed!)
02:00:42 [STASH_COMPACT] §f                §3§l>>> §3§lCLICK HERE§b to pick them up! §3§l<<<
02:00:42 [STASH_COMPACT]   
02:01:42 [STASH_COMPACT] §f               §7You have §313,298 §7materials stashed away!
02:01:42 [STASH_COMPACT] §f              §8(This totals 5 types of materials stashed!)
02:01:42 [STASH_COMPACT] §f                §3§l>>> §3§lCLICK HERE§b to pick them up! §3§l<<<
02:01:42 [STASH_COMPACT]   
02:02:43 [STASH_COMPACT] §f               §7You have §313,298 §7materials stashed away!
02:02:43 [STASH_COMPACT] §f              §8(This totals 5 types of materials stashed!)
02:02:43 [STASH_COMPACT] §f                §3§l>>> §3§lCLICK HERE§b to pick them up! §3§l<<<
02:02:43 [STASH_COMPACT]   
02:03:43 [STASH_COMPACT] §f               §7You have §313,298 §7materials stashed away!
02:03:43 [STASH_COMPACT] §f              §8(This totals 5 types of materials stashed!)
02:03:43 [STASH_COMPACT] §f                §3§l>>> §3§lCLICK HERE§b to pick them up! §3§l<<<
02:03:43 [STASH_COMPACT]   
02:04:44 [STASH_COMPACT] §f               §7You have §313,298 §7materials stashed away!
02:04:44 [STASH_COMPACT] §f              §8(This totals 5 types of materials stashed!)
02:04:44 [STASH_COMPACT] §f                §3§l>>> §3§lCLICK HERE§b to pick them up! §3§l<<<
02:04:44 [STASH_COMPACT]   
02:05:21 [STASH_COMPACT] §f               §7You have §313,298 §7materials stashed away!
02:05:21 [STASH_COMPACT] §f              §8(This totals 5 types of materials stashed!)
02:05:21 [STASH_COMPACT] §f                §3§l>>> §3§lCLICK HERE§b to pick them up! §3§l<<<
02:05:21 [STASH_COMPACT]   
02:06:22 [STASH_COMPACT] §f               §7You have §313,298 §7materials stashed away!
02:06:22 [STASH_COMPACT] §f              §8(This totals 5 types of materials stashed!)
02:06:22 [STASH_COMPACT] §f                §3§l>>> §3§lCLICK HERE§b to pick them up! §3§l<<<
02:06:22 [STASH_COMPACT]   
02:07:22 [STASH_COMPACT] §f               §7You have §313,298 §7materials stashed away!
02:07:22 [STASH_COMPACT] §f              §8(This totals 5 types of materials stashed!)
02:07:22 [STASH_COMPACT] §f                §3§l>>> §3§lCLICK HERE§b to pick them up! §3§l<<<
02:07:22 [STASH_COMPACT]   
02:08:23 [STASH_COMPACT] §f               §7You have §313,298 §7materials stashed away!
02:08:23 [STASH_COMPACT] §f              §8(This totals 5 types of materials stashed!)
02:08:23 [STASH_COMPACT] §f                §3§l>>> §3§lCLICK HERE§b to pick them up! §3§l<<<
02:08:23 [STASH_COMPACT]   
02:09:26 [STASH_COMPACT] §f               §7You have §313,298 §7materials stashed away!
02:09:26 [STASH_COMPACT] §f              §8(This totals 5 types of materials stashed!)
02:09:26 [STASH_COMPACT] §f                §3§l>>> §3§lCLICK HERE§b to pick them up! §3§l<<<
02:09:26 [STASH_COMPACT]   
02:10:27 [STASH_COMPACT] §f               §7You have §313,298 §7materials stashed away!
02:10:27 [STASH_COMPACT] §f              §8(This totals 5 types of materials stashed!)
02:10:27 [STASH_COMPACT] §f                §3§l>>> §3§lCLICK HERE§b to pick them up! §3§l<<<
02:10:27 [STASH_COMPACT]   
02:11:29 [STASH_COMPACT] §f               §7You have §313,298 §7materials stashed away!
02:11:29 [STASH_COMPACT] §f              §8(This totals 5 types of materials stashed!)
02:11:29 [STASH_COMPACT] §f                §3§l>>> §3§lCLICK HERE§b to pick them up! §3§l<<<
02:11:29 [STASH_COMPACT]   
02:12:29 [STASH_COMPACT] §f               §7You have §313,298 §7materials stashed away!
02:12:29 [STASH_COMPACT] §f              §8(This totals 5 types of materials stashed!)
02:12:29 [STASH_COMPACT] §f                §3§l>>> §3§lCLICK HERE§b to pick them up! §3§l<<<
02:12:29 [STASH_COMPACT]   
02:13:29 [STASH_COMPACT] §f               §7You have §313,298 §7materials stashed away!
02:13:29 [STASH_COMPACT] §f              §8(This totals 5 types of materials stashed!)
02:13:29 [STASH_COMPACT] §f                §3§l>>> §3§lCLICK HERE§b to pick them up! §3§l<<<
02:13:29 [STASH_COMPACT]   
02:14:30 [STASH_COMPACT] §f               §7You have §313,298 §7materials stashed away!
02:14:30 [STASH_COMPACT] §f              §8(This totals 5 types of materials stashed!)
02:14:30 [STASH_COMPACT] §f                §3§l>>> §3§lCLICK HERE§b to pick them up! §3§l<<<
02:14:30 [STASH_COMPACT]   
02:15:30 [STASH_COMPACT] §f               §7You have §313,298 §7materials stashed away!
02:15:30 [STASH_COMPACT] §f              §8(This totals 5 types of materials stashed!)
02:15:30 [STASH_COMPACT] §f                §3§l>>> §3§lCLICK HERE§b to pick them up! §3§l<<<
02:15:30 [STASH_COMPACT]   
02:16:31 [STASH_COMPACT] §f               §7You have §313,298 §7materials stashed away!
02:16:31 [STASH_COMPACT] §f              §8(This totals 5 types of materials stashed!)
02:16:31 [STASH_COMPACT] §f                §3§l>>> §3§lCLICK HERE§b to pick them up! §3§l<<<
02:16:31 [STASH_COMPACT]   
02:20:27 [STASH_COMPACT] §f               §7You have §313,298 §7materials stashed away!
02:20:27 [STASH_COMPACT] §f              §8(This totals 5 types of materials stashed!)
02:20:27 [STASH_COMPACT] §f                §3§l>>> §3§lCLICK HERE§b to pick them up! §3§l<<<
02:20:27 [STASH_COMPACT]   
02:21:48 [STASH_COMPACT] §f               §7You have §313,298 §7materials stashed away!
02:21:48 [STASH_COMPACT] §f              §8(This totals 5 types of materials stashed!)
02:21:48 [STASH_COMPACT] §f                §3§l>>> §3§lCLICK HERE§b to pick them up! §3§l<<<
02:21:48 [STASH_COMPACT]   
02:22:49 [STASH_COMPACT] §f               §7You have §313,298 §7materials stashed away!
02:22:49 [STASH_COMPACT] §f              §8(This totals 5 types of materials stashed!)
02:22:49 [STASH_COMPACT] §f                §3§l>>> §3§lCLICK HERE§b to pick them up! §3§l<<<
02:22:49 [STASH_COMPACT]   
02:23:50 [STASH_COMPACT] §f               §7You have §313,298 §7materials stashed away!
02:23:50 [STASH_COMPACT] §f              §8(This totals 5 types of materials stashed!)
02:23:50 [STASH_COMPACT] §f                §3§l>>> §3§lCLICK HERE§b to pick them up! §3§l<<<
02:23:50 [STASH_COMPACT]   
02:23:59 [COMPACT_POTION_EFFECT] §a§lBUFF! §fYou have gained §r§4Regeneration IV§r§f! Press TAB or type /effects to view your active effects!
02:23:59 [COMPACT_POTION_EFFECT] §a§lBUFF! §fYou have gained §r§4Strength V§r§f! Press TAB or type /effects to view your active effects!
02:23:59 [COMPACT_POTION_EFFECT] §a§lBUFF! §fYou have gained §r§4Critical III§r§f! Press TAB or type /effects to view your active effects!
02:23:59 [COMPACT_POTION_EFFECT] §a§lBUFF! §fYou have gained §r§9Speed III§r§f! Press TAB or type /effects to view your active effects!
02:23:59 [COMPACT_POTION_EFFECT] §a§lBUFF! §fYou have gained §r§aResistance V§r§f! Press TAB or type /effects to view your active effects!
02:23:59 [COMPACT_POTION_EFFECT] §a§lBUFF! §fYou have gained §r§bArchery III§r§f! Press TAB or type /effects to view your active effects!
02:24:58 [STASH_COMPACT] §f               §7You have §313,298 §7materials stashed away!
02:24:58 [STASH_COMPACT] §f              §8(This totals 5 types of materials stashed!)
02:24:58 [STASH_COMPACT] §f                §3§l>>> §3§lCLICK HERE§b to pick them up! §3§l<<<
02:24:58 [STASH_COMPACT]   
02:25:28 [BESTIARY] §f                                  §6§lBESTIARY
02:25:28 [BESTIARY] §f                    §b§lCrypt Souleater §7§8XVII §8➡§b §bXVIII
02:25:28 [BESTIARY] 
02:25:28 [BESTIARY] §f                                  §r§6§lREWARDS
02:25:28 [BESTIARY] §f                    §r§8+§r§a5 Crypt Souleater §r§b✯ Magic Find
02:25:28 [BESTIARY] §f                     §r§8+§r§a5 Crypt Souleater §r§c❁ Strength
02:25:28 [BESTIARY] §f                        §r§8+§r§62% §r§aCrypt Souleater §r§7coins
02:25:28 [BESTIARY] §f                    §r§8+§r§a50% §r§7chance for extra XP orbs
02:25:28 [BESTIARY] §f                               §r§8+§r§b1 SkyBlock XP
02:25:28 [BESTIARY] 
02:25:28 [BESTIARY] §3§l▬▬▬▬▬▬▬▬▬▬▬▬▬▬▬▬▬▬▬▬▬▬▬▬▬▬▬▬▬▬▬▬▬▬▬▬▬▬▬▬▬▬▬▬▬▬▬▬▬▬▬▬▬▬▬▬▬▬▬▬▬▬▬▬
02:26:00 [STASH_COMPACT] §f               §7You have §313,298 §7materials stashed away!
02:26:00 [STASH_COMPACT] §f              §8(This totals 5 types of materials stashed!)
02:26:00 [STASH_COMPACT] §f                §3§l>>> §3§lCLICK HERE§b to pick them up! §3§l<<<
02:26:00 [STASH_COMPACT]   
02:26:44 [BESTIARY] §f                                  §6§lBESTIARY
02:26:44 [BESTIARY] §f                     §b§lSkeleton Master §7§8XVIII §8➡§b §bXIX
02:26:44 [BESTIARY] 
02:26:44 [BESTIARY] §f                                  §r§6§lREWARDS
02:26:44 [BESTIARY] §f                    §r§8+§r§a5 Skeleton Master §r§b✯ Magic Find
02:26:44 [BESTIARY] §f                     §r§8+§r§a5 Skeleton Master §r§c❁ Strength
02:26:44 [BESTIARY] §f                        §r§8+§r§62% §r§aSkeleton Master §r§7coins
02:26:44 [BESTIARY] §f                    §r§8+§r§a50% §r§7chance for extra XP orbs
02:26:44 [BESTIARY] §f                               §r§8+§r§b1 SkyBlock XP
02:26:44 [BESTIARY] 
02:26:44 [BESTIARY] §3§l▬▬▬▬▬▬▬▬▬▬▬▬▬▬▬▬▬▬▬▬▬▬▬▬▬▬▬▬▬▬▬▬▬▬▬▬▬▬▬▬▬▬▬▬▬▬▬▬▬▬▬▬▬▬▬▬▬▬▬▬▬▬▬▬
02:27:01 [STASH_COMPACT] §f               §7You have §313,298 §7materials stashed away!
02:27:01 [STASH_COMPACT] §f              §8(This totals 5 types of materials stashed!)
02:27:01 [STASH_COMPACT] §f                §3§l>>> §3§lCLICK HERE§b to pick them up! §3§l<<<
02:27:01 [STASH_COMPACT]   
02:28:01 [STASH_COMPACT] §f               §7You have §313,298 §7materials stashed away!
02:28:01 [STASH_COMPACT] §f              §8(This totals 5 types of materials stashed!)
02:28:01 [STASH_COMPACT] §f                §3§l>>> §3§lCLICK HERE§b to pick them up! §3§l<<<
02:28:01 [STASH_COMPACT]   
02:29:02 [STASH_COMPACT] §f               §7You have §313,298 §7materials stashed away!
02:29:02 [STASH_COMPACT] §f              §8(This totals 5 types of materials stashed!)
02:29:02 [STASH_COMPACT] §f                §3§l>>> §3§lCLICK HERE§b to pick them up! §3§l<<<
02:29:02 [STASH_COMPACT]   
02:30:02 [STASH_COMPACT] §f               §7You have §313,298 §7materials stashed away!
02:30:02 [STASH_COMPACT] §f              §8(This totals 5 types of materials stashed!)
02:30:02 [STASH_COMPACT] §f                §3§l>>> §3§lCLICK HERE§b to pick them up! §3§l<<<
02:30:02 [STASH_COMPACT]   
02:31:03 [STASH_COMPACT] §f               §7You have §313,298 §7materials stashed away!
02:31:03 [STASH_COMPACT] §f              §8(This totals 5 types of materials stashed!)
02:31:03 [STASH_COMPACT] §f                §3§l>>> §3§lCLICK HERE§b to pick them up! §3§l<<<
02:31:03 [STASH_COMPACT]   
02:32:03 [STASH_COMPACT] §f               §7You have §313,298 §7materials stashed away!
02:32:03 [STASH_COMPACT] §f              §8(This totals 5 types of materials stashed!)
02:32:03 [STASH_COMPACT] §f                §3§l>>> §3§lCLICK HERE§b to pick them up! §3§l<<<
02:32:03 [STASH_COMPACT]   
02:33:06 [STASH_COMPACT] §f               §7You have §313,298 §7materials stashed away!
02:33:06 [STASH_COMPACT] §f              §8(This totals 5 types of materials stashed!)
02:33:06 [STASH_COMPACT] §f                §3§l>>> §3§lCLICK HERE§b to pick them up! §3§l<<<
02:33:06 [STASH_COMPACT]   
02:34:11 [STASH_COMPACT] §f               §7You have §313,298 §7materials stashed away!
02:34:11 [STASH_COMPACT] §f              §8(This totals 5 types of materials stashed!)
02:34:11 [STASH_COMPACT] §f                §3§l>>> §3§lCLICK HERE§b to pick them up! §3§l<<<
02:34:11 [STASH_COMPACT]   
02:35:13 [STASH_COMPACT] §f               §7You have §313,298 §7materials stashed away!
02:35:13 [STASH_COMPACT] §f              §8(This totals 5 types of materials stashed!)
02:35:13 [STASH_COMPACT] §f                §3§l>>> §3§lCLICK HERE§b to pick them up! §3§l<<<
02:35:13 [STASH_COMPACT]   
02:36:21 [STASH_COMPACT] §f               §7You have §313,298 §7materials stashed away!
02:36:21 [STASH_COMPACT] §f              §8(This totals 5 types of materials stashed!)
02:36:21 [STASH_COMPACT] §f                §3§l>>> §3§lCLICK HERE§b to pick them up! §3§l<<<
02:36:21 [STASH_COMPACT]   
02:37:38 [STASH_COMPACT] §f               §7You have §313,298 §7materials stashed away!
02:37:38 [STASH_COMPACT] §f              §8(This totals 5 types of materials stashed!)
02:37:38 [STASH_COMPACT] §f                §3§l>>> §3§lCLICK HERE§b to pick them up! §3§l<<<
02:37:38 [STASH_COMPACT]   
02:38:38 [STASH_COMPACT] §f               §7You have §313,298 §7materials stashed away!
02:38:38 [STASH_COMPACT] §f              §8(This totals 5 types of materials stashed!)
02:38:38 [STASH_COMPACT] §f                §3§l>>> §3§lCLICK HERE§b to pick them up! §3§l<<<
02:38:38 [STASH_COMPACT]   
02:39:39 [STASH_COMPACT] §f               §7You have §313,298 §7materials stashed away!
02:39:39 [STASH_COMPACT] §f              §8(This totals 5 types of materials stashed!)
02:39:39 [STASH_COMPACT] §f                §3§l>>> §3§lCLICK HERE§b to pick them up! §3§l<<<
02:39:39 [STASH_COMPACT]   
02:40:12 [STASH_COMPACT] §f               §7You have §313,298 §7materials stashed away!
02:40:12 [STASH_COMPACT] §f              §8(This totals 5 types of materials stashed!)
02:40:12 [STASH_COMPACT] §f                §3§l>>> §3§lCLICK HERE§b to pick them up! §3§l<<<
02:40:12 [STASH_COMPACT]   
02:41:13 [STASH_COMPACT] §f               §7You have §313,298 §7materials stashed away!
02:41:13 [STASH_COMPACT] §f              §8(This totals 5 types of materials stashed!)
02:41:13 [STASH_COMPACT] §f                §3§l>>> §3§lCLICK HERE§b to pick them up! §3§l<<<
02:41:13 [STASH_COMPACT]   
02:42:15 [STASH_COMPACT] §f               §7You have §313,298 §7materials stashed away!
02:42:15 [STASH_COMPACT] §f              §8(This totals 5 types of materials stashed!)
02:42:15 [STASH_COMPACT] §f                §3§l>>> §3§lCLICK HERE§b to pick them up! §3§l<<<
02:42:15 [STASH_COMPACT]   
02:43:16 [STASH_COMPACT] §f               §7You have §313,298 §7materials stashed away!
02:43:16 [STASH_COMPACT] §f              §8(This totals 5 types of materials stashed!)
02:43:16 [STASH_COMPACT] §f                §3§l>>> §3§lCLICK HERE§b to pick them up! §3§l<<<
02:43:16 [STASH_COMPACT]   
02:44:19 [STASH_COMPACT] §f               §7You have §313,298 §7materials stashed away!
02:44:19 [STASH_COMPACT] §f              §8(This totals 5 types of materials stashed!)
02:44:19 [STASH_COMPACT] §f                §3§l>>> §3§lCLICK HERE§b to pick them up! §3§l<<<
02:44:19 [STASH_COMPACT]   
02:45:19 [STASH_COMPACT] §f               §7You have §313,298 §7materials stashed away!
02:45:19 [STASH_COMPACT] §f              §8(This totals 5 types of materials stashed!)
02:45:19 [STASH_COMPACT] §f                §3§l>>> §3§lCLICK HERE§b to pick them up! §3§l<<<
02:45:19 [STASH_COMPACT]   
02:46:20 [STASH_COMPACT] §f               §7You have §313,298 §7materials stashed away!
02:46:20 [STASH_COMPACT] §f              §8(This totals 5 types of materials stashed!)
02:46:20 [STASH_COMPACT] §f                §3§l>>> §3§lCLICK HERE§b to pick them up! §3§l<<<
02:46:20 [STASH_COMPACT]   
02:47:20 [STASH_COMPACT] §f               §7You have §313,298 §7materials stashed away!
02:47:20 [STASH_COMPACT] §f              §8(This totals 5 types of materials stashed!)
02:47:20 [STASH_COMPACT] §f                §3§l>>> §3§lCLICK HERE§b to pick them up! §3§l<<<
02:47:20 [STASH_COMPACT]   
02:48:21 [STASH_COMPACT] §f               §7You have §313,298 §7materials stashed away!
02:48:21 [STASH_COMPACT] §f              §8(This totals 5 types of materials stashed!)
02:48:21 [STASH_COMPACT] §f                §3§l>>> §3§lCLICK HERE§b to pick them up! §3§l<<<
02:48:21 [STASH_COMPACT]   
02:49:21 [STASH_COMPACT] §f               §7You have §313,298 §7materials stashed away!
02:49:21 [STASH_COMPACT] §f              §8(This totals 5 types of materials stashed!)
02:49:21 [STASH_COMPACT] §f                §3§l>>> §3§lCLICK HERE§b to pick them up! §3§l<<<
02:49:21 [STASH_COMPACT]   
02:50:22 [STASH_COMPACT] §f               §7You have §313,298 §7materials stashed away!
02:50:22 [STASH_COMPACT] §f              §8(This totals 5 types of materials stashed!)
02:50:22 [STASH_COMPACT] §f                §3§l>>> §3§lCLICK HERE§b to pick them up! §3§l<<<
02:50:22 [STASH_COMPACT]   
02:51:22 [STASH_COMPACT] §f               §7You have §313,298 §7materials stashed away!
02:51:22 [STASH_COMPACT] §f              §8(This totals 5 types of materials stashed!)
02:51:22 [STASH_COMPACT] §f                §3§l>>> §3§lCLICK HERE§b to pick them up! §3§l<<<
02:51:22 [STASH_COMPACT]   
02:52:22 [STASH_COMPACT] §f               §7You have §313,298 §7materials stashed away!
02:52:22 [STASH_COMPACT] §f              §8(This totals 5 types of materials stashed!)
02:52:22 [STASH_COMPACT] §f                §3§l>>> §3§lCLICK HERE§b to pick them up! §3§l<<<
02:52:22 [STASH_COMPACT]   
02:53:25 [STASH_COMPACT] §f               §7You have §313,298 §7materials stashed away!
02:53:25 [STASH_COMPACT] §f              §8(This totals 5 types of materials stashed!)
02:53:25 [STASH_COMPACT] §f                §3§l>>> §3§lCLICK HERE§b to pick them up! §3§l<<<
02:53:25 [STASH_COMPACT]   
02:54:25 [STASH_COMPACT] §f               §7You have §313,298 §7materials stashed away!
02:54:25 [STASH_COMPACT] §f              §8(This totals 5 types of materials stashed!)
02:54:25 [STASH_COMPACT] §f                §3§l>>> §3§lCLICK HERE§b to pick them up! §3§l<<<
02:54:25 [STASH_COMPACT]   
02:55:26 [STASH_COMPACT] §f               §7You have §313,298 §7materials stashed away!
02:55:26 [STASH_COMPACT] §f              §8(This totals 5 types of materials stashed!)
02:55:26 [STASH_COMPACT] §f                §3§l>>> §3§lCLICK HERE§b to pick them up! §3§l<<<
02:55:26 [STASH_COMPACT]   
02:56:26 [STASH_COMPACT] §f               §7You have §313,298 §7materials stashed away!
02:56:26 [STASH_COMPACT] §f              §8(This totals 5 types of materials stashed!)
02:56:26 [STASH_COMPACT] §f                §3§l>>> §3§lCLICK HERE§b to pick them up! §3§l<<<
02:56:26 [STASH_COMPACT]   
02:57:27 [STASH_COMPACT] §f               §7You have §313,298 §7materials stashed away!
02:57:27 [STASH_COMPACT] §f              §8(This totals 5 types of materials stashed!)
02:57:27 [STASH_COMPACT] §f                §3§l>>> §3§lCLICK HERE§b to pick them up! §3§l<<<
02:57:27 [STASH_COMPACT]   
02:58:27 [STASH_COMPACT] §f               §7You have §313,298 §7materials stashed away!
02:58:27 [STASH_COMPACT] §f              §8(This totals 5 types of materials stashed!)
02:58:27 [STASH_COMPACT] §f                §3§l>>> §3§lCLICK HERE§b to pick them up! §3§l<<<
02:58:27 [STASH_COMPACT]   
02:59:28 [STASH_COMPACT] §f               §7You have §313,298 §7materials stashed away!
02:59:28 [STASH_COMPACT] §f              §8(This totals 5 types of materials stashed!)
02:59:28 [STASH_COMPACT] §f                §3§l>>> §3§lCLICK HERE§b to pick them up! §3§l<<<
02:59:28 [STASH_COMPACT]   
03:00:28 [STASH_COMPACT] §f               §7You have §313,298 §7materials stashed away!
03:00:28 [STASH_COMPACT] §f              §8(This totals 5 types of materials stashed!)
03:00:28 [STASH_COMPACT] §f                §3§l>>> §3§lCLICK HERE§b to pick them up! §3§l<<<
03:00:28 [STASH_COMPACT]   
03:01:28 [STASH_COMPACT] §f               §7You have §313,298 §7materials stashed away!
03:01:28 [STASH_COMPACT] §f              §8(This totals 5 types of materials stashed!)
03:01:28 [STASH_COMPACT] §f                §3§l>>> §3§lCLICK HERE§b to pick them up! §3§l<<<
03:01:28 [STASH_COMPACT]   
03:02:28 [STASH_COMPACT] §f               §7You have §313,298 §7materials stashed away!
03:02:28 [STASH_COMPACT] §f              §8(This totals 5 types of materials stashed!)
03:02:28 [STASH_COMPACT] §f                §3§l>>> §3§lCLICK HERE§b to pick them up! §3§l<<<
03:02:28 [STASH_COMPACT]   
03:03:28 [STASH_COMPACT] §f               §7You have §313,298 §7materials stashed away!
03:03:28 [STASH_COMPACT] §f              §8(This totals 5 types of materials stashed!)
03:03:28 [STASH_COMPACT] §f                §3§l>>> §3§lCLICK HERE§b to pick them up! §3§l<<<
03:03:28 [STASH_COMPACT]   
03:04:29 [STASH_COMPACT] §f               §7You have §313,298 §7materials stashed away!
03:04:29 [STASH_COMPACT] §f              §8(This totals 5 types of materials stashed!)
03:04:29 [STASH_COMPACT] §f                §3§l>>> §3§lCLICK HERE§b to pick them up! §3§l<<<
03:04:29 [STASH_COMPACT]   
03:05:40 [STASH_COMPACT] §f               §7You have §313,298 §7materials stashed away!
03:05:40 [STASH_COMPACT] §f              §8(This totals 5 types of materials stashed!)
03:05:40 [STASH_COMPACT] §f                §3§l>>> §3§lCLICK HERE§b to pick them up! §3§l<<<
03:05:40 [STASH_COMPACT]   
03:06:40 [STASH_COMPACT] §f               §7You have §313,298 §7materials stashed away!
03:06:40 [STASH_COMPACT] §f              §8(This totals 5 types of materials stashed!)
03:06:40 [STASH_COMPACT] §f                §3§l>>> §3§lCLICK HERE§b to pick them up! §3§l<<<
03:06:40 [STASH_COMPACT]   
03:07:07 [STASH_COMPACT] §f               §7You have §313,298 §7materials stashed away!
03:07:07 [STASH_COMPACT] §f              §8(This totals 5 types of materials stashed!)
03:07:07 [STASH_COMPACT] §f                §3§l>>> §3§lCLICK HERE§b to pick them up! §3§l<<<
03:07:07 [STASH_COMPACT]   
03:07:13 [COMPACT_POTION_EFFECT] §a§lBUFF! §fYou have gained §r§4Regeneration IV§r§f! Press TAB or type /effects to view your active effects!
03:07:13 [COMPACT_POTION_EFFECT] §a§lBUFF! §fYou have gained §r§4Strength V§r§f! Press TAB or type /effects to view your active effects!
03:07:13 [COMPACT_POTION_EFFECT] §a§lBUFF! §fYou have gained §r§4Critical III§r§f! Press TAB or type /effects to view your active effects!
03:07:13 [COMPACT_POTION_EFFECT] §a§lBUFF! §fYou have gained §r§9Speed III§r§f! Press TAB or type /effects to view your active effects!
03:07:13 [COMPACT_POTION_EFFECT] §a§lBUFF! §fYou have gained §r§aResistance V§r§f! Press TAB or type /effects to view your active effects!
03:07:13 [COMPACT_POTION_EFFECT] §a§lBUFF! §fYou have gained §r§bArchery III§r§f! Press TAB or type /effects to view your active effects!
03:08:07 [STASH_COMPACT] §f               §7You have §313,298 §7materials stashed away!
03:08:07 [STASH_COMPACT] §f              §8(This totals 5 types of materials stashed!)
03:08:07 [STASH_COMPACT] §f                §3§l>>> §3§lCLICK HERE§b to pick them up! §3§l<<<
03:08:07 [STASH_COMPACT]   
03:09:07 [STASH_COMPACT] §f               §7You have §313,298 §7materials stashed away!
03:09:07 [STASH_COMPACT] §f              §8(This totals 5 types of materials stashed!)
03:09:07 [STASH_COMPACT] §f                §3§l>>> §3§lCLICK HERE§b to pick them up! §3§l<<<
03:09:07 [STASH_COMPACT]   
03:10:09 [STASH_COMPACT] §f               §7You have §313,298 §7materials stashed away!
03:10:09 [STASH_COMPACT] §f              §8(This totals 5 types of materials stashed!)
03:10:09 [STASH_COMPACT] §f                §3§l>>> §3§lCLICK HERE§b to pick them up! §3§l<<<
03:10:09 [STASH_COMPACT]   
03:11:10 [STASH_COMPACT] §f               §7You have §313,298 §7materials stashed away!
03:11:10 [STASH_COMPACT] §f              §8(This totals 5 types of materials stashed!)
03:11:10 [STASH_COMPACT] §f                §3§l>>> §3§lCLICK HERE§b to pick them up! §3§l<<<
03:11:10 [STASH_COMPACT]   
03:12:12 [STASH_COMPACT] §f               §7You have §313,298 §7materials stashed away!
03:12:12 [STASH_COMPACT] §f              §8(This totals 5 types of materials stashed!)
03:12:12 [STASH_COMPACT] §f                §3§l>>> §3§lCLICK HERE§b to pick them up! §3§l<<<
03:12:12 [STASH_COMPACT]   
03:13:12 [STASH_COMPACT] §f               §7You have §313,298 §7materials stashed away!
03:13:12 [STASH_COMPACT] §f              §8(This totals 5 types of materials stashed!)
03:13:12 [STASH_COMPACT] §f                §3§l>>> §3§lCLICK HERE§b to pick them up! §3§l<<<
03:13:12 [STASH_COMPACT]   
03:14:12 [STASH_COMPACT] §f               §7You have §313,298 §7materials stashed away!
03:14:12 [STASH_COMPACT] §f              §8(This totals 5 types of materials stashed!)
03:14:12 [STASH_COMPACT] §f                §3§l>>> §3§lCLICK HERE§b to pick them up! §3§l<<<
03:14:12 [STASH_COMPACT]   
03:15:13 [STASH_COMPACT] §f               §7You have §313,298 §7materials stashed away!
03:15:13 [STASH_COMPACT] §f              §8(This totals 5 types of materials stashed!)
03:15:13 [STASH_COMPACT] §f                §3§l>>> §3§lCLICK HERE§b to pick them up! §3§l<<<
03:15:13 [STASH_COMPACT]   
03:16:13 [STASH_COMPACT] §f               §7You have §313,298 §7materials stashed away!
03:16:13 [STASH_COMPACT] §f              §8(This totals 5 types of materials stashed!)
03:16:13 [STASH_COMPACT] §f                §3§l>>> §3§lCLICK HERE§b to pick them up! §3§l<<<
03:16:13 [STASH_COMPACT]   
03:17:13 [STASH_COMPACT] §f               §7You have §313,298 §7materials stashed away!
03:17:13 [STASH_COMPACT] §f              §8(This totals 5 types of materials stashed!)
03:17:13 [STASH_COMPACT] §f                §3§l>>> §3§lCLICK HERE§b to pick them up! §3§l<<<
03:17:13 [STASH_COMPACT]   
03:18:06 [STASH_COMPACT] §f               §7You have §313,298 §7materials stashed away!
03:18:06 [STASH_COMPACT] §f              §8(This totals 5 types of materials stashed!)
03:18:06 [STASH_COMPACT] §f                §3§l>>> §3§lCLICK HERE§b to pick them up! §3§l<<<
03:18:06 [STASH_COMPACT]   
03:19:07 [STASH_COMPACT] §f               §7You have §313,298 §7materials stashed away!
03:19:07 [STASH_COMPACT] §f              §8(This totals 5 types of materials stashed!)
03:19:07 [STASH_COMPACT] §f                §3§l>>> §3§lCLICK HERE§b to pick them up! §3§l<<<
03:19:07 [STASH_COMPACT]   
03:19:21 [STASH_COMPACT] §f               §7You have §313,298 §7materials stashed away!
03:19:21 [STASH_COMPACT] §f              §8(This totals 5 types of materials stashed!)
03:19:21 [STASH_COMPACT] §f                §3§l>>> §3§lCLICK HERE§b to pick them up! §3§l<<<
03:19:21 [STASH_COMPACT]   
03:19:32 [COMPACT_POTION_EFFECT] §a§lBUFF! §fYou have gained §r§4Regeneration IV§r§f! Press TAB or type /effects to view your active effects!
03:19:32 [COMPACT_POTION_EFFECT] §a§lBUFF! §fYou have gained §r§4Strength V§r§f! Press TAB or type /effects to view your active effects!
03:19:32 [COMPACT_POTION_EFFECT] §a§lBUFF! §fYou have gained §r§4Critical III§r§f! Press TAB or type /effects to view your active effects!
03:19:32 [COMPACT_POTION_EFFECT] §a§lBUFF! §fYou have gained §r§9Speed III§r§f! Press TAB or type /effects to view your active effects!
03:19:32 [COMPACT_POTION_EFFECT] §a§lBUFF! §fYou have gained §r§aResistance V§r§f! Press TAB or type /effects to view your active effects!
03:19:32 [COMPACT_POTION_EFFECT] §a§lBUFF! §fYou have gained §r§bArchery III§r§f! Press TAB or type /effects to view your active effects!
03:20:22 [STASH_COMPACT] §f               §7You have §313,298 §7materials stashed away!
03:20:22 [STASH_COMPACT] §f              §8(This totals 5 types of materials stashed!)
03:20:22 [STASH_COMPACT] §f                §3§l>>> §3§lCLICK HERE§b to pick them up! §3§l<<<
03:20:22 [STASH_COMPACT]   
03:21:25 [STASH_COMPACT] §f               §7You have §313,298 §7materials stashed away!
03:21:25 [STASH_COMPACT] §f              §8(This totals 5 types of materials stashed!)
03:21:25 [STASH_COMPACT] §f                §3§l>>> §3§lCLICK HERE§b to pick them up! §3§l<<<
03:21:25 [STASH_COMPACT]   
03:22:26 [STASH_COMPACT] §f               §7You have §313,298 §7materials stashed away!
03:22:26 [STASH_COMPACT] §f              §8(This totals 5 types of materials stashed!)
03:22:26 [STASH_COMPACT] §f                §3§l>>> §3§lCLICK HERE§b to pick them up! §3§l<<<
03:22:26 [STASH_COMPACT]   
03:23:27 [STASH_COMPACT] §f               §7You have §313,298 §7materials stashed away!
03:23:27 [STASH_COMPACT] §f              §8(This totals 5 types of materials stashed!)
03:23:27 [STASH_COMPACT] §f                §3§l>>> §3§lCLICK HERE§b to pick them up! §3§l<<<
03:23:27 [STASH_COMPACT]   
03:24:28 [STASH_COMPACT] §f               §7You have §313,298 §7materials stashed away!
03:24:28 [STASH_COMPACT] §f              §8(This totals 5 types of materials stashed!)
03:24:28 [STASH_COMPACT] §f                §3§l>>> §3§lCLICK HERE§b to pick them up! §3§l<<<
03:24:28 [STASH_COMPACT]   
03:25:29 [STASH_COMPACT] §f               §7You have §313,298 §7materials stashed away!
03:25:29 [STASH_COMPACT] §f              §8(This totals 5 types of materials stashed!)
03:25:29 [STASH_COMPACT] §f                §3§l>>> §3§lCLICK HERE§b to pick them up! §3§l<<<
03:25:29 [STASH_COMPACT]   
03:26:29 [STASH_COMPACT] §f               §7You have §313,298 §7materials stashed away!
03:26:29 [STASH_COMPACT] §f              §8(This totals 5 types of materials stashed!)
03:26:29 [STASH_COMPACT] §f                §3§l>>> §3§lCLICK HERE§b to pick them up! §3§l<<<
03:26:29 [STASH_COMPACT]   
03:27:30 [STASH_COMPACT] §f               §7You have §313,298 §7materials stashed away!
03:27:30 [STASH_COMPACT] §f              §8(This totals 5 types of materials stashed!)
03:27:30 [STASH_COMPACT] §f                §3§l>>> §3§lCLICK HERE§b to pick them up! §3§l<<<
03:27:30 [STASH_COMPACT]   
03:28:31 [STASH_COMPACT] §f               §7You have §313,298 §7materials stashed away!
03:28:31 [STASH_COMPACT] §f              §8(This totals 5 types of materials stashed!)
03:28:31 [STASH_COMPACT] §f                §3§l>>> §3§lCLICK HERE§b to pick them up! §3§l<<<
03:28:31 [STASH_COMPACT]   
03:29:31 [STASH_COMPACT] §f               §7You have §313,298 §7materials stashed away!
03:29:31 [STASH_COMPACT] §f              §8(This totals 5 types of materials stashed!)
03:29:31 [STASH_COMPACT] §f                §3§l>>> §3§lCLICK HERE§b to pick them up! §3§l<<<
03:29:31 [STASH_COMPACT]   
03:30:31 [STASH_COMPACT] §f               §7You have §313,298 §7materials stashed away!
03:30:31 [STASH_COMPACT] §f              §8(This totals 5 types of materials stashed!)
03:30:31 [STASH_COMPACT] §f                §3§l>>> §3§lCLICK HERE§b to pick them up! §3§l<<<
03:30:31 [STASH_COMPACT]   
03:31:23 [STASH_COMPACT] §f               §7You have §313,298 §7materials stashed away!
03:31:23 [STASH_COMPACT] §f              §8(This totals 5 types of materials stashed!)
03:31:23 [STASH_COMPACT] §f                §3§l>>> §3§lCLICK HERE§b to pick them up! §3§l<<<
03:31:23 [STASH_COMPACT]   
03:32:24 [STASH_COMPACT] §f               §7You have §313,298 §7materials stashed away!
03:32:24 [STASH_COMPACT] §f              §8(This totals 5 types of materials stashed!)
03:32:24 [STASH_COMPACT] §f                §3§l>>> §3§lCLICK HERE§b to pick them up! §3§l<<<
03:32:24 [STASH_COMPACT]   
03:33:26 [STASH_COMPACT] §f               §7You have §313,298 §7materials stashed away!
03:33:26 [STASH_COMPACT] §f              §8(This totals 5 types of materials stashed!)
03:33:26 [STASH_COMPACT] §f                §3§l>>> §3§lCLICK HERE§b to pick them up! §3§l<<<
03:33:26 [STASH_COMPACT]   
03:33:30 [COMPACT_POTION_EFFECT] §a§lBUFF! §fYou have gained §r§4Regeneration IV§r§f! Press TAB or type /effects to view your active effects!
03:33:30 [COMPACT_POTION_EFFECT] §a§lBUFF! §fYou have gained §r§4Strength V§r§f! Press TAB or type /effects to view your active effects!
03:33:30 [COMPACT_POTION_EFFECT] §a§lBUFF! §fYou have gained §r§4Critical III§r§f! Press TAB or type /effects to view your active effects!
03:33:30 [COMPACT_POTION_EFFECT] §a§lBUFF! §fYou have gained §r§9Speed III§r§f! Press TAB or type /effects to view your active effects!
03:33:30 [COMPACT_POTION_EFFECT] §a§lBUFF! §fYou have gained §r§aResistance V§r§f! Press TAB or type /effects to view your active effects!
03:33:30 [COMPACT_POTION_EFFECT] §a§lBUFF! §fYou have gained §r§bArchery III§r§f! Press TAB or type /effects to view your active effects!
03:34:28 [STASH_COMPACT] §f               §7You have §313,298 §7materials stashed away!
03:34:28 [STASH_COMPACT] §f              §8(This totals 5 types of materials stashed!)
03:34:28 [STASH_COMPACT] §f                §3§l>>> §3§lCLICK HERE§b to pick them up! §3§l<<<
03:34:28 [STASH_COMPACT]   
03:35:29 [STASH_COMPACT] §f               §7You have §313,298 §7materials stashed away!
03:35:29 [STASH_COMPACT] §f              §8(This totals 5 types of materials stashed!)
03:35:29 [STASH_COMPACT] §f                §3§l>>> §3§lCLICK HERE§b to pick them up! §3§l<<<
03:35:29 [STASH_COMPACT]   
03:36:30 [STASH_COMPACT] §f               §7You have §313,298 §7materials stashed away!
03:36:30 [STASH_COMPACT] §f              §8(This totals 5 types of materials stashed!)
03:36:30 [STASH_COMPACT] §f                §3§l>>> §3§lCLICK HERE§b to pick them up! §3§l<<<
03:36:30 [STASH_COMPACT]   
03:37:32 [STASH_COMPACT] §f               §7You have §313,298 §7materials stashed away!
03:37:32 [STASH_COMPACT] §f              §8(This totals 5 types of materials stashed!)
03:37:32 [STASH_COMPACT] §f                §3§l>>> §3§lCLICK HERE§b to pick them up! §3§l<<<
03:37:32 [STASH_COMPACT]   
03:38:32 [STASH_COMPACT] §f               §7You have §313,298 §7materials stashed away!
03:38:32 [STASH_COMPACT] §f              §8(This totals 5 types of materials stashed!)
03:38:32 [STASH_COMPACT] §f                §3§l>>> §3§lCLICK HERE§b to pick them up! §3§l<<<
03:38:32 [STASH_COMPACT]   
03:39:47 [STASH_COMPACT] §f               §7You have §313,298 §7materials stashed away!
03:39:47 [STASH_COMPACT] §f              §8(This totals 5 types of materials stashed!)
03:39:47 [STASH_COMPACT] §f                §3§l>>> §3§lCLICK HERE§b to pick them up! §3§l<<<
03:39:47 [STASH_COMPACT]   
03:40:51 [STASH_COMPACT] §f               §7You have §313,298 §7materials stashed away!
03:40:51 [STASH_COMPACT] §f              §8(This totals 5 types of materials stashed!)
03:40:51 [STASH_COMPACT] §f                §3§l>>> §3§lCLICK HERE§b to pick them up! §3§l<<<
03:40:51 [STASH_COMPACT]   
03:41:52 [STASH_COMPACT] §f               §7You have §313,298 §7materials stashed away!
03:41:52 [STASH_COMPACT] §f              §8(This totals 5 types of materials stashed!)
03:41:52 [STASH_COMPACT] §f                §3§l>>> §3§lCLICK HERE§b to pick them up! §3§l<<<
03:41:52 [STASH_COMPACT]   
03:42:57 [STASH_COMPACT] §f               §7You have §313,298 §7materials stashed away!
03:42:57 [STASH_COMPACT] §f              §8(This totals 5 types of materials stashed!)
03:42:57 [STASH_COMPACT] §f                §3§l>>> §3§lCLICK HERE§b to pick them up! §3§l<<<
03:42:57 [STASH_COMPACT]   
03:43:58 [STASH_COMPACT] §f               §7You have §313,298 §7materials stashed away!
03:43:58 [STASH_COMPACT] §f              §8(This totals 5 types of materials stashed!)
03:43:58 [STASH_COMPACT] §f                §3§l>>> §3§lCLICK HERE§b to pick them up! §3§l<<<
03:43:58 [STASH_COMPACT]   
03:44:59 [STASH_COMPACT] §f               §7You have §313,298 §7materials stashed away!
03:44:59 [STASH_COMPACT] §f              §8(This totals 5 types of materials stashed!)
03:44:59 [STASH_COMPACT] §f                §3§l>>> §3§lCLICK HERE§b to pick them up! §3§l<<<
03:44:59 [STASH_COMPACT]   
03:46:02 [STASH_COMPACT] §f               §7You have §313,298 §7materials stashed away!
03:46:02 [STASH_COMPACT] §f              §8(This totals 5 types of materials stashed!)
03:46:02 [STASH_COMPACT] §f                §3§l>>> §3§lCLICK HERE§b to pick them up! §3§l<<<
03:46:02 [STASH_COMPACT]   
03:46:48 [STASH_COMPACT] §f               §7You have §313,298 §7materials stashed away!
03:46:48 [STASH_COMPACT] §f              §8(This totals 5 types of materials stashed!)
03:46:48 [STASH_COMPACT] §f                §3§l>>> §3§lCLICK HERE§b to pick them up! §3§l<<<
03:46:48 [STASH_COMPACT]   
03:47:12 [STASH_COMPACT] §f               §7You have §313,298 §7materials stashed away!
03:47:12 [STASH_COMPACT] §f              §8(This totals 5 types of materials stashed!)
03:47:12 [STASH_COMPACT] §f                §3§l>>> §3§lCLICK HERE§b to pick them up! §3§l<<<
03:47:12 [STASH_COMPACT]   
03:48:06 [STASH_COMPACT] §f               §7You have §313,298 §7materials stashed away!
03:48:06 [STASH_COMPACT] §f              §8(This totals 5 types of materials stashed!)
03:48:06 [STASH_COMPACT] §f                §3§l>>> §3§lCLICK HERE§b to pick them up! §3§l<<<
03:48:06 [STASH_COMPACT]   
03:48:17 [COMPACT_POTION_EFFECT] §a§lBUFF! §fYou have gained §r§4Regeneration IV§r§f! Press TAB or type /effects to view your active effects!
03:48:17 [COMPACT_POTION_EFFECT] §a§lBUFF! §fYou have gained §r§4Strength V§r§f! Press TAB or type /effects to view your active effects!
03:48:17 [COMPACT_POTION_EFFECT] §a§lBUFF! §fYou have gained §r§4Critical III§r§f! Press TAB or type /effects to view your active effects!
03:48:17 [COMPACT_POTION_EFFECT] §a§lBUFF! §fYou have gained §r§9Speed III§r§f! Press TAB or type /effects to view your active effects!
03:48:17 [COMPACT_POTION_EFFECT] §a§lBUFF! §fYou have gained §r§aResistance V§r§f! Press TAB or type /effects to view your active effects!
03:48:17 [COMPACT_POTION_EFFECT] §a§lBUFF! §fYou have gained §r§bArchery III§r§f! Press TAB or type /effects to view your active effects!
03:49:09 [STASH_COMPACT] §f               §7You have §313,298 §7materials stashed away!
03:49:09 [STASH_COMPACT] §f              §8(This totals 5 types of materials stashed!)
03:49:09 [STASH_COMPACT] §f                §3§l>>> §3§lCLICK HERE§b to pick them up! §3§l<<<
03:49:09 [STASH_COMPACT]   
03:50:09 [STASH_COMPACT] §f               §7You have §313,298 §7materials stashed away!
03:50:09 [STASH_COMPACT] §f              §8(This totals 5 types of materials stashed!)
03:50:09 [STASH_COMPACT] §f                §3§l>>> §3§lCLICK HERE§b to pick them up! §3§l<<<
03:50:09 [STASH_COMPACT]   
03:51:14 [STASH_COMPACT] §f               §7You have §313,298 §7materials stashed away!
03:51:14 [STASH_COMPACT] §f              §8(This totals 5 types of materials stashed!)
03:51:14 [STASH_COMPACT] §f                §3§l>>> §3§lCLICK HERE§b to pick them up! §3§l<<<
03:51:14 [STASH_COMPACT]   
03:52:15 [STASH_COMPACT] §f               §7You have §313,298 §7materials stashed away!
03:52:15 [STASH_COMPACT] §f              §8(This totals 5 types of materials stashed!)
03:52:15 [STASH_COMPACT] §f                §3§l>>> §3§lCLICK HERE§b to pick them up! §3§l<<<
03:52:15 [STASH_COMPACT]   
03:53:15 [STASH_COMPACT] §f               §7You have §313,298 §7materials stashed away!
03:53:15 [STASH_COMPACT] §f              §8(This totals 5 types of materials stashed!)
03:53:15 [STASH_COMPACT] §f                §3§l>>> §3§lCLICK HERE§b to pick them up! §3§l<<<
03:53:15 [STASH_COMPACT]   
03:54:15 [STASH_COMPACT] §f               §7You have §313,298 §7materials stashed away!
03:54:15 [STASH_COMPACT] §f              §8(This totals 5 types of materials stashed!)
03:54:15 [STASH_COMPACT] §f                §3§l>>> §3§lCLICK HERE§b to pick them up! §3§l<<<
03:54:15 [STASH_COMPACT]   
03:55:16 [STASH_COMPACT] §f               §7You have §313,298 §7materials stashed away!
03:55:16 [STASH_COMPACT] §f              §8(This totals 5 types of materials stashed!)
03:55:16 [STASH_COMPACT] §f                §3§l>>> §3§lCLICK HERE§b to pick them up! §3§l<<<
03:55:16 [STASH_COMPACT]   
03:56:16 [STASH_COMPACT] §f               §7You have §313,298 §7materials stashed away!
03:56:16 [STASH_COMPACT] §f              §8(This totals 5 types of materials stashed!)
03:56:16 [STASH_COMPACT] §f                §3§l>>> §3§lCLICK HERE§b to pick them up! §3§l<<<
03:56:16 [STASH_COMPACT]   
03:57:17 [STASH_COMPACT] §f               §7You have §313,298 §7materials stashed away!
03:57:17 [STASH_COMPACT] §f              §8(This totals 5 types of materials stashed!)
03:57:17 [STASH_COMPACT] §f                §3§l>>> §3§lCLICK HERE§b to pick them up! §3§l<<<
03:57:17 [STASH_COMPACT]   
03:58:17 [STASH_COMPACT] §f               §7You have §313,298 §7materials stashed away!
03:58:17 [STASH_COMPACT] §f              §8(This totals 5 types of materials stashed!)
03:58:17 [STASH_COMPACT] §f                §3§l>>> §3§lCLICK HERE§b to pick them up! §3§l<<<
03:58:17 [STASH_COMPACT]   
03:59:59 [STASH_COMPACT] §f               §7You have §313,298 §7materials stashed away!
03:59:59 [STASH_COMPACT] §f              §8(This totals 5 types of materials stashed!)
03:59:59 [STASH_COMPACT] §f                §3§l>>> §3§lCLICK HERE§b to pick them up! §3§l<<<
03:59:59 [STASH_COMPACT]   
04:00:02 [COMPACT_POTION_EFFECT] §a§lBUFF! §fYou have gained §r§4Regeneration IV§r§f! Press TAB or type /effects to view your active effects!
04:00:02 [COMPACT_POTION_EFFECT] §a§lBUFF! §fYou have gained §r§4Strength V§r§f! Press TAB or type /effects to view your active effects!
04:00:02 [COMPACT_POTION_EFFECT] §a§lBUFF! §fYou have gained §r§4Critical III§r§f! Press TAB or type /effects to view your active effects!
04:00:02 [COMPACT_POTION_EFFECT] §a§lBUFF! §fYou have gained §r§9Speed III§r§f! Press TAB or type /effects to view your active effects!
04:00:02 [COMPACT_POTION_EFFECT] §a§lBUFF! §fYou have gained §r§aResistance V§r§f! Press TAB or type /effects to view your active effects!
04:00:02 [COMPACT_POTION_EFFECT] §a§lBUFF! §fYou have gained §r§bArchery III§r§f! Press TAB or type /effects to view your active effects!
04:01:00 [STASH_COMPACT] §f               §7You have §313,298 §7materials stashed away!
04:01:00 [STASH_COMPACT] §f              §8(This totals 5 types of materials stashed!)
04:01:00 [STASH_COMPACT] §f                §3§l>>> §3§lCLICK HERE§b to pick them up! §3§l<<<
04:01:00 [STASH_COMPACT]   
04:02:00 [STASH_COMPACT] §f               §7You have §313,298 §7materials stashed away!
04:02:00 [STASH_COMPACT] §f              §8(This totals 5 types of materials stashed!)
04:02:00 [STASH_COMPACT] §f                §3§l>>> §3§lCLICK HERE§b to pick them up! §3§l<<<
04:02:00 [STASH_COMPACT]   
04:03:01 [STASH_COMPACT] §f               §7You have §313,298 §7materials stashed away!
04:03:01 [STASH_COMPACT] §f              §8(This totals 5 types of materials stashed!)
04:03:01 [STASH_COMPACT] §f                §3§l>>> §3§lCLICK HERE§b to pick them up! §3§l<<<
04:03:01 [STASH_COMPACT]   
04:04:01 [STASH_COMPACT] §f               §7You have §313,298 §7materials stashed away!
04:04:01 [STASH_COMPACT] §f              §8(This totals 5 types of materials stashed!)
04:04:01 [STASH_COMPACT] §f                §3§l>>> §3§lCLICK HERE§b to pick them up! §3§l<<<
04:04:01 [STASH_COMPACT]   
04:05:01 [STASH_COMPACT] §f               §7You have §313,298 §7materials stashed away!
04:05:01 [STASH_COMPACT] §f              §8(This totals 5 types of materials stashed!)
04:05:01 [STASH_COMPACT] §f                §3§l>>> §3§lCLICK HERE§b to pick them up! §3§l<<<
04:05:01 [STASH_COMPACT]   
04:06:02 [STASH_COMPACT] §f               §7You have §313,298 §7materials stashed away!
04:06:02 [STASH_COMPACT] §f              §8(This totals 5 types of materials stashed!)
04:06:02 [STASH_COMPACT] §f                §3§l>>> §3§lCLICK HERE§b to pick them up! §3§l<<<
04:06:02 [STASH_COMPACT]   
04:07:02 [STASH_COMPACT] §f               §7You have §313,298 §7materials stashed away!
04:07:02 [STASH_COMPACT] §f              §8(This totals 5 types of materials stashed!)
04:07:02 [STASH_COMPACT] §f                §3§l>>> §3§lCLICK HERE§b to pick them up! §3§l<<<
04:07:02 [STASH_COMPACT]   
04:08:02 [STASH_COMPACT] §f               §7You have §313,298 §7materials stashed away!
04:08:02 [STASH_COMPACT] §f              §8(This totals 5 types of materials stashed!)
04:08:02 [STASH_COMPACT] §f                §3§l>>> §3§lCLICK HERE§b to pick them up! §3§l<<<
04:08:02 [STASH_COMPACT]   
04:09:02 [STASH_COMPACT] §f               §7You have §313,298 §7materials stashed away!
04:09:02 [STASH_COMPACT] §f              §8(This totals 5 types of materials stashed!)
04:09:02 [STASH_COMPACT] §f                §3§l>>> §3§lCLICK HERE§b to pick them up! §3§l<<<
04:09:02 [STASH_COMPACT]   
04:10:02 [STASH_COMPACT] §f               §7You have §313,298 §7materials stashed away!
04:10:02 [STASH_COMPACT] §f              §8(This totals 5 types of materials stashed!)
04:10:02 [STASH_COMPACT] §f                §3§l>>> §3§lCLICK HERE§b to pick them up! §3§l<<<
04:10:02 [STASH_COMPACT]   
04:11:04 [STASH_COMPACT] §f               §7You have §313,298 §7materials stashed away!
04:11:04 [STASH_COMPACT] §f              §8(This totals 5 types of materials stashed!)
04:11:04 [STASH_COMPACT] §f                §3§l>>> §3§lCLICK HERE§b to pick them up! §3§l<<<
04:11:04 [STASH_COMPACT]   
04:12:06 [STASH_COMPACT] §f               §7You have §313,298 §7materials stashed away!
04:12:06 [STASH_COMPACT] §f              §8(This totals 5 types of materials stashed!)
04:12:06 [STASH_COMPACT] §f                §3§l>>> §3§lCLICK HERE§b to pick them up! §3§l<<<
04:12:06 [STASH_COMPACT]   
04:12:53 [STASH_COMPACT] §f               §7You have §313,298 §7materials stashed away!
04:12:53 [STASH_COMPACT] §f              §8(This totals 5 types of materials stashed!)
04:12:53 [STASH_COMPACT] §f                §3§l>>> §3§lCLICK HERE§b to pick them up! §3§l<<<
04:12:53 [STASH_COMPACT]   
04:13:54 [STASH_COMPACT] §f               §7You have §313,298 §7materials stashed away!
04:13:54 [STASH_COMPACT] §f              §8(This totals 5 types of materials stashed!)
04:13:54 [STASH_COMPACT] §f                §3§l>>> §3§lCLICK HERE§b to pick them up! §3§l<<<
04:13:54 [STASH_COMPACT]   
04:14:55 [STASH_COMPACT] §f               §7You have §313,298 §7materials stashed away!
04:14:55 [STASH_COMPACT] §f              §8(This totals 5 types of materials stashed!)
04:14:55 [STASH_COMPACT] §f                §3§l>>> §3§lCLICK HERE§b to pick them up! §3§l<<<
04:14:55 [STASH_COMPACT]   
04:15:56 [STASH_COMPACT] §f               §7You have §313,298 §7materials stashed away!
04:15:56 [STASH_COMPACT] §f              §8(This totals 5 types of materials stashed!)
04:15:56 [STASH_COMPACT] §f                §3§l>>> §3§lCLICK HERE§b to pick them up! §3§l<<<
04:15:56 [STASH_COMPACT]   
04:16:57 [STASH_COMPACT] §f               §7You have §313,298 §7materials stashed away!
04:16:57 [STASH_COMPACT] §f              §8(This totals 5 types of materials stashed!)
04:16:57 [STASH_COMPACT] §f                §3§l>>> §3§lCLICK HERE§b to pick them up! §3§l<<<
04:16:57 [STASH_COMPACT]   
04:17:57 [STASH_COMPACT] §f               §7You have §313,298 §7materials stashed away!
04:17:57 [STASH_COMPACT] §f              §8(This totals 5 types of materials stashed!)
04:17:57 [STASH_COMPACT] §f                §3§l>>> §3§lCLICK HERE§b to pick them up! §3§l<<<
04:17:57 [STASH_COMPACT]   
04:19:00 [STASH_COMPACT] §f               §7You have §313,298 §7materials stashed away!
04:19:00 [STASH_COMPACT] §f              §8(This totals 5 types of materials stashed!)
04:19:00 [STASH_COMPACT] §f                §3§l>>> §3§lCLICK HERE§b to pick them up! §3§l<<<
04:19:00 [STASH_COMPACT]   
04:20:00 [STASH_COMPACT] §f               §7You have §313,298 §7materials stashed away!
04:20:00 [STASH_COMPACT] §f              §8(This totals 5 types of materials stashed!)
04:20:00 [STASH_COMPACT] §f                §3§l>>> §3§lCLICK HERE§b to pick them up! §3§l<<<
04:20:00 [STASH_COMPACT]   
04:21:01 [STASH_COMPACT] §f               §7You have §313,298 §7materials stashed away!
04:21:01 [STASH_COMPACT] §f              §8(This totals 5 types of materials stashed!)
04:21:01 [STASH_COMPACT] §f                §3§l>>> §3§lCLICK HERE§b to pick them up! §3§l<<<
04:21:01 [STASH_COMPACT]   
04:22:01 [STASH_COMPACT] §f               §7You have §313,298 §7materials stashed away!
04:22:01 [STASH_COMPACT] §f              §8(This totals 5 types of materials stashed!)
04:22:01 [STASH_COMPACT] §f                §3§l>>> §3§lCLICK HERE§b to pick them up! §3§l<<<
04:22:01 [STASH_COMPACT]   
04:23:03 [STASH_COMPACT] §f               §7You have §313,298 §7materials stashed away!
04:23:03 [STASH_COMPACT] §f              §8(This totals 5 types of materials stashed!)
04:23:03 [STASH_COMPACT] §f                §3§l>>> §3§lCLICK HERE§b to pick them up! §3§l<<<
04:23:03 [STASH_COMPACT]   
04:24:03 [STASH_COMPACT] §f               §7You have §313,298 §7materials stashed away!
04:24:03 [STASH_COMPACT] §f              §8(This totals 5 types of materials stashed!)
04:24:03 [STASH_COMPACT] §f                §3§l>>> §3§lCLICK HERE§b to pick them up! §3§l<<<
04:24:03 [STASH_COMPACT]   
04:25:04 [STASH_COMPACT] §f               §7You have §313,298 §7materials stashed away!
04:25:04 [STASH_COMPACT] §f              §8(This totals 5 types of materials stashed!)
04:25:04 [STASH_COMPACT] §f                §3§l>>> §3§lCLICK HERE§b to pick them up! §3§l<<<
04:25:04 [STASH_COMPACT]   
04:26:59 [STASH_COMPACT] §f               §7You have §313,298 §7materials stashed away!
04:26:59 [STASH_COMPACT] §f              §8(This totals 5 types of materials stashed!)
04:26:59 [STASH_COMPACT] §f                §3§l>>> §3§lCLICK HERE§b to pick them up! §3§l<<<
04:26:59 [STASH_COMPACT]   
04:27:05 [STASH_COMPACT] §f               §7You have §313,298 §7materials stashed away!
04:27:05 [STASH_COMPACT] §f              §8(This totals 5 types of materials stashed!)
04:27:05 [STASH_COMPACT] §f                §3§l>>> §3§lCLICK HERE§b to pick them up! §3§l<<<
04:27:05 [STASH_COMPACT]   
04:28:05 [STASH_COMPACT] §f               §7You have §313,298 §7materials stashed away!
04:28:05 [STASH_COMPACT] §f              §8(This totals 5 types of materials stashed!)
04:28:05 [STASH_COMPACT] §f                §3§l>>> §3§lCLICK HERE§b to pick them up! §3§l<<<
04:28:05 [STASH_COMPACT]   
04:29:06 [STASH_COMPACT] §f               §7You have §313,298 §7materials stashed away!
04:29:06 [STASH_COMPACT] §f              §8(This totals 5 types of materials stashed!)
04:29:06 [STASH_COMPACT] §f                §3§l>>> §3§lCLICK HERE§b to pick them up! §3§l<<<
04:29:06 [STASH_COMPACT]   
04:30:08 [STASH_COMPACT] §f               §7You have §313,298 §7materials stashed away!
04:30:08 [STASH_COMPACT] §f              §8(This totals 5 types of materials stashed!)
04:30:08 [STASH_COMPACT] §f                §3§l>>> §3§lCLICK HERE§b to pick them up! §3§l<<<
04:30:08 [STASH_COMPACT]   
04:31:10 [STASH_COMPACT] §f               §7You have §313,298 §7materials stashed away!
04:31:10 [STASH_COMPACT] §f              §8(This totals 5 types of materials stashed!)
04:31:10 [STASH_COMPACT] §f                §3§l>>> §3§lCLICK HERE§b to pick them up! §3§l<<<
04:31:10 [STASH_COMPACT]   
04:32:10 [STASH_COMPACT] §f               §7You have §313,298 §7materials stashed away!
04:32:10 [STASH_COMPACT] §f              §8(This totals 5 types of materials stashed!)
04:32:10 [STASH_COMPACT] §f                §3§l>>> §3§lCLICK HERE§b to pick them up! §3§l<<<
04:32:10 [STASH_COMPACT]   
04:33:10 [STASH_COMPACT] §f               §7You have §313,298 §7materials stashed away!
04:33:10 [STASH_COMPACT] §f              §8(This totals 5 types of materials stashed!)
04:33:10 [STASH_COMPACT] §f                §3§l>>> §3§lCLICK HERE§b to pick them up! §3§l<<<
04:33:10 [STASH_COMPACT]   
04:34:16 [STASH_COMPACT] §f               §7You have §313,298 §7materials stashed away!
04:34:16 [STASH_COMPACT] §f              §8(This totals 5 types of materials stashed!)
04:34:16 [STASH_COMPACT] §f                §3§l>>> §3§lCLICK HERE§b to pick them up! §3§l<<<
04:34:16 [STASH_COMPACT]   
04:35:17 [STASH_COMPACT] §f               §7You have §313,298 §7materials stashed away!
04:35:17 [STASH_COMPACT] §f              §8(This totals 5 types of materials stashed!)
04:35:17 [STASH_COMPACT] §f                §3§l>>> §3§lCLICK HERE§b to pick them up! §3§l<<<
04:35:17 [STASH_COMPACT]   
04:36:22 [STASH_COMPACT] §f               §7You have §313,298 §7materials stashed away!
04:36:22 [STASH_COMPACT] §f              §8(This totals 5 types of materials stashed!)
04:36:22 [STASH_COMPACT] §f                §3§l>>> §3§lCLICK HERE§b to pick them up! §3§l<<<
04:36:22 [STASH_COMPACT]   
04:37:23 [STASH_COMPACT] §f               §7You have §313,298 §7materials stashed away!
04:37:23 [STASH_COMPACT] §f              §8(This totals 5 types of materials stashed!)
04:37:23 [STASH_COMPACT] §f                §3§l>>> §3§lCLICK HERE§b to pick them up! §3§l<<<
04:37:23 [STASH_COMPACT]   
04:39:12 [STASH_COMPACT] §f               §7You have §313,298 §7materials stashed away!
04:39:12 [STASH_COMPACT] §f              §8(This totals 5 types of materials stashed!)
04:39:12 [STASH_COMPACT] §f                §3§l>>> §3§lCLICK HERE§b to pick them up! §3§l<<<
04:39:12 [STASH_COMPACT]   
04:40:12 [STASH_COMPACT] §f               §7You have §313,298 §7materials stashed away!
04:40:12 [STASH_COMPACT] §f              §8(This totals 5 types of materials stashed!)
04:40:12 [STASH_COMPACT] §f                §3§l>>> §3§lCLICK HERE§b to pick them up! §3§l<<<
04:40:12 [STASH_COMPACT]   
04:41:13 [STASH_COMPACT] §f               §7You have §313,298 §7materials stashed away!
04:41:13 [STASH_COMPACT] §f              §8(This totals 5 types of materials stashed!)
04:41:13 [STASH_COMPACT] §f                §3§l>>> §3§lCLICK HERE§b to pick them up! §3§l<<<
04:41:13 [STASH_COMPACT]   
04:42:13 [STASH_COMPACT] §f               §7You have §313,298 §7materials stashed away!
04:42:13 [STASH_COMPACT] §f              §8(This totals 5 types of materials stashed!)
04:42:13 [STASH_COMPACT] §f                §3§l>>> §3§lCLICK HERE§b to pick them up! §3§l<<<
04:42:13 [STASH_COMPACT]   
04:43:14 [STASH_COMPACT] §f               §7You have §313,298 §7materials stashed away!
04:43:14 [STASH_COMPACT] §f              §8(This totals 5 types of materials stashed!)
04:43:14 [STASH_COMPACT] §f                §3§l>>> §3§lCLICK HERE§b to pick them up! §3§l<<<
04:43:14 [STASH_COMPACT]   
04:44:14 [STASH_COMPACT] §f               §7You have §313,298 §7materials stashed away!
04:44:14 [STASH_COMPACT] §f              §8(This totals 5 types of materials stashed!)
04:44:14 [STASH_COMPACT] §f                §3§l>>> §3§lCLICK HERE§b to pick them up! §3§l<<<
04:44:14 [STASH_COMPACT]   
04:45:14 [STASH_COMPACT] §f               §7You have §313,298 §7materials stashed away!
04:45:14 [STASH_COMPACT] §f              §8(This totals 5 types of materials stashed!)
04:45:14 [STASH_COMPACT] §f                §3§l>>> §3§lCLICK HERE§b to pick them up! §3§l<<<
04:45:14 [STASH_COMPACT]   
04:46:15 [STASH_COMPACT] §f               §7You have §313,298 §7materials stashed away!
04:46:15 [STASH_COMPACT] §f              §8(This totals 5 types of materials stashed!)
04:46:15 [STASH_COMPACT] §f                §3§l>>> §3§lCLICK HERE§b to pick them up! §3§l<<<
04:46:15 [STASH_COMPACT]   
04:47:15 [STASH_COMPACT] §f               §7You have §313,298 §7materials stashed away!
04:47:15 [STASH_COMPACT] §f              §8(This totals 5 types of materials stashed!)
04:47:15 [STASH_COMPACT] §f                §3§l>>> §3§lCLICK HERE§b to pick them up! §3§l<<<
04:47:15 [STASH_COMPACT]   
04:48:16 [STASH_COMPACT] §f               §7You have §313,298 §7materials stashed away!
04:48:16 [STASH_COMPACT] §f              §8(This totals 5 types of materials stashed!)
04:48:16 [STASH_COMPACT] §f                §3§l>>> §3§lCLICK HERE§b to pick them up! §3§l<<<
04:48:16 [STASH_COMPACT]   
04:49:16 [STASH_COMPACT] §f               §7You have §313,298 §7materials stashed away!
04:49:16 [STASH_COMPACT] §f              §8(This totals 5 types of materials stashed!)
04:49:16 [STASH_COMPACT] §f                §3§l>>> §3§lCLICK HERE§b to pick them up! §3§l<<<
04:49:16 [STASH_COMPACT]   
04:50:18 [STASH_COMPACT] §f               §7You have §313,298 §7materials stashed away!
04:50:18 [STASH_COMPACT] §f              §8(This totals 5 types of materials stashed!)
04:50:18 [STASH_COMPACT] §f                §3§l>>> §3§lCLICK HERE§b to pick them up! §3§l<<<
04:50:18 [STASH_COMPACT]   
04:51:18 [STASH_COMPACT] §f               §7You have §313,298 §7materials stashed away!
04:51:18 [STASH_COMPACT] §f              §8(This totals 5 types of materials stashed!)
04:51:18 [STASH_COMPACT] §f                §3§l>>> §3§lCLICK HERE§b to pick them up! §3§l<<<
04:51:18 [STASH_COMPACT]   
04:52:20 [STASH_COMPACT] §f               §7You have §313,298 §7materials stashed away!
04:52:20 [STASH_COMPACT] §f              §8(This totals 5 types of materials stashed!)
04:52:20 [STASH_COMPACT] §f                §3§l>>> §3§lCLICK HERE§b to pick them up! §3§l<<<
04:52:20 [STASH_COMPACT]   
04:52:38 [STASH_COMPACT] §f               §7You have §313,298 §7materials stashed away!
04:52:38 [STASH_COMPACT] §f              §8(This totals 5 types of materials stashed!)
04:52:38 [STASH_COMPACT] §f                §3§l>>> §3§lCLICK HERE§b to pick them up! §3§l<<<
04:52:38 [STASH_COMPACT]   
04:53:38 [STASH_COMPACT] §f               §7You have §313,298 §7materials stashed away!
04:53:38 [STASH_COMPACT] §f              §8(This totals 5 types of materials stashed!)
04:53:38 [STASH_COMPACT] §f                §3§l>>> §3§lCLICK HERE§b to pick them up! §3§l<<<
04:53:38 [STASH_COMPACT]   
04:54:38 [STASH_COMPACT] §f               §7You have §313,298 §7materials stashed away!
04:54:38 [STASH_COMPACT] §f              §8(This totals 5 types of materials stashed!)
04:54:38 [STASH_COMPACT] §f                §3§l>>> §3§lCLICK HERE§b to pick them up! §3§l<<<
04:54:38 [STASH_COMPACT]   
04:55:39 [STASH_COMPACT] §f               §7You have §313,298 §7materials stashed away!
04:55:39 [STASH_COMPACT] §f              §8(This totals 5 types of materials stashed!)
04:55:39 [STASH_COMPACT] §f                §3§l>>> §3§lCLICK HERE§b to pick them up! §3§l<<<
04:55:39 [STASH_COMPACT]   
04:56:39 [STASH_COMPACT] §f               §7You have §313,298 §7materials stashed away!
04:56:39 [STASH_COMPACT] §f              §8(This totals 5 types of materials stashed!)
04:56:39 [STASH_COMPACT] §f                §3§l>>> §3§lCLICK HERE§b to pick them up! §3§l<<<
04:56:39 [STASH_COMPACT]   
04:56:46 [STASH_COMPACT] §f               §7You have §313,298 §7materials stashed away!
04:56:46 [STASH_COMPACT] §f              §8(This totals 5 types of materials stashed!)
04:56:46 [STASH_COMPACT] §f                §3§l>>> §3§lCLICK HERE§b to pick them up! §3§l<<<
04:56:46 [STASH_COMPACT]   
04:57:47 [STASH_COMPACT] §f               §7You have §313,298 §7materials stashed away!
04:57:47 [STASH_COMPACT] §f              §8(This totals 5 types of materials stashed!)
04:57:47 [STASH_COMPACT] §f                §3§l>>> §3§lCLICK HERE§b to pick them up! §3§l<<<
04:57:47 [STASH_COMPACT]   
04:58:47 [STASH_COMPACT] §f               §7You have §313,298 §7materials stashed away!
04:58:47 [STASH_COMPACT] §f              §8(This totals 5 types of materials stashed!)
04:58:47 [STASH_COMPACT] §f                §3§l>>> §3§lCLICK HERE§b to pick them up! §3§l<<<
04:58:47 [STASH_COMPACT]   
04:59:50 [STASH_COMPACT] §f               §7You have §313,298 §7materials stashed away!
04:59:50 [STASH_COMPACT] §f              §8(This totals 5 types of materials stashed!)
04:59:50 [STASH_COMPACT] §f                §3§l>>> §3§lCLICK HERE§b to pick them up! §3§l<<<
04:59:50 [STASH_COMPACT]   
05:00:49 [STASH_COMPACT] §f               §7You have §313,298 §7materials stashed away!
05:00:49 [STASH_COMPACT] §f              §8(This totals 5 types of materials stashed!)
05:00:49 [STASH_COMPACT] §f                §3§l>>> §3§lCLICK HERE§b to pick them up! §3§l<<<
05:00:49 [STASH_COMPACT]   
05:01:50 [STASH_COMPACT] §f               §7You have §313,298 §7materials stashed away!
05:01:50 [STASH_COMPACT] §f              §8(This totals 5 types of materials stashed!)
05:01:50 [STASH_COMPACT] §f                §3§l>>> §3§lCLICK HERE§b to pick them up! §3§l<<<
05:01:50 [STASH_COMPACT]   
05:02:50 [STASH_COMPACT] §f               §7You have §313,298 §7materials stashed away!
05:02:50 [STASH_COMPACT] §f              §8(This totals 5 types of materials stashed!)
05:02:50 [STASH_COMPACT] §f                §3§l>>> §3§lCLICK HERE§b to pick them up! §3§l<<<
05:02:50 [STASH_COMPACT]   
05:03:51 [STASH_COMPACT] §f               §7You have §313,298 §7materials stashed away!
05:03:51 [STASH_COMPACT] §f              §8(This totals 5 types of materials stashed!)
05:03:51 [STASH_COMPACT] §f                §3§l>>> §3§lCLICK HERE§b to pick them up! §3§l<<<
05:03:51 [STASH_COMPACT]   
05:04:51 [STASH_COMPACT] §f               §7You have §313,298 §7materials stashed away!
05:04:51 [STASH_COMPACT] §f              §8(This totals 5 types of materials stashed!)
05:04:51 [STASH_COMPACT] §f                §3§l>>> §3§lCLICK HERE§b to pick them up! §3§l<<<
05:04:51 [STASH_COMPACT]   
05:05:20 [BESTIARY] §f                                  §6§lBESTIARY
05:05:20 [BESTIARY] §f                      §b§lWither Guard §7§8XXIII §8➡§b §bXXIV
05:05:20 [BESTIARY] 
05:05:20 [BESTIARY] §f                                  §r§6§lREWARDS
05:05:20 [BESTIARY] §f                      §r§8+§r§a6 Wither Guard §r§b✯ Magic Find
05:05:20 [BESTIARY] §f                       §r§8+§r§a6 Wither Guard §r§c❁ Strength
05:05:20 [BESTIARY] §f                          §r§8+§r§62% §r§aWither Guard §r§7coins
05:05:20 [BESTIARY] §f                    §r§8+§r§a50% §r§7chance for extra XP orbs
05:05:20 [BESTIARY] §f                               §r§8+§r§b1 SkyBlock XP
05:05:20 [BESTIARY] 
05:05:20 [BESTIARY] §3§l▬▬▬▬▬▬▬▬▬▬▬▬▬▬▬▬▬▬▬▬▬▬▬▬▬▬▬▬▬▬▬▬▬▬▬▬▬▬▬▬▬▬▬▬▬▬▬▬▬▬▬▬▬▬▬▬▬▬▬▬▬▬▬▬
05:05:52 [STASH_COMPACT] §f               §7You have §313,298 §7materials stashed away!
05:05:52 [STASH_COMPACT] §f              §8(This totals 5 types of materials stashed!)
05:05:52 [STASH_COMPACT] §f                §3§l>>> §3§lCLICK HERE§b to pick them up! §3§l<<<
05:05:52 [STASH_COMPACT]   
05:06:52 [STASH_COMPACT] §f               §7You have §313,298 §7materials stashed away!
05:06:52 [STASH_COMPACT] §f              §8(This totals 5 types of materials stashed!)
05:06:52 [STASH_COMPACT] §f                §3§l>>> §3§lCLICK HERE§b to pick them up! §3§l<<<
05:06:52 [STASH_COMPACT]   
05:09:58 [STASH_COMPACT] §f               §7You have §313,298 §7materials stashed away!
05:09:58 [STASH_COMPACT] §f              §8(This totals 5 types of materials stashed!)
05:09:58 [STASH_COMPACT] §f                §3§l>>> §3§lCLICK HERE§b to pick them up! §3§l<<<
05:09:58 [STASH_COMPACT]   
05:10:59 [STASH_COMPACT] §f               §7You have §313,298 §7materials stashed away!
05:10:59 [STASH_COMPACT] §f              §8(This totals 5 types of materials stashed!)
05:10:59 [STASH_COMPACT] §f                §3§l>>> §3§lCLICK HERE§b to pick them up! §3§l<<<
05:10:59 [STASH_COMPACT]   
05:11:36 [STASH_COMPACT] §f               §7You have §313,298 §7materials stashed away!
05:11:36 [STASH_COMPACT] §f              §8(This totals 5 types of materials stashed!)
05:11:36 [STASH_COMPACT] §f                §3§l>>> §3§lCLICK HERE§b to pick them up! §3§l<<<
05:11:36 [STASH_COMPACT]   
05:12:37 [STASH_COMPACT] §f               §7You have §313,298 §7materials stashed away!
05:12:37 [STASH_COMPACT] §f              §8(This totals 5 types of materials stashed!)
05:12:37 [STASH_COMPACT] §f                §3§l>>> §3§lCLICK HERE§b to pick them up! §3§l<<<
05:12:37 [STASH_COMPACT]   
05:13:38 [STASH_COMPACT] §f               §7You have §313,298 §7materials stashed away!
05:13:38 [STASH_COMPACT] §f              §8(This totals 5 types of materials stashed!)
05:13:38 [STASH_COMPACT] §f                §3§l>>> §3§lCLICK HERE§b to pick them up! §3§l<<<
05:13:38 [STASH_COMPACT]   
05:14:39 [STASH_COMPACT] §f               §7You have §313,298 §7materials stashed away!
05:14:39 [STASH_COMPACT] §f              §8(This totals 5 types of materials stashed!)
05:14:39 [STASH_COMPACT] §f                §3§l>>> §3§lCLICK HERE§b to pick them up! §3§l<<<
05:14:39 [STASH_COMPACT]   
05:15:40 [STASH_COMPACT] §f               §7You have §313,298 §7materials stashed away!
05:15:40 [STASH_COMPACT] §f              §8(This totals 5 types of materials stashed!)
05:15:40 [STASH_COMPACT] §f                §3§l>>> §3§lCLICK HERE§b to pick them up! §3§l<<<
05:15:40 [STASH_COMPACT]   
05:16:41 [STASH_COMPACT] §f               §7You have §313,298 §7materials stashed away!
05:16:41 [STASH_COMPACT] §f              §8(This totals 5 types of materials stashed!)
05:16:41 [STASH_COMPACT] §f                §3§l>>> §3§lCLICK HERE§b to pick them up! §3§l<<<
05:16:41 [STASH_COMPACT]   
05:17:41 [STASH_COMPACT] §f               §7You have §313,298 §7materials stashed away!
05:17:41 [STASH_COMPACT] §f              §8(This totals 5 types of materials stashed!)
05:17:41 [STASH_COMPACT] §f                §3§l>>> §3§lCLICK HERE§b to pick them up! §3§l<<<
05:17:41 [STASH_COMPACT]   
05:18:42 [STASH_COMPACT] §f               §7You have §313,298 §7materials stashed away!
05:18:42 [STASH_COMPACT] §f              §8(This totals 5 types of materials stashed!)
05:18:42 [STASH_COMPACT] §f                §3§l>>> §3§lCLICK HERE§b to pick them up! §3§l<<<
05:18:42 [STASH_COMPACT]   
