01:19:49 §e[SkyHanni] Reloaded 7558 items in the NEU repo§r
01:20:32 §e[SkyHanni] You have gained §b275 §eBits.§r
01:20:51 §e[SkyHanni] §bYou have §313k §bmaterials in stash, §btotalling §35 types§b. §bClick to §3pickup §byour stash!§r
01:21:39 §e[SkyHanni] §bYou have §313k §bmaterials in stash, §btotalling §35 types§b. §bClick to §3pickup §byour stash!§r
01:24:21 §e[SkyHanni] §bYou have §313k §bmaterials in stash, §btotalling §35 types§b. §bClick to §3pickup §byour stash!§r
01:24:23 §a§lPotion Effect! §r§4Regeneration IV§r
01:24:23 §a§lPotion Effect! §r§4Strength V§r
01:24:23 §a§lPotion Effect! §r§4Critical III§r
01:24:23 §a§lPotion Effect! §r§9Speed III§r
01:24:23 §a§lPotion Effect! §r§aResistance V§r
01:24:23 §a§lPotion Effect! §r§bArchery III§r
01:36:41 §e[SkyHanni] You are close to the Croesus Limit. Please open your chests!§r
01:37:06 §e[SkyHanni] You have gained §b28 §eBits.§r
01:37:10 §e[SkyHanni] §bYou have §313k §bmaterials in stash, §btotalling §35 types§b. §bClick to §3pickup §byour stash!§r
01:37:54 §e[SkyHanni] §bYou have §313k §bmaterials in stash, §btotalling §35 types§b. §bClick to §3pickup §byour stash!§r
01:43:14 §6§lBESTIARY §r§b§lCrypt Dreadlord §7§8XIX §8➡§b §bXX§r
01:48:53 §a§lPotion Effect! §r§4Regeneration IV§r
01:48:53 §a§lPotion Effect! §r§4Strength V§r
01:48:53 §a§lPotion Effect! §r§4Critical III§r
01:48:53 §a§lPotion Effect! §r§9Speed III§r
01:48:53 §a§lPotion Effect! §r§aResistance V§r
01:48:53 §a§lPotion Effect! §r§bArchery III§r
01:51:33 §e[SkyHanni] You are close to the Croesus Limit. Please open your chests!§r
01:52:02 §e[SkyHanni] You have gained §b303 §eBits.§r
01:52:10 §e[SkyHanni] §bYou have §313k §bmaterials in stash, §btotalling §35 types§b. §bClick to §3pickup §byour stash!§r
01:52:27 §e[SkyHanni] §bYou have §313k §bmaterials in stash, §btotalling §35 types§b. §bClick to §3pickup §byour stash!§r
02:04:41 §e[SkyHanni] You are close to the Croesus Limit. Please open your chests!§r
02:05:11 §e[SkyHanni] You have gained §b28 §eBits.§r
02:05:21 §e[SkyHanni] §bYou have §313k §bmaterials in stash, §btotalling §35 types§b. §bClick to §3pickup §byour stash!§r
02:09:26 §e[SkyHanni] §bYou have §313k §bmaterials in stash, §btotalling §35 types§b. §bClick to §3pickup §byour stash!§r
02:20:12 §e[SkyHanni] You are close to the Croesus Limit. Please open your chests!§r
02:20:27 §e[SkyHanni] §bYou have §313k §bmaterials in stash, §btotalling §35 types§b. §bClick to §3pickup §byour stash!§r
02:21:28 §e[SkyHanni] You have gained §b275 §eBits.§r
02:21:48 §e[SkyHanni] §bYou have §313k §bmaterials in stash, §btotalling §35 types§b. §bClick to §3pickup §byour stash!§r
02:23:50 §e[SkyHanni] §bYou have §313k §bmaterials in stash, §btotalling §35 types§b. §bClick to §3pickup §byour stash!§r
02:23:59 §a§lPotion Effect! §r§4Regeneration IV§r
02:23:59 §a§lPotion Effect! §r§4Strength V§r
02:23:59 §a§lPotion Effect! §r§4Critical III§r
02:23:59 §a§lPotion Effect! §r§9Speed III§r
02:23:59 §a§lPotion Effect! §r§aResistance V§r
02:23:59 §a§lPotion Effect! §r§bArchery III§r
02:25:28 §6§lBESTIARY §r§b§lCrypt Souleater §7§8XVII §8➡§b §bXVIII§r
02:26:44 §6§lBESTIARY §r§b§lSkeleton Master §7§8XVIII §8➡§b §bXIX§r
02:36:35 §e[SkyHanni] You are close to the Croesus Limit. Please open your chests!§r
02:37:38 §e[SkyHanni] §bYou have §313k §bmaterials in stash, §btotalling §35 types§b. §bClick to §3pickup §byour stash!§r
02:40:12 §e[SkyHanni] §bYou have §313k §bmaterials in stash, §btotalling §35 types§b. §bClick to §3pickup §byour stash!§r
03:04:57 §e[SkyHanni] You are close to the Croesus Limit. Please open your chests!§r
03:05:40 §e[SkyHanni] §bYou have §313k §bmaterials in stash, §btotalling §35 types§b. §bClick to §3pickup §byour stash!§r
03:07:07 §e[SkyHanni] §bYou have §313k §bmaterials in stash, §btotalling §35 types§b. §bClick to §3pickup §byour stash!§r
03:07:13 §a§lPotion Effect! §r§4Regeneration IV§r
03:07:13 §a§lPotion Effect! §r§4Strength V§r
03:07:13 §a§lPotion Effect! §r§4Critical III§r
03:07:13 §a§lPotion Effect! §r§9Speed III§r
03:07:13 §a§lPotion Effect! §r§aResistance V§r
03:07:13 §a§lPotion Effect! §r§bArchery III§r
03:18:00 §e[SkyHanni] You are close to the Croesus Limit. Please open your chests!§r
03:18:06 §e[SkyHanni] §bYou have §313k §bmaterials in stash, §btotalling §35 types§b. §bClick to §3pickup §byour stash!§r
03:19:07 §e[SkyHanni] §bYou have §313k §bmaterials in stash, §btotalling §35 types§b. §bClick to §3pickup §byour stash!§r
03:19:21 §e[SkyHanni] §bYou have §313k §bmaterials in stash, §btotalling §35 types§b. §bClick to §3pickup §byour stash!§r
03:19:32 §a§lPotion Effect! §r§4Regeneration IV§r
03:19:32 §a§lPotion Effect! §r§4Strength V§r
03:19:32 §a§lPotion Effect! §r§4Critical III§r
03:19:32 §a§lPotion Effect! §r§9Speed III§r
03:19:32 §a§lPotion Effect! §r§aResistance V§r
03:19:32 §a§lPotion Effect! §r§bArchery III§r
03:23:32 §e[SkyHanni] You have gained §b634 §eBits.§r
03:31:06 §e[SkyHanni] You are close to the Croesus Limit. Please open your chests!§r
03:31:23 §e[SkyHanni] §bYou have §313k §bmaterials in stash, §btotalling §35 types§b. §bClick to §3pickup §byour stash!§r
03:33:26 §e[SkyHanni] §bYou have §313k §bmaterials in stash, §btotalling §35 types§b. §bClick to §3pickup §byour stash!§r
03:33:30 §a§lPotion Effect! §r§4Regeneration IV§r
03:33:30 §a§lPotion Effect! §r§4Strength V§r
03:33:30 §a§lPotion Effect! §r§4Critical III§r
03:33:30 §a§lPotion Effect! §r§9Speed III§r
03:33:30 §a§lPotion Effect! §r§aResistance V§r
03:33:30 §a§lPotion Effect! §r§bArchery III§r
03:46:32 §e[SkyHanni] You are close to the Croesus Limit. Please open your chests!§r
03:46:48 §e[SkyHanni] §bYou have §313k §bmaterials in stash, §btotalling §35 types§b. §bClick to §3pickup §byour stash!§r
03:47:12 §e[SkyHanni] §bYou have §313k §bmaterials in stash, §btotalling §35 types§b. §bClick to §3pickup §byour stash!§r
03:48:06 §e[SkyHanni] §bYou have §313k §bmaterials in stash, §btotalling §35 types§b. §bClick to §3pickup §byour stash!§r
03:48:08 §e[SkyHanni] You have gained §b56 §eBits.§r
03:48:17 §a§lPotion Effect! §r§4Regeneration IV§r
03:48:17 §a§lPotion Effect! §r§4Strength V§r
03:48:17 §a§lPotion Effect! §r§4Critical III§r
03:48:17 §a§lPotion Effect! §r§9Speed III§r
03:48:17 §a§lPotion Effect! §r§aResistance V§r
03:48:17 §a§lPotion Effect! §r§bArchery III§r
03:59:08 §e[SkyHanni] You are close to the Croesus Limit. Please open your chests!§r
03:59:59 §e[SkyHanni] §bYou have §313k §bmaterials in stash, §btotalling §35 types§b. §bClick to §3pickup §byour stash!§r
04:00:02 §a§lPotion Effect! §r§4Regeneration IV§r
04:00:02 §a§lPotion Effect! §r§4Strength V§r
04:00:02 §a§lPotion Effect! §r§4Critical III§r
04:00:02 §a§lPotion Effect! §r§9Speed III§r
04:00:02 §a§lPotion Effect! §r§aResistance V§r
04:00:02 §a§lPotion Effect! §r§bArchery III§r
04:12:25 §e[SkyHanni] You are close to the Croesus Limit. Please open your chests!§r
04:12:53 §e[SkyHanni] §bYou have §313k §bmaterials in stash, §btotalling §35 types§b. §bClick to §3pickup §byour stash!§r
04:26:23 §e[SkyHanni] You are close to the Croesus Limit. Please open your chests!§r
04:26:59 §e[SkyHanni] §bYou have §313k §bmaterials in stash, §btotalling §35 types§b. §bClick to §3pickup §byour stash!§r
04:27:05 §e[SkyHanni] §bYou have §313k §bmaterials in stash, §btotalling §35 types§b. §bClick to §3pickup §byour stash!§r
04:38:10 §e[SkyHanni] You are close to the Croesus Limit. Please open your chests!§r
04:39:12 §e[SkyHanni] §bYou have §313k §bmaterials in stash, §btotalling §35 types§b. §bClick to §3pickup §byour stash!§r
04:52:30 §e[SkyHanni] You are close to the Croesus Limit. Please open your chests!§r
04:52:38 §e[SkyHanni] §bYou have §313k §bmaterials in stash, §btotalling §35 types§b. §bClick to §3pickup §byour stash!§r
04:52:38 §e[SkyHanni] You have gained §b937 §eBits.§r
04:54:18 §c[SkyHanni 4.0.0 1.8.9]: Caught a RuntimeException in at.hannibal2.skyhanni.features.misc.items.EstimatedItemValue.onTooltip(at.hannibal2.skyhanni.events.item.ItemHoverEvent) at ItemHoverEvent: No OpenGL context found in the current thread. Click here to copy the error into the clipboard.§r
04:56:46 §e[SkyHanni] §bYou have §313k §bmaterials in stash, §btotalling §35 types§b. §bClick to §3pickup §byour stash!§r
05:05:20 §6§lBESTIARY §r§b§lWither Guard §7§8XXIII §8➡§b §bXXIV§r
05:11:21 §e[SkyHanni] You are close to the Croesus Limit. Please open your chests!§r
05:11:36 §e[SkyHanni] §bYou have §313k §bmaterials in stash, §btotalling §35 types§b. §bClick to §3pickup §byour stash!§r
