03:01:31 Trying to load config from config\skyhanni\config.json
03:01:31 load-config-now
03:01:31 Loaded config from file
03:01:31 Trying to load sacks from config\skyhanni\sacks.json
03:01:31 load-sacks-now
03:01:31 Loaded sacks from file
03:01:31 Trying to load friends from config\skyhanni\friends.json
03:01:31 load-friends-now
03:01:31 Loaded friends from file
03:01:31 Trying to load known_features from config\skyhanni\known_features.json
03:01:31 load-known_features-now
03:01:31 Loaded known_features from file
03:01:31 Trying to load jacob_contests from config\skyhanni\jacob_contests.json
03:01:31 Setting jacob_contests to be blank as it did not exist. It will be saved once something is written to it
03:01:31 Trying to load visual_words from config\skyhanni\visual_words.json
03:01:31 Setting visual_words to be blank as it did not exist. It will be saved once something is written to it
03:01:31 Trying to load pets from config\skyhanni\pets.json
03:01:31 load-pets-now
03:01:31 Loaded pets from file
03:02:12 saveConfig: Updated known feature flags
03:02:12 Saving known_features file
03:02:12 Saved known_features file successfully
03:02:12 saveConfig: Updated known feature flags
03:02:12 Saving known_features file
03:02:12 Saved known_features file successfully
03:02:31 saveConfig: auto-save-60s
03:02:31 Saving config file
03:02:31 Saved config file successfully
03:02:31 saveConfig: auto-save-60s
03:02:31 Saving config file
03:02:31 Saved config file successfully
03:03:31 saveConfig: auto-save-60s
03:03:31 Saving config file
03:03:31 Saved config file successfully
03:03:31 saveConfig: auto-save-60s
03:03:31 Saving config file
03:03:31 Saved config file successfully
03:04:31 saveConfig: auto-save-60s
03:04:31 Saving config file
03:04:31 Saved config file successfully
03:04:31 saveConfig: auto-save-60s
03:04:31 Saving config file
03:04:31 Saved config file successfully
03:05:26 saveConfig: saving-data
03:05:26 Saving pets file
03:05:26 Saved pets file successfully
03:05:26 saveConfig: saving-data
03:05:26 Saving pets file
03:05:26 Saved pets file successfully
03:05:31 saveConfig: auto-save-60s
03:05:31 Saving config file
03:05:31 Saved config file successfully
03:05:31 saveConfig: auto-save-60s
03:05:31 Saving config file
03:05:31 Saved config file successfully
03:06:31 saveConfig: auto-save-60s
03:06:31 Saving config file
03:06:31 Saved config file successfully
03:06:31 saveConfig: auto-save-60s
03:06:31 Saving config file
03:06:31 Saved config file successfully
03:07:31 saveConfig: auto-save-60s
03:07:31 Saving config file
03:07:31 Saved config file successfully
03:07:31 saveConfig: auto-save-60s
03:07:31 Saving config file
03:07:31 Saved config file successfully
03:08:31 saveConfig: auto-save-60s
03:08:31 Saving config file
03:08:31 Saved config file successfully
03:08:31 saveConfig: auto-save-60s
03:08:31 Saving config file
03:08:31 Saved config file successfully
03:09:31 saveConfig: auto-save-60s
03:09:31 Saving config file
03:09:31 Saved config file successfully
03:09:31 saveConfig: auto-save-60s
03:09:31 Saving config file
03:09:31 Saved config file successfully
03:10:31 saveConfig: auto-save-60s
03:10:31 Saving config file
03:10:31 Saved config file successfully
03:10:31 saveConfig: auto-save-60s
03:10:31 Saving config file
03:10:31 Saved config file successfully
03:11:31 saveConfig: auto-save-60s
03:11:31 Saving config file
03:11:31 Saved config file successfully
03:11:31 saveConfig: auto-save-60s
03:11:31 Saving config file
03:11:31 Saved config file successfully
03:12:31 saveConfig: auto-save-60s
03:12:31 Saving config file
03:12:31 Saved config file successfully
03:12:31 saveConfig: auto-save-60s
03:12:31 Saving config file
03:12:31 Saved config file successfully
03:13:31 saveConfig: auto-save-60s
03:13:31 Saving config file
03:13:31 Saved config file successfully
03:13:31 saveConfig: auto-save-60s
03:13:31 Saving config file
03:13:31 Saved config file successfully
03:14:31 saveConfig: auto-save-60s
03:14:31 Saving config file
03:14:31 Saved config file successfully
03:14:31 saveConfig: auto-save-60s
03:14:31 Saving config file
03:14:31 Saved config file successfully
03:15:31 saveConfig: auto-save-60s
03:15:31 Saving config file
03:15:31 Saved config file successfully
03:15:31 saveConfig: auto-save-60s
03:15:31 Saving config file
03:15:31 Saved config file successfully
03:16:31 saveConfig: auto-save-60s
03:16:31 Saving config file
03:16:31 Saved config file successfully
03:16:31 saveConfig: auto-save-60s
03:16:31 Saving config file
03:16:31 Saved config file successfully
03:17:31 saveConfig: auto-save-60s
03:17:31 Saving config file
03:17:31 Saved config file successfully
03:17:31 saveConfig: auto-save-60s
03:17:31 Saving config file
03:17:31 Saved config file successfully
03:18:31 saveConfig: auto-save-60s
03:18:31 Saving config file
03:18:31 Saved config file successfully
03:18:31 saveConfig: auto-save-60s
03:18:31 Saving config file
03:18:31 Saved config file successfully
03:19:31 saveConfig: auto-save-60s
03:19:31 Saving config file
03:19:31 Saved config file successfully
03:19:31 saveConfig: auto-save-60s
03:19:31 Saving config file
03:19:31 Saved config file successfully
03:20:31 saveConfig: auto-save-60s
03:20:31 Saving config file
03:20:31 Saved config file successfully
03:20:31 saveConfig: auto-save-60s
03:20:31 Saving config file
03:20:31 Saved config file successfully
03:21:31 saveConfig: auto-save-60s
03:21:31 Saving config file
03:21:31 Saved config file successfully
03:21:31 saveConfig: auto-save-60s
03:21:31 Saving config file
03:21:31 Saved config file successfully
03:22:31 saveConfig: auto-save-60s
03:22:31 Saving config file
03:22:31 Saved config file successfully
03:22:31 saveConfig: auto-save-60s
03:22:31 Saving config file
03:22:31 Saved config file successfully
03:23:31 saveConfig: auto-save-60s
03:23:31 Saving config file
03:23:31 Saved config file successfully
03:23:31 saveConfig: auto-save-60s
03:23:31 Saving config file
03:23:31 Saved config file successfully
03:24:31 saveConfig: auto-save-60s
03:24:31 Saving config file
03:24:31 Saved config file successfully
03:24:31 saveConfig: auto-save-60s
03:24:31 Saving config file
03:24:31 Saved config file successfully
03:25:31 saveConfig: auto-save-60s
03:25:31 Saving config file
03:25:31 Saved config file successfully
03:25:31 saveConfig: auto-save-60s
03:25:31 Saving config file
03:25:31 Saved config file successfully
03:26:31 saveConfig: auto-save-60s
03:26:31 Saving config file
03:26:31 Saved config file successfully
03:26:31 saveConfig: auto-save-60s
03:26:31 Saving config file
03:26:31 Saved config file successfully
03:27:31 saveConfig: auto-save-60s
03:27:31 Saving config file
03:27:31 Saved config file successfully
03:27:31 saveConfig: auto-save-60s
03:27:31 Saving config file
03:27:31 Saved config file successfully
03:28:31 saveConfig: auto-save-60s
03:28:31 Saving config file
03:28:31 Saved config file successfully
03:28:31 saveConfig: auto-save-60s
03:28:31 Saving config file
03:28:31 Saved config file successfully
03:29:31 saveConfig: auto-save-60s
03:29:31 Saving config file
03:29:31 Saved config file successfully
03:29:31 saveConfig: auto-save-60s
03:29:31 Saving config file
03:29:31 Saved config file successfully
03:30:31 saveConfig: auto-save-60s
03:30:31 Saving config file
03:30:31 Saved config file successfully
03:30:31 saveConfig: auto-save-60s
03:30:31 Saving config file
03:30:31 Saved config file successfully
03:31:31 saveConfig: auto-save-60s
03:31:31 Saving config file
03:31:31 Saved config file successfully
03:31:31 saveConfig: auto-save-60s
03:31:31 Saving config file
03:31:31 Saved config file successfully
03:32:31 saveConfig: auto-save-60s
03:32:31 Saving config file
03:32:31 Saved config file successfully
03:32:31 saveConfig: auto-save-60s
03:32:31 Saving config file
03:32:31 Saved config file successfully
03:33:31 saveConfig: auto-save-60s
03:33:31 Saving config file
03:33:31 Saved config file successfully
03:33:31 saveConfig: auto-save-60s
03:33:31 Saving config file
03:33:31 Saved config file successfully
03:34:31 saveConfig: auto-save-60s
03:34:31 Saving config file
03:34:31 Saved config file successfully
03:34:31 saveConfig: auto-save-60s
03:34:31 Saving config file
03:34:31 Saved config file successfully
03:35:31 saveConfig: auto-save-60s
03:35:31 Saving config file
03:35:31 Saved config file successfully
03:35:31 saveConfig: auto-save-60s
03:35:31 Saving config file
03:35:31 Saved config file successfully
03:36:31 saveConfig: auto-save-60s
03:36:31 Saving config file
03:36:31 Saved config file successfully
03:36:31 saveConfig: auto-save-60s
03:36:31 Saving config file
03:36:31 Saved config file successfully
03:37:31 saveConfig: auto-save-60s
03:37:31 Saving config file
03:37:31 Saved config file successfully
03:37:31 saveConfig: auto-save-60s
03:37:31 Saving config file
03:37:31 Saved config file successfully
03:38:31 saveConfig: auto-save-60s
03:38:31 Saving config file
03:38:31 Saved config file successfully
03:38:31 saveConfig: auto-save-60s
03:38:31 Saving config file
03:38:31 Saved config file successfully
03:39:31 saveConfig: auto-save-60s
03:39:31 Saving config file
03:39:31 Saved config file successfully
03:39:31 saveConfig: auto-save-60s
03:39:31 Saving config file
03:39:31 Saved config file successfully
03:40:31 saveConfig: auto-save-60s
03:40:31 Saving config file
03:40:31 Saved config file successfully
03:40:31 saveConfig: auto-save-60s
03:40:31 Saving config file
03:40:31 Saved config file successfully
03:41:31 saveConfig: auto-save-60s
03:41:31 Saving config file
03:41:31 Saved config file successfully
03:41:31 saveConfig: auto-save-60s
03:41:31 Saving config file
03:41:31 Saved config file successfully
03:42:31 saveConfig: auto-save-60s
03:42:31 Saving config file
03:42:31 Saved config file successfully
03:42:31 saveConfig: auto-save-60s
03:42:31 Saving config file
03:42:31 Saved config file successfully
03:43:31 saveConfig: auto-save-60s
03:43:31 Saving config file
03:43:31 Saved config file successfully
03:43:31 saveConfig: auto-save-60s
03:43:31 Saving config file
03:43:31 Saved config file successfully
03:44:31 saveConfig: auto-save-60s
03:44:31 Saving config file
03:44:31 Saved config file successfully
03:44:31 saveConfig: auto-save-60s
03:44:31 Saving config file
03:44:31 Saved config file successfully
03:45:31 saveConfig: auto-save-60s
03:45:31 Saving config file
03:45:31 Saved config file successfully
03:45:31 saveConfig: auto-save-60s
03:45:31 Saving config file
03:45:31 Saved config file successfully
03:46:31 saveConfig: auto-save-60s
03:46:31 Saving config file
03:46:31 Saved config file successfully
03:46:31 saveConfig: auto-save-60s
03:46:31 Saving config file
03:46:31 Saved config file successfully
03:47:31 saveConfig: auto-save-60s
03:47:31 Saving config file
03:47:31 Saved config file successfully
03:47:31 saveConfig: auto-save-60s
03:47:31 Saving config file
03:47:31 Saved config file successfully
03:48:31 saveConfig: auto-save-60s
03:48:31 Saving config file
03:48:31 Saved config file successfully
03:48:31 saveConfig: auto-save-60s
03:48:31 Saving config file
03:48:31 Saved config file successfully
03:49:31 saveConfig: auto-save-60s
03:49:31 Saving config file
03:49:31 Saved config file successfully
03:49:31 saveConfig: auto-save-60s
03:49:31 Saving config file
03:49:31 Saved config file successfully
03:50:31 saveConfig: auto-save-60s
03:50:31 Saving config file
03:50:31 Saved config file successfully
03:50:31 saveConfig: auto-save-60s
03:50:31 Saving config file
03:50:31 Saved config file successfully
03:51:31 saveConfig: auto-save-60s
03:51:31 Saving config file
03:51:31 Saved config file successfully
03:51:31 saveConfig: auto-save-60s
03:51:31 Saving config file
03:51:31 Saved config file successfully
03:52:31 saveConfig: auto-save-60s
03:52:31 Saving config file
03:52:31 Saved config file successfully
03:52:31 saveConfig: auto-save-60s
03:52:31 Saving config file
03:52:31 Saved config file successfully
03:53:31 saveConfig: auto-save-60s
03:53:31 Saving config file
03:53:31 Saved config file successfully
03:53:31 saveConfig: auto-save-60s
03:53:31 Saving config file
03:53:31 Saved config file successfully
03:54:31 saveConfig: auto-save-60s
03:54:31 Saving config file
03:54:31 Saved config file successfully
03:54:31 saveConfig: auto-save-60s
03:54:31 Saving config file
03:54:31 Saved config file successfully
03:55:31 saveConfig: auto-save-60s
03:55:31 Saving config file
03:55:31 Saved config file successfully
03:55:31 saveConfig: auto-save-60s
03:55:31 Saving config file
03:55:31 Saved config file successfully
03:56:31 saveConfig: auto-save-60s
03:56:31 Saving config file
03:56:31 Saved config file successfully
03:56:31 saveConfig: auto-save-60s
03:56:31 Saving config file
03:56:31 Saved config file successfully
