16:49:23 GARDEN
17:09:44 NONE
17:09:44 PRIVATE_ISLAND
17:16:02 NONE
17:16:02 DUNGEON_HUB
17:16:21 PRIVATE_ISLAND
17:16:32 NONE
17:16:33 DUNGEON_HUB
17:17:44 NONE
17:17:45 CATACOMBS
17:34:37 NONE
17:34:38 DUNGEON_HUB
17:35:26 NONE
17:35:27 CATACOMBS
17:44:34 DUNGEON_HUB
17:48:20 NONE
17:48:20 PRIVATE_ISLAND
21:38:40 NONE
21:38:44 DUNGEON_HUB
21:39:53 NONE
21:39:53 PRIVATE_ISLAND
21:40:21 NONE
21:40:21 HUB
21:40:41 NONE
21:40:42 DUNGEON_HUB
21:45:08 PRIVATE_ISLAND_GUEST
21:45:12 NONE
21:45:13 CRIMSON_ISLE
21:46:00 NONE
21:46:00 HUB
21:46:18 PRIVATE_ISLAND_GUEST
21:46:26 CRIMSON_ISLE
21:49:07 NONE
21:49:08 KUUDRA_ARENA
21:49:52 NONE
21:49:52 CRIMSON_ISLE
21:51:48 NONE
21:51:48 KUUDRA_ARENA
21:52:16 NONE
21:52:17 HUB
21:52:22 NONE
21:52:22 PRIVATE_ISLAND_GUEST
21:52:26 NONE
21:52:27 CRIMSON_ISLE
21:54:18 NONE
21:54:19 KUUDRA_ARENA
22:00:32 NONE
22:00:32 GARDEN_GUEST
22:00:37 NONE
22:00:38 PRIVATE_ISLAND_GUEST
22:00:42 NONE
22:00:43 CRIMSON_ISLE
22:38:17 NONE
22:38:17 HUB
22:39:02 NONE
22:39:02 SPIDER_DEN
22:39:13 NONE
22:39:13 CRIMSON_ISLE
23:02:44 NONE
23:02:46 PRIVATE_ISLAND
23:05:12 NONE
23:05:12 GARDEN
23:16:47 NONE
23:16:48 HUB
23:17:25 PRIVATE_ISLAND
23:19:52 NONE
23:19:54 PRIVATE_ISLAND_GUEST
23:19:58 NONE
23:19:58 THE_FARMING_ISLANDS
23:20:09 NONE
23:20:10 HUB
23:20:40 NONE
23:20:40 PRIVATE_ISLAND_GUEST
23:20:43 NONE
23:20:43 THE_FARMING_ISLANDS
23:32:37 NONE
23:32:37 HUB
