14:37:57 GARDEN
14:47:04 PRIVATE_ISLAND
14:52:31 NONE
14:52:32 DUNGEON_HUB
14:55:15 NONE
14:55:15 CATACOMBS
15:09:09 NONE
15:09:10 DUNGEON_HUB
15:10:23 NONE
15:10:25 CATACOMBS
15:22:14 NONE
15:22:15 DUNGEON_HUB
15:22:41 NONE
15:22:41 CATACOMBS
15:39:38 DUNGEON_HUB
15:40:04 HUB
15:43:42 DUNGEON_HUB
15:45:20 NONE
15:45:22 CATACOMBS
15:58:58 NONE
15:59:00 DUNGEON_HUB
16:04:10 NONE
16:04:11 THE_END
16:05:32 NONE
16:05:32 PRIVATE_ISLAND
16:07:54 NONE
16:07:56 THE_END
16:24:15 NONE
16:24:16 PRIVATE_ISLAND
16:24:34 NONE
16:24:35 THE_END
16:37:47 NONE
16:37:47 HUB
16:41:49 NONE
16:41:50 THE_FARMING_ISLANDS
16:47:31 NONE
16:47:31 HUB
17:01:35 NONE
17:01:35 SPIDER_DEN
17:11:13 NONE
17:11:13 HUB
17:11:24 NONE
17:11:24 SPIDER_DEN
17:14:03 NONE
17:14:04 PRIVATE_ISLAND
17:14:40 NONE
17:14:41 HUB
17:14:44 NONE
17:14:44 PRIVATE_ISLAND
17:16:54 NONE
17:17:02 PRIVATE_ISLAND
17:29:04 NONE
17:29:07 PRIVATE_ISLAND
17:34:09 NONE
17:34:15 PRIVATE_ISLAND
17:41:31 NONE
17:41:31 THE_END
