01:00:56 DUNGEON_HUB
01:01:21 NONE
01:01:22 DUNGEON_HUB
01:01:26 NONE
01:01:27 CATACOMBS
01:11:34 NONE
01:11:34 CATACOMBS
01:21:33 NONE
01:21:33 DUNGEON_HUB
01:22:18 NONE
01:22:18 CATACOMBS
01:31:02 NONE
01:31:03 DUNGEON_HUB
01:32:06 NONE
01:32:06 CATACOMBS
01:42:06 DUNGEON_HUB
01:42:46 NONE
01:42:47 CATACOMBS
01:56:42 NONE
01:56:43 DUNGEON_HUB
02:05:04 NONE
02:05:05 PRIVATE_ISLAND_GUEST
02:05:07 NONE
02:05:08 CRIMSON_ISLE
02:19:05 KUUDRA_ARENA
02:25:59 NONE
02:26:00 CRIMSON_ISLE
02:26:12 NONE
02:26:13 HUB
02:26:25 PRIVATE_ISLAND_GUEST
02:26:28 NONE
02:26:29 CRIMSON_ISLE
02:29:08 NONE
02:29:08 KUUDRA_ARENA
02:35:00 NONE
02:35:01 HUB
02:35:06 NONE
02:35:07 PRIVATE_ISLAND_GUEST
02:35:10 NONE
02:35:10 CRIMSON_ISLE
02:42:59 NONE
02:42:59 HUB
02:44:43 NONE
02:44:43 PRIVATE_ISLAND_GUEST
02:44:46 NONE
02:44:47 CRIMSON_ISLE
02:46:18 HUB
02:47:52 NONE
02:47:52 SPIDER_DEN
02:48:04 CRIMSON_ISLE
02:52:24 NONE
02:52:26 THE_END
03:00:01 NONE
03:00:09 THE_END
03:00:18 NONE
03:00:18 DUNGEON_HUB
03:04:54 PRIVATE_ISLAND
03:09:11 NONE
03:09:11 DUNGEON_HUB
03:09:42 NONE
03:09:43 HUB
03:12:02 NONE
03:12:02 PRIVATE_ISLAND
03:16:55 PRIVATE_ISLAND_GUEST
03:16:59 CRIMSON_ISLE
03:20:23 NONE
03:20:23 KUUDRA_ARENA
03:26:34 NONE
03:26:35 PRIVATE_ISLAND_GUEST
03:26:37 NONE
03:26:38 CRIMSON_ISLE
03:34:17 NONE
03:34:18 KUUDRA_ARENA
03:41:35 NONE
03:41:35 PRIVATE_ISLAND_GUEST
03:41:40 CRIMSON_ISLE
03:41:50 NONE
03:41:50 PRIVATE_ISLAND
03:42:57 NONE
03:42:57 PRIVATE_ISLAND_GUEST
03:44:42 NONE
03:44:42 CRIMSON_ISLE
03:47:00 NONE
03:47:01 KUUDRA_ARENA
03:55:43 NONE
03:55:43 PRIVATE_ISLAND_GUEST
03:55:47 NONE
03:55:47 CRIMSON_ISLE
03:56:35 NONE
03:56:35 KUUDRA_ARENA
04:01:09 NONE
04:01:09 CRIMSON_ISLE
04:01:18 NONE
04:01:18 KUUDRA_ARENA
04:08:10 NONE
04:08:10 PRIVATE_ISLAND_GUEST
04:08:16 NONE
04:08:17 CRIMSON_ISLE
04:08:37 NONE
04:08:37 HUB
04:09:14 NONE
04:09:15 PRIVATE_ISLAND_GUEST
04:09:18 NONE
04:09:19 CRIMSON_ISLE
04:14:06 NONE
04:14:06 KUUDRA_ARENA
04:21:32 NONE
04:21:32 PRIVATE_ISLAND_GUEST
04:21:35 NONE
04:21:36 CRIMSON_ISLE
04:22:21 NONE
04:22:21 KUUDRA_ARENA
04:30:17 NONE
04:30:19 PRIVATE_ISLAND_GUEST
04:30:22 NONE
04:30:22 CRIMSON_ISLE
04:39:17 CRIMSON_ISLE
04:44:00 NONE
04:44:02 KUUDRA_ARENA
04:49:25 NONE
04:49:26 PRIVATE_ISLAND_GUEST
04:49:34 CRIMSON_ISLE
04:50:41 NONE
04:50:41 DUNGEON_HUB
04:51:41 HUB
04:52:36 NONE
04:52:37 DUNGEON_HUB
04:54:07 NONE
04:54:08 HUB
04:57:50 PRIVATE_ISLAND
05:00:54 NONE
05:00:54 HUB
05:03:17 NONE
05:03:18 DUNGEON_HUB
05:08:04 NONE
05:08:05 CATACOMBS
05:16:09 NONE
05:16:17 CATACOMBS
05:17:30 NONE
05:17:30 DUNGEON_HUB
05:18:00 NONE
05:18:00 HUB
05:18:36 NONE
05:18:36 DUNGEON_HUB
