18:58:11 [allowed] §f §r§r§r§f §r§r§r§1 §r§r§r§0 §r§r§r§2 §r§r§r§f §r§r§r§f §r§r§r§2 §r§r§r§0 §r§r§r§4 §r§r§r§3 §r§r§r§9 §r§r§r§2 §r§r§r§0 §r§r§r§0 §r§r§r§3 §r§r§r§9 §r§r§r§2 §r§r§r§0 §r§r§r§0 §r§r§r§3 §r§r§r§9 §r§r§r§2 §r§r§r§0 §r§r§r§0 
18:58:12 [allowed] §aYou have §b30 §aunclaimed leveling rewards!
18:58:12 [allowed] §eClick here to view them!
18:58:12 [allowed] §aYou have §62 §aunclaimed achievement rewards!
18:58:12 [allowed] §eClick here to view them!
18:58:16 [allowed] §b[MVP§3+§b] fishingwithgold§f §6joined the lobby!
18:58:16 [allowed] §b[MVP§d+§b] PengHaruna§f §6joined the lobby!
18:58:16 [allowed] §b[MVP§8+§b] zoonomy§f §6joined the lobby!
18:58:16 [allowed] §b[MVP§d+§b] chloe_qt§f §6joined the lobby!
18:58:22 [allowed] §7Beivras§7§r§7: thanks :D
18:58:26 [allowed] §b[MVP§c+§b] Bloeckchengrafik§f§r§f: np!
18:58:27 [allowed] §b[MVP§2+§b] LimitlessMexican§f §6joined the lobby!
18:58:29 [allowed] §7Sending to server mini253A...
18:58:30 [allowed] §8 §r§8 §r§1 §r§3 §r§3 §r§7 §r§8 
18:58:32 [allowed] 
18:58:32 [allowed] §eWelcome to §r§aHypixel SkyBlock§r§e!
18:58:32 [allowed] 
18:58:32 [allowed] §eLatest update: §bSkyBlock v0.23.1 §e§lCLICK
18:58:33 [allowed] §aYou are playing on profile: §ePear§b (Co-op)
18:58:33 [allowed] §8Profile ID: da202b41-03b4-4acb-b131-26b3b789ffbc
18:58:35 [allowed]  
18:58:39 [allowed] 
18:58:39 [allowed] §6§k§lA§r §c§lFIRE SALE §r§6§k§lA
§r§c♨ §eSelling an item for a limited time!
§r§c   ♨ §aFrog Dye §e(§e45,584 left§e)§c§r
§r§c♨ §a§l[WARP] §eTo Elizabeth in the next §c1d 6h 1m §eto grab yours!
18:58:39 [allowed] 
18:59:07 [allowed] §cSeed inventory empty! Left-click to add seeds!
18:59:10 [allowed] §cSeed inventory empty! Left-click to add seeds!
18:59:13 [allowed] §cSeed inventory empty! Left-click to add seeds!
18:59:26 [allowed] §6[Bazaar] §r§7Executing instant buy...
18:59:26 [allowed] §6[Bazaar] §r§7Bought §r§a1,408§r§7x §r§fMelon §r§7for §r§68,448 coins§r§7!
18:59:26 [allowed] §cInventory full? Don't forget to check out your Storage inside the SkyBlock Menu!
18:59:34 [allowed]  
19:00:34 [allowed]  
19:00:40 [allowed] Unknown command. Type "/help" for help. ('bz\')
19:00:48 [allowed] §6[Bazaar] §r§7Executing instant buy...
19:00:48 [allowed] §6[Bazaar] §r§7Bought §r§a1,408§r§7x §r§fMelon §r§7for §r§68,448 coins§r§7!
19:00:48 [allowed] §cInventory full? Don't forget to check out your Storage inside the SkyBlock Menu!
19:01:34 [allowed]  
19:01:36 [allowed] §f
19:01:36 [allowed] §4[WATCHDOG ANNOUNCEMENT]
19:01:36 [allowed] §fWatchdog has banned §r§c§l8,718§r§f players in the last 7 days.
19:01:36 [allowed] §fStaff have banned an additional §r§c§l8,741§r§f in the last 7 days.
19:01:36 [allowed] §cBlacklisted modifications are a bannable offense!
19:01:36 [allowed] §c
19:02:34 [allowed]  
19:03:02 [allowed] §cThis seed can't be placed here!
19:03:30 [allowed] §aYou earned §r§e176 Event EXP §r§afrom playing SkyBlock!
19:03:30 [allowed] §6[Bazaar] §r§7Executing instant buy...
19:03:30 [allowed] §6[Bazaar] §r§7Bought §r§a1,408§r§7x §r§fMelon §r§7for §r§68,448 coins§r§7!
19:03:30 [allowed] §cInventory full? Don't forget to check out your Storage inside the SkyBlock Menu!
19:03:34 [allowed]  
19:04:22 [allowed] §cPlease wait a moment before opening this again.
19:04:22 [allowed] §cPlease wait a moment before opening this again.
19:04:31 [allowed] §6[Bazaar] §r§7Executing instant buy...
19:04:31 [allowed] §6[Bazaar] §r§7Bought §r§a1,408§r§7x §r§fMelon §r§7for §r§68,448 coins§r§7!
19:04:32 [allowed] §cInventory full? Don't forget to check out your Storage inside the SkyBlock Menu!
19:04:35 [allowed]  
19:04:56 [allowed] §cThis seed can't be placed here!
19:52:57 [allowed] §f §r§r§r§f §r§r§r§1 §r§r§r§0 §r§r§r§2 §r§r§r§f §r§r§r§f §r§r§r§2 §r§r§r§0 §r§r§r§4 §r§r§r§3 §r§r§r§9 §r§r§r§2 §r§r§r§0 §r§r§r§0 §r§r§r§3 §r§r§r§9 §r§r§r§2 §r§r§r§0 §r§r§r§0 §r§r§r§3 §r§r§r§9 §r§r§r§2 §r§r§r§0 §r§r§r§0 
19:52:58 [allowed]  §b>§c>§a>§r §r§6[MVP§0++§6] oktai§f §6joined the lobby!§r §a<§c<§b<
19:52:58 [allowed] §aYou have §b30 §aunclaimed leveling rewards!
19:52:58 [allowed] §eClick here to view them!
19:52:58 [allowed] §aYou have §62 §aunclaimed achievement rewards!
19:52:58 [allowed] §eClick here to view them!
19:52:58 [allowed] §b[MVP§9+§b] mqd03§f §6joined the lobby!
19:53:01 [allowed] §b[MVP§a+§b] Gurasaba§f §6joined the lobby!
19:53:01 [allowed] §b[MVP§e+§b] IMJT0422§f §6joined the lobby!
19:53:02 [allowed] §b[MVP§c+§b] StaticStick§f §6joined the lobby!
19:53:04 [allowed] §b[MVP§c+§b] Oboneo§f §6joined the lobby!
19:53:09 [allowed] §7Sending to server mini29AS...
19:53:09 [allowed] §8 §r§8 §r§1 §r§3 §r§3 §r§7 §r§8 
19:53:11 [allowed] §9§m-----------------------------
19:53:11 [allowed] §eParty Leader, §r§7lumivic§r§e, summoned you to their server.
19:53:11 [allowed] §9§m-----------------------------
19:53:11 [allowed] 
19:53:11 [allowed] §eWelcome to §r§aHypixel SkyBlock§r§e!
19:53:11 [allowed] 
19:53:11 [allowed] §eLatest update: §bSkyBlock v0.23.1 §e§lCLICK
19:53:11 [allowed] §cCouldn't warp you! Try again later. §r§7(PLAYER_TRANSFER_COOLDOWN)
19:53:12 [allowed] §aYou are playing on profile: §ePear§b (Co-op)
19:53:12 [allowed] §8Profile ID: da202b41-03b4-4acb-b131-26b3b789ffbc
19:53:14 [allowed]  
19:53:15 [allowed] §9§m-----------------------------
19:53:15 [allowed] §eParty Leader, §r§7lumivic§r§e, summoned you to their server.
19:53:15 [allowed] §9§m-----------------------------
19:53:17 [allowed] §9§m-----------------------------
19:53:17 [allowed] §eParty Leader, §r§7lumivic§r§e, summoned you to their server.
19:53:17 [allowed] §9§m-----------------------------
19:53:17 [allowed] §7Sending to server mini142H...
19:53:18 [allowed] §8 §r§8 §r§1 §r§3 §r§3 §r§7 §r§8 
19:53:18 [allowed] §f§m-----------------------------------------------------
§r§cYou should NEVER enter your Microsoft account details anywhere but on official Microsoft services!

§r§cExternal links from untrusted sources should be avoided.
§r§f§m-----------------------------------------------------
19:53:20 [allowed] §7lumivic §ahas sent you a trade request. §bClick here §ato accept!
19:53:21 [allowed] §aYou are playing on profile: §ePear§b (Co-op)
19:53:21 [allowed] §8Profile ID: da202b41-03b4-4acb-b131-26b3b789ffbc
19:53:31 [allowed] §6Trade completed with §r§7lumivic§r§7§r§6!
19:53:31 [allowed]  §r§a§l+ §r§81x §r§7[Lvl 100] §r§dGuardian
19:53:33 [allowed] §aSuccessfully added §r§dGuardian §r§ato your pet menu!
19:53:39 [allowed]  
19:54:17 [allowed] §7Warping...
19:54:18 [allowed] §7Sending to server mini186AE...
19:54:19 [allowed] §8 §r§8 §r§1 §r§3 §r§3 §r§7 §r§8 
19:54:22 [allowed] §aYou are playing on profile: §ePear§b (Co-op)
19:54:22 [allowed] §8Profile ID: da202b41-03b4-4acb-b131-26b3b789ffbc
19:54:23 [allowed]  
19:55:23 [allowed]  
19:56:23 [allowed]  
19:57:23 [allowed]  
19:59:28 [allowed] §f §r§r§r§f §r§r§r§1 §r§r§r§0 §r§r§r§2 §r§r§r§f §r§r§r§f §r§r§r§2 §r§r§r§0 §r§r§r§4 §r§r§r§3 §r§r§r§9 §r§r§r§2 §r§r§r§0 §r§r§r§0 §r§r§r§3 §r§r§r§9 §r§r§r§2 §r§r§r§0 §r§r§r§0 §r§r§r§3 §r§r§r§9 §r§r§r§2 §r§r§r§0 §r§r§r§0 
19:59:29 [allowed] §aYou have §b30 §aunclaimed leveling rewards!
19:59:29 [allowed] §eClick here to view them!
19:59:29 [allowed] §aYou have §62 §aunclaimed achievement rewards!
19:59:29 [allowed] §eClick here to view them!
19:59:30 [allowed] §7Sending to server mini93BR...
19:59:31 [allowed] §8 §r§8 §r§1 §r§3 §r§3 §r§7 §r§8 
19:59:33 [allowed] 
19:59:33 [allowed] §eWelcome to §r§aHypixel SkyBlock§r§e!
19:59:33 [allowed] 
19:59:33 [allowed] §eLatest update: §bSkyBlock v0.23.1 §e§lCLICK
19:59:34 [allowed] §aYou are playing on profile: §ePear§b (Co-op)
19:59:34 [allowed] §8Profile ID: da202b41-03b4-4acb-b131-26b3b789ffbc
19:59:34 [allowed] §cYou're already in this channel!
19:59:35 [allowed]  
19:59:40 [allowed] 
19:59:41 [allowed] §6§k§lA§r §c§lFIRE SALE §r§6§k§lA
§r§c♨ §eSelling an item for a limited time!
§r§c   ♨ §aFrog Dye §e(§e45,547 left§e)§c§r
§r§c♨ §a§l[WARP] §eTo Elizabeth in the next §c1d 5h 0m §eto grab yours!
19:59:41 [allowed] 
19:59:43 [allowed] §e⚠ §aYour drops can't be seen by other players in §bSkyBlock§a!
§aOnly you and your §bco-op partners §acan pickup your drops!
§eClick here to disable this alert forever!
19:59:43 [allowed] §e⚠ §aYour drops can't be seen by other players in §bSkyBlock§a!
§aOnly you and your §bco-op partners §acan pickup your drops!
§eClick here to disable this alert forever!
19:59:43 [allowed] §e⚠ §aYour drops can't be seen by other players in §bSkyBlock§a!
§aOnly you and your §bco-op partners §acan pickup your drops!
§eClick here to disable this alert forever!
19:59:43 [allowed] §e⚠ §aYour drops can't be seen by other players in §bSkyBlock§a!
§aOnly you and your §bco-op partners §acan pickup your drops!
§eClick here to disable this alert forever!
19:59:44 [allowed] §e⚠ §aYour drops can't be seen by other players in §bSkyBlock§a!
§aOnly you and your §bco-op partners §acan pickup your drops!
§eClick here to disable this alert forever!
19:59:44 [allowed] §e⚠ §aYour drops can't be seen by other players in §bSkyBlock§a!
§aOnly you and your §bco-op partners §acan pickup your drops!
§eClick here to disable this alert forever!
19:59:44 [allowed] §e⚠ §aYour drops can't be seen by other players in §bSkyBlock§a!
§aOnly you and your §bco-op partners §acan pickup your drops!
§eClick here to disable this alert forever!
19:59:45 [allowed] §e⚠ §aYour drops can't be seen by other players in §bSkyBlock§a!
§aOnly you and your §bco-op partners §acan pickup your drops!
§eClick here to disable this alert forever!
19:59:55 [allowed] §cYou're already in this channel!
19:59:58 [allowed] §9Party §8> §a[VIP§6+§a] longfenownsheat§f: §rsay ggs
20:00:10 [allowed] §e⚠ §aYour drops can't be seen by other players in §bSkyBlock§a!
§aOnly you and your §bco-op partners §acan pickup your drops!
§eClick here to disable this alert forever!
20:00:21 [allowed] §6[Bazaar] §r§7Executing instant buy...
20:00:21 [allowed] §6[Bazaar] §r§7Bought §r§a1,600§r§7x §r§fMelon §r§7for §r§69,440 coins§r§7!
20:00:21 [allowed] §cInventory full? Don't forget to check out your Storage inside the SkyBlock Menu!
20:00:36 [allowed]  
20:01:06 [allowed] §6[Bazaar] §r§7Executing instant buy...
20:01:06 [allowed] §6[Bazaar] §r§7Bought §r§a64§r§7x §r§fOak Log §r§7for §r§6665.6 coins§r§7!
20:01:15 [allowed] §e⚠ §aYour drops can't be seen by other players in §bSkyBlock§a!
§aOnly you and your §bco-op partners §acan pickup your drops!
§eClick here to disable this alert forever!
20:01:16 [allowed] §e⚠ §aYour drops can't be seen by other players in §bSkyBlock§a!
§aOnly you and your §bco-op partners §acan pickup your drops!
§eClick here to disable this alert forever!
20:01:27 [allowed] §6[Bazaar] §r§7Executing instant buy...
20:01:27 [allowed] §6[Bazaar] §r§7Bought §r§a1,536§r§7x §r§fMelon §r§7for §r§69,062.4 coins§r§7!
20:01:27 [allowed] §cInventory full? Don't forget to check out your Storage inside the SkyBlock Menu!
20:01:36 [allowed]  
20:02:01 [allowed] §cPlease wait a moment before opening this again.
20:02:14 [allowed] §6[Bazaar] §r§7Executing instant buy...
20:02:14 [allowed] §6[Bazaar] §r§7Bought §r§a1,536§r§7x §r§fMelon §r§7for §r§69,062.4 coins§r§7!
20:02:36 [allowed]  
20:02:37 [allowed] Unknown command. Type "/help" for help. ('z')
20:02:43 [allowed] §6[Bazaar] §r§7Executing instant buy...
20:02:43 [allowed] §6[Bazaar] §r§7Bought §r§a1,536§r§7x §r§fMelon §r§7for §r§69,062.4 coins§r§7!
20:02:43 [allowed] §cInventory full? Don't forget to check out your Storage inside the SkyBlock Menu!
20:03:10 [allowed] §cThis seed can't be placed here!
20:03:15 [allowed] §9§m-----------------------------------------------------
20:03:15 [allowed] §6Party Members (2)
20:03:15 [allowed] §f
20:03:15 [allowed] §eParty Leader: §r§7lumivic §r§a●
20:03:15 [allowed] §eParty Members: §r§a[VIP§r§6+§r§a] longfenownsheat§r§a ● 
20:03:15 [allowed] §9§m-----------------------------------------------------
20:34:59 [allowed] §f §r§r§r§f §r§r§r§1 §r§r§r§0 §r§r§r§2 §r§r§r§f §r§r§r§f §r§r§r§2 §r§r§r§0 §r§r§r§4 §r§r§r§3 §r§r§r§9 §r§r§r§2 §r§r§r§0 §r§r§r§0 §r§r§r§3 §r§r§r§9 §r§r§r§2 §r§r§r§0 §r§r§r§0 §r§r§r§3 §r§r§r§9 §r§r§r§2 §r§r§r§0 §r§r§r§0 
20:34:59 [allowed] §aYou have §b30 §aunclaimed leveling rewards!
20:34:59 [allowed] §eClick here to view them!
20:34:59 [allowed] §aYou have §62 §aunclaimed achievement rewards!
20:34:59 [allowed] §eClick here to view them!
20:35:04 [allowed] §b[MVP§d+§b] YoavCal1§f §6joined the lobby!
20:35:04 [allowed] §b[MVP§c+§b] Prouder§f §6joined the lobby!
20:35:07 [allowed] §b[MVP§d+§b] Secretune§f §6joined the lobby!
20:35:08 [allowed] §7Sending to server mini94DN...
20:35:08 [allowed] §cYour spawn location was obstructed so you were spawned at the highest non-obstructed point!
20:35:08 [allowed] §8 §r§8 §r§1 §r§3 §r§3 §r§7 §r§8 
20:35:10 [allowed] 
20:35:10 [allowed] §eWelcome to §r§aHypixel SkyBlock§r§e!
20:35:10 [allowed] 
20:35:10 [allowed] §eLatest update: §bSkyBlock v0.23.1 §e§lCLICK
20:35:11 [allowed] §aYou are playing on profile: §ePear§b (Co-op)
20:35:11 [allowed] §8Profile ID: da202b41-03b4-4acb-b131-26b3b789ffbc
20:35:13 [allowed]  
20:35:18 [allowed] §7Evacuating to Hub...
20:35:18 [allowed] §7Sending to server mega16C...
20:35:18 [allowed] §8 §r§8 §r§1 §r§3 §r§3 §r§7 §r§8 
20:35:21 [allowed] §aYou are playing on profile: §ePear§b (Co-op)
20:35:21 [allowed] §8Profile ID: da202b41-03b4-4acb-b131-26b3b789ffbc
20:35:26 [allowed] §7Warping...
20:35:27 [allowed] §cCouldn't warp you! Try again later. §r§7(DYNAMIC_POOL_ERROR)
20:35:31 [allowed] §7Warping...
20:35:32 [allowed] §7Sending to server mini91DD...
20:35:32 [allowed] §cYour spawn location was obstructed so you were spawned at the highest non-obstructed point!
20:35:32 [allowed] §8 §r§8 §r§1 §r§3 §r§3 §r§7 §r§8 
20:35:35 [allowed] §aYou are playing on profile: §ePear§b (Co-op)
20:35:35 [allowed] §8Profile ID: da202b41-03b4-4acb-b131-26b3b789ffbc
20:35:36 [allowed]  
20:36:32 [allowed] ▬▬▬▬▬▬▬▬▬▬▬▬▬▬▬▬▬▬▬▬▬▬▬▬▬▬▬▬▬▬▬▬▬▬▬▬▬▬▬▬▬▬▬▬▬▬▬▬▬▬▬▬▬▬▬▬▬▬▬▬▬▬▬▬
20:36:32 [allowed] §f                                §r§e§k#§r§6 LEVEL UP! §r§e§k#
20:36:32 [allowed] 
20:36:32 [allowed] §f                       §r§7You are now §r§eEvent Level §r§676§r§7!
20:36:32 [allowed] §f                       §r§7You earned §r§f18 Event Silver§r§7!
20:36:32 [allowed] 
20:36:32 [allowed] ▬▬▬▬▬▬▬▬▬▬▬▬▬▬▬▬▬▬▬▬▬▬▬▬▬▬▬▬▬▬▬▬▬▬▬▬▬▬▬▬▬▬▬▬▬▬▬▬▬▬▬▬▬▬▬▬▬▬▬▬▬▬▬▬
20:36:37 [allowed]  
20:37:37 [allowed]  
20:38:37 [allowed]  
20:38:54 [allowed] §cYou haven't unlocked this area yet!
20:39:15 [allowed] §aStarted pasting §r§bmelon end §r§apreset on Garden §r§aPlot §r§7- §r§bmelonn end§r§a!
20:39:15 [allowed] §eRemember, you have to be on the island for the resources to be planted!
20:39:15 [allowed] §c§lWARNING! §r§fBlocks that you break on this plot will not drop items while using a custom preset!
20:39:37 [allowed]  
20:40:32 [allowed] §aYou earned §r§e510 Event EXP §r§afrom playing SkyBlock!
20:40:37 [allowed]  
20:41:24 [allowed] §f §r§r§r§f §r§r§r§1 §r§r§r§0 §r§r§r§2 §r§r§r§f §r§r§r§f §r§r§r§2 §r§r§r§0 §r§r§r§4 §r§r§r§3 §r§r§r§9 §r§r§r§2 §r§r§r§0 §r§r§r§0 §r§r§r§3 §r§r§r§9 §r§r§r§2 §r§r§r§0 §r§r§r§0 §r§r§r§3 §r§r§r§9 §r§r§r§2 §r§r§r§0 §r§r§r§0 
20:41:25 [allowed] §aYou have §b30 §aunclaimed leveling rewards!
20:41:25 [allowed] §eClick here to view them!
20:41:25 [allowed] §aYou have §62 §aunclaimed achievement rewards!
20:41:25 [allowed] §eClick here to view them!
20:41:27 [allowed] §b[MVP§4+§b] kiefrey§f §6joined the lobby!
20:41:29 [allowed]  §b>§c>§a>§r §r§6[MVP§c++§6] HAPPYHACK§f §6joined the lobby!§r §a<§c<§b<
20:41:29 [allowed] §7Sending to server mini78BA...
20:41:30 [allowed] §cYour spawn location was obstructed so you were spawned at the highest non-obstructed point!
20:41:30 [allowed] §8 §r§8 §r§1 §r§3 §r§3 §r§7 §r§8 
20:41:32 [allowed] §cYou are sending commands too fast! Please slow down.
20:41:32 [allowed] 
20:41:32 [allowed] §eWelcome to §r§aHypixel SkyBlock§r§e!
20:41:32 [allowed] 
20:41:32 [allowed] §eLatest update: §bSkyBlock v0.23.1 §e§lCLICK
20:41:33 [allowed] §aYou are playing on profile: §ePear§b (Co-op)
20:41:33 [allowed] §8Profile ID: da202b41-03b4-4acb-b131-26b3b789ffbc
20:41:34 [allowed]  
20:41:40 [allowed] 
20:41:40 [allowed] §6§k§lA§r §c§lFIRE SALE §r§6§k§lA
§r§c♨ §eSelling an item for a limited time!
§r§c   ♨ §aFrog Dye §e(§e45,493 left§e)§c§r
§r§c♨ §a§l[WARP] §eTo Elizabeth in the next §c1d 4h 18m §eto grab yours!
20:41:40 [allowed] 
20:42:03 [allowed] §aStarted pasting §r§bcompact7 §r§apreset on Garden §r§aPlot §r§7- §r§bmelonn end§r§a!
20:42:03 [allowed] §eRemember, you have to be on the island for the resources to be planted!
20:42:03 [allowed] §c§lWARNING! §r§fBlocks that you break on this plot will not drop items while using a custom preset!
20:42:34 [allowed]  
20:43:35 [allowed]  
20:43:40 [allowed] §aYou received §r§750x §r§fMelon §r§athat were left over from a previous paste!
20:53:21 [allowed] §f §r§r§r§f §r§r§r§1 §r§r§r§0 §r§r§r§2 §r§r§r§f §r§r§r§f §r§r§r§2 §r§r§r§0 §r§r§r§4 §r§r§r§3 §r§r§r§9 §r§r§r§2 §r§r§r§0 §r§r§r§0 §r§r§r§3 §r§r§r§9 §r§r§r§2 §r§r§r§0 §r§r§r§0 §r§r§r§3 §r§r§r§9 §r§r§r§2 §r§r§r§0 §r§r§r§0 
20:53:35 [allowed] §f §r§r§r§f §r§r§r§1 §r§r§r§0 §r§r§r§2 §r§r§r§f §r§r§r§f §r§r§r§2 §r§r§r§0 §r§r§r§4 §r§r§r§3 §r§r§r§9 §r§r§r§2 §r§r§r§0 §r§r§r§0 §r§r§r§3 §r§r§r§9 §r§r§r§2 §r§r§r§0 §r§r§r§0 §r§r§r§3 §r§r§r§9 §r§r§r§2 §r§r§r§0 §r§r§r§0 
20:53:36 [allowed] §aYou have §b30 §aunclaimed leveling rewards!
20:53:36 [allowed] §eClick here to view them!
20:53:36 [allowed] §aYou have §62 §aunclaimed achievement rewards!
20:53:36 [allowed] §eClick here to view them!
20:53:37 [allowed] §b[MVP§4+§b] LeonJS_§f §6joined the lobby!
20:53:38 [allowed] §b[MVP§5+§b] Somin8008§f §6joined the lobby!
20:53:38 [allowed] §cYou are sending commands too fast! Please slow down.
20:53:38 [allowed] §b[MVP§c+§b] Terminator_XI§f §6joined the lobby!
20:53:38 [allowed] §7Sending to server mini99AN...
20:53:39 [allowed] §cYour spawn location was obstructed so you were spawned at the highest non-obstructed point!
20:53:39 [allowed] §8 §r§8 §r§1 §r§3 §r§3 §r§7 §r§8 
20:53:41 [allowed] 
20:53:41 [allowed] §eWelcome to §r§aHypixel SkyBlock§r§e!
20:53:41 [allowed] 
20:53:41 [allowed] §eLatest update: §bSkyBlock v0.23.1 §e§lCLICK
20:53:42 [allowed] §aYou are playing on profile: §ePear§b (Co-op)
20:53:42 [allowed] §8Profile ID: da202b41-03b4-4acb-b131-26b3b789ffbc
20:53:43 [allowed]  
20:53:49 [allowed] 
20:53:49 [allowed] §6§k§lA§r §c§lFIRE SALE §r§6§k§lA
§r§c♨ §eSelling an item for a limited time!
§r§c   ♨ §aFrog Dye §e(§e45,479 left§e)§c§r
§r§c♨ §a§l[WARP] §eTo Elizabeth in the next §c1d 4h 6m §eto grab yours!
20:53:49 [allowed] 
20:54:36 [allowed] §aStarted pasting §r§bmelon end §r§apreset on Garden §r§aPlot §r§7- §r§bmelonn end§r§a!
20:54:36 [allowed] §eRemember, you have to be on the island for the resources to be planted!
20:54:36 [allowed] §c§lWARNING! §r§fBlocks that you break on this plot will not drop items while using a custom preset!
20:54:41 [allowed] §cYou can't edit blocks while this plot is pasting!
20:54:41 [allowed] §cYou can't edit blocks while this plot is pasting!
20:54:41 [allowed] §cYou can't edit blocks while this plot is pasting!
20:54:42 [allowed] §cYou can't edit blocks while this plot is pasting!
20:54:42 [allowed] §cYou can't edit blocks while this plot is pasting!
20:54:42 [allowed] §cYou can't edit blocks while this plot is pasting!
20:54:42 [allowed] §cYou can't edit blocks while this plot is pasting!
20:54:42 [allowed] §cYou can't edit blocks while this plot is pasting!
20:54:43 [allowed] §cYou can't edit blocks while this plot is pasting!
20:54:43 [allowed] §cYou can't edit blocks while this plot is pasting!
20:54:43 [allowed] §cYou can't edit blocks while this plot is pasting!
20:54:43 [allowed] §cYou can't edit blocks while this plot is pasting!
20:54:43 [allowed] §cYou can't edit blocks while this plot is pasting!
20:54:43 [allowed]  
20:54:52 [allowed] §cYou can't edit blocks while this plot is pasting!
20:54:52 [allowed] §cYou can't edit blocks while this plot is pasting!
20:54:52 [allowed] §cYou can't edit blocks while this plot is pasting!
20:54:52 [allowed] §cYou can't edit blocks while this plot is pasting!
20:54:52 [allowed] §cYou can't edit blocks while this plot is pasting!
20:54:52 [allowed] §cYou can't edit blocks while this plot is pasting!
20:54:52 [allowed] §cYou can't edit blocks while this plot is pasting!
20:54:53 [allowed] §cYou can't edit blocks while this plot is pasting!
20:54:53 [allowed] §cYou can't edit blocks while this plot is pasting!
20:54:53 [allowed] §cYou can't edit blocks while this plot is pasting!
20:55:44 [allowed]  
20:56:28 [allowed] §cThis seed can't be placed here!
20:56:44 [allowed]  
20:57:07 [allowed] §cThis seed can't be placed here!
20:57:09 [allowed] §cThis seed can't be placed here!
20:57:44 [allowed]  
20:57:49 [allowed] §6[Bazaar] §r§7Executing instant sell...
20:57:49 [allowed] §6[Bazaar] §r§7Sold §r§a143§r§7x §r§aEnchanted Melon §r§7for §r§644,101 coins§r§7!
20:57:49 [allowed] §6[Bazaar] §r§7Sold §r§a3§r§7x §r§fBrown Mushroom §r§7for §r§619.2 coins§r§7!
20:57:49 [allowed] §6[Bazaar] §r§7Sold §r§a3§r§7x §r§fRed Mushroom §r§7for §r§619.8 coins§r§7!
20:57:49 [allowed] §6[Bazaar] §r§7Sold §r§a50§r§7x §r§fMelon §r§7for §r§655.0 coins§r§7!
20:57:56 [allowed] §6[Bazaar] §r§7Executing instant buy...
20:57:56 [allowed] §6[Bazaar] §r§7Bought §r§a1,280§r§7x §r§fMelon §r§7for §r§67,014.4 coins§r§7!
20:57:56 [allowed] §cInventory full? Don't forget to check out your Storage inside the SkyBlock Menu!
20:58:30 [allowed] §6[Bazaar] §r§7Executing instant buy...
20:58:30 [allowed] §6[Bazaar] §r§7Bought §r§a1,280§r§7x §r§fMelon §r§7for §r§67,040 coins§r§7!
20:58:39 [allowed] §aYou earned §r§e952 Event EXP §r§afrom playing SkyBlock!
20:58:44 [allowed]  
20:59:44 [allowed]  
21:00:31 [allowed] §e⚠ §aYour drops can't be seen by other players in §bSkyBlock§a!
§aOnly you and your §bco-op partners §acan pickup your drops!
§eClick here to disable this alert forever!
21:00:44 [allowed]  
22:02:37 [allowed] §f §r§r§r§f §r§r§r§1 §r§r§r§0 §r§r§r§2 §r§r§r§f §r§r§r§f §r§r§r§2 §r§r§r§0 §r§r§r§4 §r§r§r§3 §r§r§r§9 §r§r§r§2 §r§r§r§0 §r§r§r§0 §r§r§r§3 §r§r§r§9 §r§r§r§2 §r§r§r§0 §r§r§r§0 §r§r§r§3 §r§r§r§9 §r§r§r§2 §r§r§r§0 §r§r§r§0 
22:02:51 [allowed] §aYou have §b30 §aunclaimed leveling rewards!
22:02:51 [allowed] §eClick here to view them!
22:02:51 [allowed] §aYou have §63 §aunclaimed achievement rewards!
22:02:51 [allowed] §eClick here to view them!
22:02:54 [allowed] §b[MVP§d+§b] ElwinTheAmazing§f §6joined the lobby!
22:02:54 [allowed]  §b>§c>§a>§r §r§6[MVP§9++§6] KILLUAZAOLDYEEK§f §6joined the lobby!§r §a<§c<§b<
22:02:55 [allowed] §b[MVP§c+§b] f4wniie§f §6joined the lobby!
22:02:55 [allowed] §7Sending to server mini73BH...
22:02:56 [allowed] §cYour spawn location was obstructed so you were spawned at the highest non-obstructed point!
22:02:56 [allowed] §8 §r§8 §r§1 §r§3 §r§3 §r§7 §r§8 
22:02:56 [allowed] 
22:02:56 [allowed] §eWelcome to §r§aHypixel SkyBlock§r§e!
22:02:56 [allowed] 
22:02:56 [allowed] §eLatest update: §bSkyBlock v0.23.1 §e§lCLICK
22:02:56 [allowed] §aYou are playing on profile: §ePear§b (Co-op)
22:02:56 [allowed] §8Profile ID: da202b41-03b4-4acb-b131-26b3b789ffbc
22:02:56 [allowed]  
22:02:56 [allowed] 
22:02:56 [allowed] §6§k§lA§r §c§lFIRE SALE §r§6§k§lA
§r§c♨ §eSelling an item for a limited time!
§r§c   ♨ §aFrog Dye §e(§e45,450 left§e)§c§r
§r§c♨ §a§l[WARP] §eTo Elizabeth in the next §c1d 2h 57m §eto grab yours!
22:02:56 [allowed] 
22:03:02 [allowed] §a§lUNCOMMON DROP! §r§eDicer dropped §r§a4x §r§aEnchanted Melon§r§e!
22:03:17 [allowed] §9§lRARE DROP! §r§eDicer dropped §r§a16x §r§aEnchanted Melon§r§e!
22:03:28 [allowed] §a§lUNCOMMON DROP! §r§eDicer dropped §r§a4x §r§aEnchanted Melon§r§e!
22:03:30 [allowed] §6[Sacks] §r§a+691§r§e items§r§e.§r§8 (Last 30s.)
22:03:49 [allowed]  
22:03:59 [allowed] §6§lRARE CROP! §r§f§r§5Squash §r§b(Armor Set Bonus)
22:04:01 [allowed] §6[Sacks] §r§a+664§r§e items§r§e.§r§8 (Last 30s.)
22:04:07 [allowed] §6[Sacks] §r§a+15§r§e items§r§e.§r§8 (Last 5s.)
22:04:39 [allowed] §6[Sacks] §r§a+688§r§e items§r§e.§r§8 (Last 30s.)
22:04:49 [allowed]  
22:04:55 [allowed] §6§lGROSS! §7A §2Pest §7has appeared in §aPlot §7- §b5§7!
22:04:55 [allowed]   §r§e§lCLICK HERE §eto teleport to the plot!
22:05:11 [allowed] §6[Sacks] §r§a+886§r§e items§r§e.§r§8 (Last 30s.)
22:05:42 [allowed] §6[Sacks] §r§a+862§r§e items§r§e.§r§8 (Last 30s.)
22:05:50 [allowed]  
22:06:03 [allowed] §a§lUNCOMMON DROP! §r§eDicer dropped §r§a4x §r§aEnchanted Melon§r§e!
22:06:04 [allowed] §a§lUNCOMMON DROP! §r§eDicer dropped §r§a4x §r§aEnchanted Melon§r§e!
22:06:13 [allowed] §a§lUNCOMMON DROP! §r§eDicer dropped §r§a4x §r§aEnchanted Melon§r§e!
22:06:14 [allowed] §6[Sacks] §r§a+909§r§e items§r§e.§r§8 (Last 30s.)
22:06:29 [allowed] §9§lRARE DROP! §r§eDicer dropped §r§a16x §r§aEnchanted Melon§r§e!
22:06:45 [allowed] §6[Sacks] §r§a+818§r§e items§r§e.§r§8 (Last 30s.)
22:06:51 [allowed]  
22:07:12 [allowed] §6§lRARE CROP! §r§f§r§5Squash §r§b(Armor Set Bonus)
22:07:17 [allowed] §6[Sacks] §r§a+552§r§e items§r§e.§r§8 (Last 30s.)
22:07:47 [allowed] §a§lUNCOMMON DROP! §r§eDicer dropped §r§a4x §r§aEnchanted Melon§r§e!
22:07:47 [allowed] §aYou earned §r§e1,120 Event EXP §r§afrom playing SkyBlock!
22:07:47 [allowed] §6[Sacks] §r§a+895§r§e items§r§e.§r§8 (Last 30s.)
22:07:51 [allowed] §a§lUNCOMMON DROP! §r§eDicer dropped §r§a4x §r§aEnchanted Melon§r§e!
22:07:51 [allowed]  
22:08:07 [allowed] §f §r§r§r§f §r§r§r§1 §r§r§r§0 §r§r§r§2 §r§r§r§f §r§r§r§f §r§r§r§2 §r§r§r§0 §r§r§r§4 §r§r§r§3 §r§r§r§9 §r§r§r§2 §r§r§r§0 §r§r§r§0 §r§r§r§3 §r§r§r§9 §r§r§r§2 §r§r§r§0 §r§r§r§0 §r§r§r§3 §r§r§r§9 §r§r§r§2 §r§r§r§0 §r§r§r§0 
22:08:07 [allowed] §b[MVP§c+§b] JJunkyyard§f §6joined the lobby!
22:08:10 [allowed] §aYou have §b30 §aunclaimed leveling rewards!
22:08:10 [allowed] §eClick here to view them!
22:08:10 [allowed] §aYou have §63 §aunclaimed achievement rewards!
22:08:10 [allowed] §eClick here to view them!
22:09:43 [allowed] §f §r§r§r§f §r§r§r§1 §r§r§r§0 §r§r§r§2 §r§r§r§f §r§r§r§f §r§r§r§2 §r§r§r§0 §r§r§r§4 §r§r§r§3 §r§r§r§9 §r§r§r§2 §r§r§r§0 §r§r§r§0 §r§r§r§3 §r§r§r§9 §r§r§r§2 §r§r§r§0 §r§r§r§0 §r§r§r§3 §r§r§r§9 §r§r§r§2 §r§r§r§0 §r§r§r§0 
22:10:31 [allowed] §aYou have §b30 §aunclaimed leveling rewards!
22:10:31 [allowed] §eClick here to view them!
22:10:31 [allowed] §aYou have §63 §aunclaimed achievement rewards!
22:10:31 [allowed] §eClick here to view them!
22:11:19 [allowed] §f §r§r§r§f §r§r§r§1 §r§r§r§0 §r§r§r§2 §r§r§r§f §r§r§r§f §r§r§r§2 §r§r§r§0 §r§r§r§4 §r§r§r§3 §r§r§r§9 §r§r§r§2 §r§r§r§0 §r§r§r§0 §r§r§r§3 §r§r§r§9 §r§r§r§2 §r§r§r§0 §r§r§r§0 §r§r§r§3 §r§r§r§9 §r§r§r§2 §r§r§r§0 §r§r§r§0 
22:12:03 [allowed] §f §r§r§r§f §r§r§r§1 §r§r§r§0 §r§r§r§2 §r§r§r§f §r§r§r§f §r§r§r§2 §r§r§r§0 §r§r§r§4 §r§r§r§3 §r§r§r§9 §r§r§r§2 §r§r§r§0 §r§r§r§0 §r§r§r§3 §r§r§r§9 §r§r§r§2 §r§r§r§0 §r§r§r§0 §r§r§r§3 §r§r§r§9 §r§r§r§2 §r§r§r§0 §r§r§r§0 
