18:58:35 [STASH_COMPACT] §f                §7You have §32,261 §7materials stashed away!
18:58:35 [STASH_COMPACT] §f              §8(This totals 5 types of materials stashed!)
18:58:35 [STASH_COMPACT] §f                §3§l>>> §3§lCLICK HERE§b to pick them up! §3§l<<<
18:58:35 [STASH_COMPACT]   
18:59:34 [STASH_COMPACT] §f                §7You have §32,261 §7materials stashed away!
18:59:34 [STASH_COMPACT] §f              §8(This totals 5 types of materials stashed!)
18:59:34 [STASH_COMPACT] §f                §3§l>>> §3§lCLICK HERE§b to pick them up! §3§l<<<
18:59:34 [STASH_COMPACT]   
19:00:34 [STASH_COMPACT] §f                §7You have §32,261 §7materials stashed away!
19:00:34 [STASH_COMPACT] §f              §8(This totals 5 types of materials stashed!)
19:00:34 [STASH_COMPACT] §f                §3§l>>> §3§lCLICK HERE§b to pick them up! §3§l<<<
19:00:34 [STASH_COMPACT]   
19:01:34 [STASH_COMPACT] §f                §7You have §32,261 §7materials stashed away!
19:01:34 [STASH_COMPACT] §f              §8(This totals 5 types of materials stashed!)
19:01:34 [STASH_COMPACT] §f                §3§l>>> §3§lCLICK HERE§b to pick them up! §3§l<<<
19:01:34 [STASH_COMPACT]   
19:02:34 [STASH_COMPACT] §f                §7You have §32,261 §7materials stashed away!
19:02:34 [STASH_COMPACT] §f              §8(This totals 5 types of materials stashed!)
19:02:34 [STASH_COMPACT] §f                §3§l>>> §3§lCLICK HERE§b to pick them up! §3§l<<<
19:02:34 [STASH_COMPACT]   
19:03:34 [STASH_COMPACT] §f                §7You have §32,261 §7materials stashed away!
19:03:34 [STASH_COMPACT] §f              §8(This totals 5 types of materials stashed!)
19:03:34 [STASH_COMPACT] §f                §3§l>>> §3§lCLICK HERE§b to pick them up! §3§l<<<
19:03:34 [STASH_COMPACT]   
19:04:35 [STASH_COMPACT] §f                §7You have §32,261 §7materials stashed away!
19:04:35 [STASH_COMPACT] §f              §8(This totals 5 types of materials stashed!)
19:04:35 [STASH_COMPACT] §f                §3§l>>> §3§lCLICK HERE§b to pick them up! §3§l<<<
19:04:35 [STASH_COMPACT]   
19:53:14 [STASH_COMPACT] §f                §7You have §32,261 §7materials stashed away!
19:53:14 [STASH_COMPACT] §f              §8(This totals 5 types of materials stashed!)
19:53:14 [STASH_COMPACT] §f                §3§l>>> §3§lCLICK HERE§b to pick them up! §3§l<<<
19:53:14 [STASH_COMPACT]   
19:53:39 [STASH_COMPACT] §f                §7You have §32,261 §7materials stashed away!
19:53:39 [STASH_COMPACT] §f              §8(This totals 5 types of materials stashed!)
19:53:39 [STASH_COMPACT] §f                §3§l>>> §3§lCLICK HERE§b to pick them up! §3§l<<<
19:53:39 [STASH_COMPACT]   
19:54:23 [STASH_COMPACT] §f                §7You have §32,261 §7materials stashed away!
19:54:23 [STASH_COMPACT] §f              §8(This totals 5 types of materials stashed!)
19:54:23 [STASH_COMPACT] §f                §3§l>>> §3§lCLICK HERE§b to pick them up! §3§l<<<
19:54:23 [STASH_COMPACT]   
19:55:23 [STASH_COMPACT] §f                §7You have §32,261 §7materials stashed away!
19:55:23 [STASH_COMPACT] §f              §8(This totals 5 types of materials stashed!)
19:55:23 [STASH_COMPACT] §f                §3§l>>> §3§lCLICK HERE§b to pick them up! §3§l<<<
19:55:23 [STASH_COMPACT]   
19:56:23 [STASH_COMPACT] §f                §7You have §32,261 §7materials stashed away!
19:56:23 [STASH_COMPACT] §f              §8(This totals 5 types of materials stashed!)
19:56:23 [STASH_COMPACT] §f                §3§l>>> §3§lCLICK HERE§b to pick them up! §3§l<<<
19:56:23 [STASH_COMPACT]   
19:57:23 [STASH_COMPACT] §f                §7You have §32,261 §7materials stashed away!
19:57:23 [STASH_COMPACT] §f              §8(This totals 5 types of materials stashed!)
19:57:23 [STASH_COMPACT] §f                §3§l>>> §3§lCLICK HERE§b to pick them up! §3§l<<<
19:57:23 [STASH_COMPACT]   
19:59:35 [STASH_COMPACT] §f                §7You have §32,261 §7materials stashed away!
19:59:35 [STASH_COMPACT] §f              §8(This totals 5 types of materials stashed!)
19:59:35 [STASH_COMPACT] §f                §3§l>>> §3§lCLICK HERE§b to pick them up! §3§l<<<
19:59:35 [STASH_COMPACT]   
20:00:36 [STASH_COMPACT] §f                §7You have §32,261 §7materials stashed away!
20:00:36 [STASH_COMPACT] §f              §8(This totals 5 types of materials stashed!)
20:00:36 [STASH_COMPACT] §f                §3§l>>> §3§lCLICK HERE§b to pick them up! §3§l<<<
20:00:36 [STASH_COMPACT]   
20:01:36 [STASH_COMPACT] §f                §7You have §32,261 §7materials stashed away!
20:01:36 [STASH_COMPACT] §f              §8(This totals 5 types of materials stashed!)
20:01:36 [STASH_COMPACT] §f                §3§l>>> §3§lCLICK HERE§b to pick them up! §3§l<<<
20:01:36 [STASH_COMPACT]   
20:02:36 [STASH_COMPACT] §f                §7You have §32,261 §7materials stashed away!
20:02:36 [STASH_COMPACT] §f              §8(This totals 5 types of materials stashed!)
20:02:36 [STASH_COMPACT] §f                §3§l>>> §3§lCLICK HERE§b to pick them up! §3§l<<<
20:02:36 [STASH_COMPACT]   
20:35:13 [STASH_COMPACT] §f                §7You have §32,261 §7materials stashed away!
20:35:13 [STASH_COMPACT] §f              §8(This totals 5 types of materials stashed!)
20:35:13 [STASH_COMPACT] §f                §3§l>>> §3§lCLICK HERE§b to pick them up! §3§l<<<
20:35:13 [STASH_COMPACT]   
20:35:36 [STASH_COMPACT] §f                §7You have §32,261 §7materials stashed away!
20:35:36 [STASH_COMPACT] §f              §8(This totals 5 types of materials stashed!)
20:35:36 [STASH_COMPACT] §f                §3§l>>> §3§lCLICK HERE§b to pick them up! §3§l<<<
20:35:36 [STASH_COMPACT]   
20:36:37 [STASH_COMPACT] §f                §7You have §32,261 §7materials stashed away!
20:36:37 [STASH_COMPACT] §f              §8(This totals 5 types of materials stashed!)
20:36:37 [STASH_COMPACT] §f                §3§l>>> §3§lCLICK HERE§b to pick them up! §3§l<<<
20:36:37 [STASH_COMPACT]   
20:37:37 [STASH_COMPACT] §f                §7You have §32,261 §7materials stashed away!
20:37:37 [STASH_COMPACT] §f              §8(This totals 5 types of materials stashed!)
20:37:37 [STASH_COMPACT] §f                §3§l>>> §3§lCLICK HERE§b to pick them up! §3§l<<<
20:37:37 [STASH_COMPACT]   
20:38:37 [STASH_COMPACT] §f                §7You have §32,261 §7materials stashed away!
20:38:37 [STASH_COMPACT] §f              §8(This totals 5 types of materials stashed!)
20:38:37 [STASH_COMPACT] §f                §3§l>>> §3§lCLICK HERE§b to pick them up! §3§l<<<
20:38:37 [STASH_COMPACT]   
20:39:37 [STASH_COMPACT] §f                §7You have §32,261 §7materials stashed away!
20:39:37 [STASH_COMPACT] §f              §8(This totals 5 types of materials stashed!)
20:39:37 [STASH_COMPACT] §f                §3§l>>> §3§lCLICK HERE§b to pick them up! §3§l<<<
20:39:37 [STASH_COMPACT]   
20:40:37 [STASH_COMPACT] §f                §7You have §32,261 §7materials stashed away!
20:40:37 [STASH_COMPACT] §f              §8(This totals 5 types of materials stashed!)
20:40:37 [STASH_COMPACT] §f                §3§l>>> §3§lCLICK HERE§b to pick them up! §3§l<<<
20:40:37 [STASH_COMPACT]   
20:41:34 [STASH_COMPACT] §f                §7You have §32,261 §7materials stashed away!
20:41:34 [STASH_COMPACT] §f              §8(This totals 5 types of materials stashed!)
20:41:34 [STASH_COMPACT] §f                §3§l>>> §3§lCLICK HERE§b to pick them up! §3§l<<<
20:41:34 [STASH_COMPACT]   
20:42:34 [STASH_COMPACT] §f                §7You have §32,261 §7materials stashed away!
20:42:34 [STASH_COMPACT] §f              §8(This totals 5 types of materials stashed!)
20:42:34 [STASH_COMPACT] §f                §3§l>>> §3§lCLICK HERE§b to pick them up! §3§l<<<
20:42:34 [STASH_COMPACT]   
20:43:35 [STASH_COMPACT] §f                §7You have §32,261 §7materials stashed away!
20:43:35 [STASH_COMPACT] §f              §8(This totals 5 types of materials stashed!)
20:43:35 [STASH_COMPACT] §f                §3§l>>> §3§lCLICK HERE§b to pick them up! §3§l<<<
20:43:35 [STASH_COMPACT]   
20:53:43 [STASH_COMPACT] §f                §7You have §32,261 §7materials stashed away!
20:53:43 [STASH_COMPACT] §f              §8(This totals 5 types of materials stashed!)
20:53:43 [STASH_COMPACT] §f                §3§l>>> §3§lCLICK HERE§b to pick them up! §3§l<<<
20:53:43 [STASH_COMPACT]   
20:54:43 [STASH_COMPACT] §f                §7You have §32,261 §7materials stashed away!
20:54:43 [STASH_COMPACT] §f              §8(This totals 5 types of materials stashed!)
20:54:43 [STASH_COMPACT] §f                §3§l>>> §3§lCLICK HERE§b to pick them up! §3§l<<<
20:54:43 [STASH_COMPACT]   
20:55:44 [STASH_COMPACT] §f                §7You have §32,261 §7materials stashed away!
20:55:44 [STASH_COMPACT] §f              §8(This totals 5 types of materials stashed!)
20:55:44 [STASH_COMPACT] §f                §3§l>>> §3§lCLICK HERE§b to pick them up! §3§l<<<
20:55:44 [STASH_COMPACT]   
20:56:44 [STASH_COMPACT] §f                §7You have §32,261 §7materials stashed away!
20:56:44 [STASH_COMPACT] §f              §8(This totals 5 types of materials stashed!)
20:56:44 [STASH_COMPACT] §f                §3§l>>> §3§lCLICK HERE§b to pick them up! §3§l<<<
20:56:44 [STASH_COMPACT]   
20:57:44 [STASH_COMPACT] §f                §7You have §32,261 §7materials stashed away!
20:57:44 [STASH_COMPACT] §f              §8(This totals 5 types of materials stashed!)
20:57:44 [STASH_COMPACT] §f                §3§l>>> §3§lCLICK HERE§b to pick them up! §3§l<<<
20:57:44 [STASH_COMPACT]   
20:58:44 [STASH_COMPACT] §f                §7You have §32,261 §7materials stashed away!
20:58:44 [STASH_COMPACT] §f              §8(This totals 5 types of materials stashed!)
20:58:44 [STASH_COMPACT] §f                §3§l>>> §3§lCLICK HERE§b to pick them up! §3§l<<<
20:58:44 [STASH_COMPACT]   
20:59:44 [STASH_COMPACT] §f                §7You have §32,261 §7materials stashed away!
20:59:44 [STASH_COMPACT] §f              §8(This totals 5 types of materials stashed!)
20:59:44 [STASH_COMPACT] §f                §3§l>>> §3§lCLICK HERE§b to pick them up! §3§l<<<
20:59:44 [STASH_COMPACT]   
21:00:44 [STASH_COMPACT] §f                §7You have §32,261 §7materials stashed away!
21:00:44 [STASH_COMPACT] §f              §8(This totals 5 types of materials stashed!)
21:00:44 [STASH_COMPACT] §f                §3§l>>> §3§lCLICK HERE§b to pick them up! §3§l<<<
21:00:44 [STASH_COMPACT]   
22:02:56 [STASH_COMPACT] §f               §7You have §324,523 §7materials stashed away!
22:02:56 [STASH_COMPACT] §f              §8(This totals 6 types of materials stashed!)
22:02:56 [STASH_COMPACT] §f                §3§l>>> §3§lCLICK HERE§b to pick them up! §3§l<<<
22:02:56 [STASH_COMPACT]   
22:03:49 [STASH_COMPACT] §f               §7You have §324,523 §7materials stashed away!
22:03:49 [STASH_COMPACT] §f              §8(This totals 6 types of materials stashed!)
22:03:49 [STASH_COMPACT] §f                §3§l>>> §3§lCLICK HERE§b to pick them up! §3§l<<<
22:03:49 [STASH_COMPACT]   
22:04:49 [STASH_COMPACT] §f               §7You have §324,523 §7materials stashed away!
22:04:49 [STASH_COMPACT] §f              §8(This totals 6 types of materials stashed!)
22:04:49 [STASH_COMPACT] §f                §3§l>>> §3§lCLICK HERE§b to pick them up! §3§l<<<
22:04:49 [STASH_COMPACT]   
22:05:50 [STASH_COMPACT] §f               §7You have §324,523 §7materials stashed away!
22:05:50 [STASH_COMPACT] §f              §8(This totals 6 types of materials stashed!)
22:05:50 [STASH_COMPACT] §f                §3§l>>> §3§lCLICK HERE§b to pick them up! §3§l<<<
22:05:50 [STASH_COMPACT]   
22:06:01 [NEW_VISITOR_ARRIVED] §9§r§9Tammy §r§ehas arrived on your §r§aGarden§r§e!
22:06:51 [STASH_COMPACT] §f               §7You have §324,523 §7materials stashed away!
22:06:51 [STASH_COMPACT] §f              §8(This totals 6 types of materials stashed!)
22:06:51 [STASH_COMPACT] §f                §3§l>>> §3§lCLICK HERE§b to pick them up! §3§l<<<
22:06:51 [STASH_COMPACT]   
22:07:51 [STASH_COMPACT] §f               §7You have §324,523 §7materials stashed away!
22:07:51 [STASH_COMPACT] §f              §8(This totals 6 types of materials stashed!)
22:07:51 [STASH_COMPACT] §f                §3§l>>> §3§lCLICK HERE§b to pick them up! §3§l<<<
22:07:51 [STASH_COMPACT]   
