18:55:20 §e[SkyHanni] Reloaded 7532 items in the NEU repo§r
18:58:35 §e[SkyHanni] Successfully loaded this year's contests from elitebot.dev automatically!§r
18:58:35 §e[SkyHanni] §aHornum §eis visiting your garden!§r
18:58:35 §e[SkyHanni] §aTrevor §eis visiting your garden!§r
18:58:35 §e[SkyHanni] §aJacob §eis visiting your garden!§r
18:58:35 §e[SkyHanni] §aLiam §eis visiting your garden!§r
18:58:35 §e[SkyHanni] §9Lumina §eis visiting your garden!§r
18:58:35 §e[SkyHanni] §bYou have §32.2k §bmaterials in stash, §btotalling §35 types§b. §bClick to §3pickup §byour stash!§r
19:53:14 §e[SkyHanni] §bYou have §32.2k §bmaterials in stash, §btotalling §35 types§b. §bClick to §3pickup §byour stash!§r
19:53:39 §e[SkyHanni] §bYou have §32.2k §bmaterials in stash, §btotalling §35 types§b. §bClick to §3pickup §byour stash!§r
19:54:23 §e[SkyHanni] §bYou have §32.2k §bmaterials in stash, §btotalling §35 types§b. §bClick to §3pickup §byour stash!§r
19:59:35 §e[SkyHanni] §bYou have §32.2k §bmaterials in stash, §btotalling §35 types§b. §bClick to §3pickup §byour stash!§r
20:35:13 §e[SkyHanni] §bYou have §32.2k §bmaterials in stash, §btotalling §35 types§b. §bClick to §3pickup §byour stash!§r
20:35:36 §e[SkyHanni] §bYou have §32.2k §bmaterials in stash, §btotalling §35 types§b. §bClick to §3pickup §byour stash!§r
20:35:38 §e[SkyHanni] §aJacob §eis visiting your garden!§r
20:35:38 §e[SkyHanni] §aLiam §eis visiting your garden!§r
20:40:51 §e[SkyHanni] §aTrevor §eis visiting your garden!§r
20:40:51 §e[SkyHanni] §aJacob §eis visiting your garden!§r
20:40:51 §e[SkyHanni] §aLiam §eis visiting your garden!§r
20:40:51 §e[SkyHanni] §9Lumina §eis visiting your garden!§r
20:41:34 §e[SkyHanni] §bYou have §32.2k §bmaterials in stash, §btotalling §35 types§b. §bClick to §3pickup §byour stash!§r
20:53:43 §e[SkyHanni] §bYou have §32.2k §bmaterials in stash, §btotalling §35 types§b. §bClick to §3pickup §byour stash!§r
22:02:56 §e[SkyHanni] §bYou have §324k §bmaterials in stash, §btotalling §36 types§b. §bClick to §3pickup §byour stash!§r
22:06:05 §e[SkyHanni] §9Tammy §eis visiting your garden!§r
