04:06:54 Trying to load config from config\skyhanni\config.json
04:06:54 load-config-now
04:06:55 Loaded config from file
04:06:55 Trying to load sacks from config\skyhanni\sacks.json
04:06:55 load-sacks-now
04:06:55 Loaded sacks from file
04:06:55 Trying to load friends from config\skyhanni\friends.json
04:06:55 load-friends-now
04:06:55 Loaded friends from file
04:06:55 Trying to load known_features from config\skyhanni\known_features.json
04:06:55 load-known_features-now
04:06:55 Loaded known_features from file
04:06:55 Trying to load jacob_contests from config\skyhanni\jacob_contests.json
04:06:55 Setting jacob_contests to be blank as it did not exist. It will be saved once something is written to it
04:06:55 Trying to load visual_words from config\skyhanni\visual_words.json
04:06:55 Setting visual_words to be blank as it did not exist. It will be saved once something is written to it
04:06:55 Trying to load pets from config\skyhanni\pets.json
04:06:55 load-pets-now
04:06:55 Loaded pets from file
04:07:55 saveConfig: auto-save-60s
04:07:55 Saving config file
04:07:55 Saved config file successfully
04:07:55 saveConfig: auto-save-60s
04:07:55 Saving config file
04:07:56 Saved config file successfully
04:08:55 saveConfig: auto-save-60s
04:08:55 Saving config file
04:08:55 Saved config file successfully
04:08:55 saveConfig: auto-save-60s
04:08:55 Saving config file
04:08:55 Saved config file successfully
04:09:55 saveConfig: auto-save-60s
04:09:55 Saving config file
04:09:55 Saved config file successfully
04:09:55 saveConfig: auto-save-60s
04:09:55 Saving config file
04:09:55 Saved config file successfully
04:10:55 saveConfig: auto-save-60s
04:10:55 Saving config file
04:10:55 Saved config file successfully
04:10:55 saveConfig: auto-save-60s
04:10:55 Saving config file
04:10:55 Saved config file successfully
04:11:55 saveConfig: auto-save-60s
04:11:55 Saving config file
04:11:55 Saved config file successfully
04:11:55 saveConfig: auto-save-60s
04:11:55 Saving config file
04:11:55 Saved config file successfully
04:12:55 saveConfig: auto-save-60s
04:12:55 Saving config file
04:12:55 Saved config file successfully
04:12:55 saveConfig: auto-save-60s
04:12:55 Saving config file
04:12:55 Saved config file successfully
04:13:55 saveConfig: auto-save-60s
04:13:55 Saving config file
04:13:55 Saved config file successfully
04:13:55 saveConfig: auto-save-60s
04:13:55 Saving config file
04:13:55 Saved config file successfully
04:14:55 saveConfig: auto-save-60s
04:14:55 Saving config file
04:14:55 Saved config file successfully
04:14:55 saveConfig: auto-save-60s
04:14:55 Saving config file
04:14:55 Saved config file successfully
04:15:55 saveConfig: auto-save-60s
04:15:55 Saving config file
04:15:55 Saved config file successfully
04:15:55 saveConfig: auto-save-60s
04:15:55 Saving config file
04:15:55 Saved config file successfully
04:16:55 saveConfig: auto-save-60s
04:16:55 Saving config file
04:16:55 Saved config file successfully
04:16:55 saveConfig: auto-save-60s
04:16:55 Saving config file
04:16:55 Saved config file successfully
04:17:55 saveConfig: auto-save-60s
04:17:55 Saving config file
04:17:55 Saved config file successfully
04:17:55 saveConfig: auto-save-60s
04:17:55 Saving config file
04:17:55 Saved config file successfully
04:18:55 saveConfig: auto-save-60s
04:18:55 Saving config file
04:18:55 Saved config file successfully
04:18:55 saveConfig: auto-save-60s
04:18:55 Saving config file
04:18:55 Saved config file successfully
04:19:55 saveConfig: auto-save-60s
04:19:55 Saving config file
04:19:55 Saved config file successfully
04:19:55 saveConfig: auto-save-60s
04:19:55 Saving config file
04:19:55 Saved config file successfully
04:20:55 saveConfig: auto-save-60s
04:20:55 Saving config file
04:20:55 Saved config file successfully
04:20:55 saveConfig: auto-save-60s
04:20:55 Saving config file
04:20:55 Saved config file successfully
04:21:55 saveConfig: auto-save-60s
04:21:55 Saving config file
04:21:55 Saved config file successfully
04:21:55 saveConfig: auto-save-60s
04:21:55 Saving config file
04:21:55 Saved config file successfully
04:22:55 saveConfig: auto-save-60s
04:22:55 Saving config file
04:22:55 Saved config file successfully
04:22:55 saveConfig: auto-save-60s
04:22:55 Saving config file
04:22:55 Saved config file successfully
04:23:55 saveConfig: auto-save-60s
04:23:55 Saving config file
04:23:55 Saved config file successfully
04:23:55 saveConfig: auto-save-60s
04:23:55 Saving config file
04:23:55 Saved config file successfully
04:24:55 saveConfig: auto-save-60s
04:24:55 Saving config file
04:24:55 Saved config file successfully
04:24:55 saveConfig: auto-save-60s
04:24:55 Saving config file
04:24:55 Saved config file successfully
04:25:55 saveConfig: auto-save-60s
04:25:55 Saving config file
04:25:55 Saved config file successfully
04:25:55 saveConfig: auto-save-60s
04:25:55 Saving config file
04:25:55 Saved config file successfully
04:26:55 saveConfig: auto-save-60s
04:26:55 Saving config file
04:26:55 Saved config file successfully
04:26:55 saveConfig: auto-save-60s
04:26:55 Saving config file
04:26:55 Saved config file successfully
04:27:55 saveConfig: auto-save-60s
04:27:55 Saving config file
04:27:55 Saved config file successfully
04:27:55 saveConfig: auto-save-60s
04:27:55 Saving config file
04:27:55 Saved config file successfully
04:28:55 saveConfig: auto-save-60s
04:28:55 Saving config file
04:28:55 Saved config file successfully
04:28:55 saveConfig: auto-save-60s
04:28:55 Saving config file
04:28:55 Saved config file successfully
04:29:55 saveConfig: auto-save-60s
04:29:55 Saving config file
04:29:55 Saved config file successfully
04:29:55 saveConfig: auto-save-60s
04:29:55 Saving config file
04:29:55 Saved config file successfully
04:30:55 saveConfig: auto-save-60s
04:30:55 Saving config file
04:30:55 Saved config file successfully
04:30:55 saveConfig: auto-save-60s
04:30:55 Saving config file
04:30:55 Saved config file successfully
04:31:55 saveConfig: auto-save-60s
04:31:55 Saving config file
04:31:55 Saved config file successfully
04:31:55 saveConfig: auto-save-60s
04:31:55 Saving config file
04:31:55 Saved config file successfully
04:32:55 saveConfig: auto-save-60s
04:32:55 Saving config file
04:32:55 Saved config file successfully
04:32:55 saveConfig: auto-save-60s
04:32:55 Saving config file
04:32:55 Saved config file successfully
04:33:55 saveConfig: auto-save-60s
04:33:55 Saving config file
04:33:55 Saved config file successfully
04:33:55 saveConfig: auto-save-60s
04:33:55 Saving config file
04:33:55 Saved config file successfully
04:34:55 saveConfig: auto-save-60s
04:34:55 Saving config file
04:34:55 Saved config file successfully
04:34:55 saveConfig: auto-save-60s
04:34:55 Saving config file
04:34:55 Saved config file successfully
04:35:55 saveConfig: auto-save-60s
04:35:55 Saving config file
04:35:55 Saved config file successfully
04:35:55 saveConfig: auto-save-60s
04:35:55 Saving config file
04:35:55 Saved config file successfully
04:36:55 saveConfig: auto-save-60s
04:36:55 Saving config file
04:36:55 Saved config file successfully
04:36:55 saveConfig: auto-save-60s
04:36:55 Saving config file
04:36:55 Saved config file successfully
04:37:55 saveConfig: auto-save-60s
04:37:55 Saving config file
04:37:55 Saved config file successfully
04:37:55 saveConfig: auto-save-60s
04:37:55 Saving config file
04:37:55 Saved config file successfully
04:38:55 saveConfig: auto-save-60s
04:38:55 Saving config file
04:38:55 Saved config file successfully
04:38:55 saveConfig: auto-save-60s
04:38:55 Saving config file
04:38:55 Saved config file successfully
04:39:55 saveConfig: auto-save-60s
04:39:55 Saving config file
04:39:55 Saved config file successfully
04:39:55 saveConfig: auto-save-60s
04:39:55 Saving config file
04:39:55 Saved config file successfully
04:40:55 saveConfig: auto-save-60s
04:40:55 Saving config file
04:40:55 Saved config file successfully
04:40:55 saveConfig: auto-save-60s
04:40:55 Saving config file
04:40:55 Saved config file successfully
04:41:55 saveConfig: auto-save-60s
04:41:55 Saving config file
04:41:55 Saved config file successfully
04:41:55 saveConfig: auto-save-60s
04:41:55 Saving config file
04:41:55 Saved config file successfully
04:42:55 saveConfig: auto-save-60s
04:42:55 Saving config file
04:42:55 Saved config file successfully
04:42:55 saveConfig: auto-save-60s
04:42:55 Saving config file
04:42:55 Saved config file successfully
04:43:55 saveConfig: auto-save-60s
04:43:55 Saving config file
04:43:55 Saved config file successfully
04:43:55 saveConfig: auto-save-60s
04:43:55 Saving config file
04:43:55 Saved config file successfully
04:44:55 saveConfig: auto-save-60s
04:44:55 Saving config file
04:44:55 Saved config file successfully
04:44:55 saveConfig: auto-save-60s
04:44:55 Saving config file
04:44:55 Saved config file successfully
04:45:45 saveConfig: Updated known feature flags
04:45:45 Saving known_features file
04:45:45 Saved known_features file successfully
04:45:45 saveConfig: Updated known feature flags
04:45:45 Saving known_features file
04:45:45 Saved known_features file successfully
04:45:55 saveConfig: auto-save-60s
04:45:55 Saving config file
04:45:55 Saved config file successfully
04:45:55 saveConfig: auto-save-60s
04:45:55 Saving config file
04:45:55 Saved config file successfully
04:46:21 saveConfig: saving-data
04:46:21 Saving pets file
04:46:21 Saved pets file successfully
04:46:21 saveConfig: saving-data
04:46:21 Saving pets file
04:46:21 Saved pets file successfully
04:46:52 saveConfig: saving-data
04:46:52 Saving pets file
04:46:52 Saved pets file successfully
04:46:52 saveConfig: saving-data
04:46:52 Saving pets file
04:46:52 Saved pets file successfully
04:46:55 saveConfig: auto-save-60s
04:46:55 Saving config file
04:46:55 Saved config file successfully
04:46:55 saveConfig: auto-save-60s
04:46:55 Saving config file
04:46:55 Saved config file successfully
04:47:32 saveConfig: saving-data
04:47:32 Saving sacks file
04:47:32 Saved sacks file successfully
04:47:32 saveConfig: saving-data
04:47:32 Saving sacks file
04:47:32 Saved sacks file successfully
04:47:53 saveConfig: saving-data
04:47:53 Saving sacks file
04:47:53 Saved sacks file successfully
04:47:53 saveConfig: saving-data
04:47:53 Saving sacks file
04:47:53 Saved sacks file successfully
04:47:55 saveConfig: auto-save-60s
04:47:55 Saving config file
04:47:55 Saved config file successfully
04:47:55 saveConfig: auto-save-60s
04:47:55 Saving config file
04:47:55 Saved config file successfully
04:48:30 saveConfig: saving-data
04:48:30 Saving sacks file
04:48:30 Saved sacks file successfully
04:48:30 saveConfig: saving-data
04:48:30 Saving sacks file
04:48:30 Saved sacks file successfully
04:48:54 saveConfig: saving-data
04:48:54 Saving sacks file
04:48:54 Saved sacks file successfully
04:48:54 saveConfig: saving-data
04:48:54 Saving sacks file
04:48:54 Saved sacks file successfully
04:48:55 saveConfig: auto-save-60s
04:48:55 Saving config file
04:48:55 Saved config file successfully
04:48:55 saveConfig: auto-save-60s
04:48:55 Saving config file
04:48:55 Saved config file successfully
04:49:38 saveConfig: saving-data
04:49:38 Saving sacks file
04:49:38 Saved sacks file successfully
04:49:38 saveConfig: saving-data
04:49:38 Saving sacks file
04:49:38 Saved sacks file successfully
04:49:55 saveConfig: auto-save-60s
04:49:55 Saving config file
04:49:55 Saved config file successfully
04:49:55 saveConfig: auto-save-60s
04:49:55 Saving config file
04:49:55 Saved config file successfully
04:50:09 saveConfig: saving-data
04:50:09 Saving sacks file
04:50:09 Saved sacks file successfully
04:50:09 saveConfig: saving-data
04:50:09 Saving sacks file
04:50:09 Saved sacks file successfully
04:50:41 saveConfig: saving-data
04:50:41 Saving sacks file
04:50:41 Saved sacks file successfully
04:50:41 saveConfig: saving-data
04:50:41 Saving sacks file
04:50:41 Saved sacks file successfully
04:50:48 saveConfig: saving-data
04:50:48 Saving sacks file
04:50:48 Saved sacks file successfully
04:50:48 saveConfig: saving-data
04:50:48 Saving sacks file
04:50:48 Saved sacks file successfully
04:50:55 saveConfig: auto-save-60s
04:50:55 Saving config file
04:50:55 Saved config file successfully
04:50:55 saveConfig: auto-save-60s
04:50:55 Saving config file
04:50:55 Saved config file successfully
04:51:18 saveConfig: saving-data
04:51:18 Saving pets file
04:51:18 Saved pets file successfully
04:51:18 saveConfig: saving-data
04:51:18 Saving pets file
04:51:18 Saved pets file successfully
04:51:49 saveConfig: saving-data
04:51:49 Saving pets file
04:51:49 Saved pets file successfully
04:51:49 saveConfig: saving-data
04:51:49 Saving pets file
04:51:49 Saved pets file successfully
04:51:55 saveConfig: auto-save-60s
04:51:55 Saving config file
04:51:55 Saved config file successfully
04:51:55 saveConfig: auto-save-60s
04:51:55 Saving config file
04:51:55 Saved config file successfully
04:52:55 saveConfig: auto-save-60s
04:52:55 Saving config file
04:52:55 Saved config file successfully
04:52:55 saveConfig: auto-save-60s
04:52:55 Saving config file
04:52:55 Saved config file successfully
04:53:55 saveConfig: auto-save-60s
04:53:55 Saving config file
04:53:55 Saved config file successfully
04:53:55 saveConfig: auto-save-60s
04:53:55 Saving config file
04:53:55 Saved config file successfully
04:54:52 saveConfig: saving-data
04:54:52 Saving pets file
04:54:52 Saved pets file successfully
04:54:52 saveConfig: saving-data
04:54:52 Saving pets file
04:54:52 Saved pets file successfully
04:54:55 saveConfig: auto-save-60s
04:54:55 Saving config file
04:54:55 Saved config file successfully
04:54:55 saveConfig: auto-save-60s
04:54:55 Saving config file
04:54:55 Saved config file successfully
04:55:23 saveConfig: saving-data
04:55:23 Saving pets file
04:55:23 Saved pets file successfully
04:55:23 saveConfig: saving-data
04:55:23 Saving pets file
04:55:23 Saved pets file successfully
04:55:33 saveConfig: saving-data
04:55:33 Saving sacks file
04:55:33 Saved sacks file successfully
04:55:33 saveConfig: saving-data
04:55:33 Saving sacks file
04:55:33 Saved sacks file successfully
04:55:43 saveConfig: saving-data
04:55:43 Saving sacks file
04:55:43 Saved sacks file successfully
04:55:43 saveConfig: saving-data
04:55:43 Saving sacks file
04:55:43 Saved sacks file successfully
04:55:55 saveConfig: auto-save-60s
04:55:55 Saving config file
04:55:55 Saved config file successfully
04:55:55 saveConfig: auto-save-60s
04:55:55 Saving config file
04:55:55 Saved config file successfully
04:55:56 saveConfig: saving-data
04:55:56 Saving sacks file
04:55:56 Saved sacks file successfully
04:55:56 saveConfig: saving-data
04:55:56 Saving sacks file
04:55:56 Saved sacks file successfully
04:56:55 saveConfig: auto-save-60s
04:56:55 Saving config file
04:56:55 Saved config file successfully
04:56:55 saveConfig: auto-save-60s
04:56:55 Saving config file
04:56:55 Saved config file successfully
04:57:55 saveConfig: auto-save-60s
04:57:55 Saving config file
04:57:55 Saved config file successfully
04:57:55 saveConfig: auto-save-60s
04:57:55 Saving config file
04:57:55 Saved config file successfully
04:58:55 saveConfig: auto-save-60s
04:58:55 Saving config file
04:58:55 Saved config file successfully
04:58:55 saveConfig: auto-save-60s
04:58:55 Saving config file
04:58:55 Saved config file successfully
04:59:55 saveConfig: auto-save-60s
04:59:55 Saving config file
04:59:55 Saved config file successfully
04:59:55 saveConfig: auto-save-60s
04:59:55 Saving config file
04:59:55 Saved config file successfully
05:00:55 saveConfig: auto-save-60s
05:00:55 Saving config file
05:00:55 Saved config file successfully
05:00:55 saveConfig: auto-save-60s
05:00:55 Saving config file
05:00:55 Saved config file successfully
05:01:55 saveConfig: auto-save-60s
05:01:55 Saving config file
05:01:55 Saved config file successfully
05:01:55 saveConfig: auto-save-60s
05:01:55 Saving config file
05:01:55 Saved config file successfully
05:02:55 saveConfig: auto-save-60s
05:02:55 Saving config file
05:02:55 Saved config file successfully
05:02:55 saveConfig: auto-save-60s
05:02:55 Saving config file
05:02:55 Saved config file successfully
05:03:55 saveConfig: auto-save-60s
05:03:55 Saving config file
05:03:55 Saved config file successfully
05:03:55 saveConfig: auto-save-60s
05:03:55 Saving config file
05:03:55 Saved config file successfully
05:04:55 saveConfig: auto-save-60s
05:04:55 Saving config file
05:04:55 Saved config file successfully
05:04:55 saveConfig: auto-save-60s
05:04:55 Saving config file
05:04:55 Saved config file successfully
05:05:55 saveConfig: auto-save-60s
05:05:55 Saving config file
05:05:55 Saved config file successfully
05:05:55 saveConfig: auto-save-60s
05:05:55 Saving config file
05:05:55 Saved config file successfully
05:06:55 saveConfig: auto-save-60s
05:06:55 Saving config file
05:06:55 Saved config file successfully
05:06:55 saveConfig: auto-save-60s
05:06:55 Saving config file
05:06:55 Saved config file successfully
05:07:42 saveConfig: saving-data
05:07:42 Saving pets file
05:07:42 Saved pets file successfully
05:07:42 saveConfig: saving-data
05:07:42 Saving pets file
05:07:42 Saved pets file successfully
05:07:55 saveConfig: auto-save-60s
05:07:55 Saving config file
05:07:55 Saved config file successfully
05:07:55 saveConfig: auto-save-60s
05:07:55 Saving config file
05:07:55 Saved config file successfully
05:08:13 saveConfig: saving-data
05:08:13 Saving pets file
05:08:13 Saved pets file successfully
05:08:13 saveConfig: saving-data
05:08:13 Saving pets file
05:08:13 Saved pets file successfully
05:08:32 saveConfig: saving-data
05:08:32 Saving sacks file
05:08:32 Saved sacks file successfully
05:08:32 saveConfig: saving-data
05:08:32 Saving sacks file
05:08:32 Saved sacks file successfully
05:08:55 saveConfig: auto-save-60s
05:08:55 Saving config file
05:08:55 Saved config file successfully
05:08:55 saveConfig: auto-save-60s
05:08:55 Saving config file
05:08:55 Saved config file successfully
05:09:18 saveConfig: saving-data
05:09:18 Saving pets file
05:09:18 Saved pets file successfully
05:09:18 saveConfig: saving-data
05:09:18 Saving pets file
05:09:18 Saved pets file successfully
05:09:49 saveConfig: saving-data
05:09:49 Saving pets file
05:09:49 Saved pets file successfully
05:09:49 saveConfig: saving-data
05:09:49 Saving pets file
05:09:49 Saved pets file successfully
05:09:55 saveConfig: auto-save-60s
05:09:55 Saving config file
05:09:55 Saved config file successfully
05:09:55 saveConfig: auto-save-60s
05:09:55 Saving config file
05:09:55 Saved config file successfully
05:10:16 saveConfig: saving-data
05:10:16 Saving sacks file
05:10:16 Saved sacks file successfully
05:10:16 saveConfig: saving-data
05:10:16 Saving sacks file
05:10:16 Saved sacks file successfully
05:10:55 saveConfig: auto-save-60s
05:10:55 Saving config file
05:10:55 Saved config file successfully
05:10:55 saveConfig: auto-save-60s
05:10:55 Saving config file
05:10:55 Saved config file successfully
05:11:55 saveConfig: auto-save-60s
05:11:55 Saving config file
05:11:55 Saved config file successfully
05:11:55 saveConfig: auto-save-60s
05:11:55 Saving config file
05:11:55 Saved config file successfully
05:12:16 saveConfig: saving-data
05:12:16 Saving sacks file
05:12:17 Saved sacks file successfully
05:12:17 saveConfig: saving-data
05:12:17 Saving sacks file
05:12:17 Saved sacks file successfully
05:12:50 saveConfig: saving-data
05:12:50 Saving sacks file
05:12:50 Saved sacks file successfully
05:12:50 saveConfig: saving-data
05:12:50 Saving sacks file
05:12:50 Saved sacks file successfully
05:12:55 saveConfig: auto-save-60s
05:12:55 Saving config file
05:12:55 Saved config file successfully
05:12:55 saveConfig: auto-save-60s
05:12:55 Saving config file
05:12:55 Saved config file successfully
05:13:08 saveConfig: saving-data
05:13:08 Saving sacks file
05:13:08 Saved sacks file successfully
05:13:08 saveConfig: saving-data
05:13:08 Saving sacks file
05:13:08 Saved sacks file successfully
05:13:39 saveConfig: saving-data
05:13:39 Saving sacks file
05:13:39 Saved sacks file successfully
05:13:39 saveConfig: saving-data
05:13:39 Saving sacks file
05:13:39 Saved sacks file successfully
05:13:55 saveConfig: auto-save-60s
05:13:55 Saving config file
05:13:55 Saved config file successfully
05:13:55 saveConfig: auto-save-60s
05:13:55 Saving config file
05:13:55 Saved config file successfully
05:14:10 saveConfig: saving-data
05:14:10 Saving sacks file
05:14:10 Saved sacks file successfully
05:14:10 saveConfig: saving-data
05:14:10 Saving sacks file
05:14:10 Saved sacks file successfully
05:14:41 saveConfig: saving-data
05:14:41 Saving sacks file
05:14:41 Saved sacks file successfully
05:14:41 saveConfig: saving-data
05:14:41 Saving sacks file
05:14:41 Saved sacks file successfully
05:14:52 saveConfig: saving-data
05:14:52 Saving sacks file
05:14:52 Saved sacks file successfully
05:14:52 saveConfig: saving-data
05:14:52 Saving sacks file
05:14:52 Saved sacks file successfully
05:14:55 saveConfig: auto-save-60s
05:14:55 Saving config file
05:14:55 Saved config file successfully
05:14:55 saveConfig: auto-save-60s
05:14:55 Saving config file
05:14:55 Saved config file successfully
05:15:14 saveConfig: saving-data
05:15:14 Saving pets file
05:15:14 Saved pets file successfully
05:15:14 saveConfig: saving-data
05:15:14 Saving pets file
05:15:14 Saved pets file successfully
05:15:45 saveConfig: saving-data
05:15:45 Saving pets file
05:15:45 Saved pets file successfully
05:15:45 saveConfig: saving-data
05:15:45 Saving pets file
05:15:45 Saved pets file successfully
05:15:48 saveConfig: saving-data
05:15:48 Saving sacks file
05:15:48 Saved sacks file successfully
05:15:48 saveConfig: saving-data
05:15:48 Saving sacks file
05:15:48 Saved sacks file successfully
05:15:55 saveConfig: auto-save-60s
05:15:55 Saving config file
05:15:55 Saved config file successfully
05:15:55 saveConfig: auto-save-60s
05:15:55 Saving config file
05:15:55 Saved config file successfully
05:16:21 saveConfig: saving-data
05:16:21 Saving sacks file
05:16:21 Saved sacks file successfully
05:16:21 saveConfig: saving-data
05:16:21 Saving sacks file
05:16:21 Saved sacks file successfully
05:16:52 saveConfig: saving-data
05:16:52 Saving sacks file
05:16:52 Saved sacks file successfully
05:16:52 saveConfig: saving-data
05:16:52 Saving sacks file
05:16:52 Saved sacks file successfully
05:16:55 saveConfig: auto-save-60s
05:16:55 Saving config file
05:16:55 Saved config file successfully
05:16:55 saveConfig: auto-save-60s
05:16:55 Saving config file
05:16:55 Saved config file successfully
05:17:23 saveConfig: saving-data
05:17:23 Saving sacks file
05:17:23 Saved sacks file successfully
05:17:23 saveConfig: saving-data
05:17:23 Saving sacks file
05:17:23 Saved sacks file successfully
05:17:54 saveConfig: saving-data
05:17:54 Saving sacks file
05:17:54 Saved sacks file successfully
05:17:54 saveConfig: saving-data
05:17:54 Saving sacks file
05:17:55 Saved sacks file successfully
05:17:55 saveConfig: auto-save-60s
05:17:55 Saving config file
05:17:55 Saved config file successfully
05:17:55 saveConfig: auto-save-60s
05:17:55 Saving config file
05:17:55 Saved config file successfully
05:18:13 saveConfig: saving-data
05:18:13 Saving sacks file
05:18:13 Saved sacks file successfully
05:18:13 saveConfig: saving-data
05:18:13 Saving sacks file
05:18:13 Saved sacks file successfully
05:18:55 saveConfig: auto-save-60s
05:18:55 Saving config file
05:18:55 Saved config file successfully
05:18:55 saveConfig: auto-save-60s
05:18:55 Saving config file
05:18:55 Saved config file successfully
05:19:55 saveConfig: auto-save-60s
05:19:55 Saving config file
05:19:55 Saved config file successfully
05:19:55 saveConfig: auto-save-60s
05:19:55 Saving config file
05:19:55 Saved config file successfully
05:20:55 saveConfig: auto-save-60s
05:20:55 Saving config file
05:20:55 Saved config file successfully
05:20:55 saveConfig: auto-save-60s
05:20:55 Saving config file
05:20:55 Saved config file successfully
05:21:55 saveConfig: auto-save-60s
05:21:55 Saving config file
05:21:55 Saved config file successfully
05:21:55 saveConfig: auto-save-60s
05:21:55 Saving config file
05:21:55 Saved config file successfully
05:22:34 saveConfig: saving-data
05:22:34 Saving pets file
05:22:34 Saved pets file successfully
05:22:34 saveConfig: saving-data
05:22:34 Saving pets file
05:22:34 Saved pets file successfully
05:22:55 saveConfig: auto-save-60s
05:22:55 Saving config file
05:22:55 Saved config file successfully
05:22:55 saveConfig: auto-save-60s
05:22:55 Saving config file
05:22:55 Saved config file successfully
05:23:05 saveConfig: saving-data
05:23:05 Saving pets file
05:23:05 Saved pets file successfully
05:23:05 saveConfig: saving-data
05:23:05 Saving pets file
05:23:05 Saved pets file successfully
05:23:15 saveConfig: saving-data
05:23:15 Saving sacks file
05:23:15 Saved sacks file successfully
05:23:15 saveConfig: saving-data
05:23:15 Saving sacks file
05:23:15 Saved sacks file successfully
05:23:47 saveConfig: saving-data
05:23:47 Saving sacks file
05:23:47 Saved sacks file successfully
05:23:47 saveConfig: saving-data
05:23:47 Saving sacks file
05:23:47 Saved sacks file successfully
05:23:55 saveConfig: auto-save-60s
05:23:55 Saving config file
05:23:55 Saved config file successfully
05:23:55 saveConfig: auto-save-60s
05:23:55 Saving config file
05:23:55 Saved config file successfully
05:24:02 saveConfig: saving-data
05:24:02 Saving sacks file
05:24:02 Saved sacks file successfully
05:24:02 saveConfig: saving-data
05:24:02 Saving sacks file
05:24:02 Saved sacks file successfully
05:24:39 saveConfig: saving-data
05:24:39 Saving sacks file
05:24:39 Saved sacks file successfully
05:24:39 saveConfig: saving-data
05:24:39 Saving sacks file
05:24:39 Saved sacks file successfully
05:24:54 saveConfig: saving-data
05:24:54 Saving sacks file
05:24:54 Saved sacks file successfully
05:24:54 saveConfig: saving-data
05:24:54 Saving sacks file
05:24:54 Saved sacks file successfully
05:24:55 saveConfig: auto-save-60s
05:24:55 Saving config file
05:24:55 Saved config file successfully
05:24:55 saveConfig: auto-save-60s
05:24:55 Saving config file
05:24:55 Saved config file successfully
05:25:08 saveConfig: saving-data
05:25:08 Saving sacks file
05:25:08 Saved sacks file successfully
05:25:08 saveConfig: saving-data
05:25:08 Saving sacks file
05:25:08 Saved sacks file successfully
05:25:20 saveConfig: saving-data
05:25:20 Saving sacks file
05:25:20 Saved sacks file successfully
05:25:20 saveConfig: saving-data
05:25:20 Saving sacks file
05:25:20 Saved sacks file successfully
05:25:34 saveConfig: saving-data
05:25:34 Saving sacks file
05:25:34 Saved sacks file successfully
05:25:34 saveConfig: saving-data
05:25:34 Saving sacks file
05:25:34 Saved sacks file successfully
05:25:55 saveConfig: auto-save-60s
05:25:55 Saving config file
05:25:55 Saved config file successfully
05:25:55 saveConfig: auto-save-60s
05:25:55 Saving config file
05:25:55 Saved config file successfully
05:26:55 saveConfig: auto-save-60s
05:26:55 Saving config file
05:26:55 Saved config file successfully
05:26:55 saveConfig: auto-save-60s
05:26:55 Saving config file
05:26:55 Saved config file successfully
05:27:55 saveConfig: auto-save-60s
05:27:55 Saving config file
05:27:55 Saved config file successfully
05:27:55 saveConfig: auto-save-60s
05:27:55 Saving config file
05:27:55 Saved config file successfully
