01:01:29 §f               §7You have §313,280 §7materials stashed away!
01:01:29 §f              §8(This totals 4 types of materials stashed!)
01:01:29 §f                §3§l>>> §3§lCLICK HERE§b to pick them up! §3§l<<<
01:01:29   
01:02:29 §f               §7You have §313,280 §7materials stashed away!
01:02:29 §f              §8(This totals 4 types of materials stashed!)
01:02:29 §f                §3§l>>> §3§lCLICK HERE§b to pick them up! §3§l<<<
01:02:29   
01:03:29 §f               §7You have §313,280 §7materials stashed away!
01:03:29 §f              §8(This totals 4 types of materials stashed!)
01:03:29 §f                §3§l>>> §3§lCLICK HERE§b to pick them up! §3§l<<<
01:03:29   
01:04:30 §f               §7You have §313,280 §7materials stashed away!
01:04:30 §f              §8(This totals 4 types of materials stashed!)
01:04:30 §f                §3§l>>> §3§lCLICK HERE§b to pick them up! §3§l<<<
01:04:30   
01:05:30 §f               §7You have §313,280 §7materials stashed away!
01:05:30 §f              §8(This totals 4 types of materials stashed!)
01:05:30 §f                §3§l>>> §3§lCLICK HERE§b to pick them up! §3§l<<<
01:05:30   
01:06:33 §f               §7You have §313,280 §7materials stashed away!
01:06:33 §f              §8(This totals 4 types of materials stashed!)
01:06:33 §f                §3§l>>> §3§lCLICK HERE§b to pick them up! §3§l<<<
01:06:33   
01:07:35 §f               §7You have §313,280 §7materials stashed away!
01:07:35 §f              §8(This totals 4 types of materials stashed!)
01:07:35 §f                §3§l>>> §3§lCLICK HERE§b to pick them up! §3§l<<<
01:07:35   
01:08:36 §f               §7You have §313,280 §7materials stashed away!
01:08:36 §f              §8(This totals 4 types of materials stashed!)
01:08:36 §f                §3§l>>> §3§lCLICK HERE§b to pick them up! §3§l<<<
01:08:36   
01:09:37 §f               §7You have §313,280 §7materials stashed away!
01:09:37 §f              §8(This totals 4 types of materials stashed!)
01:09:37 §f                §3§l>>> §3§lCLICK HERE§b to pick them up! §3§l<<<
01:09:37   
01:10:38 §f               §7You have §313,280 §7materials stashed away!
01:10:38 §f              §8(This totals 4 types of materials stashed!)
01:10:38 §f                §3§l>>> §3§lCLICK HERE§b to pick them up! §3§l<<<
01:10:38   
01:11:37 §f               §7You have §313,280 §7materials stashed away!
01:11:37 §f              §8(This totals 4 types of materials stashed!)
01:11:37 §f                §3§l>>> §3§lCLICK HERE§b to pick them up! §3§l<<<
01:11:37   
01:12:37 §f               §7You have §313,280 §7materials stashed away!
01:12:37 §f              §8(This totals 4 types of materials stashed!)
01:12:37 §f                §3§l>>> §3§lCLICK HERE§b to pick them up! §3§l<<<
01:12:37   
01:13:38 §f               §7You have §313,280 §7materials stashed away!
01:13:38 §f              §8(This totals 4 types of materials stashed!)
01:13:38 §f                §3§l>>> §3§lCLICK HERE§b to pick them up! §3§l<<<
01:13:38   
01:14:38 §f               §7You have §313,280 §7materials stashed away!
01:14:38 §f              §8(This totals 4 types of materials stashed!)
01:14:38 §f                §3§l>>> §3§lCLICK HERE§b to pick them up! §3§l<<<
01:14:38   
01:15:38 §f               §7You have §313,280 §7materials stashed away!
01:15:38 §f              §8(This totals 4 types of materials stashed!)
01:15:38 §f                §3§l>>> §3§lCLICK HERE§b to pick them up! §3§l<<<
01:15:38   
01:16:38 §f               §7You have §313,280 §7materials stashed away!
01:16:38 §f              §8(This totals 4 types of materials stashed!)
01:16:38 §f                §3§l>>> §3§lCLICK HERE§b to pick them up! §3§l<<<
01:16:38   
01:17:38 §f               §7You have §313,280 §7materials stashed away!
01:17:38 §f              §8(This totals 4 types of materials stashed!)
01:17:38 §f                §3§l>>> §3§lCLICK HERE§b to pick them up! §3§l<<<
01:17:38   
01:18:38 §f               §7You have §313,280 §7materials stashed away!
01:18:38 §f              §8(This totals 4 types of materials stashed!)
01:18:38 §f                §3§l>>> §3§lCLICK HERE§b to pick them up! §3§l<<<
01:18:38   
01:19:39 §f               §7You have §313,280 §7materials stashed away!
01:19:39 §f              §8(This totals 4 types of materials stashed!)
01:19:39 §f                §3§l>>> §3§lCLICK HERE§b to pick them up! §3§l<<<
01:19:39   
01:20:40 §f               §7You have §313,280 §7materials stashed away!
01:20:40 §f              §8(This totals 4 types of materials stashed!)
01:20:40 §f                §3§l>>> §3§lCLICK HERE§b to pick them up! §3§l<<<
01:20:40   
01:22:14 §f               §7You have §313,280 §7materials stashed away!
01:22:14 §f              §8(This totals 4 types of materials stashed!)
01:22:14 §f                §3§l>>> §3§lCLICK HERE§b to pick them up! §3§l<<<
01:22:14   
01:22:21 §f               §7You have §313,280 §7materials stashed away!
01:22:21 §f              §8(This totals 4 types of materials stashed!)
01:22:21 §f                §3§l>>> §3§lCLICK HERE§b to pick them up! §3§l<<<
01:22:21   
01:23:23 §f               §7You have §313,280 §7materials stashed away!
01:23:23 §f              §8(This totals 4 types of materials stashed!)
01:23:23 §f                §3§l>>> §3§lCLICK HERE§b to pick them up! §3§l<<<
01:23:23   
01:24:24 §f               §7You have §313,280 §7materials stashed away!
01:24:24 §f              §8(This totals 4 types of materials stashed!)
01:24:24 §f                §3§l>>> §3§lCLICK HERE§b to pick them up! §3§l<<<
01:24:24   
01:25:25 §f               §7You have §313,280 §7materials stashed away!
01:25:25 §f              §8(This totals 4 types of materials stashed!)
01:25:25 §f                §3§l>>> §3§lCLICK HERE§b to pick them up! §3§l<<<
01:25:25   
01:26:25 §f               §7You have §313,280 §7materials stashed away!
01:26:25 §f              §8(This totals 4 types of materials stashed!)
01:26:25 §f                §3§l>>> §3§lCLICK HERE§b to pick them up! §3§l<<<
01:26:25   
01:27:26 §f               §7You have §313,280 §7materials stashed away!
01:27:26 §f              §8(This totals 4 types of materials stashed!)
01:27:26 §f                §3§l>>> §3§lCLICK HERE§b to pick them up! §3§l<<<
01:27:26   
01:28:26 §f               §7You have §313,280 §7materials stashed away!
01:28:26 §f              §8(This totals 4 types of materials stashed!)
01:28:26 §f                §3§l>>> §3§lCLICK HERE§b to pick them up! §3§l<<<
01:28:26   
01:29:27 §f               §7You have §313,280 §7materials stashed away!
01:29:27 §f              §8(This totals 4 types of materials stashed!)
01:29:27 §f                §3§l>>> §3§lCLICK HERE§b to pick them up! §3§l<<<
01:29:27   
01:30:28 §f               §7You have §313,280 §7materials stashed away!
01:30:28 §f              §8(This totals 4 types of materials stashed!)
01:30:28 §f                §3§l>>> §3§lCLICK HERE§b to pick them up! §3§l<<<
01:30:28   
01:31:48 §f               §7You have §313,280 §7materials stashed away!
01:31:48 §f              §8(This totals 4 types of materials stashed!)
01:31:48 §f                §3§l>>> §3§lCLICK HERE§b to pick them up! §3§l<<<
01:31:48   
01:32:08 §f               §7You have §313,280 §7materials stashed away!
01:32:08 §f              §8(This totals 4 types of materials stashed!)
01:32:08 §f                §3§l>>> §3§lCLICK HERE§b to pick them up! §3§l<<<
01:32:08   
01:33:09 §f               §7You have §313,280 §7materials stashed away!
01:33:09 §f              §8(This totals 4 types of materials stashed!)
01:33:09 §f                §3§l>>> §3§lCLICK HERE§b to pick them up! §3§l<<<
01:33:09   
01:34:10 §f               §7You have §313,280 §7materials stashed away!
01:34:10 §f              §8(This totals 4 types of materials stashed!)
01:34:10 §f                §3§l>>> §3§lCLICK HERE§b to pick them up! §3§l<<<
01:34:10   
01:35:10 §f               §7You have §313,280 §7materials stashed away!
01:35:10 §f              §8(This totals 4 types of materials stashed!)
01:35:10 §f                §3§l>>> §3§lCLICK HERE§b to pick them up! §3§l<<<
01:35:10   
01:36:11 §f               §7You have §313,280 §7materials stashed away!
01:36:11 §f              §8(This totals 4 types of materials stashed!)
01:36:11 §f                §3§l>>> §3§lCLICK HERE§b to pick them up! §3§l<<<
01:36:11   
01:37:11 §f               §7You have §313,280 §7materials stashed away!
01:37:11 §f              §8(This totals 4 types of materials stashed!)
01:37:11 §f                §3§l>>> §3§lCLICK HERE§b to pick them up! §3§l<<<
01:37:11   
01:38:13 §f               §7You have §313,280 §7materials stashed away!
01:38:13 §f              §8(This totals 4 types of materials stashed!)
01:38:13 §f                §3§l>>> §3§lCLICK HERE§b to pick them up! §3§l<<<
01:38:13   
01:39:13 §f               §7You have §313,280 §7materials stashed away!
01:39:13 §f              §8(This totals 4 types of materials stashed!)
01:39:13 §f                §3§l>>> §3§lCLICK HERE§b to pick them up! §3§l<<<
01:39:13   
01:40:13 §f               §7You have §313,280 §7materials stashed away!
01:40:13 §f              §8(This totals 4 types of materials stashed!)
01:40:13 §f                §3§l>>> §3§lCLICK HERE§b to pick them up! §3§l<<<
01:40:13   
01:41:14 §f               §7You have §313,280 §7materials stashed away!
01:41:14 §f              §8(This totals 4 types of materials stashed!)
01:41:14 §f                §3§l>>> §3§lCLICK HERE§b to pick them up! §3§l<<<
01:41:14   
01:42:28 §f               §7You have §313,280 §7materials stashed away!
01:42:28 §f              §8(This totals 4 types of materials stashed!)
01:42:28 §f                §3§l>>> §3§lCLICK HERE§b to pick them up! §3§l<<<
01:42:28   
01:42:49 §f               §7You have §313,280 §7materials stashed away!
01:42:49 §f              §8(This totals 4 types of materials stashed!)
01:42:49 §f                §3§l>>> §3§lCLICK HERE§b to pick them up! §3§l<<<
01:42:49   
01:43:51 §f               §7You have §313,280 §7materials stashed away!
01:43:51 §f              §8(This totals 4 types of materials stashed!)
01:43:51 §f                §3§l>>> §3§lCLICK HERE§b to pick them up! §3§l<<<
01:43:51   
01:44:52 §f               §7You have §313,280 §7materials stashed away!
01:44:52 §f              §8(This totals 4 types of materials stashed!)
01:44:52 §f                §3§l>>> §3§lCLICK HERE§b to pick them up! §3§l<<<
01:44:52   
01:45:53 §f               §7You have §313,280 §7materials stashed away!
01:45:53 §f              §8(This totals 4 types of materials stashed!)
01:45:53 §f                §3§l>>> §3§lCLICK HERE§b to pick them up! §3§l<<<
01:45:53   
01:46:54 §f               §7You have §313,280 §7materials stashed away!
01:46:54 §f              §8(This totals 4 types of materials stashed!)
01:46:54 §f                §3§l>>> §3§lCLICK HERE§b to pick them up! §3§l<<<
01:46:54   
01:47:54 §f               §7You have §313,280 §7materials stashed away!
01:47:54 §f              §8(This totals 4 types of materials stashed!)
01:47:54 §f                §3§l>>> §3§lCLICK HERE§b to pick them up! §3§l<<<
01:47:54   
01:48:54 §f               §7You have §313,280 §7materials stashed away!
01:48:54 §f              §8(This totals 4 types of materials stashed!)
01:48:54 §f                §3§l>>> §3§lCLICK HERE§b to pick them up! §3§l<<<
01:48:54   
01:49:56 §f               §7You have §313,280 §7materials stashed away!
01:49:56 §f              §8(This totals 4 types of materials stashed!)
01:49:56 §f                §3§l>>> §3§lCLICK HERE§b to pick them up! §3§l<<<
01:49:56   
01:50:57 §f               §7You have §313,280 §7materials stashed away!
01:50:57 §f              §8(This totals 4 types of materials stashed!)
01:50:57 §f                §3§l>>> §3§lCLICK HERE§b to pick them up! §3§l<<<
01:50:57   
01:51:58 §f               §7You have §313,280 §7materials stashed away!
01:51:58 §f              §8(This totals 4 types of materials stashed!)
01:51:58 §f                §3§l>>> §3§lCLICK HERE§b to pick them up! §3§l<<<
01:51:58   
01:52:58 §f               §7You have §313,280 §7materials stashed away!
01:52:58 §f              §8(This totals 4 types of materials stashed!)
01:52:58 §f                §3§l>>> §3§lCLICK HERE§b to pick them up! §3§l<<<
01:52:58   
01:53:59 §f               §7You have §313,280 §7materials stashed away!
01:53:59 §f              §8(This totals 4 types of materials stashed!)
01:53:59 §f                §3§l>>> §3§lCLICK HERE§b to pick them up! §3§l<<<
01:53:59   
01:54:59 §f               §7You have §313,280 §7materials stashed away!
01:54:59 §f              §8(This totals 4 types of materials stashed!)
01:54:59 §f                §3§l>>> §3§lCLICK HERE§b to pick them up! §3§l<<<
01:54:59   
01:55:59 §f               §7You have §313,280 §7materials stashed away!
01:55:59 §f              §8(This totals 4 types of materials stashed!)
01:55:59 §f                §3§l>>> §3§lCLICK HERE§b to pick them up! §3§l<<<
01:55:59   
01:57:00 §f               §7You have §313,280 §7materials stashed away!
01:57:00 §f              §8(This totals 4 types of materials stashed!)
01:57:00 §f                §3§l>>> §3§lCLICK HERE§b to pick them up! §3§l<<<
01:57:00   
01:58:00 §f               §7You have §313,280 §7materials stashed away!
01:58:00 §f              §8(This totals 4 types of materials stashed!)
01:58:00 §f                §3§l>>> §3§lCLICK HERE§b to pick them up! §3§l<<<
01:58:00   
01:59:01 §f               §7You have §313,280 §7materials stashed away!
01:59:01 §f              §8(This totals 4 types of materials stashed!)
01:59:01 §f                §3§l>>> §3§lCLICK HERE§b to pick them up! §3§l<<<
01:59:01   
02:00:02 §f               §7You have §313,280 §7materials stashed away!
02:00:02 §f              §8(This totals 4 types of materials stashed!)
02:00:02 §f                §3§l>>> §3§lCLICK HERE§b to pick them up! §3§l<<<
02:00:02   
02:01:02 §f               §7You have §313,280 §7materials stashed away!
02:01:02 §f              §8(This totals 4 types of materials stashed!)
02:01:02 §f                §3§l>>> §3§lCLICK HERE§b to pick them up! §3§l<<<
02:01:02   
02:02:02 §f               §7You have §313,280 §7materials stashed away!
02:02:02 §f              §8(This totals 4 types of materials stashed!)
02:02:02 §f                §3§l>>> §3§lCLICK HERE§b to pick them up! §3§l<<<
02:02:02   
02:03:03 §f               §7You have §313,280 §7materials stashed away!
02:03:03 §f              §8(This totals 4 types of materials stashed!)
02:03:03 §f                §3§l>>> §3§lCLICK HERE§b to pick them up! §3§l<<<
02:03:03   
02:04:03 §f               §7You have §313,280 §7materials stashed away!
02:04:03 §f              §8(This totals 4 types of materials stashed!)
02:04:03 §f                §3§l>>> §3§lCLICK HERE§b to pick them up! §3§l<<<
02:04:03   
02:05:47 §f               §7You have §313,280 §7materials stashed away!
02:05:47 §f              §8(This totals 4 types of materials stashed!)
02:05:47 §f                §3§l>>> §3§lCLICK HERE§b to pick them up! §3§l<<<
02:05:47   
02:06:48 §f               §7You have §313,280 §7materials stashed away!
02:06:48 §f              §8(This totals 4 types of materials stashed!)
02:06:48 §f                §3§l>>> §3§lCLICK HERE§b to pick them up! §3§l<<<
02:06:48   
02:07:49 §f               §7You have §313,280 §7materials stashed away!
02:07:49 §f              §8(This totals 4 types of materials stashed!)
02:07:49 §f                §3§l>>> §3§lCLICK HERE§b to pick them up! §3§l<<<
02:07:49   
02:08:50 §f               §7You have §313,280 §7materials stashed away!
02:08:50 §f              §8(This totals 4 types of materials stashed!)
02:08:50 §f                §3§l>>> §3§lCLICK HERE§b to pick them up! §3§l<<<
02:08:50   
02:09:51 §f               §7You have §313,280 §7materials stashed away!
02:09:51 §f              §8(This totals 4 types of materials stashed!)
02:09:51 §f                §3§l>>> §3§lCLICK HERE§b to pick them up! §3§l<<<
02:09:51   
02:10:53 §f               §7You have §313,280 §7materials stashed away!
02:10:53 §f              §8(This totals 4 types of materials stashed!)
02:10:53 §f                §3§l>>> §3§lCLICK HERE§b to pick them up! §3§l<<<
02:10:53   
02:11:54 §f               §7You have §313,280 §7materials stashed away!
02:11:54 §f              §8(This totals 4 types of materials stashed!)
02:11:54 §f                §3§l>>> §3§lCLICK HERE§b to pick them up! §3§l<<<
02:11:54   
02:12:54 §f               §7You have §313,280 §7materials stashed away!
02:12:54 §f              §8(This totals 4 types of materials stashed!)
02:12:54 §f                §3§l>>> §3§lCLICK HERE§b to pick them up! §3§l<<<
02:12:54   
02:13:55 §f               §7You have §313,280 §7materials stashed away!
02:13:55 §f              §8(This totals 4 types of materials stashed!)
02:13:55 §f                §3§l>>> §3§lCLICK HERE§b to pick them up! §3§l<<<
02:13:55   
02:14:56 §f               §7You have §313,280 §7materials stashed away!
02:14:56 §f              §8(This totals 4 types of materials stashed!)
02:14:56 §f                §3§l>>> §3§lCLICK HERE§b to pick them up! §3§l<<<
02:14:56   
02:15:57 §f               §7You have §313,280 §7materials stashed away!
02:15:57 §f              §8(This totals 4 types of materials stashed!)
02:15:57 §f                §3§l>>> §3§lCLICK HERE§b to pick them up! §3§l<<<
02:15:57   
02:16:58 §f               §7You have §313,280 §7materials stashed away!
02:16:58 §f              §8(This totals 4 types of materials stashed!)
02:16:58 §f                §3§l>>> §3§lCLICK HERE§b to pick them up! §3§l<<<
02:16:58   
02:17:59 §f               §7You have §313,280 §7materials stashed away!
02:17:59 §f              §8(This totals 4 types of materials stashed!)
02:17:59 §f                §3§l>>> §3§lCLICK HERE§b to pick them up! §3§l<<<
02:17:59   
02:19:00 §f               §7You have §313,280 §7materials stashed away!
02:19:00 §f              §8(This totals 4 types of materials stashed!)
02:19:00 §f                §3§l>>> §3§lCLICK HERE§b to pick them up! §3§l<<<
02:19:00   
02:19:08 §f               §7You have §313,280 §7materials stashed away!
02:19:08 §f              §8(This totals 4 types of materials stashed!)
02:19:08 §f                §3§l>>> §3§lCLICK HERE§b to pick them up! §3§l<<<
02:19:08   
02:20:08 §f               §7You have §313,280 §7materials stashed away!
02:20:08 §f              §8(This totals 4 types of materials stashed!)
02:20:08 §f                §3§l>>> §3§lCLICK HERE§b to pick them up! §3§l<<<
02:20:08   
02:21:09 §f               §7You have §313,280 §7materials stashed away!
02:21:09 §f              §8(This totals 4 types of materials stashed!)
02:21:09 §f                §3§l>>> §3§lCLICK HERE§b to pick them up! §3§l<<<
02:21:09   
02:22:10 §f               §7You have §313,280 §7materials stashed away!
02:22:10 §f              §8(This totals 4 types of materials stashed!)
02:22:10 §f                §3§l>>> §3§lCLICK HERE§b to pick them up! §3§l<<<
02:22:10   
02:23:10 §f               §7You have §313,280 §7materials stashed away!
02:23:10 §f              §8(This totals 4 types of materials stashed!)
02:23:10 §f                §3§l>>> §3§lCLICK HERE§b to pick them up! §3§l<<<
02:23:10   
02:24:14 §f               §7You have §313,280 §7materials stashed away!
02:24:14 §f              §8(This totals 4 types of materials stashed!)
02:24:14 §f                §3§l>>> §3§lCLICK HERE§b to pick them up! §3§l<<<
02:24:14   
02:25:14 §f               §7You have §313,280 §7materials stashed away!
02:25:14 §f              §8(This totals 4 types of materials stashed!)
02:25:14 §f                §3§l>>> §3§lCLICK HERE§b to pick them up! §3§l<<<
02:25:14   
02:27:24 §f               §7You have §313,280 §7materials stashed away!
02:27:24 §f              §8(This totals 4 types of materials stashed!)
02:27:24 §f                §3§l>>> §3§lCLICK HERE§b to pick them up! §3§l<<<
02:27:24   
02:28:26 §f               §7You have §313,280 §7materials stashed away!
02:28:26 §f              §8(This totals 4 types of materials stashed!)
02:28:26 §f                §3§l>>> §3§lCLICK HERE§b to pick them up! §3§l<<<
02:28:26   
02:29:11 §f               §7You have §313,280 §7materials stashed away!
02:29:11 §f              §8(This totals 4 types of materials stashed!)
02:29:11 §f                §3§l>>> §3§lCLICK HERE§b to pick them up! §3§l<<<
02:29:11   
02:30:11 §f               §7You have §313,280 §7materials stashed away!
02:30:11 §f              §8(This totals 4 types of materials stashed!)
02:30:11 §f                §3§l>>> §3§lCLICK HERE§b to pick them up! §3§l<<<
02:30:11   
02:31:12 §f               §7You have §313,280 §7materials stashed away!
02:31:12 §f              §8(This totals 4 types of materials stashed!)
02:31:12 §f                §3§l>>> §3§lCLICK HERE§b to pick them up! §3§l<<<
02:31:12   
02:32:12 §f               §7You have §313,280 §7materials stashed away!
02:32:12 §f              §8(This totals 4 types of materials stashed!)
02:32:12 §f                §3§l>>> §3§lCLICK HERE§b to pick them up! §3§l<<<
02:32:12   
02:33:13 §f               §7You have §313,280 §7materials stashed away!
02:33:13 §f              §8(This totals 4 types of materials stashed!)
02:33:13 §f                §3§l>>> §3§lCLICK HERE§b to pick them up! §3§l<<<
02:33:13   
02:34:13 §f               §7You have §313,280 §7materials stashed away!
02:34:13 §f              §8(This totals 4 types of materials stashed!)
02:34:13 §f                §3§l>>> §3§lCLICK HERE§b to pick them up! §3§l<<<
02:34:13   
02:35:10 §f               §7You have §313,280 §7materials stashed away!
02:35:10 §f              §8(This totals 4 types of materials stashed!)
02:35:10 §f                §3§l>>> §3§lCLICK HERE§b to pick them up! §3§l<<<
02:35:10   
02:36:11 §f               §7You have §313,280 §7materials stashed away!
02:36:11 §f              §8(This totals 4 types of materials stashed!)
02:36:11 §f                §3§l>>> §3§lCLICK HERE§b to pick them up! §3§l<<<
02:36:11   
02:37:13 §f               §7You have §313,280 §7materials stashed away!
02:37:13 §f              §8(This totals 4 types of materials stashed!)
02:37:13 §f                §3§l>>> §3§lCLICK HERE§b to pick them up! §3§l<<<
02:37:13   
02:38:14 §f               §7You have §313,280 §7materials stashed away!
02:38:14 §f              §8(This totals 4 types of materials stashed!)
02:38:14 §f                §3§l>>> §3§lCLICK HERE§b to pick them up! §3§l<<<
02:38:14   
02:39:15 §f               §7You have §313,280 §7materials stashed away!
02:39:15 §f              §8(This totals 4 types of materials stashed!)
02:39:15 §f                §3§l>>> §3§lCLICK HERE§b to pick them up! §3§l<<<
02:39:15   
02:40:16 §f               §7You have §313,280 §7materials stashed away!
02:40:16 §f              §8(This totals 4 types of materials stashed!)
02:40:16 §f                §3§l>>> §3§lCLICK HERE§b to pick them up! §3§l<<<
02:40:16   
02:41:17 §f               §7You have §313,280 §7materials stashed away!
02:41:17 §f              §8(This totals 4 types of materials stashed!)
02:41:17 §f                §3§l>>> §3§lCLICK HERE§b to pick them up! §3§l<<<
02:41:17   
02:42:19 §f               §7You have §313,280 §7materials stashed away!
02:42:19 §f              §8(This totals 4 types of materials stashed!)
02:42:19 §f                §3§l>>> §3§lCLICK HERE§b to pick them up! §3§l<<<
02:42:19   
02:43:31 §f               §7You have §313,280 §7materials stashed away!
02:43:31 §f              §8(This totals 4 types of materials stashed!)
02:43:31 §f                §3§l>>> §3§lCLICK HERE§b to pick them up! §3§l<<<
02:43:31   
02:44:32 §f               §7You have §313,280 §7materials stashed away!
02:44:32 §f              §8(This totals 4 types of materials stashed!)
02:44:32 §f                §3§l>>> §3§lCLICK HERE§b to pick them up! §3§l<<<
02:44:32   
02:45:28 §f               §7You have §313,280 §7materials stashed away!
02:45:28 §f              §8(This totals 4 types of materials stashed!)
02:45:28 §f                §3§l>>> §3§lCLICK HERE§b to pick them up! §3§l<<<
02:45:28   
02:46:49 §f               §7You have §313,280 §7materials stashed away!
02:46:49 §f              §8(This totals 4 types of materials stashed!)
02:46:49 §f                §3§l>>> §3§lCLICK HERE§b to pick them up! §3§l<<<
02:46:49   
02:47:49 §f               §7You have §313,280 §7materials stashed away!
02:47:49 §f              §8(This totals 4 types of materials stashed!)
02:47:49 §f                §3§l>>> §3§lCLICK HERE§b to pick them up! §3§l<<<
02:47:49   
02:48:59 §f               §7You have §313,280 §7materials stashed away!
02:48:59 §f              §8(This totals 4 types of materials stashed!)
02:48:59 §f                §3§l>>> §3§lCLICK HERE§b to pick them up! §3§l<<<
02:48:59   
02:50:00 §f               §7You have §313,280 §7materials stashed away!
02:50:00 §f              §8(This totals 4 types of materials stashed!)
02:50:00 §f                §3§l>>> §3§lCLICK HERE§b to pick them up! §3§l<<<
02:50:00   
02:51:01 §f               §7You have §313,280 §7materials stashed away!
02:51:01 §f              §8(This totals 4 types of materials stashed!)
02:51:01 §f                §3§l>>> §3§lCLICK HERE§b to pick them up! §3§l<<<
02:51:01   
02:52:02 §f               §7You have §313,280 §7materials stashed away!
02:52:02 §f              §8(This totals 4 types of materials stashed!)
02:52:02 §f                §3§l>>> §3§lCLICK HERE§b to pick them up! §3§l<<<
02:52:02   
02:52:48 §f               §7You have §313,280 §7materials stashed away!
02:52:48 §f              §8(This totals 4 types of materials stashed!)
02:52:48 §f                §3§l>>> §3§lCLICK HERE§b to pick them up! §3§l<<<
02:52:48   
02:53:49 §f               §7You have §313,280 §7materials stashed away!
02:53:49 §f              §8(This totals 4 types of materials stashed!)
02:53:49 §f                §3§l>>> §3§lCLICK HERE§b to pick them up! §3§l<<<
02:53:49   
03:01:12 §f               §7You have §313,280 §7materials stashed away!
03:01:12 §f              §8(This totals 4 types of materials stashed!)
03:01:12 §f                §3§l>>> §3§lCLICK HERE§b to pick them up! §3§l<<<
03:01:12   
03:02:12 §f               §7You have §313,280 §7materials stashed away!
03:02:12 §f              §8(This totals 4 types of materials stashed!)
03:02:12 §f                §3§l>>> §3§lCLICK HERE§b to pick them up! §3§l<<<
03:02:12   
03:03:13 §f               §7You have §313,280 §7materials stashed away!
03:03:13 §f              §8(This totals 4 types of materials stashed!)
03:03:13 §f                §3§l>>> §3§lCLICK HERE§b to pick them up! §3§l<<<
03:03:13   
03:04:14 §f               §7You have §313,280 §7materials stashed away!
03:04:14 §f              §8(This totals 4 types of materials stashed!)
03:04:14 §f                §3§l>>> §3§lCLICK HERE§b to pick them up! §3§l<<<
03:04:14   
03:04:58 §f               §7You have §313,280 §7materials stashed away!
03:04:58 §f              §8(This totals 4 types of materials stashed!)
03:04:58 §f                §3§l>>> §3§lCLICK HERE§b to pick them up! §3§l<<<
03:04:58   
03:05:59 §f               §7You have §313,280 §7materials stashed away!
03:05:59 §f              §8(This totals 4 types of materials stashed!)
03:05:59 §f                §3§l>>> §3§lCLICK HERE§b to pick them up! §3§l<<<
03:05:59   
03:06:59 §f               §7You have §313,280 §7materials stashed away!
03:06:59 §f              §8(This totals 4 types of materials stashed!)
03:06:59 §f                §3§l>>> §3§lCLICK HERE§b to pick them up! §3§l<<<
03:06:59   
03:07:59 §f               §7You have §313,280 §7materials stashed away!
03:07:59 §f              §8(This totals 4 types of materials stashed!)
03:07:59 §f                §3§l>>> §3§lCLICK HERE§b to pick them up! §3§l<<<
03:07:59   
03:08:59 §f               §7You have §313,280 §7materials stashed away!
03:09:00 §f              §8(This totals 4 types of materials stashed!)
03:09:00 §f                §3§l>>> §3§lCLICK HERE§b to pick them up! §3§l<<<
03:09:00   
03:09:16 §f               §7You have §313,280 §7materials stashed away!
03:09:16 §f              §8(This totals 4 types of materials stashed!)
03:09:16 §f                §3§l>>> §3§lCLICK HERE§b to pick them up! §3§l<<<
03:09:16   
03:09:58 §f               §7You have §313,280 §7materials stashed away!
03:09:58 §f              §8(This totals 4 types of materials stashed!)
03:09:58 §f                §3§l>>> §3§lCLICK HERE§b to pick them up! §3§l<<<
03:09:58   
03:10:59 §f               §7You have §313,280 §7materials stashed away!
03:10:59 §f              §8(This totals 4 types of materials stashed!)
03:10:59 §f                §3§l>>> §3§lCLICK HERE§b to pick them up! §3§l<<<
03:10:59   
03:11:59 §f               §7You have §313,280 §7materials stashed away!
03:11:59 §f              §8(This totals 4 types of materials stashed!)
03:11:59 §f                §3§l>>> §3§lCLICK HERE§b to pick them up! §3§l<<<
03:11:59   
03:12:06 §f               §7You have §313,280 §7materials stashed away!
03:12:06 §f              §8(This totals 4 types of materials stashed!)
03:12:06 §f                §3§l>>> §3§lCLICK HERE§b to pick them up! §3§l<<<
03:12:06   
03:13:06 §f               §7You have §313,280 §7materials stashed away!
03:13:06 §f              §8(This totals 4 types of materials stashed!)
03:13:06 §f                §3§l>>> §3§lCLICK HERE§b to pick them up! §3§l<<<
03:13:06   
03:14:06 §f               §7You have §313,280 §7materials stashed away!
03:14:06 §f              §8(This totals 4 types of materials stashed!)
03:14:06 §f                §3§l>>> §3§lCLICK HERE§b to pick them up! §3§l<<<
03:14:06   
03:15:06 §f               §7You have §313,280 §7materials stashed away!
03:15:06 §f              §8(This totals 4 types of materials stashed!)
03:15:06 §f                §3§l>>> §3§lCLICK HERE§b to pick them up! §3§l<<<
03:15:06   
03:16:07 §f               §7You have §313,280 §7materials stashed away!
03:16:07 §f              §8(This totals 4 types of materials stashed!)
03:16:07 §f                §3§l>>> §3§lCLICK HERE§b to pick them up! §3§l<<<
03:16:07   
03:17:01 §f               §7You have §313,280 §7materials stashed away!
03:17:01 §f              §8(This totals 4 types of materials stashed!)
03:17:01 §f                §3§l>>> §3§lCLICK HERE§b to pick them up! §3§l<<<
03:17:01   
03:18:02 §f               §7You have §313,280 §7materials stashed away!
03:18:02 §f              §8(This totals 4 types of materials stashed!)
03:18:02 §f                §3§l>>> §3§lCLICK HERE§b to pick them up! §3§l<<<
03:18:02   
03:19:04 §f               §7You have §313,280 §7materials stashed away!
03:19:04 §f              §8(This totals 4 types of materials stashed!)
03:19:04 §f                §3§l>>> §3§lCLICK HERE§b to pick them up! §3§l<<<
03:19:04   
03:20:05 §f               §7You have §313,280 §7materials stashed away!
03:20:05 §f              §8(This totals 4 types of materials stashed!)
03:20:05 §f                §3§l>>> §3§lCLICK HERE§b to pick them up! §3§l<<<
03:20:05   
03:20:26 §f               §7You have §313,280 §7materials stashed away!
03:20:26 §f              §8(This totals 4 types of materials stashed!)
03:20:26 §f                §3§l>>> §3§lCLICK HERE§b to pick them up! §3§l<<<
03:20:26   
03:21:26 §f               §7You have §313,280 §7materials stashed away!
03:21:26 §f              §8(This totals 4 types of materials stashed!)
03:21:26 §f                §3§l>>> §3§lCLICK HERE§b to pick them up! §3§l<<<
03:21:26   
03:22:26 §f               §7You have §313,280 §7materials stashed away!
03:22:26 §f              §8(This totals 4 types of materials stashed!)
03:22:26 §f                §3§l>>> §3§lCLICK HERE§b to pick them up! §3§l<<<
03:22:26   
03:23:26 §f               §7You have §313,280 §7materials stashed away!
03:23:26 §f              §8(This totals 4 types of materials stashed!)
03:23:26 §f                §3§l>>> §3§lCLICK HERE§b to pick them up! §3§l<<<
03:23:26   
03:24:27 §f               §7You have §313,280 §7materials stashed away!
03:24:27 §f              §8(This totals 4 types of materials stashed!)
03:24:27 §f                §3§l>>> §3§lCLICK HERE§b to pick them up! §3§l<<<
03:24:27   
03:25:29 §f               §7You have §313,280 §7materials stashed away!
03:25:29 §f              §8(This totals 4 types of materials stashed!)
03:25:29 §f                §3§l>>> §3§lCLICK HERE§b to pick them up! §3§l<<<
03:25:29   
03:26:29 §f               §7You have §313,280 §7materials stashed away!
03:26:29 §f              §8(This totals 4 types of materials stashed!)
03:26:29 §f                §3§l>>> §3§lCLICK HERE§b to pick them up! §3§l<<<
03:26:29   
03:26:48 §f               §7You have §313,280 §7materials stashed away!
03:26:48 §f              §8(This totals 4 types of materials stashed!)
03:26:48 §f                §3§l>>> §3§lCLICK HERE§b to pick them up! §3§l<<<
03:26:48   
03:27:49 §f               §7You have §313,280 §7materials stashed away!
03:27:49 §f              §8(This totals 4 types of materials stashed!)
03:27:49 §f                §3§l>>> §3§lCLICK HERE§b to pick them up! §3§l<<<
03:27:49   
03:28:51 §f               §7You have §313,280 §7materials stashed away!
03:28:51 §f              §8(This totals 4 types of materials stashed!)
03:28:51 §f                §3§l>>> §3§lCLICK HERE§b to pick them up! §3§l<<<
03:28:51   
03:29:52 §f               §7You have §313,280 §7materials stashed away!
03:29:52 §f              §8(This totals 4 types of materials stashed!)
03:29:52 §f                §3§l>>> §3§lCLICK HERE§b to pick them up! §3§l<<<
03:29:52   
03:30:53 §f               §7You have §313,280 §7materials stashed away!
03:30:53 §f              §8(This totals 4 types of materials stashed!)
03:30:53 §f                §3§l>>> §3§lCLICK HERE§b to pick them up! §3§l<<<
03:30:53   
03:32:07 §f               §7You have §313,280 §7materials stashed away!
03:32:07 §f              §8(This totals 4 types of materials stashed!)
03:32:07 §f                §3§l>>> §3§lCLICK HERE§b to pick them up! §3§l<<<
03:32:07   
03:33:44 §f               §7You have §313,280 §7materials stashed away!
03:33:44 §f              §8(This totals 4 types of materials stashed!)
03:33:44 §f                §3§l>>> §3§lCLICK HERE§b to pick them up! §3§l<<<
03:33:44   
03:34:21 §f               §7You have §313,280 §7materials stashed away!
03:34:21 §f              §8(This totals 4 types of materials stashed!)
03:34:21 §f                §3§l>>> §3§lCLICK HERE§b to pick them up! §3§l<<<
03:34:21   
03:35:25 §f               §7You have §313,280 §7materials stashed away!
03:35:25 §f              §8(This totals 4 types of materials stashed!)
03:35:25 §f                §3§l>>> §3§lCLICK HERE§b to pick them up! §3§l<<<
03:35:25   
03:36:25 §f               §7You have §313,280 §7materials stashed away!
03:36:25 §f              §8(This totals 4 types of materials stashed!)
03:36:25 §f                §3§l>>> §3§lCLICK HERE§b to pick them up! §3§l<<<
03:36:25   
03:38:26 §f               §7You have §313,280 §7materials stashed away!
03:38:26 §f              §8(This totals 4 types of materials stashed!)
03:38:26 §f                §3§l>>> §3§lCLICK HERE§b to pick them up! §3§l<<<
03:38:26   
03:39:27 §f               §7You have §313,280 §7materials stashed away!
03:39:27 §f              §8(This totals 4 types of materials stashed!)
03:39:27 §f                §3§l>>> §3§lCLICK HERE§b to pick them up! §3§l<<<
03:39:27   
03:40:27 §f               §7You have §313,280 §7materials stashed away!
03:40:27 §f              §8(This totals 4 types of materials stashed!)
03:40:27 §f                §3§l>>> §3§lCLICK HERE§b to pick them up! §3§l<<<
03:40:27   
03:41:27 §f               §7You have §313,280 §7materials stashed away!
03:41:27 §f              §8(This totals 4 types of materials stashed!)
03:41:27 §f                §3§l>>> §3§lCLICK HERE§b to pick them up! §3§l<<<
03:41:27   
03:41:42 §f               §7You have §313,280 §7materials stashed away!
03:41:42 §f              §8(This totals 4 types of materials stashed!)
03:41:42 §f                §3§l>>> §3§lCLICK HERE§b to pick them up! §3§l<<<
03:41:42   
03:41:54 §f               §7You have §313,280 §7materials stashed away!
03:41:54 §f              §8(This totals 4 types of materials stashed!)
03:41:54 §f                §3§l>>> §3§lCLICK HERE§b to pick them up! §3§l<<<
03:41:54   
03:42:54 §f               §7You have §313,280 §7materials stashed away!
03:42:54 §f              §8(This totals 4 types of materials stashed!)
03:42:54 §f                §3§l>>> §3§lCLICK HERE§b to pick them up! §3§l<<<
03:42:54   
03:43:34 §f               §7You have §313,280 §7materials stashed away!
03:43:34 §f              §8(This totals 4 types of materials stashed!)
03:43:34 §f                §3§l>>> §3§lCLICK HERE§b to pick them up! §3§l<<<
03:43:34   
03:44:35 §f               §7You have §313,280 §7materials stashed away!
03:44:35 §f              §8(This totals 4 types of materials stashed!)
03:44:35 §f                §3§l>>> §3§lCLICK HERE§b to pick them up! §3§l<<<
03:44:35   
03:45:12 §f               §7You have §313,280 §7materials stashed away!
03:45:12 §f              §8(This totals 4 types of materials stashed!)
03:45:12 §f                §3§l>>> §3§lCLICK HERE§b to pick them up! §3§l<<<
03:45:12   
03:46:13 §f               §7You have §313,280 §7materials stashed away!
03:46:13 §f              §8(This totals 4 types of materials stashed!)
03:46:13 §f                §3§l>>> §3§lCLICK HERE§b to pick them up! §3§l<<<
03:46:13   
03:47:03 §f               §7You have §313,280 §7materials stashed away!
03:47:03 §f              §8(This totals 4 types of materials stashed!)
03:47:03 §f                §3§l>>> §3§lCLICK HERE§b to pick them up! §3§l<<<
03:47:03   
03:48:04 §f               §7You have §313,280 §7materials stashed away!
03:48:04 §f              §8(This totals 4 types of materials stashed!)
03:48:04 §f                §3§l>>> §3§lCLICK HERE§b to pick them up! §3§l<<<
03:48:04   
03:49:04 §f               §7You have §313,280 §7materials stashed away!
03:49:04 §f              §8(This totals 4 types of materials stashed!)
03:49:04 §f                §3§l>>> §3§lCLICK HERE§b to pick them up! §3§l<<<
03:49:04   
03:50:04 §f               §7You have §313,280 §7materials stashed away!
03:50:04 §f              §8(This totals 4 types of materials stashed!)
03:50:04 §f                §3§l>>> §3§lCLICK HERE§b to pick them up! §3§l<<<
03:50:04   
03:51:04 §f               §7You have §313,280 §7materials stashed away!
03:51:04 §f              §8(This totals 4 types of materials stashed!)
03:51:04 §f                §3§l>>> §3§lCLICK HERE§b to pick them up! §3§l<<<
03:51:04   
03:52:04 §f               §7You have §313,280 §7materials stashed away!
03:52:04 §f              §8(This totals 4 types of materials stashed!)
03:52:04 §f                §3§l>>> §3§lCLICK HERE§b to pick them up! §3§l<<<
03:52:04   
03:53:05 §f               §7You have §313,280 §7materials stashed away!
03:53:05 §f              §8(This totals 4 types of materials stashed!)
03:53:05 §f                §3§l>>> §3§lCLICK HERE§b to pick them up! §3§l<<<
03:53:05   
03:54:05 §f               §7You have §313,280 §7materials stashed away!
03:54:05 §f              §8(This totals 4 types of materials stashed!)
03:54:05 §f                §3§l>>> §3§lCLICK HERE§b to pick them up! §3§l<<<
03:54:05   
03:55:05 §f               §7You have §313,280 §7materials stashed away!
03:55:05 §f              §8(This totals 4 types of materials stashed!)
03:55:05 §f                §3§l>>> §3§lCLICK HERE§b to pick them up! §3§l<<<
03:55:05   
03:56:33 §f               §7You have §313,280 §7materials stashed away!
03:56:33 §f              §8(This totals 4 types of materials stashed!)
03:56:33 §f                §3§l>>> §3§lCLICK HERE§b to pick them up! §3§l<<<
03:56:33   
03:56:37 §f               §7You have §313,280 §7materials stashed away!
03:56:37 §f              §8(This totals 4 types of materials stashed!)
03:56:37 §f                §3§l>>> §3§lCLICK HERE§b to pick them up! §3§l<<<
03:56:37   
03:57:38 §f               §7You have §313,280 §7materials stashed away!
03:57:38 §f              §8(This totals 4 types of materials stashed!)
03:57:38 §f                §3§l>>> §3§lCLICK HERE§b to pick them up! §3§l<<<
03:57:38   
03:58:38 §f               §7You have §313,280 §7materials stashed away!
03:58:38 §f              §8(This totals 4 types of materials stashed!)
03:58:38 §f                §3§l>>> §3§lCLICK HERE§b to pick them up! §3§l<<<
03:58:38   
03:59:38 §f               §7You have §313,280 §7materials stashed away!
03:59:38 §f              §8(This totals 4 types of materials stashed!)
03:59:38 §f                §3§l>>> §3§lCLICK HERE§b to pick them up! §3§l<<<
03:59:38   
04:00:38 §f               §7You have §313,280 §7materials stashed away!
04:00:38 §f              §8(This totals 4 types of materials stashed!)
04:00:38 §f                §3§l>>> §3§lCLICK HERE§b to pick them up! §3§l<<<
04:00:38   
04:01:21 §f               §7You have §313,280 §7materials stashed away!
04:01:21 §f              §8(This totals 4 types of materials stashed!)
04:01:21 §f                §3§l>>> §3§lCLICK HERE§b to pick them up! §3§l<<<
04:01:21   
04:02:21 §f               §7You have §313,280 §7materials stashed away!
04:02:21 §f              §8(This totals 4 types of materials stashed!)
04:02:21 §f                §3§l>>> §3§lCLICK HERE§b to pick them up! §3§l<<<
04:02:21   
04:03:21 §f               §7You have §313,280 §7materials stashed away!
04:03:21 §f              §8(This totals 4 types of materials stashed!)
04:03:21 §f                §3§l>>> §3§lCLICK HERE§b to pick them up! §3§l<<<
04:03:21   
04:04:23 §f               §7You have §313,280 §7materials stashed away!
04:04:23 §f              §8(This totals 4 types of materials stashed!)
04:04:23 §f                §3§l>>> §3§lCLICK HERE§b to pick them up! §3§l<<<
04:04:23   
04:05:23 §f               §7You have §313,280 §7materials stashed away!
04:05:23 §f              §8(This totals 4 types of materials stashed!)
04:05:23 §f                §3§l>>> §3§lCLICK HERE§b to pick them up! §3§l<<<
04:05:23   
04:06:24 §f               §7You have §313,280 §7materials stashed away!
04:06:24 §f              §8(This totals 4 types of materials stashed!)
04:06:24 §f                §3§l>>> §3§lCLICK HERE§b to pick them up! §3§l<<<
04:06:24   
04:07:24 §f               §7You have §313,280 §7materials stashed away!
04:07:24 §f              §8(This totals 4 types of materials stashed!)
04:07:24 §f                §3§l>>> §3§lCLICK HERE§b to pick them up! §3§l<<<
04:07:24   
04:08:26 §f               §7You have §313,280 §7materials stashed away!
04:08:26 §f              §8(This totals 4 types of materials stashed!)
04:08:26 §f                §3§l>>> §3§lCLICK HERE§b to pick them up! §3§l<<<
04:08:26   
04:09:33 §f               §7You have §313,280 §7materials stashed away!
04:09:33 §f              §8(This totals 4 types of materials stashed!)
04:09:33 §f                §3§l>>> §3§lCLICK HERE§b to pick them up! §3§l<<<
04:09:33   
04:10:34 §f               §7You have §313,280 §7materials stashed away!
04:10:34 §f              §8(This totals 4 types of materials stashed!)
04:10:34 §f                §3§l>>> §3§lCLICK HERE§b to pick them up! §3§l<<<
04:10:34   
04:11:35 §f               §7You have §313,280 §7materials stashed away!
04:11:35 §f              §8(This totals 4 types of materials stashed!)
04:11:35 §f                §3§l>>> §3§lCLICK HERE§b to pick them up! §3§l<<<
04:11:35   
04:12:36 §f               §7You have §313,280 §7materials stashed away!
04:12:36 §f              §8(This totals 4 types of materials stashed!)
04:12:36 §f                §3§l>>> §3§lCLICK HERE§b to pick them up! §3§l<<<
04:12:37   
04:13:38 §f               §7You have §313,280 §7materials stashed away!
04:13:38 §f              §8(This totals 4 types of materials stashed!)
04:13:38 §f                §3§l>>> §3§lCLICK HERE§b to pick them up! §3§l<<<
04:13:38   
04:14:09 §f               §7You have §313,280 §7materials stashed away!
04:14:09 §f              §8(This totals 4 types of materials stashed!)
04:14:09 §f                §3§l>>> §3§lCLICK HERE§b to pick them up! §3§l<<<
04:14:09   
04:15:10 §f               §7You have §313,280 §7materials stashed away!
04:15:10 §f              §8(This totals 4 types of materials stashed!)
04:15:10 §f                §3§l>>> §3§lCLICK HERE§b to pick them up! §3§l<<<
04:15:10   
04:16:11 §f               §7You have §313,280 §7materials stashed away!
04:16:11 §f              §8(This totals 4 types of materials stashed!)
04:16:11 §f                §3§l>>> §3§lCLICK HERE§b to pick them up! §3§l<<<
04:16:11   
04:17:11 §f               §7You have §313,280 §7materials stashed away!
04:17:11 §f              §8(This totals 4 types of materials stashed!)
04:17:11 §f                §3§l>>> §3§lCLICK HERE§b to pick them up! §3§l<<<
04:17:11   
04:18:12 §f               §7You have §313,280 §7materials stashed away!
04:18:12 §f              §8(This totals 4 types of materials stashed!)
04:18:12 §f                §3§l>>> §3§lCLICK HERE§b to pick them up! §3§l<<<
04:18:12   
04:19:13 §f               §7You have §313,280 §7materials stashed away!
04:19:13 §f              §8(This totals 4 types of materials stashed!)
04:19:13 §f                §3§l>>> §3§lCLICK HERE§b to pick them up! §3§l<<<
04:19:13   
04:20:14 §f               §7You have §313,280 §7materials stashed away!
04:20:14 §f              §8(This totals 4 types of materials stashed!)
04:20:14 §f                §3§l>>> §3§lCLICK HERE§b to pick them up! §3§l<<<
04:20:14   
04:22:16 §f               §7You have §313,280 §7materials stashed away!
04:22:16 §f              §8(This totals 4 types of materials stashed!)
04:22:16 §f                §3§l>>> §3§lCLICK HERE§b to pick them up! §3§l<<<
04:22:16   
04:22:24 §f               §7You have §313,280 §7materials stashed away!
04:22:24 §f              §8(This totals 4 types of materials stashed!)
04:22:24 §f                §3§l>>> §3§lCLICK HERE§b to pick them up! §3§l<<<
04:22:24   
04:23:25 §f               §7You have §313,280 §7materials stashed away!
04:23:25 §f              §8(This totals 4 types of materials stashed!)
04:23:25 §f                §3§l>>> §3§lCLICK HERE§b to pick them up! §3§l<<<
04:23:25   
04:24:25 §f               §7You have §313,280 §7materials stashed away!
04:24:25 §f              §8(This totals 4 types of materials stashed!)
04:24:25 §f                §3§l>>> §3§lCLICK HERE§b to pick them up! §3§l<<<
04:24:25   
04:25:25 §f               §7You have §313,280 §7materials stashed away!
04:25:25 §f              §8(This totals 4 types of materials stashed!)
04:25:25 §f                §3§l>>> §3§lCLICK HERE§b to pick them up! §3§l<<<
04:25:25   
04:26:26 §f               §7You have §313,280 §7materials stashed away!
04:26:26 §f              §8(This totals 4 types of materials stashed!)
04:26:26 §f                §3§l>>> §3§lCLICK HERE§b to pick them up! §3§l<<<
04:26:26   
04:27:26 §f               §7You have §313,280 §7materials stashed away!
04:27:26 §f              §8(This totals 4 types of materials stashed!)
04:27:26 §f                §3§l>>> §3§lCLICK HERE§b to pick them up! §3§l<<<
04:27:26   
04:28:27 §f               §7You have §313,280 §7materials stashed away!
04:28:27 §f              §8(This totals 4 types of materials stashed!)
04:28:27 §f                §3§l>>> §3§lCLICK HERE§b to pick them up! §3§l<<<
04:28:27   
04:29:27 §f               §7You have §313,280 §7materials stashed away!
04:29:27 §f              §8(This totals 4 types of materials stashed!)
04:29:27 §f                §3§l>>> §3§lCLICK HERE§b to pick them up! §3§l<<<
04:29:27   
04:31:16 §f               §7You have §313,280 §7materials stashed away!
04:31:16 §f              §8(This totals 4 types of materials stashed!)
04:31:16 §f                §3§l>>> §3§lCLICK HERE§b to pick them up! §3§l<<<
04:31:16   
04:32:17 §f               §7You have §313,280 §7materials stashed away!
04:32:17 §f              §8(This totals 4 types of materials stashed!)
04:32:17 §f                §3§l>>> §3§lCLICK HERE§b to pick them up! §3§l<<<
04:32:17   
04:33:18 §f               §7You have §313,280 §7materials stashed away!
04:33:18 §f              §8(This totals 4 types of materials stashed!)
04:33:18 §f                §3§l>>> §3§lCLICK HERE§b to pick them up! §3§l<<<
04:33:18   
04:39:59 §f               §7You have §313,280 §7materials stashed away!
04:39:59 §f              §8(This totals 4 types of materials stashed!)
04:39:59 §f                §3§l>>> §3§lCLICK HERE§b to pick them up! §3§l<<<
04:39:59   
04:41:00 §f               §7You have §313,280 §7materials stashed away!
04:41:00 §f              §8(This totals 4 types of materials stashed!)
04:41:00 §f                §3§l>>> §3§lCLICK HERE§b to pick them up! §3§l<<<
04:41:00   
04:42:01 §f               §7You have §313,280 §7materials stashed away!
04:42:01 §f              §8(This totals 4 types of materials stashed!)
04:42:01 §f                §3§l>>> §3§lCLICK HERE§b to pick them up! §3§l<<<
04:42:01   
04:43:02 §f               §7You have §313,280 §7materials stashed away!
04:43:02 §f              §8(This totals 4 types of materials stashed!)
04:43:02 §f                §3§l>>> §3§lCLICK HERE§b to pick them up! §3§l<<<
04:43:02   
04:44:04 §f               §7You have §313,280 §7materials stashed away!
04:44:04 §f              §8(This totals 4 types of materials stashed!)
04:44:04 §f                §3§l>>> §3§lCLICK HERE§b to pick them up! §3§l<<<
04:44:04   
04:45:04 §f               §7You have §313,280 §7materials stashed away!
04:45:04 §f              §8(This totals 4 types of materials stashed!)
04:45:04 §f                §3§l>>> §3§lCLICK HERE§b to pick them up! §3§l<<<
04:45:04   
04:46:05 §f               §7You have §313,280 §7materials stashed away!
04:46:05 §f              §8(This totals 4 types of materials stashed!)
04:46:05 §f                §3§l>>> §3§lCLICK HERE§b to pick them up! §3§l<<<
04:46:05   
04:47:05 §f               §7You have §313,280 §7materials stashed away!
04:47:05 §f              §8(This totals 4 types of materials stashed!)
04:47:05 §f                §3§l>>> §3§lCLICK HERE§b to pick them up! §3§l<<<
04:47:05   
04:48:05 §f               §7You have §313,280 §7materials stashed away!
04:48:05 §f              §8(This totals 4 types of materials stashed!)
04:48:05 §f                §3§l>>> §3§lCLICK HERE§b to pick them up! §3§l<<<
04:48:05   
04:49:05 §f               §7You have §313,280 §7materials stashed away!
04:49:05 §f              §8(This totals 4 types of materials stashed!)
04:49:05 §f                §3§l>>> §3§lCLICK HERE§b to pick them up! §3§l<<<
04:49:05   
04:49:46 §f               §7You have §313,280 §7materials stashed away!
04:49:46 §f              §8(This totals 4 types of materials stashed!)
04:49:46 §f                §3§l>>> §3§lCLICK HERE§b to pick them up! §3§l<<<
04:49:46   
04:50:43 §f               §7You have §313,280 §7materials stashed away!
04:50:43 §f              §8(This totals 4 types of materials stashed!)
04:50:43 §f                §3§l>>> §3§lCLICK HERE§b to pick them up! §3§l<<<
04:50:43   
04:52:35 §f               §7You have §313,280 §7materials stashed away!
04:52:35 §f              §8(This totals 4 types of materials stashed!)
04:52:35 §f                §3§l>>> §3§lCLICK HERE§b to pick them up! §3§l<<<
04:52:35   
04:52:48 §f               §7You have §313,280 §7materials stashed away!
04:52:48 §f              §8(This totals 4 types of materials stashed!)
04:52:48 §f                §3§l>>> §3§lCLICK HERE§b to pick them up! §3§l<<<
04:52:48   
04:53:50 §f               §7You have §313,280 §7materials stashed away!
04:53:50 §f              §8(This totals 4 types of materials stashed!)
04:53:50 §f                §3§l>>> §3§lCLICK HERE§b to pick them up! §3§l<<<
04:53:50   
04:54:34 §f               §7You have §313,280 §7materials stashed away!
04:54:34 §f              §8(This totals 4 types of materials stashed!)
04:54:34 §f                §3§l>>> §3§lCLICK HERE§b to pick them up! §3§l<<<
04:54:34   
04:55:35 §f               §7You have §313,280 §7materials stashed away!
04:55:35 §f              §8(This totals 4 types of materials stashed!)
04:55:35 §f                §3§l>>> §3§lCLICK HERE§b to pick them up! §3§l<<<
04:55:35   
04:56:35 §f               §7You have §313,280 §7materials stashed away!
04:56:35 §f              §8(This totals 4 types of materials stashed!)
04:56:35 §f                §3§l>>> §3§lCLICK HERE§b to pick them up! §3§l<<<
04:56:35   
04:57:36 §f               §7You have §313,280 §7materials stashed away!
04:57:36 §f              §8(This totals 4 types of materials stashed!)
04:57:36 §f                §3§l>>> §3§lCLICK HERE§b to pick them up! §3§l<<<
04:57:36   
04:57:54 §f               §7You have §313,280 §7materials stashed away!
04:57:54 §f              §8(This totals 4 types of materials stashed!)
04:57:54 §f                §3§l>>> §3§lCLICK HERE§b to pick them up! §3§l<<<
04:57:54   
04:58:54 §f               §7You have §313,280 §7materials stashed away!
04:58:54 §f              §8(This totals 4 types of materials stashed!)
04:58:54 §f                §3§l>>> §3§lCLICK HERE§b to pick them up! §3§l<<<
04:58:54   
04:59:54 §f               §7You have §313,280 §7materials stashed away!
04:59:54 §f              §8(This totals 4 types of materials stashed!)
04:59:54 §f                §3§l>>> §3§lCLICK HERE§b to pick them up! §3§l<<<
04:59:54   
05:01:31 §f               §7You have §313,280 §7materials stashed away!
05:01:31 §f              §8(This totals 4 types of materials stashed!)
05:01:31 §f                §3§l>>> §3§lCLICK HERE§b to pick them up! §3§l<<<
05:01:31   
05:02:32 §f               §7You have §313,280 §7materials stashed away!
05:02:32 §f              §8(This totals 4 types of materials stashed!)
05:02:32 §f                §3§l>>> §3§lCLICK HERE§b to pick them up! §3§l<<<
05:02:32   
05:03:31 §f               §7You have §313,280 §7materials stashed away!
05:03:31 §f              §8(This totals 4 types of materials stashed!)
05:03:31 §f                §3§l>>> §3§lCLICK HERE§b to pick them up! §3§l<<<
05:03:31   
05:04:32 §f               §7You have §313,280 §7materials stashed away!
05:04:32 §f              §8(This totals 4 types of materials stashed!)
05:04:32 §f                §3§l>>> §3§lCLICK HERE§b to pick them up! §3§l<<<
05:04:32   
05:05:32 §f               §7You have §313,280 §7materials stashed away!
05:05:32 §f              §8(This totals 4 types of materials stashed!)
05:05:32 §f                §3§l>>> §3§lCLICK HERE§b to pick them up! §3§l<<<
05:05:32   
05:06:32 §f               §7You have §313,280 §7materials stashed away!
05:06:32 §f              §8(This totals 4 types of materials stashed!)
05:06:32 §f                §3§l>>> §3§lCLICK HERE§b to pick them up! §3§l<<<
05:06:32   
05:07:32 §f               §7You have §313,280 §7materials stashed away!
05:07:32 §f              §8(This totals 4 types of materials stashed!)
05:07:32 §f                §3§l>>> §3§lCLICK HERE§b to pick them up! §3§l<<<
05:07:32   
05:08:07 §f               §7You have §313,280 §7materials stashed away!
05:08:07 §f              §8(This totals 4 types of materials stashed!)
05:08:07 §f                §3§l>>> §3§lCLICK HERE§b to pick them up! §3§l<<<
05:08:07   
05:09:08 §f               §7You have §313,280 §7materials stashed away!
05:09:08 §f              §8(This totals 4 types of materials stashed!)
05:09:08 §f                §3§l>>> §3§lCLICK HERE§b to pick them up! §3§l<<<
05:09:08   
05:10:08 §f               §7You have §313,280 §7materials stashed away!
05:10:08 §f              §8(This totals 4 types of materials stashed!)
05:10:08 §f                §3§l>>> §3§lCLICK HERE§b to pick them up! §3§l<<<
05:10:08   
05:11:09 §f               §7You have §313,280 §7materials stashed away!
05:11:09 §f              §8(This totals 4 types of materials stashed!)
05:11:09 §f                §3§l>>> §3§lCLICK HERE§b to pick them up! §3§l<<<
05:11:09   
05:12:09 §f               §7You have §313,280 §7materials stashed away!
05:12:09 §f              §8(This totals 4 types of materials stashed!)
05:12:09 §f                §3§l>>> §3§lCLICK HERE§b to pick them up! §3§l<<<
05:12:09   
05:13:12 §f               §7You have §313,280 §7materials stashed away!
05:13:12 §f              §8(This totals 4 types of materials stashed!)
05:13:12 §f                §3§l>>> §3§lCLICK HERE§b to pick them up! §3§l<<<
05:13:12   
05:14:13 §f               §7You have §313,280 §7materials stashed away!
05:14:13 §f              §8(This totals 4 types of materials stashed!)
05:14:13 §f                §3§l>>> §3§lCLICK HERE§b to pick them up! §3§l<<<
05:14:13   
05:15:18 §f               §7You have §313,280 §7materials stashed away!
05:15:18 §f              §8(This totals 4 types of materials stashed!)
05:15:18 §f                §3§l>>> §3§lCLICK HERE§b to pick them up! §3§l<<<
05:15:18   
05:17:21 §f               §7You have §313,280 §7materials stashed away!
05:17:21 §f              §8(This totals 4 types of materials stashed!)
05:17:21 §f                §3§l>>> §3§lCLICK HERE§b to pick them up! §3§l<<<
05:17:21   
05:17:40 §f               §7You have §313,280 §7materials stashed away!
05:17:40 §f              §8(This totals 4 types of materials stashed!)
05:17:40 §f                §3§l>>> §3§lCLICK HERE§b to pick them up! §3§l<<<
05:17:40   
05:19:28 §f               §7You have §313,280 §7materials stashed away!
05:19:28 §f              §8(This totals 4 types of materials stashed!)
05:19:28 §f                §3§l>>> §3§lCLICK HERE§b to pick them up! §3§l<<<
05:19:28   
05:20:29 §f               §7You have §313,280 §7materials stashed away!
05:20:29 §f              §8(This totals 4 types of materials stashed!)
05:20:29 §f                §3§l>>> §3§lCLICK HERE§b to pick them up! §3§l<<<
05:20:29   
05:21:30 §f               §7You have §313,280 §7materials stashed away!
05:21:30 §f              §8(This totals 4 types of materials stashed!)
05:21:30 §f                §3§l>>> §3§lCLICK HERE§b to pick them up! §3§l<<<
05:21:30   
05:22:31 §f               §7You have §313,280 §7materials stashed away!
05:22:31 §f              §8(This totals 4 types of materials stashed!)
05:22:31 §f                §3§l>>> §3§lCLICK HERE§b to pick them up! §3§l<<<
05:22:31   
05:23:31 §f               §7You have §313,280 §7materials stashed away!
05:23:31 §f              §8(This totals 4 types of materials stashed!)
05:23:31 §f                §3§l>>> §3§lCLICK HERE§b to pick them up! §3§l<<<
05:23:31   
