12:14:46 [allowed] §f §r§r§r§f §r§r§r§1 §r§r§r§0 §r§r§r§2 §r§r§r§f §r§r§r§f §r§r§r§2 §r§r§r§0 §r§r§r§4 §r§r§r§3 §r§r§r§9 §r§r§r§2 §r§r§r§0 §r§r§r§0 §r§r§r§3 §r§r§r§9 §r§r§r§2 §r§r§r§0 §r§r§r§0 §r§r§r§3 §r§r§r§9 §r§r§r§2 §r§r§r§0 §r§r§r§0 
12:14:47 [allowed] §b[MVP§c+§b] EpicElemelons§f §6joined the lobby!
12:14:47 [allowed] §aYou have §b1 §aunclaimed leveling reward!
12:14:47 [allowed] §eClick here to view it!
12:14:47 [allowed] §aYou have §62 §aunclaimed achievement rewards!
12:14:47 [allowed] §eClick here to view them!
12:14:48 [allowed] §b[MVP§d+§b] Kamop§f §6joined the lobby!
12:14:48 [allowed]   §r§f§l➤ §r§6You have reached your Hype limit! Add Hype to Prototype Lobby minigames by right-clicking with the Hype Diamond!
12:14:49 [allowed] §b[MVP§9+§b] ratqua§f §6joined the lobby!
12:14:51 [allowed] 
§r§f§l➔ §r§6§lWelcome to the Prototype Lobby§r
§r§aAll games in this lobby are currently in development.§r
§r§eClick here to leave feedback!§r§f ➤ §r§b§nhttps://hypixel.net/PTL

12:14:51 [allowed] §b[MVP§9+§b] NUTRON302§f §6joined the lobby!
12:14:51 [allowed] §b[MVP§d+§b] Lonesia§f §6joined the lobby!
12:14:52 [allowed] §7Sending to server mini242R...
12:14:53 [allowed] §8 §r§8 §r§1 §r§3 §r§3 §r§7 §r§8 
12:14:55 [allowed] 
12:14:55 [allowed] §eWelcome to §r§aHypixel SkyBlock§r§e!
12:14:55 [allowed] 
12:14:55 [allowed] §eLatest update: §bSkyBlock v0.23.1 §e§lCLICK
12:14:56 [allowed] §aYou are playing on profile: §ePear§b (Co-op)
12:14:56 [allowed] §8Profile ID: da202b41-03b4-4acb-b131-26b3b789ffbc
