15:54:47 §f                                  §6§lBESTIARY
15:54:47 §f                               §b§lLocust §7§8IX §8➡§b §bX
15:54:47 
15:54:47 §f                                  §r§6§lREWARDS
15:54:47 §f                          §r§6+0.4☘ Farming Fortune
15:54:47 §f                              §r§8+§r§62% §r§aLocust §r§7coins
15:54:47 §f                    §r§8+§r§a50% §r§7chance for extra XP orbs
15:54:47 §f                               §r§8+§r§b1 SkyBlock XP
15:54:47 
15:54:47 §3§l▬▬▬▬▬▬▬▬▬▬▬▬▬▬▬▬▬▬▬▬▬▬▬▬▬▬▬▬▬▬▬▬▬▬▬▬▬▬▬▬▬▬▬▬▬▬▬▬▬▬▬▬▬▬▬▬▬▬▬▬▬▬▬▬
18:48:54 §f                                  §6§lBESTIARY
18:48:54 §f                          §b§lCellar Spider §7§8X §8➡§b §bXI
18:48:54 
18:48:54 §f                                  §r§6§lREWARDS
18:48:54 §f                      §r§8+§r§a4 Cellar Spider §r§b✯ Magic Find
18:48:54 §f                      §r§8+§r§a4 Cellar Spider §r§c❁ Strength
18:48:54 §f                          §r§8+§r§62% §r§aCellar Spider §r§7coins
18:48:54 §f                    §r§8+§r§a50% §r§7chance for extra XP orbs
18:48:54 §f                               §r§8+§r§b1 SkyBlock XP
18:48:54 
18:48:54 §3§l▬▬▬▬▬▬▬▬▬▬▬▬▬▬▬▬▬▬▬▬▬▬▬▬▬▬▬▬▬▬▬▬▬▬▬▬▬▬▬▬▬▬▬▬▬▬▬▬▬▬▬▬▬▬▬▬▬▬▬▬▬▬▬▬
19:10:30 §f                                  §6§lBESTIARY
19:10:30 §f                          §b§lMagma Cube §7§8XI §8➡§b §bXII
19:10:30 
19:10:30 §f                                  §r§6§lREWARDS
19:10:30 §f                       §r§8+§r§a4 Magma Cube §r§b✯ Magic Find
19:10:30 §f                       §r§8+§r§a4 Magma Cube §r§c❁ Strength
19:10:30 §f                           §r§8+§r§62% §r§aMagma Cube §r§7coins
19:10:30 §f                    §r§8+§r§a50% §r§7chance for extra XP orbs
19:10:30 §f                               §r§8+§r§b1 SkyBlock XP
19:10:30 
19:10:30 §3§l▬▬▬▬▬▬▬▬▬▬▬▬▬▬▬▬▬▬▬▬▬▬▬▬▬▬▬▬▬▬▬▬▬▬▬▬▬▬▬▬▬▬▬▬▬▬▬▬▬▬▬▬▬▬▬▬▬▬▬▬▬▬▬▬
19:17:43 §f                                  §6§lBESTIARY
19:17:43 §f                                   §b§lGhast §7§bI
19:17:43 
19:17:43 §f                                  §r§6§lREWARDS
19:17:43 §f                          §r§8+§r§a2 Ghast §r§b✯ Magic Find
19:17:43 §f                           §r§8+§r§a2 Ghast §r§c❁ Strength
19:17:43 §f                              §r§8+§r§62% §r§aGhast §r§7coins
19:17:43 §f                    §r§8+§r§a50% §r§7chance for extra XP orbs
19:17:43 §f                               §r§8+§r§b1 SkyBlock XP
19:17:43 
19:17:43 §3§l▬▬▬▬▬▬▬▬▬▬▬▬▬▬▬▬▬▬▬▬▬▬▬▬▬▬▬▬▬▬▬▬▬▬▬▬▬▬▬▬▬▬▬▬▬▬▬▬▬▬▬▬▬▬▬▬▬▬▬▬▬▬▬▬
19:17:45 §f                                  §6§lBESTIARY
19:17:45 §f                                §b§lGhast §7§8I §8➡§b §bII
19:17:45 
19:17:45 §f                                  §r§6§lREWARDS
19:17:45 §f                          §r§8+§r§a2 Ghast §r§b✯ Magic Find
19:17:45 §f                           §r§8+§r§a2 Ghast §r§c❁ Strength
19:17:45 §f                              §r§8+§r§62% §r§aGhast §r§7coins
19:17:45 §f                    §r§8+§r§a50% §r§7chance for extra XP orbs
19:17:45 §f                               §r§8+§r§b1 SkyBlock XP
19:17:45 
19:17:45 §3§l▬▬▬▬▬▬▬▬▬▬▬▬▬▬▬▬▬▬▬▬▬▬▬▬▬▬▬▬▬▬▬▬▬▬▬▬▬▬▬▬▬▬▬▬▬▬▬▬▬▬▬▬▬▬▬▬▬▬▬▬▬▬▬▬
19:17:51 §f                                  §6§lBESTIARY
19:17:51 §f                               §b§lGhast §7§8II §8➡§b §bIII
19:17:51 
19:17:51 §f                                  §r§6§lREWARDS
19:17:51 §f                          §r§8+§r§a2 Ghast §r§b✯ Magic Find
19:17:51 §f                           §r§8+§r§a2 Ghast §r§c❁ Strength
19:17:51 §f                              §r§8+§r§62% §r§aGhast §r§7coins
19:17:51 §f                    §r§8+§r§a50% §r§7chance for extra XP orbs
19:17:51 §f                               §r§8+§r§b1 SkyBlock XP
19:17:51 
19:17:51 §3§l▬▬▬▬▬▬▬▬▬▬▬▬▬▬▬▬▬▬▬▬▬▬▬▬▬▬▬▬▬▬▬▬▬▬▬▬▬▬▬▬▬▬▬▬▬▬▬▬▬▬▬▬▬▬▬▬▬▬▬▬▬▬▬▬
19:17:57 §f                                  §6§lBESTIARY
19:17:57 §f                               §b§lGhast §7§8III §8➡§b §bIV
19:17:57 
19:17:57 §f                                  §r§6§lREWARDS
19:17:57 §f                          §r§8+§r§a2 Ghast §r§b✯ Magic Find
19:17:57 §f                           §r§8+§r§a2 Ghast §r§c❁ Strength
19:17:57 §f                              §r§8+§r§62% §r§aGhast §r§7coins
19:17:57 §f                    §r§8+§r§a50% §r§7chance for extra XP orbs
19:17:57 §f                               §r§8+§r§b1 SkyBlock XP
19:17:57 
19:17:57 §3§l▬▬▬▬▬▬▬▬▬▬▬▬▬▬▬▬▬▬▬▬▬▬▬▬▬▬▬▬▬▬▬▬▬▬▬▬▬▬▬▬▬▬▬▬▬▬▬▬▬▬▬▬▬▬▬▬▬▬▬▬▬▬▬▬
19:18:12 §f                                  §6§lBESTIARY
19:18:12 §f                               §b§lGhast §7§8IV §8➡§b §bV
19:18:12 
19:18:12 §f                                  §r§6§lREWARDS
19:18:12 §f                          §r§8+§r§a2 Ghast §r§b✯ Magic Find
19:18:12 §f                           §r§8+§r§a2 Ghast §r§c❁ Strength
19:18:12 §f                              §r§8+§r§62% §r§aGhast §r§7coins
19:18:12 §f                    §r§8+§r§a50% §r§7chance for extra XP orbs
19:18:12 §f                               §r§8+§r§b1 SkyBlock XP
19:18:12 
19:18:12   §r§f                         §6§lBESTIARY MILESTONE
19:18:12   §r§f                                   §8CII➡§eCIII
19:18:12 
19:18:12 §3§l▬▬▬▬▬▬▬▬▬▬▬▬▬▬▬▬▬▬▬▬▬▬▬▬▬▬▬▬▬▬▬▬▬▬▬▬▬▬▬▬▬▬▬▬▬▬▬▬▬▬▬▬▬▬▬▬▬▬▬▬▬▬▬▬
19:18:25 §f                                  §6§lBESTIARY
19:18:25 §f                               §b§lGhast §7§8V §8➡§b §bVI
19:18:25 
19:18:25 §f                                  §r§6§lREWARDS
19:18:25 §f                          §r§8+§r§a3 Ghast §r§b✯ Magic Find
19:18:25 §f                           §r§8+§r§a3 Ghast §r§c❁ Strength
19:18:25 §f                              §r§8+§r§62% §r§aGhast §r§7coins
19:18:25 §f                    §r§8+§r§a50% §r§7chance for extra XP orbs
19:18:25 §f                               §r§8+§r§b1 SkyBlock XP
19:18:25 
19:18:25 §3§l▬▬▬▬▬▬▬▬▬▬▬▬▬▬▬▬▬▬▬▬▬▬▬▬▬▬▬▬▬▬▬▬▬▬▬▬▬▬▬▬▬▬▬▬▬▬▬▬▬▬▬▬▬▬▬▬▬▬▬▬▬▬▬▬
19:18:46 §f                                  §6§lBESTIARY
19:18:46 §f                              §b§lGhast §7§8VI §8➡§b §bVII
19:18:46 
19:18:46 §f                                  §r§6§lREWARDS
19:18:46 §f                          §r§8+§r§a3 Ghast §r§b✯ Magic Find
19:18:46 §f                           §r§8+§r§a3 Ghast §r§c❁ Strength
19:18:46 §f                              §r§8+§r§62% §r§aGhast §r§7coins
19:18:46 §f                    §r§8+§r§a50% §r§7chance for extra XP orbs
19:18:46 §f                               §r§8+§r§b1 SkyBlock XP
19:18:46 
19:18:46 §3§l▬▬▬▬▬▬▬▬▬▬▬▬▬▬▬▬▬▬▬▬▬▬▬▬▬▬▬▬▬▬▬▬▬▬▬▬▬▬▬▬▬▬▬▬▬▬▬▬▬▬▬▬▬▬▬▬▬▬▬▬▬▬▬▬
19:19:15 §f                                  §6§lBESTIARY
19:19:15 §f                             §b§lGhast §7§8VII §8➡§b §bVIII
19:19:15 
19:19:15 §f                                  §r§6§lREWARDS
19:19:15 §f                          §r§8+§r§a3 Ghast §r§b✯ Magic Find
19:19:15 §f                           §r§8+§r§a3 Ghast §r§c❁ Strength
19:19:15 §f                              §r§8+§r§62% §r§aGhast §r§7coins
19:19:15 §f                    §r§8+§r§a50% §r§7chance for extra XP orbs
19:19:15 §f                               §r§8+§r§b1 SkyBlock XP
19:19:15 
19:19:15 §3§l▬▬▬▬▬▬▬▬▬▬▬▬▬▬▬▬▬▬▬▬▬▬▬▬▬▬▬▬▬▬▬▬▬▬▬▬▬▬▬▬▬▬▬▬▬▬▬▬▬▬▬▬▬▬▬▬▬▬▬▬▬▬▬▬
