15:55:00 §e[NPC] §aFarmhand§f: §r§fI took a break from work for too long! Now I need your help to meet my quota!
15:55:07 §e[NPC] §aLynn§f: §r§fIf you ever get lost, you should check on the Desk on what to do next.
15:55:14 §e[NPC] §aOringo§f: §r§fHey, you got some wheat for my pets by any chance? Gotta keep those little monsters fed, haha!
15:55:20 §e[NPC] §aGimley§f: §r§fbUuUrP!?!?
15:55:26 §e[NPC] §aFisherman Gerald§f: §r§fA Carrot King has been scaring off all the good fish, I need to deal with it before I lose more fish.
15:55:44 §e[NPC] §aFarmhand§f: §r§fExactly what I needed. I think I will take the remainder of the day off.
15:55:51 §e[NPC] §aGeonathan Greatforge§f: §r§fI usually only work with Oil Barrels, but I'd like to try making some Biofuel from compost.
15:56:09 §e[NPC] §aLynn§f: §r§fHave a good one.
15:56:18 §e[NPC] §aFisherman Gerald§f: §r§fHoly Mackerel! You got me the whole nine yards.
15:56:32 §e[NPC] §aOringo§f: §r§fYou know how it is, they never stop eating haha, thank you very much!
15:56:34 §e[NPC] §aGimley§f: §r§fBuRRrP Burp!
15:56:47 §e[NPC] §aGeonathan Greatforge§f: §r§fOil Barrels are far superior, but at least this is 100% renewable. Pretty neat!
16:10:47 §e[NPC] §9Dalbrek§f: §r§fI saw some weird guy in a mask go into a tiny hole inside the Dwarven Mines, maybe he's part of the Cult of the Fallen Star?
16:11:04 §e[NPC] §9Dalbrek§f: §r§fThese guys... are scaring me. I'm not quite sure what they are planning in there, but I'd also rather not want to know.
16:25:18 §e[NPC] §aGuy§f: §r§fHeard you may got some mushrooms...I've been looking for some...
16:25:25 §e[NPC] §9Emissary Sisko§f: §r§fI've heard I can find the best mushrooms here, and as the King's favorite emissary I will bring them to him!
16:25:33 §e[NPC] §aTerry§f: §r§fAhoy, §alongfenownsheat§f! People always tell me they like ice cream, but ice never really tastes like anything for me!
16:25:52 §e[NPC] §aGuy§f: §r§fThank ya man, I knew I could trust you! These will come in good use!
16:25:53 §e[NPC] §9Emissary Sisko§f: §r§fMy standing as the King's favorite emissary is secured as soon as I bring these back home!
16:26:13 §e[NPC] §aTerry§f: §r§fYou are saying I need to combine these items with ice to have a taste? I'll believe it when I see it!
18:12:46 §e[NPC] §aTerry§f: §r§fAhoy, §alongfenownsheat§f! People always tell me they like ice cream, but ice never really tastes like anything for me!
18:13:04 §e[NPC] §aTerry§f: §r§fYou are saying I need to combine these items with ice to have a taste? I'll believe it when I see it!
