15:51:29 §f                §7You have §33,720 §7materials stashed away!
15:51:29 §f              §8(This totals 6 types of materials stashed!)
15:51:29 §f                §3§l>>> §3§lCLICK HERE§b to pick them up! §3§l<<<
15:51:29   
15:52:29 §f                §7You have §33,720 §7materials stashed away!
15:52:29 §f              §8(This totals 6 types of materials stashed!)
15:52:29 §f                §3§l>>> §3§lCLICK HERE§b to pick them up! §3§l<<<
15:52:29   
15:53:08 §f                §7You have §33,720 §7materials stashed away!
15:53:08 §f              §8(This totals 6 types of materials stashed!)
15:53:08 §f                §3§l>>> §3§lCLICK HERE§b to pick them up! §3§l<<<
15:53:08   
15:53:17 §f                §7You have §33,720 §7materials stashed away!
15:53:17 §f              §8(This totals 6 types of materials stashed!)
15:53:17 §f                §3§l>>> §3§lCLICK HERE§b to pick them up! §3§l<<<
15:53:17   
15:53:30 §f                §7You have §33,720 §7materials stashed away!
15:53:30 §f              §8(This totals 6 types of materials stashed!)
15:53:30 §f                §3§l>>> §3§lCLICK HERE§b to pick them up! §3§l<<<
15:53:30   
15:54:31 §f                §7You have §33,720 §7materials stashed away!
15:54:31 §f              §8(This totals 6 types of materials stashed!)
15:54:31 §f                §3§l>>> §3§lCLICK HERE§b to pick them up! §3§l<<<
15:54:31   
15:55:31 §f                §7You have §33,720 §7materials stashed away!
15:55:31 §f              §8(This totals 6 types of materials stashed!)
15:55:31 §f                §3§l>>> §3§lCLICK HERE§b to pick them up! §3§l<<<
15:55:31   
15:56:31 §f                §7You have §33,720 §7materials stashed away!
15:56:31 §f              §8(This totals 6 types of materials stashed!)
15:56:31 §f                §3§l>>> §3§lCLICK HERE§b to pick them up! §3§l<<<
15:56:31   
15:57:31 §f                §7You have §33,720 §7materials stashed away!
15:57:31 §f              §8(This totals 6 types of materials stashed!)
15:57:31 §f                §3§l>>> §3§lCLICK HERE§b to pick them up! §3§l<<<
15:57:31   
15:58:31 §f                §7You have §33,720 §7materials stashed away!
15:58:31 §f              §8(This totals 6 types of materials stashed!)
15:58:31 §f                §3§l>>> §3§lCLICK HERE§b to pick them up! §3§l<<<
15:58:31   
15:59:31 §f                §7You have §33,720 §7materials stashed away!
15:59:31 §f              §8(This totals 6 types of materials stashed!)
15:59:31 §f                §3§l>>> §3§lCLICK HERE§b to pick them up! §3§l<<<
15:59:31   
16:00:31 §f                §7You have §33,720 §7materials stashed away!
16:00:31 §f              §8(This totals 6 types of materials stashed!)
16:00:31 §f                §3§l>>> §3§lCLICK HERE§b to pick them up! §3§l<<<
16:00:31   
16:01:31 §f                §7You have §33,720 §7materials stashed away!
16:01:31 §f              §8(This totals 6 types of materials stashed!)
16:01:31 §f                §3§l>>> §3§lCLICK HERE§b to pick them up! §3§l<<<
16:01:31   
16:02:31 §f                §7You have §33,720 §7materials stashed away!
16:02:31 §f              §8(This totals 6 types of materials stashed!)
16:02:31 §f                §3§l>>> §3§lCLICK HERE§b to pick them up! §3§l<<<
16:02:31   
16:03:31 §f                §7You have §33,720 §7materials stashed away!
16:03:31 §f              §8(This totals 6 types of materials stashed!)
16:03:31 §f                §3§l>>> §3§lCLICK HERE§b to pick them up! §3§l<<<
16:03:31   
16:04:49 §f                §7You have §33,720 §7materials stashed away!
16:04:49 §f              §8(This totals 6 types of materials stashed!)
16:04:49 §f                §3§l>>> §3§lCLICK HERE§b to pick them up! §3§l<<<
16:04:49   
16:05:41 §f                §7You have §33,720 §7materials stashed away!
16:05:41 §f              §8(This totals 6 types of materials stashed!)
16:05:41 §f                §3§l>>> §3§lCLICK HERE§b to pick them up! §3§l<<<
16:05:41   
16:05:54 §f                §7You have §33,720 §7materials stashed away!
16:05:54 §f              §8(This totals 6 types of materials stashed!)
16:05:54 §f                §3§l>>> §3§lCLICK HERE§b to pick them up! §3§l<<<
16:05:54   
16:06:54 §f                §7You have §33,720 §7materials stashed away!
16:06:54 §f              §8(This totals 6 types of materials stashed!)
16:06:54 §f                §3§l>>> §3§lCLICK HERE§b to pick them up! §3§l<<<
16:06:54   
16:07:25 §f                §7You have §33,720 §7materials stashed away!
16:07:25 §f              §8(This totals 6 types of materials stashed!)
16:07:25 §f                §3§l>>> §3§lCLICK HERE§b to pick them up! §3§l<<<
16:07:25   
16:07:39 §f                §7You have §33,720 §7materials stashed away!
16:07:39 §f              §8(This totals 6 types of materials stashed!)
16:07:39 §f                §3§l>>> §3§lCLICK HERE§b to pick them up! §3§l<<<
16:07:39   
16:08:39 §f                §7You have §33,720 §7materials stashed away!
16:08:39 §f              §8(This totals 6 types of materials stashed!)
16:08:39 §f                §3§l>>> §3§lCLICK HERE§b to pick them up! §3§l<<<
16:08:39   
16:09:39 §f                §7You have §33,720 §7materials stashed away!
16:09:39 §f              §8(This totals 6 types of materials stashed!)
16:09:39 §f                §3§l>>> §3§lCLICK HERE§b to pick them up! §3§l<<<
16:09:39   
16:10:40 §f                §7You have §33,720 §7materials stashed away!
16:10:40 §f              §8(This totals 6 types of materials stashed!)
16:10:40 §f                §3§l>>> §3§lCLICK HERE§b to pick them up! §3§l<<<
16:10:40   
16:11:40 §f                §7You have §33,720 §7materials stashed away!
16:11:40 §f              §8(This totals 6 types of materials stashed!)
16:11:40 §f                §3§l>>> §3§lCLICK HERE§b to pick them up! §3§l<<<
16:11:40   
16:12:40 §f                §7You have §33,720 §7materials stashed away!
16:12:40 §f              §8(This totals 6 types of materials stashed!)
16:12:40 §f                §3§l>>> §3§lCLICK HERE§b to pick them up! §3§l<<<
16:12:40   
16:13:40 §f                §7You have §33,720 §7materials stashed away!
16:13:40 §f              §8(This totals 6 types of materials stashed!)
16:13:40 §f                §3§l>>> §3§lCLICK HERE§b to pick them up! §3§l<<<
16:13:40   
16:14:40 §f                §7You have §33,720 §7materials stashed away!
16:14:40 §f              §8(This totals 6 types of materials stashed!)
16:14:40 §f                §3§l>>> §3§lCLICK HERE§b to pick them up! §3§l<<<
16:14:40   
16:15:40 §f                §7You have §33,720 §7materials stashed away!
16:15:40 §f              §8(This totals 6 types of materials stashed!)
16:15:40 §f                §3§l>>> §3§lCLICK HERE§b to pick them up! §3§l<<<
16:15:40   
16:16:41 §f                §7You have §33,720 §7materials stashed away!
16:16:41 §f              §8(This totals 6 types of materials stashed!)
16:16:41 §f                §3§l>>> §3§lCLICK HERE§b to pick them up! §3§l<<<
16:16:41   
16:17:41 §f                §7You have §33,720 §7materials stashed away!
16:17:41 §f              §8(This totals 6 types of materials stashed!)
16:17:41 §f                §3§l>>> §3§lCLICK HERE§b to pick them up! §3§l<<<
16:17:41   
16:18:41 §f                §7You have §33,720 §7materials stashed away!
16:18:41 §f              §8(This totals 6 types of materials stashed!)
16:18:41 §f                §3§l>>> §3§lCLICK HERE§b to pick them up! §3§l<<<
16:18:41   
16:19:41 §f                §7You have §33,720 §7materials stashed away!
16:19:41 §f              §8(This totals 6 types of materials stashed!)
16:19:41 §f                §3§l>>> §3§lCLICK HERE§b to pick them up! §3§l<<<
16:19:41   
16:20:42 §f                §7You have §33,720 §7materials stashed away!
16:20:42 §f              §8(This totals 6 types of materials stashed!)
16:20:42 §f                §3§l>>> §3§lCLICK HERE§b to pick them up! §3§l<<<
16:20:42   
16:21:42 §f                §7You have §33,720 §7materials stashed away!
16:21:42 §f              §8(This totals 6 types of materials stashed!)
16:21:42 §f                §3§l>>> §3§lCLICK HERE§b to pick them up! §3§l<<<
16:21:42   
16:24:26 §f                §7You have §33,720 §7materials stashed away!
16:24:26 §f              §8(This totals 6 types of materials stashed!)
16:24:26 §f                §3§l>>> §3§lCLICK HERE§b to pick them up! §3§l<<<
16:24:26   
16:25:26 §f                §7You have §33,720 §7materials stashed away!
16:25:26 §f              §8(This totals 6 types of materials stashed!)
16:25:26 §f                §3§l>>> §3§lCLICK HERE§b to pick them up! §3§l<<<
16:25:26   
16:26:26 §f                §7You have §33,720 §7materials stashed away!
16:26:26 §f              §8(This totals 6 types of materials stashed!)
16:26:26 §f                §3§l>>> §3§lCLICK HERE§b to pick them up! §3§l<<<
16:26:26   
16:27:26 §f                §7You have §33,720 §7materials stashed away!
16:27:27 §f              §8(This totals 6 types of materials stashed!)
16:27:27 §f                §3§l>>> §3§lCLICK HERE§b to pick them up! §3§l<<<
16:27:27   
16:28:27 §f                §7You have §33,720 §7materials stashed away!
16:28:27 §f              §8(This totals 6 types of materials stashed!)
16:28:27 §f                §3§l>>> §3§lCLICK HERE§b to pick them up! §3§l<<<
16:28:27   
16:29:27 §f                §7You have §33,720 §7materials stashed away!
16:29:27 §f              §8(This totals 6 types of materials stashed!)
16:29:27 §f                §3§l>>> §3§lCLICK HERE§b to pick them up! §3§l<<<
16:29:27   
16:40:22 §f                §7You have §33,720 §7materials stashed away!
16:40:22 §f              §8(This totals 6 types of materials stashed!)
16:40:22 §f                §3§l>>> §3§lCLICK HERE§b to pick them up! §3§l<<<
16:40:22   
16:41:22 §f                §7You have §33,720 §7materials stashed away!
16:41:22 §f              §8(This totals 6 types of materials stashed!)
16:41:22 §f                §3§l>>> §3§lCLICK HERE§b to pick them up! §3§l<<<
16:41:22   
16:42:22 §f                §7You have §33,720 §7materials stashed away!
16:42:22 §f              §8(This totals 6 types of materials stashed!)
16:42:22 §f                §3§l>>> §3§lCLICK HERE§b to pick them up! §3§l<<<
16:42:22   
16:43:22 §f                §7You have §33,720 §7materials stashed away!
16:43:22 §f              §8(This totals 6 types of materials stashed!)
16:43:22 §f                §3§l>>> §3§lCLICK HERE§b to pick them up! §3§l<<<
16:43:22   
16:44:23 §f                §7You have §33,720 §7materials stashed away!
16:44:23 §f              §8(This totals 6 types of materials stashed!)
16:44:23 §f                §3§l>>> §3§lCLICK HERE§b to pick them up! §3§l<<<
16:44:23   
16:45:47 §f                §7You have §33,720 §7materials stashed away!
16:45:47 §f              §8(This totals 6 types of materials stashed!)
16:45:47 §f                §3§l>>> §3§lCLICK HERE§b to pick them up! §3§l<<<
16:45:47   
16:46:32 §f                §7You have §33,720 §7materials stashed away!
16:46:32 §f              §8(This totals 6 types of materials stashed!)
16:46:32 §f                §3§l>>> §3§lCLICK HERE§b to pick them up! §3§l<<<
16:46:32   
16:47:32 §f                §7You have §33,720 §7materials stashed away!
16:47:32 §f              §8(This totals 6 types of materials stashed!)
16:47:32 §f                §3§l>>> §3§lCLICK HERE§b to pick them up! §3§l<<<
16:47:32   
16:48:33 §f                §7You have §33,720 §7materials stashed away!
16:48:33 §f              §8(This totals 6 types of materials stashed!)
16:48:33 §f                §3§l>>> §3§lCLICK HERE§b to pick them up! §3§l<<<
16:48:33   
16:49:08 §f                §7You have §33,720 §7materials stashed away!
16:49:08 §f              §8(This totals 6 types of materials stashed!)
16:49:08 §f                §3§l>>> §3§lCLICK HERE§b to pick them up! §3§l<<<
16:49:08   
16:49:41 §f                §7You have §33,720 §7materials stashed away!
16:49:41 §f              §8(This totals 6 types of materials stashed!)
16:49:41 §f                §3§l>>> §3§lCLICK HERE§b to pick them up! §3§l<<<
16:49:41   
16:50:42 §f                §7You have §33,720 §7materials stashed away!
16:50:42 §f              §8(This totals 6 types of materials stashed!)
16:50:42 §f                §3§l>>> §3§lCLICK HERE§b to pick them up! §3§l<<<
16:50:42   
16:51:37 §f                §7You have §33,720 §7materials stashed away!
16:51:37 §f              §8(This totals 6 types of materials stashed!)
16:51:37 §f                §3§l>>> §3§lCLICK HERE§b to pick them up! §3§l<<<
16:51:37   
16:52:37 §f                §7You have §33,720 §7materials stashed away!
16:52:37 §f              §8(This totals 6 types of materials stashed!)
16:52:37 §f                §3§l>>> §3§lCLICK HERE§b to pick them up! §3§l<<<
16:52:37   
16:53:37 §f                §7You have §33,720 §7materials stashed away!
16:53:37 §f              §8(This totals 6 types of materials stashed!)
16:53:37 §f                §3§l>>> §3§lCLICK HERE§b to pick them up! §3§l<<<
16:53:37   
16:54:38 §f                §7You have §33,720 §7materials stashed away!
16:54:38 §f              §8(This totals 6 types of materials stashed!)
16:54:38 §f                §3§l>>> §3§lCLICK HERE§b to pick them up! §3§l<<<
16:54:38   
16:55:38 §f                §7You have §33,720 §7materials stashed away!
16:55:38 §f              §8(This totals 6 types of materials stashed!)
16:55:38 §f                §3§l>>> §3§lCLICK HERE§b to pick them up! §3§l<<<
16:55:38   
16:56:38 §f                §7You have §33,720 §7materials stashed away!
16:56:38 §f              §8(This totals 6 types of materials stashed!)
16:56:38 §f                §3§l>>> §3§lCLICK HERE§b to pick them up! §3§l<<<
16:56:38   
16:57:38 §f                §7You have §33,720 §7materials stashed away!
16:57:38 §f              §8(This totals 6 types of materials stashed!)
16:57:38 §f                §3§l>>> §3§lCLICK HERE§b to pick them up! §3§l<<<
16:57:38   
16:58:38 §f                §7You have §33,720 §7materials stashed away!
16:58:38 §f              §8(This totals 6 types of materials stashed!)
16:58:38 §f                §3§l>>> §3§lCLICK HERE§b to pick them up! §3§l<<<
16:58:38   
16:59:39 §f                §7You have §33,720 §7materials stashed away!
16:59:39 §f              §8(This totals 6 types of materials stashed!)
16:59:39 §f                §3§l>>> §3§lCLICK HERE§b to pick them up! §3§l<<<
16:59:39   
17:00:39 §f                §7You have §33,720 §7materials stashed away!
17:00:39 §f              §8(This totals 6 types of materials stashed!)
17:00:39 §f                §3§l>>> §3§lCLICK HERE§b to pick them up! §3§l<<<
17:00:39   
17:01:41 §f                §7You have §33,720 §7materials stashed away!
17:01:41 §f              §8(This totals 6 types of materials stashed!)
17:01:41 §f                §3§l>>> §3§lCLICK HERE§b to pick them up! §3§l<<<
17:01:41   
17:02:41 §f                §7You have §33,720 §7materials stashed away!
17:02:41 §f              §8(This totals 6 types of materials stashed!)
17:02:41 §f                §3§l>>> §3§lCLICK HERE§b to pick them up! §3§l<<<
17:02:41   
18:09:09 §f               §7You have §313,280 §7materials stashed away!
18:09:09 §f              §8(This totals 4 types of materials stashed!)
18:09:09 §f                §3§l>>> §3§lCLICK HERE§b to pick them up! §3§l<<<
18:09:09   
18:10:09 §f               §7You have §313,280 §7materials stashed away!
18:10:09 §f              §8(This totals 4 types of materials stashed!)
18:10:09 §f                §3§l>>> §3§lCLICK HERE§b to pick them up! §3§l<<<
18:10:09   
18:11:09 §f               §7You have §313,280 §7materials stashed away!
18:11:09 §f              §8(This totals 4 types of materials stashed!)
18:11:09 §f                §3§l>>> §3§lCLICK HERE§b to pick them up! §3§l<<<
18:11:09   
18:12:09 §f               §7You have §313,280 §7materials stashed away!
18:12:09 §f              §8(This totals 4 types of materials stashed!)
18:12:09 §f                §3§l>>> §3§lCLICK HERE§b to pick them up! §3§l<<<
18:12:09   
18:13:09 §f               §7You have §313,280 §7materials stashed away!
18:13:09 §f              §8(This totals 4 types of materials stashed!)
18:13:09 §f                §3§l>>> §3§lCLICK HERE§b to pick them up! §3§l<<<
18:13:09   
18:13:48 §f               §7You have §313,280 §7materials stashed away!
18:13:48 §f              §8(This totals 4 types of materials stashed!)
18:13:48 §f                §3§l>>> §3§lCLICK HERE§b to pick them up! §3§l<<<
18:13:48   
18:14:48 §f               §7You have §313,280 §7materials stashed away!
18:14:48 §f              §8(This totals 4 types of materials stashed!)
18:14:48 §f                §3§l>>> §3§lCLICK HERE§b to pick them up! §3§l<<<
18:14:48   
18:15:48 §f               §7You have §313,280 §7materials stashed away!
18:15:48 §f              §8(This totals 4 types of materials stashed!)
18:15:48 §f                §3§l>>> §3§lCLICK HERE§b to pick them up! §3§l<<<
18:15:48   
18:16:24 §f               §7You have §313,280 §7materials stashed away!
18:16:24 §f              §8(This totals 4 types of materials stashed!)
18:16:24 §f                §3§l>>> §3§lCLICK HERE§b to pick them up! §3§l<<<
18:16:24   
18:17:27 §f               §7You have §313,280 §7materials stashed away!
18:17:27 §f              §8(This totals 4 types of materials stashed!)
18:17:27 §f                §3§l>>> §3§lCLICK HERE§b to pick them up! §3§l<<<
18:17:27   
18:18:29 §f               §7You have §313,280 §7materials stashed away!
18:18:29 §f              §8(This totals 4 types of materials stashed!)
18:18:29 §f                §3§l>>> §3§lCLICK HERE§b to pick them up! §3§l<<<
18:18:29   
18:19:30 §f               §7You have §313,280 §7materials stashed away!
18:19:30 §f              §8(This totals 4 types of materials stashed!)
18:19:30 §f                §3§l>>> §3§lCLICK HERE§b to pick them up! §3§l<<<
18:19:30   
18:20:30 §f               §7You have §313,280 §7materials stashed away!
18:20:30 §f              §8(This totals 4 types of materials stashed!)
18:20:30 §f                §3§l>>> §3§lCLICK HERE§b to pick them up! §3§l<<<
18:20:30   
18:21:31 §f               §7You have §313,280 §7materials stashed away!
18:21:31 §f              §8(This totals 4 types of materials stashed!)
18:21:31 §f                §3§l>>> §3§lCLICK HERE§b to pick them up! §3§l<<<
18:21:31   
18:22:31 §f               §7You have §313,280 §7materials stashed away!
18:22:31 §f              §8(This totals 4 types of materials stashed!)
18:22:31 §f                §3§l>>> §3§lCLICK HERE§b to pick them up! §3§l<<<
18:22:31   
18:23:32 §f               §7You have §313,280 §7materials stashed away!
18:23:32 §f              §8(This totals 4 types of materials stashed!)
18:23:32 §f                §3§l>>> §3§lCLICK HERE§b to pick them up! §3§l<<<
18:23:32   
18:24:34 §f               §7You have §313,280 §7materials stashed away!
18:24:34 §f              §8(This totals 4 types of materials stashed!)
18:24:34 §f                §3§l>>> §3§lCLICK HERE§b to pick them up! §3§l<<<
18:24:34   
18:25:34 §f               §7You have §313,280 §7materials stashed away!
18:25:34 §f              §8(This totals 4 types of materials stashed!)
18:25:34 §f                §3§l>>> §3§lCLICK HERE§b to pick them up! §3§l<<<
18:25:34   
18:26:37 §f               §7You have §313,280 §7materials stashed away!
18:26:37 §f              §8(This totals 4 types of materials stashed!)
18:26:37 §f                §3§l>>> §3§lCLICK HERE§b to pick them up! §3§l<<<
18:26:37   
18:27:38 §f               §7You have §313,280 §7materials stashed away!
18:27:38 §f              §8(This totals 4 types of materials stashed!)
18:27:38 §f                §3§l>>> §3§lCLICK HERE§b to pick them up! §3§l<<<
18:27:38   
18:28:38 §f               §7You have §313,280 §7materials stashed away!
18:28:38 §f              §8(This totals 4 types of materials stashed!)
18:28:38 §f                §3§l>>> §3§lCLICK HERE§b to pick them up! §3§l<<<
18:28:38   
18:30:29 §f               §7You have §313,280 §7materials stashed away!
18:30:29 §f              §8(This totals 4 types of materials stashed!)
18:30:29 §f                §3§l>>> §3§lCLICK HERE§b to pick them up! §3§l<<<
18:30:29   
18:31:01 §f               §7You have §313,280 §7materials stashed away!
18:31:01 §f              §8(This totals 4 types of materials stashed!)
18:31:01 §f                §3§l>>> §3§lCLICK HERE§b to pick them up! §3§l<<<
18:31:01   
18:32:02 §f               §7You have §313,280 §7materials stashed away!
18:32:02 §f              §8(This totals 4 types of materials stashed!)
18:32:02 §f                §3§l>>> §3§lCLICK HERE§b to pick them up! §3§l<<<
18:32:02   
18:33:03 §f               §7You have §313,280 §7materials stashed away!
18:33:03 §f              §8(This totals 4 types of materials stashed!)
18:33:03 §f                §3§l>>> §3§lCLICK HERE§b to pick them up! §3§l<<<
18:33:03   
18:34:06 §f               §7You have §313,280 §7materials stashed away!
18:34:06 §f              §8(This totals 4 types of materials stashed!)
18:34:06 §f                §3§l>>> §3§lCLICK HERE§b to pick them up! §3§l<<<
18:34:06   
18:35:07 §f               §7You have §313,280 §7materials stashed away!
18:35:07 §f              §8(This totals 4 types of materials stashed!)
18:35:07 §f                §3§l>>> §3§lCLICK HERE§b to pick them up! §3§l<<<
18:35:07   
18:36:08 §f               §7You have §313,280 §7materials stashed away!
18:36:08 §f              §8(This totals 4 types of materials stashed!)
18:36:08 §f                §3§l>>> §3§lCLICK HERE§b to pick them up! §3§l<<<
18:36:08   
18:37:08 §f               §7You have §313,280 §7materials stashed away!
18:37:08 §f              §8(This totals 4 types of materials stashed!)
18:37:08 §f                §3§l>>> §3§lCLICK HERE§b to pick them up! §3§l<<<
18:37:08   
18:38:09 §f               §7You have §313,280 §7materials stashed away!
18:38:09 §f              §8(This totals 4 types of materials stashed!)
18:38:09 §f                §3§l>>> §3§lCLICK HERE§b to pick them up! §3§l<<<
18:38:09   
18:39:09 §f               §7You have §313,280 §7materials stashed away!
18:39:09 §f              §8(This totals 4 types of materials stashed!)
18:39:09 §f                §3§l>>> §3§lCLICK HERE§b to pick them up! §3§l<<<
18:39:09   
18:40:10 §f               §7You have §313,280 §7materials stashed away!
18:40:10 §f              §8(This totals 4 types of materials stashed!)
18:40:10 §f                §3§l>>> §3§lCLICK HERE§b to pick them up! §3§l<<<
18:40:10   
18:41:10 §f               §7You have §313,280 §7materials stashed away!
18:41:10 §f              §8(This totals 4 types of materials stashed!)
18:41:10 §f                §3§l>>> §3§lCLICK HERE§b to pick them up! §3§l<<<
18:41:10   
18:42:11 §f               §7You have §313,280 §7materials stashed away!
18:42:11 §f              §8(This totals 4 types of materials stashed!)
18:42:11 §f                §3§l>>> §3§lCLICK HERE§b to pick them up! §3§l<<<
18:42:11   
18:43:11 §f               §7You have §313,280 §7materials stashed away!
18:43:11 §f              §8(This totals 4 types of materials stashed!)
18:43:11 §f                §3§l>>> §3§lCLICK HERE§b to pick them up! §3§l<<<
18:43:11   
18:44:04 §f               §7You have §313,280 §7materials stashed away!
18:44:04 §f              §8(This totals 4 types of materials stashed!)
18:44:04 §f                §3§l>>> §3§lCLICK HERE§b to pick them up! §3§l<<<
18:44:04   
18:44:56 §f               §7You have §313,280 §7materials stashed away!
18:44:56 §f              §8(This totals 4 types of materials stashed!)
18:44:56 §f                §3§l>>> §3§lCLICK HERE§b to pick them up! §3§l<<<
18:44:56   
18:45:58 §f               §7You have §313,280 §7materials stashed away!
18:45:58 §f              §8(This totals 4 types of materials stashed!)
18:45:58 §f                §3§l>>> §3§lCLICK HERE§b to pick them up! §3§l<<<
18:45:58   
18:46:58 §f               §7You have §313,280 §7materials stashed away!
18:46:58 §f              §8(This totals 4 types of materials stashed!)
18:46:58 §f                §3§l>>> §3§lCLICK HERE§b to pick them up! §3§l<<<
18:46:58   
18:47:59 §f               §7You have §313,280 §7materials stashed away!
18:47:59 §f              §8(This totals 4 types of materials stashed!)
18:47:59 §f                §3§l>>> §3§lCLICK HERE§b to pick them up! §3§l<<<
18:47:59   
18:49:00 §f               §7You have §313,280 §7materials stashed away!
18:49:00 §f              §8(This totals 4 types of materials stashed!)
18:49:00 §f                §3§l>>> §3§lCLICK HERE§b to pick them up! §3§l<<<
18:49:00   
18:50:00 §f               §7You have §313,280 §7materials stashed away!
18:50:00 §f              §8(This totals 4 types of materials stashed!)
18:50:00 §f                §3§l>>> §3§lCLICK HERE§b to pick them up! §3§l<<<
18:50:00   
18:51:03 §f               §7You have §313,280 §7materials stashed away!
18:51:03 §f              §8(This totals 4 types of materials stashed!)
18:51:03 §f                §3§l>>> §3§lCLICK HERE§b to pick them up! §3§l<<<
18:51:03   
18:52:04 §f               §7You have §313,280 §7materials stashed away!
18:52:04 §f              §8(This totals 4 types of materials stashed!)
18:52:04 §f                §3§l>>> §3§lCLICK HERE§b to pick them up! §3§l<<<
18:52:04   
18:53:05 §f               §7You have §313,280 §7materials stashed away!
18:53:05 §f              §8(This totals 4 types of materials stashed!)
18:53:05 §f                §3§l>>> §3§lCLICK HERE§b to pick them up! §3§l<<<
18:53:05   
18:54:05 §f               §7You have §313,280 §7materials stashed away!
18:54:05 §f              §8(This totals 4 types of materials stashed!)
18:54:05 §f                §3§l>>> §3§lCLICK HERE§b to pick them up! §3§l<<<
18:54:05   
18:55:01 §f               §7You have §313,280 §7materials stashed away!
18:55:01 §f              §8(This totals 4 types of materials stashed!)
18:55:01 §f                §3§l>>> §3§lCLICK HERE§b to pick them up! §3§l<<<
18:55:01   
18:55:06 §f               §7You have §313,280 §7materials stashed away!
18:55:06 §f              §8(This totals 4 types of materials stashed!)
18:55:06 §f                §3§l>>> §3§lCLICK HERE§b to pick them up! §3§l<<<
18:55:06   
18:56:06 §f               §7You have §313,280 §7materials stashed away!
18:56:06 §f              §8(This totals 4 types of materials stashed!)
18:56:06 §f                §3§l>>> §3§lCLICK HERE§b to pick them up! §3§l<<<
18:56:06   
18:57:09 §f               §7You have §313,280 §7materials stashed away!
18:57:09 §f              §8(This totals 4 types of materials stashed!)
18:57:09 §f                §3§l>>> §3§lCLICK HERE§b to pick them up! §3§l<<<
18:57:09   
18:58:10 §f               §7You have §313,280 §7materials stashed away!
18:58:10 §f              §8(This totals 4 types of materials stashed!)
18:58:10 §f                §3§l>>> §3§lCLICK HERE§b to pick them up! §3§l<<<
18:58:10   
18:59:10 §f               §7You have §313,280 §7materials stashed away!
18:59:10 §f              §8(This totals 4 types of materials stashed!)
18:59:10 §f                §3§l>>> §3§lCLICK HERE§b to pick them up! §3§l<<<
18:59:10   
19:00:11 §f               §7You have §313,280 §7materials stashed away!
19:00:11 §f              §8(This totals 4 types of materials stashed!)
19:00:11 §f                §3§l>>> §3§lCLICK HERE§b to pick them up! §3§l<<<
19:00:11   
19:01:11 §f               §7You have §313,280 §7materials stashed away!
19:01:11 §f              §8(This totals 4 types of materials stashed!)
19:01:11 §f                §3§l>>> §3§lCLICK HERE§b to pick them up! §3§l<<<
19:01:11   
19:02:12 §f               §7You have §313,280 §7materials stashed away!
19:02:12 §f              §8(This totals 4 types of materials stashed!)
19:02:12 §f                §3§l>>> §3§lCLICK HERE§b to pick them up! §3§l<<<
19:02:12   
19:03:12 §f               §7You have §313,280 §7materials stashed away!
19:03:12 §f              §8(This totals 4 types of materials stashed!)
19:03:12 §f                §3§l>>> §3§lCLICK HERE§b to pick them up! §3§l<<<
19:03:12   
19:04:14 §f               §7You have §313,280 §7materials stashed away!
19:04:14 §f              §8(This totals 4 types of materials stashed!)
19:04:14 §f                §3§l>>> §3§lCLICK HERE§b to pick them up! §3§l<<<
19:04:14   
19:05:15 §f               §7You have §313,280 §7materials stashed away!
19:05:15 §f              §8(This totals 4 types of materials stashed!)
19:05:15 §f                §3§l>>> §3§lCLICK HERE§b to pick them up! §3§l<<<
19:05:15   
19:06:02 §f               §7You have §313,280 §7materials stashed away!
19:06:02 §f              §8(This totals 4 types of materials stashed!)
19:06:02 §f                §3§l>>> §3§lCLICK HERE§b to pick them up! §3§l<<<
19:06:02   
19:07:03 §f               §7You have §313,280 §7materials stashed away!
19:07:03 §f              §8(This totals 4 types of materials stashed!)
19:07:03 §f                §3§l>>> §3§lCLICK HERE§b to pick them up! §3§l<<<
19:07:03   
19:08:03 §f               §7You have §313,280 §7materials stashed away!
19:08:03 §f              §8(This totals 4 types of materials stashed!)
19:08:03 §f                §3§l>>> §3§lCLICK HERE§b to pick them up! §3§l<<<
19:08:03   
19:09:04 §f               §7You have §313,280 §7materials stashed away!
19:09:04 §f              §8(This totals 4 types of materials stashed!)
19:09:04 §f                §3§l>>> §3§lCLICK HERE§b to pick them up! §3§l<<<
19:09:04   
19:10:07 §f               §7You have §313,280 §7materials stashed away!
19:10:07 §f              §8(This totals 4 types of materials stashed!)
19:10:07 §f                §3§l>>> §3§lCLICK HERE§b to pick them up! §3§l<<<
19:10:07   
19:10:29 §f               §7You have §313,280 §7materials stashed away!
19:10:29 §f              §8(This totals 4 types of materials stashed!)
19:10:29 §f                §3§l>>> §3§lCLICK HERE§b to pick them up! §3§l<<<
19:10:29   
19:11:30 §f               §7You have §313,280 §7materials stashed away!
19:11:30 §f              §8(This totals 4 types of materials stashed!)
19:11:30 §f                §3§l>>> §3§lCLICK HERE§b to pick them up! §3§l<<<
19:11:30   
19:12:31 §f               §7You have §313,280 §7materials stashed away!
19:12:31 §f              §8(This totals 4 types of materials stashed!)
19:12:31 §f                §3§l>>> §3§lCLICK HERE§b to pick them up! §3§l<<<
19:12:31   
19:13:33 §f               §7You have §313,280 §7materials stashed away!
19:13:33 §f              §8(This totals 4 types of materials stashed!)
19:13:33 §f                §3§l>>> §3§lCLICK HERE§b to pick them up! §3§l<<<
19:13:33   
19:14:34 §f               §7You have §313,280 §7materials stashed away!
19:14:34 §f              §8(This totals 4 types of materials stashed!)
19:14:34 §f                §3§l>>> §3§lCLICK HERE§b to pick them up! §3§l<<<
19:14:34   
19:15:35 §f               §7You have §313,280 §7materials stashed away!
19:15:35 §f              §8(This totals 4 types of materials stashed!)
19:15:35 §f                §3§l>>> §3§lCLICK HERE§b to pick them up! §3§l<<<
19:15:35   
19:16:36 §f               §7You have §313,280 §7materials stashed away!
19:16:36 §f              §8(This totals 4 types of materials stashed!)
19:16:36 §f                §3§l>>> §3§lCLICK HERE§b to pick them up! §3§l<<<
19:16:36   
19:17:23 §f               §7You have §313,280 §7materials stashed away!
19:17:23 §f              §8(This totals 4 types of materials stashed!)
19:17:23 §f                §3§l>>> §3§lCLICK HERE§b to pick them up! §3§l<<<
19:17:23   
19:17:38 §f               §7You have §313,280 §7materials stashed away!
19:17:38 §f              §8(This totals 4 types of materials stashed!)
19:17:38 §f                §3§l>>> §3§lCLICK HERE§b to pick them up! §3§l<<<
19:17:38   
19:18:39 §f               §7You have §313,280 §7materials stashed away!
19:18:39 §f              §8(This totals 4 types of materials stashed!)
19:18:39 §f                §3§l>>> §3§lCLICK HERE§b to pick them up! §3§l<<<
19:18:39   
19:19:40 §f               §7You have §313,280 §7materials stashed away!
19:19:40 §f              §8(This totals 4 types of materials stashed!)
19:19:40 §f                §3§l>>> §3§lCLICK HERE§b to pick them up! §3§l<<<
19:19:40   
19:20:42 §f               §7You have §313,280 §7materials stashed away!
19:20:42 §f              §8(This totals 4 types of materials stashed!)
19:20:42 §f                §3§l>>> §3§lCLICK HERE§b to pick them up! §3§l<<<
19:20:42   
19:21:13 §f               §7You have §313,280 §7materials stashed away!
19:21:13 §f              §8(This totals 4 types of materials stashed!)
19:21:13 §f                §3§l>>> §3§lCLICK HERE§b to pick them up! §3§l<<<
19:21:13   
19:22:15 §f               §7You have §313,280 §7materials stashed away!
19:22:15 §f              §8(This totals 4 types of materials stashed!)
19:22:15 §f                §3§l>>> §3§lCLICK HERE§b to pick them up! §3§l<<<
19:22:15   
19:23:15 §f               §7You have §313,280 §7materials stashed away!
19:23:15 §f              §8(This totals 4 types of materials stashed!)
19:23:15 §f                §3§l>>> §3§lCLICK HERE§b to pick them up! §3§l<<<
19:23:15   
19:24:43 §f               §7You have §313,280 §7materials stashed away!
19:24:43 §f              §8(This totals 4 types of materials stashed!)
19:24:43 §f                §3§l>>> §3§lCLICK HERE§b to pick them up! §3§l<<<
19:24:43   
19:27:37 §f               §7You have §313,280 §7materials stashed away!
19:27:37 §f              §8(This totals 4 types of materials stashed!)
19:27:37 §f                §3§l>>> §3§lCLICK HERE§b to pick them up! §3§l<<<
19:27:37   
19:29:11 §f               §7You have §313,280 §7materials stashed away!
19:29:11 §f              §8(This totals 4 types of materials stashed!)
19:29:11 §f                §3§l>>> §3§lCLICK HERE§b to pick them up! §3§l<<<
19:29:11   
19:30:14 §f               §7You have §313,280 §7materials stashed away!
19:30:14 §f              §8(This totals 4 types of materials stashed!)
19:30:14 §f                §3§l>>> §3§lCLICK HERE§b to pick them up! §3§l<<<
19:30:14   
19:31:15 §f               §7You have §313,280 §7materials stashed away!
19:31:15 §f              §8(This totals 4 types of materials stashed!)
19:31:15 §f                §3§l>>> §3§lCLICK HERE§b to pick them up! §3§l<<<
19:31:15   
19:32:17 §f               §7You have §313,280 §7materials stashed away!
19:32:17 §f              §8(This totals 4 types of materials stashed!)
19:32:17 §f                §3§l>>> §3§lCLICK HERE§b to pick them up! §3§l<<<
19:32:17   
19:33:19 §f               §7You have §313,280 §7materials stashed away!
19:33:19 §f              §8(This totals 4 types of materials stashed!)
19:33:19 §f                §3§l>>> §3§lCLICK HERE§b to pick them up! §3§l<<<
19:33:19   
19:34:20 §f               §7You have §313,280 §7materials stashed away!
19:34:20 §f              §8(This totals 4 types of materials stashed!)
19:34:20 §f                §3§l>>> §3§lCLICK HERE§b to pick them up! §3§l<<<
19:34:20   
19:35:22 §f               §7You have §313,280 §7materials stashed away!
19:35:22 §f              §8(This totals 4 types of materials stashed!)
19:35:22 §f                §3§l>>> §3§lCLICK HERE§b to pick them up! §3§l<<<
19:35:22   
19:36:24 §f               §7You have §313,280 §7materials stashed away!
19:36:24 §f              §8(This totals 4 types of materials stashed!)
19:36:24 §f                §3§l>>> §3§lCLICK HERE§b to pick them up! §3§l<<<
19:36:24   
19:37:26 §f               §7You have §313,280 §7materials stashed away!
19:37:26 §f              §8(This totals 4 types of materials stashed!)
19:37:26 §f                §3§l>>> §3§lCLICK HERE§b to pick them up! §3§l<<<
19:37:26   
19:38:20 §f               §7You have §313,280 §7materials stashed away!
19:38:20 §f              §8(This totals 4 types of materials stashed!)
19:38:20 §f                §3§l>>> §3§lCLICK HERE§b to pick them up! §3§l<<<
19:38:20   
19:39:31 §f               §7You have §313,280 §7materials stashed away!
19:39:31 §f              §8(This totals 4 types of materials stashed!)
19:39:31 §f                §3§l>>> §3§lCLICK HERE§b to pick them up! §3§l<<<
19:39:31   
19:40:35 §f               §7You have §313,280 §7materials stashed away!
19:40:35 §f              §8(This totals 4 types of materials stashed!)
19:40:35 §f                §3§l>>> §3§lCLICK HERE§b to pick them up! §3§l<<<
19:40:35   
19:41:37 §f               §7You have §313,280 §7materials stashed away!
19:41:37 §f              §8(This totals 4 types of materials stashed!)
19:41:37 §f                §3§l>>> §3§lCLICK HERE§b to pick them up! §3§l<<<
19:41:37   
19:42:37 §f               §7You have §313,280 §7materials stashed away!
19:42:37 §f              §8(This totals 4 types of materials stashed!)
19:42:37 §f                §3§l>>> §3§lCLICK HERE§b to pick them up! §3§l<<<
19:42:37   
19:43:39 §f               §7You have §313,280 §7materials stashed away!
19:43:39 §f              §8(This totals 4 types of materials stashed!)
19:43:39 §f                §3§l>>> §3§lCLICK HERE§b to pick them up! §3§l<<<
19:43:39   
19:44:40 §f               §7You have §313,280 §7materials stashed away!
19:44:40 §f              §8(This totals 4 types of materials stashed!)
19:44:40 §f                §3§l>>> §3§lCLICK HERE§b to pick them up! §3§l<<<
19:44:40   
19:45:47 §f               §7You have §313,280 §7materials stashed away!
19:45:47 §f              §8(This totals 4 types of materials stashed!)
19:45:47 §f                §3§l>>> §3§lCLICK HERE§b to pick them up! §3§l<<<
19:45:47   
19:46:54 §f               §7You have §313,280 §7materials stashed away!
19:46:54 §f              §8(This totals 4 types of materials stashed!)
19:46:54 §f                §3§l>>> §3§lCLICK HERE§b to pick them up! §3§l<<<
19:46:54   
19:47:56 §f               §7You have §313,280 §7materials stashed away!
19:47:56 §f              §8(This totals 4 types of materials stashed!)
19:47:56 §f                §3§l>>> §3§lCLICK HERE§b to pick them up! §3§l<<<
19:47:56   
19:48:58 §f               §7You have §313,280 §7materials stashed away!
19:48:58 §f              §8(This totals 4 types of materials stashed!)
19:48:58 §f                §3§l>>> §3§lCLICK HERE§b to pick them up! §3§l<<<
19:48:58   
19:50:00 §f               §7You have §313,280 §7materials stashed away!
19:50:00 §f              §8(This totals 4 types of materials stashed!)
19:50:00 §f                §3§l>>> §3§lCLICK HERE§b to pick them up! §3§l<<<
19:50:00   
19:51:01 §f               §7You have §313,280 §7materials stashed away!
19:51:01 §f              §8(This totals 4 types of materials stashed!)
19:51:01 §f                §3§l>>> §3§lCLICK HERE§b to pick them up! §3§l<<<
19:51:01   
19:52:02 §f               §7You have §313,280 §7materials stashed away!
19:52:02 §f              §8(This totals 4 types of materials stashed!)
19:52:02 §f                §3§l>>> §3§lCLICK HERE§b to pick them up! §3§l<<<
19:52:02   
19:53:04 §f               §7You have §313,280 §7materials stashed away!
19:53:04 §f              §8(This totals 4 types of materials stashed!)
19:53:04 §f                §3§l>>> §3§lCLICK HERE§b to pick them up! §3§l<<<
19:53:04   
19:54:03 §f               §7You have §313,280 §7materials stashed away!
19:54:03 §f              §8(This totals 4 types of materials stashed!)
19:54:03 §f                §3§l>>> §3§lCLICK HERE§b to pick them up! §3§l<<<
19:54:03   
19:55:03 §f               §7You have §313,280 §7materials stashed away!
19:55:03 §f              §8(This totals 4 types of materials stashed!)
19:55:03 §f                §3§l>>> §3§lCLICK HERE§b to pick them up! §3§l<<<
19:55:03   
19:56:03 §f               §7You have §313,280 §7materials stashed away!
19:56:03 §f              §8(This totals 4 types of materials stashed!)
19:56:03 §f                §3§l>>> §3§lCLICK HERE§b to pick them up! §3§l<<<
19:56:03   
19:57:03 §f               §7You have §313,280 §7materials stashed away!
19:57:03 §f              §8(This totals 4 types of materials stashed!)
19:57:03 §f                §3§l>>> §3§lCLICK HERE§b to pick them up! §3§l<<<
19:57:03   
19:58:04 §f               §7You have §313,280 §7materials stashed away!
19:58:04 §f              §8(This totals 4 types of materials stashed!)
19:58:04 §f                §3§l>>> §3§lCLICK HERE§b to pick them up! §3§l<<<
19:58:04   
19:59:04 §f               §7You have §313,280 §7materials stashed away!
19:59:04 §f              §8(This totals 4 types of materials stashed!)
19:59:04 §f                §3§l>>> §3§lCLICK HERE§b to pick them up! §3§l<<<
19:59:04   
20:00:04 §f               §7You have §313,280 §7materials stashed away!
20:00:04 §f              §8(This totals 4 types of materials stashed!)
20:00:04 §f                §3§l>>> §3§lCLICK HERE§b to pick them up! §3§l<<<
20:00:04   
20:01:04 §f               §7You have §313,280 §7materials stashed away!
20:01:04 §f              §8(This totals 4 types of materials stashed!)
20:01:04 §f                §3§l>>> §3§lCLICK HERE§b to pick them up! §3§l<<<
20:01:04   
20:02:04 §f               §7You have §313,280 §7materials stashed away!
20:02:04 §f              §8(This totals 4 types of materials stashed!)
20:02:04 §f                §3§l>>> §3§lCLICK HERE§b to pick them up! §3§l<<<
20:02:04   
20:03:04 §f               §7You have §313,280 §7materials stashed away!
20:03:04 §f              §8(This totals 4 types of materials stashed!)
20:03:04 §f                §3§l>>> §3§lCLICK HERE§b to pick them up! §3§l<<<
20:03:04   
20:04:04 §f               §7You have §313,280 §7materials stashed away!
20:04:04 §f              §8(This totals 4 types of materials stashed!)
20:04:04 §f                §3§l>>> §3§lCLICK HERE§b to pick them up! §3§l<<<
20:04:04   
20:05:06 §f               §7You have §313,280 §7materials stashed away!
20:05:06 §f              §8(This totals 4 types of materials stashed!)
20:05:06 §f                §3§l>>> §3§lCLICK HERE§b to pick them up! §3§l<<<
20:05:06   
20:06:04 §f               §7You have §313,280 §7materials stashed away!
20:06:04 §f              §8(This totals 4 types of materials stashed!)
20:06:04 §f                §3§l>>> §3§lCLICK HERE§b to pick them up! §3§l<<<
20:06:04   
20:07:04 §f               §7You have §313,280 §7materials stashed away!
20:07:04 §f              §8(This totals 4 types of materials stashed!)
20:07:04 §f                §3§l>>> §3§lCLICK HERE§b to pick them up! §3§l<<<
20:07:04   
20:08:06 §f               §7You have §313,280 §7materials stashed away!
20:08:06 §f              §8(This totals 4 types of materials stashed!)
20:08:06 §f                §3§l>>> §3§lCLICK HERE§b to pick them up! §3§l<<<
20:08:06   
20:09:04 §f               §7You have §313,280 §7materials stashed away!
20:09:04 §f              §8(This totals 4 types of materials stashed!)
20:09:04 §f                §3§l>>> §3§lCLICK HERE§b to pick them up! §3§l<<<
20:09:04   
20:10:04 §f               §7You have §313,280 §7materials stashed away!
20:10:04 §f              §8(This totals 4 types of materials stashed!)
20:10:04 §f                §3§l>>> §3§lCLICK HERE§b to pick them up! §3§l<<<
20:10:04   
20:11:06 §f               §7You have §313,280 §7materials stashed away!
20:11:06 §f              §8(This totals 4 types of materials stashed!)
20:11:06 §f                §3§l>>> §3§lCLICK HERE§b to pick them up! §3§l<<<
20:11:06   
20:12:04 §f               §7You have §313,280 §7materials stashed away!
20:12:04 §f              §8(This totals 4 types of materials stashed!)
20:12:04 §f                §3§l>>> §3§lCLICK HERE§b to pick them up! §3§l<<<
20:12:04   
20:13:04 §f               §7You have §313,280 §7materials stashed away!
20:13:04 §f              §8(This totals 4 types of materials stashed!)
20:13:04 §f                §3§l>>> §3§lCLICK HERE§b to pick them up! §3§l<<<
20:13:04   
