23:03:54 DUNGEON_HUB
23:05:05 NONE
23:05:06 HUB
23:05:18 NONE
23:05:18 SPIDER_DEN
23:05:32 CRIMSON_ISLE
23:06:14 NONE
23:06:15 KUUDRA_ARENA
23:12:32 NONE
23:12:32 PRIVATE_ISLAND_GUEST
23:12:46 NONE
23:12:46 CRIMSON_ISLE
23:24:34 NONE
23:24:37 HUB
23:25:14 NONE
23:25:15 PRIVATE_ISLAND_GUEST
23:25:22 NONE
23:25:22 CRIMSON_ISLE
00:42:36 NONE
00:42:36 HUB
00:42:56 NONE
00:42:56 DUNGEON_HUB
00:47:25 NONE
00:47:25 HUB
00:47:38 NONE
00:47:39 DUNGEON_HUB
00:47:55 NONE
00:47:55 CATACOMBS
00:48:29 NONE
00:48:29 DUNGEON_HUB
00:48:57 NONE
00:48:58 DUNGEON_HUB
00:49:01 CATACOMBS
00:58:48 NONE
00:58:49 DUNGEON_HUB
