15:33:32 §f                                  §6§lBESTIARY
15:33:32 §f                       §b§lWither Miner §7§8XXII §8➡§b §bXXIII
15:33:32 
15:33:32 §f                                  §r§6§lREWARDS
15:33:32 §f                      §r§8+§r§a6 Wither Miner §r§b✯ Magic Find
15:33:32 §f                       §r§8+§r§a6 Wither Miner §r§c❁ Strength
15:33:32 §f                          §r§8+§r§62% §r§aWither Miner §r§7coins
15:33:32 §f                    §r§8+§r§a50% §r§7chance for extra XP orbs
15:33:32 §f                               §r§8+§r§b1 SkyBlock XP
15:33:32 
15:33:32 §3§l▬▬▬▬▬▬▬▬▬▬▬▬▬▬▬▬▬▬▬▬▬▬▬▬▬▬▬▬▬▬▬▬▬▬▬▬▬▬▬▬▬▬▬▬▬▬▬▬▬▬▬▬▬▬▬▬▬▬▬▬▬▬▬▬
16:11:49 §f                                  §6§lBESTIARY
16:11:49 §f                           §b§lEnderman §7§8XII §8➡§b §bXIII
16:11:49 
16:11:49 §f                                  §r§6§lREWARDS
16:11:49 §f                        §r§8+§r§a4 Enderman §r§b✯ Magic Find
16:11:49 §f                         §r§8+§r§a4 Enderman §r§c❁ Strength
16:11:49 §f                            §r§8+§r§62% §r§aEnderman §r§7coins
16:11:49 §f                    §r§8+§r§a50% §r§7chance for extra XP orbs
16:11:49 §f                               §r§8+§r§b1 SkyBlock XP
16:11:49 
16:11:49   §r§f                         §6§lBESTIARY MILESTONE
16:11:49   §r§f                                     §8C➡§eCI
16:11:49 
16:11:49 §3§l▬▬▬▬▬▬▬▬▬▬▬▬▬▬▬▬▬▬▬▬▬▬▬▬▬▬▬▬▬▬▬▬▬▬▬▬▬▬▬▬▬▬▬▬▬▬▬▬▬▬▬▬▬▬▬▬▬▬▬▬▬▬▬▬
16:16:13 §f                                  §6§lBESTIARY
16:16:13 §f                          §b§lEndermite §7§8XII §8➡§b §bXIII
16:16:13 
16:16:13 §f                                  §r§6§lREWARDS
16:16:13 §f                        §r§8+§r§a4 Endermite §r§b✯ Magic Find
16:16:13 §f                         §r§8+§r§a4 Endermite §r§c❁ Strength
16:16:13 §f                            §r§8+§r§62% §r§aEndermite §r§7coins
16:16:13 §f                    §r§8+§r§a50% §r§7chance for extra XP orbs
16:16:13 §f                               §r§8+§r§b1 SkyBlock XP
16:16:13 
16:16:13 §3§l▬▬▬▬▬▬▬▬▬▬▬▬▬▬▬▬▬▬▬▬▬▬▬▬▬▬▬▬▬▬▬▬▬▬▬▬▬▬▬▬▬▬▬▬▬▬▬▬▬▬▬▬▬▬▬▬▬▬▬▬▬▬▬▬
16:18:17 §f                                  §6§lBESTIARY
16:18:17 §f                               §b§lSeer §7§8XI §8➡§b §bXII
16:18:17 
16:18:17 §f                                  §r§6§lREWARDS
16:18:17 §f                           §r§8+§r§a4 Seer §r§b✯ Magic Find
16:18:17 §f                            §r§8+§r§a4 Seer §r§c❁ Strength
16:18:17 §f                               §r§8+§r§62% §r§aSeer §r§7coins
16:18:17 §f                    §r§8+§r§a50% §r§7chance for extra XP orbs
16:18:17 §f                               §r§8+§r§b1 SkyBlock XP
16:18:17 
16:18:17 §3§l▬▬▬▬▬▬▬▬▬▬▬▬▬▬▬▬▬▬▬▬▬▬▬▬▬▬▬▬▬▬▬▬▬▬▬▬▬▬▬▬▬▬▬▬▬▬▬▬▬▬▬▬▬▬▬▬▬▬▬▬▬▬▬▬
16:35:37 §f                                  §6§lBESTIARY
16:35:37 §f                     §b§lObsidian Defender §7§8XI §8➡§b §bXII
16:35:37 
16:35:37 §f                                  §r§6§lREWARDS
16:35:37 §f                   §r§8+§r§a4 Obsidian Defender §r§b✯ Magic Find
16:35:37 §f                   §r§8+§r§a4 Obsidian Defender §r§c❁ Strength
16:35:37 §f                       §r§8+§r§62% §r§aObsidian Defender §r§7coins
16:35:37 §f                    §r§8+§r§a50% §r§7chance for extra XP orbs
16:35:37 §f                               §r§8+§r§b1 SkyBlock XP
16:35:37 
16:35:37 §3§l▬▬▬▬▬▬▬▬▬▬▬▬▬▬▬▬▬▬▬▬▬▬▬▬▬▬▬▬▬▬▬▬▬▬▬▬▬▬▬▬▬▬▬▬▬▬▬▬▬▬▬▬▬▬▬▬▬▬▬▬▬▬▬▬
17:07:04 §f                                  §6§lBESTIARY
17:07:04 §f                       §b§lWeaver Spider §7§8VIII §8➡§b §bIX
17:07:04 
17:07:04 §f                                  §r§6§lREWARDS
17:07:04 §f                     §r§8+§r§a3 Weaver Spider §r§b✯ Magic Find
17:07:04 §f                      §r§8+§r§a3 Weaver Spider §r§c❁ Strength
17:07:04 §f                         §r§8+§r§62% §r§aWeaver Spider §r§7coins
17:07:04 §f                    §r§8+§r§a50% §r§7chance for extra XP orbs
17:07:04 §f                               §r§8+§r§b1 SkyBlock XP
17:07:04 
17:07:04 §3§l▬▬▬▬▬▬▬▬▬▬▬▬▬▬▬▬▬▬▬▬▬▬▬▬▬▬▬▬▬▬▬▬▬▬▬▬▬▬▬▬▬▬▬▬▬▬▬▬▬▬▬▬▬▬▬▬▬▬▬▬▬▬▬▬
