14:38:01 §f                §7You have §32,261 §7materials stashed away!
14:38:01 §f              §8(This totals 5 types of materials stashed!)
14:38:01 §f                §3§l>>> §3§lCLICK HERE§b to pick them up! §3§l<<<
14:38:01   
14:39:01 §f                §7You have §32,261 §7materials stashed away!
14:39:01 §f              §8(This totals 5 types of materials stashed!)
14:39:01 §f                §3§l>>> §3§lCLICK HERE§b to pick them up! §3§l<<<
14:39:01   
14:40:02 §f                §7You have §32,261 §7materials stashed away!
14:40:02 §f              §8(This totals 5 types of materials stashed!)
14:40:02 §f                §3§l>>> §3§lCLICK HERE§b to pick them up! §3§l<<<
14:40:02   
14:41:02 §f                §7You have §32,261 §7materials stashed away!
14:41:02 §f              §8(This totals 5 types of materials stashed!)
14:41:02 §f                §3§l>>> §3§lCLICK HERE§b to pick them up! §3§l<<<
14:41:02   
14:42:02 §f                §7You have §32,261 §7materials stashed away!
14:42:02 §f              §8(This totals 5 types of materials stashed!)
14:42:02 §f                §3§l>>> §3§lCLICK HERE§b to pick them up! §3§l<<<
14:42:02   
14:43:02 §f                §7You have §32,261 §7materials stashed away!
14:43:02 §f              §8(This totals 5 types of materials stashed!)
14:43:02 §f                §3§l>>> §3§lCLICK HERE§b to pick them up! §3§l<<<
14:43:02   
14:44:02 §f                §7You have §32,261 §7materials stashed away!
14:44:02 §f              §8(This totals 5 types of materials stashed!)
14:44:02 §f                §3§l>>> §3§lCLICK HERE§b to pick them up! §3§l<<<
14:44:02   
14:45:02 §f                §7You have §32,261 §7materials stashed away!
14:45:02 §f              §8(This totals 5 types of materials stashed!)
14:45:02 §f                §3§l>>> §3§lCLICK HERE§b to pick them up! §3§l<<<
14:45:02   
14:46:02 §f                §7You have §32,261 §7materials stashed away!
14:46:02 §f              §8(This totals 5 types of materials stashed!)
14:46:02 §f                §3§l>>> §3§lCLICK HERE§b to pick them up! §3§l<<<
14:46:02   
14:47:03 §f                §7You have §32,261 §7materials stashed away!
14:47:03 §f              §8(This totals 5 types of materials stashed!)
14:47:03 §f                §3§l>>> §3§lCLICK HERE§b to pick them up! §3§l<<<
14:47:03   
14:47:08 §f                §7You have §32,261 §7materials stashed away!
14:47:08 §f              §8(This totals 5 types of materials stashed!)
14:47:08 §f                §3§l>>> §3§lCLICK HERE§b to pick them up! §3§l<<<
14:47:08   
14:48:08 §f                §7You have §32,261 §7materials stashed away!
14:48:08 §f              §8(This totals 5 types of materials stashed!)
14:48:08 §f                §3§l>>> §3§lCLICK HERE§b to pick them up! §3§l<<<
14:48:08   
14:49:09 §f                §7You have §32,261 §7materials stashed away!
14:49:09 §f              §8(This totals 5 types of materials stashed!)
14:49:09 §f                §3§l>>> §3§lCLICK HERE§b to pick them up! §3§l<<<
14:49:09   
14:50:09 §f                §7You have §32,261 §7materials stashed away!
14:50:09 §f              §8(This totals 5 types of materials stashed!)
14:50:09 §f                §3§l>>> §3§lCLICK HERE§b to pick them up! §3§l<<<
14:50:09   
14:51:09 §f                §7You have §32,261 §7materials stashed away!
14:51:09 §f              §8(This totals 5 types of materials stashed!)
14:51:09 §f                §3§l>>> §3§lCLICK HERE§b to pick them up! §3§l<<<
14:51:09   
14:52:09 §f                §7You have §32,261 §7materials stashed away!
14:52:09 §f              §8(This totals 5 types of materials stashed!)
14:52:09 §f                §3§l>>> §3§lCLICK HERE§b to pick them up! §3§l<<<
14:52:09   
14:52:41 §f                §7You have §32,261 §7materials stashed away!
14:52:41 §f              §8(This totals 5 types of materials stashed!)
14:52:41 §f                §3§l>>> §3§lCLICK HERE§b to pick them up! §3§l<<<
14:52:41   
14:53:41 §f                §7You have §32,261 §7materials stashed away!
14:53:41 §f              §8(This totals 5 types of materials stashed!)
14:53:41 §f                §3§l>>> §3§lCLICK HERE§b to pick them up! §3§l<<<
14:53:41   
14:54:42 §f                §7You have §32,261 §7materials stashed away!
14:54:42 §f              §8(This totals 5 types of materials stashed!)
14:54:42 §f                §3§l>>> §3§lCLICK HERE§b to pick them up! §3§l<<<
14:54:42   
14:55:18 §f                §7You have §32,261 §7materials stashed away!
14:55:18 §f              §8(This totals 5 types of materials stashed!)
14:55:18 §f                §3§l>>> §3§lCLICK HERE§b to pick them up! §3§l<<<
14:55:18   
14:56:20 §f                §7You have §32,261 §7materials stashed away!
14:56:20 §f              §8(This totals 5 types of materials stashed!)
14:56:20 §f                §3§l>>> §3§lCLICK HERE§b to pick them up! §3§l<<<
14:56:20   
14:57:21 §f                §7You have §32,261 §7materials stashed away!
14:57:21 §f              §8(This totals 5 types of materials stashed!)
14:57:21 §f                §3§l>>> §3§lCLICK HERE§b to pick them up! §3§l<<<
14:57:21   
14:58:21 §f                §7You have §32,261 §7materials stashed away!
14:58:21 §f              §8(This totals 5 types of materials stashed!)
14:58:21 §f                §3§l>>> §3§lCLICK HERE§b to pick them up! §3§l<<<
14:58:21   
14:59:21 §f                §7You have §32,261 §7materials stashed away!
14:59:21 §f              §8(This totals 5 types of materials stashed!)
14:59:21 §f                §3§l>>> §3§lCLICK HERE§b to pick them up! §3§l<<<
14:59:21   
15:00:22 §f                §7You have §32,261 §7materials stashed away!
15:00:22 §f              §8(This totals 5 types of materials stashed!)
15:00:22 §f                §3§l>>> §3§lCLICK HERE§b to pick them up! §3§l<<<
15:00:22   
15:01:22 §f                §7You have §32,261 §7materials stashed away!
15:01:22 §f              §8(This totals 5 types of materials stashed!)
15:01:22 §f                §3§l>>> §3§lCLICK HERE§b to pick them up! §3§l<<<
15:01:22   
15:02:22 §f                §7You have §32,261 §7materials stashed away!
15:02:22 §f              §8(This totals 5 types of materials stashed!)
15:02:22 §f                §3§l>>> §3§lCLICK HERE§b to pick them up! §3§l<<<
15:02:22   
15:03:24 §f                §7You have §32,261 §7materials stashed away!
15:03:24 §f              §8(This totals 5 types of materials stashed!)
15:03:24 §f                §3§l>>> §3§lCLICK HERE§b to pick them up! §3§l<<<
15:03:24   
15:04:25 §f                §7You have §32,261 §7materials stashed away!
15:04:25 §f              §8(This totals 5 types of materials stashed!)
15:04:25 §f                §3§l>>> §3§lCLICK HERE§b to pick them up! §3§l<<<
15:04:25   
15:05:26 §f                §7You have §32,261 §7materials stashed away!
15:05:26 §f              §8(This totals 5 types of materials stashed!)
15:05:26 §f                §3§l>>> §3§lCLICK HERE§b to pick them up! §3§l<<<
15:05:26   
15:06:26 §f                §7You have §32,261 §7materials stashed away!
15:06:26 §f              §8(This totals 5 types of materials stashed!)
15:06:26 §f                §3§l>>> §3§lCLICK HERE§b to pick them up! §3§l<<<
15:06:26   
15:07:26 §f                §7You have §32,261 §7materials stashed away!
15:07:26 §f              §8(This totals 5 types of materials stashed!)
15:07:26 §f                §3§l>>> §3§lCLICK HERE§b to pick them up! §3§l<<<
15:07:26   
15:08:27 §f                §7You have §32,261 §7materials stashed away!
15:08:27 §f              §8(This totals 5 types of materials stashed!)
15:08:27 §f                §3§l>>> §3§lCLICK HERE§b to pick them up! §3§l<<<
15:08:27   
15:09:49 §f                §7You have §32,261 §7materials stashed away!
15:09:49 §f              §8(This totals 5 types of materials stashed!)
15:09:49 §f                §3§l>>> §3§lCLICK HERE§b to pick them up! §3§l<<<
15:09:49   
15:10:27 §f                §7You have §32,261 §7materials stashed away!
15:10:27 §f              §8(This totals 5 types of materials stashed!)
15:10:27 §f                §3§l>>> §3§lCLICK HERE§b to pick them up! §3§l<<<
15:10:27   
15:11:27 §f                §7You have §32,261 §7materials stashed away!
15:11:27 §f              §8(This totals 5 types of materials stashed!)
15:11:27 §f                §3§l>>> §3§lCLICK HERE§b to pick them up! §3§l<<<
15:11:27   
15:12:28 §f                §7You have §32,261 §7materials stashed away!
15:12:28 §f              §8(This totals 5 types of materials stashed!)
15:12:28 §f                §3§l>>> §3§lCLICK HERE§b to pick them up! §3§l<<<
15:12:28   
15:13:28 §f                §7You have §32,261 §7materials stashed away!
15:13:28 §f              §8(This totals 5 types of materials stashed!)
15:13:28 §f                §3§l>>> §3§lCLICK HERE§b to pick them up! §3§l<<<
15:13:28   
15:14:28 §f                §7You have §32,261 §7materials stashed away!
15:14:28 §f              §8(This totals 5 types of materials stashed!)
15:14:28 §f                §3§l>>> §3§lCLICK HERE§b to pick them up! §3§l<<<
15:14:28   
15:15:28 §f                §7You have §32,261 §7materials stashed away!
15:15:28 §f              §8(This totals 5 types of materials stashed!)
15:15:28 §f                §3§l>>> §3§lCLICK HERE§b to pick them up! §3§l<<<
15:15:28   
15:16:28 §f                §7You have §32,261 §7materials stashed away!
15:16:28 §f              §8(This totals 5 types of materials stashed!)
15:16:28 §f                §3§l>>> §3§lCLICK HERE§b to pick them up! §3§l<<<
15:16:28   
15:17:29 §f                §7You have §32,261 §7materials stashed away!
15:17:29 §f              §8(This totals 5 types of materials stashed!)
15:17:29 §f                §3§l>>> §3§lCLICK HERE§b to pick them up! §3§l<<<
15:17:29   
15:18:29 §f                §7You have §32,261 §7materials stashed away!
15:18:29 §f              §8(This totals 5 types of materials stashed!)
15:18:29 §f                §3§l>>> §3§lCLICK HERE§b to pick them up! §3§l<<<
15:18:29   
15:19:29 §f                §7You have §32,261 §7materials stashed away!
15:19:29 §f              §8(This totals 5 types of materials stashed!)
15:19:29 §f                §3§l>>> §3§lCLICK HERE§b to pick them up! §3§l<<<
15:19:29   
15:20:29 §f                §7You have §32,261 §7materials stashed away!
15:20:29 §f              §8(This totals 5 types of materials stashed!)
15:20:29 §f                §3§l>>> §3§lCLICK HERE§b to pick them up! §3§l<<<
15:20:29   
15:21:30 §f                §7You have §32,261 §7materials stashed away!
15:21:30 §f              §8(This totals 5 types of materials stashed!)
15:21:30 §f                §3§l>>> §3§lCLICK HERE§b to pick them up! §3§l<<<
15:21:30   
15:22:44 §f                §7You have §32,261 §7materials stashed away!
15:22:44 §f              §8(This totals 5 types of materials stashed!)
15:22:44 §f                §3§l>>> §3§lCLICK HERE§b to pick them up! §3§l<<<
15:22:44   
15:23:44 §f                §7You have §32,261 §7materials stashed away!
15:23:44 §f              §8(This totals 5 types of materials stashed!)
15:23:44 §f                §3§l>>> §3§lCLICK HERE§b to pick them up! §3§l<<<
15:23:44   
15:24:45 §f                §7You have §32,261 §7materials stashed away!
15:24:45 §f              §8(This totals 5 types of materials stashed!)
15:24:45 §f                §3§l>>> §3§lCLICK HERE§b to pick them up! §3§l<<<
15:24:45   
15:25:46 §f                §7You have §32,261 §7materials stashed away!
15:25:46 §f              §8(This totals 5 types of materials stashed!)
15:25:46 §f                §3§l>>> §3§lCLICK HERE§b to pick them up! §3§l<<<
15:25:46   
15:26:49 §f                §7You have §32,261 §7materials stashed away!
15:26:49 §f              §8(This totals 5 types of materials stashed!)
15:26:49 §f                §3§l>>> §3§lCLICK HERE§b to pick them up! §3§l<<<
15:26:49   
15:27:49 §f                §7You have §32,261 §7materials stashed away!
15:27:49 §f              §8(This totals 5 types of materials stashed!)
15:27:49 §f                §3§l>>> §3§lCLICK HERE§b to pick them up! §3§l<<<
15:27:49   
15:28:50 §f                §7You have §32,261 §7materials stashed away!
15:28:50 §f              §8(This totals 5 types of materials stashed!)
15:28:50 §f                §3§l>>> §3§lCLICK HERE§b to pick them up! §3§l<<<
15:28:50   
15:29:50 §f                §7You have §32,261 §7materials stashed away!
15:29:50 §f              §8(This totals 5 types of materials stashed!)
15:29:50 §f                §3§l>>> §3§lCLICK HERE§b to pick them up! §3§l<<<
15:29:50   
15:30:51 §f                §7You have §32,261 §7materials stashed away!
15:30:51 §f              §8(This totals 5 types of materials stashed!)
15:30:51 §f                §3§l>>> §3§lCLICK HERE§b to pick them up! §3§l<<<
15:30:51   
15:31:52 §f                §7You have §32,261 §7materials stashed away!
15:31:52 §f              §8(This totals 5 types of materials stashed!)
15:31:52 §f                §3§l>>> §3§lCLICK HERE§b to pick them up! §3§l<<<
15:31:52   
15:32:52 §f                §7You have §32,261 §7materials stashed away!
15:32:52 §f              §8(This totals 5 types of materials stashed!)
15:32:52 §f                §3§l>>> §3§lCLICK HERE§b to pick them up! §3§l<<<
15:32:52   
15:33:52 §f                §7You have §32,261 §7materials stashed away!
15:33:52 §f              §8(This totals 5 types of materials stashed!)
15:33:52 §f                §3§l>>> §3§lCLICK HERE§b to pick them up! §3§l<<<
15:33:52   
15:34:53 §f                §7You have §32,261 §7materials stashed away!
15:34:53 §f              §8(This totals 5 types of materials stashed!)
15:34:53 §f                §3§l>>> §3§lCLICK HERE§b to pick them up! §3§l<<<
15:34:53   
15:35:53 §f                §7You have §32,261 §7materials stashed away!
15:35:53 §f              §8(This totals 5 types of materials stashed!)
15:35:53 §f                §3§l>>> §3§lCLICK HERE§b to pick them up! §3§l<<<
15:35:53   
15:36:53 §f                §7You have §32,261 §7materials stashed away!
15:36:53 §f              §8(This totals 5 types of materials stashed!)
15:36:53 §f                §3§l>>> §3§lCLICK HERE§b to pick them up! §3§l<<<
15:36:53   
15:37:53 §f                §7You have §32,261 §7materials stashed away!
15:37:53 §f              §8(This totals 5 types of materials stashed!)
15:37:53 §f                §3§l>>> §3§lCLICK HERE§b to pick them up! §3§l<<<
15:37:53   
15:38:54 §f                §7You have §32,261 §7materials stashed away!
15:38:54 §f              §8(This totals 5 types of materials stashed!)
15:38:54 §f                §3§l>>> §3§lCLICK HERE§b to pick them up! §3§l<<<
15:38:54   
15:40:08 §f                §7You have §32,261 §7materials stashed away!
15:40:08 §f              §8(This totals 5 types of materials stashed!)
15:40:08 §f                §3§l>>> §3§lCLICK HERE§b to pick them up! §3§l<<<
15:40:08   
15:41:09 §f                §7You have §32,261 §7materials stashed away!
15:41:09 §f              §8(This totals 5 types of materials stashed!)
15:41:09 §f                §3§l>>> §3§lCLICK HERE§b to pick them up! §3§l<<<
15:41:09   
15:42:10 §f                §7You have §32,261 §7materials stashed away!
15:42:10 §f              §8(This totals 5 types of materials stashed!)
15:42:10 §f                §3§l>>> §3§lCLICK HERE§b to pick them up! §3§l<<<
15:42:10   
15:43:11 §f                §7You have §32,261 §7materials stashed away!
15:43:11 §f              §8(This totals 5 types of materials stashed!)
15:43:11 §f                §3§l>>> §3§lCLICK HERE§b to pick them up! §3§l<<<
15:43:11   
15:44:24 §f                §7You have §32,261 §7materials stashed away!
15:44:24 §f              §8(This totals 5 types of materials stashed!)
15:44:24 §f                §3§l>>> §3§lCLICK HERE§b to pick them up! §3§l<<<
15:44:24   
15:45:25 §f                §7You have §32,261 §7materials stashed away!
15:45:25 §f              §8(This totals 5 types of materials stashed!)
15:45:25 §f                §3§l>>> §3§lCLICK HERE§b to pick them up! §3§l<<<
15:45:25   
15:46:34 §f                §7You have §32,261 §7materials stashed away!
15:46:34 §f              §8(This totals 5 types of materials stashed!)
15:46:34 §f                §3§l>>> §3§lCLICK HERE§b to pick them up! §3§l<<<
15:46:34   
15:47:41 §f                §7You have §32,261 §7materials stashed away!
15:47:41 §f              §8(This totals 5 types of materials stashed!)
15:47:41 §f                §3§l>>> §3§lCLICK HERE§b to pick them up! §3§l<<<
15:47:41   
15:48:44 §f                §7You have §32,261 §7materials stashed away!
15:48:44 §f              §8(This totals 5 types of materials stashed!)
15:48:44 §f                §3§l>>> §3§lCLICK HERE§b to pick them up! §3§l<<<
15:48:44   
15:49:46 §f                §7You have §32,261 §7materials stashed away!
15:49:46 §f              §8(This totals 5 types of materials stashed!)
15:49:46 §f                §3§l>>> §3§lCLICK HERE§b to pick them up! §3§l<<<
15:49:46   
15:50:52 §f                §7You have §32,261 §7materials stashed away!
15:50:52 §f              §8(This totals 5 types of materials stashed!)
15:50:52 §f                §3§l>>> §3§lCLICK HERE§b to pick them up! §3§l<<<
15:50:52   
15:51:53 §f                §7You have §32,261 §7materials stashed away!
15:51:53 §f              §8(This totals 5 types of materials stashed!)
15:51:53 §f                §3§l>>> §3§lCLICK HERE§b to pick them up! §3§l<<<
15:51:53   
15:52:53 §f                §7You have §32,261 §7materials stashed away!
15:52:53 §f              §8(This totals 5 types of materials stashed!)
15:52:53 §f                §3§l>>> §3§lCLICK HERE§b to pick them up! §3§l<<<
15:52:53   
15:53:56 §f                §7You have §32,261 §7materials stashed away!
15:53:56 §f              §8(This totals 5 types of materials stashed!)
15:53:56 §f                §3§l>>> §3§lCLICK HERE§b to pick them up! §3§l<<<
15:53:56   
15:54:57 §f                §7You have §32,261 §7materials stashed away!
15:54:57 §f              §8(This totals 5 types of materials stashed!)
15:54:57 §f                §3§l>>> §3§lCLICK HERE§b to pick them up! §3§l<<<
15:54:57   
15:55:57 §f                §7You have §32,261 §7materials stashed away!
15:55:57 §f              §8(This totals 5 types of materials stashed!)
15:55:57 §f                §3§l>>> §3§lCLICK HERE§b to pick them up! §3§l<<<
15:55:57   
15:56:57 §f                §7You have §32,261 §7materials stashed away!
15:56:57 §f              §8(This totals 5 types of materials stashed!)
15:56:57 §f                §3§l>>> §3§lCLICK HERE§b to pick them up! §3§l<<<
15:56:57   
15:57:57 §f                §7You have §32,261 §7materials stashed away!
15:57:57 §f              §8(This totals 5 types of materials stashed!)
15:57:57 §f                §3§l>>> §3§lCLICK HERE§b to pick them up! §3§l<<<
15:57:57   
15:58:57 §f                §7You have §32,261 §7materials stashed away!
15:58:57 §f              §8(This totals 5 types of materials stashed!)
15:58:57 §f                §3§l>>> §3§lCLICK HERE§b to pick them up! §3§l<<<
15:58:57   
15:59:18 §f                §7You have §32,261 §7materials stashed away!
15:59:18 §f              §8(This totals 5 types of materials stashed!)
15:59:18 §f                §3§l>>> §3§lCLICK HERE§b to pick them up! §3§l<<<
15:59:18   
16:00:19 §f                §7You have §32,261 §7materials stashed away!
16:00:19 §f              §8(This totals 5 types of materials stashed!)
16:00:19 §f                §3§l>>> §3§lCLICK HERE§b to pick them up! §3§l<<<
16:00:19   
16:01:19 §f                §7You have §32,261 §7materials stashed away!
16:01:19 §f              §8(This totals 5 types of materials stashed!)
16:01:19 §f                §3§l>>> §3§lCLICK HERE§b to pick them up! §3§l<<<
16:01:19   
16:02:20 §f                §7You have §32,261 §7materials stashed away!
16:02:20 §f              §8(This totals 5 types of materials stashed!)
16:02:20 §f                §3§l>>> §3§lCLICK HERE§b to pick them up! §3§l<<<
16:02:20   
16:03:20 §f                §7You have §32,261 §7materials stashed away!
16:03:20 §f              §8(This totals 5 types of materials stashed!)
16:03:20 §f                §3§l>>> §3§lCLICK HERE§b to pick them up! §3§l<<<
16:03:20   
16:05:09 §f                §7You have §32,261 §7materials stashed away!
16:05:09 §f              §8(This totals 5 types of materials stashed!)
16:05:09 §f                §3§l>>> §3§lCLICK HERE§b to pick them up! §3§l<<<
16:05:09   
16:05:36 §f                §7You have §32,261 §7materials stashed away!
16:05:36 §f              §8(This totals 5 types of materials stashed!)
16:05:36 §f                §3§l>>> §3§lCLICK HERE§b to pick them up! §3§l<<<
16:05:36   
16:06:36 §f                §7You have §32,261 §7materials stashed away!
16:06:36 §f              §8(This totals 5 types of materials stashed!)
16:06:36 §f                §3§l>>> §3§lCLICK HERE§b to pick them up! §3§l<<<
16:06:36   
16:07:36 §f                §7You have §32,261 §7materials stashed away!
16:07:36 §f              §8(This totals 5 types of materials stashed!)
16:07:36 §f                §3§l>>> §3§lCLICK HERE§b to pick them up! §3§l<<<
16:07:36   
16:08:06 §f                §7You have §32,261 §7materials stashed away!
16:08:06 §f              §8(This totals 5 types of materials stashed!)
16:08:06 §f                §3§l>>> §3§lCLICK HERE§b to pick them up! §3§l<<<
16:08:06   
16:09:09 §f                §7You have §32,261 §7materials stashed away!
16:09:09 §f              §8(This totals 5 types of materials stashed!)
16:09:09 §f                §3§l>>> §3§lCLICK HERE§b to pick them up! §3§l<<<
16:09:09   
16:10:09 §f                §7You have §32,261 §7materials stashed away!
16:10:09 §f              §8(This totals 5 types of materials stashed!)
16:10:09 §f                §3§l>>> §3§lCLICK HERE§b to pick them up! §3§l<<<
16:10:09   
16:11:10 §f                §7You have §32,261 §7materials stashed away!
16:11:10 §f              §8(This totals 5 types of materials stashed!)
16:11:10 §f                §3§l>>> §3§lCLICK HERE§b to pick them up! §3§l<<<
16:11:10   
16:12:10 §f                §7You have §32,261 §7materials stashed away!
16:12:10 §f              §8(This totals 5 types of materials stashed!)
16:12:10 §f                §3§l>>> §3§lCLICK HERE§b to pick them up! §3§l<<<
16:12:10   
16:13:11 §f                §7You have §32,261 §7materials stashed away!
16:13:11 §f              §8(This totals 5 types of materials stashed!)
16:13:11 §f                §3§l>>> §3§lCLICK HERE§b to pick them up! §3§l<<<
16:13:11   
16:14:13 §f                §7You have §32,261 §7materials stashed away!
16:14:13 §f              §8(This totals 5 types of materials stashed!)
16:14:13 §f                §3§l>>> §3§lCLICK HERE§b to pick them up! §3§l<<<
16:14:13   
16:15:14 §f                §7You have §32,261 §7materials stashed away!
16:15:14 §f              §8(This totals 5 types of materials stashed!)
16:15:14 §f                §3§l>>> §3§lCLICK HERE§b to pick them up! §3§l<<<
16:15:14   
16:16:15 §f                §7You have §32,261 §7materials stashed away!
16:16:15 §f              §8(This totals 5 types of materials stashed!)
16:16:15 §f                §3§l>>> §3§lCLICK HERE§b to pick them up! §3§l<<<
16:16:15   
16:17:16 §f                §7You have §32,261 §7materials stashed away!
16:17:16 §f              §8(This totals 5 types of materials stashed!)
16:17:16 §f                §3§l>>> §3§lCLICK HERE§b to pick them up! §3§l<<<
16:17:16   
16:18:17 §f                §7You have §32,261 §7materials stashed away!
16:18:17 §f              §8(This totals 5 types of materials stashed!)
16:18:17 §f                §3§l>>> §3§lCLICK HERE§b to pick them up! §3§l<<<
16:18:17   
16:19:18 §f                §7You have §32,261 §7materials stashed away!
16:19:18 §f              §8(This totals 5 types of materials stashed!)
16:19:18 §f                §3§l>>> §3§lCLICK HERE§b to pick them up! §3§l<<<
16:19:18   
16:20:19 §f                §7You have §32,261 §7materials stashed away!
16:20:19 §f              §8(This totals 5 types of materials stashed!)
16:20:19 §f                §3§l>>> §3§lCLICK HERE§b to pick them up! §3§l<<<
16:20:19   
16:21:19 §f                §7You have §32,261 §7materials stashed away!
16:21:19 §f              §8(This totals 5 types of materials stashed!)
16:21:19 §f                §3§l>>> §3§lCLICK HERE§b to pick them up! §3§l<<<
16:21:19   
16:22:20 §f                §7You have §32,261 §7materials stashed away!
16:22:20 §f              §8(This totals 5 types of materials stashed!)
16:22:20 §f                §3§l>>> §3§lCLICK HERE§b to pick them up! §3§l<<<
16:22:20   
16:23:21 §f                §7You have §32,261 §7materials stashed away!
16:23:21 §f              §8(This totals 5 types of materials stashed!)
16:23:21 §f                §3§l>>> §3§lCLICK HERE§b to pick them up! §3§l<<<
16:23:21   
16:24:19 §f                §7You have §32,261 §7materials stashed away!
16:24:19 §f              §8(This totals 5 types of materials stashed!)
16:24:19 §f                §3§l>>> §3§lCLICK HERE§b to pick them up! §3§l<<<
16:24:19   
16:25:14 §f                §7You have §32,261 §7materials stashed away!
16:25:14 §f              §8(This totals 5 types of materials stashed!)
16:25:14 §f                §3§l>>> §3§lCLICK HERE§b to pick them up! §3§l<<<
16:25:14   
16:26:15 §f                §7You have §32,261 §7materials stashed away!
16:26:15 §f              §8(This totals 5 types of materials stashed!)
16:26:15 §f                §3§l>>> §3§lCLICK HERE§b to pick them up! §3§l<<<
16:26:15   
16:27:16 §f                §7You have §32,261 §7materials stashed away!
16:27:16 §f              §8(This totals 5 types of materials stashed!)
16:27:16 §f                §3§l>>> §3§lCLICK HERE§b to pick them up! §3§l<<<
16:27:16   
16:28:18 §f                §7You have §32,261 §7materials stashed away!
16:28:18 §f              §8(This totals 5 types of materials stashed!)
16:28:18 §f                §3§l>>> §3§lCLICK HERE§b to pick them up! §3§l<<<
16:28:18   
16:29:19 §f                §7You have §32,261 §7materials stashed away!
16:29:19 §f              §8(This totals 5 types of materials stashed!)
16:29:19 §f                §3§l>>> §3§lCLICK HERE§b to pick them up! §3§l<<<
16:29:19   
16:30:20 §f                §7You have §32,261 §7materials stashed away!
16:30:20 §f              §8(This totals 5 types of materials stashed!)
16:30:20 §f                §3§l>>> §3§lCLICK HERE§b to pick them up! §3§l<<<
16:30:20   
16:31:22 §f                §7You have §32,261 §7materials stashed away!
16:31:22 §f              §8(This totals 5 types of materials stashed!)
16:31:22 §f                §3§l>>> §3§lCLICK HERE§b to pick them up! §3§l<<<
16:31:22   
16:32:22 §f                §7You have §32,261 §7materials stashed away!
16:32:22 §f              §8(This totals 5 types of materials stashed!)
16:32:22 §f                §3§l>>> §3§lCLICK HERE§b to pick them up! §3§l<<<
16:32:22   
16:33:23 §f                §7You have §32,261 §7materials stashed away!
16:33:23 §f              §8(This totals 5 types of materials stashed!)
16:33:23 §f                §3§l>>> §3§lCLICK HERE§b to pick them up! §3§l<<<
16:33:23   
16:34:25 §f                §7You have §32,261 §7materials stashed away!
16:34:25 §f              §8(This totals 5 types of materials stashed!)
16:34:25 §f                §3§l>>> §3§lCLICK HERE§b to pick them up! §3§l<<<
16:34:25   
16:35:26 §f                §7You have §32,261 §7materials stashed away!
16:35:26 §f              §8(This totals 5 types of materials stashed!)
16:35:26 §f                §3§l>>> §3§lCLICK HERE§b to pick them up! §3§l<<<
16:35:26   
16:36:28 §f                §7You have §32,261 §7materials stashed away!
16:36:28 §f              §8(This totals 5 types of materials stashed!)
16:36:28 §f                §3§l>>> §3§lCLICK HERE§b to pick them up! §3§l<<<
16:36:28   
16:37:29 §f                §7You have §32,261 §7materials stashed away!
16:37:29 §f              §8(This totals 5 types of materials stashed!)
16:37:29 §f                §3§l>>> §3§lCLICK HERE§b to pick them up! §3§l<<<
16:37:29   
16:37:57 §f                §7You have §32,261 §7materials stashed away!
16:37:57 §f              §8(This totals 5 types of materials stashed!)
16:37:57 §f                §3§l>>> §3§lCLICK HERE§b to pick them up! §3§l<<<
16:37:57   
16:38:57 §f                §7You have §32,261 §7materials stashed away!
16:38:57 §f              §8(This totals 5 types of materials stashed!)
16:38:57 §f                §3§l>>> §3§lCLICK HERE§b to pick them up! §3§l<<<
16:38:57   
16:39:58 §f                §7You have §32,261 §7materials stashed away!
16:39:58 §f              §8(This totals 5 types of materials stashed!)
16:39:58 §f                §3§l>>> §3§lCLICK HERE§b to pick them up! §3§l<<<
16:39:58   
16:40:58 §f                §7You have §32,261 §7materials stashed away!
16:40:58 §f              §8(This totals 5 types of materials stashed!)
16:40:58 §f                §3§l>>> §3§lCLICK HERE§b to pick them up! §3§l<<<
16:40:58   
16:42:45 §f                §7You have §32,261 §7materials stashed away!
16:42:45 §f              §8(This totals 5 types of materials stashed!)
16:42:45 §f                §3§l>>> §3§lCLICK HERE§b to pick them up! §3§l<<<
16:42:45   
16:43:46 §f                §7You have §32,261 §7materials stashed away!
16:43:46 §f              §8(This totals 5 types of materials stashed!)
16:43:46 §f                §3§l>>> §3§lCLICK HERE§b to pick them up! §3§l<<<
16:43:46   
16:44:46 §f                §7You have §32,261 §7materials stashed away!
16:44:46 §f              §8(This totals 5 types of materials stashed!)
16:44:46 §f                §3§l>>> §3§lCLICK HERE§b to pick them up! §3§l<<<
16:44:46   
16:45:46 §f                §7You have §32,261 §7materials stashed away!
16:45:46 §f              §8(This totals 5 types of materials stashed!)
16:45:46 §f                §3§l>>> §3§lCLICK HERE§b to pick them up! §3§l<<<
16:45:46   
16:46:47 §f                §7You have §32,261 §7materials stashed away!
16:46:47 §f              §8(This totals 5 types of materials stashed!)
16:46:47 §f                §3§l>>> §3§lCLICK HERE§b to pick them up! §3§l<<<
16:46:47   
16:47:44 §f                §7You have §32,261 §7materials stashed away!
16:47:44 §f              §8(This totals 5 types of materials stashed!)
16:47:44 §f                §3§l>>> §3§lCLICK HERE§b to pick them up! §3§l<<<
16:47:44   
16:48:45 §f                §7You have §32,261 §7materials stashed away!
16:48:45 §f              §8(This totals 5 types of materials stashed!)
16:48:45 §f                §3§l>>> §3§lCLICK HERE§b to pick them up! §3§l<<<
16:48:45   
16:49:45 §f                §7You have §32,261 §7materials stashed away!
16:49:45 §f              §8(This totals 5 types of materials stashed!)
16:49:45 §f                §3§l>>> §3§lCLICK HERE§b to pick them up! §3§l<<<
16:49:45   
16:50:46 §f                §7You have §32,261 §7materials stashed away!
16:50:46 §f              §8(This totals 5 types of materials stashed!)
16:50:46 §f                §3§l>>> §3§lCLICK HERE§b to pick them up! §3§l<<<
16:50:46   
16:51:47 §f                §7You have §32,261 §7materials stashed away!
16:51:47 §f              §8(This totals 5 types of materials stashed!)
16:51:47 §f                §3§l>>> §3§lCLICK HERE§b to pick them up! §3§l<<<
16:51:47   
16:52:47 §f                §7You have §32,261 §7materials stashed away!
16:52:47 §f              §8(This totals 5 types of materials stashed!)
16:52:47 §f                §3§l>>> §3§lCLICK HERE§b to pick them up! §3§l<<<
16:52:47   
16:53:48 §f                §7You have §32,261 §7materials stashed away!
16:53:48 §f              §8(This totals 5 types of materials stashed!)
16:53:48 §f                §3§l>>> §3§lCLICK HERE§b to pick them up! §3§l<<<
16:53:48   
16:54:49 §f                §7You have §32,261 §7materials stashed away!
16:54:49 §f              §8(This totals 5 types of materials stashed!)
16:54:49 §f                §3§l>>> §3§lCLICK HERE§b to pick them up! §3§l<<<
16:54:49   
16:55:50 §f                §7You have §32,261 §7materials stashed away!
16:55:50 §f              §8(This totals 5 types of materials stashed!)
16:55:50 §f                §3§l>>> §3§lCLICK HERE§b to pick them up! §3§l<<<
16:55:50   
16:56:51 §f                §7You have §32,261 §7materials stashed away!
16:56:51 §f              §8(This totals 5 types of materials stashed!)
16:56:51 §f                §3§l>>> §3§lCLICK HERE§b to pick them up! §3§l<<<
16:56:51   
16:57:52 §f                §7You have §32,261 §7materials stashed away!
16:57:52 §f              §8(This totals 5 types of materials stashed!)
16:57:52 §f                §3§l>>> §3§lCLICK HERE§b to pick them up! §3§l<<<
16:57:52   
16:58:53 §f                §7You have §32,261 §7materials stashed away!
16:58:53 §f              §8(This totals 5 types of materials stashed!)
16:58:53 §f                §3§l>>> §3§lCLICK HERE§b to pick them up! §3§l<<<
16:58:53   
16:59:54 §f                §7You have §32,261 §7materials stashed away!
16:59:54 §f              §8(This totals 5 types of materials stashed!)
16:59:54 §f                §3§l>>> §3§lCLICK HERE§b to pick them up! §3§l<<<
16:59:54   
17:00:55 §f                §7You have §32,261 §7materials stashed away!
17:00:55 §f              §8(This totals 5 types of materials stashed!)
17:00:55 §f                §3§l>>> §3§lCLICK HERE§b to pick them up! §3§l<<<
17:00:55   
17:02:00 §f                §7You have §32,261 §7materials stashed away!
17:02:00 §f              §8(This totals 5 types of materials stashed!)
17:02:00 §f                §3§l>>> §3§lCLICK HERE§b to pick them up! §3§l<<<
17:02:00   
17:03:01 §f                §7You have §32,261 §7materials stashed away!
17:03:01 §f              §8(This totals 5 types of materials stashed!)
17:03:01 §f                §3§l>>> §3§lCLICK HERE§b to pick them up! §3§l<<<
17:03:01   
17:04:01 §f                §7You have §32,261 §7materials stashed away!
17:04:01 §f              §8(This totals 5 types of materials stashed!)
17:04:01 §f                §3§l>>> §3§lCLICK HERE§b to pick them up! §3§l<<<
17:04:01   
17:05:02 §f                §7You have §32,261 §7materials stashed away!
17:05:02 §f              §8(This totals 5 types of materials stashed!)
17:05:02 §f                §3§l>>> §3§lCLICK HERE§b to pick them up! §3§l<<<
17:05:02   
17:06:03 §f                §7You have §32,261 §7materials stashed away!
17:06:03 §f              §8(This totals 5 types of materials stashed!)
17:06:03 §f                §3§l>>> §3§lCLICK HERE§b to pick them up! §3§l<<<
17:06:03   
17:07:04 §f                §7You have §32,261 §7materials stashed away!
17:07:04 §f              §8(This totals 5 types of materials stashed!)
17:07:04 §f                §3§l>>> §3§lCLICK HERE§b to pick them up! §3§l<<<
17:07:04   
17:08:04 §f                §7You have §32,261 §7materials stashed away!
17:08:04 §f              §8(This totals 5 types of materials stashed!)
17:08:04 §f                §3§l>>> §3§lCLICK HERE§b to pick them up! §3§l<<<
17:08:04   
17:09:05 §f                §7You have §32,261 §7materials stashed away!
17:09:05 §f              §8(This totals 5 types of materials stashed!)
17:09:05 §f                §3§l>>> §3§lCLICK HERE§b to pick them up! §3§l<<<
17:09:05   
17:10:05 §f                §7You have §32,261 §7materials stashed away!
17:10:05 §f              §8(This totals 5 types of materials stashed!)
17:10:05 §f                §3§l>>> §3§lCLICK HERE§b to pick them up! §3§l<<<
17:10:05   
17:11:06 §f                §7You have §32,261 §7materials stashed away!
17:11:06 §f              §8(This totals 5 types of materials stashed!)
17:11:06 §f                §3§l>>> §3§lCLICK HERE§b to pick them up! §3§l<<<
17:11:06   
17:11:19 §f                §7You have §32,261 §7materials stashed away!
17:11:19 §f              §8(This totals 5 types of materials stashed!)
17:11:19 §f                §3§l>>> §3§lCLICK HERE§b to pick them up! §3§l<<<
17:11:19   
17:12:12 §f                §7You have §32,261 §7materials stashed away!
17:12:12 §f              §8(This totals 5 types of materials stashed!)
17:12:12 §f                §3§l>>> §3§lCLICK HERE§b to pick them up! §3§l<<<
17:12:12   
17:13:13 §f                §7You have §32,261 §7materials stashed away!
17:13:13 §f              §8(This totals 5 types of materials stashed!)
17:13:13 §f                §3§l>>> §3§lCLICK HERE§b to pick them up! §3§l<<<
17:13:13   
17:14:08 §f                §7You have §32,261 §7materials stashed away!
17:14:08 §f              §8(This totals 5 types of materials stashed!)
17:14:08 §f                §3§l>>> §3§lCLICK HERE§b to pick them up! §3§l<<<
17:14:08   
17:15:08 §f                §7You have §32,261 §7materials stashed away!
17:15:08 §f              §8(This totals 5 types of materials stashed!)
17:15:08 §f                §3§l>>> §3§lCLICK HERE§b to pick them up! §3§l<<<
17:15:08   
17:16:08 §f                §7You have §32,261 §7materials stashed away!
17:16:08 §f              §8(This totals 5 types of materials stashed!)
17:16:08 §f                §3§l>>> §3§lCLICK HERE§b to pick them up! §3§l<<<
17:16:08   
17:17:06 §f                §7You have §32,261 §7materials stashed away!
17:17:06 §f              §8(This totals 5 types of materials stashed!)
17:17:06 §f                §3§l>>> §3§lCLICK HERE§b to pick them up! §3§l<<<
17:17:06   
17:18:06 §f                §7You have §32,261 §7materials stashed away!
17:18:06 §f              §8(This totals 5 types of materials stashed!)
17:18:06 §f                §3§l>>> §3§lCLICK HERE§b to pick them up! §3§l<<<
17:18:06   
17:30:03 §f                §7You have §32,261 §7materials stashed away!
17:30:03 §f              §8(This totals 5 types of materials stashed!)
17:30:03 §f                §3§l>>> §3§lCLICK HERE§b to pick them up! §3§l<<<
17:30:03   
17:31:04 §f                §7You have §32,261 §7materials stashed away!
17:31:04 §f              §8(This totals 5 types of materials stashed!)
17:31:04 §f                §3§l>>> §3§lCLICK HERE§b to pick them up! §3§l<<<
17:31:04   
17:32:04 §f                §7You have §32,261 §7materials stashed away!
17:32:04 §f              §8(This totals 5 types of materials stashed!)
17:32:04 §f                §3§l>>> §3§lCLICK HERE§b to pick them up! §3§l<<<
17:32:04   
17:33:04 §f                §7You have §32,261 §7materials stashed away!
17:33:04 §f              §8(This totals 5 types of materials stashed!)
17:33:04 §f                §3§l>>> §3§lCLICK HERE§b to pick them up! §3§l<<<
17:33:04   
17:34:19 §f                §7You have §32,261 §7materials stashed away!
17:34:19 §f              §8(This totals 5 types of materials stashed!)
17:34:19 §f                §3§l>>> §3§lCLICK HERE§b to pick them up! §3§l<<<
17:34:19   
17:35:19 §f                §7You have §32,261 §7materials stashed away!
17:35:19 §f              §8(This totals 5 types of materials stashed!)
17:35:19 §f                §3§l>>> §3§lCLICK HERE§b to pick them up! §3§l<<<
17:35:19   
17:36:19 §f                §7You have §32,261 §7materials stashed away!
17:36:19 §f              §8(This totals 5 types of materials stashed!)
17:36:19 §f                §3§l>>> §3§lCLICK HERE§b to pick them up! §3§l<<<
17:36:19   
17:37:19 §f                §7You have §32,261 §7materials stashed away!
17:37:19 §f              §8(This totals 5 types of materials stashed!)
17:37:19 §f                §3§l>>> §3§lCLICK HERE§b to pick them up! §3§l<<<
17:37:19   
17:38:19 §f                §7You have §32,261 §7materials stashed away!
17:38:19 §f              §8(This totals 5 types of materials stashed!)
17:38:19 §f                §3§l>>> §3§lCLICK HERE§b to pick them up! §3§l<<<
17:38:19   
17:39:20 §f                §7You have §32,261 §7materials stashed away!
17:39:20 §f              §8(This totals 5 types of materials stashed!)
17:39:20 §f                §3§l>>> §3§lCLICK HERE§b to pick them up! §3§l<<<
17:39:20   
17:40:20 §f                §7You have §32,261 §7materials stashed away!
17:40:20 §f              §8(This totals 5 types of materials stashed!)
17:40:20 §f                §3§l>>> §3§lCLICK HERE§b to pick them up! §3§l<<<
17:40:20   
17:41:20 §f                §7You have §32,261 §7materials stashed away!
17:41:20 §f              §8(This totals 5 types of materials stashed!)
17:41:20 §f                §3§l>>> §3§lCLICK HERE§b to pick them up! §3§l<<<
17:41:20   
