23:06:44 `§cElle `65587 missed {
 is already Found: false).
 Position: LorenzVec(x=-98.0625, y=79.5, z=-147.375)
 DistanceC: 21.451684208186293
Relative Position: LorenzVec(x=-17.584393120575953, y=-4.176932213130129, z=-21.451684208186293)
 }
23:06:55 `Slime`65822 missed {
 is already Found: false).
 Position: LorenzVec(x=-76.125, y=62.875, z=-143.84375)
 DistanceC: 11.99349193871268
Relative Position: LorenzVec(x=-1.5882424154887076, y=-21.626964197431263, z=-11.99349193871268)
 }
23:07:02 `Slime`66142 missed {
 is already Found: false).
 Position: LorenzVec(x=-65.0, y=59.0, z=-130.0)
 DistanceC: 8.759546795877966
Relative Position: LorenzVec(x=8.759546795877966, y=-19.0, z=6.300000011920929)
 }
23:07:03 `Magma Cube`66161 missed {
 is already Found: false).
 Position: LorenzVec(x=-64.83680555555556, y=96.86458333333334, z=-129.59027777777777)
 DistanceC: 8.92274124032241
Relative Position: LorenzVec(x=8.92274124032241, y=13.363049448928024, z=6.7097222341431575)
 }
23:07:26 `Slime`66700 missed {
 is already Found: false).
 Position: LorenzVec(x=-53.0, y=65.0, z=-133.0)
 DistanceC: 21.5
Relative Position: LorenzVec(x=21.5, y=-14.0, z=2.5)
 }
23:07:27 `Magma Cube`66716 missed {
 is already Found: false).
 Position: LorenzVec(x=-52.75, y=102.4375, z=-133.8125)
 DistanceC: 21.75
Relative Position: LorenzVec(x=21.75, y=23.4375, z=1.6875)
 }
23:07:39 `Magma Cube`65985 missed {
 is already Found: false).
 Position: LorenzVec(x=-97.375, y=74.90625, z=-156.59375)
 DistanceC: 20.98855376934955
Relative Position: LorenzVec(x=-20.98855376934955, y=-10.534205130471975, z=-14.814382248294976)
 }
23:07:41 `Slime`66918 missed {
 is already Found: false).
 Position: LorenzVec(x=-68.0, y=67.0, z=-151.0)
 DistanceC: 20.5
Relative Position: LorenzVec(x=3.5, y=-12.0, z=-20.5)
 }
23:07:42 `Magma Cube`66931 missed {
 is already Found: false).
 Position: LorenzVec(x=-69.53125, y=91.53125, z=-151.625)
 DistanceC: 21.007712276099483
Relative Position: LorenzVec(x=-6.607268924325169, y=13.237386610465492, z=-21.007712276099483)
 }
23:07:47 `Slime`66957 missed {
 is already Found: false).
 Position: LorenzVec(x=-87.0, y=93.0, z=-145.0)
 DistanceC: 13.39371526121188
Relative Position: LorenzVec(x=-13.39371526121188, y=16.0, z=-7.3760345863996974)
 }
23:07:48 `Magma Cube`66970 missed {
 is already Found: false).
 Position: LorenzVec(x=-86.9375, y=90.78125, z=-146.1875)
 DistanceC: 13.33121526121188
Relative Position: LorenzVec(x=-13.33121526121188, y=13.78125, z=-8.563534586399697)
 }
23:08:09 `Magma Cube`66121 missed {
 is already Found: false).
 Position: LorenzVec(x=-131.6875, y=116.75, z=-68.96875)
 DistanceC: 18.645703463499146
Relative Position: LorenzVec(x=-18.645703463499146, y=37.75, z=2.1650020651866413)
 }
23:08:09 `Slime`66102 missed {
 is already Found: false).
 Position: LorenzVec(x=-125.0, y=114.0, z=-78.0)
 DistanceC: 10.86882934830966
Relative Position: LorenzVec(x=-10.86882934830966, y=35.07840000152588, z=-8.207081516346136)
 }
23:08:12 `Giant`65841 missed {
 is already Found: false).
 Position: LorenzVec(x=-116.56240881225695, y=65.43145392943553, z=-67.84383524071632)
 DistanceC: 2.5592664208822384
Relative Position: LorenzVec(x=-2.5592664208822384, y=-12.068546070564466, z=1.2688657154857594)
 }
23:08:13 `Magma Cube`65840 missed {
 is already Found: false).
 Position: LorenzVec(x=-98.0, y=69.0, z=-59.0)
 DistanceC: 16.31847700739297
Relative Position: LorenzVec(x=16.31847700739297, y=-8.5, z=9.786728536689665)
 }
23:08:13 `Slime`66051 missed {
 is already Found: false).
 Position: LorenzVec(x=-131.0, y=110.0, z=-58.0)
 DistanceC: 16.402253412864738
Relative Position: LorenzVec(x=-16.402253412864738, y=32.733632006042484, z=10.493749715555495)
 }
23:08:14 `Magma Cube`66067 missed {
 is already Found: false).
 Position: LorenzVec(x=-134.875, y=102.0, z=-58.9375)
 DistanceC: 20.273386360858098
Relative Position: LorenzVec(x=-20.273386360858098, y=25.0, z=9.553896655055112)
 }
23:10:16 `Magma Cube`68241 missed {
 is already Found: false).
 Position: LorenzVec(x=-107.70296702738403, y=96.46168013006148, z=-107.18007608088197)
 DistanceC: 8.063357580992715
Relative Position: LorenzVec(x=8.063357580992715, y=15.60678683071312, z=-6.3036631584856195)
 }
23:10:20 `Magma Cube`68221 missed {
 is already Found: false).
 Position: LorenzVec(x=-99.32407407407408, y=81.26851851851852, z=-114.84606481481482)
 DistanceC: 12.580158797296818
Relative Position: LorenzVec(x=9.260910685795167, y=-2.8644751411279685, z=-12.580158797296818)
 }
23:10:24 `Giant`72436 missed {
 is already Found: false).
 Position: LorenzVec(x=-91.28125, y=71.5, z=-88.6875)
 DistanceC: 13.146677288041147
Relative Position: LorenzVec(x=-1.2637484183066903, y=-10.995064620329813, z=13.146677288041147)
 }
23:10:24 `Zombie`72444 missed {
 is already Found: false).
 Position: LorenzVec(x=-92.96875, y=80.5, z=-86.11458333333333)
 DistanceC: 16.069133930078934
Relative Position: LorenzVec(x=-2.963862968394835, y=-2.6315633992116005, z=16.069133930078934)
 }
23:10:26 `Giant`72427 missed {
 is already Found: false).
 Position: LorenzVec(x=-107.5, y=71.6875, z=-88.40625)
 DistanceC: 14.832907800386195
Relative Position: LorenzVec(x=-14.832907800386195, y=-7.3125, z=-1.8097349247393169)
 }
23:10:26 `Slime`68202 missed {
 is already Found: false).
 Position: LorenzVec(x=-72.0, y=115.0, z=-81.0)
 DistanceC: 18.35859622159191
Relative Position: LorenzVec(x=18.35859622159191, y=36.0, z=8.927538752991623)
 }
23:10:41 `Giant`73762 missed {
 is already Found: false).
 Position: LorenzVec(x=-99.65625, y=71.5, z=-103.09375)
 DistanceC: 11.275342769275525
Relative Position: LorenzVec(x=7.059868051940185, y=-7.5, z=11.275342769275525)
 }
23:10:41 `Zombie`73768 missed {
 is already Found: false).
 Position: LorenzVec(x=-101.34375, y=80.5, z=-100.5625)
 DistanceC: 12.324681050704939
Relative Position: LorenzVec(x=7.538466532427606, y=1.5, z=12.324681050704939)
 }
23:10:56 `Slime`68222 missed {
 is already Found: false).
 Position: LorenzVec(x=-124.0, y=115.0, z=-79.0)
 DistanceC: 19.912156389216833
Relative Position: LorenzVec(x=-16.991137863271646, y=36.0, z=19.912156389216833)
 }
23:10:57 `Giant`75072 missed {
 is already Found: false).
 Position: LorenzVec(x=-110.71875, y=71.5, z=-98.15625)
 DistanceC: 2.879502899922599
Relative Position: LorenzVec(x=2.879502899922599, y=-7.5, z=1.3995602738033455)
 }
23:10:57 `Zombie`75080 missed {
 is already Found: false).
 Position: LorenzVec(x=-112.40625, y=80.5, z=-95.625)
 DistanceC: 2.538923275768127
Relative Position: LorenzVec(x=2.538923275768127, y=1.5, z=0.9156168963252185)
 }
23:11:08 `Skeleton`76103 missed {
 is already Found: false).
 Position: LorenzVec(x=-109.75, y=79.0, z=-112.28125)
 DistanceC: 16.107348277335092
Relative Position: LorenzVec(x=-16.107348277335092, y=0.0, z=3.616962523765551)
 }
23:11:20 `Magma Cube`76080 missed {
 is already Found: false).
 Position: LorenzVec(x=-113.94791666666666, y=65.33333333333334, z=-110.30208333333334)
 DistanceC: 9.561947434551598
Relative Position: LorenzVec(x=-9.561947434551598, y=-14.666666666666657, z=-1.2840365607392528)
 }
23:17:00 `8d102s143j`159 missed {
 is already Found: false).
 Position: LorenzVec(x=-627.5, y=132.0, z=-1029.5)
 DistanceC: 5.087453716084042
Relative Position: LorenzVec(x=-5.087453716084042, y=-6.0, z=1.0605970944957335)
 }
23:17:10 `vgragjeaxy`158 missed {
 is already Found: false).
 Position: LorenzVec(x=-631.5, y=124.0, z=-999.5)
 DistanceC: 16.08312395215546
Relative Position: LorenzVec(x=-0.7238547629592631, y=0.0, z=16.08312395215546)
 }
23:18:55 `Zombie`18862 missed {
 is already Found: false).
 Position: LorenzVec(x=-540.5, y=41.0, z=-888.5)
 DistanceC: 8.832046001994627
Relative Position: LorenzVec(x=-1.5312963268578414, y=-76.0, z=8.832046001994627)
 }
23:18:55 `Dinnerbone`18863 missed {
 is already Found: false).
 Position: LorenzVec(x=-536.0625, y=36.25, z=-888.5)
 DistanceC: 8.832046001994627
Relative Position: LorenzVec(x=2.9062036731421586, y=-80.75, z=8.832046001994627)
 }
23:18:55 `Dinnerbone`18864 missed {
 is already Found: false).
 Position: LorenzVec(x=-537.75, y=36.25, z=-885.03125)
 DistanceC: 12.300796001994627
Relative Position: LorenzVec(x=1.2187036731421586, y=-80.75, z=12.300796001994627)
 }
23:18:55 `Dinnerbone`18865 missed {
 is already Found: false).
 Position: LorenzVec(x=-541.5, y=36.25, z=-884.15625)
 DistanceC: 13.175796001994627
Relative Position: LorenzVec(x=-2.5312963268578414, y=-80.75, z=13.175796001994627)
 }
23:18:55 `Dinnerbone`18866 missed {
 is already Found: false).
 Position: LorenzVec(x=-544.53125, y=36.25, z=-886.59375)
 DistanceC: 10.738296001994627
Relative Position: LorenzVec(x=-5.5625463268578414, y=-80.75, z=10.738296001994627)
 }
23:18:55 `Slime`41175 missed {
 is already Found: false).
 Position: LorenzVec(x=-540.5, y=27.5, z=-885.5)
 DistanceC: 11.832046001994627
Relative Position: LorenzVec(x=-1.5312963268578414, y=-89.5, z=11.832046001994627)
 }
23:18:55 `Pig`41180 missed {
 is already Found: false).
 Position: LorenzVec(x=-540.5, y=27.5, z=-885.5)
 DistanceC: 11.832046001994627
Relative Position: LorenzVec(x=-1.5312963268578414, y=-89.5, z=11.832046001994627)
 }
23:18:55 `Slime`41181 missed {
 is already Found: false).
 Position: LorenzVec(x=-537.5, y=27.5, z=-887.5)
 DistanceC: 9.832046001994627
Relative Position: LorenzVec(x=1.4687036731421586, y=-89.5, z=9.832046001994627)
 }
23:18:55 `Pig`41186 missed {
 is already Found: false).
 Position: LorenzVec(x=-537.5, y=27.5, z=-887.5)
 DistanceC: 9.832046001994627
Relative Position: LorenzVec(x=1.4687036731421586, y=-89.5, z=9.832046001994627)
 }
23:18:55 `Slime`41187 missed {
 is already Found: false).
 Position: LorenzVec(x=-542.5, y=27.5, z=-889.5)
 DistanceC: 7.832046001994627
Relative Position: LorenzVec(x=-3.5312963268578414, y=-89.5, z=7.832046001994627)
 }
23:18:55 `Pig`41192 missed {
 is already Found: false).
 Position: LorenzVec(x=-542.5, y=27.5, z=-889.5)
 DistanceC: 7.832046001994627
Relative Position: LorenzVec(x=-3.5312963268578414, y=-89.5, z=7.832046001994627)
 }
23:18:55 `Dinnerbone`18867 missed {
 is already Found: false).
 Position: LorenzVec(x=-544.53125, y=36.25, z=-890.4375)
 DistanceC: 7.224491700390558
Relative Position: LorenzVec(x=-7.224491700390558, y=-80.75, z=7.058928053660111)
 }
23:18:55 `Dinnerbone`18868 missed {
 is already Found: false).
 Position: LorenzVec(x=-541.5, y=36.25, z=-892.875)
 DistanceC: 4.621428053660111
Relative Position: LorenzVec(x=-4.193241700390558, y=-80.75, z=4.621428053660111)
 }
23:18:55 `Dinnerbone`18869 missed {
 is already Found: false).
 Position: LorenzVec(x=-537.75, y=36.25, z=-892.0)
 DistanceC: 5.496428053660111
Relative Position: LorenzVec(x=-0.44324170039055844, y=-80.75, z=5.496428053660111)
 }
23:18:55 `Slime`41193 missed {
 is already Found: false).
 Position: LorenzVec(x=-539.5, y=27.5, z=-890.5)
 DistanceC: 6.996428053660111
Relative Position: LorenzVec(x=-2.1932417003905584, y=-89.5, z=6.996428053660111)
 }
23:18:55 `Pig`41198 missed {
 is already Found: false).
 Position: LorenzVec(x=-539.5, y=27.5, z=-890.5)
 DistanceC: 6.996428053660111
Relative Position: LorenzVec(x=-2.1932417003905584, y=-89.5, z=6.996428053660111)
 }
23:19:49 `Dinnerbone`18868 missed {
 is already Found: false).
 Position: LorenzVec(x=-541.5, y=36.25, z=-892.875)
 DistanceC: 13.087777320590817
Relative Position: LorenzVec(x=-6.588253058524515, y=-68.75, z=13.087777320590817)
 }
23:19:49 `Dinnerbone`18869 missed {
 is already Found: false).
 Position: LorenzVec(x=-537.75, y=36.25, z=-892.0)
 DistanceC: 13.962777320590817
Relative Position: LorenzVec(x=-2.838253058524515, y=-68.75, z=13.962777320590817)
 }
23:19:49 `Dinnerbone`18867 missed {
 is already Found: false).
 Position: LorenzVec(x=-544.53125, y=36.25, z=-890.4375)
 DistanceC: 15.525277320590817
Relative Position: LorenzVec(x=-9.619503058524515, y=-68.75, z=15.525277320590817)
 }
23:19:49 `Zombie`18862 missed {
 is already Found: false).
 Position: LorenzVec(x=-540.5, y=41.0, z=-888.5)
 DistanceC: 17.462777320590817
Relative Position: LorenzVec(x=-5.588253058524515, y=-64.0, z=17.462777320590817)
 }
23:19:49 `Dinnerbone`18863 missed {
 is already Found: false).
 Position: LorenzVec(x=-536.0625, y=36.25, z=-888.5)
 DistanceC: 17.462777320590817
Relative Position: LorenzVec(x=-1.150753058524515, y=-68.75, z=17.462777320590817)
 }
23:19:49 `Dinnerbone`18866 missed {
 is already Found: false).
 Position: LorenzVec(x=-544.53125, y=36.25, z=-886.59375)
 DistanceC: 19.369027320590817
Relative Position: LorenzVec(x=-9.619503058524515, y=-68.75, z=19.369027320590817)
 }
23:19:49 `Dinnerbone`18864 missed {
 is already Found: false).
 Position: LorenzVec(x=-537.75, y=36.25, z=-885.03125)
 DistanceC: 20.931527320590817
Relative Position: LorenzVec(x=-2.838253058524515, y=-68.75, z=20.931527320590817)
 }
23:19:53 `Dinnerbone`18865 missed {
 is already Found: false).
 Position: LorenzVec(x=-541.5, y=36.25, z=-884.15625)
 DistanceC: 21.34375
Relative Position: LorenzVec(x=-7.0, y=-72.90552175294312, z=21.34375)
 }
23:20:25 `Dinnerbone`18864 missed {
 is already Found: false).
 Position: LorenzVec(x=-537.75, y=36.25, z=-885.03125)
 DistanceC: 15.98556679752835
Relative Position: LorenzVec(x=-4.321652647374776, y=-85.88299365964649, z=15.98556679752835)
 }
23:20:25 `Dinnerbone`18865 missed {
 is already Found: false).
 Position: LorenzVec(x=-541.5, y=36.25, z=-884.15625)
 DistanceC: 16.86056679752835
Relative Position: LorenzVec(x=-8.071652647374776, y=-85.88299365964649, z=16.86056679752835)
 }
23:20:25 `Dinnerbone`18866 missed {
 is already Found: false).
 Position: LorenzVec(x=-544.53125, y=36.25, z=-886.59375)
 DistanceC: 14.42306679752835
Relative Position: LorenzVec(x=-11.102902647374776, y=-85.88299365964649, z=14.42306679752835)
 }
23:20:25 `Zombie`18862 missed {
 is already Found: false).
 Position: LorenzVec(x=-540.5, y=41.0, z=-888.5)
 DistanceC: 13.692034186653473
Relative Position: LorenzVec(x=-4.645295237278788, y=-81.50196419743126, z=13.692034186653473)
 }
23:20:25 `Dinnerbone`18863 missed {
 is already Found: false).
 Position: LorenzVec(x=-536.0625, y=36.25, z=-888.5)
 DistanceC: 13.692034186653473
Relative Position: LorenzVec(x=-0.20779523727878768, y=-86.25196419743126, z=13.692034186653473)
 }
23:20:25 `Dinnerbone`18867 missed {
 is already Found: false).
 Position: LorenzVec(x=-544.53125, y=36.25, z=-890.4375)
 DistanceC: 11.373551338885932
Relative Position: LorenzVec(x=-7.304654620121369, y=-81.75, z=11.373551338885932)
 }
23:20:25 `Dinnerbone`18868 missed {
 is already Found: false).
 Position: LorenzVec(x=-541.5, y=36.25, z=-892.875)
 DistanceC: 8.936051338885932
Relative Position: LorenzVec(x=-4.273404620121369, y=-81.75, z=8.936051338885932)
 }
23:20:25 `Dinnerbone`18869 missed {
 is already Found: false).
 Position: LorenzVec(x=-537.75, y=36.25, z=-892.0)
 DistanceC: 9.811051338885932
Relative Position: LorenzVec(x=-0.5234046201213687, y=-81.75, z=9.811051338885932)
 }
23:24:51 `41m2bpah78`524 missed {
 is already Found: false).
 Position: LorenzVec(x=-32.5, y=71.0, z=-76.5)
 DistanceC: 18.139987996260427
Relative Position: LorenzVec(x=-18.139987996260427, y=1.0, z=6.970943530917481)
 }
23:24:52 `p5aq77ulhz`421 missed {
 is already Found: false).
 Position: LorenzVec(x=-31.0, y=73.0, z=-85.5)
 DistanceC: 16.877334654329957
Relative Position: LorenzVec(x=-16.877334654329957, y=-2.501533884405319, z=-5.681525909270675)
 }
23:24:53 `00xmtvpt03`422 missed {
 is already Found: false).
 Position: LorenzVec(x=-36.0, y=73.0, z=-85.5)
 DistanceC: 21.973956517139953
Relative Position: LorenzVec(x=-21.973956517139953, y=-2.7734327545623643, z=-7.18583427006395)
 }
23:24:53 `t88o73aioh`516 missed {
 is already Found: false).
 Position: LorenzVec(x=-29.5, y=57.0, z=-90.5)
 DistanceC: 15.524322669725855
Relative Position: LorenzVec(x=-15.524322669725855, y=-17.25554316975041, z=-12.969766357504952)
 }
23:24:53 `9nu8n68x86`423 missed {
 is already Found: false).
 Position: LorenzVec(x=-31.0, y=73.0, z=-95.5)
 DistanceC: 20.559683185864458
Relative Position: LorenzVec(x=-17.19165306104142, y=1.0587999608278267, z=-20.559683185864458)
 }
23:24:53 `73qgwgk6j9`424 missed {
 is already Found: false).
 Position: LorenzVec(x=-36.0, y=73.0, z=-95.5)
 DistanceC: 22.19165306104142
Relative Position: LorenzVec(x=-22.19165306104142, y=1.0587999608278267, z=-20.559683185864458)
 }
23:24:53 `ai9kod4dh0`523 missed {
 is already Found: false).
 Position: LorenzVec(x=-6.5, y=55.0, z=-95.5)
 DistanceC: 20.559683185864458
Relative Position: LorenzVec(x=7.308346938958577, y=-16.941200039172173, z=-20.559683185864458)
 }
23:24:53 `Villager`371 missed {
 is already Found: false).
 Position: LorenzVec(x=-11.3125, y=70.0, z=-95.71875)
 DistanceC: 21.258282999944484
Relative Position: LorenzVec(x=2.4649729648934464, y=-2.7655760830912612, z=-21.258282999944484)
 }
23:28:22 `Bat`68972 missed {
 is already Found: false).
 Position: LorenzVec(x=-482.75, y=88.94791666666666, z=-834.1041666666667)
 DistanceC: 17.45034513509512
Relative Position: LorenzVec(x=-17.45034513509512, y=-6.052083333333343, z=-14.806283665537421)
 }
23:29:41 `Bat`79777 missed {
 is already Found: false).
 Position: LorenzVec(x=-482.5, y=89.21875, z=-829.6875)
 DistanceC: 18.0
Relative Position: LorenzVec(x=-18.0, y=-8.78125, z=-12.1875)
 }
23:29:41 `Bat`79781 missed {
 is already Found: false).
 Position: LorenzVec(x=-483.96875, y=89.0625, z=-828.3125)
 DistanceC: 19.46875
Relative Position: LorenzVec(x=-19.46875, y=-8.9375, z=-10.8125)
 }
23:32:09 `Cave Spider`95360 missed {
 is already Found: false).
 Position: LorenzVec(x=-482.4375, y=87.34999996423721, z=-833.6875)
 DistanceC: 17.138705881982162
Relative Position: LorenzVec(x=-17.138705881982162, y=-10.650000035762787, z=-15.392522249179251)
 }
23:36:51 `Bat`127106 missed {
 is already Found: false).
 Position: LorenzVec(x=-481.5543981481481, y=90.63194444444444, z=-830.0462962962962)
 DistanceC: 16.94522575640258
Relative Position: LorenzVec(x=-16.94522575640258, y=-9.368055555555557, z=-12.750439032306986)
 }
23:36:57 `Bat`127114 missed {
 is already Found: false).
 Position: LorenzVec(x=-483.2916666666667, y=89.83333333333333, z=-835.1041666666666)
 DistanceC: 18.68249427492117
Relative Position: LorenzVec(x=-18.68249427492117, y=-10.166666666666671, z=-17.808309402677423)
 }
23:37:30 `TarantulaSlays`72483 missed {
 is already Found: false).
 Position: LorenzVec(x=-490.875, y=87.0, z=-826.625)
 DistanceC: 20.891220103840624
Relative Position: LorenzVec(x=-20.891220103840624, y=-2.255542998750272, z=19.133407356109956)
 }
23:38:31 `Spider`140291 missed {
 is already Found: false).
 Position: LorenzVec(x=-479.25, y=95.20833333333333, z=-727.0208333333334)
 DistanceC: 2.4979309319221557
Relative Position: LorenzVec(x=1.6140218025332729, y=-3.924660326313159, z=-2.4979309319221557)
 }
23:39:02 `Bat`145937 missed {
 is already Found: false).
 Position: LorenzVec(x=-530.8541666666666, y=94.125, z=-814.6458333333334)
 DistanceC: 8.334335410319454
Relative Position: LorenzVec(x=-8.334335410319454, y=-0.6454587555445244, z=6.941838920943724)
 }
23:39:02 `Bat`145939 missed {
 is already Found: false).
 Position: LorenzVec(x=-526.6979166666666, y=93.28125, z=-812.0833333333334)
 DistanceC: 9.504338920943724
Relative Position: LorenzVec(x=-4.178085410319454, y=-1.4892087555445244, z=9.504338920943724)
 }
23:39:02 `Bat`145941 missed {
 is already Found: false).
 Position: LorenzVec(x=-527.4166666666666, y=93.32291666666667, z=-811.5729166666666)
 DistanceC: 10.014755587610466
Relative Position: LorenzVec(x=-4.896835410319454, y=-1.447542088877853, z=10.014755587610466)
 }
23:39:02 `Bat`145943 missed {
 is already Found: false).
 Position: LorenzVec(x=-528.5416666666666, y=93.53125, z=-811.59375)
 DistanceC: 9.993922254277095
Relative Position: LorenzVec(x=-6.021835410319454, y=-1.2392087555445244, z=9.993922254277095)
 }
23:39:02 `Bat`145945 missed {
 is already Found: false).
 Position: LorenzVec(x=-523.8125, y=92.61458333333333, z=-809.6145833333334)
 DistanceC: 11.973088920943724
Relative Position: LorenzVec(x=-1.2926687436528255, y=-2.1558754222111958, z=11.973088920943724)
 }
23:39:13 `TarantulaSlays`72483 missed {
 is already Found: false).
 Position: LorenzVec(x=-498.9803240740741, y=87.39351851851852, z=-829.7824074074074)
 DistanceC: 16.719675914004995
Relative Position: LorenzVec(x=16.719675914004995, y=-0.606481481481481, z=-2.4824073954864616)
 }
23:39:21 `Bat`149255 missed {
 is already Found: false).
 Position: LorenzVec(x=-503.72685185185185, y=89.92129629629629, z=-829.8263888888889)
 DistanceC: 20.82419322944554
Relative Position: LorenzVec(x=20.82419322944554, y=-0.0787037037037095, z=-8.348845272847711)
 }
23:39:52 `Bat`152652 missed {
 is already Found: false).
 Position: LorenzVec(x=-527.53125, y=94.625, z=-833.15625)
 DistanceC: 18.948140953150187
Relative Position: LorenzVec(x=-18.948140953150187, y=6.397007308971595, z=-4.966189972112829)
 }
23:39:52 `Bat`152658 missed {
 is already Found: false).
 Position: LorenzVec(x=-526.78125, y=93.71875, z=-831.53125)
 DistanceC: 18.29453226179146
Relative Position: LorenzVec(x=-18.29453226179146, y=6.207740944907044, z=-3.2871345815719906)
 }
23:39:56 `Bat`152650 missed {
 is already Found: false).
 Position: LorenzVec(x=-525.2013888888888, y=94.125, z=-830.2777777777778)
 DistanceC: 19.88283082420827
Relative Position: LorenzVec(x=-19.88283082420827, y=1.623466115594681, z=-0.6441453904643595)
 }
23:40:04 `Spider`153904 missed {
 is already Found: false).
 Position: LorenzVec(x=-527.3402777777778, y=92.21257716049382, z=-830.7025462962963)
 DistanceC: 15.68503772521808
Relative Position: LorenzVec(x=-15.68503772521808, y=4.212577160493822, z=-5.620773143293604)
 }
23:42:48 `TarantulaSlays`72483 missed {
 is already Found: false).
 Position: LorenzVec(x=-480.6851851851852, y=85.63194444444446, z=-843.0034722222222)
 DistanceC: 18.78246159648245
Relative Position: LorenzVec(x=-18.676700424477417, y=-18.368055555555543, z=-18.78246159648245)
 }
23:52:56 `TarantulaSlays`72483 missed {
 is already Found: false).
 Position: LorenzVec(x=-483.439529035208, y=87.0, z=-825.9121370598994)
 DistanceC: 20.143536604045266
Relative Position: LorenzVec(x=-20.143536604045266, y=-17.0, z=-2.211231243693419)
 }
00:07:46 `Bat`299731 missed {
 is already Found: false).
 Position: LorenzVec(x=-480.78125, y=89.75, z=-829.46875)
 DistanceC: 17.485220990817936
Relative Position: LorenzVec(x=-17.485220990817936, y=-14.25, z=-5.72734971469697)
 }
00:07:46 `Bat`299735 missed {
 is already Found: false).
 Position: LorenzVec(x=-484.21875, y=88.84375, z=-830.625)
 DistanceC: 20.922720990817936
Relative Position: LorenzVec(x=-20.922720990817936, y=-15.15625, z=-6.88359971469697)
 }
00:08:06 `Bat`302661 missed {
 is already Found: false).
 Position: LorenzVec(x=-482.4375, y=90.28125, z=-833.03125)
 DistanceC: 19.141470990817936
Relative Position: LorenzVec(x=-19.141470990817936, y=-13.71875, z=-9.28984971469697)
 }
00:08:06 `Bat`302667 missed {
 is already Found: false).
 Position: LorenzVec(x=-480.25, y=90.5, z=-833.53125)
 DistanceC: 16.953970990817936
Relative Position: LorenzVec(x=-16.953970990817936, y=-13.5, z=-9.78984971469697)
 }
00:08:07 `Bat`302663 missed {
 is already Found: false).
 Position: LorenzVec(x=-482.0844907407407, y=90.47106481481482, z=-833.1550925925926)
 DistanceC: 18.78846173155864
Relative Position: LorenzVec(x=-18.78846173155864, y=-13.528935185185176, z=-9.41369230728958)
 }
00:09:19 `Dinnerbone`4748 missed {
 is already Found: false).
 Position: LorenzVec(x=-536.0625, y=36.25, z=-888.5)
 DistanceC: 10.722219466037586
Relative Position: LorenzVec(x=-10.722219466037586, y=-150.4988358371311, z=-5.753981626076666)
 }
00:09:19 `Zombie`4747 missed {
 is already Found: false).
 Position: LorenzVec(x=-540.5, y=41.0, z=-888.5)
 DistanceC: 15.392750399516103
Relative Position: LorenzVec(x=-15.392750399516103, y=-137.1664911776508, z=-6.363266653688697)
 }
00:09:19 `Dinnerbone`4749 missed {
 is already Found: false).
 Position: LorenzVec(x=-537.75, y=36.25, z=-885.03125)
 DistanceC: 12.642750399516103
Relative Position: LorenzVec(x=-12.642750399516103, y=-141.9164911776508, z=-2.8945166536886973)
 }
00:09:19 `Dinnerbone`4750 missed {
 is already Found: false).
 Position: LorenzVec(x=-541.5, y=36.25, z=-884.15625)
 DistanceC: 16.392750399516103
Relative Position: LorenzVec(x=-16.392750399516103, y=-141.9164911776508, z=-2.0195166536886973)
 }
00:09:19 `Dinnerbone`4753 missed {
 is already Found: false).
 Position: LorenzVec(x=-541.5, y=36.25, z=-892.875)
 DistanceC: 16.392750399516103
Relative Position: LorenzVec(x=-16.392750399516103, y=-141.9164911776508, z=-10.738266653688697)
 }
00:09:19 `Dinnerbone`4754 missed {
 is already Found: false).
 Position: LorenzVec(x=-537.75, y=36.25, z=-892.0)
 DistanceC: 12.642750399516103
Relative Position: LorenzVec(x=-12.642750399516103, y=-141.9164911776508, z=-9.863266653688697)
 }
00:09:19 `Dinnerbone`4751 missed {
 is already Found: false).
 Position: LorenzVec(x=-544.53125, y=36.25, z=-886.59375)
 DistanceC: 19.451561040646652
Relative Position: LorenzVec(x=-19.451561040646652, y=-140.3147608979838, z=-4.529076983798291)
 }
00:09:19 `Dinnerbone`4752 missed {
 is already Found: false).
 Position: LorenzVec(x=-544.53125, y=36.25, z=-890.4375)
 DistanceC: 19.451561040646652
Relative Position: LorenzVec(x=-19.451561040646652, y=-140.3147608979838, z=-8.37282698379829)
 }
00:43:02 `8xq31qi4iy`6 missed {
 is already Found: false).
 Position: LorenzVec(x=-20.625, y=120.0, z=-13.5)
 DistanceC: 23.365398869810015
Relative Position: LorenzVec(x=23.365398869810015, y=1.0, z=-14.43494730074341)
 }
00:48:06 `Bat`3530 missed {
 is already Found: false).
 Position: LorenzVec(x=-57.5, y=63.65625, z=-41.5)
 DistanceC: 2.4842954609054644
Relative Position: LorenzVec(x=-1.4493444206990276, y=-5.34375, z=-2.4842954609054644)
 }
00:48:06 `Bat`3532 missed {
 is already Found: false).
 Position: LorenzVec(x=-57.5, y=63.65625, z=-40.5)
 DistanceC: 1.4842954609054644
Relative Position: LorenzVec(x=-1.4493444206990276, y=-5.34375, z=-1.4842954609054644)
 }
00:48:06 `Bat`3534 missed {
 is already Found: false).
 Position: LorenzVec(x=-57.5, y=63.65625, z=-39.5)
 DistanceC: 1.4493444206990276
Relative Position: LorenzVec(x=-1.4493444206990276, y=-5.34375, z=-0.4842954609054644)
 }
00:48:06 `Bat`3536 missed {
 is already Found: false).
 Position: LorenzVec(x=-57.5, y=64.65625, z=-41.5)
 DistanceC: 2.4842954609054644
Relative Position: LorenzVec(x=-1.4493444206990276, y=-4.34375, z=-2.4842954609054644)
 }
00:48:06 `Bat`3538 missed {
 is already Found: false).
 Position: LorenzVec(x=-57.5, y=64.65625, z=-40.5)
 DistanceC: 1.4842954609054644
Relative Position: LorenzVec(x=-1.4493444206990276, y=-4.34375, z=-1.4842954609054644)
 }
00:48:06 `Bat`3540 missed {
 is already Found: false).
 Position: LorenzVec(x=-57.5, y=64.65625, z=-39.5)
 DistanceC: 1.4493444206990276
Relative Position: LorenzVec(x=-1.4493444206990276, y=-4.34375, z=-0.4842954609054644)
 }
00:48:06 `Bat`3542 missed {
 is already Found: false).
 Position: LorenzVec(x=-57.5, y=65.65625, z=-41.5)
 DistanceC: 2.4842954609054644
Relative Position: LorenzVec(x=-1.4493444206990276, y=-3.34375, z=-2.4842954609054644)
 }
00:48:06 `Bat`3544 missed {
 is already Found: false).
 Position: LorenzVec(x=-57.5, y=65.65625, z=-40.5)
 DistanceC: 1.4842954609054644
Relative Position: LorenzVec(x=-1.4493444206990276, y=-3.34375, z=-1.4842954609054644)
 }
00:48:06 `Bat`3546 missed {
 is already Found: false).
 Position: LorenzVec(x=-57.5, y=65.65625, z=-39.5)
 DistanceC: 1.5871935862227815
Relative Position: LorenzVec(x=-1.5871935862227815, y=-3.34375, z=0.2459858544406046)
 }
00:48:06 `Bat`3548 missed {
 is already Found: false).
 Position: LorenzVec(x=-57.5, y=66.65625, z=-41.5)
 DistanceC: 1.7540141455593954
Relative Position: LorenzVec(x=-1.5871935862227815, y=-2.34375, z=-1.7540141455593954)
 }
00:48:06 `Bat`3550 missed {
 is already Found: false).
 Position: LorenzVec(x=-57.5, y=66.65625, z=-40.5)
 DistanceC: 1.5871935862227815
Relative Position: LorenzVec(x=-1.5871935862227815, y=-2.34375, z=-0.7540141455593954)
 }
00:48:06 `Bat`3552 missed {
 is already Found: false).
 Position: LorenzVec(x=-57.5, y=66.65625, z=-39.5)
 DistanceC: 1.5871935862227815
Relative Position: LorenzVec(x=-1.5871935862227815, y=-2.34375, z=0.2459858544406046)
 }
00:48:06 `Bat`3554 missed {
 is already Found: false).
 Position: LorenzVec(x=-56.5, y=63.65625, z=-41.5)
 DistanceC: 1.7540141455593954
Relative Position: LorenzVec(x=-0.5871935862227815, y=-5.34375, z=-1.7540141455593954)
 }
00:48:06 `Bat`3556 missed {
 is already Found: false).
 Position: LorenzVec(x=-56.5, y=63.65625, z=-40.5)
 DistanceC: 0.7540141455593954
Relative Position: LorenzVec(x=-0.5871935862227815, y=-5.34375, z=-0.7540141455593954)
 }
00:48:06 `Bat`3558 missed {
 is already Found: false).
 Position: LorenzVec(x=-56.5, y=63.65625, z=-39.5)
 DistanceC: 0.5871935862227815
Relative Position: LorenzVec(x=-0.5871935862227815, y=-5.34375, z=0.2459858544406046)
 }
00:48:06 `Bat`3560 missed {
 is already Found: false).
 Position: LorenzVec(x=-56.5, y=64.65625, z=-41.5)
 DistanceC: 1.7540141455593954
Relative Position: LorenzVec(x=-0.5871935862227815, y=-4.34375, z=-1.7540141455593954)
 }
00:48:06 `Bat`3562 missed {
 is already Found: false).
 Position: LorenzVec(x=-56.5, y=64.65625, z=-40.5)
 DistanceC: 0.7540141455593954
Relative Position: LorenzVec(x=-0.5871935862227815, y=-4.34375, z=-0.7540141455593954)
 }
00:48:06 `Bat`3564 missed {
 is already Found: false).
 Position: LorenzVec(x=-56.5, y=64.65625, z=-39.5)
 DistanceC: 0.5871935862227815
Relative Position: LorenzVec(x=-0.5871935862227815, y=-4.34375, z=0.2459858544406046)
 }
00:48:06 `Bat`3566 missed {
 is already Found: false).
 Position: LorenzVec(x=-56.5, y=65.65625, z=-41.5)
 DistanceC: 1.7540141455593954
Relative Position: LorenzVec(x=-0.5871935862227815, y=-3.34375, z=-1.7540141455593954)
 }
00:48:06 `Bat`3568 missed {
 is already Found: false).
 Position: LorenzVec(x=-56.5, y=65.65625, z=-40.5)
 DistanceC: 0.7540141455593954
Relative Position: LorenzVec(x=-0.5871935862227815, y=-3.34375, z=-0.7540141455593954)
 }
00:48:06 `Bat`3570 missed {
 is already Found: false).
 Position: LorenzVec(x=-56.5, y=65.65625, z=-39.5)
 DistanceC: 0.5871935862227815
Relative Position: LorenzVec(x=-0.5871935862227815, y=-3.34375, z=0.2459858544406046)
 }
00:48:06 `Bat`3572 missed {
 is already Found: false).
 Position: LorenzVec(x=-56.5, y=66.65625, z=-41.5)
 DistanceC: 1.7540141455593954
Relative Position: LorenzVec(x=-0.5871935862227815, y=-2.34375, z=-1.7540141455593954)
 }
00:48:06 `Bat`3574 missed {
 is already Found: false).
 Position: LorenzVec(x=-56.5, y=66.65625, z=-40.5)
 DistanceC: 0.7540141455593954
Relative Position: LorenzVec(x=-0.5871935862227815, y=-2.34375, z=-0.7540141455593954)
 }
00:48:06 `Bat`3576 missed {
 is already Found: false).
 Position: LorenzVec(x=-56.5, y=66.65625, z=-39.5)
 DistanceC: 0.5871935862227815
Relative Position: LorenzVec(x=-0.5871935862227815, y=-2.34375, z=0.2459858544406046)
 }
00:48:06 `Bat`3578 missed {
 is already Found: false).
 Position: LorenzVec(x=-55.5, y=63.65625, z=-41.5)
 DistanceC: 1.7540141455593954
Relative Position: LorenzVec(x=0.4128064137772185, y=-5.34375, z=-1.7540141455593954)
 }
00:48:06 `Bat`3580 missed {
 is already Found: false).
 Position: LorenzVec(x=-55.5, y=63.65625, z=-40.5)
 DistanceC: 0.7540141455593954
Relative Position: LorenzVec(x=0.4128064137772185, y=-5.34375, z=-0.7540141455593954)
 }
00:48:06 `Bat`3582 missed {
 is already Found: false).
 Position: LorenzVec(x=-55.5, y=63.65625, z=-39.5)
 DistanceC: 0.4128064137772185
Relative Position: LorenzVec(x=0.4128064137772185, y=-5.34375, z=0.2459858544406046)
 }
00:48:06 `Bat`3584 missed {
 is already Found: false).
 Position: LorenzVec(x=-55.5, y=64.65625, z=-41.5)
 DistanceC: 1.7540141455593954
Relative Position: LorenzVec(x=0.4128064137772185, y=-4.34375, z=-1.7540141455593954)
 }
00:48:06 `Bat`3586 missed {
 is already Found: false).
 Position: LorenzVec(x=-55.5, y=64.65625, z=-40.5)
 DistanceC: 0.7540141455593954
Relative Position: LorenzVec(x=0.4128064137772185, y=-4.34375, z=-0.7540141455593954)
 }
00:48:06 `Bat`3588 missed {
 is already Found: false).
 Position: LorenzVec(x=-55.5, y=64.65625, z=-39.5)
 DistanceC: 0.4128064137772185
Relative Position: LorenzVec(x=0.4128064137772185, y=-4.34375, z=0.2459858544406046)
 }
00:48:06 `Bat`3590 missed {
 is already Found: false).
 Position: LorenzVec(x=-55.5, y=65.65625, z=-41.5)
 DistanceC: 1.7540141455593954
Relative Position: LorenzVec(x=0.4128064137772185, y=-3.34375, z=-1.7540141455593954)
 }
00:48:06 `Bat`3592 missed {
 is already Found: false).
 Position: LorenzVec(x=-55.5, y=65.65625, z=-40.5)
 DistanceC: 0.7540141455593954
Relative Position: LorenzVec(x=0.4128064137772185, y=-3.34375, z=-0.7540141455593954)
 }
00:48:06 `Bat`3594 missed {
 is already Found: false).
 Position: LorenzVec(x=-55.5, y=65.65625, z=-39.5)
 DistanceC: 0.4128064137772185
Relative Position: LorenzVec(x=0.4128064137772185, y=-3.34375, z=0.2459858544406046)
 }
00:48:06 `Bat`3596 missed {
 is already Found: false).
 Position: LorenzVec(x=-55.5, y=66.65625, z=-41.5)
 DistanceC: 1.7540141455593954
Relative Position: LorenzVec(x=0.4128064137772185, y=-2.34375, z=-1.7540141455593954)
 }
00:48:06 `Bat`3598 missed {
 is already Found: false).
 Position: LorenzVec(x=-55.5, y=66.65625, z=-40.5)
 DistanceC: 0.7540141455593954
Relative Position: LorenzVec(x=0.4128064137772185, y=-2.34375, z=-0.7540141455593954)
 }
00:48:06 `Bat`3600 missed {
 is already Found: false).
 Position: LorenzVec(x=-55.5, y=66.65625, z=-39.5)
 DistanceC: 0.4128064137772185
Relative Position: LorenzVec(x=0.4128064137772185, y=-2.34375, z=0.2459858544406046)
 }
00:48:19 `Skeleton`4610 missed {
 is already Found: false).
 Position: LorenzVec(x=-85.5, y=69.0, z=-110.5)
 DistanceC: 16.51654247363544
Relative Position: LorenzVec(x=16.51654247363544, y=0.0, z=-13.199999988079071)
 }
00:48:19 `Zombie`4616 missed {
 is already Found: false).
 Position: LorenzVec(x=-87.5, y=69.0, z=-111.5)
 DistanceC: 14.376082018017769
Relative Position: LorenzVec(x=14.135787144424526, y=0.0, z=-14.376082018017769)
 }
00:49:13 `Bat`460329 missed {
 is already Found: false).
 Position: LorenzVec(x=-57.5, y=64.59375, z=-169.5)
 DistanceC: 7.708624573249864
Relative Position: LorenzVec(x=-2.3596870345165044, y=-4.40625, z=-7.708624573249864)
 }
00:49:13 `Bat`460331 missed {
 is already Found: false).
 Position: LorenzVec(x=-57.5, y=64.59375, z=-168.5)
 DistanceC: 6.708624573249864
Relative Position: LorenzVec(x=-2.3596870345165044, y=-4.40625, z=-6.708624573249864)
 }
00:49:13 `Bat`460333 missed {
 is already Found: false).
 Position: LorenzVec(x=-57.5, y=64.59375, z=-167.5)
 DistanceC: 5.708624573249864
Relative Position: LorenzVec(x=-2.3596870345165044, y=-4.40625, z=-5.708624573249864)
 }
00:49:13 `Bat`460335 missed {
 is already Found: false).
 Position: LorenzVec(x=-57.5, y=65.59375, z=-169.5)
 DistanceC: 7.708624573249864
Relative Position: LorenzVec(x=-2.3596870345165044, y=-3.40625, z=-7.708624573249864)
 }
00:49:13 `Bat`460337 missed {
 is already Found: false).
 Position: LorenzVec(x=-57.5, y=65.59375, z=-168.5)
 DistanceC: 6.708624573249864
Relative Position: LorenzVec(x=-2.3596870345165044, y=-3.40625, z=-6.708624573249864)
 }
00:49:13 `Bat`460339 missed {
 is already Found: false).
 Position: LorenzVec(x=-57.5, y=65.59375, z=-167.5)
 DistanceC: 5.708624573249864
Relative Position: LorenzVec(x=-2.3596870345165044, y=-3.40625, z=-5.708624573249864)
 }
00:49:13 `Bat`460341 missed {
 is already Found: false).
 Position: LorenzVec(x=-57.5, y=66.59375, z=-169.5)
 DistanceC: 7.708624573249864
Relative Position: LorenzVec(x=-2.3596870345165044, y=-2.40625, z=-7.708624573249864)
 }
00:49:13 `Bat`460343 missed {
 is already Found: false).
 Position: LorenzVec(x=-57.5, y=66.59375, z=-168.5)
 DistanceC: 6.708624573249864
Relative Position: LorenzVec(x=-2.3596870345165044, y=-2.40625, z=-6.708624573249864)
 }
00:49:13 `Bat`460345 missed {
 is already Found: false).
 Position: LorenzVec(x=-57.5, y=66.59375, z=-167.5)
 DistanceC: 5.708624573249864
Relative Position: LorenzVec(x=-2.3596870345165044, y=-2.40625, z=-5.708624573249864)
 }
00:49:13 `Bat`460347 missed {
 is already Found: false).
 Position: LorenzVec(x=-57.5, y=67.59375, z=-169.5)
 DistanceC: 7.708624573249864
Relative Position: LorenzVec(x=-2.3596870345165044, y=-1.40625, z=-7.708624573249864)
 }
00:49:13 `Bat`460349 missed {
 is already Found: false).
 Position: LorenzVec(x=-57.5, y=67.59375, z=-168.5)
 DistanceC: 6.708624573249864
Relative Position: LorenzVec(x=-2.3596870345165044, y=-1.40625, z=-6.708624573249864)
 }
00:49:13 `Bat`460351 missed {
 is already Found: false).
 Position: LorenzVec(x=-57.5, y=67.59375, z=-167.5)
 DistanceC: 5.708624573249864
Relative Position: LorenzVec(x=-2.3596870345165044, y=-1.40625, z=-5.708624573249864)
 }
00:49:13 `Bat`460353 missed {
 is already Found: false).
 Position: LorenzVec(x=-56.5, y=64.59375, z=-169.5)
 DistanceC: 7.708624573249864
Relative Position: LorenzVec(x=-1.3596870345165044, y=-4.40625, z=-7.708624573249864)
 }
00:49:13 `Bat`460355 missed {
 is already Found: false).
 Position: LorenzVec(x=-56.5, y=64.59375, z=-168.5)
 DistanceC: 6.708624573249864
Relative Position: LorenzVec(x=-1.3596870345165044, y=-4.40625, z=-6.708624573249864)
 }
00:49:13 `Bat`460357 missed {
 is already Found: false).
 Position: LorenzVec(x=-56.5, y=64.59375, z=-167.5)
 DistanceC: 5.708624573249864
Relative Position: LorenzVec(x=-1.3596870345165044, y=-4.40625, z=-5.708624573249864)
 }
00:49:13 `Bat`460359 missed {
 is already Found: false).
 Position: LorenzVec(x=-56.5, y=65.59375, z=-169.5)
 DistanceC: 8.539443977205195
Relative Position: LorenzVec(x=-1.3623213385779422, y=-3.40625, z=-8.539443977205195)
 }
00:49:13 `Bat`460361 missed {
 is already Found: false).
 Position: LorenzVec(x=-56.5, y=65.59375, z=-168.5)
 DistanceC: 7.539443977205195
Relative Position: LorenzVec(x=-1.3623213385779422, y=-3.40625, z=-7.539443977205195)
 }
00:49:13 `Bat`460363 missed {
 is already Found: false).
 Position: LorenzVec(x=-56.5, y=65.59375, z=-167.5)
 DistanceC: 6.539443977205195
Relative Position: LorenzVec(x=-1.3623213385779422, y=-3.40625, z=-6.539443977205195)
 }
00:49:13 `Bat`460365 missed {
 is already Found: false).
 Position: LorenzVec(x=-56.5, y=66.59375, z=-169.5)
 DistanceC: 8.539443977205195
Relative Position: LorenzVec(x=-1.3623213385779422, y=-2.40625, z=-8.539443977205195)
 }
00:49:13 `Bat`460367 missed {
 is already Found: false).
 Position: LorenzVec(x=-56.5, y=66.59375, z=-168.5)
 DistanceC: 7.539443977205195
Relative Position: LorenzVec(x=-1.3623213385779422, y=-2.40625, z=-7.539443977205195)
 }
00:49:13 `Bat`460369 missed {
 is already Found: false).
 Position: LorenzVec(x=-56.5, y=66.59375, z=-167.5)
 DistanceC: 6.539443977205195
Relative Position: LorenzVec(x=-1.3623213385779422, y=-2.40625, z=-6.539443977205195)
 }
00:49:13 `Bat`460371 missed {
 is already Found: false).
 Position: LorenzVec(x=-56.5, y=67.59375, z=-169.5)
 DistanceC: 8.539443977205195
Relative Position: LorenzVec(x=-1.3623213385779422, y=-1.40625, z=-8.539443977205195)
 }
00:49:13 `Bat`460373 missed {
 is already Found: false).
 Position: LorenzVec(x=-56.5, y=67.59375, z=-168.5)
 DistanceC: 7.539443977205195
Relative Position: LorenzVec(x=-1.3623213385779422, y=-1.40625, z=-7.539443977205195)
 }
00:49:13 `Bat`460375 missed {
 is already Found: false).
 Position: LorenzVec(x=-56.5, y=67.59375, z=-167.5)
 DistanceC: 6.539443977205195
Relative Position: LorenzVec(x=-1.3623213385779422, y=-1.40625, z=-6.539443977205195)
 }
00:49:13 `Bat`460377 missed {
 is already Found: false).
 Position: LorenzVec(x=-55.5, y=64.59375, z=-169.5)
 DistanceC: 8.539443977205195
Relative Position: LorenzVec(x=-0.36232133857794224, y=-4.40625, z=-8.539443977205195)
 }
00:49:13 `Bat`460379 missed {
 is already Found: false).
 Position: LorenzVec(x=-55.5, y=64.59375, z=-168.5)
 DistanceC: 7.539443977205195
Relative Position: LorenzVec(x=-0.36232133857794224, y=-4.40625, z=-7.539443977205195)
 }
00:49:13 `Bat`460381 missed {
 is already Found: false).
 Position: LorenzVec(x=-55.5, y=64.59375, z=-167.5)
 DistanceC: 6.539443977205195
Relative Position: LorenzVec(x=-0.36232133857794224, y=-4.40625, z=-6.539443977205195)
 }
00:49:13 `Bat`460383 missed {
 is already Found: false).
 Position: LorenzVec(x=-55.5, y=65.59375, z=-169.5)
 DistanceC: 8.539443977205195
Relative Position: LorenzVec(x=-0.36232133857794224, y=-3.40625, z=-8.539443977205195)
 }
00:49:13 `Bat`460385 missed {
 is already Found: false).
 Position: LorenzVec(x=-55.5, y=65.59375, z=-168.5)
 DistanceC: 7.539443977205195
Relative Position: LorenzVec(x=-0.36232133857794224, y=-3.40625, z=-7.539443977205195)
 }
00:49:13 `Bat`460387 missed {
 is already Found: false).
 Position: LorenzVec(x=-55.5, y=65.59375, z=-167.5)
 DistanceC: 6.539443977205195
Relative Position: LorenzVec(x=-0.36232133857794224, y=-3.40625, z=-6.539443977205195)
 }
00:49:13 `Bat`460389 missed {
 is already Found: false).
 Position: LorenzVec(x=-55.5, y=66.59375, z=-169.5)
 DistanceC: 8.539443977205195
Relative Position: LorenzVec(x=-0.36232133857794224, y=-2.40625, z=-8.539443977205195)
 }
00:49:13 `Bat`460391 missed {
 is already Found: false).
 Position: LorenzVec(x=-55.5, y=66.59375, z=-168.5)
 DistanceC: 7.539443977205195
Relative Position: LorenzVec(x=-0.36232133857794224, y=-2.40625, z=-7.539443977205195)
 }
00:49:13 `Bat`460393 missed {
 is already Found: false).
 Position: LorenzVec(x=-55.5, y=66.59375, z=-167.5)
 DistanceC: 6.539443977205195
Relative Position: LorenzVec(x=-0.36232133857794224, y=-2.40625, z=-6.539443977205195)
 }
00:49:13 `Bat`460395 missed {
 is already Found: false).
 Position: LorenzVec(x=-55.5, y=67.59375, z=-169.5)
 DistanceC: 8.539443977205195
Relative Position: LorenzVec(x=-0.36232133857794224, y=-1.40625, z=-8.539443977205195)
 }
00:49:13 `Bat`460397 missed {
 is already Found: false).
 Position: LorenzVec(x=-55.5, y=67.59375, z=-168.5)
 DistanceC: 7.539443977205195
Relative Position: LorenzVec(x=-0.36232133857794224, y=-1.40625, z=-7.539443977205195)
 }
00:49:13 `Bat`460399 missed {
 is already Found: false).
 Position: LorenzVec(x=-55.5, y=67.59375, z=-167.5)
 DistanceC: 6.539443977205195
Relative Position: LorenzVec(x=-0.36232133857794224, y=-1.40625, z=-6.539443977205195)
 }
00:49:14 `Bat`460402 missed {
 is already Found: false).
 Position: LorenzVec(x=-54.71875, y=69.8125, z=-159.9375)
 DistanceC: 13.304489326921072
Relative Position: LorenzVec(x=4.181938539570055, y=0.8125, z=-13.304489326921072)
 }
00:49:14 `Bat`460551 missed {
 is already Found: false).
 Position: LorenzVec(x=-54.96875, y=69.21875, z=-159.6875)
 DistanceC: 10.64990146994316
Relative Position: LorenzVec(x=4.331250011920929, y=0.21875, z=-10.64990146994316)
 }
00:49:15 `Bat`460573 missed {
 is already Found: false).
 Position: LorenzVec(x=-54.65625, y=69.09375, z=-161.875)
 DistanceC: 14.005773432782405
Relative Position: LorenzVec(x=3.4714532338356463, y=0.09375, z=-14.005773432782405)
 }
00:49:15 `Bat`460584 missed {
 is already Found: false).
 Position: LorenzVec(x=-54.25, y=69.63541666666667, z=-162.6875)
 DistanceC: 16.595961170604312
Relative Position: LorenzVec(x=2.1555508688201996, y=0.6354166666666714, z=-16.595961170604312)
 }
00:49:15 `Bat`460616 missed {
 is already Found: false).
 Position: LorenzVec(x=-53.3125, y=69.875, z=-160.09375)
 DistanceC: 8.026234625184912
Relative Position: LorenzVec(x=-1.4194262209873756, y=0.875, z=-8.026234625184912)
 }
00:49:16 `Bat`460409 missed {
 is already Found: false).
 Position: LorenzVec(x=-54.36458333333333, y=69.25, z=-157.36458333333331)
 DistanceC: 4.676465705739801
Relative Position: LorenzVec(x=-4.676465705739801, y=0.25, z=-4.392856373763834)
 }
00:49:16 `Bat`460590 missed {
 is already Found: false).
 Position: LorenzVec(x=-53.02083333333333, y=69.22916666666666, z=-157.48958333333331)
 DistanceC: 8.891496325333023
Relative Position: LorenzVec(x=-8.891496325333023, y=0.2291666666666572, z=-5.978585210198844)
 }
00:49:16 `Bat`460601 missed {
 is already Found: false).
 Position: LorenzVec(x=-52.5625, y=69.125, z=-155.5)
 DistanceC: 10.098334605086414
Relative Position: LorenzVec(x=-10.098334605086414, y=0.125, z=-4.074814355854841)
 }
00:49:16 `Bat`460635 missed {
 is already Found: false).
 Position: LorenzVec(x=-52.65625, y=69.10000002384186, z=-157.4375)
 DistanceC: 11.857626824816137
Relative Position: LorenzVec(x=-11.857626824816137, y=0.10000002384185791, z=-5.846148836775143)
 }
00:49:16 `Bat`460624 missed {
 is already Found: false).
 Position: LorenzVec(x=-51.96875, y=69.0, z=-155.21875)
 DistanceC: 13.66255765942649
Relative Position: LorenzVec(x=-13.66255765942649, y=0.0, z=-3.2148120856275)
 }
00:49:16 `Bat`460641 missed {
 is already Found: false).
 Position: LorenzVec(x=-51.45833333333333, y=69.75, z=-153.84375)
 DistanceC: 15.83659900127919
Relative Position: LorenzVec(x=-15.83659900127919, y=0.33000001311302185, z=-1.3319400696060484)
 }
00:49:16 `Bat`460662 missed {
 is already Found: false).
 Position: LorenzVec(x=-52.90625, y=69.60416666666666, z=-151.88541666666669)
 DistanceC: 17.86921718047501
Relative Position: LorenzVec(x=-17.86921718047501, y=-0.1490333138545452, z=0.7399843766860386)
 }
00:49:16 `Bat`460654 missed {
 is already Found: false).
 Position: LorenzVec(x=-51.66666666666667, y=70.33333333333334, z=-152.59375)
 DistanceC: 17.18666724333128
Relative Position: LorenzVec(x=-17.18666724333128, y=0.33199735422120114, z=0.14016463928359713)
 }
00:49:17 `Bat`460663 missed {
 is already Found: false).
 Position: LorenzVec(x=-52.96875, y=69.625, z=-152.02083333333334)
 DistanceC: 19.526132439560826
Relative Position: LorenzVec(x=-19.526132439560826, y=-0.6241870787446828, z=0.9282287530270139)
 }
00:49:20 `Bat`460773 missed {
 is already Found: false).
 Position: LorenzVec(x=-41.5, y=64.28125, z=-153.5)
 DistanceC: 8.88585162226481
Relative Position: LorenzVec(x=-8.88585162226481, y=-4.71875, z=0.6856917659740986)
 }
00:49:20 `Bat`460775 missed {
 is already Found: false).
 Position: LorenzVec(x=-41.5, y=64.28125, z=-152.5)
 DistanceC: 8.88585162226481
Relative Position: LorenzVec(x=-8.88585162226481, y=-4.71875, z=1.6856917659740986)
 }
00:49:20 `Bat`460777 missed {
 is already Found: false).
 Position: LorenzVec(x=-41.5, y=64.28125, z=-151.5)
 DistanceC: 8.88585162226481
Relative Position: LorenzVec(x=-8.88585162226481, y=-4.71875, z=2.6856917659740986)
 }
00:49:20 `Bat`460779 missed {
 is already Found: false).
 Position: LorenzVec(x=-41.5, y=65.28125, z=-153.5)
 DistanceC: 8.88585162226481
Relative Position: LorenzVec(x=-8.88585162226481, y=-3.71875, z=0.6856917659740986)
 }
00:49:20 `Bat`460781 missed {
 is already Found: false).
 Position: LorenzVec(x=-41.5, y=65.28125, z=-152.5)
 DistanceC: 8.88585162226481
Relative Position: LorenzVec(x=-8.88585162226481, y=-3.71875, z=1.6856917659740986)
 }
00:49:20 `Bat`460783 missed {
 is already Found: false).
 Position: LorenzVec(x=-41.5, y=65.28125, z=-151.5)
 DistanceC: 8.88585162226481
Relative Position: LorenzVec(x=-8.88585162226481, y=-3.71875, z=2.6856917659740986)
 }
00:49:20 `Bat`460785 missed {
 is already Found: false).
 Position: LorenzVec(x=-41.5, y=66.28125, z=-153.5)
 DistanceC: 8.88585162226481
Relative Position: LorenzVec(x=-8.88585162226481, y=-2.71875, z=0.6856917659740986)
 }
00:49:20 `Bat`460787 missed {
 is already Found: false).
 Position: LorenzVec(x=-41.5, y=66.28125, z=-152.5)
 DistanceC: 8.88585162226481
Relative Position: LorenzVec(x=-8.88585162226481, y=-2.71875, z=1.6856917659740986)
 }
00:49:20 `Bat`460789 missed {
 is already Found: false).
 Position: LorenzVec(x=-41.5, y=66.28125, z=-151.5)
 DistanceC: 8.88585162226481
Relative Position: LorenzVec(x=-8.88585162226481, y=-2.71875, z=2.6856917659740986)
 }
00:49:20 `Bat`460791 missed {
 is already Found: false).
 Position: LorenzVec(x=-41.5, y=67.28125, z=-153.5)
 DistanceC: 8.88585162226481
Relative Position: LorenzVec(x=-8.88585162226481, y=-1.71875, z=0.6856917659740986)
 }
00:49:20 `Bat`460793 missed {
 is already Found: false).
 Position: LorenzVec(x=-41.5, y=67.28125, z=-152.5)
 DistanceC: 8.88585162226481
Relative Position: LorenzVec(x=-8.88585162226481, y=-1.71875, z=1.6856917659740986)
 }
00:49:20 `Bat`460795 missed {
 is already Found: false).
 Position: LorenzVec(x=-41.5, y=67.28125, z=-151.5)
 DistanceC: 8.88585162226481
Relative Position: LorenzVec(x=-8.88585162226481, y=-1.71875, z=2.6856917659740986)
 }
00:49:20 `Bat`460797 missed {
 is already Found: false).
 Position: LorenzVec(x=-40.5, y=64.28125, z=-153.5)
 DistanceC: 7.885851622264809
Relative Position: LorenzVec(x=-7.885851622264809, y=-4.71875, z=0.6856917659740986)
 }
00:49:20 `Bat`460799 missed {
 is already Found: false).
 Position: LorenzVec(x=-40.5, y=64.28125, z=-152.5)
 DistanceC: 7.885851622264809
Relative Position: LorenzVec(x=-7.885851622264809, y=-4.71875, z=1.6856917659740986)
 }
00:49:20 `Bat`460801 missed {
 is already Found: false).
 Position: LorenzVec(x=-40.5, y=64.28125, z=-151.5)
 DistanceC: 7.885851622264809
Relative Position: LorenzVec(x=-7.885851622264809, y=-4.71875, z=2.6856917659740986)
 }
00:49:20 `Bat`460803 missed {
 is already Found: false).
 Position: LorenzVec(x=-40.5, y=65.28125, z=-153.5)
 DistanceC: 7.885851622264809
Relative Position: LorenzVec(x=-7.885851622264809, y=-3.71875, z=0.6856917659740986)
 }
00:49:20 `Bat`460805 missed {
 is already Found: false).
 Position: LorenzVec(x=-40.5, y=65.28125, z=-152.5)
 DistanceC: 7.885851622264809
Relative Position: LorenzVec(x=-7.885851622264809, y=-3.71875, z=1.6856917659740986)
 }
00:49:20 `Bat`460807 missed {
 is already Found: false).
 Position: LorenzVec(x=-40.5, y=65.28125, z=-151.5)
 DistanceC: 7.885851622264809
Relative Position: LorenzVec(x=-7.885851622264809, y=-3.71875, z=2.6856917659740986)
 }
00:49:20 `Bat`460809 missed {
 is already Found: false).
 Position: LorenzVec(x=-40.5, y=66.28125, z=-153.5)
 DistanceC: 7.885851622264809
Relative Position: LorenzVec(x=-7.885851622264809, y=-2.71875, z=0.6856917659740986)
 }
00:49:20 `Bat`460811 missed {
 is already Found: false).
 Position: LorenzVec(x=-40.5, y=66.28125, z=-152.5)
 DistanceC: 7.885851622264809
Relative Position: LorenzVec(x=-7.885851622264809, y=-2.71875, z=1.6856917659740986)
 }
00:49:20 `Bat`460813 missed {
 is already Found: false).
 Position: LorenzVec(x=-40.5, y=66.28125, z=-151.5)
 DistanceC: 7.885851622264809
Relative Position: LorenzVec(x=-7.885851622264809, y=-2.71875, z=2.6856917659740986)
 }
00:49:20 `Bat`460815 missed {
 is already Found: false).
 Position: LorenzVec(x=-40.5, y=67.28125, z=-153.5)
 DistanceC: 7.885851622264809
Relative Position: LorenzVec(x=-7.885851622264809, y=-1.71875, z=0.6856917659740986)
 }
00:49:20 `Bat`460817 missed {
 is already Found: false).
 Position: LorenzVec(x=-40.5, y=67.28125, z=-152.5)
 DistanceC: 7.885851622264809
Relative Position: LorenzVec(x=-7.885851622264809, y=-1.71875, z=1.6856917659740986)
 }
00:49:20 `Bat`460819 missed {
 is already Found: false).
 Position: LorenzVec(x=-40.5, y=67.28125, z=-151.5)
 DistanceC: 7.885851622264809
Relative Position: LorenzVec(x=-7.885851622264809, y=-1.71875, z=2.6856917659740986)
 }
00:49:20 `Bat`460821 missed {
 is already Found: false).
 Position: LorenzVec(x=-39.5, y=64.28125, z=-153.5)
 DistanceC: 6.885851622264809
Relative Position: LorenzVec(x=-6.885851622264809, y=-4.71875, z=0.6856917659740986)
 }
00:49:20 `Bat`460823 missed {
 is already Found: false).
 Position: LorenzVec(x=-39.5, y=64.28125, z=-152.5)
 DistanceC: 6.885851622264809
Relative Position: LorenzVec(x=-6.885851622264809, y=-4.71875, z=1.6856917659740986)
 }
00:49:20 `Bat`460825 missed {
 is already Found: false).
 Position: LorenzVec(x=-39.5, y=64.28125, z=-151.5)
 DistanceC: 6.885851622264809
Relative Position: LorenzVec(x=-6.885851622264809, y=-4.71875, z=2.6856917659740986)
 }
00:49:20 `Bat`460827 missed {
 is already Found: false).
 Position: LorenzVec(x=-39.5, y=65.28125, z=-153.5)
 DistanceC: 6.885851622264809
Relative Position: LorenzVec(x=-6.885851622264809, y=-3.71875, z=0.6856917659740986)
 }
00:49:20 `Bat`460829 missed {
 is already Found: false).
 Position: LorenzVec(x=-39.5, y=65.28125, z=-152.5)
 DistanceC: 6.885851622264809
Relative Position: LorenzVec(x=-6.885851622264809, y=-3.71875, z=1.6856917659740986)
 }
00:49:20 `Bat`460831 missed {
 is already Found: false).
 Position: LorenzVec(x=-39.5, y=65.28125, z=-151.5)
 DistanceC: 6.885851622264809
Relative Position: LorenzVec(x=-6.885851622264809, y=-3.71875, z=2.6856917659740986)
 }
00:49:20 `Bat`460833 missed {
 is already Found: false).
 Position: LorenzVec(x=-39.5, y=66.28125, z=-153.5)
 DistanceC: 6.885851622264809
Relative Position: LorenzVec(x=-6.885851622264809, y=-2.71875, z=0.6856917659740986)
 }
00:49:20 `Bat`460835 missed {
 is already Found: false).
 Position: LorenzVec(x=-39.5, y=66.28125, z=-152.5)
 DistanceC: 6.885851622264809
Relative Position: LorenzVec(x=-6.885851622264809, y=-2.71875, z=1.6856917659740986)
 }
00:49:20 `Bat`460837 missed {
 is already Found: false).
 Position: LorenzVec(x=-39.5, y=66.28125, z=-151.5)
 DistanceC: 6.885851622264809
Relative Position: LorenzVec(x=-6.885851622264809, y=-2.71875, z=2.6856917659740986)
 }
00:49:20 `Bat`460839 missed {
 is already Found: false).
 Position: LorenzVec(x=-39.5, y=67.28125, z=-153.5)
 DistanceC: 6.885851622264809
Relative Position: LorenzVec(x=-6.885851622264809, y=-1.71875, z=0.6856917659740986)
 }
00:49:20 `Bat`460841 missed {
 is already Found: false).
 Position: LorenzVec(x=-39.5, y=67.28125, z=-152.5)
 DistanceC: 6.885851622264809
Relative Position: LorenzVec(x=-6.885851622264809, y=-1.71875, z=1.6856917659740986)
 }
00:49:20 `Bat`460843 missed {
 is already Found: false).
 Position: LorenzVec(x=-39.5, y=67.28125, z=-151.5)
 DistanceC: 6.885851622264809
Relative Position: LorenzVec(x=-6.885851622264809, y=-1.71875, z=2.6856917659740986)
 }
00:49:20 `Bat`460665 missed {
 is already Found: false).
 Position: LorenzVec(x=-54.15625, y=69.10000002384186, z=-151.25)
 DistanceC: 18.88809174520638
Relative Position: LorenzVec(x=-18.88809174520638, y=0.10000002384185791, z=1.6296570443964242)
 }
00:49:20 `Bat`460664 missed {
 is already Found: false).
 Position: LorenzVec(x=-55.75, y=69.34375, z=-149.96875)
 DistanceC: 20.09168278476757
Relative Position: LorenzVec(x=-20.09168278476757, y=0.34375, z=1.4236932377813503)
 }
00:49:21 `Bat`460674 missed {
 is already Found: false).
 Position: LorenzVec(x=-55.96875, y=69.25, z=-153.53125)
 DistanceC: 21.979280871317187
Relative Position: LorenzVec(x=-21.979280871317187, y=2.714159374955443, z=-11.095972520034621)
 }
00:49:21 `Bat`460688 missed {
 is already Found: false).
 Position: LorenzVec(x=-54.21875, y=69.10000002384186, z=-152.125)
 DistanceC: 20.883582126022418
Relative Position: LorenzVec(x=-20.883582126022418, y=3.100000023841858, z=-10.094394492361488)
 }
00:49:25 `Bat`460681 missed {
 is already Found: false).
 Position: LorenzVec(x=-55.96875, y=69.3125, z=-154.375)
 DistanceC: 21.91513162340796
Relative Position: LorenzVec(x=-21.91513162340796, y=0.8125, z=-6.594978291692968)
 }
00:49:44 `Skeleton`460487 missed {
 is already Found: false).
 Position: LorenzVec(x=-24.5, y=69.0, z=-52.5)
 DistanceC: 21.18618957457002
Relative Position: LorenzVec(x=4.2126886046765435, y=-3.9029166963332784, z=-21.18618957457002)
 }
00:49:44 `Bat`462245 missed {
 is already Found: false).
 Position: LorenzVec(x=-42.375, y=60.15625, z=-30.46875)
 DistanceC: 14.245638164434208
Relative Position: LorenzVec(x=-14.245638164434208, y=-10.734197453259966, z=1.231249988079071)
 }
00:49:44 `Bat`462246 missed {
 is already Found: false).
 Position: LorenzVec(x=-46.53125, y=60.0, z=-30.5625)
 DistanceC: 18.401888164434208
Relative Position: LorenzVec(x=-18.401888164434208, y=-10.890447453259966, z=1.137499988079071)
 }
00:49:45 `Bat`462240 missed {
 is already Found: false).
 Position: LorenzVec(x=-37.75, y=60.375, z=-29.03125)
 DistanceC: 9.84674084793015
Relative Position: LorenzVec(x=-9.84674084793015, y=-8.561654946152998, z=2.668749988079071)
 }
00:49:45 `Bat`462005 missed {
 is already Found: false).
 Position: LorenzVec(x=-42.0625, y=58.32291666666667, z=-27.427083333333336)
 DistanceC: 14.462327484351178
Relative Position: LorenzVec(x=-14.462327484351178, y=-8.08326218802867, z=4.272916654745735)
 }
00:49:45 `Bat`462193 missed {
 is already Found: false).
 Position: LorenzVec(x=-36.72916666666667, y=58.14583333333333, z=-27.364583333333336)
 DistanceC: 9.12899415101785
Relative Position: LorenzVec(x=-9.12899415101785, y=-8.260345521362012, z=4.335416654745735)
 }
00:49:45 `Bat`462201 missed {
 is already Found: false).
 Position: LorenzVec(x=-36.65625, y=58.59375, z=-27.8125)
 DistanceC: 9.056077484351178
Relative Position: LorenzVec(x=-9.056077484351178, y=-7.812428854695341, z=3.887499988079071)
 }
00:49:45 `Bat`462222 missed {
 is already Found: false).
 Position: LorenzVec(x=-36.46875, y=59.10000002384186, z=-27.9375)
 DistanceC: 8.868577484351178
Relative Position: LorenzVec(x=-8.868577484351178, y=-7.306178830853483, z=3.762499988079071)
 }
00:49:45 `Bat`462214 missed {
 is already Found: false).
 Position: LorenzVec(x=-35.0, y=58.10000002384186, z=-27.0)
 DistanceC: 7.5205044022591565
Relative Position: LorenzVec(x=-7.5205044022591565, y=-7.340455106630117, z=4.699999988079071)
 }
00:49:45 `Skeleton`461314 missed {
 is already Found: false).
 Position: LorenzVec(x=-46.21875, y=65.0625, z=-22.625)
 DistanceC: 21.904885351657867
Relative Position: LorenzVec(x=-21.904885351657867, y=-3.9375, z=15.24267840385437)
 }
00:49:46 `Skeleton`460491 missed {
 is already Found: false).
 Position: LorenzVec(x=-20.5, y=69.0, z=-59.5)
 DistanceC: 8.295543862072257
Relative Position: LorenzVec(x=5.462035010676608, y=0.0, z=-8.295543862072257)
 }
00:50:35 `Cave Spider`464274 missed {
 is already Found: false).
 Position: LorenzVec(x=-141.5, y=81.0, z=-59.5)
 DistanceC: 12.997000125518255
Relative Position: LorenzVec(x=-5.467543735953569, y=14.0, z=-12.997000125518255)
 }
00:50:35 `Cave Spider`464356 missed {
 is already Found: false).
 Position: LorenzVec(x=-139.5, y=81.0, z=-59.5)
 DistanceC: 12.997000125518255
Relative Position: LorenzVec(x=-3.4675437359535692, y=14.0, z=-12.997000125518255)
 }
00:50:35 `Cave Spider`464171 missed {
 is already Found: false).
 Position: LorenzVec(x=-139.5, y=80.0, z=-58.5)
 DistanceC: 11.482776152827114
Relative Position: LorenzVec(x=-3.0546229169554238, y=13.0, z=-11.482776152827114)
 }
00:50:35 `Cave Spider`464191 missed {
 is already Found: false).
 Position: LorenzVec(x=-141.5, y=81.0, z=-58.5)
 DistanceC: 11.482776152827114
Relative Position: LorenzVec(x=-5.054622916955424, y=14.0, z=-11.482776152827114)
 }
00:50:35 `Cave Spider`464263 missed {
 is already Found: false).
 Position: LorenzVec(x=-139.5, y=79.0, z=-58.5)
 DistanceC: 11.482776152827114
Relative Position: LorenzVec(x=-3.0546229169554238, y=12.0, z=-11.482776152827114)
 }
00:50:35 `Cave Spider`464307 missed {
 is already Found: false).
 Position: LorenzVec(x=-140.5, y=81.0, z=-58.5)
 DistanceC: 11.482776152827114
Relative Position: LorenzVec(x=-4.054622916955424, y=14.0, z=-11.482776152827114)
 }
00:51:33 `Bat`470003 missed {
 is already Found: false).
 Position: LorenzVec(x=-174.5, y=57.125, z=-21.5)
 DistanceC: 5.343480142376098
Relative Position: LorenzVec(x=-0.3218322563975846, y=-17.875, z=-5.343480142376098)
 }
00:51:33 `Bat`470005 missed {
 is already Found: false).
 Position: LorenzVec(x=-174.5, y=57.125, z=-20.5)
 DistanceC: 4.343480142376098
Relative Position: LorenzVec(x=-0.3218322563975846, y=-17.875, z=-4.343480142376098)
 }
00:51:33 `Bat`470007 missed {
 is already Found: false).
 Position: LorenzVec(x=-174.5, y=57.125, z=-19.5)
 DistanceC: 3.343480142376098
Relative Position: LorenzVec(x=-0.3218322563975846, y=-17.875, z=-3.343480142376098)
 }
00:51:33 `Bat`470009 missed {
 is already Found: false).
 Position: LorenzVec(x=-174.5, y=57.125, z=-18.5)
 DistanceC: 2.343480142376098
Relative Position: LorenzVec(x=-0.3218322563975846, y=-17.875, z=-2.343480142376098)
 }
00:51:33 `Bat`470011 missed {
 is already Found: false).
 Position: LorenzVec(x=-174.5, y=57.125, z=-17.5)
 DistanceC: 1.343480142376098
Relative Position: LorenzVec(x=-0.3218322563975846, y=-17.875, z=-1.343480142376098)
 }
00:51:33 `Bat`470013 missed {
 is already Found: false).
 Position: LorenzVec(x=-173.5, y=57.125, z=-21.5)
 DistanceC: 5.343480142376098
Relative Position: LorenzVec(x=0.6781677436024154, y=-17.875, z=-5.343480142376098)
 }
00:51:33 `Bat`470015 missed {
 is already Found: false).
 Position: LorenzVec(x=-173.5, y=57.125, z=-20.5)
 DistanceC: 4.343480142376098
Relative Position: LorenzVec(x=0.6781677436024154, y=-17.875, z=-4.343480142376098)
 }
00:51:33 `Bat`470017 missed {
 is already Found: false).
 Position: LorenzVec(x=-173.5, y=57.125, z=-19.5)
 DistanceC: 3.343480142376098
Relative Position: LorenzVec(x=0.6781677436024154, y=-17.875, z=-3.343480142376098)
 }
00:51:33 `Bat`470019 missed {
 is already Found: false).
 Position: LorenzVec(x=-173.5, y=57.125, z=-18.5)
 DistanceC: 2.343480142376098
Relative Position: LorenzVec(x=0.6781677436024154, y=-17.875, z=-2.343480142376098)
 }
00:51:33 `Bat`470021 missed {
 is already Found: false).
 Position: LorenzVec(x=-173.5, y=57.125, z=-17.5)
 DistanceC: 1.343480142376098
Relative Position: LorenzVec(x=0.6781677436024154, y=-17.875, z=-1.343480142376098)
 }
00:51:33 `Bat`470023 missed {
 is already Found: false).
 Position: LorenzVec(x=-172.5, y=57.125, z=-21.5)
 DistanceC: 5.343480142376098
Relative Position: LorenzVec(x=1.6781677436024154, y=-17.875, z=-5.343480142376098)
 }
00:51:33 `Bat`470025 missed {
 is already Found: false).
 Position: LorenzVec(x=-172.5, y=57.125, z=-20.5)
 DistanceC: 4.343480142376098
Relative Position: LorenzVec(x=1.6781677436024154, y=-17.875, z=-4.343480142376098)
 }
00:51:33 `Bat`470027 missed {
 is already Found: false).
 Position: LorenzVec(x=-172.5, y=57.125, z=-19.5)
 DistanceC: 3.343480142376098
Relative Position: LorenzVec(x=1.6781677436024154, y=-17.875, z=-3.343480142376098)
 }
00:51:33 `Bat`470029 missed {
 is already Found: false).
 Position: LorenzVec(x=-172.5, y=57.125, z=-18.5)
 DistanceC: 2.343480142376098
Relative Position: LorenzVec(x=1.6781677436024154, y=-17.875, z=-2.343480142376098)
 }
00:51:33 `Bat`470031 missed {
 is already Found: false).
 Position: LorenzVec(x=-172.5, y=57.125, z=-17.5)
 DistanceC: 1.6781677436024154
Relative Position: LorenzVec(x=1.6781677436024154, y=-17.875, z=-1.343480142376098)
 }
00:51:33 `Bat`470033 missed {
 is already Found: false).
 Position: LorenzVec(x=-174.5, y=68.125, z=-16.5)
 DistanceC: 0.34348014237609803
Relative Position: LorenzVec(x=-0.3218322563975846, y=-6.875, z=-0.34348014237609803)
 }
00:51:33 `Bat`470035 missed {
 is already Found: false).
 Position: LorenzVec(x=-174.5, y=69.125, z=-16.5)
 DistanceC: 0.34348014237609803
Relative Position: LorenzVec(x=-0.3218322563975846, y=-5.875, z=-0.34348014237609803)
 }
00:51:33 `Bat`470037 missed {
 is already Found: false).
 Position: LorenzVec(x=-174.5, y=70.125, z=-16.5)
 DistanceC: 0.34348014237609803
Relative Position: LorenzVec(x=-0.3218322563975846, y=-4.875, z=-0.34348014237609803)
 }
00:51:33 `Bat`470039 missed {
 is already Found: false).
 Position: LorenzVec(x=-174.5, y=71.125, z=-16.5)
 DistanceC: 0.34348014237609803
Relative Position: LorenzVec(x=-0.3218322563975846, y=-3.875, z=-0.34348014237609803)
 }
00:51:33 `Bat`470041 missed {
 is already Found: false).
 Position: LorenzVec(x=-174.5, y=72.125, z=-16.5)
 DistanceC: 0.34348014237609803
Relative Position: LorenzVec(x=-0.3218322563975846, y=-2.875, z=-0.34348014237609803)
 }
00:51:33 `Bat`470043 missed {
 is already Found: false).
 Position: LorenzVec(x=-174.5, y=73.125, z=-16.5)
 DistanceC: 0.34348014237609803
Relative Position: LorenzVec(x=-0.3218322563975846, y=-1.875, z=-0.34348014237609803)
 }
00:51:33 `Bat`470045 missed {
 is already Found: false).
 Position: LorenzVec(x=-173.5, y=68.125, z=-16.5)
 DistanceC: 0.6781677436024154
Relative Position: LorenzVec(x=0.6781677436024154, y=-6.875, z=-0.34348014237609803)
 }
00:51:33 `Bat`470047 missed {
 is already Found: false).
 Position: LorenzVec(x=-173.5, y=69.125, z=-16.5)
 DistanceC: 0.6781677436024154
Relative Position: LorenzVec(x=0.6781677436024154, y=-5.875, z=-0.34348014237609803)
 }
00:51:33 `Bat`470049 missed {
 is already Found: false).
 Position: LorenzVec(x=-173.5, y=70.125, z=-16.5)
 DistanceC: 0.6781677436024154
Relative Position: LorenzVec(x=0.6781677436024154, y=-4.875, z=-0.34348014237609803)
 }
00:51:33 `Bat`470051 missed {
 is already Found: false).
 Position: LorenzVec(x=-173.5, y=71.125, z=-16.5)
 DistanceC: 0.6781677436024154
Relative Position: LorenzVec(x=0.6781677436024154, y=-3.875, z=-0.34348014237609803)
 }
00:51:33 `Bat`470053 missed {
 is already Found: false).
 Position: LorenzVec(x=-173.5, y=72.125, z=-16.5)
 DistanceC: 0.6781677436024154
Relative Position: LorenzVec(x=0.6781677436024154, y=-2.875, z=-0.34348014237609803)
 }
00:51:33 `Bat`470055 missed {
 is already Found: false).
 Position: LorenzVec(x=-173.5, y=73.125, z=-16.5)
 DistanceC: 0.6781677436024154
Relative Position: LorenzVec(x=0.6781677436024154, y=-1.875, z=-0.34348014237609803)
 }
00:51:33 `Bat`470057 missed {
 is already Found: false).
 Position: LorenzVec(x=-172.5, y=68.125, z=-16.5)
 DistanceC: 1.6781677436024154
Relative Position: LorenzVec(x=1.6781677436024154, y=-6.875, z=-0.34348014237609803)
 }
00:51:33 `Bat`470059 missed {
 is already Found: false).
 Position: LorenzVec(x=-172.5, y=69.125, z=-16.5)
 DistanceC: 1.6781677436024154
Relative Position: LorenzVec(x=1.6781677436024154, y=-5.875, z=-0.34348014237609803)
 }
00:51:33 `Bat`470061 missed {
 is already Found: false).
 Position: LorenzVec(x=-172.5, y=70.125, z=-16.5)
 DistanceC: 1.6781677436024154
Relative Position: LorenzVec(x=1.6781677436024154, y=-4.875, z=-0.34348014237609803)
 }
00:51:33 `Bat`470063 missed {
 is already Found: false).
 Position: LorenzVec(x=-172.5, y=71.125, z=-16.5)
 DistanceC: 1.6781677436024154
Relative Position: LorenzVec(x=1.6781677436024154, y=-3.875, z=-0.34348014237609803)
 }
00:51:33 `Bat`470065 missed {
 is already Found: false).
 Position: LorenzVec(x=-172.5, y=72.125, z=-16.5)
 DistanceC: 1.6781677436024154
Relative Position: LorenzVec(x=1.6781677436024154, y=-2.875, z=-0.34348014237609803)
 }
00:51:33 `Bat`470067 missed {
 is already Found: false).
 Position: LorenzVec(x=-172.5, y=73.125, z=-16.5)
 DistanceC: 1.6781677436024154
Relative Position: LorenzVec(x=1.6781677436024154, y=-1.875, z=-0.34348014237609803)
 }
00:51:36 `Bat`470185 missed {
 is already Found: false).
 Position: LorenzVec(x=-173.5, y=82.125, z=-18.5)
 DistanceC: 8.199999988079071
Relative Position: LorenzVec(x=8.199999988079071, y=1.125, z=-0.6069338780115068)
 }
00:51:36 `Bat`470187 missed {
 is already Found: false).
 Position: LorenzVec(x=-173.5, y=83.125, z=-18.5)
 DistanceC: 8.199999988079071
Relative Position: LorenzVec(x=8.199999988079071, y=2.125, z=-0.6069338780115068)
 }
00:51:36 `Bat`470189 missed {
 is already Found: false).
 Position: LorenzVec(x=-173.5, y=84.125, z=-18.5)
 DistanceC: 8.199999988079071
Relative Position: LorenzVec(x=8.199999988079071, y=3.125, z=-0.6069338780115068)
 }
00:51:36 `Bat`470191 missed {
 is already Found: false).
 Position: LorenzVec(x=-173.5, y=85.125, z=-18.5)
 DistanceC: 8.199999988079071
Relative Position: LorenzVec(x=8.199999988079071, y=4.125, z=-0.6069338780115068)
 }
00:51:36 `Bat`470193 missed {
 is already Found: false).
 Position: LorenzVec(x=-172.5, y=82.125, z=-18.5)
 DistanceC: 9.199999988079071
Relative Position: LorenzVec(x=9.199999988079071, y=1.125, z=-0.6069338780115068)
 }
00:51:36 `Bat`470195 missed {
 is already Found: false).
 Position: LorenzVec(x=-172.5, y=83.125, z=-18.5)
 DistanceC: 9.199999988079071
Relative Position: LorenzVec(x=9.199999988079071, y=2.125, z=-0.6069338780115068)
 }
00:51:36 `Bat`470197 missed {
 is already Found: false).
 Position: LorenzVec(x=-172.5, y=84.125, z=-18.5)
 DistanceC: 9.199999988079071
Relative Position: LorenzVec(x=9.199999988079071, y=3.125, z=-0.6069338780115068)
 }
00:51:36 `Bat`470199 missed {
 is already Found: false).
 Position: LorenzVec(x=-172.5, y=85.125, z=-18.5)
 DistanceC: 9.199999988079071
Relative Position: LorenzVec(x=9.199999988079071, y=4.125, z=-0.6069338780115068)
 }
00:52:20 `Cave Spider`464191 missed {
 is already Found: false).
 Position: LorenzVec(x=-141.5, y=81.0, z=-58.5)
 DistanceC: 18.697653812795863
Relative Position: LorenzVec(x=18.697653812795863, y=12.0, z=-1.7110556071297367)
 }
00:52:20 `Cave Spider`464274 missed {
 is already Found: false).
 Position: LorenzVec(x=-141.5, y=81.0, z=-59.5)
 DistanceC: 18.697653812795863
Relative Position: LorenzVec(x=18.697653812795863, y=12.0, z=-2.7110556071297367)
 }
00:52:21 `Cave Spider`464307 missed {
 is already Found: false).
 Position: LorenzVec(x=-140.5, y=81.0, z=-58.5)
 DistanceC: 19.697653812795863
Relative Position: LorenzVec(x=19.697653812795863, y=12.0, z=-1.7110556071297367)
 }
00:52:21 `Cave Spider`464171 missed {
 is already Found: false).
 Position: LorenzVec(x=-139.5, y=80.0, z=-58.5)
 DistanceC: 20.697653812795863
Relative Position: LorenzVec(x=20.697653812795863, y=11.0, z=-1.7110556071297367)
 }
00:52:21 `Cave Spider`464263 missed {
 is already Found: false).
 Position: LorenzVec(x=-139.5, y=79.0, z=-58.5)
 DistanceC: 20.697653812795863
Relative Position: LorenzVec(x=20.697653812795863, y=10.0, z=-1.7110556071297367)
 }
00:52:21 `Cave Spider`464356 missed {
 is already Found: false).
 Position: LorenzVec(x=-139.5, y=81.0, z=-59.5)
 DistanceC: 20.697653812795863
Relative Position: LorenzVec(x=20.697653812795863, y=12.0, z=-2.7110556071297367)
 }
00:52:57 `Bat`472233 missed {
 is already Found: false).
 Position: LorenzVec(x=-111.5, y=62.125, z=-92.5)
 DistanceC: 3.456192538912333
Relative Position: LorenzVec(x=-3.3890299474640244, y=-6.9375, z=-3.456192538912333)
 }
00:52:57 `Bat`472235 missed {
 is already Found: false).
 Position: LorenzVec(x=-111.5, y=63.125, z=-92.5)
 DistanceC: 3.456192538912333
Relative Position: LorenzVec(x=-3.3890299474640244, y=-5.9375, z=-3.456192538912333)
 }
00:52:57 `Bat`472237 missed {
 is already Found: false).
 Position: LorenzVec(x=-111.5, y=64.125, z=-92.5)
 DistanceC: 3.456192538912333
Relative Position: LorenzVec(x=-3.3890299474640244, y=-4.9375, z=-3.456192538912333)
 }
00:52:57 `Bat`472239 missed {
 is already Found: false).
 Position: LorenzVec(x=-111.5, y=65.125, z=-92.5)
 DistanceC: 3.456192538912333
Relative Position: LorenzVec(x=-3.3890299474640244, y=-3.9375, z=-3.456192538912333)
 }
00:52:57 `Bat`472241 missed {
 is already Found: false).
 Position: LorenzVec(x=-111.5, y=66.125, z=-92.5)
 DistanceC: 3.456192538912333
Relative Position: LorenzVec(x=-3.3890299474640244, y=-2.9375, z=-3.456192538912333)
 }
00:52:57 `Bat`472243 missed {
 is already Found: false).
 Position: LorenzVec(x=-110.5, y=62.125, z=-92.5)
 DistanceC: 3.456192538912333
Relative Position: LorenzVec(x=-2.3890299474640244, y=-6.9375, z=-3.456192538912333)
 }
00:52:57 `Bat`472245 missed {
 is already Found: false).
 Position: LorenzVec(x=-110.5, y=63.125, z=-92.5)
 DistanceC: 3.456192538912333
Relative Position: LorenzVec(x=-2.3890299474640244, y=-5.9375, z=-3.456192538912333)
 }
00:52:57 `Bat`472247 missed {
 is already Found: false).
 Position: LorenzVec(x=-110.5, y=64.125, z=-92.5)
 DistanceC: 3.456192538912333
Relative Position: LorenzVec(x=-2.3890299474640244, y=-4.9375, z=-3.456192538912333)
 }
00:52:57 `Bat`472249 missed {
 is already Found: false).
 Position: LorenzVec(x=-110.5, y=65.125, z=-92.5)
 DistanceC: 3.0998713124759973
Relative Position: LorenzVec(x=-3.0132606445168477, y=-3.9375, z=-3.0998713124759973)
 }
00:52:57 `Bat`472251 missed {
 is already Found: false).
 Position: LorenzVec(x=-110.5, y=66.125, z=-92.5)
 DistanceC: 3.0998713124759973
Relative Position: LorenzVec(x=-3.0132606445168477, y=-2.9375, z=-3.0998713124759973)
 }
00:52:57 `Bat`472253 missed {
 is already Found: false).
 Position: LorenzVec(x=-109.5, y=62.125, z=-92.5)
 DistanceC: 3.0998713124759973
Relative Position: LorenzVec(x=-2.0132606445168477, y=-6.9375, z=-3.0998713124759973)
 }
00:52:57 `Bat`472255 missed {
 is already Found: false).
 Position: LorenzVec(x=-109.5, y=63.125, z=-92.5)
 DistanceC: 3.0998713124759973
Relative Position: LorenzVec(x=-2.0132606445168477, y=-5.9375, z=-3.0998713124759973)
 }
00:52:57 `Bat`472257 missed {
 is already Found: false).
 Position: LorenzVec(x=-109.5, y=64.125, z=-92.5)
 DistanceC: 3.0998713124759973
Relative Position: LorenzVec(x=-2.0132606445168477, y=-4.9375, z=-3.0998713124759973)
 }
00:52:57 `Bat`472259 missed {
 is already Found: false).
 Position: LorenzVec(x=-109.5, y=65.125, z=-92.5)
 DistanceC: 3.0998713124759973
Relative Position: LorenzVec(x=-2.0132606445168477, y=-3.9375, z=-3.0998713124759973)
 }
00:52:57 `Bat`472261 missed {
 is already Found: false).
 Position: LorenzVec(x=-109.5, y=66.32291666666666, z=-92.5)
 DistanceC: 3.0998713124759973
Relative Position: LorenzVec(x=-2.0132606445168477, y=-2.739583333333343, z=-3.0998713124759973)
 }
00:52:57 `Bat`472263 missed {
 is already Found: false).
 Position: LorenzVec(x=-108.5, y=62.32291666666667, z=-92.5)
 DistanceC: 3.0998713124759973
Relative Position: LorenzVec(x=-1.0132606445168477, y=-6.739583333333329, z=-3.0998713124759973)
 }
00:52:57 `Bat`472265 missed {
 is already Found: false).
 Position: LorenzVec(x=-108.5, y=63.32291666666667, z=-92.5)
 DistanceC: 3.0998713124759973
Relative Position: LorenzVec(x=-1.0132606445168477, y=-5.739583333333329, z=-3.0998713124759973)
 }
00:52:57 `Bat`472267 missed {
 is already Found: false).
 Position: LorenzVec(x=-108.5, y=64.32291666666666, z=-92.5)
 DistanceC: 3.0998713124759973
Relative Position: LorenzVec(x=-1.0132606445168477, y=-4.739583333333343, z=-3.0998713124759973)
 }
00:52:57 `Bat`472269 missed {
 is already Found: false).
 Position: LorenzVec(x=-108.5, y=65.32291666666666, z=-92.5)
 DistanceC: 3.0998713124759973
Relative Position: LorenzVec(x=-1.0132606445168477, y=-3.739583333333343, z=-3.0998713124759973)
 }
00:52:57 `Bat`472271 missed {
 is already Found: false).
 Position: LorenzVec(x=-108.5, y=66.32291666666666, z=-92.5)
 DistanceC: 3.0998713124759973
Relative Position: LorenzVec(x=-1.0132606445168477, y=-2.739583333333343, z=-3.0998713124759973)
 }
00:53:35 `Skeleton`473494 missed {
 is already Found: false).
 Position: LorenzVec(x=87.60609567901234, y=223.10609567901236, z=49.32600308641975)
 DistanceC: 13.573606695211083
Relative Position: LorenzVec(x=-13.573606695211083, y=107.10609567901236, z=6.918770803313542)
 }
00:53:36 `Bat`473759 missed {
 is already Found: false).
 Position: LorenzVec(x=83.625, y=238.10000002384186, z=50.5)
 DistanceC: 16.9511386679024
Relative Position: LorenzVec(x=-16.9511386679024, y=123.10000002384186, z=-1.8286318461006275)
 }
00:53:37 `Bat`473807 missed {
 is already Found: false).
 Position: LorenzVec(x=83.125, y=238.10000002384186, z=51.34375)
 DistanceC: 17.11787643886349
Relative Position: LorenzVec(x=-17.11787643886349, y=122.09866404472972, z=-4.274399985477416)
 }
00:53:37 `Bat`473817 missed {
 is already Found: false).
 Position: LorenzVec(x=82.5625, y=238.10000002384186, z=51.65625)
 DistanceC: 17.22327343818236
Relative Position: LorenzVec(x=-17.22327343818236, y=121.92921294662305, z=-5.772554185465715)
 }
00:53:37 `Bat`473869 missed {
 is already Found: false).
 Position: LorenzVec(x=84.5, y=238.10000002384186, z=49.3125)
 DistanceC: 12.9957022507472
Relative Position: LorenzVec(x=-12.9957022507472, y=122.09866404472972, z=-10.11324112876708)
 }
00:53:37 `Bat`473885 missed {
 is already Found: false).
 Position: LorenzVec(x=89.59375, y=224.59375, z=45.6875)
 DistanceC: 14.477510291086652
Relative Position: LorenzVec(x=-6.466781895240004, y=108.4229629227812, z=-14.477510291086652)
 }
00:53:38 `Bat`473907 missed {
 is already Found: false).
 Position: LorenzVec(x=91.09375, y=226.59375, z=44.46875)
 DistanceC: 16.500318057766954
Relative Position: LorenzVec(x=-3.9622331494438754, y=111.48966962190696, z=-16.500318057766954)
 }
00:53:38 `Bat`473926 missed {
 is already Found: false).
 Position: LorenzVec(x=90.5625, y=221.95833333333331, z=44.76041666666667)
 DistanceC: 16.6746983182153
Relative Position: LorenzVec(x=-3.9824941854358684, y=106.95833333333331, z=-16.6746983182153)
 }
00:53:38 `Bat`473937 missed {
 is already Found: false).
 Position: LorenzVec(x=91.6875, y=226.25, z=44.36458333333333)
 DistanceC: 18.835416654745742
Relative Position: LorenzVec(x=-2.7779631084493133, y=110.75, z=-18.835416654745742)
 }
00:54:13 `Creeper`479766 missed {
 is already Found: true).
 Position: LorenzVec(x=64.40625, y=144.26041666666669, z=135.625)
 DistanceC: 3.1004701387137175
Relative Position: LorenzVec(x=-0.17114565880237365, y=6.619961488510995, z=-3.1004701387137175)
 }
00:54:29 `Creeper`482278 missed {
 is already Found: true).
 Position: LorenzVec(x=19.083333333333336, y=124.44791666666666, z=128.94791666666669)
 DistanceC: 0.43016041810242456
Relative Position: LorenzVec(x=-0.43016041810242456, y=0.48585774212300237, z=-0.05168762590065512)
 }
00:55:07 `n3tth185wo`486836 missed {
 is already Found: false).
 Position: LorenzVec(x=2.71875, y=109.0, z=81.4375)
 DistanceC: 3.6821810878802665
Relative Position: LorenzVec(x=-3.026399962697637, y=-13.384902791277483, z=3.6821810878802665)
 }
00:55:50 `Wither`486396 missed {
 is already Found: false).
 Position: LorenzVec(x=99.40625, y=119.0, z=76.83333333333334)
 DistanceC: 13.399020670155991
Relative Position: LorenzVec(x=-5.793544641539739, y=-4.277527056106848, z=-13.399020670155991)
 }
00:56:25 `Creeper`491652 missed {
 is already Found: true).
 Position: LorenzVec(x=32.0625, y=110.0, z=137.28125)
 DistanceC: 2.4738739960926566
Relative Position: LorenzVec(x=2.4738739960926566, y=4.0, z=-1.2243451656895843)
 }
00:57:19 `Bat`483630 missed {
 is already Found: false).
 Position: LorenzVec(x=45.333333333333336, y=171.15625, z=39.104166666666664)
 DistanceC: 19.972314076296378
Relative Position: LorenzVec(x=19.972314076296378, y=55.4052550222126, z=-2.0890045531326678)
 }
00:57:19 `Bat`483641 missed {
 is already Found: false).
 Position: LorenzVec(x=39.90625, y=169.875, z=42.09375)
 DistanceC: 14.545230742963042
Relative Position: LorenzVec(x=14.545230742963042, y=54.1240050222126, z=0.900578780200668)
 }
00:57:19 `Bat`483649 missed {
 is already Found: false).
 Position: LorenzVec(x=40.4375, y=169.875, z=43.625)
 DistanceC: 15.076480742963042
Relative Position: LorenzVec(x=15.076480742963042, y=54.1240050222126, z=2.431828780200668)
 }
00:57:30 `Bat`473967 missed {
 is already Found: false).
 Position: LorenzVec(x=93.5625, y=224.53125, z=42.28125)
 DistanceC: 18.234344731835023
Relative Position: LorenzVec(x=18.234344731835023, y=108.7780500194788, z=-1.1127583321092942)
 }
00:57:30 `Bat`473994 missed {
 is already Found: false).
 Position: LorenzVec(x=94.53125, y=224.90625, z=41.10416666666667)
 DistanceC: 13.417748883894916
Relative Position: LorenzVec(x=13.417748883894916, y=112.00333330366672, z=-4.986614338374956)
 }
00:57:30 `Bat`474032 missed {
 is already Found: false).
 Position: LorenzVec(x=94.53125, y=224.25, z=41.875)
 DistanceC: 13.091557962216626
Relative Position: LorenzVec(x=13.091557962216626, y=112.06415797510232, z=-4.364830258375868)
 }
00:57:31 `Bat`474089 missed {
 is already Found: false).
 Position: LorenzVec(x=94.90625, y=224.875, z=41.46875)
 DistanceC: 11.679877919355931
Relative Position: LorenzVec(x=11.679877919355931, y=118.23363200604248, z=-5.583745985121851)
 }
00:57:31 `Bat`473988 missed {
 is already Found: false).
 Position: LorenzVec(x=93.34375, y=222.53125, z=36.78125)
 DistanceC: 10.271245985121851
Relative Position: LorenzVec(x=10.109934601345117, y=116.12040937495544, z=-10.271245985121851)
 }
00:57:31 `Bat`474114 missed {
 is already Found: false).
 Position: LorenzVec(x=94.90625, y=224.875, z=41.3125)
 DistanceC: 11.646530851171377
Relative Position: LorenzVec(x=11.646530851171377, y=111.61715934348419, z=-5.746870985121852)
 }
00:57:32 `Bat`474224 missed {
 is already Found: false).
 Position: LorenzVec(x=94.375, y=224.10000002384186, z=40.5625)
 DistanceC: 10.982928046896745
Relative Position: LorenzVec(x=10.982928046896745, y=100.41163234269045, z=-6.488418460690802)
 }
00:57:32 `Bat`474382 missed {
 is already Found: false).
 Position: LorenzVec(x=87.3125, y=222.0, z=35.53125)
 DistanceC: 11.366764081210142
Relative Position: LorenzVec(x=3.6400711096214593, y=100.51335904274582, z=-11.366764081210142)
 }
00:57:33 `Bat`474452 missed {
 is already Found: false).
 Position: LorenzVec(x=86.53125, y=221.53125, z=34.1875)
 DistanceC: 12.335011774284588
Relative Position: LorenzVec(x=3.1651173900260403, y=105.61398483955963, z=-12.335011774284588)
 }
00:57:54 `Bat`484005 missed {
 is already Found: false).
 Position: LorenzVec(x=46.4375, y=170.09375, z=65.46875)
 DistanceC: 13.473534329923282
Relative Position: LorenzVec(x=-8.516740061400498, y=56.09375, z=-13.473534329923282)
 }
00:57:54 `Bat`483930 missed {
 is already Found: false).
 Position: LorenzVec(x=46.53125, y=170.94791666666669, z=66.07291666666666)
 DistanceC: 13.745482209091179
Relative Position: LorenzVec(x=-8.512747905355447, y=56.947916666666686, z=-13.745482209091179)
 }
00:57:54 `Bat`483990 missed {
 is already Found: false).
 Position: LorenzVec(x=46.35416666666667, y=170.40625, z=66.23958333333334)
 DistanceC: 14.485272520578405
Relative Position: LorenzVec(x=-8.750210757076033, y=56.40625, z=-14.485272520578405)
 }
00:57:54 `Bat`484015 missed {
 is already Found: false).
 Position: LorenzVec(x=46.520833333333336, y=170.14583333333334, z=66.19791666666667)
 DistanceC: 14.526939187245077
Relative Position: LorenzVec(x=-8.583544090409369, y=56.14583333333334, z=-14.526939187245077)
 }
00:57:54 `Skeleton`475652 missed {
 is already Found: false).
 Position: LorenzVec(x=72.625, y=221.0, z=77.34375)
 DistanceC: 17.492253763394757
Relative Position: LorenzVec(x=17.492253763394757, y=107.0, z=-4.304257236766858)
 }
00:57:54 `Bat`483953 missed {
 is already Found: false).
 Position: LorenzVec(x=46.72916666666667, y=170.01041666666669, z=66.30208333333334)
 DistanceC: 15.345923903433516
Relative Position: LorenzVec(x=-8.403579569938572, y=56.010416666666686, z=-15.345923903433516)
 }
00:57:54 `Bat`483973 missed {
 is already Found: false).
 Position: LorenzVec(x=46.63541666666667, y=170.625, z=66.27083333333334)
 DistanceC: 15.377173903433516
Relative Position: LorenzVec(x=-8.497329569938572, y=56.625, z=-15.377173903433516)
 }
00:57:54 `Bat`483916 missed {
 is already Found: false).
 Position: LorenzVec(x=46.84375, y=170.95833333333334, z=66.69791666666667)
 DistanceC: 16.81825933242729
Relative Position: LorenzVec(x=-8.260001563008167, y=56.95833333333334, z=-16.81825933242729)
 }
00:57:55 `Skeleton`475648 missed {
 is already Found: false).
 Position: LorenzVec(x=74.875, y=221.0, z=77.34375)
 DistanceC: 19.91927066697056
Relative Position: LorenzVec(x=19.91927066697056, y=107.0, z=-8.045712200420397)
 }
00:57:55 `Bat`483867 missed {
 is already Found: false).
 Position: LorenzVec(x=46.78125, y=169.43125001589456, z=71.61458333333333)
 DistanceC: 20.52751320906377
Relative Position: LorenzVec(x=-8.007097556528997, y=54.26514075495635, z=-20.52751320906377)
 }
00:58:14 `Bat`498790 missed {
 is already Found: false).
 Position: LorenzVec(x=50.4375, y=72.65625, z=83.09375)
 DistanceC: 17.302315783595844
Relative Position: LorenzVec(x=9.730721651882114, y=8.65625, z=-17.302315783595844)
 }
00:58:14 `Bat`498800 missed {
 is already Found: false).
 Position: LorenzVec(x=50.625, y=73.34375, z=82.75)
 DistanceC: 17.646065783595844
Relative Position: LorenzVec(x=9.918221651882114, y=9.34375, z=-17.646065783595844)
 }
00:58:15 `Bat`498816 missed {
 is already Found: false).
 Position: LorenzVec(x=50.28125, y=74.46875, z=79.9375)
 DistanceC: 20.458565783595844
Relative Position: LorenzVec(x=9.574471651882114, y=10.46875, z=-20.458565783595844)
 }
00:58:15 `Bat`498839 missed {
 is already Found: false).
 Position: LorenzVec(x=49.9375, y=68.5625, z=79.5625)
 DistanceC: 20.833565783595844
Relative Position: LorenzVec(x=9.230721651882114, y=4.5625, z=-20.833565783595844)
 }
00:58:15 `Bat`498853 missed {
 is already Found: false).
 Position: LorenzVec(x=49.8125, y=65.375, z=79.46875)
 DistanceC: 20.927315783595844
Relative Position: LorenzVec(x=9.105721651882114, y=1.375, z=-20.927315783595844)
 }
00:58:15 `Bat`498866 missed {
 is already Found: false).
 Position: LorenzVec(x=49.8125, y=65.375, z=79.46875)
 DistanceC: 20.927315783595844
Relative Position: LorenzVec(x=9.105721651882114, y=1.375, z=-20.927315783595844)
 }
00:58:15 `Bat`498878 missed {
 is already Found: false).
 Position: LorenzVec(x=49.8125, y=65.375, z=79.46875)
 DistanceC: 20.927315783595844
Relative Position: LorenzVec(x=9.105721651882114, y=1.375, z=-20.927315783595844)
 }
00:58:15 `Bat`498891 missed {
 is already Found: false).
 Position: LorenzVec(x=47.90625, y=95.9375, z=92.125)
 DistanceC: 8.271065783595844
Relative Position: LorenzVec(x=7.199471651882114, y=31.9375, z=-8.271065783595844)
 }
00:58:16 `Bat`498904 missed {
 is already Found: false).
 Position: LorenzVec(x=49.8125, y=65.375, z=79.46875)
 DistanceC: 20.927315783595844
Relative Position: LorenzVec(x=9.105721651882114, y=1.375, z=-20.927315783595844)
 }
00:58:16 `Bat`498918 missed {
 is already Found: false).
 Position: LorenzVec(x=49.78125, y=65.375, z=79.46875)
 DistanceC: 20.927315783595844
Relative Position: LorenzVec(x=9.074471651882114, y=1.375, z=-20.927315783595844)
 }
00:58:16 `Bat`498941 missed {
 is already Found: false).
 Position: LorenzVec(x=49.78125, y=65.375, z=79.46875)
 DistanceC: 20.927315783595844
Relative Position: LorenzVec(x=9.074471651882114, y=1.375, z=-20.927315783595844)
 }
00:58:16 `Bat`498959 missed {
 is already Found: false).
 Position: LorenzVec(x=49.78125, y=65.10000002384186, z=79.46875)
 DistanceC: 20.927315783595844
Relative Position: LorenzVec(x=9.074471651882114, y=1.100000023841858, z=-20.927315783595844)
 }
00:58:17 `Bat`498971 missed {
 is already Found: false).
 Position: LorenzVec(x=49.78125, y=65.375, z=79.46875)
 DistanceC: 20.927315783595844
Relative Position: LorenzVec(x=9.074471651882114, y=1.375, z=-20.927315783595844)
 }
00:58:17 `Bat`498989 missed {
 is already Found: false).
 Position: LorenzVec(x=49.78125, y=65.375, z=79.46875)
 DistanceC: 20.927315783595844
Relative Position: LorenzVec(x=9.074471651882114, y=1.375, z=-20.927315783595844)
 }
00:58:17 `Bat`499011 missed {
 is already Found: false).
 Position: LorenzVec(x=49.78125, y=65.375, z=79.46875)
 DistanceC: 20.927315783595844
Relative Position: LorenzVec(x=9.074471651882114, y=1.375, z=-20.927315783595844)
 }
00:58:17 `Bat`499028 missed {
 is already Found: false).
 Position: LorenzVec(x=49.78125, y=65.10000002384186, z=79.46875)
 DistanceC: 20.927315783595844
Relative Position: LorenzVec(x=9.074471651882114, y=1.100000023841858, z=-20.927315783595844)
 }
00:58:17 `Bat`499037 missed {
 is already Found: false).
 Position: LorenzVec(x=49.78125, y=65.375, z=79.46875)
 DistanceC: 20.927315783595844
Relative Position: LorenzVec(x=9.074471651882114, y=1.375, z=-20.927315783595844)
 }
00:58:19 `Bat`499114 missed {
 is already Found: false).
 Position: LorenzVec(x=50.59375, y=65.69166668256123, z=78.69791666666667)
 DistanceC: 21.698149116929173
Relative Position: LorenzVec(x=9.886971651882114, y=1.6916666825612339, z=-21.698149116929173)
 }
00:58:23 `Bat`499355 missed {
 is already Found: false).
 Position: LorenzVec(x=49.78125, y=65.375, z=79.46875)
 DistanceC: 21.099359845600745
Relative Position: LorenzVec(x=8.10725945627857, y=1.375, z=-21.099359845600745)
 }
00:58:27 `Bat`499716 missed {
 is already Found: false).
 Position: LorenzVec(x=50.697916666666664, y=65.6083333492279, z=78.64583333333333)
 DistanceC: 21.922276512267416
Relative Position: LorenzVec(x=9.023926122945234, y=0.6069973701157636, z=-21.922276512267416)
 }
00:58:27 `Bat`500130 missed {
 is already Found: false).
 Position: LorenzVec(x=49.78125, y=65.10000002384186, z=79.46875)
 DistanceC: 21.099359845600745
Relative Position: LorenzVec(x=8.10725945627857, y=0.9959196457488133, z=-21.099359845600745)
 }
00:58:27 `Bat`500184 missed {
 is already Found: false).
 Position: LorenzVec(x=49.78125, y=65.375, z=79.46875)
 DistanceC: 21.099359845600745
Relative Position: LorenzVec(x=8.10725945627857, y=0.6218000194787976, z=-21.099359845600745)
 }
00:58:27 `Bat`499820 missed {
 is already Found: false).
 Position: LorenzVec(x=50.604166666666664, y=65.56666668256123, z=78.64583333333333)
 DistanceC: 21.922276512267416
Relative Position: LorenzVec(x=8.930176122945234, y=0.5653307034490922, z=-21.922276512267416)
 }
00:58:28 `Bat`499974 missed {
 is already Found: false).
 Position: LorenzVec(x=50.697916666666664, y=65.79166666666667, z=78.64583333333333)
 DistanceC: 21.922276512267416
Relative Position: LorenzVec(x=9.023926122945234, y=1.038466686145469, z=-21.922276512267416)
 }
00:58:28 `Bat`500033 missed {
 is already Found: false).
 Position: LorenzVec(x=50.635416666666664, y=65.79166666666667, z=78.64583333333333)
 DistanceC: 21.922276512267416
Relative Position: LorenzVec(x=8.961426122945234, y=1.038466686145469, z=-21.922276512267416)
 }
00:58:29 `Bat`500499 missed {
 is already Found: false).
 Position: LorenzVec(x=49.78125, y=65.10000002384186, z=79.46875)
 DistanceC: 21.099359845600745
Relative Position: LorenzVec(x=8.10725945627857, y=1.100000023841858, z=-21.099359845600745)
 }
00:58:31 `Bat`500779 missed {
 is already Found: false).
 Position: LorenzVec(x=53.59375, y=70.6875, z=88.03125)
 DistanceC: 12.536859845600745
Relative Position: LorenzVec(x=11.91975945627857, y=6.6875, z=-12.536859845600745)
 }
00:58:32 `Bat`500854 missed {
 is already Found: false).
 Position: LorenzVec(x=53.09375, y=70.59375, z=88.5)
 DistanceC: 12.068109845600745
Relative Position: LorenzVec(x=11.41975945627857, y=6.59375, z=-12.068109845600745)
 }
00:58:35 `Bat`501543 missed {
 is already Found: false).
 Position: LorenzVec(x=51.072916666666664, y=66.25, z=78.92708333333333)
 DistanceC: 21.641026512267416
Relative Position: LorenzVec(x=9.398926122945234, y=2.25, z=-21.641026512267416)
 }
00:58:36 `Bat`501649 missed {
 is already Found: false).
 Position: LorenzVec(x=51.052083333333336, y=66.55208333333333, z=79.0625)
 DistanceC: 21.505609845600745
Relative Position: LorenzVec(x=9.378092789611905, y=2.5520833333333286, z=-21.505609845600745)
 }
00:58:36 `Bat`501733 missed {
 is already Found: false).
 Position: LorenzVec(x=51.145833333333336, y=66.59375, z=78.95833333333333)
 DistanceC: 21.609776512267416
Relative Position: LorenzVec(x=9.471842789611905, y=2.59375, z=-21.609776512267416)
 }
00:58:37 `Bat`501764 missed {
 is already Found: false).
 Position: LorenzVec(x=51.145833333333336, y=66.01041666666667, z=79.05208333333333)
 DistanceC: 21.516026512267416
Relative Position: LorenzVec(x=9.471842789611905, y=2.0104166666666714, z=-21.516026512267416)
 }
00:58:37 `Bat`501838 missed {
 is already Found: false).
 Position: LorenzVec(x=51.114583333333336, y=67.2645833492279, z=79.02083333333333)
 DistanceC: 21.547276512267416
Relative Position: LorenzVec(x=9.440592789611905, y=3.2645833492279053, z=-21.547276512267416)
 }
00:58:38 `Bat`502221 missed {
 is already Found: false).
 Position: LorenzVec(x=50.25, y=66.0, z=79.90625)
 DistanceC: 20.661859845600745
Relative Position: LorenzVec(x=8.57600945627857, y=2.0, z=-20.661859845600745)
 }
00:58:38 `Bat`502251 missed {
 is already Found: false).
 Position: LorenzVec(x=51.041666666666664, y=66.95833333333333, z=78.95833333333333)
 DistanceC: 21.609776512267416
Relative Position: LorenzVec(x=9.367676122945234, y=2.9583333333333286, z=-21.609776512267416)
 }
00:58:38 `Bat`502291 missed {
 is already Found: false).
 Position: LorenzVec(x=51.041666666666664, y=67.14583333333333, z=79.02083333333333)
 DistanceC: 21.547276512267416
Relative Position: LorenzVec(x=9.367676122945234, y=3.1458333333333286, z=-21.547276512267416)
 }
00:58:39 `Bat`502331 missed {
 is already Found: false).
 Position: LorenzVec(x=51.145833333333336, y=66.44166668256123, z=79.05208333333333)
 DistanceC: 21.516026512267416
Relative Position: LorenzVec(x=9.471842789611905, y=3.2101428849742177, z=-21.516026512267416)
 }
00:58:39 `Bat`502369 missed {
 is already Found: false).
 Position: LorenzVec(x=50.25, y=67.0625, z=79.90625)
 DistanceC: 20.661859845600745
Relative Position: LorenzVec(x=8.57600945627857, y=3.0625, z=-20.661859845600745)
 }
00:58:39 `Bat`502467 missed {
 is already Found: false).
 Position: LorenzVec(x=51.145833333333336, y=67.3270833492279, z=79.05208333333333)
 DistanceC: 21.516026512267416
Relative Position: LorenzVec(x=9.471842789611905, y=2.573883368706703, z=-21.516026512267416)
 }
00:58:40 `Bat`502490 missed {
 is already Found: false).
 Position: LorenzVec(x=51.041666666666664, y=66.41041668256123, z=79.02083333333333)
 DistanceC: 21.547276512267416
Relative Position: LorenzVec(x=9.367676122945234, y=1.161229603816551, z=-21.547276512267416)
 }
00:58:42 `Bat`502611 missed {
 is already Found: false).
 Position: LorenzVec(x=50.25, y=66.65625, z=79.90625)
 DistanceC: 21.695340266325417
Relative Position: LorenzVec(x=11.696390317282479, y=2.65625, z=-21.695340266325417)
 }
