00:25:30 Trying to load config from config\skyhanni\config.json
00:25:30 load-config-now
00:25:31 Loaded config from file
00:25:31 Trying to load sacks from config\skyhanni\sacks.json
00:25:31 load-sacks-now
00:25:31 Loaded sacks from file
00:25:31 Trying to load friends from config\skyhanni\friends.json
00:25:31 load-friends-now
00:25:31 Loaded friends from file
00:25:31 Trying to load known_features from config\skyhanni\known_features.json
00:25:31 load-known_features-now
00:25:31 Loaded known_features from file
00:25:31 Trying to load jacob_contests from config\skyhanni\jacob_contests.json
00:25:31 Setting jacob_contests to be blank as it did not exist. It will be saved once something is written to it
00:25:31 Trying to load visual_words from config\skyhanni\visual_words.json
00:25:31 Setting visual_words to be blank as it did not exist. It will be saved once something is written to it
00:25:31 Trying to load pets from config\skyhanni\pets.json
00:25:31 load-pets-now
00:25:31 Loaded pets from file
00:26:19 saveConfig: Updated known feature flags
00:26:19 Saving known_features file
00:26:19 Saved known_features file successfully
00:26:19 saveConfig: Updated known feature flags
00:26:19 Saving known_features file
00:26:19 Saved known_features file successfully
00:26:31 saveConfig: auto-save-60s
00:26:31 Saving config file
00:26:31 Saved config file successfully
00:26:31 saveConfig: auto-save-60s
00:26:31 Saving config file
00:26:31 Saved config file successfully
00:27:31 saveConfig: auto-save-60s
00:27:31 Saving config file
00:27:31 Saved config file successfully
00:27:31 saveConfig: auto-save-60s
00:27:31 Saving config file
00:27:31 Saved config file successfully
00:28:31 saveConfig: auto-save-60s
00:28:31 Saving config file
00:28:31 Saved config file successfully
00:28:31 saveConfig: auto-save-60s
00:28:31 Saving config file
00:28:31 Saved config file successfully
00:29:11 saveConfig: saving-data
00:29:11 Saving sacks file
00:29:11 Saved sacks file successfully
00:29:11 saveConfig: saving-data
00:29:11 Saving sacks file
00:29:11 Saved sacks file successfully
00:29:31 saveConfig: auto-save-60s
00:29:31 Saving config file
00:29:31 Saved config file successfully
00:29:31 saveConfig: auto-save-60s
00:29:31 Saving config file
00:29:31 Saved config file successfully
00:30:31 saveConfig: auto-save-60s
00:30:31 Saving config file
00:30:31 Saved config file successfully
00:30:31 saveConfig: auto-save-60s
00:30:31 Saving config file
00:30:31 Saved config file successfully
00:31:22 saveConfig: saving-data
00:31:22 Saving pets file
00:31:22 Saved pets file successfully
00:31:22 saveConfig: saving-data
00:31:22 Saving pets file
00:31:22 Saved pets file successfully
00:31:31 saveConfig: auto-save-60s
00:31:31 Saving config file
00:31:31 Saved config file successfully
00:31:31 saveConfig: auto-save-60s
00:31:31 Saving config file
00:31:31 Saved config file successfully
00:31:53 saveConfig: saving-data
00:31:53 Saving pets file
00:31:53 Saved pets file successfully
00:31:53 saveConfig: saving-data
00:31:53 Saving pets file
00:31:53 Saved pets file successfully
00:32:31 saveConfig: auto-save-60s
00:32:31 Saving config file
00:32:31 Saved config file successfully
00:32:31 saveConfig: auto-save-60s
00:32:31 Saving config file
00:32:31 Saved config file successfully
00:33:31 saveConfig: auto-save-60s
00:33:31 Saving config file
00:33:31 Saved config file successfully
00:33:31 saveConfig: auto-save-60s
00:33:31 Saving config file
00:33:31 Saved config file successfully
00:34:31 saveConfig: auto-save-60s
00:34:31 Saving config file
00:34:31 Saved config file successfully
00:34:31 saveConfig: auto-save-60s
00:34:31 Saving config file
00:34:31 Saved config file successfully
00:35:31 saveConfig: auto-save-60s
00:35:31 Saving config file
00:35:31 Saved config file successfully
00:35:31 saveConfig: auto-save-60s
00:35:31 Saving config file
00:35:31 Saved config file successfully
00:36:31 saveConfig: auto-save-60s
00:36:31 Saving config file
00:36:31 Saved config file successfully
00:36:31 saveConfig: auto-save-60s
00:36:31 Saving config file
00:36:31 Saved config file successfully
00:37:31 saveConfig: auto-save-60s
00:37:31 Saving config file
00:37:31 Saved config file successfully
00:37:31 saveConfig: auto-save-60s
00:37:31 Saving config file
00:37:31 Saved config file successfully
00:38:31 saveConfig: auto-save-60s
00:38:31 Saving config file
00:38:31 Saved config file successfully
00:38:31 saveConfig: auto-save-60s
00:38:31 Saving config file
00:38:31 Saved config file successfully
00:39:31 saveConfig: auto-save-60s
00:39:31 Saving config file
00:39:31 Saved config file successfully
00:39:31 saveConfig: auto-save-60s
00:39:31 Saving config file
00:39:31 Saved config file successfully
00:40:31 saveConfig: auto-save-60s
00:40:31 Saving config file
00:40:31 Saved config file successfully
00:40:31 saveConfig: auto-save-60s
00:40:31 Saving config file
00:40:31 Saved config file successfully
00:41:31 saveConfig: auto-save-60s
00:41:31 Saving config file
00:41:31 Saved config file successfully
00:41:31 saveConfig: auto-save-60s
00:41:31 Saving config file
00:41:31 Saved config file successfully
00:42:06 saveConfig: saving-data
00:42:06 Saving pets file
00:42:06 Saved pets file successfully
00:42:06 saveConfig: saving-data
00:42:06 Saving pets file
00:42:06 Saved pets file successfully
00:42:31 saveConfig: auto-save-60s
00:42:31 Saving config file
00:42:31 Saved config file successfully
00:42:31 saveConfig: auto-save-60s
00:42:31 Saving config file
00:42:31 Saved config file successfully
00:42:37 saveConfig: saving-data
00:42:37 Saving pets file
00:42:37 Saved pets file successfully
00:42:37 saveConfig: saving-data
00:42:37 Saving pets file
00:42:37 Saved pets file successfully
00:43:31 saveConfig: auto-save-60s
00:43:31 Saving config file
00:43:31 Saved config file successfully
00:43:31 saveConfig: auto-save-60s
00:43:31 Saving config file
00:43:31 Saved config file successfully
00:44:31 saveConfig: auto-save-60s
00:44:31 Saving config file
00:44:31 Saved config file successfully
00:44:31 saveConfig: auto-save-60s
00:44:31 Saving config file
00:44:31 Saved config file successfully
00:45:31 saveConfig: auto-save-60s
00:45:31 Saving config file
00:45:31 Saved config file successfully
00:45:31 saveConfig: auto-save-60s
00:45:31 Saving config file
00:45:31 Saved config file successfully
00:46:31 saveConfig: auto-save-60s
00:46:31 Saving config file
00:46:31 Saved config file successfully
00:46:31 saveConfig: auto-save-60s
00:46:31 Saving config file
00:46:31 Saved config file successfully
00:47:31 saveConfig: auto-save-60s
00:47:31 Saving config file
00:47:31 Saved config file successfully
00:47:31 saveConfig: auto-save-60s
00:47:31 Saving config file
00:47:31 Saved config file successfully
00:48:31 saveConfig: auto-save-60s
00:48:31 Saving config file
00:48:31 Saved config file successfully
00:48:31 saveConfig: auto-save-60s
00:48:31 Saving config file
00:48:31 Saved config file successfully
00:48:33 saveConfig: saving-data
00:48:33 Saving pets file
00:48:33 Saved pets file successfully
00:48:33 saveConfig: saving-data
00:48:33 Saving pets file
00:48:33 Saved pets file successfully
00:49:04 saveConfig: saving-data
00:49:04 Saving pets file
00:49:04 Saved pets file successfully
00:49:04 saveConfig: saving-data
00:49:04 Saving pets file
00:49:04 Saved pets file successfully
00:49:31 saveConfig: auto-save-60s
00:49:31 Saving config file
00:49:31 Saved config file successfully
00:49:31 saveConfig: auto-save-60s
00:49:31 Saving config file
00:49:31 Saved config file successfully
00:50:31 saveConfig: auto-save-60s
00:50:31 Saving config file
00:50:31 Saved config file successfully
00:50:31 saveConfig: auto-save-60s
00:50:31 Saving config file
00:50:31 Saved config file successfully
00:51:31 saveConfig: auto-save-60s
00:51:31 Saving config file
00:51:31 Saved config file successfully
00:51:31 saveConfig: auto-save-60s
00:51:31 Saving config file
00:51:31 Saved config file successfully
00:52:31 saveConfig: auto-save-60s
00:52:31 Saving config file
00:52:31 Saved config file successfully
00:52:31 saveConfig: auto-save-60s
00:52:31 Saving config file
00:52:31 Saved config file successfully
00:53:31 saveConfig: auto-save-60s
00:53:31 Saving config file
00:53:31 Saved config file successfully
00:53:31 saveConfig: auto-save-60s
00:53:31 Saving config file
00:53:31 Saved config file successfully
00:54:31 saveConfig: auto-save-60s
00:54:31 Saving config file
00:54:31 Saved config file successfully
00:54:31 saveConfig: auto-save-60s
00:54:31 Saving config file
00:54:31 Saved config file successfully
00:55:31 saveConfig: auto-save-60s
00:55:31 Saving config file
00:55:31 Saved config file successfully
00:55:31 saveConfig: auto-save-60s
00:55:31 Saving config file
00:55:31 Saved config file successfully
00:56:31 saveConfig: auto-save-60s
00:56:31 Saving config file
00:56:31 Saved config file successfully
00:56:31 saveConfig: auto-save-60s
00:56:31 Saving config file
00:56:31 Saved config file successfully
00:57:31 saveConfig: auto-save-60s
00:57:31 Saving config file
00:57:31 Saved config file successfully
00:57:31 saveConfig: auto-save-60s
00:57:31 Saving config file
00:57:31 Saved config file successfully
00:58:31 saveConfig: auto-save-60s
00:58:31 Saving config file
00:58:31 Saved config file successfully
00:58:31 saveConfig: auto-save-60s
00:58:31 Saving config file
00:58:31 Saved config file successfully
00:59:31 saveConfig: auto-save-60s
00:59:31 Saving config file
00:59:31 Saved config file successfully
00:59:31 saveConfig: auto-save-60s
00:59:31 Saving config file
00:59:31 Saved config file successfully
01:00:31 saveConfig: auto-save-60s
01:00:31 Saving config file
01:00:31 Saved config file successfully
01:00:31 saveConfig: auto-save-60s
01:00:31 Saving config file
01:00:31 Saved config file successfully
01:01:31 saveConfig: auto-save-60s
01:01:31 Saving config file
01:01:31 Saved config file successfully
01:01:31 saveConfig: auto-save-60s
01:01:31 Saving config file
01:01:31 Saved config file successfully
01:02:31 saveConfig: auto-save-60s
01:02:31 Saving config file
01:02:31 Saved config file successfully
01:02:31 saveConfig: auto-save-60s
01:02:31 Saving config file
01:02:31 Saved config file successfully
01:03:31 saveConfig: auto-save-60s
01:03:31 Saving config file
01:03:31 Saved config file successfully
01:03:31 saveConfig: auto-save-60s
01:03:31 Saving config file
01:03:31 Saved config file successfully
01:04:31 saveConfig: auto-save-60s
01:04:31 Saving config file
01:04:31 Saved config file successfully
01:04:31 saveConfig: auto-save-60s
01:04:31 Saving config file
01:04:31 Saved config file successfully
01:05:31 saveConfig: auto-save-60s
01:05:31 Saving config file
01:05:31 Saved config file successfully
01:05:31 saveConfig: auto-save-60s
01:05:31 Saving config file
01:05:31 Saved config file successfully
01:06:31 saveConfig: auto-save-60s
01:06:31 Saving config file
01:06:31 Saved config file successfully
01:06:31 saveConfig: auto-save-60s
01:06:31 Saving config file
01:06:31 Saved config file successfully
01:07:31 saveConfig: auto-save-60s
01:07:31 Saving config file
01:07:31 Saved config file successfully
01:07:31 saveConfig: auto-save-60s
01:07:31 Saving config file
01:07:31 Saved config file successfully
01:08:31 saveConfig: auto-save-60s
01:08:31 Saving config file
01:08:31 Saved config file successfully
01:08:31 saveConfig: auto-save-60s
01:08:31 Saving config file
01:08:31 Saved config file successfully
01:09:31 saveConfig: auto-save-60s
01:09:31 Saving config file
01:09:31 Saved config file successfully
01:09:31 saveConfig: auto-save-60s
01:09:31 Saving config file
01:09:31 Saved config file successfully
01:10:31 saveConfig: auto-save-60s
01:10:31 Saving config file
01:10:31 Saved config file successfully
01:10:31 saveConfig: auto-save-60s
01:10:31 Saving config file
01:10:31 Saved config file successfully
01:11:30 saveConfig: saving-data
01:11:30 Saving pets file
01:11:30 Saved pets file successfully
01:11:30 saveConfig: saving-data
01:11:30 Saving pets file
01:11:30 Saved pets file successfully
01:11:31 saveConfig: auto-save-60s
01:11:31 Saving config file
01:11:31 Saved config file successfully
01:11:31 saveConfig: auto-save-60s
01:11:31 Saving config file
01:11:31 Saved config file successfully
01:12:31 saveConfig: auto-save-60s
01:12:31 Saving config file
01:12:31 Saved config file successfully
01:12:31 saveConfig: auto-save-60s
01:12:31 Saving config file
01:12:31 Saved config file successfully
01:13:31 saveConfig: auto-save-60s
01:13:31 Saving config file
01:13:31 Saved config file successfully
01:13:31 saveConfig: auto-save-60s
01:13:31 Saving config file
01:13:31 Saved config file successfully
01:14:31 saveConfig: auto-save-60s
01:14:31 Saving config file
01:14:31 Saved config file successfully
01:14:31 saveConfig: auto-save-60s
01:14:31 Saving config file
01:14:31 Saved config file successfully
01:15:31 saveConfig: auto-save-60s
01:15:31 Saving config file
01:15:31 Saved config file successfully
01:15:31 saveConfig: auto-save-60s
01:15:31 Saving config file
01:15:31 Saved config file successfully
01:16:31 saveConfig: auto-save-60s
01:16:31 Saving config file
01:16:31 Saved config file successfully
01:16:31 saveConfig: auto-save-60s
01:16:31 Saving config file
01:16:31 Saved config file successfully
01:17:10 saveConfig: saving-data
01:17:10 Saving pets file
01:17:10 Saved pets file successfully
01:17:10 saveConfig: saving-data
01:17:10 Saving pets file
01:17:10 Saved pets file successfully
01:17:31 saveConfig: auto-save-60s
01:17:31 Saving config file
01:17:31 Saved config file successfully
01:17:31 saveConfig: auto-save-60s
01:17:31 Saving config file
01:17:31 Saved config file successfully
01:18:31 saveConfig: auto-save-60s
01:18:31 Saving config file
01:18:31 Saved config file successfully
01:18:31 saveConfig: auto-save-60s
01:18:31 Saving config file
01:18:31 Saved config file successfully
01:19:31 saveConfig: auto-save-60s
01:19:31 Saving config file
01:19:31 Saved config file successfully
01:19:31 saveConfig: auto-save-60s
01:19:31 Saving config file
01:19:31 Saved config file successfully
01:20:31 saveConfig: auto-save-60s
01:20:31 Saving config file
01:20:31 Saved config file successfully
01:20:31 saveConfig: auto-save-60s
01:20:31 Saving config file
01:20:31 Saved config file successfully
01:21:31 saveConfig: auto-save-60s
01:21:31 Saving config file
01:21:31 Saved config file successfully
01:21:31 saveConfig: auto-save-60s
01:21:31 Saving config file
01:21:31 Saved config file successfully
01:22:31 saveConfig: auto-save-60s
01:22:31 Saving config file
01:22:31 Saved config file successfully
01:22:31 saveConfig: auto-save-60s
01:22:31 Saving config file
01:22:31 Saved config file successfully
01:23:31 saveConfig: auto-save-60s
01:23:31 Saving config file
01:23:31 Saved config file successfully
01:23:31 saveConfig: auto-save-60s
01:23:31 Saving config file
01:23:31 Saved config file successfully
01:24:31 saveConfig: auto-save-60s
01:24:31 Saving config file
01:24:31 Saved config file successfully
01:24:31 saveConfig: auto-save-60s
01:24:31 Saving config file
01:24:31 Saved config file successfully
01:25:31 saveConfig: auto-save-60s
01:25:31 Saving config file
01:25:31 Saved config file successfully
01:25:31 saveConfig: auto-save-60s
01:25:31 Saving config file
01:25:31 Saved config file successfully
01:26:31 saveConfig: auto-save-60s
01:26:31 Saving config file
01:26:31 Saved config file successfully
01:26:31 saveConfig: auto-save-60s
01:26:31 Saving config file
01:26:31 Saved config file successfully
01:27:31 saveConfig: auto-save-60s
01:27:31 Saving config file
01:27:31 Saved config file successfully
01:27:31 saveConfig: auto-save-60s
01:27:31 Saving config file
01:27:31 Saved config file successfully
01:28:31 saveConfig: auto-save-60s
01:28:31 Saving config file
01:28:31 Saved config file successfully
01:28:31 saveConfig: auto-save-60s
01:28:31 Saving config file
01:28:31 Saved config file successfully
01:29:31 saveConfig: auto-save-60s
01:29:31 Saving config file
01:29:31 Saved config file successfully
01:29:31 saveConfig: auto-save-60s
01:29:31 Saving config file
01:29:31 Saved config file successfully
01:30:31 saveConfig: auto-save-60s
01:30:31 Saving config file
01:30:31 Saved config file successfully
01:30:31 saveConfig: auto-save-60s
01:30:31 Saving config file
01:30:31 Saved config file successfully
01:31:31 saveConfig: auto-save-60s
01:31:31 Saving config file
01:31:31 Saved config file successfully
01:31:31 saveConfig: auto-save-60s
01:31:31 Saving config file
01:31:31 Saved config file successfully
01:32:31 saveConfig: auto-save-60s
01:32:31 Saving config file
01:32:31 Saved config file successfully
01:32:31 saveConfig: auto-save-60s
01:32:31 Saving config file
01:32:31 Saved config file successfully
01:33:31 saveConfig: auto-save-60s
01:33:31 Saving config file
01:33:31 Saved config file successfully
01:33:31 saveConfig: auto-save-60s
01:33:31 Saving config file
01:33:31 Saved config file successfully
01:34:31 saveConfig: auto-save-60s
01:34:31 Saving config file
01:34:31 Saved config file successfully
01:34:31 saveConfig: auto-save-60s
01:34:31 Saving config file
01:34:31 Saved config file successfully
01:35:31 saveConfig: auto-save-60s
01:35:31 Saving config file
01:35:31 Saved config file successfully
01:35:31 saveConfig: auto-save-60s
01:35:31 Saving config file
01:35:31 Saved config file successfully
01:36:31 saveConfig: auto-save-60s
01:36:31 Saving config file
01:36:31 Saved config file successfully
01:36:31 saveConfig: auto-save-60s
01:36:31 Saving config file
01:36:31 Saved config file successfully
01:37:31 saveConfig: auto-save-60s
01:37:31 Saving config file
01:37:31 Saved config file successfully
01:37:31 saveConfig: auto-save-60s
01:37:31 Saving config file
01:37:31 Saved config file successfully
01:38:31 saveConfig: auto-save-60s
01:38:31 Saving config file
01:38:31 Saved config file successfully
01:38:31 saveConfig: auto-save-60s
01:38:31 Saving config file
01:38:31 Saved config file successfully
01:39:14 saveConfig: saving-data
01:39:14 Saving pets file
01:39:14 Saved pets file successfully
01:39:14 saveConfig: saving-data
01:39:14 Saving pets file
01:39:14 Saved pets file successfully
01:39:31 saveConfig: auto-save-60s
01:39:31 Saving config file
01:39:31 Saved config file successfully
01:39:31 saveConfig: auto-save-60s
01:39:31 Saving config file
01:39:31 Saved config file successfully
01:40:31 saveConfig: auto-save-60s
01:40:31 Saving config file
01:40:31 Saved config file successfully
01:40:31 saveConfig: auto-save-60s
01:40:31 Saving config file
01:40:31 Saved config file successfully
01:41:31 saveConfig: auto-save-60s
01:41:31 Saving config file
01:41:31 Saved config file successfully
01:41:31 saveConfig: auto-save-60s
01:41:31 Saving config file
01:41:31 Saved config file successfully
01:42:31 saveConfig: auto-save-60s
01:42:31 Saving config file
01:42:31 Saved config file successfully
01:42:31 saveConfig: auto-save-60s
01:42:31 Saving config file
01:42:31 Saved config file successfully
01:43:31 saveConfig: auto-save-60s
01:43:31 Saving config file
01:43:31 Saved config file successfully
01:43:31 saveConfig: auto-save-60s
01:43:31 Saving config file
01:43:31 Saved config file successfully
01:44:31 saveConfig: auto-save-60s
01:44:31 Saving config file
01:44:31 Saved config file successfully
01:44:31 saveConfig: auto-save-60s
01:44:31 Saving config file
01:44:31 Saved config file successfully
01:45:31 saveConfig: auto-save-60s
01:45:31 Saving config file
01:45:31 Saved config file successfully
01:45:31 saveConfig: auto-save-60s
01:45:31 Saving config file
01:45:31 Saved config file successfully
01:46:31 saveConfig: auto-save-60s
01:46:31 Saving config file
01:46:31 Saved config file successfully
01:46:31 saveConfig: auto-save-60s
01:46:31 Saving config file
01:46:31 Saved config file successfully
01:47:31 saveConfig: auto-save-60s
01:47:31 Saving config file
01:47:31 Saved config file successfully
01:47:31 saveConfig: auto-save-60s
01:47:31 Saving config file
01:47:31 Saved config file successfully
01:48:31 saveConfig: auto-save-60s
01:48:31 Saving config file
01:48:31 Saved config file successfully
01:48:31 saveConfig: auto-save-60s
01:48:31 Saving config file
01:48:31 Saved config file successfully
01:49:31 saveConfig: auto-save-60s
01:49:31 Saving config file
01:49:31 Saved config file successfully
01:49:31 saveConfig: auto-save-60s
01:49:31 Saving config file
01:49:31 Saved config file successfully
01:50:31 saveConfig: auto-save-60s
01:50:31 Saving config file
01:50:31 Saved config file successfully
01:50:31 saveConfig: auto-save-60s
01:50:31 Saving config file
01:50:31 Saved config file successfully
01:51:31 saveConfig: auto-save-60s
01:51:31 Saving config file
01:51:31 Saved config file successfully
01:51:31 saveConfig: auto-save-60s
01:51:31 Saving config file
01:51:31 Saved config file successfully
01:52:31 saveConfig: auto-save-60s
01:52:31 Saving config file
01:52:31 Saved config file successfully
01:52:31 saveConfig: auto-save-60s
01:52:31 Saving config file
01:52:31 Saved config file successfully
01:53:31 saveConfig: auto-save-60s
01:53:31 Saving config file
01:53:31 Saved config file successfully
01:53:31 saveConfig: auto-save-60s
01:53:31 Saving config file
01:53:31 Saved config file successfully
01:54:31 saveConfig: auto-save-60s
01:54:31 Saving config file
01:54:31 Saved config file successfully
01:54:31 saveConfig: auto-save-60s
01:54:31 Saving config file
01:54:31 Saved config file successfully
01:55:31 saveConfig: auto-save-60s
01:55:31 Saving config file
01:55:31 Saved config file successfully
01:55:31 saveConfig: auto-save-60s
01:55:31 Saving config file
01:55:31 Saved config file successfully
01:56:31 saveConfig: auto-save-60s
01:56:31 Saving config file
01:56:31 Saved config file successfully
01:56:31 saveConfig: auto-save-60s
01:56:31 Saving config file
01:56:31 Saved config file successfully
01:57:31 saveConfig: auto-save-60s
01:57:31 Saving config file
01:57:31 Saved config file successfully
01:57:31 saveConfig: auto-save-60s
01:57:31 Saving config file
01:57:31 Saved config file successfully
01:58:31 saveConfig: auto-save-60s
01:58:31 Saving config file
01:58:31 Saved config file successfully
01:58:31 saveConfig: auto-save-60s
01:58:31 Saving config file
01:58:31 Saved config file successfully
01:59:31 saveConfig: auto-save-60s
01:59:31 Saving config file
01:59:31 Saved config file successfully
01:59:31 saveConfig: auto-save-60s
01:59:31 Saving config file
01:59:31 Saved config file successfully
02:00:31 saveConfig: auto-save-60s
02:00:31 Saving config file
02:00:31 Saved config file successfully
02:00:31 saveConfig: auto-save-60s
02:00:31 Saving config file
02:00:31 Saved config file successfully
02:01:31 saveConfig: auto-save-60s
02:01:31 Saving config file
02:01:31 Saved config file successfully
02:01:31 saveConfig: auto-save-60s
02:01:31 Saving config file
02:01:31 Saved config file successfully
02:02:31 saveConfig: auto-save-60s
02:02:31 Saving config file
02:02:31 Saved config file successfully
02:02:31 saveConfig: auto-save-60s
02:02:31 Saving config file
02:02:31 Saved config file successfully
02:03:31 saveConfig: auto-save-60s
02:03:31 Saving config file
02:03:31 Saved config file successfully
02:03:31 saveConfig: auto-save-60s
02:03:31 Saving config file
02:03:31 Saved config file successfully
02:04:31 saveConfig: auto-save-60s
02:04:31 Saving config file
02:04:31 Saved config file successfully
02:04:31 saveConfig: auto-save-60s
02:04:31 Saving config file
02:04:31 Saved config file successfully
02:05:31 saveConfig: auto-save-60s
02:05:31 Saving config file
02:05:31 Saved config file successfully
02:05:31 saveConfig: auto-save-60s
02:05:31 Saving config file
02:05:31 Saved config file successfully
02:05:40 saveConfig: saving-data
02:05:40 Saving pets file
02:05:40 Saved pets file successfully
02:05:40 saveConfig: saving-data
02:05:40 Saving pets file
02:05:40 Saved pets file successfully
02:06:31 saveConfig: auto-save-60s
02:06:31 Saving config file
02:06:31 Saved config file successfully
02:06:31 saveConfig: auto-save-60s
02:06:31 Saving config file
02:06:31 Saved config file successfully
02:07:31 saveConfig: auto-save-60s
02:07:31 Saving config file
02:07:31 Saved config file successfully
02:07:31 saveConfig: auto-save-60s
02:07:31 Saving config file
02:07:31 Saved config file successfully
02:08:31 saveConfig: auto-save-60s
02:08:31 Saving config file
02:08:31 Saved config file successfully
02:08:31 saveConfig: auto-save-60s
02:08:31 Saving config file
02:08:31 Saved config file successfully
02:09:31 saveConfig: auto-save-60s
02:09:31 Saving config file
02:09:31 Saved config file successfully
02:09:31 saveConfig: auto-save-60s
02:09:31 Saving config file
02:09:31 Saved config file successfully
02:10:31 saveConfig: auto-save-60s
02:10:31 Saving config file
02:10:31 Saved config file successfully
02:10:31 saveConfig: auto-save-60s
02:10:31 Saving config file
02:10:31 Saved config file successfully
02:11:31 saveConfig: auto-save-60s
02:11:31 Saving config file
02:11:31 Saved config file successfully
02:11:31 saveConfig: auto-save-60s
02:11:31 Saving config file
02:11:31 Saved config file successfully
02:12:31 saveConfig: auto-save-60s
02:12:31 Saving config file
02:12:31 Saved config file successfully
02:12:31 saveConfig: auto-save-60s
02:12:31 Saving config file
02:12:31 Saved config file successfully
02:13:31 saveConfig: auto-save-60s
02:13:31 Saving config file
02:13:31 Saved config file successfully
02:13:31 saveConfig: auto-save-60s
02:13:31 Saving config file
02:13:31 Saved config file successfully
02:14:31 saveConfig: auto-save-60s
02:14:31 Saving config file
02:14:31 Saved config file successfully
02:14:31 saveConfig: auto-save-60s
02:14:31 Saving config file
02:14:31 Saved config file successfully
02:15:31 saveConfig: auto-save-60s
02:15:31 Saving config file
02:15:31 Saved config file successfully
02:15:31 saveConfig: auto-save-60s
02:15:31 Saving config file
02:15:31 Saved config file successfully
02:16:31 saveConfig: auto-save-60s
02:16:31 Saving config file
02:16:31 Saved config file successfully
02:16:31 saveConfig: auto-save-60s
02:16:31 Saving config file
02:16:31 Saved config file successfully
02:17:31 saveConfig: auto-save-60s
02:17:31 Saving config file
02:17:31 Saved config file successfully
02:17:31 saveConfig: auto-save-60s
02:17:31 Saving config file
02:17:31 Saved config file successfully
02:18:31 saveConfig: auto-save-60s
02:18:31 Saving config file
02:18:31 Saved config file successfully
02:18:31 saveConfig: auto-save-60s
02:18:31 Saving config file
02:18:31 Saved config file successfully
02:19:31 saveConfig: auto-save-60s
02:19:31 Saving config file
02:19:31 Saved config file successfully
02:19:31 saveConfig: auto-save-60s
02:19:31 Saving config file
02:19:31 Saved config file successfully
02:20:31 saveConfig: auto-save-60s
02:20:31 Saving config file
02:20:31 Saved config file successfully
02:20:31 saveConfig: auto-save-60s
02:20:31 Saving config file
02:20:31 Saved config file successfully
02:21:31 saveConfig: auto-save-60s
02:21:31 Saving config file
02:21:31 Saved config file successfully
02:21:31 saveConfig: auto-save-60s
02:21:31 Saving config file
02:21:31 Saved config file successfully
02:22:31 saveConfig: auto-save-60s
02:22:31 Saving config file
02:22:31 Saved config file successfully
02:22:31 saveConfig: auto-save-60s
02:22:31 Saving config file
02:22:31 Saved config file successfully
02:23:31 saveConfig: auto-save-60s
02:23:31 Saving config file
02:23:31 Saved config file successfully
02:23:31 saveConfig: auto-save-60s
02:23:31 Saving config file
02:23:31 Saved config file successfully
02:24:26 saveConfig: saving-data
02:24:26 Saving pets file
02:24:26 Saved pets file successfully
02:24:26 saveConfig: saving-data
02:24:26 Saving pets file
02:24:26 Saved pets file successfully
02:24:31 saveConfig: auto-save-60s
02:24:31 Saving config file
02:24:31 Saved config file successfully
02:24:31 saveConfig: auto-save-60s
02:24:31 Saving config file
02:24:31 Saved config file successfully
02:25:31 saveConfig: auto-save-60s
02:25:31 Saving config file
02:25:31 Saved config file successfully
02:25:31 saveConfig: auto-save-60s
02:25:31 Saving config file
02:25:31 Saved config file successfully
02:26:31 saveConfig: auto-save-60s
02:26:31 Saving config file
02:26:31 Saved config file successfully
02:26:31 saveConfig: auto-save-60s
02:26:31 Saving config file
02:26:31 Saved config file successfully
02:27:31 saveConfig: auto-save-60s
02:27:31 Saving config file
02:27:31 Saved config file successfully
02:27:31 saveConfig: auto-save-60s
02:27:31 Saving config file
02:27:31 Saved config file successfully
02:28:31 saveConfig: auto-save-60s
02:28:31 Saving config file
02:28:31 Saved config file successfully
02:28:31 saveConfig: auto-save-60s
02:28:31 Saving config file
02:28:31 Saved config file successfully
02:29:31 saveConfig: auto-save-60s
02:29:31 Saving config file
02:29:31 Saved config file successfully
02:29:31 saveConfig: auto-save-60s
02:29:31 Saving config file
02:29:31 Saved config file successfully
02:30:31 saveConfig: auto-save-60s
02:30:31 Saving config file
02:30:31 Saved config file successfully
02:30:31 saveConfig: auto-save-60s
02:30:31 Saving config file
02:30:31 Saved config file successfully
02:30:42 saveConfig: saving-data
02:30:42 Saving pets file
02:30:42 Saved pets file successfully
02:30:42 saveConfig: saving-data
02:30:42 Saving pets file
02:30:42 Saved pets file successfully
02:31:31 saveConfig: auto-save-60s
02:31:31 Saving config file
02:31:31 Saved config file successfully
02:31:31 saveConfig: auto-save-60s
02:31:31 Saving config file
02:31:31 Saved config file successfully
02:32:31 saveConfig: auto-save-60s
02:32:31 Saving config file
02:32:31 Saved config file successfully
02:32:31 saveConfig: auto-save-60s
02:32:31 Saving config file
02:32:31 Saved config file successfully
02:32:32 saveConfig: saving-data
02:32:32 Saving pets file
02:32:32 Saved pets file successfully
02:32:32 saveConfig: saving-data
02:32:32 Saving pets file
02:32:32 Saved pets file successfully
02:33:31 saveConfig: auto-save-60s
02:33:31 Saving config file
02:33:31 Saved config file successfully
02:33:31 saveConfig: auto-save-60s
02:33:31 Saving config file
02:33:31 Saved config file successfully
02:34:31 saveConfig: auto-save-60s
02:34:31 Saving config file
02:34:31 Saved config file successfully
02:34:31 saveConfig: auto-save-60s
02:34:31 Saving config file
02:34:31 Saved config file successfully
02:35:31 saveConfig: auto-save-60s
02:35:31 Saving config file
02:35:31 Saved config file successfully
02:35:31 saveConfig: auto-save-60s
02:35:31 Saving config file
02:35:31 Saved config file successfully
02:36:31 saveConfig: auto-save-60s
02:36:31 Saving config file
02:36:31 Saved config file successfully
02:36:31 saveConfig: auto-save-60s
02:36:31 Saving config file
02:36:31 Saved config file successfully
02:37:31 saveConfig: auto-save-60s
02:37:31 Saving config file
02:37:31 Saved config file successfully
02:37:31 saveConfig: auto-save-60s
02:37:31 Saving config file
02:37:31 Saved config file successfully
02:38:31 saveConfig: auto-save-60s
02:38:31 Saving config file
02:38:31 Saved config file successfully
02:38:31 saveConfig: auto-save-60s
02:38:31 Saving config file
02:38:31 Saved config file successfully
02:39:31 saveConfig: auto-save-60s
02:39:31 Saving config file
02:39:31 Saved config file successfully
02:39:31 saveConfig: auto-save-60s
02:39:31 Saving config file
02:39:31 Saved config file successfully
02:39:39 saveConfig: saving-data
02:39:39 Saving pets file
02:39:39 Saved pets file successfully
02:39:39 saveConfig: saving-data
02:39:39 Saving pets file
02:39:39 Saved pets file successfully
02:40:10 saveConfig: saving-data
02:40:10 Saving pets file
02:40:10 Saved pets file successfully
02:40:10 saveConfig: saving-data
02:40:10 Saving pets file
02:40:10 Saved pets file successfully
02:40:31 saveConfig: auto-save-60s
02:40:31 Saving config file
02:40:31 Saved config file successfully
02:40:31 saveConfig: auto-save-60s
02:40:31 Saving config file
02:40:31 Saved config file successfully
02:41:31 saveConfig: auto-save-60s
02:41:31 Saving config file
02:41:31 Saved config file successfully
02:41:31 saveConfig: auto-save-60s
02:41:31 Saving config file
02:41:31 Saved config file successfully
02:42:31 saveConfig: auto-save-60s
02:42:31 Saving config file
02:42:31 Saved config file successfully
02:42:31 saveConfig: auto-save-60s
02:42:31 Saving config file
02:42:31 Saved config file successfully
02:43:31 saveConfig: auto-save-60s
02:43:31 Saving config file
02:43:31 Saved config file successfully
02:43:31 saveConfig: auto-save-60s
02:43:31 Saving config file
02:43:31 Saved config file successfully
02:44:31 saveConfig: auto-save-60s
02:44:31 Saving config file
02:44:31 Saved config file successfully
02:44:31 saveConfig: auto-save-60s
02:44:31 Saving config file
02:44:31 Saved config file successfully
02:45:31 saveConfig: auto-save-60s
02:45:31 Saving config file
02:45:31 Saved config file successfully
02:45:31 saveConfig: auto-save-60s
02:45:31 Saving config file
02:45:31 Saved config file successfully
02:46:31 saveConfig: auto-save-60s
02:46:31 Saving config file
02:46:31 Saved config file successfully
02:46:31 saveConfig: auto-save-60s
02:46:31 Saving config file
02:46:31 Saved config file successfully
02:47:31 saveConfig: auto-save-60s
02:47:31 Saving config file
02:47:31 Saved config file successfully
02:47:31 saveConfig: auto-save-60s
02:47:31 Saving config file
02:47:31 Saved config file successfully
02:48:31 saveConfig: auto-save-60s
02:48:31 Saving config file
02:48:31 Saved config file successfully
02:48:31 saveConfig: auto-save-60s
02:48:31 Saving config file
02:48:31 Saved config file successfully
02:49:31 saveConfig: auto-save-60s
02:49:31 Saving config file
02:49:31 Saved config file successfully
02:49:31 saveConfig: auto-save-60s
02:49:31 Saving config file
02:49:31 Saved config file successfully
02:50:31 saveConfig: auto-save-60s
02:50:31 Saving config file
02:50:31 Saved config file successfully
02:50:31 saveConfig: auto-save-60s
02:50:31 Saving config file
02:50:31 Saved config file successfully
02:51:31 saveConfig: auto-save-60s
02:51:31 Saving config file
02:51:31 Saved config file successfully
02:51:31 saveConfig: auto-save-60s
02:51:31 Saving config file
02:51:31 Saved config file successfully
02:51:37 saveConfig: saving-data
02:51:37 Saving pets file
02:51:37 Saved pets file successfully
02:51:37 saveConfig: saving-data
02:51:37 Saving pets file
02:51:37 Saved pets file successfully
02:52:08 saveConfig: saving-data
02:52:08 Saving pets file
02:52:08 Saved pets file successfully
02:52:08 saveConfig: saving-data
02:52:08 Saving pets file
02:52:08 Saved pets file successfully
02:52:31 saveConfig: auto-save-60s
02:52:31 Saving config file
02:52:31 Saved config file successfully
02:52:31 saveConfig: auto-save-60s
02:52:31 Saving config file
02:52:31 Saved config file successfully
02:53:31 saveConfig: auto-save-60s
02:53:31 Saving config file
02:53:31 Saved config file successfully
02:53:31 saveConfig: auto-save-60s
02:53:31 Saving config file
02:53:31 Saved config file successfully
02:54:31 saveConfig: auto-save-60s
02:54:31 Saving config file
02:54:31 Saved config file successfully
02:54:31 saveConfig: auto-save-60s
02:54:31 Saving config file
02:54:31 Saved config file successfully
02:55:31 saveConfig: auto-save-60s
02:55:31 Saving config file
02:55:31 Saved config file successfully
02:55:31 saveConfig: auto-save-60s
02:55:31 Saving config file
02:55:31 Saved config file successfully
02:55:56 saveConfig: saving-data
02:55:56 Saving pets file
02:55:56 Saved pets file successfully
02:55:56 saveConfig: saving-data
02:55:56 Saving pets file
02:55:56 Saved pets file successfully
02:56:31 saveConfig: auto-save-60s
02:56:31 Saving config file
02:56:31 Saved config file successfully
02:56:31 saveConfig: auto-save-60s
02:56:31 Saving config file
02:56:31 Saved config file successfully
02:57:31 saveConfig: auto-save-60s
02:57:31 Saving config file
02:57:31 Saved config file successfully
02:57:31 saveConfig: auto-save-60s
02:57:31 Saving config file
02:57:31 Saved config file successfully
02:58:31 saveConfig: auto-save-60s
02:58:31 Saving config file
02:58:31 Saved config file successfully
02:58:31 saveConfig: auto-save-60s
02:58:31 Saving config file
02:58:31 Saved config file successfully
02:59:31 saveConfig: auto-save-60s
02:59:31 Saving config file
02:59:31 Saved config file successfully
02:59:31 saveConfig: auto-save-60s
02:59:31 Saving config file
02:59:31 Saved config file successfully
03:00:06 saveConfig: saving-data
03:00:06 Saving pets file
03:00:06 Saved pets file successfully
03:00:06 saveConfig: saving-data
03:00:06 Saving pets file
03:00:06 Saved pets file successfully
03:00:31 saveConfig: auto-save-60s
03:00:31 Saving config file
03:00:31 Saved config file successfully
03:00:31 saveConfig: auto-save-60s
03:00:31 Saving config file
03:00:31 Saved config file successfully
03:01:31 saveConfig: auto-save-60s
03:01:31 Saving config file
03:01:31 Saved config file successfully
03:01:31 saveConfig: auto-save-60s
03:01:31 Saving config file
03:01:31 Saved config file successfully
03:02:31 saveConfig: auto-save-60s
03:02:31 Saving config file
03:02:31 Saved config file successfully
03:02:31 saveConfig: auto-save-60s
03:02:31 Saving config file
03:02:31 Saved config file successfully
03:03:31 saveConfig: auto-save-60s
03:03:31 Saving config file
03:03:31 Saved config file successfully
03:03:31 saveConfig: auto-save-60s
03:03:31 Saving config file
03:03:31 Saved config file successfully
03:04:31 saveConfig: auto-save-60s
03:04:31 Saving config file
03:04:31 Saved config file successfully
03:04:31 saveConfig: auto-save-60s
03:04:31 Saving config file
03:04:31 Saved config file successfully
03:05:31 saveConfig: auto-save-60s
03:05:31 Saving config file
03:05:31 Saved config file successfully
03:05:31 saveConfig: auto-save-60s
03:05:31 Saving config file
03:05:31 Saved config file successfully
03:06:31 saveConfig: auto-save-60s
03:06:31 Saving config file
03:06:31 Saved config file successfully
03:06:31 saveConfig: auto-save-60s
03:06:31 Saving config file
03:06:31 Saved config file successfully
03:07:31 saveConfig: auto-save-60s
03:07:31 Saving config file
03:07:31 Saved config file successfully
03:07:31 saveConfig: auto-save-60s
03:07:31 Saving config file
03:07:31 Saved config file successfully
03:08:31 saveConfig: auto-save-60s
03:08:31 Saving config file
03:08:31 Saved config file successfully
03:08:31 saveConfig: auto-save-60s
03:08:31 Saving config file
03:08:31 Saved config file successfully
03:09:31 saveConfig: auto-save-60s
03:09:31 Saving config file
03:09:31 Saved config file successfully
03:09:31 saveConfig: auto-save-60s
03:09:31 Saving config file
03:09:31 Saved config file successfully
03:10:31 saveConfig: auto-save-60s
03:10:31 Saving config file
03:10:31 Saved config file successfully
03:10:31 saveConfig: auto-save-60s
03:10:31 Saving config file
03:10:31 Saved config file successfully
03:11:31 saveConfig: auto-save-60s
03:11:31 Saving config file
03:11:31 Saved config file successfully
03:11:31 saveConfig: auto-save-60s
03:11:31 Saving config file
03:11:31 Saved config file successfully
03:12:31 saveConfig: auto-save-60s
03:12:31 Saving config file
03:12:31 Saved config file successfully
03:12:31 saveConfig: auto-save-60s
03:12:31 Saving config file
03:12:31 Saved config file successfully
03:13:31 saveConfig: auto-save-60s
03:13:31 Saving config file
03:13:31 Saved config file successfully
03:13:31 saveConfig: auto-save-60s
03:13:31 Saving config file
03:13:31 Saved config file successfully
03:14:31 saveConfig: auto-save-60s
03:14:31 Saving config file
03:14:31 Saved config file successfully
03:14:31 saveConfig: auto-save-60s
03:14:31 Saving config file
03:14:31 Saved config file successfully
03:15:31 saveConfig: auto-save-60s
03:15:31 Saving config file
03:15:31 Saved config file successfully
03:15:31 saveConfig: auto-save-60s
03:15:31 Saving config file
03:15:31 Saved config file successfully
03:16:31 saveConfig: auto-save-60s
03:16:31 Saving config file
03:16:31 Saved config file successfully
03:16:31 saveConfig: auto-save-60s
03:16:31 Saving config file
03:16:31 Saved config file successfully
03:17:31 saveConfig: auto-save-60s
03:17:31 Saving config file
03:17:31 Saved config file successfully
03:17:31 saveConfig: auto-save-60s
03:17:31 Saving config file
03:17:31 Saved config file successfully
03:18:31 saveConfig: auto-save-60s
03:18:31 Saving config file
03:18:31 Saved config file successfully
03:18:31 saveConfig: auto-save-60s
03:18:31 Saving config file
03:18:31 Saved config file successfully
03:19:31 saveConfig: auto-save-60s
03:19:31 Saving config file
03:19:31 Saved config file successfully
03:19:31 saveConfig: auto-save-60s
03:19:31 Saving config file
03:19:31 Saved config file successfully
03:20:31 saveConfig: auto-save-60s
03:20:31 Saving config file
03:20:31 Saved config file successfully
03:20:31 saveConfig: auto-save-60s
03:20:31 Saving config file
03:20:31 Saved config file successfully
03:20:36 saveConfig: saving-data
03:20:36 Saving pets file
03:20:36 Saved pets file successfully
03:20:36 saveConfig: saving-data
03:20:36 Saving pets file
03:20:36 Saved pets file successfully
03:21:31 saveConfig: auto-save-60s
03:21:31 Saving config file
03:21:31 Saved config file successfully
03:21:31 saveConfig: auto-save-60s
03:21:31 Saving config file
03:21:31 Saved config file successfully
03:22:31 saveConfig: auto-save-60s
03:22:31 Saving config file
03:22:31 Saved config file successfully
03:22:31 saveConfig: auto-save-60s
03:22:31 Saving config file
03:22:31 Saved config file successfully
03:23:31 saveConfig: auto-save-60s
03:23:31 Saving config file
03:23:31 Saved config file successfully
03:23:31 saveConfig: auto-save-60s
03:23:31 Saving config file
03:23:31 Saved config file successfully
03:24:31 saveConfig: auto-save-60s
03:24:31 Saving config file
03:24:31 Saved config file successfully
03:24:31 saveConfig: auto-save-60s
03:24:31 Saving config file
03:24:31 Saved config file successfully
03:25:31 saveConfig: auto-save-60s
03:25:31 Saving config file
03:25:31 Saved config file successfully
03:25:31 saveConfig: auto-save-60s
03:25:31 Saving config file
03:25:31 Saved config file successfully
03:26:31 saveConfig: auto-save-60s
03:26:31 Saving config file
03:26:31 Saved config file successfully
03:26:31 saveConfig: auto-save-60s
03:26:31 Saving config file
03:26:31 Saved config file successfully
03:27:31 saveConfig: auto-save-60s
03:27:31 Saving config file
03:27:31 Saved config file successfully
03:27:31 saveConfig: auto-save-60s
03:27:31 Saving config file
03:27:31 Saved config file successfully
03:28:31 saveConfig: auto-save-60s
03:28:31 Saving config file
03:28:31 Saved config file successfully
03:28:31 saveConfig: auto-save-60s
03:28:31 Saving config file
03:28:31 Saved config file successfully
03:29:31 saveConfig: auto-save-60s
03:29:31 Saving config file
03:29:31 Saved config file successfully
03:29:31 saveConfig: auto-save-60s
03:29:31 Saving config file
03:29:31 Saved config file successfully
03:30:31 saveConfig: auto-save-60s
03:30:31 Saving config file
03:30:31 Saved config file successfully
03:30:31 saveConfig: auto-save-60s
03:30:31 Saving config file
03:30:31 Saved config file successfully
03:31:31 saveConfig: auto-save-60s
03:31:31 Saving config file
03:31:31 Saved config file successfully
03:31:31 saveConfig: auto-save-60s
03:31:31 Saving config file
03:31:31 Saved config file successfully
03:32:31 saveConfig: auto-save-60s
03:32:31 Saving config file
03:32:31 Saved config file successfully
03:32:31 saveConfig: auto-save-60s
03:32:31 Saving config file
03:32:31 Saved config file successfully
03:33:31 saveConfig: auto-save-60s
03:33:31 Saving config file
03:33:31 Saved config file successfully
03:33:31 saveConfig: auto-save-60s
03:33:31 Saving config file
03:33:31 Saved config file successfully
03:34:31 saveConfig: auto-save-60s
03:34:31 Saving config file
03:34:31 Saved config file successfully
03:34:31 saveConfig: auto-save-60s
03:34:31 Saving config file
03:34:31 Saved config file successfully
03:35:31 saveConfig: auto-save-60s
03:35:31 Saving config file
03:35:31 Saved config file successfully
03:35:31 saveConfig: auto-save-60s
03:35:31 Saving config file
03:35:31 Saved config file successfully
03:36:31 saveConfig: auto-save-60s
03:36:31 Saving config file
03:36:31 Saved config file successfully
03:36:31 saveConfig: auto-save-60s
03:36:31 Saving config file
03:36:31 Saved config file successfully
03:36:40 saveConfig: saving-data
03:36:40 Saving pets file
03:36:40 Saved pets file successfully
03:36:40 saveConfig: saving-data
03:36:40 Saving pets file
03:36:40 Saved pets file successfully
03:37:11 saveConfig: saving-data
03:37:11 Saving pets file
03:37:11 Saved pets file successfully
03:37:11 saveConfig: saving-data
03:37:11 Saving pets file
03:37:11 Saved pets file successfully
03:37:31 saveConfig: auto-save-60s
03:37:31 Saving config file
03:37:31 Saved config file successfully
03:37:31 saveConfig: auto-save-60s
03:37:31 Saving config file
03:37:31 Saved config file successfully
03:37:44 saveConfig: saving-data
03:37:44 Saving pets file
03:37:44 Saved pets file successfully
03:37:44 saveConfig: saving-data
03:37:44 Saving pets file
03:37:44 Saved pets file successfully
03:38:31 saveConfig: auto-save-60s
03:38:31 Saving config file
03:38:31 Saved config file successfully
03:38:31 saveConfig: auto-save-60s
03:38:31 Saving config file
03:38:31 Saved config file successfully
03:39:31 saveConfig: auto-save-60s
03:39:31 Saving config file
03:39:31 Saved config file successfully
03:39:31 saveConfig: auto-save-60s
03:39:31 Saving config file
03:39:31 Saved config file successfully
03:40:29 saveConfig: saving-data
03:40:29 Saving pets file
03:40:29 Saved pets file successfully
03:40:29 saveConfig: saving-data
03:40:29 Saving pets file
03:40:29 Saved pets file successfully
03:40:31 saveConfig: auto-save-60s
03:40:31 Saving config file
03:40:31 Saved config file successfully
03:40:31 saveConfig: auto-save-60s
03:40:31 Saving config file
03:40:31 Saved config file successfully
03:41:00 saveConfig: saving-data
03:41:00 Saving pets file
03:41:00 Saved pets file successfully
03:41:00 saveConfig: saving-data
03:41:00 Saving pets file
03:41:00 Saved pets file successfully
03:41:31 saveConfig: auto-save-60s
03:41:31 Saving config file
03:41:31 Saved config file successfully
03:41:31 saveConfig: auto-save-60s
03:41:31 Saving config file
03:41:31 Saved config file successfully
03:42:31 saveConfig: auto-save-60s
03:42:31 Saving config file
03:42:31 Saved config file successfully
03:42:31 saveConfig: auto-save-60s
03:42:31 Saving config file
03:42:31 Saved config file successfully
03:43:31 saveConfig: auto-save-60s
03:43:31 Saving config file
03:43:31 Saved config file successfully
03:43:31 saveConfig: auto-save-60s
03:43:31 Saving config file
03:43:31 Saved config file successfully
03:44:31 saveConfig: auto-save-60s
03:44:31 Saving config file
03:44:31 Saved config file successfully
03:44:31 saveConfig: auto-save-60s
03:44:31 Saving config file
03:44:31 Saved config file successfully
03:45:31 saveConfig: auto-save-60s
03:45:31 Saving config file
03:45:31 Saved config file successfully
03:45:31 saveConfig: auto-save-60s
03:45:31 Saving config file
03:45:31 Saved config file successfully
03:46:31 saveConfig: auto-save-60s
03:46:31 Saving config file
03:46:31 Saved config file successfully
03:46:31 saveConfig: auto-save-60s
03:46:31 Saving config file
03:46:31 Saved config file successfully
03:47:31 saveConfig: auto-save-60s
03:47:31 Saving config file
03:47:31 Saved config file successfully
03:47:31 saveConfig: auto-save-60s
03:47:31 Saving config file
03:47:31 Saved config file successfully
03:48:31 saveConfig: auto-save-60s
03:48:31 Saving config file
03:48:31 Saved config file successfully
03:48:31 saveConfig: auto-save-60s
03:48:31 Saving config file
03:48:31 Saved config file successfully
03:49:31 saveConfig: auto-save-60s
03:49:31 Saving config file
03:49:31 Saved config file successfully
03:49:31 saveConfig: auto-save-60s
03:49:31 Saving config file
03:49:31 Saved config file successfully
03:50:31 saveConfig: auto-save-60s
03:50:31 Saving config file
03:50:31 Saved config file successfully
03:50:31 saveConfig: auto-save-60s
03:50:31 Saving config file
03:50:31 Saved config file successfully
03:51:31 saveConfig: auto-save-60s
03:51:31 Saving config file
03:51:31 Saved config file successfully
03:51:31 saveConfig: auto-save-60s
03:51:31 Saving config file
03:51:31 Saved config file successfully
03:52:31 saveConfig: auto-save-60s
03:52:31 Saving config file
03:52:31 Saved config file successfully
03:52:31 saveConfig: auto-save-60s
03:52:31 Saving config file
03:52:31 Saved config file successfully
03:52:50 saveConfig: saving-data
03:52:50 Saving pets file
03:52:50 Saved pets file successfully
03:52:50 saveConfig: saving-data
03:52:50 Saving pets file
03:52:50 Saved pets file successfully
03:53:31 saveConfig: auto-save-60s
03:53:31 Saving config file
03:53:31 Saved config file successfully
03:53:31 saveConfig: auto-save-60s
03:53:31 Saving config file
03:53:31 Saved config file successfully
03:53:47 saveConfig: saving-data
03:53:47 Saving pets file
03:53:47 Saved pets file successfully
03:53:47 saveConfig: saving-data
03:53:47 Saving pets file
03:53:47 Saved pets file successfully
03:54:18 saveConfig: saving-data
03:54:18 Saving pets file
03:54:18 Saved pets file successfully
03:54:18 saveConfig: saving-data
03:54:18 Saving pets file
03:54:18 Saved pets file successfully
03:54:31 saveConfig: auto-save-60s
03:54:31 Saving config file
03:54:31 Saved config file successfully
03:54:31 saveConfig: auto-save-60s
03:54:31 Saving config file
03:54:31 Saved config file successfully
03:55:31 saveConfig: auto-save-60s
03:55:31 Saving config file
03:55:31 Saved config file successfully
03:55:31 saveConfig: auto-save-60s
03:55:31 Saving config file
03:55:31 Saved config file successfully
03:56:31 saveConfig: auto-save-60s
03:56:31 Saving config file
03:56:31 Saved config file successfully
03:56:31 saveConfig: auto-save-60s
03:56:31 Saving config file
03:56:31 Saved config file successfully
03:57:31 saveConfig: auto-save-60s
03:57:31 Saving config file
03:57:31 Saved config file successfully
03:57:31 saveConfig: auto-save-60s
03:57:31 Saving config file
03:57:31 Saved config file successfully
03:58:31 saveConfig: auto-save-60s
03:58:31 Saving config file
03:58:31 Saved config file successfully
03:58:31 saveConfig: auto-save-60s
03:58:31 Saving config file
03:58:31 Saved config file successfully
03:59:31 saveConfig: auto-save-60s
03:59:31 Saving config file
03:59:31 Saved config file successfully
03:59:31 saveConfig: auto-save-60s
03:59:31 Saving config file
03:59:31 Saved config file successfully
04:00:31 saveConfig: auto-save-60s
04:00:31 Saving config file
04:00:31 Saved config file successfully
04:00:31 saveConfig: auto-save-60s
04:00:31 Saving config file
04:00:31 Saved config file successfully
04:01:31 saveConfig: auto-save-60s
04:01:31 Saving config file
04:01:31 Saved config file successfully
04:01:31 saveConfig: auto-save-60s
04:01:31 Saving config file
04:01:31 Saved config file successfully
04:02:31 saveConfig: auto-save-60s
04:02:31 Saving config file
04:02:31 Saved config file successfully
04:02:31 saveConfig: auto-save-60s
04:02:31 Saving config file
04:02:31 Saved config file successfully
04:03:31 saveConfig: auto-save-60s
04:03:31 Saving config file
04:03:31 Saved config file successfully
04:03:31 saveConfig: auto-save-60s
04:03:31 Saving config file
04:03:31 Saved config file successfully
04:04:31 saveConfig: auto-save-60s
04:04:31 Saving config file
04:04:31 Saved config file successfully
04:04:31 saveConfig: auto-save-60s
04:04:31 Saving config file
04:04:31 Saved config file successfully
04:05:31 saveConfig: auto-save-60s
04:05:31 Saving config file
04:05:31 Saved config file successfully
04:05:31 saveConfig: auto-save-60s
04:05:31 Saving config file
04:05:31 Saved config file successfully
04:06:31 saveConfig: auto-save-60s
04:06:31 Saving config file
04:06:31 Saved config file successfully
04:06:31 saveConfig: auto-save-60s
04:06:31 Saving config file
04:06:31 Saved config file successfully
04:07:12 saveConfig: saving-data
04:07:12 Saving pets file
04:07:12 Saved pets file successfully
04:07:12 saveConfig: saving-data
04:07:12 Saving pets file
04:07:12 Saved pets file successfully
04:07:31 saveConfig: auto-save-60s
04:07:31 Saving config file
04:07:31 Saved config file successfully
04:07:31 saveConfig: auto-save-60s
04:07:31 Saving config file
04:07:31 Saved config file successfully
04:08:31 saveConfig: auto-save-60s
04:08:31 Saving config file
04:08:31 Saved config file successfully
04:08:31 saveConfig: auto-save-60s
04:08:31 Saving config file
04:08:31 Saved config file successfully
04:09:31 saveConfig: auto-save-60s
04:09:31 Saving config file
04:09:31 Saved config file successfully
04:09:31 saveConfig: auto-save-60s
04:09:31 Saving config file
04:09:31 Saved config file successfully
04:10:31 saveConfig: auto-save-60s
04:10:31 Saving config file
04:10:31 Saved config file successfully
04:10:31 saveConfig: auto-save-60s
04:10:31 Saving config file
04:10:31 Saved config file successfully
04:11:31 saveConfig: auto-save-60s
04:11:31 Saving config file
04:11:31 Saved config file successfully
04:11:31 saveConfig: auto-save-60s
04:11:31 Saving config file
04:11:31 Saved config file successfully
04:12:31 saveConfig: auto-save-60s
04:12:31 Saving config file
04:12:31 Saved config file successfully
04:12:31 saveConfig: auto-save-60s
04:12:31 Saving config file
04:12:31 Saved config file successfully
04:13:31 saveConfig: auto-save-60s
04:13:31 Saving config file
04:13:31 Saved config file successfully
04:13:31 saveConfig: auto-save-60s
04:13:31 Saving config file
04:13:31 Saved config file successfully
04:14:31 saveConfig: auto-save-60s
04:14:31 Saving config file
04:14:31 Saved config file successfully
04:14:31 saveConfig: auto-save-60s
04:14:31 Saving config file
04:14:31 Saved config file successfully
04:15:31 saveConfig: auto-save-60s
04:15:31 Saving config file
04:15:31 Saved config file successfully
04:15:31 saveConfig: auto-save-60s
04:15:31 Saving config file
04:15:31 Saved config file successfully
04:16:31 saveConfig: auto-save-60s
04:16:31 Saving config file
04:16:31 Saved config file successfully
04:16:31 saveConfig: auto-save-60s
04:16:31 Saving config file
04:16:31 Saved config file successfully
04:17:31 saveConfig: auto-save-60s
04:17:31 Saving config file
04:17:31 Saved config file successfully
04:17:31 saveConfig: auto-save-60s
04:17:31 Saving config file
04:17:31 Saved config file successfully
04:18:31 saveConfig: auto-save-60s
04:18:31 Saving config file
04:18:31 Saved config file successfully
04:18:31 saveConfig: auto-save-60s
04:18:31 Saving config file
04:18:31 Saved config file successfully
04:19:31 saveConfig: auto-save-60s
04:19:31 Saving config file
04:19:31 Saved config file successfully
04:19:31 saveConfig: auto-save-60s
04:19:31 Saving config file
04:19:31 Saved config file successfully
04:20:31 saveConfig: auto-save-60s
04:20:31 Saving config file
04:20:31 Saved config file successfully
04:20:31 saveConfig: auto-save-60s
04:20:31 Saving config file
04:20:31 Saved config file successfully
04:21:31 saveConfig: auto-save-60s
04:21:31 Saving config file
04:21:31 Saved config file successfully
04:21:31 saveConfig: auto-save-60s
04:21:31 Saving config file
04:21:31 Saved config file successfully
04:22:31 saveConfig: auto-save-60s
04:22:31 Saving config file
04:22:31 Saved config file successfully
04:22:31 saveConfig: auto-save-60s
04:22:31 Saving config file
04:22:31 Saved config file successfully
04:23:31 saveConfig: auto-save-60s
04:23:31 Saving config file
04:23:31 Saved config file successfully
04:23:31 saveConfig: auto-save-60s
04:23:31 Saving config file
04:23:31 Saved config file successfully
04:24:31 saveConfig: auto-save-60s
04:24:31 Saving config file
04:24:31 Saved config file successfully
04:24:31 saveConfig: auto-save-60s
04:24:31 Saving config file
04:24:31 Saved config file successfully
04:25:31 saveConfig: auto-save-60s
04:25:31 Saving config file
04:25:31 Saved config file successfully
04:25:31 saveConfig: auto-save-60s
04:25:31 Saving config file
04:25:31 Saved config file successfully
04:26:31 saveConfig: auto-save-60s
04:26:31 Saving config file
04:26:31 Saved config file successfully
04:26:31 saveConfig: auto-save-60s
04:26:31 Saving config file
04:26:31 Saved config file successfully
04:27:31 saveConfig: auto-save-60s
04:27:31 Saving config file
04:27:31 Saved config file successfully
04:27:31 saveConfig: auto-save-60s
04:27:31 Saving config file
04:27:31 Saved config file successfully
04:28:31 saveConfig: auto-save-60s
04:28:31 Saving config file
04:28:31 Saved config file successfully
04:28:31 saveConfig: auto-save-60s
04:28:31 Saving config file
04:28:31 Saved config file successfully
04:29:31 saveConfig: auto-save-60s
04:29:31 Saving config file
04:29:31 Saved config file successfully
04:29:31 saveConfig: auto-save-60s
04:29:31 Saving config file
04:29:31 Saved config file successfully
04:30:31 saveConfig: auto-save-60s
04:30:31 Saving config file
04:30:31 Saved config file successfully
04:30:31 saveConfig: auto-save-60s
04:30:31 Saving config file
04:30:31 Saved config file successfully
04:31:18 saveConfig: saving-data
04:31:18 Saving pets file
04:31:18 Saved pets file successfully
04:31:18 saveConfig: saving-data
04:31:18 Saving pets file
04:31:18 Saved pets file successfully
04:31:31 saveConfig: auto-save-60s
04:31:31 Saving config file
04:31:31 Saved config file successfully
04:31:31 saveConfig: auto-save-60s
04:31:31 Saving config file
04:31:31 Saved config file successfully
04:31:49 saveConfig: saving-data
04:31:49 Saving pets file
04:31:49 Saved pets file successfully
04:31:49 saveConfig: saving-data
04:31:49 Saving pets file
04:31:49 Saved pets file successfully
04:32:31 saveConfig: auto-save-60s
04:32:31 Saving config file
04:32:31 Saved config file successfully
04:32:31 saveConfig: auto-save-60s
04:32:31 Saving config file
04:32:31 Saved config file successfully
04:33:31 saveConfig: auto-save-60s
04:33:31 Saving config file
04:33:31 Saved config file successfully
04:33:31 saveConfig: auto-save-60s
04:33:31 Saving config file
04:33:31 Saved config file successfully
04:34:31 saveConfig: auto-save-60s
04:34:31 Saving config file
04:34:31 Saved config file successfully
04:34:31 saveConfig: auto-save-60s
04:34:31 Saving config file
04:34:31 Saved config file successfully
04:35:31 saveConfig: auto-save-60s
04:35:31 Saving config file
04:35:31 Saved config file successfully
04:35:31 saveConfig: auto-save-60s
04:35:31 Saving config file
04:35:31 Saved config file successfully
04:36:31 saveConfig: auto-save-60s
04:36:31 Saving config file
04:36:31 Saved config file successfully
04:36:31 saveConfig: auto-save-60s
04:36:31 Saving config file
04:36:31 Saved config file successfully
04:37:31 saveConfig: auto-save-60s
04:37:31 Saving config file
04:37:31 Saved config file successfully
04:37:31 saveConfig: auto-save-60s
04:37:31 Saving config file
04:37:31 Saved config file successfully
04:38:14 saveConfig: saving-data
04:38:14 Saving pets file
04:38:14 Saved pets file successfully
04:38:14 saveConfig: saving-data
04:38:14 Saving pets file
04:38:14 Saved pets file successfully
04:38:31 saveConfig: auto-save-60s
04:38:31 Saving config file
04:38:31 Saved config file successfully
04:38:31 saveConfig: auto-save-60s
04:38:31 Saving config file
04:38:31 Saved config file successfully
04:38:45 saveConfig: saving-data
04:38:45 Saving pets file
04:38:45 Saved pets file successfully
04:38:45 saveConfig: saving-data
04:38:45 Saving pets file
04:38:45 Saved pets file successfully
04:39:31 saveConfig: auto-save-60s
04:39:31 Saving config file
04:39:31 Saved config file successfully
04:39:31 saveConfig: auto-save-60s
04:39:31 Saving config file
04:39:31 Saved config file successfully
04:40:31 saveConfig: auto-save-60s
04:40:31 Saving config file
04:40:31 Saved config file successfully
04:40:31 saveConfig: auto-save-60s
04:40:31 Saving config file
04:40:31 Saved config file successfully
04:41:31 saveConfig: auto-save-60s
04:41:31 Saving config file
04:41:31 Saved config file successfully
04:41:31 saveConfig: auto-save-60s
04:41:31 Saving config file
04:41:31 Saved config file successfully
04:42:27 saveConfig: saving-data
04:42:27 Saving pets file
04:42:27 Saved pets file successfully
04:42:27 saveConfig: saving-data
04:42:27 Saving pets file
04:42:27 Saved pets file successfully
04:42:31 saveConfig: auto-save-60s
04:42:31 Saving config file
04:42:31 Saved config file successfully
04:42:31 saveConfig: auto-save-60s
04:42:31 Saving config file
04:42:31 Saved config file successfully
04:43:31 saveConfig: auto-save-60s
04:43:31 Saving config file
04:43:31 Saved config file successfully
04:43:31 saveConfig: auto-save-60s
04:43:31 Saving config file
04:43:31 Saved config file successfully
04:44:31 saveConfig: auto-save-60s
04:44:31 Saving config file
04:44:31 Saved config file successfully
04:44:31 saveConfig: auto-save-60s
04:44:31 Saving config file
04:44:31 Saved config file successfully
04:45:31 saveConfig: auto-save-60s
04:45:31 Saving config file
04:45:31 Saved config file successfully
04:45:31 saveConfig: auto-save-60s
04:45:31 Saving config file
04:45:31 Saved config file successfully
04:46:31 saveConfig: auto-save-60s
04:46:31 Saving config file
04:46:31 Saved config file successfully
04:46:31 saveConfig: auto-save-60s
04:46:31 Saving config file
04:46:31 Saved config file successfully
04:47:31 saveConfig: auto-save-60s
04:47:31 Saving config file
04:47:31 Saved config file successfully
04:47:31 saveConfig: auto-save-60s
04:47:31 Saving config file
04:47:31 Saved config file successfully
04:48:31 saveConfig: auto-save-60s
04:48:31 Saving config file
04:48:31 Saved config file successfully
04:48:31 saveConfig: auto-save-60s
04:48:31 Saving config file
04:48:31 Saved config file successfully
04:48:39 saveConfig: saving-data
04:48:39 Saving pets file
04:48:39 Saved pets file successfully
04:48:39 saveConfig: saving-data
04:48:39 Saving pets file
04:48:39 Saved pets file successfully
04:49:10 saveConfig: saving-data
04:49:10 Saving pets file
04:49:10 Saved pets file successfully
04:49:10 saveConfig: saving-data
04:49:10 Saving pets file
04:49:10 Saved pets file successfully
04:49:31 saveConfig: auto-save-60s
04:49:31 Saving config file
04:49:31 Saved config file successfully
04:49:31 saveConfig: auto-save-60s
04:49:31 Saving config file
04:49:31 Saved config file successfully
04:50:31 saveConfig: auto-save-60s
04:50:31 Saving config file
04:50:31 Saved config file successfully
04:50:31 saveConfig: auto-save-60s
04:50:31 Saving config file
04:50:31 Saved config file successfully
04:51:31 saveConfig: auto-save-60s
04:51:31 Saving config file
04:51:31 Saved config file successfully
04:51:31 saveConfig: auto-save-60s
04:51:31 Saving config file
04:51:31 Saved config file successfully
04:52:31 saveConfig: auto-save-60s
04:52:31 Saving config file
04:52:31 Saved config file successfully
04:52:31 saveConfig: auto-save-60s
04:52:31 Saving config file
04:52:31 Saved config file successfully
04:53:31 saveConfig: auto-save-60s
04:53:31 Saving config file
04:53:31 Saved config file successfully
04:53:31 saveConfig: auto-save-60s
04:53:31 Saving config file
04:53:31 Saved config file successfully
04:53:51 saveConfig: saving-data
04:53:51 Saving pets file
04:53:51 Saved pets file successfully
04:53:51 saveConfig: saving-data
04:53:51 Saving pets file
04:53:51 Saved pets file successfully
04:54:22 saveConfig: saving-data
04:54:22 Saving pets file
04:54:22 Saved pets file successfully
04:54:22 saveConfig: saving-data
04:54:22 Saving pets file
04:54:22 Saved pets file successfully
04:54:31 saveConfig: auto-save-60s
04:54:31 Saving config file
04:54:31 Saved config file successfully
04:54:31 saveConfig: auto-save-60s
04:54:31 Saving config file
04:54:31 Saved config file successfully
04:55:31 saveConfig: auto-save-60s
04:55:31 Saving config file
04:55:31 Saved config file successfully
04:55:31 saveConfig: auto-save-60s
04:55:31 Saving config file
04:55:31 Saved config file successfully
04:56:31 saveConfig: auto-save-60s
04:56:31 Saving config file
04:56:31 Saved config file successfully
04:56:31 saveConfig: auto-save-60s
04:56:31 Saving config file
04:56:31 Saved config file successfully
04:57:31 saveConfig: auto-save-60s
04:57:31 Saving config file
04:57:31 Saved config file successfully
04:57:31 saveConfig: auto-save-60s
04:57:31 Saving config file
04:57:31 Saved config file successfully
04:58:31 saveConfig: auto-save-60s
04:58:31 Saving config file
04:58:31 Saved config file successfully
04:58:31 saveConfig: auto-save-60s
04:58:31 Saving config file
04:58:31 Saved config file successfully
04:59:31 saveConfig: auto-save-60s
04:59:31 Saving config file
04:59:31 Saved config file successfully
04:59:31 saveConfig: auto-save-60s
04:59:31 Saving config file
04:59:31 Saved config file successfully
05:00:31 saveConfig: auto-save-60s
05:00:31 Saving config file
05:00:31 Saved config file successfully
05:00:31 saveConfig: auto-save-60s
05:00:31 Saving config file
05:00:31 Saved config file successfully
05:01:31 saveConfig: auto-save-60s
05:01:31 Saving config file
05:01:31 Saved config file successfully
05:01:31 saveConfig: auto-save-60s
05:01:31 Saving config file
05:01:31 Saved config file successfully
05:02:31 saveConfig: auto-save-60s
05:02:31 Saving config file
05:02:31 Saved config file successfully
05:02:31 saveConfig: auto-save-60s
05:02:31 Saving config file
05:02:31 Saved config file successfully
05:03:31 saveConfig: auto-save-60s
05:03:31 Saving config file
05:03:31 Saved config file successfully
05:03:31 saveConfig: auto-save-60s
05:03:31 Saving config file
05:03:31 Saved config file successfully
05:04:31 saveConfig: auto-save-60s
05:04:31 Saving config file
05:04:31 Saved config file successfully
05:04:31 saveConfig: auto-save-60s
05:04:31 Saving config file
05:04:31 Saved config file successfully
05:05:31 saveConfig: auto-save-60s
05:05:31 Saving config file
05:05:31 Saved config file successfully
05:05:31 saveConfig: auto-save-60s
05:05:31 Saving config file
05:05:31 Saved config file successfully
05:06:31 saveConfig: auto-save-60s
05:06:31 Saving config file
05:06:31 Saved config file successfully
05:06:31 saveConfig: auto-save-60s
05:06:31 Saving config file
05:06:31 Saved config file successfully
05:07:31 saveConfig: auto-save-60s
05:07:31 Saving config file
05:07:31 Saved config file successfully
05:07:31 saveConfig: auto-save-60s
05:07:31 Saving config file
05:07:31 Saved config file successfully
05:08:31 saveConfig: auto-save-60s
05:08:31 Saving config file
05:08:31 Saved config file successfully
05:08:31 saveConfig: auto-save-60s
05:08:31 Saving config file
05:08:31 Saved config file successfully
05:09:31 saveConfig: auto-save-60s
05:09:31 Saving config file
05:09:31 Saved config file successfully
05:09:31 saveConfig: auto-save-60s
05:09:31 Saving config file
05:09:31 Saved config file successfully
05:10:31 saveConfig: auto-save-60s
05:10:31 Saving config file
05:10:31 Saved config file successfully
05:10:31 saveConfig: auto-save-60s
05:10:31 Saving config file
05:10:31 Saved config file successfully
05:11:31 saveConfig: auto-save-60s
05:11:31 Saving config file
05:11:31 Saved config file successfully
05:11:31 saveConfig: auto-save-60s
05:11:31 Saving config file
05:11:31 Saved config file successfully
05:12:31 saveConfig: auto-save-60s
05:12:31 Saving config file
05:12:31 Saved config file successfully
05:12:31 saveConfig: auto-save-60s
05:12:31 Saving config file
05:12:31 Saved config file successfully
05:12:48 saveConfig: saving-data
05:12:48 Saving pets file
05:12:48 Saved pets file successfully
05:12:48 saveConfig: saving-data
05:12:48 Saving pets file
05:12:48 Saved pets file successfully
05:13:31 saveConfig: auto-save-60s
05:13:31 Saving config file
05:13:31 Saved config file successfully
05:13:31 saveConfig: auto-save-60s
05:13:31 Saving config file
05:13:31 Saved config file successfully
05:14:31 saveConfig: auto-save-60s
05:14:31 Saving config file
05:14:31 Saved config file successfully
05:14:31 saveConfig: auto-save-60s
05:14:31 Saving config file
05:14:31 Saved config file successfully
05:15:31 saveConfig: auto-save-60s
05:15:31 Saving config file
05:15:31 Saved config file successfully
05:15:31 saveConfig: auto-save-60s
05:15:31 Saving config file
05:15:31 Saved config file successfully
05:16:31 saveConfig: auto-save-60s
05:16:31 Saving config file
05:16:31 Saved config file successfully
05:16:31 saveConfig: auto-save-60s
05:16:31 Saving config file
05:16:31 Saved config file successfully
05:17:31 saveConfig: auto-save-60s
05:17:31 Saving config file
05:17:31 Saved config file successfully
05:17:31 saveConfig: auto-save-60s
05:17:31 Saving config file
05:17:31 Saved config file successfully
05:18:31 saveConfig: auto-save-60s
05:18:31 Saving config file
05:18:31 Saved config file successfully
05:18:31 saveConfig: auto-save-60s
05:18:31 Saving config file
05:18:31 Saved config file successfully
05:19:31 saveConfig: auto-save-60s
05:19:31 Saving config file
05:19:31 Saved config file successfully
05:19:31 saveConfig: auto-save-60s
05:19:31 Saving config file
05:19:31 Saved config file successfully
05:20:31 saveConfig: auto-save-60s
05:20:31 Saving config file
05:20:31 Saved config file successfully
05:20:31 saveConfig: auto-save-60s
05:20:31 Saving config file
05:20:31 Saved config file successfully
05:21:31 saveConfig: auto-save-60s
05:21:31 Saving config file
05:21:31 Saved config file successfully
05:21:31 saveConfig: auto-save-60s
05:21:31 Saving config file
05:21:31 Saved config file successfully
05:22:31 saveConfig: auto-save-60s
05:22:31 Saving config file
05:22:31 Saved config file successfully
05:22:31 saveConfig: auto-save-60s
05:22:31 Saving config file
05:22:31 Saved config file successfully
05:23:31 saveConfig: auto-save-60s
05:23:31 Saving config file
05:23:31 Saved config file successfully
05:23:31 saveConfig: auto-save-60s
05:23:31 Saving config file
05:23:31 Saved config file successfully
05:24:31 saveConfig: auto-save-60s
05:24:31 Saving config file
05:24:31 Saved config file successfully
05:24:31 saveConfig: auto-save-60s
05:24:31 Saving config file
05:24:31 Saved config file successfully
05:25:31 saveConfig: auto-save-60s
05:25:31 Saving config file
05:25:31 Saved config file successfully
05:25:31 saveConfig: auto-save-60s
05:25:31 Saving config file
05:25:31 Saved config file successfully
05:26:31 saveConfig: auto-save-60s
05:26:31 Saving config file
05:26:31 Saved config file successfully
05:26:31 saveConfig: auto-save-60s
05:26:31 Saving config file
05:26:31 Saved config file successfully
05:27:31 saveConfig: auto-save-60s
05:27:31 Saving config file
05:27:31 Saved config file successfully
05:27:31 saveConfig: auto-save-60s
05:27:31 Saving config file
05:27:31 Saved config file successfully
05:27:40 saveConfig: shutdown-hook
05:27:40 Saving config file
