18:48:55 Trying to load config from config\skyhanni\config.json
18:48:55 load-config-now
18:48:56 Loaded config from file
18:48:56 Trying to load sacks from config\skyhanni\sacks.json
18:48:56 load-sacks-now
18:48:56 Loaded sacks from file
18:48:56 Trying to load friends from config\skyhanni\friends.json
18:48:56 load-friends-now
18:48:56 Loaded friends from file
18:48:56 Trying to load known_features from config\skyhanni\known_features.json
18:48:56 load-known_features-now
18:48:56 Loaded known_features from file
18:48:56 Trying to load jacob_contests from config\skyhanni\jacob_contests.json
18:48:56 Setting jacob_contests to be blank as it did not exist. It will be saved once something is written to it
18:48:56 Trying to load visual_words from config\skyhanni\visual_words.json
18:48:56 Setting visual_words to be blank as it did not exist. It will be saved once something is written to it
18:48:56 Trying to load pets from config\skyhanni\pets.json
18:48:56 load-pets-now
18:48:56 Loaded pets from file
18:49:56 saveConfig: auto-save-60s
18:49:56 Saving config file
18:49:56 Saved config file successfully
18:49:56 saveConfig: auto-save-60s
18:49:56 Saving config file
18:49:56 Saved config file successfully
18:50:26 saveConfig: Updated known feature flags
18:50:26 Saving known_features file
18:50:26 Saved known_features file successfully
18:50:26 saveConfig: Updated known feature flags
18:50:26 Saving known_features file
18:50:26 Saved known_features file successfully
18:50:56 saveConfig: auto-save-60s
18:50:56 Saving config file
18:50:56 Saved config file successfully
18:50:56 saveConfig: auto-save-60s
18:50:56 Saving config file
18:50:56 Saved config file successfully
18:51:56 saveConfig: auto-save-60s
18:51:56 Saving config file
18:51:56 Saved config file successfully
18:51:56 saveConfig: auto-save-60s
18:51:56 Saving config file
18:51:56 Saved config file successfully
18:52:56 saveConfig: auto-save-60s
18:52:56 Saving config file
18:52:56 Saved config file successfully
18:52:56 saveConfig: auto-save-60s
18:52:56 Saving config file
18:52:56 Saved config file successfully
18:53:56 saveConfig: auto-save-60s
18:53:56 Saving config file
18:53:56 Saved config file successfully
18:53:56 saveConfig: auto-save-60s
18:53:56 Saving config file
18:53:56 Saved config file successfully
18:54:56 saveConfig: auto-save-60s
18:54:56 Saving config file
18:54:56 Saved config file successfully
18:54:56 saveConfig: auto-save-60s
18:54:56 Saving config file
18:54:56 Saved config file successfully
18:55:56 saveConfig: auto-save-60s
18:55:56 Saving config file
18:55:56 Saved config file successfully
18:55:56 saveConfig: auto-save-60s
18:55:56 Saving config file
18:55:56 Saved config file successfully
18:56:56 saveConfig: auto-save-60s
18:56:56 Saving config file
18:56:56 Saved config file successfully
18:56:56 saveConfig: auto-save-60s
18:56:56 Saving config file
18:56:56 Saved config file successfully
18:57:56 saveConfig: auto-save-60s
18:57:56 Saving config file
18:57:56 Saved config file successfully
18:57:56 saveConfig: auto-save-60s
18:57:56 Saving config file
18:57:56 Saved config file successfully
18:58:56 saveConfig: auto-save-60s
18:58:56 Saving config file
18:58:56 Saved config file successfully
18:58:56 saveConfig: auto-save-60s
18:58:56 Saving config file
18:58:56 Saved config file successfully
18:59:56 saveConfig: auto-save-60s
18:59:56 Saving config file
18:59:56 Saved config file successfully
18:59:56 saveConfig: auto-save-60s
18:59:56 Saving config file
18:59:56 Saved config file successfully
19:00:56 saveConfig: auto-save-60s
19:00:56 Saving config file
19:00:56 Saved config file successfully
19:00:56 saveConfig: auto-save-60s
19:00:56 Saving config file
19:00:56 Saved config file successfully
19:01:56 saveConfig: auto-save-60s
19:01:56 Saving config file
19:01:56 Saved config file successfully
19:01:56 saveConfig: auto-save-60s
19:01:56 Saving config file
19:01:56 Saved config file successfully
19:02:56 saveConfig: auto-save-60s
19:02:56 Saving config file
19:02:56 Saved config file successfully
19:02:56 saveConfig: auto-save-60s
19:02:56 Saving config file
19:02:56 Saved config file successfully
19:03:56 saveConfig: auto-save-60s
19:03:56 Saving config file
19:03:56 Saved config file successfully
19:03:56 saveConfig: auto-save-60s
19:03:56 Saving config file
19:03:56 Saved config file successfully
19:04:56 saveConfig: auto-save-60s
19:04:56 Saving config file
19:04:56 Saved config file successfully
19:04:56 saveConfig: auto-save-60s
19:04:56 Saving config file
19:04:56 Saved config file successfully
19:05:56 saveConfig: auto-save-60s
19:05:56 Saving config file
19:05:56 Saved config file successfully
19:05:56 saveConfig: auto-save-60s
19:05:56 Saving config file
19:05:56 Saved config file successfully
19:06:56 saveConfig: auto-save-60s
19:06:56 Saving config file
19:06:56 Saved config file successfully
19:06:56 saveConfig: auto-save-60s
19:06:56 Saving config file
19:06:56 Saved config file successfully
19:07:56 saveConfig: auto-save-60s
19:07:56 Saving config file
19:07:56 Saved config file successfully
19:07:56 saveConfig: auto-save-60s
19:07:56 Saving config file
19:07:56 Saved config file successfully
19:08:56 saveConfig: auto-save-60s
19:08:56 Saving config file
19:08:56 Saved config file successfully
19:08:56 saveConfig: auto-save-60s
19:08:56 Saving config file
19:08:56 Saved config file successfully
19:09:56 saveConfig: auto-save-60s
19:09:56 Saving config file
19:09:56 Saved config file successfully
19:09:56 saveConfig: auto-save-60s
19:09:56 Saving config file
19:09:56 Saved config file successfully
19:10:56 saveConfig: auto-save-60s
19:10:56 Saving config file
19:10:56 Saved config file successfully
19:10:56 saveConfig: auto-save-60s
19:10:56 Saving config file
19:10:56 Saved config file successfully
19:11:56 saveConfig: auto-save-60s
19:11:56 Saving config file
19:11:56 Saved config file successfully
19:11:56 saveConfig: auto-save-60s
19:11:56 Saving config file
19:11:56 Saved config file successfully
19:12:56 saveConfig: auto-save-60s
19:12:56 Saving config file
19:12:56 Saved config file successfully
19:12:56 saveConfig: auto-save-60s
19:12:56 Saving config file
19:12:56 Saved config file successfully
19:13:56 saveConfig: auto-save-60s
19:13:56 Saving config file
19:13:56 Saved config file successfully
19:13:56 saveConfig: auto-save-60s
19:13:56 Saving config file
19:13:56 Saved config file successfully
19:14:56 saveConfig: auto-save-60s
19:14:56 Saving config file
19:14:56 Saved config file successfully
19:14:56 saveConfig: auto-save-60s
19:14:56 Saving config file
19:14:56 Saved config file successfully
19:15:56 saveConfig: auto-save-60s
19:15:56 Saving config file
19:15:56 Saved config file successfully
19:15:56 saveConfig: auto-save-60s
19:15:56 Saving config file
19:15:56 Saved config file successfully
19:16:56 saveConfig: auto-save-60s
19:16:56 Saving config file
19:16:56 Saved config file successfully
19:16:56 saveConfig: auto-save-60s
19:16:56 Saving config file
19:16:56 Saved config file successfully
19:17:56 saveConfig: auto-save-60s
19:17:56 Saving config file
19:17:56 Saved config file successfully
19:17:56 saveConfig: auto-save-60s
19:17:56 Saving config file
19:17:56 Saved config file successfully
19:18:56 saveConfig: auto-save-60s
19:18:56 Saving config file
19:18:56 Saved config file successfully
19:18:56 saveConfig: auto-save-60s
19:18:56 Saving config file
19:18:56 Saved config file successfully
19:19:56 saveConfig: auto-save-60s
19:19:56 Saving config file
19:19:56 Saved config file successfully
19:19:56 saveConfig: auto-save-60s
19:19:56 Saving config file
19:19:56 Saved config file successfully
19:20:56 saveConfig: auto-save-60s
19:20:56 Saving config file
19:20:56 Saved config file successfully
19:20:56 saveConfig: auto-save-60s
19:20:56 Saving config file
19:20:56 Saved config file successfully
19:21:56 saveConfig: auto-save-60s
19:21:56 Saving config file
19:21:56 Saved config file successfully
19:21:56 saveConfig: auto-save-60s
19:21:56 Saving config file
19:21:56 Saved config file successfully
19:22:56 saveConfig: auto-save-60s
19:22:56 Saving config file
19:22:56 Saved config file successfully
19:22:56 saveConfig: auto-save-60s
19:22:56 Saving config file
19:22:56 Saved config file successfully
19:23:56 saveConfig: auto-save-60s
19:23:56 Saving config file
19:23:56 Saved config file successfully
19:23:56 saveConfig: auto-save-60s
19:23:56 Saving config file
19:23:56 Saved config file successfully
19:24:56 saveConfig: auto-save-60s
19:24:56 Saving config file
19:24:56 Saved config file successfully
19:24:56 saveConfig: auto-save-60s
19:24:56 Saving config file
19:24:56 Saved config file successfully
19:25:56 saveConfig: auto-save-60s
19:25:56 Saving config file
19:25:56 Saved config file successfully
19:25:56 saveConfig: auto-save-60s
19:25:56 Saving config file
19:25:56 Saved config file successfully
19:26:56 saveConfig: auto-save-60s
19:26:56 Saving config file
19:26:56 Saved config file successfully
19:26:56 saveConfig: auto-save-60s
19:26:56 Saving config file
19:26:56 Saved config file successfully
19:27:56 saveConfig: auto-save-60s
19:27:56 Saving config file
19:27:56 Saved config file successfully
19:27:56 saveConfig: auto-save-60s
19:27:56 Saving config file
19:27:56 Saved config file successfully
19:28:56 saveConfig: auto-save-60s
19:28:56 Saving config file
19:28:56 Saved config file successfully
19:28:56 saveConfig: auto-save-60s
19:28:56 Saving config file
19:28:56 Saved config file successfully
19:29:56 saveConfig: auto-save-60s
19:29:56 Saving config file
19:29:56 Saved config file successfully
19:29:56 saveConfig: auto-save-60s
19:29:56 Saving config file
19:29:56 Saved config file successfully
19:30:56 saveConfig: auto-save-60s
19:30:56 Saving config file
19:30:56 Saved config file successfully
19:30:56 saveConfig: auto-save-60s
19:30:56 Saving config file
19:30:56 Saved config file successfully
19:31:56 saveConfig: auto-save-60s
19:31:56 Saving config file
19:31:56 Saved config file successfully
19:31:56 saveConfig: auto-save-60s
19:31:56 Saving config file
19:31:56 Saved config file successfully
19:32:56 saveConfig: auto-save-60s
19:32:56 Saving config file
19:32:56 Saved config file successfully
19:32:56 saveConfig: auto-save-60s
19:32:56 Saving config file
19:32:56 Saved config file successfully
19:33:56 saveConfig: auto-save-60s
19:33:56 Saving config file
19:33:56 Saved config file successfully
19:33:56 saveConfig: auto-save-60s
19:33:56 Saving config file
19:33:56 Saved config file successfully
19:34:56 saveConfig: auto-save-60s
19:34:56 Saving config file
19:34:56 Saved config file successfully
19:34:56 saveConfig: auto-save-60s
19:34:56 Saving config file
19:34:56 Saved config file successfully
19:35:56 saveConfig: auto-save-60s
19:35:56 Saving config file
19:35:56 Saved config file successfully
19:35:56 saveConfig: auto-save-60s
19:35:56 Saving config file
19:35:56 Saved config file successfully
19:36:56 saveConfig: auto-save-60s
19:36:56 Saving config file
19:36:56 Saved config file successfully
19:36:56 saveConfig: auto-save-60s
19:36:56 Saving config file
19:36:56 Saved config file successfully
19:37:56 saveConfig: auto-save-60s
19:37:56 Saving config file
19:37:56 Saved config file successfully
19:37:56 saveConfig: auto-save-60s
19:37:56 Saving config file
19:37:56 Saved config file successfully
19:38:56 saveConfig: auto-save-60s
19:38:56 Saving config file
19:38:56 Saved config file successfully
19:38:56 saveConfig: auto-save-60s
19:38:56 Saving config file
19:38:56 Saved config file successfully
19:39:56 saveConfig: auto-save-60s
19:39:56 Saving config file
19:39:56 Saved config file successfully
19:39:56 saveConfig: auto-save-60s
19:39:56 Saving config file
19:39:56 Saved config file successfully
19:40:56 saveConfig: auto-save-60s
19:40:56 Saving config file
19:40:56 Saved config file successfully
19:40:56 saveConfig: auto-save-60s
19:40:56 Saving config file
19:40:56 Saved config file successfully
19:41:56 saveConfig: auto-save-60s
19:41:56 Saving config file
19:41:56 Saved config file successfully
19:41:56 saveConfig: auto-save-60s
19:41:56 Saving config file
19:41:56 Saved config file successfully
19:42:56 saveConfig: auto-save-60s
19:42:56 Saving config file
19:42:56 Saved config file successfully
19:42:56 saveConfig: auto-save-60s
19:42:56 Saving config file
19:42:56 Saved config file successfully
19:43:56 saveConfig: auto-save-60s
19:43:56 Saving config file
19:43:56 Saved config file successfully
19:43:56 saveConfig: auto-save-60s
19:43:56 Saving config file
19:43:56 Saved config file successfully
19:44:56 saveConfig: auto-save-60s
19:44:56 Saving config file
19:44:56 Saved config file successfully
19:44:56 saveConfig: auto-save-60s
19:44:56 Saving config file
19:44:56 Saved config file successfully
19:45:56 saveConfig: auto-save-60s
19:45:56 Saving config file
19:45:56 Saved config file successfully
19:45:56 saveConfig: auto-save-60s
19:45:56 Saving config file
19:45:56 Saved config file successfully
19:46:56 saveConfig: auto-save-60s
19:46:56 Saving config file
19:46:56 Saved config file successfully
19:46:56 saveConfig: auto-save-60s
19:46:56 Saving config file
19:46:56 Saved config file successfully
19:47:56 saveConfig: auto-save-60s
19:47:56 Saving config file
19:47:56 Saved config file successfully
19:47:56 saveConfig: auto-save-60s
19:47:56 Saving config file
19:47:56 Saved config file successfully
19:48:56 saveConfig: auto-save-60s
19:48:56 Saving config file
19:48:56 Saved config file successfully
19:48:56 saveConfig: auto-save-60s
19:48:56 Saving config file
19:48:56 Saved config file successfully
19:49:56 saveConfig: auto-save-60s
19:49:56 Saving config file
19:49:56 Saved config file successfully
19:49:56 saveConfig: auto-save-60s
19:49:56 Saving config file
19:49:56 Saved config file successfully
19:50:56 saveConfig: auto-save-60s
19:50:56 Saving config file
19:50:56 Saved config file successfully
19:50:56 saveConfig: auto-save-60s
19:50:56 Saving config file
19:50:56 Saved config file successfully
19:51:56 saveConfig: auto-save-60s
19:51:56 Saving config file
19:51:56 Saved config file successfully
19:51:56 saveConfig: auto-save-60s
19:51:56 Saving config file
19:51:56 Saved config file successfully
19:52:56 saveConfig: auto-save-60s
19:52:56 Saving config file
19:52:56 Saved config file successfully
19:52:56 saveConfig: auto-save-60s
19:52:56 Saving config file
19:52:56 Saved config file successfully
19:53:56 saveConfig: auto-save-60s
19:53:56 Saving config file
19:53:56 Saved config file successfully
19:53:56 saveConfig: auto-save-60s
19:53:56 Saving config file
19:53:56 Saved config file successfully
19:54:56 saveConfig: auto-save-60s
19:54:56 Saving config file
19:54:56 Saved config file successfully
19:54:56 saveConfig: auto-save-60s
19:54:56 Saving config file
19:54:56 Saved config file successfully
19:55:56 saveConfig: auto-save-60s
19:55:56 Saving config file
19:55:56 Saved config file successfully
19:55:56 saveConfig: auto-save-60s
19:55:56 Saving config file
19:55:56 Saved config file successfully
19:56:56 saveConfig: auto-save-60s
19:56:56 Saving config file
19:56:56 Saved config file successfully
19:56:56 saveConfig: auto-save-60s
19:56:56 Saving config file
19:56:56 Saved config file successfully
19:57:56 saveConfig: auto-save-60s
19:57:56 Saving config file
19:57:56 Saved config file successfully
19:57:56 saveConfig: auto-save-60s
19:57:56 Saving config file
19:57:56 Saved config file successfully
19:58:56 saveConfig: auto-save-60s
19:58:56 Saving config file
19:58:56 Saved config file successfully
19:58:56 saveConfig: auto-save-60s
19:58:56 Saving config file
19:58:56 Saved config file successfully
19:59:56 saveConfig: auto-save-60s
19:59:56 Saving config file
19:59:56 Saved config file successfully
19:59:56 saveConfig: auto-save-60s
19:59:56 Saving config file
19:59:56 Saved config file successfully
