18:58:35 §f                §7You have §32,261 §7materials stashed away!
18:58:35 §f              §8(This totals 5 types of materials stashed!)
18:58:35 §f                §3§l>>> §3§lCLICK HERE§b to pick them up! §3§l<<<
18:58:35   
18:59:34 §f                §7You have §32,261 §7materials stashed away!
18:59:34 §f              §8(This totals 5 types of materials stashed!)
18:59:34 §f                §3§l>>> §3§lCLICK HERE§b to pick them up! §3§l<<<
18:59:34   
19:00:34 §f                §7You have §32,261 §7materials stashed away!
19:00:34 §f              §8(This totals 5 types of materials stashed!)
19:00:34 §f                §3§l>>> §3§lCLICK HERE§b to pick them up! §3§l<<<
19:00:34   
19:01:34 §f                §7You have §32,261 §7materials stashed away!
19:01:34 §f              §8(This totals 5 types of materials stashed!)
19:01:34 §f                §3§l>>> §3§lCLICK HERE§b to pick them up! §3§l<<<
19:01:34   
19:02:34 §f                §7You have §32,261 §7materials stashed away!
19:02:34 §f              §8(This totals 5 types of materials stashed!)
19:02:34 §f                §3§l>>> §3§lCLICK HERE§b to pick them up! §3§l<<<
19:02:34   
19:03:34 §f                §7You have §32,261 §7materials stashed away!
19:03:34 §f              §8(This totals 5 types of materials stashed!)
19:03:34 §f                §3§l>>> §3§lCLICK HERE§b to pick them up! §3§l<<<
19:03:34   
19:04:35 §f                §7You have §32,261 §7materials stashed away!
19:04:35 §f              §8(This totals 5 types of materials stashed!)
19:04:35 §f                §3§l>>> §3§lCLICK HERE§b to pick them up! §3§l<<<
19:04:35   
19:53:14 §f                §7You have §32,261 §7materials stashed away!
19:53:14 §f              §8(This totals 5 types of materials stashed!)
19:53:14 §f                §3§l>>> §3§lCLICK HERE§b to pick them up! §3§l<<<
19:53:14   
19:53:39 §f                §7You have §32,261 §7materials stashed away!
19:53:39 §f              §8(This totals 5 types of materials stashed!)
19:53:39 §f                §3§l>>> §3§lCLICK HERE§b to pick them up! §3§l<<<
19:53:39   
19:54:23 §f                §7You have §32,261 §7materials stashed away!
19:54:23 §f              §8(This totals 5 types of materials stashed!)
19:54:23 §f                §3§l>>> §3§lCLICK HERE§b to pick them up! §3§l<<<
19:54:23   
19:55:23 §f                §7You have §32,261 §7materials stashed away!
19:55:23 §f              §8(This totals 5 types of materials stashed!)
19:55:23 §f                §3§l>>> §3§lCLICK HERE§b to pick them up! §3§l<<<
19:55:23   
19:56:23 §f                §7You have §32,261 §7materials stashed away!
19:56:23 §f              §8(This totals 5 types of materials stashed!)
19:56:23 §f                §3§l>>> §3§lCLICK HERE§b to pick them up! §3§l<<<
19:56:23   
19:57:23 §f                §7You have §32,261 §7materials stashed away!
19:57:23 §f              §8(This totals 5 types of materials stashed!)
19:57:23 §f                §3§l>>> §3§lCLICK HERE§b to pick them up! §3§l<<<
19:57:23   
19:59:35 §f                §7You have §32,261 §7materials stashed away!
19:59:35 §f              §8(This totals 5 types of materials stashed!)
19:59:35 §f                §3§l>>> §3§lCLICK HERE§b to pick them up! §3§l<<<
19:59:35   
20:00:36 §f                §7You have §32,261 §7materials stashed away!
20:00:36 §f              §8(This totals 5 types of materials stashed!)
20:00:36 §f                §3§l>>> §3§lCLICK HERE§b to pick them up! §3§l<<<
20:00:36   
20:01:36 §f                §7You have §32,261 §7materials stashed away!
20:01:36 §f              §8(This totals 5 types of materials stashed!)
20:01:36 §f                §3§l>>> §3§lCLICK HERE§b to pick them up! §3§l<<<
20:01:36   
20:02:36 §f                §7You have §32,261 §7materials stashed away!
20:02:36 §f              §8(This totals 5 types of materials stashed!)
20:02:36 §f                §3§l>>> §3§lCLICK HERE§b to pick them up! §3§l<<<
20:02:36   
20:35:13 §f                §7You have §32,261 §7materials stashed away!
20:35:13 §f              §8(This totals 5 types of materials stashed!)
20:35:13 §f                §3§l>>> §3§lCLICK HERE§b to pick them up! §3§l<<<
20:35:13   
20:35:36 §f                §7You have §32,261 §7materials stashed away!
20:35:36 §f              §8(This totals 5 types of materials stashed!)
20:35:36 §f                §3§l>>> §3§lCLICK HERE§b to pick them up! §3§l<<<
20:35:36   
20:36:37 §f                §7You have §32,261 §7materials stashed away!
20:36:37 §f              §8(This totals 5 types of materials stashed!)
20:36:37 §f                §3§l>>> §3§lCLICK HERE§b to pick them up! §3§l<<<
20:36:37   
20:37:37 §f                §7You have §32,261 §7materials stashed away!
20:37:37 §f              §8(This totals 5 types of materials stashed!)
20:37:37 §f                §3§l>>> §3§lCLICK HERE§b to pick them up! §3§l<<<
20:37:37   
20:38:37 §f                §7You have §32,261 §7materials stashed away!
20:38:37 §f              §8(This totals 5 types of materials stashed!)
20:38:37 §f                §3§l>>> §3§lCLICK HERE§b to pick them up! §3§l<<<
20:38:37   
20:39:37 §f                §7You have §32,261 §7materials stashed away!
20:39:37 §f              §8(This totals 5 types of materials stashed!)
20:39:37 §f                §3§l>>> §3§lCLICK HERE§b to pick them up! §3§l<<<
20:39:37   
20:40:37 §f                §7You have §32,261 §7materials stashed away!
20:40:37 §f              §8(This totals 5 types of materials stashed!)
20:40:37 §f                §3§l>>> §3§lCLICK HERE§b to pick them up! §3§l<<<
20:40:37   
20:41:34 §f                §7You have §32,261 §7materials stashed away!
20:41:34 §f              §8(This totals 5 types of materials stashed!)
20:41:34 §f                §3§l>>> §3§lCLICK HERE§b to pick them up! §3§l<<<
20:41:34   
20:42:34 §f                §7You have §32,261 §7materials stashed away!
20:42:34 §f              §8(This totals 5 types of materials stashed!)
20:42:34 §f                §3§l>>> §3§lCLICK HERE§b to pick them up! §3§l<<<
20:42:34   
20:43:35 §f                §7You have §32,261 §7materials stashed away!
20:43:35 §f              §8(This totals 5 types of materials stashed!)
20:43:35 §f                §3§l>>> §3§lCLICK HERE§b to pick them up! §3§l<<<
20:43:35   
20:53:43 §f                §7You have §32,261 §7materials stashed away!
20:53:43 §f              §8(This totals 5 types of materials stashed!)
20:53:43 §f                §3§l>>> §3§lCLICK HERE§b to pick them up! §3§l<<<
20:53:43   
20:54:43 §f                §7You have §32,261 §7materials stashed away!
20:54:43 §f              §8(This totals 5 types of materials stashed!)
20:54:43 §f                §3§l>>> §3§lCLICK HERE§b to pick them up! §3§l<<<
20:54:43   
20:55:44 §f                §7You have §32,261 §7materials stashed away!
20:55:44 §f              §8(This totals 5 types of materials stashed!)
20:55:44 §f                §3§l>>> §3§lCLICK HERE§b to pick them up! §3§l<<<
20:55:44   
20:56:44 §f                §7You have §32,261 §7materials stashed away!
20:56:44 §f              §8(This totals 5 types of materials stashed!)
20:56:44 §f                §3§l>>> §3§lCLICK HERE§b to pick them up! §3§l<<<
20:56:44   
20:57:44 §f                §7You have §32,261 §7materials stashed away!
20:57:44 §f              §8(This totals 5 types of materials stashed!)
20:57:44 §f                §3§l>>> §3§lCLICK HERE§b to pick them up! §3§l<<<
20:57:44   
20:58:44 §f                §7You have §32,261 §7materials stashed away!
20:58:44 §f              §8(This totals 5 types of materials stashed!)
20:58:44 §f                §3§l>>> §3§lCLICK HERE§b to pick them up! §3§l<<<
20:58:44   
20:59:44 §f                §7You have §32,261 §7materials stashed away!
20:59:44 §f              §8(This totals 5 types of materials stashed!)
20:59:44 §f                §3§l>>> §3§lCLICK HERE§b to pick them up! §3§l<<<
20:59:44   
21:00:44 §f                §7You have §32,261 §7materials stashed away!
21:00:44 §f              §8(This totals 5 types of materials stashed!)
21:00:44 §f                §3§l>>> §3§lCLICK HERE§b to pick them up! §3§l<<<
21:00:44   
22:02:56 §f               §7You have §324,523 §7materials stashed away!
22:02:56 §f              §8(This totals 6 types of materials stashed!)
22:02:56 §f                §3§l>>> §3§lCLICK HERE§b to pick them up! §3§l<<<
22:02:56   
22:03:49 §f               §7You have §324,523 §7materials stashed away!
22:03:49 §f              §8(This totals 6 types of materials stashed!)
22:03:49 §f                §3§l>>> §3§lCLICK HERE§b to pick them up! §3§l<<<
22:03:49   
22:04:49 §f               §7You have §324,523 §7materials stashed away!
22:04:49 §f              §8(This totals 6 types of materials stashed!)
22:04:49 §f                §3§l>>> §3§lCLICK HERE§b to pick them up! §3§l<<<
22:04:49   
22:05:50 §f               §7You have §324,523 §7materials stashed away!
22:05:50 §f              §8(This totals 6 types of materials stashed!)
22:05:50 §f                §3§l>>> §3§lCLICK HERE§b to pick them up! §3§l<<<
22:05:50   
22:06:51 §f               §7You have §324,523 §7materials stashed away!
22:06:51 §f              §8(This totals 6 types of materials stashed!)
22:06:51 §f                §3§l>>> §3§lCLICK HERE§b to pick them up! §3§l<<<
22:06:51   
22:07:51 §f               §7You have §324,523 §7materials stashed away!
22:07:51 §f              §8(This totals 6 types of materials stashed!)
22:07:51 §f                §3§l>>> §3§lCLICK HERE§b to pick them up! §3§l<<<
22:07:51   
