21:24:40 `yq45048teb`523 missed {
 is already Found: false).
 Position: LorenzVec(x=-29.5, y=57.0, z=-90.5)
 DistanceC: 12.664214466187317
Relative Position: LorenzVec(x=2.8302056117067167, y=-14.0, z=-12.664214466187317)
 }
21:24:40 `yefq7xw4zt`421 missed {
 is already Found: false).
 Position: LorenzVec(x=-31.0, y=73.0, z=-85.5)
 DistanceC: 7.6642144661873175
Relative Position: LorenzVec(x=1.3302056117067167, y=2.0, z=-7.6642144661873175)
 }
21:24:40 `6y6jkjeqpw`531 missed {
 is already Found: false).
 Position: LorenzVec(x=-32.5, y=71.0, z=-76.5)
 DistanceC: 1.3357855338126825
Relative Position: LorenzVec(x=-0.1697943882932833, y=0.0, z=1.3357855338126825)
 }
21:24:40 `5s06m493nf`422 missed {
 is already Found: false).
 Position: LorenzVec(x=-36.0, y=73.0, z=-85.5)
 DistanceC: 7.6642144661873175
Relative Position: LorenzVec(x=-3.6697943882932833, y=2.0, z=-7.6642144661873175)
 }
21:24:46 `cea9v1mi6q`530 missed {
 is already Found: false).
 Position: LorenzVec(x=-6.5, y=55.0, z=-95.5)
 DistanceC: 22.819228185532424
Relative Position: LorenzVec(x=21.800000011920925, y=-15.0, z=-22.819228185532424)
 }
21:24:54 `pnsb96432o`18 missed {
 is already Found: false).
 Position: LorenzVec(x=-3.5, y=72.0, z=-101.5)
 DistanceC: 23.275824088887944
Relative Position: LorenzVec(x=11.974920854400322, y=2.0, z=-23.275824088887944)
 }
