05:30:46 Trying to load config from config\skyhanni\config.json
05:30:46 load-config-now
05:30:46 Loaded config from file
05:30:46 Trying to load sacks from config\skyhanni\sacks.json
05:30:47 load-sacks-now
05:30:47 Loaded sacks from file
05:30:47 Trying to load friends from config\skyhanni\friends.json
05:30:47 load-friends-now
05:30:47 Loaded friends from file
05:30:47 Trying to load known_features from config\skyhanni\known_features.json
05:30:47 load-known_features-now
05:30:47 Loaded known_features from file
05:30:47 Trying to load jacob_contests from config\skyhanni\jacob_contests.json
05:30:47 Setting jacob_contests to be blank as it did not exist. It will be saved once something is written to it
05:30:47 Trying to load visual_words from config\skyhanni\visual_words.json
05:30:47 Setting visual_words to be blank as it did not exist. It will be saved once something is written to it
05:30:47 Trying to load pets from config\skyhanni\pets.json
05:30:47 load-pets-now
05:30:47 Loaded pets from file
05:31:47 saveConfig: auto-save-60s
05:31:47 Saving config file
05:31:47 Saved config file successfully
05:31:47 saveConfig: auto-save-60s
05:31:47 Saving config file
05:31:47 Saved config file successfully
05:31:56 saveConfig: Updated known feature flags
05:31:56 Saving known_features file
05:31:56 Saved known_features file successfully
05:31:56 saveConfig: Updated known feature flags
05:31:56 Saving known_features file
05:31:56 Saved known_features file successfully
05:32:47 saveConfig: auto-save-60s
05:32:47 Saving config file
05:32:47 Saved config file successfully
05:32:47 saveConfig: auto-save-60s
05:32:47 Saving config file
05:32:47 Saved config file successfully
05:33:47 saveConfig: auto-save-60s
05:33:47 Saving config file
05:33:47 Saved config file successfully
05:33:47 saveConfig: auto-save-60s
05:33:47 Saving config file
05:33:47 Saved config file successfully
05:34:47 saveConfig: auto-save-60s
05:34:47 Saving config file
05:34:47 Saved config file successfully
05:34:47 saveConfig: auto-save-60s
05:34:47 Saving config file
05:34:47 Saved config file successfully
05:35:47 saveConfig: auto-save-60s
05:35:47 Saving config file
05:35:47 Saved config file successfully
05:35:47 saveConfig: auto-save-60s
05:35:47 Saving config file
05:35:47 Saved config file successfully
05:36:47 saveConfig: auto-save-60s
05:36:47 Saving config file
05:36:47 Saved config file successfully
05:36:47 saveConfig: auto-save-60s
05:36:47 Saving config file
05:36:47 Saved config file successfully
05:37:47 saveConfig: auto-save-60s
05:37:47 Saving config file
05:37:47 Saved config file successfully
05:37:47 saveConfig: auto-save-60s
05:37:47 Saving config file
05:37:47 Saved config file successfully
05:38:47 saveConfig: auto-save-60s
05:38:47 Saving config file
05:38:47 Saved config file successfully
05:38:47 saveConfig: auto-save-60s
05:38:47 Saving config file
05:38:47 Saved config file successfully
05:39:47 saveConfig: auto-save-60s
05:39:47 Saving config file
05:39:47 Saved config file successfully
05:39:47 saveConfig: auto-save-60s
05:39:47 Saving config file
05:39:47 Saved config file successfully
05:40:47 saveConfig: auto-save-60s
05:40:47 Saving config file
05:40:47 Saved config file successfully
05:40:47 saveConfig: auto-save-60s
05:40:47 Saving config file
05:40:47 Saved config file successfully
05:41:47 saveConfig: auto-save-60s
05:41:47 Saving config file
05:41:47 Saved config file successfully
05:41:47 saveConfig: auto-save-60s
05:41:47 Saving config file
05:41:47 Saved config file successfully
05:42:47 saveConfig: auto-save-60s
05:42:47 Saving config file
05:42:47 Saved config file successfully
05:42:47 saveConfig: auto-save-60s
05:42:47 Saving config file
05:42:47 Saved config file successfully
05:43:47 saveConfig: auto-save-60s
05:43:47 Saving config file
05:43:47 Saved config file successfully
05:43:47 saveConfig: auto-save-60s
05:43:47 Saving config file
05:43:47 Saved config file successfully
05:44:47 saveConfig: auto-save-60s
05:44:47 Saving config file
05:44:47 Saved config file successfully
05:44:47 saveConfig: auto-save-60s
05:44:47 Saving config file
05:44:47 Saved config file successfully
05:45:47 saveConfig: auto-save-60s
05:45:47 Saving config file
05:45:47 Saved config file successfully
05:45:47 saveConfig: auto-save-60s
05:45:47 Saving config file
05:45:47 Saved config file successfully
05:46:47 saveConfig: auto-save-60s
05:46:47 Saving config file
05:46:47 Saved config file successfully
05:46:47 saveConfig: auto-save-60s
05:46:47 Saving config file
05:46:47 Saved config file successfully
05:47:47 saveConfig: auto-save-60s
05:47:47 Saving config file
05:47:47 Saved config file successfully
05:47:47 saveConfig: auto-save-60s
05:47:47 Saving config file
05:47:47 Saved config file successfully
05:48:47 saveConfig: auto-save-60s
05:48:47 Saving config file
05:48:47 Saved config file successfully
05:48:47 saveConfig: auto-save-60s
05:48:47 Saving config file
05:48:47 Saved config file successfully
05:49:47 saveConfig: auto-save-60s
05:49:47 Saving config file
05:49:47 Saved config file successfully
05:49:47 saveConfig: auto-save-60s
05:49:47 Saving config file
05:49:47 Saved config file successfully
05:50:47 saveConfig: auto-save-60s
05:50:47 Saving config file
05:50:47 Saved config file successfully
05:50:47 saveConfig: auto-save-60s
05:50:47 Saving config file
05:50:47 Saved config file successfully
05:51:47 saveConfig: auto-save-60s
05:51:47 Saving config file
05:51:47 Saved config file successfully
05:51:47 saveConfig: auto-save-60s
05:51:47 Saving config file
05:51:47 Saved config file successfully
05:52:47 saveConfig: auto-save-60s
05:52:47 Saving config file
05:52:47 Saved config file successfully
05:52:47 saveConfig: auto-save-60s
05:52:47 Saving config file
05:52:47 Saved config file successfully
05:53:47 saveConfig: auto-save-60s
05:53:47 Saving config file
05:53:47 Saved config file successfully
05:53:47 saveConfig: auto-save-60s
05:53:47 Saving config file
05:53:47 Saved config file successfully
05:54:47 saveConfig: auto-save-60s
05:54:47 Saving config file
05:54:47 Saved config file successfully
05:54:47 saveConfig: auto-save-60s
05:54:47 Saving config file
05:54:47 Saved config file successfully
05:55:47 saveConfig: auto-save-60s
05:55:47 Saving config file
05:55:47 Saved config file successfully
05:55:47 saveConfig: auto-save-60s
05:55:47 Saving config file
05:55:47 Saved config file successfully
05:56:47 saveConfig: auto-save-60s
05:56:47 Saving config file
05:56:47 Saved config file successfully
05:56:47 saveConfig: auto-save-60s
05:56:47 Saving config file
05:56:47 Saved config file successfully
05:57:47 saveConfig: auto-save-60s
05:57:47 Saving config file
05:57:47 Saved config file successfully
05:57:47 saveConfig: auto-save-60s
05:57:47 Saving config file
05:57:47 Saved config file successfully
05:58:47 saveConfig: auto-save-60s
05:58:47 Saving config file
05:58:47 Saved config file successfully
05:58:47 saveConfig: auto-save-60s
05:58:47 Saving config file
05:58:47 Saved config file successfully
05:59:47 saveConfig: auto-save-60s
05:59:47 Saving config file
05:59:47 Saved config file successfully
05:59:47 saveConfig: auto-save-60s
05:59:47 Saving config file
05:59:47 Saved config file successfully
06:00:47 saveConfig: auto-save-60s
06:00:47 Saving config file
06:00:47 Saved config file successfully
06:00:47 saveConfig: auto-save-60s
06:00:47 Saving config file
06:00:47 Saved config file successfully
06:01:47 saveConfig: auto-save-60s
06:01:47 Saving config file
06:01:47 Saved config file successfully
06:01:47 saveConfig: auto-save-60s
06:01:47 Saving config file
06:01:47 Saved config file successfully
06:02:47 saveConfig: auto-save-60s
06:02:47 Saving config file
06:02:47 Saved config file successfully
06:02:47 saveConfig: auto-save-60s
06:02:47 Saving config file
06:02:47 Saved config file successfully
06:03:47 saveConfig: auto-save-60s
06:03:47 Saving config file
06:03:47 Saved config file successfully
06:03:47 saveConfig: auto-save-60s
06:03:47 Saving config file
06:03:47 Saved config file successfully
06:04:47 saveConfig: auto-save-60s
06:04:47 Saving config file
06:04:47 Saved config file successfully
06:04:47 saveConfig: auto-save-60s
06:04:47 Saving config file
06:04:47 Saved config file successfully
06:05:47 saveConfig: auto-save-60s
06:05:47 Saving config file
06:05:47 Saved config file successfully
06:05:47 saveConfig: auto-save-60s
06:05:47 Saving config file
06:05:47 Saved config file successfully
06:06:47 saveConfig: auto-save-60s
06:06:47 Saving config file
06:06:47 Saved config file successfully
06:06:47 saveConfig: auto-save-60s
06:06:47 Saving config file
06:06:47 Saved config file successfully
06:07:47 saveConfig: auto-save-60s
06:07:47 Saving config file
06:07:47 Saved config file successfully
06:07:47 saveConfig: auto-save-60s
06:07:47 Saving config file
06:07:47 Saved config file successfully
06:08:47 saveConfig: auto-save-60s
06:08:47 Saving config file
06:08:47 Saved config file successfully
06:08:47 saveConfig: auto-save-60s
06:08:47 Saving config file
06:08:47 Saved config file successfully
06:09:47 saveConfig: auto-save-60s
06:09:47 Saving config file
06:09:47 Saved config file successfully
06:09:47 saveConfig: auto-save-60s
06:09:47 Saving config file
06:09:47 Saved config file successfully
06:10:23 saveConfig: shutdown-hook
06:10:23 Saving config file
