18:10:12 [allowed] §f §r§r§r§f §r§r§r§1 §r§r§r§0 §r§r§r§2 §r§r§r§f §r§r§r§f §r§r§r§2 §r§r§r§0 §r§r§r§4 §r§r§r§3 §r§r§r§9 §r§r§r§2 §r§r§r§0 §r§r§r§0 §r§r§r§3 §r§r§r§9 §r§r§r§2 §r§r§r§0 §r§r§r§0 §r§r§r§3 §r§r§r§9 §r§r§r§2 §r§r§r§0 §r§r§r§0 
18:10:29 [allowed] §aYou have §b23 §aunclaimed leveling rewards!
18:10:29 [allowed] §eClick here to view them!
18:10:29 [allowed] §aYou have §61 §aunclaimed achievement reward!
18:10:29 [allowed] §eClick here to view it!
18:11:20 [allowed] §f §r§r§r§f §r§r§r§1 §r§r§r§0 §r§r§r§2 §r§r§r§f §r§r§r§f §r§r§r§2 §r§r§r§0 §r§r§r§4 §r§r§r§3 §r§r§r§9 §r§r§r§2 §r§r§r§0 §r§r§r§0 §r§r§r§3 §r§r§r§9 §r§r§r§2 §r§r§r§0 §r§r§r§0 §r§r§r§3 §r§r§r§9 §r§r§r§2 §r§r§r§0 §r§r§r§0 
18:11:26 [allowed]  §b>§c>§a>§r §r§6[MVP§c++§6] IceSwift§f §6joined the lobby!§r §a<§c<§b<
18:11:28 [allowed] §aYou have §b23 §aunclaimed leveling rewards!
18:11:28 [allowed] §eClick here to view them!
18:11:28 [allowed] §aYou have §61 §aunclaimed achievement reward!
18:11:28 [allowed] §eClick here to view it!
18:11:38 [allowed] §b[MVP§c+§b] aoi_FKDR_1§f §6joined the lobby!
18:11:39 [allowed] §7Sending to server mini181AT...
18:11:39 [allowed] §8 §r§8 §r§1 §r§3 §r§3 §r§7 §r§8 
18:11:43 [allowed] 
18:11:43 [allowed] §eWelcome to §r§aHypixel SkyBlock§r§e!
18:11:43 [allowed] 
18:11:43 [allowed] §eLatest update: §bSkyBlock v0.23.1 §e§lCLICK
18:11:43 [allowed] §aYou are playing on profile: §ePear§b (Co-op)
18:11:43 [allowed] §8Profile ID: da202b41-03b4-4acb-b131-26b3b789ffbc
18:11:44 [allowed] §6§lRARE REWARD! §r§basdvc §r§efound a §r§5Fuming Potato Book §r§ein their Obsidian Chest§r§e!
18:11:44 [allowed] 
18:11:44 [allowed] §6§k§lA§r §c§lFIRE SALE §r§6§k§lA
§r§c♨ §eSelling an item for a limited time!
§r§c   ♨ §6Pina Coolada Barn Skin §e(§c2,842 left§e)§c§r
§r§c♨ §a§l[WARP] §eTo Elizabeth in the next §c0d 6h 48m §eto grab yours!
18:11:44 [allowed] 
18:12:07 [allowed]  
18:12:12 [allowed] §6§lRARE REWARD! §r§basdvc §r§efound a §r§5Fuming Potato Book §r§ein their Obsidian Chest§r§e!
18:12:18 [allowed] §6§lRARE REWARD! §r§basdvc §r§efound a §r§5Fuming Potato Book §r§ein their Obsidian Chest§r§e!
18:12:27 [allowed] §8[§r§2177§r§8] §r§b[MVP§c+§b] Noxyq§f§r§f: anyone trying to play f7 good runs jast have vc msg me
18:12:46 [allowed] §6§lRARE REWARD! §r§bdige_pk §r§efound a §r§6Recombobulator 3000 §r§ein their Obsidian Chest§r§e!
18:12:49 [allowed] §6§lRARE REWARD! §r§bdige_pk §r§efound a §r§6Recombobulator 3000 §r§ein their Bedrock Chest§r§e!
18:12:52 [allowed] §8[§r§a149§r§8] §r§7☠ §r§7HaberrrTheGoat§7§r§7: any1 tank here? p me ill explain in p chat
18:13:05 [allowed] §aAttempting to add you to the party...
18:13:05 [allowed] §dParty Finder §r§f> §r§alongfenownsheat §r§ejoined the dungeon group! (§r§bArcher Level 25§r§e)
18:13:08 [allowed]  
18:13:22 [allowed] §aYou bought §r§5Dungeon VII Potion §r§afor §r§635,000 Coins§r§a!
18:13:22 [allowed] §aYou bought §r§5Dungeon VII Potion §r§afor §r§635,000 Coins§r§a!
18:13:30 [allowed] §6[Bazaar] §r§7Executing instant sell...
18:13:30 [allowed] §6[Bazaar] §r§7Sold §r§a1§r§7x §r§9Feather Falling VI §r§7for §r§60.2 coins§r§7!
18:13:30 [allowed] §6[Bazaar] §r§7Sold §r§a7§r§7x §r§aEnchanted Bone §r§7for §r§67,203.7 coins§r§7!
18:13:30 [allowed] §6[Bazaar] §r§7Sold §r§a1§r§7x §r§9Scarf Fragment §r§7for §r§612.2 coins§r§7!
18:13:30 [allowed] §6[Bazaar] §r§7Sold §r§a1§r§7x §r§9Fel Pearl §r§7for §r§6215.4 coins§r§7!
18:13:36 [allowed] §9§m-----------------------------------------------------
18:13:36 [allowed] §eYou have been kicked from the party by §r§b[MVP§r§c+§r§b] 42b_gyoju §r§e
18:13:36 [allowed] §9§m-----------------------------------------------------
18:13:36 [allowed] §dParty Finder §r§f> §r§cYour group has been removed from the party finder!
18:13:48 [allowed] §aAttempting to add you to the party...
18:13:48 [allowed] §dParty Finder §r§f> §r§alongfenownsheat §r§ejoined the dungeon group! (§r§bArcher Level 25§r§e)
