19:21:44 HUB
19:23:03 NONE
19:23:04 SPIDER_DEN
19:23:21 NONE
19:23:21 CRIMSON_ISLE
19:24:05 NONE
19:24:05 HUB
19:24:35 NONE
19:24:35 PRIVATE_ISLAND_GUEST
19:24:47 NONE
19:24:47 CRIMSON_ISLE
20:27:07 NONE
20:27:08 HUB
20:32:03 NONE
20:32:03 SPIDER_DEN
20:32:26 NONE
20:32:26 CRIMSON_ISLE
20:37:28 CRIMSON_ISLE
20:44:01 NONE
20:44:04 CRIMSON_ISLE
21:01:36 HUB
21:01:48 NONE
21:01:49 PRIVATE_ISLAND_GUEST
21:01:52 NONE
21:01:53 CRIMSON_ISLE
21:17:02 NONE
21:17:02 KUUDRA_ARENA
21:22:27 NONE
21:22:28 KUUDRA_ARENA
21:25:58 PRIVATE_ISLAND
21:26:15 NONE
21:26:27 KUUDRA_ARENA
21:30:57 NONE
21:30:59 CRIMSON_ISLE
21:36:40 NONE
21:36:40 HUB
21:42:59 NONE
21:43:37 HUB
21:45:19 NONE
21:45:19 DUNGEON_HUB
21:48:39 NONE
21:48:39 CATACOMBS
21:53:52 CATACOMBS
