15:29:45 Trying to load config from config\skyhanni\config.json
15:29:45 load-config-now
15:29:45 Loaded config from file
15:29:45 Trying to load sacks from config\skyhanni\sacks.json
15:29:45 Setting sacks to be blank as it did not exist. It will be saved once something is written to it
15:29:45 Trying to load friends from config\skyhanni\friends.json
15:29:45 load-friends-now
15:29:45 Loaded friends from file
15:29:45 Trying to load known_features from config\skyhanni\known_features.json
15:29:45 load-known_features-now
15:29:45 Loaded known_features from file
15:29:45 Trying to load jacob_contests from config\skyhanni\jacob_contests.json
15:29:45 Setting jacob_contests to be blank as it did not exist. It will be saved once something is written to it
15:29:45 Trying to load visual_words from config\skyhanni\visual_words.json
15:29:45 Setting visual_words to be blank as it did not exist. It will be saved once something is written to it
15:29:45 Trying to load pets from config\skyhanni\pets.json
15:29:45 load-pets-now
15:29:45 Loaded pets from file
15:30:45 saveConfig: auto-save-60s
15:30:45 Saving config file
15:30:45 Saved config file successfully
15:30:45 saveConfig: auto-save-60s
15:30:45 Saving config file
15:30:45 Saved config file successfully
15:31:30 saveConfig: Updated known feature flags
15:31:30 Saving known_features file
15:31:30 Saved known_features file successfully
15:31:30 saveConfig: Updated known feature flags
15:31:30 Saving known_features file
15:31:30 Saved known_features file successfully
15:31:45 saveConfig: auto-save-60s
15:31:45 Saving config file
15:31:45 Saved config file successfully
15:31:45 saveConfig: auto-save-60s
15:31:45 Saving config file
15:31:45 Saved config file successfully
15:31:59 saveConfig: Save file
15:31:59 Saving friends file
15:31:59 Saved friends file successfully
15:31:59 saveConfig: Save file
15:31:59 Saving friends file
15:31:59 Saved friends file successfully
15:32:45 saveConfig: auto-save-60s
15:32:45 Saving config file
15:32:45 Saved config file successfully
15:32:45 saveConfig: auto-save-60s
15:32:45 Saving config file
15:32:45 Saved config file successfully
15:33:45 saveConfig: auto-save-60s
15:33:45 Saving config file
15:33:45 Saved config file successfully
15:33:45 saveConfig: auto-save-60s
15:33:45 Saving config file
15:33:45 Saved config file successfully
15:34:45 saveConfig: auto-save-60s
15:34:45 Saving config file
15:34:45 Saved config file successfully
15:34:45 saveConfig: auto-save-60s
15:34:45 Saving config file
15:34:45 Saved config file successfully
15:35:45 saveConfig: auto-save-60s
15:35:45 Saving config file
15:35:45 Saved config file successfully
15:35:45 saveConfig: auto-save-60s
15:35:45 Saving config file
15:35:45 Saved config file successfully
15:36:45 saveConfig: auto-save-60s
15:36:45 Saving config file
15:36:45 Saved config file successfully
15:36:45 saveConfig: auto-save-60s
15:36:45 Saving config file
15:36:45 Saved config file successfully
15:37:45 saveConfig: auto-save-60s
15:37:45 Saving config file
15:37:45 Saved config file successfully
15:37:45 saveConfig: auto-save-60s
15:37:45 Saving config file
15:37:45 Saved config file successfully
15:38:45 saveConfig: auto-save-60s
15:38:45 Saving config file
15:38:45 Saved config file successfully
15:38:45 saveConfig: auto-save-60s
15:38:45 Saving config file
15:38:45 Saved config file successfully
15:39:45 saveConfig: auto-save-60s
15:39:45 Saving config file
15:39:45 Saved config file successfully
15:39:45 saveConfig: auto-save-60s
15:39:45 Saving config file
15:39:45 Saved config file successfully
15:40:45 saveConfig: auto-save-60s
15:40:45 Saving config file
15:40:45 Saved config file successfully
15:40:45 saveConfig: auto-save-60s
15:40:45 Saving config file
15:40:45 Saved config file successfully
15:41:45 saveConfig: auto-save-60s
15:41:45 Saving config file
15:41:45 Saved config file successfully
15:41:45 saveConfig: auto-save-60s
15:41:45 Saving config file
15:41:45 Saved config file successfully
15:42:45 saveConfig: auto-save-60s
15:42:45 Saving config file
15:42:45 Saved config file successfully
15:42:45 saveConfig: auto-save-60s
15:42:45 Saving config file
15:42:45 Saved config file successfully
15:43:45 saveConfig: auto-save-60s
15:43:45 Saving config file
15:43:45 Saved config file successfully
15:43:45 saveConfig: auto-save-60s
15:43:45 Saving config file
15:43:45 Saved config file successfully
15:44:45 saveConfig: auto-save-60s
15:44:45 Saving config file
15:44:45 Saved config file successfully
15:44:45 saveConfig: auto-save-60s
15:44:45 Saving config file
15:44:45 Saved config file successfully
15:45:45 saveConfig: auto-save-60s
15:45:45 Saving config file
15:45:45 Saved config file successfully
15:45:45 saveConfig: auto-save-60s
15:45:45 Saving config file
15:45:45 Saved config file successfully
15:46:45 saveConfig: auto-save-60s
15:46:45 Saving config file
15:46:45 Saved config file successfully
15:46:45 saveConfig: auto-save-60s
15:46:45 Saving config file
15:46:45 Saved config file successfully
15:47:45 saveConfig: auto-save-60s
15:47:45 Saving config file
15:47:45 Saved config file successfully
15:47:45 saveConfig: auto-save-60s
15:47:45 Saving config file
15:47:45 Saved config file successfully
15:48:45 saveConfig: auto-save-60s
15:48:45 Saving config file
15:48:45 Saved config file successfully
15:48:45 saveConfig: auto-save-60s
15:48:45 Saving config file
15:48:45 Saved config file successfully
15:49:26 saveConfig: Save file
15:49:26 Saving friends file
15:49:26 Saved friends file successfully
15:49:26 saveConfig: Save file
15:49:26 Saving friends file
15:49:26 Saved friends file successfully
15:49:45 saveConfig: auto-save-60s
15:49:45 Saving config file
15:49:45 Saved config file successfully
15:49:45 saveConfig: auto-save-60s
15:49:45 Saving config file
15:49:45 Saved config file successfully
15:50:45 saveConfig: auto-save-60s
15:50:45 Saving config file
15:50:45 Saved config file successfully
15:50:45 saveConfig: auto-save-60s
15:50:45 Saving config file
15:50:45 Saved config file successfully
15:51:45 saveConfig: auto-save-60s
15:51:45 Saving config file
15:51:45 Saved config file successfully
15:51:45 saveConfig: auto-save-60s
15:51:45 Saving config file
15:51:45 Saved config file successfully
15:52:45 saveConfig: auto-save-60s
15:52:45 Saving config file
15:52:45 Saved config file successfully
15:52:45 saveConfig: auto-save-60s
15:52:45 Saving config file
15:52:45 Saved config file successfully
15:53:45 saveConfig: auto-save-60s
15:53:45 Saving config file
15:53:45 Saved config file successfully
15:53:45 saveConfig: auto-save-60s
15:53:45 Saving config file
15:53:45 Saved config file successfully
15:54:45 saveConfig: auto-save-60s
15:54:45 Saving config file
15:54:45 Saved config file successfully
15:54:45 saveConfig: auto-save-60s
15:54:45 Saving config file
15:54:45 Saved config file successfully
15:55:45 saveConfig: auto-save-60s
15:55:45 Saving config file
15:55:45 Saved config file successfully
15:55:45 saveConfig: auto-save-60s
15:55:45 Saving config file
15:55:45 Saved config file successfully
15:56:45 saveConfig: auto-save-60s
15:56:45 Saving config file
15:56:45 Saved config file successfully
15:56:45 saveConfig: auto-save-60s
15:56:45 Saving config file
15:56:45 Saved config file successfully
15:57:45 saveConfig: auto-save-60s
15:57:45 Saving config file
15:57:45 Saved config file successfully
15:57:45 saveConfig: auto-save-60s
15:57:45 Saving config file
15:57:45 Saved config file successfully
15:58:21 saveConfig: saving-data
15:58:21 Saving pets file
15:58:21 Saved pets file successfully
15:58:21 saveConfig: saving-data
15:58:21 Saving pets file
15:58:21 Saved pets file successfully
15:58:45 saveConfig: auto-save-60s
15:58:45 Saving config file
15:58:45 Saved config file successfully
15:58:45 saveConfig: auto-save-60s
15:58:45 Saving config file
15:58:45 Saved config file successfully
15:58:52 saveConfig: saving-data
15:58:52 Saving pets file
15:58:52 Saved pets file successfully
15:58:52 saveConfig: saving-data
15:58:52 Saving pets file
15:58:52 Saved pets file successfully
15:59:45 saveConfig: auto-save-60s
15:59:45 Saving config file
15:59:45 Saved config file successfully
15:59:45 saveConfig: auto-save-60s
15:59:45 Saving config file
15:59:45 Saved config file successfully
16:00:45 saveConfig: auto-save-60s
16:00:45 Saving config file
16:00:45 Saved config file successfully
16:00:45 saveConfig: auto-save-60s
16:00:45 Saving config file
16:00:45 Saved config file successfully
16:01:45 saveConfig: auto-save-60s
16:01:45 Saving config file
16:01:45 Saved config file successfully
16:01:45 saveConfig: auto-save-60s
16:01:45 Saving config file
16:01:45 Saved config file successfully
16:02:45 saveConfig: auto-save-60s
16:02:45 Saving config file
16:02:45 Saved config file successfully
16:02:45 saveConfig: auto-save-60s
16:02:45 Saving config file
16:02:45 Saved config file successfully
16:03:45 saveConfig: auto-save-60s
16:03:45 Saving config file
16:03:45 Saved config file successfully
16:03:45 saveConfig: auto-save-60s
16:03:45 Saving config file
16:03:45 Saved config file successfully
16:04:45 saveConfig: auto-save-60s
16:04:45 Saving config file
16:04:45 Saved config file successfully
16:04:45 saveConfig: auto-save-60s
16:04:45 Saving config file
16:04:45 Saved config file successfully
16:05:45 saveConfig: auto-save-60s
16:05:45 Saving config file
16:05:45 Saved config file successfully
16:05:45 saveConfig: auto-save-60s
16:05:45 Saving config file
16:05:45 Saved config file successfully
16:06:45 saveConfig: auto-save-60s
16:06:45 Saving config file
16:06:45 Saved config file successfully
16:06:45 saveConfig: auto-save-60s
16:06:45 Saving config file
16:06:45 Saved config file successfully
16:07:45 saveConfig: auto-save-60s
16:07:45 Saving config file
16:07:45 Saved config file successfully
16:07:45 saveConfig: auto-save-60s
16:07:45 Saving config file
16:07:45 Saved config file successfully
16:08:45 saveConfig: auto-save-60s
16:08:45 Saving config file
16:08:45 Saved config file successfully
16:08:45 saveConfig: auto-save-60s
16:08:45 Saving config file
16:08:45 Saved config file successfully
16:09:45 saveConfig: auto-save-60s
16:09:45 Saving config file
16:09:45 Saved config file successfully
16:09:45 saveConfig: auto-save-60s
16:09:45 Saving config file
16:09:45 Saved config file successfully
16:10:45 saveConfig: auto-save-60s
16:10:45 Saving config file
16:10:45 Saved config file successfully
16:10:45 saveConfig: auto-save-60s
16:10:45 Saving config file
16:10:45 Saved config file successfully
16:11:45 saveConfig: auto-save-60s
16:11:45 Saving config file
16:11:45 Saved config file successfully
16:11:45 saveConfig: auto-save-60s
16:11:45 Saving config file
16:11:45 Saved config file successfully
16:12:45 saveConfig: auto-save-60s
16:12:45 Saving config file
16:12:45 Saved config file successfully
16:12:45 saveConfig: auto-save-60s
16:12:45 Saving config file
16:12:45 Saved config file successfully
16:13:45 saveConfig: auto-save-60s
16:13:45 Saving config file
16:13:45 Saved config file successfully
16:13:45 saveConfig: auto-save-60s
16:13:45 Saving config file
16:13:45 Saved config file successfully
16:14:45 saveConfig: auto-save-60s
16:14:45 Saving config file
16:14:45 Saved config file successfully
16:14:45 saveConfig: auto-save-60s
16:14:45 Saving config file
16:14:45 Saved config file successfully
16:15:45 saveConfig: auto-save-60s
16:15:45 Saving config file
16:15:45 Saved config file successfully
16:15:45 saveConfig: auto-save-60s
16:15:45 Saving config file
16:15:45 Saved config file successfully
16:16:45 saveConfig: auto-save-60s
16:16:45 Saving config file
16:16:45 Saved config file successfully
16:16:45 saveConfig: auto-save-60s
16:16:45 Saving config file
16:16:45 Saved config file successfully
16:17:45 saveConfig: auto-save-60s
16:17:45 Saving config file
16:17:45 Saved config file successfully
16:17:45 saveConfig: auto-save-60s
16:17:45 Saving config file
16:17:45 Saved config file successfully
16:18:45 saveConfig: auto-save-60s
16:18:45 Saving config file
16:18:45 Saved config file successfully
16:18:45 saveConfig: auto-save-60s
16:18:45 Saving config file
16:18:45 Saved config file successfully
16:19:45 saveConfig: auto-save-60s
16:19:45 Saving config file
16:19:45 Saved config file successfully
16:19:45 saveConfig: auto-save-60s
16:19:45 Saving config file
16:19:45 Saved config file successfully
16:20:45 saveConfig: auto-save-60s
16:20:45 Saving config file
16:20:45 Saved config file successfully
16:20:45 saveConfig: auto-save-60s
16:20:45 Saving config file
16:20:45 Saved config file successfully
16:21:45 saveConfig: auto-save-60s
16:21:45 Saving config file
16:21:45 Saved config file successfully
16:21:45 saveConfig: auto-save-60s
16:21:45 Saving config file
16:21:45 Saved config file successfully
16:22:45 saveConfig: auto-save-60s
16:22:45 Saving config file
16:22:45 Saved config file successfully
16:22:45 saveConfig: auto-save-60s
16:22:45 Saving config file
16:22:45 Saved config file successfully
16:23:45 saveConfig: auto-save-60s
16:23:45 Saving config file
16:23:45 Saved config file successfully
16:23:45 saveConfig: auto-save-60s
16:23:45 Saving config file
16:23:45 Saved config file successfully
16:24:45 saveConfig: auto-save-60s
16:24:45 Saving config file
16:24:45 Saved config file successfully
16:24:45 saveConfig: auto-save-60s
16:24:45 Saving config file
16:24:45 Saved config file successfully
16:25:45 saveConfig: auto-save-60s
16:25:45 Saving config file
16:25:45 Saved config file successfully
16:25:45 saveConfig: auto-save-60s
16:25:45 Saving config file
16:25:45 Saved config file successfully
16:26:45 saveConfig: auto-save-60s
16:26:45 Saving config file
16:26:45 Saved config file successfully
16:26:45 saveConfig: auto-save-60s
16:26:45 Saving config file
16:26:45 Saved config file successfully
16:27:45 saveConfig: auto-save-60s
16:27:45 Saving config file
16:27:45 Saved config file successfully
16:27:45 saveConfig: auto-save-60s
16:27:45 Saving config file
16:27:45 Saved config file successfully
16:28:45 saveConfig: auto-save-60s
16:28:45 Saving config file
16:28:45 Saved config file successfully
16:28:45 saveConfig: auto-save-60s
16:28:45 Saving config file
16:28:45 Saved config file successfully
16:29:45 saveConfig: auto-save-60s
16:29:45 Saving config file
16:29:45 Saved config file successfully
16:29:45 saveConfig: auto-save-60s
16:29:45 Saving config file
16:29:45 Saved config file successfully
16:30:45 saveConfig: auto-save-60s
16:30:45 Saving config file
16:30:45 Saved config file successfully
16:30:45 saveConfig: auto-save-60s
16:30:45 Saving config file
16:30:45 Saved config file successfully
16:31:45 saveConfig: auto-save-60s
16:31:45 Saving config file
16:31:45 Saved config file successfully
16:31:45 saveConfig: auto-save-60s
16:31:45 Saving config file
16:31:45 Saved config file successfully
16:32:45 saveConfig: auto-save-60s
16:32:45 Saving config file
16:32:45 Saved config file successfully
16:32:45 saveConfig: auto-save-60s
16:32:45 Saving config file
16:32:45 Saved config file successfully
16:33:45 saveConfig: auto-save-60s
16:33:45 Saving config file
16:33:45 Saved config file successfully
16:33:45 saveConfig: auto-save-60s
16:33:45 Saving config file
16:33:45 Saved config file successfully
16:34:45 saveConfig: auto-save-60s
16:34:45 Saving config file
16:34:45 Saved config file successfully
16:34:45 saveConfig: auto-save-60s
16:34:45 Saving config file
16:34:45 Saved config file successfully
16:35:45 saveConfig: auto-save-60s
16:35:45 Saving config file
16:35:45 Saved config file successfully
16:35:45 saveConfig: auto-save-60s
16:35:45 Saving config file
16:35:45 Saved config file successfully
16:36:45 saveConfig: auto-save-60s
16:36:45 Saving config file
16:36:45 Saved config file successfully
16:36:45 saveConfig: auto-save-60s
16:36:45 Saving config file
16:36:45 Saved config file successfully
16:37:45 saveConfig: auto-save-60s
16:37:45 Saving config file
16:37:45 Saved config file successfully
16:37:45 saveConfig: auto-save-60s
16:37:45 Saving config file
16:37:45 Saved config file successfully
16:38:45 saveConfig: auto-save-60s
16:38:45 Saving config file
16:38:45 Saved config file successfully
16:38:45 saveConfig: auto-save-60s
16:38:45 Saving config file
16:38:45 Saved config file successfully
16:39:45 saveConfig: auto-save-60s
16:39:45 Saving config file
16:39:45 Saved config file successfully
16:39:45 saveConfig: auto-save-60s
16:39:45 Saving config file
16:39:45 Saved config file successfully
16:40:45 saveConfig: auto-save-60s
16:40:45 Saving config file
16:40:45 Saved config file successfully
16:40:45 saveConfig: auto-save-60s
16:40:45 Saving config file
16:40:45 Saved config file successfully
16:40:49 saveConfig: saving-data
16:40:49 Saving pets file
16:40:49 Saved pets file successfully
16:40:49 saveConfig: saving-data
16:40:49 Saving pets file
16:40:49 Saved pets file successfully
16:41:20 saveConfig: saving-data
16:41:20 Saving pets file
16:41:20 Saved pets file successfully
16:41:20 saveConfig: saving-data
16:41:20 Saving pets file
16:41:20 Saved pets file successfully
16:41:45 saveConfig: auto-save-60s
16:41:45 Saving config file
16:41:45 Saved config file successfully
16:41:45 saveConfig: auto-save-60s
16:41:45 Saving config file
16:41:45 Saved config file successfully
16:41:51 saveConfig: saving-data
16:41:51 Saving pets file
16:41:51 Saved pets file successfully
16:41:51 saveConfig: saving-data
16:41:51 Saving pets file
16:41:51 Saved pets file successfully
16:42:45 saveConfig: auto-save-60s
16:42:45 Saving config file
16:42:45 Saved config file successfully
16:42:45 saveConfig: auto-save-60s
16:42:45 Saving config file
16:42:45 Saved config file successfully
16:43:45 saveConfig: auto-save-60s
16:43:45 Saving config file
16:43:45 Saved config file successfully
16:43:45 saveConfig: auto-save-60s
16:43:45 Saving config file
16:43:45 Saved config file successfully
16:44:45 saveConfig: auto-save-60s
16:44:45 Saving config file
16:44:45 Saved config file successfully
16:44:45 saveConfig: auto-save-60s
16:44:45 Saving config file
16:44:45 Saved config file successfully
16:45:45 saveConfig: auto-save-60s
16:45:45 Saving config file
16:45:45 Saved config file successfully
16:45:45 saveConfig: auto-save-60s
16:45:45 Saving config file
16:45:45 Saved config file successfully
16:46:45 saveConfig: auto-save-60s
16:46:45 Saving config file
16:46:45 Saved config file successfully
16:46:45 saveConfig: auto-save-60s
16:46:45 Saving config file
16:46:45 Saved config file successfully
16:47:45 saveConfig: auto-save-60s
16:47:45 Saving config file
16:47:45 Saved config file successfully
16:47:45 saveConfig: auto-save-60s
16:47:45 Saving config file
16:47:45 Saved config file successfully
16:48:45 saveConfig: auto-save-60s
16:48:45 Saving config file
16:48:45 Saved config file successfully
16:48:45 saveConfig: auto-save-60s
16:48:45 Saving config file
16:48:45 Saved config file successfully
16:49:45 saveConfig: auto-save-60s
16:49:45 Saving config file
16:49:45 Saved config file successfully
16:49:45 saveConfig: auto-save-60s
16:49:45 Saving config file
16:49:45 Saved config file successfully
16:50:45 saveConfig: auto-save-60s
16:50:45 Saving config file
16:50:45 Saved config file successfully
16:50:45 saveConfig: auto-save-60s
16:50:45 Saving config file
16:50:45 Saved config file successfully
16:50:57 saveConfig: saving-data
16:50:57 Saving pets file
16:50:57 Saved pets file successfully
16:50:57 saveConfig: saving-data
16:50:57 Saving pets file
16:50:57 Saved pets file successfully
16:51:28 saveConfig: saving-data
16:51:28 Saving pets file
16:51:28 Saved pets file successfully
16:51:28 saveConfig: saving-data
16:51:28 Saving pets file
16:51:28 Saved pets file successfully
16:51:45 saveConfig: auto-save-60s
16:51:45 Saving config file
16:51:45 Saved config file successfully
16:51:45 saveConfig: auto-save-60s
16:51:45 Saving config file
16:51:45 Saved config file successfully
16:52:45 saveConfig: auto-save-60s
16:52:45 Saving config file
16:52:45 Saved config file successfully
16:52:45 saveConfig: auto-save-60s
16:52:45 Saving config file
16:52:45 Saved config file successfully
16:53:45 saveConfig: auto-save-60s
16:53:45 Saving config file
16:53:45 Saved config file successfully
16:53:45 saveConfig: auto-save-60s
16:53:45 Saving config file
16:53:45 Saved config file successfully
16:54:45 saveConfig: auto-save-60s
16:54:45 Saving config file
16:54:45 Saved config file successfully
16:54:45 saveConfig: auto-save-60s
16:54:45 Saving config file
16:54:45 Saved config file successfully
16:55:45 saveConfig: auto-save-60s
16:55:45 Saving config file
16:55:45 Saved config file successfully
16:55:45 saveConfig: auto-save-60s
16:55:45 Saving config file
16:55:45 Saved config file successfully
16:56:45 saveConfig: auto-save-60s
16:56:45 Saving config file
16:56:45 Saved config file successfully
16:56:45 saveConfig: auto-save-60s
16:56:45 Saving config file
16:56:45 Saved config file successfully
16:57:45 saveConfig: auto-save-60s
16:57:45 Saving config file
16:57:45 Saved config file successfully
16:57:45 saveConfig: auto-save-60s
16:57:45 Saving config file
16:57:45 Saved config file successfully
16:58:45 saveConfig: auto-save-60s
16:58:45 Saving config file
16:58:45 Saved config file successfully
16:58:45 saveConfig: auto-save-60s
16:58:45 Saving config file
16:58:45 Saved config file successfully
16:59:45 saveConfig: auto-save-60s
16:59:45 Saving config file
16:59:45 Saved config file successfully
16:59:45 saveConfig: auto-save-60s
16:59:45 Saving config file
16:59:45 Saved config file successfully
16:59:56 saveConfig: Save file
16:59:56 Saving friends file
16:59:56 Saved friends file successfully
16:59:56 saveConfig: Save file
16:59:56 Saving friends file
16:59:56 Saved friends file successfully
17:00:45 saveConfig: auto-save-60s
17:00:45 Saving config file
17:00:45 Saved config file successfully
17:00:45 saveConfig: auto-save-60s
17:00:45 Saving config file
17:00:45 Saved config file successfully
17:00:57 saveConfig: saving-data
17:00:57 Saving pets file
17:00:57 Saved pets file successfully
17:00:57 saveConfig: saving-data
17:00:57 Saving pets file
17:00:57 Saved pets file successfully
17:01:28 saveConfig: saving-data
17:01:28 Saving pets file
17:01:28 Saved pets file successfully
17:01:28 saveConfig: saving-data
17:01:28 Saving pets file
17:01:28 Saved pets file successfully
17:01:45 saveConfig: auto-save-60s
17:01:45 Saving config file
17:01:45 Saved config file successfully
17:01:45 saveConfig: auto-save-60s
17:01:45 Saving config file
17:01:45 Saved config file successfully
17:01:59 saveConfig: saving-data
17:01:59 Saving pets file
17:01:59 Saved pets file successfully
17:01:59 saveConfig: saving-data
17:01:59 Saving pets file
17:01:59 Saved pets file successfully
17:02:30 saveConfig: saving-data
17:02:30 Saving pets file
17:02:30 Saved pets file successfully
17:02:30 saveConfig: saving-data
17:02:30 Saving pets file
17:02:30 Saved pets file successfully
17:02:45 saveConfig: auto-save-60s
17:02:45 Saving config file
17:02:45 Saved config file successfully
17:02:45 saveConfig: auto-save-60s
17:02:45 Saving config file
17:02:45 Saved config file successfully
17:03:45 saveConfig: auto-save-60s
17:03:45 Saving config file
17:03:45 Saved config file successfully
17:03:45 saveConfig: auto-save-60s
17:03:45 Saving config file
17:03:45 Saved config file successfully
17:04:45 saveConfig: auto-save-60s
17:04:45 Saving config file
17:04:45 Saved config file successfully
17:04:45 saveConfig: auto-save-60s
17:04:45 Saving config file
17:04:45 Saved config file successfully
17:05:45 saveConfig: auto-save-60s
17:05:45 Saving config file
17:05:45 Saved config file successfully
17:05:45 saveConfig: auto-save-60s
17:05:45 Saving config file
17:05:45 Saved config file successfully
17:06:45 saveConfig: auto-save-60s
17:06:45 Saving config file
17:06:45 Saved config file successfully
17:06:45 saveConfig: auto-save-60s
17:06:45 Saving config file
17:06:45 Saved config file successfully
17:07:45 saveConfig: auto-save-60s
17:07:45 Saving config file
17:07:45 Saved config file successfully
17:07:45 saveConfig: auto-save-60s
17:07:45 Saving config file
17:07:45 Saved config file successfully
17:08:45 saveConfig: auto-save-60s
17:08:45 Saving config file
17:08:45 Saved config file successfully
17:08:45 saveConfig: auto-save-60s
17:08:45 Saving config file
17:08:45 Saved config file successfully
17:09:45 saveConfig: auto-save-60s
17:09:45 Saving config file
17:09:45 Saved config file successfully
17:09:45 saveConfig: auto-save-60s
17:09:45 Saving config file
17:09:45 Saved config file successfully
17:10:45 saveConfig: auto-save-60s
17:10:45 Saving config file
17:10:45 Saved config file successfully
17:10:45 saveConfig: auto-save-60s
17:10:45 Saving config file
17:10:45 Saved config file successfully
17:11:45 saveConfig: auto-save-60s
17:11:45 Saving config file
17:11:45 Saved config file successfully
17:11:45 saveConfig: auto-save-60s
17:11:45 Saving config file
17:11:45 Saved config file successfully
17:12:45 saveConfig: auto-save-60s
17:12:45 Saving config file
17:12:45 Saved config file successfully
17:12:45 saveConfig: auto-save-60s
17:12:45 Saving config file
17:12:45 Saved config file successfully
17:13:45 saveConfig: auto-save-60s
17:13:45 Saving config file
17:13:45 Saved config file successfully
17:13:45 saveConfig: auto-save-60s
17:13:45 Saving config file
17:13:45 Saved config file successfully
17:14:45 saveConfig: auto-save-60s
17:14:45 Saving config file
17:14:45 Saved config file successfully
17:14:45 saveConfig: auto-save-60s
17:14:45 Saving config file
17:14:45 Saved config file successfully
17:15:45 saveConfig: auto-save-60s
17:15:45 Saving config file
17:15:45 Saved config file successfully
17:15:45 saveConfig: auto-save-60s
17:15:45 Saving config file
17:15:45 Saved config file successfully
17:16:45 saveConfig: auto-save-60s
17:16:45 Saving config file
17:16:45 Saved config file successfully
17:16:45 saveConfig: auto-save-60s
17:16:45 Saving config file
17:16:45 Saved config file successfully
17:17:45 saveConfig: auto-save-60s
17:17:45 Saving config file
17:17:45 Saved config file successfully
17:17:45 saveConfig: auto-save-60s
17:17:45 Saving config file
17:17:45 Saved config file successfully
17:18:45 saveConfig: auto-save-60s
17:18:45 Saving config file
17:18:45 Saved config file successfully
17:18:45 saveConfig: auto-save-60s
17:18:45 Saving config file
17:18:45 Saved config file successfully
17:19:45 saveConfig: auto-save-60s
17:19:45 Saving config file
17:19:45 Saved config file successfully
17:19:45 saveConfig: auto-save-60s
17:19:45 Saving config file
17:19:45 Saved config file successfully
17:20:45 saveConfig: auto-save-60s
17:20:45 Saving config file
17:20:45 Saved config file successfully
17:20:45 saveConfig: auto-save-60s
17:20:45 Saving config file
17:20:45 Saved config file successfully
17:21:45 saveConfig: auto-save-60s
17:21:45 Saving config file
17:21:45 Saved config file successfully
17:21:45 saveConfig: auto-save-60s
17:21:45 Saving config file
17:21:45 Saved config file successfully
17:22:45 saveConfig: auto-save-60s
17:22:45 Saving config file
17:22:45 Saved config file successfully
17:22:45 saveConfig: auto-save-60s
17:22:45 Saving config file
17:22:45 Saved config file successfully
17:23:45 saveConfig: auto-save-60s
17:23:45 Saving config file
17:23:45 Saved config file successfully
17:23:45 saveConfig: auto-save-60s
17:23:45 Saving config file
17:23:45 Saved config file successfully
17:24:45 saveConfig: auto-save-60s
17:24:45 Saving config file
17:24:45 Saved config file successfully
17:24:45 saveConfig: auto-save-60s
17:24:45 Saving config file
17:24:45 Saved config file successfully
17:25:45 saveConfig: auto-save-60s
17:25:45 Saving config file
17:25:45 Saved config file successfully
17:25:45 saveConfig: auto-save-60s
17:25:45 Saving config file
17:25:45 Saved config file successfully
17:26:45 saveConfig: auto-save-60s
17:26:45 Saving config file
17:26:45 Saved config file successfully
17:26:45 saveConfig: auto-save-60s
17:26:45 Saving config file
17:26:45 Saved config file successfully
17:27:45 saveConfig: auto-save-60s
17:27:45 Saving config file
17:27:45 Saved config file successfully
17:27:45 saveConfig: auto-save-60s
17:27:45 Saving config file
17:27:45 Saved config file successfully
17:28:45 saveConfig: auto-save-60s
17:28:45 Saving config file
17:28:45 Saved config file successfully
17:28:45 saveConfig: auto-save-60s
17:28:45 Saving config file
17:28:45 Saved config file successfully
17:29:45 saveConfig: auto-save-60s
17:29:45 Saving config file
17:29:45 Saved config file successfully
17:29:45 saveConfig: auto-save-60s
17:29:45 Saving config file
17:29:45 Saved config file successfully
17:30:45 saveConfig: auto-save-60s
17:30:45 Saving config file
17:30:45 Saved config file successfully
17:30:45 saveConfig: auto-save-60s
17:30:45 Saving config file
17:30:45 Saved config file successfully
17:31:45 saveConfig: auto-save-60s
17:31:45 Saving config file
17:31:45 Saved config file successfully
17:31:45 saveConfig: auto-save-60s
17:31:45 Saving config file
17:31:45 Saved config file successfully
17:32:45 saveConfig: auto-save-60s
17:32:45 Saving config file
17:32:45 Saved config file successfully
17:32:45 saveConfig: auto-save-60s
17:32:45 Saving config file
17:32:45 Saved config file successfully
17:33:45 saveConfig: auto-save-60s
17:33:45 Saving config file
17:33:45 Saved config file successfully
17:33:45 saveConfig: auto-save-60s
17:33:45 Saving config file
17:33:45 Saved config file successfully
17:34:45 saveConfig: auto-save-60s
17:34:45 Saving config file
17:34:45 Saved config file successfully
17:34:45 saveConfig: auto-save-60s
17:34:45 Saving config file
17:34:45 Saved config file successfully
17:35:45 saveConfig: auto-save-60s
17:35:45 Saving config file
17:35:45 Saved config file successfully
17:35:45 saveConfig: auto-save-60s
17:35:45 Saving config file
17:35:45 Saved config file successfully
17:36:45 saveConfig: auto-save-60s
17:36:45 Saving config file
17:36:45 Saved config file successfully
17:36:45 saveConfig: auto-save-60s
17:36:45 Saving config file
17:36:45 Saved config file successfully
17:37:45 saveConfig: auto-save-60s
17:37:45 Saving config file
17:37:45 Saved config file successfully
17:37:45 saveConfig: auto-save-60s
17:37:45 Saving config file
17:37:45 Saved config file successfully
17:38:45 saveConfig: auto-save-60s
17:38:45 Saving config file
17:38:45 Saved config file successfully
17:38:45 saveConfig: auto-save-60s
17:38:45 Saving config file
17:38:45 Saved config file successfully
17:39:45 saveConfig: auto-save-60s
17:39:45 Saving config file
17:39:45 Saved config file successfully
17:39:45 saveConfig: auto-save-60s
17:39:45 Saving config file
17:39:45 Saved config file successfully
17:40:45 saveConfig: auto-save-60s
17:40:45 Saving config file
17:40:45 Saved config file successfully
17:40:45 saveConfig: auto-save-60s
17:40:45 Saving config file
17:40:45 Saved config file successfully
17:41:45 saveConfig: auto-save-60s
17:41:45 Saving config file
17:41:45 Saved config file successfully
17:41:45 saveConfig: auto-save-60s
17:41:45 Saving config file
17:41:45 Saved config file successfully
17:42:45 saveConfig: auto-save-60s
17:42:45 Saving config file
17:42:45 Saved config file successfully
17:42:45 saveConfig: auto-save-60s
17:42:45 Saving config file
17:42:45 Saved config file successfully
17:43:45 saveConfig: auto-save-60s
17:43:45 Saving config file
17:43:45 Saved config file successfully
17:43:45 saveConfig: auto-save-60s
17:43:45 Saving config file
17:43:45 Saved config file successfully
17:44:45 saveConfig: auto-save-60s
17:44:45 Saving config file
17:44:45 Saved config file successfully
17:44:45 saveConfig: auto-save-60s
17:44:45 Saving config file
17:44:45 Saved config file successfully
17:45:45 saveConfig: auto-save-60s
17:45:45 Saving config file
17:45:45 Saved config file successfully
17:45:45 saveConfig: auto-save-60s
17:45:45 Saving config file
17:45:45 Saved config file successfully
17:46:45 saveConfig: auto-save-60s
17:46:45 Saving config file
17:46:45 Saved config file successfully
17:46:45 saveConfig: auto-save-60s
17:46:45 Saving config file
17:46:45 Saved config file successfully
17:47:45 saveConfig: auto-save-60s
17:47:45 Saving config file
17:47:45 Saved config file successfully
17:47:45 saveConfig: auto-save-60s
17:47:45 Saving config file
17:47:45 Saved config file successfully
17:48:45 saveConfig: auto-save-60s
17:48:45 Saving config file
17:48:45 Saved config file successfully
17:48:45 saveConfig: auto-save-60s
17:48:45 Saving config file
17:48:45 Saved config file successfully
17:49:45 saveConfig: auto-save-60s
17:49:45 Saving config file
17:49:45 Saved config file successfully
17:49:45 saveConfig: auto-save-60s
17:49:45 Saving config file
17:49:45 Saved config file successfully
17:50:45 saveConfig: auto-save-60s
17:50:45 Saving config file
17:50:45 Saved config file successfully
17:50:45 saveConfig: auto-save-60s
17:50:45 Saving config file
17:50:45 Saved config file successfully
17:51:45 saveConfig: auto-save-60s
17:51:45 Saving config file
17:51:45 Saved config file successfully
17:51:45 saveConfig: auto-save-60s
17:51:45 Saving config file
17:51:45 Saved config file successfully
17:52:45 saveConfig: auto-save-60s
17:52:45 Saving config file
17:52:45 Saved config file successfully
17:52:45 saveConfig: auto-save-60s
17:52:45 Saving config file
17:52:45 Saved config file successfully
17:53:45 saveConfig: auto-save-60s
17:53:45 Saving config file
17:53:45 Saved config file successfully
17:53:45 saveConfig: auto-save-60s
17:53:45 Saving config file
17:53:45 Saved config file successfully
17:54:45 saveConfig: auto-save-60s
17:54:45 Saving config file
17:54:45 Saved config file successfully
17:54:45 saveConfig: auto-save-60s
17:54:45 Saving config file
17:54:45 Saved config file successfully
17:55:45 saveConfig: auto-save-60s
17:55:45 Saving config file
17:55:45 Saved config file successfully
17:55:45 saveConfig: auto-save-60s
17:55:45 Saving config file
17:55:45 Saved config file successfully
17:56:45 saveConfig: auto-save-60s
17:56:45 Saving config file
17:56:45 Saved config file successfully
17:56:45 saveConfig: auto-save-60s
17:56:45 Saving config file
17:56:45 Saved config file successfully
17:57:45 saveConfig: auto-save-60s
17:57:45 Saving config file
17:57:45 Saved config file successfully
17:57:45 saveConfig: auto-save-60s
17:57:45 Saving config file
17:57:45 Saved config file successfully
17:58:45 saveConfig: auto-save-60s
17:58:45 Saving config file
17:58:45 Saved config file successfully
17:58:45 saveConfig: auto-save-60s
17:58:45 Saving config file
17:58:45 Saved config file successfully
17:59:45 saveConfig: auto-save-60s
17:59:45 Saving config file
17:59:45 Saved config file successfully
17:59:45 saveConfig: auto-save-60s
17:59:45 Saving config file
17:59:45 Saved config file successfully
18:00:45 saveConfig: auto-save-60s
18:00:45 Saving config file
18:00:45 Saved config file successfully
18:00:45 saveConfig: auto-save-60s
18:00:45 Saving config file
18:00:45 Saved config file successfully
18:01:45 saveConfig: auto-save-60s
18:01:45 Saving config file
18:01:45 Saved config file successfully
18:01:45 saveConfig: auto-save-60s
18:01:45 Saving config file
18:01:45 Saved config file successfully
18:02:45 saveConfig: auto-save-60s
18:02:45 Saving config file
18:02:45 Saved config file successfully
18:02:45 saveConfig: auto-save-60s
18:02:45 Saving config file
18:02:45 Saved config file successfully
18:03:45 saveConfig: auto-save-60s
18:03:45 Saving config file
18:03:45 Saved config file successfully
18:03:45 saveConfig: auto-save-60s
18:03:45 Saving config file
18:03:45 Saved config file successfully
18:04:45 saveConfig: auto-save-60s
18:04:45 Saving config file
18:04:45 Saved config file successfully
18:04:45 saveConfig: auto-save-60s
18:04:45 Saving config file
18:04:45 Saved config file successfully
18:05:45 saveConfig: auto-save-60s
18:05:45 Saving config file
18:05:45 Saved config file successfully
18:05:45 saveConfig: auto-save-60s
18:05:45 Saving config file
18:05:45 Saved config file successfully
18:06:45 saveConfig: auto-save-60s
18:06:45 Saving config file
18:06:45 Saved config file successfully
18:06:45 saveConfig: auto-save-60s
18:06:45 Saving config file
18:06:45 Saved config file successfully
18:07:45 saveConfig: auto-save-60s
18:07:45 Saving config file
18:07:45 Saved config file successfully
18:07:45 saveConfig: auto-save-60s
18:07:45 Saving config file
18:07:45 Saved config file successfully
18:08:45 saveConfig: auto-save-60s
18:08:45 Saving config file
18:08:45 Saved config file successfully
18:08:45 saveConfig: auto-save-60s
18:08:45 Saving config file
18:08:45 Saved config file successfully
18:09:45 saveConfig: auto-save-60s
18:09:45 Saving config file
18:09:45 Saved config file successfully
18:09:45 saveConfig: auto-save-60s
18:09:45 Saving config file
18:09:45 Saved config file successfully
18:10:45 saveConfig: auto-save-60s
18:10:45 Saving config file
18:10:45 Saved config file successfully
18:10:45 saveConfig: auto-save-60s
18:10:45 Saving config file
18:10:45 Saved config file successfully
18:11:45 saveConfig: auto-save-60s
18:11:45 Saving config file
18:11:45 Saved config file successfully
18:11:45 saveConfig: auto-save-60s
18:11:45 Saving config file
18:11:45 Saved config file successfully
18:12:45 saveConfig: auto-save-60s
18:12:45 Saving config file
18:12:45 Saved config file successfully
18:12:45 saveConfig: auto-save-60s
18:12:45 Saving config file
18:12:45 Saved config file successfully
18:13:45 saveConfig: auto-save-60s
18:13:45 Saving config file
18:13:45 Saved config file successfully
18:13:45 saveConfig: auto-save-60s
18:13:45 Saving config file
18:13:45 Saved config file successfully
18:14:45 saveConfig: auto-save-60s
18:14:45 Saving config file
18:14:45 Saved config file successfully
18:14:45 saveConfig: auto-save-60s
18:14:45 Saving config file
18:14:45 Saved config file successfully
18:15:45 saveConfig: auto-save-60s
18:15:45 Saving config file
18:15:45 Saved config file successfully
18:15:45 saveConfig: auto-save-60s
18:15:45 Saving config file
18:15:45 Saved config file successfully
18:16:45 saveConfig: auto-save-60s
18:16:45 Saving config file
18:16:45 Saved config file successfully
18:16:45 saveConfig: auto-save-60s
18:16:45 Saving config file
18:16:45 Saved config file successfully
18:17:45 saveConfig: auto-save-60s
18:17:45 Saving config file
18:17:45 Saved config file successfully
18:17:45 saveConfig: auto-save-60s
18:17:45 Saving config file
18:17:45 Saved config file successfully
18:18:45 saveConfig: auto-save-60s
18:18:45 Saving config file
18:18:45 Saved config file successfully
18:18:45 saveConfig: auto-save-60s
18:18:45 Saving config file
18:18:45 Saved config file successfully
18:19:45 saveConfig: auto-save-60s
18:19:45 Saving config file
18:19:45 Saved config file successfully
18:19:45 saveConfig: auto-save-60s
18:19:45 Saving config file
18:19:45 Saved config file successfully
18:20:45 saveConfig: auto-save-60s
18:20:45 Saving config file
18:20:45 Saved config file successfully
18:20:45 saveConfig: auto-save-60s
18:20:45 Saving config file
18:20:45 Saved config file successfully
18:21:45 saveConfig: auto-save-60s
18:21:45 Saving config file
18:21:45 Saved config file successfully
18:21:45 saveConfig: auto-save-60s
18:21:45 Saving config file
18:21:45 Saved config file successfully
18:22:45 saveConfig: auto-save-60s
18:22:45 Saving config file
18:22:45 Saved config file successfully
18:22:45 saveConfig: auto-save-60s
18:22:45 Saving config file
18:22:45 Saved config file successfully
18:23:45 saveConfig: auto-save-60s
18:23:45 Saving config file
18:23:45 Saved config file successfully
18:23:45 saveConfig: auto-save-60s
18:23:45 Saving config file
18:23:45 Saved config file successfully
18:24:45 saveConfig: auto-save-60s
18:24:45 Saving config file
18:24:45 Saved config file successfully
18:24:45 saveConfig: auto-save-60s
18:24:45 Saving config file
18:24:45 Saved config file successfully
18:25:45 saveConfig: auto-save-60s
18:25:45 Saving config file
18:25:45 Saved config file successfully
18:25:45 saveConfig: auto-save-60s
18:25:45 Saving config file
18:25:45 Saved config file successfully
18:26:45 saveConfig: auto-save-60s
18:26:45 Saving config file
18:26:45 Saved config file successfully
18:26:45 saveConfig: auto-save-60s
18:26:45 Saving config file
18:26:45 Saved config file successfully
18:27:45 saveConfig: auto-save-60s
18:27:45 Saving config file
18:27:45 Saved config file successfully
18:27:45 saveConfig: auto-save-60s
18:27:45 Saving config file
18:27:45 Saved config file successfully
18:28:45 saveConfig: auto-save-60s
18:28:45 Saving config file
18:28:45 Saved config file successfully
18:28:45 saveConfig: auto-save-60s
18:28:45 Saving config file
18:28:45 Saved config file successfully
18:29:45 saveConfig: auto-save-60s
18:29:45 Saving config file
18:29:45 Saved config file successfully
18:29:45 saveConfig: auto-save-60s
18:29:45 Saving config file
18:29:45 Saved config file successfully
18:30:45 saveConfig: auto-save-60s
18:30:45 Saving config file
18:30:45 Saved config file successfully
18:30:45 saveConfig: auto-save-60s
18:30:45 Saving config file
18:30:45 Saved config file successfully
18:31:45 saveConfig: auto-save-60s
18:31:45 Saving config file
18:31:45 Saved config file successfully
18:31:45 saveConfig: auto-save-60s
18:31:45 Saving config file
18:31:45 Saved config file successfully
18:32:45 saveConfig: auto-save-60s
18:32:45 Saving config file
18:32:45 Saved config file successfully
18:32:45 saveConfig: auto-save-60s
18:32:45 Saving config file
18:32:45 Saved config file successfully
18:33:45 saveConfig: auto-save-60s
18:33:45 Saving config file
18:33:45 Saved config file successfully
18:33:45 saveConfig: auto-save-60s
18:33:45 Saving config file
18:33:45 Saved config file successfully
18:34:45 saveConfig: auto-save-60s
18:34:45 Saving config file
18:34:45 Saved config file successfully
18:34:45 saveConfig: auto-save-60s
18:34:45 Saving config file
18:34:45 Saved config file successfully
18:35:45 saveConfig: auto-save-60s
18:35:45 Saving config file
18:35:45 Saved config file successfully
18:35:45 saveConfig: auto-save-60s
18:35:45 Saving config file
18:35:45 Saved config file successfully
18:36:45 saveConfig: auto-save-60s
18:36:45 Saving config file
18:36:45 Saved config file successfully
18:36:45 saveConfig: auto-save-60s
18:36:45 Saving config file
18:36:45 Saved config file successfully
18:36:58 saveConfig: saving-data
18:36:58 Saving pets file
18:36:58 Saved pets file successfully
18:36:58 saveConfig: saving-data
18:36:58 Saving pets file
18:36:58 Saved pets file successfully
18:37:29 saveConfig: saving-data
18:37:29 Saving pets file
18:37:29 Saved pets file successfully
18:37:29 saveConfig: saving-data
18:37:29 Saving pets file
18:37:29 Saved pets file successfully
18:37:45 saveConfig: auto-save-60s
18:37:45 Saving config file
18:37:45 Saved config file successfully
18:37:45 saveConfig: auto-save-60s
18:37:45 Saving config file
18:37:45 Saved config file successfully
18:38:45 saveConfig: auto-save-60s
18:38:45 Saving config file
18:38:45 Saved config file successfully
18:38:45 saveConfig: auto-save-60s
18:38:45 Saving config file
18:38:45 Saved config file successfully
18:39:45 saveConfig: auto-save-60s
18:39:45 Saving config file
18:39:45 Saved config file successfully
18:39:45 saveConfig: auto-save-60s
18:39:45 Saving config file
18:39:45 Saved config file successfully
18:40:45 saveConfig: auto-save-60s
18:40:45 Saving config file
18:40:45 Saved config file successfully
18:40:45 saveConfig: auto-save-60s
18:40:45 Saving config file
18:40:45 Saved config file successfully
18:41:45 saveConfig: auto-save-60s
18:41:45 Saving config file
18:41:45 Saved config file successfully
18:41:45 saveConfig: auto-save-60s
18:41:45 Saving config file
18:41:45 Saved config file successfully
18:42:45 saveConfig: auto-save-60s
18:42:45 Saving config file
18:42:45 Saved config file successfully
18:42:45 saveConfig: auto-save-60s
18:42:45 Saving config file
18:42:45 Saved config file successfully
18:43:45 saveConfig: auto-save-60s
18:43:45 Saving config file
18:43:45 Saved config file successfully
18:43:45 saveConfig: auto-save-60s
18:43:45 Saving config file
18:43:45 Saved config file successfully
18:44:45 saveConfig: auto-save-60s
18:44:45 Saving config file
18:44:45 Saved config file successfully
18:44:45 saveConfig: auto-save-60s
18:44:45 Saving config file
18:44:45 Saved config file successfully
18:45:45 saveConfig: auto-save-60s
18:45:45 Saving config file
18:45:45 Saved config file successfully
18:45:45 saveConfig: auto-save-60s
18:45:45 Saving config file
18:45:45 Saved config file successfully
18:46:45 saveConfig: auto-save-60s
18:46:45 Saving config file
18:46:45 Saved config file successfully
18:46:45 saveConfig: auto-save-60s
18:46:45 Saving config file
18:46:45 Saved config file successfully
18:47:10 saveConfig: saving-data
18:47:10 Saving pets file
18:47:10 Saved pets file successfully
18:47:10 saveConfig: saving-data
18:47:10 Saving pets file
18:47:10 Saved pets file successfully
18:47:45 saveConfig: auto-save-60s
18:47:45 Saving config file
18:47:45 Saved config file successfully
18:47:45 saveConfig: auto-save-60s
18:47:45 Saving config file
18:47:45 Saved config file successfully
18:48:45 saveConfig: auto-save-60s
18:48:45 Saving config file
18:48:45 Saved config file successfully
18:48:45 saveConfig: auto-save-60s
18:48:45 Saving config file
18:48:45 Saved config file successfully
18:49:45 saveConfig: auto-save-60s
18:49:45 Saving config file
18:49:45 Saved config file successfully
18:49:45 saveConfig: auto-save-60s
18:49:45 Saving config file
18:49:45 Saved config file successfully
18:50:35 saveConfig: saving-data
18:50:35 Saving pets file
18:50:35 Saved pets file successfully
18:50:35 saveConfig: saving-data
18:50:35 Saving pets file
18:50:35 Saved pets file successfully
18:50:45 saveConfig: auto-save-60s
18:50:45 Saving config file
18:50:45 Saved config file successfully
18:50:45 saveConfig: auto-save-60s
18:50:45 Saving config file
18:50:45 Saved config file successfully
18:51:45 saveConfig: auto-save-60s
18:51:45 Saving config file
18:51:45 Saved config file successfully
18:51:45 saveConfig: auto-save-60s
18:51:45 Saving config file
18:51:45 Saved config file successfully
18:52:45 saveConfig: auto-save-60s
18:52:45 Saving config file
18:52:45 Saved config file successfully
18:52:45 saveConfig: auto-save-60s
18:52:45 Saving config file
18:52:45 Saved config file successfully
18:53:45 saveConfig: auto-save-60s
18:53:45 Saving config file
18:53:45 Saved config file successfully
18:53:45 saveConfig: auto-save-60s
18:53:45 Saving config file
18:53:45 Saved config file successfully
18:54:45 saveConfig: auto-save-60s
18:54:45 Saving config file
18:54:45 Saved config file successfully
18:54:45 saveConfig: auto-save-60s
18:54:45 Saving config file
18:54:45 Saved config file successfully
18:55:45 saveConfig: auto-save-60s
18:55:45 Saving config file
18:55:45 Saved config file successfully
18:55:45 saveConfig: auto-save-60s
18:55:45 Saving config file
18:55:45 Saved config file successfully
18:56:45 saveConfig: auto-save-60s
18:56:45 Saving config file
18:56:45 Saved config file successfully
18:56:45 saveConfig: auto-save-60s
18:56:45 Saving config file
18:56:45 Saved config file successfully
18:57:45 saveConfig: auto-save-60s
18:57:45 Saving config file
18:57:45 Saved config file successfully
18:57:45 saveConfig: auto-save-60s
18:57:45 Saving config file
18:57:45 Saved config file successfully
18:58:45 saveConfig: auto-save-60s
18:58:45 Saving config file
18:58:45 Saved config file successfully
18:58:45 saveConfig: auto-save-60s
18:58:45 Saving config file
18:58:45 Saved config file successfully
18:59:45 saveConfig: auto-save-60s
18:59:45 Saving config file
18:59:45 Saved config file successfully
18:59:45 saveConfig: auto-save-60s
18:59:45 Saving config file
18:59:45 Saved config file successfully
19:00:45 saveConfig: auto-save-60s
19:00:45 Saving config file
19:00:45 Saved config file successfully
19:00:45 saveConfig: auto-save-60s
19:00:45 Saving config file
19:00:45 Saved config file successfully
19:01:45 saveConfig: auto-save-60s
19:01:45 Saving config file
19:01:45 Saved config file successfully
19:01:45 saveConfig: auto-save-60s
19:01:45 Saving config file
19:01:45 Saved config file successfully
19:02:45 saveConfig: auto-save-60s
19:02:45 Saving config file
19:02:45 Saved config file successfully
19:02:45 saveConfig: auto-save-60s
19:02:45 Saving config file
19:02:45 Saved config file successfully
19:03:24 saveConfig: saving-data
19:03:24 Saving pets file
19:03:24 Saved pets file successfully
19:03:24 saveConfig: saving-data
19:03:24 Saving pets file
19:03:24 Saved pets file successfully
19:03:45 saveConfig: auto-save-60s
19:03:45 Saving config file
19:03:45 Saved config file successfully
19:03:45 saveConfig: auto-save-60s
19:03:45 Saving config file
19:03:45 Saved config file successfully
19:03:55 saveConfig: saving-data
19:03:55 Saving pets file
19:03:55 Saved pets file successfully
19:03:55 saveConfig: saving-data
19:03:55 Saving pets file
19:03:55 Saved pets file successfully
19:04:45 saveConfig: auto-save-60s
19:04:45 Saving config file
19:04:45 Saved config file successfully
19:04:45 saveConfig: auto-save-60s
19:04:45 Saving config file
19:04:45 Saved config file successfully
19:05:45 saveConfig: auto-save-60s
19:05:45 Saving config file
19:05:45 Saved config file successfully
19:05:45 saveConfig: auto-save-60s
19:05:45 Saving config file
19:05:45 Saved config file successfully
19:06:45 saveConfig: auto-save-60s
19:06:45 Saving config file
19:06:45 Saved config file successfully
19:06:45 saveConfig: auto-save-60s
19:06:45 Saving config file
19:06:45 Saved config file successfully
19:07:45 saveConfig: auto-save-60s
19:07:45 Saving config file
19:07:45 Saved config file successfully
19:07:45 saveConfig: auto-save-60s
19:07:45 Saving config file
19:07:45 Saved config file successfully
19:08:45 saveConfig: auto-save-60s
19:08:45 Saving config file
19:08:45 Saved config file successfully
19:08:45 saveConfig: auto-save-60s
19:08:45 Saving config file
19:08:45 Saved config file successfully
19:09:45 saveConfig: auto-save-60s
19:09:45 Saving config file
19:09:45 Saved config file successfully
19:09:45 saveConfig: auto-save-60s
19:09:45 Saving config file
19:09:45 Saved config file successfully
19:10:45 saveConfig: auto-save-60s
19:10:45 Saving config file
19:10:45 Saved config file successfully
19:10:45 saveConfig: auto-save-60s
19:10:45 Saving config file
19:10:45 Saved config file successfully
19:11:45 saveConfig: auto-save-60s
19:11:45 Saving config file
19:11:45 Saved config file successfully
19:11:45 saveConfig: auto-save-60s
19:11:45 Saving config file
19:11:45 Saved config file successfully
19:12:45 saveConfig: auto-save-60s
19:12:45 Saving config file
19:12:45 Saved config file successfully
19:12:45 saveConfig: auto-save-60s
19:12:45 Saving config file
19:12:45 Saved config file successfully
19:13:45 saveConfig: auto-save-60s
19:13:45 Saving config file
19:13:45 Saved config file successfully
19:13:45 saveConfig: auto-save-60s
19:13:45 Saving config file
19:13:45 Saved config file successfully
19:14:45 saveConfig: auto-save-60s
19:14:45 Saving config file
19:14:45 Saved config file successfully
19:14:45 saveConfig: auto-save-60s
19:14:45 Saving config file
19:14:45 Saved config file successfully
19:15:45 saveConfig: auto-save-60s
19:15:45 Saving config file
19:15:45 Saved config file successfully
19:15:45 saveConfig: auto-save-60s
19:15:45 Saving config file
19:15:45 Saved config file successfully
19:16:45 saveConfig: auto-save-60s
19:16:45 Saving config file
19:16:45 Saved config file successfully
19:16:45 saveConfig: auto-save-60s
19:16:45 Saving config file
19:16:45 Saved config file successfully
19:17:45 saveConfig: auto-save-60s
19:17:45 Saving config file
19:17:45 Saved config file successfully
19:17:45 saveConfig: auto-save-60s
19:17:45 Saving config file
19:17:45 Saved config file successfully
19:18:45 saveConfig: auto-save-60s
19:18:45 Saving config file
19:18:45 Saved config file successfully
19:18:45 saveConfig: auto-save-60s
19:18:45 Saving config file
19:18:45 Saved config file successfully
19:19:45 saveConfig: auto-save-60s
19:19:45 Saving config file
19:19:45 Saved config file successfully
19:19:45 saveConfig: auto-save-60s
19:19:45 Saving config file
19:19:45 Saved config file successfully
19:20:35 saveConfig: saving-data
19:20:35 Saving pets file
19:20:35 Saved pets file successfully
19:20:35 saveConfig: saving-data
19:20:35 Saving pets file
19:20:35 Saved pets file successfully
19:20:45 saveConfig: auto-save-60s
19:20:45 Saving config file
19:20:45 Saved config file successfully
19:20:45 saveConfig: auto-save-60s
19:20:45 Saving config file
19:20:45 Saved config file successfully
19:21:06 saveConfig: saving-data
19:21:06 Saving pets file
19:21:06 Saved pets file successfully
19:21:06 saveConfig: saving-data
19:21:06 Saving pets file
19:21:06 Saved pets file successfully
19:21:45 saveConfig: auto-save-60s
19:21:45 Saving config file
19:21:45 Saved config file successfully
19:21:45 saveConfig: auto-save-60s
19:21:45 Saving config file
19:21:45 Saved config file successfully
19:22:45 saveConfig: auto-save-60s
19:22:45 Saving config file
19:22:45 Saved config file successfully
19:22:45 saveConfig: auto-save-60s
19:22:45 Saving config file
19:22:45 Saved config file successfully
19:23:45 saveConfig: auto-save-60s
19:23:45 Saving config file
19:23:45 Saved config file successfully
19:23:45 saveConfig: auto-save-60s
19:23:45 Saving config file
19:23:45 Saved config file successfully
19:24:45 saveConfig: auto-save-60s
19:24:45 Saving config file
19:24:45 Saved config file successfully
19:24:45 saveConfig: auto-save-60s
19:24:45 Saving config file
19:24:45 Saved config file successfully
19:24:46 saveConfig: saving-data
19:24:46 Saving pets file
19:24:46 Saved pets file successfully
19:24:46 saveConfig: saving-data
19:24:46 Saving pets file
19:24:46 Saved pets file successfully
19:25:45 saveConfig: auto-save-60s
19:25:45 Saving config file
19:25:45 Saved config file successfully
19:25:45 saveConfig: auto-save-60s
19:25:45 Saving config file
19:25:45 Saved config file successfully
19:26:45 saveConfig: auto-save-60s
19:26:45 Saving config file
19:26:45 Saved config file successfully
19:26:45 saveConfig: auto-save-60s
19:26:45 Saving config file
19:26:45 Saved config file successfully
19:27:45 saveConfig: auto-save-60s
19:27:45 Saving config file
19:27:45 Saved config file successfully
19:27:45 saveConfig: auto-save-60s
19:27:45 Saving config file
19:27:45 Saved config file successfully
19:28:45 saveConfig: auto-save-60s
19:28:45 Saving config file
19:28:45 Saved config file successfully
19:28:45 saveConfig: auto-save-60s
19:28:45 Saving config file
19:28:45 Saved config file successfully
19:29:45 saveConfig: auto-save-60s
19:29:45 Saving config file
19:29:45 Saved config file successfully
19:29:45 saveConfig: auto-save-60s
19:29:45 Saving config file
19:29:45 Saved config file successfully
19:30:45 saveConfig: auto-save-60s
19:30:45 Saving config file
19:30:45 Saved config file successfully
19:30:45 saveConfig: auto-save-60s
19:30:45 Saving config file
19:30:45 Saved config file successfully
19:31:45 saveConfig: auto-save-60s
19:31:45 Saving config file
19:31:45 Saved config file successfully
19:31:45 saveConfig: auto-save-60s
19:31:45 Saving config file
19:31:45 Saved config file successfully
19:32:45 saveConfig: auto-save-60s
19:32:45 Saving config file
19:32:45 Saved config file successfully
19:32:45 saveConfig: auto-save-60s
19:32:45 Saving config file
19:32:45 Saved config file successfully
19:33:45 saveConfig: auto-save-60s
19:33:45 Saving config file
19:33:45 Saved config file successfully
19:33:45 saveConfig: auto-save-60s
19:33:45 Saving config file
19:33:45 Saved config file successfully
19:34:45 saveConfig: auto-save-60s
19:34:45 Saving config file
19:34:45 Saved config file successfully
19:34:45 saveConfig: auto-save-60s
19:34:45 Saving config file
19:34:45 Saved config file successfully
19:35:45 saveConfig: auto-save-60s
19:35:45 Saving config file
19:35:45 Saved config file successfully
19:35:45 saveConfig: auto-save-60s
19:35:45 Saving config file
19:35:45 Saved config file successfully
19:36:45 saveConfig: auto-save-60s
19:36:45 Saving config file
19:36:45 Saved config file successfully
19:36:45 saveConfig: auto-save-60s
19:36:45 Saving config file
19:36:45 Saved config file successfully
19:37:42 saveConfig: saving-data
19:37:42 Saving pets file
19:37:42 Saved pets file successfully
19:37:42 saveConfig: saving-data
19:37:42 Saving pets file
19:37:42 Saved pets file successfully
19:37:45 saveConfig: auto-save-60s
19:37:45 Saving config file
19:37:45 Saved config file successfully
19:37:45 saveConfig: auto-save-60s
19:37:45 Saving config file
19:37:45 Saved config file successfully
19:38:13 saveConfig: saving-data
19:38:13 Saving pets file
19:38:13 Saved pets file successfully
19:38:13 saveConfig: saving-data
19:38:13 Saving pets file
19:38:13 Saved pets file successfully
19:38:45 saveConfig: auto-save-60s
19:38:45 Saving config file
19:38:45 Saved config file successfully
19:38:45 saveConfig: auto-save-60s
19:38:45 Saving config file
19:38:45 Saved config file successfully
19:39:45 saveConfig: auto-save-60s
19:39:45 Saving config file
19:39:45 Saved config file successfully
19:39:45 saveConfig: auto-save-60s
19:39:45 Saving config file
19:39:45 Saved config file successfully
19:40:45 saveConfig: auto-save-60s
19:40:45 Saving config file
19:40:45 Saved config file successfully
19:40:45 saveConfig: auto-save-60s
19:40:45 Saving config file
19:40:45 Saved config file successfully
19:41:45 saveConfig: auto-save-60s
19:41:45 Saving config file
19:41:45 Saved config file successfully
19:41:45 saveConfig: auto-save-60s
19:41:45 Saving config file
19:41:45 Saved config file successfully
19:42:45 saveConfig: auto-save-60s
19:42:45 Saving config file
19:42:45 Saved config file successfully
19:42:45 saveConfig: auto-save-60s
19:42:45 Saving config file
19:42:45 Saved config file successfully
19:43:18 saveConfig: shutdown-hook
19:43:18 Saving config file
19:43:18 Saved config file successfully
19:43:18 saveConfig: shutdown-hook
19:43:18 Saving config file
