17:13:42 §e[SkyHanni] Reloaded 7531 items in the NEU repo§r
17:14:29 §e[SkyHanni] §eYou have §62 §eitems in stash. §eClick to §6pickup §eyour stash!§r
17:14:29 §e[SkyHanni] §bYou have §31.8k §bmaterials in stash, §btotalling §34 types§b. §bClick to §3pickup §byour stash!§r
17:17:18 §e[SkyHanni] §eYou have §62 §eitems in stash. §eClick to §6pickup §eyour stash!§r
17:17:18 §e[SkyHanni] §bYou have §31.8k §bmaterials in stash, §btotalling §34 types§b. §bClick to §3pickup §byour stash!§r
17:21:19 §e[SkyHanni] §eYou have §62 §eitems in stash. §eClick to §6pickup §eyour stash!§r
17:21:19 §e[SkyHanni] §bYou have §31.8k §bmaterials in stash, §btotalling §34 types§b. §bClick to §3pickup §byour stash!§r
17:30:30 §e[SkyHanni] §eYou have §62 §eitems in stash. §eClick to §6pickup §eyour stash!§r
17:30:30 §e[SkyHanni] §bYou have §31.8k §bmaterials in stash, §btotalling §34 types§b. §bClick to §3pickup §byour stash!§r
17:36:02 §e[SkyHanni] §eYou have §62 §eitems in stash. §eClick to §6pickup §eyour stash!§r
17:36:02 §e[SkyHanni] §bYou have §31.8k §bmaterials in stash, §btotalling §34 types§b. §bClick to §3pickup §byour stash!§r
17:36:05 §a§lPotion Effect! §r§4Regeneration IV§r
17:36:05 §a§lPotion Effect! §r§4Strength V§r
17:36:05 §a§lPotion Effect! §r§4Critical III§r
17:36:05 §a§lPotion Effect! §r§9Speed III§r
17:36:05 §a§lPotion Effect! §r§aResistance V§r
17:36:05 §a§lPotion Effect! §r§bArchery III§r
17:47:16 §e[SkyHanni] §eYou have §62 §eitems in stash. §eClick to §6pickup §eyour stash!§r
17:47:16 §e[SkyHanni] §bYou have §31.8k §bmaterials in stash, §btotalling §34 types§b. §bClick to §3pickup §byour stash!§r
17:47:23 §a§lPotion Effect! §r§4Regeneration IV§r
17:47:23 §a§lPotion Effect! §r§4Strength V§r
17:47:23 §a§lPotion Effect! §r§4Critical III§r
17:47:23 §a§lPotion Effect! §r§9Speed IV§r
17:47:23 §a§lPotion Effect! §r§aResistance V§r
17:47:23 §a§lPotion Effect! §r§bArchery III§r
17:57:13 §e[SkyHanni] §eYou have §62 §eitems in stash. §eClick to §6pickup §eyour stash!§r
17:57:13 §e[SkyHanni] §bYou have §31.8k §bmaterials in stash, §btotalling §34 types§b. §bClick to §3pickup §byour stash!§r
18:00:42 §e[SkyHanni] §eYou have §62 §eitems in stash. §eClick to §6pickup §eyour stash!§r
18:00:42 §e[SkyHanni] §bYou have §31.8k §bmaterials in stash, §btotalling §34 types§b. §bClick to §3pickup §byour stash!§r
18:00:44 §a§lPotion Effect! §r§4Regeneration IV§r
18:00:44 §a§lPotion Effect! §r§4Strength V§r
18:00:44 §a§lPotion Effect! §r§4Critical III§r
18:00:44 §a§lPotion Effect! §r§9Speed IV§r
18:00:44 §a§lPotion Effect! §r§aResistance V§r
18:00:44 §a§lPotion Effect! §r§bArchery III§r
18:02:31 §e[SkyHanni] §eYou have §62 §eitems in stash. §eClick to §6pickup §eyour stash!§r
18:02:31 §e[SkyHanni] §bYou have §31.8k §bmaterials in stash, §btotalling §34 types§b. §bClick to §3pickup §byour stash!§r
18:03:18 §e[SkyHanni] §eYou have §62 §eitems in stash. §eClick to §6pickup §eyour stash!§r
18:03:18 §e[SkyHanni] §bYou have §31.8k §bmaterials in stash, §btotalling §34 types§b. §bClick to §3pickup §byour stash!§r
18:03:24 §a§lPotion Effect! §r§4Regeneration IV§r
18:03:24 §a§lPotion Effect! §r§4Strength V§r
18:03:24 §a§lPotion Effect! §r§4Critical III§r
18:03:24 §a§lPotion Effect! §r§9Speed IV§r
18:03:24 §a§lPotion Effect! §r§aResistance V§r
18:03:24 §a§lPotion Effect! §r§bArchery III§r
18:05:53 §6§lBESTIARY §r§b§lKing Midas §7§8X §8➡§b §bXI§r
18:13:38 §e[SkyHanni] §b+1 SkyBlock XP §7(Class Level Up§7)§b (9/100)§r
18:14:00 §e[SkyHanni] §eYou have §62 §eitems in stash. §eClick to §6pickup §eyour stash!§r
18:14:00 §e[SkyHanni] §bYou have §31.8k §bmaterials in stash, §btotalling §34 types§b. §bClick to §3pickup §byour stash!§r
18:14:41 §e[SkyHanni] §eYou have §62 §eitems in stash. §eClick to §6pickup §eyour stash!§r
18:14:41 §e[SkyHanni] §bYou have §31.8k §bmaterials in stash, §btotalling §34 types§b. §bClick to §3pickup §byour stash!§r
18:14:41 §a§lPotion Effect! §r§4Regeneration IV§r
18:14:41 §a§lPotion Effect! §r§4Strength V§r
18:14:41 §a§lPotion Effect! §r§4Critical III§r
18:14:41 §a§lPotion Effect! §r§9Speed IV§r
18:14:41 §a§lPotion Effect! §r§aResistance V§r
18:14:41 §a§lPotion Effect! §r§bArchery III§r
18:15:22 §6§lBESTIARY §r§b§lSkeleton Master §7§8XVII §8➡§b §bXVIII§r
18:21:19 §6§lBESTIARY §r§b§lWither Guard §7§8XXI §8➡§b §bXXII§r
18:25:14 §e[SkyHanni] §cExtra Information from Tab list not found! Enable it: SkyBlock Menu ➜ Settings ➜ Personal ➜ User Interface ➜ Player List Info§r
18:25:14 §e[SkyHanni] §eYou have §62 §eitems in stash. §eClick to §6pickup §eyour stash!§r
18:25:15 §e[SkyHanni] §bYou have §31.8k §bmaterials in stash, §btotalling §34 types§b. §bClick to §3pickup §byour stash!§r
18:25:23 §a§lPotion Effect! §r§4Regeneration IV§r
18:25:23 §a§lPotion Effect! §r§4Strength V§r
18:25:23 §a§lPotion Effect! §r§4Critical III§r
18:25:23 §a§lPotion Effect! §r§9Speed III§r
18:25:23 §a§lPotion Effect! §r§aResistance V§r
18:25:23 §a§lPotion Effect! §r§bArchery III§r
18:35:39 §e[SkyHanni] §eYou have §62 §eitems in stash. §eClick to §6pickup §eyour stash!§r
18:35:39 §e[SkyHanni] §bYou have §31.8k §bmaterials in stash, §btotalling §34 types§b. §bClick to §3pickup §byour stash!§r
18:36:38 §e[SkyHanni] §eYou have §62 §eitems in stash. §eClick to §6pickup §eyour stash!§r
18:36:38 §e[SkyHanni] §bYou have §31.8k §bmaterials in stash, §btotalling §34 types§b. §bClick to §3pickup §byour stash!§r
18:46:42 §e[SkyHanni] §fYou were in Limbo for §e1m 58s§f.§r
18:47:05 §e[SkyHanni] §eYou have §62 §eitems in stash. §eClick to §6pickup §eyour stash!§r
18:47:05 §e[SkyHanni] §bYou have §31.8k §bmaterials in stash, §btotalling §34 types§b. §bClick to §3pickup §byour stash!§r
18:47:22 §e[SkyHanni] Successfully loaded this year's contests from elitebot.dev automatically!§r
18:47:24 §e[SkyHanni] §eYou have §62 §eitems in stash. §eClick to §6pickup §eyour stash!§r
18:47:24 §e[SkyHanni] §bYou have §31.8k §bmaterials in stash, §btotalling §34 types§b. §bClick to §3pickup §byour stash!§r
18:47:35 §e[SkyHanni] §eYou have §62 §eitems in stash. §eClick to §6pickup §eyour stash!§r
18:47:35 §e[SkyHanni] §bYou have §31.8k §bmaterials in stash, §btotalling §34 types§b. §bClick to §3pickup §byour stash!§r
18:48:08 §e[SkyHanni] §eYou have §62 §eitems in stash. §eClick to §6pickup §eyour stash!§r
18:48:08 §e[SkyHanni] §bYou have §31.8k §bmaterials in stash, §btotalling §34 types§b. §bClick to §3pickup §byour stash!§r
18:48:16 §6§lBESTIARY §r§b§lBeetle §7§8VII §8➡§b §bVIII§r
18:48:58 §e[SkyHanni] Loaded Wheat milestone data from tab list!§r
18:49:00 §6§lBESTIARY §r§b§lMite §7§8VII §8➡§b §bVIII§r
18:49:07 §e[SkyHanni] Loaded Sugar Cane milestone data from tab list!§r
18:51:54 §e[SkyHanni] §b+3 SkyBlock XP §7(Crop Upgrades§7)§b (18/100)§r
18:53:43 §e[SkyHanni] §eYou have §62 §eitems in stash. §eClick to §6pickup §eyour stash!§r
18:53:43 §e[SkyHanni] §bYou have §31.8k §bmaterials in stash, §btotalling §34 types§b. §bClick to §3pickup §byour stash!§r
18:55:54 §e[SkyHanni] §eYou have §62 §eitems in stash. §eClick to §6pickup §eyour stash!§r
18:55:54 §e[SkyHanni] §bYou have §31.8k §bmaterials in stash, §btotalling §34 types§b. §bClick to §3pickup §byour stash!§r
18:57:00 §e[SkyHanni] §fYou were in Limbo for §e3s§f.§r
18:57:23 §e[SkyHanni] §eYou have §62 §eitems in stash. §eClick to §6pickup §eyour stash!§r
18:57:24 §e[SkyHanni] §bYou have §31.8k §bmaterials in stash, §btotalling §34 types§b. §bClick to §3pickup §byour stash!§r
18:59:00 §e[SkyHanni] §aRyu §eis visiting your garden!§r
19:04:25 §e[SkyHanni] §bYou have §32.2k §bmaterials in stash, §btotalling §35 types§b. §bClick to §3pickup §byour stash!§r
19:05:37 §e[SkyHanni] §aFisherman Gerald §eis visiting your garden!§r
19:10:29 §e[SkyHanni] §aEmissary Ceanna §eis visiting your garden!§r
19:18:06 §e[SkyHanni] §9Gwendolyn §eis visiting your garden!§r
19:30:02 §e[SkyHanni] §9Rusty §eis visiting your garden!§r
22:03:59 §e[SkyHanni] §eYou have §62 §eitems in stash. §eClick to §6pickup §eyour stash!§r
22:03:59 §e[SkyHanni] §bYou have §32.2k §bmaterials in stash, §btotalling §35 types§b. §bClick to §3pickup §byour stash!§r
22:10:19 §e[SkyHanni] §aLeo §eis visiting your garden!§r
22:14:24 §e[SkyHanni] §aTrevor §eis visiting your garden!§r
22:22:52 §e[SkyHanni] §aAndrew §eis visiting your garden!§r
22:23:29 §6§lBESTIARY §r§b§lMoth §7§8VII §8➡§b §bVIII§r
22:23:30 §e[SkyHanni] Started tracking your Jacob Contest Blocks Per Second!§r
22:23:31 §e[SkyHanni] Loaded Cocoa Beans milestone data from tab list!§r
22:23:44 §e[SkyHanni] Loaded Cactus milestone data from tab list!§r
22:23:55 §e[SkyHanni] You changed the crop during the contest, resetting the Blocks Per Second calculation..§r
22:28:36 §e[SkyHanni] §aJack §eis visiting your garden!§r
22:31:02 §e[SkyHanni] §eYou have §62 §eitems in stash. §eClick to §6pickup §eyour stash!§r
22:31:02 §e[SkyHanni] §bYou have §32.2k §bmaterials in stash, §btotalling §35 types§b. §bClick to §3pickup §byour stash!§r
22:31:19 §e[SkyHanni] §eYou have §62 §eitems in stash. §eClick to §6pickup §eyour stash!§r
22:31:19 §e[SkyHanni] §bYou have §32.2k §bmaterials in stash, §btotalling §35 types§b. §bClick to §3pickup §byour stash!§r
22:33:29 §e[SkyHanni] §eYou have §62 §eitems in stash. §eClick to §6pickup §eyour stash!§r
22:33:29 §e[SkyHanni] §bYou have §32.2k §bmaterials in stash, §btotalling §35 types§b. §bClick to §3pickup §byour stash!§r
22:36:15 §e[SkyHanni] §eYou have §62 §eitems in stash. §eClick to §6pickup §eyour stash!§r
22:36:15 §e[SkyHanni] §bYou have §32.2k §bmaterials in stash, §btotalling §35 types§b. §bClick to §3pickup §byour stash!§r
