16:38:22 Trying to load config from config\skyhanni\config.json
16:38:22 load-config-now
16:38:23 Loaded config from file
16:38:23 Trying to load sacks from config\skyhanni\sacks.json
16:38:23 load-sacks-now
16:38:23 Loaded sacks from file
16:38:23 Trying to load friends from config\skyhanni\friends.json
16:38:23 load-friends-now
16:38:23 Loaded friends from file
16:38:23 Trying to load known_features from config\skyhanni\known_features.json
16:38:23 load-known_features-now
16:38:23 Loaded known_features from file
16:38:23 Trying to load jacob_contests from config\skyhanni\jacob_contests.json
16:38:23 Setting jacob_contests to be blank as it did not exist. It will be saved once something is written to it
16:38:23 Trying to load visual_words from config\skyhanni\visual_words.json
16:38:23 Setting visual_words to be blank as it did not exist. It will be saved once something is written to it
16:38:23 Trying to load pets from config\skyhanni\pets.json
16:38:23 load-pets-now
16:38:23 Loaded pets from file
16:39:23 saveConfig: auto-save-60s
16:39:23 Saving config file
16:39:23 Saved config file successfully
16:39:23 saveConfig: auto-save-60s
16:39:23 Saving config file
16:39:23 Saved config file successfully
