21:08:28 `Skeleton`13176 missed {
 is already Found: false).
 Position: LorenzVec(x=-375.40625, y=126.0, z=-551.875)
 DistanceC: 19.269204503538845
Relative Position: LorenzVec(x=-14.739304243732477, y=34.86700634035351, z=19.269204503538845)
 }
21:08:28 `Skeleton`23433 missed {
 is already Found: false).
 Position: LorenzVec(x=-375.5625, y=87.0, z=-552.5)
 DistanceC: 19.18783231107909
Relative Position: LorenzVec(x=-14.895265991915949, y=-4.501533884405319, z=19.18783231107909)
 }
21:08:28 `Skeleton`299347 missed {
 is already Found: false).
 Position: LorenzVec(x=-354.53125, y=88.78125, z=-552.71875)
 DistanceC: 19.489261996960295
Relative Position: LorenzVec(x=6.136272259900579, y=-3.0030533101724473, z=19.489261996960295)
 }
21:08:29 `Skeleton`331100 missed {
 is already Found: false).
 Position: LorenzVec(x=-345.5, y=123.5, z=-558.1875)
 DistanceC: 18.3151400545986
Relative Position: LorenzVec(x=15.170404778065858, y=33.24445683024959, z=18.3151400545986)
 }
21:08:31 `Skeleton`384859 missed {
 is already Found: false).
 Position: LorenzVec(x=-378.90625, y=129.0, z=-577.53125)
 DistanceC: 18.20797167904675
Relative Position: LorenzVec(x=-18.20797167904675, y=36.86502991814393, z=18.00740093386912)
 }
