03:59:21 HUB
04:00:02 NONE
04:00:03 PRIVATE_ISLAND
04:02:46 NONE
04:02:46 PRIVATE_ISLAND_GUEST
04:03:30 NONE
04:03:31 PRIVATE_ISLAND
04:03:40 NONE
04:03:42 HUB
04:04:41 NONE
04:04:41 PRIVATE_ISLAND_GUEST
04:14:40 NONE
04:14:42 THE_END
04:16:09 NONE
04:16:11 HUB
04:16:14 NONE
04:16:14 PRIVATE_ISLAND
04:20:33 NONE
04:20:33 PRIVATE_ISLAND_GUEST
04:25:22 NONE
04:25:22 DUNGEON_HUB
04:28:49 NONE
04:28:52 CATACOMBS
04:36:48 NONE
04:36:51 DUNGEON_HUB
04:39:18 NONE
04:39:19 CATACOMBS
04:41:02 NONE
04:41:02 HUB
04:41:10 NONE
04:41:12 DUNGEON_HUB
04:41:15 NONE
04:41:17 CATACOMBS
04:46:19 NONE
04:46:20 CATACOMBS
04:51:52 NONE
04:51:53 DUNGEON_HUB
05:02:38 NONE
05:02:39 PRIVATE_ISLAND_GUEST
05:03:02 DUNGEON_HUB
05:03:32 NONE
05:03:33 HUB
05:04:56 PRIVATE_ISLAND_GUEST
05:05:13 NONE
05:05:15 HUB
05:10:09 NONE
05:10:11 DUNGEON_HUB
05:10:43 NONE
05:10:43 CATACOMBS
05:24:22 NONE
05:24:23 DUNGEON_HUB
05:25:54 NONE
05:25:55 CATACOMBS
05:42:10 DUNGEON_HUB
05:43:08 NONE
05:43:09 CATACOMBS
