18:00:34 `Zombie`1585814 missed {
 is already Found: false).
 Position: LorenzVec(x=-220.4375, y=82.0, z=-236.90625)
 DistanceC: 16.30769208147558
Relative Position: LorenzVec(x=-16.30769208147558, y=-1.0, z=-6.3993286339394615)
 }
18:02:28 `2203rg077x`6 missed {
 is already Found: false).
 Position: LorenzVec(x=-20.625, y=120.0, z=-13.5)
 DistanceC: 22.765644482889613
Relative Position: LorenzVec(x=22.765644482889613, y=0.7336320060424839, z=-6.800000011920929)
 }
18:04:05 `bestprincemar`5452 missed {
 is already Found: false).
 Position: LorenzVec(x=-62.552083333333336, y=121.0, z=-4.4375)
 DistanceC: 7.052083333333336
Relative Position: LorenzVec(x=-7.052083333333336, y=1.0, z=-5.9375)
 }
18:08:55 `Bat`1031458 missed {
 is already Found: false).
 Position: LorenzVec(x=-89.5, y=63.65625, z=-41.5)
 DistanceC: 16.294633179048574
Relative Position: LorenzVec(x=-16.294633179048574, y=-5.34375, z=15.243698044772415)
 }
18:08:55 `Bat`1031464 missed {
 is already Found: false).
 Position: LorenzVec(x=-89.5, y=64.65625, z=-41.5)
 DistanceC: 16.294633179048574
Relative Position: LorenzVec(x=-16.294633179048574, y=-4.34375, z=15.243698044772415)
 }
18:08:55 `Bat`1031470 missed {
 is already Found: false).
 Position: LorenzVec(x=-89.5, y=65.65625, z=-41.5)
 DistanceC: 16.294633179048574
Relative Position: LorenzVec(x=-16.294633179048574, y=-3.34375, z=15.243698044772415)
 }
18:08:55 `Bat`1031476 missed {
 is already Found: false).
 Position: LorenzVec(x=-89.5, y=66.65625, z=-41.5)
 DistanceC: 16.294633179048574
Relative Position: LorenzVec(x=-16.294633179048574, y=-2.34375, z=15.243698044772415)
 }
18:08:55 `Bat`1031482 missed {
 is already Found: false).
 Position: LorenzVec(x=-88.5, y=63.65625, z=-41.5)
 DistanceC: 15.294633179048574
Relative Position: LorenzVec(x=-15.294633179048574, y=-5.34375, z=15.243698044772415)
 }
18:08:55 `Bat`1031488 missed {
 is already Found: false).
 Position: LorenzVec(x=-88.5, y=64.65625, z=-41.5)
 DistanceC: 16.139721658340846
Relative Position: LorenzVec(x=-16.139721658340846, y=-4.34375, z=15.209784096438256)
 }
18:08:55 `Bat`1031494 missed {
 is already Found: false).
 Position: LorenzVec(x=-88.5, y=65.65625, z=-41.5)
 DistanceC: 16.139721658340846
Relative Position: LorenzVec(x=-16.139721658340846, y=-3.34375, z=15.209784096438256)
 }
18:08:55 `Bat`1031500 missed {
 is already Found: false).
 Position: LorenzVec(x=-88.5, y=66.65625, z=-41.5)
 DistanceC: 16.99387955600743
Relative Position: LorenzVec(x=-16.99387955600743, y=-2.34375, z=15.131161262967176)
 }
18:08:55 `Bat`1031506 missed {
 is already Found: false).
 Position: LorenzVec(x=-87.5, y=63.65625, z=-41.5)
 DistanceC: 15.993879556007428
Relative Position: LorenzVec(x=-15.993879556007428, y=-5.34375, z=15.131161262967176)
 }
18:08:55 `Bat`1031512 missed {
 is already Found: false).
 Position: LorenzVec(x=-87.5, y=64.65625, z=-41.5)
 DistanceC: 15.993879556007428
Relative Position: LorenzVec(x=-15.993879556007428, y=-4.34375, z=15.131161262967176)
 }
18:08:55 `Bat`1031518 missed {
 is already Found: false).
 Position: LorenzVec(x=-87.5, y=65.65625, z=-41.5)
 DistanceC: 15.993879556007428
Relative Position: LorenzVec(x=-15.993879556007428, y=-3.34375, z=15.131161262967176)
 }
18:08:55 `Bat`1031524 missed {
 is already Found: false).
 Position: LorenzVec(x=-87.5, y=66.65625, z=-41.5)
 DistanceC: 16.85298935668156
Relative Position: LorenzVec(x=-16.85298935668156, y=-2.34375, z=15.028127375375938)
 }
18:08:55 `Bat`1031460 missed {
 is already Found: false).
 Position: LorenzVec(x=-89.5, y=63.65625, z=-40.5)
 DistanceC: 21.2866335883714
Relative Position: LorenzVec(x=-21.2866335883714, y=-5.34375, z=16.087181032956387)
 }
18:08:55 `Bat`1031466 missed {
 is already Found: false).
 Position: LorenzVec(x=-89.5, y=64.65625, z=-40.5)
 DistanceC: 21.2866335883714
Relative Position: LorenzVec(x=-21.2866335883714, y=-4.34375, z=16.087181032956387)
 }
18:08:55 `Bat`1031472 missed {
 is already Found: false).
 Position: LorenzVec(x=-89.5, y=65.65625, z=-40.5)
 DistanceC: 21.2866335883714
Relative Position: LorenzVec(x=-21.2866335883714, y=-3.34375, z=16.087181032956387)
 }
18:08:55 `Bat`1031478 missed {
 is already Found: false).
 Position: LorenzVec(x=-89.5, y=66.65625, z=-40.5)
 DistanceC: 21.2866335883714
Relative Position: LorenzVec(x=-21.2866335883714, y=-2.34375, z=16.087181032956387)
 }
18:08:55 `Bat`1031484 missed {
 is already Found: false).
 Position: LorenzVec(x=-88.5, y=63.65625, z=-40.5)
 DistanceC: 20.2866335883714
Relative Position: LorenzVec(x=-20.2866335883714, y=-5.34375, z=16.087181032956387)
 }
18:08:55 `Bat`1031490 missed {
 is already Found: false).
 Position: LorenzVec(x=-88.5, y=64.65625, z=-40.5)
 DistanceC: 20.820583465898466
Relative Position: LorenzVec(x=-20.820583465898466, y=-4.34375, z=16.615127721037467)
 }
18:08:55 `Bat`1031496 missed {
 is already Found: false).
 Position: LorenzVec(x=-88.5, y=65.65625, z=-40.5)
 DistanceC: 20.820583465898466
Relative Position: LorenzVec(x=-20.820583465898466, y=-3.34375, z=16.615127721037467)
 }
18:08:55 `Bat`1031502 missed {
 is already Found: false).
 Position: LorenzVec(x=-88.5, y=66.65625, z=-40.5)
 DistanceC: 21.260817419735247
Relative Position: LorenzVec(x=-21.260817419735247, y=-2.84375, z=17.280553781688837)
 }
18:08:55 `Bat`1031508 missed {
 is already Found: false).
 Position: LorenzVec(x=-87.5, y=63.65625, z=-40.5)
 DistanceC: 20.260817419735247
Relative Position: LorenzVec(x=-20.260817419735247, y=-5.84375, z=17.280553781688837)
 }
18:08:55 `Bat`1031514 missed {
 is already Found: false).
 Position: LorenzVec(x=-87.5, y=64.65625, z=-40.5)
 DistanceC: 20.260817419735247
Relative Position: LorenzVec(x=-20.260817419735247, y=-4.84375, z=17.280553781688837)
 }
18:08:55 `Bat`1031520 missed {
 is already Found: false).
 Position: LorenzVec(x=-87.5, y=65.65625, z=-40.5)
 DistanceC: 20.64988247329373
Relative Position: LorenzVec(x=-20.64988247329373, y=-3.84375, z=18.021043588482435)
 }
18:08:55 `Bat`1031526 missed {
 is already Found: false).
 Position: LorenzVec(x=-87.5, y=66.65625, z=-40.5)
 DistanceC: 20.64988247329373
Relative Position: LorenzVec(x=-20.64988247329373, y=-2.84375, z=18.021043588482435)
 }
18:10:12 `Bat`1035893 missed {
 is already Found: false).
 Position: LorenzVec(x=-19.5, y=63.125, z=-191.5)
 DistanceC: 2.884278454970655
Relative Position: LorenzVec(x=1.800000011920929, y=-7.0457870772188045, z=-2.884278454970655)
 }
18:10:12 `Bat`1035895 missed {
 is already Found: false).
 Position: LorenzVec(x=-19.5, y=64.125, z=-191.5)
 DistanceC: 2.884278454970655
Relative Position: LorenzVec(x=1.800000011920929, y=-6.0457870772188045, z=-2.884278454970655)
 }
18:10:12 `Bat`1035897 missed {
 is already Found: false).
 Position: LorenzVec(x=-18.5, y=63.125, z=-191.5)
 DistanceC: 2.884278454970655
Relative Position: LorenzVec(x=2.800000011920929, y=-7.0457870772188045, z=-2.884278454970655)
 }
18:10:12 `Bat`1035899 missed {
 is already Found: false).
 Position: LorenzVec(x=-18.5, y=64.125, z=-191.5)
 DistanceC: 2.884278454970655
Relative Position: LorenzVec(x=2.800000011920929, y=-6.0457870772188045, z=-2.884278454970655)
 }
18:10:12 `Bat`1035901 missed {
 is already Found: false).
 Position: LorenzVec(x=-17.5, y=63.125, z=-191.5)
 DistanceC: 3.800000011920929
Relative Position: LorenzVec(x=3.800000011920929, y=-7.0457870772188045, z=-2.884278454970655)
 }
18:10:12 `Bat`1035903 missed {
 is already Found: false).
 Position: LorenzVec(x=-17.5, y=64.125, z=-191.5)
 DistanceC: 3.800000011920929
Relative Position: LorenzVec(x=3.800000011920929, y=-6.0457870772188045, z=-2.884278454970655)
 }
18:10:31 `Bat`1037196 missed {
 is already Found: false).
 Position: LorenzVec(x=-16.5, y=61.92708333333333, z=-186.5)
 DistanceC: 15.785628042133766
Relative Position: LorenzVec(x=8.3169203226056, y=-7.072916666666671, z=-15.785628042133766)
 }
18:10:31 `Bat`1037198 missed {
 is already Found: false).
 Position: LorenzVec(x=-16.5, y=61.92708333333333, z=-185.5)
 DistanceC: 14.785628042133766
Relative Position: LorenzVec(x=8.3169203226056, y=-7.072916666666671, z=-14.785628042133766)
 }
18:10:31 `Bat`1037200 missed {
 is already Found: false).
 Position: LorenzVec(x=-16.5, y=61.92708333333333, z=-184.5)
 DistanceC: 13.785628042133766
Relative Position: LorenzVec(x=8.3169203226056, y=-7.072916666666671, z=-13.785628042133766)
 }
18:10:31 `Bat`1037202 missed {
 is already Found: false).
 Position: LorenzVec(x=-16.5, y=62.92708333333333, z=-186.5)
 DistanceC: 15.785628042133766
Relative Position: LorenzVec(x=8.3169203226056, y=-6.072916666666671, z=-15.785628042133766)
 }
18:10:31 `Bat`1037204 missed {
 is already Found: false).
 Position: LorenzVec(x=-16.5, y=62.92708333333333, z=-185.5)
 DistanceC: 14.785628042133766
Relative Position: LorenzVec(x=8.3169203226056, y=-6.072916666666671, z=-14.785628042133766)
 }
18:10:31 `Bat`1037206 missed {
 is already Found: false).
 Position: LorenzVec(x=-16.5, y=62.92708333333333, z=-184.5)
 DistanceC: 13.785628042133766
Relative Position: LorenzVec(x=8.3169203226056, y=-6.072916666666671, z=-13.785628042133766)
 }
18:10:31 `Bat`1037208 missed {
 is already Found: false).
 Position: LorenzVec(x=-16.5, y=63.927083333333336, z=-186.5)
 DistanceC: 15.785628042133766
Relative Position: LorenzVec(x=8.3169203226056, y=-5.072916666666664, z=-15.785628042133766)
 }
18:10:31 `Bat`1037210 missed {
 is already Found: false).
 Position: LorenzVec(x=-16.5, y=63.927083333333336, z=-185.5)
 DistanceC: 14.785628042133766
Relative Position: LorenzVec(x=8.3169203226056, y=-5.072916666666664, z=-14.785628042133766)
 }
18:10:31 `Bat`1037212 missed {
 is already Found: false).
 Position: LorenzVec(x=-16.5, y=63.927083333333336, z=-184.5)
 DistanceC: 13.785628042133766
Relative Position: LorenzVec(x=8.3169203226056, y=-5.072916666666664, z=-13.785628042133766)
 }
18:10:31 `Bat`1037214 missed {
 is already Found: false).
 Position: LorenzVec(x=-16.5, y=64.92708333333334, z=-186.5)
 DistanceC: 15.785628042133766
Relative Position: LorenzVec(x=8.3169203226056, y=-4.072916666666657, z=-15.785628042133766)
 }
18:10:31 `Bat`1037216 missed {
 is already Found: false).
 Position: LorenzVec(x=-16.5, y=64.92708333333334, z=-185.5)
 DistanceC: 14.785628042133766
Relative Position: LorenzVec(x=8.3169203226056, y=-4.072916666666657, z=-14.785628042133766)
 }
18:10:31 `Bat`1037218 missed {
 is already Found: false).
 Position: LorenzVec(x=-16.5, y=64.92708333333334, z=-184.5)
 DistanceC: 13.785628042133766
Relative Position: LorenzVec(x=8.3169203226056, y=-4.072916666666657, z=-13.785628042133766)
 }
18:11:27 `Guardian`1038994 missed {
 is already Found: false).
 Position: LorenzVec(x=-51.5, y=81.0, z=-176.5)
 DistanceC: 19.03237080837536
Relative Position: LorenzVec(x=-7.494311296612963, y=18.0, z=-19.03237080837536)
 }
18:11:27 `Guardian`1039447 missed {
 is already Found: false).
 Position: LorenzVec(x=-47.5, y=73.0, z=-174.5)
 DistanceC: 17.03237080837536
Relative Position: LorenzVec(x=-3.4943112966129632, y=10.0, z=-17.03237080837536)
 }
18:11:46 `Guardian`1039624 missed {
 is already Found: false).
 Position: LorenzVec(x=-66.5, y=74.0, z=-175.5)
 DistanceC: 17.03071804243382
Relative Position: LorenzVec(x=-13.199999988079071, y=-9.0, z=-17.03071804243382)
 }
18:12:03 `Bat`1040756 missed {
 is already Found: false).
 Position: LorenzVec(x=-19.5, y=81.125, z=-142.5)
 DistanceC: 3.1229271040841127
Relative Position: LorenzVec(x=-0.31216037198546687, y=4.234552546740034, z=3.1229271040841127)
 }
18:12:03 `Bat`1040758 missed {
 is already Found: false).
 Position: LorenzVec(x=-19.5, y=82.125, z=-142.5)
 DistanceC: 3.1229271040841127
Relative Position: LorenzVec(x=-0.31216037198546687, y=5.234552546740034, z=3.1229271040841127)
 }
18:12:03 `Bat`1040760 missed {
 is already Found: false).
 Position: LorenzVec(x=-19.5, y=83.125, z=-142.5)
 DistanceC: 3.1229271040841127
Relative Position: LorenzVec(x=-0.31216037198546687, y=6.234552546740034, z=3.1229271040841127)
 }
18:12:03 `Bat`1040762 missed {
 is already Found: false).
 Position: LorenzVec(x=-19.5, y=84.125, z=-142.5)
 DistanceC: 3.1229271040841127
Relative Position: LorenzVec(x=-0.31216037198546687, y=7.234552546740034, z=3.1229271040841127)
 }
18:12:03 `Bat`1040764 missed {
 is already Found: false).
 Position: LorenzVec(x=-19.5, y=85.125, z=-142.5)
 DistanceC: 3.1229271040841127
Relative Position: LorenzVec(x=-0.31216037198546687, y=8.234552546740034, z=3.1229271040841127)
 }
18:12:03 `Bat`1040766 missed {
 is already Found: false).
 Position: LorenzVec(x=-18.5, y=81.125, z=-142.5)
 DistanceC: 3.2016225574391797
Relative Position: LorenzVec(x=0.9937818847672446, y=5.471270382411404, z=3.2016225574391797)
 }
18:12:03 `Bat`1040768 missed {
 is already Found: false).
 Position: LorenzVec(x=-18.5, y=82.125, z=-142.5)
 DistanceC: 3.2016225574391797
Relative Position: LorenzVec(x=0.9937818847672446, y=6.471270382411404, z=3.2016225574391797)
 }
18:12:03 `Bat`1040770 missed {
 is already Found: false).
 Position: LorenzVec(x=-18.5, y=83.125, z=-142.5)
 DistanceC: 3.2016225574391797
Relative Position: LorenzVec(x=0.9937818847672446, y=7.471270382411404, z=3.2016225574391797)
 }
18:12:03 `Bat`1040772 missed {
 is already Found: false).
 Position: LorenzVec(x=-18.5, y=84.125, z=-142.5)
 DistanceC: 3.2016225574391797
Relative Position: LorenzVec(x=0.9937818847672446, y=8.471270382411404, z=3.2016225574391797)
 }
18:12:03 `Bat`1040774 missed {
 is already Found: false).
 Position: LorenzVec(x=-18.5, y=85.125, z=-142.5)
 DistanceC: 3.2016225574391797
Relative Position: LorenzVec(x=0.9937818847672446, y=9.471270382411404, z=3.2016225574391797)
 }
18:12:03 `Bat`1040776 missed {
 is already Found: false).
 Position: LorenzVec(x=-17.5, y=81.125, z=-142.5)
 DistanceC: 3.2404470218473875
Relative Position: LorenzVec(x=2.134492443844959, y=6.1883450538470015, z=3.2404470218473875)
 }
18:12:03 `Bat`1040778 missed {
 is already Found: false).
 Position: LorenzVec(x=-17.5, y=82.125, z=-142.5)
 DistanceC: 3.2404470218473875
Relative Position: LorenzVec(x=2.134492443844959, y=7.1883450538470015, z=3.2404470218473875)
 }
18:12:03 `Bat`1040780 missed {
 is already Found: false).
 Position: LorenzVec(x=-17.5, y=83.125, z=-142.5)
 DistanceC: 3.2404470218473875
Relative Position: LorenzVec(x=2.134492443844959, y=8.188345053847002, z=3.2404470218473875)
 }
18:12:03 `Bat`1040782 missed {
 is already Found: false).
 Position: LorenzVec(x=-17.5, y=84.125, z=-142.5)
 DistanceC: 3.2404470218473875
Relative Position: LorenzVec(x=2.134492443844959, y=9.188345053847002, z=3.2404470218473875)
 }
18:12:03 `Bat`1040784 missed {
 is already Found: false).
 Position: LorenzVec(x=-17.5, y=85.125, z=-142.5)
 DistanceC: 3.2404470218473875
Relative Position: LorenzVec(x=2.134492443844959, y=10.188345053847002, z=3.2404470218473875)
 }
18:12:03 `Bat`1040786 missed {
 is already Found: false).
 Position: LorenzVec(x=-16.5, y=81.125, z=-142.5)
 DistanceC: 3.275777285477062
Relative Position: LorenzVec(x=3.26253905629596, y=6.969478247056884, z=3.275777285477062)
 }
18:12:03 `Bat`1040788 missed {
 is already Found: false).
 Position: LorenzVec(x=-16.5, y=82.125, z=-142.5)
 DistanceC: 3.275777285477062
Relative Position: LorenzVec(x=3.26253905629596, y=7.969478247056884, z=3.275777285477062)
 }
18:12:03 `Bat`1040790 missed {
 is already Found: false).
 Position: LorenzVec(x=-16.5, y=83.125, z=-142.5)
 DistanceC: 3.275777285477062
Relative Position: LorenzVec(x=3.26253905629596, y=8.969478247056884, z=3.275777285477062)
 }
18:12:03 `Bat`1040792 missed {
 is already Found: false).
 Position: LorenzVec(x=-16.5, y=84.125, z=-142.5)
 DistanceC: 3.275777285477062
Relative Position: LorenzVec(x=3.26253905629596, y=9.969478247056884, z=3.275777285477062)
 }
18:12:03 `Bat`1040794 missed {
 is already Found: false).
 Position: LorenzVec(x=-16.5, y=85.125, z=-142.5)
 DistanceC: 3.275777285477062
Relative Position: LorenzVec(x=3.26253905629596, y=10.969478247056884, z=3.275777285477062)
 }
18:12:03 `Bat`1040796 missed {
 is already Found: false).
 Position: LorenzVec(x=-15.5, y=81.125, z=-142.5)
 DistanceC: 4.485096882867047
Relative Position: LorenzVec(x=4.485096882867047, y=8.71882114530466, z=3.337184819304724)
 }
18:12:03 `Bat`1040798 missed {
 is already Found: false).
 Position: LorenzVec(x=-15.5, y=82.125, z=-142.5)
 DistanceC: 4.485096882867047
Relative Position: LorenzVec(x=4.485096882867047, y=9.71882114530466, z=3.337184819304724)
 }
18:12:03 `Bat`1040800 missed {
 is already Found: false).
 Position: LorenzVec(x=-15.5, y=83.125, z=-142.5)
 DistanceC: 4.485096882867047
Relative Position: LorenzVec(x=4.485096882867047, y=10.71882114530466, z=3.337184819304724)
 }
18:12:03 `Bat`1040802 missed {
 is already Found: false).
 Position: LorenzVec(x=-15.5, y=84.125, z=-142.5)
 DistanceC: 4.485096882867047
Relative Position: LorenzVec(x=4.485096882867047, y=11.71882114530466, z=3.337184819304724)
 }
18:12:03 `Bat`1040804 missed {
 is already Found: false).
 Position: LorenzVec(x=-15.5, y=85.125, z=-142.5)
 DistanceC: 4.485096882867047
Relative Position: LorenzVec(x=4.485096882867047, y=12.71882114530466, z=3.337184819304724)
 }
18:12:55 `Bat`1032756 missed {
 is already Found: false).
 Position: LorenzVec(x=-76.5, y=53.125, z=-60.5)
 DistanceC: 20.077764054061205
Relative Position: LorenzVec(x=-20.077764054061205, y=-15.875, z=9.5847248349356)
 }
18:12:55 `Bat`1032762 missed {
 is already Found: false).
 Position: LorenzVec(x=-76.5, y=54.125, z=-60.5)
 DistanceC: 20.077764054061205
Relative Position: LorenzVec(x=-20.077764054061205, y=-14.875, z=9.5847248349356)
 }
18:12:55 `Bat`1032768 missed {
 is already Found: false).
 Position: LorenzVec(x=-76.5, y=55.125, z=-60.5)
 DistanceC: 20.077764054061205
Relative Position: LorenzVec(x=-20.077764054061205, y=-13.875, z=9.5847248349356)
 }
18:12:55 `Bat`1032774 missed {
 is already Found: false).
 Position: LorenzVec(x=-76.5, y=56.125, z=-60.5)
 DistanceC: 20.077764054061205
Relative Position: LorenzVec(x=-20.077764054061205, y=-12.875, z=9.5847248349356)
 }
18:12:55 `Bat`1032758 missed {
 is already Found: false).
 Position: LorenzVec(x=-76.5, y=53.125, z=-59.5)
 DistanceC: 15.321572432631612
Relative Position: LorenzVec(x=-15.321572432631612, y=-15.875, z=5.8078694747915165)
 }
18:12:55 `Bat`1032764 missed {
 is already Found: false).
 Position: LorenzVec(x=-76.5, y=54.125, z=-59.5)
 DistanceC: 15.321572432631612
Relative Position: LorenzVec(x=-15.321572432631612, y=-14.875, z=5.8078694747915165)
 }
18:12:55 `Bat`1032770 missed {
 is already Found: false).
 Position: LorenzVec(x=-76.5, y=55.125, z=-59.5)
 DistanceC: 15.321572432631612
Relative Position: LorenzVec(x=-15.321572432631612, y=-13.875, z=5.8078694747915165)
 }
18:12:55 `Bat`1032776 missed {
 is already Found: false).
 Position: LorenzVec(x=-76.5, y=56.125, z=-59.5)
 DistanceC: 15.321572432631612
Relative Position: LorenzVec(x=-15.321572432631612, y=-12.875, z=5.8078694747915165)
 }
18:12:56 `Bat`1032760 missed {
 is already Found: false).
 Position: LorenzVec(x=-76.5, y=53.125, z=-58.5)
 DistanceC: 12.979728908817151
Relative Position: LorenzVec(x=-12.979728908817151, y=-15.875, z=3.5170970511320334)
 }
18:12:56 `Bat`1032766 missed {
 is already Found: false).
 Position: LorenzVec(x=-76.5, y=54.125, z=-58.5)
 DistanceC: 12.979728908817151
Relative Position: LorenzVec(x=-12.979728908817151, y=-14.875, z=3.5170970511320334)
 }
18:12:56 `Bat`1032772 missed {
 is already Found: false).
 Position: LorenzVec(x=-76.5, y=55.125, z=-58.5)
 DistanceC: 12.979728908817151
Relative Position: LorenzVec(x=-12.979728908817151, y=-13.875, z=3.5170970511320334)
 }
18:12:56 `Bat`1032778 missed {
 is already Found: false).
 Position: LorenzVec(x=-76.5, y=56.125, z=-58.5)
 DistanceC: 12.979728908817151
Relative Position: LorenzVec(x=-12.979728908817151, y=-12.875, z=3.5170970511320334)
 }
18:12:56 `Bat`1031510 missed {
 is already Found: false).
 Position: LorenzVec(x=-87.5, y=63.65625, z=-39.5)
 DistanceC: 21.76016707819869
Relative Position: LorenzVec(x=-21.76016707819869, y=-5.34375, z=20.31266446700767)
 }
18:12:56 `Bat`1031516 missed {
 is already Found: false).
 Position: LorenzVec(x=-87.5, y=64.65625, z=-39.5)
 DistanceC: 21.76016707819869
Relative Position: LorenzVec(x=-21.76016707819869, y=-4.34375, z=20.31266446700767)
 }
18:12:56 `Bat`1031522 missed {
 is already Found: false).
 Position: LorenzVec(x=-87.5, y=65.65625, z=-39.5)
 DistanceC: 21.187259242881268
Relative Position: LorenzVec(x=-21.187259242881268, y=-3.34375, z=19.573855220107014)
 }
18:12:56 `Bat`1031528 missed {
 is already Found: false).
 Position: LorenzVec(x=-87.5, y=66.65625, z=-39.5)
 DistanceC: 21.187259242881268
Relative Position: LorenzVec(x=-21.187259242881268, y=-2.34375, z=19.573855220107014)
 }
18:12:56 `Bat`1031486 missed {
 is already Found: false).
 Position: LorenzVec(x=-88.5, y=63.65625, z=-39.5)
 DistanceC: 20.448809882857674
Relative Position: LorenzVec(x=-20.448809882857674, y=-5.765349998474122, z=17.18296739401501)
 }
18:12:56 `Bat`1031492 missed {
 is already Found: false).
 Position: LorenzVec(x=-88.5, y=64.65625, z=-39.5)
 DistanceC: 20.13147797921563
Relative Position: LorenzVec(x=-20.13147797921563, y=-4.610117993957516, z=16.739564506483482)
 }
18:12:56 `Bat`1031498 missed {
 is already Found: false).
 Position: LorenzVec(x=-88.5, y=65.65625, z=-39.5)
 DistanceC: 19.831409345926218
Relative Position: LorenzVec(x=-19.831409345926218, y=-3.379590625044557, z=16.32005078225982)
 }
18:12:56 `Bat`1031504 missed {
 is already Found: false).
 Position: LorenzVec(x=-88.5, y=66.65625, z=-39.5)
 DistanceC: 19.831409345926218
Relative Position: LorenzVec(x=-19.831409345926218, y=-2.379590625044557, z=16.32005078225982)
 }
18:12:56 `Bat`1031462 missed {
 is already Found: false).
 Position: LorenzVec(x=-89.5, y=63.65625, z=-39.5)
 DistanceC: 19.96791268667222
Relative Position: LorenzVec(x=-19.96791268667222, y=-5.34375, z=15.216128407854903)
 }
18:12:56 `Bat`1031468 missed {
 is already Found: false).
 Position: LorenzVec(x=-89.5, y=64.65625, z=-39.5)
 DistanceC: 19.96791268667222
Relative Position: LorenzVec(x=-19.96791268667222, y=-4.34375, z=15.216128407854903)
 }
18:12:56 `Bat`1031474 missed {
 is already Found: false).
 Position: LorenzVec(x=-89.5, y=65.65625, z=-39.5)
 DistanceC: 19.96791268667222
Relative Position: LorenzVec(x=-19.96791268667222, y=-3.34375, z=15.216128407854903)
 }
18:12:56 `Bat`1031480 missed {
 is already Found: false).
 Position: LorenzVec(x=-89.5, y=66.65625, z=-39.5)
 DistanceC: 19.96791268667222
Relative Position: LorenzVec(x=-19.96791268667222, y=-2.34375, z=15.216128407854903)
 }
18:12:57 `Bat`1032732 missed {
 is already Found: false).
 Position: LorenzVec(x=-77.5, y=53.125, z=-60.5)
 DistanceC: 5.866410312834731
Relative Position: LorenzVec(x=-5.866410312834731, y=-15.875, z=-2.800000011920929)
 }
18:12:57 `Bat`1032738 missed {
 is already Found: false).
 Position: LorenzVec(x=-77.5, y=54.125, z=-60.5)
 DistanceC: 5.866410312834731
Relative Position: LorenzVec(x=-5.866410312834731, y=-14.875, z=-2.800000011920929)
 }
18:12:57 `Bat`1032744 missed {
 is already Found: false).
 Position: LorenzVec(x=-77.5, y=55.125, z=-60.5)
 DistanceC: 5.866410312834731
Relative Position: LorenzVec(x=-5.866410312834731, y=-13.875, z=-2.800000011920929)
 }
18:12:57 `Bat`1032750 missed {
 is already Found: false).
 Position: LorenzVec(x=-77.5, y=56.125, z=-60.5)
 DistanceC: 5.866410312834731
Relative Position: LorenzVec(x=-5.866410312834731, y=-12.875, z=-2.800000011920929)
 }
18:12:57 `Bat`1032734 missed {
 is already Found: false).
 Position: LorenzVec(x=-77.5, y=53.125, z=-59.5)
 DistanceC: 3.493849495278404
Relative Position: LorenzVec(x=-0.08416120947298111, y=-15.875, z=-3.493849495278404)
 }
18:12:57 `Bat`1032740 missed {
 is already Found: false).
 Position: LorenzVec(x=-77.5, y=54.125, z=-59.5)
 DistanceC: 3.493849495278404
Relative Position: LorenzVec(x=-0.08416120947298111, y=-14.875, z=-3.493849495278404)
 }
18:12:57 `Bat`1032746 missed {
 is already Found: false).
 Position: LorenzVec(x=-77.5, y=55.125, z=-59.5)
 DistanceC: 3.493849495278404
Relative Position: LorenzVec(x=-0.08416120947298111, y=-13.875, z=-3.493849495278404)
 }
18:12:57 `Bat`1032752 missed {
 is already Found: false).
 Position: LorenzVec(x=-77.5, y=56.125, z=-59.5)
 DistanceC: 3.493849495278404
Relative Position: LorenzVec(x=-0.08416120947298111, y=-12.875, z=-3.493849495278404)
 }
18:12:57 `Bat`1032736 missed {
 is already Found: false).
 Position: LorenzVec(x=-77.5, y=53.125, z=-58.5)
 DistanceC: 3.887644207004641
Relative Position: LorenzVec(x=3.887644207004641, y=-15.875, z=-2.031409192565981)
 }
18:12:57 `Bat`1032742 missed {
 is already Found: false).
 Position: LorenzVec(x=-77.5, y=54.125, z=-58.5)
 DistanceC: 3.887644207004641
Relative Position: LorenzVec(x=3.887644207004641, y=-14.875, z=-2.031409192565981)
 }
18:12:57 `Bat`1032748 missed {
 is already Found: false).
 Position: LorenzVec(x=-77.5, y=55.125, z=-58.5)
 DistanceC: 3.887644207004641
Relative Position: LorenzVec(x=3.887644207004641, y=-13.875, z=-2.031409192565981)
 }
18:12:57 `Bat`1032754 missed {
 is already Found: false).
 Position: LorenzVec(x=-77.5, y=56.125, z=-58.5)
 DistanceC: 3.887644207004641
Relative Position: LorenzVec(x=3.887644207004641, y=-12.875, z=-2.031409192565981)
 }
18:13:02 `Bat`1032363 missed {
 is already Found: false).
 Position: LorenzVec(x=-103.5, y=65.21875, z=-57.5)
 DistanceC: 9.934420262943775
Relative Position: LorenzVec(x=9.934420262943775, y=-3.78125, z=0.019827231361247755)
 }
18:13:02 `Bat`1032365 missed {
 is already Found: false).
 Position: LorenzVec(x=-103.5, y=65.21875, z=-56.5)
 DistanceC: 9.934420262943775
Relative Position: LorenzVec(x=9.934420262943775, y=-3.78125, z=1.0198272313612478)
 }
18:13:02 `Bat`1032367 missed {
 is already Found: false).
 Position: LorenzVec(x=-103.5, y=65.21875, z=-55.5)
 DistanceC: 9.934420262943775
Relative Position: LorenzVec(x=9.934420262943775, y=-3.78125, z=2.0198272313612478)
 }
18:13:02 `Bat`1032369 missed {
 is already Found: false).
 Position: LorenzVec(x=-103.5, y=66.21875, z=-57.5)
 DistanceC: 9.934420262943775
Relative Position: LorenzVec(x=9.934420262943775, y=-2.78125, z=0.019827231361247755)
 }
18:13:02 `Bat`1032371 missed {
 is already Found: false).
 Position: LorenzVec(x=-103.5, y=66.21875, z=-56.5)
 DistanceC: 9.934420262943775
Relative Position: LorenzVec(x=9.934420262943775, y=-2.78125, z=1.0198272313612478)
 }
18:13:02 `Bat`1032373 missed {
 is already Found: false).
 Position: LorenzVec(x=-103.5, y=66.21875, z=-55.5)
 DistanceC: 9.934420262943775
Relative Position: LorenzVec(x=9.934420262943775, y=-2.78125, z=2.0198272313612478)
 }
18:13:02 `Bat`1032375 missed {
 is already Found: false).
 Position: LorenzVec(x=-103.5, y=67.21875, z=-57.5)
 DistanceC: 9.934420262943775
Relative Position: LorenzVec(x=9.934420262943775, y=-1.78125, z=0.019827231361247755)
 }
18:13:02 `Bat`1032377 missed {
 is already Found: false).
 Position: LorenzVec(x=-103.5, y=67.21875, z=-56.5)
 DistanceC: 9.934420262943775
Relative Position: LorenzVec(x=9.934420262943775, y=-1.78125, z=1.0198272313612478)
 }
18:13:02 `Bat`1032379 missed {
 is already Found: false).
 Position: LorenzVec(x=-103.5, y=67.21875, z=-55.5)
 DistanceC: 9.934420262943775
Relative Position: LorenzVec(x=9.934420262943775, y=-1.78125, z=2.0198272313612478)
 }
18:13:02 `Bat`1032381 missed {
 is already Found: false).
 Position: LorenzVec(x=-103.5, y=68.21875, z=-57.5)
 DistanceC: 9.934420262943775
Relative Position: LorenzVec(x=9.934420262943775, y=-0.78125, z=0.019827231361247755)
 }
18:13:02 `Bat`1032383 missed {
 is already Found: false).
 Position: LorenzVec(x=-103.5, y=68.21875, z=-56.5)
 DistanceC: 9.934420262943775
Relative Position: LorenzVec(x=9.934420262943775, y=-0.78125, z=1.0198272313612478)
 }
18:13:02 `Bat`1032385 missed {
 is already Found: false).
 Position: LorenzVec(x=-103.5, y=68.21875, z=-55.5)
 DistanceC: 9.934420262943775
Relative Position: LorenzVec(x=9.934420262943775, y=-0.78125, z=2.0198272313612478)
 }
18:13:02 `Bat`1032339 missed {
 is already Found: false).
 Position: LorenzVec(x=-104.5, y=67.40625, z=-57.5)
 DistanceC: 9.562955687668037
Relative Position: LorenzVec(x=9.562955687668037, y=-1.59375, z=0.05655526769196939)
 }
18:13:02 `Bat`1032341 missed {
 is already Found: false).
 Position: LorenzVec(x=-104.5, y=67.40625, z=-56.5)
 DistanceC: 9.562955687668037
Relative Position: LorenzVec(x=9.562955687668037, y=-1.59375, z=1.0565552676919694)
 }
18:13:02 `Bat`1032343 missed {
 is already Found: false).
 Position: LorenzVec(x=-104.5, y=67.40625, z=-55.5)
 DistanceC: 9.562955687668037
Relative Position: LorenzVec(x=9.562955687668037, y=-1.59375, z=2.0565552676919694)
 }
18:13:02 `Bat`1032345 missed {
 is already Found: false).
 Position: LorenzVec(x=-104.5, y=68.40625, z=-57.5)
 DistanceC: 9.562955687668037
Relative Position: LorenzVec(x=9.562955687668037, y=-0.59375, z=0.05655526769196939)
 }
18:13:02 `Bat`1032347 missed {
 is already Found: false).
 Position: LorenzVec(x=-104.5, y=68.40625, z=-56.5)
 DistanceC: 9.562955687668037
Relative Position: LorenzVec(x=9.562955687668037, y=-0.59375, z=1.0565552676919694)
 }
18:13:02 `Bat`1032349 missed {
 is already Found: false).
 Position: LorenzVec(x=-104.5, y=68.40625, z=-55.5)
 DistanceC: 9.562955687668037
Relative Position: LorenzVec(x=9.562955687668037, y=-0.59375, z=2.0565552676919694)
 }
18:13:02 `Bat`1032351 missed {
 is already Found: false).
 Position: LorenzVec(x=-104.5, y=69.40625, z=-57.5)
 DistanceC: 9.562955687668037
Relative Position: LorenzVec(x=9.562955687668037, y=0.40625, z=0.05655526769196939)
 }
18:13:02 `Bat`1032353 missed {
 is already Found: false).
 Position: LorenzVec(x=-104.5, y=69.40625, z=-56.5)
 DistanceC: 9.562955687668037
Relative Position: LorenzVec(x=9.562955687668037, y=0.40625, z=1.0565552676919694)
 }
18:13:02 `Bat`1032355 missed {
 is already Found: false).
 Position: LorenzVec(x=-104.5, y=69.40625, z=-55.5)
 DistanceC: 9.562955687668037
Relative Position: LorenzVec(x=9.562955687668037, y=0.40625, z=2.0565552676919694)
 }
18:13:02 `Bat`1032357 missed {
 is already Found: false).
 Position: LorenzVec(x=-104.5, y=70.40625, z=-57.5)
 DistanceC: 9.562955687668037
Relative Position: LorenzVec(x=9.562955687668037, y=1.40625, z=0.05655526769196939)
 }
18:13:02 `Bat`1032359 missed {
 is already Found: false).
 Position: LorenzVec(x=-104.5, y=70.40625, z=-56.5)
 DistanceC: 9.562955687668037
Relative Position: LorenzVec(x=9.562955687668037, y=1.40625, z=1.0565552676919694)
 }
18:13:02 `Bat`1032361 missed {
 is already Found: false).
 Position: LorenzVec(x=-104.5, y=70.40625, z=-55.5)
 DistanceC: 9.562955687668037
Relative Position: LorenzVec(x=9.562955687668037, y=1.40625, z=2.0565552676919694)
 }
18:13:02 `Bat`1032315 missed {
 is already Found: false).
 Position: LorenzVec(x=-105.5, y=67.40625, z=-57.5)
 DistanceC: 9.368799928557749
Relative Position: LorenzVec(x=9.368799928557749, y=-1.59375, z=0.10365313745239746)
 }
18:13:02 `Bat`1032317 missed {
 is already Found: false).
 Position: LorenzVec(x=-105.5, y=67.40625, z=-56.5)
 DistanceC: 9.368799928557749
Relative Position: LorenzVec(x=9.368799928557749, y=-1.59375, z=1.1036531374523975)
 }
18:13:02 `Bat`1032319 missed {
 is already Found: false).
 Position: LorenzVec(x=-105.5, y=67.40625, z=-55.5)
 DistanceC: 9.368799928557749
Relative Position: LorenzVec(x=9.368799928557749, y=-1.59375, z=2.1036531374523975)
 }
18:13:02 `Bat`1032321 missed {
 is already Found: false).
 Position: LorenzVec(x=-105.5, y=68.40625, z=-57.5)
 DistanceC: 9.368799928557749
Relative Position: LorenzVec(x=9.368799928557749, y=-0.59375, z=0.10365313745239746)
 }
18:13:02 `Bat`1032323 missed {
 is already Found: false).
 Position: LorenzVec(x=-105.5, y=68.40625, z=-56.5)
 DistanceC: 9.368799928557749
Relative Position: LorenzVec(x=9.368799928557749, y=-0.59375, z=1.1036531374523975)
 }
18:13:02 `Bat`1032325 missed {
 is already Found: false).
 Position: LorenzVec(x=-105.5, y=68.40625, z=-55.5)
 DistanceC: 9.368799928557749
Relative Position: LorenzVec(x=9.368799928557749, y=-0.59375, z=2.1036531374523975)
 }
18:13:02 `Bat`1032327 missed {
 is already Found: false).
 Position: LorenzVec(x=-105.5, y=69.40625, z=-57.5)
 DistanceC: 9.368799928557749
Relative Position: LorenzVec(x=9.368799928557749, y=0.40625, z=0.10365313745239746)
 }
18:13:02 `Bat`1032329 missed {
 is already Found: false).
 Position: LorenzVec(x=-105.5, y=69.40625, z=-56.5)
 DistanceC: 9.368799928557749
Relative Position: LorenzVec(x=9.368799928557749, y=0.40625, z=1.1036531374523975)
 }
18:13:02 `Bat`1032331 missed {
 is already Found: false).
 Position: LorenzVec(x=-105.5, y=69.40625, z=-55.5)
 DistanceC: 9.368799928557749
Relative Position: LorenzVec(x=9.368799928557749, y=0.40625, z=2.1036531374523975)
 }
18:13:02 `Bat`1032333 missed {
 is already Found: false).
 Position: LorenzVec(x=-105.5, y=70.40625, z=-57.5)
 DistanceC: 9.368799928557749
Relative Position: LorenzVec(x=9.368799928557749, y=1.40625, z=0.10365313745239746)
 }
18:13:02 `Bat`1032335 missed {
 is already Found: false).
 Position: LorenzVec(x=-105.5, y=70.40625, z=-56.5)
 DistanceC: 9.368799928557749
Relative Position: LorenzVec(x=9.368799928557749, y=1.40625, z=1.1036531374523975)
 }
18:13:02 `Bat`1032337 missed {
 is already Found: false).
 Position: LorenzVec(x=-105.5, y=70.40625, z=-55.5)
 DistanceC: 9.368799928557749
Relative Position: LorenzVec(x=9.368799928557749, y=1.40625, z=2.1036531374523975)
 }
18:13:29 `Bat`1045124 missed {
 is already Found: false).
 Position: LorenzVec(x=-190.5, y=82.125, z=-13.5)
 DistanceC: 7.199999988079071
Relative Position: LorenzVec(x=7.199999988079071, y=-2.875, z=6.550000011920929)
 }
18:13:29 `Bat`1045128 missed {
 is already Found: false).
 Position: LorenzVec(x=-190.5, y=83.125, z=-13.5)
 DistanceC: 7.199999988079071
Relative Position: LorenzVec(x=7.199999988079071, y=-1.875, z=6.550000011920929)
 }
18:13:29 `Bat`1045132 missed {
 is already Found: false).
 Position: LorenzVec(x=-190.5, y=84.125, z=-13.5)
 DistanceC: 7.199999988079071
Relative Position: LorenzVec(x=7.199999988079071, y=-0.875, z=6.550000011920929)
 }
18:13:29 `Bat`1045136 missed {
 is already Found: false).
 Position: LorenzVec(x=-190.5, y=85.125, z=-13.5)
 DistanceC: 7.199999988079071
Relative Position: LorenzVec(x=7.199999988079071, y=0.125, z=6.550000011920929)
 }
18:13:30 `Bat`1045126 missed {
 is already Found: false).
 Position: LorenzVec(x=-190.5, y=82.125, z=-12.5)
 DistanceC: 8.199999988079071
Relative Position: LorenzVec(x=3.936899311388828, y=-4.294999986886978, z=8.199999988079071)
 }
18:13:30 `Bat`1045130 missed {
 is already Found: false).
 Position: LorenzVec(x=-190.5, y=83.125, z=-12.5)
 DistanceC: 8.199999988079071
Relative Position: LorenzVec(x=3.936899311388828, y=-3.294999986886978, z=8.199999988079071)
 }
18:13:30 `Bat`1045134 missed {
 is already Found: false).
 Position: LorenzVec(x=-190.5, y=84.125, z=-12.5)
 DistanceC: 8.199999988079071
Relative Position: LorenzVec(x=3.936899311388828, y=-2.294999986886978, z=8.199999988079071)
 }
18:13:30 `Bat`1045138 missed {
 is already Found: false).
 Position: LorenzVec(x=-190.5, y=85.125, z=-12.5)
 DistanceC: 8.199999988079071
Relative Position: LorenzVec(x=3.936899311388828, y=-1.2949999868869781, z=8.199999988079071)
 }
18:14:14 `Skeleton`1046734 missed {
 is already Found: false).
 Position: LorenzVec(x=95.69444444444446, y=222.27083333333331, z=45.39930555555556)
 DistanceC: 3.474095396449414
Relative Position: LorenzVec(x=-3.474095396449414, y=73.18029198259248, z=1.9122437493707949)
 }
18:14:14 `Skeleton`1046762 missed {
 is already Found: false).
 Position: LorenzVec(x=81.65290637860082, y=221.0, z=40.41936728395062)
 DistanceC: 17.515633462293053
Relative Position: LorenzVec(x=-17.515633462293053, y=71.90945864925916, z=-3.0676945222341416)
 }
18:14:14 `Skeleton`1046766 missed {
 is already Found: false).
 Position: LorenzVec(x=93.52764917695474, y=223.0360939643347, z=45.03592249657064)
 DistanceC: 5.727187038196874
Relative Position: LorenzVec(x=-5.727187038196874, y=75.35216377762686, z=1.3609626152253398)
 }
18:14:14 `Skeleton`1046754 missed {
 is already Found: false).
 Position: LorenzVec(x=92.83513374485597, y=224.02087620027436, z=42.360425240054866)
 DistanceC: 6.499316477315261
Relative Position: LorenzVec(x=-6.499316477315261, y=77.7938249826737, z=-1.5109787068470837)
 }
18:14:18 `Skeleton`1046606 missed {
 is already Found: false).
 Position: LorenzVec(x=74.66666666666666, y=221.0, z=69.62152777777777)
 DistanceC: 19.697534909798463
Relative Position: LorenzVec(x=-19.697534909798463, y=106.0, z=7.073627597281408)
 }
18:14:19 `Skeleton`1046602 missed {
 is already Found: false).
 Position: LorenzVec(x=75.89463305898492, y=221.0, z=55.88743141289438)
 DistanceC: 18.101836412983673
Relative Position: LorenzVec(x=-18.101836412983673, y=103.5, z=-9.312568575184692)
 }
18:14:21 `Skeleton`1046583 missed {
 is already Found: false).
 Position: LorenzVec(x=78.1875, y=221.0, z=68.5625)
 DistanceC: 15.935798521189596
Relative Position: LorenzVec(x=-15.935798521189596, y=102.0, z=-0.5332216874674458)
 }
18:14:22 `Skeleton`1046626 missed {
 is already Found: false).
 Position: LorenzVec(x=73.54938271604938, y=221.0, z=69.44675925925925)
 DistanceC: 20.486155884411815
Relative Position: LorenzVec(x=-20.486155884411815, y=102.0, z=1.9388756571929235)
 }
18:14:23 `Skeleton`1046587 missed {
 is already Found: false).
 Position: LorenzVec(x=80.625, y=221.0, z=77.4375)
 DistanceC: 13.397106911690543
Relative Position: LorenzVec(x=-13.397106911690543, y=102.0, z=9.55618382127733)
 }
18:15:40 `Skeleton`1051600 missed {
 is already Found: false).
 Position: LorenzVec(x=60.53125, y=166.0, z=50.375)
 DistanceC: 16.159411091257965
Relative Position: LorenzVec(x=16.159411091257965, y=-3.0, z=7.046170687303892)
 }
18:17:08 `Shadow Assassin`1051364 missed {
 is already Found: false).
 Position: LorenzVec(x=28.1875, y=170.0, z=4.6875)
 DistanceC: 3.696291714292201
Relative Position: LorenzVec(x=3.696291714292201, y=0.0, z=-1.5831826411174745)
 }
18:19:55 `Skeleton`1050246 missed {
 is already Found: false).
 Position: LorenzVec(x=77.40625, y=221.0, z=82.4375)
 DistanceC: 18.440663189193778
Relative Position: LorenzVec(x=18.440663189193778, y=154.6706767508654, z=-1.1504728244732831)
 }
18:20:01 `Bat`1067248 missed {
 is already Found: false).
 Position: LorenzVec(x=52.5, y=103.84375, z=54.5)
 DistanceC: 15.38695940036014
Relative Position: LorenzVec(x=-2.9789767300911123, y=38.84375, z=-15.38695940036014)
 }
18:20:01 `Bat`1067250 missed {
 is already Found: false).
 Position: LorenzVec(x=52.5, y=104.84375, z=54.5)
 DistanceC: 15.38695940036014
Relative Position: LorenzVec(x=-2.9789767300911123, y=39.84375, z=-15.38695940036014)
 }
18:20:01 `Bat`1067252 missed {
 is already Found: false).
 Position: LorenzVec(x=52.5, y=105.84375, z=54.5)
 DistanceC: 15.38695940036014
Relative Position: LorenzVec(x=-2.9789767300911123, y=40.84375, z=-15.38695940036014)
 }
18:20:01 `Bat`1067254 missed {
 is already Found: false).
 Position: LorenzVec(x=52.5, y=106.84375, z=54.5)
 DistanceC: 15.38695940036014
Relative Position: LorenzVec(x=-2.9789767300911123, y=41.84375, z=-15.38695940036014)
 }
18:20:01 `Bat`1067256 missed {
 is already Found: false).
 Position: LorenzVec(x=52.5, y=107.84375, z=54.5)
 DistanceC: 15.38695940036014
Relative Position: LorenzVec(x=-2.9789767300911123, y=42.84375, z=-15.38695940036014)
 }
18:20:01 `Bat`1067258 missed {
 is already Found: false).
 Position: LorenzVec(x=52.5, y=108.84375, z=54.5)
 DistanceC: 15.38695940036014
Relative Position: LorenzVec(x=-2.9789767300911123, y=43.84375, z=-15.38695940036014)
 }
18:20:01 `Bat`1067260 missed {
 is already Found: false).
 Position: LorenzVec(x=52.5, y=109.84375, z=54.5)
 DistanceC: 15.38695940036014
Relative Position: LorenzVec(x=-2.9789767300911123, y=44.84375, z=-15.38695940036014)
 }
18:20:01 `Bat`1067262 missed {
 is already Found: false).
 Position: LorenzVec(x=53.5, y=103.84375, z=54.5)
 DistanceC: 15.38695940036014
Relative Position: LorenzVec(x=-1.9789767300911123, y=38.84375, z=-15.38695940036014)
 }
18:20:01 `Bat`1067264 missed {
 is already Found: false).
 Position: LorenzVec(x=53.5, y=104.84375, z=54.5)
 DistanceC: 15.38695940036014
Relative Position: LorenzVec(x=-1.9789767300911123, y=39.84375, z=-15.38695940036014)
 }
18:20:01 `Bat`1067266 missed {
 is already Found: false).
 Position: LorenzVec(x=53.5, y=105.84375, z=54.5)
 DistanceC: 15.38695940036014
Relative Position: LorenzVec(x=-1.9789767300911123, y=40.84375, z=-15.38695940036014)
 }
18:20:01 `Bat`1067268 missed {
 is already Found: false).
 Position: LorenzVec(x=53.5, y=106.84375, z=54.5)
 DistanceC: 15.38695940036014
Relative Position: LorenzVec(x=-1.9789767300911123, y=41.84375, z=-15.38695940036014)
 }
18:20:01 `Bat`1067270 missed {
 is already Found: false).
 Position: LorenzVec(x=53.5, y=107.84375, z=54.5)
 DistanceC: 15.38695940036014
Relative Position: LorenzVec(x=-1.9789767300911123, y=42.84375, z=-15.38695940036014)
 }
18:20:01 `Bat`1067272 missed {
 is already Found: false).
 Position: LorenzVec(x=53.5, y=108.84375, z=54.5)
 DistanceC: 15.38695940036014
Relative Position: LorenzVec(x=-1.9789767300911123, y=43.84375, z=-15.38695940036014)
 }
18:20:01 `Bat`1067274 missed {
 is already Found: false).
 Position: LorenzVec(x=53.5, y=109.84375, z=54.5)
 DistanceC: 15.38695940036014
Relative Position: LorenzVec(x=-1.9789767300911123, y=44.84375, z=-15.38695940036014)
 }
18:20:01 `Bat`1067276 missed {
 is already Found: false).
 Position: LorenzVec(x=54.5, y=103.84375, z=54.5)
 DistanceC: 15.38695940036014
Relative Position: LorenzVec(x=-0.9789767300911123, y=38.84375, z=-15.38695940036014)
 }
18:20:01 `Bat`1067278 missed {
 is already Found: false).
 Position: LorenzVec(x=54.5, y=104.84375, z=54.5)
 DistanceC: 15.38695940036014
Relative Position: LorenzVec(x=-0.9789767300911123, y=39.84375, z=-15.38695940036014)
 }
18:20:01 `Bat`1067280 missed {
 is already Found: false).
 Position: LorenzVec(x=54.5, y=105.84375, z=54.5)
 DistanceC: 15.38695940036014
Relative Position: LorenzVec(x=-0.9789767300911123, y=40.84375, z=-15.38695940036014)
 }
18:20:01 `Bat`1067282 missed {
 is already Found: false).
 Position: LorenzVec(x=54.5, y=106.84375, z=54.5)
 DistanceC: 15.38695940036014
Relative Position: LorenzVec(x=-0.9789767300911123, y=41.84375, z=-15.38695940036014)
 }
18:20:01 `Bat`1067284 missed {
 is already Found: false).
 Position: LorenzVec(x=54.5, y=107.84375, z=54.5)
 DistanceC: 15.38695940036014
Relative Position: LorenzVec(x=-0.9789767300911123, y=42.84375, z=-15.38695940036014)
 }
18:20:01 `Bat`1067286 missed {
 is already Found: false).
 Position: LorenzVec(x=54.5, y=108.84375, z=54.5)
 DistanceC: 15.38695940036014
Relative Position: LorenzVec(x=-0.9789767300911123, y=43.84375, z=-15.38695940036014)
 }
18:20:01 `Bat`1067288 missed {
 is already Found: false).
 Position: LorenzVec(x=54.5, y=109.84375, z=54.5)
 DistanceC: 15.38695940036014
Relative Position: LorenzVec(x=-0.9789767300911123, y=44.84375, z=-15.38695940036014)
 }
18:20:01 `Bat`1067290 missed {
 is already Found: false).
 Position: LorenzVec(x=55.5, y=103.84375, z=54.5)
 DistanceC: 15.38695940036014
Relative Position: LorenzVec(x=0.0210232699088877, y=38.84375, z=-15.38695940036014)
 }
18:20:01 `Bat`1067292 missed {
 is already Found: false).
 Position: LorenzVec(x=55.5, y=104.84375, z=54.5)
 DistanceC: 15.38695940036014
Relative Position: LorenzVec(x=0.0210232699088877, y=39.84375, z=-15.38695940036014)
 }
18:20:01 `Bat`1067294 missed {
 is already Found: false).
 Position: LorenzVec(x=55.5, y=105.84375, z=54.5)
 DistanceC: 15.38695940036014
Relative Position: LorenzVec(x=0.0210232699088877, y=40.84375, z=-15.38695940036014)
 }
18:20:01 `Bat`1067296 missed {
 is already Found: false).
 Position: LorenzVec(x=55.5, y=106.84375, z=54.5)
 DistanceC: 15.38695940036014
Relative Position: LorenzVec(x=0.0210232699088877, y=41.84375, z=-15.38695940036014)
 }
18:20:01 `Bat`1067298 missed {
 is already Found: false).
 Position: LorenzVec(x=55.5, y=107.84375, z=54.5)
 DistanceC: 15.38695940036014
Relative Position: LorenzVec(x=0.0210232699088877, y=42.84375, z=-15.38695940036014)
 }
18:20:01 `Bat`1067300 missed {
 is already Found: false).
 Position: LorenzVec(x=55.5, y=108.84375, z=54.5)
 DistanceC: 15.38695940036014
Relative Position: LorenzVec(x=0.0210232699088877, y=43.84375, z=-15.38695940036014)
 }
18:20:01 `Bat`1067302 missed {
 is already Found: false).
 Position: LorenzVec(x=55.5, y=109.84375, z=54.5)
 DistanceC: 15.38695940036014
Relative Position: LorenzVec(x=0.0210232699088877, y=44.84375, z=-15.38695940036014)
 }
18:20:01 `Bat`1067304 missed {
 is already Found: false).
 Position: LorenzVec(x=56.5, y=103.84375, z=54.5)
 DistanceC: 15.38695940036014
Relative Position: LorenzVec(x=1.0210232699088877, y=38.84375, z=-15.38695940036014)
 }
18:20:01 `Bat`1067306 missed {
 is already Found: false).
 Position: LorenzVec(x=56.5, y=104.84375, z=54.5)
 DistanceC: 15.38695940036014
Relative Position: LorenzVec(x=1.0210232699088877, y=39.84375, z=-15.38695940036014)
 }
18:20:01 `Bat`1067308 missed {
 is already Found: false).
 Position: LorenzVec(x=56.5, y=105.84375, z=54.5)
 DistanceC: 15.38695940036014
Relative Position: LorenzVec(x=1.0210232699088877, y=40.84375, z=-15.38695940036014)
 }
18:20:01 `Bat`1067310 missed {
 is already Found: false).
 Position: LorenzVec(x=56.5, y=106.84375, z=54.5)
 DistanceC: 15.38695940036014
Relative Position: LorenzVec(x=1.0210232699088877, y=41.84375, z=-15.38695940036014)
 }
18:20:01 `Bat`1067312 missed {
 is already Found: false).
 Position: LorenzVec(x=56.5, y=107.84375, z=54.5)
 DistanceC: 15.38695940036014
Relative Position: LorenzVec(x=1.0210232699088877, y=42.84375, z=-15.38695940036014)
 }
18:20:01 `Bat`1067314 missed {
 is already Found: false).
 Position: LorenzVec(x=56.5, y=108.84375, z=54.5)
 DistanceC: 15.38695940036014
Relative Position: LorenzVec(x=1.0210232699088877, y=43.84375, z=-15.38695940036014)
 }
18:20:01 `Bat`1067316 missed {
 is already Found: false).
 Position: LorenzVec(x=56.5, y=109.84375, z=54.5)
 DistanceC: 15.38695940036014
Relative Position: LorenzVec(x=1.0210232699088877, y=44.84375, z=-15.38695940036014)
 }
18:22:22 `Bat`319211 missed {
 is already Found: false).
 Position: LorenzVec(x=-57.5, y=64.28125, z=-168.5)
 DistanceC: 21.19999998807907
Relative Position: LorenzVec(x=21.156128489454332, y=-4.71875, z=-21.19999998807907)
 }
18:22:22 `Bat`319213 missed {
 is already Found: false).
 Position: LorenzVec(x=-57.5, y=64.28125, z=-167.5)
 DistanceC: 21.156128489454332
Relative Position: LorenzVec(x=21.156128489454332, y=-4.71875, z=-20.19999998807907)
 }
18:22:22 `Bat`319217 missed {
 is already Found: false).
 Position: LorenzVec(x=-57.5, y=65.28125, z=-168.5)
 DistanceC: 21.19999998807907
Relative Position: LorenzVec(x=21.156128489454332, y=-3.71875, z=-21.19999998807907)
 }
18:22:22 `Bat`319219 missed {
 is already Found: false).
 Position: LorenzVec(x=-57.5, y=65.28125, z=-167.5)
 DistanceC: 21.156128489454332
Relative Position: LorenzVec(x=21.156128489454332, y=-3.71875, z=-20.19999998807907)
 }
18:22:22 `Bat`319223 missed {
 is already Found: false).
 Position: LorenzVec(x=-57.5, y=66.28125, z=-168.5)
 DistanceC: 21.19999998807907
Relative Position: LorenzVec(x=21.156128489454332, y=-2.71875, z=-21.19999998807907)
 }
18:22:22 `Bat`319225 missed {
 is already Found: false).
 Position: LorenzVec(x=-57.5, y=66.28125, z=-167.5)
 DistanceC: 21.156128489454332
Relative Position: LorenzVec(x=21.156128489454332, y=-2.71875, z=-20.19999998807907)
 }
18:22:22 `Bat`319229 missed {
 is already Found: false).
 Position: LorenzVec(x=-57.5, y=67.28125, z=-168.5)
 DistanceC: 21.19999998807907
Relative Position: LorenzVec(x=21.156128489454332, y=-1.71875, z=-21.19999998807907)
 }
18:22:22 `Bat`319231 missed {
 is already Found: false).
 Position: LorenzVec(x=-57.5, y=67.28125, z=-167.5)
 DistanceC: 21.156128489454332
Relative Position: LorenzVec(x=21.156128489454332, y=-1.71875, z=-20.19999998807907)
 }
18:22:35 `Bat`319209 missed {
 is already Found: false).
 Position: LorenzVec(x=-57.5, y=64.28125, z=-169.5)
 DistanceC: 21.82449382866288
Relative Position: LorenzVec(x=21.82449382866288, y=-11.140349998474122, z=18.456380471961154)
 }
18:22:35 `Bat`319215 missed {
 is already Found: false).
 Position: LorenzVec(x=-57.5, y=65.28125, z=-169.5)
 DistanceC: 21.82449382866288
Relative Position: LorenzVec(x=21.82449382866288, y=-10.140349998474122, z=18.456380471961154)
 }
18:22:35 `Bat`319221 missed {
 is already Found: false).
 Position: LorenzVec(x=-57.5, y=66.28125, z=-169.5)
 DistanceC: 21.82449382866288
Relative Position: LorenzVec(x=21.82449382866288, y=-9.140349998474122, z=18.456380471961154)
 }
18:22:35 `Bat`319227 missed {
 is already Found: false).
 Position: LorenzVec(x=-57.5, y=67.28125, z=-169.5)
 DistanceC: 21.82449382866288
Relative Position: LorenzVec(x=21.82449382866288, y=-8.140349998474122, z=18.456380471961154)
 }
18:23:06 `Bat`330612 missed {
 is already Found: false).
 Position: LorenzVec(x=-98.5, y=62.125, z=-155.5)
 DistanceC: 20.03679762372535
Relative Position: LorenzVec(x=-20.03679762372535, y=-14.875, z=5.203718180702822)
 }
18:23:06 `Bat`330614 missed {
 is already Found: false).
 Position: LorenzVec(x=-98.5, y=63.125, z=-155.5)
 DistanceC: 20.03679762372535
Relative Position: LorenzVec(x=-20.03679762372535, y=-13.875, z=5.203718180702822)
 }
18:23:06 `Bat`330616 missed {
 is already Found: false).
 Position: LorenzVec(x=-98.5, y=64.125, z=-155.5)
 DistanceC: 20.03679762372535
Relative Position: LorenzVec(x=-20.03679762372535, y=-12.875, z=5.203718180702822)
 }
18:23:06 `Bat`330618 missed {
 is already Found: false).
 Position: LorenzVec(x=-98.5, y=65.125, z=-155.5)
 DistanceC: 20.03679762372535
Relative Position: LorenzVec(x=-20.03679762372535, y=-11.875, z=5.203718180702822)
 }
18:23:06 `Bat`330620 missed {
 is already Found: false).
 Position: LorenzVec(x=-97.5, y=62.125, z=-155.5)
 DistanceC: 19.03679762372535
Relative Position: LorenzVec(x=-19.03679762372535, y=-14.875, z=5.203718180702822)
 }
18:23:06 `Bat`330622 missed {
 is already Found: false).
 Position: LorenzVec(x=-97.5, y=63.125, z=-155.5)
 DistanceC: 19.03679762372535
Relative Position: LorenzVec(x=-19.03679762372535, y=-13.875, z=5.203718180702822)
 }
18:23:06 `Bat`330624 missed {
 is already Found: false).
 Position: LorenzVec(x=-97.5, y=64.125, z=-155.5)
 DistanceC: 19.03679762372535
Relative Position: LorenzVec(x=-19.03679762372535, y=-12.875, z=5.203718180702822)
 }
18:23:06 `Bat`330626 missed {
 is already Found: false).
 Position: LorenzVec(x=-97.5, y=65.125, z=-155.5)
 DistanceC: 19.03679762372535
Relative Position: LorenzVec(x=-19.03679762372535, y=-11.875, z=5.203718180702822)
 }
18:23:06 `Bat`330628 missed {
 is already Found: false).
 Position: LorenzVec(x=-96.5, y=62.125, z=-155.5)
 DistanceC: 18.03679762372535
Relative Position: LorenzVec(x=-18.03679762372535, y=-14.875, z=5.203718180702822)
 }
18:23:06 `Bat`330630 missed {
 is already Found: false).
 Position: LorenzVec(x=-96.5, y=63.125, z=-155.5)
 DistanceC: 18.03679762372535
Relative Position: LorenzVec(x=-18.03679762372535, y=-13.875, z=5.203718180702822)
 }
18:23:06 `Bat`330632 missed {
 is already Found: false).
 Position: LorenzVec(x=-96.5, y=64.125, z=-155.5)
 DistanceC: 18.03679762372535
Relative Position: LorenzVec(x=-18.03679762372535, y=-12.875, z=5.203718180702822)
 }
18:23:06 `Bat`330634 missed {
 is already Found: false).
 Position: LorenzVec(x=-96.5, y=65.125, z=-155.5)
 DistanceC: 18.03679762372535
Relative Position: LorenzVec(x=-18.03679762372535, y=-11.875, z=5.203718180702822)
 }
18:23:06 `Bat`319237 missed {
 is already Found: false).
 Position: LorenzVec(x=-56.5, y=64.28125, z=-167.5)
 DistanceC: 21.956992666410827
Relative Position: LorenzVec(x=21.956992666410827, y=-12.71875, z=-6.796281819297178)
 }
18:23:06 `Bat`319243 missed {
 is already Found: false).
 Position: LorenzVec(x=-56.5, y=65.28125, z=-167.5)
 DistanceC: 21.956992666410827
Relative Position: LorenzVec(x=21.956992666410827, y=-11.71875, z=-6.796281819297178)
 }
18:23:06 `Bat`319249 missed {
 is already Found: false).
 Position: LorenzVec(x=-56.5, y=66.28125, z=-167.5)
 DistanceC: 21.956992666410827
Relative Position: LorenzVec(x=21.956992666410827, y=-10.71875, z=-6.796281819297178)
 }
18:23:06 `Bat`319255 missed {
 is already Found: false).
 Position: LorenzVec(x=-56.5, y=67.28125, z=-167.5)
 DistanceC: 21.956992666410827
Relative Position: LorenzVec(x=21.956992666410827, y=-9.71875, z=-6.796281819297178)
 }
18:23:06 `Bat`319235 missed {
 is already Found: false).
 Position: LorenzVec(x=-56.5, y=64.28125, z=-168.5)
 DistanceC: 21.956992666410827
Relative Position: LorenzVec(x=21.956992666410827, y=-12.71875, z=-7.796281819297178)
 }
18:23:06 `Bat`319241 missed {
 is already Found: false).
 Position: LorenzVec(x=-56.5, y=65.28125, z=-168.5)
 DistanceC: 21.956992666410827
Relative Position: LorenzVec(x=21.956992666410827, y=-11.71875, z=-7.796281819297178)
 }
18:23:06 `Bat`319247 missed {
 is already Found: false).
 Position: LorenzVec(x=-56.5, y=66.28125, z=-168.5)
 DistanceC: 21.956992666410827
Relative Position: LorenzVec(x=21.956992666410827, y=-10.71875, z=-7.796281819297178)
 }
18:23:06 `Bat`319253 missed {
 is already Found: false).
 Position: LorenzVec(x=-56.5, y=67.28125, z=-168.5)
 DistanceC: 21.956992666410827
Relative Position: LorenzVec(x=21.956992666410827, y=-9.71875, z=-7.796281819297178)
 }
18:23:50 `Bat`338833 missed {
 is already Found: false).
 Position: LorenzVec(x=-121.5, y=73.125, z=-189.5)
 DistanceC: 4.699999988079071
Relative Position: LorenzVec(x=4.699999988079071, y=-13.375, z=-0.5241975198025273)
 }
18:23:50 `Bat`338835 missed {
 is already Found: false).
 Position: LorenzVec(x=-121.5, y=73.125, z=-188.5)
 DistanceC: 4.699999988079071
Relative Position: LorenzVec(x=4.699999988079071, y=-13.375, z=0.47580248019747273)
 }
18:23:50 `Bat`338837 missed {
 is already Found: false).
 Position: LorenzVec(x=-121.5, y=73.125, z=-187.5)
 DistanceC: 4.699999988079071
Relative Position: LorenzVec(x=4.699999988079071, y=-13.375, z=1.4758024801974727)
 }
18:23:50 `Bat`338839 missed {
 is already Found: false).
 Position: LorenzVec(x=-121.5, y=73.125, z=-186.5)
 DistanceC: 4.699999988079071
Relative Position: LorenzVec(x=4.699999988079071, y=-13.375, z=2.4758024801974727)
 }
18:23:50 `Bat`338841 missed {
 is already Found: false).
 Position: LorenzVec(x=-121.5, y=73.125, z=-185.5)
 DistanceC: 4.699999988079071
Relative Position: LorenzVec(x=4.699999988079071, y=-13.375, z=3.4758024801974727)
 }
18:23:50 `Bat`338843 missed {
 is already Found: false).
 Position: LorenzVec(x=-121.5, y=74.125, z=-189.5)
 DistanceC: 4.699999988079071
Relative Position: LorenzVec(x=4.699999988079071, y=-12.375, z=-0.5241975198025273)
 }
18:23:50 `Bat`338845 missed {
 is already Found: false).
 Position: LorenzVec(x=-121.5, y=74.125, z=-188.5)
 DistanceC: 4.699999988079071
Relative Position: LorenzVec(x=4.699999988079071, y=-12.375, z=0.47580248019747273)
 }
18:23:50 `Bat`338847 missed {
 is already Found: false).
 Position: LorenzVec(x=-121.5, y=74.125, z=-187.5)
 DistanceC: 4.699999988079071
Relative Position: LorenzVec(x=4.699999988079071, y=-12.375, z=1.4758024801974727)
 }
18:23:50 `Bat`338849 missed {
 is already Found: false).
 Position: LorenzVec(x=-121.5, y=74.125, z=-186.5)
 DistanceC: 4.699999988079071
Relative Position: LorenzVec(x=4.699999988079071, y=-12.375, z=2.4758024801974727)
 }
18:23:50 `Bat`338851 missed {
 is already Found: false).
 Position: LorenzVec(x=-121.5, y=74.125, z=-185.5)
 DistanceC: 4.699999988079071
Relative Position: LorenzVec(x=4.699999988079071, y=-12.375, z=3.4758024801974727)
 }
18:23:50 `Bat`338853 missed {
 is already Found: false).
 Position: LorenzVec(x=-121.5, y=75.125, z=-189.5)
 DistanceC: 4.699999988079071
Relative Position: LorenzVec(x=4.699999988079071, y=-11.375, z=-0.5241975198025273)
 }
18:23:50 `Bat`338855 missed {
 is already Found: false).
 Position: LorenzVec(x=-121.5, y=75.125, z=-188.5)
 DistanceC: 4.699999988079071
Relative Position: LorenzVec(x=4.699999988079071, y=-11.375, z=0.47580248019747273)
 }
18:23:50 `Bat`338857 missed {
 is already Found: false).
 Position: LorenzVec(x=-121.5, y=75.125, z=-187.5)
 DistanceC: 4.699999988079071
Relative Position: LorenzVec(x=4.699999988079071, y=-11.375, z=1.4758024801974727)
 }
18:23:50 `Bat`338859 missed {
 is already Found: false).
 Position: LorenzVec(x=-121.5, y=75.125, z=-186.5)
 DistanceC: 4.699999988079071
Relative Position: LorenzVec(x=4.699999988079071, y=-11.375, z=2.4758024801974727)
 }
18:23:50 `Bat`338861 missed {
 is already Found: false).
 Position: LorenzVec(x=-121.5, y=75.125, z=-185.5)
 DistanceC: 4.699999988079071
Relative Position: LorenzVec(x=4.699999988079071, y=-11.375, z=3.4758024801974727)
 }
18:23:50 `Bat`338863 missed {
 is already Found: false).
 Position: LorenzVec(x=-121.5, y=76.125, z=-189.5)
 DistanceC: 4.699999988079071
Relative Position: LorenzVec(x=4.699999988079071, y=-10.375, z=-0.5241975198025273)
 }
18:23:50 `Bat`338865 missed {
 is already Found: false).
 Position: LorenzVec(x=-121.5, y=76.125, z=-188.5)
 DistanceC: 4.699999988079071
Relative Position: LorenzVec(x=4.699999988079071, y=-10.375, z=0.47580248019747273)
 }
18:23:50 `Bat`338867 missed {
 is already Found: false).
 Position: LorenzVec(x=-121.5, y=76.125, z=-187.5)
 DistanceC: 4.699999988079071
Relative Position: LorenzVec(x=4.699999988079071, y=-10.375, z=1.4758024801974727)
 }
18:23:50 `Bat`338869 missed {
 is already Found: false).
 Position: LorenzVec(x=-121.5, y=76.125, z=-186.5)
 DistanceC: 4.699999988079071
Relative Position: LorenzVec(x=4.699999988079071, y=-10.375, z=2.4758024801974727)
 }
18:23:50 `Bat`338871 missed {
 is already Found: false).
 Position: LorenzVec(x=-121.5, y=76.125, z=-185.5)
 DistanceC: 4.699999988079071
Relative Position: LorenzVec(x=4.699999988079071, y=-10.375, z=3.4758024801974727)
 }
18:24:43 `Bat`346396 missed {
 is already Found: false).
 Position: LorenzVec(x=-118.5, y=71.125, z=-142.5)
 DistanceC: 1.3929156874245905
Relative Position: LorenzVec(x=0.7520627675793321, y=-6.875, z=-1.3929156874245905)
 }
18:24:43 `Bat`346398 missed {
 is already Found: false).
 Position: LorenzVec(x=-118.5, y=71.125, z=-141.5)
 DistanceC: 0.7520627675793321
Relative Position: LorenzVec(x=0.7520627675793321, y=-6.875, z=-0.3929156874245905)
 }
18:24:43 `Bat`346400 missed {
 is already Found: false).
 Position: LorenzVec(x=-118.5, y=71.125, z=-140.5)
 DistanceC: 0.7520627675793321
Relative Position: LorenzVec(x=0.7520627675793321, y=-6.875, z=0.6070843125754095)
 }
18:24:43 `Bat`346402 missed {
 is already Found: false).
 Position: LorenzVec(x=-118.5, y=72.125, z=-142.5)
 DistanceC: 1.3929156874245905
Relative Position: LorenzVec(x=0.7520627675793321, y=-5.875, z=-1.3929156874245905)
 }
18:24:43 `Bat`346404 missed {
 is already Found: false).
 Position: LorenzVec(x=-118.5, y=72.125, z=-141.5)
 DistanceC: 0.7520627675793321
Relative Position: LorenzVec(x=0.7520627675793321, y=-5.875, z=-0.3929156874245905)
 }
18:24:43 `Bat`346406 missed {
 is already Found: false).
 Position: LorenzVec(x=-118.5, y=72.125, z=-140.5)
 DistanceC: 0.7520627675793321
Relative Position: LorenzVec(x=0.7520627675793321, y=-5.875, z=0.6070843125754095)
 }
18:24:43 `Bat`346408 missed {
 is already Found: false).
 Position: LorenzVec(x=-118.5, y=73.125, z=-142.5)
 DistanceC: 1.3929156874245905
Relative Position: LorenzVec(x=0.7520627675793321, y=-4.875, z=-1.3929156874245905)
 }
18:24:43 `Bat`346410 missed {
 is already Found: false).
 Position: LorenzVec(x=-118.5, y=73.125, z=-141.5)
 DistanceC: 0.7520627675793321
Relative Position: LorenzVec(x=0.7520627675793321, y=-4.875, z=-0.3929156874245905)
 }
18:24:43 `Bat`346412 missed {
 is already Found: false).
 Position: LorenzVec(x=-118.5, y=73.125, z=-140.5)
 DistanceC: 0.7520627675793321
Relative Position: LorenzVec(x=0.7520627675793321, y=-4.875, z=0.6070843125754095)
 }
18:24:43 `Bat`346414 missed {
 is already Found: false).
 Position: LorenzVec(x=-118.5, y=74.125, z=-142.5)
 DistanceC: 1.3929156874245905
Relative Position: LorenzVec(x=0.7520627675793321, y=-3.875, z=-1.3929156874245905)
 }
18:24:43 `Bat`346416 missed {
 is already Found: false).
 Position: LorenzVec(x=-118.5, y=74.125, z=-141.5)
 DistanceC: 0.7520627675793321
Relative Position: LorenzVec(x=0.7520627675793321, y=-3.875, z=-0.3929156874245905)
 }
18:24:43 `Bat`346418 missed {
 is already Found: false).
 Position: LorenzVec(x=-118.5, y=74.125, z=-140.5)
 DistanceC: 0.7520627675793321
Relative Position: LorenzVec(x=0.7520627675793321, y=-3.875, z=0.6070843125754095)
 }
18:24:43 `Bat`346420 missed {
 is already Found: false).
 Position: LorenzVec(x=-118.5, y=75.125, z=-142.5)
 DistanceC: 1.3929156874245905
Relative Position: LorenzVec(x=0.7520627675793321, y=-2.875, z=-1.3929156874245905)
 }
18:24:43 `Bat`346422 missed {
 is already Found: false).
 Position: LorenzVec(x=-118.5, y=75.125, z=-141.5)
 DistanceC: 0.7520627675793321
Relative Position: LorenzVec(x=0.7520627675793321, y=-2.875, z=-0.3929156874245905)
 }
18:24:43 `Bat`346424 missed {
 is already Found: false).
 Position: LorenzVec(x=-118.5, y=75.125, z=-140.5)
 DistanceC: 0.7520627675793321
Relative Position: LorenzVec(x=0.7520627675793321, y=-2.875, z=0.6070843125754095)
 }
18:24:43 `Bat`346426 missed {
 is already Found: false).
 Position: LorenzVec(x=-118.5, y=76.125, z=-142.5)
 DistanceC: 1.3929156874245905
Relative Position: LorenzVec(x=0.7520627675793321, y=-1.875, z=-1.3929156874245905)
 }
18:24:43 `Bat`346428 missed {
 is already Found: false).
 Position: LorenzVec(x=-118.5, y=76.125, z=-141.5)
 DistanceC: 0.7520627675793321
Relative Position: LorenzVec(x=0.7520627675793321, y=-1.875, z=-0.3929156874245905)
 }
18:24:43 `Bat`346430 missed {
 is already Found: false).
 Position: LorenzVec(x=-118.5, y=76.125, z=-140.5)
 DistanceC: 0.7520627675793321
Relative Position: LorenzVec(x=0.7520627675793321, y=-1.875, z=0.6070843125754095)
 }
18:24:43 `Bat`346432 missed {
 is already Found: false).
 Position: LorenzVec(x=-118.5, y=77.125, z=-142.5)
 DistanceC: 1.3929156874245905
Relative Position: LorenzVec(x=0.7520627675793321, y=-0.875, z=-1.3929156874245905)
 }
18:24:43 `Bat`346434 missed {
 is already Found: false).
 Position: LorenzVec(x=-118.5, y=77.125, z=-141.5)
 DistanceC: 0.7520627675793321
Relative Position: LorenzVec(x=0.7520627675793321, y=-0.875, z=-0.3929156874245905)
 }
18:24:43 `Bat`346436 missed {
 is already Found: false).
 Position: LorenzVec(x=-118.5, y=77.125, z=-140.5)
 DistanceC: 0.7520627675793321
Relative Position: LorenzVec(x=0.7520627675793321, y=-0.875, z=0.6070843125754095)
 }
18:27:18 `Shadow Assassin`379908 missed {
 is already Found: false).
 Position: LorenzVec(x=26.96875, y=170.0, z=102.3125)
 DistanceC: 21.301958255446376
Relative Position: LorenzVec(x=21.301958255446376, y=45.192853682285275, z=14.258396838589505)
 }
18:28:02 `Skeleton`378681 missed {
 is already Found: false).
 Position: LorenzVec(x=105.47337962962963, y=169.0, z=45.925925925925924)
 DistanceC: 4.932971689182395
Relative Position: LorenzVec(x=4.932971689182395, y=19.909458649259165, z=2.90684625799161)
 }
18:29:14 `Giant`393035 missed {
 is already Found: false).
 Position: LorenzVec(x=10.770833333333334, y=114.05208333333333, z=88.70833333333333)
 DistanceC: 6.902949741586383
Relative Position: LorenzVec(x=6.902949741586383, y=-27.879440511937432, z=0.40155464788185213)
 }
18:29:28 `Skeleton`384915 missed {
 is already Found: false).
 Position: LorenzVec(x=39.28125, y=169.0, z=56.625)
 DistanceC: 16.92109758548844
Relative Position: LorenzVec(x=-11.35634866955877, y=55.98000001311303, z=16.92109758548844)
 }
18:30:00 `Wither`387889 missed {
 is already Found: false).
 Position: LorenzVec(x=36.75, y=118.28125, z=40.53125)
 DistanceC: 14.072215642495813
Relative Position: LorenzVec(x=-14.072215642495813, y=3.28125, z=0.4424076088011404)
 }
18:30:58 `Bat`399341 missed {
 is already Found: false).
 Position: LorenzVec(x=52.5, y=103.84375, z=54.5)
 DistanceC: 21.584247463305047
Relative Position: LorenzVec(x=-2.1397740133937475, y=38.84375, z=-21.584247463305047)
 }
18:30:58 `Bat`399343 missed {
 is already Found: false).
 Position: LorenzVec(x=52.5, y=104.84375, z=54.5)
 DistanceC: 21.584247463305047
Relative Position: LorenzVec(x=-2.1397740133937475, y=39.84375, z=-21.584247463305047)
 }
18:30:58 `Bat`399345 missed {
 is already Found: false).
 Position: LorenzVec(x=52.5, y=105.84375, z=54.5)
 DistanceC: 21.584247463305047
Relative Position: LorenzVec(x=-2.1397740133937475, y=40.84375, z=-21.584247463305047)
 }
18:30:58 `Bat`399347 missed {
 is already Found: false).
 Position: LorenzVec(x=52.5, y=106.84375, z=54.5)
 DistanceC: 21.584247463305047
Relative Position: LorenzVec(x=-2.1397740133937475, y=41.84375, z=-21.584247463305047)
 }
18:30:58 `Bat`399349 missed {
 is already Found: false).
 Position: LorenzVec(x=52.5, y=107.84375, z=54.5)
 DistanceC: 21.584247463305047
Relative Position: LorenzVec(x=-2.1397740133937475, y=42.84375, z=-21.584247463305047)
 }
18:30:58 `Bat`399351 missed {
 is already Found: false).
 Position: LorenzVec(x=52.5, y=108.84375, z=54.5)
 DistanceC: 21.584247463305047
Relative Position: LorenzVec(x=-2.1397740133937475, y=43.84375, z=-21.584247463305047)
 }
18:30:58 `Bat`399353 missed {
 is already Found: false).
 Position: LorenzVec(x=52.5, y=109.84375, z=54.5)
 DistanceC: 21.584247463305047
Relative Position: LorenzVec(x=-2.1397740133937475, y=44.84375, z=-21.584247463305047)
 }
18:30:58 `Bat`399355 missed {
 is already Found: false).
 Position: LorenzVec(x=53.5, y=103.84375, z=54.5)
 DistanceC: 21.584247463305047
Relative Position: LorenzVec(x=-1.1397740133937475, y=38.84375, z=-21.584247463305047)
 }
18:30:58 `Bat`399357 missed {
 is already Found: false).
 Position: LorenzVec(x=53.5, y=104.84375, z=54.5)
 DistanceC: 21.584247463305047
Relative Position: LorenzVec(x=-1.1397740133937475, y=39.84375, z=-21.584247463305047)
 }
18:30:58 `Bat`399359 missed {
 is already Found: false).
 Position: LorenzVec(x=53.5, y=105.84375, z=54.5)
 DistanceC: 21.584247463305047
Relative Position: LorenzVec(x=-1.1397740133937475, y=40.84375, z=-21.584247463305047)
 }
18:30:58 `Bat`399361 missed {
 is already Found: false).
 Position: LorenzVec(x=53.5, y=106.84375, z=54.5)
 DistanceC: 21.584247463305047
Relative Position: LorenzVec(x=-1.1397740133937475, y=41.84375, z=-21.584247463305047)
 }
18:30:58 `Bat`399363 missed {
 is already Found: false).
 Position: LorenzVec(x=53.5, y=107.84375, z=54.5)
 DistanceC: 21.584247463305047
Relative Position: LorenzVec(x=-1.1397740133937475, y=42.84375, z=-21.584247463305047)
 }
18:30:58 `Bat`399365 missed {
 is already Found: false).
 Position: LorenzVec(x=53.5, y=108.84375, z=54.5)
 DistanceC: 21.584247463305047
Relative Position: LorenzVec(x=-1.1397740133937475, y=43.84375, z=-21.584247463305047)
 }
18:30:58 `Bat`399367 missed {
 is already Found: false).
 Position: LorenzVec(x=53.5, y=109.84375, z=54.5)
 DistanceC: 21.584247463305047
Relative Position: LorenzVec(x=-1.1397740133937475, y=44.84375, z=-21.584247463305047)
 }
18:30:58 `Bat`399369 missed {
 is already Found: false).
 Position: LorenzVec(x=54.5, y=103.84375, z=54.5)
 DistanceC: 21.584247463305047
Relative Position: LorenzVec(x=-0.1397740133937475, y=38.84375, z=-21.584247463305047)
 }
18:30:58 `Bat`399371 missed {
 is already Found: false).
 Position: LorenzVec(x=54.5, y=104.84375, z=54.5)
 DistanceC: 21.584247463305047
Relative Position: LorenzVec(x=-0.1397740133937475, y=39.84375, z=-21.584247463305047)
 }
18:30:58 `Bat`399373 missed {
 is already Found: false).
 Position: LorenzVec(x=54.5, y=105.84375, z=54.5)
 DistanceC: 21.584247463305047
Relative Position: LorenzVec(x=-0.1397740133937475, y=40.84375, z=-21.584247463305047)
 }
18:30:58 `Bat`399375 missed {
 is already Found: false).
 Position: LorenzVec(x=54.5, y=106.84375, z=54.5)
 DistanceC: 21.584247463305047
Relative Position: LorenzVec(x=-0.1397740133937475, y=41.84375, z=-21.584247463305047)
 }
18:30:58 `Bat`399377 missed {
 is already Found: false).
 Position: LorenzVec(x=54.5, y=107.84375, z=54.5)
 DistanceC: 21.584247463305047
Relative Position: LorenzVec(x=-0.1397740133937475, y=42.84375, z=-21.584247463305047)
 }
18:30:58 `Bat`399379 missed {
 is already Found: false).
 Position: LorenzVec(x=54.5, y=108.84375, z=54.5)
 DistanceC: 21.584247463305047
Relative Position: LorenzVec(x=-0.1397740133937475, y=43.84375, z=-21.584247463305047)
 }
18:30:58 `Bat`399381 missed {
 is already Found: false).
 Position: LorenzVec(x=54.5, y=109.84375, z=54.5)
 DistanceC: 21.584247463305047
Relative Position: LorenzVec(x=-0.1397740133937475, y=44.84375, z=-21.584247463305047)
 }
18:30:58 `Bat`399383 missed {
 is already Found: false).
 Position: LorenzVec(x=55.5, y=103.84375, z=54.5)
 DistanceC: 21.584247463305047
Relative Position: LorenzVec(x=0.8602259866062525, y=38.84375, z=-21.584247463305047)
 }
18:30:58 `Bat`399385 missed {
 is already Found: false).
 Position: LorenzVec(x=55.5, y=104.84375, z=54.5)
 DistanceC: 21.584247463305047
Relative Position: LorenzVec(x=0.8602259866062525, y=39.84375, z=-21.584247463305047)
 }
18:30:58 `Bat`399387 missed {
 is already Found: false).
 Position: LorenzVec(x=55.5, y=105.84375, z=54.5)
 DistanceC: 21.584247463305047
Relative Position: LorenzVec(x=0.8602259866062525, y=40.84375, z=-21.584247463305047)
 }
18:30:58 `Bat`399389 missed {
 is already Found: false).
 Position: LorenzVec(x=55.5, y=106.84375, z=54.5)
 DistanceC: 21.584247463305047
Relative Position: LorenzVec(x=0.8602259866062525, y=41.84375, z=-21.584247463305047)
 }
18:30:58 `Bat`399391 missed {
 is already Found: false).
 Position: LorenzVec(x=55.5, y=107.84375, z=54.5)
 DistanceC: 21.584247463305047
Relative Position: LorenzVec(x=0.8602259866062525, y=42.84375, z=-21.584247463305047)
 }
18:30:58 `Bat`399393 missed {
 is already Found: false).
 Position: LorenzVec(x=55.5, y=108.84375, z=54.5)
 DistanceC: 21.584247463305047
Relative Position: LorenzVec(x=0.8602259866062525, y=43.84375, z=-21.584247463305047)
 }
18:30:58 `Bat`399395 missed {
 is already Found: false).
 Position: LorenzVec(x=55.5, y=109.84375, z=54.5)
 DistanceC: 21.584247463305047
Relative Position: LorenzVec(x=0.8602259866062525, y=44.84375, z=-21.584247463305047)
 }
18:30:58 `Bat`399397 missed {
 is already Found: false).
 Position: LorenzVec(x=56.5, y=103.84375, z=54.5)
 DistanceC: 21.584247463305047
Relative Position: LorenzVec(x=1.8602259866062525, y=38.84375, z=-21.584247463305047)
 }
18:30:58 `Bat`399399 missed {
 is already Found: false).
 Position: LorenzVec(x=56.5, y=104.84375, z=54.5)
 DistanceC: 21.584247463305047
Relative Position: LorenzVec(x=1.8602259866062525, y=39.84375, z=-21.584247463305047)
 }
18:30:58 `Bat`399401 missed {
 is already Found: false).
 Position: LorenzVec(x=56.5, y=105.84375, z=54.5)
 DistanceC: 21.584247463305047
Relative Position: LorenzVec(x=1.8602259866062525, y=40.84375, z=-21.584247463305047)
 }
18:30:58 `Bat`399403 missed {
 is already Found: false).
 Position: LorenzVec(x=56.5, y=106.84375, z=54.5)
 DistanceC: 21.584247463305047
Relative Position: LorenzVec(x=1.8602259866062525, y=41.84375, z=-21.584247463305047)
 }
18:30:58 `Bat`399405 missed {
 is already Found: false).
 Position: LorenzVec(x=56.5, y=107.84375, z=54.5)
 DistanceC: 21.584247463305047
Relative Position: LorenzVec(x=1.8602259866062525, y=42.84375, z=-21.584247463305047)
 }
18:30:58 `Bat`399407 missed {
 is already Found: false).
 Position: LorenzVec(x=56.5, y=108.84375, z=54.5)
 DistanceC: 21.584247463305047
Relative Position: LorenzVec(x=1.8602259866062525, y=43.84375, z=-21.584247463305047)
 }
18:30:58 `Bat`399409 missed {
 is already Found: false).
 Position: LorenzVec(x=56.5, y=109.84375, z=54.5)
 DistanceC: 21.584247463305047
Relative Position: LorenzVec(x=1.8602259866062525, y=44.84375, z=-21.584247463305047)
 }
18:32:04 `dtkodnvowj`333 missed {
 is already Found: false).
 Position: LorenzVec(x=31.5, y=70.0, z=-94.5)
 DistanceC: 21.90873125486199
Relative Position: LorenzVec(x=16.209558240595957, y=-6.09935711385296, z=-21.90873125486199)
 }
18:32:04 `7bp3i77cxz`334 missed {
 is already Found: false).
 Position: LorenzVec(x=38.5, y=70.0, z=-88.5)
 DistanceC: 22.80000001192093
Relative Position: LorenzVec(x=22.80000001192093, y=-4.2555431697504105, z=-15.910497188215444)
 }
18:32:05 `ndz9fr9waq`523 missed {
 is already Found: false).
 Position: LorenzVec(x=-6.5, y=55.0, z=-95.5)
 DistanceC: 22.911149573858197
Relative Position: LorenzVec(x=-22.390293817892445, y=-17.431523845270732, z=-22.911149573858197)
 }
18:32:05 `6498b5042q`331 missed {
 is already Found: false).
 Position: LorenzVec(x=34.5, y=71.0, z=-96.5)
 DistanceC: 23.91607086739917
Relative Position: LorenzVec(x=19.174532116870516, y=-0.02000001072883606, z=-23.91607086739917)
 }
18:32:18 `Villager`359 missed {
 is already Found: false).
 Position: LorenzVec(x=-21.5, y=68.0, z=-124.5)
 DistanceC: 22.995694761223675
Relative Position: LorenzVec(x=-19.80000001192093, y=-4.0, z=-22.995694761223675)
 }
18:32:20 `Bat`129837 missed {
 is already Found: false).
 Position: LorenzVec(x=4.5, y=106.5625, z=-100.5)
 DistanceC: 6.199999988079073
Relative Position: LorenzVec(x=6.199999988079073, y=34.5625, z=1.0043052387763254)
 }
18:32:43 `97344fye9w`228 missed {
 is already Found: false).
 Position: LorenzVec(x=22.0, y=71.0, z=-45.5)
 DistanceC: 12.02269587022664
Relative Position: LorenzVec(x=12.02269587022664, y=-9.495557190575028, z=8.805693554764098)
 }
18:33:32 `42051k105m`243 missed {
 is already Found: false).
 Position: LorenzVec(x=-89.5, y=75.0, z=-134.5)
 DistanceC: 15.367037441730744
Relative Position: LorenzVec(x=15.367037441730744, y=0.23442391690873876, z=10.314894429615066)
 }
18:33:59 `97344fye9w`228 missed {
 is already Found: false).
 Position: LorenzVec(x=22.0, y=71.0, z=-45.5)
 DistanceC: 8.840652237177089
Relative Position: LorenzVec(x=8.11166130119209, y=1.0, z=8.840652237177089)
 }
18:34:32 `7t4g5d34vd`493 missed {
 is already Found: false).
 Position: LorenzVec(x=5.5, y=61.0, z=-134.0)
 DistanceC: 23.51249998807907
Relative Position: LorenzVec(x=2.842262462762574, y=-11.0, z=-23.51249998807907)
 }
18:59:04 `w7r05kiuyn`244 missed {
 is already Found: false).
 Position: LorenzVec(x=-42.5, y=72.0, z=-54.5)
 DistanceC: 21.98524956857323
Relative Position: LorenzVec(x=-21.98524956857323, y=2.0, z=-21.751789090105035)
 }
18:59:20 `l1db3d08s7`421 missed {
 is already Found: false).
 Position: LorenzVec(x=-31.0, y=73.0, z=-85.5)
 DistanceC: 23.199999988079075
Relative Position: LorenzVec(x=-23.199999988079075, y=0.26343197781372396, z=-19.30000001192093)
 }
18:59:30 `9g5s53x13u`19 missed {
 is already Found: false).
 Position: LorenzVec(x=4.5, y=72.0, z=-104.5)
 DistanceC: 21.338730396034876
Relative Position: LorenzVec(x=7.824402270925451, y=1.2768937215688965, z=-21.338730396034876)
 }
18:59:42 `7i211aeay3`228 missed {
 is already Found: false).
 Position: LorenzVec(x=22.0, y=71.0, z=-45.5)
 DistanceC: 22.71565367434316
Relative Position: LorenzVec(x=22.71565367434316, y=0.0, z=20.188343783979533)
 }
18:59:52 `Villager`365 missed {
 is already Found: false).
 Position: LorenzVec(x=17.5, y=70.0, z=-99.0)
 DistanceC: 18.273324093713143
Relative Position: LorenzVec(x=16.722722678305622, y=-1.6335039691966529, z=-18.273324093713143)
 }
18:59:59 `4rg5d0212d`1539 missed {
 is already Found: false).
 Position: LorenzVec(x=-2.5, y=72.0, z=-109.5)
 DistanceC: 17.44904312072174
Relative Position: LorenzVec(x=4.925486095993685, y=2.0, z=-17.44904312072174)
 }
18:59:59 `e9q8q2d5v9`1538 missed {
 is already Found: false).
 Position: LorenzVec(x=-0.5, y=72.0, z=-111.5)
 DistanceC: 19.44904312072174
Relative Position: LorenzVec(x=6.925486095993685, y=2.0, z=-19.44904312072174)
 }
18:59:59 `Zombie`187517 missed {
 is already Found: false).
 Position: LorenzVec(x=-26.875, y=55.0625, z=-83.53125)
 DistanceC: 19.449513904006317
Relative Position: LorenzVec(x=-19.449513904006317, y=-14.9375, z=8.51970687927826)
 }
19:00:02 `5dul051yl4`516 missed {
 is already Found: false).
 Position: LorenzVec(x=-29.5, y=57.0, z=-90.5)
 DistanceC: 22.074513904006317
Relative Position: LorenzVec(x=-22.074513904006317, y=-13.0, z=1.5509568792782602)
 }
19:09:26 `65l3v3ay87`524 missed {
 is already Found: false).
 Position: LorenzVec(x=-32.5, y=71.0, z=-76.5)
 DistanceC: 22.793737847829277
Relative Position: LorenzVec(x=-22.793737847829277, y=1.0, z=18.571937505814674)
 }
19:09:56 `Villager`373 missed {
 is already Found: false).
 Position: LorenzVec(x=-36.0, y=68.0, z=-39.0)
 DistanceC: 22.819039199430627
Relative Position: LorenzVec(x=-22.819039199430627, y=-7.0, z=-13.699999988079071)
 }
19:11:52 `Villager`255 missed {
 is already Found: false).
 Position: LorenzVec(x=-35.5, y=69.0, z=-112.5)
 DistanceC: 21.798392899073633
Relative Position: LorenzVec(x=-21.015494460350734, y=-0.6382227274985866, z=21.798392899073633)
 }
19:12:02 `Villager`363 missed {
 is already Found: false).
 Position: LorenzVec(x=28.0, y=70.0, z=-116.0)
 DistanceC: 21.934680622071035
Relative Position: LorenzVec(x=21.934680622071035, y=7.366496030803333, z=18.341184335526123)
 }
19:12:19 `9g5s53x13u`19 missed {
 is already Found: false).
 Position: LorenzVec(x=4.5, y=72.0, z=-104.5)
 DistanceC: 19.458989639038915
Relative Position: LorenzVec(x=19.458989639038915, y=4.0, z=18.171981973377882)
 }
19:12:33 `Zombie`140816 missed {
 is already Found: false).
 Position: LorenzVec(x=-39.53125, y=57.0, z=-121.875)
 DistanceC: 21.768833346106867
Relative Position: LorenzVec(x=-21.768833346106867, y=-11.0, z=-1.4867727946202933)
 }
19:12:48 `Villager`373 missed {
 is already Found: false).
 Position: LorenzVec(x=-36.0, y=68.0, z=-39.0)
 DistanceC: 18.1421333708714
Relative Position: LorenzVec(x=-18.1421333708714, y=-2.0, z=13.07804643090681)
 }
