15:25:44 §f                                  §6§lBESTIARY
15:25:44 §f                            §b§lEarthworm §7§8IV §8➡§b §bV
15:25:44 
15:25:44 §f                                  §r§6§lREWARDS
15:25:44 §f                          §r§6+0.4☘ Farming Fortune
15:25:44 §f                           §r§8+§r§62% §r§aEarthworm §r§7coins
15:25:44 §f                    §r§8+§r§a50% §r§7chance for extra XP orbs
15:25:44 §f                               §r§8+§r§b1 SkyBlock XP
15:25:44 
15:25:44 §3§l▬▬▬▬▬▬▬▬▬▬▬▬▬▬▬▬▬▬▬▬▬▬▬▬▬▬▬▬▬▬▬▬▬▬▬▬▬▬▬▬▬▬▬▬▬▬▬▬▬▬▬▬▬▬▬▬▬▬▬▬▬▬▬▬
15:28:00 §f                                  §6§lBESTIARY
15:28:00 §f                                 §b§lRat §7§8IV §8➡§b §bV
15:28:00 
15:28:00 §f                                  §r§6§lREWARDS
15:28:00 §f                          §r§6+0.4☘ Farming Fortune
15:28:00 §f                                §r§8+§r§62% §r§aRat §r§7coins
15:28:00 §f                    §r§8+§r§a50% §r§7chance for extra XP orbs
15:28:00 §f                               §r§8+§r§b1 SkyBlock XP
15:28:00 
15:28:00 §3§l▬▬▬▬▬▬▬▬▬▬▬▬▬▬▬▬▬▬▬▬▬▬▬▬▬▬▬▬▬▬▬▬▬▬▬▬▬▬▬▬▬▬▬▬▬▬▬▬▬▬▬▬▬▬▬▬▬▬▬▬▬▬▬▬
15:46:14 §f                                  §6§lBESTIARY
15:46:14 §f                              §b§lSlug §7§8VII §8➡§b §bVIII
15:46:14 
15:46:14 §f                                  §r§6§lREWARDS
15:46:14 §f                          §r§6+0.4☘ Farming Fortune
15:46:14 §f                               §r§8+§r§62% §r§aSlug §r§7coins
15:46:14 §f                    §r§8+§r§a50% §r§7chance for extra XP orbs
15:46:14 §f                               §r§8+§r§b1 SkyBlock XP
15:46:14 
15:46:14 §3§l▬▬▬▬▬▬▬▬▬▬▬▬▬▬▬▬▬▬▬▬▬▬▬▬▬▬▬▬▬▬▬▬▬▬▬▬▬▬▬▬▬▬▬▬▬▬▬▬▬▬▬▬▬▬▬▬▬▬▬▬▬▬▬▬
15:46:57 §f                                  §6§lBESTIARY
15:46:57 §f                            §b§lEarthworm §7§8V §8➡§b §bVI
15:46:57 
15:46:57 §f                                  §r§6§lREWARDS
15:46:57 §f                          §r§6+0.4☘ Farming Fortune
15:46:57 §f                           §r§8+§r§62% §r§aEarthworm §r§7coins
15:46:57 §f                    §r§8+§r§a50% §r§7chance for extra XP orbs
15:46:57 §f                               §r§8+§r§b1 SkyBlock XP
15:46:57 
15:46:57 §3§l▬▬▬▬▬▬▬▬▬▬▬▬▬▬▬▬▬▬▬▬▬▬▬▬▬▬▬▬▬▬▬▬▬▬▬▬▬▬▬▬▬▬▬▬▬▬▬▬▬▬▬▬▬▬▬▬▬▬▬▬▬▬▬▬
16:27:45 §f                                  §6§lBESTIARY
16:27:45 §f                              §b§lBeetle §7§8VI §8➡§b §bVII
16:27:45 
16:27:45 §f                                  §r§6§lREWARDS
16:27:45 §f                          §r§6+0.4☘ Farming Fortune
16:27:45 §f                              §r§8+§r§62% §r§aBeetle §r§7coins
16:27:45 §f                    §r§8+§r§a50% §r§7chance for extra XP orbs
16:27:45 §f                               §r§8+§r§b1 SkyBlock XP
16:27:45 
16:27:45 §3§l▬▬▬▬▬▬▬▬▬▬▬▬▬▬▬▬▬▬▬▬▬▬▬▬▬▬▬▬▬▬▬▬▬▬▬▬▬▬▬▬▬▬▬▬▬▬▬▬▬▬▬▬▬▬▬▬▬▬▬▬▬▬▬▬
16:38:29 §f                                  §6§lBESTIARY
16:38:29 §f                             §b§lLocust §7§8VII §8➡§b §bVIII
16:38:29 
16:38:29 §f                                  §r§6§lREWARDS
16:38:29 §f                          §r§6+0.4☘ Farming Fortune
16:38:29 §f                              §r§8+§r§62% §r§aLocust §r§7coins
16:38:29 §f                    §r§8+§r§a50% §r§7chance for extra XP orbs
16:38:29 §f                               §r§8+§r§b1 SkyBlock XP
16:38:29 
16:38:29 §3§l▬▬▬▬▬▬▬▬▬▬▬▬▬▬▬▬▬▬▬▬▬▬▬▬▬▬▬▬▬▬▬▬▬▬▬▬▬▬▬▬▬▬▬▬▬▬▬▬▬▬▬▬▬▬▬▬▬▬▬▬▬▬▬▬
