15:57:14 §e[NPC] §aEmissary Carlton§f: §r§fThe King has sent me to go shopping for I am his favorite emissary!
15:57:53 §e[NPC] §aEmissary Carlton§f: §r§fThis will make me gain even more favor with the King!
15:58:06 §e[NPC] §aJacob§f: §r§fHowdy! Fine barn ye got there eh? Good lad, you think ye could get me some wheat, eh?
15:58:32 §e[NPC] §aJacob§f: §r§fThanks a lot matey. That'll help ye prepare my next farming contest eh?
15:58:37 §e[NPC] §aRoyal Resident§f: §r§fI don't really converse with your kind, but today I'll make an exception.
15:59:07 §e[NPC] §aRoyal Resident§f: §r§fThis is acceptable. I would never eat this myself, but it's good enough for my servants.
15:59:13 §e[NPC] §aMason§f: §r§fI paid for one of Treasure Hunter's tips today and again, it only led me to a dirty shoelace. His tips are just not worth it...
15:59:39 §e[NPC] §aMason§f: §r§fMaybe if I continue buying his tips I'll hit the jackpot soon. Just gotta spend a little bit more...
15:59:42 §e[NPC] §aTarwen§f: §r§fBuurrrp? ... Burrp bURp!
15:59:58 §e[NPC] §aTarwen§f: §r§fBuuuuurp!
16:00:00 §e[NPC] §aTrevor§f: §r§fI've been tracking an animal for the past few days. Got anything I could use as bait?
16:00:14 §e[NPC] §aTrevor§f: §r§fThis should do nicely. I'll have plenty of pelts by the end of the day.
16:29:01 §e[NPC] §aEmissary Wilson§f: §r§fThe King's least favorite vegetable is carrot, so he sent me, his favorite emissary, to make it better!
16:30:14 §e[NPC] §aEmissary Wilson§f: §r§fI'm sure that by giving him his least favorite vegetable, he'll make me his favoritest emissary!
16:30:40 §e[NPC] §aRoyal Resident§f: §r§fMy neighbor told me to get off his property, but he doesn't even own this place!
16:31:02 §e[NPC] §aRoyal Resident§f: §rMaybe I have to talk to the King about him. He is going too far. I think the current King is §l§6Redros§f.
16:31:03 §e[NPC] §aTrevor§f: §r§fI've been tracking an animal for the past few days. Got anything I could use as bait?
16:31:20 §e[NPC] §aLumber Jack§f: §r§fMy assistant is feeling off, and I think we could do with a hearty meal. Do you think you can help us out?
16:31:24 §e[NPC] §aTrevor§f: §r§fThis should do nicely. I'll have plenty of pelts by the end of the day.
16:31:40 §e[NPC] §aLumber Jack§f: §r§fThank you! I'm sure this will make him feel better.
16:31:42 §e[NPC] §aLeo§f: §r§fSadly you can't gather logs in the §aThe Garden§f, however there are plenty of crops here!
16:32:01 §e[NPC] §aLeo§f: §r§fUntil next time!
