15:22:34 §f                     §7You have §a2 §7items stashed away!
15:22:34 §f                §6§l>>> §6§lCLICK HERE§e to pick them up! §6§l<<<
15:22:34   
15:22:35 §f                §7You have §31,856 §7materials stashed away!
15:22:35 §f              §8(This totals 3 types of materials stashed!)
15:22:35 §f                §3§l>>> §3§lCLICK HERE§b to pick them up! §3§l<<<
15:22:35   
15:23:35 §f                     §7You have §a2 §7items stashed away!
15:23:35 §f                §6§l>>> §6§lCLICK HERE§e to pick them up! §6§l<<<
15:23:35   
15:23:35 §f                §7You have §31,856 §7materials stashed away!
15:23:35 §f              §8(This totals 3 types of materials stashed!)
15:23:35 §f                §3§l>>> §3§lCLICK HERE§b to pick them up! §3§l<<<
15:23:35   
15:24:35 §f                     §7You have §a2 §7items stashed away!
15:24:35 §f                §6§l>>> §6§lCLICK HERE§e to pick them up! §6§l<<<
15:24:35   
15:24:35 §f                §7You have §31,856 §7materials stashed away!
15:24:35 §f              §8(This totals 3 types of materials stashed!)
15:24:35 §f                §3§l>>> §3§lCLICK HERE§b to pick them up! §3§l<<<
15:24:35   
15:25:35 §f                     §7You have §a2 §7items stashed away!
15:25:35 §f                §6§l>>> §6§lCLICK HERE§e to pick them up! §6§l<<<
15:25:35   
15:25:35 §f                §7You have §31,856 §7materials stashed away!
15:25:35 §f              §8(This totals 3 types of materials stashed!)
15:25:35 §f                §3§l>>> §3§lCLICK HERE§b to pick them up! §3§l<<<
15:25:35   
15:26:35 §f                     §7You have §a2 §7items stashed away!
15:26:35 §f                §6§l>>> §6§lCLICK HERE§e to pick them up! §6§l<<<
15:26:35   
15:26:35 §f                §7You have §31,856 §7materials stashed away!
15:26:35 §f              §8(This totals 3 types of materials stashed!)
15:26:35 §f                §3§l>>> §3§lCLICK HERE§b to pick them up! §3§l<<<
15:26:35   
15:27:35 §f                     §7You have §a2 §7items stashed away!
15:27:35 §f                §6§l>>> §6§lCLICK HERE§e to pick them up! §6§l<<<
15:27:35   
15:27:35 §f                §7You have §31,856 §7materials stashed away!
15:27:35 §f              §8(This totals 3 types of materials stashed!)
15:27:35 §f                §3§l>>> §3§lCLICK HERE§b to pick them up! §3§l<<<
15:27:35   
15:28:36 §f                     §7You have §a2 §7items stashed away!
15:28:36 §f                §6§l>>> §6§lCLICK HERE§e to pick them up! §6§l<<<
15:28:36   
15:28:36 §f                §7You have §31,856 §7materials stashed away!
15:28:36 §f              §8(This totals 3 types of materials stashed!)
15:28:36 §f                §3§l>>> §3§lCLICK HERE§b to pick them up! §3§l<<<
15:28:36   
15:29:36 §f                     §7You have §a2 §7items stashed away!
15:29:36 §f                §6§l>>> §6§lCLICK HERE§e to pick them up! §6§l<<<
15:29:36   
15:29:36 §f                §7You have §31,856 §7materials stashed away!
15:29:36 §f              §8(This totals 3 types of materials stashed!)
15:29:36 §f                §3§l>>> §3§lCLICK HERE§b to pick them up! §3§l<<<
15:29:36   
15:30:36 §f                     §7You have §a2 §7items stashed away!
15:30:36 §f                §6§l>>> §6§lCLICK HERE§e to pick them up! §6§l<<<
15:30:36   
15:30:36 §f                §7You have §31,856 §7materials stashed away!
15:30:36 §f              §8(This totals 3 types of materials stashed!)
15:30:36 §f                §3§l>>> §3§lCLICK HERE§b to pick them up! §3§l<<<
15:30:36   
15:31:36 §f                     §7You have §a2 §7items stashed away!
15:31:36 §f                §6§l>>> §6§lCLICK HERE§e to pick them up! §6§l<<<
15:31:36   
15:31:36 §f                §7You have §31,856 §7materials stashed away!
15:31:36 §f              §8(This totals 3 types of materials stashed!)
15:31:36 §f                §3§l>>> §3§lCLICK HERE§b to pick them up! §3§l<<<
15:31:36   
15:32:37 §f                     §7You have §a2 §7items stashed away!
15:32:37 §f                §6§l>>> §6§lCLICK HERE§e to pick them up! §6§l<<<
15:32:37   
15:32:37 §f                §7You have §31,856 §7materials stashed away!
15:32:37 §f              §8(This totals 3 types of materials stashed!)
15:32:37 §f                §3§l>>> §3§lCLICK HERE§b to pick them up! §3§l<<<
15:32:37   
15:33:37 §f                     §7You have §a2 §7items stashed away!
15:33:37 §f                §6§l>>> §6§lCLICK HERE§e to pick them up! §6§l<<<
15:33:37   
15:33:37 §f                §7You have §31,856 §7materials stashed away!
15:33:37 §f              §8(This totals 3 types of materials stashed!)
15:33:37 §f                §3§l>>> §3§lCLICK HERE§b to pick them up! §3§l<<<
15:33:37   
15:34:38 §f                     §7You have §a2 §7items stashed away!
15:34:38 §f                §6§l>>> §6§lCLICK HERE§e to pick them up! §6§l<<<
15:34:38   
15:34:38 §f                §7You have §31,856 §7materials stashed away!
15:34:38 §f              §8(This totals 3 types of materials stashed!)
15:34:38 §f                §3§l>>> §3§lCLICK HERE§b to pick them up! §3§l<<<
15:34:38   
15:35:38 §f                     §7You have §a2 §7items stashed away!
15:35:38 §f                §6§l>>> §6§lCLICK HERE§e to pick them up! §6§l<<<
15:35:38   
15:35:38 §f                §7You have §31,856 §7materials stashed away!
15:35:38 §f              §8(This totals 3 types of materials stashed!)
15:35:38 §f                §3§l>>> §3§lCLICK HERE§b to pick them up! §3§l<<<
15:35:38   
15:36:38 §f                     §7You have §a2 §7items stashed away!
15:36:38 §f                §6§l>>> §6§lCLICK HERE§e to pick them up! §6§l<<<
15:36:38   
15:36:38 §f                §7You have §31,856 §7materials stashed away!
15:36:38 §f              §8(This totals 3 types of materials stashed!)
15:36:38 §f                §3§l>>> §3§lCLICK HERE§b to pick them up! §3§l<<<
15:36:38   
15:37:38 §f                     §7You have §a2 §7items stashed away!
15:37:38 §f                §6§l>>> §6§lCLICK HERE§e to pick them up! §6§l<<<
15:37:38   
15:37:38 §f                §7You have §31,856 §7materials stashed away!
15:37:38 §f              §8(This totals 3 types of materials stashed!)
15:37:38 §f                §3§l>>> §3§lCLICK HERE§b to pick them up! §3§l<<<
15:37:38   
15:38:39 §f                     §7You have §a2 §7items stashed away!
15:38:39 §f                §6§l>>> §6§lCLICK HERE§e to pick them up! §6§l<<<
15:38:39   
15:38:39 §f                §7You have §31,856 §7materials stashed away!
15:38:39 §f              §8(This totals 3 types of materials stashed!)
15:38:39 §f                §3§l>>> §3§lCLICK HERE§b to pick them up! §3§l<<<
15:38:39   
15:39:39 §f                     §7You have §a2 §7items stashed away!
15:39:39 §f                §6§l>>> §6§lCLICK HERE§e to pick them up! §6§l<<<
15:39:39   
15:39:39 §f                §7You have §31,856 §7materials stashed away!
15:39:39 §f              §8(This totals 3 types of materials stashed!)
15:39:39 §f                §3§l>>> §3§lCLICK HERE§b to pick them up! §3§l<<<
15:39:39   
15:40:39 §f                     §7You have §a2 §7items stashed away!
15:40:39 §f                §6§l>>> §6§lCLICK HERE§e to pick them up! §6§l<<<
15:40:39   
15:40:39 §f                §7You have §31,856 §7materials stashed away!
15:40:39 §f              §8(This totals 3 types of materials stashed!)
15:40:39 §f                §3§l>>> §3§lCLICK HERE§b to pick them up! §3§l<<<
15:40:39   
15:41:39 §f                     §7You have §a2 §7items stashed away!
15:41:39 §f                §6§l>>> §6§lCLICK HERE§e to pick them up! §6§l<<<
15:41:39   
15:41:39 §f                §7You have §31,856 §7materials stashed away!
15:41:39 §f              §8(This totals 3 types of materials stashed!)
15:41:39 §f                §3§l>>> §3§lCLICK HERE§b to pick them up! §3§l<<<
15:41:39   
15:42:40 §f                     §7You have §a2 §7items stashed away!
15:42:40 §f                §6§l>>> §6§lCLICK HERE§e to pick them up! §6§l<<<
15:42:40   
15:42:40 §f                §7You have §31,856 §7materials stashed away!
15:42:40 §f              §8(This totals 3 types of materials stashed!)
15:42:40 §f                §3§l>>> §3§lCLICK HERE§b to pick them up! §3§l<<<
15:42:40   
15:43:40 §f                     §7You have §a2 §7items stashed away!
15:43:40 §f                §6§l>>> §6§lCLICK HERE§e to pick them up! §6§l<<<
15:43:40   
15:43:40 §f                §7You have §31,856 §7materials stashed away!
15:43:40 §f              §8(This totals 3 types of materials stashed!)
15:43:40 §f                §3§l>>> §3§lCLICK HERE§b to pick them up! §3§l<<<
15:43:40   
15:44:40 §f                     §7You have §a2 §7items stashed away!
15:44:40 §f                §6§l>>> §6§lCLICK HERE§e to pick them up! §6§l<<<
15:44:40   
15:44:40 §f                §7You have §31,856 §7materials stashed away!
15:44:40 §f              §8(This totals 3 types of materials stashed!)
15:44:40 §f                §3§l>>> §3§lCLICK HERE§b to pick them up! §3§l<<<
15:44:40   
15:45:40 §f                     §7You have §a2 §7items stashed away!
15:45:40 §f                §6§l>>> §6§lCLICK HERE§e to pick them up! §6§l<<<
15:45:40   
15:45:40 §f                §7You have §31,856 §7materials stashed away!
15:45:40 §f              §8(This totals 3 types of materials stashed!)
15:45:40 §f                §3§l>>> §3§lCLICK HERE§b to pick them up! §3§l<<<
15:45:40   
15:46:41 §f                     §7You have §a2 §7items stashed away!
15:46:41 §f                §6§l>>> §6§lCLICK HERE§e to pick them up! §6§l<<<
15:46:41   
15:46:41 §f                §7You have §31,856 §7materials stashed away!
15:46:41 §f              §8(This totals 3 types of materials stashed!)
15:46:41 §f                §3§l>>> §3§lCLICK HERE§b to pick them up! §3§l<<<
15:46:41   
15:47:41 §f                     §7You have §a2 §7items stashed away!
15:47:41 §f                §6§l>>> §6§lCLICK HERE§e to pick them up! §6§l<<<
15:47:41   
15:47:41 §f                §7You have §31,856 §7materials stashed away!
15:47:41 §f              §8(This totals 3 types of materials stashed!)
15:47:41 §f                §3§l>>> §3§lCLICK HERE§b to pick them up! §3§l<<<
15:47:41   
15:48:41 §f                     §7You have §a2 §7items stashed away!
15:48:41 §f                §6§l>>> §6§lCLICK HERE§e to pick them up! §6§l<<<
15:48:41   
15:48:41 §f                §7You have §31,856 §7materials stashed away!
15:48:41 §f              §8(This totals 3 types of materials stashed!)
15:48:41 §f                §3§l>>> §3§lCLICK HERE§b to pick them up! §3§l<<<
15:48:41   
15:49:41 §f                     §7You have §a2 §7items stashed away!
15:49:41 §f                §6§l>>> §6§lCLICK HERE§e to pick them up! §6§l<<<
15:49:41   
15:49:41 §f                §7You have §31,856 §7materials stashed away!
15:49:41 §f              §8(This totals 3 types of materials stashed!)
15:49:41 §f                §3§l>>> §3§lCLICK HERE§b to pick them up! §3§l<<<
15:49:41   
15:50:41 §f                     §7You have §a2 §7items stashed away!
15:50:41 §f                §6§l>>> §6§lCLICK HERE§e to pick them up! §6§l<<<
15:50:41   
15:50:41 §f                §7You have §31,856 §7materials stashed away!
15:50:41 §f              §8(This totals 3 types of materials stashed!)
15:50:41 §f                §3§l>>> §3§lCLICK HERE§b to pick them up! §3§l<<<
15:50:41   
15:51:41 §f                     §7You have §a2 §7items stashed away!
15:51:41 §f                §6§l>>> §6§lCLICK HERE§e to pick them up! §6§l<<<
15:51:41   
15:51:41 §f                §7You have §31,856 §7materials stashed away!
15:51:41 §f              §8(This totals 3 types of materials stashed!)
15:51:41 §f                §3§l>>> §3§lCLICK HERE§b to pick them up! §3§l<<<
15:51:41   
15:52:41 §f                     §7You have §a2 §7items stashed away!
15:52:41 §f                §6§l>>> §6§lCLICK HERE§e to pick them up! §6§l<<<
15:52:41   
15:52:41 §f                §7You have §31,856 §7materials stashed away!
15:52:41 §f              §8(This totals 3 types of materials stashed!)
15:52:41 §f                §3§l>>> §3§lCLICK HERE§b to pick them up! §3§l<<<
15:52:41   
15:53:41 §f                     §7You have §a2 §7items stashed away!
15:53:41 §f                §6§l>>> §6§lCLICK HERE§e to pick them up! §6§l<<<
15:53:41   
15:53:41 §f                §7You have §31,856 §7materials stashed away!
15:53:41 §f              §8(This totals 3 types of materials stashed!)
15:53:41 §f                §3§l>>> §3§lCLICK HERE§b to pick them up! §3§l<<<
15:53:41   
15:54:42 §f                     §7You have §a2 §7items stashed away!
15:54:42 §f                §6§l>>> §6§lCLICK HERE§e to pick them up! §6§l<<<
15:54:42   
15:54:42 §f                §7You have §31,856 §7materials stashed away!
15:54:42 §f              §8(This totals 3 types of materials stashed!)
15:54:42 §f                §3§l>>> §3§lCLICK HERE§b to pick them up! §3§l<<<
15:54:42   
15:55:42 §f                     §7You have §a2 §7items stashed away!
15:55:42 §f                §6§l>>> §6§lCLICK HERE§e to pick them up! §6§l<<<
15:55:42   
15:55:42 §f                §7You have §31,856 §7materials stashed away!
15:55:42 §f              §8(This totals 3 types of materials stashed!)
15:55:42 §f                §3§l>>> §3§lCLICK HERE§b to pick them up! §3§l<<<
15:55:42   
15:56:42 §f                     §7You have §a2 §7items stashed away!
15:56:42 §f                §6§l>>> §6§lCLICK HERE§e to pick them up! §6§l<<<
15:56:42   
15:56:42 §f                §7You have §31,856 §7materials stashed away!
15:56:42 §f              §8(This totals 3 types of materials stashed!)
15:56:42 §f                §3§l>>> §3§lCLICK HERE§b to pick them up! §3§l<<<
15:56:42   
15:57:42 §f                     §7You have §a2 §7items stashed away!
15:57:42 §f                §6§l>>> §6§lCLICK HERE§e to pick them up! §6§l<<<
15:57:42   
15:57:42 §f                §7You have §31,856 §7materials stashed away!
15:57:42 §f              §8(This totals 3 types of materials stashed!)
15:57:42 §f                §3§l>>> §3§lCLICK HERE§b to pick them up! §3§l<<<
15:57:42   
15:58:42 §f                     §7You have §a2 §7items stashed away!
15:58:42 §f                §6§l>>> §6§lCLICK HERE§e to pick them up! §6§l<<<
15:58:42   
15:58:42 §f                §7You have §31,856 §7materials stashed away!
15:58:42 §f              §8(This totals 3 types of materials stashed!)
15:58:42 §f                §3§l>>> §3§lCLICK HERE§b to pick them up! §3§l<<<
15:58:42   
15:59:43 §f                     §7You have §a2 §7items stashed away!
15:59:43 §f                §6§l>>> §6§lCLICK HERE§e to pick them up! §6§l<<<
15:59:43   
15:59:43 §f                §7You have §31,856 §7materials stashed away!
15:59:43 §f              §8(This totals 3 types of materials stashed!)
15:59:43 §f                §3§l>>> §3§lCLICK HERE§b to pick them up! §3§l<<<
15:59:43   
16:00:44 §f                     §7You have §a2 §7items stashed away!
16:00:44 §f                §6§l>>> §6§lCLICK HERE§e to pick them up! §6§l<<<
16:00:44   
16:00:44 §f                §7You have §31,856 §7materials stashed away!
16:00:44 §f              §8(This totals 3 types of materials stashed!)
16:00:44 §f                §3§l>>> §3§lCLICK HERE§b to pick them up! §3§l<<<
16:00:44   
16:01:45 §f                     §7You have §a2 §7items stashed away!
16:01:45 §f                §6§l>>> §6§lCLICK HERE§e to pick them up! §6§l<<<
16:01:45   
16:01:45 §f                §7You have §31,856 §7materials stashed away!
16:01:45 §f              §8(This totals 3 types of materials stashed!)
16:01:45 §f                §3§l>>> §3§lCLICK HERE§b to pick them up! §3§l<<<
16:01:45   
16:02:46 §f                     §7You have §a2 §7items stashed away!
16:02:46 §f                §6§l>>> §6§lCLICK HERE§e to pick them up! §6§l<<<
16:02:46   
16:02:46 §f                §7You have §31,856 §7materials stashed away!
16:02:46 §f              §8(This totals 3 types of materials stashed!)
16:02:46 §f                §3§l>>> §3§lCLICK HERE§b to pick them up! §3§l<<<
16:02:46   
16:03:47 §f                     §7You have §a2 §7items stashed away!
16:03:47 §f                §6§l>>> §6§lCLICK HERE§e to pick them up! §6§l<<<
16:03:47   
16:03:47 §f                §7You have §31,856 §7materials stashed away!
16:03:47 §f              §8(This totals 3 types of materials stashed!)
16:03:47 §f                §3§l>>> §3§lCLICK HERE§b to pick them up! §3§l<<<
16:03:47   
16:04:49 §f                     §7You have §a2 §7items stashed away!
16:04:49 §f                §6§l>>> §6§lCLICK HERE§e to pick them up! §6§l<<<
16:04:49   
16:04:49 §f                §7You have §31,856 §7materials stashed away!
16:04:49 §f              §8(This totals 3 types of materials stashed!)
16:04:49 §f                §3§l>>> §3§lCLICK HERE§b to pick them up! §3§l<<<
16:04:49   
16:05:50 §f                     §7You have §a2 §7items stashed away!
16:05:50 §f                §6§l>>> §6§lCLICK HERE§e to pick them up! §6§l<<<
16:05:50   
16:05:50 §f                §7You have §31,856 §7materials stashed away!
16:05:50 §f              §8(This totals 3 types of materials stashed!)
16:05:50 §f                §3§l>>> §3§lCLICK HERE§b to pick them up! §3§l<<<
16:05:50   
16:06:50 §f                     §7You have §a2 §7items stashed away!
16:06:50 §f                §6§l>>> §6§lCLICK HERE§e to pick them up! §6§l<<<
16:06:50   
16:06:50 §f                §7You have §31,856 §7materials stashed away!
16:06:50 §f              §8(This totals 3 types of materials stashed!)
16:06:50 §f                §3§l>>> §3§lCLICK HERE§b to pick them up! §3§l<<<
16:06:50   
16:07:51 §f                     §7You have §a2 §7items stashed away!
16:07:51 §f                §6§l>>> §6§lCLICK HERE§e to pick them up! §6§l<<<
16:07:51   
16:07:51 §f                §7You have §31,856 §7materials stashed away!
16:07:51 §f              §8(This totals 3 types of materials stashed!)
16:07:51 §f                §3§l>>> §3§lCLICK HERE§b to pick them up! §3§l<<<
16:07:51   
16:08:51 §f                     §7You have §a2 §7items stashed away!
16:08:51 §f                §6§l>>> §6§lCLICK HERE§e to pick them up! §6§l<<<
16:08:51   
16:08:51 §f                §7You have §31,856 §7materials stashed away!
16:08:51 §f              §8(This totals 3 types of materials stashed!)
16:08:51 §f                §3§l>>> §3§lCLICK HERE§b to pick them up! §3§l<<<
16:08:51   
16:09:51 §f                     §7You have §a2 §7items stashed away!
16:09:51 §f                §6§l>>> §6§lCLICK HERE§e to pick them up! §6§l<<<
16:09:51   
16:09:51 §f                §7You have §31,856 §7materials stashed away!
16:09:51 §f              §8(This totals 3 types of materials stashed!)
16:09:51 §f                §3§l>>> §3§lCLICK HERE§b to pick them up! §3§l<<<
16:09:51   
16:10:51 §f                     §7You have §a2 §7items stashed away!
16:10:51 §f                §6§l>>> §6§lCLICK HERE§e to pick them up! §6§l<<<
16:10:51   
16:10:51 §f                §7You have §31,856 §7materials stashed away!
16:10:51 §f              §8(This totals 3 types of materials stashed!)
16:10:51 §f                §3§l>>> §3§lCLICK HERE§b to pick them up! §3§l<<<
16:10:51   
16:11:51 §f                     §7You have §a2 §7items stashed away!
16:11:51 §f                §6§l>>> §6§lCLICK HERE§e to pick them up! §6§l<<<
16:11:51   
16:11:51 §f                §7You have §31,856 §7materials stashed away!
16:11:51 §f              §8(This totals 3 types of materials stashed!)
16:11:51 §f                §3§l>>> §3§lCLICK HERE§b to pick them up! §3§l<<<
16:11:51   
16:12:51 §f                     §7You have §a2 §7items stashed away!
16:12:51 §f                §6§l>>> §6§lCLICK HERE§e to pick them up! §6§l<<<
16:12:51   
16:12:51 §f                §7You have §31,856 §7materials stashed away!
16:12:51 §f              §8(This totals 3 types of materials stashed!)
16:12:51 §f                §3§l>>> §3§lCLICK HERE§b to pick them up! §3§l<<<
16:12:51   
16:13:51 §f                     §7You have §a2 §7items stashed away!
16:13:51 §f                §6§l>>> §6§lCLICK HERE§e to pick them up! §6§l<<<
16:13:51   
16:13:51 §f                §7You have §31,856 §7materials stashed away!
16:13:51 §f              §8(This totals 3 types of materials stashed!)
16:13:51 §f                §3§l>>> §3§lCLICK HERE§b to pick them up! §3§l<<<
16:13:51   
16:14:51 §f                     §7You have §a2 §7items stashed away!
16:14:51 §f                §6§l>>> §6§lCLICK HERE§e to pick them up! §6§l<<<
16:14:51   
16:14:51 §f                §7You have §31,856 §7materials stashed away!
16:14:51 §f              §8(This totals 3 types of materials stashed!)
16:14:51 §f                §3§l>>> §3§lCLICK HERE§b to pick them up! §3§l<<<
16:14:51   
16:15:51 §f                     §7You have §a2 §7items stashed away!
16:15:51 §f                §6§l>>> §6§lCLICK HERE§e to pick them up! §6§l<<<
16:15:51   
16:15:51 §f                §7You have §31,856 §7materials stashed away!
16:15:51 §f              §8(This totals 3 types of materials stashed!)
16:15:51 §f                §3§l>>> §3§lCLICK HERE§b to pick them up! §3§l<<<
16:15:51   
16:16:51 §f                     §7You have §a2 §7items stashed away!
16:16:51 §f                §6§l>>> §6§lCLICK HERE§e to pick them up! §6§l<<<
16:16:51   
16:16:51 §f                §7You have §31,856 §7materials stashed away!
16:16:51 §f              §8(This totals 3 types of materials stashed!)
16:16:51 §f                §3§l>>> §3§lCLICK HERE§b to pick them up! §3§l<<<
16:16:51   
16:17:51 §f                     §7You have §a2 §7items stashed away!
16:17:51 §f                §6§l>>> §6§lCLICK HERE§e to pick them up! §6§l<<<
16:17:51   
16:17:51 §f                §7You have §31,856 §7materials stashed away!
16:17:51 §f              §8(This totals 3 types of materials stashed!)
16:17:51 §f                §3§l>>> §3§lCLICK HERE§b to pick them up! §3§l<<<
16:17:51   
16:18:52 §f                     §7You have §a2 §7items stashed away!
16:18:52 §f                §6§l>>> §6§lCLICK HERE§e to pick them up! §6§l<<<
16:18:52   
16:18:52 §f                §7You have §31,856 §7materials stashed away!
16:18:52 §f              §8(This totals 3 types of materials stashed!)
16:18:52 §f                §3§l>>> §3§lCLICK HERE§b to pick them up! §3§l<<<
16:18:52   
16:19:52 §f                     §7You have §a2 §7items stashed away!
16:19:52 §f                §6§l>>> §6§lCLICK HERE§e to pick them up! §6§l<<<
16:19:52   
16:19:52 §f                §7You have §31,856 §7materials stashed away!
16:19:52 §f              §8(This totals 3 types of materials stashed!)
16:19:52 §f                §3§l>>> §3§lCLICK HERE§b to pick them up! §3§l<<<
16:19:52   
16:20:52 §f                     §7You have §a2 §7items stashed away!
16:20:52 §f                §6§l>>> §6§lCLICK HERE§e to pick them up! §6§l<<<
16:20:52   
16:20:52 §f                §7You have §31,856 §7materials stashed away!
16:20:52 §f              §8(This totals 3 types of materials stashed!)
16:20:52 §f                §3§l>>> §3§lCLICK HERE§b to pick them up! §3§l<<<
16:20:52   
16:21:52 §f                     §7You have §a2 §7items stashed away!
16:21:52 §f                §6§l>>> §6§lCLICK HERE§e to pick them up! §6§l<<<
16:21:52   
16:21:52 §f                §7You have §31,856 §7materials stashed away!
16:21:52 §f              §8(This totals 3 types of materials stashed!)
16:21:52 §f                §3§l>>> §3§lCLICK HERE§b to pick them up! §3§l<<<
16:21:52   
16:22:52 §f                     §7You have §a2 §7items stashed away!
16:22:52 §f                §6§l>>> §6§lCLICK HERE§e to pick them up! §6§l<<<
16:22:52   
16:22:52 §f                §7You have §31,856 §7materials stashed away!
16:22:52 §f              §8(This totals 3 types of materials stashed!)
16:22:52 §f                §3§l>>> §3§lCLICK HERE§b to pick them up! §3§l<<<
16:22:52   
16:23:52 §f                     §7You have §a2 §7items stashed away!
16:23:52 §f                §6§l>>> §6§lCLICK HERE§e to pick them up! §6§l<<<
16:23:52   
16:23:52 §f                §7You have §31,856 §7materials stashed away!
16:23:52 §f              §8(This totals 3 types of materials stashed!)
16:23:52 §f                §3§l>>> §3§lCLICK HERE§b to pick them up! §3§l<<<
16:23:52   
16:24:52 §f                     §7You have §a2 §7items stashed away!
16:24:52 §f                §6§l>>> §6§lCLICK HERE§e to pick them up! §6§l<<<
16:24:52   
16:24:52 §f                §7You have §31,856 §7materials stashed away!
16:24:52 §f              §8(This totals 3 types of materials stashed!)
16:24:52 §f                §3§l>>> §3§lCLICK HERE§b to pick them up! §3§l<<<
16:24:52   
16:25:52 §f                     §7You have §a2 §7items stashed away!
16:25:52 §f                §6§l>>> §6§lCLICK HERE§e to pick them up! §6§l<<<
16:25:52   
16:25:52 §f                §7You have §31,856 §7materials stashed away!
16:25:52 §f              §8(This totals 3 types of materials stashed!)
16:25:52 §f                §3§l>>> §3§lCLICK HERE§b to pick them up! §3§l<<<
16:25:52   
16:26:52 §f                     §7You have §a2 §7items stashed away!
16:26:52 §f                §6§l>>> §6§lCLICK HERE§e to pick them up! §6§l<<<
16:26:52   
16:26:52 §f                §7You have §31,856 §7materials stashed away!
16:26:52 §f              §8(This totals 3 types of materials stashed!)
16:26:52 §f                §3§l>>> §3§lCLICK HERE§b to pick them up! §3§l<<<
16:26:52   
16:27:53 §f                     §7You have §a2 §7items stashed away!
16:27:53 §f                §6§l>>> §6§lCLICK HERE§e to pick them up! §6§l<<<
16:27:53   
16:27:53 §f                §7You have §31,856 §7materials stashed away!
16:27:53 §f              §8(This totals 3 types of materials stashed!)
16:27:53 §f                §3§l>>> §3§lCLICK HERE§b to pick them up! §3§l<<<
16:27:53   
16:28:53 §f                     §7You have §a2 §7items stashed away!
16:28:53 §f                §6§l>>> §6§lCLICK HERE§e to pick them up! §6§l<<<
16:28:53   
16:28:53 §f                §7You have §31,856 §7materials stashed away!
16:28:53 §f              §8(This totals 3 types of materials stashed!)
16:28:53 §f                §3§l>>> §3§lCLICK HERE§b to pick them up! §3§l<<<
16:28:53   
16:29:53 §f                     §7You have §a2 §7items stashed away!
16:29:53 §f                §6§l>>> §6§lCLICK HERE§e to pick them up! §6§l<<<
16:29:53   
16:29:53 §f                §7You have §31,856 §7materials stashed away!
16:29:53 §f              §8(This totals 3 types of materials stashed!)
16:29:53 §f                §3§l>>> §3§lCLICK HERE§b to pick them up! §3§l<<<
16:29:53   
16:30:53 §f                     §7You have §a2 §7items stashed away!
16:30:53 §f                §6§l>>> §6§lCLICK HERE§e to pick them up! §6§l<<<
16:30:53   
16:30:53 §f                §7You have §31,856 §7materials stashed away!
16:30:53 §f              §8(This totals 3 types of materials stashed!)
16:30:53 §f                §3§l>>> §3§lCLICK HERE§b to pick them up! §3§l<<<
16:30:53   
16:31:53 §f                     §7You have §a2 §7items stashed away!
16:31:53 §f                §6§l>>> §6§lCLICK HERE§e to pick them up! §6§l<<<
16:31:53   
16:31:53 §f                §7You have §31,856 §7materials stashed away!
16:31:53 §f              §8(This totals 3 types of materials stashed!)
16:31:53 §f                §3§l>>> §3§lCLICK HERE§b to pick them up! §3§l<<<
16:31:53   
16:32:53 §f                     §7You have §a2 §7items stashed away!
16:32:53 §f                §6§l>>> §6§lCLICK HERE§e to pick them up! §6§l<<<
16:32:53   
16:32:53 §f                §7You have §31,856 §7materials stashed away!
16:32:53 §f              §8(This totals 3 types of materials stashed!)
16:32:53 §f                §3§l>>> §3§lCLICK HERE§b to pick them up! §3§l<<<
16:32:53   
16:33:53 §f                     §7You have §a2 §7items stashed away!
16:33:53 §f                §6§l>>> §6§lCLICK HERE§e to pick them up! §6§l<<<
16:33:53   
16:33:53 §f                §7You have §31,856 §7materials stashed away!
16:33:53 §f              §8(This totals 3 types of materials stashed!)
16:33:53 §f                §3§l>>> §3§lCLICK HERE§b to pick them up! §3§l<<<
16:33:53   
16:34:53 §f                     §7You have §a2 §7items stashed away!
16:34:53 §f                §6§l>>> §6§lCLICK HERE§e to pick them up! §6§l<<<
16:34:53   
16:34:53 §f                §7You have §31,856 §7materials stashed away!
16:34:53 §f              §8(This totals 3 types of materials stashed!)
16:34:53 §f                §3§l>>> §3§lCLICK HERE§b to pick them up! §3§l<<<
16:34:53   
16:35:53 §f                     §7You have §a2 §7items stashed away!
16:35:53 §f                §6§l>>> §6§lCLICK HERE§e to pick them up! §6§l<<<
16:35:53   
16:35:53 §f                §7You have §31,856 §7materials stashed away!
16:35:53 §f              §8(This totals 3 types of materials stashed!)
16:35:53 §f                §3§l>>> §3§lCLICK HERE§b to pick them up! §3§l<<<
16:35:53   
16:36:54 §f                     §7You have §a2 §7items stashed away!
16:36:54 §f                §6§l>>> §6§lCLICK HERE§e to pick them up! §6§l<<<
16:36:54   
16:36:54 §f                §7You have §31,856 §7materials stashed away!
16:36:54 §f              §8(This totals 3 types of materials stashed!)
16:36:54 §f                §3§l>>> §3§lCLICK HERE§b to pick them up! §3§l<<<
16:36:54   
16:37:54 §f                     §7You have §a2 §7items stashed away!
16:37:54 §f                §6§l>>> §6§lCLICK HERE§e to pick them up! §6§l<<<
16:37:54   
16:37:54 §f                §7You have §31,856 §7materials stashed away!
16:37:54 §f              §8(This totals 3 types of materials stashed!)
16:37:54 §f                §3§l>>> §3§lCLICK HERE§b to pick them up! §3§l<<<
16:37:54   
16:38:54 §f                     §7You have §a2 §7items stashed away!
16:38:54 §f                §6§l>>> §6§lCLICK HERE§e to pick them up! §6§l<<<
16:38:54   
16:38:54 §f                §7You have §31,856 §7materials stashed away!
16:38:54 §f              §8(This totals 3 types of materials stashed!)
16:38:54 §f                §3§l>>> §3§lCLICK HERE§b to pick them up! §3§l<<<
16:38:54   
16:39:18 §f                     §7You have §a2 §7items stashed away!
16:39:18 §f                §6§l>>> §6§lCLICK HERE§e to pick them up! §6§l<<<
16:39:18   
16:39:18 §f                §7You have §31,856 §7materials stashed away!
16:39:18 §f              §8(This totals 3 types of materials stashed!)
16:39:18 §f                §3§l>>> §3§lCLICK HERE§b to pick them up! §3§l<<<
16:39:18   
16:40:18 §f                     §7You have §a2 §7items stashed away!
16:40:18 §f                §6§l>>> §6§lCLICK HERE§e to pick them up! §6§l<<<
16:40:18   
16:40:18 §f                §7You have §31,856 §7materials stashed away!
16:40:18 §f              §8(This totals 3 types of materials stashed!)
16:40:18 §f                §3§l>>> §3§lCLICK HERE§b to pick them up! §3§l<<<
16:40:18   
16:41:18 §f                     §7You have §a2 §7items stashed away!
16:41:18 §f                §6§l>>> §6§lCLICK HERE§e to pick them up! §6§l<<<
16:41:18   
16:41:18 §f                §7You have §31,856 §7materials stashed away!
16:41:18 §f              §8(This totals 3 types of materials stashed!)
16:41:18 §f                §3§l>>> §3§lCLICK HERE§b to pick them up! §3§l<<<
16:41:18   
16:42:18 §f                     §7You have §a2 §7items stashed away!
16:42:18 §f                §6§l>>> §6§lCLICK HERE§e to pick them up! §6§l<<<
16:42:18   
16:42:18 §f                §7You have §31,856 §7materials stashed away!
16:42:18 §f              §8(This totals 3 types of materials stashed!)
16:42:18 §f                §3§l>>> §3§lCLICK HERE§b to pick them up! §3§l<<<
16:42:18   
16:43:19 §f                     §7You have §a2 §7items stashed away!
16:43:19 §f                §6§l>>> §6§lCLICK HERE§e to pick them up! §6§l<<<
16:43:19   
16:43:19 §f                §7You have §31,856 §7materials stashed away!
16:43:19 §f              §8(This totals 3 types of materials stashed!)
16:43:19 §f                §3§l>>> §3§lCLICK HERE§b to pick them up! §3§l<<<
16:43:19   
16:44:19 §f                     §7You have §a2 §7items stashed away!
16:44:19 §f                §6§l>>> §6§lCLICK HERE§e to pick them up! §6§l<<<
16:44:19   
16:44:19 §f                §7You have §31,856 §7materials stashed away!
16:44:19 §f              §8(This totals 3 types of materials stashed!)
16:44:19 §f                §3§l>>> §3§lCLICK HERE§b to pick them up! §3§l<<<
16:44:19   
16:45:19 §f                     §7You have §a2 §7items stashed away!
16:45:19 §f                §6§l>>> §6§lCLICK HERE§e to pick them up! §6§l<<<
16:45:19   
16:45:19 §f                §7You have §31,856 §7materials stashed away!
16:45:19 §f              §8(This totals 3 types of materials stashed!)
16:45:19 §f                §3§l>>> §3§lCLICK HERE§b to pick them up! §3§l<<<
16:45:19   
16:46:20 §f                     §7You have §a2 §7items stashed away!
16:46:20 §f                §6§l>>> §6§lCLICK HERE§e to pick them up! §6§l<<<
16:46:20   
16:46:20 §f                §7You have §31,856 §7materials stashed away!
16:46:20 §f              §8(This totals 3 types of materials stashed!)
16:46:20 §f                §3§l>>> §3§lCLICK HERE§b to pick them up! §3§l<<<
16:46:20   
16:47:20 §f                     §7You have §a2 §7items stashed away!
16:47:20 §f                §6§l>>> §6§lCLICK HERE§e to pick them up! §6§l<<<
16:47:20   
16:47:20 §f                §7You have §31,856 §7materials stashed away!
16:47:20 §f              §8(This totals 3 types of materials stashed!)
16:47:20 §f                §3§l>>> §3§lCLICK HERE§b to pick them up! §3§l<<<
16:47:20   
