18:52:46 Trying to load config from config\skyhanni\config.json
18:52:46 load-config-now
18:52:47 Loaded config from file
18:52:47 Trying to load sacks from config\skyhanni\sacks.json
18:52:47 load-sacks-now
18:52:47 Loaded sacks from file
18:52:47 Trying to load friends from config\skyhanni\friends.json
18:52:47 load-friends-now
18:52:47 Loaded friends from file
18:52:47 Trying to load known_features from config\skyhanni\known_features.json
18:52:47 load-known_features-now
18:52:47 Loaded known_features from file
18:52:47 Trying to load jacob_contests from config\skyhanni\jacob_contests.json
18:52:47 Setting jacob_contests to be blank as it did not exist. It will be saved once something is written to it
18:52:47 Trying to load visual_words from config\skyhanni\visual_words.json
18:52:47 Setting visual_words to be blank as it did not exist. It will be saved once something is written to it
18:52:47 Trying to load pets from config\skyhanni\pets.json
18:52:47 load-pets-now
18:52:47 Loaded pets from file
18:53:48 saveConfig: auto-save-60s
18:53:48 Saving config file
18:53:48 Saved config file successfully
18:53:48 saveConfig: auto-save-60s
18:53:48 Saving config file
18:53:48 Saved config file successfully
18:54:48 saveConfig: auto-save-60s
18:54:48 Saving config file
18:54:48 Saved config file successfully
18:54:48 saveConfig: auto-save-60s
18:54:48 Saving config file
18:54:48 Saved config file successfully
18:55:48 saveConfig: auto-save-60s
18:55:48 Saving config file
18:55:48 Saved config file successfully
18:55:48 saveConfig: auto-save-60s
18:55:48 Saving config file
18:55:48 Saved config file successfully
18:56:48 saveConfig: auto-save-60s
18:56:48 Saving config file
18:56:48 Saved config file successfully
18:56:48 saveConfig: auto-save-60s
18:56:48 Saving config file
18:56:48 Saved config file successfully
18:57:48 saveConfig: auto-save-60s
18:57:48 Saving config file
18:57:48 Saved config file successfully
18:57:48 saveConfig: auto-save-60s
18:57:48 Saving config file
18:57:48 Saved config file successfully
18:58:15 saveConfig: Updated known feature flags
18:58:15 Saving known_features file
18:58:15 Saved known_features file successfully
18:58:15 saveConfig: Updated known feature flags
18:58:15 Saving known_features file
18:58:15 Saved known_features file successfully
18:58:48 saveConfig: auto-save-60s
18:58:48 Saving config file
18:58:48 Saved config file successfully
18:58:48 saveConfig: auto-save-60s
18:58:48 Saving config file
18:58:48 Saved config file successfully
18:59:48 saveConfig: auto-save-60s
18:59:48 Saving config file
18:59:48 Saved config file successfully
18:59:48 saveConfig: auto-save-60s
18:59:48 Saving config file
18:59:48 Saved config file successfully
19:00:48 saveConfig: auto-save-60s
19:00:48 Saving config file
19:00:48 Saved config file successfully
19:00:48 saveConfig: auto-save-60s
19:00:48 Saving config file
19:00:48 Saved config file successfully
19:01:48 saveConfig: auto-save-60s
19:01:48 Saving config file
19:01:48 Saved config file successfully
19:01:48 saveConfig: auto-save-60s
19:01:48 Saving config file
19:01:48 Saved config file successfully
19:02:48 saveConfig: auto-save-60s
19:02:48 Saving config file
19:02:48 Saved config file successfully
19:02:48 saveConfig: auto-save-60s
19:02:48 Saving config file
19:02:48 Saved config file successfully
19:03:48 saveConfig: auto-save-60s
19:03:48 Saving config file
19:03:48 Saved config file successfully
19:03:48 saveConfig: auto-save-60s
19:03:48 Saving config file
19:03:48 Saved config file successfully
19:04:48 saveConfig: auto-save-60s
19:04:48 Saving config file
19:04:48 Saved config file successfully
19:04:48 saveConfig: auto-save-60s
19:04:48 Saving config file
19:04:48 Saved config file successfully
19:05:48 saveConfig: auto-save-60s
19:05:48 Saving config file
19:05:48 Saved config file successfully
19:05:48 saveConfig: auto-save-60s
19:05:48 Saving config file
19:05:48 Saved config file successfully
19:06:48 saveConfig: auto-save-60s
19:06:48 Saving config file
19:06:48 Saved config file successfully
19:06:48 saveConfig: auto-save-60s
19:06:48 Saving config file
19:06:48 Saved config file successfully
19:07:48 saveConfig: auto-save-60s
19:07:48 Saving config file
19:07:48 Saved config file successfully
19:07:48 saveConfig: auto-save-60s
19:07:48 Saving config file
19:07:48 Saved config file successfully
19:08:48 saveConfig: auto-save-60s
19:08:48 Saving config file
19:08:48 Saved config file successfully
19:08:48 saveConfig: auto-save-60s
19:08:48 Saving config file
19:08:48 Saved config file successfully
19:09:48 saveConfig: auto-save-60s
19:09:48 Saving config file
19:09:48 Saved config file successfully
19:09:48 saveConfig: auto-save-60s
19:09:48 Saving config file
19:09:48 Saved config file successfully
19:10:48 saveConfig: auto-save-60s
19:10:48 Saving config file
19:10:48 Saved config file successfully
19:10:48 saveConfig: auto-save-60s
19:10:48 Saving config file
19:10:48 Saved config file successfully
19:11:48 saveConfig: auto-save-60s
19:11:48 Saving config file
19:11:48 Saved config file successfully
19:11:48 saveConfig: auto-save-60s
19:11:48 Saving config file
19:11:48 Saved config file successfully
19:12:48 saveConfig: auto-save-60s
19:12:48 Saving config file
19:12:48 Saved config file successfully
19:12:48 saveConfig: auto-save-60s
19:12:48 Saving config file
19:12:48 Saved config file successfully
19:13:48 saveConfig: auto-save-60s
19:13:48 Saving config file
19:13:48 Saved config file successfully
19:13:48 saveConfig: auto-save-60s
19:13:48 Saving config file
19:13:48 Saved config file successfully
19:14:48 saveConfig: auto-save-60s
19:14:48 Saving config file
19:14:48 Saved config file successfully
19:14:48 saveConfig: auto-save-60s
19:14:48 Saving config file
19:14:48 Saved config file successfully
19:15:48 saveConfig: auto-save-60s
19:15:48 Saving config file
19:15:48 Saved config file successfully
19:15:48 saveConfig: auto-save-60s
19:15:48 Saving config file
19:15:48 Saved config file successfully
19:16:48 saveConfig: auto-save-60s
19:16:48 Saving config file
19:16:48 Saved config file successfully
19:16:48 saveConfig: auto-save-60s
19:16:48 Saving config file
19:16:48 Saved config file successfully
19:17:48 saveConfig: auto-save-60s
19:17:48 Saving config file
19:17:48 Saved config file successfully
19:17:48 saveConfig: auto-save-60s
19:17:48 Saving config file
19:17:48 Saved config file successfully
19:18:48 saveConfig: auto-save-60s
19:18:48 Saving config file
19:18:48 Saved config file successfully
19:18:48 saveConfig: auto-save-60s
19:18:48 Saving config file
19:18:48 Saved config file successfully
19:19:48 saveConfig: auto-save-60s
19:19:48 Saving config file
19:19:48 Saved config file successfully
19:19:48 saveConfig: auto-save-60s
19:19:48 Saving config file
19:19:48 Saved config file successfully
19:20:48 saveConfig: auto-save-60s
19:20:48 Saving config file
19:20:48 Saved config file successfully
19:20:48 saveConfig: auto-save-60s
19:20:48 Saving config file
19:20:48 Saved config file successfully
19:21:48 saveConfig: auto-save-60s
19:21:48 Saving config file
19:21:48 Saved config file successfully
19:21:48 saveConfig: auto-save-60s
19:21:48 Saving config file
19:21:48 Saved config file successfully
19:22:48 saveConfig: auto-save-60s
19:22:48 Saving config file
19:22:48 Saved config file successfully
19:22:48 saveConfig: auto-save-60s
19:22:48 Saving config file
19:22:48 Saved config file successfully
19:23:48 saveConfig: auto-save-60s
19:23:48 Saving config file
19:23:48 Saved config file successfully
19:23:48 saveConfig: auto-save-60s
19:23:48 Saving config file
19:23:48 Saved config file successfully
19:24:48 saveConfig: auto-save-60s
19:24:48 Saving config file
19:24:48 Saved config file successfully
19:24:48 saveConfig: auto-save-60s
19:24:48 Saving config file
19:24:48 Saved config file successfully
19:25:48 saveConfig: auto-save-60s
19:25:48 Saving config file
19:25:48 Saved config file successfully
19:25:48 saveConfig: auto-save-60s
19:25:48 Saving config file
19:25:48 Saved config file successfully
19:26:48 saveConfig: auto-save-60s
19:26:48 Saving config file
19:26:48 Saved config file successfully
19:26:48 saveConfig: auto-save-60s
19:26:48 Saving config file
19:26:48 Saved config file successfully
19:27:48 saveConfig: auto-save-60s
19:27:48 Saving config file
19:27:48 Saved config file successfully
19:27:48 saveConfig: auto-save-60s
19:27:48 Saving config file
19:27:48 Saved config file successfully
19:28:48 saveConfig: auto-save-60s
19:28:48 Saving config file
19:28:48 Saved config file successfully
19:28:48 saveConfig: auto-save-60s
19:28:48 Saving config file
19:28:48 Saved config file successfully
19:29:48 saveConfig: auto-save-60s
19:29:48 Saving config file
19:29:48 Saved config file successfully
19:29:48 saveConfig: auto-save-60s
19:29:48 Saving config file
19:29:48 Saved config file successfully
19:30:48 saveConfig: auto-save-60s
19:30:48 Saving config file
19:30:48 Saved config file successfully
19:30:48 saveConfig: auto-save-60s
19:30:48 Saving config file
19:30:48 Saved config file successfully
19:31:48 saveConfig: auto-save-60s
19:31:48 Saving config file
19:31:48 Saved config file successfully
19:31:48 saveConfig: auto-save-60s
19:31:48 Saving config file
19:31:48 Saved config file successfully
19:32:48 saveConfig: auto-save-60s
19:32:48 Saving config file
19:32:48 Saved config file successfully
19:32:48 saveConfig: auto-save-60s
19:32:48 Saving config file
19:32:48 Saved config file successfully
19:33:48 saveConfig: auto-save-60s
19:33:48 Saving config file
19:33:48 Saved config file successfully
19:33:48 saveConfig: auto-save-60s
19:33:48 Saving config file
19:33:48 Saved config file successfully
19:34:48 saveConfig: auto-save-60s
19:34:48 Saving config file
19:34:48 Saved config file successfully
19:34:48 saveConfig: auto-save-60s
19:34:48 Saving config file
19:34:48 Saved config file successfully
19:35:48 saveConfig: auto-save-60s
19:35:48 Saving config file
19:35:48 Saved config file successfully
19:35:48 saveConfig: auto-save-60s
19:35:48 Saving config file
19:35:48 Saved config file successfully
19:36:48 saveConfig: auto-save-60s
19:36:48 Saving config file
19:36:48 Saved config file successfully
19:36:48 saveConfig: auto-save-60s
19:36:48 Saving config file
19:36:48 Saved config file successfully
19:37:48 saveConfig: auto-save-60s
19:37:48 Saving config file
19:37:48 Saved config file successfully
19:37:48 saveConfig: auto-save-60s
19:37:48 Saving config file
19:37:48 Saved config file successfully
19:38:48 saveConfig: auto-save-60s
19:38:48 Saving config file
19:38:48 Saved config file successfully
19:38:48 saveConfig: auto-save-60s
19:38:48 Saving config file
19:38:48 Saved config file successfully
19:39:48 saveConfig: auto-save-60s
19:39:48 Saving config file
19:39:48 Saved config file successfully
19:39:48 saveConfig: auto-save-60s
19:39:48 Saving config file
19:39:48 Saved config file successfully
19:40:48 saveConfig: auto-save-60s
19:40:48 Saving config file
19:40:48 Saved config file successfully
19:40:48 saveConfig: auto-save-60s
19:40:48 Saving config file
19:40:48 Saved config file successfully
19:41:48 saveConfig: auto-save-60s
19:41:48 Saving config file
19:41:48 Saved config file successfully
19:41:48 saveConfig: auto-save-60s
19:41:48 Saving config file
19:41:48 Saved config file successfully
19:42:48 saveConfig: auto-save-60s
19:42:48 Saving config file
19:42:48 Saved config file successfully
19:42:48 saveConfig: auto-save-60s
19:42:48 Saving config file
19:42:48 Saved config file successfully
19:43:48 saveConfig: auto-save-60s
19:43:48 Saving config file
19:43:48 Saved config file successfully
19:43:48 saveConfig: auto-save-60s
19:43:48 Saving config file
19:43:48 Saved config file successfully
19:44:48 saveConfig: auto-save-60s
19:44:48 Saving config file
19:44:48 Saved config file successfully
19:44:48 saveConfig: auto-save-60s
19:44:48 Saving config file
19:44:48 Saved config file successfully
19:45:48 saveConfig: auto-save-60s
19:45:48 Saving config file
19:45:48 Saved config file successfully
19:45:48 saveConfig: auto-save-60s
19:45:48 Saving config file
19:45:48 Saved config file successfully
19:46:48 saveConfig: auto-save-60s
19:46:48 Saving config file
19:46:48 Saved config file successfully
19:46:48 saveConfig: auto-save-60s
19:46:48 Saving config file
19:46:48 Saved config file successfully
19:47:48 saveConfig: auto-save-60s
19:47:48 Saving config file
19:47:48 Saved config file successfully
19:47:48 saveConfig: auto-save-60s
19:47:48 Saving config file
19:47:48 Saved config file successfully
19:48:48 saveConfig: auto-save-60s
19:48:48 Saving config file
19:48:48 Saved config file successfully
19:48:48 saveConfig: auto-save-60s
19:48:48 Saving config file
19:48:48 Saved config file successfully
19:49:48 saveConfig: auto-save-60s
19:49:48 Saving config file
19:49:48 Saved config file successfully
19:49:48 saveConfig: auto-save-60s
19:49:48 Saving config file
19:49:48 Saved config file successfully
19:50:48 saveConfig: auto-save-60s
19:50:48 Saving config file
19:50:48 Saved config file successfully
19:50:48 saveConfig: auto-save-60s
19:50:48 Saving config file
19:50:48 Saved config file successfully
19:51:48 saveConfig: auto-save-60s
19:51:48 Saving config file
19:51:48 Saved config file successfully
19:51:48 saveConfig: auto-save-60s
19:51:48 Saving config file
19:51:48 Saved config file successfully
19:52:48 saveConfig: auto-save-60s
19:52:48 Saving config file
19:52:48 Saved config file successfully
19:52:48 saveConfig: auto-save-60s
19:52:48 Saving config file
19:52:48 Saved config file successfully
19:53:42 saveConfig: saving-data
19:53:42 Saving pets file
19:53:42 Saved pets file successfully
19:53:42 saveConfig: saving-data
19:53:42 Saving pets file
19:53:42 Saved pets file successfully
19:53:48 saveConfig: auto-save-60s
19:53:48 Saving config file
19:53:48 Saved config file successfully
19:53:48 saveConfig: auto-save-60s
19:53:48 Saving config file
19:53:48 Saved config file successfully
19:54:13 saveConfig: saving-data
19:54:13 Saving pets file
19:54:13 Saved pets file successfully
19:54:13 saveConfig: saving-data
19:54:13 Saving pets file
19:54:13 Saved pets file successfully
19:54:44 saveConfig: saving-data
19:54:44 Saving pets file
19:54:44 Saved pets file successfully
19:54:44 saveConfig: saving-data
19:54:44 Saving pets file
19:54:44 Saved pets file successfully
19:54:48 saveConfig: auto-save-60s
19:54:48 Saving config file
19:54:48 Saved config file successfully
19:54:48 saveConfig: auto-save-60s
19:54:48 Saving config file
19:54:48 Saved config file successfully
19:55:48 saveConfig: auto-save-60s
19:55:48 Saving config file
19:55:48 Saved config file successfully
19:55:48 saveConfig: auto-save-60s
19:55:48 Saving config file
19:55:48 Saved config file successfully
19:56:48 saveConfig: auto-save-60s
19:56:48 Saving config file
19:56:48 Saved config file successfully
19:56:48 saveConfig: auto-save-60s
19:56:48 Saving config file
19:56:48 Saved config file successfully
19:57:48 saveConfig: auto-save-60s
19:57:48 Saving config file
19:57:48 Saved config file successfully
19:57:48 saveConfig: auto-save-60s
19:57:48 Saving config file
19:57:48 Saved config file successfully
19:58:48 saveConfig: auto-save-60s
19:58:48 Saving config file
19:58:48 Saved config file successfully
19:58:48 saveConfig: auto-save-60s
19:58:48 Saving config file
19:58:48 Saved config file successfully
19:59:32 saveConfig: saving-data
19:59:32 Saving pets file
19:59:32 Saved pets file successfully
19:59:32 saveConfig: saving-data
19:59:32 Saving pets file
19:59:32 Saved pets file successfully
19:59:48 saveConfig: auto-save-60s
19:59:48 Saving config file
19:59:48 Saved config file successfully
19:59:48 saveConfig: auto-save-60s
19:59:48 Saving config file
19:59:48 Saved config file successfully
20:00:03 saveConfig: saving-data
20:00:03 Saving pets file
20:00:03 Saved pets file successfully
20:00:03 saveConfig: saving-data
20:00:03 Saving pets file
20:00:03 Saved pets file successfully
20:00:34 saveConfig: saving-data
20:00:34 Saving pets file
20:00:34 Saved pets file successfully
20:00:34 saveConfig: saving-data
20:00:34 Saving pets file
20:00:34 Saved pets file successfully
20:00:48 saveConfig: auto-save-60s
20:00:48 Saving config file
20:00:48 Saved config file successfully
20:00:48 saveConfig: auto-save-60s
20:00:48 Saving config file
20:00:48 Saved config file successfully
20:01:07 saveConfig: saving-data
20:01:07 Saving pets file
20:01:07 Saved pets file successfully
20:01:07 saveConfig: saving-data
20:01:07 Saving pets file
20:01:07 Saved pets file successfully
20:01:38 saveConfig: saving-data
20:01:38 Saving pets file
20:01:38 Saved pets file successfully
20:01:38 saveConfig: saving-data
20:01:38 Saving pets file
20:01:38 Saved pets file successfully
20:01:48 saveConfig: auto-save-60s
20:01:48 Saving config file
20:01:48 Saved config file successfully
20:01:48 saveConfig: auto-save-60s
20:01:48 Saving config file
20:01:48 Saved config file successfully
20:02:20 saveConfig: saving-data
20:02:20 Saving pets file
20:02:20 Saved pets file successfully
20:02:20 saveConfig: saving-data
20:02:20 Saving pets file
20:02:20 Saved pets file successfully
20:02:48 saveConfig: auto-save-60s
20:02:48 Saving config file
20:02:48 Saved config file successfully
20:02:48 saveConfig: auto-save-60s
20:02:48 Saving config file
20:02:48 Saved config file successfully
20:02:51 saveConfig: saving-data
20:02:51 Saving pets file
20:02:51 Saved pets file successfully
20:02:51 saveConfig: saving-data
20:02:51 Saving pets file
20:02:51 Saved pets file successfully
20:03:48 saveConfig: auto-save-60s
20:03:48 Saving config file
20:03:48 Saved config file successfully
20:03:48 saveConfig: auto-save-60s
20:03:48 Saving config file
20:03:48 Saved config file successfully
20:04:48 saveConfig: auto-save-60s
20:04:48 Saving config file
20:04:48 Saved config file successfully
20:04:48 saveConfig: auto-save-60s
20:04:48 Saving config file
20:04:48 Saved config file successfully
20:05:48 saveConfig: auto-save-60s
20:05:48 Saving config file
20:05:48 Saved config file successfully
20:05:48 saveConfig: auto-save-60s
20:05:48 Saving config file
20:05:48 Saved config file successfully
20:06:48 saveConfig: auto-save-60s
20:06:48 Saving config file
20:06:48 Saved config file successfully
20:06:48 saveConfig: auto-save-60s
20:06:48 Saving config file
20:06:48 Saved config file successfully
20:07:48 saveConfig: auto-save-60s
20:07:48 Saving config file
20:07:48 Saved config file successfully
20:07:48 saveConfig: auto-save-60s
20:07:48 Saving config file
20:07:48 Saved config file successfully
20:08:48 saveConfig: auto-save-60s
20:08:48 Saving config file
20:08:48 Saved config file successfully
20:08:48 saveConfig: auto-save-60s
20:08:48 Saving config file
20:08:48 Saved config file successfully
20:09:48 saveConfig: auto-save-60s
20:09:48 Saving config file
20:09:48 Saved config file successfully
20:09:48 saveConfig: auto-save-60s
20:09:48 Saving config file
20:09:48 Saved config file successfully
20:10:48 saveConfig: auto-save-60s
20:10:48 Saving config file
20:10:48 Saved config file successfully
20:10:48 saveConfig: auto-save-60s
20:10:48 Saving config file
20:10:48 Saved config file successfully
20:11:48 saveConfig: auto-save-60s
20:11:48 Saving config file
20:11:48 Saved config file successfully
20:11:48 saveConfig: auto-save-60s
20:11:48 Saving config file
20:11:48 Saved config file successfully
20:12:48 saveConfig: auto-save-60s
20:12:48 Saving config file
20:12:48 Saved config file successfully
20:12:48 saveConfig: auto-save-60s
20:12:48 Saving config file
20:12:48 Saved config file successfully
20:13:48 saveConfig: auto-save-60s
20:13:48 Saving config file
20:13:48 Saved config file successfully
20:13:48 saveConfig: auto-save-60s
20:13:48 Saving config file
20:13:48 Saved config file successfully
20:14:48 saveConfig: auto-save-60s
20:14:48 Saving config file
20:14:48 Saved config file successfully
20:14:48 saveConfig: auto-save-60s
20:14:48 Saving config file
20:14:48 Saved config file successfully
20:15:48 saveConfig: auto-save-60s
20:15:48 Saving config file
20:15:48 Saved config file successfully
20:15:48 saveConfig: auto-save-60s
20:15:48 Saving config file
20:15:48 Saved config file successfully
20:16:48 saveConfig: auto-save-60s
20:16:48 Saving config file
20:16:48 Saved config file successfully
20:16:48 saveConfig: auto-save-60s
20:16:48 Saving config file
20:16:48 Saved config file successfully
20:17:48 saveConfig: auto-save-60s
20:17:48 Saving config file
20:17:48 Saved config file successfully
20:17:48 saveConfig: auto-save-60s
20:17:48 Saving config file
20:17:48 Saved config file successfully
20:18:48 saveConfig: auto-save-60s
20:18:48 Saving config file
20:18:48 Saved config file successfully
20:18:48 saveConfig: auto-save-60s
20:18:48 Saving config file
20:18:48 Saved config file successfully
20:19:48 saveConfig: auto-save-60s
20:19:48 Saving config file
20:19:48 Saved config file successfully
20:19:48 saveConfig: auto-save-60s
20:19:48 Saving config file
20:19:48 Saved config file successfully
20:20:48 saveConfig: auto-save-60s
20:20:48 Saving config file
20:20:48 Saved config file successfully
20:20:48 saveConfig: auto-save-60s
20:20:48 Saving config file
20:20:48 Saved config file successfully
20:21:48 saveConfig: auto-save-60s
20:21:48 Saving config file
20:21:48 Saved config file successfully
20:21:48 saveConfig: auto-save-60s
20:21:48 Saving config file
20:21:48 Saved config file successfully
20:22:48 saveConfig: auto-save-60s
20:22:48 Saving config file
20:22:48 Saved config file successfully
20:22:48 saveConfig: auto-save-60s
20:22:48 Saving config file
20:22:48 Saved config file successfully
20:23:48 saveConfig: auto-save-60s
20:23:48 Saving config file
20:23:48 Saved config file successfully
20:23:48 saveConfig: auto-save-60s
20:23:48 Saving config file
20:23:48 Saved config file successfully
20:24:48 saveConfig: auto-save-60s
20:24:48 Saving config file
20:24:48 Saved config file successfully
20:24:48 saveConfig: auto-save-60s
20:24:48 Saving config file
20:24:48 Saved config file successfully
20:25:48 saveConfig: auto-save-60s
20:25:48 Saving config file
20:25:48 Saved config file successfully
20:25:48 saveConfig: auto-save-60s
20:25:48 Saving config file
20:25:48 Saved config file successfully
20:26:48 saveConfig: auto-save-60s
20:26:48 Saving config file
20:26:48 Saved config file successfully
20:26:48 saveConfig: auto-save-60s
20:26:48 Saving config file
20:26:48 Saved config file successfully
20:27:48 saveConfig: auto-save-60s
20:27:48 Saving config file
20:27:48 Saved config file successfully
20:27:48 saveConfig: auto-save-60s
20:27:48 Saving config file
20:27:48 Saved config file successfully
20:28:48 saveConfig: auto-save-60s
20:28:48 Saving config file
20:28:48 Saved config file successfully
20:28:48 saveConfig: auto-save-60s
20:28:48 Saving config file
20:28:48 Saved config file successfully
20:29:48 saveConfig: auto-save-60s
20:29:48 Saving config file
20:29:48 Saved config file successfully
20:29:48 saveConfig: auto-save-60s
20:29:48 Saving config file
20:29:48 Saved config file successfully
20:30:48 saveConfig: auto-save-60s
20:30:48 Saving config file
20:30:48 Saved config file successfully
20:30:48 saveConfig: auto-save-60s
20:30:48 Saving config file
20:30:48 Saved config file successfully
20:31:48 saveConfig: auto-save-60s
20:31:48 Saving config file
20:31:48 Saved config file successfully
20:31:48 saveConfig: auto-save-60s
20:31:48 Saving config file
20:31:48 Saved config file successfully
20:32:48 saveConfig: auto-save-60s
20:32:48 Saving config file
20:32:48 Saved config file successfully
20:32:48 saveConfig: auto-save-60s
20:32:48 Saving config file
20:32:48 Saved config file successfully
20:33:48 saveConfig: auto-save-60s
20:33:48 Saving config file
20:33:48 Saved config file successfully
20:33:48 saveConfig: auto-save-60s
20:33:48 Saving config file
20:33:48 Saved config file successfully
20:34:48 saveConfig: auto-save-60s
20:34:48 Saving config file
20:34:48 Saved config file successfully
20:34:48 saveConfig: auto-save-60s
20:34:48 Saving config file
20:34:48 Saved config file successfully
20:35:09 saveConfig: saving-data
20:35:09 Saving pets file
20:35:09 Saved pets file successfully
20:35:09 saveConfig: saving-data
20:35:09 Saving pets file
20:35:09 Saved pets file successfully
20:35:40 saveConfig: saving-data
20:35:40 Saving pets file
20:35:40 Saved pets file successfully
20:35:40 saveConfig: saving-data
20:35:40 Saving pets file
20:35:40 Saved pets file successfully
20:35:48 saveConfig: auto-save-60s
20:35:48 Saving config file
20:35:48 Saved config file successfully
20:35:48 saveConfig: auto-save-60s
20:35:48 Saving config file
20:35:48 Saved config file successfully
20:36:48 saveConfig: auto-save-60s
20:36:48 Saving config file
20:36:48 Saved config file successfully
20:36:48 saveConfig: auto-save-60s
20:36:48 Saving config file
20:36:48 Saved config file successfully
20:37:48 saveConfig: auto-save-60s
20:37:48 Saving config file
20:37:48 Saved config file successfully
20:37:48 saveConfig: auto-save-60s
20:37:48 Saving config file
20:37:48 Saved config file successfully
20:38:36 saveConfig: saving-data
20:38:36 Saving pets file
20:38:36 Saved pets file successfully
20:38:36 saveConfig: saving-data
20:38:36 Saving pets file
20:38:36 Saved pets file successfully
20:38:48 saveConfig: auto-save-60s
20:38:48 Saving config file
20:38:48 Saved config file successfully
20:38:48 saveConfig: auto-save-60s
20:38:48 Saving config file
20:38:48 Saved config file successfully
20:39:07 saveConfig: saving-data
20:39:07 Saving pets file
20:39:07 Saved pets file successfully
20:39:07 saveConfig: saving-data
20:39:07 Saving pets file
20:39:07 Saved pets file successfully
20:39:38 saveConfig: saving-data
20:39:38 Saving pets file
20:39:38 Saved pets file successfully
20:39:38 saveConfig: saving-data
20:39:38 Saving pets file
20:39:38 Saved pets file successfully
20:39:48 saveConfig: auto-save-60s
20:39:48 Saving config file
20:39:48 Saved config file successfully
20:39:48 saveConfig: auto-save-60s
20:39:48 Saving config file
20:39:48 Saved config file successfully
20:40:09 saveConfig: saving-data
20:40:09 Saving pets file
20:40:09 Saved pets file successfully
20:40:09 saveConfig: saving-data
20:40:09 Saving pets file
20:40:09 Saved pets file successfully
20:40:48 saveConfig: auto-save-60s
20:40:48 Saving config file
20:40:48 Saved config file successfully
20:40:48 saveConfig: auto-save-60s
20:40:48 Saving config file
20:40:48 Saved config file successfully
20:41:31 saveConfig: saving-data
20:41:31 Saving pets file
20:41:31 Saved pets file successfully
20:41:31 saveConfig: saving-data
20:41:31 Saving pets file
20:41:31 Saved pets file successfully
20:41:48 saveConfig: auto-save-60s
20:41:48 Saving config file
20:41:48 Saved config file successfully
20:41:48 saveConfig: auto-save-60s
20:41:48 Saving config file
20:41:48 Saved config file successfully
20:42:02 saveConfig: saving-data
20:42:02 Saving pets file
20:42:02 Saved pets file successfully
20:42:02 saveConfig: saving-data
20:42:02 Saving pets file
20:42:02 Saved pets file successfully
20:42:48 saveConfig: auto-save-60s
20:42:48 Saving config file
20:42:48 Saved config file successfully
20:42:48 saveConfig: auto-save-60s
20:42:48 Saving config file
20:42:48 Saved config file successfully
20:43:48 saveConfig: auto-save-60s
20:43:48 Saving config file
20:43:48 Saved config file successfully
20:43:48 saveConfig: auto-save-60s
20:43:48 Saving config file
20:43:48 Saved config file successfully
20:44:48 saveConfig: auto-save-60s
20:44:48 Saving config file
20:44:48 Saved config file successfully
20:44:48 saveConfig: auto-save-60s
20:44:48 Saving config file
20:44:48 Saved config file successfully
20:45:48 saveConfig: auto-save-60s
20:45:48 Saving config file
20:45:48 Saved config file successfully
20:45:48 saveConfig: auto-save-60s
20:45:48 Saving config file
20:45:48 Saved config file successfully
20:46:48 saveConfig: auto-save-60s
20:46:48 Saving config file
20:46:48 Saved config file successfully
20:46:48 saveConfig: auto-save-60s
20:46:48 Saving config file
20:46:48 Saved config file successfully
20:47:48 saveConfig: auto-save-60s
20:47:48 Saving config file
20:47:48 Saved config file successfully
20:47:48 saveConfig: auto-save-60s
20:47:48 Saving config file
20:47:48 Saved config file successfully
20:48:48 saveConfig: auto-save-60s
20:48:48 Saving config file
20:48:48 Saved config file successfully
20:48:48 saveConfig: auto-save-60s
20:48:48 Saving config file
20:48:48 Saved config file successfully
20:49:48 saveConfig: auto-save-60s
20:49:48 Saving config file
20:49:48 Saved config file successfully
20:49:48 saveConfig: auto-save-60s
20:49:48 Saving config file
20:49:48 Saved config file successfully
20:50:48 saveConfig: auto-save-60s
20:50:48 Saving config file
20:50:48 Saved config file successfully
20:50:48 saveConfig: auto-save-60s
20:50:48 Saving config file
20:50:48 Saved config file successfully
20:51:48 saveConfig: auto-save-60s
20:51:48 Saving config file
20:51:48 Saved config file successfully
20:51:48 saveConfig: auto-save-60s
20:51:48 Saving config file
20:51:48 Saved config file successfully
20:52:48 saveConfig: auto-save-60s
20:52:48 Saving config file
20:52:48 Saved config file successfully
20:52:48 saveConfig: auto-save-60s
20:52:48 Saving config file
20:52:48 Saved config file successfully
20:53:40 saveConfig: saving-data
20:53:40 Saving pets file
20:53:40 Saved pets file successfully
20:53:40 saveConfig: saving-data
20:53:40 Saving pets file
20:53:40 Saved pets file successfully
20:53:48 saveConfig: auto-save-60s
20:53:48 Saving config file
20:53:48 Saved config file successfully
20:53:48 saveConfig: auto-save-60s
20:53:48 Saving config file
20:53:48 Saved config file successfully
20:54:11 saveConfig: saving-data
20:54:11 Saving pets file
20:54:11 Saved pets file successfully
20:54:11 saveConfig: saving-data
20:54:11 Saving pets file
20:54:11 Saved pets file successfully
20:54:42 saveConfig: saving-data
20:54:42 Saving pets file
20:54:42 Saved pets file successfully
20:54:42 saveConfig: saving-data
20:54:42 Saving pets file
20:54:42 Saved pets file successfully
20:54:48 saveConfig: auto-save-60s
20:54:48 Saving config file
20:54:48 Saved config file successfully
20:54:48 saveConfig: auto-save-60s
20:54:48 Saving config file
20:54:48 Saved config file successfully
20:55:48 saveConfig: auto-save-60s
20:55:48 Saving config file
20:55:48 Saved config file successfully
20:55:48 saveConfig: auto-save-60s
20:55:48 Saving config file
20:55:48 Saved config file successfully
20:56:05 saveConfig: saving-data
20:56:05 Saving pets file
20:56:05 Saved pets file successfully
20:56:05 saveConfig: saving-data
20:56:05 Saving pets file
20:56:05 Saved pets file successfully
20:56:48 saveConfig: auto-save-60s
20:56:48 Saving config file
20:56:48 Saved config file successfully
20:56:48 saveConfig: auto-save-60s
20:56:48 Saving config file
20:56:48 Saved config file successfully
20:57:48 saveConfig: auto-save-60s
20:57:48 Saving config file
20:57:48 Saved config file successfully
20:57:48 saveConfig: auto-save-60s
20:57:48 Saving config file
20:57:48 Saved config file successfully
20:58:02 saveConfig: saving-data
20:58:02 Saving pets file
20:58:02 Saved pets file successfully
20:58:02 saveConfig: saving-data
20:58:02 Saving pets file
20:58:02 Saved pets file successfully
20:58:35 saveConfig: saving-data
20:58:35 Saving pets file
20:58:35 Saved pets file successfully
20:58:35 saveConfig: saving-data
20:58:35 Saving pets file
20:58:35 Saved pets file successfully
20:58:48 saveConfig: auto-save-60s
20:58:48 Saving config file
20:58:48 Saved config file successfully
20:58:48 saveConfig: auto-save-60s
20:58:48 Saving config file
20:58:48 Saved config file successfully
20:59:48 saveConfig: auto-save-60s
20:59:48 Saving config file
20:59:48 Saved config file successfully
20:59:48 saveConfig: auto-save-60s
20:59:48 Saving config file
20:59:48 Saved config file successfully
21:00:48 saveConfig: auto-save-60s
21:00:48 Saving config file
21:00:48 Saved config file successfully
21:00:48 saveConfig: auto-save-60s
21:00:48 Saving config file
21:00:48 Saved config file successfully
21:01:48 saveConfig: auto-save-60s
21:01:48 Saving config file
21:01:48 Saved config file successfully
21:01:48 saveConfig: auto-save-60s
21:01:48 Saving config file
21:01:48 Saved config file successfully
21:02:48 saveConfig: auto-save-60s
21:02:48 Saving config file
21:02:48 Saved config file successfully
21:02:48 saveConfig: auto-save-60s
21:02:48 Saving config file
21:02:48 Saved config file successfully
21:03:48 saveConfig: auto-save-60s
21:03:48 Saving config file
21:03:48 Saved config file successfully
21:03:48 saveConfig: auto-save-60s
21:03:48 Saving config file
21:03:48 Saved config file successfully
21:04:48 saveConfig: auto-save-60s
21:04:48 Saving config file
21:04:48 Saved config file successfully
21:04:48 saveConfig: auto-save-60s
21:04:48 Saving config file
21:04:48 Saved config file successfully
21:05:48 saveConfig: auto-save-60s
21:05:48 Saving config file
21:05:48 Saved config file successfully
21:05:48 saveConfig: auto-save-60s
21:05:48 Saving config file
21:05:48 Saved config file successfully
21:06:48 saveConfig: auto-save-60s
21:06:48 Saving config file
21:06:48 Saved config file successfully
21:06:48 saveConfig: auto-save-60s
21:06:48 Saving config file
21:06:48 Saved config file successfully
21:07:48 saveConfig: auto-save-60s
21:07:48 Saving config file
21:07:48 Saved config file successfully
21:07:48 saveConfig: auto-save-60s
21:07:48 Saving config file
21:07:48 Saved config file successfully
21:08:48 saveConfig: auto-save-60s
21:08:48 Saving config file
21:08:48 Saved config file successfully
21:08:48 saveConfig: auto-save-60s
21:08:48 Saving config file
21:08:48 Saved config file successfully
21:09:48 saveConfig: auto-save-60s
21:09:48 Saving config file
21:09:48 Saved config file successfully
21:09:48 saveConfig: auto-save-60s
21:09:48 Saving config file
21:09:48 Saved config file successfully
21:10:48 saveConfig: auto-save-60s
21:10:48 Saving config file
21:10:48 Saved config file successfully
21:10:48 saveConfig: auto-save-60s
21:10:48 Saving config file
21:10:48 Saved config file successfully
21:11:48 saveConfig: auto-save-60s
21:11:48 Saving config file
21:11:48 Saved config file successfully
21:11:48 saveConfig: auto-save-60s
21:11:48 Saving config file
21:11:48 Saved config file successfully
21:12:48 saveConfig: auto-save-60s
21:12:48 Saving config file
21:12:48 Saved config file successfully
21:12:48 saveConfig: auto-save-60s
21:12:48 Saving config file
21:12:48 Saved config file successfully
21:13:48 saveConfig: auto-save-60s
21:13:48 Saving config file
21:13:48 Saved config file successfully
21:13:48 saveConfig: auto-save-60s
21:13:48 Saving config file
21:13:48 Saved config file successfully
21:14:48 saveConfig: auto-save-60s
21:14:48 Saving config file
21:14:48 Saved config file successfully
21:14:48 saveConfig: auto-save-60s
21:14:48 Saving config file
21:14:48 Saved config file successfully
21:15:48 saveConfig: auto-save-60s
21:15:48 Saving config file
21:15:48 Saved config file successfully
21:15:48 saveConfig: auto-save-60s
21:15:48 Saving config file
21:15:48 Saved config file successfully
21:16:48 saveConfig: auto-save-60s
21:16:48 Saving config file
21:16:48 Saved config file successfully
21:16:48 saveConfig: auto-save-60s
21:16:48 Saving config file
21:16:48 Saved config file successfully
21:17:48 saveConfig: auto-save-60s
21:17:48 Saving config file
21:17:48 Saved config file successfully
21:17:48 saveConfig: auto-save-60s
21:17:48 Saving config file
21:17:48 Saved config file successfully
21:18:48 saveConfig: auto-save-60s
21:18:48 Saving config file
21:18:48 Saved config file successfully
21:18:48 saveConfig: auto-save-60s
21:18:48 Saving config file
21:18:48 Saved config file successfully
21:19:48 saveConfig: auto-save-60s
21:19:48 Saving config file
21:19:48 Saved config file successfully
21:19:48 saveConfig: auto-save-60s
21:19:48 Saving config file
21:19:48 Saved config file successfully
21:20:48 saveConfig: auto-save-60s
21:20:48 Saving config file
21:20:48 Saved config file successfully
21:20:48 saveConfig: auto-save-60s
21:20:48 Saving config file
21:20:48 Saved config file successfully
21:21:48 saveConfig: auto-save-60s
21:21:48 Saving config file
21:21:48 Saved config file successfully
21:21:48 saveConfig: auto-save-60s
21:21:48 Saving config file
21:21:48 Saved config file successfully
21:22:48 saveConfig: auto-save-60s
21:22:48 Saving config file
21:22:48 Saved config file successfully
21:22:48 saveConfig: auto-save-60s
21:22:48 Saving config file
21:22:48 Saved config file successfully
21:23:48 saveConfig: auto-save-60s
21:23:48 Saving config file
21:23:48 Saved config file successfully
21:23:48 saveConfig: auto-save-60s
21:23:48 Saving config file
21:23:48 Saved config file successfully
21:24:48 saveConfig: auto-save-60s
21:24:48 Saving config file
21:24:48 Saved config file successfully
21:24:48 saveConfig: auto-save-60s
21:24:48 Saving config file
21:24:48 Saved config file successfully
21:25:48 saveConfig: auto-save-60s
21:25:48 Saving config file
21:25:48 Saved config file successfully
21:25:48 saveConfig: auto-save-60s
21:25:48 Saving config file
21:25:48 Saved config file successfully
21:26:48 saveConfig: auto-save-60s
21:26:48 Saving config file
21:26:48 Saved config file successfully
21:26:48 saveConfig: auto-save-60s
21:26:48 Saving config file
21:26:48 Saved config file successfully
21:27:48 saveConfig: auto-save-60s
21:27:48 Saving config file
21:27:48 Saved config file successfully
21:27:48 saveConfig: auto-save-60s
21:27:48 Saving config file
21:27:48 Saved config file successfully
21:28:48 saveConfig: auto-save-60s
21:28:48 Saving config file
21:28:48 Saved config file successfully
21:28:48 saveConfig: auto-save-60s
21:28:48 Saving config file
21:28:48 Saved config file successfully
21:29:48 saveConfig: auto-save-60s
21:29:48 Saving config file
21:29:48 Saved config file successfully
21:29:48 saveConfig: auto-save-60s
21:29:48 Saving config file
21:29:48 Saved config file successfully
21:30:48 saveConfig: auto-save-60s
21:30:48 Saving config file
21:30:48 Saved config file successfully
21:30:48 saveConfig: auto-save-60s
21:30:48 Saving config file
21:30:48 Saved config file successfully
21:31:48 saveConfig: auto-save-60s
21:31:48 Saving config file
21:31:48 Saved config file successfully
21:31:48 saveConfig: auto-save-60s
21:31:48 Saving config file
21:31:48 Saved config file successfully
21:32:48 saveConfig: auto-save-60s
21:32:48 Saving config file
21:32:48 Saved config file successfully
21:32:48 saveConfig: auto-save-60s
21:32:48 Saving config file
21:32:48 Saved config file successfully
21:33:48 saveConfig: auto-save-60s
21:33:48 Saving config file
21:33:48 Saved config file successfully
21:33:48 saveConfig: auto-save-60s
21:33:48 Saving config file
21:33:48 Saved config file successfully
21:34:48 saveConfig: auto-save-60s
21:34:48 Saving config file
21:34:48 Saved config file successfully
21:34:48 saveConfig: auto-save-60s
21:34:48 Saving config file
21:34:48 Saved config file successfully
21:35:48 saveConfig: auto-save-60s
21:35:48 Saving config file
21:35:48 Saved config file successfully
21:35:48 saveConfig: auto-save-60s
21:35:48 Saving config file
21:35:48 Saved config file successfully
21:36:48 saveConfig: auto-save-60s
21:36:48 Saving config file
21:36:48 Saved config file successfully
21:36:48 saveConfig: auto-save-60s
21:36:48 Saving config file
21:36:48 Saved config file successfully
21:37:48 saveConfig: auto-save-60s
21:37:48 Saving config file
21:37:48 Saved config file successfully
21:37:48 saveConfig: auto-save-60s
21:37:48 Saving config file
21:37:48 Saved config file successfully
21:38:48 saveConfig: auto-save-60s
21:38:48 Saving config file
21:38:48 Saved config file successfully
21:38:48 saveConfig: auto-save-60s
21:38:48 Saving config file
21:38:48 Saved config file successfully
21:39:48 saveConfig: auto-save-60s
21:39:48 Saving config file
21:39:48 Saved config file successfully
21:39:48 saveConfig: auto-save-60s
21:39:48 Saving config file
21:39:48 Saved config file successfully
21:40:48 saveConfig: auto-save-60s
21:40:48 Saving config file
21:40:48 Saved config file successfully
21:40:48 saveConfig: auto-save-60s
21:40:48 Saving config file
21:40:48 Saved config file successfully
21:41:48 saveConfig: auto-save-60s
21:41:48 Saving config file
21:41:48 Saved config file successfully
21:41:48 saveConfig: auto-save-60s
21:41:48 Saving config file
21:41:48 Saved config file successfully
21:42:48 saveConfig: auto-save-60s
21:42:48 Saving config file
21:42:48 Saved config file successfully
21:42:48 saveConfig: auto-save-60s
21:42:48 Saving config file
21:42:48 Saved config file successfully
21:43:48 saveConfig: auto-save-60s
21:43:48 Saving config file
21:43:48 Saved config file successfully
21:43:48 saveConfig: auto-save-60s
21:43:48 Saving config file
21:43:48 Saved config file successfully
21:44:48 saveConfig: auto-save-60s
21:44:48 Saving config file
21:44:48 Saved config file successfully
21:44:48 saveConfig: auto-save-60s
21:44:48 Saving config file
21:44:48 Saved config file successfully
21:45:48 saveConfig: auto-save-60s
21:45:48 Saving config file
21:45:48 Saved config file successfully
21:45:48 saveConfig: auto-save-60s
21:45:48 Saving config file
21:45:48 Saved config file successfully
21:46:48 saveConfig: auto-save-60s
21:46:48 Saving config file
21:46:48 Saved config file successfully
21:46:48 saveConfig: auto-save-60s
21:46:48 Saving config file
21:46:48 Saved config file successfully
21:47:48 saveConfig: auto-save-60s
21:47:48 Saving config file
21:47:48 Saved config file successfully
21:47:48 saveConfig: auto-save-60s
21:47:48 Saving config file
21:47:48 Saved config file successfully
21:48:48 saveConfig: auto-save-60s
21:48:48 Saving config file
21:48:48 Saved config file successfully
21:48:48 saveConfig: auto-save-60s
21:48:48 Saving config file
21:48:48 Saved config file successfully
21:49:48 saveConfig: auto-save-60s
21:49:48 Saving config file
21:49:48 Saved config file successfully
21:49:48 saveConfig: auto-save-60s
21:49:48 Saving config file
21:49:48 Saved config file successfully
21:50:48 saveConfig: auto-save-60s
21:50:48 Saving config file
21:50:48 Saved config file successfully
21:50:48 saveConfig: auto-save-60s
21:50:48 Saving config file
21:50:48 Saved config file successfully
21:51:48 saveConfig: auto-save-60s
21:51:48 Saving config file
21:51:48 Saved config file successfully
21:51:48 saveConfig: auto-save-60s
21:51:48 Saving config file
21:51:48 Saved config file successfully
21:52:48 saveConfig: auto-save-60s
21:52:48 Saving config file
21:52:48 Saved config file successfully
21:52:48 saveConfig: auto-save-60s
21:52:48 Saving config file
21:52:48 Saved config file successfully
21:53:48 saveConfig: auto-save-60s
21:53:48 Saving config file
21:53:48 Saved config file successfully
21:53:48 saveConfig: auto-save-60s
21:53:48 Saving config file
21:53:48 Saved config file successfully
21:54:48 saveConfig: auto-save-60s
21:54:48 Saving config file
21:54:48 Saved config file successfully
21:54:48 saveConfig: auto-save-60s
21:54:48 Saving config file
21:54:48 Saved config file successfully
21:55:48 saveConfig: auto-save-60s
21:55:48 Saving config file
21:55:48 Saved config file successfully
21:55:48 saveConfig: auto-save-60s
21:55:48 Saving config file
21:55:48 Saved config file successfully
21:56:48 saveConfig: auto-save-60s
21:56:48 Saving config file
21:56:48 Saved config file successfully
21:56:48 saveConfig: auto-save-60s
21:56:48 Saving config file
21:56:48 Saved config file successfully
21:57:48 saveConfig: auto-save-60s
21:57:48 Saving config file
21:57:48 Saved config file successfully
21:57:48 saveConfig: auto-save-60s
21:57:48 Saving config file
21:57:48 Saved config file successfully
21:58:48 saveConfig: auto-save-60s
21:58:48 Saving config file
21:58:48 Saved config file successfully
21:58:48 saveConfig: auto-save-60s
21:58:48 Saving config file
21:58:48 Saved config file successfully
21:59:48 saveConfig: auto-save-60s
21:59:48 Saving config file
21:59:48 Saved config file successfully
21:59:48 saveConfig: auto-save-60s
21:59:48 Saving config file
21:59:48 Saved config file successfully
22:00:48 saveConfig: auto-save-60s
22:00:48 Saving config file
22:00:48 Saved config file successfully
22:00:48 saveConfig: auto-save-60s
22:00:48 Saving config file
22:00:48 Saved config file successfully
22:01:48 saveConfig: auto-save-60s
22:01:48 Saving config file
22:01:48 Saved config file successfully
22:01:48 saveConfig: auto-save-60s
22:01:48 Saving config file
22:01:48 Saved config file successfully
22:02:48 saveConfig: auto-save-60s
22:02:48 Saving config file
22:02:48 Saved config file successfully
22:02:48 saveConfig: auto-save-60s
22:02:48 Saving config file
22:02:48 Saved config file successfully
22:02:57 saveConfig: saving-data
22:02:57 Saving pets file
22:02:57 Saved pets file successfully
22:02:57 saveConfig: saving-data
22:02:57 Saving pets file
22:02:57 Saved pets file successfully
22:03:27 saveConfig: saving-data
22:03:27 Saving pets file
22:03:27 Saved pets file successfully
22:03:27 saveConfig: saving-data
22:03:27 Saving pets file
22:03:27 Saved pets file successfully
22:03:29 saveConfig: saving-data
22:03:29 Saving sacks file
22:03:29 Saved sacks file successfully
22:03:29 saveConfig: saving-data
22:03:29 Saving sacks file
22:03:29 Saved sacks file successfully
22:03:48 saveConfig: auto-save-60s
22:03:48 Saving config file
22:03:48 Saved config file successfully
22:03:48 saveConfig: auto-save-60s
22:03:48 Saving config file
22:03:48 Saved config file successfully
22:04:01 saveConfig: saving-data
22:04:01 Saving sacks file
22:04:01 Saved sacks file successfully
22:04:01 saveConfig: saving-data
22:04:01 Saving sacks file
22:04:01 Saved sacks file successfully
22:04:07 saveConfig: saving-data
22:04:07 Saving sacks file
22:04:07 Saved sacks file successfully
22:04:07 saveConfig: saving-data
22:04:07 Saving sacks file
22:04:07 Saved sacks file successfully
22:04:39 saveConfig: saving-data
22:04:39 Saving sacks file
22:04:39 Saved sacks file successfully
22:04:39 saveConfig: saving-data
22:04:39 Saving sacks file
22:04:39 Saved sacks file successfully
22:04:48 saveConfig: auto-save-60s
22:04:48 Saving config file
22:04:48 Saved config file successfully
22:04:48 saveConfig: auto-save-60s
22:04:48 Saving config file
22:04:48 Saved config file successfully
22:05:11 saveConfig: saving-data
22:05:11 Saving sacks file
22:05:11 Saved sacks file successfully
22:05:11 saveConfig: saving-data
22:05:11 Saving sacks file
22:05:11 Saved sacks file successfully
22:05:42 saveConfig: saving-data
22:05:42 Saving sacks file
22:05:42 Saved sacks file successfully
22:05:42 saveConfig: saving-data
22:05:42 Saving sacks file
22:05:42 Saved sacks file successfully
22:05:48 saveConfig: auto-save-60s
22:05:48 Saving config file
22:05:48 Saved config file successfully
22:05:48 saveConfig: auto-save-60s
22:05:48 Saving config file
22:05:48 Saved config file successfully
22:06:14 saveConfig: saving-data
22:06:14 Saving sacks file
22:06:14 Saved sacks file successfully
22:06:14 saveConfig: saving-data
22:06:14 Saving sacks file
22:06:14 Saved sacks file successfully
22:06:45 saveConfig: saving-data
22:06:45 Saving sacks file
22:06:45 Saved sacks file successfully
22:06:45 saveConfig: saving-data
22:06:45 Saving sacks file
22:06:45 Saved sacks file successfully
22:06:48 saveConfig: auto-save-60s
22:06:48 Saving config file
22:06:48 Saved config file successfully
22:06:48 saveConfig: auto-save-60s
22:06:48 Saving config file
22:06:48 Saved config file successfully
22:07:17 saveConfig: saving-data
22:07:17 Saving sacks file
22:07:17 Saved sacks file successfully
22:07:17 saveConfig: saving-data
22:07:17 Saving sacks file
22:07:17 Saved sacks file successfully
22:07:47 saveConfig: saving-data
22:07:47 Saving sacks file
22:07:47 Saved sacks file successfully
22:07:47 saveConfig: saving-data
22:07:47 Saving sacks file
22:07:47 Saved sacks file successfully
22:07:48 saveConfig: auto-save-60s
22:07:48 Saving config file
22:07:48 Saved config file successfully
22:07:48 saveConfig: auto-save-60s
22:07:48 Saving config file
22:07:48 Saved config file successfully
22:08:48 saveConfig: auto-save-60s
22:08:48 Saving config file
22:08:48 Saved config file successfully
22:08:48 saveConfig: auto-save-60s
22:08:48 Saving config file
22:08:48 Saved config file successfully
22:09:48 saveConfig: auto-save-60s
22:09:48 Saving config file
22:09:48 Saved config file successfully
22:09:48 saveConfig: auto-save-60s
22:09:48 Saving config file
22:09:48 Saved config file successfully
22:10:48 saveConfig: auto-save-60s
22:10:48 Saving config file
22:10:48 Saved config file successfully
22:10:48 saveConfig: auto-save-60s
22:10:48 Saving config file
22:10:48 Saved config file successfully
22:11:48 saveConfig: auto-save-60s
22:11:48 Saving config file
22:11:48 Saved config file successfully
22:11:48 saveConfig: auto-save-60s
22:11:48 Saving config file
22:11:48 Saved config file successfully
22:12:12 saveConfig: shutdown-hook
22:12:12 Saving config file
