01:32:12 §f                     §7You have §a7 §7items stashed away!
01:32:12 §f                §6§l>>> §6§lCLICK HERE§e to pick them up! §6§l<<<
01:32:12   
01:32:12 §f                §7You have §31,798 §7materials stashed away!
01:32:12 §f               §8(This totals 1 type of material stashed!)
01:32:12 §f                §3§l>>> §3§lCLICK HERE§b to pick them up! §3§l<<<
01:32:12   
01:33:12 §f                     §7You have §a7 §7items stashed away!
01:33:12 §f                §6§l>>> §6§lCLICK HERE§e to pick them up! §6§l<<<
01:33:12   
01:33:12 §f                §7You have §31,798 §7materials stashed away!
01:33:12 §f               §8(This totals 1 type of material stashed!)
01:33:12 §f                §3§l>>> §3§lCLICK HERE§b to pick them up! §3§l<<<
01:33:12   
01:34:12 §f                     §7You have §a7 §7items stashed away!
01:34:12 §f                §6§l>>> §6§lCLICK HERE§e to pick them up! §6§l<<<
01:34:12   
01:34:12 §f                §7You have §31,798 §7materials stashed away!
01:34:12 §f               §8(This totals 1 type of material stashed!)
01:34:12 §f                §3§l>>> §3§lCLICK HERE§b to pick them up! §3§l<<<
01:34:12   
01:34:52 §f                     §7You have §a7 §7items stashed away!
01:34:52 §f                §6§l>>> §6§lCLICK HERE§e to pick them up! §6§l<<<
01:34:52   
01:34:52 §f                §7You have §31,798 §7materials stashed away!
01:34:52 §f               §8(This totals 1 type of material stashed!)
01:34:52 §f                §3§l>>> §3§lCLICK HERE§b to pick them up! §3§l<<<
01:34:52   
01:35:53 §f                     §7You have §a7 §7items stashed away!
01:35:53 §f                §6§l>>> §6§lCLICK HERE§e to pick them up! §6§l<<<
01:35:53   
01:35:53 §f                §7You have §31,798 §7materials stashed away!
01:35:53 §f               §8(This totals 1 type of material stashed!)
01:35:53 §f                §3§l>>> §3§lCLICK HERE§b to pick them up! §3§l<<<
01:35:53   
01:36:53 §f                     §7You have §a7 §7items stashed away!
01:36:53 §f                §6§l>>> §6§lCLICK HERE§e to pick them up! §6§l<<<
01:36:53   
01:36:53 §f                §7You have §31,798 §7materials stashed away!
01:36:53 §f               §8(This totals 1 type of material stashed!)
01:36:53 §f                §3§l>>> §3§lCLICK HERE§b to pick them up! §3§l<<<
01:36:53   
01:37:54 §f                     §7You have §a7 §7items stashed away!
01:37:54 §f                §6§l>>> §6§lCLICK HERE§e to pick them up! §6§l<<<
01:37:54   
01:37:54 §f                §7You have §31,798 §7materials stashed away!
01:37:54 §f               §8(This totals 1 type of material stashed!)
01:37:54 §f                §3§l>>> §3§lCLICK HERE§b to pick them up! §3§l<<<
01:37:54   
01:39:29 §f                     §7You have §a7 §7items stashed away!
01:39:29 §f                §6§l>>> §6§lCLICK HERE§e to pick them up! §6§l<<<
01:39:29   
01:39:29 §f                §7You have §31,798 §7materials stashed away!
01:39:29 §f               §8(This totals 1 type of material stashed!)
01:39:29 §f                §3§l>>> §3§lCLICK HERE§b to pick them up! §3§l<<<
01:39:29   
01:40:16 §f                     §7You have §a7 §7items stashed away!
01:40:16 §f                §6§l>>> §6§lCLICK HERE§e to pick them up! §6§l<<<
01:40:16   
01:40:16 §f                §7You have §31,798 §7materials stashed away!
01:40:16 §f               §8(This totals 1 type of material stashed!)
01:40:16 §f                §3§l>>> §3§lCLICK HERE§b to pick them up! §3§l<<<
01:40:16   
01:47:53 §f                     §7You have §a7 §7items stashed away!
01:47:53 §f                §6§l>>> §6§lCLICK HERE§e to pick them up! §6§l<<<
01:47:53   
01:47:53 §f                §7You have §31,798 §7materials stashed away!
01:47:53 §f               §8(This totals 1 type of material stashed!)
01:47:53 §f                §3§l>>> §3§lCLICK HERE§b to pick them up! §3§l<<<
01:47:53   
01:48:53 §f                     §7You have §a7 §7items stashed away!
01:48:53 §f                §6§l>>> §6§lCLICK HERE§e to pick them up! §6§l<<<
01:48:53   
01:48:53 §f                §7You have §31,798 §7materials stashed away!
01:48:53 §f               §8(This totals 1 type of material stashed!)
01:48:53 §f                §3§l>>> §3§lCLICK HERE§b to pick them up! §3§l<<<
01:48:53   
01:49:53 §f                     §7You have §a7 §7items stashed away!
01:49:53 §f                §6§l>>> §6§lCLICK HERE§e to pick them up! §6§l<<<
01:49:53   
01:49:53 §f                §7You have §31,798 §7materials stashed away!
01:49:53 §f               §8(This totals 1 type of material stashed!)
01:49:53 §f                §3§l>>> §3§lCLICK HERE§b to pick them up! §3§l<<<
01:49:53   
01:50:18 §f                     §7You have §a7 §7items stashed away!
01:50:18 §f                §6§l>>> §6§lCLICK HERE§e to pick them up! §6§l<<<
01:50:18   
01:50:18 §f                §7You have §31,798 §7materials stashed away!
01:50:18 §f               §8(This totals 1 type of material stashed!)
01:50:18 §f                §3§l>>> §3§lCLICK HERE§b to pick them up! §3§l<<<
01:50:18   
01:51:19 §f                     §7You have §a7 §7items stashed away!
01:51:19 §f                §6§l>>> §6§lCLICK HERE§e to pick them up! §6§l<<<
01:51:19   
01:51:19 §f                §7You have §31,798 §7materials stashed away!
01:51:19 §f               §8(This totals 1 type of material stashed!)
01:51:19 §f                §3§l>>> §3§lCLICK HERE§b to pick them up! §3§l<<<
01:51:19   
01:52:19 §f                     §7You have §a7 §7items stashed away!
01:52:19 §f                §6§l>>> §6§lCLICK HERE§e to pick them up! §6§l<<<
01:52:19   
01:52:19 §f                §7You have §31,798 §7materials stashed away!
01:52:19 §f               §8(This totals 1 type of material stashed!)
01:52:19 §f                §3§l>>> §3§lCLICK HERE§b to pick them up! §3§l<<<
01:52:19   
01:52:47 §f                     §7You have §a7 §7items stashed away!
01:52:47 §f                §6§l>>> §6§lCLICK HERE§e to pick them up! §6§l<<<
01:52:47   
01:52:47 §f                §7You have §31,798 §7materials stashed away!
01:52:47 §f               §8(This totals 1 type of material stashed!)
01:52:47 §f                §3§l>>> §3§lCLICK HERE§b to pick them up! §3§l<<<
01:52:47   
01:53:47 §f                     §7You have §a7 §7items stashed away!
01:53:47 §f                §6§l>>> §6§lCLICK HERE§e to pick them up! §6§l<<<
01:53:47   
01:53:47 §f                §7You have §31,798 §7materials stashed away!
01:53:47 §f               §8(This totals 1 type of material stashed!)
01:53:47 §f                §3§l>>> §3§lCLICK HERE§b to pick them up! §3§l<<<
01:53:47   
01:54:48 §f                     §7You have §a7 §7items stashed away!
01:54:48 §f                §6§l>>> §6§lCLICK HERE§e to pick them up! §6§l<<<
01:54:48   
01:54:48 §f                §7You have §31,798 §7materials stashed away!
01:54:48 §f               §8(This totals 1 type of material stashed!)
01:54:48 §f                §3§l>>> §3§lCLICK HERE§b to pick them up! §3§l<<<
01:54:48   
01:55:48 §f                     §7You have §a7 §7items stashed away!
01:55:48 §f                §6§l>>> §6§lCLICK HERE§e to pick them up! §6§l<<<
01:55:48   
01:55:48 §f                §7You have §31,798 §7materials stashed away!
01:55:48 §f               §8(This totals 1 type of material stashed!)
01:55:48 §f                §3§l>>> §3§lCLICK HERE§b to pick them up! §3§l<<<
01:55:48   
01:56:49 §f                     §7You have §a7 §7items stashed away!
01:56:49 §f                §6§l>>> §6§lCLICK HERE§e to pick them up! §6§l<<<
01:56:49   
01:56:49 §f                §7You have §31,798 §7materials stashed away!
01:56:49 §f               §8(This totals 1 type of material stashed!)
01:56:49 §f                §3§l>>> §3§lCLICK HERE§b to pick them up! §3§l<<<
01:56:49   
01:57:51 §f                     §7You have §a7 §7items stashed away!
01:57:51 §f                §6§l>>> §6§lCLICK HERE§e to pick them up! §6§l<<<
01:57:51   
01:57:51 §f                §7You have §31,798 §7materials stashed away!
01:57:51 §f               §8(This totals 1 type of material stashed!)
01:57:51 §f                §3§l>>> §3§lCLICK HERE§b to pick them up! §3§l<<<
01:57:51   
01:58:52 §f                     §7You have §a7 §7items stashed away!
01:58:52 §f                §6§l>>> §6§lCLICK HERE§e to pick them up! §6§l<<<
01:58:52   
01:58:52 §f                §7You have §31,798 §7materials stashed away!
01:58:52 §f               §8(This totals 1 type of material stashed!)
01:58:52 §f                §3§l>>> §3§lCLICK HERE§b to pick them up! §3§l<<<
01:58:52   
01:59:54 §f                     §7You have §a7 §7items stashed away!
01:59:54 §f                §6§l>>> §6§lCLICK HERE§e to pick them up! §6§l<<<
01:59:54   
01:59:54 §f                §7You have §31,798 §7materials stashed away!
01:59:54 §f               §8(This totals 1 type of material stashed!)
01:59:54 §f                §3§l>>> §3§lCLICK HERE§b to pick them up! §3§l<<<
01:59:54   
02:00:56 §f                     §7You have §a7 §7items stashed away!
02:00:56 §f                §6§l>>> §6§lCLICK HERE§e to pick them up! §6§l<<<
02:00:56   
02:00:56 §f                §7You have §31,798 §7materials stashed away!
02:00:56 §f               §8(This totals 1 type of material stashed!)
02:00:56 §f                §3§l>>> §3§lCLICK HERE§b to pick them up! §3§l<<<
02:00:56   
02:01:56 §f                     §7You have §a7 §7items stashed away!
02:01:56 §f                §6§l>>> §6§lCLICK HERE§e to pick them up! §6§l<<<
02:01:56   
02:01:56 §f                §7You have §31,798 §7materials stashed away!
02:01:56 §f               §8(This totals 1 type of material stashed!)
02:01:56 §f                §3§l>>> §3§lCLICK HERE§b to pick them up! §3§l<<<
02:01:56   
02:02:57 §f                     §7You have §a7 §7items stashed away!
02:02:57 §f                §6§l>>> §6§lCLICK HERE§e to pick them up! §6§l<<<
02:02:57   
02:02:57 §f                §7You have §31,798 §7materials stashed away!
02:02:57 §f               §8(This totals 1 type of material stashed!)
02:02:57 §f                §3§l>>> §3§lCLICK HERE§b to pick them up! §3§l<<<
02:02:57   
02:03:57 §f                     §7You have §a7 §7items stashed away!
02:03:57 §f                §6§l>>> §6§lCLICK HERE§e to pick them up! §6§l<<<
02:03:57   
02:03:57 §f                §7You have §31,798 §7materials stashed away!
02:03:57 §f               §8(This totals 1 type of material stashed!)
02:03:57 §f                §3§l>>> §3§lCLICK HERE§b to pick them up! §3§l<<<
02:03:57   
02:05:00 §f                     §7You have §a7 §7items stashed away!
02:05:00 §f                §6§l>>> §6§lCLICK HERE§e to pick them up! §6§l<<<
02:05:00   
02:05:00 §f                §7You have §31,798 §7materials stashed away!
02:05:00 §f               §8(This totals 1 type of material stashed!)
02:05:00 §f                §3§l>>> §3§lCLICK HERE§b to pick them up! §3§l<<<
02:05:00   
02:06:02 §f                     §7You have §a7 §7items stashed away!
02:06:02 §f                §6§l>>> §6§lCLICK HERE§e to pick them up! §6§l<<<
02:06:02   
02:06:02 §f                §7You have §31,798 §7materials stashed away!
02:06:02 §f               §8(This totals 1 type of material stashed!)
02:06:02 §f                §3§l>>> §3§lCLICK HERE§b to pick them up! §3§l<<<
02:06:02   
02:12:11 §f                     §7You have §a7 §7items stashed away!
02:12:11 §f                §6§l>>> §6§lCLICK HERE§e to pick them up! §6§l<<<
02:12:11   
02:12:11 §f                §7You have §31,798 §7materials stashed away!
02:12:11 §f               §8(This totals 1 type of material stashed!)
02:12:11 §f                §3§l>>> §3§lCLICK HERE§b to pick them up! §3§l<<<
02:12:11   
02:12:13 §eOne or more items didn't fit in your inventory and were added to your item stash! §6Click here §eto pick them up!
