22:16:16 Trying to load config from config\skyhanni\config.json
22:16:16 load-config-now
22:16:17 Loaded config from file
22:16:17 Trying to load sacks from config\skyhanni\sacks.json
22:16:17 load-sacks-now
22:16:17 Loaded sacks from file
22:16:17 Trying to load friends from config\skyhanni\friends.json
22:16:17 load-friends-now
22:16:17 Loaded friends from file
22:16:17 Trying to load known_features from config\skyhanni\known_features.json
22:16:17 load-known_features-now
22:16:17 Loaded known_features from file
22:16:17 Trying to load jacob_contests from config\skyhanni\jacob_contests.json
22:16:17 Setting jacob_contests to be blank as it did not exist. It will be saved once something is written to it
22:16:17 Trying to load visual_words from config\skyhanni\visual_words.json
22:16:17 Setting visual_words to be blank as it did not exist. It will be saved once something is written to it
22:16:17 Trying to load pets from config\skyhanni\pets.json
22:16:17 load-pets-now
22:16:17 Loaded pets from file
22:17:17 saveConfig: auto-save-60s
22:17:17 Saving config file
22:17:17 Saved config file successfully
22:17:17 saveConfig: auto-save-60s
22:17:17 Saving config file
22:17:17 Saved config file successfully
22:18:17 saveConfig: auto-save-60s
22:18:17 Saving config file
22:18:17 Saved config file successfully
22:18:17 saveConfig: auto-save-60s
22:18:17 Saving config file
22:18:17 Saved config file successfully
22:18:39 saveConfig: Updated known feature flags
22:18:39 Saving known_features file
22:18:39 Saved known_features file successfully
22:18:39 saveConfig: Updated known feature flags
22:18:39 Saving known_features file
22:18:39 Saved known_features file successfully
22:19:15 saveConfig: saving-data
22:19:15 Saving pets file
22:19:15 Saved pets file successfully
22:19:15 saveConfig: saving-data
22:19:15 Saving pets file
22:19:15 Saved pets file successfully
22:19:17 saveConfig: auto-save-60s
22:19:17 Saving config file
22:19:17 Saved config file successfully
22:19:17 saveConfig: auto-save-60s
22:19:17 Saving config file
22:19:17 Saved config file successfully
22:19:19 saveConfig: saving-data
22:19:19 Saving sacks file
22:19:19 Saved sacks file successfully
22:19:19 saveConfig: saving-data
22:19:19 Saving sacks file
22:19:19 Saved sacks file successfully
22:19:46 saveConfig: saving-data
22:19:46 Saving sacks file
22:19:46 Saved sacks file successfully
22:19:46 saveConfig: saving-data
22:19:46 Saving sacks file
22:19:46 Saved sacks file successfully
22:19:46 saveConfig: saving-data
22:19:46 Saving pets file
22:19:46 Saved pets file successfully
22:19:46 saveConfig: saving-data
22:19:46 Saving pets file
22:19:46 Saved pets file successfully
22:20:09 saveConfig: saving-data
22:20:09 Saving sacks file
22:20:09 Saved sacks file successfully
22:20:09 saveConfig: saving-data
22:20:09 Saving sacks file
22:20:09 Saved sacks file successfully
22:20:17 saveConfig: auto-save-60s
22:20:17 Saving config file
22:20:17 Saved config file successfully
22:20:17 saveConfig: auto-save-60s
22:20:17 Saving config file
22:20:17 Saved config file successfully
22:20:33 saveConfig: saving-data
22:20:33 Saving sacks file
22:20:33 Saved sacks file successfully
22:20:33 saveConfig: saving-data
22:20:33 Saving sacks file
22:20:33 Saved sacks file successfully
22:20:47 saveConfig: saving-data
22:20:47 Saving sacks file
22:20:47 Saved sacks file successfully
22:20:47 saveConfig: saving-data
22:20:47 Saving sacks file
22:20:47 Saved sacks file successfully
22:21:17 saveConfig: auto-save-60s
22:21:17 Saving config file
22:21:17 Saved config file successfully
22:21:17 saveConfig: auto-save-60s
22:21:17 Saving config file
22:21:17 Saved config file successfully
22:22:17 saveConfig: auto-save-60s
22:22:17 Saving config file
22:22:17 Saved config file successfully
22:22:17 saveConfig: auto-save-60s
22:22:17 Saving config file
22:22:17 Saved config file successfully
22:22:40 saveConfig: saving-data
22:22:40 Saving sacks file
22:22:40 Saved sacks file successfully
22:22:40 saveConfig: saving-data
22:22:40 Saving sacks file
22:22:40 Saved sacks file successfully
22:22:44 saveConfig: saving-data
22:22:44 Saving pets file
22:22:44 Saved pets file successfully
22:22:44 saveConfig: saving-data
22:22:44 Saving pets file
22:22:44 Saved pets file successfully
22:22:50 saveConfig: saving-data
22:22:50 Saving sacks file
22:22:50 Saved sacks file successfully
22:22:50 saveConfig: saving-data
22:22:50 Saving sacks file
22:22:50 Saved sacks file successfully
22:23:17 saveConfig: auto-save-60s
22:23:17 Saving config file
22:23:17 Saved config file successfully
22:23:17 saveConfig: auto-save-60s
22:23:17 Saving config file
22:23:17 Saved config file successfully
22:23:30 saveConfig: saving-data
22:23:30 Saving sacks file
22:23:30 Saved sacks file successfully
22:23:30 saveConfig: saving-data
22:23:30 Saving sacks file
22:23:30 Saved sacks file successfully
22:24:06 saveConfig: saving-data
22:24:06 Saving sacks file
22:24:06 Saved sacks file successfully
22:24:06 saveConfig: saving-data
22:24:06 Saving sacks file
22:24:06 Saved sacks file successfully
22:24:17 saveConfig: auto-save-60s
22:24:17 Saving config file
22:24:17 Saved config file successfully
22:24:17 saveConfig: auto-save-60s
22:24:17 Saving config file
22:24:17 Saved config file successfully
22:24:33 saveConfig: saving-data
22:24:33 Saving sacks file
22:24:33 Saved sacks file successfully
22:24:33 saveConfig: saving-data
22:24:33 Saving sacks file
22:24:33 Saved sacks file successfully
22:25:11 saveConfig: saving-data
22:25:11 Saving sacks file
22:25:11 Saved sacks file successfully
22:25:11 saveConfig: saving-data
22:25:11 Saving sacks file
22:25:11 Saved sacks file successfully
22:25:17 saveConfig: auto-save-60s
22:25:17 Saving config file
22:25:17 Saved config file successfully
22:25:17 saveConfig: auto-save-60s
22:25:17 Saving config file
22:25:17 Saved config file successfully
22:25:42 saveConfig: saving-data
22:25:42 Saving sacks file
22:25:42 Saved sacks file successfully
22:25:42 saveConfig: saving-data
22:25:42 Saving sacks file
22:25:42 Saved sacks file successfully
22:26:15 saveConfig: saving-data
22:26:15 Saving sacks file
22:26:15 Saved sacks file successfully
22:26:15 saveConfig: saving-data
22:26:15 Saving sacks file
22:26:15 Saved sacks file successfully
22:26:17 saveConfig: auto-save-60s
22:26:17 Saving config file
22:26:17 Saved config file successfully
22:26:17 saveConfig: auto-save-60s
22:26:17 Saving config file
22:26:17 Saved config file successfully
22:26:39 saveConfig: saving-data
22:26:39 Saving sacks file
22:26:39 Saved sacks file successfully
22:26:39 saveConfig: saving-data
22:26:39 Saving sacks file
22:26:39 Saved sacks file successfully
22:26:48 saveConfig: saving-data
22:26:48 Saving sacks file
22:26:48 Saved sacks file successfully
22:26:48 saveConfig: saving-data
22:26:48 Saving sacks file
22:26:48 Saved sacks file successfully
22:27:03 saveConfig: saving-data
22:27:03 Saving sacks file
22:27:03 Saved sacks file successfully
22:27:03 saveConfig: saving-data
22:27:03 Saving sacks file
22:27:03 Saved sacks file successfully
22:27:12 saveConfig: saving-data
22:27:12 Saving sacks file
22:27:12 Saved sacks file successfully
22:27:12 saveConfig: saving-data
22:27:12 Saving sacks file
22:27:12 Saved sacks file successfully
22:27:17 saveConfig: auto-save-60s
22:27:17 Saving config file
22:27:17 Saved config file successfully
22:27:17 saveConfig: auto-save-60s
22:27:17 Saving config file
22:27:17 Saved config file successfully
22:27:42 saveConfig: saving-data
22:27:42 Saving sacks file
22:27:42 Saved sacks file successfully
22:27:42 saveConfig: saving-data
22:27:42 Saving sacks file
22:27:42 Saved sacks file successfully
22:28:17 saveConfig: auto-save-60s
22:28:17 Saving config file
22:28:17 Saved config file successfully
22:28:17 saveConfig: auto-save-60s
22:28:17 Saving config file
22:28:17 Saved config file successfully
22:28:18 saveConfig: saving-data
22:28:18 Saving sacks file
22:28:18 Saved sacks file successfully
22:28:18 saveConfig: saving-data
22:28:18 Saving sacks file
22:28:18 Saved sacks file successfully
22:28:49 saveConfig: saving-data
22:28:49 Saving sacks file
22:28:49 Saved sacks file successfully
22:28:49 saveConfig: saving-data
22:28:49 Saving sacks file
22:28:49 Saved sacks file successfully
22:29:17 saveConfig: auto-save-60s
22:29:17 Saving config file
22:29:17 Saved config file successfully
22:29:17 saveConfig: auto-save-60s
22:29:17 Saving config file
22:29:17 Saved config file successfully
22:29:24 saveConfig: saving-data
22:29:24 Saving sacks file
22:29:24 Saved sacks file successfully
22:29:24 saveConfig: saving-data
22:29:24 Saving sacks file
22:29:24 Saved sacks file successfully
22:30:00 saveConfig: saving-data
22:30:00 Saving sacks file
22:30:00 Saved sacks file successfully
22:30:00 saveConfig: saving-data
22:30:00 Saving sacks file
22:30:00 Saved sacks file successfully
22:30:17 saveConfig: auto-save-60s
22:30:17 Saving config file
22:30:17 Saved config file successfully
22:30:17 saveConfig: auto-save-60s
22:30:17 Saving config file
22:30:17 Saved config file successfully
22:30:34 saveConfig: saving-data
22:30:34 Saving sacks file
22:30:34 Saved sacks file successfully
22:30:34 saveConfig: saving-data
22:30:34 Saving sacks file
22:30:34 Saved sacks file successfully
22:31:05 saveConfig: saving-data
22:31:05 Saving sacks file
22:31:05 Saved sacks file successfully
22:31:05 saveConfig: saving-data
22:31:05 Saving sacks file
22:31:05 Saved sacks file successfully
22:31:17 saveConfig: auto-save-60s
22:31:17 Saving config file
22:31:17 Saved config file successfully
22:31:17 saveConfig: auto-save-60s
22:31:17 Saving config file
22:31:17 Saved config file successfully
22:31:18 saveConfig: saving-data
22:31:18 Saving sacks file
22:31:18 Saved sacks file successfully
22:31:18 saveConfig: saving-data
22:31:18 Saving sacks file
22:31:18 Saved sacks file successfully
22:31:45 saveConfig: saving-data
22:31:45 Saving sacks file
22:31:45 Saved sacks file successfully
22:31:45 saveConfig: saving-data
22:31:45 Saving sacks file
22:31:45 Saved sacks file successfully
22:32:17 saveConfig: auto-save-60s
22:32:17 Saving config file
22:32:17 Saved config file successfully
22:32:17 saveConfig: auto-save-60s
22:32:17 Saving config file
22:32:17 Saved config file successfully
22:33:17 saveConfig: auto-save-60s
22:33:17 Saving config file
22:33:17 Saved config file successfully
22:33:17 saveConfig: auto-save-60s
22:33:17 Saving config file
22:33:17 Saved config file successfully
22:33:18 saveConfig: saving-data
22:33:18 Saving pets file
22:33:18 Saved pets file successfully
22:33:18 saveConfig: saving-data
22:33:18 Saving pets file
22:33:18 Saved pets file successfully
22:33:49 saveConfig: saving-data
22:33:49 Saving pets file
22:33:49 Saved pets file successfully
22:33:49 saveConfig: saving-data
22:33:49 Saving pets file
22:33:49 Saved pets file successfully
22:34:17 saveConfig: auto-save-60s
22:34:17 Saving config file
22:34:17 Saved config file successfully
22:34:17 saveConfig: auto-save-60s
22:34:17 Saving config file
22:34:17 Saved config file successfully
22:35:17 saveConfig: auto-save-60s
22:35:17 Saving config file
22:35:17 Saved config file successfully
22:35:17 saveConfig: auto-save-60s
22:35:17 Saving config file
22:35:17 Saved config file successfully
22:35:43 saveConfig: saving-data
22:35:43 Saving pets file
22:35:43 Saved pets file successfully
22:35:43 saveConfig: saving-data
22:35:43 Saving pets file
22:35:43 Saved pets file successfully
22:35:52 saveConfig: saving-data
22:35:52 Saving sacks file
22:35:52 Saved sacks file successfully
22:35:52 saveConfig: saving-data
22:35:52 Saving sacks file
22:35:52 Saved sacks file successfully
22:36:11 saveConfig: shutdown-hook
22:36:11 Saving config file
