15:13:29 [allowed] §f §r§r§r§f §r§r§r§1 §r§r§r§0 §r§r§r§2 §r§r§r§f §r§r§r§f §r§r§r§2 §r§r§r§0 §r§r§r§4 §r§r§r§3 §r§r§r§9 §r§r§r§2 §r§r§r§0 §r§r§r§0 §r§r§r§3 §r§r§r§9 §r§r§r§2 §r§r§r§0 §r§r§r§0 §r§r§r§3 §r§r§r§9 §r§r§r§2 §r§r§r§0 §r§r§r§0 
15:13:36 [allowed] §b[MVP§9+§b] Caseduck7218923§f §6joined the lobby!
15:13:36 [allowed] §aYou have §b23 §aunclaimed leveling rewards!
15:13:36 [allowed] §eClick here to view them!
15:13:36 [allowed] §aYou have §61 §aunclaimed achievement reward!
15:13:36 [allowed] §eClick here to view it!
15:13:37 [allowed] 
§r§f§l➔ §r§6§lWelcome to the Prototype Lobby§r
§r§aAll games in this lobby are currently in development.§r
§r§eClick here to leave feedback!§r§f ➤ §r§b§nhttps://hypixel.net/PTL

15:13:37 [allowed] §b[MVP§d+§b] CFC2789§f §6joined the lobby!
15:13:37 [allowed]   §r§f§l➤ §r§6You have reached your Hype limit! Add Hype to Prototype Lobby minigames by right-clicking with the Hype Diamond!
15:13:37 [allowed] §b[MVP§6+§b] sigmatron2000§f §6joined the lobby!
15:13:38 [allowed] §b[MVP§4+§b] Yusuke29§f §6joined the lobby!
15:13:40 [allowed] §7Sending to server mini194AJ...
15:13:41 [allowed] §8 §r§8 §r§1 §r§3 §r§3 §r§7 §r§8 
15:13:44 [allowed] 
15:13:44 [allowed] §eWelcome to §r§aHypixel SkyBlock§r§e!
15:13:44 [allowed] 
15:13:44 [allowed] §eLatest update: §bSkyBlock v0.23.1 §e§lCLICK
15:13:44 [allowed] §aYou are playing on profile: §ePear§b (Co-op)
15:13:44 [allowed] §8Profile ID: da202b41-03b4-4acb-b131-26b3b789ffbc
15:13:45 [allowed] §6§lALLOWANCE! §r§eYou earned §r§640,000 coins§r§e!
15:13:45 [allowed]  
15:13:51 [allowed] 
15:13:51 [allowed] §6§k§lA§r §c§lFIRE SALE §r§6§k§lA
§r§c♨ §eSelling an item for a limited time!
§r§c   ♨ §6Pina Coolada Barn Skin §e(§c2,863 left§e)§c§r
§r§c♨ §a§l[WARP] §eTo Elizabeth in the next §c0d 9h 46m §eto grab yours!
15:13:51 [allowed] 
15:14:32 [allowed] §7Your Implosion hit §r§c1 §r§7enemy for §r§c1,417,285.9 §r§7damage.
15:14:33 [allowed] §cThere are blocks in the way!
15:14:33 [allowed] §7Your Implosion hit §r§c1 §r§7enemy for §r§c1,417,285.9 §r§7damage.
15:14:33 [allowed] §cThere are blocks in the way!
15:14:34 [allowed] §7Your Implosion hit §r§c1 §r§7enemy for §r§c1,417,285.9 §r§7damage.
15:14:34 [allowed] §cThere are blocks in the way!
15:14:34 [allowed] §7Your Implosion hit §r§c1 §r§7enemy for §r§c1,417,285.9 §r§7damage.
15:14:34 [allowed] §cThere are blocks in the way!
15:14:34 [allowed] §7Your Implosion hit §r§c1 §r§7enemy for §r§c1,417,285.9 §r§7damage.
15:14:34 [allowed] §cThere are blocks in the way!
15:14:34 [allowed] §7Your Implosion hit §r§c1 §r§7enemy for §r§c1,417,285.9 §r§7damage.
15:14:34 [allowed] §cThere are blocks in the way!
15:14:34 [allowed] §7Your Implosion hit §r§c1 §r§7enemy for §r§c1,417,285.9 §r§7damage.
15:14:34 [allowed] §cThere are blocks in the way!
15:14:34 [allowed] §7Your Implosion hit §r§c1 §r§7enemy for §r§c1,417,285.9 §r§7damage.
15:14:34 [allowed] §cThere are blocks in the way!
15:14:34 [allowed] §7Your Implosion hit §r§c1 §r§7enemy for §r§c1,417,285.9 §r§7damage.
15:14:34 [allowed] §cThere are blocks in the way!
15:14:34 [allowed] §7Your Implosion hit §r§c1 §r§7enemy for §r§c1,417,285.9 §r§7damage.
15:14:34 [allowed] §cThere are blocks in the way!
15:14:34 [allowed] §7Your Implosion hit §r§c1 §r§7enemy for §r§c1,417,285.9 §r§7damage.
15:14:35 [allowed] §cThere are blocks in the way!
15:14:35 [allowed] §7Your Implosion hit §r§c1 §r§7enemy for §r§c1,417,285.9 §r§7damage.
15:14:35 [allowed] §cThere are blocks in the way!
15:14:35 [allowed] §7Your Implosion hit §r§c1 §r§7enemy for §r§c1,417,285.9 §r§7damage.
15:14:36 [allowed] §cThere are blocks in the way!
15:14:36 [allowed] §7Your Implosion hit §r§c1 §r§7enemy for §r§c1,417,285.9 §r§7damage.
15:14:46 [allowed]  
15:15:12 [allowed] §7The §r§aTraining Weights §r§7shatter as you remove them...
15:15:12 [allowed] §7You suddenly feel a bit stronger!
15:15:12 [allowed] §aYou gained §r§c+2❁ Strength §r§afor 2 minutes.
15:15:12 [allowed] §8The Training Weights shatter after you move it.
15:15:46 [allowed]  
15:16:46 [allowed]  
15:17:24 [allowed] §aYour §r§eTuning Points §r§awere auto-assigned as convenience!
15:17:29 [allowed] §7Warping...
15:17:30 [allowed] §7Sending to server mini30K...
15:17:30 [allowed] §8 §r§8 §r§1 §r§3 §r§3 §r§7 §r§8 
15:17:35 [allowed] §aYou are playing on profile: §ePear§b (Co-op)
15:17:35 [allowed] §8Profile ID: da202b41-03b4-4acb-b131-26b3b789ffbc
15:17:39 [allowed] §cThere are blocks in the way!
15:17:43 [allowed] §eYou selected the §r§aFortuitous §r§epower for your §r§aAccessory Bag§r§e!
15:17:50 [allowed]  
15:18:19 [allowed] §cThere are blocks in the way!
15:18:30 [allowed] §cThere are blocks in the way!
15:18:44 [allowed] §cThere are blocks in the way!
15:18:47 [allowed] §aYou earned §r§e66 Event EXP §r§afrom playing SkyBlock!
15:18:47 [allowed] §cThere are blocks in the way!
15:18:51 [allowed]  
15:18:56 [allowed] §cThere are blocks in the way!
15:18:57 [allowed] §cThere are blocks in the way!
15:19:01 [allowed] §e[NPC] §6Bingo§f: §rThe §aJuly 2025 §cExtreme Bingo Event §fhas concluded!
15:19:03 [allowed] §e[NPC] §6Bingo§f: §rI will stick around for a bit longer, but then I'll be gone until the next event at the start of the month!
15:19:05 [allowed] §e[NPC] §6Bingo§f: §rCheck out the §bBingo Shop §fto spend §6Bingo Points §fwhile supplies last!
15:19:50 [allowed] §cThere are blocks in the way!
15:19:52 [allowed]  
15:19:55 [allowed] §9§m-----------------------------------------------------§r§9
§r§9                          §r§9 §6Friends (Page 1 of 1) §r§9
§r§9§bSillyEbola §eis in SkyBlock - The Catacombs - Floor V§r§9
§r§9§bBababoi09 §cis currently offline§r§9
§r§9§aclownlucifer §cis currently offline§r§9
§r§9§aHOLYEISMYGOAT §cis currently offline§r§9
§r§9§7lumivic §cis currently offline§r§9
§r§9§bowoCalamital §cis currently offline§r§9
§r§9§7W4rrioz §cis currently offline§r§9
§r§9
§r§9§m-----------------------------------------------------
15:20:08 [allowed] §cThere are blocks in the way!
15:20:11 [allowed] §cThere are blocks in the way!
15:20:24 [allowed] §cThere are blocks in the way!
15:20:53 [allowed] Unknown command. Type "/help" for help. ('z')
15:20:53 [allowed]  
15:20:58 [allowed] §6[Bazaar] §r§7Executing instant sell...
15:20:58 [allowed] §6[Bazaar] §r§7Sold §r§a109§r§7x §r§fCobblestone §r§7for §r§643.6 coins§r§7!
15:21:00 [allowed] §cThere are blocks in the way!
15:21:18 [allowed] §cThere are blocks in the way!
15:21:34 [allowed] §aYou bought §r§6Shiny Orb §r§afor §r§65,000 Coins§r§a!
15:21:41 [allowed] §dOink! §r§eBring the pig back to the §r§6Shiny Orb§r§e!
15:21:49 [allowed] §dOink! §r§eUse a §r§6Shiny Orb §r§efrom the §r§dPig Shop §r§eto capture the shiny from this piggy!
15:21:54 [allowed]  
15:22:02 [allowed] §9§m-----------------------------------------------------§r§9
§r§b[MVP§r§c+§r§b] SillyEbola §r§ehas invited you to join their party!
§r§eYou have §r§c60 §r§eseconds to accept. §r§6Click here to join!§r§9
§r§9§m-----------------------------------------------------
15:22:11 [allowed] §9§m-----------------------------------------------------
15:22:11 [allowed] §eYou have joined §r§b[MVP§r§c+§r§b] SillyEbola's §r§eparty!
15:22:11 [allowed] §f
15:22:11 [allowed] §eYou'll be partying with: §r§a[VIP] rcerc
15:22:11 [allowed] §9§m-----------------------------------------------------
15:22:14 [allowed] §cInvalid usage! Correct usage: /chat channel
15:22:14 [allowed] §cValid channels: all, party, guild, officer, skyblock-coop
15:22:16 [allowed] Unknown command. Type "/help" for help. ('chatp')
15:22:18 [allowed] §aYou are now in the §r§6PARTY§r§a channel
15:22:19 [allowed] §7Warping...
15:22:20 [allowed] §7Sending to server mini195AF...
15:22:20 [allowed] §8 §r§8 §r§1 §r§3 §r§3 §r§7 §r§8 
15:22:23 [allowed] §6§lRARE REWARD! §r§bSD_CanMeng §r§efound a §r§6Recombobulator 3000 §r§ein their Bedrock Chest§r§e!
15:22:24 [allowed] §aYou are playing on profile: §ePear§b (Co-op)
15:22:24 [allowed] §8Profile ID: da202b41-03b4-4acb-b131-26b3b789ffbc
15:22:45 [allowed] §9Party §8> §a[VIP] rcerc§f: §rr
15:22:53 [allowed] §9Party §8> §b[MVP§c+§b] SillyEbola§f: §rwait
15:22:58 [allowed] §9Party §8> §b[MVP§c+§b] SillyEbola§f: §rhi im back
15:23:00 [allowed] §9§m-----------------------------
§r§b[MVP§r§c+§r§b] SillyEbola§r§f §r§eentered §r§aThe Catacombs§r§e, §r§eFloor V§r§e!
§r§9§m-----------------------------
15:23:02 [allowed] §7Sending to server mini149M...
15:23:03 [allowed] §8 §r§8 §r§1 §r§3 §r§3 §r§7 §r§8 
15:23:03 [allowed] §aYou are not allowed to use Potion Effects while in Dungeon, therefore all active effects have been paused and stored. They will be restored when you leave Dungeon!
15:23:09 [allowed] §arcerc§r§a is now ready!
15:23:09 [allowed] §bSillyEbola§r§a is now ready!
15:23:09 [allowed] §alongfenownsheat§r§a is now ready!
15:23:09 [allowed] §aYou are playing on profile: §ePear§b (Co-op)
15:23:09 [allowed] §8Profile ID: da202b41-03b4-4acb-b131-26b3b789ffbc
15:23:09 [allowed]  
15:23:09 [allowed] §aStarting in 4 seconds.
15:23:09 [allowed] §aStarting in 3 seconds.
15:23:09 [allowed] §aStarting in 2 seconds.
15:23:09 [allowed] §aStarting in 1 second.
15:23:10 [allowed] §6Your §r§aArcher §r§6stats are doubled because you are the only player using this class!
15:23:10 [allowed] §a[Archer] §r§fExtra Arrow Chance §r§c75%§r§f -> §r§a125%
15:23:10 [allowed] §a[Archer] §r§fArrow Damage §r§c190%§r§f -> §r§a240%
15:23:10 [allowed] §e[NPC] §bMort§f: §rHere, I found this map when I first entered the dungeon.
15:23:12 [allowed] §e[NPC] §bMort§f: §rYou should find it useful if you get lost.
15:23:13 [allowed] §e[NPC] §bMort§f: §rGood luck.
15:23:15 [allowed] §e§lArcher Milestone §r§e❶§r§7: You have dealt §r§c350,000§r§7 Ranged Damage so far! §r§a05s
15:23:16 [allowed] §e§lArcher Milestone §r§e❷§r§7: You have dealt §r§c1,750,000§r§7 Ranged Damage so far! §r§a06s
15:23:16 [allowed] §a§l+5 Kill Combo §r§b+1% §r§b✯ Magic Find
15:23:16 [allowed] §eYour bone plating reduced the damage you took by §r§c2,156.6§r§e!
15:23:18 [allowed] §b[MVP§r§c+§r§b] SillyEbola§r§f §r§ehas obtained §r§a§r§6§r§8Wither Key§r§e!
15:23:18 [allowed] §e§lRIGHT CLICK §r§7on §r§7a §r§8WITHER §r§7door§r§7 to open it. This key can only be used to open §r§a1§r§7 door!
15:23:18 [allowed] §b[MVP§r§c+§r§b] SillyEbola§r§f §r§ehas obtained §r§a§r§dBlessing of Wisdom§r§e!
15:23:18 [allowed] §6§lDUNGEON BUFF! §r§bSillyEbola §r§ffound a §r§dBlessing of Wisdom V§r§f! (§r§a08s§r§f)
15:23:18 [allowed]      §r§7Granted you §r§a§r§a+24.5§r§7 & §r§a+1.12x §r§b✎ Intelligence §r§7and §r§a+24 §r§f✦ Speed§r§7.
15:23:18 [allowed] §b[MVP§r§c+§r§b] SillyEbola§r§f §r§ehas obtained §r§a§r§9Superboom TNT§r§e!
15:23:20 [allowed] §a§r§bSillyEbola§r§a opened a §r§8§lWITHER §r§adoor!
15:23:25 [allowed] §a§l+10 Kill Combo §r§8+§r§62 §r§7coins per kill
15:23:25 [allowed] §cThere are blocks in the way!
15:23:29 [allowed] §b[MVP§r§c+§r§b] SillyEbola§r§f §r§ehas obtained §r§a§r§6§r§8Wither Key§r§e!
15:23:29 [allowed] §e§lRIGHT CLICK §r§7on §r§7a §r§8WITHER §r§7door§r§7 to open it. This key can only be used to open §r§a1§r§7 door!
15:23:29 [allowed] §b[MVP§r§c+§r§b] SillyEbola§r§f §r§ehas obtained §r§a§r§6Revive Stone§r§e!
15:23:31 [allowed] §6Rapid Fire§r§a is ready to use! Press §r§6§lDROP§r§a to activate it!
15:23:32 [allowed] §a§r§alongfenownsheat§r§a opened a §r§8§lWITHER §r§adoor!
15:23:32 [allowed] §cYour Kill Combo has expired! You reached a 14 Kill Combo!
15:23:33 [allowed] §eYour bone plating reduced the damage you took by §r§c2,156.6§r§e!
15:23:42 [allowed] §a§l+5 Kill Combo §r§b+1% §r§b✯ Magic Find
15:23:42 [allowed] §e§lArcher Milestone §r§e❸§r§7: You have dealt §r§c7,000,000§r§7 Ranged Damage so far! §r§a32s
15:23:43 [allowed] §a§l+10 Kill Combo §r§8+§r§62 §r§7coins per kill
15:23:43 [allowed] §9§l+15 Kill Combo §r§b+1% §r§b✯ Magic Find
15:23:43 [allowed] §b[MVP§r§c+§r§b] SillyEbola§r§f §r§ehas obtained §r§a§r§9Superboom TNT§r§e!
15:23:43 [allowed] §b[MVP§r§c+§r§b] SillyEbola§r§f §r§ehas obtained §r§a§r§6§r§8Wither Key§r§e!
15:23:43 [allowed] §e§lRIGHT CLICK §r§7on §r§7a §r§8WITHER §r§7door§r§7 to open it. This key can only be used to open §r§a1§r§7 door!
15:23:46 [allowed] §cYour Kill Combo has expired! You reached a 17 Kill Combo!
15:23:47 [allowed] §a§r§bSillyEbola§r§a opened a §r§8§lWITHER §r§adoor!
15:23:49 [allowed] §eYour bone plating reduced the damage you took by §r§c2,156.6§r§e!
15:23:55 [allowed] §b[MVP§r§c+§r§b] SillyEbola§r§f §r§ehas obtained §r§a§r§6§r§8Wither Key§r§e!
15:23:55 [allowed] §e§lRIGHT CLICK §r§7on §r§7a §r§8WITHER §r§7door§r§7 to open it. This key can only be used to open §r§a1§r§7 door!
15:23:55 [allowed] §b[MVP§r§c+§r§b] SillyEbola§r§f §r§ehas obtained §r§a§r§6Revive Stone§r§e!
15:23:55 [allowed] §cThere are blocks in the way!
15:23:56 [allowed] §a§r§bSillyEbola§r§a opened a §r§8§lWITHER §r§adoor!
15:24:00 [allowed] §cThere are blocks in the way!
15:24:00 [allowed] §7Your Implosion hit §r§c3 §r§7enemies for §r§c3,419,896.3 §r§7damage.
15:24:01 [allowed] §cThere are blocks in the way!
15:24:01 [allowed] §6Rapid Fire§r§a is ready to use! Press §r§6§lDROP§r§a to activate it!
15:24:01 [allowed] §cThere are blocks in the way!
15:24:01 [allowed] §9Party §8> §a[VIP] rcerc §7♲§f: §rwait is the the general medalion room
15:24:02 [allowed] §a§l+5 Kill Combo §r§b+1% §r§b✯ Magic Find
15:24:02 [allowed] §7Your Implosion hit §r§c2 §r§7enemies for §r§c2,772,973.8 §r§7damage.
15:24:04 [allowed] §cThere are blocks in the way!
15:24:04 [allowed] §7Your Implosion hit §r§c1 §r§7enemy for §r§c248,543.3 §r§7damage.
15:24:04 [allowed] §eYour bone plating reduced the damage you took by §r§c1,622.5§r§e!
15:24:04 [allowed] §a[VIP§r§6+§r§a] longfenownsheat§r§f §r§ehas obtained §r§a§r§9Superboom TNT §r§8x2§r§e!
15:24:04 [allowed] §a[VIP§r§6+§r§a] longfenownsheat§r§f §r§ehas obtained §r§a§r§c§r§cBlood Key§r§e!
15:24:04 [allowed] §e§lRIGHT CLICK §r§7on §r§7the §r§cBLOOD DOOR§r§7 to open it. This key can only be used to open §r§a1§r§7 door!
15:24:04 [allowed] §a[VIP§r§6+§r§a] longfenownsheat§r§f §r§ehas obtained §r§a§r§dBlessing of Wisdom§r§e!
15:24:04 [allowed] §6§lDUNGEON BUFF! §r§fYou found a §r§dBlessing of Wisdom V§r§f! (§r§a54s§r§f)
15:24:04 [allowed]      §r§7Granted you §r§a§r§a+24.5§r§7 & §r§a+1.12x §r§b✎ Intelligence §r§7and §r§a+24 §r§f✦ Speed§r§7.
15:24:06 [allowed] §cThere are blocks in the way!
15:24:06 [allowed]  
15:24:07 [allowed] §9Party §8> §a[VIP] rcerc §7♲§f: §rthat the one
15:24:08 [allowed] §cThere are blocks in the way!
15:24:08 [allowed] §cThe §r§c§lBLOOD DOOR§r§c has been opened!
15:24:08 [allowed] §5A shiver runs down your spine...
15:24:08 [allowed] §c[BOSS] The Watcher§r§f: I'm starting to get tired of seeing you around here...
15:24:08 [allowed] §cYour Kill Combo has expired! You reached a 6 Kill Combo!
15:24:11 [allowed] §9Party §8> §a[VIP] rcerc §7♲§f: §ris it
15:24:12 [allowed] §c[BOSS] The Watcher§r§f: This time I've imbued my minions with special properties!
15:24:12 [allowed] §a§l+5 Kill Combo §r§b+1% §r§b✯ Magic Find
15:24:16 [allowed] §c[BOSS] The Watcher§r§f: These will be stubborn and unwilling to change!
15:24:18 [allowed] §bSillyEbola §r§ffound a §r§dWither Essence§r§f! Everyone gains an extra essence!
15:24:19 [allowed] §cYour Kill Combo has expired! You reached a 7 Kill Combo!
15:24:19 [allowed] §eYour bone plating reduced the damage you took by §r§c2,137.9§r§e!
15:24:24 [allowed] §c[BOSS] The Watcher§r§f: Hmmm... this one!
15:24:28 [allowed] §c[BOSS] The Watcher§r§f: Go and live again!
15:24:31 [allowed] §6Rapid Fire§r§a is ready to use! Press §r§6§lDROP§r§a to activate it!
15:24:31 [allowed] §c[BOSS] The Watcher§r§f: Let's see how you can handle this.
15:24:31 [allowed] §e§lArcher Milestone §r§e❹§r§7: You have dealt §r§c17,500,000§r§7 Ranged Damage so far! §r§a01m 21s
15:24:32 [allowed] §c[BOSS] Scarf§r§f: If I had spent more time studying and less time watching anime, maybe mother would be here with me!
15:24:34 [allowed] §c[BOSS] The Watcher§r§f: Aw, I liked that one.
15:24:39 [allowed] §bSillyEbola §r§ffound a §r§dWither Essence§r§f! Everyone gains an extra essence!
15:24:40 [allowed] §c[BOSS] The Watcher§r§f: Very nice.
15:24:45 [allowed] §c[BOSS] The Watcher§r§f: Go, fight!
15:24:48 [allowed] §aYou can no longer consume or splash any potions during the remainder of this Dungeon run!
15:24:48 [allowed] §c[BOSS] The Watcher§r§f: You'll do.
15:24:49 [allowed] §a§l+5 Kill Combo §r§b+1% §r§b✯ Magic Find
15:24:51 [allowed] §c[BOSS] The Watcher§r§f: That one was weak anyway.
15:24:54 [allowed] §c[BOSS] The Watcher§r§f: I'm impressed.
15:24:56 [allowed] §c[BOSS] The Watcher§r§f: This guy looks like a fighter.
15:24:56 [allowed] §eYour bone plating reduced the damage you took by §r§c2,221.4§r§e!
15:24:59 [allowed] §c[BOSS] The Watcher§r§f: Aw, I liked that one.
15:25:01 [allowed] §c[BOSS] The Watcher§r§f: Very nice.
15:25:01 [allowed] §6Rapid Fire§r§a is ready to use! Press §r§6§lDROP§r§a to activate it!
15:25:06 [allowed]  
15:25:08 [allowed] §a§l+10 Kill Combo §r§8+§r§62 §r§7coins per kill
15:25:11 [allowed] §c[BOSS] The Watcher§r§f: You'll do.
15:25:12 [allowed] §cYour Kill Combo has expired! You reached a 10 Kill Combo!
15:25:17 [allowed] §c[BOSS] The Watcher§r§f: You'll do.
15:25:20 [allowed] §c[BOSS] The Watcher§r§f: That one was weak anyway.
15:25:23 [allowed] §eYour bone plating reduced the damage you took by §r§c2,202§r§e!
15:25:25 [allowed] §c[BOSS] The Watcher§r§f: That will be enough for now.
15:25:26 [allowed] §a§l+5 Kill Combo §r§b+1% §r§b✯ Magic Find
15:25:26 [allowed] §c[BOSS] The Watcher§r§f: You have proven yourself. You may pass.
15:25:28 [allowed] §c ☠ §r§7§r§arcerc§r§7 was killed by Skeletor§r§7 and became a ghost§r§7.
15:25:31 [allowed] §6Rapid Fire§r§a is ready to use! Press §r§6§lDROP§r§a to activate it!
15:25:32 [allowed] §cYour Kill Combo has expired! You reached a 7 Kill Combo!
15:25:39 [allowed] §a[VIP§r§6+§r§a] longfenownsheat§r§f §r§ehas obtained §r§a§r§dBlessing of Power§r§e!
15:25:39 [allowed] §6§lDUNGEON BUFF! §r§fYou found a §r§dBlessing of Power V§r§f! (§r§a02m 28s§r§f)
15:25:39 [allowed]      §r§7Granted you §r§a§r§a+24.5§r§7 & §r§a+1.12x §r§c❁ Strength§r§7.
15:25:39 [allowed]      §r§7Also granted you §r§a§r§a+24.5§r§7 & §r§a+1.12x §r§9☠ Crit Damage§r§7.
15:25:40 [allowed] §a[VIP§r§6+§r§a] longfenownsheat§r§f §r§ehas obtained §r§a§r§dBlessing of Life§r§e!
15:25:40 [allowed] §6§lDUNGEON BUFF! §r§fYou found a §r§dBlessing of Life V§r§f! (§r§a02m 30s§r§f)
15:25:40 [allowed]      §r§7Granted you §r§a§r§a+1.18x HP §r§7and §r§a§r§a+1.18x §r§c❣ Health Regen§r§7.
15:25:51 [allowed] §a§l+5 Kill Combo §r§b+1% §r§b✯ Magic Find
15:25:52 [allowed] §eYour bone plating reduced the damage you took by §r§c2,456.1§r§e!
15:25:54 [allowed] §9Party §8> §b[MVP§c+§b] SillyEbola§f: §ri got the trap room
15:25:56 [allowed] §a ❣ §r§7§r§arcerc§r§a was revived by §r§dSynestra the Fairy§r§a!
15:26:02 [allowed] §6Rapid Fire§r§a is ready to use! Press §r§6§lDROP§r§a to activate it!
15:26:02 [allowed] §cYour Kill Combo has expired! You reached a 6 Kill Combo!
15:26:07 [allowed]  
15:26:08 [allowed] §eYour bone plating reduced the damage you took by §r§c2,456.1§r§e!
15:26:08 [allowed] §a§l+5 Kill Combo §r§b+1% §r§b✯ Magic Find
15:26:16 [allowed] §cYour Kill Combo has expired! You reached a 8 Kill Combo!
15:26:30 [allowed] §6§lDUNGEON BUFF! §r§bSillyEbola §r§ffound a §r§dBlessing of Life II§r§f!
15:26:30 [allowed]      §r§7Granted you §r§a§r§a+1.07x HP §r§7and §r§a§r§a+1.07x §r§c❣ Health Regen§r§7.
15:26:32 [allowed] §6Rapid Fire§r§a is ready to use! Press §r§6§lDROP§r§a to activate it!
15:26:35 [allowed] §cThe Arrow Trap hit you for 4,441 damage!
15:26:35 [allowed] §eYour bone plating reduced the damage you took by §r§c1,558.7§r§e!
15:26:37 [allowed] §cThere are blocks in the way!
15:26:47 [allowed] §6§lDUNGEON BUFF! §r§fYou found a §r§dBlessing of Life II§r§f!
15:26:47 [allowed]      §r§7Granted you §r§a§r§a+1.07x HP §r§7and §r§a§r§a+1.07x §r§c❣ Health Regen§r§7.
15:26:51 [allowed] §eA §r§a§r§dBlessing of Stone§r§e was picked up!
15:26:51 [allowed] §6§lDUNGEON BUFF! §r§fA §r§dBlessing of Stone V§r§f was found! (§r§a03m 41s§r§f)
15:26:51 [allowed]      §r§7Granted you §r§a§r§a+24.5§r§7 & §r§a+1.12x §r§a❈ Defense §r§7and §r§a+36 §r§c❁ Damage§r§7.
15:26:54 [allowed] §6§lDUNGEON BUFF! §r§bSillyEbola §r§ffound a §r§dBlessing of Wisdom I§r§f!
15:26:54 [allowed]      §r§7Granted you §r§a§r§a+4.9§r§7 & §r§a+1.02x §r§b✎ Intelligence §r§7and §r§a+4.8 §r§f✦ Speed§r§7.
15:27:02 [allowed] §6Rapid Fire§r§a is ready to use! Press §r§6§lDROP§r§a to activate it!
15:27:07 [allowed]  
15:27:13 [allowed] §bSillyEbola §r§ffound a §r§dWither Essence§r§f! Everyone gains an extra essence!
15:27:32 [allowed] §6Rapid Fire§r§a is ready to use! Press §r§6§lDROP§r§a to activate it!
15:28:04 [allowed] §6Rapid Fire§r§a is ready to use! Press §r§6§lDROP§r§a to activate it!
15:28:04 [allowed] §aYou earned §r§e1,136 Event EXP §r§afrom playing SkyBlock!
15:28:09 [allowed]  
15:28:34 [allowed] §6Rapid Fire§r§a is ready to use! Press §r§6§lDROP§r§a to activate it!
15:28:52 [allowed] §6§lDUNGEON BUFF! §r§bSillyEbola §r§ffound a §r§dBlessing of Stone I§r§f!
15:28:52 [allowed]      §r§7Granted you §r§a§r§a+4.9§r§7 & §r§a+1.02x §r§a❈ Defense §r§7and §r§a+7.2 §r§c❁ Damage§r§7.
15:29:04 [allowed] §6Rapid Fire§r§a is ready to use! Press §r§6§lDROP§r§a to activate it!
15:29:09 [allowed]  
15:29:20 [allowed] §9Party §8> §a[VIP] rcerc §7♲§f: §rmilestone 9
15:29:24 [allowed] §6§lESSENCE! §r§bSillyEbola §r§ffound §r§5x10 Spider Essence§r§f!
15:29:34 [allowed] §6Rapid Fire§r§a is ready to use! Press §r§6§lDROP§r§a to activate it!
15:29:49 [allowed] §6§lDUNGEON BUFF! §r§bSillyEbola §r§ffound a §r§dBlessing of Life V§r§f!
15:29:49 [allowed]      §r§7Granted you §r§a§r§a+1.18x HP §r§7and §r§a§r§a+1.18x §r§c❣ Health Regen§r§7.
15:30:04 [allowed] §6Rapid Fire§r§a is ready to use! Press §r§6§lDROP§r§a to activate it!
15:30:09 [allowed]  
15:30:13 [allowed] §a§lPUZZLE SOLVED! §r§bSillyEbola §r§ewasn't fooled by §r§cBenson§r§e! §r§4G§r§co§r§6o§r§ed§r§a §r§2j§r§bo§r§3b§r§5!
15:30:20 [allowed] §b[MVP§r§c+§r§b] SillyEbola§r§f §r§ehas obtained §r§a§r§9Superboom TNT§r§e!
15:30:33 [allowed] §c§lPUZZLE FAIL! §r§bSillyEbola §r§ekilled a Blaze in the wrong order! §r§4Y§r§ci§r§6k§r§ee§r§as§r§2!
15:30:34 [allowed] §6Rapid Fire§r§a is ready to use! Press §r§6§lDROP§r§a to activate it!
15:30:37 [allowed] §9Party §8> §b[MVP§c+§b] SillyEbola§f: §ri hate duplex
15:30:39 [allowed] §9Party §8> §a[VIP§6+§a] longfenownsheat§f: §rdamn
15:30:43 [allowed] §9Party §8> §b[MVP§c+§b] SillyEbola§f: §rjumping off a cliff
15:30:47 [allowed] §cThere are blocks in the way!
15:30:49 [allowed] §9Party §8> §a[VIP] rcerc §7♲§f: §rgo in?
15:30:53 [allowed] §9Party §8> §b[MVP§c+§b] SillyEbola§f: §ryea
15:30:57 [allowed] §cThere are blocks in the way!
15:31:04 [allowed] §cThere are blocks in the way!
15:31:04 [allowed] §cThere are blocks in the way!
15:31:04 [allowed] §eYour bone plating reduced the damage you took by §r§c1,558.7§r§e!
15:31:04 [allowed] §6Rapid Fire§r§a is ready to use! Press §r§6§lDROP§r§a to activate it!
15:31:09 [allowed]  
15:31:26 [allowed] §cThere are blocks in the way!
15:31:30 [allowed] §cThere are blocks in the way!
15:31:31 [allowed] §c[BOSS] Livid§r§f: Welcome, you've arrived right on time. I am Livid, the Master of Shadows.
15:31:34 [allowed] §6Rapid Fire§r§a is ready to use! Press §r§6§lDROP§r§a to activate it!
15:31:35 [allowed] §c[BOSS] Livid§r§f: This Orb you see, is Thorn, or what is left of him.
15:31:38 [allowed] §c[BOSS] Livid§r§f: In a way, I have to thank you for finally getting rid of him.
15:31:41 [allowed] §c[BOSS] Livid§r§f: I can now turn those Spirits into shadows of myself, identical to their creator.
15:31:45 [allowed] §c[BOSS] Livid§r§f: I respect you for making it to here, but I'll be your undoing.
15:31:49 [allowed] §9Party §8> §a[VIP] rcerc §7♲§f: §r[Skyblocker] The livid color is GREEN
15:31:54 [allowed] §eYour bone plating reduced the damage you took by §r§c1,492§r§e!
15:31:58 [allowed] §e§lArcher Milestone §r§e❺§r§7: You have dealt §r§c35,000,000§r§7 Ranged Damage so far! §r§a08m 48s
15:32:01 [allowed] §d[BOSS] Smile Enderman§r§f: Wrong one!
15:32:02 [allowed] §c[BOSS] Doctor Livid§r§f: You look like a real fool right now.
15:32:05 [allowed] §e§lArcher Milestone §r§e❻§r§7: You have dealt §r§c52,500,000§r§7 Ranged Damage so far! §r§a08m 54s
15:32:05 [allowed] §6Rapid Fire§r§a is ready to use! Press §r§6§lDROP§r§a to activate it!
15:32:06 [allowed] §d[BOSS] Hockey Enderman§r§f: Keep looking!
15:32:07 [allowed] §c[BOSS] Frog Livid§r§f: Yikes! Imagine getting that wrong.
15:32:08 [allowed] §d[BOSS] Vendetta Enderman§r§f: I am but a shadow.
15:32:09 [allowed] §eYour bone plating reduced the damage you took by §r§c2,478.2§r§e!
15:32:10 [allowed]  
15:32:10 [allowed] §c[BOSS] Frog Livid§r§f: They couldn't even find the real Livid, psht!
15:32:12 [allowed] §c ☠ §r§7§r§arcerc§r§7 was killed by Livid§r§7 and became a ghost§r§7.
15:32:14 [allowed] §cThis ability is on cooldown for 13s.
15:32:14 [allowed] §d[BOSS] Purple Enderman§r§f: I am but a shadow.
15:32:15 [allowed] §c[BOSS] Hockey Livid§r§f: Yikes! Imagine getting that wrong.
15:32:16 [allowed] §e§lArcher Milestone §r§e❼§r§7: You have dealt §r§c70,000,000§r§7 Ranged Damage so far! §r§a09m 05s
15:32:18 [allowed] §e§lArcher Milestone §r§e❽§r§7: You have dealt §r§c87,500,000§r§7 Ranged Damage so far! §r§a09m 08s
15:32:20 [allowed] §cAn Assassin's §r§8Shadow Explosion§r§7 hit you for §r§c127.5§r§7 damage.
15:32:21 [allowed] §e§lArcher Milestone §r§e❾§r§7: You have dealt §r§c105,000,000§r§7 Ranged Damage so far! §r§a09m 10s
15:32:22 [allowed] §c[BOSS] Frog Livid§r§f: Impossible! How did you figure out which one I was?!
15:32:22 [allowed] §cAn Assassin's §r§8Shadow Explosion§r§7 hit you for §r§c174.4§r§7 damage.
15:32:22 [allowed] §cAn Assassin's §r§8Shadow Explosion§r§7 hit you for §r§c177.1§r§7 damage.
15:32:26 [allowed] §c[BOSS] Frog Livid§r§f: If you think this is the end, you are so wrong!
15:32:30 [allowed] §9Party §8> §a[VIP§6+§a] longfenownsheat§f: §rwhat the helly
15:32:30 [allowed] §c[BOSS] Frog Livid§r§f: My shadows are everywhere, THEY WILL FIND YOU!!
15:32:31 [allowed] §a§l▬▬▬▬▬▬▬▬▬▬▬▬▬▬▬▬▬▬▬▬▬▬▬▬▬▬▬▬▬▬▬▬▬▬▬▬▬▬▬▬▬▬▬▬▬▬▬▬▬▬▬▬▬▬▬▬▬▬▬▬▬▬▬▬
15:32:31 [allowed] §f                         §r§cThe Catacombs §r§8- §r§eFloor V
15:32:31 [allowed] 
15:32:31 [allowed] §f                            §r§fTeam Score: §r§a224 §r§f(§r§eB§r§f)
15:32:31 [allowed] §f                       §r§c☠ §r§eDefeated §r§cLivid §r§ein §r§a09m 21s
15:32:31 [allowed] §f                             §6> §e§lEXTRA STATS §6<
15:32:31 [allowed] §f                     §r§8+§r§36,899.2 Catacombs Experience
15:32:31 [allowed] §f                       §r§8+§r§32,659.3 Archer Experience
15:32:31 [allowed] §f              §r§8+§r§3664.8 Berserk Experience §r§b(Team Bonus)
15:32:31 [allowed] §a§l▬▬▬▬▬▬▬▬▬▬▬▬▬▬▬▬▬▬▬▬▬▬▬▬▬▬▬▬▬▬▬▬▬▬▬▬▬▬▬▬▬▬▬▬▬▬▬▬▬▬▬▬▬▬▬▬▬▬▬▬▬▬▬▬
15:32:32 [allowed] §a§l▬▬▬▬▬▬▬▬▬▬▬▬▬▬▬▬▬▬▬▬▬▬▬▬▬▬▬▬▬▬▬▬▬▬▬▬▬▬▬▬▬▬▬▬▬▬▬▬▬▬▬▬▬▬▬▬▬▬▬▬▬▬▬▬
15:32:32 [allowed] §f                     §r§cThe Catacombs §r§8- §r§eFloor V Stats
15:32:32 [allowed] 
15:32:32 [allowed] §f                            §r§fTeam Score: §r§a224 §r§f(§r§eB§r§f)
15:32:32 [allowed] §f                       §r§c☠ §r§eDefeated §r§cLivid §r§ein §r§a09m 21s
15:32:32 [allowed] 
15:32:32 [allowed] §f      §r§fTotal Damage as Archer: §r§a121,855,042 §r§d§l(NEW RECORD!)
15:32:32 [allowed] §f                             §r§fAlly Healing: §r§a3,613
15:32:32 [allowed] §f                              §r§fEnemies Killed: §r§a92
15:32:32 [allowed] §f                                   §r§fDeaths: §r§c0
15:32:32 [allowed] §f                              §r§fSecrets Found: §r§b2
15:32:32 [allowed] 
15:32:32 [allowed] §a§l▬▬▬▬▬▬▬▬▬▬▬▬▬▬▬▬▬▬▬▬▬▬▬▬▬▬▬▬▬▬▬▬▬▬▬▬▬▬▬▬▬▬▬▬▬▬▬▬▬▬▬▬▬▬▬▬▬▬▬▬▬▬▬▬
15:32:32 [allowed] §a§l▬▬▬▬▬▬▬▬▬▬▬▬▬▬▬▬▬▬▬▬▬▬▬▬▬▬▬▬▬▬▬▬▬▬▬▬▬▬▬▬▬▬▬▬▬▬▬▬▬▬▬▬▬▬▬▬▬▬▬▬▬▬▬▬
15:32:32 [allowed] §f                     §r§cThe Catacombs §r§8- §r§eFloor V Stats
15:32:32 [allowed] 
15:32:32 [allowed] §f                            §r§fTeam Score: §r§a224 §r§f(§r§eB§r§f)
15:32:32 [allowed] §f                       §r§c☠ §r§eDefeated §r§cLivid §r§ein §r§a09m 21s
15:32:32 [allowed] 
15:32:32 [allowed] §f      §r§fTotal Damage as Archer: §r§a121,855,042 §r§d§l(NEW RECORD!)
15:32:32 [allowed] §f                             §r§fAlly Healing: §r§a3,613
15:32:32 [allowed] §f                              §r§fEnemies Killed: §r§a92
15:32:32 [allowed] §f                                   §r§fDeaths: §r§c0
15:32:32 [allowed] §f                              §r§fSecrets Found: §r§b2
15:32:32 [allowed] 
15:32:32 [allowed] §a§l▬▬▬▬▬▬▬▬▬▬▬▬▬▬▬▬▬▬▬▬▬▬▬▬▬▬▬▬▬▬▬▬▬▬▬▬▬▬▬▬▬▬▬▬▬▬▬▬▬▬▬▬▬▬▬▬▬▬▬▬▬▬▬▬
15:32:35 [allowed] §6Rapid Fire§r§a is ready to use! Press §r§6§lDROP§r§a to activate it!
15:32:40 [allowed] §9Party §8> §a[VIP] rcerc §7♲§f: §r3.3k xp
15:32:42 [allowed] §b[MVP§r§c+§r§b] SillyEbola§r§f §r§eunlocked §r§dWither Essence §r§8x13§r§e!
15:32:43 [allowed] §b[MVP§r§c+§r§b] SillyEbola§r§f §r§eunlocked §r§dUndead Essence §r§8x17§r§e!
15:32:51 [allowed] §9Party §8> §b[MVP§c+§b] SillyEbola§f: §r1 more?
15:32:55 [allowed] §9Party §8> §b[MVP§c+§b] SillyEbola§f: §ror how many more
15:32:55 [allowed] 
15:32:55 [allowed]   §r§f§lWOOD CHEST REWARDS
15:32:55 [allowed]     §r§aEnchanted Book (Feather Falling VI§r§a)
15:32:55 [allowed]     §r§dUndead Essence §r§8x17
15:32:55 [allowed]     §r§dWither Essence §r§8x14
15:32:55 [allowed] 
15:33:05 [allowed] §6Rapid Fire§r§a is ready to use! Press §r§6§lDROP§r§a to activate it!
15:33:05 [allowed] §aYou earned §r§e672 Event EXP §r§afrom playing SkyBlock!
15:33:06 [allowed] §9Party §8> §a[VIP] rcerc §7♲§f: §r1 more if death mites
15:33:09 [allowed] §9Party §8> §a[VIP] rcerc §7♲§f: §r2 if not
15:33:10 [allowed]  
15:33:10 [allowed] §9Party §8> §b[MVP§c+§b] SillyEbola§f: §rok
15:33:10 [allowed] §9Party §8> §a[VIP§6+§a] longfenownsheat§f: §ri forgot to add my mod brb lemme add it and launch lol
15:33:11 [allowed] §a[VIP§r§6+§r§a] longfenownsheat§r§f §r§eunlocked §r§dWither Essence §r§8x14§r§e!
15:33:11 [allowed] §a[VIP§r§6+§r§a] longfenownsheat§r§f §r§eunlocked §r§dUndead Essence §r§8x17§r§e!
15:33:14 [allowed] §9Party §8> §b[MVP§c+§b] SillyEbola§f: §rok
