15:13:45 [STASH_COMPACT] §f                §7You have §31,785 §7materials stashed away!
15:13:45 [STASH_COMPACT] §f               §8(This totals 1 type of material stashed!)
15:13:45 [STASH_COMPACT] §f                §3§l>>> §3§lCLICK HERE§b to pick them up! §3§l<<<
15:13:45 [STASH_COMPACT]   
15:14:46 [STASH_COMPACT] §f                §7You have §31,785 §7materials stashed away!
15:14:46 [STASH_COMPACT] §f               §8(This totals 1 type of material stashed!)
15:14:46 [STASH_COMPACT] §f                §3§l>>> §3§lCLICK HERE§b to pick them up! §3§l<<<
15:14:46 [STASH_COMPACT]   
15:15:46 [STASH_COMPACT] §f                §7You have §31,785 §7materials stashed away!
15:15:46 [STASH_COMPACT] §f               §8(This totals 1 type of material stashed!)
15:15:46 [STASH_COMPACT] §f                §3§l>>> §3§lCLICK HERE§b to pick them up! §3§l<<<
15:15:46 [STASH_COMPACT]   
15:16:46 [STASH_COMPACT] §f                §7You have §31,785 §7materials stashed away!
15:16:46 [STASH_COMPACT] §f               §8(This totals 1 type of material stashed!)
15:16:46 [STASH_COMPACT] §f                §3§l>>> §3§lCLICK HERE§b to pick them up! §3§l<<<
15:16:46 [STASH_COMPACT]   
15:17:50 [STASH_COMPACT] §f                §7You have §31,785 §7materials stashed away!
15:17:50 [STASH_COMPACT] §f               §8(This totals 1 type of material stashed!)
15:17:50 [STASH_COMPACT] §f                §3§l>>> §3§lCLICK HERE§b to pick them up! §3§l<<<
15:17:50 [STASH_COMPACT]   
15:18:51 [STASH_COMPACT] §f                §7You have §31,785 §7materials stashed away!
15:18:51 [STASH_COMPACT] §f               §8(This totals 1 type of material stashed!)
15:18:51 [STASH_COMPACT] §f                §3§l>>> §3§lCLICK HERE§b to pick them up! §3§l<<<
15:18:51 [STASH_COMPACT]   
15:19:52 [STASH_COMPACT] §f                §7You have §31,785 §7materials stashed away!
15:19:52 [STASH_COMPACT] §f               §8(This totals 1 type of material stashed!)
15:19:52 [STASH_COMPACT] §f                §3§l>>> §3§lCLICK HERE§b to pick them up! §3§l<<<
15:19:52 [STASH_COMPACT]   
15:20:53 [STASH_COMPACT] §f                §7You have §31,785 §7materials stashed away!
15:20:53 [STASH_COMPACT] §f               §8(This totals 1 type of material stashed!)
15:20:53 [STASH_COMPACT] §f                §3§l>>> §3§lCLICK HERE§b to pick them up! §3§l<<<
15:20:53 [STASH_COMPACT]   
15:21:54 [STASH_COMPACT] §f                §7You have §31,785 §7materials stashed away!
15:21:54 [STASH_COMPACT] §f               §8(This totals 1 type of material stashed!)
15:21:54 [STASH_COMPACT] §f                §3§l>>> §3§lCLICK HERE§b to pick them up! §3§l<<<
15:21:54 [STASH_COMPACT]   
15:23:09 [STASH_COMPACT] §f                §7You have §31,785 §7materials stashed away!
15:23:09 [STASH_COMPACT] §f               §8(This totals 1 type of material stashed!)
15:23:09 [STASH_COMPACT] §f                §3§l>>> §3§lCLICK HERE§b to pick them up! §3§l<<<
15:23:09 [STASH_COMPACT]   
15:24:06 [STASH_COMPACT] §f                §7You have §31,785 §7materials stashed away!
15:24:06 [STASH_COMPACT] §f               §8(This totals 1 type of material stashed!)
15:24:06 [STASH_COMPACT] §f                §3§l>>> §3§lCLICK HERE§b to pick them up! §3§l<<<
15:24:06 [STASH_COMPACT]   
15:24:48 [COMPACT_POTION_EFFECT] §a§lBUFF! §fYou have gained §r§4Regeneration IV§r§f! Press TAB or type /effects to view your active effects!
15:24:48 [COMPACT_POTION_EFFECT] §a§lBUFF! §fYou have gained §r§4Strength V§r§f! Press TAB or type /effects to view your active effects!
15:24:48 [COMPACT_POTION_EFFECT] §a§lBUFF! §fYou have gained §r§4Critical III§r§f! Press TAB or type /effects to view your active effects!
15:24:48 [COMPACT_POTION_EFFECT] §a§lBUFF! §fYou have gained §r§9Speed III§r§f! Press TAB or type /effects to view your active effects!
15:24:48 [COMPACT_POTION_EFFECT] §a§lBUFF! §fYou have gained §r§aResistance V§r§f! Press TAB or type /effects to view your active effects!
15:24:48 [COMPACT_POTION_EFFECT] §a§lBUFF! §fYou have gained §r§bArchery III§r§f! Press TAB or type /effects to view your active effects!
15:25:06 [STASH_COMPACT] §f                §7You have §31,785 §7materials stashed away!
15:25:06 [STASH_COMPACT] §f               §8(This totals 1 type of material stashed!)
15:25:06 [STASH_COMPACT] §f                §3§l>>> §3§lCLICK HERE§b to pick them up! §3§l<<<
15:25:06 [STASH_COMPACT]   
15:26:07 [STASH_COMPACT] §f                §7You have §31,785 §7materials stashed away!
15:26:07 [STASH_COMPACT] §f               §8(This totals 1 type of material stashed!)
15:26:07 [STASH_COMPACT] §f                §3§l>>> §3§lCLICK HERE§b to pick them up! §3§l<<<
15:26:07 [STASH_COMPACT]   
15:27:07 [STASH_COMPACT] §f                §7You have §31,785 §7materials stashed away!
15:27:07 [STASH_COMPACT] §f               §8(This totals 1 type of material stashed!)
15:27:07 [STASH_COMPACT] §f                §3§l>>> §3§lCLICK HERE§b to pick them up! §3§l<<<
15:27:07 [STASH_COMPACT]   
15:28:09 [STASH_COMPACT] §f                §7You have §31,785 §7materials stashed away!
15:28:09 [STASH_COMPACT] §f               §8(This totals 1 type of material stashed!)
15:28:09 [STASH_COMPACT] §f                §3§l>>> §3§lCLICK HERE§b to pick them up! §3§l<<<
15:28:09 [STASH_COMPACT]   
15:29:09 [STASH_COMPACT] §f                §7You have §31,785 §7materials stashed away!
15:29:09 [STASH_COMPACT] §f               §8(This totals 1 type of material stashed!)
15:29:09 [STASH_COMPACT] §f                §3§l>>> §3§lCLICK HERE§b to pick them up! §3§l<<<
15:29:09 [STASH_COMPACT]   
15:30:09 [STASH_COMPACT] §f                §7You have §31,785 §7materials stashed away!
15:30:09 [STASH_COMPACT] §f               §8(This totals 1 type of material stashed!)
15:30:09 [STASH_COMPACT] §f                §3§l>>> §3§lCLICK HERE§b to pick them up! §3§l<<<
15:30:09 [STASH_COMPACT]   
15:31:09 [STASH_COMPACT] §f                §7You have §31,785 §7materials stashed away!
15:31:09 [STASH_COMPACT] §f               §8(This totals 1 type of material stashed!)
15:31:09 [STASH_COMPACT] §f                §3§l>>> §3§lCLICK HERE§b to pick them up! §3§l<<<
15:31:09 [STASH_COMPACT]   
15:32:10 [STASH_COMPACT] §f                §7You have §31,785 §7materials stashed away!
15:32:10 [STASH_COMPACT] §f               §8(This totals 1 type of material stashed!)
15:32:10 [STASH_COMPACT] §f                §3§l>>> §3§lCLICK HERE§b to pick them up! §3§l<<<
15:32:10 [STASH_COMPACT]   
15:33:10 [STASH_COMPACT] §f                §7You have §31,785 §7materials stashed away!
15:33:10 [STASH_COMPACT] §f               §8(This totals 1 type of material stashed!)
15:33:10 [STASH_COMPACT] §f                §3§l>>> §3§lCLICK HERE§b to pick them up! §3§l<<<
15:33:10 [STASH_COMPACT]   
