21:47:12 §e[SkyHanni] Reloaded 7531 items in the NEU repo§r
21:49:16 §e[SkyHanni] §eYou have §61 §eitem in stash. §eClick to §6pickup §eyour stash!§r
21:49:16 §e[SkyHanni] §bYou have §31.7k §bmaterials in stash, §btotalling §31 type§b. §bClick to §3pickup §byour stash!§r
21:50:05 §e[SkyHanni] §eYou have §61 §eitem in stash. §eClick to §6pickup §eyour stash!§r
21:50:05 §e[SkyHanni] §bYou have §31.7k §bmaterials in stash, §btotalling §31 type§b. §bClick to §3pickup §byour stash!§r
21:53:41 §e[SkyHanni] §eYou have §61 §eitem in stash. §eClick to §6pickup §eyour stash!§r
21:53:41 §e[SkyHanni] §bYou have §31.7k §bmaterials in stash, §btotalling §31 type§b. §bClick to §3pickup §byour stash!§r
21:55:11 §e[SkyHanni] §eYou have §61 §eitem in stash. §eClick to §6pickup §eyour stash!§r
21:55:11 §e[SkyHanni] §bYou have §31.7k §bmaterials in stash, §btotalling §31 type§b. §bClick to §3pickup §byour stash!§r
21:59:35 §a§lPotion Effect! §r§4Regeneration IV§r
21:59:35 §a§lPotion Effect! §r§4Strength V§r
21:59:35 §a§lPotion Effect! §r§4Critical III§r
21:59:35 §a§lPotion Effect! §r§9Speed III§r
21:59:35 §a§lPotion Effect! §r§aResistance V§r
21:59:35 §a§lPotion Effect! §r§bArchery III§r
22:10:23 §e[SkyHanni] §eYou have §61 §eitem in stash. §eClick to §6pickup §eyour stash!§r
22:10:23 §e[SkyHanni] §bYou have §31.7k §bmaterials in stash, §btotalling §31 type§b. §bClick to §3pickup §byour stash!§r
22:11:19 §e[SkyHanni] §eYou have §62 §eitems in stash. §eClick to §6pickup §eyour stash!§r
22:11:19 §e[SkyHanni] §bYou have §31.7k §bmaterials in stash, §btotalling §31 type§b. §bClick to §3pickup §byour stash!§r
22:11:24 §a§lPotion Effect! §r§4Regeneration IV§r
22:11:24 §a§lPotion Effect! §r§4Strength V§r
22:11:24 §a§lPotion Effect! §r§4Critical III§r
22:11:24 §a§lPotion Effect! §r§9Speed III§r
22:11:24 §a§lPotion Effect! §r§aResistance V§r
22:11:24 §a§lPotion Effect! §r§bArchery III§r
22:25:49 §e[SkyHanni] §eYou have §62 §eitems in stash. §eClick to §6pickup §eyour stash!§r
22:25:49 §e[SkyHanni] §bYou have §31.7k §bmaterials in stash, §btotalling §31 type§b. §bClick to §3pickup §byour stash!§r
22:28:58 §e[SkyHanni] §eYou have §62 §eitems in stash. §eClick to §6pickup §eyour stash!§r
22:28:58 §e[SkyHanni] §bYou have §31.7k §bmaterials in stash, §btotalling §31 type§b. §bClick to §3pickup §byour stash!§r
22:29:07 §a§lPotion Effect! §r§4Regeneration IV§r
22:29:07 §a§lPotion Effect! §r§4Strength V§r
22:29:07 §a§lPotion Effect! §r§4Critical III§r
22:29:07 §a§lPotion Effect! §r§9Speed III§r
22:29:07 §a§lPotion Effect! §r§aResistance V§r
22:29:07 §a§lPotion Effect! §r§bArchery III§r
22:41:50 §e[SkyHanni] §b+4 SkyBlock XP §7(Class Level Up§7)§b (76/100)§r
22:43:11 §e[SkyHanni] §eYou have §63 §eitems in stash. §eClick to §6pickup §eyour stash!§r
22:43:11 §e[SkyHanni] §bYou have §31.7k §bmaterials in stash, §btotalling §31 type§b. §bClick to §3pickup §byour stash!§r
22:44:03 §e[SkyHanni] §eYou have §63 §eitems in stash. §eClick to §6pickup §eyour stash!§r
22:44:03 §e[SkyHanni] §bYou have §31.7k §bmaterials in stash, §btotalling §31 type§b. §bClick to §3pickup §byour stash!§r
22:44:13 §a§lPotion Effect! §r§4Regeneration IV§r
22:44:13 §a§lPotion Effect! §r§4Strength V§r
22:44:13 §a§lPotion Effect! §r§4Critical III§r
22:44:13 §a§lPotion Effect! §r§9Speed III§r
22:44:13 §a§lPotion Effect! §r§aResistance V§r
22:44:13 §a§lPotion Effect! §r§bArchery III§r
22:56:58 §e[SkyHanni] §eYou have §63 §eitems in stash. §eClick to §6pickup §eyour stash!§r
22:56:58 §e[SkyHanni] §bYou have §31.7k §bmaterials in stash, §btotalling §31 type§b. §bClick to §3pickup §byour stash!§r
22:58:26 §e[SkyHanni] §eYou have §63 §eitems in stash. §eClick to §6pickup §eyour stash!§r
22:58:26 §e[SkyHanni] §bYou have §31.7k §bmaterials in stash, §btotalling §31 type§b. §bClick to §3pickup §byour stash!§r
22:58:48 §a§lPotion Effect! §r§4Regeneration IV§r
22:58:48 §a§lPotion Effect! §r§4Strength IV§r
22:58:48 §a§lPotion Effect! §r§4Critical III§r
22:58:48 §a§lPotion Effect! §r§9Speed IV§r
22:58:48 §a§lPotion Effect! §r§aResistance IV§r
22:58:48 §a§lPotion Effect! §r§bArchery III§r
23:05:07 §6§lBESTIARY §r§b§lWither Guard §7§8XX §8➡§b §bXXI§r
23:13:32 §e[SkyHanni] §eYou have §63 §eitems in stash. §eClick to §6pickup §eyour stash!§r
23:13:32 §e[SkyHanni] §bYou have §31.7k §bmaterials in stash, §btotalling §31 type§b. §bClick to §3pickup §byour stash!§r
23:26:56 §e[SkyHanni] §eYou have §63 §eitems in stash. §eClick to §6pickup §eyour stash!§r
23:26:56 §e[SkyHanni] §bYou have §31.7k §bmaterials in stash, §btotalling §31 type§b. §bClick to §3pickup §byour stash!§r
23:28:23 §e[SkyHanni] §eYou have §63 §eitems in stash. §eClick to §6pickup §eyour stash!§r
23:28:23 §e[SkyHanni] §bYou have §31.7k §bmaterials in stash, §btotalling §31 type§b. §bClick to §3pickup §byour stash!§r
23:28:28 §a§lPotion Effect! §r§4Regeneration IV§r
23:28:28 §a§lPotion Effect! §r§4Strength V§r
23:28:28 §a§lPotion Effect! §r§4Critical III§r
23:28:28 §a§lPotion Effect! §r§9Speed III§r
23:28:28 §a§lPotion Effect! §r§aResistance V§r
23:28:28 §a§lPotion Effect! §r§bArchery III§r
23:43:07 §e[SkyHanni] §eYou have §64 §eitems in stash. §eClick to §6pickup §eyour stash!§r
23:43:07 §e[SkyHanni] §bYou have §31.7k §bmaterials in stash, §btotalling §31 type§b. §bClick to §3pickup §byour stash!§r
23:44:49 §e[SkyHanni] §eYou have §64 §eitems in stash. §eClick to §6pickup §eyour stash!§r
23:44:49 §e[SkyHanni] §bYou have §31.7k §bmaterials in stash, §btotalling §31 type§b. §bClick to §3pickup §byour stash!§r
23:45:56 §a§lPotion Effect! §r§4Regeneration IV§r
23:45:56 §a§lPotion Effect! §r§4Strength V§r
23:45:56 §a§lPotion Effect! §r§4Critical III§r
23:45:56 §a§lPotion Effect! §r§9Speed III§r
23:45:56 §a§lPotion Effect! §r§aResistance V§r
23:45:56 §a§lPotion Effect! §r§bArchery III§r
23:56:25 §e[SkyHanni] §eYou have §64 §eitems in stash. §eClick to §6pickup §eyour stash!§r
23:56:25 §e[SkyHanni] §bYou have §31.7k §bmaterials in stash, §btotalling §31 type§b. §bClick to §3pickup §byour stash!§r
23:56:40 §e[SkyHanni] §eYou have §64 §eitems in stash. §eClick to §6pickup §eyour stash!§r
23:56:40 §e[SkyHanni] §bYou have §31.7k §bmaterials in stash, §btotalling §31 type§b. §bClick to §3pickup §byour stash!§r
00:07:12 §e[SkyHanni] Open your chocolate factory to see your barn's capacity status!§r
00:07:12 §e[SkyHanni] Click here to share the location of this chocolate egg with the server!§r
00:07:22 §e[SkyHanni] §eYou have §64 §eitems in stash. §eClick to §6pickup §eyour stash!§r
00:07:22 §e[SkyHanni] §bYou have §31.7k §bmaterials in stash, §btotalling §31 type§b. §bClick to §3pickup §byour stash!§r
00:14:46 §e[SkyHanni] §eYou have §64 §eitems in stash. §eClick to §6pickup §eyour stash!§r
00:14:46 §e[SkyHanni] §bYou have §31.7k §bmaterials in stash, §btotalling §31 type§b. §bClick to §3pickup §byour stash!§r
00:29:01 §e[SkyHanni] §eYou have §64 §eitems in stash. §eClick to §6pickup §eyour stash!§r
00:29:01 §e[SkyHanni] §bYou have §31.7k §bmaterials in stash, §btotalling §31 type§b. §bClick to §3pickup §byour stash!§r
00:30:51 §e[SkyHanni] §eYou have §64 §eitems in stash. §eClick to §6pickup §eyour stash!§r
00:30:51 §e[SkyHanni] §bYou have §31.7k §bmaterials in stash, §btotalling §31 type§b. §bClick to §3pickup §byour stash!§r
00:31:40 §e[SkyHanni] §eYou have §65 §eitems in stash. §eClick to §6pickup §eyour stash!§r
00:31:40 §e[SkyHanni] §bYou have §31.7k §bmaterials in stash, §btotalling §32 types§b. §bClick to §3pickup §byour stash!§r
00:32:36 §e[SkyHanni] §eYou have §62 §eitems in stash. §eClick to §6pickup §eyour stash!§r
00:32:36 §e[SkyHanni] §bYou have §31.7k §bmaterials in stash, §btotalling §32 types§b. §bClick to §3pickup §byour stash!§r
00:33:51 §e[SkyHanni] §eYou have §62 §eitems in stash. §eClick to §6pickup §eyour stash!§r
00:33:51 §e[SkyHanni] §bYou have §31.7k §bmaterials in stash, §btotalling §32 types§b. §bClick to §3pickup §byour stash!§r
00:38:43 §e[SkyHanni] §eYou have §62 §eitems in stash. §eClick to §6pickup §eyour stash!§r
00:38:43 §e[SkyHanni] §bYou have §31.7k §bmaterials in stash, §btotalling §32 types§b. §bClick to §3pickup §byour stash!§r
00:38:44 §a§lPotion Effect! §r§4Regeneration IV§r
00:38:44 §a§lPotion Effect! §r§4Strength V§r
00:38:44 §a§lPotion Effect! §r§4Critical III§r
00:38:44 §a§lPotion Effect! §r§9Speed III§r
00:38:44 §a§lPotion Effect! §r§aResistance V§r
00:38:44 §a§lPotion Effect! §r§bArchery III§r
00:45:52 §6§lBESTIARY §r§b§lZombie Knight §7§8XVIII §8➡§b §bXIX§r
00:48:56 §e[SkyHanni] §cExtra Information from Tab list not found! Enable it: SkyBlock Menu ➜ Settings ➜ Personal ➜ User Interface ➜ Player List Info§r
00:48:59 §e[SkyHanni] §cExtra Information from Tab list not found! Enable it: SkyBlock Menu ➜ Settings ➜ Personal ➜ User Interface ➜ Player List Info§r§7 (2)§r
00:49:02 §e[SkyHanni] §cExtra Information from Tab list not found! Enable it: SkyBlock Menu ➜ Settings ➜ Personal ➜ User Interface ➜ Player List Info§r§7 (3)§r
00:49:05 §e[SkyHanni] §cExtra Information from Tab list not found! Enable it: SkyBlock Menu ➜ Settings ➜ Personal ➜ User Interface ➜ Player List Info§r§7 (4)§r
00:49:07 §c[SkyHanni 4.0.0 1.8.9]: Could not find server id§c. Click here to copy the error into the clipboard.§r
00:49:49 §e[SkyHanni] §eYou have §62 §eitems in stash. §eClick to §6pickup §eyour stash!§r
00:49:49 §e[SkyHanni] §bYou have §31.7k §bmaterials in stash, §btotalling §32 types§b. §bClick to §3pickup §byour stash!§r
00:51:33 §e[SkyHanni] Low on arrows §e(100 left)§r
00:52:11 §e[SkyHanni] Low on arrows §e(88 left)§r
00:55:02 §e[SkyHanni] Low on arrows §e(81 left)§r
00:55:43 §e[SkyHanni] Low on arrows §e(72 left)§r
00:56:08 §e[SkyHanni] Low on §9Armorshred Arrow!§r
00:57:08 §e[SkyHanni] §eYou have §62 §eitems in stash. §eClick to §6pickup §eyour stash!§r
00:57:08 §e[SkyHanni] §bYou have §31.7k §bmaterials in stash, §btotalling §32 types§b. §bClick to §3pickup §byour stash!§r
00:59:43 §e[SkyHanni] Low on arrows §e(43 left)§r
01:06:15 §e[SkyHanni] §eYou have §62 §eitems in stash. §eClick to §6pickup §eyour stash!§r
01:06:15 §e[SkyHanni] §bYou have §31.7k §bmaterials in stash, §btotalling §32 types§b. §bClick to §3pickup §byour stash!§r
01:47:05 §e[SkyHanni] §fYou were in Limbo for §e40m 21s§f.§r
01:47:41 §e[SkyHanni] §eYou have §62 §eitems in stash. §eClick to §6pickup §eyour stash!§r
01:47:41 §e[SkyHanni] §bYou have §31.7k §bmaterials in stash, §btotalling §32 types§b. §bClick to §3pickup §byour stash!§r
01:59:23 §e[SkyHanni] §eYou have §62 §eitems in stash. §eClick to §6pickup §eyour stash!§r
01:59:23 §e[SkyHanni] §bYou have §31.7k §bmaterials in stash, §btotalling §32 types§b. §bClick to §3pickup §byour stash!§r
02:16:12 §e[SkyHanni] §eYou have §62 §eitems in stash. §eClick to §6pickup §eyour stash!§r
02:16:12 §e[SkyHanni] §bYou have §31.7k §bmaterials in stash, §btotalling §32 types§b. §bClick to §3pickup §byour stash!§r
02:16:57 §e[SkyHanni] §eYou have §62 §eitems in stash. §eClick to §6pickup §eyour stash!§r
02:16:57 §e[SkyHanni] §bYou have §31.7k §bmaterials in stash, §btotalling §32 types§b. §bClick to §3pickup §byour stash!§r
02:17:37 §e[SkyHanni] You have gained §b250 §eBits.§r
02:19:58 §e[SkyHanni] §eYou have §62 §eitems in stash. §eClick to §6pickup §eyour stash!§r
02:19:58 §e[SkyHanni] §bYou have §31.7k §bmaterials in stash, §btotalling §32 types§b. §bClick to §3pickup §byour stash!§r
02:23:27 §e[SkyHanni] Low on arrows §e(41 left)§r
02:23:34 §e[SkyHanni] §eYou have §62 §eitems in stash. §eClick to §6pickup §eyour stash!§r
02:23:34 §e[SkyHanni] §bYou have §31.7k §bmaterials in stash, §btotalling §32 types§b. §bClick to §3pickup §byour stash!§r
02:24:15 §e[SkyHanni] §eYou have §62 §eitems in stash. §eClick to §6pickup §eyour stash!§r
02:24:15 §e[SkyHanni] §bYou have §31.7k §bmaterials in stash, §btotalling §32 types§b. §bClick to §3pickup §byour stash!§r
02:24:50 §e[SkyHanni] §eYou have §62 §eitems in stash. §eClick to §6pickup §eyour stash!§r
02:24:50 §e[SkyHanni] §bYou have §31.7k §bmaterials in stash, §btotalling §32 types§b. §bClick to §3pickup §byour stash!§r
02:26:58 §a§lPotion Effect! §r§4Regeneration IV§r
02:26:58 §a§lPotion Effect! §r§4Strength V§r
02:26:58 §a§lPotion Effect! §r§4Critical III§r
02:26:58 §a§lPotion Effect! §r§9Speed III§r
02:26:58 §a§lPotion Effect! §r§aResistance V§r
02:26:58 §a§lPotion Effect! §r§bArchery III§r
02:26:59 §e[SkyHanni] §eYou have §62 §eitems in stash. §eClick to §6pickup §eyour stash!§r
02:26:59 §e[SkyHanni] §bYou have §31.7k §bmaterials in stash, §btotalling §32 types§b. §bClick to §3pickup §byour stash!§r
02:28:22 §e[SkyHanni] §eYou have §62 §eitems in stash. §eClick to §6pickup §eyour stash!§r
02:28:23 §e[SkyHanni] §bYou have §31.7k §bmaterials in stash, §btotalling §32 types§b. §bClick to §3pickup §byour stash!§r
02:29:12 §e[SkyHanni] §eYou have §62 §eitems in stash. §eClick to §6pickup §eyour stash!§r
02:29:12 §e[SkyHanni] §bYou have §31.7k §bmaterials in stash, §btotalling §32 types§b. §bClick to §3pickup §byour stash!§r
02:29:17 §a§lPotion Effect! §r§4Regeneration IV§r
02:29:17 §a§lPotion Effect! §r§4Strength V§r
02:29:17 §a§lPotion Effect! §r§4Critical III§r
02:29:17 §a§lPotion Effect! §r§9Speed III§r
02:29:17 §a§lPotion Effect! §r§aResistance V§r
02:29:17 §a§lPotion Effect! §r§bArchery III§r
02:31:06 §6§lBESTIARY §r§b§lUndead §7§8X §8➡§b §bXI§r
02:36:06 §e[SkyHanni] §eYou have §62 §eitems in stash. §eClick to §6pickup §eyour stash!§r
02:36:06 §e[SkyHanni] §bYou have §31.7k §bmaterials in stash, §btotalling §32 types§b. §bClick to §3pickup §byour stash!§r
02:36:45 §e[SkyHanni] §eYou have §62 §eitems in stash. §eClick to §6pickup §eyour stash!§r
02:36:45 §e[SkyHanni] §bYou have §31.7k §bmaterials in stash, §btotalling §32 types§b. §bClick to §3pickup §byour stash!§r
02:36:52 §a§lPotion Effect! §r§4Regeneration IV§r
02:36:52 §a§lPotion Effect! §r§4Strength V§r
02:36:52 §a§lPotion Effect! §r§4Critical III§r
02:36:52 §a§lPotion Effect! §r§9Speed III§r
02:36:52 §a§lPotion Effect! §r§aResistance V§r
02:36:52 §a§lPotion Effect! §r§bArchery III§r
02:46:11 §e[SkyHanni] §eYou have §62 §eitems in stash. §eClick to §6pickup §eyour stash!§r
02:46:11 §e[SkyHanni] §bYou have §31.7k §bmaterials in stash, §btotalling §32 types§b. §bClick to §3pickup §byour stash!§r
02:46:46 §e[SkyHanni] §eYou have §62 §eitems in stash. §eClick to §6pickup §eyour stash!§r
02:46:46 §e[SkyHanni] §bYou have §31.7k §bmaterials in stash, §btotalling §32 types§b. §bClick to §3pickup §byour stash!§r
02:47:02 §e[SkyHanni] §eYou have §62 §eitems in stash. §eClick to §6pickup §eyour stash!§r
02:47:02 §e[SkyHanni] §bYou have §31.7k §bmaterials in stash, §btotalling §32 types§b. §bClick to §3pickup §byour stash!§r
02:47:42 §e[SkyHanni] You have gained §b293 §eBits.§r
02:48:10 §e[SkyHanni] §eYou have §62 §eitems in stash. §eClick to §6pickup §eyour stash!§r
02:48:10 §e[SkyHanni] §bYou have §31.7k §bmaterials in stash, §btotalling §32 types§b. §bClick to §3pickup §byour stash!§r
02:48:12 §a§lPotion Effect! §r§4Regeneration IV§r
02:48:12 §a§lPotion Effect! §r§4Strength V§r
02:48:12 §a§lPotion Effect! §r§4Critical III§r
02:48:12 §a§lPotion Effect! §r§9Speed III§r
02:48:12 §a§lPotion Effect! §r§aResistance V§r
02:48:12 §a§lPotion Effect! §r§bArchery III§r
03:04:15 §e[SkyHanni] §fYou were in Limbo for §e1m 54s§f.§r
03:04:28 §e[SkyHanni] §eYou have §62 §eitems in stash. §eClick to §6pickup §eyour stash!§r
03:04:28 §e[SkyHanni] §bYou have §31.7k §bmaterials in stash, §btotalling §32 types§b. §bClick to §3pickup §byour stash!§r
03:04:58 §e[SkyHanni] Click here to share the location of this chocolate egg with the server!§r
03:05:12 §e[SkyHanni] Click here to share the location of this chocolate egg with the server!§r
03:05:26 §e[SkyHanni] §eYou have §62 §eitems in stash. §eClick to §6pickup §eyour stash!§r
03:05:26 §e[SkyHanni] §bYou have §31.7k §bmaterials in stash, §btotalling §32 types§b. §bClick to §3pickup §byour stash!§r
03:11:12 §e[SkyHanni] §eYou have §62 §eitems in stash. §eClick to §6pickup §eyour stash!§r
03:11:12 §e[SkyHanni] §bYou have §31.7k §bmaterials in stash, §btotalling §32 types§b. §bClick to §3pickup §byour stash!§r
03:11:20 §a§lPotion Effect! §r§4Regeneration IV§r
03:11:20 §a§lPotion Effect! §r§4Strength V§r
03:11:20 §a§lPotion Effect! §r§4Critical III§r
03:11:20 §a§lPotion Effect! §r§9Speed III§r
03:11:20 §a§lPotion Effect! §r§aResistance V§r
03:11:20 §a§lPotion Effect! §r§bArchery III§r
03:13:05 §e[SkyHanni] §eYou have §62 §eitems in stash. §eClick to §6pickup §eyour stash!§r
03:13:05 §e[SkyHanni] §bYou have §31.7k §bmaterials in stash, §btotalling §32 types§b. §bClick to §3pickup §byour stash!§r
03:14:55 §e[SkyHanni] §eYou have §62 §eitems in stash. §eClick to §6pickup §eyour stash!§r
03:14:55 §e[SkyHanni] §bYou have §31.7k §bmaterials in stash, §btotalling §32 types§b. §bClick to §3pickup §byour stash!§r
03:15:00 §a§lPotion Effect! §r§4Regeneration IV§r
03:15:00 §a§lPotion Effect! §r§4Strength V§r
03:15:00 §a§lPotion Effect! §r§4Critical III§r
03:15:00 §a§lPotion Effect! §r§9Speed III§r
03:15:00 §a§lPotion Effect! §r§aResistance V§r
03:15:00 §a§lPotion Effect! §r§bArchery III§r
03:24:54 §e[SkyHanni] §eYou have §63 §eitems in stash. §eClick to §6pickup §eyour stash!§r
03:24:54 §e[SkyHanni] §bYou have §31.7k §bmaterials in stash, §btotalling §32 types§b. §bClick to §3pickup §byour stash!§r
03:26:17 §e[SkyHanni] §eYou have §63 §eitems in stash. §eClick to §6pickup §eyour stash!§r
03:26:17 §e[SkyHanni] §bYou have §31.7k §bmaterials in stash, §btotalling §32 types§b. §bClick to §3pickup §byour stash!§r
03:26:32 §e[SkyHanni] §eYou have §63 §eitems in stash. §eClick to §6pickup §eyour stash!§r
03:26:32 §e[SkyHanni] §bYou have §31.7k §bmaterials in stash, §btotalling §32 types§b. §bClick to §3pickup §byour stash!§r
03:30:33 §e[SkyHanni] §fYou were in Limbo for §e3s§f.§r
03:31:33 §e[SkyHanni] §eYou have §63 §eitems in stash. §eClick to §6pickup §eyour stash!§r
03:31:33 §e[SkyHanni] §bYou have §31.7k §bmaterials in stash, §btotalling §32 types§b. §bClick to §3pickup §byour stash!§r
03:32:33 §e[SkyHanni] §eYou have §62 §eitems in stash. §eClick to §6pickup §eyour stash!§r
03:38:52 §e[SkyHanni] You have gained §b250 §eBits.§r
03:39:33 §e[SkyHanni] §eYou have §62 §eitems in stash. §eClick to §6pickup §eyour stash!§r
03:39:33 §e[SkyHanni] §bYou have §31.7k §bmaterials in stash, §btotalling §32 types§b. §bClick to §3pickup §byour stash!§r
03:44:51 §e[SkyHanni] §eYou have §62 §eitems in stash. §eClick to §6pickup §eyour stash!§r
03:44:53 §e[SkyHanni] §bYou have §31.7k §bmaterials in stash, §btotalling §32 types§b. §bClick to §3pickup §byour stash!§r
03:48:52 §e[SkyHanni] You have gained §b250 §eBits.§r
03:54:31 §e[SkyHanni] §eYou have §62 §eitems in stash. §eClick to §6pickup §eyour stash!§r
03:54:31 §e[SkyHanni] §bYou have §31.7k §bmaterials in stash, §btotalling §32 types§b. §bClick to §3pickup §byour stash!§r
03:57:00 §e[SkyHanni] Click here to share the location of this chocolate egg with the server!§r
03:57:06 §e[SkyHanni] Click here to share the location of this chocolate egg with the server!§r
04:00:35 §e[SkyHanni] §eYou have §62 §eitems in stash. §eClick to §6pickup §eyour stash!§r
04:00:36 §e[SkyHanni] §bYou have §31.7k §bmaterials in stash, §btotalling §32 types§b. §bClick to §3pickup §byour stash!§r
04:00:37 §a§lPotion Effect! §r§4Regeneration IV§r
04:00:37 §a§lPotion Effect! §r§4Strength V§r
04:00:37 §a§lPotion Effect! §r§4Critical III§r
04:00:37 §a§lPotion Effect! §r§9Speed IV§r
04:00:37 §a§lPotion Effect! §r§aResistance V§r
04:00:37 §a§lPotion Effect! §r§bArchery III§r
04:03:56 §6§lBESTIARY §r§b§lWithermancer §7§8XV §8➡§b §bXVI§r
04:05:24 §6§lBESTIARY §r§b§lZombie Commander §7§8XI §8➡§b §bXII§r
04:20:47 §6§lBESTIARY §r§b§lSuper Archer §7§8XVI §8➡§b §bXVII§r
04:36:12 §e[SkyHanni] §eYou have §62 §eitems in stash. §eClick to §6pickup §eyour stash!§r
04:36:12 §e[SkyHanni] §bYou have §31.7k §bmaterials in stash, §btotalling §32 types§b. §bClick to §3pickup §byour stash!§r
04:47:43 §e[SkyHanni] §eYou have §62 §eitems in stash. §eClick to §6pickup §eyour stash!§r
04:47:43 §e[SkyHanni] §bYou have §31.7k §bmaterials in stash, §btotalling §32 types§b. §bClick to §3pickup §byour stash!§r
04:48:48 §e[SkyHanni] §eYou have §62 §eitems in stash. §eClick to §6pickup §eyour stash!§r
04:48:48 §e[SkyHanni] §bYou have §31.7k §bmaterials in stash, §btotalling §32 types§b. §bClick to §3pickup §byour stash!§r
04:49:51 §e[SkyHanni] You have gained §b500 §eBits.§r
04:59:54 §e[SkyHanni] §eYou have §62 §eitems in stash. §eClick to §6pickup §eyour stash!§r
04:59:54 §e[SkyHanni] §bYou have §31.7k §bmaterials in stash, §btotalling §32 types§b. §bClick to §3pickup §byour stash!§r
05:02:06 §e[SkyHanni] §eYou have §62 §eitems in stash. §eClick to §6pickup §eyour stash!§r
05:02:06 §e[SkyHanni] §bYou have §31.7k §bmaterials in stash, §btotalling §32 types§b. §bClick to §3pickup §byour stash!§r
05:03:49 §e[SkyHanni] §eYou have §62 §eitems in stash. §eClick to §6pickup §eyour stash!§r
05:03:49 §e[SkyHanni] §bYou have §31.7k §bmaterials in stash, §btotalling §32 types§b. §bClick to §3pickup §byour stash!§r
05:09:12 §e[SkyHanni] §eYou have §62 §eitems in stash. §eClick to §6pickup §eyour stash!§r
05:09:12 §e[SkyHanni] §bYou have §31.7k §bmaterials in stash, §btotalling §32 types§b. §bClick to §3pickup §byour stash!§r
05:14:06 §e[SkyHanni] §eYou have §62 §eitems in stash. §eClick to §6pickup §eyour stash!§r
05:14:06 §e[SkyHanni] §bYou have §31.7k §bmaterials in stash, §btotalling §32 types§b. §bClick to §3pickup §byour stash!§r
05:14:28 §e[SkyHanni] §eYou have §62 §eitems in stash. §eClick to §6pickup §eyour stash!§r
05:14:28 §e[SkyHanni] §bYou have §31.7k §bmaterials in stash, §btotalling §32 types§b. §bClick to §3pickup §byour stash!§r
05:19:49 §e[SkyHanni] You have gained §b250 §eBits.§r
05:50:04 §e[SkyHanni] You have gained §b250 §eBits.§r
