15:48:54 `Bat`1200610 missed {
 is already Found: false).
 Position: LorenzVec(x=-169.5, y=64.90625, z=-57.5)
 DistanceC: 17.191079797157897
Relative Position: LorenzVec(x=-17.191079797157897, y=-3.59375, z=-16.34192783770633)
 }
15:48:54 `Bat`1200612 missed {
 is already Found: false).
 Position: LorenzVec(x=-169.5, y=64.90625, z=-56.5)
 DistanceC: 17.191079797157897
Relative Position: LorenzVec(x=-17.191079797157897, y=-3.59375, z=-15.34192783770633)
 }
15:48:54 `Bat`1200614 missed {
 is already Found: false).
 Position: LorenzVec(x=-169.5, y=64.90625, z=-55.5)
 DistanceC: 17.191079797157897
Relative Position: LorenzVec(x=-17.191079797157897, y=-3.59375, z=-14.34192783770633)
 }
15:48:54 `Bat`1200616 missed {
 is already Found: false).
 Position: LorenzVec(x=-169.5, y=65.90625, z=-57.5)
 DistanceC: 17.191079797157897
Relative Position: LorenzVec(x=-17.191079797157897, y=-2.59375, z=-16.34192783770633)
 }
15:48:54 `Bat`1200618 missed {
 is already Found: false).
 Position: LorenzVec(x=-169.5, y=65.90625, z=-56.5)
 DistanceC: 17.191079797157897
Relative Position: LorenzVec(x=-17.191079797157897, y=-2.59375, z=-15.34192783770633)
 }
15:48:54 `Bat`1200620 missed {
 is already Found: false).
 Position: LorenzVec(x=-169.5, y=65.90625, z=-55.5)
 DistanceC: 17.191079797157897
Relative Position: LorenzVec(x=-17.191079797157897, y=-2.59375, z=-14.34192783770633)
 }
15:48:54 `Bat`1200622 missed {
 is already Found: false).
 Position: LorenzVec(x=-169.5, y=66.90625, z=-57.5)
 DistanceC: 17.191079797157897
Relative Position: LorenzVec(x=-17.191079797157897, y=-1.59375, z=-16.34192783770633)
 }
15:48:54 `Bat`1200624 missed {
 is already Found: false).
 Position: LorenzVec(x=-169.5, y=66.90625, z=-56.5)
 DistanceC: 17.191079797157897
Relative Position: LorenzVec(x=-17.191079797157897, y=-1.59375, z=-15.34192783770633)
 }
15:48:54 `Bat`1200626 missed {
 is already Found: false).
 Position: LorenzVec(x=-169.5, y=66.90625, z=-55.5)
 DistanceC: 17.191079797157897
Relative Position: LorenzVec(x=-17.191079797157897, y=-1.59375, z=-14.34192783770633)
 }
15:48:54 `Bat`1200628 missed {
 is already Found: false).
 Position: LorenzVec(x=-169.5, y=67.90625, z=-57.5)
 DistanceC: 17.191079797157897
Relative Position: LorenzVec(x=-17.191079797157897, y=-0.59375, z=-16.34192783770633)
 }
15:48:54 `Bat`1200630 missed {
 is already Found: false).
 Position: LorenzVec(x=-169.5, y=67.90625, z=-56.5)
 DistanceC: 17.191079797157897
Relative Position: LorenzVec(x=-17.191079797157897, y=-0.59375, z=-15.34192783770633)
 }
15:48:54 `Bat`1200632 missed {
 is already Found: false).
 Position: LorenzVec(x=-169.5, y=67.90625, z=-55.5)
 DistanceC: 17.191079797157897
Relative Position: LorenzVec(x=-17.191079797157897, y=-0.59375, z=-14.34192783770633)
 }
15:48:54 `Bat`1200634 missed {
 is already Found: false).
 Position: LorenzVec(x=-168.5, y=64.90625, z=-57.5)
 DistanceC: 16.34192783770633
Relative Position: LorenzVec(x=-16.191079797157897, y=-3.59375, z=-16.34192783770633)
 }
15:48:54 `Bat`1200636 missed {
 is already Found: false).
 Position: LorenzVec(x=-168.5, y=64.90625, z=-56.5)
 DistanceC: 16.191079797157897
Relative Position: LorenzVec(x=-16.191079797157897, y=-3.59375, z=-15.34192783770633)
 }
15:48:54 `Bat`1200638 missed {
 is already Found: false).
 Position: LorenzVec(x=-168.5, y=64.90625, z=-55.5)
 DistanceC: 16.191079797157897
Relative Position: LorenzVec(x=-16.191079797157897, y=-3.59375, z=-14.34192783770633)
 }
15:48:54 `Bat`1200640 missed {
 is already Found: false).
 Position: LorenzVec(x=-168.5, y=65.90625, z=-57.5)
 DistanceC: 16.34192783770633
Relative Position: LorenzVec(x=-16.191079797157897, y=-2.59375, z=-16.34192783770633)
 }
15:48:54 `Bat`1200642 missed {
 is already Found: false).
 Position: LorenzVec(x=-168.5, y=65.90625, z=-56.5)
 DistanceC: 16.191079797157897
Relative Position: LorenzVec(x=-16.191079797157897, y=-2.59375, z=-15.34192783770633)
 }
15:48:54 `Bat`1200644 missed {
 is already Found: false).
 Position: LorenzVec(x=-168.5, y=65.90625, z=-55.5)
 DistanceC: 16.191079797157897
Relative Position: LorenzVec(x=-16.191079797157897, y=-2.59375, z=-14.34192783770633)
 }
15:48:54 `Bat`1200646 missed {
 is already Found: false).
 Position: LorenzVec(x=-168.5, y=66.90625, z=-57.5)
 DistanceC: 16.34192783770633
Relative Position: LorenzVec(x=-16.191079797157897, y=-1.59375, z=-16.34192783770633)
 }
15:48:54 `Bat`1200648 missed {
 is already Found: false).
 Position: LorenzVec(x=-168.5, y=66.90625, z=-56.5)
 DistanceC: 16.191079797157897
Relative Position: LorenzVec(x=-16.191079797157897, y=-1.59375, z=-15.34192783770633)
 }
15:48:54 `Bat`1200650 missed {
 is already Found: false).
 Position: LorenzVec(x=-168.5, y=66.90625, z=-55.5)
 DistanceC: 16.191079797157897
Relative Position: LorenzVec(x=-16.191079797157897, y=-1.59375, z=-14.34192783770633)
 }
15:48:54 `Bat`1200652 missed {
 is already Found: false).
 Position: LorenzVec(x=-168.5, y=67.90625, z=-57.5)
 DistanceC: 16.34192783770633
Relative Position: LorenzVec(x=-16.191079797157897, y=-0.59375, z=-16.34192783770633)
 }
15:48:54 `Bat`1200654 missed {
 is already Found: false).
 Position: LorenzVec(x=-168.5, y=67.90625, z=-56.5)
 DistanceC: 16.191079797157897
Relative Position: LorenzVec(x=-16.191079797157897, y=-0.59375, z=-15.34192783770633)
 }
15:48:54 `Bat`1200656 missed {
 is already Found: false).
 Position: LorenzVec(x=-168.5, y=67.90625, z=-55.5)
 DistanceC: 16.191079797157897
Relative Position: LorenzVec(x=-16.191079797157897, y=-0.59375, z=-14.34192783770633)
 }
15:48:54 `Bat`1200658 missed {
 is already Found: false).
 Position: LorenzVec(x=-167.5, y=64.90625, z=-57.5)
 DistanceC: 16.34192783770633
Relative Position: LorenzVec(x=-15.191079797157897, y=-3.59375, z=-16.34192783770633)
 }
15:48:54 `Bat`1200660 missed {
 is already Found: false).
 Position: LorenzVec(x=-167.5, y=64.90625, z=-56.5)
 DistanceC: 15.34192783770633
Relative Position: LorenzVec(x=-15.191079797157897, y=-3.59375, z=-15.34192783770633)
 }
15:48:54 `Bat`1200662 missed {
 is already Found: false).
 Position: LorenzVec(x=-167.5, y=64.90625, z=-55.5)
 DistanceC: 15.191079797157897
Relative Position: LorenzVec(x=-15.191079797157897, y=-3.59375, z=-14.34192783770633)
 }
15:48:54 `Bat`1200664 missed {
 is already Found: false).
 Position: LorenzVec(x=-167.5, y=65.90625, z=-57.5)
 DistanceC: 16.34192783770633
Relative Position: LorenzVec(x=-15.191079797157897, y=-2.59375, z=-16.34192783770633)
 }
15:48:54 `Bat`1200666 missed {
 is already Found: false).
 Position: LorenzVec(x=-167.5, y=65.90625, z=-56.5)
 DistanceC: 15.34192783770633
Relative Position: LorenzVec(x=-15.191079797157897, y=-2.59375, z=-15.34192783770633)
 }
15:48:54 `Bat`1200668 missed {
 is already Found: false).
 Position: LorenzVec(x=-167.5, y=65.90625, z=-55.5)
 DistanceC: 15.191079797157897
Relative Position: LorenzVec(x=-15.191079797157897, y=-2.59375, z=-14.34192783770633)
 }
15:48:54 `Bat`1200670 missed {
 is already Found: false).
 Position: LorenzVec(x=-167.5, y=66.90625, z=-57.5)
 DistanceC: 16.34192783770633
Relative Position: LorenzVec(x=-15.191079797157897, y=-1.59375, z=-16.34192783770633)
 }
15:48:54 `Bat`1200672 missed {
 is already Found: false).
 Position: LorenzVec(x=-167.5, y=66.90625, z=-56.5)
 DistanceC: 15.34192783770633
Relative Position: LorenzVec(x=-15.191079797157897, y=-1.59375, z=-15.34192783770633)
 }
15:48:54 `Bat`1200674 missed {
 is already Found: false).
 Position: LorenzVec(x=-167.5, y=66.90625, z=-55.5)
 DistanceC: 15.191079797157897
Relative Position: LorenzVec(x=-15.191079797157897, y=-1.59375, z=-14.34192783770633)
 }
15:48:54 `Bat`1200676 missed {
 is already Found: false).
 Position: LorenzVec(x=-167.5, y=67.90625, z=-57.5)
 DistanceC: 16.34192783770633
Relative Position: LorenzVec(x=-15.191079797157897, y=-0.59375, z=-16.34192783770633)
 }
15:48:54 `Bat`1200678 missed {
 is already Found: false).
 Position: LorenzVec(x=-167.5, y=67.90625, z=-56.5)
 DistanceC: 15.34192783770633
Relative Position: LorenzVec(x=-15.191079797157897, y=-0.59375, z=-15.34192783770633)
 }
15:48:54 `Bat`1200680 missed {
 is already Found: false).
 Position: LorenzVec(x=-167.5, y=67.90625, z=-55.5)
 DistanceC: 15.191079797157897
Relative Position: LorenzVec(x=-15.191079797157897, y=-0.59375, z=-14.34192783770633)
 }
15:49:04 `qny28339y2`1202156 missed {
 is already Found: false).
 Position: LorenzVec(x=-152.3125, y=59.0, z=-39.15625)
 DistanceC: 1.731249988079071
Relative Position: LorenzVec(x=-0.854111596685982, y=-1.4061788546953267, z=-1.731249988079071)
 }
15:50:23 `Bat`1204156 missed {
 is already Found: false).
 Position: LorenzVec(x=-153.5, y=64.28125, z=-73.5)
 DistanceC: 20.1085512265563
Relative Position: LorenzVec(x=20.027471661567688, y=-4.71875, z=20.1085512265563)
 }
15:50:23 `Bat`1204158 missed {
 is already Found: false).
 Position: LorenzVec(x=-153.5, y=64.28125, z=-72.5)
 DistanceC: 21.1085512265563
Relative Position: LorenzVec(x=20.027471661567688, y=-4.71875, z=21.1085512265563)
 }
15:50:23 `Bat`1204162 missed {
 is already Found: false).
 Position: LorenzVec(x=-153.5, y=65.28125, z=-73.5)
 DistanceC: 20.1085512265563
Relative Position: LorenzVec(x=20.027471661567688, y=-3.71875, z=20.1085512265563)
 }
15:50:23 `Bat`1204164 missed {
 is already Found: false).
 Position: LorenzVec(x=-153.5, y=65.28125, z=-72.5)
 DistanceC: 21.1085512265563
Relative Position: LorenzVec(x=20.027471661567688, y=-3.71875, z=21.1085512265563)
 }
15:50:23 `Bat`1204168 missed {
 is already Found: false).
 Position: LorenzVec(x=-153.5, y=66.28125, z=-73.5)
 DistanceC: 20.1085512265563
Relative Position: LorenzVec(x=20.027471661567688, y=-2.71875, z=20.1085512265563)
 }
15:50:23 `Bat`1204170 missed {
 is already Found: false).
 Position: LorenzVec(x=-153.5, y=66.28125, z=-72.5)
 DistanceC: 21.1085512265563
Relative Position: LorenzVec(x=20.027471661567688, y=-2.71875, z=21.1085512265563)
 }
15:50:23 `Bat`1204174 missed {
 is already Found: false).
 Position: LorenzVec(x=-153.5, y=67.28125, z=-73.5)
 DistanceC: 20.1085512265563
Relative Position: LorenzVec(x=20.027471661567688, y=-1.71875, z=20.1085512265563)
 }
15:50:23 `Bat`1204176 missed {
 is already Found: false).
 Position: LorenzVec(x=-153.5, y=67.28125, z=-72.5)
 DistanceC: 21.1085512265563
Relative Position: LorenzVec(x=20.027471661567688, y=-1.71875, z=21.1085512265563)
 }
15:50:23 `Bat`1204180 missed {
 is already Found: false).
 Position: LorenzVec(x=-152.5, y=64.28125, z=-73.5)
 DistanceC: 20.80000001192093
Relative Position: LorenzVec(x=20.80000001192093, y=-4.71875, z=20.19999998807907)
 }
15:50:23 `Bat`1204182 missed {
 is already Found: false).
 Position: LorenzVec(x=-152.5, y=64.28125, z=-72.5)
 DistanceC: 21.19999998807907
Relative Position: LorenzVec(x=20.80000001192093, y=-4.71875, z=21.19999998807907)
 }
15:50:23 `Bat`1204186 missed {
 is already Found: false).
 Position: LorenzVec(x=-152.5, y=65.28125, z=-73.5)
 DistanceC: 20.80000001192093
Relative Position: LorenzVec(x=20.80000001192093, y=-3.71875, z=20.19999998807907)
 }
15:50:23 `Bat`1204188 missed {
 is already Found: false).
 Position: LorenzVec(x=-152.5, y=65.28125, z=-72.5)
 DistanceC: 21.19999998807907
Relative Position: LorenzVec(x=20.80000001192093, y=-3.71875, z=21.19999998807907)
 }
15:50:23 `Bat`1204192 missed {
 is already Found: false).
 Position: LorenzVec(x=-152.5, y=66.28125, z=-73.5)
 DistanceC: 20.80000001192093
Relative Position: LorenzVec(x=20.80000001192093, y=-2.71875, z=20.19999998807907)
 }
15:50:23 `Bat`1204194 missed {
 is already Found: false).
 Position: LorenzVec(x=-152.5, y=66.28125, z=-72.5)
 DistanceC: 21.19999998807907
Relative Position: LorenzVec(x=20.80000001192093, y=-2.71875, z=21.19999998807907)
 }
15:50:23 `Bat`1204198 missed {
 is already Found: false).
 Position: LorenzVec(x=-152.5, y=67.28125, z=-73.5)
 DistanceC: 20.80000001192093
Relative Position: LorenzVec(x=20.80000001192093, y=-1.71875, z=20.19999998807907)
 }
15:50:23 `Bat`1204200 missed {
 is already Found: false).
 Position: LorenzVec(x=-152.5, y=67.28125, z=-72.5)
 DistanceC: 21.19999998807907
Relative Position: LorenzVec(x=20.80000001192093, y=-1.71875, z=21.19999998807907)
 }
15:50:26 `Bat`1204204 missed {
 is already Found: false).
 Position: LorenzVec(x=-151.5, y=64.28125, z=-73.5)
 DistanceC: 21.80000001192093
Relative Position: LorenzVec(x=21.80000001192093, y=-4.71875, z=20.19999998807907)
 }
15:50:26 `Bat`1204206 missed {
 is already Found: false).
 Position: LorenzVec(x=-151.5, y=64.28125, z=-72.5)
 DistanceC: 21.80000001192093
Relative Position: LorenzVec(x=21.80000001192093, y=-4.71875, z=21.19999998807907)
 }
15:50:26 `Bat`1204210 missed {
 is already Found: false).
 Position: LorenzVec(x=-151.5, y=65.28125, z=-73.5)
 DistanceC: 21.80000001192093
Relative Position: LorenzVec(x=21.80000001192093, y=-3.71875, z=20.19999998807907)
 }
15:50:26 `Bat`1204212 missed {
 is already Found: false).
 Position: LorenzVec(x=-151.5, y=65.28125, z=-72.5)
 DistanceC: 21.80000001192093
Relative Position: LorenzVec(x=21.80000001192093, y=-3.71875, z=21.19999998807907)
 }
15:50:26 `Bat`1204216 missed {
 is already Found: false).
 Position: LorenzVec(x=-151.5, y=66.28125, z=-73.5)
 DistanceC: 21.80000001192093
Relative Position: LorenzVec(x=21.80000001192093, y=-2.71875, z=20.19999998807907)
 }
15:50:26 `Bat`1204218 missed {
 is already Found: false).
 Position: LorenzVec(x=-151.5, y=66.28125, z=-72.5)
 DistanceC: 21.80000001192093
Relative Position: LorenzVec(x=21.80000001192093, y=-2.71875, z=21.19999998807907)
 }
15:50:26 `Bat`1204222 missed {
 is already Found: false).
 Position: LorenzVec(x=-151.5, y=67.28125, z=-73.5)
 DistanceC: 21.80000001192093
Relative Position: LorenzVec(x=21.80000001192093, y=-1.71875, z=20.19999998807907)
 }
15:50:26 `Bat`1204224 missed {
 is already Found: false).
 Position: LorenzVec(x=-151.5, y=67.28125, z=-72.5)
 DistanceC: 21.80000001192093
Relative Position: LorenzVec(x=21.80000001192093, y=-1.71875, z=21.19999998807907)
 }
15:52:57 `Bat`1234961 missed {
 is already Found: false).
 Position: LorenzVec(x=-19.03125, y=72.65625, z=84.5625)
 DistanceC: 7.22625723428915
Relative Position: LorenzVec(x=-5.484095026025125, y=3.65625, z=7.22625723428915)
 }
15:53:00 `2j1atvdw34`1235244 missed {
 is already Found: false).
 Position: LorenzVec(x=-1.40625, y=69.0, z=80.9375)
 DistanceC: 15.110309620099798
Relative Position: LorenzVec(x=12.247930428120409, y=0.0, z=15.110309620099798)
 }
16:01:32 `Bat`31302 missed {
 is already Found: false).
 Position: LorenzVec(x=-47.875, y=120.09375, z=0.53125)
 DistanceC: 9.452068851581409
Relative Position: LorenzVec(x=9.452068851581409, y=-0.90625, z=-1.1613662072894988)
 }
16:01:32 `Bat`31303 missed {
 is already Found: false).
 Position: LorenzVec(x=-52.5, y=119.75, z=1.53125)
 DistanceC: 4.827068851581409
Relative Position: LorenzVec(x=4.827068851581409, y=-1.25, z=-0.1613662072894988)
 }
16:01:38 `Bat`31307 missed {
 is already Found: false).
 Position: LorenzVec(x=-53.5, y=121.0, z=1.0625)
 DistanceC: 3.8270688515814086
Relative Position: LorenzVec(x=3.8270688515814086, y=0.0, z=-0.6301162072894988)
 }
16:04:48 `Sans_Penguin`31379 missed {
 is already Found: false).
 Position: LorenzVec(x=-62.65625, y=121.0, z=5.0625)
 DistanceC: 5.329181148418591
Relative Position: LorenzVec(x=-5.329181148418591, y=0.0, z=3.3698837927105014)
 }
