23:31:37 Trying to load config from config\skyhanni\config.json
23:31:37 load-config-now
23:31:38 Loaded config from file
23:31:38 Trying to load sacks from config\skyhanni\sacks.json
23:31:38 load-sacks-now
23:31:38 Loaded sacks from file
23:31:38 Trying to load friends from config\skyhanni\friends.json
23:31:38 load-friends-now
23:31:38 Loaded friends from file
23:31:38 Trying to load known_features from config\skyhanni\known_features.json
23:31:38 load-known_features-now
23:31:38 Loaded known_features from file
23:31:38 Trying to load jacob_contests from config\skyhanni\jacob_contests.json
23:31:38 Setting jacob_contests to be blank as it did not exist. It will be saved once something is written to it
23:31:38 Trying to load visual_words from config\skyhanni\visual_words.json
23:31:38 Setting visual_words to be blank as it did not exist. It will be saved once something is written to it
23:31:38 Trying to load pets from config\skyhanni\pets.json
23:31:38 load-pets-now
23:31:38 Loaded pets from file
23:32:38 saveConfig: auto-save-60s
23:32:38 Saving config file
23:32:38 Saved config file successfully
23:32:38 saveConfig: auto-save-60s
23:32:38 Saving config file
23:32:38 Saved config file successfully
23:33:38 saveConfig: auto-save-60s
23:33:38 Saving config file
23:33:38 Saved config file successfully
23:33:38 saveConfig: auto-save-60s
23:33:38 Saving config file
23:33:38 Saved config file successfully
23:34:10 saveConfig: Updated known feature flags
23:34:10 Saving known_features file
23:34:10 Saved known_features file successfully
23:34:10 saveConfig: Updated known feature flags
23:34:10 Saving known_features file
23:34:10 Saved known_features file successfully
23:34:19 saveConfig: saving-data
23:34:19 Saving pets file
23:34:19 Saved pets file successfully
23:34:19 saveConfig: saving-data
23:34:19 Saving pets file
23:34:19 Saved pets file successfully
23:34:38 saveConfig: auto-save-60s
23:34:38 Saving config file
23:34:38 Saved config file successfully
23:34:38 saveConfig: auto-save-60s
23:34:38 Saving config file
23:34:38 Saved config file successfully
23:34:50 saveConfig: saving-data
23:34:50 Saving pets file
23:34:50 Saved pets file successfully
23:34:50 saveConfig: saving-data
23:34:50 Saving pets file
23:34:50 Saved pets file successfully
23:35:21 saveConfig: saving-data
23:35:21 Saving pets file
23:35:21 Saved pets file successfully
23:35:21 saveConfig: saving-data
23:35:21 Saving pets file
23:35:21 Saved pets file successfully
23:35:38 saveConfig: auto-save-60s
23:35:38 Saving config file
23:35:38 Saved config file successfully
23:35:38 saveConfig: auto-save-60s
23:35:38 Saving config file
23:35:38 Saved config file successfully
23:36:35 saveConfig: saving-data
23:36:35 Saving pets file
23:36:35 Saved pets file successfully
23:36:35 saveConfig: saving-data
23:36:35 Saving pets file
23:36:35 Saved pets file successfully
23:36:38 saveConfig: auto-save-60s
23:36:38 Saving config file
23:36:38 Saved config file successfully
23:36:38 saveConfig: auto-save-60s
23:36:38 Saving config file
23:36:38 Saved config file successfully
23:37:06 saveConfig: saving-data
23:37:06 Saving pets file
23:37:06 Saved pets file successfully
23:37:06 saveConfig: saving-data
23:37:06 Saving pets file
23:37:06 Saved pets file successfully
23:37:37 saveConfig: saving-data
23:37:37 Saving pets file
23:37:37 Saved pets file successfully
23:37:37 saveConfig: saving-data
23:37:37 Saving pets file
23:37:37 Saved pets file successfully
23:37:38 saveConfig: auto-save-60s
23:37:38 Saving config file
23:37:38 Saved config file successfully
23:37:38 saveConfig: auto-save-60s
23:37:38 Saving config file
23:37:38 Saved config file successfully
23:38:10 saveConfig: saving-data
23:38:10 Saving pets file
23:38:10 Saved pets file successfully
23:38:10 saveConfig: saving-data
23:38:10 Saving pets file
23:38:10 Saved pets file successfully
23:38:38 saveConfig: auto-save-60s
23:38:38 Saving config file
23:38:38 Saved config file successfully
23:38:38 saveConfig: auto-save-60s
23:38:38 Saving config file
23:38:38 Saved config file successfully
23:38:41 saveConfig: saving-data
23:38:41 Saving pets file
23:38:41 Saved pets file successfully
23:38:41 saveConfig: saving-data
23:38:41 Saving pets file
23:38:41 Saved pets file successfully
23:39:12 saveConfig: saving-data
23:39:12 Saving pets file
23:39:12 Saved pets file successfully
23:39:12 saveConfig: saving-data
23:39:12 Saving pets file
23:39:12 Saved pets file successfully
23:39:38 saveConfig: auto-save-60s
23:39:38 Saving config file
23:39:38 Saved config file successfully
23:39:38 saveConfig: auto-save-60s
23:39:38 Saving config file
23:39:38 Saved config file successfully
23:40:27 saveConfig: saving-data
23:40:27 Saving sacks file
23:40:27 Saved sacks file successfully
23:40:27 saveConfig: saving-data
23:40:27 Saving sacks file
23:40:27 Saved sacks file successfully
23:40:38 saveConfig: auto-save-60s
23:40:38 Saving config file
23:40:38 Saved config file successfully
23:40:38 saveConfig: auto-save-60s
23:40:38 Saving config file
23:40:38 Saved config file successfully
23:41:25 saveConfig: saving-data
23:41:25 Saving pets file
23:41:25 Saved pets file successfully
23:41:25 saveConfig: saving-data
23:41:25 Saving pets file
23:41:25 Saved pets file successfully
23:41:38 saveConfig: auto-save-60s
23:41:38 Saving config file
23:41:38 Saved config file successfully
23:41:38 saveConfig: auto-save-60s
23:41:38 Saving config file
23:41:38 Saved config file successfully
23:42:33 saveConfig: saving-data
23:42:33 Saving pets file
23:42:33 Saved pets file successfully
23:42:33 saveConfig: saving-data
23:42:33 Saving pets file
23:42:33 Saved pets file successfully
23:42:38 saveConfig: auto-save-60s
23:42:38 Saving config file
23:42:38 Saved config file successfully
23:42:38 saveConfig: auto-save-60s
23:42:38 Saving config file
23:42:38 Saved config file successfully
23:43:31 saveConfig: saving-data
23:43:31 Saving pets file
23:43:31 Saved pets file successfully
23:43:31 saveConfig: saving-data
23:43:31 Saving pets file
23:43:31 Saved pets file successfully
23:43:34 saveConfig: saving-data
23:43:34 Saving sacks file
23:43:34 Saved sacks file successfully
23:43:34 saveConfig: saving-data
23:43:34 Saving sacks file
23:43:34 Saved sacks file successfully
23:43:38 saveConfig: auto-save-60s
23:43:38 Saving config file
23:43:38 Saved config file successfully
23:43:38 saveConfig: auto-save-60s
23:43:38 Saving config file
23:43:38 Saved config file successfully
23:43:50 saveConfig: saving-data
23:43:50 Saving sacks file
23:43:50 Saved sacks file successfully
23:43:50 saveConfig: saving-data
23:43:50 Saving sacks file
23:43:50 Saved sacks file successfully
23:44:31 saveConfig: saving-data
23:44:31 Saving sacks file
23:44:31 Saved sacks file successfully
23:44:31 saveConfig: saving-data
23:44:31 Saving sacks file
23:44:31 Saved sacks file successfully
23:44:38 saveConfig: auto-save-60s
23:44:38 Saving config file
23:44:38 Saved config file successfully
23:44:38 saveConfig: auto-save-60s
23:44:38 Saving config file
23:44:38 Saved config file successfully
23:44:44 saveConfig: saving-data
23:44:44 Saving pets file
23:44:44 Saved pets file successfully
23:44:44 saveConfig: saving-data
23:44:44 Saving pets file
23:44:44 Saved pets file successfully
23:45:15 saveConfig: saving-data
23:45:15 Saving pets file
23:45:15 Saved pets file successfully
23:45:15 saveConfig: saving-data
23:45:15 Saving pets file
23:45:15 Saved pets file successfully
23:45:15 saveConfig: saving-data
23:45:15 Saving sacks file
23:45:15 Saved sacks file successfully
23:45:15 saveConfig: saving-data
23:45:15 Saving sacks file
23:45:15 Saved sacks file successfully
23:45:38 saveConfig: auto-save-60s
23:45:38 Saving config file
23:45:38 Saved config file successfully
23:45:38 saveConfig: auto-save-60s
23:45:38 Saving config file
23:45:38 Saved config file successfully
23:45:46 saveConfig: saving-data
23:45:46 Saving pets file
23:45:46 Saved pets file successfully
23:45:46 saveConfig: saving-data
23:45:46 Saving pets file
23:45:46 Saved pets file successfully
23:46:38 saveConfig: auto-save-60s
23:46:38 Saving config file
23:46:38 Saved config file successfully
23:46:38 saveConfig: auto-save-60s
23:46:38 Saving config file
23:46:38 Saved config file successfully
23:46:56 saveConfig: saving-data
23:46:56 Saving pets file
23:46:56 Saved pets file successfully
23:46:56 saveConfig: saving-data
23:46:56 Saving pets file
23:46:56 Saved pets file successfully
23:47:27 saveConfig: saving-data
23:47:27 Saving pets file
23:47:27 Saved pets file successfully
23:47:27 saveConfig: saving-data
23:47:27 Saving pets file
23:47:27 Saved pets file successfully
23:47:38 saveConfig: auto-save-60s
23:47:38 Saving config file
23:47:38 Saved config file successfully
23:47:38 saveConfig: auto-save-60s
23:47:38 Saving config file
23:47:38 Saved config file successfully
23:47:58 saveConfig: saving-data
23:47:58 Saving pets file
23:47:58 Saved pets file successfully
23:47:58 saveConfig: saving-data
23:47:58 Saving pets file
23:47:58 Saved pets file successfully
23:48:29 saveConfig: saving-data
23:48:29 Saving pets file
23:48:29 Saved pets file successfully
23:48:29 saveConfig: saving-data
23:48:29 Saving pets file
23:48:29 Saved pets file successfully
23:48:38 saveConfig: auto-save-60s
23:48:38 Saving config file
23:48:38 Saved config file successfully
23:48:38 saveConfig: auto-save-60s
23:48:38 Saving config file
23:48:38 Saved config file successfully
23:49:00 saveConfig: saving-data
23:49:00 Saving pets file
23:49:00 Saved pets file successfully
23:49:00 saveConfig: saving-data
23:49:00 Saving pets file
23:49:00 Saved pets file successfully
23:49:31 saveConfig: saving-data
23:49:31 Saving pets file
23:49:31 Saved pets file successfully
23:49:31 saveConfig: saving-data
23:49:31 Saving pets file
23:49:31 Saved pets file successfully
23:49:38 saveConfig: auto-save-60s
23:49:38 Saving config file
23:49:38 Saved config file successfully
23:49:38 saveConfig: auto-save-60s
23:49:38 Saving config file
23:49:38 Saved config file successfully
23:49:56 saveConfig: saving-data
23:49:56 Saving sacks file
23:49:56 Saved sacks file successfully
23:49:56 saveConfig: saving-data
23:49:56 Saving sacks file
23:49:56 Saved sacks file successfully
23:50:02 saveConfig: saving-data
23:50:02 Saving pets file
23:50:02 Saved pets file successfully
23:50:02 saveConfig: saving-data
23:50:02 Saving pets file
23:50:02 Saved pets file successfully
23:50:38 saveConfig: saving-data
23:50:38 Saving pets file
23:50:38 Saved pets file successfully
23:50:38 saveConfig: saving-data
23:50:38 Saving pets file
23:50:38 Saved pets file successfully
23:50:38 saveConfig: auto-save-60s
23:50:38 Saving config file
23:50:38 Saved config file successfully
23:50:38 saveConfig: auto-save-60s
23:50:38 Saving config file
23:50:38 Saved config file successfully
23:50:41 saveConfig: saving-data
23:50:41 Saving sacks file
23:50:41 Saved sacks file successfully
23:50:41 saveConfig: saving-data
23:50:41 Saving sacks file
23:50:41 Saved sacks file successfully
23:51:12 saveConfig: saving-data
23:51:12 Saving pets file
23:51:12 Saved pets file successfully
23:51:12 saveConfig: saving-data
23:51:12 Saving pets file
23:51:12 Saved pets file successfully
23:51:38 saveConfig: auto-save-60s
23:51:38 Saving config file
23:51:38 Saved config file successfully
23:51:38 saveConfig: auto-save-60s
23:51:38 Saving config file
23:51:38 Saved config file successfully
23:51:42 saveConfig: saving-data
23:51:42 Saving pets file
23:51:43 Saved pets file successfully
23:51:43 saveConfig: saving-data
23:51:43 Saving pets file
23:51:43 Saved pets file successfully
23:52:02 saveConfig: saving-data
23:52:02 Saving sacks file
23:52:02 Saved sacks file successfully
23:52:02 saveConfig: saving-data
23:52:02 Saving sacks file
23:52:02 Saved sacks file successfully
23:52:14 saveConfig: saving-data
23:52:14 Saving pets file
23:52:14 Saved pets file successfully
23:52:14 saveConfig: saving-data
23:52:14 Saving pets file
23:52:14 Saved pets file successfully
23:52:38 saveConfig: auto-save-60s
23:52:38 Saving config file
23:52:38 Saved config file successfully
23:52:38 saveConfig: auto-save-60s
23:52:38 Saving config file
23:52:38 Saved config file successfully
23:52:45 saveConfig: saving-data
23:52:45 Saving pets file
23:52:45 Saved pets file successfully
23:52:45 saveConfig: saving-data
23:52:45 Saving pets file
23:52:45 Saved pets file successfully
23:53:00 saveConfig: saving-data
23:53:00 Saving sacks file
23:53:00 Saved sacks file successfully
23:53:00 saveConfig: saving-data
23:53:00 Saving sacks file
23:53:00 Saved sacks file successfully
23:53:16 saveConfig: saving-data
23:53:16 Saving pets file
23:53:16 Saved pets file successfully
23:53:16 saveConfig: saving-data
23:53:16 Saving pets file
23:53:16 Saved pets file successfully
23:53:38 saveConfig: auto-save-60s
23:53:38 Saving config file
23:53:38 Saved config file successfully
23:53:38 saveConfig: auto-save-60s
23:53:38 Saving config file
23:53:38 Saved config file successfully
23:53:47 saveConfig: saving-data
23:53:47 Saving pets file
23:53:47 Saved pets file successfully
23:53:47 saveConfig: saving-data
23:53:47 Saving pets file
23:53:47 Saved pets file successfully
23:54:18 saveConfig: saving-data
23:54:18 Saving pets file
23:54:18 Saved pets file successfully
23:54:18 saveConfig: saving-data
23:54:18 Saving pets file
23:54:18 Saved pets file successfully
23:54:38 saveConfig: auto-save-60s
23:54:38 Saving config file
23:54:38 Saved config file successfully
23:54:38 saveConfig: auto-save-60s
23:54:38 Saving config file
23:54:38 Saved config file successfully
23:54:49 saveConfig: saving-data
23:54:49 Saving pets file
23:54:49 Saved pets file successfully
23:54:49 saveConfig: saving-data
23:54:49 Saving pets file
23:54:49 Saved pets file successfully
23:55:20 saveConfig: saving-data
23:55:20 Saving pets file
23:55:20 Saved pets file successfully
23:55:20 saveConfig: saving-data
23:55:20 Saving pets file
23:55:20 Saved pets file successfully
23:55:38 saveConfig: auto-save-60s
23:55:38 Saving config file
23:55:38 Saved config file successfully
23:55:38 saveConfig: auto-save-60s
23:55:38 Saving config file
23:55:38 Saved config file successfully
23:55:46 saveConfig: saving-data
23:55:46 Saving sacks file
23:55:46 Saved sacks file successfully
23:55:46 saveConfig: saving-data
23:55:46 Saving sacks file
23:55:46 Saved sacks file successfully
23:56:00 saveConfig: saving-data
23:56:00 Saving pets file
23:56:00 Saved pets file successfully
23:56:00 saveConfig: saving-data
23:56:00 Saving pets file
23:56:00 Saved pets file successfully
23:56:31 saveConfig: saving-data
23:56:31 Saving pets file
23:56:31 Saved pets file successfully
23:56:31 saveConfig: saving-data
23:56:31 Saving pets file
23:56:31 Saved pets file successfully
23:56:38 saveConfig: auto-save-60s
23:56:38 Saving config file
23:56:38 Saved config file successfully
23:56:38 saveConfig: auto-save-60s
23:56:38 Saving config file
23:56:38 Saved config file successfully
23:57:02 saveConfig: saving-data
23:57:02 Saving pets file
23:57:02 Saved pets file successfully
23:57:02 saveConfig: saving-data
23:57:02 Saving pets file
23:57:02 Saved pets file successfully
23:57:29 saveConfig: saving-data
23:57:29 Saving sacks file
23:57:29 Saved sacks file successfully
23:57:29 saveConfig: saving-data
23:57:29 Saving sacks file
23:57:29 Saved sacks file successfully
23:57:33 saveConfig: saving-data
23:57:33 Saving pets file
23:57:33 Saved pets file successfully
23:57:33 saveConfig: saving-data
23:57:33 Saving pets file
23:57:33 Saved pets file successfully
23:57:38 saveConfig: auto-save-60s
23:57:38 Saving config file
23:57:38 Saved config file successfully
23:57:38 saveConfig: auto-save-60s
23:57:38 Saving config file
23:57:38 Saved config file successfully
23:58:04 saveConfig: saving-data
23:58:04 Saving pets file
23:58:04 Saved pets file successfully
23:58:04 saveConfig: saving-data
23:58:04 Saving pets file
23:58:04 Saved pets file successfully
23:58:35 saveConfig: saving-data
23:58:35 Saving pets file
23:58:35 Saved pets file successfully
23:58:35 saveConfig: saving-data
23:58:35 Saving pets file
23:58:35 Saved pets file successfully
23:58:38 saveConfig: auto-save-60s
23:58:38 Saving config file
23:58:38 Saved config file successfully
23:58:38 saveConfig: auto-save-60s
23:58:38 Saving config file
23:58:38 Saved config file successfully
23:59:06 saveConfig: saving-data
23:59:06 Saving pets file
23:59:06 Saved pets file successfully
23:59:06 saveConfig: saving-data
23:59:06 Saving pets file
23:59:06 Saved pets file successfully
23:59:38 saveConfig: auto-save-60s
23:59:38 Saving config file
23:59:38 Saved config file successfully
23:59:38 saveConfig: auto-save-60s
23:59:38 Saving config file
23:59:38 Saved config file successfully
00:00:38 saveConfig: auto-save-60s
00:00:38 Saving config file
00:00:38 Saved config file successfully
00:00:38 saveConfig: auto-save-60s
00:00:38 Saving config file
00:00:38 Saved config file successfully
00:01:38 saveConfig: auto-save-60s
00:01:38 Saving config file
00:01:38 Saved config file successfully
00:01:38 saveConfig: auto-save-60s
00:01:38 Saving config file
00:01:38 Saved config file successfully
00:02:08 saveConfig: saving-data
00:02:08 Saving pets file
00:02:08 Saved pets file successfully
00:02:08 saveConfig: saving-data
00:02:08 Saving pets file
00:02:08 Saved pets file successfully
00:02:38 saveConfig: auto-save-60s
00:02:38 Saving config file
00:02:38 Saved config file successfully
00:02:38 saveConfig: auto-save-60s
00:02:38 Saving config file
00:02:38 Saved config file successfully
00:03:38 saveConfig: auto-save-60s
00:03:38 Saving config file
00:03:38 Saved config file successfully
00:03:38 saveConfig: auto-save-60s
00:03:38 Saving config file
00:03:38 Saved config file successfully
00:04:38 saveConfig: auto-save-60s
00:04:38 Saving config file
00:04:38 Saved config file successfully
00:04:38 saveConfig: auto-save-60s
00:04:38 Saving config file
00:04:38 Saved config file successfully
00:05:38 saveConfig: auto-save-60s
00:05:38 Saving config file
00:05:38 Saved config file successfully
00:05:38 saveConfig: auto-save-60s
00:05:38 Saving config file
00:05:38 Saved config file successfully
00:06:38 saveConfig: auto-save-60s
00:06:38 Saving config file
00:06:38 Saved config file successfully
00:06:38 saveConfig: auto-save-60s
00:06:38 Saving config file
00:06:38 Saved config file successfully
00:07:38 saveConfig: auto-save-60s
00:07:38 Saving config file
00:07:38 Saved config file successfully
00:07:38 saveConfig: auto-save-60s
00:07:38 Saving config file
00:07:38 Saved config file successfully
00:07:40 saveConfig: saving-data
00:07:40 Saving pets file
00:07:41 Saved pets file successfully
00:07:41 saveConfig: saving-data
00:07:41 Saving pets file
00:07:41 Saved pets file successfully
00:08:38 saveConfig: auto-save-60s
00:08:38 Saving config file
00:08:38 Saved config file successfully
00:08:38 saveConfig: auto-save-60s
00:08:38 Saving config file
00:08:38 Saved config file successfully
00:09:38 saveConfig: auto-save-60s
00:09:38 Saving config file
00:09:38 Saved config file successfully
00:09:38 saveConfig: auto-save-60s
00:09:38 Saving config file
00:09:38 Saved config file successfully
00:10:38 saveConfig: auto-save-60s
00:10:38 Saving config file
00:10:38 Saved config file successfully
00:10:38 saveConfig: auto-save-60s
00:10:38 Saving config file
00:10:38 Saved config file successfully
00:11:14 saveConfig: saving-data
00:11:14 Saving pets file
00:11:14 Saved pets file successfully
00:11:14 saveConfig: saving-data
00:11:14 Saving pets file
00:11:14 Saved pets file successfully
00:11:38 saveConfig: auto-save-60s
00:11:38 Saving config file
00:11:38 Saved config file successfully
00:11:38 saveConfig: auto-save-60s
00:11:38 Saving config file
00:11:38 Saved config file successfully
00:11:45 saveConfig: saving-data
00:11:45 Saving pets file
00:11:45 Saved pets file successfully
00:11:45 saveConfig: saving-data
00:11:45 Saving pets file
00:11:45 Saved pets file successfully
00:12:27 saveConfig: saving-data
00:12:27 Saving pets file
00:12:27 Saved pets file successfully
00:12:27 saveConfig: saving-data
00:12:27 Saving pets file
00:12:27 Saved pets file successfully
00:12:38 saveConfig: auto-save-60s
00:12:38 Saving config file
00:12:38 Saved config file successfully
00:12:38 saveConfig: auto-save-60s
00:12:38 Saving config file
00:12:38 Saved config file successfully
00:12:57 saveConfig: saving-data
00:12:57 Saving pets file
00:12:58 Saved pets file successfully
00:12:58 saveConfig: saving-data
00:12:58 Saving pets file
00:12:58 Saved pets file successfully
00:13:38 saveConfig: auto-save-60s
00:13:38 Saving config file
00:13:38 Saved config file successfully
00:13:38 saveConfig: auto-save-60s
00:13:38 Saving config file
00:13:38 Saved config file successfully
00:14:38 saveConfig: auto-save-60s
00:14:38 Saving config file
00:14:38 Saved config file successfully
00:14:38 saveConfig: auto-save-60s
00:14:38 Saving config file
00:14:38 Saved config file successfully
00:15:38 saveConfig: auto-save-60s
00:15:38 Saving config file
00:15:38 Saved config file successfully
00:15:38 saveConfig: auto-save-60s
00:15:38 Saving config file
00:15:38 Saved config file successfully
00:16:38 saveConfig: auto-save-60s
00:16:38 Saving config file
00:16:38 Saved config file successfully
00:16:38 saveConfig: auto-save-60s
00:16:38 Saving config file
00:16:38 Saved config file successfully
00:17:38 saveConfig: auto-save-60s
00:17:38 Saving config file
00:17:38 Saved config file successfully
00:17:38 saveConfig: auto-save-60s
00:17:38 Saving config file
00:17:38 Saved config file successfully
00:18:38 saveConfig: auto-save-60s
00:18:38 Saving config file
00:18:38 Saved config file successfully
00:18:38 saveConfig: auto-save-60s
00:18:38 Saving config file
00:18:38 Saved config file successfully
00:19:38 saveConfig: auto-save-60s
00:19:38 Saving config file
00:19:38 Saved config file successfully
00:19:38 saveConfig: auto-save-60s
00:19:38 Saving config file
00:19:38 Saved config file successfully
00:20:38 saveConfig: auto-save-60s
00:20:38 Saving config file
00:20:38 Saved config file successfully
00:20:38 saveConfig: auto-save-60s
00:20:38 Saving config file
00:20:38 Saved config file successfully
00:21:38 saveConfig: auto-save-60s
00:21:38 Saving config file
00:21:38 Saved config file successfully
00:21:38 saveConfig: auto-save-60s
00:21:38 Saving config file
00:21:38 Saved config file successfully
00:22:38 saveConfig: auto-save-60s
00:22:38 Saving config file
00:22:38 Saved config file successfully
00:22:38 saveConfig: auto-save-60s
00:22:38 Saving config file
00:22:38 Saved config file successfully
00:23:38 saveConfig: auto-save-60s
00:23:38 Saving config file
00:23:38 Saved config file successfully
00:23:38 saveConfig: auto-save-60s
00:23:38 Saving config file
00:23:38 Saved config file successfully
00:24:17 saveConfig: shutdown-hook
00:24:17 Saving config file
00:24:17 Saved config file successfully
00:24:17 saveConfig: shutdown-hook
00:24:17 Saving config file
