17:35:34 [STASH_COMPACT] §f                     §7You have §a2 §7items stashed away!
17:35:34 [STASH_COMPACT] §f                §6§l>>> §6§lCLICK HERE§e to pick them up! §6§l<<<
17:35:34 [STASH_COMPACT]   
17:35:34 [STASH_COMPACT] §f                §7You have §31,856 §7materials stashed away!
17:35:34 [STASH_COMPACT] §f              §8(This totals 3 types of materials stashed!)
17:35:34 [STASH_COMPACT] §f                §3§l>>> §3§lCLICK HERE§b to pick them up! §3§l<<<
17:35:34 [STASH_COMPACT]   
17:36:35 [STASH_COMPACT] §f                     §7You have §a2 §7items stashed away!
17:36:35 [STASH_COMPACT] §f                §6§l>>> §6§lCLICK HERE§e to pick them up! §6§l<<<
17:36:35 [STASH_COMPACT]   
17:36:35 [STASH_COMPACT] §f                §7You have §31,856 §7materials stashed away!
17:36:35 [STASH_COMPACT] §f              §8(This totals 3 types of materials stashed!)
17:36:35 [STASH_COMPACT] §f                §3§l>>> §3§lCLICK HERE§b to pick them up! §3§l<<<
17:36:35 [STASH_COMPACT]   
17:36:36 [BESTIARY] §f                                  §6§lBESTIARY
17:36:36 [BESTIARY] §f                          §b§lStar Sentry §7§8VI §8➡§b §bVII
17:36:36 [BESTIARY] 
17:36:36 [BESTIARY] §f                                  §r§6§lREWARDS
17:36:36 [BESTIARY] §f                      §r§8+§r§a3 §r§5Star Sentry §r§b✯ Magic Find
17:36:36 [BESTIARY] §f                       §r§8+§r§a3 §r§5Star Sentry §r§c❁ Strength
17:36:36 [BESTIARY] §f                          §r§8+§r§62% §r§a§r§5Star Sentry §r§7coins
17:36:36 [BESTIARY] §f                    §r§8+§r§a50% §r§7chance for extra XP orbs
17:36:36 [BESTIARY] §f                               §r§8+§r§b1 SkyBlock XP
17:36:36 [BESTIARY] 
17:36:36 [BESTIARY] §3§l▬▬▬▬▬▬▬▬▬▬▬▬▬▬▬▬▬▬▬▬▬▬▬▬▬▬▬▬▬▬▬▬▬▬▬▬▬▬▬▬▬▬▬▬▬▬▬▬▬▬▬▬▬▬▬▬▬▬▬▬▬▬▬▬
17:37:35 [STASH_COMPACT] §f                     §7You have §a2 §7items stashed away!
17:37:35 [STASH_COMPACT] §f                §6§l>>> §6§lCLICK HERE§e to pick them up! §6§l<<<
17:37:35 [STASH_COMPACT]   
17:37:35 [STASH_COMPACT] §f                §7You have §31,856 §7materials stashed away!
17:37:35 [STASH_COMPACT] §f              §8(This totals 3 types of materials stashed!)
17:37:35 [STASH_COMPACT] §f                §3§l>>> §3§lCLICK HERE§b to pick them up! §3§l<<<
17:37:35 [STASH_COMPACT]   
17:38:48 [STASH_COMPACT] §f                     §7You have §a2 §7items stashed away!
17:38:48 [STASH_COMPACT] §f                §6§l>>> §6§lCLICK HERE§e to pick them up! §6§l<<<
17:38:48 [STASH_COMPACT]   
17:38:48 [STASH_COMPACT] §f                §7You have §31,856 §7materials stashed away!
17:38:48 [STASH_COMPACT] §f              §8(This totals 3 types of materials stashed!)
17:38:48 [STASH_COMPACT] §f                §3§l>>> §3§lCLICK HERE§b to pick them up! §3§l<<<
17:38:48 [STASH_COMPACT]   
17:39:48 [STASH_COMPACT] §f                     §7You have §a2 §7items stashed away!
17:39:48 [STASH_COMPACT] §f                §6§l>>> §6§lCLICK HERE§e to pick them up! §6§l<<<
17:39:48 [STASH_COMPACT]   
17:39:48 [STASH_COMPACT] §f                §7You have §31,856 §7materials stashed away!
17:39:48 [STASH_COMPACT] §f              §8(This totals 3 types of materials stashed!)
17:39:48 [STASH_COMPACT] §f                §3§l>>> §3§lCLICK HERE§b to pick them up! §3§l<<<
17:39:48 [STASH_COMPACT]   
17:40:48 [STASH_COMPACT] §f                     §7You have §a2 §7items stashed away!
17:40:48 [STASH_COMPACT] §f                §6§l>>> §6§lCLICK HERE§e to pick them up! §6§l<<<
17:40:48 [STASH_COMPACT]   
17:40:48 [STASH_COMPACT] §f                §7You have §31,856 §7materials stashed away!
17:40:48 [STASH_COMPACT] §f              §8(This totals 3 types of materials stashed!)
17:40:48 [STASH_COMPACT] §f                §3§l>>> §3§lCLICK HERE§b to pick them up! §3§l<<<
17:40:48 [STASH_COMPACT]   
17:41:28 [STASH_COMPACT] §f                     §7You have §a2 §7items stashed away!
17:41:28 [STASH_COMPACT] §f                §6§l>>> §6§lCLICK HERE§e to pick them up! §6§l<<<
17:41:28 [STASH_COMPACT]   
17:41:28 [STASH_COMPACT] §f                §7You have §31,856 §7materials stashed away!
17:41:28 [STASH_COMPACT] §f              §8(This totals 3 types of materials stashed!)
17:41:28 [STASH_COMPACT] §f                §3§l>>> §3§lCLICK HERE§b to pick them up! §3§l<<<
17:41:28 [STASH_COMPACT]   
17:42:29 [STASH_COMPACT] §f                     §7You have §a2 §7items stashed away!
17:42:29 [STASH_COMPACT] §f                §6§l>>> §6§lCLICK HERE§e to pick them up! §6§l<<<
17:42:29 [STASH_COMPACT]   
17:42:29 [STASH_COMPACT] §f                §7You have §31,856 §7materials stashed away!
17:42:29 [STASH_COMPACT] §f              §8(This totals 3 types of materials stashed!)
17:42:29 [STASH_COMPACT] §f                §3§l>>> §3§lCLICK HERE§b to pick them up! §3§l<<<
17:42:29 [STASH_COMPACT]   
17:43:30 [STASH_COMPACT] §f                     §7You have §a2 §7items stashed away!
17:43:30 [STASH_COMPACT] §f                §6§l>>> §6§lCLICK HERE§e to pick them up! §6§l<<<
17:43:30 [STASH_COMPACT]   
17:43:30 [STASH_COMPACT] §f                §7You have §31,856 §7materials stashed away!
17:43:30 [STASH_COMPACT] §f              §8(This totals 3 types of materials stashed!)
17:43:30 [STASH_COMPACT] §f                §3§l>>> §3§lCLICK HERE§b to pick them up! §3§l<<<
17:43:30 [STASH_COMPACT]   
17:44:31 [STASH_COMPACT] §f                     §7You have §a2 §7items stashed away!
17:44:31 [STASH_COMPACT] §f                §6§l>>> §6§lCLICK HERE§e to pick them up! §6§l<<<
17:44:31 [STASH_COMPACT]   
17:44:31 [STASH_COMPACT] §f                §7You have §31,856 §7materials stashed away!
17:44:31 [STASH_COMPACT] §f              §8(This totals 3 types of materials stashed!)
17:44:31 [STASH_COMPACT] §f                §3§l>>> §3§lCLICK HERE§b to pick them up! §3§l<<<
17:44:31 [STASH_COMPACT]   
17:45:32 [STASH_COMPACT] §f                     §7You have §a2 §7items stashed away!
17:45:32 [STASH_COMPACT] §f                §6§l>>> §6§lCLICK HERE§e to pick them up! §6§l<<<
17:45:32 [STASH_COMPACT]   
17:45:32 [STASH_COMPACT] §f                §7You have §31,856 §7materials stashed away!
17:45:32 [STASH_COMPACT] §f              §8(This totals 3 types of materials stashed!)
17:45:32 [STASH_COMPACT] §f                §3§l>>> §3§lCLICK HERE§b to pick them up! §3§l<<<
17:45:32 [STASH_COMPACT]   
17:46:26 [STASH_COMPACT] §f                     §7You have §a2 §7items stashed away!
17:46:26 [STASH_COMPACT] §f                §6§l>>> §6§lCLICK HERE§e to pick them up! §6§l<<<
17:46:26 [STASH_COMPACT]   
17:46:26 [STASH_COMPACT] §f                §7You have §31,856 §7materials stashed away!
17:46:26 [STASH_COMPACT] §f              §8(This totals 3 types of materials stashed!)
17:46:26 [STASH_COMPACT] §f                §3§l>>> §3§lCLICK HERE§b to pick them up! §3§l<<<
17:46:26 [STASH_COMPACT]   
17:47:22 [STASH_COMPACT] §f                     §7You have §a2 §7items stashed away!
17:47:22 [STASH_COMPACT] §f                §6§l>>> §6§lCLICK HERE§e to pick them up! §6§l<<<
17:47:22 [STASH_COMPACT]   
17:47:22 [STASH_COMPACT] §f                §7You have §31,856 §7materials stashed away!
17:47:22 [STASH_COMPACT] §f              §8(This totals 3 types of materials stashed!)
17:47:22 [STASH_COMPACT] §f                §3§l>>> §3§lCLICK HERE§b to pick them up! §3§l<<<
17:47:22 [STASH_COMPACT]   
17:48:20 [STASH_COMPACT] §f                     §7You have §a2 §7items stashed away!
17:48:20 [STASH_COMPACT] §f                §6§l>>> §6§lCLICK HERE§e to pick them up! §6§l<<<
17:48:20 [STASH_COMPACT]   
17:48:20 [STASH_COMPACT] §f                §7You have §31,856 §7materials stashed away!
17:48:20 [STASH_COMPACT] §f              §8(This totals 3 types of materials stashed!)
17:48:20 [STASH_COMPACT] §f                §3§l>>> §3§lCLICK HERE§b to pick them up! §3§l<<<
17:48:20 [STASH_COMPACT]   
17:49:20 [STASH_COMPACT] §f                     §7You have §a2 §7items stashed away!
17:49:20 [STASH_COMPACT] §f                §6§l>>> §6§lCLICK HERE§e to pick them up! §6§l<<<
17:49:20 [STASH_COMPACT]   
17:49:20 [STASH_COMPACT] §f                §7You have §31,856 §7materials stashed away!
17:49:20 [STASH_COMPACT] §f              §8(This totals 3 types of materials stashed!)
17:49:20 [STASH_COMPACT] §f                §3§l>>> §3§lCLICK HERE§b to pick them up! §3§l<<<
17:49:20 [STASH_COMPACT]   
17:50:20 [STASH_COMPACT] §f                     §7You have §a2 §7items stashed away!
17:50:20 [STASH_COMPACT] §f                §6§l>>> §6§lCLICK HERE§e to pick them up! §6§l<<<
17:50:20 [STASH_COMPACT]   
17:50:20 [STASH_COMPACT] §f                §7You have §31,856 §7materials stashed away!
17:50:20 [STASH_COMPACT] §f              §8(This totals 3 types of materials stashed!)
17:50:20 [STASH_COMPACT] §f                §3§l>>> §3§lCLICK HERE§b to pick them up! §3§l<<<
17:50:20 [STASH_COMPACT]   
17:51:21 [STASH_COMPACT] §f                     §7You have §a2 §7items stashed away!
17:51:21 [STASH_COMPACT] §f                §6§l>>> §6§lCLICK HERE§e to pick them up! §6§l<<<
17:51:21 [STASH_COMPACT]   
17:51:21 [STASH_COMPACT] §f                §7You have §31,856 §7materials stashed away!
17:51:21 [STASH_COMPACT] §f              §8(This totals 3 types of materials stashed!)
17:51:21 [STASH_COMPACT] §f                §3§l>>> §3§lCLICK HERE§b to pick them up! §3§l<<<
17:51:21 [STASH_COMPACT]   
17:52:21 [STASH_COMPACT] §f                     §7You have §a2 §7items stashed away!
17:52:21 [STASH_COMPACT] §f                §6§l>>> §6§lCLICK HERE§e to pick them up! §6§l<<<
17:52:21 [STASH_COMPACT]   
17:52:21 [STASH_COMPACT] §f                §7You have §31,856 §7materials stashed away!
17:52:21 [STASH_COMPACT] §f              §8(This totals 3 types of materials stashed!)
17:52:21 [STASH_COMPACT] §f                §3§l>>> §3§lCLICK HERE§b to pick them up! §3§l<<<
17:52:21 [STASH_COMPACT]   
17:53:21 [STASH_COMPACT] §f                     §7You have §a2 §7items stashed away!
17:53:21 [STASH_COMPACT] §f                §6§l>>> §6§lCLICK HERE§e to pick them up! §6§l<<<
17:53:21 [STASH_COMPACT]   
17:53:21 [STASH_COMPACT] §f                §7You have §31,856 §7materials stashed away!
17:53:21 [STASH_COMPACT] §f              §8(This totals 3 types of materials stashed!)
17:53:21 [STASH_COMPACT] §f                §3§l>>> §3§lCLICK HERE§b to pick them up! §3§l<<<
17:53:21 [STASH_COMPACT]   
17:54:54 [STASH_COMPACT] §f                     §7You have §a2 §7items stashed away!
17:54:54 [STASH_COMPACT] §f                §6§l>>> §6§lCLICK HERE§e to pick them up! §6§l<<<
17:54:54 [STASH_COMPACT]   
17:54:54 [STASH_COMPACT] §f                §7You have §31,856 §7materials stashed away!
17:54:54 [STASH_COMPACT] §f              §8(This totals 3 types of materials stashed!)
17:54:54 [STASH_COMPACT] §f                §3§l>>> §3§lCLICK HERE§b to pick them up! §3§l<<<
17:54:54 [STASH_COMPACT]   
17:55:54 [STASH_COMPACT] §f                     §7You have §a2 §7items stashed away!
17:55:54 [STASH_COMPACT] §f                §6§l>>> §6§lCLICK HERE§e to pick them up! §6§l<<<
17:55:54 [STASH_COMPACT]   
17:55:54 [STASH_COMPACT] §f                §7You have §31,856 §7materials stashed away!
17:55:54 [STASH_COMPACT] §f              §8(This totals 3 types of materials stashed!)
17:55:54 [STASH_COMPACT] §f                §3§l>>> §3§lCLICK HERE§b to pick them up! §3§l<<<
17:55:54 [STASH_COMPACT]   
17:56:55 [STASH_COMPACT] §f                     §7You have §a2 §7items stashed away!
17:56:55 [STASH_COMPACT] §f                §6§l>>> §6§lCLICK HERE§e to pick them up! §6§l<<<
17:56:55 [STASH_COMPACT]   
17:56:55 [STASH_COMPACT] §f                §7You have §31,856 §7materials stashed away!
17:56:55 [STASH_COMPACT] §f              §8(This totals 3 types of materials stashed!)
17:56:55 [STASH_COMPACT] §f                §3§l>>> §3§lCLICK HERE§b to pick them up! §3§l<<<
17:56:55 [STASH_COMPACT]   
17:57:57 [STASH_COMPACT] §f                     §7You have §a2 §7items stashed away!
17:57:57 [STASH_COMPACT] §f                §6§l>>> §6§lCLICK HERE§e to pick them up! §6§l<<<
17:57:57 [STASH_COMPACT]   
17:57:57 [STASH_COMPACT] §f                §7You have §31,856 §7materials stashed away!
17:57:57 [STASH_COMPACT] §f              §8(This totals 3 types of materials stashed!)
17:57:57 [STASH_COMPACT] §f                §3§l>>> §3§lCLICK HERE§b to pick them up! §3§l<<<
17:57:57 [STASH_COMPACT]   
17:58:58 [STASH_COMPACT] §f                     §7You have §a2 §7items stashed away!
17:58:58 [STASH_COMPACT] §f                §6§l>>> §6§lCLICK HERE§e to pick them up! §6§l<<<
17:58:58 [STASH_COMPACT]   
17:58:58 [STASH_COMPACT] §f                §7You have §31,856 §7materials stashed away!
17:58:58 [STASH_COMPACT] §f              §8(This totals 3 types of materials stashed!)
17:58:58 [STASH_COMPACT] §f                §3§l>>> §3§lCLICK HERE§b to pick them up! §3§l<<<
17:58:58 [STASH_COMPACT]   
17:59:59 [STASH_COMPACT] §f                     §7You have §a2 §7items stashed away!
17:59:59 [STASH_COMPACT] §f                §6§l>>> §6§lCLICK HERE§e to pick them up! §6§l<<<
17:59:59 [STASH_COMPACT]   
17:59:59 [STASH_COMPACT] §f                §7You have §31,856 §7materials stashed away!
17:59:59 [STASH_COMPACT] §f              §8(This totals 3 types of materials stashed!)
17:59:59 [STASH_COMPACT] §f                §3§l>>> §3§lCLICK HERE§b to pick them up! §3§l<<<
17:59:59 [STASH_COMPACT]   
18:01:02 [STASH_COMPACT] §f                     §7You have §a2 §7items stashed away!
18:01:02 [STASH_COMPACT] §f                §6§l>>> §6§lCLICK HERE§e to pick them up! §6§l<<<
18:01:02 [STASH_COMPACT]   
18:01:02 [STASH_COMPACT] §f                §7You have §31,856 §7materials stashed away!
18:01:02 [STASH_COMPACT] §f              §8(This totals 3 types of materials stashed!)
18:01:02 [STASH_COMPACT] §f                §3§l>>> §3§lCLICK HERE§b to pick them up! §3§l<<<
18:01:02 [STASH_COMPACT]   
18:02:01 [STASH_COMPACT] §f                     §7You have §a2 §7items stashed away!
18:02:01 [STASH_COMPACT] §f                §6§l>>> §6§lCLICK HERE§e to pick them up! §6§l<<<
18:02:01 [STASH_COMPACT]   
18:02:01 [STASH_COMPACT] §f                §7You have §31,856 §7materials stashed away!
18:02:01 [STASH_COMPACT] §f              §8(This totals 3 types of materials stashed!)
18:02:01 [STASH_COMPACT] §f                §3§l>>> §3§lCLICK HERE§b to pick them up! §3§l<<<
18:02:01 [STASH_COMPACT]   
18:03:02 [STASH_COMPACT] §f                     §7You have §a2 §7items stashed away!
18:03:02 [STASH_COMPACT] §f                §6§l>>> §6§lCLICK HERE§e to pick them up! §6§l<<<
18:03:02 [STASH_COMPACT]   
18:03:02 [STASH_COMPACT] §f                §7You have §31,856 §7materials stashed away!
18:03:02 [STASH_COMPACT] §f              §8(This totals 3 types of materials stashed!)
18:03:02 [STASH_COMPACT] §f                §3§l>>> §3§lCLICK HERE§b to pick them up! §3§l<<<
18:03:02 [STASH_COMPACT]   
18:04:02 [STASH_COMPACT] §f                     §7You have §a2 §7items stashed away!
18:04:02 [STASH_COMPACT] §f                §6§l>>> §6§lCLICK HERE§e to pick them up! §6§l<<<
18:04:02 [STASH_COMPACT]   
18:04:02 [STASH_COMPACT] §f                §7You have §31,856 §7materials stashed away!
18:04:02 [STASH_COMPACT] §f              §8(This totals 3 types of materials stashed!)
18:04:02 [STASH_COMPACT] §f                §3§l>>> §3§lCLICK HERE§b to pick them up! §3§l<<<
18:04:02 [STASH_COMPACT]   
18:05:03 [STASH_COMPACT] §f                     §7You have §a2 §7items stashed away!
18:05:03 [STASH_COMPACT] §f                §6§l>>> §6§lCLICK HERE§e to pick them up! §6§l<<<
18:05:03 [STASH_COMPACT]   
18:05:03 [STASH_COMPACT] §f                §7You have §31,856 §7materials stashed away!
18:05:03 [STASH_COMPACT] §f              §8(This totals 3 types of materials stashed!)
18:05:03 [STASH_COMPACT] §f                §3§l>>> §3§lCLICK HERE§b to pick them up! §3§l<<<
18:05:03 [STASH_COMPACT]   
18:06:04 [STASH_COMPACT] §f                     §7You have §a2 §7items stashed away!
18:06:04 [STASH_COMPACT] §f                §6§l>>> §6§lCLICK HERE§e to pick them up! §6§l<<<
18:06:04 [STASH_COMPACT]   
18:06:04 [STASH_COMPACT] §f                §7You have §31,856 §7materials stashed away!
18:06:04 [STASH_COMPACT] §f              §8(This totals 3 types of materials stashed!)
18:06:04 [STASH_COMPACT] §f                §3§l>>> §3§lCLICK HERE§b to pick them up! §3§l<<<
18:06:04 [STASH_COMPACT]   
18:07:05 [STASH_COMPACT] §f                     §7You have §a2 §7items stashed away!
18:07:05 [STASH_COMPACT] §f                §6§l>>> §6§lCLICK HERE§e to pick them up! §6§l<<<
18:07:05 [STASH_COMPACT]   
18:07:05 [STASH_COMPACT] §f                §7You have §31,856 §7materials stashed away!
18:07:05 [STASH_COMPACT] §f              §8(This totals 3 types of materials stashed!)
18:07:05 [STASH_COMPACT] §f                §3§l>>> §3§lCLICK HERE§b to pick them up! §3§l<<<
18:07:05 [STASH_COMPACT]   
18:08:06 [STASH_COMPACT] §f                     §7You have §a2 §7items stashed away!
18:08:06 [STASH_COMPACT] §f                §6§l>>> §6§lCLICK HERE§e to pick them up! §6§l<<<
18:08:06 [STASH_COMPACT]   
18:08:06 [STASH_COMPACT] §f                §7You have §31,856 §7materials stashed away!
18:08:06 [STASH_COMPACT] §f              §8(This totals 3 types of materials stashed!)
18:08:06 [STASH_COMPACT] §f                §3§l>>> §3§lCLICK HERE§b to pick them up! §3§l<<<
18:08:06 [STASH_COMPACT]   
18:09:07 [STASH_COMPACT] §f                     §7You have §a2 §7items stashed away!
18:09:07 [STASH_COMPACT] §f                §6§l>>> §6§lCLICK HERE§e to pick them up! §6§l<<<
18:09:07 [STASH_COMPACT]   
18:09:07 [STASH_COMPACT] §f                §7You have §31,856 §7materials stashed away!
18:09:07 [STASH_COMPACT] §f              §8(This totals 3 types of materials stashed!)
18:09:07 [STASH_COMPACT] §f                §3§l>>> §3§lCLICK HERE§b to pick them up! §3§l<<<
18:09:07 [STASH_COMPACT]   
18:10:08 [STASH_COMPACT] §f                     §7You have §a2 §7items stashed away!
18:10:08 [STASH_COMPACT] §f                §6§l>>> §6§lCLICK HERE§e to pick them up! §6§l<<<
18:10:08 [STASH_COMPACT]   
18:10:08 [STASH_COMPACT] §f                §7You have §31,856 §7materials stashed away!
18:10:08 [STASH_COMPACT] §f              §8(This totals 3 types of materials stashed!)
18:10:08 [STASH_COMPACT] §f                §3§l>>> §3§lCLICK HERE§b to pick them up! §3§l<<<
18:10:08 [STASH_COMPACT]   
18:11:09 [STASH_COMPACT] §f                     §7You have §a2 §7items stashed away!
18:11:09 [STASH_COMPACT] §f                §6§l>>> §6§lCLICK HERE§e to pick them up! §6§l<<<
18:11:09 [STASH_COMPACT]   
18:11:09 [STASH_COMPACT] §f                §7You have §31,856 §7materials stashed away!
18:11:09 [STASH_COMPACT] §f              §8(This totals 3 types of materials stashed!)
18:11:09 [STASH_COMPACT] §f                §3§l>>> §3§lCLICK HERE§b to pick them up! §3§l<<<
18:11:09 [STASH_COMPACT]   
18:12:10 [STASH_COMPACT] §f                     §7You have §a2 §7items stashed away!
18:12:10 [STASH_COMPACT] §f                §6§l>>> §6§lCLICK HERE§e to pick them up! §6§l<<<
18:12:10 [STASH_COMPACT]   
18:12:10 [STASH_COMPACT] §f                §7You have §31,856 §7materials stashed away!
18:12:10 [STASH_COMPACT] §f              §8(This totals 3 types of materials stashed!)
18:12:10 [STASH_COMPACT] §f                §3§l>>> §3§lCLICK HERE§b to pick them up! §3§l<<<
18:12:10 [STASH_COMPACT]   
18:13:12 [STASH_COMPACT] §f                     §7You have §a2 §7items stashed away!
18:13:12 [STASH_COMPACT] §f                §6§l>>> §6§lCLICK HERE§e to pick them up! §6§l<<<
18:13:12 [STASH_COMPACT]   
18:13:12 [STASH_COMPACT] §f                §7You have §31,856 §7materials stashed away!
18:13:12 [STASH_COMPACT] §f              §8(This totals 3 types of materials stashed!)
18:13:12 [STASH_COMPACT] §f                §3§l>>> §3§lCLICK HERE§b to pick them up! §3§l<<<
18:13:12 [STASH_COMPACT]   
18:14:13 [STASH_COMPACT] §f                     §7You have §a2 §7items stashed away!
18:14:13 [STASH_COMPACT] §f                §6§l>>> §6§lCLICK HERE§e to pick them up! §6§l<<<
18:14:13 [STASH_COMPACT]   
18:14:13 [STASH_COMPACT] §f                §7You have §31,856 §7materials stashed away!
18:14:13 [STASH_COMPACT] §f              §8(This totals 3 types of materials stashed!)
18:14:13 [STASH_COMPACT] §f                §3§l>>> §3§lCLICK HERE§b to pick them up! §3§l<<<
18:14:13 [STASH_COMPACT]   
18:15:14 [STASH_COMPACT] §f                     §7You have §a2 §7items stashed away!
18:15:14 [STASH_COMPACT] §f                §6§l>>> §6§lCLICK HERE§e to pick them up! §6§l<<<
18:15:14 [STASH_COMPACT]   
18:15:14 [STASH_COMPACT] §f                §7You have §31,856 §7materials stashed away!
18:15:14 [STASH_COMPACT] §f              §8(This totals 3 types of materials stashed!)
18:15:14 [STASH_COMPACT] §f                §3§l>>> §3§lCLICK HERE§b to pick them up! §3§l<<<
18:15:14 [STASH_COMPACT]   
18:16:15 [STASH_COMPACT] §f                     §7You have §a2 §7items stashed away!
18:16:15 [STASH_COMPACT] §f                §6§l>>> §6§lCLICK HERE§e to pick them up! §6§l<<<
18:16:15 [STASH_COMPACT]   
18:16:15 [STASH_COMPACT] §f                §7You have §31,856 §7materials stashed away!
18:16:15 [STASH_COMPACT] §f              §8(This totals 3 types of materials stashed!)
18:16:15 [STASH_COMPACT] §f                §3§l>>> §3§lCLICK HERE§b to pick them up! §3§l<<<
18:16:15 [STASH_COMPACT]   
18:17:16 [STASH_COMPACT] §f                     §7You have §a2 §7items stashed away!
18:17:16 [STASH_COMPACT] §f                §6§l>>> §6§lCLICK HERE§e to pick them up! §6§l<<<
18:17:16 [STASH_COMPACT]   
18:17:16 [STASH_COMPACT] §f                §7You have §31,856 §7materials stashed away!
18:17:16 [STASH_COMPACT] §f              §8(This totals 3 types of materials stashed!)
18:17:16 [STASH_COMPACT] §f                §3§l>>> §3§lCLICK HERE§b to pick them up! §3§l<<<
18:17:16 [STASH_COMPACT]   
18:18:17 [STASH_COMPACT] §f                     §7You have §a2 §7items stashed away!
18:18:17 [STASH_COMPACT] §f                §6§l>>> §6§lCLICK HERE§e to pick them up! §6§l<<<
18:18:17 [STASH_COMPACT]   
18:18:17 [STASH_COMPACT] §f                §7You have §31,856 §7materials stashed away!
18:18:17 [STASH_COMPACT] §f              §8(This totals 3 types of materials stashed!)
18:18:17 [STASH_COMPACT] §f                §3§l>>> §3§lCLICK HERE§b to pick them up! §3§l<<<
18:18:17 [STASH_COMPACT]   
18:19:18 [STASH_COMPACT] §f                     §7You have §a2 §7items stashed away!
18:19:18 [STASH_COMPACT] §f                §6§l>>> §6§lCLICK HERE§e to pick them up! §6§l<<<
18:19:18 [STASH_COMPACT]   
18:19:18 [STASH_COMPACT] §f                §7You have §31,856 §7materials stashed away!
18:19:18 [STASH_COMPACT] §f              §8(This totals 3 types of materials stashed!)
18:19:18 [STASH_COMPACT] §f                §3§l>>> §3§lCLICK HERE§b to pick them up! §3§l<<<
18:19:18 [STASH_COMPACT]   
18:20:19 [STASH_COMPACT] §f                     §7You have §a2 §7items stashed away!
18:20:19 [STASH_COMPACT] §f                §6§l>>> §6§lCLICK HERE§e to pick them up! §6§l<<<
18:20:19 [STASH_COMPACT]   
18:20:19 [STASH_COMPACT] §f                §7You have §31,856 §7materials stashed away!
18:20:19 [STASH_COMPACT] §f              §8(This totals 3 types of materials stashed!)
18:20:19 [STASH_COMPACT] §f                §3§l>>> §3§lCLICK HERE§b to pick them up! §3§l<<<
18:20:19 [STASH_COMPACT]   
18:21:20 [STASH_COMPACT] §f                     §7You have §a2 §7items stashed away!
18:21:20 [STASH_COMPACT] §f                §6§l>>> §6§lCLICK HERE§e to pick them up! §6§l<<<
18:21:20 [STASH_COMPACT]   
18:21:20 [STASH_COMPACT] §f                §7You have §31,856 §7materials stashed away!
18:21:20 [STASH_COMPACT] §f              §8(This totals 3 types of materials stashed!)
18:21:20 [STASH_COMPACT] §f                §3§l>>> §3§lCLICK HERE§b to pick them up! §3§l<<<
18:21:20 [STASH_COMPACT]   
18:22:22 [STASH_COMPACT] §f                     §7You have §a2 §7items stashed away!
18:22:22 [STASH_COMPACT] §f                §6§l>>> §6§lCLICK HERE§e to pick them up! §6§l<<<
18:22:22 [STASH_COMPACT]   
18:22:22 [STASH_COMPACT] §f                §7You have §31,856 §7materials stashed away!
18:22:22 [STASH_COMPACT] §f              §8(This totals 3 types of materials stashed!)
18:22:22 [STASH_COMPACT] §f                §3§l>>> §3§lCLICK HERE§b to pick them up! §3§l<<<
18:22:22 [STASH_COMPACT]   
18:23:22 [STASH_COMPACT] §f                     §7You have §a2 §7items stashed away!
18:23:22 [STASH_COMPACT] §f                §6§l>>> §6§lCLICK HERE§e to pick them up! §6§l<<<
18:23:22 [STASH_COMPACT]   
18:23:22 [STASH_COMPACT] §f                §7You have §31,856 §7materials stashed away!
18:23:22 [STASH_COMPACT] §f              §8(This totals 3 types of materials stashed!)
18:23:22 [STASH_COMPACT] §f                §3§l>>> §3§lCLICK HERE§b to pick them up! §3§l<<<
18:23:22 [STASH_COMPACT]   
18:24:23 [STASH_COMPACT] §f                     §7You have §a2 §7items stashed away!
18:24:23 [STASH_COMPACT] §f                §6§l>>> §6§lCLICK HERE§e to pick them up! §6§l<<<
18:24:23 [STASH_COMPACT]   
18:24:23 [STASH_COMPACT] §f                §7You have §31,856 §7materials stashed away!
18:24:23 [STASH_COMPACT] §f              §8(This totals 3 types of materials stashed!)
18:24:23 [STASH_COMPACT] §f                §3§l>>> §3§lCLICK HERE§b to pick them up! §3§l<<<
18:24:23 [STASH_COMPACT]   
18:25:25 [STASH_COMPACT] §f                     §7You have §a2 §7items stashed away!
18:25:25 [STASH_COMPACT] §f                §6§l>>> §6§lCLICK HERE§e to pick them up! §6§l<<<
18:25:25 [STASH_COMPACT]   
18:25:25 [STASH_COMPACT] §f                §7You have §31,856 §7materials stashed away!
18:25:25 [STASH_COMPACT] §f              §8(This totals 3 types of materials stashed!)
18:25:25 [STASH_COMPACT] §f                §3§l>>> §3§lCLICK HERE§b to pick them up! §3§l<<<
18:25:25 [STASH_COMPACT]   
18:26:26 [STASH_COMPACT] §f                     §7You have §a2 §7items stashed away!
18:26:26 [STASH_COMPACT] §f                §6§l>>> §6§lCLICK HERE§e to pick them up! §6§l<<<
18:26:26 [STASH_COMPACT]   
18:26:26 [STASH_COMPACT] §f                §7You have §31,856 §7materials stashed away!
18:26:26 [STASH_COMPACT] §f              §8(This totals 3 types of materials stashed!)
18:26:26 [STASH_COMPACT] §f                §3§l>>> §3§lCLICK HERE§b to pick them up! §3§l<<<
18:26:26 [STASH_COMPACT]   
18:27:27 [STASH_COMPACT] §f                     §7You have §a2 §7items stashed away!
18:27:27 [STASH_COMPACT] §f                §6§l>>> §6§lCLICK HERE§e to pick them up! §6§l<<<
18:27:27 [STASH_COMPACT]   
18:27:27 [STASH_COMPACT] §f                §7You have §31,856 §7materials stashed away!
18:27:27 [STASH_COMPACT] §f              §8(This totals 3 types of materials stashed!)
18:27:27 [STASH_COMPACT] §f                §3§l>>> §3§lCLICK HERE§b to pick them up! §3§l<<<
18:27:27 [STASH_COMPACT]   
18:28:28 [STASH_COMPACT] §f                     §7You have §a2 §7items stashed away!
18:28:28 [STASH_COMPACT] §f                §6§l>>> §6§lCLICK HERE§e to pick them up! §6§l<<<
18:28:28 [STASH_COMPACT]   
18:28:28 [STASH_COMPACT] §f                §7You have §31,856 §7materials stashed away!
18:28:28 [STASH_COMPACT] §f              §8(This totals 3 types of materials stashed!)
18:28:28 [STASH_COMPACT] §f                §3§l>>> §3§lCLICK HERE§b to pick them up! §3§l<<<
18:28:28 [STASH_COMPACT]   
18:29:30 [STASH_COMPACT] §f                     §7You have §a2 §7items stashed away!
18:29:30 [STASH_COMPACT] §f                §6§l>>> §6§lCLICK HERE§e to pick them up! §6§l<<<
18:29:30 [STASH_COMPACT]   
18:29:30 [STASH_COMPACT] §f                §7You have §31,856 §7materials stashed away!
18:29:30 [STASH_COMPACT] §f              §8(This totals 3 types of materials stashed!)
18:29:30 [STASH_COMPACT] §f                §3§l>>> §3§lCLICK HERE§b to pick them up! §3§l<<<
18:29:30 [STASH_COMPACT]   
18:30:31 [STASH_COMPACT] §f                     §7You have §a2 §7items stashed away!
18:30:31 [STASH_COMPACT] §f                §6§l>>> §6§lCLICK HERE§e to pick them up! §6§l<<<
18:30:31 [STASH_COMPACT]   
18:30:31 [STASH_COMPACT] §f                §7You have §31,856 §7materials stashed away!
18:30:31 [STASH_COMPACT] §f              §8(This totals 3 types of materials stashed!)
18:30:31 [STASH_COMPACT] §f                §3§l>>> §3§lCLICK HERE§b to pick them up! §3§l<<<
18:30:31 [STASH_COMPACT]   
18:31:32 [STASH_COMPACT] §f                     §7You have §a2 §7items stashed away!
18:31:32 [STASH_COMPACT] §f                §6§l>>> §6§lCLICK HERE§e to pick them up! §6§l<<<
18:31:32 [STASH_COMPACT]   
18:31:32 [STASH_COMPACT] §f                §7You have §31,856 §7materials stashed away!
18:31:32 [STASH_COMPACT] §f              §8(This totals 3 types of materials stashed!)
18:31:32 [STASH_COMPACT] §f                §3§l>>> §3§lCLICK HERE§b to pick them up! §3§l<<<
18:31:32 [STASH_COMPACT]   
18:32:33 [STASH_COMPACT] §f                     §7You have §a2 §7items stashed away!
18:32:33 [STASH_COMPACT] §f                §6§l>>> §6§lCLICK HERE§e to pick them up! §6§l<<<
18:32:33 [STASH_COMPACT]   
18:32:33 [STASH_COMPACT] §f                §7You have §31,856 §7materials stashed away!
18:32:33 [STASH_COMPACT] §f              §8(This totals 3 types of materials stashed!)
18:32:33 [STASH_COMPACT] §f                §3§l>>> §3§lCLICK HERE§b to pick them up! §3§l<<<
18:32:33 [STASH_COMPACT]   
18:33:34 [STASH_COMPACT] §f                     §7You have §a2 §7items stashed away!
18:33:34 [STASH_COMPACT] §f                §6§l>>> §6§lCLICK HERE§e to pick them up! §6§l<<<
18:33:34 [STASH_COMPACT]   
18:33:34 [STASH_COMPACT] §f                §7You have §31,856 §7materials stashed away!
18:33:34 [STASH_COMPACT] §f              §8(This totals 3 types of materials stashed!)
18:33:34 [STASH_COMPACT] §f                §3§l>>> §3§lCLICK HERE§b to pick them up! §3§l<<<
18:33:34 [STASH_COMPACT]   
18:34:35 [STASH_COMPACT] §f                     §7You have §a2 §7items stashed away!
18:34:35 [STASH_COMPACT] §f                §6§l>>> §6§lCLICK HERE§e to pick them up! §6§l<<<
18:34:35 [STASH_COMPACT]   
18:34:35 [STASH_COMPACT] §f                §7You have §31,856 §7materials stashed away!
18:34:35 [STASH_COMPACT] §f              §8(This totals 3 types of materials stashed!)
18:34:35 [STASH_COMPACT] §f                §3§l>>> §3§lCLICK HERE§b to pick them up! §3§l<<<
18:34:35 [STASH_COMPACT]   
18:35:36 [STASH_COMPACT] §f                     §7You have §a2 §7items stashed away!
18:35:36 [STASH_COMPACT] §f                §6§l>>> §6§lCLICK HERE§e to pick them up! §6§l<<<
18:35:36 [STASH_COMPACT]   
18:35:36 [STASH_COMPACT] §f                §7You have §31,856 §7materials stashed away!
18:35:36 [STASH_COMPACT] §f              §8(This totals 3 types of materials stashed!)
18:35:36 [STASH_COMPACT] §f                §3§l>>> §3§lCLICK HERE§b to pick them up! §3§l<<<
18:35:36 [STASH_COMPACT]   
18:36:37 [STASH_COMPACT] §f                     §7You have §a2 §7items stashed away!
18:36:37 [STASH_COMPACT] §f                §6§l>>> §6§lCLICK HERE§e to pick them up! §6§l<<<
18:36:37 [STASH_COMPACT]   
18:36:37 [STASH_COMPACT] §f                §7You have §31,856 §7materials stashed away!
18:36:37 [STASH_COMPACT] §f              §8(This totals 3 types of materials stashed!)
18:36:37 [STASH_COMPACT] §f                §3§l>>> §3§lCLICK HERE§b to pick them up! §3§l<<<
18:36:37 [STASH_COMPACT]   
18:37:38 [STASH_COMPACT] §f                     §7You have §a2 §7items stashed away!
18:37:38 [STASH_COMPACT] §f                §6§l>>> §6§lCLICK HERE§e to pick them up! §6§l<<<
18:37:38 [STASH_COMPACT]   
18:37:38 [STASH_COMPACT] §f                §7You have §31,856 §7materials stashed away!
18:37:38 [STASH_COMPACT] §f              §8(This totals 3 types of materials stashed!)
18:37:38 [STASH_COMPACT] §f                §3§l>>> §3§lCLICK HERE§b to pick them up! §3§l<<<
18:37:38 [STASH_COMPACT]   
18:38:39 [STASH_COMPACT] §f                     §7You have §a2 §7items stashed away!
18:38:39 [STASH_COMPACT] §f                §6§l>>> §6§lCLICK HERE§e to pick them up! §6§l<<<
18:38:39 [STASH_COMPACT]   
18:38:39 [STASH_COMPACT] §f                §7You have §31,856 §7materials stashed away!
18:38:39 [STASH_COMPACT] §f              §8(This totals 3 types of materials stashed!)
18:38:39 [STASH_COMPACT] §f                §3§l>>> §3§lCLICK HERE§b to pick them up! §3§l<<<
18:38:39 [STASH_COMPACT]   
18:39:40 [STASH_COMPACT] §f                     §7You have §a2 §7items stashed away!
18:39:40 [STASH_COMPACT] §f                §6§l>>> §6§lCLICK HERE§e to pick them up! §6§l<<<
18:39:40 [STASH_COMPACT]   
18:39:40 [STASH_COMPACT] §f                §7You have §31,856 §7materials stashed away!
18:39:40 [STASH_COMPACT] §f              §8(This totals 3 types of materials stashed!)
18:39:40 [STASH_COMPACT] §f                §3§l>>> §3§lCLICK HERE§b to pick them up! §3§l<<<
18:39:40 [STASH_COMPACT]   
18:40:41 [STASH_COMPACT] §f                     §7You have §a2 §7items stashed away!
18:40:41 [STASH_COMPACT] §f                §6§l>>> §6§lCLICK HERE§e to pick them up! §6§l<<<
18:40:41 [STASH_COMPACT]   
18:40:41 [STASH_COMPACT] §f                §7You have §31,856 §7materials stashed away!
18:40:41 [STASH_COMPACT] §f              §8(This totals 3 types of materials stashed!)
18:40:41 [STASH_COMPACT] §f                §3§l>>> §3§lCLICK HERE§b to pick them up! §3§l<<<
18:40:41 [STASH_COMPACT]   
18:41:42 [STASH_COMPACT] §f                     §7You have §a2 §7items stashed away!
18:41:42 [STASH_COMPACT] §f                §6§l>>> §6§lCLICK HERE§e to pick them up! §6§l<<<
18:41:42 [STASH_COMPACT]   
18:41:42 [STASH_COMPACT] §f                §7You have §31,856 §7materials stashed away!
18:41:42 [STASH_COMPACT] §f              §8(This totals 3 types of materials stashed!)
18:41:42 [STASH_COMPACT] §f                §3§l>>> §3§lCLICK HERE§b to pick them up! §3§l<<<
18:41:42 [STASH_COMPACT]   
18:42:44 [STASH_COMPACT] §f                     §7You have §a2 §7items stashed away!
18:42:44 [STASH_COMPACT] §f                §6§l>>> §6§lCLICK HERE§e to pick them up! §6§l<<<
18:42:44 [STASH_COMPACT]   
18:42:44 [STASH_COMPACT] §f                §7You have §31,856 §7materials stashed away!
18:42:44 [STASH_COMPACT] §f              §8(This totals 3 types of materials stashed!)
18:42:44 [STASH_COMPACT] §f                §3§l>>> §3§lCLICK HERE§b to pick them up! §3§l<<<
18:42:44 [STASH_COMPACT]   
18:43:45 [STASH_COMPACT] §f                     §7You have §a2 §7items stashed away!
18:43:45 [STASH_COMPACT] §f                §6§l>>> §6§lCLICK HERE§e to pick them up! §6§l<<<
18:43:45 [STASH_COMPACT]   
18:43:45 [STASH_COMPACT] §f                §7You have §31,856 §7materials stashed away!
18:43:45 [STASH_COMPACT] §f              §8(This totals 3 types of materials stashed!)
18:43:45 [STASH_COMPACT] §f                §3§l>>> §3§lCLICK HERE§b to pick them up! §3§l<<<
18:43:45 [STASH_COMPACT]   
18:44:46 [STASH_COMPACT] §f                     §7You have §a2 §7items stashed away!
18:44:46 [STASH_COMPACT] §f                §6§l>>> §6§lCLICK HERE§e to pick them up! §6§l<<<
18:44:46 [STASH_COMPACT]   
18:44:46 [STASH_COMPACT] §f                §7You have §31,856 §7materials stashed away!
18:44:46 [STASH_COMPACT] §f              §8(This totals 3 types of materials stashed!)
18:44:46 [STASH_COMPACT] §f                §3§l>>> §3§lCLICK HERE§b to pick them up! §3§l<<<
18:44:46 [STASH_COMPACT]   
18:45:47 [STASH_COMPACT] §f                     §7You have §a2 §7items stashed away!
18:45:47 [STASH_COMPACT] §f                §6§l>>> §6§lCLICK HERE§e to pick them up! §6§l<<<
18:45:47 [STASH_COMPACT]   
18:45:47 [STASH_COMPACT] §f                §7You have §31,856 §7materials stashed away!
18:45:47 [STASH_COMPACT] §f              §8(This totals 3 types of materials stashed!)
18:45:47 [STASH_COMPACT] §f                §3§l>>> §3§lCLICK HERE§b to pick them up! §3§l<<<
18:45:47 [STASH_COMPACT]   
18:46:47 [STASH_COMPACT] §f                     §7You have §a2 §7items stashed away!
18:46:47 [STASH_COMPACT] §f                §6§l>>> §6§lCLICK HERE§e to pick them up! §6§l<<<
18:46:47 [STASH_COMPACT]   
18:46:47 [STASH_COMPACT] §f                §7You have §31,856 §7materials stashed away!
18:46:47 [STASH_COMPACT] §f              §8(This totals 3 types of materials stashed!)
18:46:47 [STASH_COMPACT] §f                §3§l>>> §3§lCLICK HERE§b to pick them up! §3§l<<<
18:46:47 [STASH_COMPACT]   
18:47:48 [STASH_COMPACT] §f                     §7You have §a2 §7items stashed away!
18:47:48 [STASH_COMPACT] §f                §6§l>>> §6§lCLICK HERE§e to pick them up! §6§l<<<
18:47:48 [STASH_COMPACT]   
18:47:48 [STASH_COMPACT] §f                §7You have §31,856 §7materials stashed away!
18:47:48 [STASH_COMPACT] §f              §8(This totals 3 types of materials stashed!)
18:47:48 [STASH_COMPACT] §f                §3§l>>> §3§lCLICK HERE§b to pick them up! §3§l<<<
18:47:48 [STASH_COMPACT]   
18:48:49 [STASH_COMPACT] §f                     §7You have §a2 §7items stashed away!
18:48:49 [STASH_COMPACT] §f                §6§l>>> §6§lCLICK HERE§e to pick them up! §6§l<<<
18:48:49 [STASH_COMPACT]   
18:48:49 [STASH_COMPACT] §f                §7You have §31,856 §7materials stashed away!
18:48:49 [STASH_COMPACT] §f              §8(This totals 3 types of materials stashed!)
18:48:49 [STASH_COMPACT] §f                §3§l>>> §3§lCLICK HERE§b to pick them up! §3§l<<<
18:48:49 [STASH_COMPACT]   
18:49:50 [STASH_COMPACT] §f                     §7You have §a2 §7items stashed away!
18:49:50 [STASH_COMPACT] §f                §6§l>>> §6§lCLICK HERE§e to pick them up! §6§l<<<
18:49:50 [STASH_COMPACT]   
18:49:50 [STASH_COMPACT] §f                §7You have §31,856 §7materials stashed away!
18:49:50 [STASH_COMPACT] §f              §8(This totals 3 types of materials stashed!)
18:49:50 [STASH_COMPACT] §f                §3§l>>> §3§lCLICK HERE§b to pick them up! §3§l<<<
18:49:50 [STASH_COMPACT]   
18:50:51 [STASH_COMPACT] §f                     §7You have §a2 §7items stashed away!
18:50:51 [STASH_COMPACT] §f                §6§l>>> §6§lCLICK HERE§e to pick them up! §6§l<<<
18:50:51 [STASH_COMPACT]   
18:50:51 [STASH_COMPACT] §f                §7You have §31,856 §7materials stashed away!
18:50:51 [STASH_COMPACT] §f              §8(This totals 3 types of materials stashed!)
18:50:51 [STASH_COMPACT] §f                §3§l>>> §3§lCLICK HERE§b to pick them up! §3§l<<<
18:50:51 [STASH_COMPACT]   
18:51:52 [STASH_COMPACT] §f                     §7You have §a2 §7items stashed away!
18:51:52 [STASH_COMPACT] §f                §6§l>>> §6§lCLICK HERE§e to pick them up! §6§l<<<
18:51:52 [STASH_COMPACT]   
18:51:52 [STASH_COMPACT] §f                §7You have §31,856 §7materials stashed away!
18:51:52 [STASH_COMPACT] §f              §8(This totals 3 types of materials stashed!)
18:51:52 [STASH_COMPACT] §f                §3§l>>> §3§lCLICK HERE§b to pick them up! §3§l<<<
18:51:52 [STASH_COMPACT]   
18:52:54 [STASH_COMPACT] §f                     §7You have §a2 §7items stashed away!
18:52:54 [STASH_COMPACT] §f                §6§l>>> §6§lCLICK HERE§e to pick them up! §6§l<<<
18:52:54 [STASH_COMPACT]   
18:52:54 [STASH_COMPACT] §f                §7You have §31,856 §7materials stashed away!
18:52:54 [STASH_COMPACT] §f              §8(This totals 3 types of materials stashed!)
18:52:54 [STASH_COMPACT] §f                §3§l>>> §3§lCLICK HERE§b to pick them up! §3§l<<<
18:52:54 [STASH_COMPACT]   
18:53:55 [STASH_COMPACT] §f                     §7You have §a2 §7items stashed away!
18:53:55 [STASH_COMPACT] §f                §6§l>>> §6§lCLICK HERE§e to pick them up! §6§l<<<
18:53:55 [STASH_COMPACT]   
18:53:55 [STASH_COMPACT] §f                §7You have §31,856 §7materials stashed away!
18:53:55 [STASH_COMPACT] §f              §8(This totals 3 types of materials stashed!)
18:53:55 [STASH_COMPACT] §f                §3§l>>> §3§lCLICK HERE§b to pick them up! §3§l<<<
18:53:55 [STASH_COMPACT]   
18:54:56 [STASH_COMPACT] §f                     §7You have §a2 §7items stashed away!
18:54:56 [STASH_COMPACT] §f                §6§l>>> §6§lCLICK HERE§e to pick them up! §6§l<<<
18:54:56 [STASH_COMPACT]   
18:54:56 [STASH_COMPACT] §f                §7You have §31,856 §7materials stashed away!
18:54:56 [STASH_COMPACT] §f              §8(This totals 3 types of materials stashed!)
18:54:56 [STASH_COMPACT] §f                §3§l>>> §3§lCLICK HERE§b to pick them up! §3§l<<<
18:54:56 [STASH_COMPACT]   
18:55:58 [STASH_COMPACT] §f                     §7You have §a2 §7items stashed away!
18:55:58 [STASH_COMPACT] §f                §6§l>>> §6§lCLICK HERE§e to pick them up! §6§l<<<
18:55:58 [STASH_COMPACT]   
18:55:58 [STASH_COMPACT] §f                §7You have §31,856 §7materials stashed away!
18:55:58 [STASH_COMPACT] §f              §8(This totals 3 types of materials stashed!)
18:55:58 [STASH_COMPACT] §f                §3§l>>> §3§lCLICK HERE§b to pick them up! §3§l<<<
18:55:58 [STASH_COMPACT]   
18:57:27 [STASH_COMPACT] §f                     §7You have §a2 §7items stashed away!
18:57:27 [STASH_COMPACT] §f                §6§l>>> §6§lCLICK HERE§e to pick them up! §6§l<<<
18:57:27 [STASH_COMPACT]   
18:57:27 [STASH_COMPACT] §f                §7You have §31,856 §7materials stashed away!
18:57:27 [STASH_COMPACT] §f              §8(This totals 3 types of materials stashed!)
18:57:27 [STASH_COMPACT] §f                §3§l>>> §3§lCLICK HERE§b to pick them up! §3§l<<<
18:57:27 [STASH_COMPACT]   
18:58:27 [STASH_COMPACT] §f                     §7You have §a2 §7items stashed away!
18:58:27 [STASH_COMPACT] §f                §6§l>>> §6§lCLICK HERE§e to pick them up! §6§l<<<
18:58:27 [STASH_COMPACT]   
18:58:27 [STASH_COMPACT] §f                §7You have §31,856 §7materials stashed away!
18:58:27 [STASH_COMPACT] §f              §8(This totals 3 types of materials stashed!)
18:58:27 [STASH_COMPACT] §f                §3§l>>> §3§lCLICK HERE§b to pick them up! §3§l<<<
18:58:27 [STASH_COMPACT]   
18:59:27 [STASH_COMPACT] §f                     §7You have §a2 §7items stashed away!
18:59:27 [STASH_COMPACT] §f                §6§l>>> §6§lCLICK HERE§e to pick them up! §6§l<<<
18:59:27 [STASH_COMPACT]   
18:59:27 [STASH_COMPACT] §f                §7You have §31,856 §7materials stashed away!
18:59:27 [STASH_COMPACT] §f              §8(This totals 3 types of materials stashed!)
18:59:27 [STASH_COMPACT] §f                §3§l>>> §3§lCLICK HERE§b to pick them up! §3§l<<<
18:59:27 [STASH_COMPACT]   
19:00:27 [STASH_COMPACT] §f                     §7You have §a2 §7items stashed away!
19:00:27 [STASH_COMPACT] §f                §6§l>>> §6§lCLICK HERE§e to pick them up! §6§l<<<
19:00:27 [STASH_COMPACT]   
19:00:27 [STASH_COMPACT] §f                §7You have §31,856 §7materials stashed away!
19:00:27 [STASH_COMPACT] §f              §8(This totals 3 types of materials stashed!)
19:00:27 [STASH_COMPACT] §f                §3§l>>> §3§lCLICK HERE§b to pick them up! §3§l<<<
19:00:27 [STASH_COMPACT]   
19:02:33 [STASH_COMPACT] §f                     §7You have §a2 §7items stashed away!
19:02:33 [STASH_COMPACT] §f                §6§l>>> §6§lCLICK HERE§e to pick them up! §6§l<<<
19:02:33 [STASH_COMPACT]   
19:02:33 [STASH_COMPACT] §f                §7You have §31,856 §7materials stashed away!
19:02:33 [STASH_COMPACT] §f              §8(This totals 3 types of materials stashed!)
19:02:33 [STASH_COMPACT] §f                §3§l>>> §3§lCLICK HERE§b to pick them up! §3§l<<<
19:02:33 [STASH_COMPACT]   
19:03:31 [STASH_COMPACT] §f                     §7You have §a2 §7items stashed away!
19:03:31 [STASH_COMPACT] §f                §6§l>>> §6§lCLICK HERE§e to pick them up! §6§l<<<
19:03:31 [STASH_COMPACT]   
19:03:31 [STASH_COMPACT] §f                §7You have §31,856 §7materials stashed away!
19:03:31 [STASH_COMPACT] §f              §8(This totals 3 types of materials stashed!)
19:03:31 [STASH_COMPACT] §f                §3§l>>> §3§lCLICK HERE§b to pick them up! §3§l<<<
19:03:31 [STASH_COMPACT]   
19:04:31 [STASH_COMPACT] §f                     §7You have §a2 §7items stashed away!
19:04:31 [STASH_COMPACT] §f                §6§l>>> §6§lCLICK HERE§e to pick them up! §6§l<<<
19:04:31 [STASH_COMPACT]   
19:04:31 [STASH_COMPACT] §f                §7You have §31,856 §7materials stashed away!
19:04:31 [STASH_COMPACT] §f              §8(This totals 3 types of materials stashed!)
19:04:31 [STASH_COMPACT] §f                §3§l>>> §3§lCLICK HERE§b to pick them up! §3§l<<<
19:04:31 [STASH_COMPACT]   
19:04:54 [STASH_COMPACT] §f                     §7You have §a2 §7items stashed away!
19:04:54 [STASH_COMPACT] §f                §6§l>>> §6§lCLICK HERE§e to pick them up! §6§l<<<
19:04:54 [STASH_COMPACT]   
19:04:54 [STASH_COMPACT] §f                §7You have §31,856 §7materials stashed away!
19:04:54 [STASH_COMPACT] §f              §8(This totals 3 types of materials stashed!)
19:04:54 [STASH_COMPACT] §f                §3§l>>> §3§lCLICK HERE§b to pick them up! §3§l<<<
19:04:54 [STASH_COMPACT]   
19:05:44 [STASH_COMPACT] §f                     §7You have §a2 §7items stashed away!
19:05:44 [STASH_COMPACT] §f                §6§l>>> §6§lCLICK HERE§e to pick them up! §6§l<<<
19:05:44 [STASH_COMPACT]   
19:05:44 [STASH_COMPACT] §f                §7You have §31,856 §7materials stashed away!
19:05:44 [STASH_COMPACT] §f              §8(This totals 3 types of materials stashed!)
19:05:44 [STASH_COMPACT] §f                §3§l>>> §3§lCLICK HERE§b to pick them up! §3§l<<<
19:05:44 [STASH_COMPACT]   
19:06:53 [STASH_COMPACT] §f                     §7You have §a2 §7items stashed away!
19:06:53 [STASH_COMPACT] §f                §6§l>>> §6§lCLICK HERE§e to pick them up! §6§l<<<
19:06:53 [STASH_COMPACT]   
19:06:53 [STASH_COMPACT] §f                §7You have §31,856 §7materials stashed away!
19:06:53 [STASH_COMPACT] §f              §8(This totals 3 types of materials stashed!)
19:06:53 [STASH_COMPACT] §f                §3§l>>> §3§lCLICK HERE§b to pick them up! §3§l<<<
19:06:53 [STASH_COMPACT]   
19:07:53 [STASH_COMPACT] §f                     §7You have §a2 §7items stashed away!
19:07:53 [STASH_COMPACT] §f                §6§l>>> §6§lCLICK HERE§e to pick them up! §6§l<<<
19:07:53 [STASH_COMPACT]   
19:07:53 [STASH_COMPACT] §f                §7You have §31,856 §7materials stashed away!
19:07:53 [STASH_COMPACT] §f              §8(This totals 3 types of materials stashed!)
19:07:53 [STASH_COMPACT] §f                §3§l>>> §3§lCLICK HERE§b to pick them up! §3§l<<<
19:07:53 [STASH_COMPACT]   
19:08:54 [STASH_COMPACT] §f                     §7You have §a2 §7items stashed away!
19:08:54 [STASH_COMPACT] §f                §6§l>>> §6§lCLICK HERE§e to pick them up! §6§l<<<
19:08:54 [STASH_COMPACT]   
19:08:54 [STASH_COMPACT] §f                §7You have §31,856 §7materials stashed away!
19:08:54 [STASH_COMPACT] §f              §8(This totals 3 types of materials stashed!)
19:08:54 [STASH_COMPACT] §f                §3§l>>> §3§lCLICK HERE§b to pick them up! §3§l<<<
19:08:54 [STASH_COMPACT]   
19:09:20 [STASH_COMPACT] §f                     §7You have §a2 §7items stashed away!
19:09:20 [STASH_COMPACT] §f                §6§l>>> §6§lCLICK HERE§e to pick them up! §6§l<<<
19:09:20 [STASH_COMPACT]   
19:09:20 [STASH_COMPACT] §f                §7You have §31,856 §7materials stashed away!
19:09:20 [STASH_COMPACT] §f              §8(This totals 3 types of materials stashed!)
19:09:20 [STASH_COMPACT] §f                §3§l>>> §3§lCLICK HERE§b to pick them up! §3§l<<<
19:09:20 [STASH_COMPACT]   
19:10:14 [STASH_COMPACT] §f                     §7You have §a2 §7items stashed away!
19:10:14 [STASH_COMPACT] §f                §6§l>>> §6§lCLICK HERE§e to pick them up! §6§l<<<
19:10:14 [STASH_COMPACT]   
19:10:14 [STASH_COMPACT] §f                §7You have §31,856 §7materials stashed away!
19:10:14 [STASH_COMPACT] §f              §8(This totals 3 types of materials stashed!)
19:10:14 [STASH_COMPACT] §f                §3§l>>> §3§lCLICK HERE§b to pick them up! §3§l<<<
19:10:14 [STASH_COMPACT]   
19:10:19 [BESTIARY] §f                                  §6§lBESTIARY
19:10:19 [BESTIARY] §f                         §b§lStar Sentry §7§8VII §8➡§b §bVIII
19:10:19 [BESTIARY] 
19:10:19 [BESTIARY] §f                                  §r§6§lREWARDS
19:10:19 [BESTIARY] §f                      §r§8+§r§a3 §r§5Star Sentry §r§b✯ Magic Find
19:10:19 [BESTIARY] §f                       §r§8+§r§a3 §r§5Star Sentry §r§c❁ Strength
19:10:19 [BESTIARY] §f                          §r§8+§r§62% §r§a§r§5Star Sentry §r§7coins
19:10:19 [BESTIARY] §f                    §r§8+§r§a50% §r§7chance for extra XP orbs
19:10:19 [BESTIARY] §f                               §r§8+§r§b1 SkyBlock XP
19:10:19 [BESTIARY] 
19:10:19 [BESTIARY]   §r§f                         §6§lBESTIARY MILESTONE
19:10:19 [BESTIARY]   §r§f                                  §8XCIV➡§eXCV
19:10:19 [BESTIARY] 
19:10:19 [BESTIARY] §3§l▬▬▬▬▬▬▬▬▬▬▬▬▬▬▬▬▬▬▬▬▬▬▬▬▬▬▬▬▬▬▬▬▬▬▬▬▬▬▬▬▬▬▬▬▬▬▬▬▬▬▬▬▬▬▬▬▬▬▬▬▬▬▬▬
19:11:14 [STASH_COMPACT] §f                     §7You have §a2 §7items stashed away!
19:11:14 [STASH_COMPACT] §f                §6§l>>> §6§lCLICK HERE§e to pick them up! §6§l<<<
19:11:14 [STASH_COMPACT]   
19:11:14 [STASH_COMPACT] §f                §7You have §31,856 §7materials stashed away!
19:11:14 [STASH_COMPACT] §f              §8(This totals 3 types of materials stashed!)
19:11:14 [STASH_COMPACT] §f                §3§l>>> §3§lCLICK HERE§b to pick them up! §3§l<<<
19:11:14 [STASH_COMPACT]   
19:12:15 [STASH_COMPACT] §f                     §7You have §a2 §7items stashed away!
19:12:15 [STASH_COMPACT] §f                §6§l>>> §6§lCLICK HERE§e to pick them up! §6§l<<<
19:12:15 [STASH_COMPACT]   
19:12:15 [STASH_COMPACT] §f                §7You have §31,856 §7materials stashed away!
19:12:15 [STASH_COMPACT] §f              §8(This totals 3 types of materials stashed!)
19:12:15 [STASH_COMPACT] §f                §3§l>>> §3§lCLICK HERE§b to pick them up! §3§l<<<
19:12:15 [STASH_COMPACT]   
19:13:16 [STASH_COMPACT] §f                     §7You have §a2 §7items stashed away!
19:13:16 [STASH_COMPACT] §f                §6§l>>> §6§lCLICK HERE§e to pick them up! §6§l<<<
19:13:16 [STASH_COMPACT]   
19:13:16 [STASH_COMPACT] §f                §7You have §31,856 §7materials stashed away!
19:13:16 [STASH_COMPACT] §f              §8(This totals 3 types of materials stashed!)
19:13:16 [STASH_COMPACT] §f                §3§l>>> §3§lCLICK HERE§b to pick them up! §3§l<<<
19:13:16 [STASH_COMPACT]   
19:14:16 [STASH_COMPACT] §f                     §7You have §a2 §7items stashed away!
19:14:16 [STASH_COMPACT] §f                §6§l>>> §6§lCLICK HERE§e to pick them up! §6§l<<<
19:14:16 [STASH_COMPACT]   
19:14:16 [STASH_COMPACT] §f                §7You have §31,856 §7materials stashed away!
19:14:16 [STASH_COMPACT] §f              §8(This totals 3 types of materials stashed!)
19:14:16 [STASH_COMPACT] §f                §3§l>>> §3§lCLICK HERE§b to pick them up! §3§l<<<
19:14:16 [STASH_COMPACT]   
19:15:16 [STASH_COMPACT] §f                     §7You have §a2 §7items stashed away!
19:15:16 [STASH_COMPACT] §f                §6§l>>> §6§lCLICK HERE§e to pick them up! §6§l<<<
19:15:16 [STASH_COMPACT]   
19:15:16 [STASH_COMPACT] §f                §7You have §31,856 §7materials stashed away!
19:15:16 [STASH_COMPACT] §f              §8(This totals 3 types of materials stashed!)
19:15:16 [STASH_COMPACT] §f                §3§l>>> §3§lCLICK HERE§b to pick them up! §3§l<<<
19:15:16 [STASH_COMPACT]   
19:16:17 [STASH_COMPACT] §f                     §7You have §a2 §7items stashed away!
19:16:17 [STASH_COMPACT] §f                §6§l>>> §6§lCLICK HERE§e to pick them up! §6§l<<<
19:16:17 [STASH_COMPACT]   
19:16:17 [STASH_COMPACT] §f                §7You have §31,856 §7materials stashed away!
19:16:17 [STASH_COMPACT] §f              §8(This totals 3 types of materials stashed!)
19:16:17 [STASH_COMPACT] §f                §3§l>>> §3§lCLICK HERE§b to pick them up! §3§l<<<
19:16:17 [STASH_COMPACT]   
19:17:18 [STASH_COMPACT] §f                     §7You have §a2 §7items stashed away!
19:17:18 [STASH_COMPACT] §f                §6§l>>> §6§lCLICK HERE§e to pick them up! §6§l<<<
19:17:18 [STASH_COMPACT]   
19:17:18 [STASH_COMPACT] §f                §7You have §31,856 §7materials stashed away!
19:17:18 [STASH_COMPACT] §f              §8(This totals 3 types of materials stashed!)
19:17:18 [STASH_COMPACT] §f                §3§l>>> §3§lCLICK HERE§b to pick them up! §3§l<<<
19:17:18 [STASH_COMPACT]   
19:18:09 [BESTIARY] §f                                  §6§lBESTIARY
19:18:09 [BESTIARY] §f                              §b§lGoblin §7§8VI §8➡§b §bVII
19:18:09 [BESTIARY] 
19:18:09 [BESTIARY] §f                                  §r§6§lREWARDS
19:18:09 [BESTIARY] §f                          §r§8+§r§a3 Goblin §r§b✯ Magic Find
19:18:09 [BESTIARY] §f                           §r§8+§r§a3 Goblin §r§c❁ Strength
19:18:09 [BESTIARY] §f                              §r§8+§r§62% §r§aGoblin §r§7coins
19:18:09 [BESTIARY] §f                    §r§8+§r§a50% §r§7chance for extra XP orbs
19:18:09 [BESTIARY] §f                               §r§8+§r§b1 SkyBlock XP
19:18:09 [BESTIARY] 
19:18:09 [BESTIARY] §3§l▬▬▬▬▬▬▬▬▬▬▬▬▬▬▬▬▬▬▬▬▬▬▬▬▬▬▬▬▬▬▬▬▬▬▬▬▬▬▬▬▬▬▬▬▬▬▬▬▬▬▬▬▬▬▬▬▬▬▬▬▬▬▬▬
19:18:18 [STASH_COMPACT] §f                     §7You have §a2 §7items stashed away!
19:18:19 [STASH_COMPACT] §f                §6§l>>> §6§lCLICK HERE§e to pick them up! §6§l<<<
19:18:19 [STASH_COMPACT]   
19:18:19 [STASH_COMPACT] §f                §7You have §31,856 §7materials stashed away!
19:18:19 [STASH_COMPACT] §f              §8(This totals 3 types of materials stashed!)
19:18:19 [STASH_COMPACT] §f                §3§l>>> §3§lCLICK HERE§b to pick them up! §3§l<<<
19:18:19 [STASH_COMPACT]   
19:19:19 [STASH_COMPACT] §f                     §7You have §a2 §7items stashed away!
19:19:19 [STASH_COMPACT] §f                §6§l>>> §6§lCLICK HERE§e to pick them up! §6§l<<<
19:19:19 [STASH_COMPACT]   
19:19:19 [STASH_COMPACT] §f                §7You have §31,856 §7materials stashed away!
19:19:19 [STASH_COMPACT] §f              §8(This totals 3 types of materials stashed!)
19:19:19 [STASH_COMPACT] §f                §3§l>>> §3§lCLICK HERE§b to pick them up! §3§l<<<
19:19:19 [STASH_COMPACT]   
19:20:20 [STASH_COMPACT] §f                     §7You have §a2 §7items stashed away!
19:20:20 [STASH_COMPACT] §f                §6§l>>> §6§lCLICK HERE§e to pick them up! §6§l<<<
19:20:20 [STASH_COMPACT]   
19:20:20 [STASH_COMPACT] §f                §7You have §31,856 §7materials stashed away!
19:20:20 [STASH_COMPACT] §f              §8(This totals 3 types of materials stashed!)
19:20:20 [STASH_COMPACT] §f                §3§l>>> §3§lCLICK HERE§b to pick them up! §3§l<<<
19:20:20 [STASH_COMPACT]   
19:21:20 [STASH_COMPACT] §f                     §7You have §a2 §7items stashed away!
19:21:20 [STASH_COMPACT] §f                §6§l>>> §6§lCLICK HERE§e to pick them up! §6§l<<<
19:21:20 [STASH_COMPACT]   
19:21:20 [STASH_COMPACT] §f                §7You have §31,856 §7materials stashed away!
19:21:20 [STASH_COMPACT] §f              §8(This totals 3 types of materials stashed!)
19:21:20 [STASH_COMPACT] §f                §3§l>>> §3§lCLICK HERE§b to pick them up! §3§l<<<
19:21:20 [STASH_COMPACT]   
19:22:21 [STASH_COMPACT] §f                     §7You have §a2 §7items stashed away!
19:22:21 [STASH_COMPACT] §f                §6§l>>> §6§lCLICK HERE§e to pick them up! §6§l<<<
19:22:21 [STASH_COMPACT]   
19:22:21 [STASH_COMPACT] §f                §7You have §31,856 §7materials stashed away!
19:22:21 [STASH_COMPACT] §f              §8(This totals 3 types of materials stashed!)
19:22:21 [STASH_COMPACT] §f                §3§l>>> §3§lCLICK HERE§b to pick them up! §3§l<<<
19:22:21 [STASH_COMPACT]   
19:23:22 [STASH_COMPACT] §f                     §7You have §a2 §7items stashed away!
19:23:22 [STASH_COMPACT] §f                §6§l>>> §6§lCLICK HERE§e to pick them up! §6§l<<<
19:23:22 [STASH_COMPACT]   
19:23:22 [STASH_COMPACT] §f                §7You have §31,856 §7materials stashed away!
19:23:22 [STASH_COMPACT] §f              §8(This totals 3 types of materials stashed!)
19:23:22 [STASH_COMPACT] §f                §3§l>>> §3§lCLICK HERE§b to pick them up! §3§l<<<
19:23:22 [STASH_COMPACT]   
19:24:22 [STASH_COMPACT] §f                     §7You have §a2 §7items stashed away!
19:24:22 [STASH_COMPACT] §f                §6§l>>> §6§lCLICK HERE§e to pick them up! §6§l<<<
19:24:22 [STASH_COMPACT]   
19:24:22 [STASH_COMPACT] §f                §7You have §31,856 §7materials stashed away!
19:24:22 [STASH_COMPACT] §f              §8(This totals 3 types of materials stashed!)
19:24:22 [STASH_COMPACT] §f                §3§l>>> §3§lCLICK HERE§b to pick them up! §3§l<<<
19:24:22 [STASH_COMPACT]   
19:25:23 [STASH_COMPACT] §f                     §7You have §a2 §7items stashed away!
19:25:23 [STASH_COMPACT] §f                §6§l>>> §6§lCLICK HERE§e to pick them up! §6§l<<<
19:25:23 [STASH_COMPACT]   
19:25:23 [STASH_COMPACT] §f                §7You have §31,856 §7materials stashed away!
19:25:23 [STASH_COMPACT] §f              §8(This totals 3 types of materials stashed!)
19:25:23 [STASH_COMPACT] §f                §3§l>>> §3§lCLICK HERE§b to pick them up! §3§l<<<
19:25:23 [STASH_COMPACT]   
19:26:23 [STASH_COMPACT] §f                     §7You have §a2 §7items stashed away!
19:26:23 [STASH_COMPACT] §f                §6§l>>> §6§lCLICK HERE§e to pick them up! §6§l<<<
19:26:23 [STASH_COMPACT]   
19:26:23 [STASH_COMPACT] §f                §7You have §31,856 §7materials stashed away!
19:26:23 [STASH_COMPACT] §f              §8(This totals 3 types of materials stashed!)
19:26:23 [STASH_COMPACT] §f                §3§l>>> §3§lCLICK HERE§b to pick them up! §3§l<<<
19:26:23 [STASH_COMPACT]   
19:27:24 [STASH_COMPACT] §f                     §7You have §a2 §7items stashed away!
19:27:24 [STASH_COMPACT] §f                §6§l>>> §6§lCLICK HERE§e to pick them up! §6§l<<<
19:27:24 [STASH_COMPACT]   
19:27:24 [STASH_COMPACT] §f                §7You have §31,856 §7materials stashed away!
19:27:24 [STASH_COMPACT] §f              §8(This totals 3 types of materials stashed!)
19:27:24 [STASH_COMPACT] §f                §3§l>>> §3§lCLICK HERE§b to pick them up! §3§l<<<
19:27:24 [STASH_COMPACT]   
19:28:25 [STASH_COMPACT] §f                     §7You have §a2 §7items stashed away!
19:28:25 [STASH_COMPACT] §f                §6§l>>> §6§lCLICK HERE§e to pick them up! §6§l<<<
19:28:25 [STASH_COMPACT]   
19:28:25 [STASH_COMPACT] §f                §7You have §31,856 §7materials stashed away!
19:28:25 [STASH_COMPACT] §f              §8(This totals 3 types of materials stashed!)
19:28:25 [STASH_COMPACT] §f                §3§l>>> §3§lCLICK HERE§b to pick them up! §3§l<<<
19:28:25 [STASH_COMPACT]   
19:29:25 [STASH_COMPACT] §f                     §7You have §a2 §7items stashed away!
19:29:25 [STASH_COMPACT] §f                §6§l>>> §6§lCLICK HERE§e to pick them up! §6§l<<<
19:29:25 [STASH_COMPACT]   
19:29:25 [STASH_COMPACT] §f                §7You have §31,856 §7materials stashed away!
19:29:25 [STASH_COMPACT] §f              §8(This totals 3 types of materials stashed!)
19:29:25 [STASH_COMPACT] §f                §3§l>>> §3§lCLICK HERE§b to pick them up! §3§l<<<
19:29:25 [STASH_COMPACT]   
19:30:26 [STASH_COMPACT] §f                     §7You have §a2 §7items stashed away!
19:30:26 [STASH_COMPACT] §f                §6§l>>> §6§lCLICK HERE§e to pick them up! §6§l<<<
19:30:26 [STASH_COMPACT]   
19:30:26 [STASH_COMPACT] §f                §7You have §31,856 §7materials stashed away!
19:30:26 [STASH_COMPACT] §f              §8(This totals 3 types of materials stashed!)
19:30:26 [STASH_COMPACT] §f                §3§l>>> §3§lCLICK HERE§b to pick them up! §3§l<<<
19:30:26 [STASH_COMPACT]   
19:31:26 [STASH_COMPACT] §f                     §7You have §a2 §7items stashed away!
19:31:26 [STASH_COMPACT] §f                §6§l>>> §6§lCLICK HERE§e to pick them up! §6§l<<<
19:31:26 [STASH_COMPACT]   
19:31:26 [STASH_COMPACT] §f                §7You have §31,856 §7materials stashed away!
19:31:26 [STASH_COMPACT] §f              §8(This totals 3 types of materials stashed!)
19:31:26 [STASH_COMPACT] §f                §3§l>>> §3§lCLICK HERE§b to pick them up! §3§l<<<
19:31:26 [STASH_COMPACT]   
