17:34:52 §e[SkyHanni] Reloaded 7531 items in the NEU repo§r
17:35:34 §e[SkyHanni] §eYou have §62 §eitems in stash. §eClick to §6pickup §eyour stash!§r
17:35:34 §e[SkyHanni] §bYou have §31.8k §bmaterials in stash, §btotalling §33 types§b. §bClick to §3pickup §byour stash!§r
17:36:36 §6§lBESTIARY §r§b§lStar Sentry §7§8VI §8➡§b §bVII§r
17:38:48 §e[SkyHanni] §eYou have §62 §eitems in stash. §eClick to §6pickup §eyour stash!§r
17:38:48 §e[SkyHanni] §bYou have §31.8k §bmaterials in stash, §btotalling §33 types§b. §bClick to §3pickup §byour stash!§r
17:41:28 §e[SkyHanni] §eYou have §62 §eitems in stash. §eClick to §6pickup §eyour stash!§r
17:41:28 §e[SkyHanni] §bYou have §31.8k §bmaterials in stash, §btotalling §33 types§b. §bClick to §3pickup §byour stash!§r
17:46:26 §e[SkyHanni] §eYou have §62 §eitems in stash. §eClick to §6pickup §eyour stash!§r
17:46:26 §e[SkyHanni] §bYou have §31.8k §bmaterials in stash, §btotalling §33 types§b. §bClick to §3pickup §byour stash!§r
17:54:54 §e[SkyHanni] §eYou have §62 §eitems in stash. §eClick to §6pickup §eyour stash!§r
17:54:54 §e[SkyHanni] §bYou have §31.8k §bmaterials in stash, §btotalling §33 types§b. §bClick to §3pickup §byour stash!§r
18:17:16 §e[SkyHanni] §f                §r§eYour Weight: §r§a10§r
18:33:48 §e[SkyHanni] §f                §r§eYour Weight: §r§a10§r
18:33:48 §e[SkyHanni] Profit for Dragon§e: §6853§r
18:49:08 §e[SkyHanni] §f                §r§eYour Weight: §r§a10§r
18:57:27 §e[SkyHanni] §eYou have §62 §eitems in stash. §eClick to §6pickup §eyour stash!§r
18:57:27 §e[SkyHanni] §bYou have §31.8k §bmaterials in stash, §btotalling §33 types§b. §bClick to §3pickup §byour stash!§r
19:02:33 §e[SkyHanni] §eYou have §62 §eitems in stash. §eClick to §6pickup §eyour stash!§r
19:02:33 §e[SkyHanni] §bYou have §31.8k §bmaterials in stash, §btotalling §33 types§b. §bClick to §3pickup §byour stash!§r
19:03:31 §e[SkyHanni] §eYou have §62 §eitems in stash. §eClick to §6pickup §eyour stash!§r
19:03:31 §e[SkyHanni] §bYou have §31.8k §bmaterials in stash, §btotalling §33 types§b. §bClick to §3pickup §byour stash!§r
19:04:54 §e[SkyHanni] §eYou have §62 §eitems in stash. §eClick to §6pickup §eyour stash!§r
19:04:54 §e[SkyHanni] §bYou have §31.8k §bmaterials in stash, §btotalling §33 types§b. §bClick to §3pickup §byour stash!§r
19:05:44 §e[SkyHanni] §eYou have §62 §eitems in stash. §eClick to §6pickup §eyour stash!§r
19:05:44 §e[SkyHanni] §bYou have §31.8k §bmaterials in stash, §btotalling §33 types§b. §bClick to §3pickup §byour stash!§r
19:06:53 §e[SkyHanni] §eYou have §62 §eitems in stash. §eClick to §6pickup §eyour stash!§r
19:06:53 §e[SkyHanni] §bYou have §31.8k §bmaterials in stash, §btotalling §33 types§b. §bClick to §3pickup §byour stash!§r
19:08:54 §e[SkyHanni] §eYou have §62 §eitems in stash. §eClick to §6pickup §eyour stash!§r
19:08:54 §e[SkyHanni] §bYou have §31.8k §bmaterials in stash, §btotalling §33 types§b. §bClick to §3pickup §byour stash!§r
19:09:20 §e[SkyHanni] §eYou have §62 §eitems in stash. §eClick to §6pickup §eyour stash!§r
19:09:20 §e[SkyHanni] §bYou have §31.8k §bmaterials in stash, §btotalling §33 types§b. §bClick to §3pickup §byour stash!§r
19:10:14 §e[SkyHanni] §eYou have §62 §eitems in stash. §eClick to §6pickup §eyour stash!§r
19:10:14 §e[SkyHanni] §bYou have §31.8k §bmaterials in stash, §btotalling §33 types§b. §bClick to §3pickup §byour stash!§r
19:10:19 §6§lBESTIARY §r§b§lStar Sentry §7§8VII §8➡§b §bVIII§r
19:15:34 §e[SkyHanni] §b+1 SkyBlock XP §7(HOTM Progression§7)§b (24/100)§r
19:15:53 §e[SkyHanni] §b+1 SkyBlock XP §7(HOTM Progression§7)§b (25/100)§r
19:18:09 §6§lBESTIARY §r§b§lGoblin §7§8VI §8➡§b §bVII§r
