21:27:45 Reset everything (world change)
21:27:59 Reset everything (world change)
21:27:59 Reset everything (world change)
21:27:59 Reset everything (world change)
21:28:57 Reset everything (world change)
21:28:57 Reset everything (world change)
21:28:57 Reset everything (world change)
21:33:28 Reset everything (world change)
21:33:28 Reset everything (world change)
21:33:28 Reset everything (world change)
21:33:29 Reset everything (world change)
21:33:29 Reset everything (world change)
21:44:38 Reset everything (world change)
21:44:38 Reset everything (world change)
21:44:38 Reset everything (world change)
21:47:44 Reset everything (world change)
21:47:45 Reset everything (world change)
21:47:45 Reset everything (world change)
21:47:45 Reset everything (world change)
21:53:41 Reset everything (world change)
21:53:41 Reset everything (world change)
21:53:41 Reset everything (world change)
21:54:35 Reset everything (world change)
21:54:35 Reset everything (world change)
21:54:35 Reset everything (world change)
21:54:51 Reset everything (world change)
21:54:51 Reset everything (world change)
21:54:51 Reset everything (world change)
21:56:51 Reset everything (world change)
21:56:51 Reset everything (world change)
21:56:52 Reset everything (world change)
21:58:04 Reset everything (world change)
21:58:04 Reset everything (world change)
21:58:04 Reset everything (world change)
21:58:04 Reset everything (world change)
21:58:04 Reset everything (world change)
22:13:49 Reset everything (world change)
22:13:49 Reset everything (world change)
22:13:49 Reset everything (world change)
22:17:06 Reset everything (world change)
22:17:06 Reset everything (world change)
22:17:06 Reset everything (world change)
22:17:06 Reset everything (world change)
22:17:06 Reset everything (world change)
22:29:01 Reset everything (world change)
22:29:01 Reset everything (world change)
22:29:01 Reset everything (world change)
22:36:00 Reset everything (world change)
22:36:08 Reset everything (world change)
22:36:25 Reset everything (world change)
22:36:25 Reset everything (world change)
22:36:25 Reset everything (world change)
22:39:59 Reset everything (world change)
22:39:59 Reset everything (world change)
22:39:59 Reset everything (world change)
22:39:59 Reset everything (world change)
22:39:59 Reset everything (world change)
22:53:07 Reset everything (world change)
22:53:14 Reset everything (world change)
22:53:14 Reset everything (world change)
22:53:14 Reset everything (world change)
22:53:14 Reset everything (world change)
22:53:14 Reset everything (world change)
22:53:35 Reset everything (world change)
22:53:35 Reset everything (world change)
22:53:35 Reset everything (world change)
22:56:49 Reset everything (world change)
22:56:49 Reset everything (world change)
22:56:49 Reset everything (world change)
22:56:49 Reset everything (world change)
22:56:49 Reset everything (world change)
22:57:19 Reset everything (world change)
22:57:19 Reset everything (world change)
22:57:19 Reset everything (world change)
22:57:54 Reset everything (world change)
22:57:54 Reset everything (world change)
22:57:54 Reset everything (world change)
22:57:54 Reset everything (world change)
22:57:54 Reset everything (world change)
22:58:48 Reset everything (world change)
22:58:48 Reset everything (world change)
22:58:48 Reset everything (world change)
23:00:04 Reset everything (world change)
23:00:04 Reset everything (world change)
23:00:04 Reset everything (world change)
23:00:04 Reset everything (world change)
23:00:04 Reset everything (world change)
23:00:58 Reset everything (world change)
23:00:58 Reset everything (world change)
23:00:58 Reset everything (world change)
23:02:59 Reset everything (world change)
23:02:59 Reset everything (world change)
23:02:59 Reset everything (world change)
23:02:59 Reset everything (world change)
23:02:59 Reset everything (world change)
23:25:11 Reset everything (world change)
23:25:11 Reset everything (world change)
23:25:11 Reset everything (world change)
23:25:45 Reset everything (world change)
23:25:45 Reset everything (world change)
23:25:45 Reset everything (world change)
23:25:45 Reset everything (world change)
23:25:45 Reset everything (world change)
23:25:51 Reset everything (world change)
23:25:51 Reset everything (world change)
23:25:51 Reset everything (world change)
23:26:17 Reset everything (world change)
23:26:17 Reset everything (world change)
23:26:17 Reset everything (world change)
23:29:12 Reset everything (world change)
23:29:12 Reset everything (world change)
23:29:12 Reset everything (world change)
23:29:12 Reset everything (world change)
23:29:12 Reset everything (world change)
23:29:15 Reset everything (world change)
23:29:15 Reset everything (world change)
23:29:16 Reset everything (world change)
23:29:53 Added enderman with beacon at LorenzVec(x=-584.5547839506173, y=12.916666666666668, z=-362.94444444444446)
23:30:18 Added flying beacons at LorenzVec(x=-552.7395833333334, y=41.78125, z=-310.90625)
23:30:19 Replaced flying beacon with sitting beacon at LorenzVec(x=-556.0, y=41.0, z=-317.0)
23:30:20 Removed sitting beacon LorenzVec(x=-556.0, y=41.0, z=-317.0)
23:30:24 Added enderman with beacon at LorenzVec(x=-550.21875, y=41.09375, z=-308.03125)
23:30:55 Added enderman with beacon at LorenzVec(x=-560.96875, y=41.09375, z=-307.125)
23:32:41 Added enderman with beacon at LorenzVec(x=-584.0555555555555, y=50.90625, z=-362.47569444444446)
23:32:41 Added flying beacons at LorenzVec(x=-582.0, y=50.739583333333336, z=-362.34375)
23:32:42 Replaced flying beacon with sitting beacon at LorenzVec(x=-573.0, y=51.0, z=-359.0)
23:32:42 Added flying beacons at LorenzVec(x=-573.6458333333333, y=50.60416666666667, z=-358.97916666666663)
23:32:47 Removed sitting beacon LorenzVec(x=-573.0, y=51.0, z=-359.0)
23:35:23 Added enderman with beacon at LorenzVec(x=-583.71875, y=50.90625, z=-361.78125)
23:35:25 Added flying beacons at LorenzVec(x=-583.625, y=50.5, z=-360.78125)
23:35:26 Replaced flying beacon with sitting beacon at LorenzVec(x=-591.0, y=51.0, z=-356.0)
23:35:31 Removed sitting beacon LorenzVec(x=-591.0, y=51.0, z=-356.0)
23:35:34 Added enderman with beacon at LorenzVec(x=-583.0625, y=50.90625, z=-361.90625)
23:35:36 Added flying beacons at LorenzVec(x=-582.15625, y=50.5, z=-362.34375)
23:35:37 Replaced flying beacon with sitting beacon at LorenzVec(x=-577.0, y=53.0, z=-369.0)
23:35:42 Removed sitting beacon LorenzVec(x=-577.0, y=53.0, z=-369.0)
23:35:54 Added enderman with beacon at LorenzVec(x=-582.4375, y=50.90625, z=-362.4375)
23:35:57 Added flying beacons at LorenzVec(x=-582.09375, y=50.5, z=-361.46875)
23:35:57 Replaced flying beacon with sitting beacon at LorenzVec(x=-575.0, y=51.0, z=-361.0)
23:36:02 Removed sitting beacon LorenzVec(x=-575.0, y=51.0, z=-361.0)
23:36:02 Added enderman with beacon at LorenzVec(x=-582.4375, y=51.09375, z=-362.40625)
23:36:05 Added flying beacons at LorenzVec(x=-583.3854166666666, y=50.802083333333336, z=-361.5833333333333)
23:36:05 Replaced flying beacon with sitting beacon at LorenzVec(x=-591.0, y=51.0, z=-361.0)
23:36:10 Removed sitting beacon LorenzVec(x=-591.0, y=51.0, z=-361.0)
23:36:55 Added enderman with beacon at LorenzVec(x=-583.5, y=51.09375, z=-362.03125)
23:36:57 Added flying beacons at LorenzVec(x=-582.71875, y=50.5, z=-361.40625)
23:36:57 Replaced flying beacon with sitting beacon at LorenzVec(x=-594.0, y=51.0, z=-363.0)
23:37:03 Removed sitting beacon LorenzVec(x=-594.0, y=51.0, z=-363.0)
23:37:03 Added enderman with beacon at LorenzVec(x=-583.5, y=51.0, z=-362.03125)
23:37:07 Added enderman with beacon at LorenzVec(x=-562.78125, y=51.09375, z=-349.40625)
23:37:09 Added flying beacons at LorenzVec(x=-561.0416666666666, y=50.833333333333336, z=-351.1666666666667)
23:37:10 Replaced flying beacon with sitting beacon at LorenzVec(x=-559.0, y=53.0, z=-360.0)
23:37:10 Added flying beacons at LorenzVec(x=-558.84375, y=52.4375, z=-358.4375)
23:37:13 Removed sitting beacon LorenzVec(x=-559.0, y=53.0, z=-360.0)
23:37:25 Added enderman with beacon at LorenzVec(x=-582.875, y=51.0, z=-362.25)
23:37:25 Added enderman with beacon at LorenzVec(x=-562.0208333333333, y=51.0, z=-348.45833333333337)
23:37:27 Added flying beacons at LorenzVec(x=-563.84375, y=50.5, z=-348.375)
23:37:27 Replaced flying beacon with sitting beacon at LorenzVec(x=-559.0, y=51.0, z=-341.0)
23:37:29 Removed sitting beacon LorenzVec(x=-559.0, y=51.0, z=-341.0)
23:38:45 Added enderman with beacon at LorenzVec(x=-561.25, y=41.09375, z=-307.03125)
23:38:47 Added flying beacons at LorenzVec(x=-559.1770833333334, y=40.739583333333336, z=-306.0520833333333)
23:38:47 Replaced flying beacon with sitting beacon at LorenzVec(x=-570.0, y=41.0, z=-306.0)
23:38:49 Removed sitting beacon LorenzVec(x=-570.0, y=41.0, z=-306.0)
23:39:49 Added enderman with beacon at LorenzVec(x=-564.5694444444445, y=51.0, z=-354.1867283950617)
23:41:42 Added enderman with beacon at LorenzVec(x=-571.9201388888889, y=51.0, z=-352.4409722222222)
23:41:45 Added flying beacons at LorenzVec(x=-572.375, y=50.760416666666664, z=-354.0520833333333)
23:41:46 Replaced flying beacon with sitting beacon at LorenzVec(x=-573.0, y=51.0, z=-345.0)
23:41:48 Removed sitting beacon LorenzVec(x=-573.0, y=51.0, z=-345.0)
23:41:51 Added enderman with beacon at LorenzVec(x=-572.84375, y=51.09375, z=-354.21875)
23:41:53 Added flying beacons at LorenzVec(x=-571.875, y=50.5, z=-353.96875)
23:41:54 Replaced flying beacon with sitting beacon at LorenzVec(x=-581.0, y=51.0, z=-350.0)
23:41:54 Added flying beacons at LorenzVec(x=-579.4479166666666, y=50.65625, z=-350.0729166666667)
23:41:55 Removed sitting beacon LorenzVec(x=-581.0, y=51.0, z=-350.0)
23:47:46 Added enderman with beacon at LorenzVec(x=-588.8645833333334, y=55.0, z=-205.64583333333334)
23:47:49 Added flying beacons at LorenzVec(x=-587.4375, y=55.5, z=-206.32291666666669)
23:47:49 Replaced flying beacon with sitting beacon at LorenzVec(x=-581.0, y=54.0, z=-212.0)
23:47:55 Removed sitting beacon LorenzVec(x=-581.0, y=54.0, z=-212.0)
23:47:55 Added enderman with beacon at LorenzVec(x=-588.8125, y=55.09375, z=-205.9375)
23:47:57 Added flying beacons at LorenzVec(x=-589.78125, y=54.5, z=-206.21875)
23:47:58 Replaced flying beacon with sitting beacon at LorenzVec(x=-595.0, y=55.0, z=-215.0)
23:48:03 Removed sitting beacon LorenzVec(x=-595.0, y=55.0, z=-215.0)
23:48:12 Added enderman with beacon at LorenzVec(x=-588.90625, y=54.90625, z=-205.6875)
23:48:15 Added flying beacons at LorenzVec(x=-586.8854166666666, y=55.46875, z=-206.60416666666666)
23:48:15 Replaced flying beacon with sitting beacon at LorenzVec(x=-582.0, y=54.0, z=-212.0)
23:48:20 Removed sitting beacon LorenzVec(x=-582.0, y=54.0, z=-212.0)
23:48:20 Added enderman with beacon at LorenzVec(x=-588.9375, y=55.09375, z=-205.78125)
23:48:23 Added flying beacons at LorenzVec(x=-588.0625, y=54.5, z=-205.25)
23:48:23 Replaced flying beacon with sitting beacon at LorenzVec(x=-591.0, y=55.0, z=-214.0)
23:48:27 Removed sitting beacon LorenzVec(x=-591.0, y=55.0, z=-214.0)
23:54:07 Added enderman with beacon at LorenzVec(x=-589.068244170096, y=55.0, z=-205.97033607681757)
23:54:09 Added flying beacons at LorenzVec(x=-589.5208333333334, y=54.71875, z=-206.0625)
23:54:09 Replaced flying beacon with sitting beacon at LorenzVec(x=-582.0, y=54.0, z=-212.0)
23:54:15 Removed sitting beacon LorenzVec(x=-582.0, y=54.0, z=-212.0)
23:54:15 Added enderman with beacon at LorenzVec(x=-588.8125, y=55.09375, z=-205.9375)
23:54:17 Added flying beacons at LorenzVec(x=-588.15625, y=54.5, z=-205.21875)
23:54:18 Replaced flying beacon with sitting beacon at LorenzVec(x=-599.0, y=55.0, z=-202.0)
23:54:23 Removed sitting beacon LorenzVec(x=-599.0, y=55.0, z=-202.0)
23:54:23 Added enderman with beacon at LorenzVec(x=-586.4715792181071, y=56.220679012345684, z=-206.90805041152265)
23:55:17 Reset everything (world change)
23:55:17 Reset everything (world change)
23:55:17 Reset everything (world change)
23:55:21 Reset everything (world change)
23:55:21 Reset everything (world change)
23:55:21 Reset everything (world change)
23:55:21 Reset everything (world change)
23:55:21 Reset everything (world change)
23:59:12 Reset everything (world change)
23:59:12 Reset everything (world change)
23:59:12 Reset everything (world change)
23:59:24 Reset everything (world change)
23:59:24 Reset everything (world change)
23:59:24 Reset everything (world change)
23:59:37 Reset everything (world change)
23:59:37 Reset everything (world change)
23:59:37 Reset everything (world change)
00:01:28 Reset everything (world change)
00:01:28 Reset everything (world change)
00:01:28 Reset everything (world change)
00:01:28 Reset everything (world change)
00:01:28 Reset everything (world change)
00:13:47 Reset everything (world change)
00:13:47 Reset everything (world change)
00:13:47 Reset everything (world change)
00:14:09 Reset everything (world change)
00:14:09 Reset everything (world change)
00:14:09 Reset everything (world change)
00:14:53 Reset everything (world change)
00:14:53 Reset everything (world change)
00:14:53 Reset everything (world change)
00:17:11 Reset everything (world change)
00:17:11 Reset everything (world change)
00:17:11 Reset everything (world change)
00:17:17 Reset everything (world change)
00:17:17 Reset everything (world change)
00:17:17 Reset everything (world change)
00:28:01 Reset everything (world change)
00:28:01 Reset everything (world change)
00:28:01 Reset everything (world change)
00:28:01 Reset everything (world change)
00:28:01 Reset everything (world change)
00:28:41 Reset everything (world change)
00:28:41 Reset everything (world change)
00:28:41 Reset everything (world change)
00:30:45 Reset everything (world change)
00:30:46 Reset everything (world change)
00:30:46 Reset everything (world change)
00:30:46 Reset everything (world change)
00:30:46 Reset everything (world change)
00:43:06 Reset everything (world change)
00:43:06 Reset everything (world change)
00:43:06 Reset everything (world change)
01:02:55 Reset everything (world change)
01:02:55 Reset everything (world change)
01:02:55 Reset everything (world change)
01:05:02 Reset everything (world change)
01:05:02 Reset everything (world change)
01:05:02 Reset everything (world change)
01:05:02 Reset everything (world change)
01:05:02 Reset everything (world change)
01:05:14 Reset everything (world change)
01:05:14 Reset everything (world change)
01:05:14 Reset everything (world change)
01:05:14 Reset everything (world change)
01:05:14 Reset everything (world change)
01:06:23 Reset everything (world change)
01:06:24 Reset everything (world change)
01:06:24 Reset everything (world change)
01:07:04 Reset everything (world change)
01:07:04 Reset everything (world change)
01:07:04 Reset everything (world change)
01:07:04 Reset everything (world change)
01:07:04 Reset everything (world change)
01:12:34 Reset everything (world change)
01:12:34 Reset everything (world change)
01:12:34 Reset everything (world change)
01:16:02 Reset everything (world change)
01:16:02 Reset everything (world change)
01:16:02 Reset everything (world change)
01:16:02 Reset everything (world change)
01:16:02 Reset everything (world change)
01:31:19 Reset everything (world change)
01:31:19 Reset everything (world change)
01:31:19 Reset everything (world change)
01:35:06 Reset everything (world change)
01:35:06 Reset everything (world change)
01:35:06 Reset everything (world change)
01:43:20 Reset everything (world change)
01:43:20 Reset everything (world change)
01:43:20 Reset everything (world change)
01:44:41 Reset everything (world change)
01:44:41 Reset everything (world change)
01:44:41 Reset everything (world change)
01:50:27 Reset everything (world change)
01:50:27 Reset everything (world change)
01:50:27 Reset everything (world change)
01:51:04 Reset everything (world change)
01:51:04 Reset everything (world change)
01:51:05 Reset everything (world change)
01:54:00 Reset everything (world change)
01:54:00 Reset everything (world change)
01:54:00 Reset everything (world change)
02:05:38 Reset everything (world change)
02:05:38 Reset everything (world change)
02:05:38 Reset everything (world change)
02:06:03 Reset everything (world change)
02:06:03 Reset everything (world change)
02:06:03 Reset everything (world change)
02:06:43 Reset everything (world change)
02:06:43 Reset everything (world change)
02:06:43 Reset everything (world change)
02:55:10 Reset everything (world change)
02:55:10 Reset everything (world change)
02:55:11 Reset everything (world change)
02:56:01 Reset everything (world change)
02:56:01 Reset everything (world change)
02:56:02 Reset everything (world change)
02:56:23 Reset everything (world change)
02:56:23 Reset everything (world change)
02:56:23 Reset everything (world change)
02:57:56 Reset everything (world change)
02:57:56 Reset everything (world change)
02:57:56 Reset everything (world change)
02:58:16 Reset everything (world change)
02:58:16 Reset everything (world change)
02:58:16 Reset everything (world change)
03:02:19 Reset everything (world change)
03:02:20 Reset everything (world change)
03:02:20 Reset everything (world change)
03:03:52 Reset everything (world change)
03:03:52 Reset everything (world change)
03:03:52 Reset everything (world change)
03:03:52 Reset everything (world change)
03:03:52 Reset everything (world change)
03:04:02 Reset everything (world change)
03:04:02 Reset everything (world change)
03:04:02 Reset everything (world change)
03:04:02 Reset everything (world change)
03:04:02 Reset everything (world change)
03:04:06 Reset everything (world change)
03:04:06 Reset everything (world change)
03:04:06 Reset everything (world change)
04:05:30 Reset everything (world change)
04:05:30 Reset everything (world change)
04:05:30 Reset everything (world change)
04:05:30 Reset everything (world change)
04:05:30 Reset everything (world change)
04:05:33 Reset everything (world change)
04:05:33 Reset everything (world change)
04:05:33 Reset everything (world change)
04:06:22 Reset everything (world change)
04:06:22 Reset everything (world change)
04:06:22 Reset everything (world change)
04:08:25 Reset everything (world change)
04:08:25 Reset everything (world change)
04:08:25 Reset everything (world change)
04:08:25 Reset everything (world change)
04:08:25 Reset everything (world change)
04:08:31 Reset everything (world change)
04:08:31 Reset everything (world change)
04:08:31 Reset everything (world change)
04:13:33 Reset everything (world change)
04:13:36 Reset everything (world change)
04:13:37 Reset everything (world change)
04:13:37 Reset everything (world change)
04:14:16 Reset everything (world change)
04:14:17 Reset everything (world change)
04:14:17 Reset everything (world change)
04:14:38 Reset everything (world change)
04:14:38 Reset everything (world change)
04:14:38 Reset everything (world change)
04:14:38 Reset everything (world change)
04:14:38 Reset everything (world change)
04:15:09 Reset everything (world change)
04:15:09 Reset everything (world change)
04:15:09 Reset everything (world change)
