15:11:30 Trying to load config from config\skyhanni\config.json
15:11:30 load-config-now
15:11:31 Loaded config from file
15:11:31 Trying to load sacks from config\skyhanni\sacks.json
15:11:31 Setting sacks to be blank as it did not exist. It will be saved once something is written to it
15:11:31 Trying to load friends from config\skyhanni\friends.json
15:11:31 load-friends-now
15:11:31 Loaded friends from file
15:11:31 Trying to load known_features from config\skyhanni\known_features.json
15:11:31 load-known_features-now
15:11:31 Loaded known_features from file
15:11:31 Trying to load jacob_contests from config\skyhanni\jacob_contests.json
15:11:31 Setting jacob_contests to be blank as it did not exist. It will be saved once something is written to it
15:11:31 Trying to load visual_words from config\skyhanni\visual_words.json
15:11:31 Setting visual_words to be blank as it did not exist. It will be saved once something is written to it
15:11:31 Trying to load pets from config\skyhanni\pets.json
15:11:31 load-pets-now
15:11:31 Loaded pets from file
15:12:31 saveConfig: auto-save-60s
15:12:31 Saving config file
15:12:31 Saved config file successfully
15:12:31 saveConfig: auto-save-60s
15:12:31 Saving config file
15:12:31 Saved config file successfully
15:13:31 saveConfig: auto-save-60s
15:13:31 Saving config file
15:13:31 Saved config file successfully
15:13:31 saveConfig: auto-save-60s
15:13:31 Saving config file
15:13:31 Saved config file successfully
15:13:41 saveConfig: Updated known feature flags
15:13:41 Saving known_features file
15:13:41 Saved known_features file successfully
15:13:41 saveConfig: Updated known feature flags
15:13:41 Saving known_features file
15:13:41 Saved known_features file successfully
15:13:42 saveConfig: saving-data
15:13:42 Saving pets file
15:13:42 Saved pets file successfully
15:13:42 saveConfig: saving-data
15:13:42 Saving pets file
15:13:42 Saved pets file successfully
15:14:13 saveConfig: saving-data
15:14:13 Saving pets file
15:14:13 Saved pets file successfully
15:14:13 saveConfig: saving-data
15:14:13 Saving pets file
15:14:13 Saved pets file successfully
15:14:31 saveConfig: auto-save-60s
15:14:31 Saving config file
15:14:31 Saved config file successfully
15:14:31 saveConfig: auto-save-60s
15:14:31 Saving config file
15:14:31 Saved config file successfully
15:14:44 saveConfig: saving-data
15:14:44 Saving pets file
15:14:44 Saved pets file successfully
15:14:44 saveConfig: saving-data
15:14:44 Saving pets file
15:14:44 Saved pets file successfully
15:15:26 saveConfig: saving-data
15:15:26 Saving pets file
15:15:26 Saved pets file successfully
15:15:26 saveConfig: saving-data
15:15:26 Saving pets file
15:15:26 Saved pets file successfully
15:15:31 saveConfig: auto-save-60s
15:15:31 Saving config file
15:15:31 Saved config file successfully
15:15:31 saveConfig: auto-save-60s
15:15:31 Saving config file
15:15:31 Saved config file successfully
15:15:57 saveConfig: saving-data
15:15:57 Saving pets file
15:15:57 Saved pets file successfully
15:15:57 saveConfig: saving-data
15:15:57 Saving pets file
15:15:57 Saved pets file successfully
15:16:30 saveConfig: saving-data
15:16:30 Saving pets file
15:16:30 Saved pets file successfully
15:16:30 saveConfig: saving-data
15:16:30 Saving pets file
15:16:30 Saved pets file successfully
15:16:31 saveConfig: auto-save-60s
15:16:31 Saving config file
15:16:31 Saved config file successfully
15:16:31 saveConfig: auto-save-60s
15:16:31 Saving config file
15:16:31 Saved config file successfully
15:17:01 saveConfig: saving-data
15:17:01 Saving pets file
15:17:01 Saved pets file successfully
15:17:01 saveConfig: saving-data
15:17:01 Saving pets file
15:17:01 Saved pets file successfully
15:17:31 saveConfig: auto-save-60s
15:17:31 Saving config file
15:17:31 Saved config file successfully
15:17:31 saveConfig: auto-save-60s
15:17:31 Saving config file
15:17:31 Saved config file successfully
15:17:34 saveConfig: saving-data
15:17:34 Saving pets file
15:17:34 Saved pets file successfully
15:17:34 saveConfig: saving-data
15:17:34 Saving pets file
15:17:34 Saved pets file successfully
15:18:05 saveConfig: saving-data
15:18:05 Saving pets file
15:18:05 Saved pets file successfully
15:18:05 saveConfig: saving-data
15:18:05 Saving pets file
15:18:05 Saved pets file successfully
15:18:31 saveConfig: auto-save-60s
15:18:31 Saving config file
15:18:31 Saved config file successfully
15:18:31 saveConfig: auto-save-60s
15:18:31 Saving config file
15:18:31 Saved config file successfully
15:19:05 saveConfig: saving-data
15:19:05 Saving pets file
15:19:05 Saved pets file successfully
15:19:05 saveConfig: saving-data
15:19:05 Saving pets file
15:19:05 Saved pets file successfully
15:19:31 saveConfig: auto-save-60s
15:19:31 Saving config file
15:19:31 Saved config file successfully
15:19:31 saveConfig: auto-save-60s
15:19:31 Saving config file
15:19:31 Saved config file successfully
15:19:55 saveConfig: Save file
15:19:55 Saving friends file
15:19:55 Saved friends file successfully
15:19:55 saveConfig: Save file
15:19:55 Saving friends file
15:19:55 Saved friends file successfully
15:20:31 saveConfig: auto-save-60s
15:20:31 Saving config file
15:20:31 Saved config file successfully
15:20:31 saveConfig: auto-save-60s
15:20:31 Saving config file
15:20:31 Saved config file successfully
15:21:31 saveConfig: auto-save-60s
15:21:31 Saving config file
15:21:31 Saved config file successfully
15:21:31 saveConfig: auto-save-60s
15:21:31 Saving config file
15:21:31 Saved config file successfully
15:22:31 saveConfig: auto-save-60s
15:22:31 Saving config file
15:22:31 Saved config file successfully
15:22:31 saveConfig: auto-save-60s
15:22:31 Saving config file
15:22:31 Saved config file successfully
15:23:31 saveConfig: auto-save-60s
15:23:31 Saving config file
15:23:31 Saved config file successfully
15:23:31 saveConfig: auto-save-60s
15:23:31 Saving config file
15:23:31 Saved config file successfully
15:24:23 saveConfig: saving-data
15:24:23 Saving pets file
15:24:23 Saved pets file successfully
15:24:23 saveConfig: saving-data
15:24:23 Saving pets file
15:24:23 Saved pets file successfully
15:24:31 saveConfig: auto-save-60s
15:24:31 Saving config file
15:24:31 Saved config file successfully
15:24:31 saveConfig: auto-save-60s
15:24:31 Saving config file
15:24:31 Saved config file successfully
15:25:31 saveConfig: auto-save-60s
15:25:31 Saving config file
15:25:31 Saved config file successfully
15:25:31 saveConfig: auto-save-60s
15:25:31 Saving config file
15:25:31 Saved config file successfully
15:26:31 saveConfig: auto-save-60s
15:26:31 Saving config file
15:26:31 Saved config file successfully
15:26:31 saveConfig: auto-save-60s
15:26:31 Saving config file
15:26:31 Saved config file successfully
15:26:56 saveConfig: close-gui
15:26:56 Saving config file
15:26:56 Saved config file successfully
15:26:56 saveConfig: close-gui
15:26:56 Saving config file
15:26:56 Saved config file successfully
15:27:31 saveConfig: auto-save-60s
15:27:31 Saving config file
15:27:31 Saved config file successfully
15:27:31 saveConfig: auto-save-60s
15:27:31 Saving config file
15:27:31 Saved config file successfully
15:28:31 saveConfig: auto-save-60s
15:28:31 Saving config file
15:28:31 Saved config file successfully
15:28:31 saveConfig: auto-save-60s
15:28:31 Saving config file
15:28:31 Saved config file successfully
15:29:31 saveConfig: auto-save-60s
15:29:31 Saving config file
15:29:31 Saved config file successfully
15:29:31 saveConfig: auto-save-60s
15:29:31 Saving config file
15:29:31 Saved config file successfully
15:30:31 saveConfig: auto-save-60s
15:30:31 Saving config file
15:30:31 Saved config file successfully
15:30:31 saveConfig: auto-save-60s
15:30:31 Saving config file
15:30:31 Saved config file successfully
15:31:31 saveConfig: auto-save-60s
15:31:31 Saving config file
15:31:31 Saved config file successfully
15:31:31 saveConfig: auto-save-60s
15:31:31 Saving config file
15:31:31 Saved config file successfully
15:32:31 saveConfig: auto-save-60s
15:32:31 Saving config file
15:32:31 Saved config file successfully
15:32:31 saveConfig: auto-save-60s
15:32:31 Saving config file
15:32:31 Saved config file successfully
15:33:17 saveConfig: shutdown-hook
15:33:17 Saving config file
