15:12:31 Trying to load config from config\skyhanni\config.json
15:12:31 load-config-now
15:12:32 Loaded config from file
15:12:32 Trying to load sacks from config\skyhanni\sacks.json
15:12:32 load-sacks-now
15:12:32 Loaded sacks from file
15:12:32 Trying to load friends from config\skyhanni\friends.json
15:12:32 load-friends-now
15:12:32 Loaded friends from file
15:12:32 Trying to load known_features from config\skyhanni\known_features.json
15:12:32 load-known_features-now
15:12:32 Loaded known_features from file
15:12:32 Trying to load jacob_contests from config\skyhanni\jacob_contests.json
15:12:32 Setting jacob_contests to be blank as it did not exist. It will be saved once something is written to it
15:12:32 Trying to load visual_words from config\skyhanni\visual_words.json
15:12:32 Setting visual_words to be blank as it did not exist. It will be saved once something is written to it
15:12:32 Trying to load pets from config\skyhanni\pets.json
15:12:32 load-pets-now
15:12:32 Loaded pets from file
15:13:32 saveConfig: auto-save-60s
15:13:32 Saving config file
15:13:32 Saved config file successfully
15:13:32 saveConfig: auto-save-60s
15:13:32 Saving config file
15:13:32 Saved config file successfully
15:14:32 saveConfig: auto-save-60s
15:14:32 Saving config file
15:14:32 Saved config file successfully
15:14:32 saveConfig: auto-save-60s
15:14:32 Saving config file
15:14:32 Saved config file successfully
15:15:32 saveConfig: auto-save-60s
15:15:32 Saving config file
15:15:32 Saved config file successfully
15:15:32 saveConfig: auto-save-60s
15:15:32 Saving config file
15:15:32 Saved config file successfully
15:16:32 saveConfig: auto-save-60s
15:16:32 Saving config file
15:16:32 Saved config file successfully
15:16:32 saveConfig: auto-save-60s
15:16:32 Saving config file
15:16:32 Saved config file successfully
15:17:32 saveConfig: auto-save-60s
15:17:32 Saving config file
15:17:32 Saved config file successfully
15:17:32 saveConfig: auto-save-60s
15:17:32 Saving config file
15:17:32 Saved config file successfully
15:18:32 saveConfig: auto-save-60s
15:18:32 Saving config file
15:18:32 Saved config file successfully
15:18:32 saveConfig: auto-save-60s
15:18:32 Saving config file
15:18:32 Saved config file successfully
15:19:32 saveConfig: auto-save-60s
15:19:32 Saving config file
15:19:32 Saved config file successfully
15:19:32 saveConfig: auto-save-60s
15:19:32 Saving config file
15:19:32 Saved config file successfully
15:20:32 saveConfig: auto-save-60s
15:20:32 Saving config file
15:20:32 Saved config file successfully
15:20:32 saveConfig: auto-save-60s
15:20:32 Saving config file
15:20:32 Saved config file successfully
15:21:32 saveConfig: auto-save-60s
15:21:32 Saving config file
15:21:32 Saved config file successfully
15:21:32 saveConfig: auto-save-60s
15:21:32 Saving config file
15:21:32 Saved config file successfully
15:22:21 saveConfig: Updated known feature flags
15:22:21 Saving known_features file
15:22:21 Saved known_features file successfully
15:22:21 saveConfig: Updated known feature flags
15:22:21 Saving known_features file
15:22:21 Saved known_features file successfully
15:22:32 saveConfig: auto-save-60s
15:22:32 Saving config file
15:22:32 Saved config file successfully
15:22:32 saveConfig: auto-save-60s
15:22:32 Saving config file
15:22:32 Saved config file successfully
15:22:32 saveConfig: saving-data
15:22:32 Saving pets file
15:22:32 Saved pets file successfully
15:22:32 saveConfig: saving-data
15:22:32 Saving pets file
15:22:32 Saved pets file successfully
15:23:03 saveConfig: saving-data
15:23:03 Saving pets file
15:23:03 Saved pets file successfully
15:23:03 saveConfig: saving-data
15:23:03 Saving pets file
15:23:03 Saved pets file successfully
15:23:32 saveConfig: auto-save-60s
15:23:32 Saving config file
15:23:32 Saved config file successfully
15:23:32 saveConfig: auto-save-60s
15:23:32 Saving config file
15:23:32 Saved config file successfully
15:23:34 saveConfig: saving-data
15:23:34 Saving pets file
15:23:34 Saved pets file successfully
15:23:34 saveConfig: saving-data
15:23:34 Saving pets file
15:23:34 Saved pets file successfully
15:24:32 saveConfig: auto-save-60s
15:24:32 Saving config file
15:24:32 Saved config file successfully
15:24:32 saveConfig: auto-save-60s
15:24:32 Saving config file
15:24:32 Saved config file successfully
15:24:54 saveConfig: saving-data
15:24:54 Saving pets file
15:24:54 Saved pets file successfully
15:24:54 saveConfig: saving-data
15:24:54 Saving pets file
15:24:54 Saved pets file successfully
15:25:07 saveConfig: saving-data
15:25:07 Saving sacks file
15:25:07 Saved sacks file successfully
15:25:07 saveConfig: saving-data
15:25:07 Saving sacks file
15:25:07 Saved sacks file successfully
15:25:16 saveConfig: saving-data
15:25:16 Saving sacks file
15:25:16 Saved sacks file successfully
15:25:16 saveConfig: saving-data
15:25:16 Saving sacks file
15:25:16 Saved sacks file successfully
15:25:32 saveConfig: auto-save-60s
15:25:32 Saving config file
15:25:32 Saved config file successfully
15:25:32 saveConfig: auto-save-60s
15:25:32 Saving config file
15:25:32 Saved config file successfully
15:25:40 saveConfig: saving-data
15:25:40 Saving sacks file
15:25:40 Saved sacks file successfully
15:25:40 saveConfig: saving-data
15:25:40 Saving sacks file
15:25:40 Saved sacks file successfully
15:25:49 saveConfig: saving-data
15:25:49 Saving sacks file
15:25:49 Saved sacks file successfully
15:25:49 saveConfig: saving-data
15:25:49 Saving sacks file
15:25:49 Saved sacks file successfully
15:26:23 saveConfig: saving-data
15:26:23 Saving sacks file
15:26:23 Saved sacks file successfully
15:26:23 saveConfig: saving-data
15:26:23 Saving sacks file
15:26:23 Saved sacks file successfully
15:26:32 saveConfig: auto-save-60s
15:26:32 Saving config file
15:26:32 Saved config file successfully
15:26:32 saveConfig: auto-save-60s
15:26:32 Saving config file
15:26:32 Saved config file successfully
15:26:34 saveConfig: saving-data
15:26:34 Saving sacks file
15:26:34 Saved sacks file successfully
15:26:34 saveConfig: saving-data
15:26:34 Saving sacks file
15:26:34 Saved sacks file successfully
15:27:32 saveConfig: auto-save-60s
15:27:32 Saving config file
15:27:32 Saved config file successfully
15:27:32 saveConfig: auto-save-60s
15:27:32 Saving config file
15:27:32 Saved config file successfully
15:28:10 saveConfig: saving-data
15:28:10 Saving sacks file
15:28:10 Saved sacks file successfully
15:28:10 saveConfig: saving-data
15:28:10 Saving sacks file
15:28:10 Saved sacks file successfully
15:28:32 saveConfig: auto-save-60s
15:28:32 Saving config file
15:28:32 Saved config file successfully
15:28:32 saveConfig: auto-save-60s
15:28:32 Saving config file
15:28:32 Saved config file successfully
15:29:32 saveConfig: auto-save-60s
15:29:32 Saving config file
15:29:32 Saved config file successfully
15:29:32 saveConfig: auto-save-60s
15:29:32 Saving config file
15:29:32 Saved config file successfully
15:30:32 saveConfig: auto-save-60s
15:30:32 Saving config file
15:30:32 Saved config file successfully
15:30:32 saveConfig: auto-save-60s
15:30:32 Saving config file
15:30:32 Saved config file successfully
15:31:32 saveConfig: auto-save-60s
15:31:32 Saving config file
15:31:32 Saved config file successfully
15:31:32 saveConfig: auto-save-60s
15:31:32 Saving config file
15:31:32 Saved config file successfully
15:32:32 saveConfig: auto-save-60s
15:32:32 Saving config file
15:32:32 Saved config file successfully
15:32:32 saveConfig: auto-save-60s
15:32:32 Saving config file
15:32:32 Saved config file successfully
15:33:32 saveConfig: auto-save-60s
15:33:32 Saving config file
15:33:32 Saved config file successfully
15:33:32 saveConfig: auto-save-60s
15:33:32 Saving config file
15:33:32 Saved config file successfully
15:34:32 saveConfig: auto-save-60s
15:34:32 Saving config file
15:34:32 Saved config file successfully
15:34:32 saveConfig: auto-save-60s
15:34:32 Saving config file
15:34:32 Saved config file successfully
15:35:32 saveConfig: auto-save-60s
15:35:32 Saving config file
15:35:32 Saved config file successfully
15:35:32 saveConfig: auto-save-60s
15:35:32 Saving config file
15:35:32 Saved config file successfully
15:36:32 saveConfig: auto-save-60s
15:36:32 Saving config file
15:36:32 Saved config file successfully
15:36:32 saveConfig: auto-save-60s
15:36:32 Saving config file
15:36:32 Saved config file successfully
15:37:32 saveConfig: auto-save-60s
15:37:32 Saving config file
15:37:32 Saved config file successfully
15:37:32 saveConfig: auto-save-60s
15:37:32 Saving config file
15:37:32 Saved config file successfully
15:37:43 saveConfig: Save file
15:37:43 Saving friends file
15:37:43 Saved friends file successfully
15:37:43 saveConfig: Save file
15:37:43 Saving friends file
15:37:43 Saved friends file successfully
15:38:32 saveConfig: auto-save-60s
15:38:32 Saving config file
15:38:32 Saved config file successfully
15:38:32 saveConfig: auto-save-60s
15:38:32 Saving config file
15:38:32 Saved config file successfully
15:39:32 saveConfig: auto-save-60s
15:39:32 Saving config file
15:39:32 Saved config file successfully
15:39:32 saveConfig: auto-save-60s
15:39:32 Saving config file
15:39:32 Saved config file successfully
15:40:32 saveConfig: auto-save-60s
15:40:32 Saving config file
15:40:32 Saved config file successfully
15:40:32 saveConfig: auto-save-60s
15:40:32 Saving config file
15:40:32 Saved config file successfully
15:40:48 saveConfig: saving-data
15:40:48 Saving pets file
15:40:48 Saved pets file successfully
15:40:48 saveConfig: saving-data
15:40:48 Saving pets file
15:40:48 Saved pets file successfully
15:41:19 saveConfig: saving-data
15:41:19 Saving pets file
15:41:19 Saved pets file successfully
15:41:19 saveConfig: saving-data
15:41:19 Saving pets file
15:41:19 Saved pets file successfully
15:41:32 saveConfig: auto-save-60s
15:41:32 Saving config file
15:41:32 Saved config file successfully
15:41:32 saveConfig: auto-save-60s
15:41:32 Saving config file
15:41:32 Saved config file successfully
15:42:32 saveConfig: auto-save-60s
15:42:32 Saving config file
15:42:32 Saved config file successfully
15:42:32 saveConfig: auto-save-60s
15:42:32 Saving config file
15:42:32 Saved config file successfully
15:43:32 saveConfig: auto-save-60s
15:43:32 Saving config file
15:43:32 Saved config file successfully
15:43:32 saveConfig: auto-save-60s
15:43:32 Saving config file
15:43:32 Saved config file successfully
15:44:32 saveConfig: auto-save-60s
15:44:32 Saving config file
15:44:32 Saved config file successfully
15:44:32 saveConfig: auto-save-60s
15:44:32 Saving config file
15:44:32 Saved config file successfully
15:45:32 saveConfig: auto-save-60s
15:45:32 Saving config file
15:45:32 Saved config file successfully
15:45:32 saveConfig: auto-save-60s
15:45:32 Saving config file
15:45:32 Saved config file successfully
15:46:29 saveConfig: saving-data
15:46:29 Saving sacks file
15:46:29 Saved sacks file successfully
15:46:29 saveConfig: saving-data
15:46:29 Saving sacks file
15:46:29 Saved sacks file successfully
15:46:32 saveConfig: auto-save-60s
15:46:32 Saving config file
15:46:32 Saved config file successfully
15:46:32 saveConfig: auto-save-60s
15:46:32 Saving config file
15:46:32 Saved config file successfully
15:47:03 saveConfig: saving-data
15:47:03 Saving sacks file
15:47:03 Saved sacks file successfully
15:47:03 saveConfig: saving-data
15:47:03 Saving sacks file
15:47:03 Saved sacks file successfully
15:47:32 saveConfig: auto-save-60s
15:47:32 Saving config file
15:47:32 Saved config file successfully
15:47:32 saveConfig: auto-save-60s
15:47:32 Saving config file
15:47:32 Saved config file successfully
15:48:32 saveConfig: auto-save-60s
15:48:32 Saving config file
15:48:32 Saved config file successfully
15:48:32 saveConfig: auto-save-60s
15:48:32 Saving config file
15:48:32 Saved config file successfully
15:49:32 saveConfig: auto-save-60s
15:49:32 Saving config file
15:49:32 Saved config file successfully
15:49:32 saveConfig: auto-save-60s
15:49:32 Saving config file
15:49:32 Saved config file successfully
15:50:32 saveConfig: auto-save-60s
15:50:32 Saving config file
15:50:32 Saved config file successfully
15:50:32 saveConfig: auto-save-60s
15:50:32 Saving config file
15:50:32 Saved config file successfully
15:51:32 saveConfig: auto-save-60s
15:51:32 Saving config file
15:51:32 Saved config file successfully
15:51:32 saveConfig: auto-save-60s
15:51:32 Saving config file
15:51:32 Saved config file successfully
15:52:32 saveConfig: auto-save-60s
15:52:32 Saving config file
15:52:32 Saved config file successfully
15:52:32 saveConfig: auto-save-60s
15:52:32 Saving config file
15:52:32 Saved config file successfully
15:53:32 saveConfig: auto-save-60s
15:53:32 Saving config file
15:53:32 Saved config file successfully
15:53:32 saveConfig: auto-save-60s
15:53:32 Saving config file
15:53:32 Saved config file successfully
15:54:32 saveConfig: auto-save-60s
15:54:32 Saving config file
15:54:32 Saved config file successfully
15:54:32 saveConfig: auto-save-60s
15:54:32 Saving config file
15:54:32 Saved config file successfully
15:55:32 saveConfig: auto-save-60s
15:55:32 Saving config file
15:55:32 Saved config file successfully
15:55:32 saveConfig: auto-save-60s
15:55:32 Saving config file
15:55:32 Saved config file successfully
15:56:32 saveConfig: auto-save-60s
15:56:32 Saving config file
15:56:32 Saved config file successfully
15:56:32 saveConfig: auto-save-60s
15:56:32 Saving config file
15:56:32 Saved config file successfully
15:56:54 saveConfig: saving-data
15:56:54 Saving sacks file
15:56:54 Saved sacks file successfully
15:56:54 saveConfig: saving-data
15:56:54 Saving sacks file
15:56:54 Saved sacks file successfully
15:57:32 saveConfig: auto-save-60s
15:57:32 Saving config file
15:57:32 Saved config file successfully
15:57:32 saveConfig: auto-save-60s
15:57:32 Saving config file
15:57:32 Saved config file successfully
15:58:32 saveConfig: auto-save-60s
15:58:32 Saving config file
15:58:32 Saved config file successfully
15:58:32 saveConfig: auto-save-60s
15:58:32 Saving config file
15:58:32 Saved config file successfully
15:59:32 saveConfig: auto-save-60s
15:59:32 Saving config file
15:59:32 Saved config file successfully
15:59:32 saveConfig: auto-save-60s
15:59:32 Saving config file
15:59:32 Saved config file successfully
16:00:28 saveConfig: saving-data
16:00:28 Saving pets file
16:00:28 Saved pets file successfully
16:00:28 saveConfig: saving-data
16:00:28 Saving pets file
16:00:28 Saved pets file successfully
16:00:32 saveConfig: auto-save-60s
16:00:32 Saving config file
16:00:32 Saved config file successfully
16:00:32 saveConfig: auto-save-60s
16:00:32 Saving config file
16:00:32 Saved config file successfully
16:01:32 saveConfig: auto-save-60s
16:01:32 Saving config file
16:01:32 Saved config file successfully
16:01:32 saveConfig: auto-save-60s
16:01:32 Saving config file
16:01:32 Saved config file successfully
16:02:32 saveConfig: auto-save-60s
16:02:32 Saving config file
16:02:32 Saved config file successfully
16:02:32 saveConfig: auto-save-60s
16:02:32 Saving config file
16:02:32 Saved config file successfully
16:03:32 saveConfig: auto-save-60s
16:03:32 Saving config file
16:03:32 Saved config file successfully
16:03:32 saveConfig: auto-save-60s
16:03:32 Saving config file
16:03:32 Saved config file successfully
16:04:32 saveConfig: auto-save-60s
16:04:32 Saving config file
16:04:32 Saved config file successfully
16:04:32 saveConfig: auto-save-60s
16:04:32 Saving config file
16:04:32 Saved config file successfully
16:05:32 saveConfig: auto-save-60s
16:05:32 Saving config file
16:05:32 Saved config file successfully
16:05:32 saveConfig: auto-save-60s
16:05:32 Saving config file
16:05:32 Saved config file successfully
16:06:32 saveConfig: auto-save-60s
16:06:32 Saving config file
16:06:32 Saved config file successfully
16:06:32 saveConfig: auto-save-60s
16:06:32 Saving config file
16:06:32 Saved config file successfully
16:07:32 saveConfig: auto-save-60s
16:07:32 Saving config file
16:07:32 Saved config file successfully
16:07:32 saveConfig: auto-save-60s
16:07:32 Saving config file
16:07:32 Saved config file successfully
16:08:32 saveConfig: auto-save-60s
16:08:32 Saving config file
16:08:32 Saved config file successfully
16:08:32 saveConfig: auto-save-60s
16:08:32 Saving config file
16:08:32 Saved config file successfully
16:09:32 saveConfig: auto-save-60s
16:09:32 Saving config file
16:09:32 Saved config file successfully
16:09:32 saveConfig: auto-save-60s
16:09:32 Saving config file
16:09:32 Saved config file successfully
16:10:32 saveConfig: auto-save-60s
16:10:32 Saving config file
16:10:32 Saved config file successfully
16:10:32 saveConfig: auto-save-60s
16:10:32 Saving config file
16:10:32 Saved config file successfully
16:11:32 saveConfig: auto-save-60s
16:11:32 Saving config file
16:11:32 Saved config file successfully
16:11:32 saveConfig: auto-save-60s
16:11:32 Saving config file
16:11:32 Saved config file successfully
16:11:32 saveConfig: saving-data
16:11:32 Saving sacks file
16:11:32 Saved sacks file successfully
16:11:32 saveConfig: saving-data
16:11:32 Saving sacks file
16:11:32 Saved sacks file successfully
16:12:32 saveConfig: auto-save-60s
16:12:32 Saving config file
16:12:32 Saved config file successfully
16:12:32 saveConfig: auto-save-60s
16:12:32 Saving config file
16:12:32 Saved config file successfully
16:13:32 saveConfig: auto-save-60s
16:13:32 Saving config file
16:13:32 Saved config file successfully
16:13:32 saveConfig: auto-save-60s
16:13:32 Saving config file
16:13:32 Saved config file successfully
16:14:32 saveConfig: auto-save-60s
16:14:32 Saving config file
16:14:32 Saved config file successfully
16:14:32 saveConfig: auto-save-60s
16:14:32 Saving config file
16:14:32 Saved config file successfully
16:15:32 saveConfig: auto-save-60s
16:15:32 Saving config file
16:15:32 Saved config file successfully
16:15:32 saveConfig: auto-save-60s
16:15:32 Saving config file
16:15:32 Saved config file successfully
16:16:05 saveConfig: saving-data
16:16:05 Saving pets file
16:16:05 Saved pets file successfully
16:16:05 saveConfig: saving-data
16:16:05 Saving pets file
16:16:05 Saved pets file successfully
16:16:32 saveConfig: auto-save-60s
16:16:32 Saving config file
16:16:32 Saved config file successfully
16:16:32 saveConfig: auto-save-60s
16:16:32 Saving config file
16:16:32 Saved config file successfully
16:16:36 saveConfig: saving-data
16:16:36 Saving pets file
16:16:36 Saved pets file successfully
16:16:36 saveConfig: saving-data
16:16:36 Saving pets file
16:16:36 Saved pets file successfully
16:17:32 saveConfig: auto-save-60s
16:17:32 Saving config file
16:17:32 Saved config file successfully
16:17:32 saveConfig: auto-save-60s
16:17:32 Saving config file
16:17:32 Saved config file successfully
16:18:32 saveConfig: auto-save-60s
16:18:32 Saving config file
16:18:32 Saved config file successfully
16:18:32 saveConfig: auto-save-60s
16:18:32 Saving config file
16:18:32 Saved config file successfully
16:19:32 saveConfig: auto-save-60s
16:19:32 Saving config file
16:19:32 Saved config file successfully
16:19:32 saveConfig: auto-save-60s
16:19:32 Saving config file
16:19:32 Saved config file successfully
16:20:32 saveConfig: auto-save-60s
16:20:32 Saving config file
16:20:32 Saved config file successfully
16:20:32 saveConfig: auto-save-60s
16:20:32 Saving config file
16:20:32 Saved config file successfully
16:20:36 saveConfig: saving-data
16:20:36 Saving pets file
16:20:36 Saved pets file successfully
16:20:36 saveConfig: saving-data
16:20:36 Saving pets file
16:20:36 Saved pets file successfully
16:21:22 saveConfig: saving-data
16:21:22 Saving pets file
16:21:22 Saved pets file successfully
16:21:22 saveConfig: saving-data
16:21:22 Saving pets file
16:21:22 Saved pets file successfully
16:21:32 saveConfig: auto-save-60s
16:21:32 Saving config file
16:21:32 Saved config file successfully
16:21:32 saveConfig: auto-save-60s
16:21:32 Saving config file
16:21:32 Saved config file successfully
16:22:32 saveConfig: auto-save-60s
16:22:32 Saving config file
16:22:32 Saved config file successfully
16:22:32 saveConfig: auto-save-60s
16:22:32 Saving config file
16:22:32 Saved config file successfully
16:23:32 saveConfig: auto-save-60s
16:23:32 Saving config file
16:23:32 Saved config file successfully
16:23:32 saveConfig: auto-save-60s
16:23:32 Saving config file
16:23:32 Saved config file successfully
16:24:32 saveConfig: auto-save-60s
16:24:32 Saving config file
16:24:32 Saved config file successfully
16:24:32 saveConfig: auto-save-60s
16:24:32 Saving config file
16:24:32 Saved config file successfully
16:25:32 saveConfig: auto-save-60s
16:25:32 Saving config file
16:25:32 Saved config file successfully
16:25:32 saveConfig: auto-save-60s
16:25:32 Saving config file
16:25:32 Saved config file successfully
16:26:32 saveConfig: auto-save-60s
16:26:32 Saving config file
16:26:32 Saved config file successfully
16:26:32 saveConfig: auto-save-60s
16:26:32 Saving config file
16:26:32 Saved config file successfully
16:27:32 saveConfig: auto-save-60s
16:27:32 Saving config file
16:27:32 Saved config file successfully
16:27:32 saveConfig: auto-save-60s
16:27:32 Saving config file
16:27:32 Saved config file successfully
16:27:51 saveConfig: saving-data
16:27:51 Saving sacks file
16:27:51 Saved sacks file successfully
16:27:51 saveConfig: saving-data
16:27:51 Saving sacks file
16:27:51 Saved sacks file successfully
16:28:19 saveConfig: saving-data
16:28:19 Saving sacks file
16:28:19 Saved sacks file successfully
16:28:19 saveConfig: saving-data
16:28:19 Saving sacks file
16:28:19 Saved sacks file successfully
16:28:32 saveConfig: auto-save-60s
16:28:32 Saving config file
16:28:32 Saved config file successfully
16:28:32 saveConfig: auto-save-60s
16:28:32 Saving config file
16:28:32 Saved config file successfully
16:29:32 saveConfig: auto-save-60s
16:29:32 Saving config file
16:29:32 Saved config file successfully
16:29:32 saveConfig: auto-save-60s
16:29:32 Saving config file
16:29:32 Saved config file successfully
16:30:22 saveConfig: saving-data
16:30:22 Saving pets file
16:30:22 Saved pets file successfully
16:30:22 saveConfig: saving-data
16:30:22 Saving pets file
16:30:22 Saved pets file successfully
16:30:32 saveConfig: auto-save-60s
16:30:32 Saving config file
16:30:32 Saved config file successfully
16:30:32 saveConfig: auto-save-60s
16:30:32 Saving config file
16:30:32 Saved config file successfully
16:31:32 saveConfig: auto-save-60s
16:31:32 Saving config file
16:31:32 Saved config file successfully
16:31:32 saveConfig: auto-save-60s
16:31:32 Saving config file
16:31:32 Saved config file successfully
16:32:32 saveConfig: auto-save-60s
16:32:32 Saving config file
16:32:32 Saved config file successfully
16:32:32 saveConfig: auto-save-60s
16:32:32 Saving config file
16:32:32 Saved config file successfully
16:33:11 saveConfig: saving-data
16:33:11 Saving pets file
16:33:11 Saved pets file successfully
16:33:11 saveConfig: saving-data
16:33:11 Saving pets file
16:33:11 Saved pets file successfully
16:33:32 saveConfig: auto-save-60s
16:33:32 Saving config file
16:33:32 Saved config file successfully
16:33:32 saveConfig: auto-save-60s
16:33:32 Saving config file
16:33:32 Saved config file successfully
16:34:32 saveConfig: auto-save-60s
16:34:32 Saving config file
16:34:32 Saved config file successfully
16:34:32 saveConfig: auto-save-60s
16:34:32 Saving config file
16:34:32 Saved config file successfully
16:35:32 saveConfig: auto-save-60s
16:35:32 Saving config file
16:35:32 Saved config file successfully
16:35:32 saveConfig: auto-save-60s
16:35:32 Saving config file
16:35:32 Saved config file successfully
16:36:32 saveConfig: auto-save-60s
16:36:32 Saving config file
16:36:32 Saved config file successfully
16:36:32 saveConfig: auto-save-60s
16:36:32 Saving config file
16:36:32 Saved config file successfully
16:37:00 saveConfig: saving-data
16:37:00 Saving pets file
16:37:00 Saved pets file successfully
16:37:00 saveConfig: saving-data
16:37:00 Saving pets file
16:37:00 Saved pets file successfully
16:37:32 saveConfig: auto-save-60s
16:37:32 Saving config file
16:37:32 Saved config file successfully
16:37:32 saveConfig: auto-save-60s
16:37:32 Saving config file
16:37:32 Saved config file successfully
16:38:32 saveConfig: auto-save-60s
16:38:32 Saving config file
16:38:32 Saved config file successfully
16:38:32 saveConfig: auto-save-60s
16:38:32 Saving config file
16:38:32 Saved config file successfully
16:38:35 saveConfig: saving-data
16:38:35 Saving sacks file
16:38:35 Saved sacks file successfully
16:38:35 saveConfig: saving-data
16:38:35 Saving sacks file
16:38:35 Saved sacks file successfully
16:39:09 saveConfig: saving-data
16:39:09 Saving pets file
16:39:09 Saved pets file successfully
16:39:09 saveConfig: saving-data
16:39:09 Saving pets file
16:39:09 Saved pets file successfully
16:39:32 saveConfig: auto-save-60s
16:39:32 Saving config file
16:39:32 Saved config file successfully
16:39:32 saveConfig: auto-save-60s
16:39:32 Saving config file
16:39:32 Saved config file successfully
16:39:40 saveConfig: saving-data
16:39:40 Saving pets file
16:39:40 Saved pets file successfully
16:39:40 saveConfig: saving-data
16:39:40 Saving pets file
16:39:40 Saved pets file successfully
16:40:32 saveConfig: auto-save-60s
16:40:32 Saving config file
16:40:32 Saved config file successfully
16:40:32 saveConfig: auto-save-60s
16:40:32 Saving config file
16:40:32 Saved config file successfully
16:40:56 saveConfig: saving-data
16:40:56 Saving pets file
16:40:56 Saved pets file successfully
16:40:56 saveConfig: saving-data
16:40:56 Saving pets file
16:40:56 Saved pets file successfully
16:41:27 saveConfig: saving-data
16:41:27 Saving pets file
16:41:27 Saved pets file successfully
16:41:27 saveConfig: saving-data
16:41:27 Saving pets file
16:41:27 Saved pets file successfully
16:41:32 saveConfig: auto-save-60s
16:41:32 Saving config file
16:41:32 Saved config file successfully
16:41:32 saveConfig: auto-save-60s
16:41:32 Saving config file
16:41:32 Saved config file successfully
16:42:32 saveConfig: auto-save-60s
16:42:32 Saving config file
16:42:32 Saved config file successfully
16:42:32 saveConfig: auto-save-60s
16:42:32 Saving config file
16:42:32 Saved config file successfully
16:43:32 saveConfig: auto-save-60s
16:43:32 Saving config file
16:43:32 Saved config file successfully
16:43:32 saveConfig: auto-save-60s
16:43:32 Saving config file
16:43:32 Saved config file successfully
16:43:57 saveConfig: saving-data
16:43:57 Saving pets file
16:43:57 Saved pets file successfully
16:43:57 saveConfig: saving-data
16:43:57 Saving pets file
16:43:57 Saved pets file successfully
16:44:28 saveConfig: saving-data
16:44:28 Saving pets file
16:44:28 Saved pets file successfully
16:44:28 saveConfig: saving-data
16:44:28 Saving pets file
16:44:28 Saved pets file successfully
16:44:32 saveConfig: auto-save-60s
16:44:32 Saving config file
16:44:32 Saved config file successfully
16:44:32 saveConfig: auto-save-60s
16:44:32 Saving config file
16:44:32 Saved config file successfully
16:45:25 saveConfig: saving-data
16:45:25 Saving pets file
16:45:25 Saved pets file successfully
16:45:25 saveConfig: saving-data
16:45:25 Saving pets file
16:45:25 Saved pets file successfully
16:45:32 saveConfig: auto-save-60s
16:45:32 Saving config file
16:45:32 Saved config file successfully
16:45:32 saveConfig: auto-save-60s
16:45:32 Saving config file
16:45:32 Saved config file successfully
16:46:32 saveConfig: auto-save-60s
16:46:32 Saving config file
16:46:32 Saved config file successfully
16:46:32 saveConfig: auto-save-60s
16:46:32 Saving config file
16:46:32 Saved config file successfully
16:47:32 saveConfig: auto-save-60s
16:47:32 Saving config file
16:47:32 Saved config file successfully
16:47:32 saveConfig: auto-save-60s
16:47:32 Saving config file
16:47:32 Saved config file successfully
16:48:04 saveConfig: shutdown-hook
16:48:04 Saving config file
16:48:04 Saved config file successfully
16:48:04 saveConfig: shutdown-hook
16:48:04 Saving config file
16:48:04 Saved config file successfully
