01:18:34 Trying to load config from config\skyhanni\config.json
01:18:34 load-config-now
01:18:34 Loaded config from file
01:18:34 Trying to load sacks from config\skyhanni\sacks.json
01:18:34 load-sacks-now
01:18:34 Loaded sacks from file
01:18:34 Trying to load friends from config\skyhanni\friends.json
01:18:34 load-friends-now
01:18:34 Loaded friends from file
01:18:34 Trying to load known_features from config\skyhanni\known_features.json
01:18:34 load-known_features-now
01:18:34 Loaded known_features from file
01:18:34 Trying to load jacob_contests from config\skyhanni\jacob_contests.json
01:18:34 Setting jacob_contests to be blank as it did not exist. It will be saved once something is written to it
01:18:34 Trying to load visual_words from config\skyhanni\visual_words.json
01:18:34 Setting visual_words to be blank as it did not exist. It will be saved once something is written to it
01:18:34 Trying to load pets from config\skyhanni\pets.json
01:18:34 load-pets-now
01:18:34 Loaded pets from file
01:19:34 saveConfig: auto-save-60s
01:19:34 Saving config file
01:19:34 Saved config file successfully
01:19:34 saveConfig: auto-save-60s
01:19:34 Saving config file
01:19:34 Saved config file successfully
01:20:15 saveConfig: Updated known feature flags
01:20:15 Saving known_features file
01:20:15 Saved known_features file successfully
01:20:15 saveConfig: Updated known feature flags
01:20:15 Saving known_features file
01:20:15 Saved known_features file successfully
01:20:28 saveConfig: saving-data
01:20:28 Saving pets file
01:20:28 Saved pets file successfully
01:20:28 saveConfig: saving-data
01:20:28 Saving pets file
01:20:28 Saved pets file successfully
01:20:34 saveConfig: auto-save-60s
01:20:34 Saving config file
01:20:34 Saved config file successfully
01:20:34 saveConfig: auto-save-60s
01:20:34 Saving config file
01:20:34 Saved config file successfully
01:20:59 saveConfig: saving-data
01:20:59 Saving pets file
01:20:59 Saved pets file successfully
01:20:59 saveConfig: saving-data
01:20:59 Saving pets file
01:20:59 Saved pets file successfully
01:21:30 saveConfig: saving-data
01:21:30 Saving pets file
01:21:30 Saved pets file successfully
01:21:30 saveConfig: saving-data
01:21:30 Saving pets file
01:21:30 Saved pets file successfully
01:21:34 saveConfig: auto-save-60s
01:21:34 Saving config file
01:21:34 Saved config file successfully
01:21:34 saveConfig: auto-save-60s
01:21:34 Saving config file
01:21:34 Saved config file successfully
01:22:01 saveConfig: saving-data
01:22:01 Saving pets file
01:22:01 Saved pets file successfully
01:22:01 saveConfig: saving-data
01:22:01 Saving pets file
01:22:01 Saved pets file successfully
01:22:34 saveConfig: auto-save-60s
01:22:34 Saving config file
01:22:34 Saved config file successfully
01:22:34 saveConfig: auto-save-60s
01:22:34 Saving config file
01:22:34 Saved config file successfully
01:23:34 saveConfig: auto-save-60s
01:23:34 Saving config file
01:23:34 Saved config file successfully
01:23:34 saveConfig: auto-save-60s
01:23:34 Saving config file
01:23:34 Saved config file successfully
01:24:34 saveConfig: auto-save-60s
01:24:34 Saving config file
01:24:34 Saved config file successfully
01:24:34 saveConfig: auto-save-60s
01:24:34 Saving config file
01:24:34 Saved config file successfully
01:25:34 saveConfig: auto-save-60s
01:25:34 Saving config file
01:25:34 Saved config file successfully
01:25:34 saveConfig: auto-save-60s
01:25:34 Saving config file
01:25:34 Saved config file successfully
01:26:34 saveConfig: auto-save-60s
01:26:34 Saving config file
01:26:34 Saved config file successfully
01:26:34 saveConfig: auto-save-60s
01:26:34 Saving config file
01:26:34 Saved config file successfully
01:27:34 saveConfig: auto-save-60s
01:27:34 Saving config file
01:27:34 Saved config file successfully
01:27:34 saveConfig: auto-save-60s
01:27:34 Saving config file
01:27:34 Saved config file successfully
01:28:34 saveConfig: auto-save-60s
01:28:34 Saving config file
01:28:34 Saved config file successfully
01:28:34 saveConfig: auto-save-60s
01:28:34 Saving config file
01:28:34 Saved config file successfully
01:29:34 saveConfig: auto-save-60s
01:29:34 Saving config file
01:29:34 Saved config file successfully
01:29:34 saveConfig: auto-save-60s
01:29:34 Saving config file
01:29:34 Saved config file successfully
01:29:58 saveConfig: saving-data
01:29:58 Saving pets file
01:29:58 Saved pets file successfully
01:29:58 saveConfig: saving-data
01:29:58 Saving pets file
01:29:58 Saved pets file successfully
01:30:29 saveConfig: saving-data
01:30:29 Saving pets file
01:30:29 Saved pets file successfully
01:30:29 saveConfig: saving-data
01:30:29 Saving pets file
01:30:29 Saved pets file successfully
01:30:34 saveConfig: auto-save-60s
01:30:34 Saving config file
01:30:34 Saved config file successfully
01:30:34 saveConfig: auto-save-60s
01:30:34 Saving config file
01:30:34 Saved config file successfully
01:31:34 saveConfig: auto-save-60s
01:31:34 Saving config file
01:31:34 Saved config file successfully
01:31:34 saveConfig: auto-save-60s
01:31:34 Saving config file
01:31:34 Saved config file successfully
01:32:34 saveConfig: auto-save-60s
01:32:34 Saving config file
01:32:34 Saved config file successfully
01:32:34 saveConfig: auto-save-60s
01:32:34 Saving config file
01:32:34 Saved config file successfully
01:33:34 saveConfig: auto-save-60s
01:33:34 Saving config file
01:33:34 Saved config file successfully
01:33:34 saveConfig: auto-save-60s
01:33:34 Saving config file
01:33:34 Saved config file successfully
01:34:34 saveConfig: auto-save-60s
01:34:34 Saving config file
01:34:34 Saved config file successfully
01:34:34 saveConfig: auto-save-60s
01:34:34 Saving config file
01:34:34 Saved config file successfully
01:35:34 saveConfig: auto-save-60s
01:35:34 Saving config file
01:35:34 Saved config file successfully
01:35:34 saveConfig: auto-save-60s
01:35:34 Saving config file
01:35:34 Saved config file successfully
01:36:34 saveConfig: auto-save-60s
01:36:34 Saving config file
01:36:34 Saved config file successfully
01:36:34 saveConfig: auto-save-60s
01:36:34 Saving config file
01:36:34 Saved config file successfully
01:36:42 saveConfig: saving-data
01:36:42 Saving pets file
01:36:42 Saved pets file successfully
01:36:42 saveConfig: saving-data
01:36:42 Saving pets file
01:36:42 Saved pets file successfully
01:37:13 saveConfig: saving-data
01:37:13 Saving pets file
01:37:13 Saved pets file successfully
01:37:13 saveConfig: saving-data
01:37:13 Saving pets file
01:37:13 Saved pets file successfully
01:37:34 saveConfig: auto-save-60s
01:37:34 Saving config file
01:37:34 Saved config file successfully
01:37:34 saveConfig: auto-save-60s
01:37:34 Saving config file
01:37:34 Saved config file successfully
01:37:44 saveConfig: saving-data
01:37:44 Saving pets file
01:37:44 Saved pets file successfully
01:37:44 saveConfig: saving-data
01:37:44 Saving pets file
01:37:44 Saved pets file successfully
01:38:15 saveConfig: saving-data
01:38:15 Saving pets file
01:38:15 Saved pets file successfully
01:38:15 saveConfig: saving-data
01:38:15 Saving pets file
01:38:15 Saved pets file successfully
01:38:34 saveConfig: auto-save-60s
01:38:34 Saving config file
01:38:34 Saved config file successfully
01:38:34 saveConfig: auto-save-60s
01:38:34 Saving config file
01:38:34 Saved config file successfully
01:39:34 saveConfig: auto-save-60s
01:39:34 Saving config file
01:39:34 Saved config file successfully
01:39:34 saveConfig: auto-save-60s
01:39:34 Saving config file
01:39:34 Saved config file successfully
01:40:34 saveConfig: auto-save-60s
01:40:34 Saving config file
01:40:34 Saved config file successfully
01:40:34 saveConfig: auto-save-60s
01:40:34 Saving config file
01:40:34 Saved config file successfully
01:41:34 saveConfig: auto-save-60s
01:41:34 Saving config file
01:41:34 Saved config file successfully
01:41:34 saveConfig: auto-save-60s
01:41:34 Saving config file
01:41:34 Saved config file successfully
01:42:34 saveConfig: auto-save-60s
01:42:34 Saving config file
01:42:34 Saved config file successfully
01:42:34 saveConfig: auto-save-60s
01:42:34 Saving config file
01:42:34 Saved config file successfully
01:43:22 saveConfig: saving-data
01:43:22 Saving pets file
01:43:22 Saved pets file successfully
01:43:22 saveConfig: saving-data
01:43:22 Saving pets file
01:43:22 Saved pets file successfully
01:43:34 saveConfig: auto-save-60s
01:43:34 Saving config file
01:43:34 Saved config file successfully
01:43:34 saveConfig: auto-save-60s
01:43:34 Saving config file
01:43:34 Saved config file successfully
01:44:34 saveConfig: auto-save-60s
01:44:34 Saving config file
01:44:34 Saved config file successfully
01:44:34 saveConfig: auto-save-60s
01:44:34 Saving config file
01:44:34 Saved config file successfully
01:45:34 saveConfig: auto-save-60s
01:45:34 Saving config file
01:45:34 Saved config file successfully
01:45:34 saveConfig: auto-save-60s
01:45:34 Saving config file
01:45:34 Saved config file successfully
01:45:59 saveConfig: saving-data
01:45:59 Saving pets file
01:45:59 Saved pets file successfully
01:45:59 saveConfig: saving-data
01:45:59 Saving pets file
01:45:59 Saved pets file successfully
01:46:34 saveConfig: auto-save-60s
01:46:34 Saving config file
01:46:34 Saved config file successfully
01:46:34 saveConfig: auto-save-60s
01:46:34 Saving config file
01:46:34 Saved config file successfully
01:47:34 saveConfig: auto-save-60s
01:47:34 Saving config file
01:47:34 Saved config file successfully
01:47:34 saveConfig: auto-save-60s
01:47:34 Saving config file
01:47:34 Saved config file successfully
01:48:34 saveConfig: auto-save-60s
01:48:34 Saving config file
01:48:34 Saved config file successfully
01:48:34 saveConfig: auto-save-60s
01:48:34 Saving config file
01:48:34 Saved config file successfully
01:49:34 saveConfig: auto-save-60s
01:49:34 Saving config file
01:49:34 Saved config file successfully
01:49:34 saveConfig: auto-save-60s
01:49:34 Saving config file
01:49:34 Saved config file successfully
01:50:34 saveConfig: auto-save-60s
01:50:34 Saving config file
01:50:34 Saved config file successfully
01:50:34 saveConfig: auto-save-60s
01:50:34 Saving config file
01:50:34 Saved config file successfully
01:51:34 saveConfig: auto-save-60s
01:51:34 Saving config file
01:51:34 Saved config file successfully
01:51:34 saveConfig: auto-save-60s
01:51:34 Saving config file
01:51:34 Saved config file successfully
01:51:59 saveConfig: saving-data
01:51:59 Saving pets file
01:51:59 Saved pets file successfully
01:51:59 saveConfig: saving-data
01:51:59 Saving pets file
01:51:59 Saved pets file successfully
01:52:30 saveConfig: saving-data
01:52:30 Saving pets file
01:52:30 Saved pets file successfully
01:52:30 saveConfig: saving-data
01:52:30 Saving pets file
01:52:30 Saved pets file successfully
01:52:34 saveConfig: auto-save-60s
01:52:34 Saving config file
01:52:34 Saved config file successfully
01:52:34 saveConfig: auto-save-60s
01:52:34 Saving config file
01:52:34 Saved config file successfully
01:53:34 saveConfig: auto-save-60s
01:53:34 Saving config file
01:53:34 Saved config file successfully
01:53:34 saveConfig: auto-save-60s
01:53:34 Saving config file
01:53:34 Saved config file successfully
01:54:34 saveConfig: auto-save-60s
01:54:34 Saving config file
01:54:34 Saved config file successfully
01:54:34 saveConfig: auto-save-60s
01:54:34 Saving config file
01:54:34 Saved config file successfully
01:55:34 saveConfig: auto-save-60s
01:55:34 Saving config file
01:55:34 Saved config file successfully
01:55:34 saveConfig: auto-save-60s
01:55:34 Saving config file
01:55:34 Saved config file successfully
01:56:34 saveConfig: auto-save-60s
01:56:34 Saving config file
01:56:34 Saved config file successfully
01:56:34 saveConfig: auto-save-60s
01:56:34 Saving config file
01:56:34 Saved config file successfully
01:57:34 saveConfig: auto-save-60s
01:57:34 Saving config file
01:57:34 Saved config file successfully
01:57:34 saveConfig: auto-save-60s
01:57:34 Saving config file
01:57:34 Saved config file successfully
01:58:02 saveConfig: saving-data
01:58:02 Saving pets file
01:58:02 Saved pets file successfully
01:58:02 saveConfig: saving-data
01:58:02 Saving pets file
01:58:02 Saved pets file successfully
01:58:34 saveConfig: auto-save-60s
01:58:34 Saving config file
01:58:34 Saved config file successfully
01:58:34 saveConfig: auto-save-60s
01:58:34 Saving config file
01:58:34 Saved config file successfully
01:59:15 saveConfig: saving-data
01:59:15 Saving pets file
01:59:15 Saved pets file successfully
01:59:15 saveConfig: saving-data
01:59:15 Saving pets file
01:59:15 Saved pets file successfully
01:59:34 saveConfig: auto-save-60s
01:59:34 Saving config file
01:59:34 Saved config file successfully
01:59:34 saveConfig: auto-save-60s
01:59:34 Saving config file
01:59:34 Saved config file successfully
02:00:34 saveConfig: auto-save-60s
02:00:34 Saving config file
02:00:34 Saved config file successfully
02:00:34 saveConfig: auto-save-60s
02:00:34 Saving config file
02:00:34 Saved config file successfully
02:01:34 saveConfig: auto-save-60s
02:01:34 Saving config file
02:01:34 Saved config file successfully
02:01:34 saveConfig: auto-save-60s
02:01:34 Saving config file
02:01:34 Saved config file successfully
02:02:34 saveConfig: auto-save-60s
02:02:34 Saving config file
02:02:34 Saved config file successfully
02:02:34 saveConfig: auto-save-60s
02:02:34 Saving config file
02:02:34 Saved config file successfully
02:03:34 saveConfig: auto-save-60s
02:03:34 Saving config file
02:03:34 Saved config file successfully
02:03:34 saveConfig: auto-save-60s
02:03:34 Saving config file
02:03:34 Saved config file successfully
02:04:34 saveConfig: auto-save-60s
02:04:34 Saving config file
02:04:34 Saved config file successfully
02:04:34 saveConfig: auto-save-60s
02:04:34 Saving config file
02:04:34 Saved config file successfully
02:05:11 saveConfig: saving-data
02:05:11 Saving pets file
02:05:11 Saved pets file successfully
02:05:11 saveConfig: saving-data
02:05:11 Saving pets file
02:05:11 Saved pets file successfully
02:05:34 saveConfig: auto-save-60s
02:05:34 Saving config file
02:05:34 Saved config file successfully
02:05:34 saveConfig: auto-save-60s
02:05:34 Saving config file
02:05:34 Saved config file successfully
02:06:34 saveConfig: auto-save-60s
02:06:34 Saving config file
02:06:34 Saved config file successfully
02:06:34 saveConfig: auto-save-60s
02:06:34 Saving config file
02:06:34 Saved config file successfully
02:07:34 saveConfig: auto-save-60s
02:07:34 Saving config file
02:07:34 Saved config file successfully
02:07:34 saveConfig: auto-save-60s
02:07:34 Saving config file
02:07:34 Saved config file successfully
02:08:34 saveConfig: auto-save-60s
02:08:34 Saving config file
02:08:34 Saved config file successfully
02:08:34 saveConfig: auto-save-60s
02:08:34 Saving config file
02:08:34 Saved config file successfully
02:09:26 saveConfig: saving-data
02:09:26 Saving pets file
02:09:26 Saved pets file successfully
02:09:26 saveConfig: saving-data
02:09:26 Saving pets file
02:09:26 Saved pets file successfully
02:09:34 saveConfig: auto-save-60s
02:09:34 Saving config file
02:09:34 Saved config file successfully
02:09:34 saveConfig: auto-save-60s
02:09:34 Saving config file
02:09:34 Saved config file successfully
02:10:34 saveConfig: auto-save-60s
02:10:34 Saving config file
02:10:34 Saved config file successfully
02:10:34 saveConfig: auto-save-60s
02:10:34 Saving config file
02:10:34 Saved config file successfully
02:11:34 saveConfig: auto-save-60s
02:11:34 Saving config file
02:11:34 Saved config file successfully
02:11:34 saveConfig: auto-save-60s
02:11:34 Saving config file
02:11:34 Saved config file successfully
02:12:09 saveConfig: saving-data
02:12:09 Saving pets file
02:12:09 Saved pets file successfully
02:12:09 saveConfig: saving-data
02:12:09 Saving pets file
02:12:09 Saved pets file successfully
02:12:34 saveConfig: auto-save-60s
02:12:34 Saving config file
02:12:34 Saved config file successfully
02:12:34 saveConfig: auto-save-60s
02:12:34 Saving config file
02:12:34 Saved config file successfully
02:12:40 saveConfig: saving-data
02:12:40 Saving pets file
02:12:40 Saved pets file successfully
02:12:40 saveConfig: saving-data
02:12:40 Saving pets file
02:12:40 Saved pets file successfully
02:13:34 saveConfig: auto-save-60s
02:13:34 Saving config file
02:13:34 Saved config file successfully
02:13:34 saveConfig: auto-save-60s
02:13:34 Saving config file
02:13:34 Saved config file successfully
02:14:15 saveConfig: saving-data
02:14:15 Saving pets file
02:14:15 Saved pets file successfully
02:14:15 saveConfig: saving-data
02:14:15 Saving pets file
02:14:15 Saved pets file successfully
02:14:34 saveConfig: auto-save-60s
02:14:34 Saving config file
02:14:34 Saved config file successfully
02:14:34 saveConfig: auto-save-60s
02:14:34 Saving config file
02:14:34 Saved config file successfully
02:15:34 saveConfig: auto-save-60s
02:15:34 Saving config file
02:15:34 Saved config file successfully
02:15:34 saveConfig: auto-save-60s
02:15:34 Saving config file
02:15:34 Saved config file successfully
02:15:55 saveConfig: saving-data
02:15:55 Saving pets file
02:15:55 Saved pets file successfully
02:15:55 saveConfig: saving-data
02:15:55 Saving pets file
02:15:55 Saved pets file successfully
02:16:34 saveConfig: auto-save-60s
02:16:34 Saving config file
02:16:34 Saved config file successfully
02:16:34 saveConfig: auto-save-60s
02:16:34 Saving config file
02:16:34 Saved config file successfully
02:17:34 saveConfig: auto-save-60s
02:17:34 Saving config file
02:17:34 Saved config file successfully
02:17:34 saveConfig: auto-save-60s
02:17:34 Saving config file
02:17:34 Saved config file successfully
02:18:34 saveConfig: auto-save-60s
02:18:34 Saving config file
02:18:34 Saved config file successfully
02:18:34 saveConfig: auto-save-60s
02:18:34 Saving config file
02:18:34 Saved config file successfully
02:19:34 saveConfig: auto-save-60s
02:19:34 Saving config file
02:19:34 Saved config file successfully
02:19:34 saveConfig: auto-save-60s
02:19:34 Saving config file
02:19:34 Saved config file successfully
02:20:14 saveConfig: saving-data
02:20:14 Saving pets file
02:20:14 Saved pets file successfully
02:20:14 saveConfig: saving-data
02:20:14 Saving pets file
02:20:14 Saved pets file successfully
02:20:34 saveConfig: auto-save-60s
02:20:34 Saving config file
02:20:34 Saved config file successfully
02:20:34 saveConfig: auto-save-60s
02:20:34 Saving config file
02:20:34 Saved config file successfully
02:20:45 saveConfig: saving-data
02:20:45 Saving pets file
02:20:45 Saved pets file successfully
02:20:45 saveConfig: saving-data
02:20:45 Saving pets file
02:20:45 Saved pets file successfully
02:21:16 saveConfig: saving-data
02:21:16 Saving pets file
02:21:16 Saved pets file successfully
02:21:16 saveConfig: saving-data
02:21:16 Saving pets file
02:21:16 Saved pets file successfully
02:21:34 saveConfig: auto-save-60s
02:21:34 Saving config file
02:21:34 Saved config file successfully
02:21:34 saveConfig: auto-save-60s
02:21:34 Saving config file
02:21:34 Saved config file successfully
02:22:34 saveConfig: auto-save-60s
02:22:34 Saving config file
02:22:34 Saved config file successfully
02:22:34 saveConfig: auto-save-60s
02:22:34 Saving config file
02:22:34 Saved config file successfully
02:23:34 saveConfig: auto-save-60s
02:23:34 Saving config file
02:23:34 Saved config file successfully
02:23:34 saveConfig: auto-save-60s
02:23:34 Saving config file
02:23:34 Saved config file successfully
02:23:48 saveConfig: saving-data
02:23:48 Saving pets file
02:23:48 Saved pets file successfully
02:23:48 saveConfig: saving-data
02:23:48 Saving pets file
02:23:48 Saved pets file successfully
02:24:19 saveConfig: saving-data
02:24:19 Saving pets file
02:24:19 Saved pets file successfully
02:24:19 saveConfig: saving-data
02:24:19 Saving pets file
02:24:19 Saved pets file successfully
02:24:34 saveConfig: auto-save-60s
02:24:34 Saving config file
02:24:34 Saved config file successfully
02:24:34 saveConfig: auto-save-60s
02:24:34 Saving config file
02:24:34 Saved config file successfully
02:25:34 saveConfig: auto-save-60s
02:25:34 Saving config file
02:25:34 Saved config file successfully
02:25:34 saveConfig: auto-save-60s
02:25:34 Saving config file
02:25:34 Saved config file successfully
02:26:34 saveConfig: auto-save-60s
02:26:34 Saving config file
02:26:34 Saved config file successfully
02:26:34 saveConfig: auto-save-60s
02:26:34 Saving config file
02:26:34 Saved config file successfully
02:27:34 saveConfig: auto-save-60s
02:27:34 Saving config file
02:27:34 Saved config file successfully
02:27:34 saveConfig: auto-save-60s
02:27:34 Saving config file
02:27:34 Saved config file successfully
02:28:34 saveConfig: auto-save-60s
02:28:34 Saving config file
02:28:34 Saved config file successfully
02:28:34 saveConfig: auto-save-60s
02:28:34 Saving config file
02:28:34 Saved config file successfully
02:28:53 saveConfig: saving-data
02:28:53 Saving pets file
02:28:53 Saved pets file successfully
02:28:53 saveConfig: saving-data
02:28:53 Saving pets file
02:28:53 Saved pets file successfully
02:29:24 saveConfig: saving-data
02:29:24 Saving pets file
02:29:24 Saved pets file successfully
02:29:24 saveConfig: saving-data
02:29:24 Saving pets file
02:29:24 Saved pets file successfully
02:29:34 saveConfig: auto-save-60s
02:29:34 Saving config file
02:29:34 Saved config file successfully
02:29:34 saveConfig: auto-save-60s
02:29:34 Saving config file
02:29:34 Saved config file successfully
02:30:34 saveConfig: auto-save-60s
02:30:34 Saving config file
02:30:34 Saved config file successfully
02:30:34 saveConfig: auto-save-60s
02:30:34 Saving config file
02:30:34 Saved config file successfully
02:30:38 saveConfig: saving-data
02:30:38 Saving pets file
02:30:38 Saved pets file successfully
02:30:38 saveConfig: saving-data
02:30:38 Saving pets file
02:30:38 Saved pets file successfully
02:31:34 saveConfig: auto-save-60s
02:31:34 Saving config file
02:31:34 Saved config file successfully
02:31:34 saveConfig: auto-save-60s
02:31:34 Saving config file
02:31:34 Saved config file successfully
02:32:34 saveConfig: auto-save-60s
02:32:34 Saving config file
02:32:34 Saved config file successfully
02:32:34 saveConfig: auto-save-60s
02:32:34 Saving config file
02:32:34 Saved config file successfully
02:33:34 saveConfig: auto-save-60s
02:33:34 Saving config file
02:33:34 Saved config file successfully
02:33:34 saveConfig: auto-save-60s
02:33:34 Saving config file
02:33:34 Saved config file successfully
02:34:34 saveConfig: auto-save-60s
02:34:34 Saving config file
02:34:34 Saved config file successfully
02:34:34 saveConfig: auto-save-60s
02:34:34 Saving config file
02:34:34 Saved config file successfully
02:35:34 saveConfig: auto-save-60s
02:35:34 Saving config file
02:35:34 Saved config file successfully
02:35:34 saveConfig: auto-save-60s
02:35:34 Saving config file
02:35:34 Saved config file successfully
02:36:34 saveConfig: auto-save-60s
02:36:34 Saving config file
02:36:34 Saved config file successfully
02:36:34 saveConfig: auto-save-60s
02:36:34 Saving config file
02:36:34 Saved config file successfully
02:36:58 saveConfig: saving-data
02:36:58 Saving pets file
02:36:58 Saved pets file successfully
02:36:58 saveConfig: saving-data
02:36:58 Saving pets file
02:36:58 Saved pets file successfully
02:37:29 saveConfig: saving-data
02:37:29 Saving pets file
02:37:29 Saved pets file successfully
02:37:29 saveConfig: saving-data
02:37:29 Saving pets file
02:37:29 Saved pets file successfully
02:37:34 saveConfig: auto-save-60s
02:37:34 Saving config file
02:37:34 Saved config file successfully
02:37:34 saveConfig: auto-save-60s
02:37:34 Saving config file
02:37:34 Saved config file successfully
02:38:34 saveConfig: auto-save-60s
02:38:34 Saving config file
02:38:34 Saved config file successfully
02:38:34 saveConfig: auto-save-60s
02:38:34 Saving config file
02:38:34 Saved config file successfully
02:39:34 saveConfig: auto-save-60s
02:39:34 Saving config file
02:39:34 Saved config file successfully
02:39:34 saveConfig: auto-save-60s
02:39:34 Saving config file
02:39:34 Saved config file successfully
02:40:34 saveConfig: auto-save-60s
02:40:34 Saving config file
02:40:34 Saved config file successfully
02:40:34 saveConfig: auto-save-60s
02:40:34 Saving config file
02:40:34 Saved config file successfully
02:40:53 saveConfig: saving-data
02:40:53 Saving pets file
02:40:53 Saved pets file successfully
02:40:53 saveConfig: saving-data
02:40:53 Saving pets file
02:40:53 Saved pets file successfully
02:41:34 saveConfig: auto-save-60s
02:41:34 Saving config file
02:41:34 Saved config file successfully
02:41:34 saveConfig: auto-save-60s
02:41:34 Saving config file
02:41:34 Saved config file successfully
02:42:34 saveConfig: auto-save-60s
02:42:34 Saving config file
02:42:34 Saved config file successfully
02:42:34 saveConfig: auto-save-60s
02:42:34 Saving config file
02:42:34 Saved config file successfully
02:43:34 saveConfig: auto-save-60s
02:43:34 Saving config file
02:43:34 Saved config file successfully
02:43:34 saveConfig: auto-save-60s
02:43:34 Saving config file
02:43:34 Saved config file successfully
02:44:34 saveConfig: auto-save-60s
02:44:34 Saving config file
02:44:34 Saved config file successfully
02:44:34 saveConfig: auto-save-60s
02:44:34 Saving config file
02:44:34 Saved config file successfully
02:45:34 saveConfig: auto-save-60s
02:45:34 Saving config file
02:45:34 Saved config file successfully
02:45:34 saveConfig: auto-save-60s
02:45:34 Saving config file
02:45:34 Saved config file successfully
02:46:34 saveConfig: auto-save-60s
02:46:34 Saving config file
02:46:34 Saved config file successfully
02:46:34 saveConfig: auto-save-60s
02:46:34 Saving config file
02:46:34 Saved config file successfully
02:47:34 saveConfig: auto-save-60s
02:47:34 Saving config file
02:47:34 Saved config file successfully
02:47:34 saveConfig: auto-save-60s
02:47:34 Saving config file
02:47:34 Saved config file successfully
02:48:34 saveConfig: auto-save-60s
02:48:34 Saving config file
02:48:34 Saved config file successfully
02:48:34 saveConfig: auto-save-60s
02:48:34 Saving config file
02:48:34 Saved config file successfully
02:49:34 saveConfig: auto-save-60s
02:49:34 Saving config file
02:49:34 Saved config file successfully
02:49:34 saveConfig: auto-save-60s
02:49:34 Saving config file
02:49:34 Saved config file successfully
02:50:34 saveConfig: auto-save-60s
02:50:34 Saving config file
02:50:34 Saved config file successfully
02:50:34 saveConfig: auto-save-60s
02:50:34 Saving config file
02:50:34 Saved config file successfully
02:51:34 saveConfig: auto-save-60s
02:51:34 Saving config file
02:51:34 Saved config file successfully
02:51:34 saveConfig: auto-save-60s
02:51:34 Saving config file
02:51:34 Saved config file successfully
02:52:34 saveConfig: auto-save-60s
02:52:34 Saving config file
02:52:34 Saved config file successfully
02:52:34 saveConfig: auto-save-60s
02:52:34 Saving config file
02:52:34 Saved config file successfully
02:53:34 saveConfig: auto-save-60s
02:53:34 Saving config file
02:53:34 Saved config file successfully
02:53:34 saveConfig: auto-save-60s
02:53:34 Saving config file
02:53:34 Saved config file successfully
02:54:34 saveConfig: auto-save-60s
02:54:34 Saving config file
02:54:34 Saved config file successfully
02:54:34 saveConfig: auto-save-60s
02:54:34 Saving config file
02:54:34 Saved config file successfully
02:55:25 saveConfig: saving-data
02:55:25 Saving pets file
02:55:25 Saved pets file successfully
02:55:25 saveConfig: saving-data
02:55:25 Saving pets file
02:55:25 Saved pets file successfully
02:55:34 saveConfig: auto-save-60s
02:55:34 Saving config file
02:55:34 Saved config file successfully
02:55:34 saveConfig: auto-save-60s
02:55:34 Saving config file
02:55:34 Saved config file successfully
02:56:34 saveConfig: auto-save-60s
02:56:34 Saving config file
02:56:34 Saved config file successfully
02:56:34 saveConfig: auto-save-60s
02:56:34 Saving config file
02:56:34 Saved config file successfully
02:57:34 saveConfig: auto-save-60s
02:57:34 Saving config file
02:57:34 Saved config file successfully
02:57:34 saveConfig: auto-save-60s
02:57:34 Saving config file
02:57:34 Saved config file successfully
02:58:34 saveConfig: auto-save-60s
02:58:34 Saving config file
02:58:34 Saved config file successfully
02:58:34 saveConfig: auto-save-60s
02:58:34 Saving config file
02:58:34 Saved config file successfully
02:59:34 saveConfig: auto-save-60s
02:59:34 Saving config file
02:59:34 Saved config file successfully
02:59:34 saveConfig: auto-save-60s
02:59:34 Saving config file
02:59:34 Saved config file successfully
03:00:34 saveConfig: auto-save-60s
03:00:34 Saving config file
03:00:34 Saved config file successfully
03:00:34 saveConfig: auto-save-60s
03:00:34 Saving config file
03:00:34 Saved config file successfully
03:01:34 saveConfig: auto-save-60s
03:01:34 Saving config file
03:01:34 Saved config file successfully
03:01:34 saveConfig: auto-save-60s
03:01:34 Saving config file
03:01:34 Saved config file successfully
03:02:34 saveConfig: auto-save-60s
03:02:34 Saving config file
03:02:34 Saved config file successfully
03:02:34 saveConfig: auto-save-60s
03:02:34 Saving config file
03:02:34 Saved config file successfully
03:03:34 saveConfig: auto-save-60s
03:03:34 Saving config file
03:03:34 Saved config file successfully
03:03:34 saveConfig: auto-save-60s
03:03:34 Saving config file
03:03:34 Saved config file successfully
03:04:34 saveConfig: auto-save-60s
03:04:34 Saving config file
03:04:34 Saved config file successfully
03:04:34 saveConfig: auto-save-60s
03:04:34 Saving config file
03:04:34 Saved config file successfully
03:04:58 saveConfig: saving-data
03:04:58 Saving pets file
03:04:58 Saved pets file successfully
03:04:58 saveConfig: saving-data
03:04:58 Saving pets file
03:04:58 Saved pets file successfully
03:05:34 saveConfig: auto-save-60s
03:05:34 Saving config file
03:05:34 Saved config file successfully
03:05:34 saveConfig: auto-save-60s
03:05:34 Saving config file
03:05:34 Saved config file successfully
03:06:34 saveConfig: auto-save-60s
03:06:34 Saving config file
03:06:34 Saved config file successfully
03:06:34 saveConfig: auto-save-60s
03:06:34 Saving config file
03:06:34 Saved config file successfully
03:07:17 saveConfig: saving-data
03:07:17 Saving pets file
03:07:17 Saved pets file successfully
03:07:17 saveConfig: saving-data
03:07:17 Saving pets file
03:07:17 Saved pets file successfully
03:07:34 saveConfig: auto-save-60s
03:07:34 Saving config file
03:07:34 Saved config file successfully
03:07:34 saveConfig: auto-save-60s
03:07:34 Saving config file
03:07:34 Saved config file successfully
03:08:34 saveConfig: auto-save-60s
03:08:34 Saving config file
03:08:34 Saved config file successfully
03:08:34 saveConfig: auto-save-60s
03:08:34 Saving config file
03:08:34 Saved config file successfully
03:09:08 saveConfig: saving-data
03:09:08 Saving pets file
03:09:08 Saved pets file successfully
03:09:08 saveConfig: saving-data
03:09:08 Saving pets file
03:09:08 Saved pets file successfully
03:09:34 saveConfig: auto-save-60s
03:09:34 Saving config file
03:09:34 Saved config file successfully
03:09:34 saveConfig: auto-save-60s
03:09:34 Saving config file
03:09:34 Saved config file successfully
03:10:34 saveConfig: auto-save-60s
03:10:34 Saving config file
03:10:34 Saved config file successfully
03:10:34 saveConfig: auto-save-60s
03:10:34 Saving config file
03:10:34 Saved config file successfully
03:11:34 saveConfig: auto-save-60s
03:11:34 Saving config file
03:11:34 Saved config file successfully
03:11:34 saveConfig: auto-save-60s
03:11:34 Saving config file
03:11:34 Saved config file successfully
03:12:34 saveConfig: auto-save-60s
03:12:34 Saving config file
03:12:34 Saved config file successfully
03:12:34 saveConfig: auto-save-60s
03:12:34 Saving config file
03:12:34 Saved config file successfully
03:13:34 saveConfig: auto-save-60s
03:13:34 Saving config file
03:13:34 Saved config file successfully
03:13:34 saveConfig: auto-save-60s
03:13:34 Saving config file
03:13:34 Saved config file successfully
03:14:34 saveConfig: auto-save-60s
03:14:34 Saving config file
03:14:34 Saved config file successfully
03:14:34 saveConfig: auto-save-60s
03:14:34 Saving config file
03:14:34 Saved config file successfully
03:15:34 saveConfig: auto-save-60s
03:15:34 Saving config file
03:15:34 Saved config file successfully
03:15:34 saveConfig: auto-save-60s
03:15:34 Saving config file
03:15:34 Saved config file successfully
03:16:34 saveConfig: auto-save-60s
03:16:34 Saving config file
03:16:34 Saved config file successfully
03:16:34 saveConfig: auto-save-60s
03:16:34 Saving config file
03:16:34 Saved config file successfully
03:17:02 saveConfig: saving-data
03:17:02 Saving pets file
03:17:02 Saved pets file successfully
03:17:02 saveConfig: saving-data
03:17:02 Saving pets file
03:17:02 Saved pets file successfully
03:17:34 saveConfig: auto-save-60s
03:17:34 Saving config file
03:17:34 Saved config file successfully
03:17:34 saveConfig: auto-save-60s
03:17:34 Saving config file
03:17:34 Saved config file successfully
03:18:34 saveConfig: auto-save-60s
03:18:34 Saving config file
03:18:34 Saved config file successfully
03:18:34 saveConfig: auto-save-60s
03:18:34 Saving config file
03:18:34 Saved config file successfully
03:19:34 saveConfig: auto-save-60s
03:19:34 Saving config file
03:19:34 Saved config file successfully
03:19:34 saveConfig: auto-save-60s
03:19:34 Saving config file
03:19:34 Saved config file successfully
03:19:36 saveConfig: saving-data
03:19:36 Saving pets file
03:19:36 Saved pets file successfully
03:19:36 saveConfig: saving-data
03:19:36 Saving pets file
03:19:36 Saved pets file successfully
03:20:34 saveConfig: auto-save-60s
03:20:34 Saving config file
03:20:34 Saved config file successfully
03:20:34 saveConfig: auto-save-60s
03:20:34 Saving config file
03:20:34 Saved config file successfully
03:21:34 saveConfig: auto-save-60s
03:21:34 Saving config file
03:21:34 Saved config file successfully
03:21:34 saveConfig: auto-save-60s
03:21:34 Saving config file
03:21:34 Saved config file successfully
03:22:34 saveConfig: auto-save-60s
03:22:34 Saving config file
03:22:34 Saved config file successfully
03:22:34 saveConfig: auto-save-60s
03:22:34 Saving config file
03:22:34 Saved config file successfully
03:23:32 saveConfig: saving-data
03:23:32 Saving pets file
03:23:32 Saved pets file successfully
03:23:32 saveConfig: saving-data
03:23:32 Saving pets file
03:23:32 Saved pets file successfully
03:23:34 saveConfig: auto-save-60s
03:23:34 Saving config file
03:23:34 Saved config file successfully
03:23:34 saveConfig: auto-save-60s
03:23:34 Saving config file
03:23:34 Saved config file successfully
03:24:34 saveConfig: auto-save-60s
03:24:34 Saving config file
03:24:34 Saved config file successfully
03:24:34 saveConfig: auto-save-60s
03:24:34 Saving config file
03:24:34 Saved config file successfully
03:25:34 saveConfig: auto-save-60s
03:25:34 Saving config file
03:25:34 Saved config file successfully
03:25:34 saveConfig: auto-save-60s
03:25:34 Saving config file
03:25:34 Saved config file successfully
03:25:58 saveConfig: saving-data
03:25:58 Saving pets file
03:25:58 Saved pets file successfully
03:25:58 saveConfig: saving-data
03:25:58 Saving pets file
03:25:58 Saved pets file successfully
03:26:34 saveConfig: auto-save-60s
03:26:34 Saving config file
03:26:34 Saved config file successfully
03:26:34 saveConfig: auto-save-60s
03:26:34 Saving config file
03:26:34 Saved config file successfully
03:27:34 saveConfig: auto-save-60s
03:27:34 Saving config file
03:27:34 Saved config file successfully
03:27:34 saveConfig: auto-save-60s
03:27:34 Saving config file
03:27:34 Saved config file successfully
03:28:34 saveConfig: auto-save-60s
03:28:34 Saving config file
03:28:34 Saved config file successfully
03:28:34 saveConfig: auto-save-60s
03:28:34 Saving config file
03:28:34 Saved config file successfully
03:29:34 saveConfig: auto-save-60s
03:29:34 Saving config file
03:29:34 Saved config file successfully
03:29:34 saveConfig: auto-save-60s
03:29:34 Saving config file
03:29:34 Saved config file successfully
03:30:34 saveConfig: auto-save-60s
03:30:34 Saving config file
03:30:34 Saved config file successfully
03:30:34 saveConfig: auto-save-60s
03:30:34 Saving config file
03:30:34 Saved config file successfully
03:31:07 saveConfig: saving-data
03:31:07 Saving pets file
03:31:07 Saved pets file successfully
03:31:07 saveConfig: saving-data
03:31:07 Saving pets file
03:31:07 Saved pets file successfully
03:31:34 saveConfig: auto-save-60s
03:31:34 Saving config file
03:31:34 Saved config file successfully
03:31:34 saveConfig: auto-save-60s
03:31:34 Saving config file
03:31:34 Saved config file successfully
03:32:34 saveConfig: auto-save-60s
03:32:34 Saving config file
03:32:34 Saved config file successfully
03:32:34 saveConfig: auto-save-60s
03:32:34 Saving config file
03:32:34 Saved config file successfully
03:33:34 saveConfig: auto-save-60s
03:33:34 Saving config file
03:33:34 Saved config file successfully
03:33:34 saveConfig: auto-save-60s
03:33:34 Saving config file
03:33:34 Saved config file successfully
03:34:34 saveConfig: auto-save-60s
03:34:34 Saving config file
03:34:34 Saved config file successfully
03:34:34 saveConfig: auto-save-60s
03:34:34 Saving config file
03:34:34 Saved config file successfully
03:34:38 saveConfig: saving-data
03:34:38 Saving pets file
03:34:38 Saved pets file successfully
03:34:38 saveConfig: saving-data
03:34:38 Saving pets file
03:34:38 Saved pets file successfully
03:35:34 saveConfig: auto-save-60s
03:35:34 Saving config file
03:35:34 Saved config file successfully
03:35:34 saveConfig: auto-save-60s
03:35:34 Saving config file
03:35:34 Saved config file successfully
03:35:46 saveConfig: saving-data
03:35:46 Saving pets file
03:35:46 Saved pets file successfully
03:35:46 saveConfig: saving-data
03:35:46 Saving pets file
03:35:46 Saved pets file successfully
03:36:34 saveConfig: auto-save-60s
03:36:34 Saving config file
03:36:34 Saved config file successfully
03:36:34 saveConfig: auto-save-60s
03:36:34 Saving config file
03:36:34 Saved config file successfully
03:37:34 saveConfig: auto-save-60s
03:37:34 Saving config file
03:37:34 Saved config file successfully
03:37:34 saveConfig: auto-save-60s
03:37:34 Saving config file
03:37:34 Saved config file successfully
03:38:34 saveConfig: auto-save-60s
03:38:34 Saving config file
03:38:34 Saved config file successfully
03:38:34 saveConfig: auto-save-60s
03:38:34 Saving config file
03:38:34 Saved config file successfully
03:39:34 saveConfig: auto-save-60s
03:39:34 Saving config file
03:39:34 Saved config file successfully
03:39:34 saveConfig: auto-save-60s
03:39:34 Saving config file
03:39:34 Saved config file successfully
03:40:30 saveConfig: saving-data
03:40:30 Saving pets file
03:40:30 Saved pets file successfully
03:40:30 saveConfig: saving-data
03:40:30 Saving pets file
03:40:30 Saved pets file successfully
03:40:34 saveConfig: auto-save-60s
03:40:34 Saving config file
03:40:34 Saved config file successfully
03:40:34 saveConfig: auto-save-60s
03:40:34 Saving config file
03:40:34 Saved config file successfully
03:41:34 saveConfig: auto-save-60s
03:41:34 Saving config file
03:41:34 Saved config file successfully
03:41:34 saveConfig: auto-save-60s
03:41:34 Saving config file
03:41:34 Saved config file successfully
03:42:34 saveConfig: auto-save-60s
03:42:34 Saving config file
03:42:34 Saved config file successfully
03:42:34 saveConfig: auto-save-60s
03:42:34 Saving config file
03:42:34 Saved config file successfully
03:43:34 saveConfig: auto-save-60s
03:43:34 Saving config file
03:43:34 Saved config file successfully
03:43:34 saveConfig: auto-save-60s
03:43:34 Saving config file
03:43:34 Saved config file successfully
03:44:34 saveConfig: auto-save-60s
03:44:34 Saving config file
03:44:34 Saved config file successfully
03:44:34 saveConfig: auto-save-60s
03:44:34 Saving config file
03:44:34 Saved config file successfully
03:45:34 saveConfig: auto-save-60s
03:45:34 Saving config file
03:45:34 Saved config file successfully
03:45:34 saveConfig: auto-save-60s
03:45:34 Saving config file
03:45:34 Saved config file successfully
03:46:33 saveConfig: saving-data
03:46:33 Saving pets file
03:46:33 Saved pets file successfully
03:46:33 saveConfig: saving-data
03:46:33 Saving pets file
03:46:33 Saved pets file successfully
03:46:34 saveConfig: auto-save-60s
03:46:34 Saving config file
03:46:34 Saved config file successfully
03:46:34 saveConfig: auto-save-60s
03:46:34 Saving config file
03:46:34 Saved config file successfully
03:47:34 saveConfig: auto-save-60s
03:47:34 Saving config file
03:47:34 Saved config file successfully
03:47:34 saveConfig: auto-save-60s
03:47:34 Saving config file
03:47:34 Saved config file successfully
03:48:07 saveConfig: saving-data
03:48:07 Saving pets file
03:48:07 Saved pets file successfully
03:48:07 saveConfig: saving-data
03:48:07 Saving pets file
03:48:07 Saved pets file successfully
03:48:34 saveConfig: auto-save-60s
03:48:34 Saving config file
03:48:34 Saved config file successfully
03:48:34 saveConfig: auto-save-60s
03:48:34 Saving config file
03:48:34 Saved config file successfully
03:48:38 saveConfig: saving-data
03:48:38 Saving pets file
03:48:38 Saved pets file successfully
03:48:38 saveConfig: saving-data
03:48:38 Saving pets file
03:48:38 Saved pets file successfully
03:49:34 saveConfig: auto-save-60s
03:49:34 Saving config file
03:49:34 Saved config file successfully
03:49:34 saveConfig: auto-save-60s
03:49:34 Saving config file
03:49:34 Saved config file successfully
03:50:34 saveConfig: auto-save-60s
03:50:34 Saving config file
03:50:34 Saved config file successfully
03:50:34 saveConfig: auto-save-60s
03:50:34 Saving config file
03:50:34 Saved config file successfully
03:51:34 saveConfig: auto-save-60s
03:51:34 Saving config file
03:51:34 Saved config file successfully
03:51:34 saveConfig: auto-save-60s
03:51:34 Saving config file
03:51:34 Saved config file successfully
03:51:56 saveConfig: saving-data
03:51:56 Saving pets file
03:51:56 Saved pets file successfully
03:51:56 saveConfig: saving-data
03:51:56 Saving pets file
03:51:56 Saved pets file successfully
03:52:34 saveConfig: auto-save-60s
03:52:34 Saving config file
03:52:34 Saved config file successfully
03:52:34 saveConfig: auto-save-60s
03:52:34 Saving config file
03:52:34 Saved config file successfully
03:52:35 saveConfig: saving-data
03:52:35 Saving pets file
03:52:35 Saved pets file successfully
03:52:35 saveConfig: saving-data
03:52:35 Saving pets file
03:52:35 Saved pets file successfully
03:53:34 saveConfig: auto-save-60s
03:53:34 Saving config file
03:53:34 Saved config file successfully
03:53:34 saveConfig: auto-save-60s
03:53:34 Saving config file
03:53:34 Saved config file successfully
03:54:34 saveConfig: auto-save-60s
03:54:34 Saving config file
03:54:34 Saved config file successfully
03:54:34 saveConfig: auto-save-60s
03:54:34 Saving config file
03:54:34 Saved config file successfully
03:55:34 saveConfig: auto-save-60s
03:55:34 Saving config file
03:55:34 Saved config file successfully
03:55:34 saveConfig: auto-save-60s
03:55:34 Saving config file
03:55:34 Saved config file successfully
03:56:34 saveConfig: auto-save-60s
03:56:34 Saving config file
03:56:34 Saved config file successfully
03:56:34 saveConfig: auto-save-60s
03:56:34 Saving config file
03:56:34 Saved config file successfully
03:57:34 saveConfig: auto-save-60s
03:57:34 Saving config file
03:57:34 Saved config file successfully
03:57:34 saveConfig: auto-save-60s
03:57:34 Saving config file
03:57:34 Saved config file successfully
03:58:34 saveConfig: auto-save-60s
03:58:34 Saving config file
03:58:34 Saved config file successfully
03:58:34 saveConfig: auto-save-60s
03:58:34 Saving config file
03:58:34 Saved config file successfully
03:59:34 saveConfig: auto-save-60s
03:59:34 Saving config file
03:59:34 Saved config file successfully
03:59:34 saveConfig: auto-save-60s
03:59:34 Saving config file
03:59:34 Saved config file successfully
03:59:57 saveConfig: saving-data
03:59:57 Saving pets file
03:59:57 Saved pets file successfully
03:59:57 saveConfig: saving-data
03:59:57 Saving pets file
03:59:57 Saved pets file successfully
04:00:34 saveConfig: auto-save-60s
04:00:34 Saving config file
04:00:34 Saved config file successfully
04:00:34 saveConfig: auto-save-60s
04:00:34 Saving config file
04:00:34 Saved config file successfully
04:01:34 saveConfig: auto-save-60s
04:01:34 Saving config file
04:01:34 Saved config file successfully
04:01:34 saveConfig: auto-save-60s
04:01:34 Saving config file
04:01:34 Saved config file successfully
04:02:34 saveConfig: auto-save-60s
04:02:34 Saving config file
04:02:34 Saved config file successfully
04:02:34 saveConfig: auto-save-60s
04:02:34 Saving config file
04:02:34 Saved config file successfully
04:03:34 saveConfig: auto-save-60s
04:03:34 Saving config file
04:03:34 Saved config file successfully
04:03:34 saveConfig: auto-save-60s
04:03:34 Saving config file
04:03:34 Saved config file successfully
04:04:34 saveConfig: auto-save-60s
04:04:34 Saving config file
04:04:34 Saved config file successfully
04:04:34 saveConfig: auto-save-60s
04:04:34 Saving config file
04:04:34 Saved config file successfully
04:05:34 saveConfig: auto-save-60s
04:05:34 Saving config file
04:05:34 Saved config file successfully
04:05:34 saveConfig: auto-save-60s
04:05:34 Saving config file
04:05:34 Saved config file successfully
04:06:24 saveConfig: saving-data
04:06:24 Saving pets file
04:06:24 Saved pets file successfully
04:06:24 saveConfig: saving-data
04:06:24 Saving pets file
04:06:24 Saved pets file successfully
04:06:34 saveConfig: auto-save-60s
04:06:34 Saving config file
04:06:34 Saved config file successfully
04:06:34 saveConfig: auto-save-60s
04:06:34 Saving config file
04:06:34 Saved config file successfully
04:07:34 saveConfig: auto-save-60s
04:07:34 Saving config file
04:07:34 Saved config file successfully
04:07:34 saveConfig: auto-save-60s
04:07:34 Saving config file
04:07:34 Saved config file successfully
04:08:34 saveConfig: auto-save-60s
04:08:34 Saving config file
04:08:34 Saved config file successfully
04:08:34 saveConfig: auto-save-60s
04:08:34 Saving config file
04:08:34 Saved config file successfully
04:09:34 saveConfig: auto-save-60s
04:09:34 Saving config file
04:09:34 Saved config file successfully
04:09:34 saveConfig: auto-save-60s
04:09:34 Saving config file
04:09:34 Saved config file successfully
04:10:34 saveConfig: auto-save-60s
04:10:34 Saving config file
04:10:34 Saved config file successfully
04:10:34 saveConfig: auto-save-60s
04:10:34 Saving config file
04:10:34 Saved config file successfully
04:11:34 saveConfig: auto-save-60s
04:11:34 Saving config file
04:11:34 Saved config file successfully
04:11:34 saveConfig: auto-save-60s
04:11:34 Saving config file
04:11:34 Saved config file successfully
04:12:34 saveConfig: auto-save-60s
04:12:34 Saving config file
04:12:34 Saved config file successfully
04:12:34 saveConfig: auto-save-60s
04:12:34 Saving config file
04:12:34 Saved config file successfully
04:12:37 saveConfig: saving-data
04:12:37 Saving pets file
04:12:37 Saved pets file successfully
04:12:37 saveConfig: saving-data
04:12:37 Saving pets file
04:12:37 Saved pets file successfully
04:13:08 saveConfig: saving-data
04:13:08 Saving pets file
04:13:08 Saved pets file successfully
04:13:08 saveConfig: saving-data
04:13:08 Saving pets file
04:13:08 Saved pets file successfully
04:13:34 saveConfig: auto-save-60s
04:13:34 Saving config file
04:13:34 Saved config file successfully
04:13:34 saveConfig: auto-save-60s
04:13:34 Saving config file
04:13:34 Saved config file successfully
04:14:34 saveConfig: auto-save-60s
04:14:34 Saving config file
04:14:34 Saved config file successfully
04:14:34 saveConfig: auto-save-60s
04:14:34 Saving config file
04:14:34 Saved config file successfully
04:15:34 saveConfig: auto-save-60s
04:15:34 Saving config file
04:15:34 Saved config file successfully
04:15:34 saveConfig: auto-save-60s
04:15:34 Saving config file
04:15:34 Saved config file successfully
04:16:21 saveConfig: saving-data
04:16:21 Saving pets file
04:16:21 Saved pets file successfully
04:16:21 saveConfig: saving-data
04:16:21 Saving pets file
04:16:21 Saved pets file successfully
04:16:34 saveConfig: auto-save-60s
04:16:34 Saving config file
04:16:34 Saved config file successfully
04:16:34 saveConfig: auto-save-60s
04:16:34 Saving config file
04:16:34 Saved config file successfully
04:17:34 saveConfig: auto-save-60s
04:17:34 Saving config file
04:17:34 Saved config file successfully
04:17:34 saveConfig: auto-save-60s
04:17:34 Saving config file
04:17:34 Saved config file successfully
04:18:34 saveConfig: auto-save-60s
04:18:34 Saving config file
04:18:34 Saved config file successfully
04:18:34 saveConfig: auto-save-60s
04:18:34 Saving config file
04:18:34 Saved config file successfully
04:19:34 saveConfig: auto-save-60s
04:19:34 Saving config file
04:19:34 Saved config file successfully
04:19:34 saveConfig: auto-save-60s
04:19:34 Saving config file
04:19:34 Saved config file successfully
04:20:34 saveConfig: auto-save-60s
04:20:34 Saving config file
04:20:34 Saved config file successfully
04:20:34 saveConfig: auto-save-60s
04:20:34 Saving config file
04:20:34 Saved config file successfully
04:21:34 saveConfig: auto-save-60s
04:21:34 Saving config file
04:21:34 Saved config file successfully
04:21:34 saveConfig: auto-save-60s
04:21:34 Saving config file
04:21:34 Saved config file successfully
04:22:34 saveConfig: auto-save-60s
04:22:34 Saving config file
04:22:34 Saved config file successfully
04:22:34 saveConfig: auto-save-60s
04:22:34 Saving config file
04:22:34 Saved config file successfully
04:23:34 saveConfig: auto-save-60s
04:23:34 Saving config file
04:23:34 Saved config file successfully
04:23:34 saveConfig: auto-save-60s
04:23:34 Saving config file
04:23:34 Saved config file successfully
04:24:34 saveConfig: auto-save-60s
04:24:34 Saving config file
04:24:34 Saved config file successfully
04:24:34 saveConfig: auto-save-60s
04:24:34 Saving config file
04:24:34 Saved config file successfully
04:25:34 saveConfig: auto-save-60s
04:25:34 Saving config file
04:25:34 Saved config file successfully
04:25:34 saveConfig: auto-save-60s
04:25:34 Saving config file
04:25:34 Saved config file successfully
04:26:34 saveConfig: auto-save-60s
04:26:34 Saving config file
04:26:34 Saved config file successfully
04:26:34 saveConfig: auto-save-60s
04:26:34 Saving config file
04:26:34 Saved config file successfully
04:27:34 saveConfig: auto-save-60s
04:27:34 Saving config file
04:27:34 Saved config file successfully
04:27:34 saveConfig: auto-save-60s
04:27:34 Saving config file
04:27:34 Saved config file successfully
04:28:34 saveConfig: auto-save-60s
04:28:34 Saving config file
04:28:34 Saved config file successfully
04:28:34 saveConfig: auto-save-60s
04:28:34 Saving config file
04:28:34 Saved config file successfully
04:29:34 saveConfig: auto-save-60s
04:29:34 Saving config file
04:29:34 Saved config file successfully
04:29:34 saveConfig: auto-save-60s
04:29:34 Saving config file
04:29:34 Saved config file successfully
04:30:34 saveConfig: auto-save-60s
04:30:34 Saving config file
04:30:34 Saved config file successfully
04:30:34 saveConfig: auto-save-60s
04:30:34 Saving config file
04:30:34 Saved config file successfully
04:31:34 saveConfig: auto-save-60s
04:31:34 Saving config file
04:31:34 Saved config file successfully
04:31:34 saveConfig: auto-save-60s
04:31:34 Saving config file
04:31:34 Saved config file successfully
04:32:34 saveConfig: auto-save-60s
04:32:34 Saving config file
04:32:34 Saved config file successfully
04:32:34 saveConfig: auto-save-60s
04:32:34 Saving config file
04:32:34 Saved config file successfully
04:33:34 saveConfig: auto-save-60s
04:33:34 Saving config file
04:33:34 Saved config file successfully
04:33:34 saveConfig: auto-save-60s
04:33:34 Saving config file
04:33:34 Saved config file successfully
04:34:34 saveConfig: auto-save-60s
04:34:34 Saving config file
04:34:34 Saved config file successfully
04:34:34 saveConfig: auto-save-60s
04:34:34 Saving config file
04:34:34 Saved config file successfully
04:35:34 saveConfig: auto-save-60s
04:35:34 Saving config file
04:35:34 Saved config file successfully
04:35:34 saveConfig: auto-save-60s
04:35:34 Saving config file
04:35:34 Saved config file successfully
04:36:34 saveConfig: auto-save-60s
04:36:34 Saving config file
04:36:34 Saved config file successfully
04:36:34 saveConfig: auto-save-60s
04:36:34 Saving config file
04:36:34 Saved config file successfully
04:37:34 saveConfig: auto-save-60s
04:37:34 Saving config file
04:37:34 Saved config file successfully
04:37:34 saveConfig: auto-save-60s
04:37:34 Saving config file
04:37:34 Saved config file successfully
04:38:34 saveConfig: auto-save-60s
04:38:34 Saving config file
04:38:34 Saved config file successfully
04:38:34 saveConfig: auto-save-60s
04:38:34 Saving config file
04:38:34 Saved config file successfully
04:39:02 saveConfig: saving-data
04:39:02 Saving pets file
04:39:02 Saved pets file successfully
04:39:02 saveConfig: saving-data
04:39:02 Saving pets file
04:39:02 Saved pets file successfully
04:39:33 saveConfig: saving-data
04:39:33 Saving pets file
04:39:33 Saved pets file successfully
04:39:33 saveConfig: saving-data
04:39:33 Saving pets file
04:39:33 Saved pets file successfully
04:39:34 saveConfig: auto-save-60s
04:39:34 Saving config file
04:39:34 Saved config file successfully
04:39:34 saveConfig: auto-save-60s
04:39:34 Saving config file
04:39:34 Saved config file successfully
04:40:32 saveConfig: saving-data
04:40:32 Saving pets file
04:40:32 Saved pets file successfully
04:40:32 saveConfig: saving-data
04:40:32 Saving pets file
04:40:32 Saved pets file successfully
04:40:34 saveConfig: auto-save-60s
04:40:34 Saving config file
04:40:34 Saved config file successfully
04:40:34 saveConfig: auto-save-60s
04:40:34 Saving config file
04:40:34 Saved config file successfully
04:41:34 saveConfig: auto-save-60s
04:41:34 Saving config file
04:41:34 Saved config file successfully
04:41:34 saveConfig: auto-save-60s
04:41:34 Saving config file
04:41:34 Saved config file successfully
04:42:34 saveConfig: auto-save-60s
04:42:34 Saving config file
04:42:34 Saved config file successfully
04:42:34 saveConfig: auto-save-60s
04:42:34 Saving config file
04:42:34 Saved config file successfully
04:43:34 saveConfig: auto-save-60s
04:43:34 Saving config file
04:43:34 Saved config file successfully
04:43:34 saveConfig: auto-save-60s
04:43:34 Saving config file
04:43:34 Saved config file successfully
04:44:34 saveConfig: auto-save-60s
04:44:34 Saving config file
04:44:34 Saved config file successfully
04:44:34 saveConfig: auto-save-60s
04:44:34 Saving config file
04:44:34 Saved config file successfully
04:45:34 saveConfig: auto-save-60s
04:45:34 Saving config file
04:45:34 Saved config file successfully
04:45:34 saveConfig: auto-save-60s
04:45:34 Saving config file
04:45:34 Saved config file successfully
04:45:59 saveConfig: saving-data
04:45:59 Saving pets file
04:45:59 Saved pets file successfully
04:45:59 saveConfig: saving-data
04:45:59 Saving pets file
04:45:59 Saved pets file successfully
04:46:34 saveConfig: auto-save-60s
04:46:34 Saving config file
04:46:34 Saved config file successfully
04:46:34 saveConfig: auto-save-60s
04:46:34 Saving config file
04:46:34 Saved config file successfully
04:47:34 saveConfig: auto-save-60s
04:47:34 Saving config file
04:47:34 Saved config file successfully
04:47:34 saveConfig: auto-save-60s
04:47:34 Saving config file
04:47:34 Saved config file successfully
04:48:34 saveConfig: auto-save-60s
04:48:34 Saving config file
04:48:34 Saved config file successfully
04:48:34 saveConfig: auto-save-60s
04:48:34 Saving config file
04:48:34 Saved config file successfully
04:49:34 saveConfig: auto-save-60s
04:49:34 Saving config file
04:49:34 Saved config file successfully
04:49:34 saveConfig: auto-save-60s
04:49:34 Saving config file
04:49:34 Saved config file successfully
04:50:34 saveConfig: auto-save-60s
04:50:34 Saving config file
04:50:34 Saved config file successfully
04:50:34 saveConfig: auto-save-60s
04:50:34 Saving config file
04:50:34 Saved config file successfully
04:51:34 saveConfig: auto-save-60s
04:51:34 Saving config file
04:51:34 Saved config file successfully
04:51:34 saveConfig: auto-save-60s
04:51:34 Saving config file
04:51:34 Saved config file successfully
04:52:34 saveConfig: auto-save-60s
04:52:34 Saving config file
04:52:34 Saved config file successfully
04:52:34 saveConfig: auto-save-60s
04:52:34 Saving config file
04:52:34 Saved config file successfully
04:53:34 saveConfig: auto-save-60s
04:53:34 Saving config file
04:53:34 Saved config file successfully
04:53:34 saveConfig: auto-save-60s
04:53:34 Saving config file
04:53:34 Saved config file successfully
04:54:34 saveConfig: auto-save-60s
04:54:34 Saving config file
04:54:34 Saved config file successfully
04:54:34 saveConfig: auto-save-60s
04:54:34 Saving config file
04:54:34 Saved config file successfully
04:55:34 saveConfig: auto-save-60s
04:55:34 Saving config file
04:55:34 Saved config file successfully
04:55:34 saveConfig: auto-save-60s
04:55:34 Saving config file
04:55:34 Saved config file successfully
04:56:34 saveConfig: auto-save-60s
04:56:34 Saving config file
04:56:34 Saved config file successfully
04:56:34 saveConfig: auto-save-60s
04:56:34 Saving config file
04:56:34 Saved config file successfully
04:57:34 saveConfig: auto-save-60s
04:57:34 Saving config file
04:57:34 Saved config file successfully
04:57:34 saveConfig: auto-save-60s
04:57:34 Saving config file
04:57:34 Saved config file successfully
04:58:07 saveConfig: saving-data
04:58:07 Saving pets file
04:58:07 Saved pets file successfully
04:58:07 saveConfig: saving-data
04:58:07 Saving pets file
04:58:07 Saved pets file successfully
04:58:34 saveConfig: auto-save-60s
04:58:34 Saving config file
04:58:34 Saved config file successfully
04:58:34 saveConfig: auto-save-60s
04:58:34 Saving config file
04:58:34 Saved config file successfully
04:58:38 saveConfig: saving-data
04:58:38 Saving pets file
04:58:38 Saved pets file successfully
04:58:38 saveConfig: saving-data
04:58:38 Saving pets file
04:58:38 Saved pets file successfully
04:59:34 saveConfig: auto-save-60s
04:59:34 Saving config file
04:59:34 Saved config file successfully
04:59:34 saveConfig: auto-save-60s
04:59:34 Saving config file
04:59:34 Saved config file successfully
05:00:34 saveConfig: auto-save-60s
05:00:34 Saving config file
05:00:34 Saved config file successfully
05:00:34 saveConfig: auto-save-60s
05:00:34 Saving config file
05:00:34 Saved config file successfully
05:01:34 saveConfig: auto-save-60s
05:01:34 Saving config file
05:01:34 Saved config file successfully
05:01:34 saveConfig: auto-save-60s
05:01:34 Saving config file
05:01:34 Saved config file successfully
05:02:34 saveConfig: auto-save-60s
05:02:34 Saving config file
05:02:34 Saved config file successfully
05:02:34 saveConfig: auto-save-60s
05:02:34 Saving config file
05:02:34 Saved config file successfully
05:02:37 saveConfig: saving-data
05:02:37 Saving pets file
05:02:37 Saved pets file successfully
05:02:37 saveConfig: saving-data
05:02:37 Saving pets file
05:02:37 Saved pets file successfully
05:03:08 saveConfig: saving-data
05:03:08 Saving pets file
05:03:08 Saved pets file successfully
05:03:08 saveConfig: saving-data
05:03:08 Saving pets file
05:03:08 Saved pets file successfully
05:03:34 saveConfig: auto-save-60s
05:03:34 Saving config file
05:03:34 Saved config file successfully
05:03:34 saveConfig: auto-save-60s
05:03:34 Saving config file
05:03:34 Saved config file successfully
05:04:34 saveConfig: auto-save-60s
05:04:34 Saving config file
05:04:34 Saved config file successfully
05:04:34 saveConfig: auto-save-60s
05:04:34 Saving config file
05:04:34 Saved config file successfully
05:05:34 saveConfig: auto-save-60s
05:05:34 Saving config file
05:05:34 Saved config file successfully
05:05:34 saveConfig: auto-save-60s
05:05:34 Saving config file
05:05:34 Saved config file successfully
05:06:34 saveConfig: auto-save-60s
05:06:34 Saving config file
05:06:34 Saved config file successfully
05:06:34 saveConfig: auto-save-60s
05:06:34 Saving config file
05:06:34 Saved config file successfully
05:07:34 saveConfig: auto-save-60s
05:07:34 Saving config file
05:07:34 Saved config file successfully
05:07:34 saveConfig: auto-save-60s
05:07:34 Saving config file
05:07:34 Saved config file successfully
05:08:34 saveConfig: auto-save-60s
05:08:34 Saving config file
05:08:34 Saved config file successfully
05:08:34 saveConfig: auto-save-60s
05:08:34 Saving config file
05:08:34 Saved config file successfully
05:09:06 saveConfig: saving-data
05:09:06 Saving pets file
05:09:06 Saved pets file successfully
05:09:06 saveConfig: saving-data
05:09:06 Saving pets file
05:09:06 Saved pets file successfully
05:09:34 saveConfig: auto-save-60s
05:09:34 Saving config file
05:09:34 Saved config file successfully
05:09:34 saveConfig: auto-save-60s
05:09:34 Saving config file
05:09:34 Saved config file successfully
05:10:34 saveConfig: auto-save-60s
05:10:34 Saving config file
05:10:34 Saved config file successfully
05:10:34 saveConfig: auto-save-60s
05:10:34 Saving config file
05:10:34 Saved config file successfully
05:10:41 saveConfig: saving-data
05:10:41 Saving pets file
05:10:41 Saved pets file successfully
05:10:41 saveConfig: saving-data
05:10:41 Saving pets file
05:10:41 Saved pets file successfully
05:11:24 saveConfig: saving-data
05:11:24 Saving pets file
05:11:24 Saved pets file successfully
05:11:24 saveConfig: saving-data
05:11:24 Saving pets file
05:11:24 Saved pets file successfully
05:11:34 saveConfig: auto-save-60s
05:11:34 Saving config file
05:11:34 Saved config file successfully
05:11:34 saveConfig: auto-save-60s
05:11:34 Saving config file
05:11:34 Saved config file successfully
05:11:55 saveConfig: saving-data
05:11:55 Saving pets file
05:11:55 Saved pets file successfully
05:11:55 saveConfig: saving-data
05:11:55 Saving pets file
05:11:55 Saved pets file successfully
05:12:34 saveConfig: auto-save-60s
05:12:34 Saving config file
05:12:34 Saved config file successfully
05:12:34 saveConfig: auto-save-60s
05:12:34 Saving config file
05:12:34 Saved config file successfully
05:13:34 saveConfig: auto-save-60s
05:13:34 Saving config file
05:13:34 Saved config file successfully
05:13:34 saveConfig: auto-save-60s
05:13:34 Saving config file
05:13:34 Saved config file successfully
05:14:34 saveConfig: auto-save-60s
05:14:34 Saving config file
05:14:34 Saved config file successfully
05:14:34 saveConfig: auto-save-60s
05:14:34 Saving config file
05:14:34 Saved config file successfully
05:15:34 saveConfig: auto-save-60s
05:15:34 Saving config file
05:15:34 Saved config file successfully
05:15:34 saveConfig: auto-save-60s
05:15:34 Saving config file
05:15:34 Saved config file successfully
05:16:34 saveConfig: auto-save-60s
05:16:34 Saving config file
05:16:34 Saved config file successfully
05:16:34 saveConfig: auto-save-60s
05:16:34 Saving config file
05:16:34 Saved config file successfully
05:16:35 saveConfig: saving-data
05:16:35 Saving pets file
05:16:35 Saved pets file successfully
05:16:35 saveConfig: saving-data
05:16:35 Saving pets file
05:16:35 Saved pets file successfully
05:17:34 saveConfig: auto-save-60s
05:17:34 Saving config file
05:17:34 Saved config file successfully
05:17:34 saveConfig: auto-save-60s
05:17:34 Saving config file
05:17:34 Saved config file successfully
05:18:34 saveConfig: auto-save-60s
05:18:34 Saving config file
05:18:34 Saved config file successfully
05:18:34 saveConfig: auto-save-60s
05:18:34 Saving config file
05:18:34 Saved config file successfully
05:19:24 saveConfig: saving-data
05:19:24 Saving pets file
05:19:24 Saved pets file successfully
05:19:24 saveConfig: saving-data
05:19:24 Saving pets file
05:19:24 Saved pets file successfully
05:19:34 saveConfig: auto-save-60s
05:19:34 Saving config file
05:19:34 Saved config file successfully
05:19:34 saveConfig: auto-save-60s
05:19:34 Saving config file
05:19:34 Saved config file successfully
05:19:52 saveConfig: shutdown-hook
05:19:52 Saving config file
05:19:52 Saved config file successfully
05:19:52 saveConfig: shutdown-hook
05:19:52 Saving config file
