20:15:34 `Creeper`269356 missed {
 is already Found: false).
 Position: LorenzVec(x=-27.59375, y=79.5, z=154.46875)
 DistanceC: 21.48609060605908
Relative Position: LorenzVec(x=-21.48609060605908, y=-48.731523797587016, z=9.168749988079071)
 }
20:18:47 `Creeper`269356 missed {
 is already Found: false).
 Position: LorenzVec(x=-27.4375, y=79.5, z=154.53125)
 DistanceC: 6.829705708299812
Relative Position: LorenzVec(x=-6.829705708299812, y=-48.5, z=-6.1776251876865445)
 }
20:19:18 `r529e57y02`150 missed {
 is already Found: false).
 Position: LorenzVec(x=43.0, y=108.0, z=175.0)
 DistanceC: 21.448450215797607
Relative Position: LorenzVec(x=21.448450215797607, y=-20.0, z=15.472683698197528)
 }
20:21:20 `r529e57y02`150 missed {
 is already Found: false).
 Position: LorenzVec(x=43.0, y=108.0, z=175.0)
 DistanceC: 22.742136104739707
Relative Position: LorenzVec(x=22.742136104739707, y=-20.0, z=19.58958385293451)
 }
20:36:03 `Creeper`269356 missed {
 is already Found: false).
 Position: LorenzVec(x=-27.71875, y=79.5, z=154.5)
 DistanceC: 17.63074368696984
Relative Position: LorenzVec(x=-17.63074368696984, y=-49.56786860629069, z=-5.031857373066458)
 }
20:39:45 `73kdo80kbe`112 missed {
 is already Found: false).
 Position: LorenzVec(x=-6.5, y=145.0, z=-18.5)
 DistanceC: 12.915333723903695
Relative Position: LorenzVec(x=-12.915333723903695, y=-14.535840625044557, z=3.7830545077999354)
 }
20:40:04 `Bomin `3957 missed {
 is already Found: false).
 Position: LorenzVec(x=26.59375, y=203.60069444444446, z=-144.8125)
 DistanceC: 16.123592313711946
Relative Position: LorenzVec(x=-16.123592313711946, y=-2.399305555555543, z=-11.994227112222205)
 }
20:43:00 `cccs33e7iv`124 missed {
 is already Found: false).
 Position: LorenzVec(x=-15.5, y=201.0, z=-98.5)
 DistanceC: 23.02508003805997
Relative Position: LorenzVec(x=21.273607954458647, y=1.0, z=23.02508003805997)
 }
20:46:22 `Creeper`269356 missed {
 is already Found: false).
 Position: LorenzVec(x=-27.34375, y=79.5, z=154.46875)
 DistanceC: 21.3604399374536
Relative Position: LorenzVec(x=21.3604399374536, y=-81.5, z=16.823427962174833)
 }
20:51:38 `Creeper`269356 missed {
 is already Found: false).
 Position: LorenzVec(x=-27.34375, y=79.5, z=154.46875)
 DistanceC: 16.547142597081823
Relative Position: LorenzVec(x=16.547142597081823, y=-51.5, z=6.597723693670304)
 }
20:58:06 `Creeper`269356 missed {
 is already Found: false).
 Position: LorenzVec(x=-27.53125, y=79.5, z=154.4375)
 DistanceC: 2.744640735219555
Relative Position: LorenzVec(x=2.744640735219555, y=-50.03584062504456, z=-1.1704925501480261)
 }
21:00:30 `Creeper`269356 missed {
 is already Found: false).
 Position: LorenzVec(x=-27.65625, y=79.5, z=154.5625)
 DistanceC: 19.560127572691705
Relative Position: LorenzVec(x=-19.560127572691705, y=-48.5, z=-4.884536342253938)
 }
21:01:13 `cccs33e7iv`124 missed {
 is already Found: false).
 Position: LorenzVec(x=-15.5, y=201.0, z=-98.5)
 DistanceC: 21.440111025180197
Relative Position: LorenzVec(x=-21.440111025180197, y=1.0, z=12.800000011920929)
 }
21:03:28 `q48x0pf42k`163 missed {
 is already Found: false).
 Position: LorenzVec(x=-22.5, y=151.0, z=-49.5)
 DistanceC: 11.22931718583213
Relative Position: LorenzVec(x=11.22931718583213, y=-21.0, z=6.063339214762699)
 }
21:04:37 `Creeper`269356 missed {
 is already Found: false).
 Position: LorenzVec(x=-27.5, y=79.5, z=154.65625)
 DistanceC: 16.227159915608354
Relative Position: LorenzVec(x=16.227159915608354, y=-54.20083236926058, z=2.342298941776761)
 }
21:25:01 `7xa852o7fq`127 missed {
 is already Found: false).
 Position: LorenzVec(x=-132.5, y=174.0, z=-50.5)
 DistanceC: 18.80000001192093
Relative Position: LorenzVec(x=-16.784106923832567, y=15.0, z=-18.80000001192093)
 }
22:11:30 `db5cu63iba`337 missed {
 is already Found: false).
 Position: LorenzVec(x=-44.5, y=85.0, z=-4.5)
 DistanceC: 14.165888526316525
Relative Position: LorenzVec(x=-14.165888526316525, y=13.0, z=14.159929082603966)
 }
22:12:22 `Villager`373 missed {
 is already Found: false).
 Position: LorenzVec(x=-36.0, y=68.0, z=-39.0)
 DistanceC: 19.270219846863192
Relative Position: LorenzVec(x=-19.270219846863192, y=-13.0, z=-14.933204500172852)
 }
